[2024-11-02T01:31:46.414+0000] {taskinstance.py:1157} INFO - Dependencies all met for dep_context=non-requeueable deps ti=<TaskInstance: mergeeeee.merge_id manual__2024-11-02T01:31:45.339883+00:00 [queued]>
[2024-11-02T01:31:46.422+0000] {taskinstance.py:1157} INFO - Dependencies all met for dep_context=requeueable deps ti=<TaskInstance: mergeeeee.merge_id manual__2024-11-02T01:31:45.339883+00:00 [queued]>
[2024-11-02T01:31:46.423+0000] {taskinstance.py:1359} INFO - Starting attempt 1 of 2
[2024-11-02T01:31:46.435+0000] {taskinstance.py:1380} INFO - Executing <Task(SparkSubmitOperator): merge_id> on 2024-11-02 01:31:45.339883+00:00
[2024-11-02T01:31:46.440+0000] {standard_task_runner.py:57} INFO - Started process 13004 to run task
[2024-11-02T01:31:46.443+0000] {standard_task_runner.py:84} INFO - Running: ['***', 'tasks', 'run', 'mergeeeee', 'merge_id', 'manual__2024-11-02T01:31:45.339883+00:00', '--job-id', '62', '--raw', '--subdir', 'DAGS_FOLDER/merge_hihi.py', '--cfg-path', '/tmp/tmpd5544to0']
[2024-11-02T01:31:46.445+0000] {standard_task_runner.py:85} INFO - Job 62: Subtask merge_id
[2024-11-02T01:31:46.490+0000] {task_command.py:415} INFO - Running <TaskInstance: mergeeeee.merge_id manual__2024-11-02T01:31:45.339883+00:00 [running]> on host ee9b80364a9a
[2024-11-02T01:31:46.566+0000] {taskinstance.py:1660} INFO - Exporting env vars: AIRFLOW_CTX_DAG_OWNER='***' AIRFLOW_CTX_DAG_ID='mergeeeee' AIRFLOW_CTX_TASK_ID='merge_id' AIRFLOW_CTX_EXECUTION_DATE='2024-11-02T01:31:45.339883+00:00' AIRFLOW_CTX_TRY_NUMBER='1' AIRFLOW_CTX_DAG_RUN_ID='manual__2024-11-02T01:31:45.339883+00:00'
[2024-11-02T01:31:46.576+0000] {base.py:73} INFO - Using connection ID 'spark-conn' for task execution.
[2024-11-02T01:31:46.578+0000] {spark_submit.py:403} INFO - Spark-Submit cmd: spark-submit --master spark://master:7077 --conf spark.sql.extensions=io.delta.sql.DeltaSparkSessionExtension --conf spark.sql.catalog.spark_catalog=org.apache.spark.sql.delta.catalog.DeltaCatalog --jars /opt/***/jars/hadoop-aws-3.3.4.jar,/opt/***/jars/s3-2.18.41.jar,/opt/***/jars/aws-java-sdk-1.12.367.jar,/opt/***/jars/delta-core_2.12-2.4.0.jar,/opt/***/jars/delta-storage-2.2.0.jar, --packages org.apache.hadoop:hadoop-aws:3.3.4 --num-executors 2 --total-executor-cores 2 --executor-cores 2 --executor-memory 2g --driver-memory 1g --name arrow-spark --deploy-mode client /opt/***/jobs/python/test_merge.py s3a://lakehouse/bronze/keywords.parquet s3a://lakehouse/bronze/movies.parquet s3a://lakehouse/bronze/credits.parquet s3a://lakehouse/silver/merged_data
[2024-11-02T01:31:46.667+0000] {spark_submit.py:579} INFO - /home/***/.local/lib/python3.11/site-packages/pyspark/bin/load-spark-env.sh: line 68: ps: command not found
[2024-11-02T01:31:48.265+0000] {spark_submit.py:579} INFO - :: loading settings :: url = jar:file:/home/***/.local/lib/python3.11/site-packages/pyspark/jars/ivy-2.5.1.jar!/org/apache/ivy/core/settings/ivysettings.xml
[2024-11-02T01:31:48.432+0000] {spark_submit.py:579} INFO - Ivy Default Cache set to: /home/***/.ivy2/cache
[2024-11-02T01:31:48.433+0000] {spark_submit.py:579} INFO - The jars for the packages stored in: /home/***/.ivy2/jars
[2024-11-02T01:31:48.439+0000] {spark_submit.py:579} INFO - org.apache.hadoop#hadoop-aws added as a dependency
[2024-11-02T01:31:48.440+0000] {spark_submit.py:579} INFO - :: resolving dependencies :: org.apache.spark#spark-submit-parent-63ad3cc1-0eab-4eb4-870e-5fe6eb736b3b;1.0
[2024-11-02T01:31:48.441+0000] {spark_submit.py:579} INFO - confs: [default]
[2024-11-02T01:31:48.583+0000] {spark_submit.py:579} INFO - found org.apache.hadoop#hadoop-aws;3.3.4 in spark-list
[2024-11-02T01:31:48.616+0000] {spark_submit.py:579} INFO - found com.amazonaws#aws-java-sdk-bundle;1.12.262 in central
[2024-11-02T01:31:48.643+0000] {spark_submit.py:579} INFO - found org.wildfly.openssl#wildfly-openssl;1.0.7.Final in central
[2024-11-02T01:31:48.668+0000] {spark_submit.py:579} INFO - :: resolution report :: resolve 218ms :: artifacts dl 10ms
[2024-11-02T01:31:48.669+0000] {spark_submit.py:579} INFO - :: modules in use:
[2024-11-02T01:31:48.669+0000] {spark_submit.py:579} INFO - com.amazonaws#aws-java-sdk-bundle;1.12.262 from central in [default]
[2024-11-02T01:31:48.670+0000] {spark_submit.py:579} INFO - org.apache.hadoop#hadoop-aws;3.3.4 from spark-list in [default]
[2024-11-02T01:31:48.671+0000] {spark_submit.py:579} INFO - org.wildfly.openssl#wildfly-openssl;1.0.7.Final from central in [default]
[2024-11-02T01:31:48.671+0000] {spark_submit.py:579} INFO - ---------------------------------------------------------------------
[2024-11-02T01:31:48.672+0000] {spark_submit.py:579} INFO - |                  |            modules            ||   artifacts   |
[2024-11-02T01:31:48.673+0000] {spark_submit.py:579} INFO - |       conf       | number| search|dwnlded|evicted|| number|dwnlded|
[2024-11-02T01:31:48.673+0000] {spark_submit.py:579} INFO - ---------------------------------------------------------------------
[2024-11-02T01:31:48.674+0000] {spark_submit.py:579} INFO - |      default     |   3   |   0   |   0   |   0   ||   3   |   0   |
[2024-11-02T01:31:48.674+0000] {spark_submit.py:579} INFO - ---------------------------------------------------------------------
[2024-11-02T01:31:48.675+0000] {spark_submit.py:579} INFO - :: retrieving :: org.apache.spark#spark-submit-parent-63ad3cc1-0eab-4eb4-870e-5fe6eb736b3b
[2024-11-02T01:31:48.676+0000] {spark_submit.py:579} INFO - confs: [default]
[2024-11-02T01:31:48.682+0000] {spark_submit.py:579} INFO - 0 artifacts copied, 3 already retrieved (0kB/8ms)
[2024-11-02T01:31:48.941+0000] {spark_submit.py:579} INFO - 24/11/02 01:31:48 WARN NativeCodeLoader: Unable to load native-hadoop library for your platform... using builtin-java classes where applicable
[2024-11-02T01:31:50.597+0000] {spark_submit.py:579} INFO - 24/11/02 01:31:50 INFO SparkContext: Running Spark version 3.4.3
[2024-11-02T01:31:50.624+0000] {spark_submit.py:579} INFO - 24/11/02 01:31:50 INFO ResourceUtils: ==============================================================
[2024-11-02T01:31:50.625+0000] {spark_submit.py:579} INFO - 24/11/02 01:31:50 INFO ResourceUtils: No custom resources configured for spark.driver.
[2024-11-02T01:31:50.625+0000] {spark_submit.py:579} INFO - 24/11/02 01:31:50 INFO ResourceUtils: ==============================================================
[2024-11-02T01:31:50.626+0000] {spark_submit.py:579} INFO - 24/11/02 01:31:50 INFO SparkContext: Submitted application: MergeData
[2024-11-02T01:31:50.654+0000] {spark_submit.py:579} INFO - 24/11/02 01:31:50 INFO ResourceProfile: Default ResourceProfile created, executor resources: Map(cores -> name: cores, amount: 2, script: , vendor: , memory -> name: memory, amount: 2048, script: , vendor: , offHeap -> name: offHeap, amount: 0, script: , vendor: ), task resources: Map(cpus -> name: cpus, amount: 1.0)
[2024-11-02T01:31:50.668+0000] {spark_submit.py:579} INFO - 24/11/02 01:31:50 INFO ResourceProfile: Limiting resource is cpus at 2 tasks per executor
[2024-11-02T01:31:50.670+0000] {spark_submit.py:579} INFO - 24/11/02 01:31:50 INFO ResourceProfileManager: Added ResourceProfile id: 0
[2024-11-02T01:31:50.736+0000] {spark_submit.py:579} INFO - 24/11/02 01:31:50 INFO SecurityManager: Changing view acls to: ***
[2024-11-02T01:31:50.737+0000] {spark_submit.py:579} INFO - 24/11/02 01:31:50 INFO SecurityManager: Changing modify acls to: ***
[2024-11-02T01:31:50.737+0000] {spark_submit.py:579} INFO - 24/11/02 01:31:50 INFO SecurityManager: Changing view acls groups to:
[2024-11-02T01:31:50.738+0000] {spark_submit.py:579} INFO - 24/11/02 01:31:50 INFO SecurityManager: Changing modify acls groups to:
[2024-11-02T01:31:50.739+0000] {spark_submit.py:579} INFO - 24/11/02 01:31:50 INFO SecurityManager: SecurityManager: authentication disabled; ui acls disabled; users with view permissions: ***; groups with view permissions: EMPTY; users with modify permissions: ***; groups with modify permissions: EMPTY
[2024-11-02T01:31:51.000+0000] {spark_submit.py:579} INFO - 24/11/02 01:31:51 INFO Utils: Successfully started service 'sparkDriver' on port 39417.
[2024-11-02T01:31:51.033+0000] {spark_submit.py:579} INFO - 24/11/02 01:31:51 INFO SparkEnv: Registering MapOutputTracker
[2024-11-02T01:31:51.071+0000] {spark_submit.py:579} INFO - 24/11/02 01:31:51 INFO SparkEnv: Registering BlockManagerMaster
[2024-11-02T01:31:51.089+0000] {spark_submit.py:579} INFO - 24/11/02 01:31:51 INFO BlockManagerMasterEndpoint: Using org.apache.spark.storage.DefaultTopologyMapper for getting topology information
[2024-11-02T01:31:51.090+0000] {spark_submit.py:579} INFO - 24/11/02 01:31:51 INFO BlockManagerMasterEndpoint: BlockManagerMasterEndpoint up
[2024-11-02T01:31:51.095+0000] {spark_submit.py:579} INFO - 24/11/02 01:31:51 INFO SparkEnv: Registering BlockManagerMasterHeartbeat
[2024-11-02T01:31:51.117+0000] {spark_submit.py:579} INFO - 24/11/02 01:31:51 INFO DiskBlockManager: Created local directory at /tmp/blockmgr-b4836dec-c0c3-48fa-8d36-baf873bfef74
[2024-11-02T01:31:51.134+0000] {spark_submit.py:579} INFO - 24/11/02 01:31:51 INFO MemoryStore: MemoryStore started with capacity 434.4 MiB
[2024-11-02T01:31:51.153+0000] {spark_submit.py:579} INFO - 24/11/02 01:31:51 INFO SparkEnv: Registering OutputCommitCoordinator
[2024-11-02T01:31:51.295+0000] {spark_submit.py:579} INFO - 24/11/02 01:31:51 INFO JettyUtils: Start Jetty 0.0.0.0:4040 for SparkUI
[2024-11-02T01:31:51.361+0000] {spark_submit.py:579} INFO - 24/11/02 01:31:51 INFO Utils: Successfully started service 'SparkUI' on port 4040.
[2024-11-02T01:31:51.402+0000] {spark_submit.py:579} INFO - 24/11/02 01:31:51 INFO SparkContext: Added JAR file:///opt/***/jars/hadoop-aws-3.3.4.jar at spark://ee9b80364a9a:39417/jars/hadoop-aws-3.3.4.jar with timestamp 1730511110588
[2024-11-02T01:31:51.404+0000] {spark_submit.py:579} INFO - 24/11/02 01:31:51 INFO SparkContext: Added JAR file:///opt/***/jars/s3-2.18.41.jar at spark://ee9b80364a9a:39417/jars/s3-2.18.41.jar with timestamp 1730511110588
[2024-11-02T01:31:51.405+0000] {spark_submit.py:579} INFO - 24/11/02 01:31:51 INFO SparkContext: Added JAR file:///opt/***/jars/aws-java-sdk-1.12.367.jar at spark://ee9b80364a9a:39417/jars/aws-java-sdk-1.12.367.jar with timestamp 1730511110588
[2024-11-02T01:31:51.407+0000] {spark_submit.py:579} INFO - 24/11/02 01:31:51 INFO SparkContext: Added JAR file:///opt/***/jars/delta-core_2.12-2.4.0.jar at spark://ee9b80364a9a:39417/jars/delta-core_2.12-2.4.0.jar with timestamp 1730511110588
[2024-11-02T01:31:51.408+0000] {spark_submit.py:579} INFO - 24/11/02 01:31:51 INFO SparkContext: Added JAR file:///opt/***/jars/delta-storage-2.2.0.jar at spark://ee9b80364a9a:39417/jars/delta-storage-2.2.0.jar with timestamp 1730511110588
[2024-11-02T01:31:51.409+0000] {spark_submit.py:579} INFO - 24/11/02 01:31:51 INFO SparkContext: Added JAR file:///home/***/.ivy2/jars/org.apache.hadoop_hadoop-aws-3.3.4.jar at spark://ee9b80364a9a:39417/jars/org.apache.hadoop_hadoop-aws-3.3.4.jar with timestamp 1730511110588
[2024-11-02T01:31:51.409+0000] {spark_submit.py:579} INFO - 24/11/02 01:31:51 INFO SparkContext: Added JAR file:///home/***/.ivy2/jars/com.amazonaws_aws-java-sdk-bundle-1.12.262.jar at spark://ee9b80364a9a:39417/jars/com.amazonaws_aws-java-sdk-bundle-1.12.262.jar with timestamp 1730511110588
[2024-11-02T01:31:51.410+0000] {spark_submit.py:579} INFO - 24/11/02 01:31:51 INFO SparkContext: Added JAR file:///home/***/.ivy2/jars/org.wildfly.openssl_wildfly-openssl-1.0.7.Final.jar at spark://ee9b80364a9a:39417/jars/org.wildfly.openssl_wildfly-openssl-1.0.7.Final.jar with timestamp 1730511110588
[2024-11-02T01:31:51.412+0000] {spark_submit.py:579} INFO - 24/11/02 01:31:51 INFO SparkContext: Added file file:///home/***/.ivy2/jars/org.apache.hadoop_hadoop-aws-3.3.4.jar at spark://ee9b80364a9a:39417/files/org.apache.hadoop_hadoop-aws-3.3.4.jar with timestamp 1730511110588
[2024-11-02T01:31:51.414+0000] {spark_submit.py:579} INFO - 24/11/02 01:31:51 INFO Utils: Copying /home/***/.ivy2/jars/org.apache.hadoop_hadoop-aws-3.3.4.jar to /tmp/spark-1a5268ed-310c-4e9f-a4b6-7e820f9de5b9/userFiles-b4978717-78c2-4439-9caf-95a526208dd7/org.apache.hadoop_hadoop-aws-3.3.4.jar
[2024-11-02T01:31:51.428+0000] {spark_submit.py:579} INFO - 24/11/02 01:31:51 INFO SparkContext: Added file file:///home/***/.ivy2/jars/com.amazonaws_aws-java-sdk-bundle-1.12.262.jar at spark://ee9b80364a9a:39417/files/com.amazonaws_aws-java-sdk-bundle-1.12.262.jar with timestamp 1730511110588
[2024-11-02T01:31:51.429+0000] {spark_submit.py:579} INFO - 24/11/02 01:31:51 INFO Utils: Copying /home/***/.ivy2/jars/com.amazonaws_aws-java-sdk-bundle-1.12.262.jar to /tmp/spark-1a5268ed-310c-4e9f-a4b6-7e820f9de5b9/userFiles-b4978717-78c2-4439-9caf-95a526208dd7/com.amazonaws_aws-java-sdk-bundle-1.12.262.jar
[2024-11-02T01:31:51.874+0000] {spark_submit.py:579} INFO - 24/11/02 01:31:51 INFO SparkContext: Added file file:///home/***/.ivy2/jars/org.wildfly.openssl_wildfly-openssl-1.0.7.Final.jar at spark://ee9b80364a9a:39417/files/org.wildfly.openssl_wildfly-openssl-1.0.7.Final.jar with timestamp 1730511110588
[2024-11-02T01:31:51.875+0000] {spark_submit.py:579} INFO - 24/11/02 01:31:51 INFO Utils: Copying /home/***/.ivy2/jars/org.wildfly.openssl_wildfly-openssl-1.0.7.Final.jar to /tmp/spark-1a5268ed-310c-4e9f-a4b6-7e820f9de5b9/userFiles-b4978717-78c2-4439-9caf-95a526208dd7/org.wildfly.openssl_wildfly-openssl-1.0.7.Final.jar
[2024-11-02T01:31:52.009+0000] {spark_submit.py:579} INFO - 24/11/02 01:31:52 INFO StandaloneAppClient$ClientEndpoint: Connecting to master spark://spark-master:7077...
[2024-11-02T01:31:52.059+0000] {spark_submit.py:579} INFO - 24/11/02 01:31:52 INFO TransportClientFactory: Successfully created connection to spark-master/172.19.0.2:7077 after 30 ms (0 ms spent in bootstraps)
[2024-11-02T01:31:52.160+0000] {spark_submit.py:579} INFO - 24/11/02 01:31:52 INFO StandaloneSchedulerBackend: Connected to Spark cluster with app ID app-20241102013152-0040
[2024-11-02T01:31:52.162+0000] {spark_submit.py:579} INFO - 24/11/02 01:31:52 INFO StandaloneAppClient$ClientEndpoint: Executor added: app-20241102013152-0040/0 on worker-20241102003302-172.19.0.5-34939 (172.19.0.5:34939) with 2 core(s)
[2024-11-02T01:31:52.165+0000] {spark_submit.py:579} INFO - 24/11/02 01:31:52 INFO StandaloneSchedulerBackend: Granted executor ID app-20241102013152-0040/0 on hostPort 172.19.0.5:34939 with 2 core(s), 2.0 GiB RAM
[2024-11-02T01:31:52.173+0000] {spark_submit.py:579} INFO - 24/11/02 01:31:52 INFO Utils: Successfully started service 'org.apache.spark.network.netty.NettyBlockTransferService' on port 46781.
[2024-11-02T01:31:52.174+0000] {spark_submit.py:579} INFO - 24/11/02 01:31:52 INFO NettyBlockTransferService: Server created on ee9b80364a9a:46781
[2024-11-02T01:31:52.178+0000] {spark_submit.py:579} INFO - 24/11/02 01:31:52 INFO BlockManager: Using org.apache.spark.storage.RandomBlockReplicationPolicy for block replication policy
[2024-11-02T01:31:52.186+0000] {spark_submit.py:579} INFO - 24/11/02 01:31:52 INFO BlockManagerMaster: Registering BlockManager BlockManagerId(driver, ee9b80364a9a, 46781, None)
[2024-11-02T01:31:52.193+0000] {spark_submit.py:579} INFO - 24/11/02 01:31:52 INFO BlockManagerMasterEndpoint: Registering block manager ee9b80364a9a:46781 with 434.4 MiB RAM, BlockManagerId(driver, ee9b80364a9a, 46781, None)
[2024-11-02T01:31:52.194+0000] {spark_submit.py:579} INFO - 24/11/02 01:31:52 INFO StandaloneAppClient$ClientEndpoint: Executor updated: app-20241102013152-0040/0 is now RUNNING
[2024-11-02T01:31:52.196+0000] {spark_submit.py:579} INFO - 24/11/02 01:31:52 INFO BlockManagerMaster: Registered BlockManager BlockManagerId(driver, ee9b80364a9a, 46781, None)
[2024-11-02T01:31:52.198+0000] {spark_submit.py:579} INFO - 24/11/02 01:31:52 INFO BlockManager: Initialized BlockManager: BlockManagerId(driver, ee9b80364a9a, 46781, None)
[2024-11-02T01:31:52.430+0000] {spark_submit.py:579} INFO - 24/11/02 01:31:52 INFO StandaloneSchedulerBackend: SchedulerBackend is ready for scheduling beginning after reached minRegisteredResourcesRatio: 0.0
[2024-11-02T01:31:52.797+0000] {spark_submit.py:579} INFO - 24/11/02 01:31:52 INFO SharedState: Setting hive.metastore.warehouse.dir ('null') to the value of spark.sql.warehouse.dir.
[2024-11-02T01:31:52.800+0000] {spark_submit.py:579} INFO - 24/11/02 01:31:52 INFO SharedState: Warehouse path is 'file:/opt/***/spark-warehouse'.
[2024-11-02T01:31:54.565+0000] {spark_submit.py:579} INFO - 24/11/02 01:31:54 WARN MetricsConfig: Cannot locate configuration: tried hadoop-metrics2-s3a-file-system.properties,hadoop-metrics2.properties
[2024-11-02T01:31:54.585+0000] {spark_submit.py:579} INFO - 24/11/02 01:31:54 INFO MetricsSystemImpl: Scheduled Metric snapshot period at 10 second(s).
[2024-11-02T01:31:54.585+0000] {spark_submit.py:579} INFO - 24/11/02 01:31:54 INFO MetricsSystemImpl: s3a-file-system metrics system started
[2024-11-02T01:31:55.355+0000] {spark_submit.py:579} INFO - 24/11/02 01:31:55 INFO StandaloneSchedulerBackend$StandaloneDriverEndpoint: Registered executor NettyRpcEndpointRef(spark-client://Executor) (172.19.0.5:35752) with ID 0,  ResourceProfileId 0
[2024-11-02T01:31:55.461+0000] {spark_submit.py:579} INFO - 24/11/02 01:31:55 INFO BlockManagerMasterEndpoint: Registering block manager 172.19.0.5:46545 with 1048.8 MiB RAM, BlockManagerId(0, 172.19.0.5, 46545, None)
[2024-11-02T01:31:56.476+0000] {spark_submit.py:579} INFO - 24/11/02 01:31:56 INFO InMemoryFileIndex: It took 117 ms to list leaf files for 1 paths.
[2024-11-02T01:32:01.643+0000] {spark_submit.py:579} INFO - 24/11/02 01:32:01 INFO SparkContext: SparkContext is stopping with exitCode 0.
[2024-11-02T01:32:01.674+0000] {spark_submit.py:579} INFO - 24/11/02 01:32:01 INFO SparkUI: Stopped Spark web UI at http://ee9b80364a9a:4040
[2024-11-02T01:32:01.689+0000] {spark_submit.py:579} INFO - 24/11/02 01:32:01 INFO StandaloneSchedulerBackend: Shutting down all executors
[2024-11-02T01:32:01.690+0000] {spark_submit.py:579} INFO - 24/11/02 01:32:01 INFO StandaloneSchedulerBackend$StandaloneDriverEndpoint: Asking each executor to shut down
[2024-11-02T01:32:01.724+0000] {spark_submit.py:579} INFO - 24/11/02 01:32:01 INFO MapOutputTrackerMasterEndpoint: MapOutputTrackerMasterEndpoint stopped!
[2024-11-02T01:32:01.749+0000] {spark_submit.py:579} INFO - 24/11/02 01:32:01 INFO MemoryStore: MemoryStore cleared
[2024-11-02T01:32:01.750+0000] {spark_submit.py:579} INFO - 24/11/02 01:32:01 INFO BlockManager: BlockManager stopped
[2024-11-02T01:32:01.765+0000] {spark_submit.py:579} INFO - 24/11/02 01:32:01 INFO BlockManagerMaster: BlockManagerMaster stopped
[2024-11-02T01:32:01.769+0000] {spark_submit.py:579} INFO - 24/11/02 01:32:01 INFO OutputCommitCoordinator$OutputCommitCoordinatorEndpoint: OutputCommitCoordinator stopped!
[2024-11-02T01:32:01.829+0000] {spark_submit.py:579} INFO - 24/11/02 01:32:01 INFO SparkContext: Successfully stopped SparkContext
[2024-11-02T01:32:01.991+0000] {spark_submit.py:579} INFO - root
[2024-11-02T01:32:01.992+0000] {spark_submit.py:579} INFO - |-- id: string (nullable = true)
[2024-11-02T01:32:01.993+0000] {spark_submit.py:579} INFO - |-- keywords: string (nullable = true)
[2024-11-02T01:32:01.994+0000] {spark_submit.py:579} INFO - |-- keyword_convert: string (nullable = false)
[2024-11-02T01:32:01.994+0000] {spark_submit.py:579} INFO - 
[2024-11-02T01:32:02.029+0000] {spark_submit.py:579} INFO - 24/11/02 01:32:02 INFO SparkContext: Running Spark version 3.4.3
[2024-11-02T01:32:02.031+0000] {spark_submit.py:579} INFO - 24/11/02 01:32:02 INFO ResourceUtils: ==============================================================
[2024-11-02T01:32:02.032+0000] {spark_submit.py:579} INFO - 24/11/02 01:32:02 INFO ResourceUtils: No custom resources configured for spark.driver.
[2024-11-02T01:32:02.033+0000] {spark_submit.py:579} INFO - 24/11/02 01:32:02 INFO ResourceUtils: ==============================================================
[2024-11-02T01:32:02.034+0000] {spark_submit.py:579} INFO - 24/11/02 01:32:02 INFO SparkContext: Submitted application: MergeData
[2024-11-02T01:32:02.035+0000] {spark_submit.py:579} INFO - 24/11/02 01:32:02 INFO ResourceProfile: Default ResourceProfile created, executor resources: Map(cores -> name: cores, amount: 2, script: , vendor: , memory -> name: memory, amount: 2048, script: , vendor: , offHeap -> name: offHeap, amount: 0, script: , vendor: ), task resources: Map(cpus -> name: cpus, amount: 1.0)
[2024-11-02T01:32:02.035+0000] {spark_submit.py:579} INFO - 24/11/02 01:32:02 INFO ResourceProfile: Limiting resource is cpus at 2 tasks per executor
[2024-11-02T01:32:02.036+0000] {spark_submit.py:579} INFO - 24/11/02 01:32:02 INFO ResourceProfileManager: Added ResourceProfile id: 0
[2024-11-02T01:32:02.039+0000] {spark_submit.py:579} INFO - 24/11/02 01:32:02 INFO SecurityManager: Changing view acls to: ***
[2024-11-02T01:32:02.039+0000] {spark_submit.py:579} INFO - 24/11/02 01:32:02 INFO SecurityManager: Changing modify acls to: ***
[2024-11-02T01:32:02.040+0000] {spark_submit.py:579} INFO - 24/11/02 01:32:02 INFO SecurityManager: Changing view acls groups to:
[2024-11-02T01:32:02.041+0000] {spark_submit.py:579} INFO - 24/11/02 01:32:02 INFO SecurityManager: Changing modify acls groups to:
[2024-11-02T01:32:02.041+0000] {spark_submit.py:579} INFO - 24/11/02 01:32:02 INFO SecurityManager: SecurityManager: authentication disabled; ui acls disabled; users with view permissions: ***; groups with view permissions: EMPTY; users with modify permissions: ***; groups with modify permissions: EMPTY
[2024-11-02T01:32:02.061+0000] {spark_submit.py:579} INFO - 24/11/02 01:32:02 INFO Utils: Successfully started service 'sparkDriver' on port 33341.
[2024-11-02T01:32:02.064+0000] {spark_submit.py:579} INFO - 24/11/02 01:32:02 INFO SparkEnv: Registering MapOutputTracker
[2024-11-02T01:32:02.067+0000] {spark_submit.py:579} INFO - 24/11/02 01:32:02 INFO SparkEnv: Registering BlockManagerMaster
[2024-11-02T01:32:02.067+0000] {spark_submit.py:579} INFO - 24/11/02 01:32:02 INFO BlockManagerMasterEndpoint: Using org.apache.spark.storage.DefaultTopologyMapper for getting topology information
[2024-11-02T01:32:02.068+0000] {spark_submit.py:579} INFO - 24/11/02 01:32:02 INFO BlockManagerMasterEndpoint: BlockManagerMasterEndpoint up
[2024-11-02T01:32:02.069+0000] {spark_submit.py:579} INFO - 24/11/02 01:32:02 INFO SparkEnv: Registering BlockManagerMasterHeartbeat
[2024-11-02T01:32:02.071+0000] {spark_submit.py:579} INFO - 24/11/02 01:32:02 INFO DiskBlockManager: Created local directory at /tmp/blockmgr-dfc31b2a-216f-4e1c-ad7a-66a3d3945bd2
[2024-11-02T01:32:02.072+0000] {spark_submit.py:579} INFO - 24/11/02 01:32:02 INFO MemoryStore: MemoryStore started with capacity 434.4 MiB
[2024-11-02T01:32:02.076+0000] {spark_submit.py:579} INFO - 24/11/02 01:32:02 INFO SparkEnv: Registering OutputCommitCoordinator
[2024-11-02T01:32:02.087+0000] {spark_submit.py:579} INFO - 24/11/02 01:32:02 INFO JettyUtils: Start Jetty 0.0.0.0:4040 for SparkUI
[2024-11-02T01:32:02.098+0000] {spark_submit.py:579} INFO - 24/11/02 01:32:02 INFO Utils: Successfully started service 'SparkUI' on port 4040.
[2024-11-02T01:32:02.112+0000] {spark_submit.py:579} INFO - 24/11/02 01:32:02 INFO SparkContext: Added JAR file:///opt/***/jars/hadoop-aws-3.3.4.jar at spark://ee9b80364a9a:33341/jars/hadoop-aws-3.3.4.jar with timestamp 1730511122028
[2024-11-02T01:32:02.113+0000] {spark_submit.py:579} INFO - 24/11/02 01:32:02 INFO SparkContext: Added JAR file:///opt/***/jars/s3-2.18.41.jar at spark://ee9b80364a9a:33341/jars/s3-2.18.41.jar with timestamp 1730511122028
[2024-11-02T01:32:02.115+0000] {spark_submit.py:579} INFO - 24/11/02 01:32:02 INFO SparkContext: Added JAR file:///opt/***/jars/aws-java-sdk-1.12.367.jar at spark://ee9b80364a9a:33341/jars/aws-java-sdk-1.12.367.jar with timestamp 1730511122028
[2024-11-02T01:32:02.116+0000] {spark_submit.py:579} INFO - 24/11/02 01:32:02 INFO SparkContext: Added JAR file:///opt/***/jars/delta-core_2.12-2.4.0.jar at spark://ee9b80364a9a:33341/jars/delta-core_2.12-2.4.0.jar with timestamp 1730511122028
[2024-11-02T01:32:02.117+0000] {spark_submit.py:579} INFO - 24/11/02 01:32:02 INFO SparkContext: Added JAR file:///opt/***/jars/delta-storage-2.2.0.jar at spark://ee9b80364a9a:33341/jars/delta-storage-2.2.0.jar with timestamp 1730511122028
[2024-11-02T01:32:02.118+0000] {spark_submit.py:579} INFO - 24/11/02 01:32:02 INFO SparkContext: Added JAR file:///home/***/.ivy2/jars/org.apache.hadoop_hadoop-aws-3.3.4.jar at spark://ee9b80364a9a:33341/jars/org.apache.hadoop_hadoop-aws-3.3.4.jar with timestamp 1730511122028
[2024-11-02T01:32:02.119+0000] {spark_submit.py:579} INFO - 24/11/02 01:32:02 INFO SparkContext: Added JAR file:///home/***/.ivy2/jars/com.amazonaws_aws-java-sdk-bundle-1.12.262.jar at spark://ee9b80364a9a:33341/jars/com.amazonaws_aws-java-sdk-bundle-1.12.262.jar with timestamp 1730511122028
[2024-11-02T01:32:02.119+0000] {spark_submit.py:579} INFO - 24/11/02 01:32:02 INFO SparkContext: Added JAR file:///home/***/.ivy2/jars/org.wildfly.openssl_wildfly-openssl-1.0.7.Final.jar at spark://ee9b80364a9a:33341/jars/org.wildfly.openssl_wildfly-openssl-1.0.7.Final.jar with timestamp 1730511122028
[2024-11-02T01:32:02.120+0000] {spark_submit.py:579} INFO - 24/11/02 01:32:02 INFO SparkContext: Added file file:///home/***/.ivy2/jars/org.apache.hadoop_hadoop-aws-3.3.4.jar at spark://ee9b80364a9a:33341/files/org.apache.hadoop_hadoop-aws-3.3.4.jar with timestamp 1730511122028
[2024-11-02T01:32:02.121+0000] {spark_submit.py:579} INFO - 24/11/02 01:32:02 INFO Utils: Copying /home/***/.ivy2/jars/org.apache.hadoop_hadoop-aws-3.3.4.jar to /tmp/spark-1a5268ed-310c-4e9f-a4b6-7e820f9de5b9/userFiles-bbb3df15-e472-447e-aea1-8258b19cade1/org.apache.hadoop_hadoop-aws-3.3.4.jar
[2024-11-02T01:32:02.126+0000] {spark_submit.py:579} INFO - 24/11/02 01:32:02 INFO SparkContext: Added file file:///home/***/.ivy2/jars/com.amazonaws_aws-java-sdk-bundle-1.12.262.jar at spark://ee9b80364a9a:33341/files/com.amazonaws_aws-java-sdk-bundle-1.12.262.jar with timestamp 1730511122028
[2024-11-02T01:32:02.126+0000] {spark_submit.py:579} INFO - 24/11/02 01:32:02 INFO Utils: Copying /home/***/.ivy2/jars/com.amazonaws_aws-java-sdk-bundle-1.12.262.jar to /tmp/spark-1a5268ed-310c-4e9f-a4b6-7e820f9de5b9/userFiles-bbb3df15-e472-447e-aea1-8258b19cade1/com.amazonaws_aws-java-sdk-bundle-1.12.262.jar
[2024-11-02T01:32:02.459+0000] {spark_submit.py:579} INFO - 24/11/02 01:32:02 INFO SparkContext: Added file file:///home/***/.ivy2/jars/org.wildfly.openssl_wildfly-openssl-1.0.7.Final.jar at spark://ee9b80364a9a:33341/files/org.wildfly.openssl_wildfly-openssl-1.0.7.Final.jar with timestamp 1730511122028
[2024-11-02T01:32:02.460+0000] {spark_submit.py:579} INFO - 24/11/02 01:32:02 INFO Utils: Copying /home/***/.ivy2/jars/org.wildfly.openssl_wildfly-openssl-1.0.7.Final.jar to /tmp/spark-1a5268ed-310c-4e9f-a4b6-7e820f9de5b9/userFiles-bbb3df15-e472-447e-aea1-8258b19cade1/org.wildfly.openssl_wildfly-openssl-1.0.7.Final.jar
[2024-11-02T01:32:02.477+0000] {spark_submit.py:579} INFO - 24/11/02 01:32:02 INFO StandaloneAppClient$ClientEndpoint: Connecting to master spark://spark-master:7077...
[2024-11-02T01:32:02.482+0000] {spark_submit.py:579} INFO - 24/11/02 01:32:02 INFO TransportClientFactory: Successfully created connection to spark-master/172.19.0.2:7077 after 2 ms (0 ms spent in bootstraps)
[2024-11-02T01:32:02.492+0000] {spark_submit.py:579} INFO - 24/11/02 01:32:02 INFO StandaloneSchedulerBackend: Connected to Spark cluster with app ID app-20241102013202-0041
[2024-11-02T01:32:02.494+0000] {spark_submit.py:579} INFO - 24/11/02 01:32:02 INFO StandaloneAppClient$ClientEndpoint: Executor added: app-20241102013202-0041/0 on worker-20241102003302-172.19.0.5-34939 (172.19.0.5:34939) with 2 core(s)
[2024-11-02T01:32:02.494+0000] {spark_submit.py:579} INFO - 24/11/02 01:32:02 INFO StandaloneSchedulerBackend: Granted executor ID app-20241102013202-0041/0 on hostPort 172.19.0.5:34939 with 2 core(s), 2.0 GiB RAM
[2024-11-02T01:32:02.497+0000] {spark_submit.py:579} INFO - 24/11/02 01:32:02 INFO Utils: Successfully started service 'org.apache.spark.network.netty.NettyBlockTransferService' on port 35345.
[2024-11-02T01:32:02.498+0000] {spark_submit.py:579} INFO - 24/11/02 01:32:02 INFO NettyBlockTransferService: Server created on ee9b80364a9a:35345
[2024-11-02T01:32:02.498+0000] {spark_submit.py:579} INFO - 24/11/02 01:32:02 INFO BlockManager: Using org.apache.spark.storage.RandomBlockReplicationPolicy for block replication policy
[2024-11-02T01:32:02.499+0000] {spark_submit.py:579} INFO - 24/11/02 01:32:02 INFO BlockManagerMaster: Registering BlockManager BlockManagerId(driver, ee9b80364a9a, 35345, None)
[2024-11-02T01:32:02.499+0000] {spark_submit.py:579} INFO - 24/11/02 01:32:02 INFO BlockManagerMasterEndpoint: Registering block manager ee9b80364a9a:35345 with 434.4 MiB RAM, BlockManagerId(driver, ee9b80364a9a, 35345, None)
[2024-11-02T01:32:02.501+0000] {spark_submit.py:579} INFO - 24/11/02 01:32:02 INFO BlockManagerMaster: Registered BlockManager BlockManagerId(driver, ee9b80364a9a, 35345, None)
[2024-11-02T01:32:02.501+0000] {spark_submit.py:579} INFO - 24/11/02 01:32:02 INFO BlockManager: Initialized BlockManager: BlockManagerId(driver, ee9b80364a9a, 35345, None)
[2024-11-02T01:32:02.515+0000] {spark_submit.py:579} INFO - 24/11/02 01:32:02 INFO StandaloneAppClient$ClientEndpoint: Executor updated: app-20241102013202-0041/0 is now RUNNING
[2024-11-02T01:32:02.527+0000] {spark_submit.py:579} INFO - 24/11/02 01:32:02 INFO StandaloneSchedulerBackend: SchedulerBackend is ready for scheduling beginning after reached minRegisteredResourcesRatio: 0.0
[2024-11-02T01:32:02.567+0000] {spark_submit.py:579} INFO - 24/11/02 01:32:02 INFO SharedState: Setting hive.metastore.warehouse.dir ('null') to the value of spark.sql.warehouse.dir.
[2024-11-02T01:32:02.569+0000] {spark_submit.py:579} INFO - 24/11/02 01:32:02 INFO SharedState: Warehouse path is 'file:/opt/***/spark-warehouse'.
[2024-11-02T01:32:02.649+0000] {spark_submit.py:579} INFO - 24/11/02 01:32:02 INFO InMemoryFileIndex: It took 19 ms to list leaf files for 1 paths.
[2024-11-02T01:32:03.179+0000] {spark_submit.py:579} INFO - 24/11/02 01:32:03 INFO SparkContext: Starting job: parquet at NativeMethodAccessorImpl.java:0
[2024-11-02T01:32:03.204+0000] {spark_submit.py:579} INFO - 24/11/02 01:32:03 INFO DAGScheduler: Got job 0 (parquet at NativeMethodAccessorImpl.java:0) with 1 output partitions
[2024-11-02T01:32:03.205+0000] {spark_submit.py:579} INFO - 24/11/02 01:32:03 INFO DAGScheduler: Final stage: ResultStage 0 (parquet at NativeMethodAccessorImpl.java:0)
[2024-11-02T01:32:03.206+0000] {spark_submit.py:579} INFO - 24/11/02 01:32:03 INFO DAGScheduler: Parents of final stage: List()
[2024-11-02T01:32:03.209+0000] {spark_submit.py:579} INFO - 24/11/02 01:32:03 INFO DAGScheduler: Missing parents: List()
[2024-11-02T01:32:03.215+0000] {spark_submit.py:579} INFO - 24/11/02 01:32:03 INFO DAGScheduler: Submitting ResultStage 0 (MapPartitionsRDD[1] at parquet at NativeMethodAccessorImpl.java:0), which has no missing parents
[2024-11-02T01:32:03.305+0000] {spark_submit.py:579} INFO - 24/11/02 01:32:03 INFO MemoryStore: Block broadcast_0 stored as values in memory (estimated size 106.8 KiB, free 434.3 MiB)
[2024-11-02T01:32:03.390+0000] {spark_submit.py:579} INFO - 24/11/02 01:32:03 INFO MemoryStore: Block broadcast_0_piece0 stored as bytes in memory (estimated size 38.8 KiB, free 434.3 MiB)
[2024-11-02T01:32:03.403+0000] {spark_submit.py:579} INFO - 24/11/02 01:32:03 INFO BlockManagerInfo: Added broadcast_0_piece0 in memory on ee9b80364a9a:35345 (size: 38.8 KiB, free: 434.4 MiB)
[2024-11-02T01:32:03.411+0000] {spark_submit.py:579} INFO - 24/11/02 01:32:03 INFO SparkContext: Created broadcast 0 from broadcast at DAGScheduler.scala:1540
[2024-11-02T01:32:03.433+0000] {spark_submit.py:579} INFO - 24/11/02 01:32:03 INFO DAGScheduler: Submitting 1 missing tasks from ResultStage 0 (MapPartitionsRDD[1] at parquet at NativeMethodAccessorImpl.java:0) (first 15 tasks are for partitions Vector(0))
[2024-11-02T01:32:03.434+0000] {spark_submit.py:579} INFO - 24/11/02 01:32:03 INFO TaskSchedulerImpl: Adding task set 0.0 with 1 tasks resource profile 0
[2024-11-02T01:32:05.508+0000] {spark_submit.py:579} INFO - 24/11/02 01:32:05 INFO StandaloneSchedulerBackend$StandaloneDriverEndpoint: Registered executor NettyRpcEndpointRef(spark-client://Executor) (172.19.0.5:50462) with ID 0,  ResourceProfileId 0
[2024-11-02T01:32:05.597+0000] {spark_submit.py:579} INFO - 24/11/02 01:32:05 INFO BlockManagerMasterEndpoint: Registering block manager 172.19.0.5:34777 with 1048.8 MiB RAM, BlockManagerId(0, 172.19.0.5, 34777, None)
[2024-11-02T01:32:08.771+0000] {spark_submit.py:579} INFO - 24/11/02 01:32:08 INFO TaskSetManager: Starting task 0.0 in stage 0.0 (TID 0) (172.19.0.5, executor 0, partition 0, PROCESS_LOCAL, 7499 bytes)
[2024-11-02T01:32:09.028+0000] {spark_submit.py:579} INFO - 24/11/02 01:32:09 INFO BlockManagerInfo: Added broadcast_0_piece0 in memory on 172.19.0.5:34777 (size: 38.8 KiB, free: 1048.8 MiB)
[2024-11-02T01:32:10.561+0000] {spark_submit.py:579} INFO - 24/11/02 01:32:10 INFO TaskSetManager: Finished task 0.0 in stage 0.0 (TID 0) in 1805 ms on 172.19.0.5 (executor 0) (1/1)
[2024-11-02T01:32:10.563+0000] {spark_submit.py:579} INFO - 24/11/02 01:32:10 INFO TaskSchedulerImpl: Removed TaskSet 0.0, whose tasks have all completed, from pool
[2024-11-02T01:32:10.570+0000] {spark_submit.py:579} INFO - 24/11/02 01:32:10 INFO DAGScheduler: ResultStage 0 (parquet at NativeMethodAccessorImpl.java:0) finished in 7.332 s
[2024-11-02T01:32:10.574+0000] {spark_submit.py:579} INFO - 24/11/02 01:32:10 INFO DAGScheduler: Job 0 is finished. Cancelling potential speculative or zombie tasks for this job
[2024-11-02T01:32:10.575+0000] {spark_submit.py:579} INFO - 24/11/02 01:32:10 INFO TaskSchedulerImpl: Killing all running tasks in stage 0: Stage finished
[2024-11-02T01:32:10.577+0000] {spark_submit.py:579} INFO - 24/11/02 01:32:10 INFO DAGScheduler: Job 0 finished: parquet at NativeMethodAccessorImpl.java:0, took 7.397923 s
[2024-11-02T01:32:10.939+0000] {spark_submit.py:579} INFO - 24/11/02 01:32:10 INFO BlockManagerInfo: Removed broadcast_0_piece0 on ee9b80364a9a:35345 in memory (size: 38.8 KiB, free: 434.4 MiB)
[2024-11-02T01:32:10.948+0000] {spark_submit.py:579} INFO - 24/11/02 01:32:10 INFO BlockManagerInfo: Removed broadcast_0_piece0 on 172.19.0.5:34777 in memory (size: 38.8 KiB, free: 1048.8 MiB)
[2024-11-02T01:32:11.505+0000] {spark_submit.py:579} INFO - 24/11/02 01:32:11 INFO SparkContext: SparkContext is stopping with exitCode 0.
[2024-11-02T01:32:11.511+0000] {spark_submit.py:579} INFO - 24/11/02 01:32:11 INFO SparkUI: Stopped Spark web UI at http://ee9b80364a9a:4040
[2024-11-02T01:32:11.514+0000] {spark_submit.py:579} INFO - 24/11/02 01:32:11 INFO StandaloneSchedulerBackend: Shutting down all executors
[2024-11-02T01:32:11.515+0000] {spark_submit.py:579} INFO - 24/11/02 01:32:11 INFO StandaloneSchedulerBackend$StandaloneDriverEndpoint: Asking each executor to shut down
[2024-11-02T01:32:11.524+0000] {spark_submit.py:579} INFO - 24/11/02 01:32:11 INFO MapOutputTrackerMasterEndpoint: MapOutputTrackerMasterEndpoint stopped!
[2024-11-02T01:32:11.542+0000] {spark_submit.py:579} INFO - 24/11/02 01:32:11 INFO MemoryStore: MemoryStore cleared
[2024-11-02T01:32:11.544+0000] {spark_submit.py:579} INFO - 24/11/02 01:32:11 INFO BlockManager: BlockManager stopped
[2024-11-02T01:32:11.545+0000] {spark_submit.py:579} INFO - 24/11/02 01:32:11 INFO BlockManagerMaster: BlockManagerMaster stopped
[2024-11-02T01:32:11.546+0000] {spark_submit.py:579} INFO - 24/11/02 01:32:11 INFO OutputCommitCoordinator$OutputCommitCoordinatorEndpoint: OutputCommitCoordinator stopped!
[2024-11-02T01:32:11.608+0000] {spark_submit.py:579} INFO - 24/11/02 01:32:11 INFO SparkContext: Successfully stopped SparkContext
[2024-11-02T01:32:12.044+0000] {spark_submit.py:579} INFO - root
[2024-11-02T01:32:12.045+0000] {spark_submit.py:579} INFO - |-- budget: integer (nullable = true)
[2024-11-02T01:32:12.045+0000] {spark_submit.py:579} INFO - |-- genres: string (nullable = true)
[2024-11-02T01:32:12.046+0000] {spark_submit.py:579} INFO - |-- genres_convert: string (nullable = false)
[2024-11-02T01:32:12.047+0000] {spark_submit.py:579} INFO - |-- id: string (nullable = true)
[2024-11-02T01:32:12.047+0000] {spark_submit.py:579} INFO - |-- imdb_id: string (nullable = true)
[2024-11-02T01:32:12.048+0000] {spark_submit.py:579} INFO - |-- original_language: string (nullable = true)
[2024-11-02T01:32:12.049+0000] {spark_submit.py:579} INFO - |-- original_title: string (nullable = true)
[2024-11-02T01:32:12.049+0000] {spark_submit.py:579} INFO - |-- overview: string (nullable = true)
[2024-11-02T01:32:12.050+0000] {spark_submit.py:579} INFO - |-- popularity: double (nullable = false)
[2024-11-02T01:32:12.051+0000] {spark_submit.py:579} INFO - |-- poster_path: string (nullable = true)
[2024-11-02T01:32:12.051+0000] {spark_submit.py:579} INFO - |-- release_date: date (nullable = true)
[2024-11-02T01:32:12.052+0000] {spark_submit.py:579} INFO - |-- revenue: string (nullable = true)
[2024-11-02T01:32:12.052+0000] {spark_submit.py:579} INFO - |-- status: string (nullable = true)
[2024-11-02T01:32:12.053+0000] {spark_submit.py:579} INFO - |-- tagline: string (nullable = true)
[2024-11-02T01:32:12.053+0000] {spark_submit.py:579} INFO - |-- time: string (nullable = true)
[2024-11-02T01:32:12.054+0000] {spark_submit.py:579} INFO - |-- title: string (nullable = true)
[2024-11-02T01:32:12.054+0000] {spark_submit.py:579} INFO - |-- vote_average: float (nullable = false)
[2024-11-02T01:32:12.055+0000] {spark_submit.py:579} INFO - |-- vote_count: integer (nullable = true)
[2024-11-02T01:32:12.055+0000] {spark_submit.py:579} INFO - 
[2024-11-02T01:32:12.074+0000] {spark_submit.py:579} INFO - 24/11/02 01:32:12 INFO SparkContext: Running Spark version 3.4.3
[2024-11-02T01:32:12.076+0000] {spark_submit.py:579} INFO - 24/11/02 01:32:12 INFO ResourceUtils: ==============================================================
[2024-11-02T01:32:12.076+0000] {spark_submit.py:579} INFO - 24/11/02 01:32:12 INFO ResourceUtils: No custom resources configured for spark.driver.
[2024-11-02T01:32:12.077+0000] {spark_submit.py:579} INFO - 24/11/02 01:32:12 INFO ResourceUtils: ==============================================================
[2024-11-02T01:32:12.078+0000] {spark_submit.py:579} INFO - 24/11/02 01:32:12 INFO SparkContext: Submitted application: MergeData
[2024-11-02T01:32:12.079+0000] {spark_submit.py:579} INFO - 24/11/02 01:32:12 INFO ResourceProfile: Default ResourceProfile created, executor resources: Map(cores -> name: cores, amount: 2, script: , vendor: , memory -> name: memory, amount: 2048, script: , vendor: , offHeap -> name: offHeap, amount: 0, script: , vendor: ), task resources: Map(cpus -> name: cpus, amount: 1.0)
[2024-11-02T01:32:12.079+0000] {spark_submit.py:579} INFO - 24/11/02 01:32:12 INFO ResourceProfile: Limiting resource is cpus at 2 tasks per executor
[2024-11-02T01:32:12.080+0000] {spark_submit.py:579} INFO - 24/11/02 01:32:12 INFO ResourceProfileManager: Added ResourceProfile id: 0
[2024-11-02T01:32:12.081+0000] {spark_submit.py:579} INFO - 24/11/02 01:32:12 INFO SecurityManager: Changing view acls to: ***
[2024-11-02T01:32:12.082+0000] {spark_submit.py:579} INFO - 24/11/02 01:32:12 INFO SecurityManager: Changing modify acls to: ***
[2024-11-02T01:32:12.082+0000] {spark_submit.py:579} INFO - 24/11/02 01:32:12 INFO SecurityManager: Changing view acls groups to:
[2024-11-02T01:32:12.083+0000] {spark_submit.py:579} INFO - 24/11/02 01:32:12 INFO SecurityManager: Changing modify acls groups to:
[2024-11-02T01:32:12.083+0000] {spark_submit.py:579} INFO - 24/11/02 01:32:12 INFO SecurityManager: SecurityManager: authentication disabled; ui acls disabled; users with view permissions: ***; groups with view permissions: EMPTY; users with modify permissions: ***; groups with modify permissions: EMPTY
[2024-11-02T01:32:12.101+0000] {spark_submit.py:579} INFO - 24/11/02 01:32:12 INFO Utils: Successfully started service 'sparkDriver' on port 45175.
[2024-11-02T01:32:12.105+0000] {spark_submit.py:579} INFO - 24/11/02 01:32:12 INFO SparkEnv: Registering MapOutputTracker
[2024-11-02T01:32:12.108+0000] {spark_submit.py:579} INFO - 24/11/02 01:32:12 INFO SparkEnv: Registering BlockManagerMaster
[2024-11-02T01:32:12.109+0000] {spark_submit.py:579} INFO - 24/11/02 01:32:12 INFO BlockManagerMasterEndpoint: Using org.apache.spark.storage.DefaultTopologyMapper for getting topology information
[2024-11-02T01:32:12.110+0000] {spark_submit.py:579} INFO - 24/11/02 01:32:12 INFO BlockManagerMasterEndpoint: BlockManagerMasterEndpoint up
[2024-11-02T01:32:12.111+0000] {spark_submit.py:579} INFO - 24/11/02 01:32:12 INFO SparkEnv: Registering BlockManagerMasterHeartbeat
[2024-11-02T01:32:12.113+0000] {spark_submit.py:579} INFO - 24/11/02 01:32:12 INFO DiskBlockManager: Created local directory at /tmp/blockmgr-13c47e40-4a95-4896-9e82-717060cfa433
[2024-11-02T01:32:12.114+0000] {spark_submit.py:579} INFO - 24/11/02 01:32:12 INFO MemoryStore: MemoryStore started with capacity 434.4 MiB
[2024-11-02T01:32:12.118+0000] {spark_submit.py:579} INFO - 24/11/02 01:32:12 INFO SparkEnv: Registering OutputCommitCoordinator
[2024-11-02T01:32:12.124+0000] {spark_submit.py:579} INFO - 24/11/02 01:32:12 INFO JettyUtils: Start Jetty 0.0.0.0:4040 for SparkUI
[2024-11-02T01:32:12.133+0000] {spark_submit.py:579} INFO - 24/11/02 01:32:12 INFO Utils: Successfully started service 'SparkUI' on port 4040.
[2024-11-02T01:32:12.145+0000] {spark_submit.py:579} INFO - 24/11/02 01:32:12 INFO SparkContext: Added JAR file:///opt/***/jars/hadoop-aws-3.3.4.jar at spark://ee9b80364a9a:45175/jars/hadoop-aws-3.3.4.jar with timestamp 1730511132074
[2024-11-02T01:32:12.147+0000] {spark_submit.py:579} INFO - 24/11/02 01:32:12 INFO SparkContext: Added JAR file:///opt/***/jars/s3-2.18.41.jar at spark://ee9b80364a9a:45175/jars/s3-2.18.41.jar with timestamp 1730511132074
[2024-11-02T01:32:12.148+0000] {spark_submit.py:579} INFO - 24/11/02 01:32:12 INFO SparkContext: Added JAR file:///opt/***/jars/aws-java-sdk-1.12.367.jar at spark://ee9b80364a9a:45175/jars/aws-java-sdk-1.12.367.jar with timestamp 1730511132074
[2024-11-02T01:32:12.149+0000] {spark_submit.py:579} INFO - 24/11/02 01:32:12 INFO SparkContext: Added JAR file:///opt/***/jars/delta-core_2.12-2.4.0.jar at spark://ee9b80364a9a:45175/jars/delta-core_2.12-2.4.0.jar with timestamp 1730511132074
[2024-11-02T01:32:12.151+0000] {spark_submit.py:579} INFO - 24/11/02 01:32:12 INFO SparkContext: Added JAR file:///opt/***/jars/delta-storage-2.2.0.jar at spark://ee9b80364a9a:45175/jars/delta-storage-2.2.0.jar with timestamp 1730511132074
[2024-11-02T01:32:12.151+0000] {spark_submit.py:579} INFO - 24/11/02 01:32:12 INFO SparkContext: Added JAR file:///home/***/.ivy2/jars/org.apache.hadoop_hadoop-aws-3.3.4.jar at spark://ee9b80364a9a:45175/jars/org.apache.hadoop_hadoop-aws-3.3.4.jar with timestamp 1730511132074
[2024-11-02T01:32:12.152+0000] {spark_submit.py:579} INFO - 24/11/02 01:32:12 INFO SparkContext: Added JAR file:///home/***/.ivy2/jars/com.amazonaws_aws-java-sdk-bundle-1.12.262.jar at spark://ee9b80364a9a:45175/jars/com.amazonaws_aws-java-sdk-bundle-1.12.262.jar with timestamp 1730511132074
[2024-11-02T01:32:12.153+0000] {spark_submit.py:579} INFO - 24/11/02 01:32:12 INFO SparkContext: Added JAR file:///home/***/.ivy2/jars/org.wildfly.openssl_wildfly-openssl-1.0.7.Final.jar at spark://ee9b80364a9a:45175/jars/org.wildfly.openssl_wildfly-openssl-1.0.7.Final.jar with timestamp 1730511132074
[2024-11-02T01:32:12.153+0000] {spark_submit.py:579} INFO - 24/11/02 01:32:12 INFO SparkContext: Added file file:///home/***/.ivy2/jars/org.apache.hadoop_hadoop-aws-3.3.4.jar at spark://ee9b80364a9a:45175/files/org.apache.hadoop_hadoop-aws-3.3.4.jar with timestamp 1730511132074
[2024-11-02T01:32:12.154+0000] {spark_submit.py:579} INFO - 24/11/02 01:32:12 INFO Utils: Copying /home/***/.ivy2/jars/org.apache.hadoop_hadoop-aws-3.3.4.jar to /tmp/spark-1a5268ed-310c-4e9f-a4b6-7e820f9de5b9/userFiles-cb82e1b6-7509-4635-a7cf-53a8edbf1f63/org.apache.hadoop_hadoop-aws-3.3.4.jar
[2024-11-02T01:32:12.160+0000] {spark_submit.py:579} INFO - 24/11/02 01:32:12 INFO SparkContext: Added file file:///home/***/.ivy2/jars/com.amazonaws_aws-java-sdk-bundle-1.12.262.jar at spark://ee9b80364a9a:45175/files/com.amazonaws_aws-java-sdk-bundle-1.12.262.jar with timestamp 1730511132074
[2024-11-02T01:32:12.161+0000] {spark_submit.py:579} INFO - 24/11/02 01:32:12 INFO Utils: Copying /home/***/.ivy2/jars/com.amazonaws_aws-java-sdk-bundle-1.12.262.jar to /tmp/spark-1a5268ed-310c-4e9f-a4b6-7e820f9de5b9/userFiles-cb82e1b6-7509-4635-a7cf-53a8edbf1f63/com.amazonaws_aws-java-sdk-bundle-1.12.262.jar
[2024-11-02T01:32:12.508+0000] {spark_submit.py:579} INFO - 24/11/02 01:32:12 INFO SparkContext: Added file file:///home/***/.ivy2/jars/org.wildfly.openssl_wildfly-openssl-1.0.7.Final.jar at spark://ee9b80364a9a:45175/files/org.wildfly.openssl_wildfly-openssl-1.0.7.Final.jar with timestamp 1730511132074
[2024-11-02T01:32:12.508+0000] {spark_submit.py:579} INFO - 24/11/02 01:32:12 INFO Utils: Copying /home/***/.ivy2/jars/org.wildfly.openssl_wildfly-openssl-1.0.7.Final.jar to /tmp/spark-1a5268ed-310c-4e9f-a4b6-7e820f9de5b9/userFiles-cb82e1b6-7509-4635-a7cf-53a8edbf1f63/org.wildfly.openssl_wildfly-openssl-1.0.7.Final.jar
[2024-11-02T01:32:12.527+0000] {spark_submit.py:579} INFO - 24/11/02 01:32:12 INFO StandaloneAppClient$ClientEndpoint: Connecting to master spark://spark-master:7077...
[2024-11-02T01:32:12.532+0000] {spark_submit.py:579} INFO - 24/11/02 01:32:12 INFO TransportClientFactory: Successfully created connection to spark-master/172.19.0.2:7077 after 3 ms (0 ms spent in bootstraps)
[2024-11-02T01:32:12.542+0000] {spark_submit.py:579} INFO - 24/11/02 01:32:12 INFO StandaloneSchedulerBackend: Connected to Spark cluster with app ID app-20241102013212-0042
[2024-11-02T01:32:12.542+0000] {spark_submit.py:579} INFO - 24/11/02 01:32:12 INFO StandaloneAppClient$ClientEndpoint: Executor added: app-20241102013212-0042/0 on worker-20241102003302-172.19.0.5-34939 (172.19.0.5:34939) with 2 core(s)
[2024-11-02T01:32:12.543+0000] {spark_submit.py:579} INFO - 24/11/02 01:32:12 INFO StandaloneSchedulerBackend: Granted executor ID app-20241102013212-0042/0 on hostPort 172.19.0.5:34939 with 2 core(s), 2.0 GiB RAM
[2024-11-02T01:32:12.546+0000] {spark_submit.py:579} INFO - 24/11/02 01:32:12 INFO Utils: Successfully started service 'org.apache.spark.network.netty.NettyBlockTransferService' on port 37591.
[2024-11-02T01:32:12.547+0000] {spark_submit.py:579} INFO - 24/11/02 01:32:12 INFO NettyBlockTransferService: Server created on ee9b80364a9a:37591
[2024-11-02T01:32:12.548+0000] {spark_submit.py:579} INFO - 24/11/02 01:32:12 INFO BlockManager: Using org.apache.spark.storage.RandomBlockReplicationPolicy for block replication policy
[2024-11-02T01:32:12.550+0000] {spark_submit.py:579} INFO - 24/11/02 01:32:12 INFO BlockManagerMaster: Registering BlockManager BlockManagerId(driver, ee9b80364a9a, 37591, None)
[2024-11-02T01:32:12.551+0000] {spark_submit.py:579} INFO - 24/11/02 01:32:12 INFO BlockManagerMasterEndpoint: Registering block manager ee9b80364a9a:37591 with 434.4 MiB RAM, BlockManagerId(driver, ee9b80364a9a, 37591, None)
[2024-11-02T01:32:12.551+0000] {spark_submit.py:579} INFO - 24/11/02 01:32:12 INFO BlockManagerMaster: Registered BlockManager BlockManagerId(driver, ee9b80364a9a, 37591, None)
[2024-11-02T01:32:12.552+0000] {spark_submit.py:579} INFO - 24/11/02 01:32:12 INFO BlockManager: Initialized BlockManager: BlockManagerId(driver, ee9b80364a9a, 37591, None)
[2024-11-02T01:32:12.578+0000] {spark_submit.py:579} INFO - 24/11/02 01:32:12 INFO StandaloneAppClient$ClientEndpoint: Executor updated: app-20241102013212-0042/0 is now RUNNING
[2024-11-02T01:32:12.589+0000] {spark_submit.py:579} INFO - 24/11/02 01:32:12 INFO StandaloneSchedulerBackend: SchedulerBackend is ready for scheduling beginning after reached minRegisteredResourcesRatio: 0.0
[2024-11-02T01:32:12.629+0000] {spark_submit.py:579} INFO - 24/11/02 01:32:12 INFO SharedState: Setting hive.metastore.warehouse.dir ('null') to the value of spark.sql.warehouse.dir.
[2024-11-02T01:32:12.630+0000] {spark_submit.py:579} INFO - 24/11/02 01:32:12 INFO SharedState: Warehouse path is 'file:/opt/***/spark-warehouse'.
[2024-11-02T01:32:12.678+0000] {spark_submit.py:579} INFO - 24/11/02 01:32:12 INFO InMemoryFileIndex: It took 14 ms to list leaf files for 1 paths.
[2024-11-02T01:32:12.721+0000] {spark_submit.py:579} INFO - 24/11/02 01:32:12 INFO SparkContext: Starting job: load at NativeMethodAccessorImpl.java:0
[2024-11-02T01:32:12.723+0000] {spark_submit.py:579} INFO - 24/11/02 01:32:12 INFO DAGScheduler: Got job 0 (load at NativeMethodAccessorImpl.java:0) with 1 output partitions
[2024-11-02T01:32:12.724+0000] {spark_submit.py:579} INFO - 24/11/02 01:32:12 INFO DAGScheduler: Final stage: ResultStage 0 (load at NativeMethodAccessorImpl.java:0)
[2024-11-02T01:32:12.725+0000] {spark_submit.py:579} INFO - 24/11/02 01:32:12 INFO DAGScheduler: Parents of final stage: List()
[2024-11-02T01:32:12.726+0000] {spark_submit.py:579} INFO - 24/11/02 01:32:12 INFO DAGScheduler: Missing parents: List()
[2024-11-02T01:32:12.727+0000] {spark_submit.py:579} INFO - 24/11/02 01:32:12 INFO DAGScheduler: Submitting ResultStage 0 (MapPartitionsRDD[1] at load at NativeMethodAccessorImpl.java:0), which has no missing parents
[2024-11-02T01:32:12.740+0000] {spark_submit.py:579} INFO - 24/11/02 01:32:12 INFO MemoryStore: Block broadcast_0 stored as values in memory (estimated size 106.8 KiB, free 434.3 MiB)
[2024-11-02T01:32:12.750+0000] {spark_submit.py:579} INFO - 24/11/02 01:32:12 INFO MemoryStore: Block broadcast_0_piece0 stored as bytes in memory (estimated size 38.8 KiB, free 434.3 MiB)
[2024-11-02T01:32:12.754+0000] {spark_submit.py:579} INFO - 24/11/02 01:32:12 INFO BlockManagerInfo: Added broadcast_0_piece0 in memory on ee9b80364a9a:37591 (size: 38.8 KiB, free: 434.4 MiB)
[2024-11-02T01:32:12.755+0000] {spark_submit.py:579} INFO - 24/11/02 01:32:12 INFO SparkContext: Created broadcast 0 from broadcast at DAGScheduler.scala:1540
[2024-11-02T01:32:12.757+0000] {spark_submit.py:579} INFO - 24/11/02 01:32:12 INFO DAGScheduler: Submitting 1 missing tasks from ResultStage 0 (MapPartitionsRDD[1] at load at NativeMethodAccessorImpl.java:0) (first 15 tasks are for partitions Vector(0))
[2024-11-02T01:32:12.758+0000] {spark_submit.py:579} INFO - 24/11/02 01:32:12 INFO TaskSchedulerImpl: Adding task set 0.0 with 1 tasks resource profile 0
[2024-11-02T01:32:15.128+0000] {spark_submit.py:579} INFO - 24/11/02 01:32:15 INFO StandaloneSchedulerBackend$StandaloneDriverEndpoint: Registered executor NettyRpcEndpointRef(spark-client://Executor) (172.19.0.5:49700) with ID 0,  ResourceProfileId 0
[2024-11-02T01:32:15.190+0000] {spark_submit.py:579} INFO - 24/11/02 01:32:15 INFO BlockManagerMasterEndpoint: Registering block manager 172.19.0.5:37171 with 1048.8 MiB RAM, BlockManagerId(0, 172.19.0.5, 37171, None)
[2024-11-02T01:32:17.912+0000] {spark_submit.py:579} INFO - 24/11/02 01:32:17 INFO TaskSetManager: Starting task 0.0 in stage 0.0 (TID 0) (172.19.0.5, executor 0, partition 0, PROCESS_LOCAL, 7500 bytes)
[2024-11-02T01:32:18.126+0000] {spark_submit.py:579} INFO - 24/11/02 01:32:18 INFO BlockManagerInfo: Added broadcast_0_piece0 in memory on 172.19.0.5:37171 (size: 38.8 KiB, free: 1048.8 MiB)
[2024-11-02T01:32:19.627+0000] {spark_submit.py:579} INFO - 24/11/02 01:32:19 INFO TaskSetManager: Finished task 0.0 in stage 0.0 (TID 0) in 1716 ms on 172.19.0.5 (executor 0) (1/1)
[2024-11-02T01:32:19.628+0000] {spark_submit.py:579} INFO - 24/11/02 01:32:19 INFO TaskSchedulerImpl: Removed TaskSet 0.0, whose tasks have all completed, from pool
[2024-11-02T01:32:19.629+0000] {spark_submit.py:579} INFO - 24/11/02 01:32:19 INFO DAGScheduler: ResultStage 0 (load at NativeMethodAccessorImpl.java:0) finished in 6.899 s
[2024-11-02T01:32:19.630+0000] {spark_submit.py:579} INFO - 24/11/02 01:32:19 INFO DAGScheduler: Job 0 is finished. Cancelling potential speculative or zombie tasks for this job
[2024-11-02T01:32:19.631+0000] {spark_submit.py:579} INFO - 24/11/02 01:32:19 INFO TaskSchedulerImpl: Killing all running tasks in stage 0: Stage finished
[2024-11-02T01:32:19.631+0000] {spark_submit.py:579} INFO - 24/11/02 01:32:19 INFO DAGScheduler: Job 0 finished: load at NativeMethodAccessorImpl.java:0, took 6.907867 s
[2024-11-02T01:32:19.844+0000] {spark_submit.py:579} INFO - 24/11/02 01:32:19 INFO SparkContext: SparkContext is stopping with exitCode 0.
[2024-11-02T01:32:19.848+0000] {spark_submit.py:579} INFO - 24/11/02 01:32:19 INFO SparkUI: Stopped Spark web UI at http://ee9b80364a9a:4040
[2024-11-02T01:32:19.850+0000] {spark_submit.py:579} INFO - 24/11/02 01:32:19 INFO StandaloneSchedulerBackend: Shutting down all executors
[2024-11-02T01:32:19.850+0000] {spark_submit.py:579} INFO - 24/11/02 01:32:19 INFO StandaloneSchedulerBackend$StandaloneDriverEndpoint: Asking each executor to shut down
[2024-11-02T01:32:19.855+0000] {spark_submit.py:579} INFO - 24/11/02 01:32:19 INFO MapOutputTrackerMasterEndpoint: MapOutputTrackerMasterEndpoint stopped!
[2024-11-02T01:32:19.868+0000] {spark_submit.py:579} INFO - 24/11/02 01:32:19 INFO MemoryStore: MemoryStore cleared
[2024-11-02T01:32:19.869+0000] {spark_submit.py:579} INFO - 24/11/02 01:32:19 INFO BlockManager: BlockManager stopped
[2024-11-02T01:32:19.870+0000] {spark_submit.py:579} INFO - 24/11/02 01:32:19 INFO BlockManagerMaster: BlockManagerMaster stopped
[2024-11-02T01:32:19.870+0000] {spark_submit.py:579} INFO - 24/11/02 01:32:19 INFO OutputCommitCoordinator$OutputCommitCoordinatorEndpoint: OutputCommitCoordinator stopped!
[2024-11-02T01:32:19.925+0000] {spark_submit.py:579} INFO - 24/11/02 01:32:19 INFO SparkContext: Successfully stopped SparkContext
[2024-11-02T01:32:20.104+0000] {spark_submit.py:579} INFO - root
[2024-11-02T01:32:20.104+0000] {spark_submit.py:579} INFO - |-- cast: string (nullable = true)
[2024-11-02T01:32:20.105+0000] {spark_submit.py:579} INFO - |-- crew: string (nullable = true)
[2024-11-02T01:32:20.105+0000] {spark_submit.py:579} INFO - |-- id: string (nullable = true)
[2024-11-02T01:32:20.105+0000] {spark_submit.py:579} INFO - |-- cast_json: array (nullable = true)
[2024-11-02T01:32:20.106+0000] {spark_submit.py:579} INFO - |    |-- element: struct (containsNull = true)
[2024-11-02T01:32:20.106+0000] {spark_submit.py:579} INFO - |    |    |-- name: string (nullable = true)
[2024-11-02T01:32:20.107+0000] {spark_submit.py:579} INFO - |    |    |-- job: string (nullable = true)
[2024-11-02T01:32:20.107+0000] {spark_submit.py:579} INFO - |-- crew_json: array (nullable = true)
[2024-11-02T01:32:20.108+0000] {spark_submit.py:579} INFO - |    |-- element: struct (containsNull = true)
[2024-11-02T01:32:20.108+0000] {spark_submit.py:579} INFO - |    |    |-- name: string (nullable = true)
[2024-11-02T01:32:20.109+0000] {spark_submit.py:579} INFO - |    |    |-- job: string (nullable = true)
[2024-11-02T01:32:20.109+0000] {spark_submit.py:579} INFO - |-- director: string (nullable = true)
[2024-11-02T01:32:20.110+0000] {spark_submit.py:579} INFO - |-- cast_names: string (nullable = false)
[2024-11-02T01:32:20.110+0000] {spark_submit.py:579} INFO - 
[2024-11-02T01:32:20.235+0000] {spark_submit.py:579} INFO - 24/11/02 01:32:20 INFO ShutdownHookManager: Shutdown hook called
[2024-11-02T01:32:20.236+0000] {spark_submit.py:579} INFO - 24/11/02 01:32:20 INFO ShutdownHookManager: Deleting directory /tmp/spark-1a5268ed-310c-4e9f-a4b6-7e820f9de5b9
[2024-11-02T01:32:20.241+0000] {spark_submit.py:579} INFO - 24/11/02 01:32:20 INFO ShutdownHookManager: Deleting directory /tmp/spark-1a5268ed-310c-4e9f-a4b6-7e820f9de5b9/pyspark-8a2b5909-c6f0-4660-87b4-3efccda1bfef
[2024-11-02T01:32:20.244+0000] {spark_submit.py:579} INFO - 24/11/02 01:32:20 INFO ShutdownHookManager: Deleting directory /tmp/spark-1a5268ed-310c-4e9f-a4b6-7e820f9de5b9/pyspark-b33f50e6-2781-41e4-8818-95eea834809f
[2024-11-02T01:32:20.248+0000] {spark_submit.py:579} INFO - 24/11/02 01:32:20 INFO ShutdownHookManager: Deleting directory /tmp/spark-eac52411-f4cf-4b97-8668-26450c955b21
[2024-11-02T01:32:20.253+0000] {spark_submit.py:579} INFO - 24/11/02 01:32:20 INFO ShutdownHookManager: Deleting directory /tmp/spark-1a5268ed-310c-4e9f-a4b6-7e820f9de5b9/pyspark-32b36eaa-5443-4c51-ba7f-7cec0f867c35
[2024-11-02T01:32:20.261+0000] {spark_submit.py:579} INFO - 24/11/02 01:32:20 INFO MetricsSystemImpl: Stopping s3a-file-system metrics system...
[2024-11-02T01:32:20.261+0000] {spark_submit.py:579} INFO - 24/11/02 01:32:20 INFO MetricsSystemImpl: s3a-file-system metrics system stopped.
[2024-11-02T01:32:20.262+0000] {spark_submit.py:579} INFO - 24/11/02 01:32:20 INFO MetricsSystemImpl: s3a-file-system metrics system shutdown complete.
[2024-11-02T01:32:20.331+0000] {taskinstance.py:1398} INFO - Marking task as SUCCESS. dag_id=mergeeeee, task_id=merge_id, execution_date=20241102T013145, start_date=20241102T013146, end_date=20241102T013220
[2024-11-02T01:32:20.364+0000] {local_task_job_runner.py:228} INFO - Task exited with return code 0
[2024-11-02T01:32:20.377+0000] {taskinstance.py:2776} INFO - 0 downstream tasks scheduled from follow-on schedule check
