[2024-11-03T10:53:40.736+0000] {taskinstance.py:1157} INFO - Dependencies all met for dep_context=non-requeueable deps ti=<TaskInstance: task_credits_clean.credits_cleaned manual__2024-11-03T10:53:38.624199+00:00 [queued]>
[2024-11-03T10:53:40.746+0000] {taskinstance.py:1157} INFO - Dependencies all met for dep_context=requeueable deps ti=<TaskInstance: task_credits_clean.credits_cleaned manual__2024-11-03T10:53:38.624199+00:00 [queued]>
[2024-11-03T10:53:40.747+0000] {taskinstance.py:1359} INFO - Starting attempt 1 of 2
[2024-11-03T10:53:40.764+0000] {taskinstance.py:1380} INFO - Executing <Task(SparkSubmitOperator): credits_cleaned> on 2024-11-03 10:53:38.624199+00:00
[2024-11-03T10:53:40.770+0000] {standard_task_runner.py:57} INFO - Started process 12371 to run task
[2024-11-03T10:53:40.774+0000] {standard_task_runner.py:84} INFO - Running: ['***', 'tasks', 'run', 'task_credits_clean', 'credits_cleaned', 'manual__2024-11-03T10:53:38.624199+00:00', '--job-id', '169', '--raw', '--subdir', 'DAGS_FOLDER/credits_test.py', '--cfg-path', '/tmp/tmplad_etxs']
[2024-11-03T10:53:40.777+0000] {standard_task_runner.py:85} INFO - Job 169: Subtask credits_cleaned
[2024-11-03T10:53:40.840+0000] {task_command.py:415} INFO - Running <TaskInstance: task_credits_clean.credits_cleaned manual__2024-11-03T10:53:38.624199+00:00 [running]> on host eb88dbfa1959
[2024-11-03T10:53:40.930+0000] {taskinstance.py:1660} INFO - Exporting env vars: AIRFLOW_CTX_DAG_OWNER='***' AIRFLOW_CTX_DAG_ID='task_credits_clean' AIRFLOW_CTX_TASK_ID='credits_cleaned' AIRFLOW_CTX_EXECUTION_DATE='2024-11-03T10:53:38.624199+00:00' AIRFLOW_CTX_TRY_NUMBER='1' AIRFLOW_CTX_DAG_RUN_ID='manual__2024-11-03T10:53:38.624199+00:00'
[2024-11-03T10:53:40.942+0000] {base.py:73} INFO - Using connection ID 'spark-conn' for task execution.
[2024-11-03T10:53:40.944+0000] {spark_submit.py:403} INFO - Spark-Submit cmd: spark-submit --master spark://spark-master:7077 --conf spark.sql.extensions=io.delta.sql.DeltaSparkSessionExtension --conf spark.sql.catalog.spark_catalog=org.apache.spark.sql.delta.catalog.DeltaCatalog --jars /opt/***/jars/hadoop-aws-3.3.4.jar,/opt/***/jars/s3-2.18.41.jar,/opt/***/jars/aws-java-sdk-1.12.367.jar,/opt/***/jars/delta-core_2.12-2.4.0.jar,/opt/***/jars/delta-storage-2.2.0.jar, --packages org.apache.hadoop:hadoop-aws:3.3.4 --num-executors 2 --total-executor-cores 2 --executor-cores 2 --executor-memory 2g --driver-memory 1g --name arrow-spark --deploy-mode client /opt/***/jobs/python/test_Credit.py s3a://lakehouse/bronze/credits.parquet s3a://lakehouse/sliver/credit
[2024-11-03T10:53:41.059+0000] {spark_submit.py:579} INFO - /home/***/.local/lib/python3.11/site-packages/pyspark/bin/load-spark-env.sh: line 68: ps: command not found
[2024-11-03T10:53:43.101+0000] {spark_submit.py:579} INFO - :: loading settings :: url = jar:file:/home/***/.local/lib/python3.11/site-packages/pyspark/jars/ivy-2.5.1.jar!/org/apache/ivy/core/settings/ivysettings.xml
[2024-11-03T10:53:43.300+0000] {spark_submit.py:579} INFO - Ivy Default Cache set to: /home/***/.ivy2/cache
[2024-11-03T10:53:43.301+0000] {spark_submit.py:579} INFO - The jars for the packages stored in: /home/***/.ivy2/jars
[2024-11-03T10:53:43.307+0000] {spark_submit.py:579} INFO - org.apache.hadoop#hadoop-aws added as a dependency
[2024-11-03T10:53:43.308+0000] {spark_submit.py:579} INFO - :: resolving dependencies :: org.apache.spark#spark-submit-parent-0d4f46fe-7a8c-4379-a32b-b3f36710e490;1.0
[2024-11-03T10:53:43.309+0000] {spark_submit.py:579} INFO - confs: [default]
[2024-11-03T10:53:43.518+0000] {spark_submit.py:579} INFO - found org.apache.hadoop#hadoop-aws;3.3.4 in central
[2024-11-03T10:53:43.550+0000] {spark_submit.py:579} INFO - found com.amazonaws#aws-java-sdk-bundle;1.12.262 in central
[2024-11-03T10:53:43.585+0000] {spark_submit.py:579} INFO - found org.wildfly.openssl#wildfly-openssl;1.0.7.Final in central
[2024-11-03T10:53:43.613+0000] {spark_submit.py:579} INFO - :: resolution report :: resolve 295ms :: artifacts dl 10ms
[2024-11-03T10:53:43.614+0000] {spark_submit.py:579} INFO - :: modules in use:
[2024-11-03T10:53:43.615+0000] {spark_submit.py:579} INFO - com.amazonaws#aws-java-sdk-bundle;1.12.262 from central in [default]
[2024-11-03T10:53:43.615+0000] {spark_submit.py:579} INFO - org.apache.hadoop#hadoop-aws;3.3.4 from central in [default]
[2024-11-03T10:53:43.616+0000] {spark_submit.py:579} INFO - org.wildfly.openssl#wildfly-openssl;1.0.7.Final from central in [default]
[2024-11-03T10:53:43.616+0000] {spark_submit.py:579} INFO - ---------------------------------------------------------------------
[2024-11-03T10:53:43.617+0000] {spark_submit.py:579} INFO - |                  |            modules            ||   artifacts   |
[2024-11-03T10:53:43.618+0000] {spark_submit.py:579} INFO - |       conf       | number| search|dwnlded|evicted|| number|dwnlded|
[2024-11-03T10:53:43.619+0000] {spark_submit.py:579} INFO - ---------------------------------------------------------------------
[2024-11-03T10:53:43.619+0000] {spark_submit.py:579} INFO - |      default     |   3   |   0   |   0   |   0   ||   3   |   0   |
[2024-11-03T10:53:43.620+0000] {spark_submit.py:579} INFO - ---------------------------------------------------------------------
[2024-11-03T10:53:43.620+0000] {spark_submit.py:579} INFO - :: retrieving :: org.apache.spark#spark-submit-parent-0d4f46fe-7a8c-4379-a32b-b3f36710e490
[2024-11-03T10:53:43.621+0000] {spark_submit.py:579} INFO - confs: [default]
[2024-11-03T10:53:43.626+0000] {spark_submit.py:579} INFO - 0 artifacts copied, 3 already retrieved (0kB/7ms)
[2024-11-03T10:53:43.863+0000] {spark_submit.py:579} INFO - 24/11/03 10:53:43 WARN NativeCodeLoader: Unable to load native-hadoop library for your platform... using builtin-java classes where applicable
[2024-11-03T10:53:45.178+0000] {spark_submit.py:579} INFO - 2024-11-03 10:53:45,178 INFO: Python version on driver: 3.11.5
[2024-11-03T10:53:45.179+0000] {spark_submit.py:579} INFO - 2024-11-03 10:53:45,178 INFO: Initializing Spark session...
[2024-11-03T10:53:45.331+0000] {spark_submit.py:579} INFO - 24/11/03 10:53:45 INFO SparkContext: Running Spark version 3.4.3
[2024-11-03T10:53:45.358+0000] {spark_submit.py:579} INFO - 24/11/03 10:53:45 INFO ResourceUtils: ==============================================================
[2024-11-03T10:53:45.359+0000] {spark_submit.py:579} INFO - 24/11/03 10:53:45 INFO ResourceUtils: No custom resources configured for spark.driver.
[2024-11-03T10:53:45.359+0000] {spark_submit.py:579} INFO - 24/11/03 10:53:45 INFO ResourceUtils: ==============================================================
[2024-11-03T10:53:45.360+0000] {spark_submit.py:579} INFO - 24/11/03 10:53:45 INFO SparkContext: Submitted application: CleanCredits
[2024-11-03T10:53:45.383+0000] {spark_submit.py:579} INFO - 24/11/03 10:53:45 INFO ResourceProfile: Default ResourceProfile created, executor resources: Map(cores -> name: cores, amount: 2, script: , vendor: , memory -> name: memory, amount: 2048, script: , vendor: , offHeap -> name: offHeap, amount: 0, script: , vendor: ), task resources: Map(cpus -> name: cpus, amount: 1.0)
[2024-11-03T10:53:45.398+0000] {spark_submit.py:579} INFO - 24/11/03 10:53:45 INFO ResourceProfile: Limiting resource is cpus at 2 tasks per executor
[2024-11-03T10:53:45.401+0000] {spark_submit.py:579} INFO - 24/11/03 10:53:45 INFO ResourceProfileManager: Added ResourceProfile id: 0
[2024-11-03T10:53:45.459+0000] {spark_submit.py:579} INFO - 24/11/03 10:53:45 INFO SecurityManager: Changing view acls to: ***
[2024-11-03T10:53:45.459+0000] {spark_submit.py:579} INFO - 24/11/03 10:53:45 INFO SecurityManager: Changing modify acls to: ***
[2024-11-03T10:53:45.460+0000] {spark_submit.py:579} INFO - 24/11/03 10:53:45 INFO SecurityManager: Changing view acls groups to:
[2024-11-03T10:53:45.461+0000] {spark_submit.py:579} INFO - 24/11/03 10:53:45 INFO SecurityManager: Changing modify acls groups to:
[2024-11-03T10:53:45.462+0000] {spark_submit.py:579} INFO - 24/11/03 10:53:45 INFO SecurityManager: SecurityManager: authentication disabled; ui acls disabled; users with view permissions: ***; groups with view permissions: EMPTY; users with modify permissions: ***; groups with modify permissions: EMPTY
[2024-11-03T10:53:45.757+0000] {spark_submit.py:579} INFO - 24/11/03 10:53:45 INFO Utils: Successfully started service 'sparkDriver' on port 37285.
[2024-11-03T10:53:45.798+0000] {spark_submit.py:579} INFO - 24/11/03 10:53:45 INFO SparkEnv: Registering MapOutputTracker
[2024-11-03T10:53:45.838+0000] {spark_submit.py:579} INFO - 24/11/03 10:53:45 INFO SparkEnv: Registering BlockManagerMaster
[2024-11-03T10:53:45.857+0000] {spark_submit.py:579} INFO - 24/11/03 10:53:45 INFO BlockManagerMasterEndpoint: Using org.apache.spark.storage.DefaultTopologyMapper for getting topology information
[2024-11-03T10:53:45.858+0000] {spark_submit.py:579} INFO - 24/11/03 10:53:45 INFO BlockManagerMasterEndpoint: BlockManagerMasterEndpoint up
[2024-11-03T10:53:45.864+0000] {spark_submit.py:579} INFO - 24/11/03 10:53:45 INFO SparkEnv: Registering BlockManagerMasterHeartbeat
[2024-11-03T10:53:45.886+0000] {spark_submit.py:579} INFO - 24/11/03 10:53:45 INFO DiskBlockManager: Created local directory at /tmp/blockmgr-d0121e6c-ba6a-4cd0-b871-9dde65aff7b0
[2024-11-03T10:53:45.908+0000] {spark_submit.py:579} INFO - 24/11/03 10:53:45 INFO MemoryStore: MemoryStore started with capacity 434.4 MiB
[2024-11-03T10:53:45.927+0000] {spark_submit.py:579} INFO - 24/11/03 10:53:45 INFO SparkEnv: Registering OutputCommitCoordinator
[2024-11-03T10:53:46.084+0000] {spark_submit.py:579} INFO - 24/11/03 10:53:46 INFO JettyUtils: Start Jetty 0.0.0.0:4040 for SparkUI
[2024-11-03T10:53:46.162+0000] {spark_submit.py:579} INFO - 24/11/03 10:53:46 INFO Utils: Successfully started service 'SparkUI' on port 4040.
[2024-11-03T10:53:46.216+0000] {spark_submit.py:579} INFO - 24/11/03 10:53:46 INFO SparkContext: Added JAR file:///opt/***/jars/hadoop-aws-3.3.4.jar at spark://eb88dbfa1959:37285/jars/hadoop-aws-3.3.4.jar with timestamp 1730631225321
[2024-11-03T10:53:46.218+0000] {spark_submit.py:579} INFO - 24/11/03 10:53:46 INFO SparkContext: Added JAR file:///opt/***/jars/s3-2.18.41.jar at spark://eb88dbfa1959:37285/jars/s3-2.18.41.jar with timestamp 1730631225321
[2024-11-03T10:53:46.220+0000] {spark_submit.py:579} INFO - 24/11/03 10:53:46 INFO SparkContext: Added JAR file:///opt/***/jars/aws-java-sdk-1.12.367.jar at spark://eb88dbfa1959:37285/jars/aws-java-sdk-1.12.367.jar with timestamp 1730631225321
[2024-11-03T10:53:46.222+0000] {spark_submit.py:579} INFO - 24/11/03 10:53:46 INFO SparkContext: Added JAR file:///opt/***/jars/delta-core_2.12-2.4.0.jar at spark://eb88dbfa1959:37285/jars/delta-core_2.12-2.4.0.jar with timestamp 1730631225321
[2024-11-03T10:53:46.224+0000] {spark_submit.py:579} INFO - 24/11/03 10:53:46 INFO SparkContext: Added JAR file:///opt/***/jars/delta-storage-2.2.0.jar at spark://eb88dbfa1959:37285/jars/delta-storage-2.2.0.jar with timestamp 1730631225321
[2024-11-03T10:53:46.224+0000] {spark_submit.py:579} INFO - 24/11/03 10:53:46 INFO SparkContext: Added JAR file:///home/***/.ivy2/jars/org.apache.hadoop_hadoop-aws-3.3.4.jar at spark://eb88dbfa1959:37285/jars/org.apache.hadoop_hadoop-aws-3.3.4.jar with timestamp 1730631225321
[2024-11-03T10:53:46.225+0000] {spark_submit.py:579} INFO - 24/11/03 10:53:46 INFO SparkContext: Added JAR file:///home/***/.ivy2/jars/com.amazonaws_aws-java-sdk-bundle-1.12.262.jar at spark://eb88dbfa1959:37285/jars/com.amazonaws_aws-java-sdk-bundle-1.12.262.jar with timestamp 1730631225321
[2024-11-03T10:53:46.226+0000] {spark_submit.py:579} INFO - 24/11/03 10:53:46 INFO SparkContext: Added JAR file:///home/***/.ivy2/jars/org.wildfly.openssl_wildfly-openssl-1.0.7.Final.jar at spark://eb88dbfa1959:37285/jars/org.wildfly.openssl_wildfly-openssl-1.0.7.Final.jar with timestamp 1730631225321
[2024-11-03T10:53:46.228+0000] {spark_submit.py:579} INFO - 24/11/03 10:53:46 INFO SparkContext: Added file file:///home/***/.ivy2/jars/org.apache.hadoop_hadoop-aws-3.3.4.jar at spark://eb88dbfa1959:37285/files/org.apache.hadoop_hadoop-aws-3.3.4.jar with timestamp 1730631225321
[2024-11-03T10:53:46.230+0000] {spark_submit.py:579} INFO - 24/11/03 10:53:46 INFO Utils: Copying /home/***/.ivy2/jars/org.apache.hadoop_hadoop-aws-3.3.4.jar to /tmp/spark-b5252d57-0ca7-4956-b71c-d79af9a9f03b/userFiles-2a0bc77b-2a58-4c9f-bbe0-b9c973227b58/org.apache.hadoop_hadoop-aws-3.3.4.jar
[2024-11-03T10:53:46.243+0000] {spark_submit.py:579} INFO - 24/11/03 10:53:46 INFO SparkContext: Added file file:///home/***/.ivy2/jars/com.amazonaws_aws-java-sdk-bundle-1.12.262.jar at spark://eb88dbfa1959:37285/files/com.amazonaws_aws-java-sdk-bundle-1.12.262.jar with timestamp 1730631225321
[2024-11-03T10:53:46.244+0000] {spark_submit.py:579} INFO - 24/11/03 10:53:46 INFO Utils: Copying /home/***/.ivy2/jars/com.amazonaws_aws-java-sdk-bundle-1.12.262.jar to /tmp/spark-b5252d57-0ca7-4956-b71c-d79af9a9f03b/userFiles-2a0bc77b-2a58-4c9f-bbe0-b9c973227b58/com.amazonaws_aws-java-sdk-bundle-1.12.262.jar
[2024-11-03T10:53:46.822+0000] {spark_submit.py:579} INFO - 24/11/03 10:53:46 INFO SparkContext: Added file file:///home/***/.ivy2/jars/org.wildfly.openssl_wildfly-openssl-1.0.7.Final.jar at spark://eb88dbfa1959:37285/files/org.wildfly.openssl_wildfly-openssl-1.0.7.Final.jar with timestamp 1730631225321
[2024-11-03T10:53:46.822+0000] {spark_submit.py:579} INFO - 24/11/03 10:53:46 INFO Utils: Copying /home/***/.ivy2/jars/org.wildfly.openssl_wildfly-openssl-1.0.7.Final.jar to /tmp/spark-b5252d57-0ca7-4956-b71c-d79af9a9f03b/userFiles-2a0bc77b-2a58-4c9f-bbe0-b9c973227b58/org.wildfly.openssl_wildfly-openssl-1.0.7.Final.jar
[2024-11-03T10:53:46.934+0000] {spark_submit.py:579} INFO - 24/11/03 10:53:46 INFO StandaloneAppClient$ClientEndpoint: Connecting to master spark://spark-master:7077...
[2024-11-03T10:53:46.985+0000] {spark_submit.py:579} INFO - 24/11/03 10:53:46 INFO TransportClientFactory: Successfully created connection to spark-master/172.18.0.5:7077 after 32 ms (0 ms spent in bootstraps)
[2024-11-03T10:53:47.099+0000] {spark_submit.py:579} INFO - 24/11/03 10:53:47 INFO StandaloneSchedulerBackend: Connected to Spark cluster with app ID app-20241103105347-0019
[2024-11-03T10:53:47.102+0000] {spark_submit.py:579} INFO - 24/11/03 10:53:47 INFO StandaloneAppClient$ClientEndpoint: Executor added: app-20241103105347-0019/0 on worker-20241103094523-172.18.0.8-41531 (172.18.0.8:41531) with 2 core(s)
[2024-11-03T10:53:47.105+0000] {spark_submit.py:579} INFO - 24/11/03 10:53:47 INFO StandaloneSchedulerBackend: Granted executor ID app-20241103105347-0019/0 on hostPort 172.18.0.8:41531 with 2 core(s), 2.0 GiB RAM
[2024-11-03T10:53:47.110+0000] {spark_submit.py:579} INFO - 24/11/03 10:53:47 INFO Utils: Successfully started service 'org.apache.spark.network.netty.NettyBlockTransferService' on port 34657.
[2024-11-03T10:53:47.111+0000] {spark_submit.py:579} INFO - 24/11/03 10:53:47 INFO NettyBlockTransferService: Server created on eb88dbfa1959:34657
[2024-11-03T10:53:47.113+0000] {spark_submit.py:579} INFO - 24/11/03 10:53:47 INFO BlockManager: Using org.apache.spark.storage.RandomBlockReplicationPolicy for block replication policy
[2024-11-03T10:53:47.121+0000] {spark_submit.py:579} INFO - 24/11/03 10:53:47 INFO BlockManagerMaster: Registering BlockManager BlockManagerId(driver, eb88dbfa1959, 34657, None)
[2024-11-03T10:53:47.126+0000] {spark_submit.py:579} INFO - 24/11/03 10:53:47 INFO BlockManagerMasterEndpoint: Registering block manager eb88dbfa1959:34657 with 434.4 MiB RAM, BlockManagerId(driver, eb88dbfa1959, 34657, None)
[2024-11-03T10:53:47.129+0000] {spark_submit.py:579} INFO - 24/11/03 10:53:47 INFO BlockManagerMaster: Registered BlockManager BlockManagerId(driver, eb88dbfa1959, 34657, None)
[2024-11-03T10:53:47.132+0000] {spark_submit.py:579} INFO - 24/11/03 10:53:47 INFO BlockManager: Initialized BlockManager: BlockManagerId(driver, eb88dbfa1959, 34657, None)
[2024-11-03T10:53:47.170+0000] {spark_submit.py:579} INFO - 24/11/03 10:53:47 INFO StandaloneAppClient$ClientEndpoint: Executor updated: app-20241103105347-0019/0 is now RUNNING
[2024-11-03T10:53:47.414+0000] {spark_submit.py:579} INFO - 24/11/03 10:53:47 INFO StandaloneSchedulerBackend: SchedulerBackend is ready for scheduling beginning after reached minRegisteredResourcesRatio: 0.0
[2024-11-03T10:53:47.779+0000] {spark_submit.py:579} INFO - 2024-11-03 10:53:47,778 INFO: Spark session initialized successfully.
[2024-11-03T10:53:47.789+0000] {spark_submit.py:579} INFO - 24/11/03 10:53:47 INFO SharedState: Setting hive.metastore.warehouse.dir ('null') to the value of spark.sql.warehouse.dir.
[2024-11-03T10:53:48.119+0000] {spark_submit.py:579} INFO - 24/11/03 10:53:48 WARN MetricsConfig: Cannot locate configuration: tried hadoop-metrics2-s3a-file-system.properties,hadoop-metrics2.properties
[2024-11-03T10:53:48.144+0000] {spark_submit.py:579} INFO - 24/11/03 10:53:48 INFO MetricsSystemImpl: Scheduled Metric snapshot period at 10 second(s).
[2024-11-03T10:53:48.145+0000] {spark_submit.py:579} INFO - 24/11/03 10:53:48 INFO MetricsSystemImpl: s3a-file-system metrics system started
[2024-11-03T10:53:50.093+0000] {spark_submit.py:579} INFO - 24/11/03 10:53:50 INFO SharedState: Warehouse path is 's3a://lakehouse/'.
[2024-11-03T10:53:51.280+0000] {spark_submit.py:579} INFO - 24/11/03 10:53:51 INFO InMemoryFileIndex: It took 87 ms to list leaf files for 1 paths.
[2024-11-03T10:53:51.346+0000] {spark_submit.py:579} INFO - 24/11/03 10:53:51 INFO StandaloneSchedulerBackend$StandaloneDriverEndpoint: Registered executor NettyRpcEndpointRef(spark-client://Executor) (172.18.0.8:50342) with ID 0,  ResourceProfileId 0
[2024-11-03T10:53:51.436+0000] {spark_submit.py:579} INFO - 24/11/03 10:53:51 INFO BlockManagerMasterEndpoint: Registering block manager 172.18.0.8:41679 with 1048.8 MiB RAM, BlockManagerId(0, 172.18.0.8, 41679, None)
[2024-11-03T10:53:51.729+0000] {spark_submit.py:579} INFO - 24/11/03 10:53:51 INFO SparkContext: Starting job: load at NativeMethodAccessorImpl.java:0
[2024-11-03T10:53:51.747+0000] {spark_submit.py:579} INFO - 24/11/03 10:53:51 INFO DAGScheduler: Got job 0 (load at NativeMethodAccessorImpl.java:0) with 1 output partitions
[2024-11-03T10:53:51.747+0000] {spark_submit.py:579} INFO - 24/11/03 10:53:51 INFO DAGScheduler: Final stage: ResultStage 0 (load at NativeMethodAccessorImpl.java:0)
[2024-11-03T10:53:51.748+0000] {spark_submit.py:579} INFO - 24/11/03 10:53:51 INFO DAGScheduler: Parents of final stage: List()
[2024-11-03T10:53:51.750+0000] {spark_submit.py:579} INFO - 24/11/03 10:53:51 INFO DAGScheduler: Missing parents: List()
[2024-11-03T10:53:51.755+0000] {spark_submit.py:579} INFO - 24/11/03 10:53:51 INFO DAGScheduler: Submitting ResultStage 0 (MapPartitionsRDD[1] at load at NativeMethodAccessorImpl.java:0), which has no missing parents
[2024-11-03T10:53:51.818+0000] {spark_submit.py:579} INFO - 24/11/03 10:53:51 INFO MemoryStore: Block broadcast_0 stored as values in memory (estimated size 106.9 KiB, free 434.3 MiB)
[2024-11-03T10:53:55.190+0000] {spark_submit.py:579} INFO - 24/11/03 10:53:55 INFO MemoryStore: Block broadcast_0_piece0 stored as bytes in memory (estimated size 38.9 KiB, free 434.3 MiB)
[2024-11-03T10:53:56.599+0000] {spark_submit.py:579} INFO - 24/11/03 10:53:56 INFO BlockManagerInfo: Added broadcast_0_piece0 in memory on eb88dbfa1959:34657 (size: 38.9 KiB, free: 434.4 MiB)
[2024-11-03T10:53:56.608+0000] {spark_submit.py:579} INFO - 24/11/03 10:53:56 INFO SparkContext: Created broadcast 0 from broadcast at DAGScheduler.scala:1540
[2024-11-03T10:53:56.637+0000] {spark_submit.py:579} INFO - 24/11/03 10:53:56 INFO DAGScheduler: Submitting 1 missing tasks from ResultStage 0 (MapPartitionsRDD[1] at load at NativeMethodAccessorImpl.java:0) (first 15 tasks are for partitions Vector(0))
[2024-11-03T10:53:56.638+0000] {spark_submit.py:579} INFO - 24/11/03 10:53:56 INFO TaskSchedulerImpl: Adding task set 0.0 with 1 tasks resource profile 0
[2024-11-03T10:54:28.956+0000] {spark_submit.py:579} INFO - 24/11/03 10:54:28 INFO TaskSetManager: Starting task 0.0 in stage 0.0 (TID 0) (172.18.0.8, executor 0, partition 0, PROCESS_LOCAL, 7500 bytes)
[2024-11-03T10:54:29.279+0000] {spark_submit.py:579} INFO - 24/11/03 10:54:29 INFO BlockManagerInfo: Added broadcast_0_piece0 in memory on 172.18.0.8:41679 (size: 38.9 KiB, free: 1048.8 MiB)
[2024-11-03T10:54:31.041+0000] {spark_submit.py:579} INFO - 24/11/03 10:54:31 INFO TaskSetManager: Finished task 0.0 in stage 0.0 (TID 0) in 2106 ms on 172.18.0.8 (executor 0) (1/1)
[2024-11-03T10:54:31.044+0000] {spark_submit.py:579} INFO - 24/11/03 10:54:31 INFO TaskSchedulerImpl: Removed TaskSet 0.0, whose tasks have all completed, from pool
[2024-11-03T10:54:31.053+0000] {spark_submit.py:579} INFO - 24/11/03 10:54:31 INFO DAGScheduler: ResultStage 0 (load at NativeMethodAccessorImpl.java:0) finished in 39.282 s
[2024-11-03T10:54:31.062+0000] {spark_submit.py:579} INFO - 24/11/03 10:54:31 INFO DAGScheduler: Job 0 is finished. Cancelling potential speculative or zombie tasks for this job
[2024-11-03T10:54:31.063+0000] {spark_submit.py:579} INFO - 24/11/03 10:54:31 INFO TaskSchedulerImpl: Killing all running tasks in stage 0: Stage finished
[2024-11-03T10:54:31.068+0000] {spark_submit.py:579} INFO - 24/11/03 10:54:31 INFO DAGScheduler: Job 0 finished: load at NativeMethodAccessorImpl.java:0, took 39.340339 s
[2024-11-03T10:54:31.470+0000] {spark_submit.py:579} INFO - 24/11/03 10:54:31 INFO BlockManagerInfo: Removed broadcast_0_piece0 on eb88dbfa1959:34657 in memory (size: 38.9 KiB, free: 434.4 MiB)
[2024-11-03T10:54:31.479+0000] {spark_submit.py:579} INFO - 24/11/03 10:54:31 INFO BlockManagerInfo: Removed broadcast_0_piece0 on 172.18.0.8:41679 in memory (size: 38.9 KiB, free: 1048.8 MiB)
[2024-11-03T10:54:33.778+0000] {spark_submit.py:579} INFO - 2024-11-03 10:54:33,778 INFO: Saving cleaned data to s3a://lakehouse/sliver/credit
[2024-11-03T10:54:35.042+0000] {spark_submit.py:579} INFO - 24/11/03 10:54:35 INFO DeltaLog: Creating initial snapshot without metadata, because the directory is empty
[2024-11-03T10:54:35.252+0000] {spark_submit.py:579} INFO - 24/11/03 10:54:35 INFO InitialSnapshot: [tableId=5ac1db11-9033-4424-bf39-37fdd4cc7139] Created snapshot InitialSnapshot(path=s3a://lakehouse/sliver/credit/_delta_log, version=-1, metadata=Metadata(63ab296c-64f4-4db9-a0a9-2e05a09937b2,null,null,Format(parquet,Map()),null,List(),Map(),Some(1730631275244)), logSegment=LogSegment(s3a://lakehouse/sliver/credit/_delta_log,-1,List(),None,-1), checksumOpt=None)
[2024-11-03T10:54:35.375+0000] {spark_submit.py:579} INFO - 24/11/03 10:54:35 INFO DeltaLog: No delta log found for the Delta table at s3a://lakehouse/sliver/credit/_delta_log
[2024-11-03T10:54:35.376+0000] {spark_submit.py:579} INFO - 24/11/03 10:54:35 INFO InitialSnapshot: [tableId=63ab296c-64f4-4db9-a0a9-2e05a09937b2] Created snapshot InitialSnapshot(path=s3a://lakehouse/sliver/credit/_delta_log, version=-1, metadata=Metadata(9b43cce8-5dcf-4c91-a967-59de553a51ae,null,null,Format(parquet,Map()),null,List(),Map(),Some(1730631275376)), logSegment=LogSegment(s3a://lakehouse/sliver/credit/_delta_log,-1,List(),None,-1), checksumOpt=None)
[2024-11-03T10:54:35.493+0000] {spark_submit.py:579} INFO - 24/11/03 10:54:35 INFO OptimisticTransaction: [tableId=9b43cce8,txnId=fbe4720d] Updated metadata from - to Metadata(5bcdfbeb-728b-4e09-8045-2a42b63cacfe,null,null,Format(parquet,Map()),{"type":"struct","fields":[{"name":"cast","type":{"type":"array","elementType":{"type":"struct","fields":[{"name":"name","type":"string","nullable":true,"metadata":{}}]},"containsNull":true},"nullable":true,"metadata":{}},{"name":"crew","type":{"type":"array","elementType":{"type":"struct","fields":[{"name":"name","type":"string","nullable":true,"metadata":{}}]},"containsNull":true},"nullable":true,"metadata":{}},{"name":"id","type":"long","nullable":true,"metadata":{}},{"name":"cast_name","type":{"type":"array","elementType":"string","containsNull":true},"nullable":true,"metadata":{}},{"name":"director","type":{"type":"array","elementType":"string","containsNull":true},"nullable":true,"metadata":{}}]},List(),Map(),Some(1730631275472))
[2024-11-03T10:54:35.921+0000] {spark_submit.py:579} INFO - 24/11/03 10:54:35 INFO FileSourceStrategy: Pushed Filters:
[2024-11-03T10:54:35.922+0000] {spark_submit.py:579} INFO - 24/11/03 10:54:35 INFO FileSourceStrategy: Post-Scan Filters:
[2024-11-03T10:54:36.013+0000] {spark_submit.py:579} INFO - 24/11/03 10:54:36 INFO ParquetUtils: Using default output committer for Parquet: org.apache.parquet.hadoop.ParquetOutputCommitter
[2024-11-03T10:54:36.520+0000] {spark_submit.py:579} INFO - 24/11/03 10:54:36 INFO CodeGenerator: Code generated in 381.124607 ms
[2024-11-03T10:54:36.546+0000] {spark_submit.py:579} INFO - 24/11/03 10:54:36 INFO MemoryStore: Block broadcast_1 stored as values in memory (estimated size 206.6 KiB, free 434.2 MiB)
[2024-11-03T10:54:36.569+0000] {spark_submit.py:579} INFO - 24/11/03 10:54:36 INFO MemoryStore: Block broadcast_1_piece0 stored as bytes in memory (estimated size 36.6 KiB, free 434.2 MiB)
[2024-11-03T10:54:36.570+0000] {spark_submit.py:579} INFO - 24/11/03 10:54:36 INFO BlockManagerInfo: Added broadcast_1_piece0 in memory on eb88dbfa1959:34657 (size: 36.6 KiB, free: 434.4 MiB)
[2024-11-03T10:54:36.572+0000] {spark_submit.py:579} INFO - 24/11/03 10:54:36 INFO SparkContext: Created broadcast 1 from save at NativeMethodAccessorImpl.java:0
[2024-11-03T10:54:36.602+0000] {spark_submit.py:579} INFO - 24/11/03 10:54:36 INFO FileSourceScanExec: Planning scan with bin packing, max size: 36317959 bytes, open cost is considered as scanning 4194304 bytes.
[2024-11-03T10:54:36.743+0000] {spark_submit.py:579} INFO - 24/11/03 10:54:36 INFO SparkContext: Starting job: save at NativeMethodAccessorImpl.java:0
[2024-11-03T10:54:36.744+0000] {spark_submit.py:579} INFO - 24/11/03 10:54:36 INFO DAGScheduler: Got job 1 (save at NativeMethodAccessorImpl.java:0) with 2 output partitions
[2024-11-03T10:54:36.745+0000] {spark_submit.py:579} INFO - 24/11/03 10:54:36 INFO DAGScheduler: Final stage: ResultStage 1 (save at NativeMethodAccessorImpl.java:0)
[2024-11-03T10:54:36.746+0000] {spark_submit.py:579} INFO - 24/11/03 10:54:36 INFO DAGScheduler: Parents of final stage: List()
[2024-11-03T10:54:36.747+0000] {spark_submit.py:579} INFO - 24/11/03 10:54:36 INFO DAGScheduler: Missing parents: List()
[2024-11-03T10:54:36.749+0000] {spark_submit.py:579} INFO - 24/11/03 10:54:36 INFO DAGScheduler: Submitting ResultStage 1 (MapPartitionsRDD[6] at save at NativeMethodAccessorImpl.java:0), which has no missing parents
[2024-11-03T10:54:36.838+0000] {spark_submit.py:579} INFO - 24/11/03 10:54:36 INFO MemoryStore: Block broadcast_2 stored as values in memory (estimated size 344.1 KiB, free 433.8 MiB)
[2024-11-03T10:54:36.846+0000] {spark_submit.py:579} INFO - 24/11/03 10:54:36 INFO MemoryStore: Block broadcast_2_piece0 stored as bytes in memory (estimated size 124.2 KiB, free 433.7 MiB)
[2024-11-03T10:54:36.848+0000] {spark_submit.py:579} INFO - 24/11/03 10:54:36 INFO BlockManagerInfo: Added broadcast_2_piece0 in memory on eb88dbfa1959:34657 (size: 124.2 KiB, free: 434.2 MiB)
[2024-11-03T10:54:36.849+0000] {spark_submit.py:579} INFO - 24/11/03 10:54:36 INFO SparkContext: Created broadcast 2 from broadcast at DAGScheduler.scala:1540
[2024-11-03T10:54:36.851+0000] {spark_submit.py:579} INFO - 24/11/03 10:54:36 INFO DAGScheduler: Submitting 2 missing tasks from ResultStage 1 (MapPartitionsRDD[6] at save at NativeMethodAccessorImpl.java:0) (first 15 tasks are for partitions Vector(0, 1))
[2024-11-03T10:54:36.851+0000] {spark_submit.py:579} INFO - 24/11/03 10:54:36 INFO TaskSchedulerImpl: Adding task set 1.0 with 2 tasks resource profile 0
[2024-11-03T10:54:36.867+0000] {spark_submit.py:579} INFO - 24/11/03 10:54:36 INFO TaskSetManager: Starting task 0.0 in stage 1.0 (TID 1) (172.18.0.8, executor 0, partition 0, PROCESS_LOCAL, 7922 bytes)
[2024-11-03T10:54:36.869+0000] {spark_submit.py:579} INFO - 24/11/03 10:54:36 INFO TaskSetManager: Starting task 1.0 in stage 1.0 (TID 2) (172.18.0.8, executor 0, partition 1, PROCESS_LOCAL, 7922 bytes)
[2024-11-03T10:54:36.928+0000] {spark_submit.py:579} INFO - 24/11/03 10:54:36 INFO BlockManagerInfo: Added broadcast_2_piece0 in memory on 172.18.0.8:41679 (size: 124.2 KiB, free: 1048.7 MiB)
[2024-11-03T10:54:38.049+0000] {spark_submit.py:579} INFO - 24/11/03 10:54:38 INFO BlockManagerInfo: Added broadcast_1_piece0 in memory on 172.18.0.8:41679 (size: 36.6 KiB, free: 1048.6 MiB)
[2024-11-03T10:54:38.864+0000] {spark_submit.py:579} INFO - 24/11/03 10:54:38 INFO TaskSetManager: Finished task 1.0 in stage 1.0 (TID 2) in 1997 ms on 172.18.0.8 (executor 0) (1/2)
[2024-11-03T10:54:44.480+0000] {spark_submit.py:579} INFO - 24/11/03 10:54:44 INFO TaskSetManager: Finished task 0.0 in stage 1.0 (TID 1) in 7627 ms on 172.18.0.8 (executor 0) (2/2)
[2024-11-03T10:54:44.481+0000] {spark_submit.py:579} INFO - 24/11/03 10:54:44 INFO TaskSchedulerImpl: Removed TaskSet 1.0, whose tasks have all completed, from pool
[2024-11-03T10:54:44.482+0000] {spark_submit.py:579} INFO - 24/11/03 10:54:44 INFO DAGScheduler: ResultStage 1 (save at NativeMethodAccessorImpl.java:0) finished in 7.728 s
[2024-11-03T10:54:44.483+0000] {spark_submit.py:579} INFO - 24/11/03 10:54:44 INFO DAGScheduler: Job 1 is finished. Cancelling potential speculative or zombie tasks for this job
[2024-11-03T10:54:44.483+0000] {spark_submit.py:579} INFO - 24/11/03 10:54:44 INFO TaskSchedulerImpl: Killing all running tasks in stage 1: Stage finished
[2024-11-03T10:54:44.484+0000] {spark_submit.py:579} INFO - 24/11/03 10:54:44 INFO DAGScheduler: Job 1 finished: save at NativeMethodAccessorImpl.java:0, took 7.739338 s
[2024-11-03T10:54:44.487+0000] {spark_submit.py:579} INFO - 24/11/03 10:54:44 INFO FileFormatWriter: Start to commit write Job 03e1cf1c-cdc7-4687-84bc-38946e5167f9.
[2024-11-03T10:54:44.490+0000] {spark_submit.py:579} INFO - 24/11/03 10:54:44 INFO FileFormatWriter: Write Job 03e1cf1c-cdc7-4687-84bc-38946e5167f9 committed. Elapsed time: 1 ms.
[2024-11-03T10:54:44.494+0000] {spark_submit.py:579} INFO - 24/11/03 10:54:44 INFO FileFormatWriter: Finished processing stats for write job 03e1cf1c-cdc7-4687-84bc-38946e5167f9.
[2024-11-03T10:54:45.472+0000] {spark_submit.py:579} INFO - 24/11/03 10:54:45 INFO BlockManagerInfo: Removed broadcast_2_piece0 on eb88dbfa1959:34657 in memory (size: 124.2 KiB, free: 434.4 MiB)
[2024-11-03T10:54:45.474+0000] {spark_submit.py:579} INFO - 24/11/03 10:54:45 INFO BlockManagerInfo: Removed broadcast_2_piece0 on 172.18.0.8:41679 in memory (size: 124.2 KiB, free: 1048.8 MiB)
[2024-11-03T10:54:46.702+0000] {spark_submit.py:579} INFO - 24/11/03 10:54:46 INFO CodeGenerator: Code generated in 647.900343 ms
[2024-11-03T10:54:46.793+0000] {spark_submit.py:579} INFO - 24/11/03 10:54:46 INFO SparkContext: Starting job: $anonfun$recordDeltaOperationInternal$1 at DatabricksLogging.scala:128
[2024-11-03T10:54:46.794+0000] {spark_submit.py:579} INFO - 24/11/03 10:54:46 INFO DAGScheduler: Job 2 finished: $anonfun$recordDeltaOperationInternal$1 at DatabricksLogging.scala:128, took 0.000486 s
[2024-11-03T10:54:46.908+0000] {spark_submit.py:579} INFO - 24/11/03 10:54:46 INFO OptimisticTransaction: [tableId=9b43cce8,txnId=fbe4720d] Attempting to commit version 0 with 4 actions with Serializable isolation level
[2024-11-03T10:54:47.360+0000] {spark_submit.py:579} INFO - 24/11/03 10:54:47 INFO DeltaLog: Creating a new snapshot v0 for commit version 0
[2024-11-03T10:54:47.361+0000] {spark_submit.py:579} INFO - 24/11/03 10:54:47 INFO DeltaLog: Loading version 0.
[2024-11-03T10:54:47.386+0000] {spark_submit.py:579} INFO - 24/11/03 10:54:47 INFO DeltaLogFileIndex: Created DeltaLogFileIndex(JSON, numFilesInSegment: 1, totalFileSize: 1809)
[2024-11-03T10:54:47.576+0000] {spark_submit.py:579} INFO - 24/11/03 10:54:47 INFO FileSourceStrategy: Pushed Filters:
[2024-11-03T10:54:47.577+0000] {spark_submit.py:579} INFO - 24/11/03 10:54:47 INFO FileSourceStrategy: Post-Scan Filters:
[2024-11-03T10:54:47.678+0000] {spark_submit.py:579} INFO - 24/11/03 10:54:47 INFO CodeGenerator: Code generated in 69.082769 ms
[2024-11-03T10:54:47.686+0000] {spark_submit.py:579} INFO - 24/11/03 10:54:47 INFO MemoryStore: Block broadcast_3 stored as values in memory (estimated size 205.1 KiB, free 434.0 MiB)
[2024-11-03T10:54:47.706+0000] {spark_submit.py:579} INFO - 24/11/03 10:54:47 INFO MemoryStore: Block broadcast_3_piece0 stored as bytes in memory (estimated size 36.1 KiB, free 433.9 MiB)
[2024-11-03T10:54:47.708+0000] {spark_submit.py:579} INFO - 24/11/03 10:54:47 INFO BlockManagerInfo: Added broadcast_3_piece0 in memory on eb88dbfa1959:34657 (size: 36.1 KiB, free: 434.3 MiB)
[2024-11-03T10:54:47.711+0000] {spark_submit.py:579} INFO - 24/11/03 10:54:47 INFO SparkContext: Created broadcast 3 from toString at String.java:2951
[2024-11-03T10:54:47.766+0000] {spark_submit.py:579} INFO - 24/11/03 10:54:47 INFO FileSourceScanExec: Planning scan with bin packing, max size: 4194304 bytes, open cost is considered as scanning 4194304 bytes.
[2024-11-03T10:54:47.814+0000] {spark_submit.py:579} INFO - 24/11/03 10:54:47 INFO SparkContext: Starting job: toString at String.java:2951
[2024-11-03T10:54:47.817+0000] {spark_submit.py:579} INFO - 24/11/03 10:54:47 INFO DAGScheduler: Got job 3 (toString at String.java:2951) with 1 output partitions
[2024-11-03T10:54:47.818+0000] {spark_submit.py:579} INFO - 24/11/03 10:54:47 INFO DAGScheduler: Final stage: ResultStage 2 (toString at String.java:2951)
[2024-11-03T10:54:47.819+0000] {spark_submit.py:579} INFO - 24/11/03 10:54:47 INFO DAGScheduler: Parents of final stage: List()
[2024-11-03T10:54:47.819+0000] {spark_submit.py:579} INFO - 24/11/03 10:54:47 INFO DAGScheduler: Missing parents: List()
[2024-11-03T10:54:47.820+0000] {spark_submit.py:579} INFO - 24/11/03 10:54:47 INFO DAGScheduler: Submitting ResultStage 2 (MapPartitionsRDD[14] at toString at String.java:2951), which has no missing parents
[2024-11-03T10:54:47.823+0000] {spark_submit.py:579} INFO - 24/11/03 10:54:47 INFO MemoryStore: Block broadcast_4 stored as values in memory (estimated size 50.4 KiB, free 433.9 MiB)
[2024-11-03T10:54:47.838+0000] {spark_submit.py:579} INFO - 24/11/03 10:54:47 INFO MemoryStore: Block broadcast_4_piece0 stored as bytes in memory (estimated size 15.5 KiB, free 433.9 MiB)
[2024-11-03T10:54:47.840+0000] {spark_submit.py:579} INFO - 24/11/03 10:54:47 INFO BlockManagerInfo: Added broadcast_4_piece0 in memory on eb88dbfa1959:34657 (size: 15.5 KiB, free: 434.3 MiB)
[2024-11-03T10:54:47.841+0000] {spark_submit.py:579} INFO - 24/11/03 10:54:47 INFO SparkContext: Created broadcast 4 from broadcast at DAGScheduler.scala:1540
[2024-11-03T10:54:47.843+0000] {spark_submit.py:579} INFO - 24/11/03 10:54:47 INFO DAGScheduler: Submitting 1 missing tasks from ResultStage 2 (MapPartitionsRDD[14] at toString at String.java:2951) (first 15 tasks are for partitions Vector(0))
[2024-11-03T10:54:47.844+0000] {spark_submit.py:579} INFO - 24/11/03 10:54:47 INFO TaskSchedulerImpl: Adding task set 2.0 with 1 tasks resource profile 0
[2024-11-03T10:54:47.846+0000] {spark_submit.py:579} INFO - 24/11/03 10:54:47 INFO TaskSetManager: Starting task 0.0 in stage 2.0 (TID 3) (172.18.0.8, executor 0, partition 0, PROCESS_LOCAL, 7950 bytes)
[2024-11-03T10:54:47.894+0000] {spark_submit.py:579} INFO - 24/11/03 10:54:47 INFO BlockManagerInfo: Added broadcast_4_piece0 in memory on 172.18.0.8:41679 (size: 15.5 KiB, free: 1048.7 MiB)
[2024-11-03T10:54:48.143+0000] {spark_submit.py:579} INFO - 24/11/03 10:54:48 INFO BlockManagerInfo: Added broadcast_3_piece0 in memory on 172.18.0.8:41679 (size: 36.1 KiB, free: 1048.7 MiB)
[2024-11-03T10:54:48.235+0000] {spark_submit.py:579} INFO - 24/11/03 10:54:48 INFO TaskSetManager: Finished task 0.0 in stage 2.0 (TID 3) in 389 ms on 172.18.0.8 (executor 0) (1/1)
[2024-11-03T10:54:48.237+0000] {spark_submit.py:579} INFO - 24/11/03 10:54:48 INFO TaskSchedulerImpl: Removed TaskSet 2.0, whose tasks have all completed, from pool
[2024-11-03T10:54:48.238+0000] {spark_submit.py:579} INFO - 24/11/03 10:54:48 INFO DAGScheduler: ResultStage 2 (toString at String.java:2951) finished in 0.415 s
[2024-11-03T10:54:48.239+0000] {spark_submit.py:579} INFO - 24/11/03 10:54:48 INFO DAGScheduler: Job 3 is finished. Cancelling potential speculative or zombie tasks for this job
[2024-11-03T10:54:48.240+0000] {spark_submit.py:579} INFO - 24/11/03 10:54:48 INFO TaskSchedulerImpl: Killing all running tasks in stage 2: Stage finished
[2024-11-03T10:54:48.240+0000] {spark_submit.py:579} INFO - 24/11/03 10:54:48 INFO DAGScheduler: Job 3 finished: toString at String.java:2951, took 0.424131 s
[2024-11-03T10:54:48.305+0000] {spark_submit.py:579} INFO - 24/11/03 10:54:48 INFO CodeGenerator: Code generated in 40.137404 ms
[2024-11-03T10:54:48.316+0000] {spark_submit.py:579} INFO - 24/11/03 10:54:48 INFO Snapshot: [tableId=9b43cce8-5dcf-4c91-a967-59de553a51ae] Created snapshot Snapshot(path=s3a://lakehouse/sliver/credit/_delta_log, version=0, metadata=Metadata(5bcdfbeb-728b-4e09-8045-2a42b63cacfe,null,null,Format(parquet,Map()),{"type":"struct","fields":[{"name":"cast","type":{"type":"array","elementType":{"type":"struct","fields":[{"name":"name","type":"string","nullable":true,"metadata":{}}]},"containsNull":true},"nullable":true,"metadata":{}},{"name":"crew","type":{"type":"array","elementType":{"type":"struct","fields":[{"name":"name","type":"string","nullable":true,"metadata":{}}]},"containsNull":true},"nullable":true,"metadata":{}},{"name":"id","type":"long","nullable":true,"metadata":{}},{"name":"cast_name","type":{"type":"array","elementType":"string","containsNull":true},"nullable":true,"metadata":{}},{"name":"director","type":{"type":"array","elementType":"string","containsNull":true},"nullable":true,"metadata":{}}]},List(),Map(),Some(1730631275472)), logSegment=LogSegment(s3a://lakehouse/sliver/credit/_delta_log,0,WrappedArray(S3AFileStatus{path=s3a://lakehouse/sliver/credit/_delta_log/00000000000000000000.json; isDirectory=false; length=1809; replication=1; blocksize=33554432; modification_time=1730631287239; access_time=0; owner=***; group=***; permission=rw-rw-rw-; isSymlink=false; hasAcl=false; isEncrypted=true; isErasureCoded=false} isEmptyDirectory=FALSE eTag=29e9f3bec5e9e4a6d61083096b20693d versionId=null),None,1730631287239), checksumOpt=None)
[2024-11-03T10:54:48.318+0000] {spark_submit.py:579} INFO - 24/11/03 10:54:48 INFO DeltaLog: Updated snapshot to Snapshot(path=s3a://lakehouse/sliver/credit/_delta_log, version=0, metadata=Metadata(5bcdfbeb-728b-4e09-8045-2a42b63cacfe,null,null,Format(parquet,Map()),{"type":"struct","fields":[{"name":"cast","type":{"type":"array","elementType":{"type":"struct","fields":[{"name":"name","type":"string","nullable":true,"metadata":{}}]},"containsNull":true},"nullable":true,"metadata":{}},{"name":"crew","type":{"type":"array","elementType":{"type":"struct","fields":[{"name":"name","type":"string","nullable":true,"metadata":{}}]},"containsNull":true},"nullable":true,"metadata":{}},{"name":"id","type":"long","nullable":true,"metadata":{}},{"name":"cast_name","type":{"type":"array","elementType":"string","containsNull":true},"nullable":true,"metadata":{}},{"name":"director","type":{"type":"array","elementType":"string","containsNull":true},"nullable":true,"metadata":{}}]},List(),Map(),Some(1730631275472)), logSegment=LogSegment(s3a://lakehouse/sliver/credit/_delta_log,0,WrappedArray(S3AFileStatus{path=s3a://lakehouse/sliver/credit/_delta_log/00000000000000000000.json; isDirectory=false; length=1809; replication=1; blocksize=33554432; modification_time=1730631287239; access_time=0; owner=***; group=***; permission=rw-rw-rw-; isSymlink=false; hasAcl=false; isEncrypted=true; isErasureCoded=false} isEmptyDirectory=FALSE eTag=29e9f3bec5e9e4a6d61083096b20693d versionId=null),None,1730631287239), checksumOpt=None)
[2024-11-03T10:54:48.320+0000] {spark_submit.py:579} INFO - 24/11/03 10:54:48 INFO Snapshot: [tableId=5bcdfbeb-728b-4e09-8045-2a42b63cacfe] DELTA: Compute snapshot for version: 0
[2024-11-03T10:54:48.361+0000] {spark_submit.py:579} INFO - 24/11/03 10:54:48 INFO MemoryStore: Block broadcast_5 stored as values in memory (estimated size 204.8 KiB, free 433.7 MiB)
[2024-11-03T10:54:48.385+0000] {spark_submit.py:579} INFO - 24/11/03 10:54:48 INFO BlockManagerInfo: Removed broadcast_4_piece0 on eb88dbfa1959:34657 in memory (size: 15.5 KiB, free: 434.3 MiB)
[2024-11-03T10:54:48.388+0000] {spark_submit.py:579} INFO - 24/11/03 10:54:48 INFO MemoryStore: Block broadcast_5_piece0 stored as bytes in memory (estimated size 36.1 KiB, free 433.7 MiB)
[2024-11-03T10:54:48.390+0000] {spark_submit.py:579} INFO - 24/11/03 10:54:48 INFO BlockManagerInfo: Removed broadcast_4_piece0 on 172.18.0.8:41679 in memory (size: 15.5 KiB, free: 1048.7 MiB)
[2024-11-03T10:54:48.392+0000] {spark_submit.py:579} INFO - 24/11/03 10:54:48 INFO BlockManagerInfo: Added broadcast_5_piece0 in memory on eb88dbfa1959:34657 (size: 36.1 KiB, free: 434.3 MiB)
[2024-11-03T10:54:48.394+0000] {spark_submit.py:579} INFO - 24/11/03 10:54:48 INFO SparkContext: Created broadcast 5 from $anonfun$recordDeltaOperationInternal$1 at DatabricksLogging.scala:128
[2024-11-03T10:54:48.772+0000] {spark_submit.py:579} INFO - 24/11/03 10:54:48 INFO BlockManagerInfo: Removed broadcast_3_piece0 on eb88dbfa1959:34657 in memory (size: 36.1 KiB, free: 434.3 MiB)
[2024-11-03T10:54:48.776+0000] {spark_submit.py:579} INFO - 24/11/03 10:54:48 INFO BlockManagerInfo: Removed broadcast_3_piece0 on 172.18.0.8:41679 in memory (size: 36.1 KiB, free: 1048.8 MiB)
[2024-11-03T10:54:48.939+0000] {spark_submit.py:579} INFO - 24/11/03 10:54:48 INFO FileSourceStrategy: Pushed Filters:
[2024-11-03T10:54:48.940+0000] {spark_submit.py:579} INFO - 24/11/03 10:54:48 INFO FileSourceStrategy: Post-Scan Filters:
[2024-11-03T10:54:49.020+0000] {spark_submit.py:579} INFO - 24/11/03 10:54:49 WARN package: Truncated the string representation of a plan since it was too large. This behavior can be adjusted by setting 'spark.sql.debug.maxToStringFields'.
[2024-11-03T10:54:49.309+0000] {spark_submit.py:579} INFO - 24/11/03 10:54:49 INFO CodeGenerator: Code generated in 125.219451 ms
[2024-11-03T10:54:49.313+0000] {spark_submit.py:579} INFO - 24/11/03 10:54:49 INFO MemoryStore: Block broadcast_6 stored as values in memory (estimated size 205.1 KiB, free 433.7 MiB)
[2024-11-03T10:54:49.334+0000] {spark_submit.py:579} INFO - 24/11/03 10:54:49 INFO MemoryStore: Block broadcast_6_piece0 stored as bytes in memory (estimated size 36.1 KiB, free 433.7 MiB)
[2024-11-03T10:54:49.336+0000] {spark_submit.py:579} INFO - 24/11/03 10:54:49 INFO BlockManagerInfo: Added broadcast_6_piece0 in memory on eb88dbfa1959:34657 (size: 36.1 KiB, free: 434.3 MiB)
[2024-11-03T10:54:49.338+0000] {spark_submit.py:579} INFO - 24/11/03 10:54:49 INFO SparkContext: Created broadcast 6 from $anonfun$recordDeltaOperationInternal$1 at DatabricksLogging.scala:128
[2024-11-03T10:54:49.340+0000] {spark_submit.py:579} INFO - 24/11/03 10:54:49 INFO FileSourceScanExec: Planning scan with bin packing, max size: 4194304 bytes, open cost is considered as scanning 4194304 bytes.
[2024-11-03T10:54:49.444+0000] {spark_submit.py:579} INFO - 24/11/03 10:54:49 INFO DAGScheduler: Registering RDD 18 ($anonfun$recordDeltaOperationInternal$1 at DatabricksLogging.scala:128) as input to shuffle 0
[2024-11-03T10:54:49.450+0000] {spark_submit.py:579} INFO - 24/11/03 10:54:49 INFO DAGScheduler: Got map stage job 4 ($anonfun$recordDeltaOperationInternal$1 at DatabricksLogging.scala:128) with 1 output partitions
[2024-11-03T10:54:49.451+0000] {spark_submit.py:579} INFO - 24/11/03 10:54:49 INFO DAGScheduler: Final stage: ShuffleMapStage 3 ($anonfun$recordDeltaOperationInternal$1 at DatabricksLogging.scala:128)
[2024-11-03T10:54:49.453+0000] {spark_submit.py:579} INFO - 24/11/03 10:54:49 INFO DAGScheduler: Parents of final stage: List()
[2024-11-03T10:54:49.456+0000] {spark_submit.py:579} INFO - 24/11/03 10:54:49 INFO DAGScheduler: Missing parents: List()
[2024-11-03T10:54:49.459+0000] {spark_submit.py:579} INFO - 24/11/03 10:54:49 INFO DAGScheduler: Submitting ShuffleMapStage 3 (MapPartitionsRDD[18] at $anonfun$recordDeltaOperationInternal$1 at DatabricksLogging.scala:128), which has no missing parents
[2024-11-03T10:54:49.487+0000] {spark_submit.py:579} INFO - 24/11/03 10:54:49 INFO MemoryStore: Block broadcast_7 stored as values in memory (estimated size 138.3 KiB, free 433.6 MiB)
[2024-11-03T10:54:49.500+0000] {spark_submit.py:579} INFO - 24/11/03 10:54:49 INFO MemoryStore: Block broadcast_7_piece0 stored as bytes in memory (estimated size 39.0 KiB, free 433.5 MiB)
[2024-11-03T10:54:49.506+0000] {spark_submit.py:579} INFO - 24/11/03 10:54:49 INFO BlockManagerInfo: Added broadcast_7_piece0 in memory on eb88dbfa1959:34657 (size: 39.0 KiB, free: 434.3 MiB)
[2024-11-03T10:54:49.507+0000] {spark_submit.py:579} INFO - 24/11/03 10:54:49 INFO SparkContext: Created broadcast 7 from broadcast at DAGScheduler.scala:1540
[2024-11-03T10:54:49.510+0000] {spark_submit.py:579} INFO - 24/11/03 10:54:49 INFO DAGScheduler: Submitting 1 missing tasks from ShuffleMapStage 3 (MapPartitionsRDD[18] at $anonfun$recordDeltaOperationInternal$1 at DatabricksLogging.scala:128) (first 15 tasks are for partitions Vector(0))
[2024-11-03T10:54:49.511+0000] {spark_submit.py:579} INFO - 24/11/03 10:54:49 INFO TaskSchedulerImpl: Adding task set 3.0 with 1 tasks resource profile 0
[2024-11-03T10:54:49.514+0000] {spark_submit.py:579} INFO - 24/11/03 10:54:49 INFO TaskSetManager: Starting task 0.0 in stage 3.0 (TID 4) (172.18.0.8, executor 0, partition 0, PROCESS_LOCAL, 7939 bytes)
[2024-11-03T10:54:49.557+0000] {spark_submit.py:579} INFO - 24/11/03 10:54:49 INFO BlockManagerInfo: Added broadcast_7_piece0 in memory on 172.18.0.8:41679 (size: 39.0 KiB, free: 1048.7 MiB)
[2024-11-03T10:54:50.111+0000] {spark_submit.py:579} INFO - 24/11/03 10:54:50 INFO BlockManagerInfo: Added broadcast_6_piece0 in memory on 172.18.0.8:41679 (size: 36.1 KiB, free: 1048.7 MiB)
[2024-11-03T10:54:52.098+0000] {spark_submit.py:579} INFO - 24/11/03 10:54:52 INFO TaskSetManager: Finished task 0.0 in stage 3.0 (TID 4) in 2584 ms on 172.18.0.8 (executor 0) (1/1)
[2024-11-03T10:54:52.099+0000] {spark_submit.py:579} INFO - 24/11/03 10:54:52 INFO TaskSchedulerImpl: Removed TaskSet 3.0, whose tasks have all completed, from pool
[2024-11-03T10:54:52.102+0000] {spark_submit.py:579} INFO - 24/11/03 10:54:52 INFO DAGScheduler: ShuffleMapStage 3 ($anonfun$recordDeltaOperationInternal$1 at DatabricksLogging.scala:128) finished in 2.636 s
[2024-11-03T10:54:52.103+0000] {spark_submit.py:579} INFO - 24/11/03 10:54:52 INFO DAGScheduler: looking for newly runnable stages
[2024-11-03T10:54:52.104+0000] {spark_submit.py:579} INFO - 24/11/03 10:54:52 INFO DAGScheduler: running: Set()
[2024-11-03T10:54:52.104+0000] {spark_submit.py:579} INFO - 24/11/03 10:54:52 INFO DAGScheduler: waiting: Set()
[2024-11-03T10:54:52.106+0000] {spark_submit.py:579} INFO - 24/11/03 10:54:52 INFO DAGScheduler: failed: Set()
[2024-11-03T10:54:52.241+0000] {spark_submit.py:579} INFO - 24/11/03 10:54:52 INFO BlockManagerInfo: Removed broadcast_7_piece0 on eb88dbfa1959:34657 in memory (size: 39.0 KiB, free: 434.3 MiB)
[2024-11-03T10:54:52.260+0000] {spark_submit.py:579} INFO - 24/11/03 10:54:52 INFO BlockManagerInfo: Removed broadcast_7_piece0 on 172.18.0.8:41679 in memory (size: 39.0 KiB, free: 1048.7 MiB)
[2024-11-03T10:54:52.712+0000] {spark_submit.py:579} INFO - 24/11/03 10:54:52 INFO CodeGenerator: Generated method too long to be JIT compiled: org.apache.spark.sql.catalyst.expressions.GeneratedClass$GeneratedIteratorForCodegenStage3.serializefromobject_doConsume_0$ is 19938 bytes
[2024-11-03T10:54:52.712+0000] {spark_submit.py:579} INFO - 24/11/03 10:54:52 INFO CodeGenerator: Code generated in 323.137649 ms
[2024-11-03T10:54:52.843+0000] {spark_submit.py:579} INFO - 24/11/03 10:54:52 INFO CodeGenerator: Code generated in 96.343413 ms
[2024-11-03T10:54:53.391+0000] {spark_submit.py:579} INFO - 24/11/03 10:54:53 INFO CodeGenerator: Code generated in 126.474336 ms
[2024-11-03T10:54:53.406+0000] {spark_submit.py:579} INFO - 24/11/03 10:54:53 INFO DAGScheduler: Registering RDD 28 ($anonfun$recordDeltaOperationInternal$1 at DatabricksLogging.scala:128) as input to shuffle 1
[2024-11-03T10:54:53.407+0000] {spark_submit.py:579} INFO - 24/11/03 10:54:53 INFO DAGScheduler: Got map stage job 5 ($anonfun$recordDeltaOperationInternal$1 at DatabricksLogging.scala:128) with 50 output partitions
[2024-11-03T10:54:53.408+0000] {spark_submit.py:579} INFO - 24/11/03 10:54:53 INFO DAGScheduler: Final stage: ShuffleMapStage 5 ($anonfun$recordDeltaOperationInternal$1 at DatabricksLogging.scala:128)
[2024-11-03T10:54:53.409+0000] {spark_submit.py:579} INFO - 24/11/03 10:54:53 INFO DAGScheduler: Parents of final stage: List(ShuffleMapStage 4)
[2024-11-03T10:54:53.417+0000] {spark_submit.py:579} INFO - 24/11/03 10:54:53 INFO DAGScheduler: Missing parents: List()
[2024-11-03T10:54:53.419+0000] {spark_submit.py:579} INFO - 24/11/03 10:54:53 INFO DAGScheduler: Submitting ShuffleMapStage 5 (MapPartitionsRDD[28] at $anonfun$recordDeltaOperationInternal$1 at DatabricksLogging.scala:128), which has no missing parents
[2024-11-03T10:54:53.590+0000] {spark_submit.py:579} INFO - 24/11/03 10:54:53 INFO MemoryStore: Block broadcast_8 stored as values in memory (estimated size 517.0 KiB, free 433.2 MiB)
[2024-11-03T10:54:53.617+0000] {spark_submit.py:579} INFO - 24/11/03 10:54:53 INFO MemoryStore: Block broadcast_8_piece0 stored as bytes in memory (estimated size 123.3 KiB, free 433.1 MiB)
[2024-11-03T10:54:53.622+0000] {spark_submit.py:579} INFO - 24/11/03 10:54:53 INFO BlockManagerInfo: Added broadcast_8_piece0 in memory on eb88dbfa1959:34657 (size: 123.3 KiB, free: 434.2 MiB)
[2024-11-03T10:54:53.623+0000] {spark_submit.py:579} INFO - 24/11/03 10:54:53 INFO SparkContext: Created broadcast 8 from broadcast at DAGScheduler.scala:1540
[2024-11-03T10:54:53.625+0000] {spark_submit.py:579} INFO - 24/11/03 10:54:53 INFO DAGScheduler: Submitting 50 missing tasks from ShuffleMapStage 5 (MapPartitionsRDD[28] at $anonfun$recordDeltaOperationInternal$1 at DatabricksLogging.scala:128) (first 15 tasks are for partitions Vector(0, 1, 2, 3, 4, 5, 6, 7, 8, 9, 10, 11, 12, 13, 14))
[2024-11-03T10:54:53.626+0000] {spark_submit.py:579} INFO - 24/11/03 10:54:53 INFO TaskSchedulerImpl: Adding task set 5.0 with 50 tasks resource profile 0
[2024-11-03T10:54:53.636+0000] {spark_submit.py:579} INFO - 24/11/03 10:54:53 INFO TaskSetManager: Starting task 42.0 in stage 5.0 (TID 5) (172.18.0.8, executor 0, partition 42, NODE_LOCAL, 7356 bytes)
[2024-11-03T10:54:53.637+0000] {spark_submit.py:579} INFO - 24/11/03 10:54:53 INFO TaskSetManager: Starting task 44.0 in stage 5.0 (TID 6) (172.18.0.8, executor 0, partition 44, NODE_LOCAL, 7356 bytes)
[2024-11-03T10:54:53.665+0000] {spark_submit.py:579} INFO - 24/11/03 10:54:53 INFO BlockManagerInfo: Added broadcast_8_piece0 in memory on 172.18.0.8:41679 (size: 123.3 KiB, free: 1048.6 MiB)
[2024-11-03T10:54:53.903+0000] {spark_submit.py:579} INFO - 24/11/03 10:54:53 INFO MapOutputTrackerMasterEndpoint: Asked to send map output locations for shuffle 0 to 172.18.0.8:50342
[2024-11-03T10:54:54.842+0000] {spark_submit.py:579} INFO - 24/11/03 10:54:54 INFO BlockManagerInfo: Added rdd_25_44 in memory on 172.18.0.8:41679 (size: 432.0 B, free: 1048.6 MiB)
[2024-11-03T10:54:54.924+0000] {spark_submit.py:579} INFO - 24/11/03 10:54:54 INFO BlockManagerInfo: Added rdd_25_42 in memory on 172.18.0.8:41679 (size: 566.0 B, free: 1048.6 MiB)
[2024-11-03T10:54:55.149+0000] {spark_submit.py:579} INFO - 24/11/03 10:54:55 INFO TaskSetManager: Starting task 0.0 in stage 5.0 (TID 7) (172.18.0.8, executor 0, partition 0, PROCESS_LOCAL, 7356 bytes)
[2024-11-03T10:54:55.150+0000] {spark_submit.py:579} INFO - 24/11/03 10:54:55 INFO TaskSetManager: Finished task 44.0 in stage 5.0 (TID 6) in 1514 ms on 172.18.0.8 (executor 0) (1/50)
[2024-11-03T10:54:55.152+0000] {spark_submit.py:579} INFO - 24/11/03 10:54:55 INFO TaskSetManager: Starting task 1.0 in stage 5.0 (TID 8) (172.18.0.8, executor 0, partition 1, PROCESS_LOCAL, 7356 bytes)
[2024-11-03T10:54:55.154+0000] {spark_submit.py:579} INFO - 24/11/03 10:54:55 INFO TaskSetManager: Finished task 42.0 in stage 5.0 (TID 5) in 1520 ms on 172.18.0.8 (executor 0) (2/50)
[2024-11-03T10:54:55.287+0000] {spark_submit.py:579} INFO - 24/11/03 10:54:55 INFO BlockManagerInfo: Added rdd_25_0 in memory on 172.18.0.8:41679 (size: 46.0 B, free: 1048.6 MiB)
[2024-11-03T10:54:55.290+0000] {spark_submit.py:579} INFO - 24/11/03 10:54:55 INFO BlockManagerInfo: Added rdd_25_1 in memory on 172.18.0.8:41679 (size: 46.0 B, free: 1048.6 MiB)
[2024-11-03T10:54:55.355+0000] {spark_submit.py:579} INFO - 24/11/03 10:54:55 INFO TaskSetManager: Starting task 2.0 in stage 5.0 (TID 9) (172.18.0.8, executor 0, partition 2, PROCESS_LOCAL, 7356 bytes)
[2024-11-03T10:54:55.356+0000] {spark_submit.py:579} INFO - 24/11/03 10:54:55 INFO TaskSetManager: Finished task 0.0 in stage 5.0 (TID 7) in 206 ms on 172.18.0.8 (executor 0) (3/50)
[2024-11-03T10:54:55.357+0000] {spark_submit.py:579} INFO - 24/11/03 10:54:55 INFO TaskSetManager: Starting task 3.0 in stage 5.0 (TID 10) (172.18.0.8, executor 0, partition 3, PROCESS_LOCAL, 7356 bytes)
[2024-11-03T10:54:55.359+0000] {spark_submit.py:579} INFO - 24/11/03 10:54:55 INFO TaskSetManager: Finished task 1.0 in stage 5.0 (TID 8) in 207 ms on 172.18.0.8 (executor 0) (4/50)
[2024-11-03T10:54:55.489+0000] {spark_submit.py:579} INFO - 24/11/03 10:54:55 INFO BlockManagerInfo: Added rdd_25_3 in memory on 172.18.0.8:41679 (size: 46.0 B, free: 1048.6 MiB)
[2024-11-03T10:54:55.499+0000] {spark_submit.py:579} INFO - 24/11/03 10:54:55 INFO BlockManagerInfo: Added rdd_25_2 in memory on 172.18.0.8:41679 (size: 46.0 B, free: 1048.6 MiB)
[2024-11-03T10:54:55.551+0000] {spark_submit.py:579} INFO - 24/11/03 10:54:55 INFO TaskSetManager: Starting task 4.0 in stage 5.0 (TID 11) (172.18.0.8, executor 0, partition 4, PROCESS_LOCAL, 7356 bytes)
[2024-11-03T10:54:55.553+0000] {spark_submit.py:579} INFO - 24/11/03 10:54:55 INFO TaskSetManager: Finished task 3.0 in stage 5.0 (TID 10) in 195 ms on 172.18.0.8 (executor 0) (5/50)
[2024-11-03T10:54:55.556+0000] {spark_submit.py:579} INFO - 24/11/03 10:54:55 INFO TaskSetManager: Starting task 5.0 in stage 5.0 (TID 12) (172.18.0.8, executor 0, partition 5, PROCESS_LOCAL, 7356 bytes)
[2024-11-03T10:54:55.557+0000] {spark_submit.py:579} INFO - 24/11/03 10:54:55 INFO TaskSetManager: Finished task 2.0 in stage 5.0 (TID 9) in 203 ms on 172.18.0.8 (executor 0) (6/50)
[2024-11-03T10:54:55.668+0000] {spark_submit.py:579} INFO - 24/11/03 10:54:55 INFO BlockManagerInfo: Added rdd_25_4 in memory on 172.18.0.8:41679 (size: 46.0 B, free: 1048.6 MiB)
[2024-11-03T10:54:55.678+0000] {spark_submit.py:579} INFO - 24/11/03 10:54:55 INFO BlockManagerInfo: Added rdd_25_5 in memory on 172.18.0.8:41679 (size: 46.0 B, free: 1048.6 MiB)
[2024-11-03T10:54:55.737+0000] {spark_submit.py:579} INFO - 24/11/03 10:54:55 INFO TaskSetManager: Starting task 6.0 in stage 5.0 (TID 13) (172.18.0.8, executor 0, partition 6, PROCESS_LOCAL, 7356 bytes)
[2024-11-03T10:54:55.738+0000] {spark_submit.py:579} INFO - 24/11/03 10:54:55 INFO TaskSetManager: Finished task 4.0 in stage 5.0 (TID 11) in 188 ms on 172.18.0.8 (executor 0) (7/50)
[2024-11-03T10:54:55.750+0000] {spark_submit.py:579} INFO - 24/11/03 10:54:55 INFO TaskSetManager: Starting task 7.0 in stage 5.0 (TID 14) (172.18.0.8, executor 0, partition 7, PROCESS_LOCAL, 7356 bytes)
[2024-11-03T10:54:55.751+0000] {spark_submit.py:579} INFO - 24/11/03 10:54:55 INFO TaskSetManager: Finished task 5.0 in stage 5.0 (TID 12) in 195 ms on 172.18.0.8 (executor 0) (8/50)
[2024-11-03T10:54:55.856+0000] {spark_submit.py:579} INFO - 24/11/03 10:54:55 INFO BlockManagerInfo: Added rdd_25_7 in memory on 172.18.0.8:41679 (size: 46.0 B, free: 1048.6 MiB)
[2024-11-03T10:54:55.858+0000] {spark_submit.py:579} INFO - 24/11/03 10:54:55 INFO BlockManagerInfo: Added rdd_25_6 in memory on 172.18.0.8:41679 (size: 46.0 B, free: 1048.6 MiB)
[2024-11-03T10:54:55.903+0000] {spark_submit.py:579} INFO - 24/11/03 10:54:55 INFO TaskSetManager: Starting task 8.0 in stage 5.0 (TID 15) (172.18.0.8, executor 0, partition 8, PROCESS_LOCAL, 7356 bytes)
[2024-11-03T10:54:55.905+0000] {spark_submit.py:579} INFO - 24/11/03 10:54:55 INFO TaskSetManager: Finished task 6.0 in stage 5.0 (TID 13) in 169 ms on 172.18.0.8 (executor 0) (9/50)
[2024-11-03T10:54:55.907+0000] {spark_submit.py:579} INFO - 24/11/03 10:54:55 INFO TaskSetManager: Starting task 9.0 in stage 5.0 (TID 16) (172.18.0.8, executor 0, partition 9, PROCESS_LOCAL, 7356 bytes)
[2024-11-03T10:54:55.909+0000] {spark_submit.py:579} INFO - 24/11/03 10:54:55 INFO TaskSetManager: Finished task 7.0 in stage 5.0 (TID 14) in 160 ms on 172.18.0.8 (executor 0) (10/50)
[2024-11-03T10:54:56.017+0000] {spark_submit.py:579} INFO - 24/11/03 10:54:56 INFO BlockManagerInfo: Added rdd_25_8 in memory on 172.18.0.8:41679 (size: 46.0 B, free: 1048.6 MiB)
[2024-11-03T10:54:56.020+0000] {spark_submit.py:579} INFO - 24/11/03 10:54:56 INFO BlockManagerInfo: Added rdd_25_9 in memory on 172.18.0.8:41679 (size: 46.0 B, free: 1048.6 MiB)
[2024-11-03T10:54:56.084+0000] {spark_submit.py:579} INFO - 24/11/03 10:54:56 INFO TaskSetManager: Starting task 10.0 in stage 5.0 (TID 17) (172.18.0.8, executor 0, partition 10, PROCESS_LOCAL, 7356 bytes)
[2024-11-03T10:54:56.086+0000] {spark_submit.py:579} INFO - 24/11/03 10:54:56 INFO TaskSetManager: Finished task 9.0 in stage 5.0 (TID 16) in 178 ms on 172.18.0.8 (executor 0) (11/50)
[2024-11-03T10:54:56.088+0000] {spark_submit.py:579} INFO - 24/11/03 10:54:56 INFO TaskSetManager: Starting task 11.0 in stage 5.0 (TID 18) (172.18.0.8, executor 0, partition 11, PROCESS_LOCAL, 7356 bytes)
[2024-11-03T10:54:56.089+0000] {spark_submit.py:579} INFO - 24/11/03 10:54:56 INFO TaskSetManager: Finished task 8.0 in stage 5.0 (TID 15) in 186 ms on 172.18.0.8 (executor 0) (12/50)
[2024-11-03T10:54:56.174+0000] {spark_submit.py:579} INFO - 24/11/03 10:54:56 INFO BlockManagerInfo: Added rdd_25_10 in memory on 172.18.0.8:41679 (size: 46.0 B, free: 1048.6 MiB)
[2024-11-03T10:54:56.185+0000] {spark_submit.py:579} INFO - 24/11/03 10:54:56 INFO BlockManagerInfo: Added rdd_25_11 in memory on 172.18.0.8:41679 (size: 46.0 B, free: 1048.6 MiB)
[2024-11-03T10:54:56.222+0000] {spark_submit.py:579} INFO - 24/11/03 10:54:56 INFO TaskSetManager: Starting task 12.0 in stage 5.0 (TID 19) (172.18.0.8, executor 0, partition 12, PROCESS_LOCAL, 7356 bytes)
[2024-11-03T10:54:56.224+0000] {spark_submit.py:579} INFO - 24/11/03 10:54:56 INFO TaskSetManager: Finished task 10.0 in stage 5.0 (TID 17) in 140 ms on 172.18.0.8 (executor 0) (13/50)
[2024-11-03T10:54:56.236+0000] {spark_submit.py:579} INFO - 24/11/03 10:54:56 INFO TaskSetManager: Starting task 13.0 in stage 5.0 (TID 20) (172.18.0.8, executor 0, partition 13, PROCESS_LOCAL, 7356 bytes)
[2024-11-03T10:54:56.238+0000] {spark_submit.py:579} INFO - 24/11/03 10:54:56 INFO TaskSetManager: Finished task 11.0 in stage 5.0 (TID 18) in 150 ms on 172.18.0.8 (executor 0) (14/50)
[2024-11-03T10:54:56.309+0000] {spark_submit.py:579} INFO - 24/11/03 10:54:56 INFO BlockManagerInfo: Added rdd_25_12 in memory on 172.18.0.8:41679 (size: 46.0 B, free: 1048.6 MiB)
[2024-11-03T10:54:56.321+0000] {spark_submit.py:579} INFO - 24/11/03 10:54:56 INFO BlockManagerInfo: Added rdd_25_13 in memory on 172.18.0.8:41679 (size: 46.0 B, free: 1048.6 MiB)
[2024-11-03T10:54:56.347+0000] {spark_submit.py:579} INFO - 24/11/03 10:54:56 INFO TaskSetManager: Starting task 14.0 in stage 5.0 (TID 21) (172.18.0.8, executor 0, partition 14, PROCESS_LOCAL, 7356 bytes)
[2024-11-03T10:54:56.349+0000] {spark_submit.py:579} INFO - 24/11/03 10:54:56 INFO TaskSetManager: Finished task 12.0 in stage 5.0 (TID 19) in 127 ms on 172.18.0.8 (executor 0) (15/50)
[2024-11-03T10:54:56.369+0000] {spark_submit.py:579} INFO - 24/11/03 10:54:56 INFO TaskSetManager: Starting task 15.0 in stage 5.0 (TID 22) (172.18.0.8, executor 0, partition 15, PROCESS_LOCAL, 7356 bytes)
[2024-11-03T10:54:56.370+0000] {spark_submit.py:579} INFO - 24/11/03 10:54:56 INFO TaskSetManager: Finished task 13.0 in stage 5.0 (TID 20) in 135 ms on 172.18.0.8 (executor 0) (16/50)
[2024-11-03T10:54:56.435+0000] {spark_submit.py:579} INFO - 24/11/03 10:54:56 INFO BlockManagerInfo: Added rdd_25_14 in memory on 172.18.0.8:41679 (size: 46.0 B, free: 1048.6 MiB)
[2024-11-03T10:54:56.456+0000] {spark_submit.py:579} INFO - 24/11/03 10:54:56 INFO BlockManagerInfo: Added rdd_25_15 in memory on 172.18.0.8:41679 (size: 46.0 B, free: 1048.6 MiB)
[2024-11-03T10:54:56.480+0000] {spark_submit.py:579} INFO - 24/11/03 10:54:56 INFO TaskSetManager: Starting task 16.0 in stage 5.0 (TID 23) (172.18.0.8, executor 0, partition 16, PROCESS_LOCAL, 7356 bytes)
[2024-11-03T10:54:56.482+0000] {spark_submit.py:579} INFO - 24/11/03 10:54:56 INFO TaskSetManager: Finished task 14.0 in stage 5.0 (TID 21) in 135 ms on 172.18.0.8 (executor 0) (17/50)
[2024-11-03T10:54:56.516+0000] {spark_submit.py:579} INFO - 24/11/03 10:54:56 INFO TaskSetManager: Starting task 17.0 in stage 5.0 (TID 24) (172.18.0.8, executor 0, partition 17, PROCESS_LOCAL, 7356 bytes)
[2024-11-03T10:54:56.518+0000] {spark_submit.py:579} INFO - 24/11/03 10:54:56 INFO TaskSetManager: Finished task 15.0 in stage 5.0 (TID 22) in 148 ms on 172.18.0.8 (executor 0) (18/50)
[2024-11-03T10:54:56.565+0000] {spark_submit.py:579} INFO - 24/11/03 10:54:56 INFO BlockManagerInfo: Added rdd_25_16 in memory on 172.18.0.8:41679 (size: 46.0 B, free: 1048.6 MiB)
[2024-11-03T10:54:56.595+0000] {spark_submit.py:579} INFO - 24/11/03 10:54:56 INFO BlockManagerInfo: Added rdd_25_17 in memory on 172.18.0.8:41679 (size: 46.0 B, free: 1048.6 MiB)
[2024-11-03T10:54:56.610+0000] {spark_submit.py:579} INFO - 24/11/03 10:54:56 INFO TaskSetManager: Starting task 18.0 in stage 5.0 (TID 25) (172.18.0.8, executor 0, partition 18, PROCESS_LOCAL, 7356 bytes)
[2024-11-03T10:54:56.611+0000] {spark_submit.py:579} INFO - 24/11/03 10:54:56 INFO TaskSetManager: Finished task 16.0 in stage 5.0 (TID 23) in 132 ms on 172.18.0.8 (executor 0) (19/50)
[2024-11-03T10:54:56.655+0000] {spark_submit.py:579} INFO - 24/11/03 10:54:56 INFO TaskSetManager: Starting task 19.0 in stage 5.0 (TID 26) (172.18.0.8, executor 0, partition 19, PROCESS_LOCAL, 7356 bytes)
[2024-11-03T10:54:56.657+0000] {spark_submit.py:579} INFO - 24/11/03 10:54:56 INFO TaskSetManager: Finished task 17.0 in stage 5.0 (TID 24) in 141 ms on 172.18.0.8 (executor 0) (20/50)
[2024-11-03T10:54:56.694+0000] {spark_submit.py:579} INFO - 24/11/03 10:54:56 INFO BlockManagerInfo: Added rdd_25_18 in memory on 172.18.0.8:41679 (size: 46.0 B, free: 1048.6 MiB)
[2024-11-03T10:54:56.735+0000] {spark_submit.py:579} INFO - 24/11/03 10:54:56 INFO BlockManagerInfo: Added rdd_25_19 in memory on 172.18.0.8:41679 (size: 46.0 B, free: 1048.6 MiB)
[2024-11-03T10:54:56.738+0000] {spark_submit.py:579} INFO - 24/11/03 10:54:56 INFO TaskSetManager: Starting task 20.0 in stage 5.0 (TID 27) (172.18.0.8, executor 0, partition 20, PROCESS_LOCAL, 7356 bytes)
[2024-11-03T10:54:56.739+0000] {spark_submit.py:579} INFO - 24/11/03 10:54:56 INFO TaskSetManager: Finished task 18.0 in stage 5.0 (TID 25) in 129 ms on 172.18.0.8 (executor 0) (21/50)
[2024-11-03T10:54:56.777+0000] {spark_submit.py:579} INFO - 24/11/03 10:54:56 INFO TaskSetManager: Starting task 21.0 in stage 5.0 (TID 28) (172.18.0.8, executor 0, partition 21, PROCESS_LOCAL, 7356 bytes)
[2024-11-03T10:54:56.778+0000] {spark_submit.py:579} INFO - 24/11/03 10:54:56 INFO TaskSetManager: Finished task 19.0 in stage 5.0 (TID 26) in 123 ms on 172.18.0.8 (executor 0) (22/50)
[2024-11-03T10:54:56.821+0000] {spark_submit.py:579} INFO - 24/11/03 10:54:56 INFO BlockManagerInfo: Added rdd_25_20 in memory on 172.18.0.8:41679 (size: 46.0 B, free: 1048.6 MiB)
[2024-11-03T10:54:56.860+0000] {spark_submit.py:579} INFO - 24/11/03 10:54:56 INFO TaskSetManager: Starting task 22.0 in stage 5.0 (TID 29) (172.18.0.8, executor 0, partition 22, PROCESS_LOCAL, 7356 bytes)
[2024-11-03T10:54:56.861+0000] {spark_submit.py:579} INFO - 24/11/03 10:54:56 INFO TaskSetManager: Finished task 20.0 in stage 5.0 (TID 27) in 125 ms on 172.18.0.8 (executor 0) (23/50)
[2024-11-03T10:54:56.882+0000] {spark_submit.py:579} INFO - 24/11/03 10:54:56 INFO BlockManagerInfo: Added rdd_25_21 in memory on 172.18.0.8:41679 (size: 46.0 B, free: 1048.6 MiB)
[2024-11-03T10:54:56.937+0000] {spark_submit.py:579} INFO - 24/11/03 10:54:56 INFO TaskSetManager: Starting task 23.0 in stage 5.0 (TID 30) (172.18.0.8, executor 0, partition 23, PROCESS_LOCAL, 7356 bytes)
[2024-11-03T10:54:56.939+0000] {spark_submit.py:579} INFO - 24/11/03 10:54:56 INFO TaskSetManager: Finished task 21.0 in stage 5.0 (TID 28) in 162 ms on 172.18.0.8 (executor 0) (24/50)
[2024-11-03T10:54:56.960+0000] {spark_submit.py:579} INFO - 24/11/03 10:54:56 INFO BlockManagerInfo: Added rdd_25_22 in memory on 172.18.0.8:41679 (size: 46.0 B, free: 1048.6 MiB)
[2024-11-03T10:54:57.000+0000] {spark_submit.py:579} INFO - 24/11/03 10:54:56 INFO TaskSetManager: Starting task 24.0 in stage 5.0 (TID 31) (172.18.0.8, executor 0, partition 24, PROCESS_LOCAL, 7356 bytes)
[2024-11-03T10:54:57.003+0000] {spark_submit.py:579} INFO - 24/11/03 10:54:57 INFO TaskSetManager: Finished task 22.0 in stage 5.0 (TID 29) in 142 ms on 172.18.0.8 (executor 0) (25/50)
[2024-11-03T10:54:57.022+0000] {spark_submit.py:579} INFO - 24/11/03 10:54:57 INFO BlockManagerInfo: Added rdd_25_23 in memory on 172.18.0.8:41679 (size: 46.0 B, free: 1048.6 MiB)
[2024-11-03T10:54:57.068+0000] {spark_submit.py:579} INFO - 24/11/03 10:54:57 INFO TaskSetManager: Starting task 25.0 in stage 5.0 (TID 32) (172.18.0.8, executor 0, partition 25, PROCESS_LOCAL, 7356 bytes)
[2024-11-03T10:54:57.069+0000] {spark_submit.py:579} INFO - 24/11/03 10:54:57 INFO TaskSetManager: Finished task 23.0 in stage 5.0 (TID 30) in 132 ms on 172.18.0.8 (executor 0) (26/50)
[2024-11-03T10:54:57.091+0000] {spark_submit.py:579} INFO - 24/11/03 10:54:57 INFO BlockManagerInfo: Added rdd_25_24 in memory on 172.18.0.8:41679 (size: 46.0 B, free: 1048.6 MiB)
[2024-11-03T10:54:57.134+0000] {spark_submit.py:579} INFO - 24/11/03 10:54:57 INFO TaskSetManager: Starting task 26.0 in stage 5.0 (TID 33) (172.18.0.8, executor 0, partition 26, PROCESS_LOCAL, 7356 bytes)
[2024-11-03T10:54:57.135+0000] {spark_submit.py:579} INFO - 24/11/03 10:54:57 INFO TaskSetManager: Finished task 24.0 in stage 5.0 (TID 31) in 136 ms on 172.18.0.8 (executor 0) (27/50)
[2024-11-03T10:54:57.149+0000] {spark_submit.py:579} INFO - 24/11/03 10:54:57 INFO BlockManagerInfo: Added rdd_25_25 in memory on 172.18.0.8:41679 (size: 46.0 B, free: 1048.6 MiB)
[2024-11-03T10:54:57.185+0000] {spark_submit.py:579} INFO - 24/11/03 10:54:57 INFO TaskSetManager: Starting task 27.0 in stage 5.0 (TID 34) (172.18.0.8, executor 0, partition 27, PROCESS_LOCAL, 7356 bytes)
[2024-11-03T10:54:57.186+0000] {spark_submit.py:579} INFO - 24/11/03 10:54:57 INFO TaskSetManager: Finished task 25.0 in stage 5.0 (TID 32) in 119 ms on 172.18.0.8 (executor 0) (28/50)
[2024-11-03T10:54:57.204+0000] {spark_submit.py:579} INFO - 24/11/03 10:54:57 INFO BlockManagerInfo: Added rdd_25_26 in memory on 172.18.0.8:41679 (size: 46.0 B, free: 1048.6 MiB)
[2024-11-03T10:54:57.248+0000] {spark_submit.py:579} INFO - 24/11/03 10:54:57 INFO TaskSetManager: Starting task 28.0 in stage 5.0 (TID 35) (172.18.0.8, executor 0, partition 28, PROCESS_LOCAL, 7356 bytes)
[2024-11-03T10:54:57.249+0000] {spark_submit.py:579} INFO - 24/11/03 10:54:57 INFO TaskSetManager: Finished task 26.0 in stage 5.0 (TID 33) in 116 ms on 172.18.0.8 (executor 0) (29/50)
[2024-11-03T10:54:57.260+0000] {spark_submit.py:579} INFO - 24/11/03 10:54:57 INFO BlockManagerInfo: Added rdd_25_27 in memory on 172.18.0.8:41679 (size: 46.0 B, free: 1048.6 MiB)
[2024-11-03T10:54:57.304+0000] {spark_submit.py:579} INFO - 24/11/03 10:54:57 INFO TaskSetManager: Starting task 29.0 in stage 5.0 (TID 36) (172.18.0.8, executor 0, partition 29, PROCESS_LOCAL, 7356 bytes)
[2024-11-03T10:54:57.306+0000] {spark_submit.py:579} INFO - 24/11/03 10:54:57 INFO TaskSetManager: Finished task 27.0 in stage 5.0 (TID 34) in 121 ms on 172.18.0.8 (executor 0) (30/50)
[2024-11-03T10:54:57.332+0000] {spark_submit.py:579} INFO - 24/11/03 10:54:57 INFO BlockManagerInfo: Added rdd_25_28 in memory on 172.18.0.8:41679 (size: 46.0 B, free: 1048.6 MiB)
[2024-11-03T10:54:57.375+0000] {spark_submit.py:579} INFO - 24/11/03 10:54:57 INFO TaskSetManager: Starting task 30.0 in stage 5.0 (TID 37) (172.18.0.8, executor 0, partition 30, PROCESS_LOCAL, 7356 bytes)
[2024-11-03T10:54:57.376+0000] {spark_submit.py:579} INFO - 24/11/03 10:54:57 INFO TaskSetManager: Finished task 28.0 in stage 5.0 (TID 35) in 129 ms on 172.18.0.8 (executor 0) (31/50)
[2024-11-03T10:54:57.395+0000] {spark_submit.py:579} INFO - 24/11/03 10:54:57 INFO BlockManagerInfo: Added rdd_25_29 in memory on 172.18.0.8:41679 (size: 46.0 B, free: 1048.6 MiB)
[2024-11-03T10:54:57.443+0000] {spark_submit.py:579} INFO - 24/11/03 10:54:57 INFO TaskSetManager: Starting task 31.0 in stage 5.0 (TID 38) (172.18.0.8, executor 0, partition 31, PROCESS_LOCAL, 7356 bytes)
[2024-11-03T10:54:57.443+0000] {spark_submit.py:579} INFO - 24/11/03 10:54:57 INFO TaskSetManager: Finished task 29.0 in stage 5.0 (TID 36) in 140 ms on 172.18.0.8 (executor 0) (32/50)
[2024-11-03T10:54:57.458+0000] {spark_submit.py:579} INFO - 24/11/03 10:54:57 INFO BlockManagerInfo: Added rdd_25_30 in memory on 172.18.0.8:41679 (size: 46.0 B, free: 1048.6 MiB)
[2024-11-03T10:54:57.499+0000] {spark_submit.py:579} INFO - 24/11/03 10:54:57 INFO TaskSetManager: Starting task 32.0 in stage 5.0 (TID 39) (172.18.0.8, executor 0, partition 32, PROCESS_LOCAL, 7356 bytes)
[2024-11-03T10:54:57.501+0000] {spark_submit.py:579} INFO - 24/11/03 10:54:57 INFO TaskSetManager: Finished task 30.0 in stage 5.0 (TID 37) in 125 ms on 172.18.0.8 (executor 0) (33/50)
[2024-11-03T10:54:57.522+0000] {spark_submit.py:579} INFO - 24/11/03 10:54:57 INFO BlockManagerInfo: Added rdd_25_31 in memory on 172.18.0.8:41679 (size: 46.0 B, free: 1048.6 MiB)
[2024-11-03T10:54:57.567+0000] {spark_submit.py:579} INFO - 24/11/03 10:54:57 INFO TaskSetManager: Starting task 33.0 in stage 5.0 (TID 40) (172.18.0.8, executor 0, partition 33, PROCESS_LOCAL, 7356 bytes)
[2024-11-03T10:54:57.568+0000] {spark_submit.py:579} INFO - 24/11/03 10:54:57 INFO TaskSetManager: Finished task 31.0 in stage 5.0 (TID 38) in 125 ms on 172.18.0.8 (executor 0) (34/50)
[2024-11-03T10:54:57.591+0000] {spark_submit.py:579} INFO - 24/11/03 10:54:57 INFO BlockManagerInfo: Added rdd_25_32 in memory on 172.18.0.8:41679 (size: 46.0 B, free: 1048.6 MiB)
[2024-11-03T10:54:57.641+0000] {spark_submit.py:579} INFO - 24/11/03 10:54:57 INFO TaskSetManager: Starting task 34.0 in stage 5.0 (TID 41) (172.18.0.8, executor 0, partition 34, PROCESS_LOCAL, 7356 bytes)
[2024-11-03T10:54:57.642+0000] {spark_submit.py:579} INFO - 24/11/03 10:54:57 INFO TaskSetManager: Finished task 32.0 in stage 5.0 (TID 39) in 143 ms on 172.18.0.8 (executor 0) (35/50)
[2024-11-03T10:54:57.652+0000] {spark_submit.py:579} INFO - 24/11/03 10:54:57 INFO BlockManagerInfo: Added rdd_25_33 in memory on 172.18.0.8:41679 (size: 46.0 B, free: 1048.6 MiB)
[2024-11-03T10:54:57.697+0000] {spark_submit.py:579} INFO - 24/11/03 10:54:57 INFO TaskSetManager: Starting task 35.0 in stage 5.0 (TID 42) (172.18.0.8, executor 0, partition 35, PROCESS_LOCAL, 7356 bytes)
[2024-11-03T10:54:57.699+0000] {spark_submit.py:579} INFO - 24/11/03 10:54:57 INFO TaskSetManager: Finished task 33.0 in stage 5.0 (TID 40) in 131 ms on 172.18.0.8 (executor 0) (36/50)
[2024-11-03T10:54:57.720+0000] {spark_submit.py:579} INFO - 24/11/03 10:54:57 INFO BlockManagerInfo: Added rdd_25_34 in memory on 172.18.0.8:41679 (size: 46.0 B, free: 1048.6 MiB)
[2024-11-03T10:54:57.770+0000] {spark_submit.py:579} INFO - 24/11/03 10:54:57 INFO TaskSetManager: Starting task 36.0 in stage 5.0 (TID 43) (172.18.0.8, executor 0, partition 36, PROCESS_LOCAL, 7356 bytes)
[2024-11-03T10:54:57.771+0000] {spark_submit.py:579} INFO - 24/11/03 10:54:57 INFO TaskSetManager: Finished task 34.0 in stage 5.0 (TID 41) in 129 ms on 172.18.0.8 (executor 0) (37/50)
[2024-11-03T10:54:57.793+0000] {spark_submit.py:579} INFO - 24/11/03 10:54:57 INFO BlockManagerInfo: Added rdd_25_35 in memory on 172.18.0.8:41679 (size: 46.0 B, free: 1048.6 MiB)
[2024-11-03T10:54:57.852+0000] {spark_submit.py:579} INFO - 24/11/03 10:54:57 INFO TaskSetManager: Starting task 37.0 in stage 5.0 (TID 44) (172.18.0.8, executor 0, partition 37, PROCESS_LOCAL, 7356 bytes)
[2024-11-03T10:54:57.853+0000] {spark_submit.py:579} INFO - 24/11/03 10:54:57 INFO TaskSetManager: Finished task 35.0 in stage 5.0 (TID 42) in 158 ms on 172.18.0.8 (executor 0) (38/50)
[2024-11-03T10:54:57.865+0000] {spark_submit.py:579} INFO - 24/11/03 10:54:57 INFO BlockManagerInfo: Added rdd_25_36 in memory on 172.18.0.8:41679 (size: 46.0 B, free: 1048.6 MiB)
[2024-11-03T10:54:57.904+0000] {spark_submit.py:579} INFO - 24/11/03 10:54:57 INFO TaskSetManager: Starting task 38.0 in stage 5.0 (TID 45) (172.18.0.8, executor 0, partition 38, PROCESS_LOCAL, 7356 bytes)
[2024-11-03T10:54:57.905+0000] {spark_submit.py:579} INFO - 24/11/03 10:54:57 INFO TaskSetManager: Finished task 36.0 in stage 5.0 (TID 43) in 136 ms on 172.18.0.8 (executor 0) (39/50)
[2024-11-03T10:54:57.933+0000] {spark_submit.py:579} INFO - 24/11/03 10:54:57 INFO BlockManagerInfo: Added rdd_25_37 in memory on 172.18.0.8:41679 (size: 46.0 B, free: 1048.6 MiB)
[2024-11-03T10:54:57.968+0000] {spark_submit.py:579} INFO - 24/11/03 10:54:57 INFO BlockManagerInfo: Added rdd_25_38 in memory on 172.18.0.8:41679 (size: 46.0 B, free: 1048.6 MiB)
[2024-11-03T10:54:57.969+0000] {spark_submit.py:579} INFO - 24/11/03 10:54:57 INFO TaskSetManager: Starting task 39.0 in stage 5.0 (TID 46) (172.18.0.8, executor 0, partition 39, PROCESS_LOCAL, 7356 bytes)
[2024-11-03T10:54:57.970+0000] {spark_submit.py:579} INFO - 24/11/03 10:54:57 INFO TaskSetManager: Finished task 37.0 in stage 5.0 (TID 44) in 116 ms on 172.18.0.8 (executor 0) (40/50)
[2024-11-03T10:54:58.000+0000] {spark_submit.py:579} INFO - 24/11/03 10:54:57 INFO TaskSetManager: Starting task 40.0 in stage 5.0 (TID 47) (172.18.0.8, executor 0, partition 40, PROCESS_LOCAL, 7356 bytes)
[2024-11-03T10:54:58.001+0000] {spark_submit.py:579} INFO - 24/11/03 10:54:58 INFO TaskSetManager: Finished task 38.0 in stage 5.0 (TID 45) in 96 ms on 172.18.0.8 (executor 0) (41/50)
[2024-11-03T10:54:58.056+0000] {spark_submit.py:579} INFO - 24/11/03 10:54:58 INFO BlockManagerInfo: Added rdd_25_39 in memory on 172.18.0.8:41679 (size: 46.0 B, free: 1048.6 MiB)
[2024-11-03T10:54:58.082+0000] {spark_submit.py:579} INFO - 24/11/03 10:54:58 INFO BlockManagerInfo: Added rdd_25_40 in memory on 172.18.0.8:41679 (size: 46.0 B, free: 1048.6 MiB)
[2024-11-03T10:54:58.106+0000] {spark_submit.py:579} INFO - 24/11/03 10:54:58 INFO TaskSetManager: Starting task 41.0 in stage 5.0 (TID 48) (172.18.0.8, executor 0, partition 41, PROCESS_LOCAL, 7356 bytes)
[2024-11-03T10:54:58.108+0000] {spark_submit.py:579} INFO - 24/11/03 10:54:58 INFO TaskSetManager: Finished task 39.0 in stage 5.0 (TID 46) in 140 ms on 172.18.0.8 (executor 0) (42/50)
[2024-11-03T10:54:58.131+0000] {spark_submit.py:579} INFO - 24/11/03 10:54:58 INFO TaskSetManager: Starting task 43.0 in stage 5.0 (TID 49) (172.18.0.8, executor 0, partition 43, PROCESS_LOCAL, 7356 bytes)
[2024-11-03T10:54:58.132+0000] {spark_submit.py:579} INFO - 24/11/03 10:54:58 INFO TaskSetManager: Finished task 40.0 in stage 5.0 (TID 47) in 133 ms on 172.18.0.8 (executor 0) (43/50)
[2024-11-03T10:54:58.182+0000] {spark_submit.py:579} INFO - 24/11/03 10:54:58 INFO BlockManagerInfo: Added rdd_25_41 in memory on 172.18.0.8:41679 (size: 46.0 B, free: 1048.6 MiB)
[2024-11-03T10:54:58.199+0000] {spark_submit.py:579} INFO - 24/11/03 10:54:58 INFO BlockManagerInfo: Added rdd_25_43 in memory on 172.18.0.8:41679 (size: 46.0 B, free: 1048.6 MiB)
[2024-11-03T10:54:58.217+0000] {spark_submit.py:579} INFO - 24/11/03 10:54:58 INFO TaskSetManager: Starting task 45.0 in stage 5.0 (TID 50) (172.18.0.8, executor 0, partition 45, PROCESS_LOCAL, 7356 bytes)
[2024-11-03T10:54:58.218+0000] {spark_submit.py:579} INFO - 24/11/03 10:54:58 INFO TaskSetManager: Finished task 41.0 in stage 5.0 (TID 48) in 113 ms on 172.18.0.8 (executor 0) (44/50)
[2024-11-03T10:54:58.242+0000] {spark_submit.py:579} INFO - 24/11/03 10:54:58 INFO TaskSetManager: Starting task 46.0 in stage 5.0 (TID 51) (172.18.0.8, executor 0, partition 46, PROCESS_LOCAL, 7356 bytes)
[2024-11-03T10:54:58.244+0000] {spark_submit.py:579} INFO - 24/11/03 10:54:58 INFO TaskSetManager: Finished task 43.0 in stage 5.0 (TID 49) in 113 ms on 172.18.0.8 (executor 0) (45/50)
[2024-11-03T10:54:58.303+0000] {spark_submit.py:579} INFO - 24/11/03 10:54:58 INFO BlockManagerInfo: Added rdd_25_45 in memory on 172.18.0.8:41679 (size: 46.0 B, free: 1048.6 MiB)
[2024-11-03T10:54:58.335+0000] {spark_submit.py:579} INFO - 24/11/03 10:54:58 INFO BlockManagerInfo: Added rdd_25_46 in memory on 172.18.0.8:41679 (size: 46.0 B, free: 1048.6 MiB)
[2024-11-03T10:54:58.352+0000] {spark_submit.py:579} INFO - 24/11/03 10:54:58 INFO TaskSetManager: Starting task 47.0 in stage 5.0 (TID 52) (172.18.0.8, executor 0, partition 47, PROCESS_LOCAL, 7356 bytes)
[2024-11-03T10:54:58.353+0000] {spark_submit.py:579} INFO - 24/11/03 10:54:58 INFO TaskSetManager: Finished task 45.0 in stage 5.0 (TID 50) in 137 ms on 172.18.0.8 (executor 0) (46/50)
[2024-11-03T10:54:58.382+0000] {spark_submit.py:579} INFO - 24/11/03 10:54:58 INFO TaskSetManager: Starting task 48.0 in stage 5.0 (TID 53) (172.18.0.8, executor 0, partition 48, PROCESS_LOCAL, 7356 bytes)
[2024-11-03T10:54:58.383+0000] {spark_submit.py:579} INFO - 24/11/03 10:54:58 INFO TaskSetManager: Finished task 46.0 in stage 5.0 (TID 51) in 142 ms on 172.18.0.8 (executor 0) (47/50)
[2024-11-03T10:54:58.419+0000] {spark_submit.py:579} INFO - 24/11/03 10:54:58 INFO BlockManagerInfo: Added rdd_25_47 in memory on 172.18.0.8:41679 (size: 46.0 B, free: 1048.6 MiB)
[2024-11-03T10:54:58.443+0000] {spark_submit.py:579} INFO - 24/11/03 10:54:58 INFO BlockManagerInfo: Added rdd_25_48 in memory on 172.18.0.8:41679 (size: 46.0 B, free: 1048.6 MiB)
[2024-11-03T10:54:58.451+0000] {spark_submit.py:579} INFO - 24/11/03 10:54:58 INFO TaskSetManager: Starting task 49.0 in stage 5.0 (TID 54) (172.18.0.8, executor 0, partition 49, PROCESS_LOCAL, 7356 bytes)
[2024-11-03T10:54:58.452+0000] {spark_submit.py:579} INFO - 24/11/03 10:54:58 INFO TaskSetManager: Finished task 47.0 in stage 5.0 (TID 52) in 100 ms on 172.18.0.8 (executor 0) (48/50)
[2024-11-03T10:54:58.476+0000] {spark_submit.py:579} INFO - 24/11/03 10:54:58 INFO TaskSetManager: Finished task 48.0 in stage 5.0 (TID 53) in 95 ms on 172.18.0.8 (executor 0) (49/50)
[2024-11-03T10:54:58.506+0000] {spark_submit.py:579} INFO - 24/11/03 10:54:58 INFO BlockManagerInfo: Added rdd_25_49 in memory on 172.18.0.8:41679 (size: 46.0 B, free: 1048.6 MiB)
[2024-11-03T10:54:58.542+0000] {spark_submit.py:579} INFO - 24/11/03 10:54:58 INFO TaskSetManager: Finished task 49.0 in stage 5.0 (TID 54) in 92 ms on 172.18.0.8 (executor 0) (50/50)
[2024-11-03T10:54:58.543+0000] {spark_submit.py:579} INFO - 24/11/03 10:54:58 INFO TaskSchedulerImpl: Removed TaskSet 5.0, whose tasks have all completed, from pool
[2024-11-03T10:54:58.543+0000] {spark_submit.py:579} INFO - 24/11/03 10:54:58 INFO DAGScheduler: ShuffleMapStage 5 ($anonfun$recordDeltaOperationInternal$1 at DatabricksLogging.scala:128) finished in 5.108 s
[2024-11-03T10:54:58.544+0000] {spark_submit.py:579} INFO - 24/11/03 10:54:58 INFO DAGScheduler: looking for newly runnable stages
[2024-11-03T10:54:58.546+0000] {spark_submit.py:579} INFO - 24/11/03 10:54:58 INFO DAGScheduler: running: Set()
[2024-11-03T10:54:58.546+0000] {spark_submit.py:579} INFO - 24/11/03 10:54:58 INFO DAGScheduler: waiting: Set()
[2024-11-03T10:54:58.547+0000] {spark_submit.py:579} INFO - 24/11/03 10:54:58 INFO DAGScheduler: failed: Set()
[2024-11-03T10:54:58.568+0000] {spark_submit.py:579} INFO - 24/11/03 10:54:58 INFO BlockManagerInfo: Removed broadcast_8_piece0 on eb88dbfa1959:34657 in memory (size: 123.3 KiB, free: 434.3 MiB)
[2024-11-03T10:54:58.569+0000] {spark_submit.py:579} INFO - 24/11/03 10:54:58 INFO BlockManagerInfo: Removed broadcast_8_piece0 on 172.18.0.8:41679 in memory (size: 123.3 KiB, free: 1048.7 MiB)
[2024-11-03T10:54:58.602+0000] {spark_submit.py:579} INFO - 24/11/03 10:54:58 INFO SparkContext: Starting job: $anonfun$recordDeltaOperationInternal$1 at DatabricksLogging.scala:128
[2024-11-03T10:54:58.604+0000] {spark_submit.py:579} INFO - 24/11/03 10:54:58 INFO DAGScheduler: Got job 6 ($anonfun$recordDeltaOperationInternal$1 at DatabricksLogging.scala:128) with 1 output partitions
[2024-11-03T10:54:58.605+0000] {spark_submit.py:579} INFO - 24/11/03 10:54:58 INFO DAGScheduler: Final stage: ResultStage 8 ($anonfun$recordDeltaOperationInternal$1 at DatabricksLogging.scala:128)
[2024-11-03T10:54:58.605+0000] {spark_submit.py:579} INFO - 24/11/03 10:54:58 INFO DAGScheduler: Parents of final stage: List(ShuffleMapStage 7)
[2024-11-03T10:54:58.606+0000] {spark_submit.py:579} INFO - 24/11/03 10:54:58 INFO DAGScheduler: Missing parents: List()
[2024-11-03T10:54:58.607+0000] {spark_submit.py:579} INFO - 24/11/03 10:54:58 INFO DAGScheduler: Submitting ResultStage 8 (MapPartitionsRDD[31] at $anonfun$recordDeltaOperationInternal$1 at DatabricksLogging.scala:128), which has no missing parents
[2024-11-03T10:54:58.617+0000] {spark_submit.py:579} INFO - 24/11/03 10:54:58 INFO MemoryStore: Block broadcast_9 stored as values in memory (estimated size 452.2 KiB, free 433.2 MiB)
[2024-11-03T10:54:58.624+0000] {spark_submit.py:579} INFO - 24/11/03 10:54:58 INFO MemoryStore: Block broadcast_9_piece0 stored as bytes in memory (estimated size 108.2 KiB, free 433.1 MiB)
[2024-11-03T10:54:58.642+0000] {spark_submit.py:579} INFO - 24/11/03 10:54:58 INFO BlockManagerInfo: Added broadcast_9_piece0 in memory on eb88dbfa1959:34657 (size: 108.2 KiB, free: 434.2 MiB)
[2024-11-03T10:54:58.644+0000] {spark_submit.py:579} INFO - 24/11/03 10:54:58 INFO SparkContext: Created broadcast 9 from broadcast at DAGScheduler.scala:1540
[2024-11-03T10:54:58.645+0000] {spark_submit.py:579} INFO - 24/11/03 10:54:58 INFO DAGScheduler: Submitting 1 missing tasks from ResultStage 8 (MapPartitionsRDD[31] at $anonfun$recordDeltaOperationInternal$1 at DatabricksLogging.scala:128) (first 15 tasks are for partitions Vector(0))
[2024-11-03T10:54:58.647+0000] {spark_submit.py:579} INFO - 24/11/03 10:54:58 INFO TaskSchedulerImpl: Adding task set 8.0 with 1 tasks resource profile 0
[2024-11-03T10:54:58.650+0000] {spark_submit.py:579} INFO - 24/11/03 10:54:58 INFO TaskSetManager: Starting task 0.0 in stage 8.0 (TID 55) (172.18.0.8, executor 0, partition 0, NODE_LOCAL, 7367 bytes)
[2024-11-03T10:54:58.670+0000] {spark_submit.py:579} INFO - 24/11/03 10:54:58 INFO BlockManagerInfo: Added broadcast_9_piece0 in memory on 172.18.0.8:41679 (size: 108.2 KiB, free: 1048.6 MiB)
[2024-11-03T10:54:58.691+0000] {spark_submit.py:579} INFO - 24/11/03 10:54:58 INFO MapOutputTrackerMasterEndpoint: Asked to send map output locations for shuffle 1 to 172.18.0.8:50342
[2024-11-03T10:54:58.816+0000] {spark_submit.py:579} INFO - 24/11/03 10:54:58 INFO TaskSetManager: Finished task 0.0 in stage 8.0 (TID 55) in 166 ms on 172.18.0.8 (executor 0) (1/1)
[2024-11-03T10:54:58.818+0000] {spark_submit.py:579} INFO - 24/11/03 10:54:58 INFO TaskSchedulerImpl: Removed TaskSet 8.0, whose tasks have all completed, from pool
[2024-11-03T10:54:58.819+0000] {spark_submit.py:579} INFO - 24/11/03 10:54:58 INFO DAGScheduler: ResultStage 8 ($anonfun$recordDeltaOperationInternal$1 at DatabricksLogging.scala:128) finished in 0.209 s
[2024-11-03T10:54:58.820+0000] {spark_submit.py:579} INFO - 24/11/03 10:54:58 INFO DAGScheduler: Job 6 is finished. Cancelling potential speculative or zombie tasks for this job
[2024-11-03T10:54:58.821+0000] {spark_submit.py:579} INFO - 24/11/03 10:54:58 INFO TaskSchedulerImpl: Killing all running tasks in stage 8: Stage finished
[2024-11-03T10:54:58.822+0000] {spark_submit.py:579} INFO - 24/11/03 10:54:58 INFO DAGScheduler: Job 6 finished: $anonfun$recordDeltaOperationInternal$1 at DatabricksLogging.scala:128, took 0.217293 s
[2024-11-03T10:54:58.919+0000] {spark_submit.py:579} INFO - 24/11/03 10:54:58 INFO CodeGenerator: Code generated in 71.308839 ms
[2024-11-03T10:54:58.925+0000] {spark_submit.py:579} INFO - 24/11/03 10:54:58 INFO Snapshot: [tableId=5bcdfbeb-728b-4e09-8045-2a42b63cacfe] DELTA: Done
[2024-11-03T10:54:58.967+0000] {spark_submit.py:579} INFO - 24/11/03 10:54:58 INFO OptimisticTransaction: [tableId=9b43cce8,txnId=fbe4720d] Committed delta #0 to s3a://lakehouse/sliver/credit/_delta_log
[2024-11-03T10:54:58.975+0000] {spark_submit.py:579} INFO - 2024-11-03 10:54:58,975 INFO: Data cleaning and saving process completed successfully.
[2024-11-03T10:54:58.976+0000] {spark_submit.py:579} INFO - 24/11/03 10:54:58 INFO SparkContext: SparkContext is stopping with exitCode 0.
[2024-11-03T10:54:59.000+0000] {spark_submit.py:579} INFO - 24/11/03 10:54:59 INFO SparkUI: Stopped Spark web UI at http://eb88dbfa1959:4040
[2024-11-03T10:54:59.014+0000] {spark_submit.py:579} INFO - 24/11/03 10:54:59 INFO StandaloneSchedulerBackend: Shutting down all executors
[2024-11-03T10:54:59.015+0000] {spark_submit.py:579} INFO - 24/11/03 10:54:59 INFO StandaloneSchedulerBackend$StandaloneDriverEndpoint: Asking each executor to shut down
[2024-11-03T10:54:59.055+0000] {spark_submit.py:579} INFO - 24/11/03 10:54:59 INFO MapOutputTrackerMasterEndpoint: MapOutputTrackerMasterEndpoint stopped!
[2024-11-03T10:54:59.088+0000] {spark_submit.py:579} INFO - 24/11/03 10:54:59 INFO MemoryStore: MemoryStore cleared
[2024-11-03T10:54:59.090+0000] {spark_submit.py:579} INFO - 24/11/03 10:54:59 INFO BlockManager: BlockManager stopped
[2024-11-03T10:54:59.094+0000] {spark_submit.py:579} INFO - 24/11/03 10:54:59 INFO BlockManagerMaster: BlockManagerMaster stopped
[2024-11-03T10:54:59.100+0000] {spark_submit.py:579} INFO - 24/11/03 10:54:59 INFO OutputCommitCoordinator$OutputCommitCoordinatorEndpoint: OutputCommitCoordinator stopped!
[2024-11-03T10:54:59.138+0000] {spark_submit.py:579} INFO - 24/11/03 10:54:59 INFO SparkContext: Successfully stopped SparkContext
[2024-11-03T10:54:59.577+0000] {spark_submit.py:579} INFO - 2024-11-03 10:54:59,577 INFO: Closing down clientserver connection
[2024-11-03T10:54:59.654+0000] {spark_submit.py:579} INFO - 24/11/03 10:54:59 INFO ShutdownHookManager: Shutdown hook called
[2024-11-03T10:54:59.655+0000] {spark_submit.py:579} INFO - 24/11/03 10:54:59 INFO ShutdownHookManager: Deleting directory /tmp/spark-374fab3c-09f2-49ae-90e5-641ac2d13a2c
[2024-11-03T10:54:59.660+0000] {spark_submit.py:579} INFO - 24/11/03 10:54:59 INFO ShutdownHookManager: Deleting directory /tmp/spark-b5252d57-0ca7-4956-b71c-d79af9a9f03b
[2024-11-03T10:54:59.665+0000] {spark_submit.py:579} INFO - 24/11/03 10:54:59 INFO ShutdownHookManager: Deleting directory /tmp/spark-b5252d57-0ca7-4956-b71c-d79af9a9f03b/pyspark-a18df6d0-4dcb-4dc6-9c8d-f4c65a501f8d
[2024-11-03T10:54:59.674+0000] {spark_submit.py:579} INFO - 24/11/03 10:54:59 INFO MetricsSystemImpl: Stopping s3a-file-system metrics system...
[2024-11-03T10:54:59.675+0000] {spark_submit.py:579} INFO - 24/11/03 10:54:59 INFO MetricsSystemImpl: s3a-file-system metrics system stopped.
[2024-11-03T10:54:59.675+0000] {spark_submit.py:579} INFO - 24/11/03 10:54:59 INFO MetricsSystemImpl: s3a-file-system metrics system shutdown complete.
[2024-11-03T10:54:59.753+0000] {taskinstance.py:1398} INFO - Marking task as SUCCESS. dag_id=task_credits_clean, task_id=credits_cleaned, execution_date=20241103T105338, start_date=20241103T105340, end_date=20241103T105459
[2024-11-03T10:54:59.799+0000] {local_task_job_runner.py:228} INFO - Task exited with return code 0
[2024-11-03T10:54:59.813+0000] {taskinstance.py:2776} INFO - 0 downstream tasks scheduled from follow-on schedule check
