[2024-12-16T15:16:46.588+0000] {taskinstance.py:1159} INFO - Dependencies all met for dep_context=non-requeueable deps ti=<TaskInstance: All_Layer.clean_keyword manual__2024-12-16T15:16:25.961462+00:00 [queued]>
[2024-12-16T15:16:46.605+0000] {taskinstance.py:1159} INFO - Dependencies all met for dep_context=requeueable deps ti=<TaskInstance: All_Layer.clean_keyword manual__2024-12-16T15:16:25.961462+00:00 [queued]>
[2024-12-16T15:16:46.605+0000] {taskinstance.py:1361} INFO - Starting attempt 1 of 2
[2024-12-16T15:16:46.633+0000] {taskinstance.py:1382} INFO - Executing <Task(SparkSubmitOperator): clean_keyword> on 2024-12-16 15:16:25.961462+00:00
[2024-12-16T15:16:46.642+0000] {standard_task_runner.py:57} INFO - Started process 12120 to run task
[2024-12-16T15:16:46.648+0000] {standard_task_runner.py:84} INFO - Running: ['***', 'tasks', 'run', 'All_Layer', 'clean_keyword', 'manual__2024-12-16T15:16:25.961462+00:00', '--job-id', '295', '--raw', '--subdir', 'DAGS_FOLDER/All_Offi.py', '--cfg-path', '/tmp/tmpn1ey59vh']
[2024-12-16T15:16:46.651+0000] {standard_task_runner.py:85} INFO - Job 295: Subtask clean_keyword
[2024-12-16T15:16:46.723+0000] {task_command.py:416} INFO - Running <TaskInstance: All_Layer.clean_keyword manual__2024-12-16T15:16:25.961462+00:00 [running]> on host a2b73f6a4b3a
[2024-12-16T15:16:46.860+0000] {taskinstance.py:1662} INFO - Exporting env vars: AIRFLOW_CTX_DAG_OWNER='***' AIRFLOW_CTX_DAG_ID='All_Layer' AIRFLOW_CTX_TASK_ID='clean_keyword' AIRFLOW_CTX_EXECUTION_DATE='2024-12-16T15:16:25.961462+00:00' AIRFLOW_CTX_TRY_NUMBER='1' AIRFLOW_CTX_DAG_RUN_ID='manual__2024-12-16T15:16:25.961462+00:00'
[2024-12-16T15:16:46.874+0000] {base.py:73} INFO - Using connection ID 'spark-conn' for task execution.
[2024-12-16T15:16:46.878+0000] {spark_submit.py:403} INFO - Spark-Submit cmd: spark-submit --master spark://spark-master:7077 --conf spark.sql.extensions=io.delta.sql.DeltaSparkSessionExtension --conf spark.sql.catalog.spark_catalog=org.apache.spark.sql.delta.catalog.DeltaCatalog --jars /opt/***/jars/hadoop-aws-3.3.4.jar,/opt/***/jars/s3-2.18.41.jar,/opt/***/jars/aws-java-sdk-1.12.367.jar,/opt/***/jars/delta-core_2.12-2.2.0.jar,/opt/***/jars/delta-storage-2.2.0.jar, --packages org.apache.hadoop:hadoop-aws:3.3.4 --num-executors 2 --total-executor-cores 2 --executor-cores 2 --executor-memory 2g --driver-memory 1g --name arrow-spark --deploy-mode client /opt/***/jobs/python/processing_keyword.py s3a://lakehouse/bronze/keywords.parquet s3a://lakehouse/sliver/keywords
[2024-12-16T15:16:47.188+0000] {spark_submit.py:579} INFO - /home/***/.local/lib/python3.9/site-packages/pyspark/bin/load-spark-env.sh: line 68: ps: command not found
[2024-12-16T15:16:52.393+0000] {spark_submit.py:579} INFO - :: loading settings :: url = jar:file:/home/***/.local/lib/python3.9/site-packages/pyspark/jars/ivy-2.5.1.jar!/org/apache/ivy/core/settings/ivysettings.xml
[2024-12-16T15:16:52.873+0000] {spark_submit.py:579} INFO - Ivy Default Cache set to: /home/***/.ivy2/cache
[2024-12-16T15:16:52.874+0000] {spark_submit.py:579} INFO - The jars for the packages stored in: /home/***/.ivy2/jars
[2024-12-16T15:16:52.907+0000] {spark_submit.py:579} INFO - org.apache.hadoop#hadoop-aws added as a dependency
[2024-12-16T15:16:52.909+0000] {spark_submit.py:579} INFO - :: resolving dependencies :: org.apache.spark#spark-submit-parent-53cddae4-9d6d-4bc9-9a1e-fd9bb593e9b6;1.0
[2024-12-16T15:16:52.910+0000] {spark_submit.py:579} INFO - confs: [default]
[2024-12-16T15:16:53.330+0000] {spark_submit.py:579} INFO - found org.apache.hadoop#hadoop-aws;3.3.4 in spark-list
[2024-12-16T15:16:53.551+0000] {spark_submit.py:579} INFO - found com.amazonaws#aws-java-sdk-bundle;1.12.262 in central
[2024-12-16T15:16:53.748+0000] {spark_submit.py:579} INFO - found org.wildfly.openssl#wildfly-openssl;1.0.7.Final in spark-list
[2024-12-16T15:16:53.820+0000] {spark_submit.py:579} INFO - :: resolution report :: resolve 872ms :: artifacts dl 38ms
[2024-12-16T15:16:53.822+0000] {spark_submit.py:579} INFO - :: modules in use:
[2024-12-16T15:16:53.822+0000] {spark_submit.py:579} INFO - com.amazonaws#aws-java-sdk-bundle;1.12.262 from central in [default]
[2024-12-16T15:16:53.823+0000] {spark_submit.py:579} INFO - org.apache.hadoop#hadoop-aws;3.3.4 from spark-list in [default]
[2024-12-16T15:16:53.824+0000] {spark_submit.py:579} INFO - org.wildfly.openssl#wildfly-openssl;1.0.7.Final from spark-list in [default]
[2024-12-16T15:16:53.824+0000] {spark_submit.py:579} INFO - ---------------------------------------------------------------------
[2024-12-16T15:16:53.825+0000] {spark_submit.py:579} INFO - |                  |            modules            ||   artifacts   |
[2024-12-16T15:16:53.825+0000] {spark_submit.py:579} INFO - |       conf       | number| search|dwnlded|evicted|| number|dwnlded|
[2024-12-16T15:16:53.825+0000] {spark_submit.py:579} INFO - ---------------------------------------------------------------------
[2024-12-16T15:16:53.826+0000] {spark_submit.py:579} INFO - |      default     |   3   |   0   |   0   |   0   ||   3   |   0   |
[2024-12-16T15:16:53.826+0000] {spark_submit.py:579} INFO - ---------------------------------------------------------------------
[2024-12-16T15:16:53.830+0000] {spark_submit.py:579} INFO - :: retrieving :: org.apache.spark#spark-submit-parent-53cddae4-9d6d-4bc9-9a1e-fd9bb593e9b6
[2024-12-16T15:16:53.831+0000] {spark_submit.py:579} INFO - confs: [default]
[2024-12-16T15:16:53.839+0000] {spark_submit.py:579} INFO - 0 artifacts copied, 3 already retrieved (0kB/8ms)
[2024-12-16T15:16:54.836+0000] {spark_submit.py:579} INFO - 24/12/16 15:16:54 WARN NativeCodeLoader: Unable to load native-hadoop library for your platform... using builtin-java classes where applicable
[2024-12-16T15:16:57.124+0000] {spark_submit.py:579} INFO - 2024-12-16 15:16:57,124 INFO: Initializing Spark session...
[2024-12-16T15:16:57.438+0000] {spark_submit.py:579} INFO - 24/12/16 15:16:57 INFO SparkContext: Running Spark version 3.3.2
[2024-12-16T15:16:57.522+0000] {spark_submit.py:579} INFO - 24/12/16 15:16:57 INFO ResourceUtils: ==============================================================
[2024-12-16T15:16:57.524+0000] {spark_submit.py:579} INFO - 24/12/16 15:16:57 INFO ResourceUtils: No custom resources configured for spark.driver.
[2024-12-16T15:16:57.525+0000] {spark_submit.py:579} INFO - 24/12/16 15:16:57 INFO ResourceUtils: ==============================================================
[2024-12-16T15:16:57.526+0000] {spark_submit.py:579} INFO - 24/12/16 15:16:57 INFO SparkContext: Submitted application: CleanKeywords
[2024-12-16T15:16:57.600+0000] {spark_submit.py:579} INFO - 24/12/16 15:16:57 INFO ResourceProfile: Default ResourceProfile created, executor resources: Map(cores -> name: cores, amount: 2, script: , vendor: , memory -> name: memory, amount: 2048, script: , vendor: , offHeap -> name: offHeap, amount: 0, script: , vendor: ), task resources: Map(cpus -> name: cpus, amount: 1.0)
[2024-12-16T15:16:57.621+0000] {spark_submit.py:579} INFO - 24/12/16 15:16:57 INFO ResourceProfile: Limiting resource is cpus at 2 tasks per executor
[2024-12-16T15:16:57.627+0000] {spark_submit.py:579} INFO - 24/12/16 15:16:57 INFO ResourceProfileManager: Added ResourceProfile id: 0
[2024-12-16T15:16:57.812+0000] {spark_submit.py:579} INFO - 24/12/16 15:16:57 INFO SecurityManager: Changing view acls to: ***
[2024-12-16T15:16:57.816+0000] {spark_submit.py:579} INFO - 24/12/16 15:16:57 INFO SecurityManager: Changing modify acls to: ***
[2024-12-16T15:16:57.819+0000] {spark_submit.py:579} INFO - 24/12/16 15:16:57 INFO SecurityManager: Changing view acls groups to:
[2024-12-16T15:16:57.825+0000] {spark_submit.py:579} INFO - 24/12/16 15:16:57 INFO SecurityManager: Changing modify acls groups to:
[2024-12-16T15:16:57.828+0000] {spark_submit.py:579} INFO - 24/12/16 15:16:57 INFO SecurityManager: SecurityManager: authentication disabled; ui acls disabled; users  with view permissions: Set(***); groups with view permissions: Set(); users  with modify permissions: Set(***); groups with modify permissions: Set()
[2024-12-16T15:16:58.916+0000] {spark_submit.py:579} INFO - 24/12/16 15:16:58 INFO Utils: Successfully started service 'sparkDriver' on port 32939.
[2024-12-16T15:16:58.986+0000] {spark_submit.py:579} INFO - 24/12/16 15:16:58 INFO SparkEnv: Registering MapOutputTracker
[2024-12-16T15:16:59.032+0000] {spark_submit.py:579} INFO - 24/12/16 15:16:59 INFO SparkEnv: Registering BlockManagerMaster
[2024-12-16T15:16:59.056+0000] {spark_submit.py:579} INFO - 24/12/16 15:16:59 INFO BlockManagerMasterEndpoint: Using org.apache.spark.storage.DefaultTopologyMapper for getting topology information
[2024-12-16T15:16:59.057+0000] {spark_submit.py:579} INFO - 24/12/16 15:16:59 INFO BlockManagerMasterEndpoint: BlockManagerMasterEndpoint up
[2024-12-16T15:16:59.064+0000] {spark_submit.py:579} INFO - 24/12/16 15:16:59 INFO SparkEnv: Registering BlockManagerMasterHeartbeat
[2024-12-16T15:16:59.113+0000] {spark_submit.py:579} INFO - 24/12/16 15:16:59 INFO DiskBlockManager: Created local directory at /tmp/blockmgr-baa502f6-be79-4180-ad01-fc435235a123
[2024-12-16T15:16:59.152+0000] {spark_submit.py:579} INFO - 24/12/16 15:16:59 INFO MemoryStore: MemoryStore started with capacity 434.4 MiB
[2024-12-16T15:16:59.190+0000] {spark_submit.py:579} INFO - 24/12/16 15:16:59 INFO SparkEnv: Registering OutputCommitCoordinator
[2024-12-16T15:16:59.561+0000] {spark_submit.py:579} INFO - 24/12/16 15:16:59 WARN Utils: Service 'SparkUI' could not bind on port 4040. Attempting port 4041.
[2024-12-16T15:16:59.563+0000] {spark_submit.py:579} INFO - 24/12/16 15:16:59 WARN Utils: Service 'SparkUI' could not bind on port 4041. Attempting port 4042.
[2024-12-16T15:16:59.567+0000] {spark_submit.py:579} INFO - 24/12/16 15:16:59 WARN Utils: Service 'SparkUI' could not bind on port 4042. Attempting port 4043.
[2024-12-16T15:16:59.604+0000] {spark_submit.py:579} INFO - 24/12/16 15:16:59 INFO Utils: Successfully started service 'SparkUI' on port 4043.
[2024-12-16T15:16:59.737+0000] {spark_submit.py:579} INFO - 24/12/16 15:16:59 INFO SparkContext: Added JAR file:///opt/***/jars/hadoop-aws-3.3.4.jar at spark://a2b73f6a4b3a:32939/jars/hadoop-aws-3.3.4.jar with timestamp 1734362217398
[2024-12-16T15:16:59.740+0000] {spark_submit.py:579} INFO - 24/12/16 15:16:59 INFO SparkContext: Added JAR file:///opt/***/jars/s3-2.18.41.jar at spark://a2b73f6a4b3a:32939/jars/s3-2.18.41.jar with timestamp 1734362217398
[2024-12-16T15:16:59.747+0000] {spark_submit.py:579} INFO - 24/12/16 15:16:59 INFO SparkContext: Added JAR file:///opt/***/jars/aws-java-sdk-1.12.367.jar at spark://a2b73f6a4b3a:32939/jars/aws-java-sdk-1.12.367.jar with timestamp 1734362217398
[2024-12-16T15:16:59.751+0000] {spark_submit.py:579} INFO - 24/12/16 15:16:59 INFO SparkContext: Added JAR file:///opt/***/jars/delta-core_2.12-2.2.0.jar at spark://a2b73f6a4b3a:32939/jars/delta-core_2.12-2.2.0.jar with timestamp 1734362217398
[2024-12-16T15:16:59.755+0000] {spark_submit.py:579} INFO - 24/12/16 15:16:59 INFO SparkContext: Added JAR file:///opt/***/jars/delta-storage-2.2.0.jar at spark://a2b73f6a4b3a:32939/jars/delta-storage-2.2.0.jar with timestamp 1734362217398
[2024-12-16T15:16:59.757+0000] {spark_submit.py:579} INFO - 24/12/16 15:16:59 INFO SparkContext: Added JAR file:///home/***/.ivy2/jars/org.apache.hadoop_hadoop-aws-3.3.4.jar at spark://a2b73f6a4b3a:32939/jars/org.apache.hadoop_hadoop-aws-3.3.4.jar with timestamp 1734362217398
[2024-12-16T15:16:59.758+0000] {spark_submit.py:579} INFO - 24/12/16 15:16:59 INFO SparkContext: Added JAR file:///home/***/.ivy2/jars/com.amazonaws_aws-java-sdk-bundle-1.12.262.jar at spark://a2b73f6a4b3a:32939/jars/com.amazonaws_aws-java-sdk-bundle-1.12.262.jar with timestamp 1734362217398
[2024-12-16T15:16:59.759+0000] {spark_submit.py:579} INFO - 24/12/16 15:16:59 INFO SparkContext: Added JAR file:///home/***/.ivy2/jars/org.wildfly.openssl_wildfly-openssl-1.0.7.Final.jar at spark://a2b73f6a4b3a:32939/jars/org.wildfly.openssl_wildfly-openssl-1.0.7.Final.jar with timestamp 1734362217398
[2024-12-16T15:16:59.768+0000] {spark_submit.py:579} INFO - 24/12/16 15:16:59 INFO SparkContext: Added file file:///home/***/.ivy2/jars/org.apache.hadoop_hadoop-aws-3.3.4.jar at spark://a2b73f6a4b3a:32939/files/org.apache.hadoop_hadoop-aws-3.3.4.jar with timestamp 1734362217398
[2024-12-16T15:16:59.773+0000] {spark_submit.py:579} INFO - 24/12/16 15:16:59 INFO Utils: Copying /home/***/.ivy2/jars/org.apache.hadoop_hadoop-aws-3.3.4.jar to /tmp/spark-aa7c6af0-63b9-44a2-8c22-ccaf4617e075/userFiles-1d086cd8-5965-4d28-8d06-5eec267ece58/org.apache.hadoop_hadoop-aws-3.3.4.jar
[2024-12-16T15:16:59.821+0000] {spark_submit.py:579} INFO - 24/12/16 15:16:59 INFO SparkContext: Added file file:///home/***/.ivy2/jars/com.amazonaws_aws-java-sdk-bundle-1.12.262.jar at spark://a2b73f6a4b3a:32939/files/com.amazonaws_aws-java-sdk-bundle-1.12.262.jar with timestamp 1734362217398
[2024-12-16T15:16:59.822+0000] {spark_submit.py:579} INFO - 24/12/16 15:16:59 INFO Utils: Copying /home/***/.ivy2/jars/com.amazonaws_aws-java-sdk-bundle-1.12.262.jar to /tmp/spark-aa7c6af0-63b9-44a2-8c22-ccaf4617e075/userFiles-1d086cd8-5965-4d28-8d06-5eec267ece58/com.amazonaws_aws-java-sdk-bundle-1.12.262.jar
[2024-12-16T15:17:02.521+0000] {spark_submit.py:579} INFO - 24/12/16 15:17:02 INFO SparkContext: Added file file:///home/***/.ivy2/jars/org.wildfly.openssl_wildfly-openssl-1.0.7.Final.jar at spark://a2b73f6a4b3a:32939/files/org.wildfly.openssl_wildfly-openssl-1.0.7.Final.jar with timestamp 1734362217398
[2024-12-16T15:17:02.523+0000] {spark_submit.py:579} INFO - 24/12/16 15:17:02 INFO Utils: Copying /home/***/.ivy2/jars/org.wildfly.openssl_wildfly-openssl-1.0.7.Final.jar to /tmp/spark-aa7c6af0-63b9-44a2-8c22-ccaf4617e075/userFiles-1d086cd8-5965-4d28-8d06-5eec267ece58/org.wildfly.openssl_wildfly-openssl-1.0.7.Final.jar
[2024-12-16T15:17:02.748+0000] {spark_submit.py:579} INFO - 24/12/16 15:17:02 INFO StandaloneAppClient$ClientEndpoint: Connecting to master spark://spark-master:7077...
[2024-12-16T15:17:02.855+0000] {spark_submit.py:579} INFO - 24/12/16 15:17:02 INFO TransportClientFactory: Successfully created connection to spark-master/172.18.0.5:7077 after 63 ms (0 ms spent in bootstraps)
[2024-12-16T15:17:03.052+0000] {spark_submit.py:579} INFO - 24/12/16 15:17:03 INFO StandaloneSchedulerBackend: Connected to Spark cluster with app ID app-20241216151703-0031
[2024-12-16T15:17:03.064+0000] {spark_submit.py:579} INFO - 24/12/16 15:17:03 INFO Utils: Successfully started service 'org.apache.spark.network.netty.NettyBlockTransferService' on port 41103.
[2024-12-16T15:17:03.065+0000] {spark_submit.py:579} INFO - 24/12/16 15:17:03 INFO NettyBlockTransferService: Server created on a2b73f6a4b3a:41103
[2024-12-16T15:17:03.071+0000] {spark_submit.py:579} INFO - 24/12/16 15:17:03 INFO BlockManager: Using org.apache.spark.storage.RandomBlockReplicationPolicy for block replication policy
[2024-12-16T15:17:03.085+0000] {spark_submit.py:579} INFO - 24/12/16 15:17:03 INFO BlockManagerMaster: Registering BlockManager BlockManagerId(driver, a2b73f6a4b3a, 41103, None)
[2024-12-16T15:17:03.094+0000] {spark_submit.py:579} INFO - 24/12/16 15:17:03 INFO BlockManagerMasterEndpoint: Registering block manager a2b73f6a4b3a:41103 with 434.4 MiB RAM, BlockManagerId(driver, a2b73f6a4b3a, 41103, None)
[2024-12-16T15:17:03.110+0000] {spark_submit.py:579} INFO - 24/12/16 15:17:03 INFO BlockManagerMaster: Registered BlockManager BlockManagerId(driver, a2b73f6a4b3a, 41103, None)
[2024-12-16T15:17:03.113+0000] {spark_submit.py:579} INFO - 24/12/16 15:17:03 INFO BlockManager: Initialized BlockManager: BlockManagerId(driver, a2b73f6a4b3a, 41103, None)
[2024-12-16T15:17:03.499+0000] {spark_submit.py:579} INFO - 24/12/16 15:17:03 INFO StandaloneSchedulerBackend: SchedulerBackend is ready for scheduling beginning after reached minRegisteredResourcesRatio: 0.0
[2024-12-16T15:17:03.980+0000] {spark_submit.py:579} INFO - 2024-12-16 15:17:03,980 INFO: Spark session initialized successfully.
[2024-12-16T15:17:03.982+0000] {spark_submit.py:579} INFO - 2024-12-16 15:17:03,980 INFO: Reading data from s3a://lakehouse/bronze/keywords.parquet
[2024-12-16T15:17:04.009+0000] {spark_submit.py:579} INFO - 24/12/16 15:17:04 INFO SharedState: Setting hive.metastore.warehouse.dir ('null') to the value of spark.sql.warehouse.dir.
[2024-12-16T15:17:04.336+0000] {spark_submit.py:579} INFO - 24/12/16 15:17:04 WARN MetricsConfig: Cannot locate configuration: tried hadoop-metrics2-s3a-file-system.properties,hadoop-metrics2.properties
[2024-12-16T15:17:04.373+0000] {spark_submit.py:579} INFO - 24/12/16 15:17:04 INFO MetricsSystemImpl: Scheduled Metric snapshot period at 10 second(s).
[2024-12-16T15:17:04.374+0000] {spark_submit.py:579} INFO - 24/12/16 15:17:04 INFO MetricsSystemImpl: s3a-file-system metrics system started
[2024-12-16T15:17:06.803+0000] {spark_submit.py:579} INFO - 24/12/16 15:17:06 INFO SharedState: Warehouse path is 's3a://lakehouse/'.
[2024-12-16T15:17:09.541+0000] {spark_submit.py:579} INFO - 24/12/16 15:17:09 INFO InMemoryFileIndex: It took 215 ms to list leaf files for 1 paths.
[2024-12-16T15:17:10.746+0000] {spark_submit.py:579} INFO - 24/12/16 15:17:10 INFO SparkContext: Starting job: load at NativeMethodAccessorImpl.java:0
[2024-12-16T15:17:10.811+0000] {spark_submit.py:579} INFO - 24/12/16 15:17:10 INFO DAGScheduler: Got job 0 (load at NativeMethodAccessorImpl.java:0) with 1 output partitions
[2024-12-16T15:17:10.813+0000] {spark_submit.py:579} INFO - 24/12/16 15:17:10 INFO DAGScheduler: Final stage: ResultStage 0 (load at NativeMethodAccessorImpl.java:0)
[2024-12-16T15:17:10.814+0000] {spark_submit.py:579} INFO - 24/12/16 15:17:10 INFO DAGScheduler: Parents of final stage: List()
[2024-12-16T15:17:10.820+0000] {spark_submit.py:579} INFO - 24/12/16 15:17:10 INFO DAGScheduler: Missing parents: List()
[2024-12-16T15:17:10.883+0000] {spark_submit.py:579} INFO - 24/12/16 15:17:10 INFO DAGScheduler: Submitting ResultStage 0 (MapPartitionsRDD[1] at load at NativeMethodAccessorImpl.java:0), which has no missing parents
[2024-12-16T15:17:11.034+0000] {spark_submit.py:579} INFO - 24/12/16 15:17:11 INFO MemoryStore: Block broadcast_0 stored as values in memory (estimated size 106.2 KiB, free 434.3 MiB)
[2024-12-16T15:17:11.105+0000] {spark_submit.py:579} INFO - 24/12/16 15:17:11 INFO MemoryStore: Block broadcast_0_piece0 stored as bytes in memory (estimated size 38.4 KiB, free 434.3 MiB)
[2024-12-16T15:17:11.116+0000] {spark_submit.py:579} INFO - 24/12/16 15:17:11 INFO BlockManagerInfo: Added broadcast_0_piece0 in memory on a2b73f6a4b3a:41103 (size: 38.4 KiB, free: 434.4 MiB)
[2024-12-16T15:17:11.135+0000] {spark_submit.py:579} INFO - 24/12/16 15:17:11 INFO SparkContext: Created broadcast 0 from broadcast at DAGScheduler.scala:1513
[2024-12-16T15:17:11.187+0000] {spark_submit.py:579} INFO - 24/12/16 15:17:11 INFO DAGScheduler: Submitting 1 missing tasks from ResultStage 0 (MapPartitionsRDD[1] at load at NativeMethodAccessorImpl.java:0) (first 15 tasks are for partitions Vector(0))
[2024-12-16T15:17:11.189+0000] {spark_submit.py:579} INFO - 24/12/16 15:17:11 INFO TaskSchedulerImpl: Adding task set 0.0 with 1 tasks resource profile 0
[2024-12-16T15:17:30.508+0000] {spark_submit.py:579} INFO - 24/12/16 15:17:30 WARN TaskSchedulerImpl: Initial job has not accepted any resources; check your cluster UI to ensure that workers are registered and have sufficient resources
[2024-12-16T15:17:41.260+0000] {spark_submit.py:579} INFO - 24/12/16 15:17:41 WARN TaskSchedulerImpl: Initial job has not accepted any resources; check your cluster UI to ensure that workers are registered and have sufficient resources
[2024-12-16T15:17:56.261+0000] {spark_submit.py:579} INFO - 24/12/16 15:17:56 WARN TaskSchedulerImpl: Initial job has not accepted any resources; check your cluster UI to ensure that workers are registered and have sufficient resources
[2024-12-16T15:18:11.468+0000] {spark_submit.py:579} INFO - 24/12/16 15:18:11 WARN TaskSchedulerImpl: Initial job has not accepted any resources; check your cluster UI to ensure that workers are registered and have sufficient resources
[2024-12-16T15:18:24.799+0000] {spark_submit.py:579} INFO - 24/12/16 15:18:24 INFO StandaloneAppClient$ClientEndpoint: Executor added: app-20241216151703-0031/0 on worker-20241216141212-172.18.0.9-45515 (172.18.0.9:45515) with 2 core(s)
[2024-12-16T15:18:24.801+0000] {spark_submit.py:579} INFO - 24/12/16 15:18:24 INFO StandaloneSchedulerBackend: Granted executor ID app-20241216151703-0031/0 on hostPort 172.18.0.9:45515 with 2 core(s), 2.0 GiB RAM
[2024-12-16T15:18:24.961+0000] {spark_submit.py:579} INFO - 24/12/16 15:18:24 INFO StandaloneAppClient$ClientEndpoint: Executor updated: app-20241216151703-0031/0 is now RUNNING
[2024-12-16T15:18:26.267+0000] {spark_submit.py:579} INFO - 24/12/16 15:18:26 WARN TaskSchedulerImpl: Initial job has not accepted any resources; check your cluster UI to ensure that workers are registered and have sufficient resources
[2024-12-16T15:18:27.845+0000] {spark_submit.py:579} INFO - 24/12/16 15:18:27 INFO CoarseGrainedSchedulerBackend$DriverEndpoint: Registered executor NettyRpcEndpointRef(spark-client://Executor) (172.18.0.9:55196) with ID 0,  ResourceProfileId 0
[2024-12-16T15:18:27.911+0000] {spark_submit.py:579} INFO - 24/12/16 15:18:27 INFO BlockManagerMasterEndpoint: Registering block manager 172.18.0.9:41943 with 1048.8 MiB RAM, BlockManagerId(0, 172.18.0.9, 41943, None)
[2024-12-16T15:18:29.604+0000] {spark_submit.py:579} INFO - 24/12/16 15:18:29 INFO TaskSetManager: Starting task 0.0 in stage 0.0 (TID 0) (172.18.0.9, executor 0, partition 0, PROCESS_LOCAL, 4591 bytes) taskResourceAssignments Map()
[2024-12-16T15:18:29.830+0000] {spark_submit.py:579} INFO - 24/12/16 15:18:29 INFO BlockManagerInfo: Added broadcast_0_piece0 in memory on 172.18.0.9:41943 (size: 38.4 KiB, free: 1048.8 MiB)
[2024-12-16T15:18:31.603+0000] {spark_submit.py:579} INFO - 24/12/16 15:18:31 INFO TaskSetManager: Finished task 0.0 in stage 0.0 (TID 0) in 2013 ms on 172.18.0.9 (executor 0) (1/1)
[2024-12-16T15:18:31.606+0000] {spark_submit.py:579} INFO - 24/12/16 15:18:31 INFO TaskSchedulerImpl: Removed TaskSet 0.0, whose tasks have all completed, from pool
[2024-12-16T15:18:31.613+0000] {spark_submit.py:579} INFO - 24/12/16 15:18:31 INFO DAGScheduler: ResultStage 0 (load at NativeMethodAccessorImpl.java:0) finished in 80.682 s
[2024-12-16T15:18:31.616+0000] {spark_submit.py:579} INFO - 24/12/16 15:18:31 INFO DAGScheduler: Job 0 is finished. Cancelling potential speculative or zombie tasks for this job
[2024-12-16T15:18:31.617+0000] {spark_submit.py:579} INFO - 24/12/16 15:18:31 INFO TaskSchedulerImpl: Killing all running tasks in stage 0: Stage finished
[2024-12-16T15:18:31.619+0000] {spark_submit.py:579} INFO - 24/12/16 15:18:31 INFO DAGScheduler: Job 0 finished: load at NativeMethodAccessorImpl.java:0, took 80.861628 s
[2024-12-16T15:18:32.433+0000] {spark_submit.py:579} INFO - 24/12/16 15:18:32 INFO BlockManagerInfo: Removed broadcast_0_piece0 on a2b73f6a4b3a:41103 in memory (size: 38.4 KiB, free: 434.4 MiB)
[2024-12-16T15:18:32.437+0000] {spark_submit.py:579} INFO - 24/12/16 15:18:32 INFO BlockManagerInfo: Removed broadcast_0_piece0 on 172.18.0.9:41943 in memory (size: 38.4 KiB, free: 1048.8 MiB)
[2024-12-16T15:18:33.190+0000] {spark_submit.py:579} INFO - 2024-12-16 15:18:33,190 INFO: Cleaning data...
[2024-12-16T15:18:33.347+0000] {spark_submit.py:579} INFO - 2024-12-16 15:18:33,346 INFO: Data cleaned and transformed.
[2024-12-16T15:18:33.348+0000] {spark_submit.py:579} INFO - 2024-12-16 15:18:33,346 INFO: Saving cleaned data to s3a://lakehouse/sliver/keywords
[2024-12-16T15:18:34.137+0000] {spark_submit.py:579} INFO - 24/12/16 15:18:34 INFO DeltaLog: Creating initial snapshot without metadata, because the directory is empty
[2024-12-16T15:18:34.309+0000] {spark_submit.py:579} INFO - 24/12/16 15:18:34 INFO InitialSnapshot: [tableId=56ee12ed-3d25-463c-9d06-56defb42a7ac] Created snapshot InitialSnapshot(path=s3a://lakehouse/sliver/keywords/_delta_log, version=-1, metadata=Metadata(42501707-8bee-4080-a244-102121c5561f,null,null,Format(parquet,Map()),null,List(),Map(),Some(1734362314301)), logSegment=LogSegment(s3a://lakehouse/sliver/keywords/_delta_log,-1,List(),List(),None,-1), checksumOpt=None)
[2024-12-16T15:18:34.428+0000] {spark_submit.py:579} INFO - 24/12/16 15:18:34 INFO DeltaLog: No delta log found for the Delta table at s3a://lakehouse/sliver/keywords/_delta_log
[2024-12-16T15:18:34.429+0000] {spark_submit.py:579} INFO - 24/12/16 15:18:34 INFO InitialSnapshot: [tableId=42501707-8bee-4080-a244-102121c5561f] Created snapshot InitialSnapshot(path=s3a://lakehouse/sliver/keywords/_delta_log, version=-1, metadata=Metadata(10df8b41-7d69-4ac8-9ee3-b2d68b5b03ed,null,null,Format(parquet,Map()),null,List(),Map(),Some(1734362314428)), logSegment=LogSegment(s3a://lakehouse/sliver/keywords/_delta_log,-1,List(),List(),None,-1), checksumOpt=None)
[2024-12-16T15:18:34.464+0000] {spark_submit.py:579} INFO - 24/12/16 15:18:34 INFO OptimisticTransaction: [tableId=10df8b41,txnId=ec89ca81] Updated metadata from - to Metadata(1c36d83d-3ad2-476a-a650-3361661dd7c0,null,null,Format(parquet,Map()),{"type":"struct","fields":[{"name":"id","type":"long","nullable":true,"metadata":{}},{"name":"keywords","type":"string","nullable":true,"metadata":{}},{"name":"keyword_convert","type":"string","nullable":true,"metadata":{}}]},List(),Map(),Some(1734362314453))
[2024-12-16T15:18:34.960+0000] {spark_submit.py:579} INFO - 24/12/16 15:18:34 INFO FileSourceStrategy: Pushed Filters: IsNotNull(keywords)
[2024-12-16T15:18:34.961+0000] {spark_submit.py:579} INFO - 24/12/16 15:18:34 INFO FileSourceStrategy: Post-Scan Filters: isnotnull(keywords#1)
[2024-12-16T15:18:34.962+0000] {spark_submit.py:579} INFO - 24/12/16 15:18:34 INFO FileSourceStrategy: Output Data Schema: struct<id: bigint, keywords: string>
[2024-12-16T15:18:35.076+0000] {spark_submit.py:579} INFO - 24/12/16 15:18:35 INFO DeltaParquetFileFormat: Using default output committer for Parquet: org.apache.parquet.hadoop.ParquetOutputCommitter
[2024-12-16T15:18:35.148+0000] {spark_submit.py:579} INFO - 24/12/16 15:18:35 INFO HashAggregateExec: spark.sql.codegen.aggregate.map.twolevel.enabled is set to true, but current version of codegened fast hashmap does not support this aggregate.
[2024-12-16T15:18:35.401+0000] {spark_submit.py:579} INFO - 24/12/16 15:18:35 INFO CodeGenerator: Code generated in 190.192495 ms
[2024-12-16T15:18:35.422+0000] {spark_submit.py:579} INFO - 24/12/16 15:18:35 INFO MemoryStore: Block broadcast_1 stored as values in memory (estimated size 206.2 KiB, free 434.2 MiB)
[2024-12-16T15:18:35.439+0000] {spark_submit.py:579} INFO - 24/12/16 15:18:35 INFO MemoryStore: Block broadcast_1_piece0 stored as bytes in memory (estimated size 36.2 KiB, free 434.2 MiB)
[2024-12-16T15:18:35.440+0000] {spark_submit.py:579} INFO - 24/12/16 15:18:35 INFO BlockManagerInfo: Added broadcast_1_piece0 in memory on a2b73f6a4b3a:41103 (size: 36.2 KiB, free: 434.4 MiB)
[2024-12-16T15:18:35.442+0000] {spark_submit.py:579} INFO - 24/12/16 15:18:35 INFO SparkContext: Created broadcast 1 from save at NativeMethodAccessorImpl.java:0
[2024-12-16T15:18:35.455+0000] {spark_submit.py:579} INFO - 24/12/16 15:18:35 INFO FileSourceScanExec: Planning scan with bin packing, max size: 4194304 bytes, open cost is considered as scanning 4194304 bytes.
[2024-12-16T15:18:35.567+0000] {spark_submit.py:579} INFO - 24/12/16 15:18:35 INFO DAGScheduler: Registering RDD 5 (save at NativeMethodAccessorImpl.java:0) as input to shuffle 0
[2024-12-16T15:18:35.572+0000] {spark_submit.py:579} INFO - 24/12/16 15:18:35 INFO DAGScheduler: Got map stage job 1 (save at NativeMethodAccessorImpl.java:0) with 1 output partitions
[2024-12-16T15:18:35.573+0000] {spark_submit.py:579} INFO - 24/12/16 15:18:35 INFO DAGScheduler: Final stage: ShuffleMapStage 1 (save at NativeMethodAccessorImpl.java:0)
[2024-12-16T15:18:35.573+0000] {spark_submit.py:579} INFO - 24/12/16 15:18:35 INFO DAGScheduler: Parents of final stage: List()
[2024-12-16T15:18:35.573+0000] {spark_submit.py:579} INFO - 24/12/16 15:18:35 INFO DAGScheduler: Missing parents: List()
[2024-12-16T15:18:35.576+0000] {spark_submit.py:579} INFO - 24/12/16 15:18:35 INFO DAGScheduler: Submitting ShuffleMapStage 1 (MapPartitionsRDD[5] at save at NativeMethodAccessorImpl.java:0), which has no missing parents
[2024-12-16T15:18:35.594+0000] {spark_submit.py:579} INFO - 24/12/16 15:18:35 INFO MemoryStore: Block broadcast_2 stored as values in memory (estimated size 31.5 KiB, free 434.1 MiB)
[2024-12-16T15:18:35.604+0000] {spark_submit.py:579} INFO - 24/12/16 15:18:35 INFO MemoryStore: Block broadcast_2_piece0 stored as bytes in memory (estimated size 13.9 KiB, free 434.1 MiB)
[2024-12-16T15:18:35.605+0000] {spark_submit.py:579} INFO - 24/12/16 15:18:35 INFO BlockManagerInfo: Added broadcast_2_piece0 in memory on a2b73f6a4b3a:41103 (size: 13.9 KiB, free: 434.4 MiB)
[2024-12-16T15:18:35.606+0000] {spark_submit.py:579} INFO - 24/12/16 15:18:35 INFO SparkContext: Created broadcast 2 from broadcast at DAGScheduler.scala:1513
[2024-12-16T15:18:35.608+0000] {spark_submit.py:579} INFO - 24/12/16 15:18:35 INFO DAGScheduler: Submitting 1 missing tasks from ShuffleMapStage 1 (MapPartitionsRDD[5] at save at NativeMethodAccessorImpl.java:0) (first 15 tasks are for partitions Vector(0))
[2024-12-16T15:18:35.608+0000] {spark_submit.py:579} INFO - 24/12/16 15:18:35 INFO TaskSchedulerImpl: Adding task set 1.0 with 1 tasks resource profile 0
[2024-12-16T15:18:35.613+0000] {spark_submit.py:579} INFO - 24/12/16 15:18:35 INFO TaskSetManager: Starting task 0.0 in stage 1.0 (TID 1) (172.18.0.9, executor 0, partition 0, PROCESS_LOCAL, 4903 bytes) taskResourceAssignments Map()
[2024-12-16T15:18:35.664+0000] {spark_submit.py:579} INFO - 24/12/16 15:18:35 INFO BlockManagerInfo: Added broadcast_2_piece0 in memory on 172.18.0.9:41943 (size: 13.9 KiB, free: 1048.8 MiB)
[2024-12-16T15:18:36.319+0000] {spark_submit.py:579} INFO - 24/12/16 15:18:36 INFO BlockManagerInfo: Added broadcast_1_piece0 in memory on 172.18.0.9:41943 (size: 36.2 KiB, free: 1048.8 MiB)
[2024-12-16T15:18:37.000+0000] {spark_submit.py:579} INFO - 24/12/16 15:18:36 INFO TaskSetManager: Finished task 0.0 in stage 1.0 (TID 1) in 1390 ms on 172.18.0.9 (executor 0) (1/1)
[2024-12-16T15:18:37.001+0000] {spark_submit.py:579} INFO - 24/12/16 15:18:37 INFO TaskSchedulerImpl: Removed TaskSet 1.0, whose tasks have all completed, from pool
[2024-12-16T15:18:37.003+0000] {spark_submit.py:579} INFO - 24/12/16 15:18:37 INFO DAGScheduler: ShuffleMapStage 1 (save at NativeMethodAccessorImpl.java:0) finished in 1.423 s
[2024-12-16T15:18:37.004+0000] {spark_submit.py:579} INFO - 24/12/16 15:18:37 INFO DAGScheduler: looking for newly runnable stages
[2024-12-16T15:18:37.004+0000] {spark_submit.py:579} INFO - 24/12/16 15:18:37 INFO DAGScheduler: running: Set()
[2024-12-16T15:18:37.005+0000] {spark_submit.py:579} INFO - 24/12/16 15:18:37 INFO DAGScheduler: waiting: Set()
[2024-12-16T15:18:37.006+0000] {spark_submit.py:579} INFO - 24/12/16 15:18:37 INFO DAGScheduler: failed: Set()
[2024-12-16T15:18:37.027+0000] {spark_submit.py:579} INFO - 24/12/16 15:18:37 INFO ShufflePartitionsUtil: For shuffle(0), advisory target size: 67108864, actual target size 1480508, minimum partition size: 1048576
[2024-12-16T15:18:37.065+0000] {spark_submit.py:579} INFO - 24/12/16 15:18:37 INFO CodeGenerator: Code generated in 8.838551 ms
[2024-12-16T15:18:37.067+0000] {spark_submit.py:579} INFO - 24/12/16 15:18:37 INFO HashAggregateExec: spark.sql.codegen.aggregate.map.twolevel.enabled is set to true, but current version of codegened fast hashmap does not support this aggregate.
[2024-12-16T15:18:37.090+0000] {spark_submit.py:579} INFO - 24/12/16 15:18:37 INFO CodeGenerator: Code generated in 18.066378 ms
[2024-12-16T15:18:37.214+0000] {spark_submit.py:579} INFO - 24/12/16 15:18:37 INFO SparkContext: Starting job: save at NativeMethodAccessorImpl.java:0
[2024-12-16T15:18:37.216+0000] {spark_submit.py:579} INFO - 24/12/16 15:18:37 INFO DAGScheduler: Got job 2 (save at NativeMethodAccessorImpl.java:0) with 2 output partitions
[2024-12-16T15:18:37.217+0000] {spark_submit.py:579} INFO - 24/12/16 15:18:37 INFO DAGScheduler: Final stage: ResultStage 3 (save at NativeMethodAccessorImpl.java:0)
[2024-12-16T15:18:37.218+0000] {spark_submit.py:579} INFO - 24/12/16 15:18:37 INFO DAGScheduler: Parents of final stage: List(ShuffleMapStage 2)
[2024-12-16T15:18:37.218+0000] {spark_submit.py:579} INFO - 24/12/16 15:18:37 INFO DAGScheduler: Missing parents: List()
[2024-12-16T15:18:37.219+0000] {spark_submit.py:579} INFO - 24/12/16 15:18:37 INFO DAGScheduler: Submitting ResultStage 3 (MapPartitionsRDD[10] at save at NativeMethodAccessorImpl.java:0), which has no missing parents
[2024-12-16T15:18:37.269+0000] {spark_submit.py:579} INFO - 24/12/16 15:18:37 INFO BlockManagerInfo: Removed broadcast_2_piece0 on a2b73f6a4b3a:41103 in memory (size: 13.9 KiB, free: 434.4 MiB)
[2024-12-16T15:18:37.276+0000] {spark_submit.py:579} INFO - 24/12/16 15:18:37 INFO MemoryStore: Block broadcast_3 stored as values in memory (estimated size 360.1 KiB, free 433.8 MiB)
[2024-12-16T15:18:37.277+0000] {spark_submit.py:579} INFO - 24/12/16 15:18:37 INFO MemoryStore: Block broadcast_3_piece0 stored as bytes in memory (estimated size 131.8 KiB, free 433.7 MiB)
[2024-12-16T15:18:37.283+0000] {spark_submit.py:579} INFO - 24/12/16 15:18:37 INFO BlockManagerInfo: Added broadcast_3_piece0 in memory on a2b73f6a4b3a:41103 (size: 131.8 KiB, free: 434.2 MiB)
[2024-12-16T15:18:37.284+0000] {spark_submit.py:579} INFO - 24/12/16 15:18:37 INFO BlockManagerInfo: Removed broadcast_2_piece0 on 172.18.0.9:41943 in memory (size: 13.9 KiB, free: 1048.8 MiB)
[2024-12-16T15:18:37.285+0000] {spark_submit.py:579} INFO - 24/12/16 15:18:37 INFO SparkContext: Created broadcast 3 from broadcast at DAGScheduler.scala:1513
[2024-12-16T15:18:37.288+0000] {spark_submit.py:579} INFO - 24/12/16 15:18:37 INFO DAGScheduler: Submitting 2 missing tasks from ResultStage 3 (MapPartitionsRDD[10] at save at NativeMethodAccessorImpl.java:0) (first 15 tasks are for partitions Vector(0, 1))
[2024-12-16T15:18:37.290+0000] {spark_submit.py:579} INFO - 24/12/16 15:18:37 INFO TaskSchedulerImpl: Adding task set 3.0 with 2 tasks resource profile 0
[2024-12-16T15:18:37.301+0000] {spark_submit.py:579} INFO - 24/12/16 15:18:37 INFO TaskSetManager: Starting task 0.0 in stage 3.0 (TID 2) (172.18.0.9, executor 0, partition 0, NODE_LOCAL, 4457 bytes) taskResourceAssignments Map()
[2024-12-16T15:18:37.302+0000] {spark_submit.py:579} INFO - 24/12/16 15:18:37 INFO TaskSetManager: Starting task 1.0 in stage 3.0 (TID 3) (172.18.0.9, executor 0, partition 1, NODE_LOCAL, 4457 bytes) taskResourceAssignments Map()
[2024-12-16T15:18:37.352+0000] {spark_submit.py:579} INFO - 24/12/16 15:18:37 INFO BlockManagerInfo: Added broadcast_3_piece0 in memory on 172.18.0.9:41943 (size: 131.8 KiB, free: 1048.6 MiB)
[2024-12-16T15:18:37.628+0000] {spark_submit.py:579} INFO - 24/12/16 15:18:37 INFO MapOutputTrackerMasterEndpoint: Asked to send map output locations for shuffle 0 to 172.18.0.9:55196
[2024-12-16T15:18:40.983+0000] {spark_submit.py:579} INFO - 24/12/16 15:18:40 INFO TaskSetManager: Finished task 1.0 in stage 3.0 (TID 3) in 3682 ms on 172.18.0.9 (executor 0) (1/2)
[2024-12-16T15:18:40.984+0000] {spark_submit.py:579} INFO - 24/12/16 15:18:40 INFO TaskSetManager: Finished task 0.0 in stage 3.0 (TID 2) in 3685 ms on 172.18.0.9 (executor 0) (2/2)
[2024-12-16T15:18:40.985+0000] {spark_submit.py:579} INFO - 24/12/16 15:18:40 INFO TaskSchedulerImpl: Removed TaskSet 3.0, whose tasks have all completed, from pool
[2024-12-16T15:18:40.985+0000] {spark_submit.py:579} INFO - 24/12/16 15:18:40 INFO PythonAccumulatorV2: Connected to AccumulatorServer at host: 127.0.0.1 port: 39737
[2024-12-16T15:18:40.989+0000] {spark_submit.py:579} INFO - 24/12/16 15:18:40 INFO DAGScheduler: ResultStage 3 (save at NativeMethodAccessorImpl.java:0) finished in 3.752 s
[2024-12-16T15:18:40.990+0000] {spark_submit.py:579} INFO - 24/12/16 15:18:40 INFO DAGScheduler: Job 2 is finished. Cancelling potential speculative or zombie tasks for this job
[2024-12-16T15:18:40.991+0000] {spark_submit.py:579} INFO - 24/12/16 15:18:40 INFO TaskSchedulerImpl: Killing all running tasks in stage 3: Stage finished
[2024-12-16T15:18:40.992+0000] {spark_submit.py:579} INFO - 24/12/16 15:18:40 INFO DAGScheduler: Job 2 finished: save at NativeMethodAccessorImpl.java:0, took 3.776972 s
[2024-12-16T15:18:40.993+0000] {spark_submit.py:579} INFO - 24/12/16 15:18:40 INFO FileFormatWriter: Start to commit write Job 727bcf2b-5c27-4d72-8c4c-7aa60e2c3380.
[2024-12-16T15:18:40.994+0000] {spark_submit.py:579} INFO - 24/12/16 15:18:40 INFO FileFormatWriter: Write Job 727bcf2b-5c27-4d72-8c4c-7aa60e2c3380 committed. Elapsed time: 0 ms.
[2024-12-16T15:18:40.997+0000] {spark_submit.py:579} INFO - 24/12/16 15:18:40 INFO FileFormatWriter: Finished processing stats for write job 727bcf2b-5c27-4d72-8c4c-7aa60e2c3380.
[2024-12-16T15:18:41.640+0000] {spark_submit.py:579} INFO - 24/12/16 15:18:41 INFO BlockManagerInfo: Removed broadcast_3_piece0 on a2b73f6a4b3a:41103 in memory (size: 131.8 KiB, free: 434.4 MiB)
[2024-12-16T15:18:41.642+0000] {spark_submit.py:579} INFO - 24/12/16 15:18:41 INFO BlockManagerInfo: Removed broadcast_3_piece0 on 172.18.0.9:41943 in memory (size: 131.8 KiB, free: 1048.8 MiB)
[2024-12-16T15:18:42.067+0000] {spark_submit.py:579} INFO - 24/12/16 15:18:42 INFO CodeGenerator: Code generated in 144.696117 ms
[2024-12-16T15:18:42.124+0000] {spark_submit.py:579} INFO - 24/12/16 15:18:42 INFO SparkContext: Starting job: $anonfun$recordDeltaOperationInternal$1 at DatabricksLogging.scala:128
[2024-12-16T15:18:42.125+0000] {spark_submit.py:579} INFO - 24/12/16 15:18:42 INFO DAGScheduler: Job 3 finished: $anonfun$recordDeltaOperationInternal$1 at DatabricksLogging.scala:128, took 0.000329 s
[2024-12-16T15:18:42.178+0000] {spark_submit.py:579} INFO - 24/12/16 15:18:42 INFO OptimisticTransaction: [tableId=10df8b41,txnId=ec89ca81] Attempting to commit version 0 with 5 actions with Serializable isolation level
[2024-12-16T15:18:42.436+0000] {spark_submit.py:579} INFO - 24/12/16 15:18:42 INFO DeltaLog: Creating a new snapshot v0 for commit version 0
[2024-12-16T15:18:42.437+0000] {spark_submit.py:579} INFO - 24/12/16 15:18:42 INFO DeltaLog: Loading version 0.
[2024-12-16T15:18:42.453+0000] {spark_submit.py:579} INFO - 24/12/16 15:18:42 INFO Snapshot: [tableId=10df8b41-7d69-4ac8-9ee3-b2d68b5b03ed] DELTA: Compute snapshot for version: 0
[2024-12-16T15:18:42.488+0000] {spark_submit.py:579} INFO - 24/12/16 15:18:42 INFO MemoryStore: Block broadcast_4 stored as values in memory (estimated size 204.6 KiB, free 434.0 MiB)
[2024-12-16T15:18:42.505+0000] {spark_submit.py:579} INFO - 24/12/16 15:18:42 INFO MemoryStore: Block broadcast_4_piece0 stored as bytes in memory (estimated size 35.6 KiB, free 433.9 MiB)
[2024-12-16T15:18:42.507+0000] {spark_submit.py:579} INFO - 24/12/16 15:18:42 INFO BlockManagerInfo: Added broadcast_4_piece0 in memory on a2b73f6a4b3a:41103 (size: 35.6 KiB, free: 434.3 MiB)
[2024-12-16T15:18:42.508+0000] {spark_submit.py:579} INFO - 24/12/16 15:18:42 INFO SparkContext: Created broadcast 4 from toString at String.java:2951
[2024-12-16T15:18:42.518+0000] {spark_submit.py:579} INFO - 24/12/16 15:18:42 INFO DeltaLogFileIndex: Created DeltaLogFileIndex(JSON, numFilesInSegment: 1, totalFileSize: 1803)
[2024-12-16T15:18:42.831+0000] {spark_submit.py:579} INFO - 24/12/16 15:18:42 INFO FileSourceStrategy: Pushed Filters:
[2024-12-16T15:18:42.832+0000] {spark_submit.py:579} INFO - 24/12/16 15:18:42 INFO FileSourceStrategy: Post-Scan Filters:
[2024-12-16T15:18:42.832+0000] {spark_submit.py:579} INFO - 24/12/16 15:18:42 INFO FileSourceStrategy: Output Data Schema: struct<txn: struct<appId: string, version: bigint, lastUpdated: bigint ... 1 more fields>, add: struct<path: string, partitionValues: map<string,string>, size: bigint, modificationTime: bigint, dataChange: boolean ... 5 more fields>, remove: struct<path: string, deletionTimestamp: bigint, dataChange: boolean, extendedFileMetadata: boolean, partitionValues: map<string,string> ... 5 more fields>, metaData: struct<id: string, name: string, description: string, format: struct<provider: string, options: map<string,string>>, schemaString: string ... 6 more fields>, protocol: struct<minReaderVersion: int, minWriterVersion: int> ... 5 more fields>
[2024-12-16T15:18:42.845+0000] {spark_submit.py:579} INFO - 24/12/16 15:18:42 WARN package: Truncated the string representation of a plan since it was too large. This behavior can be adjusted by setting 'spark.sql.debug.maxToStringFields'.
[2024-12-16T15:18:42.989+0000] {spark_submit.py:579} INFO - 24/12/16 15:18:42 INFO CodeGenerator: Code generated in 84.696609 ms
[2024-12-16T15:18:42.994+0000] {spark_submit.py:579} INFO - 24/12/16 15:18:42 INFO MemoryStore: Block broadcast_5 stored as values in memory (estimated size 204.9 KiB, free 433.7 MiB)
[2024-12-16T15:18:43.006+0000] {spark_submit.py:579} INFO - 24/12/16 15:18:43 INFO MemoryStore: Block broadcast_5_piece0 stored as bytes in memory (estimated size 35.7 KiB, free 433.7 MiB)
[2024-12-16T15:18:43.008+0000] {spark_submit.py:579} INFO - 24/12/16 15:18:43 INFO BlockManagerInfo: Added broadcast_5_piece0 in memory on a2b73f6a4b3a:41103 (size: 35.7 KiB, free: 434.3 MiB)
[2024-12-16T15:18:43.009+0000] {spark_submit.py:579} INFO - 24/12/16 15:18:43 INFO SparkContext: Created broadcast 5 from toString at String.java:2951
[2024-12-16T15:18:43.021+0000] {spark_submit.py:579} INFO - 24/12/16 15:18:43 INFO FileSourceScanExec: Planning scan with bin packing, max size: 4194304 bytes, open cost is considered as scanning 4194304 bytes.
[2024-12-16T15:18:43.071+0000] {spark_submit.py:579} INFO - 24/12/16 15:18:43 INFO DAGScheduler: Registering RDD 18 (toString at String.java:2951) as input to shuffle 1
[2024-12-16T15:18:43.072+0000] {spark_submit.py:579} INFO - 24/12/16 15:18:43 INFO DAGScheduler: Got map stage job 4 (toString at String.java:2951) with 1 output partitions
[2024-12-16T15:18:43.072+0000] {spark_submit.py:579} INFO - 24/12/16 15:18:43 INFO DAGScheduler: Final stage: ShuffleMapStage 4 (toString at String.java:2951)
[2024-12-16T15:18:43.073+0000] {spark_submit.py:579} INFO - 24/12/16 15:18:43 INFO DAGScheduler: Parents of final stage: List()
[2024-12-16T15:18:43.073+0000] {spark_submit.py:579} INFO - 24/12/16 15:18:43 INFO DAGScheduler: Missing parents: List()
[2024-12-16T15:18:43.074+0000] {spark_submit.py:579} INFO - 24/12/16 15:18:43 INFO DAGScheduler: Submitting ShuffleMapStage 4 (MapPartitionsRDD[18] at toString at String.java:2951), which has no missing parents
[2024-12-16T15:18:43.089+0000] {spark_submit.py:579} INFO - 24/12/16 15:18:43 INFO MemoryStore: Block broadcast_6 stored as values in memory (estimated size 124.3 KiB, free 433.6 MiB)
[2024-12-16T15:18:43.100+0000] {spark_submit.py:579} INFO - 24/12/16 15:18:43 INFO MemoryStore: Block broadcast_6_piece0 stored as bytes in memory (estimated size 35.2 KiB, free 433.5 MiB)
[2024-12-16T15:18:43.102+0000] {spark_submit.py:579} INFO - 24/12/16 15:18:43 INFO BlockManagerInfo: Added broadcast_6_piece0 in memory on a2b73f6a4b3a:41103 (size: 35.2 KiB, free: 434.3 MiB)
[2024-12-16T15:18:43.102+0000] {spark_submit.py:579} INFO - 24/12/16 15:18:43 INFO SparkContext: Created broadcast 6 from broadcast at DAGScheduler.scala:1513
[2024-12-16T15:18:43.103+0000] {spark_submit.py:579} INFO - 24/12/16 15:18:43 INFO DAGScheduler: Submitting 1 missing tasks from ShuffleMapStage 4 (MapPartitionsRDD[18] at toString at String.java:2951) (first 15 tasks are for partitions Vector(0))
[2024-12-16T15:18:43.103+0000] {spark_submit.py:579} INFO - 24/12/16 15:18:43 INFO TaskSchedulerImpl: Adding task set 4.0 with 1 tasks resource profile 0
[2024-12-16T15:18:43.105+0000] {spark_submit.py:579} INFO - 24/12/16 15:18:43 INFO TaskSetManager: Starting task 0.0 in stage 4.0 (TID 4) (172.18.0.9, executor 0, partition 0, PROCESS_LOCAL, 4932 bytes) taskResourceAssignments Map()
[2024-12-16T15:18:43.125+0000] {spark_submit.py:579} INFO - 24/12/16 15:18:43 INFO BlockManagerInfo: Added broadcast_6_piece0 in memory on 172.18.0.9:41943 (size: 35.2 KiB, free: 1048.7 MiB)
[2024-12-16T15:18:43.398+0000] {spark_submit.py:579} INFO - 24/12/16 15:18:43 INFO BlockManagerInfo: Added broadcast_5_piece0 in memory on 172.18.0.9:41943 (size: 35.7 KiB, free: 1048.7 MiB)
[2024-12-16T15:18:43.456+0000] {spark_submit.py:579} INFO - 24/12/16 15:18:43 INFO TaskSetManager: Finished task 0.0 in stage 4.0 (TID 4) in 352 ms on 172.18.0.9 (executor 0) (1/1)
[2024-12-16T15:18:43.457+0000] {spark_submit.py:579} INFO - 24/12/16 15:18:43 INFO TaskSchedulerImpl: Removed TaskSet 4.0, whose tasks have all completed, from pool
[2024-12-16T15:18:43.458+0000] {spark_submit.py:579} INFO - 24/12/16 15:18:43 INFO DAGScheduler: ShuffleMapStage 4 (toString at String.java:2951) finished in 0.384 s
[2024-12-16T15:18:43.459+0000] {spark_submit.py:579} INFO - 24/12/16 15:18:43 INFO DAGScheduler: looking for newly runnable stages
[2024-12-16T15:18:43.459+0000] {spark_submit.py:579} INFO - 24/12/16 15:18:43 INFO DAGScheduler: running: Set()
[2024-12-16T15:18:43.459+0000] {spark_submit.py:579} INFO - 24/12/16 15:18:43 INFO DAGScheduler: waiting: Set()
[2024-12-16T15:18:43.460+0000] {spark_submit.py:579} INFO - 24/12/16 15:18:43 INFO DAGScheduler: failed: Set()
[2024-12-16T15:18:43.543+0000] {spark_submit.py:579} INFO - 24/12/16 15:18:43 INFO BlockManagerInfo: Removed broadcast_6_piece0 on a2b73f6a4b3a:41103 in memory (size: 35.2 KiB, free: 434.3 MiB)
[2024-12-16T15:18:43.544+0000] {spark_submit.py:579} INFO - 24/12/16 15:18:43 INFO BlockManagerInfo: Removed broadcast_6_piece0 on 172.18.0.9:41943 in memory (size: 35.2 KiB, free: 1048.7 MiB)
[2024-12-16T15:18:43.706+0000] {spark_submit.py:579} INFO - 24/12/16 15:18:43 INFO CodeGenerator: Generated method too long to be JIT compiled: org.apache.spark.sql.catalyst.expressions.GeneratedClass$GeneratedIteratorForCodegenStage3.serializefromobject_doConsume_0$ is 14899 bytes
[2024-12-16T15:18:43.707+0000] {spark_submit.py:579} INFO - 24/12/16 15:18:43 INFO CodeGenerator: Code generated in 145.68953 ms
[2024-12-16T15:18:43.753+0000] {spark_submit.py:579} INFO - 24/12/16 15:18:43 INFO CodeGenerator: Code generated in 32.598933 ms
[2024-12-16T15:18:43.948+0000] {spark_submit.py:579} INFO - 24/12/16 15:18:43 INFO CodeGenerator: Code generated in 34.578496 ms
[2024-12-16T15:18:43.956+0000] {spark_submit.py:579} INFO - 24/12/16 15:18:43 INFO DAGScheduler: Registering RDD 28 (toString at String.java:2951) as input to shuffle 2
[2024-12-16T15:18:43.956+0000] {spark_submit.py:579} INFO - 24/12/16 15:18:43 INFO DAGScheduler: Got map stage job 5 (toString at String.java:2951) with 50 output partitions
[2024-12-16T15:18:43.957+0000] {spark_submit.py:579} INFO - 24/12/16 15:18:43 INFO DAGScheduler: Final stage: ShuffleMapStage 6 (toString at String.java:2951)
[2024-12-16T15:18:43.957+0000] {spark_submit.py:579} INFO - 24/12/16 15:18:43 INFO DAGScheduler: Parents of final stage: List(ShuffleMapStage 5)
[2024-12-16T15:18:43.960+0000] {spark_submit.py:579} INFO - 24/12/16 15:18:43 INFO DAGScheduler: Missing parents: List()
[2024-12-16T15:18:43.961+0000] {spark_submit.py:579} INFO - 24/12/16 15:18:43 INFO DAGScheduler: Submitting ShuffleMapStage 6 (MapPartitionsRDD[28] at toString at String.java:2951), which has no missing parents
[2024-12-16T15:18:44.081+0000] {spark_submit.py:579} INFO - 24/12/16 15:18:44 INFO MemoryStore: Block broadcast_7 stored as values in memory (estimated size 426.2 KiB, free 433.3 MiB)
[2024-12-16T15:18:44.084+0000] {spark_submit.py:579} INFO - 24/12/16 15:18:44 INFO MemoryStore: Block broadcast_7_piece0 stored as bytes in memory (estimated size 102.6 KiB, free 433.2 MiB)
[2024-12-16T15:18:44.085+0000] {spark_submit.py:579} INFO - 24/12/16 15:18:44 INFO BlockManagerInfo: Added broadcast_7_piece0 in memory on a2b73f6a4b3a:41103 (size: 102.6 KiB, free: 434.2 MiB)
[2024-12-16T15:18:44.086+0000] {spark_submit.py:579} INFO - 24/12/16 15:18:44 INFO SparkContext: Created broadcast 7 from broadcast at DAGScheduler.scala:1513
[2024-12-16T15:18:44.087+0000] {spark_submit.py:579} INFO - 24/12/16 15:18:44 INFO DAGScheduler: Submitting 50 missing tasks from ShuffleMapStage 6 (MapPartitionsRDD[28] at toString at String.java:2951) (first 15 tasks are for partitions Vector(0, 1, 2, 3, 4, 5, 6, 7, 8, 9, 10, 11, 12, 13, 14))
[2024-12-16T15:18:44.088+0000] {spark_submit.py:579} INFO - 24/12/16 15:18:44 INFO TaskSchedulerImpl: Adding task set 6.0 with 50 tasks resource profile 0
[2024-12-16T15:18:44.089+0000] {spark_submit.py:579} INFO - 24/12/16 15:18:44 INFO TaskSetManager: Starting task 34.0 in stage 6.0 (TID 5) (172.18.0.9, executor 0, partition 34, NODE_LOCAL, 4446 bytes) taskResourceAssignments Map()
[2024-12-16T15:18:44.090+0000] {spark_submit.py:579} INFO - 24/12/16 15:18:44 INFO TaskSetManager: Starting task 42.0 in stage 6.0 (TID 6) (172.18.0.9, executor 0, partition 42, NODE_LOCAL, 4446 bytes) taskResourceAssignments Map()
[2024-12-16T15:18:44.131+0000] {spark_submit.py:579} INFO - 24/12/16 15:18:44 INFO BlockManagerInfo: Added broadcast_7_piece0 in memory on 172.18.0.9:41943 (size: 102.6 KiB, free: 1048.6 MiB)
[2024-12-16T15:18:44.246+0000] {spark_submit.py:579} INFO - 24/12/16 15:18:44 INFO MapOutputTrackerMasterEndpoint: Asked to send map output locations for shuffle 1 to 172.18.0.9:55196
[2024-12-16T15:18:44.597+0000] {spark_submit.py:579} INFO - 24/12/16 15:18:44 INFO BlockManagerInfo: Added rdd_25_34 in memory on 172.18.0.9:41943 (size: 592.0 B, free: 1048.6 MiB)
[2024-12-16T15:18:44.633+0000] {spark_submit.py:579} INFO - 24/12/16 15:18:44 INFO BlockManagerInfo: Added rdd_25_42 in memory on 172.18.0.9:41943 (size: 468.0 B, free: 1048.6 MiB)
[2024-12-16T15:18:44.745+0000] {spark_submit.py:579} INFO - 24/12/16 15:18:44 INFO TaskSetManager: Starting task 0.0 in stage 6.0 (TID 7) (172.18.0.9, executor 0, partition 0, PROCESS_LOCAL, 4446 bytes) taskResourceAssignments Map()
[2024-12-16T15:18:44.746+0000] {spark_submit.py:579} INFO - 24/12/16 15:18:44 INFO TaskSetManager: Finished task 42.0 in stage 6.0 (TID 6) in 657 ms on 172.18.0.9 (executor 0) (1/50)
[2024-12-16T15:18:44.748+0000] {spark_submit.py:579} INFO - 24/12/16 15:18:44 INFO TaskSetManager: Starting task 1.0 in stage 6.0 (TID 8) (172.18.0.9, executor 0, partition 1, PROCESS_LOCAL, 4446 bytes) taskResourceAssignments Map()
[2024-12-16T15:18:44.749+0000] {spark_submit.py:579} INFO - 24/12/16 15:18:44 INFO TaskSetManager: Finished task 34.0 in stage 6.0 (TID 5) in 658 ms on 172.18.0.9 (executor 0) (2/50)
[2024-12-16T15:18:44.812+0000] {spark_submit.py:579} INFO - 24/12/16 15:18:44 INFO BlockManagerInfo: Added rdd_25_1 in memory on 172.18.0.9:41943 (size: 46.0 B, free: 1048.6 MiB)
[2024-12-16T15:18:44.833+0000] {spark_submit.py:579} INFO - 24/12/16 15:18:44 INFO BlockManagerInfo: Added rdd_25_0 in memory on 172.18.0.9:41943 (size: 46.0 B, free: 1048.6 MiB)
[2024-12-16T15:18:44.881+0000] {spark_submit.py:579} INFO - 24/12/16 15:18:44 INFO TaskSetManager: Starting task 2.0 in stage 6.0 (TID 9) (172.18.0.9, executor 0, partition 2, PROCESS_LOCAL, 4446 bytes) taskResourceAssignments Map()
[2024-12-16T15:18:44.882+0000] {spark_submit.py:579} INFO - 24/12/16 15:18:44 INFO TaskSetManager: Starting task 3.0 in stage 6.0 (TID 10) (172.18.0.9, executor 0, partition 3, PROCESS_LOCAL, 4446 bytes) taskResourceAssignments Map()
[2024-12-16T15:18:44.883+0000] {spark_submit.py:579} INFO - 24/12/16 15:18:44 INFO TaskSetManager: Finished task 1.0 in stage 6.0 (TID 8) in 137 ms on 172.18.0.9 (executor 0) (3/50)
[2024-12-16T15:18:44.884+0000] {spark_submit.py:579} INFO - 24/12/16 15:18:44 INFO TaskSetManager: Finished task 0.0 in stage 6.0 (TID 7) in 138 ms on 172.18.0.9 (executor 0) (4/50)
[2024-12-16T15:18:44.935+0000] {spark_submit.py:579} INFO - 24/12/16 15:18:44 INFO BlockManagerInfo: Added rdd_25_2 in memory on 172.18.0.9:41943 (size: 46.0 B, free: 1048.6 MiB)
[2024-12-16T15:18:44.940+0000] {spark_submit.py:579} INFO - 24/12/16 15:18:44 INFO BlockManagerInfo: Added rdd_25_3 in memory on 172.18.0.9:41943 (size: 46.0 B, free: 1048.6 MiB)
[2024-12-16T15:18:44.968+0000] {spark_submit.py:579} INFO - 24/12/16 15:18:44 INFO TaskSetManager: Starting task 4.0 in stage 6.0 (TID 11) (172.18.0.9, executor 0, partition 4, PROCESS_LOCAL, 4446 bytes) taskResourceAssignments Map()
[2024-12-16T15:18:44.969+0000] {spark_submit.py:579} INFO - 24/12/16 15:18:44 INFO TaskSetManager: Finished task 3.0 in stage 6.0 (TID 10) in 87 ms on 172.18.0.9 (executor 0) (5/50)
[2024-12-16T15:18:44.971+0000] {spark_submit.py:579} INFO - 24/12/16 15:18:44 INFO TaskSetManager: Starting task 5.0 in stage 6.0 (TID 12) (172.18.0.9, executor 0, partition 5, PROCESS_LOCAL, 4446 bytes) taskResourceAssignments Map()
[2024-12-16T15:18:44.972+0000] {spark_submit.py:579} INFO - 24/12/16 15:18:44 INFO TaskSetManager: Finished task 2.0 in stage 6.0 (TID 9) in 91 ms on 172.18.0.9 (executor 0) (6/50)
[2024-12-16T15:18:45.031+0000] {spark_submit.py:579} INFO - 24/12/16 15:18:45 INFO BlockManagerInfo: Added rdd_25_5 in memory on 172.18.0.9:41943 (size: 46.0 B, free: 1048.6 MiB)
[2024-12-16T15:18:45.035+0000] {spark_submit.py:579} INFO - 24/12/16 15:18:45 INFO BlockManagerInfo: Added rdd_25_4 in memory on 172.18.0.9:41943 (size: 46.0 B, free: 1048.6 MiB)
[2024-12-16T15:18:45.068+0000] {spark_submit.py:579} INFO - 24/12/16 15:18:45 INFO TaskSetManager: Starting task 6.0 in stage 6.0 (TID 13) (172.18.0.9, executor 0, partition 6, PROCESS_LOCAL, 4446 bytes) taskResourceAssignments Map()
[2024-12-16T15:18:45.070+0000] {spark_submit.py:579} INFO - 24/12/16 15:18:45 INFO TaskSetManager: Finished task 5.0 in stage 6.0 (TID 12) in 98 ms on 172.18.0.9 (executor 0) (7/50)
[2024-12-16T15:18:45.071+0000] {spark_submit.py:579} INFO - 24/12/16 15:18:45 INFO TaskSetManager: Starting task 7.0 in stage 6.0 (TID 14) (172.18.0.9, executor 0, partition 7, PROCESS_LOCAL, 4446 bytes) taskResourceAssignments Map()
[2024-12-16T15:18:45.073+0000] {spark_submit.py:579} INFO - 24/12/16 15:18:45 INFO TaskSetManager: Finished task 4.0 in stage 6.0 (TID 11) in 102 ms on 172.18.0.9 (executor 0) (8/50)
[2024-12-16T15:18:45.135+0000] {spark_submit.py:579} INFO - 24/12/16 15:18:45 INFO BlockManagerInfo: Added rdd_25_6 in memory on 172.18.0.9:41943 (size: 46.0 B, free: 1048.6 MiB)
[2024-12-16T15:18:45.136+0000] {spark_submit.py:579} INFO - 24/12/16 15:18:45 INFO BlockManagerInfo: Added rdd_25_7 in memory on 172.18.0.9:41943 (size: 46.0 B, free: 1048.6 MiB)
[2024-12-16T15:18:45.168+0000] {spark_submit.py:579} INFO - 24/12/16 15:18:45 INFO TaskSetManager: Starting task 8.0 in stage 6.0 (TID 15) (172.18.0.9, executor 0, partition 8, PROCESS_LOCAL, 4446 bytes) taskResourceAssignments Map()
[2024-12-16T15:18:45.169+0000] {spark_submit.py:579} INFO - 24/12/16 15:18:45 INFO TaskSetManager: Finished task 7.0 in stage 6.0 (TID 14) in 99 ms on 172.18.0.9 (executor 0) (9/50)
[2024-12-16T15:18:45.171+0000] {spark_submit.py:579} INFO - 24/12/16 15:18:45 INFO TaskSetManager: Starting task 9.0 in stage 6.0 (TID 16) (172.18.0.9, executor 0, partition 9, PROCESS_LOCAL, 4446 bytes) taskResourceAssignments Map()
[2024-12-16T15:18:45.172+0000] {spark_submit.py:579} INFO - 24/12/16 15:18:45 INFO TaskSetManager: Finished task 6.0 in stage 6.0 (TID 13) in 104 ms on 172.18.0.9 (executor 0) (10/50)
[2024-12-16T15:18:45.234+0000] {spark_submit.py:579} INFO - 24/12/16 15:18:45 INFO BlockManagerInfo: Added rdd_25_9 in memory on 172.18.0.9:41943 (size: 46.0 B, free: 1048.6 MiB)
[2024-12-16T15:18:45.237+0000] {spark_submit.py:579} INFO - 24/12/16 15:18:45 INFO BlockManagerInfo: Added rdd_25_8 in memory on 172.18.0.9:41943 (size: 46.0 B, free: 1048.6 MiB)
[2024-12-16T15:18:45.273+0000] {spark_submit.py:579} INFO - 24/12/16 15:18:45 INFO TaskSetManager: Starting task 10.0 in stage 6.0 (TID 17) (172.18.0.9, executor 0, partition 10, PROCESS_LOCAL, 4446 bytes) taskResourceAssignments Map()
[2024-12-16T15:18:45.274+0000] {spark_submit.py:579} INFO - 24/12/16 15:18:45 INFO TaskSetManager: Finished task 9.0 in stage 6.0 (TID 16) in 101 ms on 172.18.0.9 (executor 0) (11/50)
[2024-12-16T15:18:45.281+0000] {spark_submit.py:579} INFO - 24/12/16 15:18:45 INFO TaskSetManager: Starting task 11.0 in stage 6.0 (TID 18) (172.18.0.9, executor 0, partition 11, PROCESS_LOCAL, 4446 bytes) taskResourceAssignments Map()
[2024-12-16T15:18:45.282+0000] {spark_submit.py:579} INFO - 24/12/16 15:18:45 INFO TaskSetManager: Finished task 8.0 in stage 6.0 (TID 15) in 114 ms on 172.18.0.9 (executor 0) (12/50)
[2024-12-16T15:18:45.338+0000] {spark_submit.py:579} INFO - 24/12/16 15:18:45 INFO BlockManagerInfo: Added rdd_25_10 in memory on 172.18.0.9:41943 (size: 46.0 B, free: 1048.6 MiB)
[2024-12-16T15:18:45.346+0000] {spark_submit.py:579} INFO - 24/12/16 15:18:45 INFO BlockManagerInfo: Added rdd_25_11 in memory on 172.18.0.9:41943 (size: 46.0 B, free: 1048.6 MiB)
[2024-12-16T15:18:45.368+0000] {spark_submit.py:579} INFO - 24/12/16 15:18:45 INFO TaskSetManager: Starting task 12.0 in stage 6.0 (TID 19) (172.18.0.9, executor 0, partition 12, PROCESS_LOCAL, 4446 bytes) taskResourceAssignments Map()
[2024-12-16T15:18:45.370+0000] {spark_submit.py:579} INFO - 24/12/16 15:18:45 INFO TaskSetManager: Finished task 10.0 in stage 6.0 (TID 17) in 99 ms on 172.18.0.9 (executor 0) (13/50)
[2024-12-16T15:18:45.378+0000] {spark_submit.py:579} INFO - 24/12/16 15:18:45 INFO TaskSetManager: Starting task 13.0 in stage 6.0 (TID 20) (172.18.0.9, executor 0, partition 13, PROCESS_LOCAL, 4446 bytes) taskResourceAssignments Map()
[2024-12-16T15:18:45.380+0000] {spark_submit.py:579} INFO - 24/12/16 15:18:45 INFO TaskSetManager: Finished task 11.0 in stage 6.0 (TID 18) in 98 ms on 172.18.0.9 (executor 0) (14/50)
[2024-12-16T15:18:45.430+0000] {spark_submit.py:579} INFO - 24/12/16 15:18:45 INFO BlockManagerInfo: Added rdd_25_12 in memory on 172.18.0.9:41943 (size: 46.0 B, free: 1048.6 MiB)
[2024-12-16T15:18:45.442+0000] {spark_submit.py:579} INFO - 24/12/16 15:18:45 INFO BlockManagerInfo: Added rdd_25_13 in memory on 172.18.0.9:41943 (size: 46.0 B, free: 1048.6 MiB)
[2024-12-16T15:18:45.463+0000] {spark_submit.py:579} INFO - 24/12/16 15:18:45 INFO TaskSetManager: Starting task 14.0 in stage 6.0 (TID 21) (172.18.0.9, executor 0, partition 14, PROCESS_LOCAL, 4446 bytes) taskResourceAssignments Map()
[2024-12-16T15:18:45.464+0000] {spark_submit.py:579} INFO - 24/12/16 15:18:45 INFO TaskSetManager: Finished task 12.0 in stage 6.0 (TID 19) in 96 ms on 172.18.0.9 (executor 0) (15/50)
[2024-12-16T15:18:45.483+0000] {spark_submit.py:579} INFO - 24/12/16 15:18:45 INFO TaskSetManager: Starting task 15.0 in stage 6.0 (TID 22) (172.18.0.9, executor 0, partition 15, PROCESS_LOCAL, 4446 bytes) taskResourceAssignments Map()
[2024-12-16T15:18:45.489+0000] {spark_submit.py:579} INFO - 24/12/16 15:18:45 INFO TaskSetManager: Finished task 13.0 in stage 6.0 (TID 20) in 110 ms on 172.18.0.9 (executor 0) (16/50)
[2024-12-16T15:18:45.527+0000] {spark_submit.py:579} INFO - 24/12/16 15:18:45 INFO BlockManagerInfo: Added rdd_25_14 in memory on 172.18.0.9:41943 (size: 46.0 B, free: 1048.6 MiB)
[2024-12-16T15:18:45.540+0000] {spark_submit.py:579} INFO - 24/12/16 15:18:45 INFO BlockManagerInfo: Added rdd_25_15 in memory on 172.18.0.9:41943 (size: 46.0 B, free: 1048.6 MiB)
[2024-12-16T15:18:45.556+0000] {spark_submit.py:579} INFO - 24/12/16 15:18:45 INFO TaskSetManager: Starting task 16.0 in stage 6.0 (TID 23) (172.18.0.9, executor 0, partition 16, PROCESS_LOCAL, 4446 bytes) taskResourceAssignments Map()
[2024-12-16T15:18:45.556+0000] {spark_submit.py:579} INFO - 24/12/16 15:18:45 INFO TaskSetManager: Finished task 14.0 in stage 6.0 (TID 21) in 95 ms on 172.18.0.9 (executor 0) (17/50)
[2024-12-16T15:18:45.566+0000] {spark_submit.py:579} INFO - 24/12/16 15:18:45 INFO TaskSetManager: Starting task 17.0 in stage 6.0 (TID 24) (172.18.0.9, executor 0, partition 17, PROCESS_LOCAL, 4446 bytes) taskResourceAssignments Map()
[2024-12-16T15:18:45.567+0000] {spark_submit.py:579} INFO - 24/12/16 15:18:45 INFO TaskSetManager: Finished task 15.0 in stage 6.0 (TID 22) in 84 ms on 172.18.0.9 (executor 0) (18/50)
[2024-12-16T15:18:45.602+0000] {spark_submit.py:579} INFO - 24/12/16 15:18:45 INFO BlockManagerInfo: Added rdd_25_16 in memory on 172.18.0.9:41943 (size: 46.0 B, free: 1048.6 MiB)
[2024-12-16T15:18:45.617+0000] {spark_submit.py:579} INFO - 24/12/16 15:18:45 INFO BlockManagerInfo: Added rdd_25_17 in memory on 172.18.0.9:41943 (size: 46.0 B, free: 1048.6 MiB)
[2024-12-16T15:18:45.638+0000] {spark_submit.py:579} INFO - 24/12/16 15:18:45 INFO TaskSetManager: Starting task 18.0 in stage 6.0 (TID 25) (172.18.0.9, executor 0, partition 18, PROCESS_LOCAL, 4446 bytes) taskResourceAssignments Map()
[2024-12-16T15:18:45.639+0000] {spark_submit.py:579} INFO - 24/12/16 15:18:45 INFO TaskSetManager: Finished task 16.0 in stage 6.0 (TID 23) in 81 ms on 172.18.0.9 (executor 0) (19/50)
[2024-12-16T15:18:45.647+0000] {spark_submit.py:579} INFO - 24/12/16 15:18:45 INFO TaskSetManager: Starting task 19.0 in stage 6.0 (TID 26) (172.18.0.9, executor 0, partition 19, PROCESS_LOCAL, 4446 bytes) taskResourceAssignments Map()
[2024-12-16T15:18:45.648+0000] {spark_submit.py:579} INFO - 24/12/16 15:18:45 INFO TaskSetManager: Finished task 17.0 in stage 6.0 (TID 24) in 80 ms on 172.18.0.9 (executor 0) (20/50)
[2024-12-16T15:18:45.686+0000] {spark_submit.py:579} INFO - 24/12/16 15:18:45 INFO BlockManagerInfo: Added rdd_25_18 in memory on 172.18.0.9:41943 (size: 46.0 B, free: 1048.6 MiB)
[2024-12-16T15:18:45.697+0000] {spark_submit.py:579} INFO - 24/12/16 15:18:45 INFO BlockManagerInfo: Added rdd_25_19 in memory on 172.18.0.9:41943 (size: 46.0 B, free: 1048.6 MiB)
[2024-12-16T15:18:45.709+0000] {spark_submit.py:579} INFO - 24/12/16 15:18:45 INFO TaskSetManager: Starting task 20.0 in stage 6.0 (TID 27) (172.18.0.9, executor 0, partition 20, PROCESS_LOCAL, 4446 bytes) taskResourceAssignments Map()
[2024-12-16T15:18:45.710+0000] {spark_submit.py:579} INFO - 24/12/16 15:18:45 INFO TaskSetManager: Finished task 18.0 in stage 6.0 (TID 25) in 74 ms on 172.18.0.9 (executor 0) (21/50)
[2024-12-16T15:18:45.726+0000] {spark_submit.py:579} INFO - 24/12/16 15:18:45 INFO TaskSetManager: Starting task 21.0 in stage 6.0 (TID 28) (172.18.0.9, executor 0, partition 21, PROCESS_LOCAL, 4446 bytes) taskResourceAssignments Map()
[2024-12-16T15:18:45.727+0000] {spark_submit.py:579} INFO - 24/12/16 15:18:45 INFO TaskSetManager: Finished task 19.0 in stage 6.0 (TID 26) in 83 ms on 172.18.0.9 (executor 0) (22/50)
[2024-12-16T15:18:45.753+0000] {spark_submit.py:579} INFO - 24/12/16 15:18:45 INFO BlockManagerInfo: Added rdd_25_20 in memory on 172.18.0.9:41943 (size: 46.0 B, free: 1048.6 MiB)
[2024-12-16T15:18:45.772+0000] {spark_submit.py:579} INFO - 24/12/16 15:18:45 INFO BlockManagerInfo: Added rdd_25_21 in memory on 172.18.0.9:41943 (size: 46.0 B, free: 1048.6 MiB)
[2024-12-16T15:18:45.777+0000] {spark_submit.py:579} INFO - 24/12/16 15:18:45 INFO TaskSetManager: Starting task 22.0 in stage 6.0 (TID 29) (172.18.0.9, executor 0, partition 22, PROCESS_LOCAL, 4446 bytes) taskResourceAssignments Map()
[2024-12-16T15:18:45.778+0000] {spark_submit.py:579} INFO - 24/12/16 15:18:45 INFO TaskSetManager: Finished task 20.0 in stage 6.0 (TID 27) in 70 ms on 172.18.0.9 (executor 0) (23/50)
[2024-12-16T15:18:45.798+0000] {spark_submit.py:579} INFO - 24/12/16 15:18:45 INFO TaskSetManager: Starting task 23.0 in stage 6.0 (TID 30) (172.18.0.9, executor 0, partition 23, PROCESS_LOCAL, 4446 bytes) taskResourceAssignments Map()
[2024-12-16T15:18:45.799+0000] {spark_submit.py:579} INFO - 24/12/16 15:18:45 INFO TaskSetManager: Finished task 21.0 in stage 6.0 (TID 28) in 73 ms on 172.18.0.9 (executor 0) (24/50)
[2024-12-16T15:18:45.819+0000] {spark_submit.py:579} INFO - 24/12/16 15:18:45 INFO BlockManagerInfo: Added rdd_25_22 in memory on 172.18.0.9:41943 (size: 46.0 B, free: 1048.6 MiB)
[2024-12-16T15:18:45.853+0000] {spark_submit.py:579} INFO - 24/12/16 15:18:45 INFO BlockManagerInfo: Added rdd_25_23 in memory on 172.18.0.9:41943 (size: 46.0 B, free: 1048.6 MiB)
[2024-12-16T15:18:45.854+0000] {spark_submit.py:579} INFO - 24/12/16 15:18:45 INFO TaskSetManager: Starting task 24.0 in stage 6.0 (TID 31) (172.18.0.9, executor 0, partition 24, PROCESS_LOCAL, 4446 bytes) taskResourceAssignments Map()
[2024-12-16T15:18:45.856+0000] {spark_submit.py:579} INFO - 24/12/16 15:18:45 INFO TaskSetManager: Finished task 22.0 in stage 6.0 (TID 29) in 79 ms on 172.18.0.9 (executor 0) (25/50)
[2024-12-16T15:18:45.883+0000] {spark_submit.py:579} INFO - 24/12/16 15:18:45 INFO TaskSetManager: Starting task 25.0 in stage 6.0 (TID 32) (172.18.0.9, executor 0, partition 25, PROCESS_LOCAL, 4446 bytes) taskResourceAssignments Map()
[2024-12-16T15:18:45.884+0000] {spark_submit.py:579} INFO - 24/12/16 15:18:45 INFO TaskSetManager: Finished task 23.0 in stage 6.0 (TID 30) in 86 ms on 172.18.0.9 (executor 0) (26/50)
[2024-12-16T15:18:45.915+0000] {spark_submit.py:579} INFO - 24/12/16 15:18:45 INFO BlockManagerInfo: Added rdd_25_24 in memory on 172.18.0.9:41943 (size: 46.0 B, free: 1048.6 MiB)
[2024-12-16T15:18:45.937+0000] {spark_submit.py:579} INFO - 24/12/16 15:18:45 INFO TaskSetManager: Starting task 26.0 in stage 6.0 (TID 33) (172.18.0.9, executor 0, partition 26, PROCESS_LOCAL, 4446 bytes) taskResourceAssignments Map()
[2024-12-16T15:18:45.938+0000] {spark_submit.py:579} INFO - 24/12/16 15:18:45 INFO TaskSetManager: Finished task 24.0 in stage 6.0 (TID 31) in 84 ms on 172.18.0.9 (executor 0) (27/50)
[2024-12-16T15:18:45.946+0000] {spark_submit.py:579} INFO - 24/12/16 15:18:45 INFO BlockManagerInfo: Added rdd_25_25 in memory on 172.18.0.9:41943 (size: 46.0 B, free: 1048.6 MiB)
[2024-12-16T15:18:45.967+0000] {spark_submit.py:579} INFO - 24/12/16 15:18:45 INFO TaskSetManager: Starting task 27.0 in stage 6.0 (TID 34) (172.18.0.9, executor 0, partition 27, PROCESS_LOCAL, 4446 bytes) taskResourceAssignments Map()
[2024-12-16T15:18:45.968+0000] {spark_submit.py:579} INFO - 24/12/16 15:18:45 INFO TaskSetManager: Finished task 25.0 in stage 6.0 (TID 32) in 85 ms on 172.18.0.9 (executor 0) (28/50)
[2024-12-16T15:18:45.981+0000] {spark_submit.py:579} INFO - 24/12/16 15:18:45 INFO BlockManagerInfo: Added rdd_25_26 in memory on 172.18.0.9:41943 (size: 46.0 B, free: 1048.6 MiB)
[2024-12-16T15:18:46.006+0000] {spark_submit.py:579} INFO - 24/12/16 15:18:46 INFO TaskSetManager: Starting task 28.0 in stage 6.0 (TID 35) (172.18.0.9, executor 0, partition 28, PROCESS_LOCAL, 4446 bytes) taskResourceAssignments Map()
[2024-12-16T15:18:46.007+0000] {spark_submit.py:579} INFO - 24/12/16 15:18:46 INFO TaskSetManager: Finished task 26.0 in stage 6.0 (TID 33) in 70 ms on 172.18.0.9 (executor 0) (29/50)
[2024-12-16T15:18:46.011+0000] {spark_submit.py:579} INFO - 24/12/16 15:18:46 INFO BlockManagerInfo: Added rdd_25_27 in memory on 172.18.0.9:41943 (size: 46.0 B, free: 1048.6 MiB)
[2024-12-16T15:18:46.030+0000] {spark_submit.py:579} INFO - 24/12/16 15:18:46 INFO TaskSetManager: Starting task 29.0 in stage 6.0 (TID 36) (172.18.0.9, executor 0, partition 29, PROCESS_LOCAL, 4446 bytes) taskResourceAssignments Map()
[2024-12-16T15:18:46.032+0000] {spark_submit.py:579} INFO - 24/12/16 15:18:46 INFO TaskSetManager: Finished task 27.0 in stage 6.0 (TID 34) in 64 ms on 172.18.0.9 (executor 0) (30/50)
[2024-12-16T15:18:46.049+0000] {spark_submit.py:579} INFO - 24/12/16 15:18:46 INFO BlockManagerInfo: Added rdd_25_28 in memory on 172.18.0.9:41943 (size: 46.0 B, free: 1048.6 MiB)
[2024-12-16T15:18:46.072+0000] {spark_submit.py:579} INFO - 24/12/16 15:18:46 INFO TaskSetManager: Starting task 30.0 in stage 6.0 (TID 37) (172.18.0.9, executor 0, partition 30, PROCESS_LOCAL, 4446 bytes) taskResourceAssignments Map()
[2024-12-16T15:18:46.073+0000] {spark_submit.py:579} INFO - 24/12/16 15:18:46 INFO TaskSetManager: Finished task 28.0 in stage 6.0 (TID 35) in 68 ms on 172.18.0.9 (executor 0) (31/50)
[2024-12-16T15:18:46.080+0000] {spark_submit.py:579} INFO - 24/12/16 15:18:46 INFO BlockManagerInfo: Added rdd_25_29 in memory on 172.18.0.9:41943 (size: 46.0 B, free: 1048.6 MiB)
[2024-12-16T15:18:46.107+0000] {spark_submit.py:579} INFO - 24/12/16 15:18:46 INFO TaskSetManager: Starting task 31.0 in stage 6.0 (TID 38) (172.18.0.9, executor 0, partition 31, PROCESS_LOCAL, 4446 bytes) taskResourceAssignments Map()
[2024-12-16T15:18:46.108+0000] {spark_submit.py:579} INFO - 24/12/16 15:18:46 INFO TaskSetManager: Finished task 29.0 in stage 6.0 (TID 36) in 78 ms on 172.18.0.9 (executor 0) (32/50)
[2024-12-16T15:18:46.139+0000] {spark_submit.py:579} INFO - 24/12/16 15:18:46 INFO BlockManagerInfo: Added rdd_25_30 in memory on 172.18.0.9:41943 (size: 46.0 B, free: 1048.6 MiB)
[2024-12-16T15:18:46.162+0000] {spark_submit.py:579} INFO - 24/12/16 15:18:46 INFO BlockManagerInfo: Added rdd_25_31 in memory on 172.18.0.9:41943 (size: 46.0 B, free: 1048.6 MiB)
[2024-12-16T15:18:46.173+0000] {spark_submit.py:579} INFO - 24/12/16 15:18:46 INFO TaskSetManager: Finished task 30.0 in stage 6.0 (TID 37) in 99 ms on 172.18.0.9 (executor 0) (33/50)
[2024-12-16T15:18:46.174+0000] {spark_submit.py:579} INFO - 24/12/16 15:18:46 INFO TaskSetManager: Starting task 32.0 in stage 6.0 (TID 39) (172.18.0.9, executor 0, partition 32, PROCESS_LOCAL, 4446 bytes) taskResourceAssignments Map()
[2024-12-16T15:18:46.194+0000] {spark_submit.py:579} INFO - 24/12/16 15:18:46 INFO TaskSetManager: Starting task 33.0 in stage 6.0 (TID 40) (172.18.0.9, executor 0, partition 33, PROCESS_LOCAL, 4446 bytes) taskResourceAssignments Map()
[2024-12-16T15:18:46.200+0000] {spark_submit.py:579} INFO - 24/12/16 15:18:46 INFO TaskSetManager: Finished task 31.0 in stage 6.0 (TID 38) in 90 ms on 172.18.0.9 (executor 0) (34/50)
[2024-12-16T15:18:46.232+0000] {spark_submit.py:579} INFO - 24/12/16 15:18:46 INFO BlockManagerInfo: Added rdd_25_32 in memory on 172.18.0.9:41943 (size: 46.0 B, free: 1048.6 MiB)
[2024-12-16T15:18:46.247+0000] {spark_submit.py:579} INFO - 24/12/16 15:18:46 INFO BlockManagerInfo: Added rdd_25_33 in memory on 172.18.0.9:41943 (size: 46.0 B, free: 1048.6 MiB)
[2024-12-16T15:18:46.259+0000] {spark_submit.py:579} INFO - 24/12/16 15:18:46 INFO TaskSetManager: Starting task 35.0 in stage 6.0 (TID 41) (172.18.0.9, executor 0, partition 35, PROCESS_LOCAL, 4446 bytes) taskResourceAssignments Map()
[2024-12-16T15:18:46.260+0000] {spark_submit.py:579} INFO - 24/12/16 15:18:46 INFO TaskSetManager: Finished task 32.0 in stage 6.0 (TID 39) in 88 ms on 172.18.0.9 (executor 0) (35/50)
[2024-12-16T15:18:46.286+0000] {spark_submit.py:579} INFO - 24/12/16 15:18:46 INFO TaskSetManager: Starting task 36.0 in stage 6.0 (TID 42) (172.18.0.9, executor 0, partition 36, PROCESS_LOCAL, 4446 bytes) taskResourceAssignments Map()
[2024-12-16T15:18:46.288+0000] {spark_submit.py:579} INFO - 24/12/16 15:18:46 INFO TaskSetManager: Finished task 33.0 in stage 6.0 (TID 40) in 95 ms on 172.18.0.9 (executor 0) (36/50)
[2024-12-16T15:18:46.322+0000] {spark_submit.py:579} INFO - 24/12/16 15:18:46 INFO BlockManagerInfo: Added rdd_25_35 in memory on 172.18.0.9:41943 (size: 46.0 B, free: 1048.6 MiB)
[2024-12-16T15:18:46.349+0000] {spark_submit.py:579} INFO - 24/12/16 15:18:46 INFO BlockManagerInfo: Added rdd_25_36 in memory on 172.18.0.9:41943 (size: 46.0 B, free: 1048.6 MiB)
[2024-12-16T15:18:46.358+0000] {spark_submit.py:579} INFO - 24/12/16 15:18:46 INFO TaskSetManager: Starting task 37.0 in stage 6.0 (TID 43) (172.18.0.9, executor 0, partition 37, PROCESS_LOCAL, 4446 bytes) taskResourceAssignments Map()
[2024-12-16T15:18:46.362+0000] {spark_submit.py:579} INFO - 24/12/16 15:18:46 INFO TaskSetManager: Finished task 35.0 in stage 6.0 (TID 41) in 101 ms on 172.18.0.9 (executor 0) (37/50)
[2024-12-16T15:18:46.374+0000] {spark_submit.py:579} INFO - 24/12/16 15:18:46 INFO TaskSetManager: Starting task 38.0 in stage 6.0 (TID 44) (172.18.0.9, executor 0, partition 38, PROCESS_LOCAL, 4446 bytes) taskResourceAssignments Map()
[2024-12-16T15:18:46.376+0000] {spark_submit.py:579} INFO - 24/12/16 15:18:46 INFO TaskSetManager: Finished task 36.0 in stage 6.0 (TID 42) in 91 ms on 172.18.0.9 (executor 0) (38/50)
[2024-12-16T15:18:46.408+0000] {spark_submit.py:579} INFO - 24/12/16 15:18:46 INFO BlockManagerInfo: Added rdd_25_37 in memory on 172.18.0.9:41943 (size: 46.0 B, free: 1048.6 MiB)
[2024-12-16T15:18:46.416+0000] {spark_submit.py:579} INFO - 24/12/16 15:18:46 INFO BlockManagerInfo: Added rdd_25_38 in memory on 172.18.0.9:41943 (size: 46.0 B, free: 1048.6 MiB)
[2024-12-16T15:18:46.429+0000] {spark_submit.py:579} INFO - 24/12/16 15:18:46 INFO TaskSetManager: Starting task 39.0 in stage 6.0 (TID 45) (172.18.0.9, executor 0, partition 39, PROCESS_LOCAL, 4446 bytes) taskResourceAssignments Map()
[2024-12-16T15:18:46.431+0000] {spark_submit.py:579} INFO - 24/12/16 15:18:46 INFO TaskSetManager: Finished task 37.0 in stage 6.0 (TID 43) in 73 ms on 172.18.0.9 (executor 0) (39/50)
[2024-12-16T15:18:46.441+0000] {spark_submit.py:579} INFO - 24/12/16 15:18:46 INFO TaskSetManager: Starting task 40.0 in stage 6.0 (TID 46) (172.18.0.9, executor 0, partition 40, PROCESS_LOCAL, 4446 bytes) taskResourceAssignments Map()
[2024-12-16T15:18:46.442+0000] {spark_submit.py:579} INFO - 24/12/16 15:18:46 INFO TaskSetManager: Finished task 38.0 in stage 6.0 (TID 44) in 68 ms on 172.18.0.9 (executor 0) (40/50)
[2024-12-16T15:18:46.480+0000] {spark_submit.py:579} INFO - 24/12/16 15:18:46 INFO BlockManagerInfo: Added rdd_25_39 in memory on 172.18.0.9:41943 (size: 46.0 B, free: 1048.6 MiB)
[2024-12-16T15:18:46.485+0000] {spark_submit.py:579} INFO - 24/12/16 15:18:46 INFO BlockManagerInfo: Added rdd_25_40 in memory on 172.18.0.9:41943 (size: 46.0 B, free: 1048.6 MiB)
[2024-12-16T15:18:46.504+0000] {spark_submit.py:579} INFO - 24/12/16 15:18:46 INFO TaskSetManager: Starting task 41.0 in stage 6.0 (TID 47) (172.18.0.9, executor 0, partition 41, PROCESS_LOCAL, 4446 bytes) taskResourceAssignments Map()
[2024-12-16T15:18:46.506+0000] {spark_submit.py:579} INFO - 24/12/16 15:18:46 INFO TaskSetManager: Finished task 39.0 in stage 6.0 (TID 45) in 77 ms on 172.18.0.9 (executor 0) (41/50)
[2024-12-16T15:18:46.509+0000] {spark_submit.py:579} INFO - 24/12/16 15:18:46 INFO TaskSetManager: Starting task 43.0 in stage 6.0 (TID 48) (172.18.0.9, executor 0, partition 43, PROCESS_LOCAL, 4446 bytes) taskResourceAssignments Map()
[2024-12-16T15:18:46.510+0000] {spark_submit.py:579} INFO - 24/12/16 15:18:46 INFO TaskSetManager: Finished task 40.0 in stage 6.0 (TID 46) in 70 ms on 172.18.0.9 (executor 0) (42/50)
[2024-12-16T15:18:46.547+0000] {spark_submit.py:579} INFO - 24/12/16 15:18:46 INFO BlockManagerInfo: Added rdd_25_41 in memory on 172.18.0.9:41943 (size: 46.0 B, free: 1048.6 MiB)
[2024-12-16T15:18:46.548+0000] {spark_submit.py:579} INFO - 24/12/16 15:18:46 INFO BlockManagerInfo: Added rdd_25_43 in memory on 172.18.0.9:41943 (size: 46.0 B, free: 1048.6 MiB)
[2024-12-16T15:18:46.570+0000] {spark_submit.py:579} INFO - 24/12/16 15:18:46 INFO TaskSetManager: Starting task 44.0 in stage 6.0 (TID 49) (172.18.0.9, executor 0, partition 44, PROCESS_LOCAL, 4446 bytes) taskResourceAssignments Map()
[2024-12-16T15:18:46.571+0000] {spark_submit.py:579} INFO - 24/12/16 15:18:46 INFO TaskSetManager: Finished task 43.0 in stage 6.0 (TID 48) in 62 ms on 172.18.0.9 (executor 0) (43/50)
[2024-12-16T15:18:46.572+0000] {spark_submit.py:579} INFO - 24/12/16 15:18:46 INFO TaskSetManager: Starting task 45.0 in stage 6.0 (TID 50) (172.18.0.9, executor 0, partition 45, PROCESS_LOCAL, 4446 bytes) taskResourceAssignments Map()
[2024-12-16T15:18:46.573+0000] {spark_submit.py:579} INFO - 24/12/16 15:18:46 INFO TaskSetManager: Finished task 41.0 in stage 6.0 (TID 47) in 67 ms on 172.18.0.9 (executor 0) (44/50)
[2024-12-16T15:18:46.610+0000] {spark_submit.py:579} INFO - 24/12/16 15:18:46 INFO BlockManagerInfo: Added rdd_25_44 in memory on 172.18.0.9:41943 (size: 46.0 B, free: 1048.6 MiB)
[2024-12-16T15:18:46.615+0000] {spark_submit.py:579} INFO - 24/12/16 15:18:46 INFO BlockManagerInfo: Added rdd_25_45 in memory on 172.18.0.9:41943 (size: 46.0 B, free: 1048.6 MiB)
[2024-12-16T15:18:46.631+0000] {spark_submit.py:579} INFO - 24/12/16 15:18:46 INFO TaskSetManager: Starting task 46.0 in stage 6.0 (TID 51) (172.18.0.9, executor 0, partition 46, PROCESS_LOCAL, 4446 bytes) taskResourceAssignments Map()
[2024-12-16T15:18:46.632+0000] {spark_submit.py:579} INFO - 24/12/16 15:18:46 INFO TaskSetManager: Finished task 44.0 in stage 6.0 (TID 49) in 63 ms on 172.18.0.9 (executor 0) (45/50)
[2024-12-16T15:18:46.636+0000] {spark_submit.py:579} INFO - 24/12/16 15:18:46 INFO TaskSetManager: Starting task 47.0 in stage 6.0 (TID 52) (172.18.0.9, executor 0, partition 47, PROCESS_LOCAL, 4446 bytes) taskResourceAssignments Map()
[2024-12-16T15:18:46.638+0000] {spark_submit.py:579} INFO - 24/12/16 15:18:46 INFO TaskSetManager: Finished task 45.0 in stage 6.0 (TID 50) in 66 ms on 172.18.0.9 (executor 0) (46/50)
[2024-12-16T15:18:46.676+0000] {spark_submit.py:579} INFO - 24/12/16 15:18:46 INFO BlockManagerInfo: Added rdd_25_46 in memory on 172.18.0.9:41943 (size: 46.0 B, free: 1048.6 MiB)
[2024-12-16T15:18:46.677+0000] {spark_submit.py:579} INFO - 24/12/16 15:18:46 INFO BlockManagerInfo: Added rdd_25_47 in memory on 172.18.0.9:41943 (size: 46.0 B, free: 1048.6 MiB)
[2024-12-16T15:18:46.697+0000] {spark_submit.py:579} INFO - 24/12/16 15:18:46 INFO TaskSetManager: Starting task 48.0 in stage 6.0 (TID 53) (172.18.0.9, executor 0, partition 48, PROCESS_LOCAL, 4446 bytes) taskResourceAssignments Map()
[2024-12-16T15:18:46.698+0000] {spark_submit.py:579} INFO - 24/12/16 15:18:46 INFO TaskSetManager: Finished task 46.0 in stage 6.0 (TID 51) in 66 ms on 172.18.0.9 (executor 0) (47/50)
[2024-12-16T15:18:46.700+0000] {spark_submit.py:579} INFO - 24/12/16 15:18:46 INFO TaskSetManager: Finished task 47.0 in stage 6.0 (TID 52) in 63 ms on 172.18.0.9 (executor 0) (48/50)
[2024-12-16T15:18:46.701+0000] {spark_submit.py:579} INFO - 24/12/16 15:18:46 INFO TaskSetManager: Starting task 49.0 in stage 6.0 (TID 54) (172.18.0.9, executor 0, partition 49, PROCESS_LOCAL, 4446 bytes) taskResourceAssignments Map()
[2024-12-16T15:18:46.736+0000] {spark_submit.py:579} INFO - 24/12/16 15:18:46 INFO BlockManagerInfo: Added rdd_25_48 in memory on 172.18.0.9:41943 (size: 46.0 B, free: 1048.6 MiB)
[2024-12-16T15:18:46.749+0000] {spark_submit.py:579} INFO - 24/12/16 15:18:46 INFO BlockManagerInfo: Added rdd_25_49 in memory on 172.18.0.9:41943 (size: 46.0 B, free: 1048.6 MiB)
[2024-12-16T15:18:46.762+0000] {spark_submit.py:579} INFO - 24/12/16 15:18:46 INFO TaskSetManager: Finished task 48.0 in stage 6.0 (TID 53) in 65 ms on 172.18.0.9 (executor 0) (49/50)
[2024-12-16T15:18:46.772+0000] {spark_submit.py:579} INFO - 24/12/16 15:18:46 INFO TaskSetManager: Finished task 49.0 in stage 6.0 (TID 54) in 71 ms on 172.18.0.9 (executor 0) (50/50)
[2024-12-16T15:18:46.773+0000] {spark_submit.py:579} INFO - 24/12/16 15:18:46 INFO TaskSchedulerImpl: Removed TaskSet 6.0, whose tasks have all completed, from pool
[2024-12-16T15:18:46.774+0000] {spark_submit.py:579} INFO - 24/12/16 15:18:46 INFO DAGScheduler: ShuffleMapStage 6 (toString at String.java:2951) finished in 2.808 s
[2024-12-16T15:18:46.774+0000] {spark_submit.py:579} INFO - 24/12/16 15:18:46 INFO DAGScheduler: looking for newly runnable stages
[2024-12-16T15:18:46.775+0000] {spark_submit.py:579} INFO - 24/12/16 15:18:46 INFO DAGScheduler: running: Set()
[2024-12-16T15:18:46.775+0000] {spark_submit.py:579} INFO - 24/12/16 15:18:46 INFO DAGScheduler: waiting: Set()
[2024-12-16T15:18:46.776+0000] {spark_submit.py:579} INFO - 24/12/16 15:18:46 INFO DAGScheduler: failed: Set()
[2024-12-16T15:18:46.814+0000] {spark_submit.py:579} INFO - 24/12/16 15:18:46 INFO BlockManagerInfo: Removed broadcast_7_piece0 on a2b73f6a4b3a:41103 in memory (size: 102.6 KiB, free: 434.3 MiB)
[2024-12-16T15:18:46.817+0000] {spark_submit.py:579} INFO - 24/12/16 15:18:46 INFO BlockManagerInfo: Removed broadcast_7_piece0 on 172.18.0.9:41943 in memory (size: 102.6 KiB, free: 1048.7 MiB)
[2024-12-16T15:18:46.827+0000] {spark_submit.py:579} INFO - 24/12/16 15:18:46 INFO SparkContext: Starting job: toString at String.java:2951
[2024-12-16T15:18:46.828+0000] {spark_submit.py:579} INFO - 24/12/16 15:18:46 INFO DAGScheduler: Got job 6 (toString at String.java:2951) with 1 output partitions
[2024-12-16T15:18:46.829+0000] {spark_submit.py:579} INFO - 24/12/16 15:18:46 INFO DAGScheduler: Final stage: ResultStage 9 (toString at String.java:2951)
[2024-12-16T15:18:46.830+0000] {spark_submit.py:579} INFO - 24/12/16 15:18:46 INFO DAGScheduler: Parents of final stage: List(ShuffleMapStage 8)
[2024-12-16T15:18:46.831+0000] {spark_submit.py:579} INFO - 24/12/16 15:18:46 INFO DAGScheduler: Missing parents: List()
[2024-12-16T15:18:46.832+0000] {spark_submit.py:579} INFO - 24/12/16 15:18:46 INFO DAGScheduler: Submitting ResultStage 9 (MapPartitionsRDD[31] at toString at String.java:2951), which has no missing parents
[2024-12-16T15:18:46.838+0000] {spark_submit.py:579} INFO - 24/12/16 15:18:46 INFO MemoryStore: Block broadcast_8 stored as values in memory (estimated size 372.3 KiB, free 433.3 MiB)
[2024-12-16T15:18:46.841+0000] {spark_submit.py:579} INFO - 24/12/16 15:18:46 INFO MemoryStore: Block broadcast_8_piece0 stored as bytes in memory (estimated size 91.6 KiB, free 433.2 MiB)
[2024-12-16T15:18:46.843+0000] {spark_submit.py:579} INFO - 24/12/16 15:18:46 INFO BlockManagerInfo: Added broadcast_8_piece0 in memory on a2b73f6a4b3a:41103 (size: 91.6 KiB, free: 434.2 MiB)
[2024-12-16T15:18:46.844+0000] {spark_submit.py:579} INFO - 24/12/16 15:18:46 INFO SparkContext: Created broadcast 8 from broadcast at DAGScheduler.scala:1513
[2024-12-16T15:18:46.844+0000] {spark_submit.py:579} INFO - 24/12/16 15:18:46 INFO DAGScheduler: Submitting 1 missing tasks from ResultStage 9 (MapPartitionsRDD[31] at toString at String.java:2951) (first 15 tasks are for partitions Vector(0))
[2024-12-16T15:18:46.845+0000] {spark_submit.py:579} INFO - 24/12/16 15:18:46 INFO TaskSchedulerImpl: Adding task set 9.0 with 1 tasks resource profile 0
[2024-12-16T15:18:46.847+0000] {spark_submit.py:579} INFO - 24/12/16 15:18:46 INFO TaskSetManager: Starting task 0.0 in stage 9.0 (TID 55) (172.18.0.9, executor 0, partition 0, NODE_LOCAL, 4457 bytes) taskResourceAssignments Map()
[2024-12-16T15:18:46.862+0000] {spark_submit.py:579} INFO - 24/12/16 15:18:46 INFO BlockManagerInfo: Added broadcast_8_piece0 in memory on 172.18.0.9:41943 (size: 91.6 KiB, free: 1048.6 MiB)
[2024-12-16T15:18:46.894+0000] {spark_submit.py:579} INFO - 24/12/16 15:18:46 INFO MapOutputTrackerMasterEndpoint: Asked to send map output locations for shuffle 2 to 172.18.0.9:55196
[2024-12-16T15:18:46.946+0000] {spark_submit.py:579} INFO - 24/12/16 15:18:46 INFO TaskSetManager: Finished task 0.0 in stage 9.0 (TID 55) in 100 ms on 172.18.0.9 (executor 0) (1/1)
[2024-12-16T15:18:46.947+0000] {spark_submit.py:579} INFO - 24/12/16 15:18:46 INFO TaskSchedulerImpl: Removed TaskSet 9.0, whose tasks have all completed, from pool
[2024-12-16T15:18:46.948+0000] {spark_submit.py:579} INFO - 24/12/16 15:18:46 INFO DAGScheduler: ResultStage 9 (toString at String.java:2951) finished in 0.114 s
[2024-12-16T15:18:46.948+0000] {spark_submit.py:579} INFO - 24/12/16 15:18:46 INFO DAGScheduler: Job 6 is finished. Cancelling potential speculative or zombie tasks for this job
[2024-12-16T15:18:46.949+0000] {spark_submit.py:579} INFO - 24/12/16 15:18:46 INFO TaskSchedulerImpl: Killing all running tasks in stage 9: Stage finished
[2024-12-16T15:18:46.949+0000] {spark_submit.py:579} INFO - 24/12/16 15:18:46 INFO DAGScheduler: Job 6 finished: toString at String.java:2951, took 0.121308 s
[2024-12-16T15:18:47.005+0000] {spark_submit.py:579} INFO - 24/12/16 15:18:47 INFO CodeGenerator: Code generated in 29.04084 ms
[2024-12-16T15:18:47.012+0000] {spark_submit.py:579} INFO - 24/12/16 15:18:47 INFO Snapshot: [tableId=10df8b41-7d69-4ac8-9ee3-b2d68b5b03ed] DELTA: Done
[2024-12-16T15:18:47.013+0000] {spark_submit.py:579} INFO - 24/12/16 15:18:47 INFO Snapshot: [tableId=10df8b41-7d69-4ac8-9ee3-b2d68b5b03ed] Created snapshot Snapshot(path=s3a://lakehouse/sliver/keywords/_delta_log, version=0, metadata=Metadata(1c36d83d-3ad2-476a-a650-3361661dd7c0,null,null,Format(parquet,Map()),{"type":"struct","fields":[{"name":"id","type":"long","nullable":true,"metadata":{}},{"name":"keywords","type":"string","nullable":true,"metadata":{}},{"name":"keyword_convert","type":"string","nullable":true,"metadata":{}}]},List(),Map(),Some(1734362314453)), logSegment=LogSegment(s3a://lakehouse/sliver/keywords/_delta_log,0,WrappedArray(S3AFileStatus{path=s3a://lakehouse/sliver/keywords/_delta_log/00000000000000000000.json; isDirectory=false; length=1803; replication=1; blocksize=33554432; modification_time=1734362322382; access_time=0; owner=***; group=***; permission=rw-rw-rw-; isSymlink=false; hasAcl=false; isEncrypted=true; isErasureCoded=false} isEmptyDirectory=FALSE eTag=baf436a3bdd58e730e39fbfd4867c352 versionId=null),List(),None,1734362322382), checksumOpt=None)
[2024-12-16T15:18:47.014+0000] {spark_submit.py:579} INFO - 24/12/16 15:18:47 INFO DeltaLog: Updated snapshot to Snapshot(path=s3a://lakehouse/sliver/keywords/_delta_log, version=0, metadata=Metadata(1c36d83d-3ad2-476a-a650-3361661dd7c0,null,null,Format(parquet,Map()),{"type":"struct","fields":[{"name":"id","type":"long","nullable":true,"metadata":{}},{"name":"keywords","type":"string","nullable":true,"metadata":{}},{"name":"keyword_convert","type":"string","nullable":true,"metadata":{}}]},List(),Map(),Some(1734362314453)), logSegment=LogSegment(s3a://lakehouse/sliver/keywords/_delta_log,0,WrappedArray(S3AFileStatus{path=s3a://lakehouse/sliver/keywords/_delta_log/00000000000000000000.json; isDirectory=false; length=1803; replication=1; blocksize=33554432; modification_time=1734362322382; access_time=0; owner=***; group=***; permission=rw-rw-rw-; isSymlink=false; hasAcl=false; isEncrypted=true; isErasureCoded=false} isEmptyDirectory=FALSE eTag=baf436a3bdd58e730e39fbfd4867c352 versionId=null),List(),None,1734362322382), checksumOpt=None)
[2024-12-16T15:18:47.039+0000] {spark_submit.py:579} INFO - 24/12/16 15:18:47 INFO OptimisticTransaction: [tableId=10df8b41,txnId=ec89ca81] Committed delta #0 to s3a://lakehouse/sliver/keywords/_delta_log
[2024-12-16T15:18:47.045+0000] {spark_submit.py:579} INFO - 2024-12-16 15:18:47,045 INFO: Data cleaning and saving process completed successfully.
[2024-12-16T15:18:47.059+0000] {spark_submit.py:579} INFO - 24/12/16 15:18:47 INFO SparkUI: Stopped Spark web UI at http://a2b73f6a4b3a:4043
[2024-12-16T15:18:47.063+0000] {spark_submit.py:579} INFO - 24/12/16 15:18:47 INFO StandaloneSchedulerBackend: Shutting down all executors
[2024-12-16T15:18:47.064+0000] {spark_submit.py:579} INFO - 24/12/16 15:18:47 INFO CoarseGrainedSchedulerBackend$DriverEndpoint: Asking each executor to shut down
[2024-12-16T15:18:47.100+0000] {spark_submit.py:579} INFO - 24/12/16 15:18:47 INFO MapOutputTrackerMasterEndpoint: MapOutputTrackerMasterEndpoint stopped!
[2024-12-16T15:18:47.142+0000] {spark_submit.py:579} INFO - 24/12/16 15:18:47 INFO MemoryStore: MemoryStore cleared
[2024-12-16T15:18:47.143+0000] {spark_submit.py:579} INFO - 24/12/16 15:18:47 INFO BlockManager: BlockManager stopped
[2024-12-16T15:18:47.149+0000] {spark_submit.py:579} INFO - 24/12/16 15:18:47 INFO BlockManagerMaster: BlockManagerMaster stopped
[2024-12-16T15:18:47.156+0000] {spark_submit.py:579} INFO - 24/12/16 15:18:47 INFO OutputCommitCoordinator$OutputCommitCoordinatorEndpoint: OutputCommitCoordinator stopped!
[2024-12-16T15:18:47.200+0000] {spark_submit.py:579} INFO - 24/12/16 15:18:47 INFO SparkContext: Successfully stopped SparkContext
[2024-12-16T15:18:48.000+0000] {spark_submit.py:579} INFO - 2024-12-16 15:18:48,000 INFO: Closing down clientserver connection
[2024-12-16T15:18:48.070+0000] {spark_submit.py:579} INFO - 24/12/16 15:18:48 INFO ShutdownHookManager: Shutdown hook called
[2024-12-16T15:18:48.070+0000] {spark_submit.py:579} INFO - 24/12/16 15:18:48 INFO ShutdownHookManager: Deleting directory /tmp/spark-451b6444-29ca-4fc1-9f9d-66ab3ac5e60a
[2024-12-16T15:18:48.075+0000] {spark_submit.py:579} INFO - 24/12/16 15:18:48 INFO ShutdownHookManager: Deleting directory /tmp/spark-aa7c6af0-63b9-44a2-8c22-ccaf4617e075
[2024-12-16T15:18:48.079+0000] {spark_submit.py:579} INFO - 24/12/16 15:18:48 INFO ShutdownHookManager: Deleting directory /tmp/spark-aa7c6af0-63b9-44a2-8c22-ccaf4617e075/pyspark-60aa4a4d-f0cc-4c88-aa99-439ba0fd6348
[2024-12-16T15:18:48.089+0000] {spark_submit.py:579} INFO - 24/12/16 15:18:48 INFO MetricsSystemImpl: Stopping s3a-file-system metrics system...
[2024-12-16T15:18:48.090+0000] {spark_submit.py:579} INFO - 24/12/16 15:18:48 INFO MetricsSystemImpl: s3a-file-system metrics system stopped.
[2024-12-16T15:18:48.091+0000] {spark_submit.py:579} INFO - 24/12/16 15:18:48 INFO MetricsSystemImpl: s3a-file-system metrics system shutdown complete.
[2024-12-16T15:18:48.156+0000] {taskinstance.py:1400} INFO - Marking task as SUCCESS. dag_id=All_Layer, task_id=clean_keyword, execution_date=20241216T151625, start_date=20241216T151646, end_date=20241216T151848
[2024-12-16T15:18:48.214+0000] {local_task_job_runner.py:228} INFO - Task exited with return code 0
[2024-12-16T15:18:48.241+0000] {taskinstance.py:2778} INFO - 0 downstream tasks scheduled from follow-on schedule check
