[2024-10-26T12:13:00.481+0000] {taskinstance.py:1157} INFO - Dependencies all met for dep_context=non-requeueable deps ti=<TaskInstance: clean_task_movies.clean_movies manual__2024-10-26T12:12:59.297751+00:00 [queued]>
[2024-10-26T12:13:00.490+0000] {taskinstance.py:1157} INFO - Dependencies all met for dep_context=requeueable deps ti=<TaskInstance: clean_task_movies.clean_movies manual__2024-10-26T12:12:59.297751+00:00 [queued]>
[2024-10-26T12:13:00.490+0000] {taskinstance.py:1359} INFO - Starting attempt 1 of 2
[2024-10-26T12:13:00.505+0000] {taskinstance.py:1380} INFO - Executing <Task(SparkSubmitOperator): clean_movies> on 2024-10-26 12:12:59.297751+00:00
[2024-10-26T12:13:00.510+0000] {standard_task_runner.py:57} INFO - Started process 493 to run task
[2024-10-26T12:13:00.513+0000] {standard_task_runner.py:84} INFO - Running: ['***', 'tasks', 'run', 'clean_task_movies', 'clean_movies', 'manual__2024-10-26T12:12:59.297751+00:00', '--job-id', '199', '--raw', '--subdir', 'DAGS_FOLDER/movie.py', '--cfg-path', '/tmp/tmps8_2m43a']
[2024-10-26T12:13:00.516+0000] {standard_task_runner.py:85} INFO - Job 199: Subtask clean_movies
[2024-10-26T12:13:00.563+0000] {task_command.py:415} INFO - Running <TaskInstance: clean_task_movies.clean_movies manual__2024-10-26T12:12:59.297751+00:00 [running]> on host 84076e7a47fe
[2024-10-26T12:13:00.655+0000] {taskinstance.py:1660} INFO - Exporting env vars: AIRFLOW_CTX_DAG_OWNER='***' AIRFLOW_CTX_DAG_ID='clean_task_movies' AIRFLOW_CTX_TASK_ID='clean_movies' AIRFLOW_CTX_EXECUTION_DATE='2024-10-26T12:12:59.297751+00:00' AIRFLOW_CTX_TRY_NUMBER='1' AIRFLOW_CTX_DAG_RUN_ID='manual__2024-10-26T12:12:59.297751+00:00'
[2024-10-26T12:13:00.663+0000] {base.py:73} INFO - Using connection ID 'spark-conn' for task execution.
[2024-10-26T12:13:00.665+0000] {spark_submit.py:403} INFO - Spark-Submit cmd: spark-submit --master spark://spark-master:7077 --conf spark.sql.extensions=io.delta.sql.DeltaSparkSessionExtension --conf spark.sql.catalog.spark_catalog=org.apache.spark.sql.delta.catalog.DeltaCatalog --jars /opt/***/jars/hadoop-aws-3.3.4.jar,/opt/***/jars/s3-2.18.41.jar,/opt/***/jars/aws-java-sdk-1.12.367.jar,/opt/***/jars/delta-core_2.12-2.4.0.jar,/opt/***/jars/delta-storage-2.2.0.jar, --packages org.apache.hadoop:hadoop-aws:3.3.4 --num-executors 2 --total-executor-cores 2 --executor-cores 2 --executor-memory 2g --driver-memory 1g --name arrow-spark --deploy-mode client /opt/***/jobs/python/test_movies.py s3a://lakehouse/bronze/movies.parquet s3a://lakehouse/sliver/movies
[2024-10-26T12:13:00.769+0000] {spark_submit.py:579} INFO - /home/***/.local/lib/python3.11/site-packages/pyspark/bin/load-spark-env.sh: line 68: ps: command not found
[2024-10-26T12:13:03.573+0000] {spark_submit.py:579} INFO - :: loading settings :: url = jar:file:/home/***/.local/lib/python3.11/site-packages/pyspark/jars/ivy-2.5.1.jar!/org/apache/ivy/core/settings/ivysettings.xml
[2024-10-26T12:13:03.818+0000] {spark_submit.py:579} INFO - Ivy Default Cache set to: /home/***/.ivy2/cache
[2024-10-26T12:13:03.819+0000] {spark_submit.py:579} INFO - The jars for the packages stored in: /home/***/.ivy2/jars
[2024-10-26T12:13:03.826+0000] {spark_submit.py:579} INFO - org.apache.hadoop#hadoop-aws added as a dependency
[2024-10-26T12:13:03.827+0000] {spark_submit.py:579} INFO - :: resolving dependencies :: org.apache.spark#spark-submit-parent-5af02e76-064f-4337-9734-e9f0274c32f2;1.0
[2024-10-26T12:13:03.828+0000] {spark_submit.py:579} INFO - confs: [default]
[2024-10-26T12:13:03.997+0000] {spark_submit.py:579} INFO - found org.apache.hadoop#hadoop-aws;3.3.4 in spark-list
[2024-10-26T12:13:04.025+0000] {spark_submit.py:579} INFO - found com.amazonaws#aws-java-sdk-bundle;1.12.262 in central
[2024-10-26T12:13:04.078+0000] {spark_submit.py:579} INFO - found org.wildfly.openssl#wildfly-openssl;1.0.7.Final in spark-list
[2024-10-26T12:13:04.096+0000] {spark_submit.py:579} INFO - :: resolution report :: resolve 262ms :: artifacts dl 7ms
[2024-10-26T12:13:04.097+0000] {spark_submit.py:579} INFO - :: modules in use:
[2024-10-26T12:13:04.098+0000] {spark_submit.py:579} INFO - com.amazonaws#aws-java-sdk-bundle;1.12.262 from central in [default]
[2024-10-26T12:13:04.099+0000] {spark_submit.py:579} INFO - org.apache.hadoop#hadoop-aws;3.3.4 from spark-list in [default]
[2024-10-26T12:13:04.099+0000] {spark_submit.py:579} INFO - org.wildfly.openssl#wildfly-openssl;1.0.7.Final from spark-list in [default]
[2024-10-26T12:13:04.100+0000] {spark_submit.py:579} INFO - ---------------------------------------------------------------------
[2024-10-26T12:13:04.100+0000] {spark_submit.py:579} INFO - |                  |            modules            ||   artifacts   |
[2024-10-26T12:13:04.101+0000] {spark_submit.py:579} INFO - |       conf       | number| search|dwnlded|evicted|| number|dwnlded|
[2024-10-26T12:13:04.102+0000] {spark_submit.py:579} INFO - ---------------------------------------------------------------------
[2024-10-26T12:13:04.102+0000] {spark_submit.py:579} INFO - |      default     |   3   |   0   |   0   |   0   ||   3   |   0   |
[2024-10-26T12:13:04.103+0000] {spark_submit.py:579} INFO - ---------------------------------------------------------------------
[2024-10-26T12:13:04.103+0000] {spark_submit.py:579} INFO - :: retrieving :: org.apache.spark#spark-submit-parent-5af02e76-064f-4337-9734-e9f0274c32f2
[2024-10-26T12:13:04.104+0000] {spark_submit.py:579} INFO - confs: [default]
[2024-10-26T12:13:04.109+0000] {spark_submit.py:579} INFO - 0 artifacts copied, 3 already retrieved (0kB/7ms)
[2024-10-26T12:13:04.393+0000] {spark_submit.py:579} INFO - 24/10/26 12:13:04 WARN NativeCodeLoader: Unable to load native-hadoop library for your platform... using builtin-java classes where applicable
[2024-10-26T12:13:05.799+0000] {spark_submit.py:579} INFO - 2024-10-26 12:13:05,798 INFO: Initializing Spark session...
[2024-10-26T12:13:06.134+0000] {spark_submit.py:579} INFO - 24/10/26 12:13:06 INFO SparkContext: Running Spark version 3.4.3
[2024-10-26T12:13:06.160+0000] {spark_submit.py:579} INFO - 24/10/26 12:13:06 INFO ResourceUtils: ==============================================================
[2024-10-26T12:13:06.160+0000] {spark_submit.py:579} INFO - 24/10/26 12:13:06 INFO ResourceUtils: No custom resources configured for spark.driver.
[2024-10-26T12:13:06.161+0000] {spark_submit.py:579} INFO - 24/10/26 12:13:06 INFO ResourceUtils: ==============================================================
[2024-10-26T12:13:06.161+0000] {spark_submit.py:579} INFO - 24/10/26 12:13:06 INFO SparkContext: Submitted application: CleanMovies
[2024-10-26T12:13:06.191+0000] {spark_submit.py:579} INFO - 24/10/26 12:13:06 INFO ResourceProfile: Default ResourceProfile created, executor resources: Map(cores -> name: cores, amount: 2, script: , vendor: , memory -> name: memory, amount: 2048, script: , vendor: , offHeap -> name: offHeap, amount: 0, script: , vendor: ), task resources: Map(cpus -> name: cpus, amount: 1.0)
[2024-10-26T12:13:06.204+0000] {spark_submit.py:579} INFO - 24/10/26 12:13:06 INFO ResourceProfile: Limiting resource is cpus at 2 tasks per executor
[2024-10-26T12:13:06.206+0000] {spark_submit.py:579} INFO - 24/10/26 12:13:06 INFO ResourceProfileManager: Added ResourceProfile id: 0
[2024-10-26T12:13:06.337+0000] {spark_submit.py:579} INFO - 24/10/26 12:13:06 INFO SecurityManager: Changing view acls to: ***
[2024-10-26T12:13:06.338+0000] {spark_submit.py:579} INFO - 24/10/26 12:13:06 INFO SecurityManager: Changing modify acls to: ***
[2024-10-26T12:13:06.339+0000] {spark_submit.py:579} INFO - 24/10/26 12:13:06 INFO SecurityManager: Changing view acls groups to:
[2024-10-26T12:13:06.340+0000] {spark_submit.py:579} INFO - 24/10/26 12:13:06 INFO SecurityManager: Changing modify acls groups to:
[2024-10-26T12:13:06.342+0000] {spark_submit.py:579} INFO - 24/10/26 12:13:06 INFO SecurityManager: SecurityManager: authentication disabled; ui acls disabled; users with view permissions: ***; groups with view permissions: EMPTY; users with modify permissions: ***; groups with modify permissions: EMPTY
[2024-10-26T12:13:06.738+0000] {spark_submit.py:579} INFO - 24/10/26 12:13:06 INFO Utils: Successfully started service 'sparkDriver' on port 40223.
[2024-10-26T12:13:06.786+0000] {spark_submit.py:579} INFO - 24/10/26 12:13:06 INFO SparkEnv: Registering MapOutputTracker
[2024-10-26T12:13:06.852+0000] {spark_submit.py:579} INFO - 24/10/26 12:13:06 INFO SparkEnv: Registering BlockManagerMaster
[2024-10-26T12:13:06.881+0000] {spark_submit.py:579} INFO - 24/10/26 12:13:06 INFO BlockManagerMasterEndpoint: Using org.apache.spark.storage.DefaultTopologyMapper for getting topology information
[2024-10-26T12:13:06.882+0000] {spark_submit.py:579} INFO - 24/10/26 12:13:06 INFO BlockManagerMasterEndpoint: BlockManagerMasterEndpoint up
[2024-10-26T12:13:06.888+0000] {spark_submit.py:579} INFO - 24/10/26 12:13:06 INFO SparkEnv: Registering BlockManagerMasterHeartbeat
[2024-10-26T12:13:06.924+0000] {spark_submit.py:579} INFO - 24/10/26 12:13:06 INFO DiskBlockManager: Created local directory at /tmp/blockmgr-1d9de13a-fe32-4912-a3a2-9e4928a59635
[2024-10-26T12:13:06.964+0000] {spark_submit.py:579} INFO - 24/10/26 12:13:06 INFO MemoryStore: MemoryStore started with capacity 434.4 MiB
[2024-10-26T12:13:06.985+0000] {spark_submit.py:579} INFO - 24/10/26 12:13:06 INFO SparkEnv: Registering OutputCommitCoordinator
[2024-10-26T12:13:07.175+0000] {spark_submit.py:579} INFO - 24/10/26 12:13:07 INFO JettyUtils: Start Jetty 0.0.0.0:4040 for SparkUI
[2024-10-26T12:13:07.260+0000] {spark_submit.py:579} INFO - 24/10/26 12:13:07 INFO Utils: Successfully started service 'SparkUI' on port 4040.
[2024-10-26T12:13:07.300+0000] {spark_submit.py:579} INFO - 24/10/26 12:13:07 INFO SparkContext: Added JAR file:///opt/***/jars/hadoop-aws-3.3.4.jar at spark://84076e7a47fe:40223/jars/hadoop-aws-3.3.4.jar with timestamp 1729944786124
[2024-10-26T12:13:07.301+0000] {spark_submit.py:579} INFO - 24/10/26 12:13:07 INFO SparkContext: Added JAR file:///opt/***/jars/s3-2.18.41.jar at spark://84076e7a47fe:40223/jars/s3-2.18.41.jar with timestamp 1729944786124
[2024-10-26T12:13:07.303+0000] {spark_submit.py:579} INFO - 24/10/26 12:13:07 INFO SparkContext: Added JAR file:///opt/***/jars/aws-java-sdk-1.12.367.jar at spark://84076e7a47fe:40223/jars/aws-java-sdk-1.12.367.jar with timestamp 1729944786124
[2024-10-26T12:13:07.304+0000] {spark_submit.py:579} INFO - 24/10/26 12:13:07 INFO SparkContext: Added JAR file:///opt/***/jars/delta-core_2.12-2.4.0.jar at spark://84076e7a47fe:40223/jars/delta-core_2.12-2.4.0.jar with timestamp 1729944786124
[2024-10-26T12:13:07.306+0000] {spark_submit.py:579} INFO - 24/10/26 12:13:07 INFO SparkContext: Added JAR file:///opt/***/jars/delta-storage-2.2.0.jar at spark://84076e7a47fe:40223/jars/delta-storage-2.2.0.jar with timestamp 1729944786124
[2024-10-26T12:13:07.306+0000] {spark_submit.py:579} INFO - 24/10/26 12:13:07 INFO SparkContext: Added JAR file:///home/***/.ivy2/jars/org.apache.hadoop_hadoop-aws-3.3.4.jar at spark://84076e7a47fe:40223/jars/org.apache.hadoop_hadoop-aws-3.3.4.jar with timestamp 1729944786124
[2024-10-26T12:13:07.307+0000] {spark_submit.py:579} INFO - 24/10/26 12:13:07 INFO SparkContext: Added JAR file:///home/***/.ivy2/jars/com.amazonaws_aws-java-sdk-bundle-1.12.262.jar at spark://84076e7a47fe:40223/jars/com.amazonaws_aws-java-sdk-bundle-1.12.262.jar with timestamp 1729944786124
[2024-10-26T12:13:07.307+0000] {spark_submit.py:579} INFO - 24/10/26 12:13:07 INFO SparkContext: Added JAR file:///home/***/.ivy2/jars/org.wildfly.openssl_wildfly-openssl-1.0.7.Final.jar at spark://84076e7a47fe:40223/jars/org.wildfly.openssl_wildfly-openssl-1.0.7.Final.jar with timestamp 1729944786124
[2024-10-26T12:13:07.310+0000] {spark_submit.py:579} INFO - 24/10/26 12:13:07 INFO SparkContext: Added file file:///home/***/.ivy2/jars/org.apache.hadoop_hadoop-aws-3.3.4.jar at spark://84076e7a47fe:40223/files/org.apache.hadoop_hadoop-aws-3.3.4.jar with timestamp 1729944786124
[2024-10-26T12:13:07.311+0000] {spark_submit.py:579} INFO - 24/10/26 12:13:07 INFO Utils: Copying /home/***/.ivy2/jars/org.apache.hadoop_hadoop-aws-3.3.4.jar to /tmp/spark-29cd59ae-3476-44d8-bcf7-cbfb22eec901/userFiles-566655a3-76c2-4dd9-9de8-7080eefaa8ce/org.apache.hadoop_hadoop-aws-3.3.4.jar
[2024-10-26T12:13:07.327+0000] {spark_submit.py:579} INFO - 24/10/26 12:13:07 INFO SparkContext: Added file file:///home/***/.ivy2/jars/com.amazonaws_aws-java-sdk-bundle-1.12.262.jar at spark://84076e7a47fe:40223/files/com.amazonaws_aws-java-sdk-bundle-1.12.262.jar with timestamp 1729944786124
[2024-10-26T12:13:07.328+0000] {spark_submit.py:579} INFO - 24/10/26 12:13:07 INFO Utils: Copying /home/***/.ivy2/jars/com.amazonaws_aws-java-sdk-bundle-1.12.262.jar to /tmp/spark-29cd59ae-3476-44d8-bcf7-cbfb22eec901/userFiles-566655a3-76c2-4dd9-9de8-7080eefaa8ce/com.amazonaws_aws-java-sdk-bundle-1.12.262.jar
[2024-10-26T12:13:08.075+0000] {spark_submit.py:579} INFO - 24/10/26 12:13:08 INFO SparkContext: Added file file:///home/***/.ivy2/jars/org.wildfly.openssl_wildfly-openssl-1.0.7.Final.jar at spark://84076e7a47fe:40223/files/org.wildfly.openssl_wildfly-openssl-1.0.7.Final.jar with timestamp 1729944786124
[2024-10-26T12:13:08.075+0000] {spark_submit.py:579} INFO - 24/10/26 12:13:08 INFO Utils: Copying /home/***/.ivy2/jars/org.wildfly.openssl_wildfly-openssl-1.0.7.Final.jar to /tmp/spark-29cd59ae-3476-44d8-bcf7-cbfb22eec901/userFiles-566655a3-76c2-4dd9-9de8-7080eefaa8ce/org.wildfly.openssl_wildfly-openssl-1.0.7.Final.jar
[2024-10-26T12:13:08.191+0000] {spark_submit.py:579} INFO - 24/10/26 12:13:08 INFO StandaloneAppClient$ClientEndpoint: Connecting to master spark://spark-master:7077...
[2024-10-26T12:13:08.257+0000] {spark_submit.py:579} INFO - 24/10/26 12:13:08 INFO TransportClientFactory: Successfully created connection to spark-master/172.18.0.7:7077 after 39 ms (0 ms spent in bootstraps)
[2024-10-26T12:13:08.451+0000] {spark_submit.py:579} INFO - 24/10/26 12:13:08 INFO StandaloneSchedulerBackend: Connected to Spark cluster with app ID app-20241026121308-0000
[2024-10-26T12:13:08.466+0000] {spark_submit.py:579} INFO - 24/10/26 12:13:08 INFO Utils: Successfully started service 'org.apache.spark.network.netty.NettyBlockTransferService' on port 34337.
[2024-10-26T12:13:08.467+0000] {spark_submit.py:579} INFO - 24/10/26 12:13:08 INFO NettyBlockTransferService: Server created on 84076e7a47fe:34337
[2024-10-26T12:13:08.471+0000] {spark_submit.py:579} INFO - 24/10/26 12:13:08 INFO BlockManager: Using org.apache.spark.storage.RandomBlockReplicationPolicy for block replication policy
[2024-10-26T12:13:08.487+0000] {spark_submit.py:579} INFO - 24/10/26 12:13:08 INFO BlockManagerMaster: Registering BlockManager BlockManagerId(driver, 84076e7a47fe, 34337, None)
[2024-10-26T12:13:08.491+0000] {spark_submit.py:579} INFO - 24/10/26 12:13:08 INFO StandaloneAppClient$ClientEndpoint: Executor added: app-20241026121308-0000/0 on worker-20241026120925-172.18.0.4-33141 (172.18.0.4:33141) with 2 core(s)
[2024-10-26T12:13:08.497+0000] {spark_submit.py:579} INFO - 24/10/26 12:13:08 INFO StandaloneSchedulerBackend: Granted executor ID app-20241026121308-0000/0 on hostPort 172.18.0.4:33141 with 2 core(s), 2.0 GiB RAM
[2024-10-26T12:13:08.500+0000] {spark_submit.py:579} INFO - 24/10/26 12:13:08 INFO BlockManagerMasterEndpoint: Registering block manager 84076e7a47fe:34337 with 434.4 MiB RAM, BlockManagerId(driver, 84076e7a47fe, 34337, None)
[2024-10-26T12:13:08.507+0000] {spark_submit.py:579} INFO - 24/10/26 12:13:08 INFO BlockManagerMaster: Registered BlockManager BlockManagerId(driver, 84076e7a47fe, 34337, None)
[2024-10-26T12:13:08.509+0000] {spark_submit.py:579} INFO - 24/10/26 12:13:08 INFO BlockManager: Initialized BlockManager: BlockManagerId(driver, 84076e7a47fe, 34337, None)
[2024-10-26T12:13:08.672+0000] {spark_submit.py:579} INFO - 24/10/26 12:13:08 INFO StandaloneAppClient$ClientEndpoint: Executor updated: app-20241026121308-0000/0 is now RUNNING
[2024-10-26T12:13:08.889+0000] {spark_submit.py:579} INFO - 24/10/26 12:13:08 INFO StandaloneSchedulerBackend: SchedulerBackend is ready for scheduling beginning after reached minRegisteredResourcesRatio: 0.0
[2024-10-26T12:13:09.317+0000] {spark_submit.py:579} INFO - 2024-10-26 12:13:09,317 INFO: Spark session initialized successfully.
[2024-10-26T12:13:09.318+0000] {spark_submit.py:579} INFO - 2024-10-26 12:13:09,317 INFO: Reading data from s3a://lakehouse/bronze/movies.parquet
[2024-10-26T12:13:09.334+0000] {spark_submit.py:579} INFO - 24/10/26 12:13:09 INFO SharedState: Setting hive.metastore.warehouse.dir ('null') to the value of spark.sql.warehouse.dir.
[2024-10-26T12:13:09.687+0000] {spark_submit.py:579} INFO - 24/10/26 12:13:09 WARN MetricsConfig: Cannot locate configuration: tried hadoop-metrics2-s3a-file-system.properties,hadoop-metrics2.properties
[2024-10-26T12:13:09.707+0000] {spark_submit.py:579} INFO - 24/10/26 12:13:09 INFO MetricsSystemImpl: Scheduled Metric snapshot period at 10 second(s).
[2024-10-26T12:13:09.708+0000] {spark_submit.py:579} INFO - 24/10/26 12:13:09 INFO MetricsSystemImpl: s3a-file-system metrics system started
[2024-10-26T12:13:11.268+0000] {spark_submit.py:579} INFO - 24/10/26 12:13:11 INFO SharedState: Warehouse path is 's3a://lakehouse/'.
[2024-10-26T12:13:12.080+0000] {spark_submit.py:579} INFO - 24/10/26 12:13:12 INFO StandaloneSchedulerBackend$StandaloneDriverEndpoint: Registered executor NettyRpcEndpointRef(spark-client://Executor) (172.18.0.4:53534) with ID 0,  ResourceProfileId 0
[2024-10-26T12:13:12.522+0000] {spark_submit.py:579} INFO - 24/10/26 12:13:12 INFO BlockManagerMasterEndpoint: Registering block manager 172.18.0.4:34057 with 1048.8 MiB RAM, BlockManagerId(0, 172.18.0.4, 34057, None)
[2024-10-26T12:13:36.886+0000] {spark_submit.py:579} INFO - 24/10/26 12:13:36 INFO InMemoryFileIndex: It took 267 ms to list leaf files for 1 paths.
[2024-10-26T12:13:37.986+0000] {spark_submit.py:579} INFO - 24/10/26 12:13:37 INFO SparkContext: Starting job: parquet at NativeMethodAccessorImpl.java:0
[2024-10-26T12:13:38.019+0000] {spark_submit.py:579} INFO - 24/10/26 12:13:38 INFO DAGScheduler: Got job 0 (parquet at NativeMethodAccessorImpl.java:0) with 1 output partitions
[2024-10-26T12:13:38.020+0000] {spark_submit.py:579} INFO - 24/10/26 12:13:38 INFO DAGScheduler: Final stage: ResultStage 0 (parquet at NativeMethodAccessorImpl.java:0)
[2024-10-26T12:13:38.022+0000] {spark_submit.py:579} INFO - 24/10/26 12:13:38 INFO DAGScheduler: Parents of final stage: List()
[2024-10-26T12:13:38.024+0000] {spark_submit.py:579} INFO - 24/10/26 12:13:38 INFO DAGScheduler: Missing parents: List()
[2024-10-26T12:13:38.033+0000] {spark_submit.py:579} INFO - 24/10/26 12:13:38 INFO DAGScheduler: Submitting ResultStage 0 (MapPartitionsRDD[1] at parquet at NativeMethodAccessorImpl.java:0), which has no missing parents
[2024-10-26T12:13:38.137+0000] {spark_submit.py:579} INFO - 24/10/26 12:13:38 INFO MemoryStore: Block broadcast_0 stored as values in memory (estimated size 106.9 KiB, free 434.3 MiB)
[2024-10-26T12:13:38.212+0000] {spark_submit.py:579} INFO - 24/10/26 12:13:38 INFO MemoryStore: Block broadcast_0_piece0 stored as bytes in memory (estimated size 38.9 KiB, free 434.3 MiB)
[2024-10-26T12:13:38.219+0000] {spark_submit.py:579} INFO - 24/10/26 12:13:38 INFO BlockManagerInfo: Added broadcast_0_piece0 in memory on 84076e7a47fe:34337 (size: 38.9 KiB, free: 434.4 MiB)
[2024-10-26T12:13:38.226+0000] {spark_submit.py:579} INFO - 24/10/26 12:13:38 INFO SparkContext: Created broadcast 0 from broadcast at DAGScheduler.scala:1540
[2024-10-26T12:13:38.259+0000] {spark_submit.py:579} INFO - 24/10/26 12:13:38 INFO DAGScheduler: Submitting 1 missing tasks from ResultStage 0 (MapPartitionsRDD[1] at parquet at NativeMethodAccessorImpl.java:0) (first 15 tasks are for partitions Vector(0))
[2024-10-26T12:13:38.261+0000] {spark_submit.py:579} INFO - 24/10/26 12:13:38 INFO TaskSchedulerImpl: Adding task set 0.0 with 1 tasks resource profile 0
[2024-10-26T12:13:38.356+0000] {spark_submit.py:579} INFO - 24/10/26 12:13:38 INFO TaskSetManager: Starting task 0.0 in stage 0.0 (TID 0) (172.18.0.4, executor 0, partition 0, PROCESS_LOCAL, 7499 bytes)
[2024-10-26T12:13:38.756+0000] {spark_submit.py:579} INFO - 24/10/26 12:13:38 INFO BlockManagerInfo: Added broadcast_0_piece0 in memory on 172.18.0.4:34057 (size: 38.9 KiB, free: 1048.8 MiB)
[2024-10-26T12:13:41.061+0000] {spark_submit.py:579} INFO - 24/10/26 12:13:41 INFO TaskSetManager: Finished task 0.0 in stage 0.0 (TID 0) in 2738 ms on 172.18.0.4 (executor 0) (1/1)
[2024-10-26T12:13:41.063+0000] {spark_submit.py:579} INFO - 24/10/26 12:13:41 INFO TaskSchedulerImpl: Removed TaskSet 0.0, whose tasks have all completed, from pool
[2024-10-26T12:13:41.071+0000] {spark_submit.py:579} INFO - 24/10/26 12:13:41 INFO DAGScheduler: ResultStage 0 (parquet at NativeMethodAccessorImpl.java:0) finished in 3.007 s
[2024-10-26T12:13:41.074+0000] {spark_submit.py:579} INFO - 24/10/26 12:13:41 INFO DAGScheduler: Job 0 is finished. Cancelling potential speculative or zombie tasks for this job
[2024-10-26T12:13:41.075+0000] {spark_submit.py:579} INFO - 24/10/26 12:13:41 INFO TaskSchedulerImpl: Killing all running tasks in stage 0: Stage finished
[2024-10-26T12:13:41.076+0000] {spark_submit.py:579} INFO - 24/10/26 12:13:41 INFO DAGScheduler: Job 0 finished: parquet at NativeMethodAccessorImpl.java:0, took 3.093225 s
[2024-10-26T12:13:41.257+0000] {spark_submit.py:579} INFO - 24/10/26 12:13:41 INFO BlockManagerInfo: Removed broadcast_0_piece0 on 84076e7a47fe:34337 in memory (size: 38.9 KiB, free: 434.4 MiB)
[2024-10-26T12:13:41.265+0000] {spark_submit.py:579} INFO - 24/10/26 12:13:41 INFO BlockManagerInfo: Removed broadcast_0_piece0 on 172.18.0.4:34057 in memory (size: 38.9 KiB, free: 1048.8 MiB)
[2024-10-26T12:13:43.621+0000] {spark_submit.py:579} INFO - 2024-10-26 12:13:43,620 INFO: Schema applied successfully.
[2024-10-26T12:13:43.626+0000] {spark_submit.py:579} INFO - root
[2024-10-26T12:13:43.627+0000] {spark_submit.py:579} INFO - |-- adult: boolean (nullable = true)
[2024-10-26T12:13:43.627+0000] {spark_submit.py:579} INFO - |-- belongs_to_collection: string (nullable = true)
[2024-10-26T12:13:43.628+0000] {spark_submit.py:579} INFO - |-- budget: integer (nullable = true)
[2024-10-26T12:13:43.628+0000] {spark_submit.py:579} INFO - |-- genres: string (nullable = true)
[2024-10-26T12:13:43.629+0000] {spark_submit.py:579} INFO - |-- homepage: string (nullable = true)
[2024-10-26T12:13:43.629+0000] {spark_submit.py:579} INFO - |-- id: string (nullable = true)
[2024-10-26T12:13:43.630+0000] {spark_submit.py:579} INFO - |-- imdb_id: string (nullable = true)
[2024-10-26T12:13:43.630+0000] {spark_submit.py:579} INFO - |-- original_language: string (nullable = true)
[2024-10-26T12:13:43.631+0000] {spark_submit.py:579} INFO - |-- original_title: string (nullable = true)
[2024-10-26T12:13:43.631+0000] {spark_submit.py:579} INFO - |-- overview: string (nullable = true)
[2024-10-26T12:13:43.632+0000] {spark_submit.py:579} INFO - |-- popularity: double (nullable = true)
[2024-10-26T12:13:43.633+0000] {spark_submit.py:579} INFO - |-- poster_path: string (nullable = true)
[2024-10-26T12:13:43.633+0000] {spark_submit.py:579} INFO - |-- production_companies: string (nullable = true)
[2024-10-26T12:13:43.634+0000] {spark_submit.py:579} INFO - |-- production_countries: string (nullable = true)
[2024-10-26T12:13:43.634+0000] {spark_submit.py:579} INFO - |-- release_date: date (nullable = true)
[2024-10-26T12:13:43.635+0000] {spark_submit.py:579} INFO - |-- revenue: string (nullable = true)
[2024-10-26T12:13:43.635+0000] {spark_submit.py:579} INFO - |-- runtime: integer (nullable = true)
[2024-10-26T12:13:43.636+0000] {spark_submit.py:579} INFO - |-- spoken_languages: string (nullable = true)
[2024-10-26T12:13:43.636+0000] {spark_submit.py:579} INFO - |-- status: string (nullable = true)
[2024-10-26T12:13:43.637+0000] {spark_submit.py:579} INFO - |-- tagline: string (nullable = true)
[2024-10-26T12:13:43.637+0000] {spark_submit.py:579} INFO - |-- title: string (nullable = true)
[2024-10-26T12:13:43.637+0000] {spark_submit.py:579} INFO - |-- video: boolean (nullable = true)
[2024-10-26T12:13:43.638+0000] {spark_submit.py:579} INFO - |-- vote_average: float (nullable = true)
[2024-10-26T12:13:43.638+0000] {spark_submit.py:579} INFO - |-- vote_count: integer (nullable = true)
[2024-10-26T12:13:43.638+0000] {spark_submit.py:579} INFO - 
[2024-10-26T12:13:43.639+0000] {spark_submit.py:579} INFO - 2024-10-26 12:13:43,626 INFO: None
[2024-10-26T12:13:44.007+0000] {spark_submit.py:579} INFO - 2024-10-26 12:13:44,007 INFO: Saving cleaned data to s3a://lakehouse/sliver/movies
[2024-10-26T12:13:44.589+0000] {spark_submit.py:579} INFO - 24/10/26 12:13:44 WARN package: Truncated the string representation of a plan since it was too large. This behavior can be adjusted by setting 'spark.sql.debug.maxToStringFields'.
[2024-10-26T12:13:44.955+0000] {spark_submit.py:579} INFO - 24/10/26 12:13:44 INFO DeltaLog: Creating initial snapshot without metadata, because the directory is empty
[2024-10-26T12:13:45.067+0000] {spark_submit.py:579} INFO - 24/10/26 12:13:45 INFO InitialSnapshot: [tableId=c8e1cd4c-66f6-4b6a-9e73-73db931a7a5c] Created snapshot InitialSnapshot(path=s3a://lakehouse/sliver/movies/_delta_log, version=-1, metadata=Metadata(ab9c6d65-20d6-48e7-a80b-305ac9709117,null,null,Format(parquet,Map()),null,List(),Map(),Some(1729944825059)), logSegment=LogSegment(s3a://lakehouse/sliver/movies/_delta_log,-1,List(),None,-1), checksumOpt=None)
[2024-10-26T12:13:45.167+0000] {spark_submit.py:579} INFO - 24/10/26 12:13:45 INFO DeltaLog: No delta log found for the Delta table at s3a://lakehouse/sliver/movies/_delta_log
[2024-10-26T12:13:45.168+0000] {spark_submit.py:579} INFO - 24/10/26 12:13:45 INFO InitialSnapshot: [tableId=ab9c6d65-20d6-48e7-a80b-305ac9709117] Created snapshot InitialSnapshot(path=s3a://lakehouse/sliver/movies/_delta_log, version=-1, metadata=Metadata(2b88a577-75e2-4fa1-92af-0b40b9e83f6c,null,null,Format(parquet,Map()),null,List(),Map(),Some(1729944825167)), logSegment=LogSegment(s3a://lakehouse/sliver/movies/_delta_log,-1,List(),None,-1), checksumOpt=None)
[2024-10-26T12:13:45.266+0000] {spark_submit.py:579} INFO - 24/10/26 12:13:45 INFO OptimisticTransaction: [tableId=2b88a577,txnId=3afa813e] Updated metadata from - to Metadata(e32a7db2-5053-40cf-b31d-2ff7ff2a7938,null,null,Format(parquet,Map()),{"type":"struct","fields":[{"name":"budget","type":"integer","nullable":true,"metadata":{}},{"name":"genres","type":"string","nullable":true,"metadata":{}},{"name":"id","type":"string","nullable":true,"metadata":{}},{"name":"imdb_id","type":"string","nullable":true,"metadata":{}},{"name":"original_language","type":"string","nullable":true,"metadata":{}},{"name":"original_title","type":"string","nullable":true,"metadata":{}},{"name":"overview","type":"string","nullable":true,"metadata":{}},{"name":"popularity","type":"double","nullable":true,"metadata":{}},{"name":"poster_path","type":"string","nullable":true,"metadata":{}},{"name":"release_date","type":"date","nullable":true,"metadata":{}},{"name":"revenue","type":"string","nullable":true,"metadata":{}},{"name":"status","type":"string","nullable":true,"metadata":{}},{"name":"tagline","type":"string","nullable":true,"metadata":{}},{"name":"title","type":"string","nullable":true,"metadata":{}},{"name":"vote_average","type":"float","nullable":true,"metadata":{}},{"name":"vote_count","type":"integer","nullable":true,"metadata":{}},{"name":"time","type":"string","nullable":true,"metadata":{}},{"name":"genres_convert","type":"string","nullable":true,"metadata":{}}]},List(),Map(),Some(1729944825247))
[2024-10-26T12:13:45.926+0000] {spark_submit.py:579} INFO - 24/10/26 12:13:45 INFO FileSourceStrategy: Pushed Filters:
[2024-10-26T12:13:45.927+0000] {spark_submit.py:579} INFO - 24/10/26 12:13:45 INFO FileSourceStrategy: Post-Scan Filters: NOT cast(cast(budget#2 as int) as string) IN (/zV8bHuSL6WXoD6FWogP9j4x80bL.jpg,/ff9qCepilowshEtG2GYWwzt2bs4.jpg,/zaSf5OG7V8X8gqFvly88zDdRm46.jpg)
[2024-10-26T12:13:46.021+0000] {spark_submit.py:579} INFO - 24/10/26 12:13:46 INFO ParquetUtils: Using default output committer for Parquet: org.apache.parquet.hadoop.ParquetOutputCommitter
[2024-10-26T12:13:46.508+0000] {spark_submit.py:579} INFO - 24/10/26 12:13:46 INFO CodeGenerator: Code generated in 343.095838 ms
[2024-10-26T12:13:46.528+0000] {spark_submit.py:579} INFO - 24/10/26 12:13:46 INFO MemoryStore: Block broadcast_1 stored as values in memory (estimated size 208.5 KiB, free 434.2 MiB)
[2024-10-26T12:13:46.540+0000] {spark_submit.py:579} INFO - 24/10/26 12:13:46 INFO MemoryStore: Block broadcast_1_piece0 stored as bytes in memory (estimated size 37.1 KiB, free 434.2 MiB)
[2024-10-26T12:13:46.541+0000] {spark_submit.py:579} INFO - 24/10/26 12:13:46 INFO BlockManagerInfo: Added broadcast_1_piece0 in memory on 84076e7a47fe:34337 (size: 37.1 KiB, free: 434.4 MiB)
[2024-10-26T12:13:46.543+0000] {spark_submit.py:579} INFO - 24/10/26 12:13:46 INFO SparkContext: Created broadcast 1 from save at NativeMethodAccessorImpl.java:0
[2024-10-26T12:13:46.557+0000] {spark_submit.py:579} INFO - 24/10/26 12:13:46 INFO FileSourceScanExec: Planning scan with bin packing, max size: 10691623 bytes, open cost is considered as scanning 4194304 bytes.
[2024-10-26T12:13:46.736+0000] {spark_submit.py:579} INFO - 24/10/26 12:13:46 INFO SparkContext: Starting job: save at NativeMethodAccessorImpl.java:0
[2024-10-26T12:13:46.737+0000] {spark_submit.py:579} INFO - 24/10/26 12:13:46 INFO DAGScheduler: Got job 1 (save at NativeMethodAccessorImpl.java:0) with 2 output partitions
[2024-10-26T12:13:46.738+0000] {spark_submit.py:579} INFO - 24/10/26 12:13:46 INFO DAGScheduler: Final stage: ResultStage 1 (save at NativeMethodAccessorImpl.java:0)
[2024-10-26T12:13:46.738+0000] {spark_submit.py:579} INFO - 24/10/26 12:13:46 INFO DAGScheduler: Parents of final stage: List()
[2024-10-26T12:13:46.739+0000] {spark_submit.py:579} INFO - 24/10/26 12:13:46 INFO DAGScheduler: Missing parents: List()
[2024-10-26T12:13:46.741+0000] {spark_submit.py:579} INFO - 24/10/26 12:13:46 INFO DAGScheduler: Submitting ResultStage 1 (MapPartitionsRDD[5] at save at NativeMethodAccessorImpl.java:0), which has no missing parents
[2024-10-26T12:13:46.847+0000] {spark_submit.py:579} INFO - 24/10/26 12:13:46 INFO MemoryStore: Block broadcast_2 stored as values in memory (estimated size 394.8 KiB, free 433.8 MiB)
[2024-10-26T12:13:46.851+0000] {spark_submit.py:579} INFO - 24/10/26 12:13:46 INFO MemoryStore: Block broadcast_2_piece0 stored as bytes in memory (estimated size 137.6 KiB, free 433.6 MiB)
[2024-10-26T12:13:46.853+0000] {spark_submit.py:579} INFO - 24/10/26 12:13:46 INFO BlockManagerInfo: Added broadcast_2_piece0 in memory on 84076e7a47fe:34337 (size: 137.6 KiB, free: 434.2 MiB)
[2024-10-26T12:13:46.854+0000] {spark_submit.py:579} INFO - 24/10/26 12:13:46 INFO SparkContext: Created broadcast 2 from broadcast at DAGScheduler.scala:1540
[2024-10-26T12:13:46.855+0000] {spark_submit.py:579} INFO - 24/10/26 12:13:46 INFO DAGScheduler: Submitting 2 missing tasks from ResultStage 1 (MapPartitionsRDD[5] at save at NativeMethodAccessorImpl.java:0) (first 15 tasks are for partitions Vector(0, 1))
[2024-10-26T12:13:46.856+0000] {spark_submit.py:579} INFO - 24/10/26 12:13:46 INFO TaskSchedulerImpl: Adding task set 1.0 with 2 tasks resource profile 0
[2024-10-26T12:13:46.872+0000] {spark_submit.py:579} INFO - 24/10/26 12:13:46 INFO TaskSetManager: Starting task 0.0 in stage 1.0 (TID 1) (172.18.0.4, executor 0, partition 0, PROCESS_LOCAL, 7921 bytes)
[2024-10-26T12:13:46.874+0000] {spark_submit.py:579} INFO - 24/10/26 12:13:46 INFO TaskSetManager: Starting task 1.0 in stage 1.0 (TID 2) (172.18.0.4, executor 0, partition 1, PROCESS_LOCAL, 7921 bytes)
[2024-10-26T12:13:46.926+0000] {spark_submit.py:579} INFO - 24/10/26 12:13:46 INFO BlockManagerInfo: Added broadcast_2_piece0 in memory on 172.18.0.4:34057 (size: 137.6 KiB, free: 1048.7 MiB)
[2024-10-26T12:13:48.227+0000] {spark_submit.py:579} INFO - 24/10/26 12:13:48 INFO BlockManagerInfo: Added broadcast_1_piece0 in memory on 172.18.0.4:34057 (size: 37.1 KiB, free: 1048.6 MiB)
[2024-10-26T12:13:49.255+0000] {spark_submit.py:579} INFO - 24/10/26 12:13:49 INFO TaskSetManager: Finished task 1.0 in stage 1.0 (TID 2) in 2381 ms on 172.18.0.4 (executor 0) (1/2)
[2024-10-26T12:13:53.567+0000] {spark_submit.py:579} INFO - 24/10/26 12:13:53 INFO TaskSetManager: Finished task 0.0 in stage 1.0 (TID 1) in 6709 ms on 172.18.0.4 (executor 0) (2/2)
[2024-10-26T12:13:53.568+0000] {spark_submit.py:579} INFO - 24/10/26 12:13:53 INFO TaskSchedulerImpl: Removed TaskSet 1.0, whose tasks have all completed, from pool
[2024-10-26T12:13:53.569+0000] {spark_submit.py:579} INFO - 24/10/26 12:13:53 INFO DAGScheduler: ResultStage 1 (save at NativeMethodAccessorImpl.java:0) finished in 6.824 s
[2024-10-26T12:13:53.569+0000] {spark_submit.py:579} INFO - 24/10/26 12:13:53 INFO DAGScheduler: Job 1 is finished. Cancelling potential speculative or zombie tasks for this job
[2024-10-26T12:13:53.570+0000] {spark_submit.py:579} INFO - 24/10/26 12:13:53 INFO TaskSchedulerImpl: Killing all running tasks in stage 1: Stage finished
[2024-10-26T12:13:53.570+0000] {spark_submit.py:579} INFO - 24/10/26 12:13:53 INFO DAGScheduler: Job 1 finished: save at NativeMethodAccessorImpl.java:0, took 6.833401 s
[2024-10-26T12:13:53.572+0000] {spark_submit.py:579} INFO - 24/10/26 12:13:53 INFO FileFormatWriter: Start to commit write Job efe4a198-48fa-40c4-b096-700606d47c9b.
[2024-10-26T12:13:53.574+0000] {spark_submit.py:579} INFO - 24/10/26 12:13:53 INFO FileFormatWriter: Write Job efe4a198-48fa-40c4-b096-700606d47c9b committed. Elapsed time: 0 ms.
[2024-10-26T12:13:53.578+0000] {spark_submit.py:579} INFO - 24/10/26 12:13:53 INFO FileFormatWriter: Finished processing stats for write job efe4a198-48fa-40c4-b096-700606d47c9b.
[2024-10-26T12:13:53.609+0000] {spark_submit.py:579} INFO - 24/10/26 12:13:53 INFO BlockManagerInfo: Removed broadcast_2_piece0 on 84076e7a47fe:34337 in memory (size: 137.6 KiB, free: 434.4 MiB)
[2024-10-26T12:13:53.612+0000] {spark_submit.py:579} INFO - 24/10/26 12:13:53 INFO BlockManagerInfo: Removed broadcast_2_piece0 on 172.18.0.4:34057 in memory (size: 137.6 KiB, free: 1048.8 MiB)
[2024-10-26T12:13:54.978+0000] {spark_submit.py:579} INFO - 24/10/26 12:13:54 INFO CodeGenerator: Code generated in 282.962049 ms
[2024-10-26T12:13:55.082+0000] {spark_submit.py:579} INFO - 24/10/26 12:13:55 INFO SparkContext: Starting job: $anonfun$recordDeltaOperationInternal$1 at DatabricksLogging.scala:128
[2024-10-26T12:13:55.084+0000] {spark_submit.py:579} INFO - 24/10/26 12:13:55 INFO DAGScheduler: Job 2 finished: $anonfun$recordDeltaOperationInternal$1 at DatabricksLogging.scala:128, took 0.000542 s
[2024-10-26T12:13:55.160+0000] {spark_submit.py:579} INFO - 24/10/26 12:13:55 INFO OptimisticTransaction: [tableId=2b88a577,txnId=3afa813e] Attempting to commit version 0 with 4 actions with Serializable isolation level
[2024-10-26T12:13:55.505+0000] {spark_submit.py:579} INFO - 24/10/26 12:13:55 INFO DeltaLog: Creating a new snapshot v0 for commit version 0
[2024-10-26T12:13:55.507+0000] {spark_submit.py:579} INFO - 24/10/26 12:13:55 INFO DeltaLog: Loading version 0.
[2024-10-26T12:13:55.526+0000] {spark_submit.py:579} INFO - 24/10/26 12:13:55 INFO DeltaLogFileIndex: Created DeltaLogFileIndex(JSON, numFilesInSegment: 1, totalFileSize: 3718)
[2024-10-26T12:13:55.728+0000] {spark_submit.py:579} INFO - 24/10/26 12:13:55 INFO FileSourceStrategy: Pushed Filters:
[2024-10-26T12:13:55.731+0000] {spark_submit.py:579} INFO - 24/10/26 12:13:55 INFO FileSourceStrategy: Post-Scan Filters:
[2024-10-26T12:13:55.835+0000] {spark_submit.py:579} INFO - 24/10/26 12:13:55 INFO CodeGenerator: Code generated in 66.713517 ms
[2024-10-26T12:13:55.840+0000] {spark_submit.py:579} INFO - 24/10/26 12:13:55 INFO MemoryStore: Block broadcast_3 stored as values in memory (estimated size 205.1 KiB, free 434.0 MiB)
[2024-10-26T12:13:55.850+0000] {spark_submit.py:579} INFO - 24/10/26 12:13:55 INFO MemoryStore: Block broadcast_3_piece0 stored as bytes in memory (estimated size 36.2 KiB, free 433.9 MiB)
[2024-10-26T12:13:55.851+0000] {spark_submit.py:579} INFO - 24/10/26 12:13:55 INFO BlockManagerInfo: Added broadcast_3_piece0 in memory on 84076e7a47fe:34337 (size: 36.2 KiB, free: 434.3 MiB)
[2024-10-26T12:13:55.852+0000] {spark_submit.py:579} INFO - 24/10/26 12:13:55 INFO SparkContext: Created broadcast 3 from toString at String.java:2951
[2024-10-26T12:13:55.872+0000] {spark_submit.py:579} INFO - 24/10/26 12:13:55 INFO FileSourceScanExec: Planning scan with bin packing, max size: 4194304 bytes, open cost is considered as scanning 4194304 bytes.
[2024-10-26T12:13:55.923+0000] {spark_submit.py:579} INFO - 24/10/26 12:13:55 INFO SparkContext: Starting job: toString at String.java:2951
[2024-10-26T12:13:55.924+0000] {spark_submit.py:579} INFO - 24/10/26 12:13:55 INFO DAGScheduler: Got job 3 (toString at String.java:2951) with 1 output partitions
[2024-10-26T12:13:55.924+0000] {spark_submit.py:579} INFO - 24/10/26 12:13:55 INFO DAGScheduler: Final stage: ResultStage 2 (toString at String.java:2951)
[2024-10-26T12:13:55.925+0000] {spark_submit.py:579} INFO - 24/10/26 12:13:55 INFO DAGScheduler: Parents of final stage: List()
[2024-10-26T12:13:55.926+0000] {spark_submit.py:579} INFO - 24/10/26 12:13:55 INFO DAGScheduler: Missing parents: List()
[2024-10-26T12:13:55.926+0000] {spark_submit.py:579} INFO - 24/10/26 12:13:55 INFO DAGScheduler: Submitting ResultStage 2 (MapPartitionsRDD[13] at toString at String.java:2951), which has no missing parents
[2024-10-26T12:13:55.929+0000] {spark_submit.py:579} INFO - 24/10/26 12:13:55 INFO MemoryStore: Block broadcast_4 stored as values in memory (estimated size 50.4 KiB, free 433.9 MiB)
[2024-10-26T12:13:55.931+0000] {spark_submit.py:579} INFO - 24/10/26 12:13:55 INFO MemoryStore: Block broadcast_4_piece0 stored as bytes in memory (estimated size 15.5 KiB, free 433.9 MiB)
[2024-10-26T12:13:55.932+0000] {spark_submit.py:579} INFO - 24/10/26 12:13:55 INFO BlockManagerInfo: Added broadcast_4_piece0 in memory on 84076e7a47fe:34337 (size: 15.5 KiB, free: 434.3 MiB)
[2024-10-26T12:13:55.933+0000] {spark_submit.py:579} INFO - 24/10/26 12:13:55 INFO SparkContext: Created broadcast 4 from broadcast at DAGScheduler.scala:1540
[2024-10-26T12:13:55.933+0000] {spark_submit.py:579} INFO - 24/10/26 12:13:55 INFO DAGScheduler: Submitting 1 missing tasks from ResultStage 2 (MapPartitionsRDD[13] at toString at String.java:2951) (first 15 tasks are for partitions Vector(0))
[2024-10-26T12:13:55.934+0000] {spark_submit.py:579} INFO - 24/10/26 12:13:55 INFO TaskSchedulerImpl: Adding task set 2.0 with 1 tasks resource profile 0
[2024-10-26T12:13:55.936+0000] {spark_submit.py:579} INFO - 24/10/26 12:13:55 INFO TaskSetManager: Starting task 0.0 in stage 2.0 (TID 3) (172.18.0.4, executor 0, partition 0, PROCESS_LOCAL, 7950 bytes)
[2024-10-26T12:13:55.954+0000] {spark_submit.py:579} INFO - 24/10/26 12:13:55 INFO BlockManagerInfo: Added broadcast_4_piece0 in memory on 172.18.0.4:34057 (size: 15.5 KiB, free: 1048.7 MiB)
[2024-10-26T12:13:56.116+0000] {spark_submit.py:579} INFO - 24/10/26 12:13:56 INFO BlockManagerInfo: Added broadcast_3_piece0 in memory on 172.18.0.4:34057 (size: 36.2 KiB, free: 1048.7 MiB)
[2024-10-26T12:13:56.182+0000] {spark_submit.py:579} INFO - 24/10/26 12:13:56 INFO TaskSetManager: Finished task 0.0 in stage 2.0 (TID 3) in 247 ms on 172.18.0.4 (executor 0) (1/1)
[2024-10-26T12:13:56.183+0000] {spark_submit.py:579} INFO - 24/10/26 12:13:56 INFO TaskSchedulerImpl: Removed TaskSet 2.0, whose tasks have all completed, from pool
[2024-10-26T12:13:56.184+0000] {spark_submit.py:579} INFO - 24/10/26 12:13:56 INFO DAGScheduler: ResultStage 2 (toString at String.java:2951) finished in 0.256 s
[2024-10-26T12:13:56.185+0000] {spark_submit.py:579} INFO - 24/10/26 12:13:56 INFO DAGScheduler: Job 3 is finished. Cancelling potential speculative or zombie tasks for this job
[2024-10-26T12:13:56.185+0000] {spark_submit.py:579} INFO - 24/10/26 12:13:56 INFO TaskSchedulerImpl: Killing all running tasks in stage 2: Stage finished
[2024-10-26T12:13:56.186+0000] {spark_submit.py:579} INFO - 24/10/26 12:13:56 INFO DAGScheduler: Job 3 finished: toString at String.java:2951, took 0.261748 s
[2024-10-26T12:13:56.266+0000] {spark_submit.py:579} INFO - 24/10/26 12:13:56 INFO CodeGenerator: Code generated in 51.5487 ms
[2024-10-26T12:13:56.275+0000] {spark_submit.py:579} INFO - 24/10/26 12:13:56 INFO Snapshot: [tableId=2b88a577-75e2-4fa1-92af-0b40b9e83f6c] Created snapshot Snapshot(path=s3a://lakehouse/sliver/movies/_delta_log, version=0, metadata=Metadata(e32a7db2-5053-40cf-b31d-2ff7ff2a7938,null,null,Format(parquet,Map()),{"type":"struct","fields":[{"name":"budget","type":"integer","nullable":true,"metadata":{}},{"name":"genres","type":"string","nullable":true,"metadata":{}},{"name":"id","type":"string","nullable":true,"metadata":{}},{"name":"imdb_id","type":"string","nullable":true,"metadata":{}},{"name":"original_language","type":"string","nullable":true,"metadata":{}},{"name":"original_title","type":"string","nullable":true,"metadata":{}},{"name":"overview","type":"string","nullable":true,"metadata":{}},{"name":"popularity","type":"double","nullable":true,"metadata":{}},{"name":"poster_path","type":"string","nullable":true,"metadata":{}},{"name":"release_date","type":"date","nullable":true,"metadata":{}},{"name":"revenue","type":"string","nullable":true,"metadata":{}},{"name":"status","type":"string","nullable":true,"metadata":{}},{"name":"tagline","type":"string","nullable":true,"metadata":{}},{"name":"title","type":"string","nullable":true,"metadata":{}},{"name":"vote_average","type":"float","nullable":true,"metadata":{}},{"name":"vote_count","type":"integer","nullable":true,"metadata":{}},{"name":"time","type":"string","nullable":true,"metadata":{}},{"name":"genres_convert","type":"string","nullable":true,"metadata":{}}]},List(),Map(),Some(1729944825247)), logSegment=LogSegment(s3a://lakehouse/sliver/movies/_delta_log,0,WrappedArray(S3AFileStatus{path=s3a://lakehouse/sliver/movies/_delta_log/00000000000000000000.json; isDirectory=false; length=3718; replication=1; blocksize=33554432; modification_time=1729944835447; access_time=0; owner=***; group=***; permission=rw-rw-rw-; isSymlink=false; hasAcl=false; isEncrypted=true; isErasureCoded=false} isEmptyDirectory=FALSE eTag=908d556efef9bde4f70807af1122f436 versionId=null),None,1729944835447), checksumOpt=None)
[2024-10-26T12:13:56.277+0000] {spark_submit.py:579} INFO - 24/10/26 12:13:56 INFO DeltaLog: Updated snapshot to Snapshot(path=s3a://lakehouse/sliver/movies/_delta_log, version=0, metadata=Metadata(e32a7db2-5053-40cf-b31d-2ff7ff2a7938,null,null,Format(parquet,Map()),{"type":"struct","fields":[{"name":"budget","type":"integer","nullable":true,"metadata":{}},{"name":"genres","type":"string","nullable":true,"metadata":{}},{"name":"id","type":"string","nullable":true,"metadata":{}},{"name":"imdb_id","type":"string","nullable":true,"metadata":{}},{"name":"original_language","type":"string","nullable":true,"metadata":{}},{"name":"original_title","type":"string","nullable":true,"metadata":{}},{"name":"overview","type":"string","nullable":true,"metadata":{}},{"name":"popularity","type":"double","nullable":true,"metadata":{}},{"name":"poster_path","type":"string","nullable":true,"metadata":{}},{"name":"release_date","type":"date","nullable":true,"metadata":{}},{"name":"revenue","type":"string","nullable":true,"metadata":{}},{"name":"status","type":"string","nullable":true,"metadata":{}},{"name":"tagline","type":"string","nullable":true,"metadata":{}},{"name":"title","type":"string","nullable":true,"metadata":{}},{"name":"vote_average","type":"float","nullable":true,"metadata":{}},{"name":"vote_count","type":"integer","nullable":true,"metadata":{}},{"name":"time","type":"string","nullable":true,"metadata":{}},{"name":"genres_convert","type":"string","nullable":true,"metadata":{}}]},List(),Map(),Some(1729944825247)), logSegment=LogSegment(s3a://lakehouse/sliver/movies/_delta_log,0,WrappedArray(S3AFileStatus{path=s3a://lakehouse/sliver/movies/_delta_log/00000000000000000000.json; isDirectory=false; length=3718; replication=1; blocksize=33554432; modification_time=1729944835447; access_time=0; owner=***; group=***; permission=rw-rw-rw-; isSymlink=false; hasAcl=false; isEncrypted=true; isErasureCoded=false} isEmptyDirectory=FALSE eTag=908d556efef9bde4f70807af1122f436 versionId=null),None,1729944835447), checksumOpt=None)
[2024-10-26T12:13:56.280+0000] {spark_submit.py:579} INFO - 24/10/26 12:13:56 INFO Snapshot: [tableId=e32a7db2-5053-40cf-b31d-2ff7ff2a7938] DELTA: Compute snapshot for version: 0
[2024-10-26T12:13:56.304+0000] {spark_submit.py:579} INFO - 24/10/26 12:13:56 INFO MemoryStore: Block broadcast_5 stored as values in memory (estimated size 204.8 KiB, free 433.7 MiB)
[2024-10-26T12:13:56.312+0000] {spark_submit.py:579} INFO - 24/10/26 12:13:56 INFO MemoryStore: Block broadcast_5_piece0 stored as bytes in memory (estimated size 36.2 KiB, free 433.6 MiB)
[2024-10-26T12:13:56.315+0000] {spark_submit.py:579} INFO - 24/10/26 12:13:56 INFO BlockManagerInfo: Added broadcast_5_piece0 in memory on 84076e7a47fe:34337 (size: 36.2 KiB, free: 434.3 MiB)
[2024-10-26T12:13:56.316+0000] {spark_submit.py:579} INFO - 24/10/26 12:13:56 INFO SparkContext: Created broadcast 5 from $anonfun$recordDeltaOperationInternal$1 at DatabricksLogging.scala:128
[2024-10-26T12:13:56.445+0000] {spark_submit.py:579} INFO - 24/10/26 12:13:56 INFO BlockManagerInfo: Removed broadcast_3_piece0 on 84076e7a47fe:34337 in memory (size: 36.2 KiB, free: 434.3 MiB)
[2024-10-26T12:13:56.450+0000] {spark_submit.py:579} INFO - 24/10/26 12:13:56 INFO BlockManagerInfo: Removed broadcast_3_piece0 on 172.18.0.4:34057 in memory (size: 36.2 KiB, free: 1048.7 MiB)
[2024-10-26T12:13:56.460+0000] {spark_submit.py:579} INFO - 24/10/26 12:13:56 INFO BlockManagerInfo: Removed broadcast_4_piece0 on 84076e7a47fe:34337 in memory (size: 15.5 KiB, free: 434.3 MiB)
[2024-10-26T12:13:56.463+0000] {spark_submit.py:579} INFO - 24/10/26 12:13:56 INFO BlockManagerInfo: Removed broadcast_4_piece0 on 172.18.0.4:34057 in memory (size: 15.5 KiB, free: 1048.8 MiB)
[2024-10-26T12:13:56.644+0000] {spark_submit.py:579} INFO - 24/10/26 12:13:56 INFO FileSourceStrategy: Pushed Filters:
[2024-10-26T12:13:56.645+0000] {spark_submit.py:579} INFO - 24/10/26 12:13:56 INFO FileSourceStrategy: Post-Scan Filters:
[2024-10-26T12:13:56.909+0000] {spark_submit.py:579} INFO - 24/10/26 12:13:56 INFO CodeGenerator: Code generated in 105.763303 ms
[2024-10-26T12:13:56.914+0000] {spark_submit.py:579} INFO - 24/10/26 12:13:56 INFO MemoryStore: Block broadcast_6 stored as values in memory (estimated size 205.1 KiB, free 433.7 MiB)
[2024-10-26T12:13:56.921+0000] {spark_submit.py:579} INFO - 24/10/26 12:13:56 INFO MemoryStore: Block broadcast_6_piece0 stored as bytes in memory (estimated size 36.2 KiB, free 433.7 MiB)
[2024-10-26T12:13:56.923+0000] {spark_submit.py:579} INFO - 24/10/26 12:13:56 INFO BlockManagerInfo: Added broadcast_6_piece0 in memory on 84076e7a47fe:34337 (size: 36.2 KiB, free: 434.3 MiB)
[2024-10-26T12:13:56.924+0000] {spark_submit.py:579} INFO - 24/10/26 12:13:56 INFO SparkContext: Created broadcast 6 from $anonfun$recordDeltaOperationInternal$1 at DatabricksLogging.scala:128
[2024-10-26T12:13:56.925+0000] {spark_submit.py:579} INFO - 24/10/26 12:13:56 INFO FileSourceScanExec: Planning scan with bin packing, max size: 4194304 bytes, open cost is considered as scanning 4194304 bytes.
[2024-10-26T12:13:56.982+0000] {spark_submit.py:579} INFO - 24/10/26 12:13:56 INFO DAGScheduler: Registering RDD 17 ($anonfun$recordDeltaOperationInternal$1 at DatabricksLogging.scala:128) as input to shuffle 0
[2024-10-26T12:13:56.987+0000] {spark_submit.py:579} INFO - 24/10/26 12:13:56 INFO DAGScheduler: Got map stage job 4 ($anonfun$recordDeltaOperationInternal$1 at DatabricksLogging.scala:128) with 1 output partitions
[2024-10-26T12:13:56.988+0000] {spark_submit.py:579} INFO - 24/10/26 12:13:56 INFO DAGScheduler: Final stage: ShuffleMapStage 3 ($anonfun$recordDeltaOperationInternal$1 at DatabricksLogging.scala:128)
[2024-10-26T12:13:56.989+0000] {spark_submit.py:579} INFO - 24/10/26 12:13:56 INFO DAGScheduler: Parents of final stage: List()
[2024-10-26T12:13:56.992+0000] {spark_submit.py:579} INFO - 24/10/26 12:13:56 INFO DAGScheduler: Missing parents: List()
[2024-10-26T12:13:56.994+0000] {spark_submit.py:579} INFO - 24/10/26 12:13:56 INFO DAGScheduler: Submitting ShuffleMapStage 3 (MapPartitionsRDD[17] at $anonfun$recordDeltaOperationInternal$1 at DatabricksLogging.scala:128), which has no missing parents
[2024-10-26T12:13:57.014+0000] {spark_submit.py:579} INFO - 24/10/26 12:13:57 INFO MemoryStore: Block broadcast_7 stored as values in memory (estimated size 138.3 KiB, free 433.6 MiB)
[2024-10-26T12:13:57.017+0000] {spark_submit.py:579} INFO - 24/10/26 12:13:57 INFO MemoryStore: Block broadcast_7_piece0 stored as bytes in memory (estimated size 39.0 KiB, free 433.5 MiB)
[2024-10-26T12:13:57.018+0000] {spark_submit.py:579} INFO - 24/10/26 12:13:57 INFO BlockManagerInfo: Added broadcast_7_piece0 in memory on 84076e7a47fe:34337 (size: 39.0 KiB, free: 434.3 MiB)
[2024-10-26T12:13:57.019+0000] {spark_submit.py:579} INFO - 24/10/26 12:13:57 INFO SparkContext: Created broadcast 7 from broadcast at DAGScheduler.scala:1540
[2024-10-26T12:13:57.021+0000] {spark_submit.py:579} INFO - 24/10/26 12:13:57 INFO DAGScheduler: Submitting 1 missing tasks from ShuffleMapStage 3 (MapPartitionsRDD[17] at $anonfun$recordDeltaOperationInternal$1 at DatabricksLogging.scala:128) (first 15 tasks are for partitions Vector(0))
[2024-10-26T12:13:57.022+0000] {spark_submit.py:579} INFO - 24/10/26 12:13:57 INFO TaskSchedulerImpl: Adding task set 3.0 with 1 tasks resource profile 0
[2024-10-26T12:13:57.024+0000] {spark_submit.py:579} INFO - 24/10/26 12:13:57 INFO TaskSetManager: Starting task 0.0 in stage 3.0 (TID 4) (172.18.0.4, executor 0, partition 0, PROCESS_LOCAL, 7939 bytes)
[2024-10-26T12:13:57.053+0000] {spark_submit.py:579} INFO - 24/10/26 12:13:57 INFO BlockManagerInfo: Added broadcast_7_piece0 in memory on 172.18.0.4:34057 (size: 39.0 KiB, free: 1048.7 MiB)
[2024-10-26T12:13:57.384+0000] {spark_submit.py:579} INFO - 24/10/26 12:13:57 INFO BlockManagerInfo: Added broadcast_6_piece0 in memory on 172.18.0.4:34057 (size: 36.2 KiB, free: 1048.7 MiB)
[2024-10-26T12:13:57.469+0000] {spark_submit.py:579} INFO - 24/10/26 12:13:57 INFO TaskSetManager: Finished task 0.0 in stage 3.0 (TID 4) in 445 ms on 172.18.0.4 (executor 0) (1/1)
[2024-10-26T12:13:57.469+0000] {spark_submit.py:579} INFO - 24/10/26 12:13:57 INFO TaskSchedulerImpl: Removed TaskSet 3.0, whose tasks have all completed, from pool
[2024-10-26T12:13:57.471+0000] {spark_submit.py:579} INFO - 24/10/26 12:13:57 INFO DAGScheduler: ShuffleMapStage 3 ($anonfun$recordDeltaOperationInternal$1 at DatabricksLogging.scala:128) finished in 0.475 s
[2024-10-26T12:13:57.472+0000] {spark_submit.py:579} INFO - 24/10/26 12:13:57 INFO DAGScheduler: looking for newly runnable stages
[2024-10-26T12:13:57.473+0000] {spark_submit.py:579} INFO - 24/10/26 12:13:57 INFO DAGScheduler: running: Set()
[2024-10-26T12:13:57.474+0000] {spark_submit.py:579} INFO - 24/10/26 12:13:57 INFO DAGScheduler: waiting: Set()
[2024-10-26T12:13:57.475+0000] {spark_submit.py:579} INFO - 24/10/26 12:13:57 INFO DAGScheduler: failed: Set()
[2024-10-26T12:13:57.597+0000] {spark_submit.py:579} INFO - 24/10/26 12:13:57 INFO BlockManagerInfo: Removed broadcast_7_piece0 on 84076e7a47fe:34337 in memory (size: 39.0 KiB, free: 434.3 MiB)
[2024-10-26T12:13:57.600+0000] {spark_submit.py:579} INFO - 24/10/26 12:13:57 INFO BlockManagerInfo: Removed broadcast_7_piece0 on 172.18.0.4:34057 in memory (size: 39.0 KiB, free: 1048.7 MiB)
[2024-10-26T12:13:57.858+0000] {spark_submit.py:579} INFO - 24/10/26 12:13:57 INFO CodeGenerator: Generated method too long to be JIT compiled: org.apache.spark.sql.catalyst.expressions.GeneratedClass$GeneratedIteratorForCodegenStage3.serializefromobject_doConsume_0$ is 19938 bytes
[2024-10-26T12:13:57.858+0000] {spark_submit.py:579} INFO - 24/10/26 12:13:57 INFO CodeGenerator: Code generated in 237.37267 ms
[2024-10-26T12:13:57.949+0000] {spark_submit.py:579} INFO - 24/10/26 12:13:57 INFO CodeGenerator: Code generated in 69.941896 ms
[2024-10-26T12:13:58.500+0000] {spark_submit.py:579} INFO - 24/10/26 12:13:58 INFO CodeGenerator: Code generated in 58.243 ms
[2024-10-26T12:13:58.511+0000] {spark_submit.py:579} INFO - 24/10/26 12:13:58 INFO DAGScheduler: Registering RDD 27 ($anonfun$recordDeltaOperationInternal$1 at DatabricksLogging.scala:128) as input to shuffle 1
[2024-10-26T12:13:58.512+0000] {spark_submit.py:579} INFO - 24/10/26 12:13:58 INFO DAGScheduler: Got map stage job 5 ($anonfun$recordDeltaOperationInternal$1 at DatabricksLogging.scala:128) with 50 output partitions
[2024-10-26T12:13:58.513+0000] {spark_submit.py:579} INFO - 24/10/26 12:13:58 INFO DAGScheduler: Final stage: ShuffleMapStage 5 ($anonfun$recordDeltaOperationInternal$1 at DatabricksLogging.scala:128)
[2024-10-26T12:13:58.513+0000] {spark_submit.py:579} INFO - 24/10/26 12:13:58 INFO DAGScheduler: Parents of final stage: List(ShuffleMapStage 4)
[2024-10-26T12:13:58.522+0000] {spark_submit.py:579} INFO - 24/10/26 12:13:58 INFO DAGScheduler: Missing parents: List()
[2024-10-26T12:13:58.523+0000] {spark_submit.py:579} INFO - 24/10/26 12:13:58 INFO DAGScheduler: Submitting ShuffleMapStage 5 (MapPartitionsRDD[27] at $anonfun$recordDeltaOperationInternal$1 at DatabricksLogging.scala:128), which has no missing parents
[2024-10-26T12:13:58.651+0000] {spark_submit.py:579} INFO - 24/10/26 12:13:58 INFO MemoryStore: Block broadcast_8 stored as values in memory (estimated size 517.0 KiB, free 433.2 MiB)
[2024-10-26T12:13:58.655+0000] {spark_submit.py:579} INFO - 24/10/26 12:13:58 INFO MemoryStore: Block broadcast_8_piece0 stored as bytes in memory (estimated size 123.3 KiB, free 433.1 MiB)
[2024-10-26T12:13:58.657+0000] {spark_submit.py:579} INFO - 24/10/26 12:13:58 INFO BlockManagerInfo: Added broadcast_8_piece0 in memory on 84076e7a47fe:34337 (size: 123.3 KiB, free: 434.2 MiB)
[2024-10-26T12:13:58.658+0000] {spark_submit.py:579} INFO - 24/10/26 12:13:58 INFO SparkContext: Created broadcast 8 from broadcast at DAGScheduler.scala:1540
[2024-10-26T12:13:58.659+0000] {spark_submit.py:579} INFO - 24/10/26 12:13:58 INFO DAGScheduler: Submitting 50 missing tasks from ShuffleMapStage 5 (MapPartitionsRDD[27] at $anonfun$recordDeltaOperationInternal$1 at DatabricksLogging.scala:128) (first 15 tasks are for partitions Vector(0, 1, 2, 3, 4, 5, 6, 7, 8, 9, 10, 11, 12, 13, 14))
[2024-10-26T12:13:58.660+0000] {spark_submit.py:579} INFO - 24/10/26 12:13:58 INFO TaskSchedulerImpl: Adding task set 5.0 with 50 tasks resource profile 0
[2024-10-26T12:13:58.666+0000] {spark_submit.py:579} INFO - 24/10/26 12:13:58 INFO TaskSetManager: Starting task 38.0 in stage 5.0 (TID 5) (172.18.0.4, executor 0, partition 38, NODE_LOCAL, 7356 bytes)
[2024-10-26T12:13:58.672+0000] {spark_submit.py:579} INFO - 24/10/26 12:13:58 INFO TaskSetManager: Starting task 42.0 in stage 5.0 (TID 6) (172.18.0.4, executor 0, partition 42, NODE_LOCAL, 7356 bytes)
[2024-10-26T12:13:58.699+0000] {spark_submit.py:579} INFO - 24/10/26 12:13:58 INFO BlockManagerInfo: Added broadcast_8_piece0 in memory on 172.18.0.4:34057 (size: 123.3 KiB, free: 1048.6 MiB)
[2024-10-26T12:13:58.877+0000] {spark_submit.py:579} INFO - 24/10/26 12:13:58 INFO MapOutputTrackerMasterEndpoint: Asked to send map output locations for shuffle 0 to 172.18.0.4:53534
[2024-10-26T12:13:59.468+0000] {spark_submit.py:579} INFO - 24/10/26 12:13:59 INFO BlockManagerInfo: Added rdd_24_38 in memory on 172.18.0.4:34057 (size: 1175.0 B, free: 1048.6 MiB)
[2024-10-26T12:13:59.469+0000] {spark_submit.py:579} INFO - 24/10/26 12:13:59 INFO BlockManagerInfo: Added rdd_24_42 in memory on 172.18.0.4:34057 (size: 702.0 B, free: 1048.6 MiB)
[2024-10-26T12:13:59.682+0000] {spark_submit.py:579} INFO - 24/10/26 12:13:59 INFO TaskSetManager: Starting task 0.0 in stage 5.0 (TID 7) (172.18.0.4, executor 0, partition 0, PROCESS_LOCAL, 7356 bytes)
[2024-10-26T12:13:59.683+0000] {spark_submit.py:579} INFO - 24/10/26 12:13:59 INFO TaskSetManager: Finished task 42.0 in stage 5.0 (TID 6) in 1017 ms on 172.18.0.4 (executor 0) (1/50)
[2024-10-26T12:13:59.685+0000] {spark_submit.py:579} INFO - 24/10/26 12:13:59 INFO TaskSetManager: Starting task 1.0 in stage 5.0 (TID 8) (172.18.0.4, executor 0, partition 1, PROCESS_LOCAL, 7356 bytes)
[2024-10-26T12:13:59.686+0000] {spark_submit.py:579} INFO - 24/10/26 12:13:59 INFO TaskSetManager: Finished task 38.0 in stage 5.0 (TID 5) in 1022 ms on 172.18.0.4 (executor 0) (2/50)
[2024-10-26T12:13:59.765+0000] {spark_submit.py:579} INFO - 24/10/26 12:13:59 INFO BlockManagerInfo: Added rdd_24_0 in memory on 172.18.0.4:34057 (size: 46.0 B, free: 1048.6 MiB)
[2024-10-26T12:13:59.771+0000] {spark_submit.py:579} INFO - 24/10/26 12:13:59 INFO BlockManagerInfo: Added rdd_24_1 in memory on 172.18.0.4:34057 (size: 46.0 B, free: 1048.6 MiB)
[2024-10-26T12:13:59.802+0000] {spark_submit.py:579} INFO - 24/10/26 12:13:59 INFO TaskSetManager: Starting task 2.0 in stage 5.0 (TID 9) (172.18.0.4, executor 0, partition 2, PROCESS_LOCAL, 7356 bytes)
[2024-10-26T12:13:59.803+0000] {spark_submit.py:579} INFO - 24/10/26 12:13:59 INFO TaskSetManager: Finished task 0.0 in stage 5.0 (TID 7) in 121 ms on 172.18.0.4 (executor 0) (3/50)
[2024-10-26T12:13:59.813+0000] {spark_submit.py:579} INFO - 24/10/26 12:13:59 INFO TaskSetManager: Starting task 3.0 in stage 5.0 (TID 10) (172.18.0.4, executor 0, partition 3, PROCESS_LOCAL, 7356 bytes)
[2024-10-26T12:13:59.814+0000] {spark_submit.py:579} INFO - 24/10/26 12:13:59 INFO TaskSetManager: Finished task 1.0 in stage 5.0 (TID 8) in 125 ms on 172.18.0.4 (executor 0) (4/50)
[2024-10-26T12:13:59.898+0000] {spark_submit.py:579} INFO - 24/10/26 12:13:59 INFO BlockManagerInfo: Added rdd_24_2 in memory on 172.18.0.4:34057 (size: 46.0 B, free: 1048.6 MiB)
[2024-10-26T12:13:59.904+0000] {spark_submit.py:579} INFO - 24/10/26 12:13:59 INFO BlockManagerInfo: Added rdd_24_3 in memory on 172.18.0.4:34057 (size: 46.0 B, free: 1048.6 MiB)
[2024-10-26T12:13:59.931+0000] {spark_submit.py:579} INFO - 24/10/26 12:13:59 INFO TaskSetManager: Starting task 4.0 in stage 5.0 (TID 11) (172.18.0.4, executor 0, partition 4, PROCESS_LOCAL, 7356 bytes)
[2024-10-26T12:13:59.932+0000] {spark_submit.py:579} INFO - 24/10/26 12:13:59 INFO TaskSetManager: Finished task 2.0 in stage 5.0 (TID 9) in 131 ms on 172.18.0.4 (executor 0) (5/50)
[2024-10-26T12:13:59.934+0000] {spark_submit.py:579} INFO - 24/10/26 12:13:59 INFO TaskSetManager: Starting task 5.0 in stage 5.0 (TID 12) (172.18.0.4, executor 0, partition 5, PROCESS_LOCAL, 7356 bytes)
[2024-10-26T12:13:59.935+0000] {spark_submit.py:579} INFO - 24/10/26 12:13:59 INFO TaskSetManager: Finished task 3.0 in stage 5.0 (TID 10) in 127 ms on 172.18.0.4 (executor 0) (6/50)
[2024-10-26T12:14:00.010+0000] {spark_submit.py:579} INFO - 24/10/26 12:14:00 INFO BlockManagerInfo: Added rdd_24_5 in memory on 172.18.0.4:34057 (size: 46.0 B, free: 1048.6 MiB)
[2024-10-26T12:14:00.012+0000] {spark_submit.py:579} INFO - 24/10/26 12:14:00 INFO BlockManagerInfo: Added rdd_24_4 in memory on 172.18.0.4:34057 (size: 46.0 B, free: 1048.6 MiB)
[2024-10-26T12:14:00.047+0000] {spark_submit.py:579} INFO - 24/10/26 12:14:00 INFO TaskSetManager: Starting task 6.0 in stage 5.0 (TID 13) (172.18.0.4, executor 0, partition 6, PROCESS_LOCAL, 7356 bytes)
[2024-10-26T12:14:00.048+0000] {spark_submit.py:579} INFO - 24/10/26 12:14:00 INFO TaskSetManager: Finished task 5.0 in stage 5.0 (TID 12) in 114 ms on 172.18.0.4 (executor 0) (7/50)
[2024-10-26T12:14:00.050+0000] {spark_submit.py:579} INFO - 24/10/26 12:14:00 INFO TaskSetManager: Starting task 7.0 in stage 5.0 (TID 14) (172.18.0.4, executor 0, partition 7, PROCESS_LOCAL, 7356 bytes)
[2024-10-26T12:14:00.051+0000] {spark_submit.py:579} INFO - 24/10/26 12:14:00 INFO TaskSetManager: Finished task 4.0 in stage 5.0 (TID 11) in 121 ms on 172.18.0.4 (executor 0) (8/50)
[2024-10-26T12:14:00.102+0000] {spark_submit.py:579} INFO - 24/10/26 12:14:00 INFO BlockManagerInfo: Added rdd_24_6 in memory on 172.18.0.4:34057 (size: 46.0 B, free: 1048.6 MiB)
[2024-10-26T12:14:00.114+0000] {spark_submit.py:579} INFO - 24/10/26 12:14:00 INFO BlockManagerInfo: Added rdd_24_7 in memory on 172.18.0.4:34057 (size: 46.0 B, free: 1048.6 MiB)
[2024-10-26T12:14:00.144+0000] {spark_submit.py:579} INFO - 24/10/26 12:14:00 INFO TaskSetManager: Starting task 8.0 in stage 5.0 (TID 15) (172.18.0.4, executor 0, partition 8, PROCESS_LOCAL, 7356 bytes)
[2024-10-26T12:14:00.145+0000] {spark_submit.py:579} INFO - 24/10/26 12:14:00 INFO TaskSetManager: Finished task 6.0 in stage 5.0 (TID 13) in 97 ms on 172.18.0.4 (executor 0) (9/50)
[2024-10-26T12:14:00.152+0000] {spark_submit.py:579} INFO - 24/10/26 12:14:00 INFO TaskSetManager: Starting task 9.0 in stage 5.0 (TID 16) (172.18.0.4, executor 0, partition 9, PROCESS_LOCAL, 7356 bytes)
[2024-10-26T12:14:00.153+0000] {spark_submit.py:579} INFO - 24/10/26 12:14:00 INFO TaskSetManager: Finished task 7.0 in stage 5.0 (TID 14) in 103 ms on 172.18.0.4 (executor 0) (10/50)
[2024-10-26T12:14:00.207+0000] {spark_submit.py:579} INFO - 24/10/26 12:14:00 INFO BlockManagerInfo: Added rdd_24_8 in memory on 172.18.0.4:34057 (size: 46.0 B, free: 1048.6 MiB)
[2024-10-26T12:14:00.214+0000] {spark_submit.py:579} INFO - 24/10/26 12:14:00 INFO BlockManagerInfo: Added rdd_24_9 in memory on 172.18.0.4:34057 (size: 46.0 B, free: 1048.6 MiB)
[2024-10-26T12:14:00.241+0000] {spark_submit.py:579} INFO - 24/10/26 12:14:00 INFO TaskSetManager: Starting task 10.0 in stage 5.0 (TID 17) (172.18.0.4, executor 0, partition 10, PROCESS_LOCAL, 7356 bytes)
[2024-10-26T12:14:00.243+0000] {spark_submit.py:579} INFO - 24/10/26 12:14:00 INFO TaskSetManager: Finished task 8.0 in stage 5.0 (TID 15) in 99 ms on 172.18.0.4 (executor 0) (11/50)
[2024-10-26T12:14:00.249+0000] {spark_submit.py:579} INFO - 24/10/26 12:14:00 INFO TaskSetManager: Starting task 11.0 in stage 5.0 (TID 18) (172.18.0.4, executor 0, partition 11, PROCESS_LOCAL, 7356 bytes)
[2024-10-26T12:14:00.250+0000] {spark_submit.py:579} INFO - 24/10/26 12:14:00 INFO TaskSetManager: Finished task 9.0 in stage 5.0 (TID 16) in 98 ms on 172.18.0.4 (executor 0) (12/50)
[2024-10-26T12:14:00.311+0000] {spark_submit.py:579} INFO - 24/10/26 12:14:00 INFO BlockManagerInfo: Added rdd_24_10 in memory on 172.18.0.4:34057 (size: 46.0 B, free: 1048.6 MiB)
[2024-10-26T12:14:00.317+0000] {spark_submit.py:579} INFO - 24/10/26 12:14:00 INFO BlockManagerInfo: Added rdd_24_11 in memory on 172.18.0.4:34057 (size: 46.0 B, free: 1048.6 MiB)
[2024-10-26T12:14:00.342+0000] {spark_submit.py:579} INFO - 24/10/26 12:14:00 INFO TaskSetManager: Starting task 12.0 in stage 5.0 (TID 19) (172.18.0.4, executor 0, partition 12, PROCESS_LOCAL, 7356 bytes)
[2024-10-26T12:14:00.343+0000] {spark_submit.py:579} INFO - 24/10/26 12:14:00 INFO TaskSetManager: Finished task 10.0 in stage 5.0 (TID 17) in 102 ms on 172.18.0.4 (executor 0) (13/50)
[2024-10-26T12:14:00.344+0000] {spark_submit.py:579} INFO - 24/10/26 12:14:00 INFO TaskSetManager: Starting task 13.0 in stage 5.0 (TID 20) (172.18.0.4, executor 0, partition 13, PROCESS_LOCAL, 7356 bytes)
[2024-10-26T12:14:00.345+0000] {spark_submit.py:579} INFO - 24/10/26 12:14:00 INFO TaskSetManager: Finished task 11.0 in stage 5.0 (TID 18) in 97 ms on 172.18.0.4 (executor 0) (14/50)
[2024-10-26T12:14:00.405+0000] {spark_submit.py:579} INFO - 24/10/26 12:14:00 INFO BlockManagerInfo: Added rdd_24_13 in memory on 172.18.0.4:34057 (size: 46.0 B, free: 1048.6 MiB)
[2024-10-26T12:14:00.406+0000] {spark_submit.py:579} INFO - 24/10/26 12:14:00 INFO BlockManagerInfo: Added rdd_24_12 in memory on 172.18.0.4:34057 (size: 46.0 B, free: 1048.6 MiB)
[2024-10-26T12:14:00.442+0000] {spark_submit.py:579} INFO - 24/10/26 12:14:00 INFO TaskSetManager: Starting task 14.0 in stage 5.0 (TID 21) (172.18.0.4, executor 0, partition 14, PROCESS_LOCAL, 7356 bytes)
[2024-10-26T12:14:00.444+0000] {spark_submit.py:579} INFO - 24/10/26 12:14:00 INFO TaskSetManager: Starting task 15.0 in stage 5.0 (TID 22) (172.18.0.4, executor 0, partition 15, PROCESS_LOCAL, 7356 bytes)
[2024-10-26T12:14:00.445+0000] {spark_submit.py:579} INFO - 24/10/26 12:14:00 INFO TaskSetManager: Finished task 13.0 in stage 5.0 (TID 20) in 101 ms on 172.18.0.4 (executor 0) (15/50)
[2024-10-26T12:14:00.446+0000] {spark_submit.py:579} INFO - 24/10/26 12:14:00 INFO TaskSetManager: Finished task 12.0 in stage 5.0 (TID 19) in 103 ms on 172.18.0.4 (executor 0) (16/50)
[2024-10-26T12:14:00.504+0000] {spark_submit.py:579} INFO - 24/10/26 12:14:00 INFO BlockManagerInfo: Added rdd_24_15 in memory on 172.18.0.4:34057 (size: 46.0 B, free: 1048.6 MiB)
[2024-10-26T12:14:00.511+0000] {spark_submit.py:579} INFO - 24/10/26 12:14:00 INFO BlockManagerInfo: Added rdd_24_14 in memory on 172.18.0.4:34057 (size: 46.0 B, free: 1048.6 MiB)
[2024-10-26T12:14:00.543+0000] {spark_submit.py:579} INFO - 24/10/26 12:14:00 INFO TaskSetManager: Starting task 16.0 in stage 5.0 (TID 23) (172.18.0.4, executor 0, partition 16, PROCESS_LOCAL, 7356 bytes)
[2024-10-26T12:14:00.544+0000] {spark_submit.py:579} INFO - 24/10/26 12:14:00 INFO TaskSetManager: Finished task 15.0 in stage 5.0 (TID 22) in 99 ms on 172.18.0.4 (executor 0) (17/50)
[2024-10-26T12:14:00.553+0000] {spark_submit.py:579} INFO - 24/10/26 12:14:00 INFO TaskSetManager: Starting task 17.0 in stage 5.0 (TID 24) (172.18.0.4, executor 0, partition 17, PROCESS_LOCAL, 7356 bytes)
[2024-10-26T12:14:00.554+0000] {spark_submit.py:579} INFO - 24/10/26 12:14:00 INFO TaskSetManager: Finished task 14.0 in stage 5.0 (TID 21) in 112 ms on 172.18.0.4 (executor 0) (18/50)
[2024-10-26T12:14:00.633+0000] {spark_submit.py:579} INFO - 24/10/26 12:14:00 INFO BlockManagerInfo: Added rdd_24_16 in memory on 172.18.0.4:34057 (size: 46.0 B, free: 1048.6 MiB)
[2024-10-26T12:14:00.643+0000] {spark_submit.py:579} INFO - 24/10/26 12:14:00 INFO BlockManagerInfo: Added rdd_24_17 in memory on 172.18.0.4:34057 (size: 46.0 B, free: 1048.6 MiB)
[2024-10-26T12:14:00.682+0000] {spark_submit.py:579} INFO - 24/10/26 12:14:00 INFO TaskSetManager: Starting task 18.0 in stage 5.0 (TID 25) (172.18.0.4, executor 0, partition 18, PROCESS_LOCAL, 7356 bytes)
[2024-10-26T12:14:00.683+0000] {spark_submit.py:579} INFO - 24/10/26 12:14:00 INFO TaskSetManager: Finished task 16.0 in stage 5.0 (TID 23) in 140 ms on 172.18.0.4 (executor 0) (19/50)
[2024-10-26T12:14:00.686+0000] {spark_submit.py:579} INFO - 24/10/26 12:14:00 INFO TaskSetManager: Starting task 19.0 in stage 5.0 (TID 26) (172.18.0.4, executor 0, partition 19, PROCESS_LOCAL, 7356 bytes)
[2024-10-26T12:14:00.688+0000] {spark_submit.py:579} INFO - 24/10/26 12:14:00 INFO TaskSetManager: Finished task 17.0 in stage 5.0 (TID 24) in 134 ms on 172.18.0.4 (executor 0) (20/50)
[2024-10-26T12:14:00.748+0000] {spark_submit.py:579} INFO - 24/10/26 12:14:00 INFO BlockManagerInfo: Added rdd_24_18 in memory on 172.18.0.4:34057 (size: 46.0 B, free: 1048.6 MiB)
[2024-10-26T12:14:00.750+0000] {spark_submit.py:579} INFO - 24/10/26 12:14:00 INFO BlockManagerInfo: Added rdd_24_19 in memory on 172.18.0.4:34057 (size: 46.0 B, free: 1048.6 MiB)
[2024-10-26T12:14:00.780+0000] {spark_submit.py:579} INFO - 24/10/26 12:14:00 INFO TaskSetManager: Starting task 20.0 in stage 5.0 (TID 27) (172.18.0.4, executor 0, partition 20, PROCESS_LOCAL, 7356 bytes)
[2024-10-26T12:14:00.781+0000] {spark_submit.py:579} INFO - 24/10/26 12:14:00 INFO TaskSetManager: Finished task 18.0 in stage 5.0 (TID 25) in 100 ms on 172.18.0.4 (executor 0) (21/50)
[2024-10-26T12:14:00.783+0000] {spark_submit.py:579} INFO - 24/10/26 12:14:00 INFO TaskSetManager: Starting task 21.0 in stage 5.0 (TID 28) (172.18.0.4, executor 0, partition 21, PROCESS_LOCAL, 7356 bytes)
[2024-10-26T12:14:00.785+0000] {spark_submit.py:579} INFO - 24/10/26 12:14:00 INFO TaskSetManager: Finished task 19.0 in stage 5.0 (TID 26) in 99 ms on 172.18.0.4 (executor 0) (22/50)
[2024-10-26T12:14:00.841+0000] {spark_submit.py:579} INFO - 24/10/26 12:14:00 INFO BlockManagerInfo: Added rdd_24_20 in memory on 172.18.0.4:34057 (size: 46.0 B, free: 1048.6 MiB)
[2024-10-26T12:14:00.842+0000] {spark_submit.py:579} INFO - 24/10/26 12:14:00 INFO BlockManagerInfo: Added rdd_24_21 in memory on 172.18.0.4:34057 (size: 46.0 B, free: 1048.6 MiB)
[2024-10-26T12:14:00.867+0000] {spark_submit.py:579} INFO - 24/10/26 12:14:00 INFO TaskSetManager: Starting task 22.0 in stage 5.0 (TID 29) (172.18.0.4, executor 0, partition 22, PROCESS_LOCAL, 7356 bytes)
[2024-10-26T12:14:00.867+0000] {spark_submit.py:579} INFO - 24/10/26 12:14:00 INFO TaskSetManager: Finished task 21.0 in stage 5.0 (TID 28) in 85 ms on 172.18.0.4 (executor 0) (23/50)
[2024-10-26T12:14:00.869+0000] {spark_submit.py:579} INFO - 24/10/26 12:14:00 INFO TaskSetManager: Starting task 23.0 in stage 5.0 (TID 30) (172.18.0.4, executor 0, partition 23, PROCESS_LOCAL, 7356 bytes)
[2024-10-26T12:14:00.870+0000] {spark_submit.py:579} INFO - 24/10/26 12:14:00 INFO TaskSetManager: Finished task 20.0 in stage 5.0 (TID 27) in 91 ms on 172.18.0.4 (executor 0) (24/50)
[2024-10-26T12:14:00.922+0000] {spark_submit.py:579} INFO - 24/10/26 12:14:00 INFO BlockManagerInfo: Added rdd_24_22 in memory on 172.18.0.4:34057 (size: 46.0 B, free: 1048.6 MiB)
[2024-10-26T12:14:00.927+0000] {spark_submit.py:579} INFO - 24/10/26 12:14:00 INFO BlockManagerInfo: Added rdd_24_23 in memory on 172.18.0.4:34057 (size: 46.0 B, free: 1048.6 MiB)
[2024-10-26T12:14:00.953+0000] {spark_submit.py:579} INFO - 24/10/26 12:14:00 INFO TaskSetManager: Starting task 24.0 in stage 5.0 (TID 31) (172.18.0.4, executor 0, partition 24, PROCESS_LOCAL, 7356 bytes)
[2024-10-26T12:14:00.954+0000] {spark_submit.py:579} INFO - 24/10/26 12:14:00 INFO TaskSetManager: Finished task 22.0 in stage 5.0 (TID 29) in 88 ms on 172.18.0.4 (executor 0) (25/50)
[2024-10-26T12:14:00.956+0000] {spark_submit.py:579} INFO - 24/10/26 12:14:00 INFO TaskSetManager: Starting task 25.0 in stage 5.0 (TID 32) (172.18.0.4, executor 0, partition 25, PROCESS_LOCAL, 7356 bytes)
[2024-10-26T12:14:00.957+0000] {spark_submit.py:579} INFO - 24/10/26 12:14:00 INFO TaskSetManager: Finished task 23.0 in stage 5.0 (TID 30) in 88 ms on 172.18.0.4 (executor 0) (26/50)
[2024-10-26T12:14:01.007+0000] {spark_submit.py:579} INFO - 24/10/26 12:14:01 INFO BlockManagerInfo: Added rdd_24_24 in memory on 172.18.0.4:34057 (size: 46.0 B, free: 1048.6 MiB)
[2024-10-26T12:14:01.021+0000] {spark_submit.py:579} INFO - 24/10/26 12:14:01 INFO BlockManagerInfo: Added rdd_24_25 in memory on 172.18.0.4:34057 (size: 46.0 B, free: 1048.6 MiB)
[2024-10-26T12:14:01.040+0000] {spark_submit.py:579} INFO - 24/10/26 12:14:01 INFO TaskSetManager: Starting task 26.0 in stage 5.0 (TID 33) (172.18.0.4, executor 0, partition 26, PROCESS_LOCAL, 7356 bytes)
[2024-10-26T12:14:01.041+0000] {spark_submit.py:579} INFO - 24/10/26 12:14:01 INFO TaskSetManager: Finished task 24.0 in stage 5.0 (TID 31) in 87 ms on 172.18.0.4 (executor 0) (27/50)
[2024-10-26T12:14:01.049+0000] {spark_submit.py:579} INFO - 24/10/26 12:14:01 INFO TaskSetManager: Starting task 27.0 in stage 5.0 (TID 34) (172.18.0.4, executor 0, partition 27, PROCESS_LOCAL, 7356 bytes)
[2024-10-26T12:14:01.050+0000] {spark_submit.py:579} INFO - 24/10/26 12:14:01 INFO TaskSetManager: Finished task 25.0 in stage 5.0 (TID 32) in 94 ms on 172.18.0.4 (executor 0) (28/50)
[2024-10-26T12:14:01.095+0000] {spark_submit.py:579} INFO - 24/10/26 12:14:01 INFO BlockManagerInfo: Added rdd_24_26 in memory on 172.18.0.4:34057 (size: 46.0 B, free: 1048.6 MiB)
[2024-10-26T12:14:01.096+0000] {spark_submit.py:579} INFO - 24/10/26 12:14:01 INFO BlockManagerInfo: Added rdd_24_27 in memory on 172.18.0.4:34057 (size: 46.0 B, free: 1048.6 MiB)
[2024-10-26T12:14:01.127+0000] {spark_submit.py:579} INFO - 24/10/26 12:14:01 INFO TaskSetManager: Starting task 28.0 in stage 5.0 (TID 35) (172.18.0.4, executor 0, partition 28, PROCESS_LOCAL, 7356 bytes)
[2024-10-26T12:14:01.128+0000] {spark_submit.py:579} INFO - 24/10/26 12:14:01 INFO TaskSetManager: Finished task 26.0 in stage 5.0 (TID 33) in 88 ms on 172.18.0.4 (executor 0) (29/50)
[2024-10-26T12:14:01.129+0000] {spark_submit.py:579} INFO - 24/10/26 12:14:01 INFO TaskSetManager: Starting task 29.0 in stage 5.0 (TID 36) (172.18.0.4, executor 0, partition 29, PROCESS_LOCAL, 7356 bytes)
[2024-10-26T12:14:01.130+0000] {spark_submit.py:579} INFO - 24/10/26 12:14:01 INFO TaskSetManager: Finished task 27.0 in stage 5.0 (TID 34) in 82 ms on 172.18.0.4 (executor 0) (30/50)
[2024-10-26T12:14:01.183+0000] {spark_submit.py:579} INFO - 24/10/26 12:14:01 INFO BlockManagerInfo: Added rdd_24_28 in memory on 172.18.0.4:34057 (size: 46.0 B, free: 1048.6 MiB)
[2024-10-26T12:14:01.188+0000] {spark_submit.py:579} INFO - 24/10/26 12:14:01 INFO BlockManagerInfo: Added rdd_24_29 in memory on 172.18.0.4:34057 (size: 46.0 B, free: 1048.6 MiB)
[2024-10-26T12:14:01.208+0000] {spark_submit.py:579} INFO - 24/10/26 12:14:01 INFO TaskSetManager: Starting task 30.0 in stage 5.0 (TID 37) (172.18.0.4, executor 0, partition 30, PROCESS_LOCAL, 7356 bytes)
[2024-10-26T12:14:01.209+0000] {spark_submit.py:579} INFO - 24/10/26 12:14:01 INFO TaskSetManager: Finished task 28.0 in stage 5.0 (TID 35) in 83 ms on 172.18.0.4 (executor 0) (31/50)
[2024-10-26T12:14:01.212+0000] {spark_submit.py:579} INFO - 24/10/26 12:14:01 INFO TaskSetManager: Starting task 31.0 in stage 5.0 (TID 38) (172.18.0.4, executor 0, partition 31, PROCESS_LOCAL, 7356 bytes)
[2024-10-26T12:14:01.213+0000] {spark_submit.py:579} INFO - 24/10/26 12:14:01 INFO TaskSetManager: Finished task 29.0 in stage 5.0 (TID 36) in 83 ms on 172.18.0.4 (executor 0) (32/50)
[2024-10-26T12:14:01.262+0000] {spark_submit.py:579} INFO - 24/10/26 12:14:01 INFO BlockManagerInfo: Added rdd_24_30 in memory on 172.18.0.4:34057 (size: 46.0 B, free: 1048.6 MiB)
[2024-10-26T12:14:01.266+0000] {spark_submit.py:579} INFO - 24/10/26 12:14:01 INFO BlockManagerInfo: Added rdd_24_31 in memory on 172.18.0.4:34057 (size: 46.0 B, free: 1048.6 MiB)
[2024-10-26T12:14:01.289+0000] {spark_submit.py:579} INFO - 24/10/26 12:14:01 INFO TaskSetManager: Starting task 32.0 in stage 5.0 (TID 39) (172.18.0.4, executor 0, partition 32, PROCESS_LOCAL, 7356 bytes)
[2024-10-26T12:14:01.290+0000] {spark_submit.py:579} INFO - 24/10/26 12:14:01 INFO TaskSetManager: Finished task 30.0 in stage 5.0 (TID 37) in 82 ms on 172.18.0.4 (executor 0) (33/50)
[2024-10-26T12:14:01.294+0000] {spark_submit.py:579} INFO - 24/10/26 12:14:01 INFO TaskSetManager: Starting task 33.0 in stage 5.0 (TID 40) (172.18.0.4, executor 0, partition 33, PROCESS_LOCAL, 7356 bytes)
[2024-10-26T12:14:01.295+0000] {spark_submit.py:579} INFO - 24/10/26 12:14:01 INFO TaskSetManager: Finished task 31.0 in stage 5.0 (TID 38) in 83 ms on 172.18.0.4 (executor 0) (34/50)
[2024-10-26T12:14:01.335+0000] {spark_submit.py:579} INFO - 24/10/26 12:14:01 INFO BlockManagerInfo: Added rdd_24_32 in memory on 172.18.0.4:34057 (size: 46.0 B, free: 1048.6 MiB)
[2024-10-26T12:14:01.336+0000] {spark_submit.py:579} INFO - 24/10/26 12:14:01 INFO BlockManagerInfo: Added rdd_24_33 in memory on 172.18.0.4:34057 (size: 46.0 B, free: 1048.6 MiB)
[2024-10-26T12:14:01.360+0000] {spark_submit.py:579} INFO - 24/10/26 12:14:01 INFO TaskSetManager: Starting task 34.0 in stage 5.0 (TID 41) (172.18.0.4, executor 0, partition 34, PROCESS_LOCAL, 7356 bytes)
[2024-10-26T12:14:01.363+0000] {spark_submit.py:579} INFO - 24/10/26 12:14:01 INFO TaskSetManager: Starting task 35.0 in stage 5.0 (TID 42) (172.18.0.4, executor 0, partition 35, PROCESS_LOCAL, 7356 bytes)
[2024-10-26T12:14:01.364+0000] {spark_submit.py:579} INFO - 24/10/26 12:14:01 INFO TaskSetManager: Finished task 33.0 in stage 5.0 (TID 40) in 70 ms on 172.18.0.4 (executor 0) (35/50)
[2024-10-26T12:14:01.365+0000] {spark_submit.py:579} INFO - 24/10/26 12:14:01 INFO TaskSetManager: Finished task 32.0 in stage 5.0 (TID 39) in 75 ms on 172.18.0.4 (executor 0) (36/50)
[2024-10-26T12:14:01.399+0000] {spark_submit.py:579} INFO - 24/10/26 12:14:01 INFO BlockManagerInfo: Added rdd_24_34 in memory on 172.18.0.4:34057 (size: 46.0 B, free: 1048.6 MiB)
[2024-10-26T12:14:01.406+0000] {spark_submit.py:579} INFO - 24/10/26 12:14:01 INFO BlockManagerInfo: Added rdd_24_35 in memory on 172.18.0.4:34057 (size: 46.0 B, free: 1048.6 MiB)
[2024-10-26T12:14:01.425+0000] {spark_submit.py:579} INFO - 24/10/26 12:14:01 INFO TaskSetManager: Starting task 36.0 in stage 5.0 (TID 43) (172.18.0.4, executor 0, partition 36, PROCESS_LOCAL, 7356 bytes)
[2024-10-26T12:14:01.426+0000] {spark_submit.py:579} INFO - 24/10/26 12:14:01 INFO TaskSetManager: Finished task 34.0 in stage 5.0 (TID 41) in 66 ms on 172.18.0.4 (executor 0) (37/50)
[2024-10-26T12:14:01.440+0000] {spark_submit.py:579} INFO - 24/10/26 12:14:01 INFO TaskSetManager: Starting task 37.0 in stage 5.0 (TID 44) (172.18.0.4, executor 0, partition 37, PROCESS_LOCAL, 7356 bytes)
[2024-10-26T12:14:01.441+0000] {spark_submit.py:579} INFO - 24/10/26 12:14:01 INFO TaskSetManager: Finished task 35.0 in stage 5.0 (TID 42) in 78 ms on 172.18.0.4 (executor 0) (38/50)
[2024-10-26T12:14:01.469+0000] {spark_submit.py:579} INFO - 24/10/26 12:14:01 INFO BlockManagerInfo: Added rdd_24_36 in memory on 172.18.0.4:34057 (size: 46.0 B, free: 1048.6 MiB)
[2024-10-26T12:14:01.482+0000] {spark_submit.py:579} INFO - 24/10/26 12:14:01 INFO BlockManagerInfo: Added rdd_24_37 in memory on 172.18.0.4:34057 (size: 46.0 B, free: 1048.6 MiB)
[2024-10-26T12:14:01.495+0000] {spark_submit.py:579} INFO - 24/10/26 12:14:01 INFO TaskSetManager: Starting task 39.0 in stage 5.0 (TID 45) (172.18.0.4, executor 0, partition 39, PROCESS_LOCAL, 7356 bytes)
[2024-10-26T12:14:01.496+0000] {spark_submit.py:579} INFO - 24/10/26 12:14:01 INFO TaskSetManager: Finished task 36.0 in stage 5.0 (TID 43) in 71 ms on 172.18.0.4 (executor 0) (39/50)
[2024-10-26T12:14:01.517+0000] {spark_submit.py:579} INFO - 24/10/26 12:14:01 INFO TaskSetManager: Starting task 40.0 in stage 5.0 (TID 46) (172.18.0.4, executor 0, partition 40, PROCESS_LOCAL, 7356 bytes)
[2024-10-26T12:14:01.518+0000] {spark_submit.py:579} INFO - 24/10/26 12:14:01 INFO TaskSetManager: Finished task 37.0 in stage 5.0 (TID 44) in 78 ms on 172.18.0.4 (executor 0) (40/50)
[2024-10-26T12:14:01.562+0000] {spark_submit.py:579} INFO - 24/10/26 12:14:01 INFO BlockManagerInfo: Added rdd_24_39 in memory on 172.18.0.4:34057 (size: 46.0 B, free: 1048.6 MiB)
[2024-10-26T12:14:01.583+0000] {spark_submit.py:579} INFO - 24/10/26 12:14:01 INFO BlockManagerInfo: Added rdd_24_40 in memory on 172.18.0.4:34057 (size: 46.0 B, free: 1048.6 MiB)
[2024-10-26T12:14:01.596+0000] {spark_submit.py:579} INFO - 24/10/26 12:14:01 INFO TaskSetManager: Starting task 41.0 in stage 5.0 (TID 47) (172.18.0.4, executor 0, partition 41, PROCESS_LOCAL, 7356 bytes)
[2024-10-26T12:14:01.597+0000] {spark_submit.py:579} INFO - 24/10/26 12:14:01 INFO TaskSetManager: Finished task 39.0 in stage 5.0 (TID 45) in 103 ms on 172.18.0.4 (executor 0) (41/50)
[2024-10-26T12:14:01.654+0000] {spark_submit.py:579} INFO - 24/10/26 12:14:01 INFO BlockManagerInfo: Added rdd_24_41 in memory on 172.18.0.4:34057 (size: 46.0 B, free: 1048.6 MiB)
[2024-10-26T12:14:01.823+0000] {spark_submit.py:579} INFO - 24/10/26 12:14:01 INFO TaskSetManager: Starting task 43.0 in stage 5.0 (TID 48) (172.18.0.4, executor 0, partition 43, PROCESS_LOCAL, 7356 bytes)
[2024-10-26T12:14:01.824+0000] {spark_submit.py:579} INFO - 24/10/26 12:14:01 INFO TaskSetManager: Finished task 40.0 in stage 5.0 (TID 46) in 307 ms on 172.18.0.4 (executor 0) (42/50)
[2024-10-26T12:14:01.826+0000] {spark_submit.py:579} INFO - 24/10/26 12:14:01 INFO TaskSetManager: Starting task 44.0 in stage 5.0 (TID 49) (172.18.0.4, executor 0, partition 44, PROCESS_LOCAL, 7356 bytes)
[2024-10-26T12:14:01.827+0000] {spark_submit.py:579} INFO - 24/10/26 12:14:01 INFO TaskSetManager: Finished task 41.0 in stage 5.0 (TID 47) in 232 ms on 172.18.0.4 (executor 0) (43/50)
[2024-10-26T12:14:01.869+0000] {spark_submit.py:579} INFO - 24/10/26 12:14:01 INFO BlockManagerInfo: Added rdd_24_43 in memory on 172.18.0.4:34057 (size: 46.0 B, free: 1048.6 MiB)
[2024-10-26T12:14:01.874+0000] {spark_submit.py:579} INFO - 24/10/26 12:14:01 INFO BlockManagerInfo: Added rdd_24_44 in memory on 172.18.0.4:34057 (size: 46.0 B, free: 1048.6 MiB)
[2024-10-26T12:14:01.909+0000] {spark_submit.py:579} INFO - 24/10/26 12:14:01 INFO TaskSetManager: Starting task 45.0 in stage 5.0 (TID 50) (172.18.0.4, executor 0, partition 45, PROCESS_LOCAL, 7356 bytes)
[2024-10-26T12:14:01.910+0000] {spark_submit.py:579} INFO - 24/10/26 12:14:01 INFO TaskSetManager: Finished task 43.0 in stage 5.0 (TID 48) in 87 ms on 172.18.0.4 (executor 0) (44/50)
[2024-10-26T12:14:01.919+0000] {spark_submit.py:579} INFO - 24/10/26 12:14:01 INFO TaskSetManager: Starting task 46.0 in stage 5.0 (TID 51) (172.18.0.4, executor 0, partition 46, PROCESS_LOCAL, 7356 bytes)
[2024-10-26T12:14:01.920+0000] {spark_submit.py:579} INFO - 24/10/26 12:14:01 INFO TaskSetManager: Finished task 44.0 in stage 5.0 (TID 49) in 95 ms on 172.18.0.4 (executor 0) (45/50)
[2024-10-26T12:14:01.953+0000] {spark_submit.py:579} INFO - 24/10/26 12:14:01 INFO BlockManagerInfo: Added rdd_24_45 in memory on 172.18.0.4:34057 (size: 46.0 B, free: 1048.6 MiB)
[2024-10-26T12:14:01.976+0000] {spark_submit.py:579} INFO - 24/10/26 12:14:01 INFO BlockManagerInfo: Added rdd_24_46 in memory on 172.18.0.4:34057 (size: 46.0 B, free: 1048.6 MiB)
[2024-10-26T12:14:02.414+0000] {spark_submit.py:579} INFO - 24/10/26 12:14:02 INFO TaskSetManager: Starting task 47.0 in stage 5.0 (TID 52) (172.18.0.4, executor 0, partition 47, PROCESS_LOCAL, 7356 bytes)
[2024-10-26T12:14:02.415+0000] {spark_submit.py:579} INFO - 24/10/26 12:14:02 INFO TaskSetManager: Finished task 45.0 in stage 5.0 (TID 50) in 506 ms on 172.18.0.4 (executor 0) (46/50)
[2024-10-26T12:14:02.416+0000] {spark_submit.py:579} INFO - 24/10/26 12:14:02 INFO TaskSetManager: Starting task 48.0 in stage 5.0 (TID 53) (172.18.0.4, executor 0, partition 48, PROCESS_LOCAL, 7356 bytes)
[2024-10-26T12:14:02.417+0000] {spark_submit.py:579} INFO - 24/10/26 12:14:02 INFO TaskSetManager: Finished task 46.0 in stage 5.0 (TID 51) in 498 ms on 172.18.0.4 (executor 0) (47/50)
[2024-10-26T12:14:02.453+0000] {spark_submit.py:579} INFO - 24/10/26 12:14:02 INFO BlockManagerInfo: Added rdd_24_48 in memory on 172.18.0.4:34057 (size: 46.0 B, free: 1048.6 MiB)
[2024-10-26T12:14:02.454+0000] {spark_submit.py:579} INFO - 24/10/26 12:14:02 INFO BlockManagerInfo: Added rdd_24_47 in memory on 172.18.0.4:34057 (size: 46.0 B, free: 1048.6 MiB)
[2024-10-26T12:14:02.508+0000] {spark_submit.py:579} INFO - 24/10/26 12:14:02 INFO TaskSetManager: Starting task 49.0 in stage 5.0 (TID 54) (172.18.0.4, executor 0, partition 49, PROCESS_LOCAL, 7356 bytes)
[2024-10-26T12:14:02.509+0000] {spark_submit.py:579} INFO - 24/10/26 12:14:02 INFO TaskSetManager: Finished task 47.0 in stage 5.0 (TID 52) in 96 ms on 172.18.0.4 (executor 0) (48/50)
[2024-10-26T12:14:02.512+0000] {spark_submit.py:579} INFO - 24/10/26 12:14:02 INFO TaskSetManager: Finished task 48.0 in stage 5.0 (TID 53) in 95 ms on 172.18.0.4 (executor 0) (49/50)
[2024-10-26T12:14:02.550+0000] {spark_submit.py:579} INFO - 24/10/26 12:14:02 INFO BlockManagerInfo: Added rdd_24_49 in memory on 172.18.0.4:34057 (size: 46.0 B, free: 1048.6 MiB)
[2024-10-26T12:14:02.736+0000] {spark_submit.py:579} INFO - 24/10/26 12:14:02 INFO TaskSetManager: Finished task 49.0 in stage 5.0 (TID 54) in 228 ms on 172.18.0.4 (executor 0) (50/50)
[2024-10-26T12:14:02.737+0000] {spark_submit.py:579} INFO - 24/10/26 12:14:02 INFO TaskSchedulerImpl: Removed TaskSet 5.0, whose tasks have all completed, from pool
[2024-10-26T12:14:02.737+0000] {spark_submit.py:579} INFO - 24/10/26 12:14:02 INFO DAGScheduler: ShuffleMapStage 5 ($anonfun$recordDeltaOperationInternal$1 at DatabricksLogging.scala:128) finished in 4.198 s
[2024-10-26T12:14:02.738+0000] {spark_submit.py:579} INFO - 24/10/26 12:14:02 INFO DAGScheduler: looking for newly runnable stages
[2024-10-26T12:14:02.739+0000] {spark_submit.py:579} INFO - 24/10/26 12:14:02 INFO DAGScheduler: running: Set()
[2024-10-26T12:14:02.739+0000] {spark_submit.py:579} INFO - 24/10/26 12:14:02 INFO DAGScheduler: waiting: Set()
[2024-10-26T12:14:02.740+0000] {spark_submit.py:579} INFO - 24/10/26 12:14:02 INFO DAGScheduler: failed: Set()
[2024-10-26T12:14:02.774+0000] {spark_submit.py:579} INFO - 24/10/26 12:14:02 INFO SparkContext: Starting job: $anonfun$recordDeltaOperationInternal$1 at DatabricksLogging.scala:128
[2024-10-26T12:14:02.776+0000] {spark_submit.py:579} INFO - 24/10/26 12:14:02 INFO DAGScheduler: Got job 6 ($anonfun$recordDeltaOperationInternal$1 at DatabricksLogging.scala:128) with 1 output partitions
[2024-10-26T12:14:02.777+0000] {spark_submit.py:579} INFO - 24/10/26 12:14:02 INFO DAGScheduler: Final stage: ResultStage 8 ($anonfun$recordDeltaOperationInternal$1 at DatabricksLogging.scala:128)
[2024-10-26T12:14:02.777+0000] {spark_submit.py:579} INFO - 24/10/26 12:14:02 INFO DAGScheduler: Parents of final stage: List(ShuffleMapStage 7)
[2024-10-26T12:14:02.778+0000] {spark_submit.py:579} INFO - 24/10/26 12:14:02 INFO DAGScheduler: Missing parents: List()
[2024-10-26T12:14:02.779+0000] {spark_submit.py:579} INFO - 24/10/26 12:14:02 INFO DAGScheduler: Submitting ResultStage 8 (MapPartitionsRDD[30] at $anonfun$recordDeltaOperationInternal$1 at DatabricksLogging.scala:128), which has no missing parents
[2024-10-26T12:14:02.785+0000] {spark_submit.py:579} INFO - 24/10/26 12:14:02 INFO MemoryStore: Block broadcast_9 stored as values in memory (estimated size 452.2 KiB, free 432.6 MiB)
[2024-10-26T12:14:02.788+0000] {spark_submit.py:579} INFO - 24/10/26 12:14:02 INFO MemoryStore: Block broadcast_9_piece0 stored as bytes in memory (estimated size 108.2 KiB, free 432.5 MiB)
[2024-10-26T12:14:02.789+0000] {spark_submit.py:579} INFO - 24/10/26 12:14:02 INFO BlockManagerInfo: Added broadcast_9_piece0 in memory on 84076e7a47fe:34337 (size: 108.2 KiB, free: 434.1 MiB)
[2024-10-26T12:14:02.790+0000] {spark_submit.py:579} INFO - 24/10/26 12:14:02 INFO SparkContext: Created broadcast 9 from broadcast at DAGScheduler.scala:1540
[2024-10-26T12:14:02.790+0000] {spark_submit.py:579} INFO - 24/10/26 12:14:02 INFO DAGScheduler: Submitting 1 missing tasks from ResultStage 8 (MapPartitionsRDD[30] at $anonfun$recordDeltaOperationInternal$1 at DatabricksLogging.scala:128) (first 15 tasks are for partitions Vector(0))
[2024-10-26T12:14:02.791+0000] {spark_submit.py:579} INFO - 24/10/26 12:14:02 INFO TaskSchedulerImpl: Adding task set 8.0 with 1 tasks resource profile 0
[2024-10-26T12:14:02.792+0000] {spark_submit.py:579} INFO - 24/10/26 12:14:02 INFO TaskSetManager: Starting task 0.0 in stage 8.0 (TID 55) (172.18.0.4, executor 0, partition 0, NODE_LOCAL, 7367 bytes)
[2024-10-26T12:14:02.806+0000] {spark_submit.py:579} INFO - 24/10/26 12:14:02 INFO BlockManagerInfo: Added broadcast_9_piece0 in memory on 172.18.0.4:34057 (size: 108.2 KiB, free: 1048.5 MiB)
[2024-10-26T12:14:02.819+0000] {spark_submit.py:579} INFO - 24/10/26 12:14:02 INFO MapOutputTrackerMasterEndpoint: Asked to send map output locations for shuffle 1 to 172.18.0.4:53534
[2024-10-26T12:14:02.909+0000] {spark_submit.py:579} INFO - 24/10/26 12:14:02 INFO TaskSetManager: Finished task 0.0 in stage 8.0 (TID 55) in 117 ms on 172.18.0.4 (executor 0) (1/1)
[2024-10-26T12:14:02.910+0000] {spark_submit.py:579} INFO - 24/10/26 12:14:02 INFO TaskSchedulerImpl: Removed TaskSet 8.0, whose tasks have all completed, from pool
[2024-10-26T12:14:02.911+0000] {spark_submit.py:579} INFO - 24/10/26 12:14:02 INFO DAGScheduler: ResultStage 8 ($anonfun$recordDeltaOperationInternal$1 at DatabricksLogging.scala:128) finished in 0.130 s
[2024-10-26T12:14:02.911+0000] {spark_submit.py:579} INFO - 24/10/26 12:14:02 INFO DAGScheduler: Job 6 is finished. Cancelling potential speculative or zombie tasks for this job
[2024-10-26T12:14:02.912+0000] {spark_submit.py:579} INFO - 24/10/26 12:14:02 INFO TaskSchedulerImpl: Killing all running tasks in stage 8: Stage finished
[2024-10-26T12:14:02.913+0000] {spark_submit.py:579} INFO - 24/10/26 12:14:02 INFO DAGScheduler: Job 6 finished: $anonfun$recordDeltaOperationInternal$1 at DatabricksLogging.scala:128, took 0.136957 s
[2024-10-26T12:14:03.540+0000] {spark_submit.py:579} INFO - 24/10/26 12:14:03 INFO CodeGenerator: Code generated in 612.77608 ms
[2024-10-26T12:14:03.544+0000] {spark_submit.py:579} INFO - 24/10/26 12:14:03 INFO Snapshot: [tableId=e32a7db2-5053-40cf-b31d-2ff7ff2a7938] DELTA: Done
[2024-10-26T12:14:04.008+0000] {spark_submit.py:579} INFO - 24/10/26 12:14:04 INFO OptimisticTransaction: [tableId=2b88a577,txnId=3afa813e] Committed delta #0 to s3a://lakehouse/sliver/movies/_delta_log
[2024-10-26T12:14:04.018+0000] {spark_submit.py:579} INFO - 2024-10-26 12:14:04,018 INFO: Data cleaning and saving process completed successfully.
[2024-10-26T12:14:04.020+0000] {spark_submit.py:579} INFO - 24/10/26 12:14:04 INFO SparkContext: SparkContext is stopping with exitCode 0.
[2024-10-26T12:14:04.045+0000] {spark_submit.py:579} INFO - 24/10/26 12:14:04 INFO SparkUI: Stopped Spark web UI at http://84076e7a47fe:4040
[2024-10-26T12:14:04.053+0000] {spark_submit.py:579} INFO - 24/10/26 12:14:04 INFO StandaloneSchedulerBackend: Shutting down all executors
[2024-10-26T12:14:04.054+0000] {spark_submit.py:579} INFO - 24/10/26 12:14:04 INFO StandaloneSchedulerBackend$StandaloneDriverEndpoint: Asking each executor to shut down
[2024-10-26T12:14:04.083+0000] {spark_submit.py:579} INFO - 24/10/26 12:14:04 INFO MapOutputTrackerMasterEndpoint: MapOutputTrackerMasterEndpoint stopped!
[2024-10-26T12:14:04.113+0000] {spark_submit.py:579} INFO - 24/10/26 12:14:04 INFO MemoryStore: MemoryStore cleared
[2024-10-26T12:14:04.113+0000] {spark_submit.py:579} INFO - 24/10/26 12:14:04 INFO BlockManager: BlockManager stopped
[2024-10-26T12:14:04.122+0000] {spark_submit.py:579} INFO - 24/10/26 12:14:04 INFO BlockManagerMaster: BlockManagerMaster stopped
[2024-10-26T12:14:04.128+0000] {spark_submit.py:579} INFO - 24/10/26 12:14:04 INFO OutputCommitCoordinator$OutputCommitCoordinatorEndpoint: OutputCommitCoordinator stopped!
[2024-10-26T12:14:04.217+0000] {spark_submit.py:579} INFO - 24/10/26 12:14:04 INFO SparkContext: Successfully stopped SparkContext
[2024-10-26T12:14:04.993+0000] {spark_submit.py:579} INFO - 2024-10-26 12:14:04,921 INFO: Closing down clientserver connection
[2024-10-26T12:14:05.568+0000] {spark_submit.py:579} INFO - 24/10/26 12:14:05 INFO ShutdownHookManager: Shutdown hook called
[2024-10-26T12:14:05.569+0000] {spark_submit.py:579} INFO - 24/10/26 12:14:05 INFO ShutdownHookManager: Deleting directory /tmp/spark-29cd59ae-3476-44d8-bcf7-cbfb22eec901
[2024-10-26T12:14:05.575+0000] {spark_submit.py:579} INFO - 24/10/26 12:14:05 INFO ShutdownHookManager: Deleting directory /tmp/spark-29cd59ae-3476-44d8-bcf7-cbfb22eec901/pyspark-328089ff-9abe-4e85-82ab-ead1a8af734b
[2024-10-26T12:14:05.580+0000] {spark_submit.py:579} INFO - 24/10/26 12:14:05 INFO ShutdownHookManager: Deleting directory /tmp/spark-5a4056df-6be2-4ac8-a2c8-db3684d6a75a
[2024-10-26T12:14:05.599+0000] {spark_submit.py:579} INFO - 24/10/26 12:14:05 INFO MetricsSystemImpl: Stopping s3a-file-system metrics system...
[2024-10-26T12:14:05.600+0000] {spark_submit.py:579} INFO - 24/10/26 12:14:05 INFO MetricsSystemImpl: s3a-file-system metrics system stopped.
[2024-10-26T12:14:05.600+0000] {spark_submit.py:579} INFO - 24/10/26 12:14:05 INFO MetricsSystemImpl: s3a-file-system metrics system shutdown complete.
[2024-10-26T12:14:05.728+0000] {taskinstance.py:1398} INFO - Marking task as SUCCESS. dag_id=clean_task_movies, task_id=clean_movies, execution_date=20241026T121259, start_date=20241026T121300, end_date=20241026T121405
[2024-10-26T12:14:05.797+0000] {local_task_job_runner.py:228} INFO - Task exited with return code 0
[2024-10-26T12:14:05.827+0000] {taskinstance.py:2776} INFO - 0 downstream tasks scheduled from follow-on schedule check
