[2024-11-02T22:53:02.210+0000] {taskinstance.py:1157} INFO - Dependencies all met for dep_context=non-requeueable deps ti=<TaskInstance: task_credits_clean.credits_cleaned manual__2024-11-02T22:47:49.841708+00:00 [queued]>
[2024-11-02T22:53:02.218+0000] {taskinstance.py:1157} INFO - Dependencies all met for dep_context=requeueable deps ti=<TaskInstance: task_credits_clean.credits_cleaned manual__2024-11-02T22:47:49.841708+00:00 [queued]>
[2024-11-02T22:53:02.219+0000] {taskinstance.py:1359} INFO - Starting attempt 2 of 2
[2024-11-02T22:53:02.231+0000] {taskinstance.py:1380} INFO - Executing <Task(SparkSubmitOperator): credits_cleaned> on 2024-11-02 22:47:49.841708+00:00
[2024-11-02T22:53:02.236+0000] {standard_task_runner.py:57} INFO - Started process 5422 to run task
[2024-11-02T22:53:02.238+0000] {standard_task_runner.py:84} INFO - Running: ['***', 'tasks', 'run', 'task_credits_clean', 'credits_cleaned', 'manual__2024-11-02T22:47:49.841708+00:00', '--job-id', '135', '--raw', '--subdir', 'DAGS_FOLDER/credits_test.py', '--cfg-path', '/tmp/tmpl56ao7kw']
[2024-11-02T22:53:02.241+0000] {standard_task_runner.py:85} INFO - Job 135: Subtask credits_cleaned
[2024-11-02T22:53:02.285+0000] {task_command.py:415} INFO - Running <TaskInstance: task_credits_clean.credits_cleaned manual__2024-11-02T22:47:49.841708+00:00 [running]> on host 536cb63c56e2
[2024-11-02T22:53:02.352+0000] {taskinstance.py:1660} INFO - Exporting env vars: AIRFLOW_CTX_DAG_OWNER='***' AIRFLOW_CTX_DAG_ID='task_credits_clean' AIRFLOW_CTX_TASK_ID='credits_cleaned' AIRFLOW_CTX_EXECUTION_DATE='2024-11-02T22:47:49.841708+00:00' AIRFLOW_CTX_TRY_NUMBER='2' AIRFLOW_CTX_DAG_RUN_ID='manual__2024-11-02T22:47:49.841708+00:00'
[2024-11-02T22:53:02.360+0000] {base.py:73} INFO - Using connection ID 'spark-conn' for task execution.
[2024-11-02T22:53:02.362+0000] {spark_submit.py:403} INFO - Spark-Submit cmd: spark-submit --master spark://master:7077 --conf spark.sql.extensions=io.delta.sql.DeltaSparkSessionExtension --conf spark.sql.catalog.spark_catalog=org.apache.spark.sql.delta.catalog.DeltaCatalog --jars /opt/***/jars/hadoop-aws-3.3.4.jar,/opt/***/jars/s3-2.18.41.jar,/opt/***/jars/aws-java-sdk-1.12.367.jar,/opt/***/jars/delta-core_2.12-2.4.0.jar,/opt/***/jars/delta-storage-2.2.0.jar, --packages org.apache.hadoop:hadoop-aws:3.3.4 --num-executors 2 --total-executor-cores 2 --executor-cores 2 --executor-memory 2g --driver-memory 1g --name arrow-spark --deploy-mode client /opt/***/jobs/python/test_Credit.py s3a://lakehouse/bronze/credits.parquet s3a://lakehouse/sliver/credit
[2024-11-02T22:53:02.444+0000] {spark_submit.py:579} INFO - /home/***/.local/lib/python3.11/site-packages/pyspark/bin/load-spark-env.sh: line 68: ps: command not found
[2024-11-02T22:53:04.019+0000] {spark_submit.py:579} INFO - :: loading settings :: url = jar:file:/home/***/.local/lib/python3.11/site-packages/pyspark/jars/ivy-2.5.1.jar!/org/apache/ivy/core/settings/ivysettings.xml
[2024-11-02T22:53:04.162+0000] {spark_submit.py:579} INFO - Ivy Default Cache set to: /home/***/.ivy2/cache
[2024-11-02T22:53:04.163+0000] {spark_submit.py:579} INFO - The jars for the packages stored in: /home/***/.ivy2/jars
[2024-11-02T22:53:04.169+0000] {spark_submit.py:579} INFO - org.apache.hadoop#hadoop-aws added as a dependency
[2024-11-02T22:53:04.170+0000] {spark_submit.py:579} INFO - :: resolving dependencies :: org.apache.spark#spark-submit-parent-6bb0d225-ca21-400e-a7cc-40db3f8bbe78;1.0
[2024-11-02T22:53:04.171+0000] {spark_submit.py:579} INFO - confs: [default]
[2024-11-02T22:53:04.324+0000] {spark_submit.py:579} INFO - found org.apache.hadoop#hadoop-aws;3.3.4 in central
[2024-11-02T22:53:04.354+0000] {spark_submit.py:579} INFO - found com.amazonaws#aws-java-sdk-bundle;1.12.262 in central
[2024-11-02T22:53:04.383+0000] {spark_submit.py:579} INFO - found org.wildfly.openssl#wildfly-openssl;1.0.7.Final in central
[2024-11-02T22:53:04.412+0000] {spark_submit.py:579} INFO - :: resolution report :: resolve 232ms :: artifacts dl 9ms
[2024-11-02T22:53:04.412+0000] {spark_submit.py:579} INFO - :: modules in use:
[2024-11-02T22:53:04.413+0000] {spark_submit.py:579} INFO - com.amazonaws#aws-java-sdk-bundle;1.12.262 from central in [default]
[2024-11-02T22:53:04.414+0000] {spark_submit.py:579} INFO - org.apache.hadoop#hadoop-aws;3.3.4 from central in [default]
[2024-11-02T22:53:04.414+0000] {spark_submit.py:579} INFO - org.wildfly.openssl#wildfly-openssl;1.0.7.Final from central in [default]
[2024-11-02T22:53:04.415+0000] {spark_submit.py:579} INFO - ---------------------------------------------------------------------
[2024-11-02T22:53:04.416+0000] {spark_submit.py:579} INFO - |                  |            modules            ||   artifacts   |
[2024-11-02T22:53:04.417+0000] {spark_submit.py:579} INFO - |       conf       | number| search|dwnlded|evicted|| number|dwnlded|
[2024-11-02T22:53:04.417+0000] {spark_submit.py:579} INFO - ---------------------------------------------------------------------
[2024-11-02T22:53:04.418+0000] {spark_submit.py:579} INFO - |      default     |   3   |   0   |   0   |   0   ||   3   |   0   |
[2024-11-02T22:53:04.419+0000] {spark_submit.py:579} INFO - ---------------------------------------------------------------------
[2024-11-02T22:53:04.419+0000] {spark_submit.py:579} INFO - :: retrieving :: org.apache.spark#spark-submit-parent-6bb0d225-ca21-400e-a7cc-40db3f8bbe78
[2024-11-02T22:53:04.420+0000] {spark_submit.py:579} INFO - confs: [default]
[2024-11-02T22:53:04.425+0000] {spark_submit.py:579} INFO - 0 artifacts copied, 3 already retrieved (0kB/7ms)
[2024-11-02T22:53:04.649+0000] {spark_submit.py:579} INFO - 24/11/02 22:53:04 WARN NativeCodeLoader: Unable to load native-hadoop library for your platform... using builtin-java classes where applicable
[2024-11-02T22:53:05.744+0000] {spark_submit.py:579} INFO - 2024-11-02 22:53:05,744 INFO: Python version on driver: 3.11.5
[2024-11-02T22:53:05.744+0000] {spark_submit.py:579} INFO - 2024-11-02 22:53:05,744 INFO: Initializing Spark session...
[2024-11-02T22:53:05.911+0000] {spark_submit.py:579} INFO - 24/11/02 22:53:05 INFO SparkContext: Running Spark version 3.4.3
[2024-11-02T22:53:05.941+0000] {spark_submit.py:579} INFO - 24/11/02 22:53:05 INFO ResourceUtils: ==============================================================
[2024-11-02T22:53:05.942+0000] {spark_submit.py:579} INFO - 24/11/02 22:53:05 INFO ResourceUtils: No custom resources configured for spark.driver.
[2024-11-02T22:53:05.942+0000] {spark_submit.py:579} INFO - 24/11/02 22:53:05 INFO ResourceUtils: ==============================================================
[2024-11-02T22:53:05.942+0000] {spark_submit.py:579} INFO - 24/11/02 22:53:05 INFO SparkContext: Submitted application: CleanCredits
[2024-11-02T22:53:05.968+0000] {spark_submit.py:579} INFO - 24/11/02 22:53:05 INFO ResourceProfile: Default ResourceProfile created, executor resources: Map(cores -> name: cores, amount: 2, script: , vendor: , memory -> name: memory, amount: 2048, script: , vendor: , offHeap -> name: offHeap, amount: 0, script: , vendor: ), task resources: Map(cpus -> name: cpus, amount: 1.0)
[2024-11-02T22:53:05.984+0000] {spark_submit.py:579} INFO - 24/11/02 22:53:05 INFO ResourceProfile: Limiting resource is cpus at 2 tasks per executor
[2024-11-02T22:53:05.987+0000] {spark_submit.py:579} INFO - 24/11/02 22:53:05 INFO ResourceProfileManager: Added ResourceProfile id: 0
[2024-11-02T22:53:06.078+0000] {spark_submit.py:579} INFO - 24/11/02 22:53:06 INFO SecurityManager: Changing view acls to: ***
[2024-11-02T22:53:06.079+0000] {spark_submit.py:579} INFO - 24/11/02 22:53:06 INFO SecurityManager: Changing modify acls to: ***
[2024-11-02T22:53:06.079+0000] {spark_submit.py:579} INFO - 24/11/02 22:53:06 INFO SecurityManager: Changing view acls groups to:
[2024-11-02T22:53:06.080+0000] {spark_submit.py:579} INFO - 24/11/02 22:53:06 INFO SecurityManager: Changing modify acls groups to:
[2024-11-02T22:53:06.081+0000] {spark_submit.py:579} INFO - 24/11/02 22:53:06 INFO SecurityManager: SecurityManager: authentication disabled; ui acls disabled; users with view permissions: ***; groups with view permissions: EMPTY; users with modify permissions: ***; groups with modify permissions: EMPTY
[2024-11-02T22:53:06.332+0000] {spark_submit.py:579} INFO - 24/11/02 22:53:06 INFO Utils: Successfully started service 'sparkDriver' on port 42561.
[2024-11-02T22:53:06.359+0000] {spark_submit.py:579} INFO - 24/11/02 22:53:06 INFO SparkEnv: Registering MapOutputTracker
[2024-11-02T22:53:06.392+0000] {spark_submit.py:579} INFO - 24/11/02 22:53:06 INFO SparkEnv: Registering BlockManagerMaster
[2024-11-02T22:53:06.410+0000] {spark_submit.py:579} INFO - 24/11/02 22:53:06 INFO BlockManagerMasterEndpoint: Using org.apache.spark.storage.DefaultTopologyMapper for getting topology information
[2024-11-02T22:53:06.411+0000] {spark_submit.py:579} INFO - 24/11/02 22:53:06 INFO BlockManagerMasterEndpoint: BlockManagerMasterEndpoint up
[2024-11-02T22:53:06.416+0000] {spark_submit.py:579} INFO - 24/11/02 22:53:06 INFO SparkEnv: Registering BlockManagerMasterHeartbeat
[2024-11-02T22:53:06.435+0000] {spark_submit.py:579} INFO - 24/11/02 22:53:06 INFO DiskBlockManager: Created local directory at /tmp/blockmgr-5ee23c22-376d-463d-b9f7-c81000119af6
[2024-11-02T22:53:06.450+0000] {spark_submit.py:579} INFO - 24/11/02 22:53:06 INFO MemoryStore: MemoryStore started with capacity 434.4 MiB
[2024-11-02T22:53:06.468+0000] {spark_submit.py:579} INFO - 24/11/02 22:53:06 INFO SparkEnv: Registering OutputCommitCoordinator
[2024-11-02T22:53:06.604+0000] {spark_submit.py:579} INFO - 24/11/02 22:53:06 INFO JettyUtils: Start Jetty 0.0.0.0:4040 for SparkUI
[2024-11-02T22:53:06.682+0000] {spark_submit.py:579} INFO - 24/11/02 22:53:06 INFO Utils: Successfully started service 'SparkUI' on port 4040.
[2024-11-02T22:53:06.728+0000] {spark_submit.py:579} INFO - 24/11/02 22:53:06 INFO SparkContext: Added JAR file:///opt/***/jars/hadoop-aws-3.3.4.jar at spark://536cb63c56e2:42561/jars/hadoop-aws-3.3.4.jar with timestamp 1730587985902
[2024-11-02T22:53:06.730+0000] {spark_submit.py:579} INFO - 24/11/02 22:53:06 INFO SparkContext: Added JAR file:///opt/***/jars/s3-2.18.41.jar at spark://536cb63c56e2:42561/jars/s3-2.18.41.jar with timestamp 1730587985902
[2024-11-02T22:53:06.731+0000] {spark_submit.py:579} INFO - 24/11/02 22:53:06 INFO SparkContext: Added JAR file:///opt/***/jars/aws-java-sdk-1.12.367.jar at spark://536cb63c56e2:42561/jars/aws-java-sdk-1.12.367.jar with timestamp 1730587985902
[2024-11-02T22:53:06.732+0000] {spark_submit.py:579} INFO - 24/11/02 22:53:06 INFO SparkContext: Added JAR file:///opt/***/jars/delta-core_2.12-2.4.0.jar at spark://536cb63c56e2:42561/jars/delta-core_2.12-2.4.0.jar with timestamp 1730587985902
[2024-11-02T22:53:06.734+0000] {spark_submit.py:579} INFO - 24/11/02 22:53:06 INFO SparkContext: Added JAR file:///opt/***/jars/delta-storage-2.2.0.jar at spark://536cb63c56e2:42561/jars/delta-storage-2.2.0.jar with timestamp 1730587985902
[2024-11-02T22:53:06.734+0000] {spark_submit.py:579} INFO - 24/11/02 22:53:06 INFO SparkContext: Added JAR file:///home/***/.ivy2/jars/org.apache.hadoop_hadoop-aws-3.3.4.jar at spark://536cb63c56e2:42561/jars/org.apache.hadoop_hadoop-aws-3.3.4.jar with timestamp 1730587985902
[2024-11-02T22:53:06.735+0000] {spark_submit.py:579} INFO - 24/11/02 22:53:06 INFO SparkContext: Added JAR file:///home/***/.ivy2/jars/com.amazonaws_aws-java-sdk-bundle-1.12.262.jar at spark://536cb63c56e2:42561/jars/com.amazonaws_aws-java-sdk-bundle-1.12.262.jar with timestamp 1730587985902
[2024-11-02T22:53:06.736+0000] {spark_submit.py:579} INFO - 24/11/02 22:53:06 INFO SparkContext: Added JAR file:///home/***/.ivy2/jars/org.wildfly.openssl_wildfly-openssl-1.0.7.Final.jar at spark://536cb63c56e2:42561/jars/org.wildfly.openssl_wildfly-openssl-1.0.7.Final.jar with timestamp 1730587985902
[2024-11-02T22:53:06.738+0000] {spark_submit.py:579} INFO - 24/11/02 22:53:06 INFO SparkContext: Added file file:///home/***/.ivy2/jars/org.apache.hadoop_hadoop-aws-3.3.4.jar at spark://536cb63c56e2:42561/files/org.apache.hadoop_hadoop-aws-3.3.4.jar with timestamp 1730587985902
[2024-11-02T22:53:06.740+0000] {spark_submit.py:579} INFO - 24/11/02 22:53:06 INFO Utils: Copying /home/***/.ivy2/jars/org.apache.hadoop_hadoop-aws-3.3.4.jar to /tmp/spark-dfd4f183-cdb5-4ede-87d6-aa94bc6b3f91/userFiles-3de56632-44ed-4e3e-98ac-1045798c8dc7/org.apache.hadoop_hadoop-aws-3.3.4.jar
[2024-11-02T22:53:06.753+0000] {spark_submit.py:579} INFO - 24/11/02 22:53:06 INFO SparkContext: Added file file:///home/***/.ivy2/jars/com.amazonaws_aws-java-sdk-bundle-1.12.262.jar at spark://536cb63c56e2:42561/files/com.amazonaws_aws-java-sdk-bundle-1.12.262.jar with timestamp 1730587985902
[2024-11-02T22:53:06.754+0000] {spark_submit.py:579} INFO - 24/11/02 22:53:06 INFO Utils: Copying /home/***/.ivy2/jars/com.amazonaws_aws-java-sdk-bundle-1.12.262.jar to /tmp/spark-dfd4f183-cdb5-4ede-87d6-aa94bc6b3f91/userFiles-3de56632-44ed-4e3e-98ac-1045798c8dc7/com.amazonaws_aws-java-sdk-bundle-1.12.262.jar
[2024-11-02T22:53:07.103+0000] {spark_submit.py:579} INFO - 24/11/02 22:53:07 INFO SparkContext: Added file file:///home/***/.ivy2/jars/org.wildfly.openssl_wildfly-openssl-1.0.7.Final.jar at spark://536cb63c56e2:42561/files/org.wildfly.openssl_wildfly-openssl-1.0.7.Final.jar with timestamp 1730587985902
[2024-11-02T22:53:07.103+0000] {spark_submit.py:579} INFO - 24/11/02 22:53:07 INFO Utils: Copying /home/***/.ivy2/jars/org.wildfly.openssl_wildfly-openssl-1.0.7.Final.jar to /tmp/spark-dfd4f183-cdb5-4ede-87d6-aa94bc6b3f91/userFiles-3de56632-44ed-4e3e-98ac-1045798c8dc7/org.wildfly.openssl_wildfly-openssl-1.0.7.Final.jar
[2024-11-02T22:53:07.189+0000] {spark_submit.py:579} INFO - 24/11/02 22:53:07 INFO StandaloneAppClient$ClientEndpoint: Connecting to master spark://spark-master:7077...
[2024-11-02T22:53:07.234+0000] {spark_submit.py:579} INFO - 24/11/02 22:53:07 INFO TransportClientFactory: Successfully created connection to spark-master/172.19.0.2:7077 after 27 ms (0 ms spent in bootstraps)
[2024-11-02T22:53:07.318+0000] {spark_submit.py:579} INFO - 24/11/02 22:53:07 INFO StandaloneSchedulerBackend: Connected to Spark cluster with app ID app-20241102225307-0008
[2024-11-02T22:53:07.321+0000] {spark_submit.py:579} INFO - 24/11/02 22:53:07 INFO StandaloneAppClient$ClientEndpoint: Executor added: app-20241102225307-0008/0 on worker-20241102222037-172.19.0.5-41703 (172.19.0.5:41703) with 2 core(s)
[2024-11-02T22:53:07.324+0000] {spark_submit.py:579} INFO - 24/11/02 22:53:07 INFO StandaloneSchedulerBackend: Granted executor ID app-20241102225307-0008/0 on hostPort 172.19.0.5:41703 with 2 core(s), 2.0 GiB RAM
[2024-11-02T22:53:07.329+0000] {spark_submit.py:579} INFO - 24/11/02 22:53:07 INFO Utils: Successfully started service 'org.apache.spark.network.netty.NettyBlockTransferService' on port 34187.
[2024-11-02T22:53:07.330+0000] {spark_submit.py:579} INFO - 24/11/02 22:53:07 INFO NettyBlockTransferService: Server created on 536cb63c56e2:34187
[2024-11-02T22:53:07.332+0000] {spark_submit.py:579} INFO - 24/11/02 22:53:07 INFO BlockManager: Using org.apache.spark.storage.RandomBlockReplicationPolicy for block replication policy
[2024-11-02T22:53:07.337+0000] {spark_submit.py:579} INFO - 24/11/02 22:53:07 INFO BlockManagerMaster: Registering BlockManager BlockManagerId(driver, 536cb63c56e2, 34187, None)
[2024-11-02T22:53:07.342+0000] {spark_submit.py:579} INFO - 24/11/02 22:53:07 INFO BlockManagerMasterEndpoint: Registering block manager 536cb63c56e2:34187 with 434.4 MiB RAM, BlockManagerId(driver, 536cb63c56e2, 34187, None)
[2024-11-02T22:53:07.345+0000] {spark_submit.py:579} INFO - 24/11/02 22:53:07 INFO BlockManagerMaster: Registered BlockManager BlockManagerId(driver, 536cb63c56e2, 34187, None)
[2024-11-02T22:53:07.347+0000] {spark_submit.py:579} INFO - 24/11/02 22:53:07 INFO BlockManager: Initialized BlockManager: BlockManagerId(driver, 536cb63c56e2, 34187, None)
[2024-11-02T22:53:07.375+0000] {spark_submit.py:579} INFO - 24/11/02 22:53:07 INFO StandaloneAppClient$ClientEndpoint: Executor updated: app-20241102225307-0008/0 is now RUNNING
[2024-11-02T22:53:07.555+0000] {spark_submit.py:579} INFO - 24/11/02 22:53:07 INFO StandaloneSchedulerBackend: SchedulerBackend is ready for scheduling beginning after reached minRegisteredResourcesRatio: 0.0
[2024-11-02T22:53:07.861+0000] {spark_submit.py:579} INFO - 2024-11-02 22:53:07,861 INFO: Spark session initialized successfully.
[2024-11-02T22:53:07.920+0000] {spark_submit.py:579} INFO - 24/11/02 22:53:07 INFO SharedState: Setting hive.metastore.warehouse.dir ('null') to the value of spark.sql.warehouse.dir.
[2024-11-02T22:53:08.147+0000] {spark_submit.py:579} INFO - 24/11/02 22:53:08 WARN MetricsConfig: Cannot locate configuration: tried hadoop-metrics2-s3a-file-system.properties,hadoop-metrics2.properties
[2024-11-02T22:53:08.166+0000] {spark_submit.py:579} INFO - 24/11/02 22:53:08 INFO MetricsSystemImpl: Scheduled Metric snapshot period at 10 second(s).
[2024-11-02T22:53:08.167+0000] {spark_submit.py:579} INFO - 24/11/02 22:53:08 INFO MetricsSystemImpl: s3a-file-system metrics system started
[2024-11-02T22:53:09.361+0000] {spark_submit.py:579} INFO - 24/11/02 22:53:09 INFO SharedState: Warehouse path is 's3a://lakehouse/'.
[2024-11-02T22:53:09.945+0000] {spark_submit.py:579} INFO - 24/11/02 22:53:09 INFO StandaloneSchedulerBackend$StandaloneDriverEndpoint: Registered executor NettyRpcEndpointRef(spark-client://Executor) (172.19.0.5:55422) with ID 0,  ResourceProfileId 0
[2024-11-02T22:53:10.024+0000] {spark_submit.py:579} INFO - 24/11/02 22:53:10 INFO BlockManagerMasterEndpoint: Registering block manager 172.19.0.5:40423 with 1048.8 MiB RAM, BlockManagerId(0, 172.19.0.5, 40423, None)
[2024-11-02T22:53:10.359+0000] {spark_submit.py:579} INFO - 2024-11-02 22:53:10,358 ERROR: Error during cleaning process: Wrong FS: s3a://lakehouse/bronze/credits.parquet, expected: file:///
[2024-11-02T22:53:10.367+0000] {spark_submit.py:579} INFO - 2024-11-02 22:53:10,367 ERROR: Traceback (most recent call last):
[2024-11-02T22:53:10.367+0000] {spark_submit.py:579} INFO - File "/opt/***/jobs/python/test_Credit.py", line 51, in clean_credits
[2024-11-02T22:53:10.368+0000] {spark_submit.py:579} INFO - if not spark._jvm.org.apache.hadoop.fs.FileSystem.get(spark._jsc.hadoopConfiguration()).exists(spark._jvm.org.apache.hadoop.fs.Path(input_path)):
[2024-11-02T22:53:10.368+0000] {spark_submit.py:579} INFO - ^^^^^^^^^^^^^^^^^^^^^^^^^^^^^^^^^^^^^^^^^^^^^^^^^^^^^^^^^^^^^^^^^^^^^^^^^^^^^^^^^^^^^^^^^^^^^^^^^^^^^^^^^^^^^^^^^^^^^^^^^^^^^^^^^^^^^^^^^
[2024-11-02T22:53:10.368+0000] {spark_submit.py:579} INFO - File "/home/***/.local/lib/python3.11/site-packages/pyspark/python/lib/py4j-0.10.9.7-src.zip/py4j/java_gateway.py", line 1322, in __call__
[2024-11-02T22:53:10.369+0000] {spark_submit.py:579} INFO - return_value = get_return_value(
[2024-11-02T22:53:10.369+0000] {spark_submit.py:579} INFO - ^^^^^^^^^^^^^^^^^
[2024-11-02T22:53:10.369+0000] {spark_submit.py:579} INFO - File "/home/***/.local/lib/python3.11/site-packages/pyspark/python/lib/pyspark.zip/pyspark/errors/exceptions/captured.py", line 175, in deco
[2024-11-02T22:53:10.370+0000] {spark_submit.py:579} INFO - raise converted from None
[2024-11-02T22:53:10.370+0000] {spark_submit.py:579} INFO - pyspark.errors.exceptions.captured.IllegalArgumentException: Wrong FS: s3a://lakehouse/bronze/credits.parquet, expected: file:///
[2024-11-02T22:53:10.370+0000] {spark_submit.py:579} INFO - 
[2024-11-02T22:53:10.371+0000] {spark_submit.py:579} INFO - 24/11/02 22:53:10 INFO SparkContext: SparkContext is stopping with exitCode 0.
[2024-11-02T22:53:10.383+0000] {spark_submit.py:579} INFO - 24/11/02 22:53:10 INFO SparkUI: Stopped Spark web UI at http://536cb63c56e2:4040
[2024-11-02T22:53:10.391+0000] {spark_submit.py:579} INFO - 24/11/02 22:53:10 INFO StandaloneSchedulerBackend: Shutting down all executors
[2024-11-02T22:53:10.392+0000] {spark_submit.py:579} INFO - 24/11/02 22:53:10 INFO StandaloneSchedulerBackend$StandaloneDriverEndpoint: Asking each executor to shut down
[2024-11-02T22:53:10.418+0000] {spark_submit.py:579} INFO - 24/11/02 22:53:10 INFO MapOutputTrackerMasterEndpoint: MapOutputTrackerMasterEndpoint stopped!
[2024-11-02T22:53:10.435+0000] {spark_submit.py:579} INFO - 24/11/02 22:53:10 INFO MemoryStore: MemoryStore cleared
[2024-11-02T22:53:10.436+0000] {spark_submit.py:579} INFO - 24/11/02 22:53:10 INFO BlockManager: BlockManager stopped
[2024-11-02T22:53:10.449+0000] {spark_submit.py:579} INFO - 24/11/02 22:53:10 INFO BlockManagerMaster: BlockManagerMaster stopped
[2024-11-02T22:53:10.453+0000] {spark_submit.py:579} INFO - 24/11/02 22:53:10 INFO OutputCommitCoordinator$OutputCommitCoordinatorEndpoint: OutputCommitCoordinator stopped!
[2024-11-02T22:53:10.467+0000] {spark_submit.py:579} INFO - 24/11/02 22:53:10 ERROR TransportRequestHandler: Error sending result StreamResponse[streamId=/files/com.amazonaws_aws-java-sdk-bundle-1.12.262.jar,byteCount=280645251,body=FileSegmentManagedBuffer[file=/home/***/.ivy2/jars/com.amazonaws_aws-java-sdk-bundle-1.12.262.jar,offset=0,length=280645251]] to /172.19.0.5:55432; closing connection
[2024-11-02T22:53:10.468+0000] {spark_submit.py:579} INFO - io.netty.channel.StacklessClosedChannelException
[2024-11-02T22:53:10.468+0000] {spark_submit.py:579} INFO - at io.netty.channel.AbstractChannel.close(ChannelPromise)(Unknown Source)
[2024-11-02T22:53:10.531+0000] {spark_submit.py:579} INFO - 24/11/02 22:53:10 INFO SparkContext: Successfully stopped SparkContext
[2024-11-02T22:53:10.591+0000] {spark_submit.py:579} INFO - 2024-11-02 22:53:10,590 INFO: Closing down clientserver connection
[2024-11-02T22:53:10.646+0000] {spark_submit.py:579} INFO - 24/11/02 22:53:10 INFO ShutdownHookManager: Shutdown hook called
[2024-11-02T22:53:10.646+0000] {spark_submit.py:579} INFO - 24/11/02 22:53:10 INFO ShutdownHookManager: Deleting directory /tmp/spark-10608c55-49e7-407a-8020-6296063e03be
[2024-11-02T22:53:10.650+0000] {spark_submit.py:579} INFO - 24/11/02 22:53:10 INFO ShutdownHookManager: Deleting directory /tmp/spark-dfd4f183-cdb5-4ede-87d6-aa94bc6b3f91/pyspark-0ce0c6d2-aff2-4d1d-97ad-47be74d55fc1
[2024-11-02T22:53:10.655+0000] {spark_submit.py:579} INFO - 24/11/02 22:53:10 INFO ShutdownHookManager: Deleting directory /tmp/spark-dfd4f183-cdb5-4ede-87d6-aa94bc6b3f91
[2024-11-02T22:53:10.662+0000] {spark_submit.py:579} INFO - 24/11/02 22:53:10 INFO MetricsSystemImpl: Stopping s3a-file-system metrics system...
[2024-11-02T22:53:10.662+0000] {spark_submit.py:579} INFO - 24/11/02 22:53:10 INFO MetricsSystemImpl: s3a-file-system metrics system stopped.
[2024-11-02T22:53:10.663+0000] {spark_submit.py:579} INFO - 24/11/02 22:53:10 INFO MetricsSystemImpl: s3a-file-system metrics system shutdown complete.
[2024-11-02T22:53:10.709+0000] {taskinstance.py:1935} ERROR - Task failed with exception
Traceback (most recent call last):
  File "/home/airflow/.local/lib/python3.11/site-packages/airflow/providers/apache/spark/operators/spark_submit.py", line 174, in execute
    self._hook.submit(self.application)
  File "/home/airflow/.local/lib/python3.11/site-packages/airflow/providers/apache/spark/hooks/spark_submit.py", line 505, in submit
    raise AirflowException(
airflow.exceptions.AirflowException: Cannot execute: spark-submit --master spark://master:7077 --conf spark.sql.extensions=io.delta.sql.DeltaSparkSessionExtension --conf spark.sql.catalog.spark_catalog=org.apache.spark.sql.delta.catalog.DeltaCatalog --jars /opt/***/jars/hadoop-aws-3.3.4.jar,/opt/***/jars/s3-2.18.41.jar,/opt/***/jars/aws-java-sdk-1.12.367.jar,/opt/***/jars/delta-core_2.12-2.4.0.jar,/opt/***/jars/delta-storage-2.2.0.jar, --packages org.apache.hadoop:hadoop-aws:3.3.4 --num-executors 2 --total-executor-cores 2 --executor-cores 2 --executor-memory 2g --driver-memory 1g --name arrow-spark --deploy-mode client /opt/***/jobs/python/test_Credit.py s3a://lakehouse/bronze/credits.parquet s3a://lakehouse/sliver/credit. Error code is: 1.
[2024-11-02T22:53:10.713+0000] {taskinstance.py:1398} INFO - Marking task as FAILED. dag_id=task_credits_clean, task_id=credits_cleaned, execution_date=20241102T224749, start_date=20241102T225302, end_date=20241102T225310
[2024-11-02T22:53:10.713+0000] {credits_test.py:15} ERROR - Task task_credits_clean__credits_cleaned__20241102 failed.
[2024-11-02T22:53:10.724+0000] {standard_task_runner.py:104} ERROR - Failed to execute job 135 for task credits_cleaned (Cannot execute: spark-submit --master spark://master:7077 --conf spark.sql.extensions=io.delta.sql.DeltaSparkSessionExtension --conf spark.sql.catalog.spark_catalog=org.apache.spark.sql.delta.catalog.DeltaCatalog --jars /opt/***/jars/hadoop-aws-3.3.4.jar,/opt/***/jars/s3-2.18.41.jar,/opt/***/jars/aws-java-sdk-1.12.367.jar,/opt/***/jars/delta-core_2.12-2.4.0.jar,/opt/***/jars/delta-storage-2.2.0.jar, --packages org.apache.hadoop:hadoop-aws:3.3.4 --num-executors 2 --total-executor-cores 2 --executor-cores 2 --executor-memory 2g --driver-memory 1g --name arrow-spark --deploy-mode client /opt/***/jobs/python/test_Credit.py s3a://lakehouse/bronze/credits.parquet s3a://lakehouse/sliver/credit. Error code is: 1.; 5422)
[2024-11-02T22:53:10.753+0000] {local_task_job_runner.py:228} INFO - Task exited with return code 1
[2024-11-02T22:53:10.767+0000] {taskinstance.py:2776} INFO - 0 downstream tasks scheduled from follow-on schedule check
