[2024-11-02T08:17:47.203+0000] {taskinstance.py:1157} INFO - Dependencies all met for dep_context=non-requeueable deps ti=<TaskInstance: task_credits_clean.credits_cleaned scheduled__2024-11-01T00:00:00+00:00 [queued]>
[2024-11-02T08:17:47.212+0000] {taskinstance.py:1157} INFO - Dependencies all met for dep_context=requeueable deps ti=<TaskInstance: task_credits_clean.credits_cleaned scheduled__2024-11-01T00:00:00+00:00 [queued]>
[2024-11-02T08:17:47.212+0000] {taskinstance.py:1359} INFO - Starting attempt 1 of 2
[2024-11-02T08:17:47.226+0000] {taskinstance.py:1380} INFO - Executing <Task(SparkSubmitOperator): credits_cleaned> on 2024-11-01 00:00:00+00:00
[2024-11-02T08:17:47.232+0000] {standard_task_runner.py:57} INFO - Started process 6211 to run task
[2024-11-02T08:17:47.235+0000] {standard_task_runner.py:84} INFO - Running: ['***', 'tasks', 'run', 'task_credits_clean', 'credits_cleaned', 'scheduled__2024-11-01T00:00:00+00:00', '--job-id', '80', '--raw', '--subdir', 'DAGS_FOLDER/credits_test.py', '--cfg-path', '/tmp/tmp67bnot9b']
[2024-11-02T08:17:47.238+0000] {standard_task_runner.py:85} INFO - Job 80: Subtask credits_cleaned
[2024-11-02T08:17:47.289+0000] {task_command.py:415} INFO - Running <TaskInstance: task_credits_clean.credits_cleaned scheduled__2024-11-01T00:00:00+00:00 [running]> on host ee9b80364a9a
[2024-11-02T08:17:47.365+0000] {taskinstance.py:1660} INFO - Exporting env vars: AIRFLOW_CTX_DAG_OWNER='***' AIRFLOW_CTX_DAG_ID='task_credits_clean' AIRFLOW_CTX_TASK_ID='credits_cleaned' AIRFLOW_CTX_EXECUTION_DATE='2024-11-01T00:00:00+00:00' AIRFLOW_CTX_TRY_NUMBER='1' AIRFLOW_CTX_DAG_RUN_ID='scheduled__2024-11-01T00:00:00+00:00'
[2024-11-02T08:17:47.375+0000] {base.py:73} INFO - Using connection ID 'spark-conn' for task execution.
[2024-11-02T08:17:47.377+0000] {spark_submit.py:403} INFO - Spark-Submit cmd: spark-submit --master spark://master:7077 --conf spark.sql.extensions=io.delta.sql.DeltaSparkSessionExtension --conf spark.sql.catalog.spark_catalog=org.apache.spark.sql.delta.catalog.DeltaCatalog --jars /opt/***/jars/hadoop-aws-3.3.4.jar,/opt/***/jars/s3-2.18.41.jar,/opt/***/jars/aws-java-sdk-1.12.367.jar,/opt/***/jars/delta-core_2.12-2.4.0.jar,/opt/***/jars/delta-storage-2.2.0.jar, --packages org.apache.hadoop:hadoop-aws:3.3.4 --num-executors 2 --total-executor-cores 2 --executor-cores 2 --executor-memory 2g --driver-memory 1g --name arrow-spark --deploy-mode client /opt/***/jobs/python/test_Credit.py s3a://lakehouse/bronze/credits.parquet s3a://lakehouse/sliver/credit
[2024-11-02T08:17:47.533+0000] {spark_submit.py:579} INFO - /home/***/.local/lib/python3.11/site-packages/pyspark/bin/load-spark-env.sh: line 68: ps: command not found
[2024-11-02T08:17:50.501+0000] {spark_submit.py:579} INFO - :: loading settings :: url = jar:file:/home/***/.local/lib/python3.11/site-packages/pyspark/jars/ivy-2.5.1.jar!/org/apache/ivy/core/settings/ivysettings.xml
[2024-11-02T08:17:50.716+0000] {spark_submit.py:579} INFO - Ivy Default Cache set to: /home/***/.ivy2/cache
[2024-11-02T08:17:50.717+0000] {spark_submit.py:579} INFO - The jars for the packages stored in: /home/***/.ivy2/jars
[2024-11-02T08:17:50.727+0000] {spark_submit.py:579} INFO - org.apache.hadoop#hadoop-aws added as a dependency
[2024-11-02T08:17:50.729+0000] {spark_submit.py:579} INFO - :: resolving dependencies :: org.apache.spark#spark-submit-parent-393ba367-0378-44b2-be84-b8fad234c84d;1.0
[2024-11-02T08:17:50.729+0000] {spark_submit.py:579} INFO - confs: [default]
[2024-11-02T08:17:50.997+0000] {spark_submit.py:579} INFO - found org.apache.hadoop#hadoop-aws;3.3.4 in spark-list
[2024-11-02T08:17:51.051+0000] {spark_submit.py:579} INFO - found com.amazonaws#aws-java-sdk-bundle;1.12.262 in central
[2024-11-02T08:17:51.109+0000] {spark_submit.py:579} INFO - found org.wildfly.openssl#wildfly-openssl;1.0.7.Final in spark-list
[2024-11-02T08:17:51.148+0000] {spark_submit.py:579} INFO - :: resolution report :: resolve 404ms :: artifacts dl 14ms
[2024-11-02T08:17:51.149+0000] {spark_submit.py:579} INFO - :: modules in use:
[2024-11-02T08:17:51.150+0000] {spark_submit.py:579} INFO - com.amazonaws#aws-java-sdk-bundle;1.12.262 from central in [default]
[2024-11-02T08:17:51.151+0000] {spark_submit.py:579} INFO - org.apache.hadoop#hadoop-aws;3.3.4 from spark-list in [default]
[2024-11-02T08:17:51.152+0000] {spark_submit.py:579} INFO - org.wildfly.openssl#wildfly-openssl;1.0.7.Final from spark-list in [default]
[2024-11-02T08:17:51.153+0000] {spark_submit.py:579} INFO - ---------------------------------------------------------------------
[2024-11-02T08:17:51.154+0000] {spark_submit.py:579} INFO - |                  |            modules            ||   artifacts   |
[2024-11-02T08:17:51.155+0000] {spark_submit.py:579} INFO - |       conf       | number| search|dwnlded|evicted|| number|dwnlded|
[2024-11-02T08:17:51.156+0000] {spark_submit.py:579} INFO - ---------------------------------------------------------------------
[2024-11-02T08:17:51.157+0000] {spark_submit.py:579} INFO - |      default     |   3   |   0   |   0   |   0   ||   3   |   0   |
[2024-11-02T08:17:51.158+0000] {spark_submit.py:579} INFO - ---------------------------------------------------------------------
[2024-11-02T08:17:51.159+0000] {spark_submit.py:579} INFO - :: retrieving :: org.apache.spark#spark-submit-parent-393ba367-0378-44b2-be84-b8fad234c84d
[2024-11-02T08:17:51.160+0000] {spark_submit.py:579} INFO - confs: [default]
[2024-11-02T08:17:51.173+0000] {spark_submit.py:579} INFO - 0 artifacts copied, 3 already retrieved (0kB/14ms)
[2024-11-02T08:17:51.634+0000] {spark_submit.py:579} INFO - 24/11/02 08:17:51 WARN NativeCodeLoader: Unable to load native-hadoop library for your platform... using builtin-java classes where applicable
[2024-11-02T08:17:53.206+0000] {spark_submit.py:579} INFO - 2024-11-02 08:17:53,205 INFO: Python version on driver: 3.11.5
[2024-11-02T08:17:53.206+0000] {spark_submit.py:579} INFO - 2024-11-02 08:17:53,205 INFO: Initializing Spark session...
[2024-11-02T08:17:53.405+0000] {spark_submit.py:579} INFO - 24/11/02 08:17:53 INFO SparkContext: Running Spark version 3.4.3
[2024-11-02T08:17:53.435+0000] {spark_submit.py:579} INFO - 24/11/02 08:17:53 INFO ResourceUtils: ==============================================================
[2024-11-02T08:17:53.436+0000] {spark_submit.py:579} INFO - 24/11/02 08:17:53 INFO ResourceUtils: No custom resources configured for spark.driver.
[2024-11-02T08:17:53.436+0000] {spark_submit.py:579} INFO - 24/11/02 08:17:53 INFO ResourceUtils: ==============================================================
[2024-11-02T08:17:53.437+0000] {spark_submit.py:579} INFO - 24/11/02 08:17:53 INFO SparkContext: Submitted application: CleanCredits
[2024-11-02T08:17:53.465+0000] {spark_submit.py:579} INFO - 24/11/02 08:17:53 INFO ResourceProfile: Default ResourceProfile created, executor resources: Map(cores -> name: cores, amount: 2, script: , vendor: , memory -> name: memory, amount: 2048, script: , vendor: , offHeap -> name: offHeap, amount: 0, script: , vendor: ), task resources: Map(cpus -> name: cpus, amount: 1.0)
[2024-11-02T08:17:53.480+0000] {spark_submit.py:579} INFO - 24/11/02 08:17:53 INFO ResourceProfile: Limiting resource is cpus at 2 tasks per executor
[2024-11-02T08:17:53.483+0000] {spark_submit.py:579} INFO - 24/11/02 08:17:53 INFO ResourceProfileManager: Added ResourceProfile id: 0
[2024-11-02T08:17:53.567+0000] {spark_submit.py:579} INFO - 24/11/02 08:17:53 INFO SecurityManager: Changing view acls to: ***
[2024-11-02T08:17:53.568+0000] {spark_submit.py:579} INFO - 24/11/02 08:17:53 INFO SecurityManager: Changing modify acls to: ***
[2024-11-02T08:17:53.569+0000] {spark_submit.py:579} INFO - 24/11/02 08:17:53 INFO SecurityManager: Changing view acls groups to:
[2024-11-02T08:17:53.570+0000] {spark_submit.py:579} INFO - 24/11/02 08:17:53 INFO SecurityManager: Changing modify acls groups to:
[2024-11-02T08:17:53.570+0000] {spark_submit.py:579} INFO - 24/11/02 08:17:53 INFO SecurityManager: SecurityManager: authentication disabled; ui acls disabled; users with view permissions: ***; groups with view permissions: EMPTY; users with modify permissions: ***; groups with modify permissions: EMPTY
[2024-11-02T08:17:53.918+0000] {spark_submit.py:579} INFO - 24/11/02 08:17:53 INFO Utils: Successfully started service 'sparkDriver' on port 41551.
[2024-11-02T08:17:53.966+0000] {spark_submit.py:579} INFO - 24/11/02 08:17:53 INFO SparkEnv: Registering MapOutputTracker
[2024-11-02T08:17:54.016+0000] {spark_submit.py:579} INFO - 24/11/02 08:17:54 INFO SparkEnv: Registering BlockManagerMaster
[2024-11-02T08:17:54.039+0000] {spark_submit.py:579} INFO - 24/11/02 08:17:54 INFO BlockManagerMasterEndpoint: Using org.apache.spark.storage.DefaultTopologyMapper for getting topology information
[2024-11-02T08:17:54.040+0000] {spark_submit.py:579} INFO - 24/11/02 08:17:54 INFO BlockManagerMasterEndpoint: BlockManagerMasterEndpoint up
[2024-11-02T08:17:54.046+0000] {spark_submit.py:579} INFO - 24/11/02 08:17:54 INFO SparkEnv: Registering BlockManagerMasterHeartbeat
[2024-11-02T08:17:54.083+0000] {spark_submit.py:579} INFO - 24/11/02 08:17:54 INFO DiskBlockManager: Created local directory at /tmp/blockmgr-f1726bd0-f498-43bf-949a-aa2582c1f12f
[2024-11-02T08:17:54.103+0000] {spark_submit.py:579} INFO - 24/11/02 08:17:54 INFO MemoryStore: MemoryStore started with capacity 434.4 MiB
[2024-11-02T08:17:54.125+0000] {spark_submit.py:579} INFO - 24/11/02 08:17:54 INFO SparkEnv: Registering OutputCommitCoordinator
[2024-11-02T08:17:54.334+0000] {spark_submit.py:579} INFO - 24/11/02 08:17:54 INFO JettyUtils: Start Jetty 0.0.0.0:4040 for SparkUI
[2024-11-02T08:17:54.401+0000] {spark_submit.py:579} INFO - 24/11/02 08:17:54 WARN Utils: Service 'SparkUI' could not bind on port 4040. Attempting port 4041.
[2024-11-02T08:17:54.416+0000] {spark_submit.py:579} INFO - 24/11/02 08:17:54 INFO Utils: Successfully started service 'SparkUI' on port 4041.
[2024-11-02T08:17:54.459+0000] {spark_submit.py:579} INFO - 24/11/02 08:17:54 INFO SparkContext: Added JAR file:///opt/***/jars/hadoop-aws-3.3.4.jar at spark://ee9b80364a9a:41551/jars/hadoop-aws-3.3.4.jar with timestamp 1730535473390
[2024-11-02T08:17:54.460+0000] {spark_submit.py:579} INFO - 24/11/02 08:17:54 INFO SparkContext: Added JAR file:///opt/***/jars/s3-2.18.41.jar at spark://ee9b80364a9a:41551/jars/s3-2.18.41.jar with timestamp 1730535473390
[2024-11-02T08:17:54.462+0000] {spark_submit.py:579} INFO - 24/11/02 08:17:54 INFO SparkContext: Added JAR file:///opt/***/jars/aws-java-sdk-1.12.367.jar at spark://ee9b80364a9a:41551/jars/aws-java-sdk-1.12.367.jar with timestamp 1730535473390
[2024-11-02T08:17:54.463+0000] {spark_submit.py:579} INFO - 24/11/02 08:17:54 INFO SparkContext: Added JAR file:///opt/***/jars/delta-core_2.12-2.4.0.jar at spark://ee9b80364a9a:41551/jars/delta-core_2.12-2.4.0.jar with timestamp 1730535473390
[2024-11-02T08:17:54.465+0000] {spark_submit.py:579} INFO - 24/11/02 08:17:54 INFO SparkContext: Added JAR file:///opt/***/jars/delta-storage-2.2.0.jar at spark://ee9b80364a9a:41551/jars/delta-storage-2.2.0.jar with timestamp 1730535473390
[2024-11-02T08:17:54.465+0000] {spark_submit.py:579} INFO - 24/11/02 08:17:54 INFO SparkContext: Added JAR file:///home/***/.ivy2/jars/org.apache.hadoop_hadoop-aws-3.3.4.jar at spark://ee9b80364a9a:41551/jars/org.apache.hadoop_hadoop-aws-3.3.4.jar with timestamp 1730535473390
[2024-11-02T08:17:54.466+0000] {spark_submit.py:579} INFO - 24/11/02 08:17:54 INFO SparkContext: Added JAR file:///home/***/.ivy2/jars/com.amazonaws_aws-java-sdk-bundle-1.12.262.jar at spark://ee9b80364a9a:41551/jars/com.amazonaws_aws-java-sdk-bundle-1.12.262.jar with timestamp 1730535473390
[2024-11-02T08:17:54.467+0000] {spark_submit.py:579} INFO - 24/11/02 08:17:54 INFO SparkContext: Added JAR file:///home/***/.ivy2/jars/org.wildfly.openssl_wildfly-openssl-1.0.7.Final.jar at spark://ee9b80364a9a:41551/jars/org.wildfly.openssl_wildfly-openssl-1.0.7.Final.jar with timestamp 1730535473390
[2024-11-02T08:17:54.470+0000] {spark_submit.py:579} INFO - 24/11/02 08:17:54 INFO SparkContext: Added file file:///home/***/.ivy2/jars/org.apache.hadoop_hadoop-aws-3.3.4.jar at spark://ee9b80364a9a:41551/files/org.apache.hadoop_hadoop-aws-3.3.4.jar with timestamp 1730535473390
[2024-11-02T08:17:54.471+0000] {spark_submit.py:579} INFO - 24/11/02 08:17:54 INFO Utils: Copying /home/***/.ivy2/jars/org.apache.hadoop_hadoop-aws-3.3.4.jar to /tmp/spark-9f4b4dd5-2a7e-4250-bb2f-f2a80d91d29c/userFiles-422031d0-5caf-4bc9-aec2-fd555a9a9358/org.apache.hadoop_hadoop-aws-3.3.4.jar
[2024-11-02T08:17:54.490+0000] {spark_submit.py:579} INFO - 24/11/02 08:17:54 INFO SparkContext: Added file file:///home/***/.ivy2/jars/com.amazonaws_aws-java-sdk-bundle-1.12.262.jar at spark://ee9b80364a9a:41551/files/com.amazonaws_aws-java-sdk-bundle-1.12.262.jar with timestamp 1730535473390
[2024-11-02T08:17:54.491+0000] {spark_submit.py:579} INFO - 24/11/02 08:17:54 INFO Utils: Copying /home/***/.ivy2/jars/com.amazonaws_aws-java-sdk-bundle-1.12.262.jar to /tmp/spark-9f4b4dd5-2a7e-4250-bb2f-f2a80d91d29c/userFiles-422031d0-5caf-4bc9-aec2-fd555a9a9358/com.amazonaws_aws-java-sdk-bundle-1.12.262.jar
[2024-11-02T08:17:55.719+0000] {spark_submit.py:579} INFO - 24/11/02 08:17:55 INFO SparkContext: Added file file:///home/***/.ivy2/jars/org.wildfly.openssl_wildfly-openssl-1.0.7.Final.jar at spark://ee9b80364a9a:41551/files/org.wildfly.openssl_wildfly-openssl-1.0.7.Final.jar with timestamp 1730535473390
[2024-11-02T08:17:55.720+0000] {spark_submit.py:579} INFO - 24/11/02 08:17:55 INFO Utils: Copying /home/***/.ivy2/jars/org.wildfly.openssl_wildfly-openssl-1.0.7.Final.jar to /tmp/spark-9f4b4dd5-2a7e-4250-bb2f-f2a80d91d29c/userFiles-422031d0-5caf-4bc9-aec2-fd555a9a9358/org.wildfly.openssl_wildfly-openssl-1.0.7.Final.jar
[2024-11-02T08:17:55.852+0000] {spark_submit.py:579} INFO - 24/11/02 08:17:55 INFO StandaloneAppClient$ClientEndpoint: Connecting to master spark://spark-master:7077...
[2024-11-02T08:17:55.912+0000] {spark_submit.py:579} INFO - 24/11/02 08:17:55 INFO TransportClientFactory: Successfully created connection to spark-master/172.19.0.3:7077 after 38 ms (0 ms spent in bootstraps)
[2024-11-02T08:17:56.050+0000] {spark_submit.py:579} INFO - 24/11/02 08:17:56 INFO StandaloneSchedulerBackend: Connected to Spark cluster with app ID app-20241102081756-0003
[2024-11-02T08:17:56.054+0000] {spark_submit.py:579} INFO - 24/11/02 08:17:56 INFO StandaloneAppClient$ClientEndpoint: Executor added: app-20241102081756-0003/0 on worker-20241102073252-172.19.0.5-33911 (172.19.0.5:33911) with 2 core(s)
[2024-11-02T08:17:56.058+0000] {spark_submit.py:579} INFO - 24/11/02 08:17:56 INFO StandaloneSchedulerBackend: Granted executor ID app-20241102081756-0003/0 on hostPort 172.19.0.5:33911 with 2 core(s), 2.0 GiB RAM
[2024-11-02T08:17:56.064+0000] {spark_submit.py:579} INFO - 24/11/02 08:17:56 INFO Utils: Successfully started service 'org.apache.spark.network.netty.NettyBlockTransferService' on port 35587.
[2024-11-02T08:17:56.065+0000] {spark_submit.py:579} INFO - 24/11/02 08:17:56 INFO NettyBlockTransferService: Server created on ee9b80364a9a:35587
[2024-11-02T08:17:56.068+0000] {spark_submit.py:579} INFO - 24/11/02 08:17:56 INFO BlockManager: Using org.apache.spark.storage.RandomBlockReplicationPolicy for block replication policy
[2024-11-02T08:17:56.078+0000] {spark_submit.py:579} INFO - 24/11/02 08:17:56 INFO BlockManagerMaster: Registering BlockManager BlockManagerId(driver, ee9b80364a9a, 35587, None)
[2024-11-02T08:17:56.084+0000] {spark_submit.py:579} INFO - 24/11/02 08:17:56 INFO BlockManagerMasterEndpoint: Registering block manager ee9b80364a9a:35587 with 434.4 MiB RAM, BlockManagerId(driver, ee9b80364a9a, 35587, None)
[2024-11-02T08:17:56.089+0000] {spark_submit.py:579} INFO - 24/11/02 08:17:56 INFO BlockManagerMaster: Registered BlockManager BlockManagerId(driver, ee9b80364a9a, 35587, None)
[2024-11-02T08:17:56.091+0000] {spark_submit.py:579} INFO - 24/11/02 08:17:56 INFO BlockManager: Initialized BlockManager: BlockManagerId(driver, ee9b80364a9a, 35587, None)
[2024-11-02T08:17:56.113+0000] {spark_submit.py:579} INFO - 24/11/02 08:17:56 INFO StandaloneAppClient$ClientEndpoint: Executor updated: app-20241102081756-0003/0 is now RUNNING
[2024-11-02T08:17:56.357+0000] {spark_submit.py:579} INFO - 24/11/02 08:17:56 INFO StandaloneSchedulerBackend: SchedulerBackend is ready for scheduling beginning after reached minRegisteredResourcesRatio: 0.0
[2024-11-02T08:17:56.733+0000] {spark_submit.py:579} INFO - 2024-11-02 08:17:56,733 INFO: Spark session initialized successfully.
[2024-11-02T08:17:56.734+0000] {spark_submit.py:579} INFO - 2024-11-02 08:17:56,733 INFO: Reading data from s3a://lakehouse/bronze/credits.parquet
[2024-11-02T08:17:56.744+0000] {spark_submit.py:579} INFO - 24/11/02 08:17:56 INFO SharedState: Setting hive.metastore.warehouse.dir ('null') to the value of spark.sql.warehouse.dir.
[2024-11-02T08:17:57.002+0000] {spark_submit.py:579} INFO - 24/11/02 08:17:57 WARN MetricsConfig: Cannot locate configuration: tried hadoop-metrics2-s3a-file-system.properties,hadoop-metrics2.properties
[2024-11-02T08:17:57.022+0000] {spark_submit.py:579} INFO - 24/11/02 08:17:57 INFO MetricsSystemImpl: Scheduled Metric snapshot period at 10 second(s).
[2024-11-02T08:17:57.023+0000] {spark_submit.py:579} INFO - 24/11/02 08:17:57 INFO MetricsSystemImpl: s3a-file-system metrics system started
[2024-11-02T08:17:58.602+0000] {spark_submit.py:579} INFO - 24/11/02 08:17:58 INFO SharedState: Warehouse path is 's3a://lakehouse/'.
[2024-11-02T08:18:00.418+0000] {spark_submit.py:579} INFO - 24/11/02 08:18:00 INFO InMemoryFileIndex: It took 146 ms to list leaf files for 1 paths.
[2024-11-02T08:18:00.540+0000] {spark_submit.py:579} INFO - 24/11/02 08:18:00 INFO StandaloneSchedulerBackend$StandaloneDriverEndpoint: Registered executor NettyRpcEndpointRef(spark-client://Executor) (172.19.0.5:34826) with ID 0,  ResourceProfileId 0
[2024-11-02T08:18:00.657+0000] {spark_submit.py:579} INFO - 24/11/02 08:18:00 INFO BlockManagerMasterEndpoint: Registering block manager 172.19.0.5:38107 with 1048.8 MiB RAM, BlockManagerId(0, 172.19.0.5, 38107, None)
[2024-11-02T08:18:01.135+0000] {spark_submit.py:579} INFO - 24/11/02 08:18:01 INFO SparkContext: Starting job: load at NativeMethodAccessorImpl.java:0
[2024-11-02T08:18:01.176+0000] {spark_submit.py:579} INFO - 24/11/02 08:18:01 INFO DAGScheduler: Got job 0 (load at NativeMethodAccessorImpl.java:0) with 1 output partitions
[2024-11-02T08:18:01.177+0000] {spark_submit.py:579} INFO - 24/11/02 08:18:01 INFO DAGScheduler: Final stage: ResultStage 0 (load at NativeMethodAccessorImpl.java:0)
[2024-11-02T08:18:01.179+0000] {spark_submit.py:579} INFO - 24/11/02 08:18:01 INFO DAGScheduler: Parents of final stage: List()
[2024-11-02T08:18:01.183+0000] {spark_submit.py:579} INFO - 24/11/02 08:18:01 INFO DAGScheduler: Missing parents: List()
[2024-11-02T08:18:01.193+0000] {spark_submit.py:579} INFO - 24/11/02 08:18:01 INFO DAGScheduler: Submitting ResultStage 0 (MapPartitionsRDD[1] at load at NativeMethodAccessorImpl.java:0), which has no missing parents
[2024-11-02T08:18:01.299+0000] {spark_submit.py:579} INFO - 24/11/02 08:18:01 INFO MemoryStore: Block broadcast_0 stored as values in memory (estimated size 106.9 KiB, free 434.3 MiB)
[2024-11-02T08:18:01.373+0000] {spark_submit.py:579} INFO - 24/11/02 08:18:01 INFO MemoryStore: Block broadcast_0_piece0 stored as bytes in memory (estimated size 38.9 KiB, free 434.3 MiB)
[2024-11-02T08:18:01.378+0000] {spark_submit.py:579} INFO - 24/11/02 08:18:01 INFO BlockManagerInfo: Added broadcast_0_piece0 in memory on ee9b80364a9a:35587 (size: 38.9 KiB, free: 434.4 MiB)
[2024-11-02T08:18:01.384+0000] {spark_submit.py:579} INFO - 24/11/02 08:18:01 INFO SparkContext: Created broadcast 0 from broadcast at DAGScheduler.scala:1540
[2024-11-02T08:18:01.415+0000] {spark_submit.py:579} INFO - 24/11/02 08:18:01 INFO DAGScheduler: Submitting 1 missing tasks from ResultStage 0 (MapPartitionsRDD[1] at load at NativeMethodAccessorImpl.java:0) (first 15 tasks are for partitions Vector(0))
[2024-11-02T08:18:01.418+0000] {spark_submit.py:579} INFO - 24/11/02 08:18:01 INFO TaskSchedulerImpl: Adding task set 0.0 with 1 tasks resource profile 0
[2024-11-02T08:18:06.171+0000] {spark_submit.py:579} INFO - 24/11/02 08:18:06 INFO TaskSetManager: Starting task 0.0 in stage 0.0 (TID 0) (172.19.0.5, executor 0, partition 0, PROCESS_LOCAL, 7500 bytes)
[2024-11-02T08:18:06.670+0000] {spark_submit.py:579} INFO - 24/11/02 08:18:06 INFO BlockManagerInfo: Added broadcast_0_piece0 in memory on 172.19.0.5:38107 (size: 38.9 KiB, free: 1048.8 MiB)
[2024-11-02T08:18:08.783+0000] {spark_submit.py:579} INFO - 24/11/02 08:18:08 INFO TaskSetManager: Finished task 0.0 in stage 0.0 (TID 0) in 2627 ms on 172.19.0.5 (executor 0) (1/1)
[2024-11-02T08:18:08.785+0000] {spark_submit.py:579} INFO - 24/11/02 08:18:08 INFO TaskSchedulerImpl: Removed TaskSet 0.0, whose tasks have all completed, from pool
[2024-11-02T08:18:08.803+0000] {spark_submit.py:579} INFO - 24/11/02 08:18:08 INFO DAGScheduler: ResultStage 0 (load at NativeMethodAccessorImpl.java:0) finished in 7.567 s
[2024-11-02T08:18:08.807+0000] {spark_submit.py:579} INFO - 24/11/02 08:18:08 INFO DAGScheduler: Job 0 is finished. Cancelling potential speculative or zombie tasks for this job
[2024-11-02T08:18:08.808+0000] {spark_submit.py:579} INFO - 24/11/02 08:18:08 INFO TaskSchedulerImpl: Killing all running tasks in stage 0: Stage finished
[2024-11-02T08:18:08.810+0000] {spark_submit.py:579} INFO - 24/11/02 08:18:08 INFO DAGScheduler: Job 0 finished: load at NativeMethodAccessorImpl.java:0, took 7.673988 s
[2024-11-02T08:18:08.949+0000] {spark_submit.py:579} INFO - 24/11/02 08:18:08 INFO BlockManagerInfo: Removed broadcast_0_piece0 on ee9b80364a9a:35587 in memory (size: 38.9 KiB, free: 434.4 MiB)
[2024-11-02T08:18:08.960+0000] {spark_submit.py:579} INFO - 24/11/02 08:18:08 INFO BlockManagerInfo: Removed broadcast_0_piece0 on 172.19.0.5:38107 in memory (size: 38.9 KiB, free: 1048.8 MiB)
[2024-11-02T08:18:11.369+0000] {spark_submit.py:579} INFO - 2024-11-02 08:18:11,369 INFO: Saving cleaned data to s3a://lakehouse/sliver/credit
[2024-11-02T08:18:12.270+0000] {spark_submit.py:579} INFO - 24/11/02 08:18:12 INFO DeltaLog: Creating initial snapshot without metadata, because the directory is empty
[2024-11-02T08:18:12.391+0000] {spark_submit.py:579} INFO - 24/11/02 08:18:12 INFO InitialSnapshot: [tableId=239e3eb5-f3f8-4e2d-bb6c-69dee9640eac] Created snapshot InitialSnapshot(path=s3a://lakehouse/sliver/credit/_delta_log, version=-1, metadata=Metadata(f2fcff9b-b2fe-4917-aa59-607efc78f49e,null,null,Format(parquet,Map()),null,List(),Map(),Some(1730535492382)), logSegment=LogSegment(s3a://lakehouse/sliver/credit/_delta_log,-1,List(),None,-1), checksumOpt=None)
[2024-11-02T08:18:12.514+0000] {spark_submit.py:579} INFO - 24/11/02 08:18:12 INFO DeltaLog: No delta log found for the Delta table at s3a://lakehouse/sliver/credit/_delta_log
[2024-11-02T08:18:12.515+0000] {spark_submit.py:579} INFO - 24/11/02 08:18:12 INFO InitialSnapshot: [tableId=f2fcff9b-b2fe-4917-aa59-607efc78f49e] Created snapshot InitialSnapshot(path=s3a://lakehouse/sliver/credit/_delta_log, version=-1, metadata=Metadata(214d12ba-580b-4e59-8e0f-49cacbe2f92d,null,null,Format(parquet,Map()),null,List(),Map(),Some(1730535492514)), logSegment=LogSegment(s3a://lakehouse/sliver/credit/_delta_log,-1,List(),None,-1), checksumOpt=None)
[2024-11-02T08:18:12.598+0000] {spark_submit.py:579} INFO - 24/11/02 08:18:12 INFO OptimisticTransaction: [tableId=214d12ba,txnId=f37fd34a] Updated metadata from - to Metadata(51518ece-2f2f-42e6-a75d-2d5eb6484f6f,null,null,Format(parquet,Map()),{"type":"struct","fields":[{"name":"id","type":"long","nullable":true,"metadata":{}},{"name":"cast_names","type":"string","nullable":true,"metadata":{}},{"name":"director","type":"string","nullable":true,"metadata":{}}]},List(),Map(),Some(1730535492584))
[2024-11-02T08:18:13.167+0000] {spark_submit.py:579} INFO - 24/11/02 08:18:13 INFO FileSourceStrategy: Pushed Filters:
[2024-11-02T08:18:13.168+0000] {spark_submit.py:579} INFO - 24/11/02 08:18:13 INFO FileSourceStrategy: Post-Scan Filters:
[2024-11-02T08:18:13.300+0000] {spark_submit.py:579} INFO - 24/11/02 08:18:13 INFO ParquetUtils: Using default output committer for Parquet: org.apache.parquet.hadoop.ParquetOutputCommitter
[2024-11-02T08:18:13.366+0000] {spark_submit.py:579} INFO - 24/11/02 08:18:13 INFO HashAggregateExec: spark.sql.codegen.aggregate.map.twolevel.enabled is set to true, but current version of codegened fast hashmap does not support this aggregate.
[2024-11-02T08:18:13.725+0000] {spark_submit.py:579} INFO - 24/11/02 08:18:13 INFO CodeGenerator: Code generated in 293.862315 ms
[2024-11-02T08:18:13.759+0000] {spark_submit.py:579} INFO - 24/11/02 08:18:13 INFO CodeGenerator: Code generated in 26.086982 ms
[2024-11-02T08:18:13.778+0000] {spark_submit.py:579} INFO - 24/11/02 08:18:13 INFO MemoryStore: Block broadcast_1 stored as values in memory (estimated size 206.6 KiB, free 434.2 MiB)
[2024-11-02T08:18:13.794+0000] {spark_submit.py:579} INFO - 24/11/02 08:18:13 INFO MemoryStore: Block broadcast_1_piece0 stored as bytes in memory (estimated size 36.6 KiB, free 434.2 MiB)
[2024-11-02T08:18:13.795+0000] {spark_submit.py:579} INFO - 24/11/02 08:18:13 INFO BlockManagerInfo: Added broadcast_1_piece0 in memory on ee9b80364a9a:35587 (size: 36.6 KiB, free: 434.4 MiB)
[2024-11-02T08:18:13.797+0000] {spark_submit.py:579} INFO - 24/11/02 08:18:13 INFO SparkContext: Created broadcast 1 from save at NativeMethodAccessorImpl.java:0
[2024-11-02T08:18:13.823+0000] {spark_submit.py:579} INFO - 24/11/02 08:18:13 INFO FileSourceScanExec: Planning scan with bin packing, max size: 36317959 bytes, open cost is considered as scanning 4194304 bytes.
[2024-11-02T08:18:13.980+0000] {spark_submit.py:579} INFO - 24/11/02 08:18:13 INFO DAGScheduler: Registering RDD 7 (save at NativeMethodAccessorImpl.java:0) as input to shuffle 0
[2024-11-02T08:18:13.986+0000] {spark_submit.py:579} INFO - 24/11/02 08:18:13 INFO DAGScheduler: Got map stage job 1 (save at NativeMethodAccessorImpl.java:0) with 2 output partitions
[2024-11-02T08:18:13.986+0000] {spark_submit.py:579} INFO - 24/11/02 08:18:13 INFO DAGScheduler: Final stage: ShuffleMapStage 1 (save at NativeMethodAccessorImpl.java:0)
[2024-11-02T08:18:13.987+0000] {spark_submit.py:579} INFO - 24/11/02 08:18:13 INFO DAGScheduler: Parents of final stage: List()
[2024-11-02T08:18:13.990+0000] {spark_submit.py:579} INFO - 24/11/02 08:18:13 INFO DAGScheduler: Missing parents: List()
[2024-11-02T08:18:13.993+0000] {spark_submit.py:579} INFO - 24/11/02 08:18:13 INFO DAGScheduler: Submitting ShuffleMapStage 1 (MapPartitionsRDD[7] at save at NativeMethodAccessorImpl.java:0), which has no missing parents
[2024-11-02T08:18:14.016+0000] {spark_submit.py:579} INFO - 24/11/02 08:18:14 INFO MemoryStore: Block broadcast_2 stored as values in memory (estimated size 39.1 KiB, free 434.1 MiB)
[2024-11-02T08:18:14.024+0000] {spark_submit.py:579} INFO - 24/11/02 08:18:14 INFO MemoryStore: Block broadcast_2_piece0 stored as bytes in memory (estimated size 17.5 KiB, free 434.1 MiB)
[2024-11-02T08:18:14.025+0000] {spark_submit.py:579} INFO - 24/11/02 08:18:14 INFO BlockManagerInfo: Added broadcast_2_piece0 in memory on ee9b80364a9a:35587 (size: 17.5 KiB, free: 434.3 MiB)
[2024-11-02T08:18:14.026+0000] {spark_submit.py:579} INFO - 24/11/02 08:18:14 INFO SparkContext: Created broadcast 2 from broadcast at DAGScheduler.scala:1540
[2024-11-02T08:18:14.029+0000] {spark_submit.py:579} INFO - 24/11/02 08:18:14 INFO DAGScheduler: Submitting 2 missing tasks from ShuffleMapStage 1 (MapPartitionsRDD[7] at save at NativeMethodAccessorImpl.java:0) (first 15 tasks are for partitions Vector(0, 1))
[2024-11-02T08:18:14.029+0000] {spark_submit.py:579} INFO - 24/11/02 08:18:14 INFO TaskSchedulerImpl: Adding task set 1.0 with 2 tasks resource profile 0
[2024-11-02T08:18:14.035+0000] {spark_submit.py:579} INFO - 24/11/02 08:18:14 INFO TaskSetManager: Starting task 0.0 in stage 1.0 (TID 1) (172.19.0.5, executor 0, partition 0, PROCESS_LOCAL, 7911 bytes)
[2024-11-02T08:18:14.036+0000] {spark_submit.py:579} INFO - 24/11/02 08:18:14 INFO TaskSetManager: Starting task 1.0 in stage 1.0 (TID 2) (172.19.0.5, executor 0, partition 1, PROCESS_LOCAL, 7911 bytes)
[2024-11-02T08:18:14.093+0000] {spark_submit.py:579} INFO - 24/11/02 08:18:14 INFO BlockManagerInfo: Added broadcast_2_piece0 in memory on 172.19.0.5:38107 (size: 17.5 KiB, free: 1048.8 MiB)
[2024-11-02T08:18:15.093+0000] {spark_submit.py:579} INFO - 24/11/02 08:18:15 INFO BlockManagerInfo: Added broadcast_1_piece0 in memory on 172.19.0.5:38107 (size: 36.6 KiB, free: 1048.7 MiB)
[2024-11-02T08:18:15.409+0000] {spark_submit.py:579} INFO - 24/11/02 08:18:15 INFO TaskSetManager: Finished task 1.0 in stage 1.0 (TID 2) in 1374 ms on 172.19.0.5 (executor 0) (1/2)
[2024-11-02T08:18:21.789+0000] {spark_submit.py:579} INFO - 24/11/02 08:18:21 INFO TaskSetManager: Finished task 0.0 in stage 1.0 (TID 1) in 7757 ms on 172.19.0.5 (executor 0) (2/2)
[2024-11-02T08:18:21.790+0000] {spark_submit.py:579} INFO - 24/11/02 08:18:21 INFO TaskSchedulerImpl: Removed TaskSet 1.0, whose tasks have all completed, from pool
[2024-11-02T08:18:21.792+0000] {spark_submit.py:579} INFO - 24/11/02 08:18:21 INFO DAGScheduler: ShuffleMapStage 1 (save at NativeMethodAccessorImpl.java:0) finished in 7.791 s
[2024-11-02T08:18:21.794+0000] {spark_submit.py:579} INFO - 24/11/02 08:18:21 INFO DAGScheduler: looking for newly runnable stages
[2024-11-02T08:18:21.795+0000] {spark_submit.py:579} INFO - 24/11/02 08:18:21 INFO DAGScheduler: running: Set()
[2024-11-02T08:18:21.796+0000] {spark_submit.py:579} INFO - 24/11/02 08:18:21 INFO DAGScheduler: waiting: Set()
[2024-11-02T08:18:21.797+0000] {spark_submit.py:579} INFO - 24/11/02 08:18:21 INFO DAGScheduler: failed: Set()
[2024-11-02T08:18:21.844+0000] {spark_submit.py:579} INFO - 24/11/02 08:18:21 INFO ShufflePartitionsUtil: For shuffle(0), advisory target size: 67108864, actual target size 1048576, minimum partition size: 1048576
[2024-11-02T08:18:21.904+0000] {spark_submit.py:579} INFO - 24/11/02 08:18:21 INFO HashAggregateExec: spark.sql.codegen.aggregate.map.twolevel.enabled is set to true, but current version of codegened fast hashmap does not support this aggregate.
[2024-11-02T08:18:21.956+0000] {spark_submit.py:579} INFO - 24/11/02 08:18:21 INFO CodeGenerator: Code generated in 41.732394 ms
[2024-11-02T08:18:22.090+0000] {spark_submit.py:579} INFO - 24/11/02 08:18:22 INFO BlockManagerInfo: Removed broadcast_2_piece0 on ee9b80364a9a:35587 in memory (size: 17.5 KiB, free: 434.4 MiB)
[2024-11-02T08:18:22.097+0000] {spark_submit.py:579} INFO - 24/11/02 08:18:22 INFO BlockManagerInfo: Removed broadcast_2_piece0 on 172.19.0.5:38107 in memory (size: 17.5 KiB, free: 1048.8 MiB)
[2024-11-02T08:18:22.109+0000] {spark_submit.py:579} INFO - 24/11/02 08:18:22 INFO SparkContext: Starting job: save at NativeMethodAccessorImpl.java:0
[2024-11-02T08:18:22.112+0000] {spark_submit.py:579} INFO - 24/11/02 08:18:22 INFO DAGScheduler: Got job 2 (save at NativeMethodAccessorImpl.java:0) with 1 output partitions
[2024-11-02T08:18:22.113+0000] {spark_submit.py:579} INFO - 24/11/02 08:18:22 INFO DAGScheduler: Final stage: ResultStage 3 (save at NativeMethodAccessorImpl.java:0)
[2024-11-02T08:18:22.113+0000] {spark_submit.py:579} INFO - 24/11/02 08:18:22 INFO DAGScheduler: Parents of final stage: List(ShuffleMapStage 2)
[2024-11-02T08:18:22.114+0000] {spark_submit.py:579} INFO - 24/11/02 08:18:22 INFO DAGScheduler: Missing parents: List()
[2024-11-02T08:18:22.115+0000] {spark_submit.py:579} INFO - 24/11/02 08:18:22 INFO DAGScheduler: Submitting ResultStage 3 (MapPartitionsRDD[9] at save at NativeMethodAccessorImpl.java:0), which has no missing parents
[2024-11-02T08:18:22.160+0000] {spark_submit.py:579} INFO - 24/11/02 08:18:22 INFO MemoryStore: Block broadcast_3 stored as values in memory (estimated size 362.1 KiB, free 433.8 MiB)
[2024-11-02T08:18:22.165+0000] {spark_submit.py:579} INFO - 24/11/02 08:18:22 INFO MemoryStore: Block broadcast_3_piece0 stored as bytes in memory (estimated size 133.1 KiB, free 433.7 MiB)
[2024-11-02T08:18:22.166+0000] {spark_submit.py:579} INFO - 24/11/02 08:18:22 INFO BlockManagerInfo: Added broadcast_3_piece0 in memory on ee9b80364a9a:35587 (size: 133.1 KiB, free: 434.2 MiB)
[2024-11-02T08:18:22.167+0000] {spark_submit.py:579} INFO - 24/11/02 08:18:22 INFO SparkContext: Created broadcast 3 from broadcast at DAGScheduler.scala:1540
[2024-11-02T08:18:22.168+0000] {spark_submit.py:579} INFO - 24/11/02 08:18:22 INFO DAGScheduler: Submitting 1 missing tasks from ResultStage 3 (MapPartitionsRDD[9] at save at NativeMethodAccessorImpl.java:0) (first 15 tasks are for partitions Vector(0))
[2024-11-02T08:18:22.169+0000] {spark_submit.py:579} INFO - 24/11/02 08:18:22 INFO TaskSchedulerImpl: Adding task set 3.0 with 1 tasks resource profile 0
[2024-11-02T08:18:22.178+0000] {spark_submit.py:579} INFO - 24/11/02 08:18:22 INFO TaskSetManager: Starting task 0.0 in stage 3.0 (TID 3) (172.19.0.5, executor 0, partition 0, NODE_LOCAL, 7367 bytes)
[2024-11-02T08:18:22.231+0000] {spark_submit.py:579} INFO - 24/11/02 08:18:22 INFO BlockManagerInfo: Added broadcast_3_piece0 in memory on 172.19.0.5:38107 (size: 133.1 KiB, free: 1048.6 MiB)
[2024-11-02T08:18:22.540+0000] {spark_submit.py:579} INFO - 24/11/02 08:18:22 INFO MapOutputTrackerMasterEndpoint: Asked to send map output locations for shuffle 0 to 172.19.0.5:34826
[2024-11-02T08:18:28.244+0000] {spark_submit.py:579} INFO - 24/11/02 08:18:28 INFO TaskSetManager: Finished task 0.0 in stage 3.0 (TID 3) in 6065 ms on 172.19.0.5 (executor 0) (1/1)
[2024-11-02T08:18:28.244+0000] {spark_submit.py:579} INFO - 24/11/02 08:18:28 INFO TaskSchedulerImpl: Removed TaskSet 3.0, whose tasks have all completed, from pool
[2024-11-02T08:18:28.248+0000] {spark_submit.py:579} INFO - 24/11/02 08:18:28 INFO DAGScheduler: ResultStage 3 (save at NativeMethodAccessorImpl.java:0) finished in 6.114 s
[2024-11-02T08:18:28.249+0000] {spark_submit.py:579} INFO - 24/11/02 08:18:28 INFO DAGScheduler: Job 2 is finished. Cancelling potential speculative or zombie tasks for this job
[2024-11-02T08:18:28.250+0000] {spark_submit.py:579} INFO - 24/11/02 08:18:28 INFO TaskSchedulerImpl: Killing all running tasks in stage 3: Stage finished
[2024-11-02T08:18:28.257+0000] {spark_submit.py:579} INFO - 24/11/02 08:18:28 INFO DAGScheduler: Job 2 finished: save at NativeMethodAccessorImpl.java:0, took 6.149110 s
[2024-11-02T08:18:28.266+0000] {spark_submit.py:579} INFO - 24/11/02 08:18:28 INFO FileFormatWriter: Start to commit write Job e0000181-8d63-4418-981a-368069b49a4b.
[2024-11-02T08:18:28.270+0000] {spark_submit.py:579} INFO - 24/11/02 08:18:28 INFO FileFormatWriter: Write Job e0000181-8d63-4418-981a-368069b49a4b committed. Elapsed time: 2 ms.
[2024-11-02T08:18:28.279+0000] {spark_submit.py:579} INFO - 24/11/02 08:18:28 INFO FileFormatWriter: Finished processing stats for write job e0000181-8d63-4418-981a-368069b49a4b.
[2024-11-02T08:18:28.484+0000] {spark_submit.py:579} INFO - 24/11/02 08:18:28 INFO BlockManagerInfo: Removed broadcast_3_piece0 on ee9b80364a9a:35587 in memory (size: 133.1 KiB, free: 434.4 MiB)
[2024-11-02T08:18:28.491+0000] {spark_submit.py:579} INFO - 24/11/02 08:18:28 INFO BlockManagerInfo: Removed broadcast_3_piece0 on 172.19.0.5:38107 in memory (size: 133.1 KiB, free: 1048.8 MiB)
[2024-11-02T08:18:30.053+0000] {spark_submit.py:579} INFO - 24/11/02 08:18:30 INFO CodeGenerator: Code generated in 483.512467 ms
[2024-11-02T08:18:30.122+0000] {spark_submit.py:579} INFO - 24/11/02 08:18:30 INFO SparkContext: Starting job: $anonfun$recordDeltaOperationInternal$1 at DatabricksLogging.scala:128
[2024-11-02T08:18:30.123+0000] {spark_submit.py:579} INFO - 24/11/02 08:18:30 INFO DAGScheduler: Job 3 finished: $anonfun$recordDeltaOperationInternal$1 at DatabricksLogging.scala:128, took 0.000359 s
[2024-11-02T08:18:30.250+0000] {spark_submit.py:579} INFO - 24/11/02 08:18:30 INFO OptimisticTransaction: [tableId=214d12ba,txnId=f37fd34a] Attempting to commit version 0 with 4 actions with Serializable isolation level
[2024-11-02T08:18:30.620+0000] {spark_submit.py:579} INFO - 24/11/02 08:18:30 INFO DeltaLog: Creating a new snapshot v0 for commit version 0
[2024-11-02T08:18:30.745+0000] {spark_submit.py:579} INFO - 24/11/02 08:18:30 INFO DeltaLog: Loading version 0.
[2024-11-02T08:18:30.784+0000] {spark_submit.py:579} INFO - 24/11/02 08:18:30 INFO DeltaLogFileIndex: Created DeltaLogFileIndex(JSON, numFilesInSegment: 1, totalFileSize: 1318)
[2024-11-02T08:18:30.927+0000] {spark_submit.py:579} INFO - 24/11/02 08:18:30 INFO FileSourceStrategy: Pushed Filters:
[2024-11-02T08:18:30.928+0000] {spark_submit.py:579} INFO - 24/11/02 08:18:30 INFO FileSourceStrategy: Post-Scan Filters:
[2024-11-02T08:18:31.018+0000] {spark_submit.py:579} INFO - 24/11/02 08:18:31 INFO CodeGenerator: Code generated in 56.562086 ms
[2024-11-02T08:18:31.023+0000] {spark_submit.py:579} INFO - 24/11/02 08:18:31 INFO MemoryStore: Block broadcast_4 stored as values in memory (estimated size 205.1 KiB, free 434.0 MiB)
[2024-11-02T08:18:31.030+0000] {spark_submit.py:579} INFO - 24/11/02 08:18:31 INFO MemoryStore: Block broadcast_4_piece0 stored as bytes in memory (estimated size 36.1 KiB, free 433.9 MiB)
[2024-11-02T08:18:31.032+0000] {spark_submit.py:579} INFO - 24/11/02 08:18:31 INFO BlockManagerInfo: Added broadcast_4_piece0 in memory on ee9b80364a9a:35587 (size: 36.1 KiB, free: 434.3 MiB)
[2024-11-02T08:18:31.034+0000] {spark_submit.py:579} INFO - 24/11/02 08:18:31 INFO SparkContext: Created broadcast 4 from toString at String.java:2951
[2024-11-02T08:18:31.064+0000] {spark_submit.py:579} INFO - 24/11/02 08:18:31 INFO FileSourceScanExec: Planning scan with bin packing, max size: 4194304 bytes, open cost is considered as scanning 4194304 bytes.
[2024-11-02T08:18:31.130+0000] {spark_submit.py:579} INFO - 24/11/02 08:18:31 INFO SparkContext: Starting job: toString at String.java:2951
[2024-11-02T08:18:31.132+0000] {spark_submit.py:579} INFO - 24/11/02 08:18:31 INFO DAGScheduler: Got job 4 (toString at String.java:2951) with 1 output partitions
[2024-11-02T08:18:31.132+0000] {spark_submit.py:579} INFO - 24/11/02 08:18:31 INFO DAGScheduler: Final stage: ResultStage 4 (toString at String.java:2951)
[2024-11-02T08:18:31.133+0000] {spark_submit.py:579} INFO - 24/11/02 08:18:31 INFO DAGScheduler: Parents of final stage: List()
[2024-11-02T08:18:31.134+0000] {spark_submit.py:579} INFO - 24/11/02 08:18:31 INFO DAGScheduler: Missing parents: List()
[2024-11-02T08:18:31.134+0000] {spark_submit.py:579} INFO - 24/11/02 08:18:31 INFO DAGScheduler: Submitting ResultStage 4 (MapPartitionsRDD[17] at toString at String.java:2951), which has no missing parents
[2024-11-02T08:18:31.141+0000] {spark_submit.py:579} INFO - 24/11/02 08:18:31 INFO MemoryStore: Block broadcast_5 stored as values in memory (estimated size 50.4 KiB, free 433.9 MiB)
[2024-11-02T08:18:31.156+0000] {spark_submit.py:579} INFO - 24/11/02 08:18:31 INFO MemoryStore: Block broadcast_5_piece0 stored as bytes in memory (estimated size 15.5 KiB, free 433.9 MiB)
[2024-11-02T08:18:31.159+0000] {spark_submit.py:579} INFO - 24/11/02 08:18:31 INFO BlockManagerInfo: Added broadcast_5_piece0 in memory on ee9b80364a9a:35587 (size: 15.5 KiB, free: 434.3 MiB)
[2024-11-02T08:18:31.160+0000] {spark_submit.py:579} INFO - 24/11/02 08:18:31 INFO SparkContext: Created broadcast 5 from broadcast at DAGScheduler.scala:1540
[2024-11-02T08:18:31.161+0000] {spark_submit.py:579} INFO - 24/11/02 08:18:31 INFO DAGScheduler: Submitting 1 missing tasks from ResultStage 4 (MapPartitionsRDD[17] at toString at String.java:2951) (first 15 tasks are for partitions Vector(0))
[2024-11-02T08:18:31.162+0000] {spark_submit.py:579} INFO - 24/11/02 08:18:31 INFO TaskSchedulerImpl: Adding task set 4.0 with 1 tasks resource profile 0
[2024-11-02T08:18:31.165+0000] {spark_submit.py:579} INFO - 24/11/02 08:18:31 INFO TaskSetManager: Starting task 0.0 in stage 4.0 (TID 4) (172.19.0.5, executor 0, partition 0, PROCESS_LOCAL, 7950 bytes)
[2024-11-02T08:18:31.210+0000] {spark_submit.py:579} INFO - 24/11/02 08:18:31 INFO BlockManagerInfo: Added broadcast_5_piece0 in memory on 172.19.0.5:38107 (size: 15.5 KiB, free: 1048.7 MiB)
[2024-11-02T08:18:31.410+0000] {spark_submit.py:579} INFO - 24/11/02 08:18:31 INFO BlockManagerInfo: Added broadcast_4_piece0 in memory on 172.19.0.5:38107 (size: 36.1 KiB, free: 1048.7 MiB)
[2024-11-02T08:18:31.535+0000] {spark_submit.py:579} INFO - 24/11/02 08:18:31 INFO TaskSetManager: Finished task 0.0 in stage 4.0 (TID 4) in 371 ms on 172.19.0.5 (executor 0) (1/1)
[2024-11-02T08:18:31.536+0000] {spark_submit.py:579} INFO - 24/11/02 08:18:31 INFO TaskSchedulerImpl: Removed TaskSet 4.0, whose tasks have all completed, from pool
[2024-11-02T08:18:31.537+0000] {spark_submit.py:579} INFO - 24/11/02 08:18:31 INFO DAGScheduler: ResultStage 4 (toString at String.java:2951) finished in 0.401 s
[2024-11-02T08:18:31.538+0000] {spark_submit.py:579} INFO - 24/11/02 08:18:31 INFO DAGScheduler: Job 4 is finished. Cancelling potential speculative or zombie tasks for this job
[2024-11-02T08:18:31.539+0000] {spark_submit.py:579} INFO - 24/11/02 08:18:31 INFO TaskSchedulerImpl: Killing all running tasks in stage 4: Stage finished
[2024-11-02T08:18:31.539+0000] {spark_submit.py:579} INFO - 24/11/02 08:18:31 INFO DAGScheduler: Job 4 finished: toString at String.java:2951, took 0.408088 s
[2024-11-02T08:18:31.621+0000] {spark_submit.py:579} INFO - 24/11/02 08:18:31 INFO BlockManagerInfo: Removed broadcast_5_piece0 on ee9b80364a9a:35587 in memory (size: 15.5 KiB, free: 434.3 MiB)
[2024-11-02T08:18:31.625+0000] {spark_submit.py:579} INFO - 24/11/02 08:18:31 INFO BlockManagerInfo: Removed broadcast_5_piece0 on 172.19.0.5:38107 in memory (size: 15.5 KiB, free: 1048.7 MiB)
[2024-11-02T08:18:31.631+0000] {spark_submit.py:579} INFO - 24/11/02 08:18:31 INFO CodeGenerator: Code generated in 59.606625 ms
[2024-11-02T08:18:31.646+0000] {spark_submit.py:579} INFO - 24/11/02 08:18:31 INFO Snapshot: [tableId=214d12ba-580b-4e59-8e0f-49cacbe2f92d] Created snapshot Snapshot(path=s3a://lakehouse/sliver/credit/_delta_log, version=0, metadata=Metadata(51518ece-2f2f-42e6-a75d-2d5eb6484f6f,null,null,Format(parquet,Map()),{"type":"struct","fields":[{"name":"id","type":"long","nullable":true,"metadata":{}},{"name":"cast_names","type":"string","nullable":true,"metadata":{}},{"name":"director","type":"string","nullable":true,"metadata":{}}]},List(),Map(),Some(1730535492584)), logSegment=LogSegment(s3a://lakehouse/sliver/credit/_delta_log,0,WrappedArray(S3AFileStatus{path=s3a://lakehouse/sliver/credit/_delta_log/00000000000000000000.json; isDirectory=false; length=1318; replication=1; blocksize=33554432; modification_time=1730535510521; access_time=0; owner=***; group=***; permission=rw-rw-rw-; isSymlink=false; hasAcl=false; isEncrypted=true; isErasureCoded=false} isEmptyDirectory=FALSE eTag=ace72e6adcf77cb7ea6b95ddb04bea18 versionId=null),None,1730535510521), checksumOpt=None)
[2024-11-02T08:18:31.648+0000] {spark_submit.py:579} INFO - 24/11/02 08:18:31 INFO DeltaLog: Updated snapshot to Snapshot(path=s3a://lakehouse/sliver/credit/_delta_log, version=0, metadata=Metadata(51518ece-2f2f-42e6-a75d-2d5eb6484f6f,null,null,Format(parquet,Map()),{"type":"struct","fields":[{"name":"id","type":"long","nullable":true,"metadata":{}},{"name":"cast_names","type":"string","nullable":true,"metadata":{}},{"name":"director","type":"string","nullable":true,"metadata":{}}]},List(),Map(),Some(1730535492584)), logSegment=LogSegment(s3a://lakehouse/sliver/credit/_delta_log,0,WrappedArray(S3AFileStatus{path=s3a://lakehouse/sliver/credit/_delta_log/00000000000000000000.json; isDirectory=false; length=1318; replication=1; blocksize=33554432; modification_time=1730535510521; access_time=0; owner=***; group=***; permission=rw-rw-rw-; isSymlink=false; hasAcl=false; isEncrypted=true; isErasureCoded=false} isEmptyDirectory=FALSE eTag=ace72e6adcf77cb7ea6b95ddb04bea18 versionId=null),None,1730535510521), checksumOpt=None)
[2024-11-02T08:18:31.651+0000] {spark_submit.py:579} INFO - 24/11/02 08:18:31 INFO Snapshot: [tableId=51518ece-2f2f-42e6-a75d-2d5eb6484f6f] DELTA: Compute snapshot for version: 0
[2024-11-02T08:18:31.667+0000] {spark_submit.py:579} INFO - 24/11/02 08:18:31 INFO MemoryStore: Block broadcast_6 stored as values in memory (estimated size 204.8 KiB, free 433.7 MiB)
[2024-11-02T08:18:31.681+0000] {spark_submit.py:579} INFO - 24/11/02 08:18:31 INFO MemoryStore: Block broadcast_6_piece0 stored as bytes in memory (estimated size 36.1 KiB, free 433.7 MiB)
[2024-11-02T08:18:31.683+0000] {spark_submit.py:579} INFO - 24/11/02 08:18:31 INFO BlockManagerInfo: Added broadcast_6_piece0 in memory on ee9b80364a9a:35587 (size: 36.1 KiB, free: 434.3 MiB)
[2024-11-02T08:18:31.684+0000] {spark_submit.py:579} INFO - 24/11/02 08:18:31 INFO SparkContext: Created broadcast 6 from $anonfun$recordDeltaOperationInternal$1 at DatabricksLogging.scala:128
[2024-11-02T08:18:32.031+0000] {spark_submit.py:579} INFO - 24/11/02 08:18:32 INFO BlockManagerInfo: Removed broadcast_4_piece0 on ee9b80364a9a:35587 in memory (size: 36.1 KiB, free: 434.3 MiB)
[2024-11-02T08:18:32.034+0000] {spark_submit.py:579} INFO - 24/11/02 08:18:32 INFO BlockManagerInfo: Removed broadcast_4_piece0 on 172.19.0.5:38107 in memory (size: 36.1 KiB, free: 1048.8 MiB)
[2024-11-02T08:18:32.068+0000] {spark_submit.py:579} INFO - 24/11/02 08:18:32 INFO FileSourceStrategy: Pushed Filters:
[2024-11-02T08:18:32.069+0000] {spark_submit.py:579} INFO - 24/11/02 08:18:32 INFO FileSourceStrategy: Post-Scan Filters:
[2024-11-02T08:18:32.092+0000] {spark_submit.py:579} INFO - 24/11/02 08:18:32 WARN package: Truncated the string representation of a plan since it was too large. This behavior can be adjusted by setting 'spark.sql.debug.maxToStringFields'.
[2024-11-02T08:18:32.286+0000] {spark_submit.py:579} INFO - 24/11/02 08:18:32 INFO CodeGenerator: Code generated in 120.190193 ms
[2024-11-02T08:18:32.290+0000] {spark_submit.py:579} INFO - 24/11/02 08:18:32 INFO MemoryStore: Block broadcast_7 stored as values in memory (estimated size 205.1 KiB, free 433.7 MiB)
[2024-11-02T08:18:32.305+0000] {spark_submit.py:579} INFO - 24/11/02 08:18:32 INFO MemoryStore: Block broadcast_7_piece0 stored as bytes in memory (estimated size 36.1 KiB, free 433.7 MiB)
[2024-11-02T08:18:32.306+0000] {spark_submit.py:579} INFO - 24/11/02 08:18:32 INFO BlockManagerInfo: Added broadcast_7_piece0 in memory on ee9b80364a9a:35587 (size: 36.1 KiB, free: 434.3 MiB)
[2024-11-02T08:18:32.308+0000] {spark_submit.py:579} INFO - 24/11/02 08:18:32 INFO SparkContext: Created broadcast 7 from $anonfun$recordDeltaOperationInternal$1 at DatabricksLogging.scala:128
[2024-11-02T08:18:32.309+0000] {spark_submit.py:579} INFO - 24/11/02 08:18:32 INFO FileSourceScanExec: Planning scan with bin packing, max size: 4194304 bytes, open cost is considered as scanning 4194304 bytes.
[2024-11-02T08:18:32.340+0000] {spark_submit.py:579} INFO - 24/11/02 08:18:32 INFO DAGScheduler: Registering RDD 21 ($anonfun$recordDeltaOperationInternal$1 at DatabricksLogging.scala:128) as input to shuffle 1
[2024-11-02T08:18:32.340+0000] {spark_submit.py:579} INFO - 24/11/02 08:18:32 INFO DAGScheduler: Got map stage job 5 ($anonfun$recordDeltaOperationInternal$1 at DatabricksLogging.scala:128) with 1 output partitions
[2024-11-02T08:18:32.341+0000] {spark_submit.py:579} INFO - 24/11/02 08:18:32 INFO DAGScheduler: Final stage: ShuffleMapStage 5 ($anonfun$recordDeltaOperationInternal$1 at DatabricksLogging.scala:128)
[2024-11-02T08:18:32.342+0000] {spark_submit.py:579} INFO - 24/11/02 08:18:32 INFO DAGScheduler: Parents of final stage: List()
[2024-11-02T08:18:32.345+0000] {spark_submit.py:579} INFO - 24/11/02 08:18:32 INFO DAGScheduler: Missing parents: List()
[2024-11-02T08:18:32.347+0000] {spark_submit.py:579} INFO - 24/11/02 08:18:32 INFO DAGScheduler: Submitting ShuffleMapStage 5 (MapPartitionsRDD[21] at $anonfun$recordDeltaOperationInternal$1 at DatabricksLogging.scala:128), which has no missing parents
[2024-11-02T08:18:32.362+0000] {spark_submit.py:579} INFO - 24/11/02 08:18:32 INFO MemoryStore: Block broadcast_8 stored as values in memory (estimated size 138.3 KiB, free 433.6 MiB)
[2024-11-02T08:18:32.370+0000] {spark_submit.py:579} INFO - 24/11/02 08:18:32 INFO MemoryStore: Block broadcast_8_piece0 stored as bytes in memory (estimated size 39.0 KiB, free 433.5 MiB)
[2024-11-02T08:18:32.372+0000] {spark_submit.py:579} INFO - 24/11/02 08:18:32 INFO BlockManagerInfo: Added broadcast_8_piece0 in memory on ee9b80364a9a:35587 (size: 39.0 KiB, free: 434.3 MiB)
[2024-11-02T08:18:32.372+0000] {spark_submit.py:579} INFO - 24/11/02 08:18:32 INFO SparkContext: Created broadcast 8 from broadcast at DAGScheduler.scala:1540
[2024-11-02T08:18:32.373+0000] {spark_submit.py:579} INFO - 24/11/02 08:18:32 INFO DAGScheduler: Submitting 1 missing tasks from ShuffleMapStage 5 (MapPartitionsRDD[21] at $anonfun$recordDeltaOperationInternal$1 at DatabricksLogging.scala:128) (first 15 tasks are for partitions Vector(0))
[2024-11-02T08:18:32.374+0000] {spark_submit.py:579} INFO - 24/11/02 08:18:32 INFO TaskSchedulerImpl: Adding task set 5.0 with 1 tasks resource profile 0
[2024-11-02T08:18:32.375+0000] {spark_submit.py:579} INFO - 24/11/02 08:18:32 INFO TaskSetManager: Starting task 0.0 in stage 5.0 (TID 5) (172.19.0.5, executor 0, partition 0, PROCESS_LOCAL, 7939 bytes)
[2024-11-02T08:18:32.393+0000] {spark_submit.py:579} INFO - 24/11/02 08:18:32 INFO BlockManagerInfo: Added broadcast_8_piece0 in memory on 172.19.0.5:38107 (size: 39.0 KiB, free: 1048.7 MiB)
[2024-11-02T08:18:32.690+0000] {spark_submit.py:579} INFO - 24/11/02 08:18:32 INFO BlockManagerInfo: Added broadcast_7_piece0 in memory on 172.19.0.5:38107 (size: 36.1 KiB, free: 1048.7 MiB)
[2024-11-02T08:18:32.744+0000] {spark_submit.py:579} INFO - 24/11/02 08:18:32 INFO TaskSetManager: Finished task 0.0 in stage 5.0 (TID 5) in 370 ms on 172.19.0.5 (executor 0) (1/1)
[2024-11-02T08:18:32.745+0000] {spark_submit.py:579} INFO - 24/11/02 08:18:32 INFO TaskSchedulerImpl: Removed TaskSet 5.0, whose tasks have all completed, from pool
[2024-11-02T08:18:32.746+0000] {spark_submit.py:579} INFO - 24/11/02 08:18:32 INFO DAGScheduler: ShuffleMapStage 5 ($anonfun$recordDeltaOperationInternal$1 at DatabricksLogging.scala:128) finished in 0.397 s
[2024-11-02T08:18:32.747+0000] {spark_submit.py:579} INFO - 24/11/02 08:18:32 INFO DAGScheduler: looking for newly runnable stages
[2024-11-02T08:18:32.747+0000] {spark_submit.py:579} INFO - 24/11/02 08:18:32 INFO DAGScheduler: running: Set()
[2024-11-02T08:18:32.748+0000] {spark_submit.py:579} INFO - 24/11/02 08:18:32 INFO DAGScheduler: waiting: Set()
[2024-11-02T08:18:32.749+0000] {spark_submit.py:579} INFO - 24/11/02 08:18:32 INFO DAGScheduler: failed: Set()
[2024-11-02T08:18:32.856+0000] {spark_submit.py:579} INFO - 24/11/02 08:18:32 INFO BlockManagerInfo: Removed broadcast_8_piece0 on ee9b80364a9a:35587 in memory (size: 39.0 KiB, free: 434.3 MiB)
[2024-11-02T08:18:32.859+0000] {spark_submit.py:579} INFO - 24/11/02 08:18:32 INFO BlockManagerInfo: Removed broadcast_8_piece0 on 172.19.0.5:38107 in memory (size: 39.0 KiB, free: 1048.7 MiB)
[2024-11-02T08:18:33.166+0000] {spark_submit.py:579} INFO - 24/11/02 08:18:33 INFO CodeGenerator: Generated method too long to be JIT compiled: org.apache.spark.sql.catalyst.expressions.GeneratedClass$GeneratedIteratorForCodegenStage3.serializefromobject_doConsume_0$ is 19938 bytes
[2024-11-02T08:18:33.166+0000] {spark_submit.py:579} INFO - 24/11/02 08:18:33 INFO CodeGenerator: Code generated in 263.269028 ms
[2024-11-02T08:18:33.270+0000] {spark_submit.py:579} INFO - 24/11/02 08:18:33 INFO CodeGenerator: Code generated in 84.078334 ms
[2024-11-02T08:18:33.769+0000] {spark_submit.py:579} INFO - 24/11/02 08:18:33 INFO CodeGenerator: Code generated in 142.626263 ms
[2024-11-02T08:18:33.779+0000] {spark_submit.py:579} INFO - 24/11/02 08:18:33 INFO DAGScheduler: Registering RDD 31 ($anonfun$recordDeltaOperationInternal$1 at DatabricksLogging.scala:128) as input to shuffle 2
[2024-11-02T08:18:33.780+0000] {spark_submit.py:579} INFO - 24/11/02 08:18:33 INFO DAGScheduler: Got map stage job 6 ($anonfun$recordDeltaOperationInternal$1 at DatabricksLogging.scala:128) with 50 output partitions
[2024-11-02T08:18:33.781+0000] {spark_submit.py:579} INFO - 24/11/02 08:18:33 INFO DAGScheduler: Final stage: ShuffleMapStage 7 ($anonfun$recordDeltaOperationInternal$1 at DatabricksLogging.scala:128)
[2024-11-02T08:18:33.781+0000] {spark_submit.py:579} INFO - 24/11/02 08:18:33 INFO DAGScheduler: Parents of final stage: List(ShuffleMapStage 6)
[2024-11-02T08:18:33.788+0000] {spark_submit.py:579} INFO - 24/11/02 08:18:33 INFO DAGScheduler: Missing parents: List()
[2024-11-02T08:18:33.789+0000] {spark_submit.py:579} INFO - 24/11/02 08:18:33 INFO DAGScheduler: Submitting ShuffleMapStage 7 (MapPartitionsRDD[31] at $anonfun$recordDeltaOperationInternal$1 at DatabricksLogging.scala:128), which has no missing parents
[2024-11-02T08:18:33.955+0000] {spark_submit.py:579} INFO - 24/11/02 08:18:33 INFO MemoryStore: Block broadcast_9 stored as values in memory (estimated size 517.0 KiB, free 433.2 MiB)
[2024-11-02T08:18:33.962+0000] {spark_submit.py:579} INFO - 24/11/02 08:18:33 INFO MemoryStore: Block broadcast_9_piece0 stored as bytes in memory (estimated size 123.3 KiB, free 433.1 MiB)
[2024-11-02T08:18:33.966+0000] {spark_submit.py:579} INFO - 24/11/02 08:18:33 INFO BlockManagerInfo: Added broadcast_9_piece0 in memory on ee9b80364a9a:35587 (size: 123.3 KiB, free: 434.2 MiB)
[2024-11-02T08:18:33.967+0000] {spark_submit.py:579} INFO - 24/11/02 08:18:33 INFO SparkContext: Created broadcast 9 from broadcast at DAGScheduler.scala:1540
[2024-11-02T08:18:33.969+0000] {spark_submit.py:579} INFO - 24/11/02 08:18:33 INFO DAGScheduler: Submitting 50 missing tasks from ShuffleMapStage 7 (MapPartitionsRDD[31] at $anonfun$recordDeltaOperationInternal$1 at DatabricksLogging.scala:128) (first 15 tasks are for partitions Vector(0, 1, 2, 3, 4, 5, 6, 7, 8, 9, 10, 11, 12, 13, 14))
[2024-11-02T08:18:33.975+0000] {spark_submit.py:579} INFO - 24/11/02 08:18:33 INFO TaskSchedulerImpl: Adding task set 7.0 with 50 tasks resource profile 0
[2024-11-02T08:18:33.979+0000] {spark_submit.py:579} INFO - 24/11/02 08:18:33 INFO TaskSetManager: Starting task 42.0 in stage 7.0 (TID 6) (172.19.0.5, executor 0, partition 42, NODE_LOCAL, 7356 bytes)
[2024-11-02T08:18:33.980+0000] {spark_submit.py:579} INFO - 24/11/02 08:18:33 INFO TaskSetManager: Starting task 48.0 in stage 7.0 (TID 7) (172.19.0.5, executor 0, partition 48, NODE_LOCAL, 7356 bytes)
[2024-11-02T08:18:34.023+0000] {spark_submit.py:579} INFO - 24/11/02 08:18:34 INFO BlockManagerInfo: Added broadcast_9_piece0 in memory on 172.19.0.5:38107 (size: 123.3 KiB, free: 1048.6 MiB)
[2024-11-02T08:18:34.182+0000] {spark_submit.py:579} INFO - 24/11/02 08:18:34 INFO MapOutputTrackerMasterEndpoint: Asked to send map output locations for shuffle 1 to 172.19.0.5:34826
[2024-11-02T08:18:34.922+0000] {spark_submit.py:579} INFO - 24/11/02 08:18:34 INFO BlockManagerInfo: Added rdd_28_48 in memory on 172.19.0.5:38107 (size: 478.0 B, free: 1048.6 MiB)
[2024-11-02T08:18:34.946+0000] {spark_submit.py:579} INFO - 24/11/02 08:18:34 INFO BlockManagerInfo: Added rdd_28_42 in memory on 172.19.0.5:38107 (size: 474.0 B, free: 1048.6 MiB)
[2024-11-02T08:18:35.219+0000] {spark_submit.py:579} INFO - 24/11/02 08:18:35 INFO TaskSetManager: Starting task 0.0 in stage 7.0 (TID 8) (172.19.0.5, executor 0, partition 0, PROCESS_LOCAL, 7356 bytes)
[2024-11-02T08:18:35.220+0000] {spark_submit.py:579} INFO - 24/11/02 08:18:35 INFO TaskSetManager: Finished task 42.0 in stage 7.0 (TID 6) in 1241 ms on 172.19.0.5 (executor 0) (1/50)
[2024-11-02T08:18:35.221+0000] {spark_submit.py:579} INFO - 24/11/02 08:18:35 INFO TaskSetManager: Starting task 1.0 in stage 7.0 (TID 9) (172.19.0.5, executor 0, partition 1, PROCESS_LOCAL, 7356 bytes)
[2024-11-02T08:18:35.222+0000] {spark_submit.py:579} INFO - 24/11/02 08:18:35 INFO TaskSetManager: Finished task 48.0 in stage 7.0 (TID 7) in 1243 ms on 172.19.0.5 (executor 0) (2/50)
[2024-11-02T08:18:35.300+0000] {spark_submit.py:579} INFO - 24/11/02 08:18:35 INFO BlockManagerInfo: Added rdd_28_1 in memory on 172.19.0.5:38107 (size: 46.0 B, free: 1048.6 MiB)
[2024-11-02T08:18:35.307+0000] {spark_submit.py:579} INFO - 24/11/02 08:18:35 INFO BlockManagerInfo: Added rdd_28_0 in memory on 172.19.0.5:38107 (size: 46.0 B, free: 1048.6 MiB)
[2024-11-02T08:18:35.341+0000] {spark_submit.py:579} INFO - 24/11/02 08:18:35 INFO TaskSetManager: Starting task 2.0 in stage 7.0 (TID 10) (172.19.0.5, executor 0, partition 2, PROCESS_LOCAL, 7356 bytes)
[2024-11-02T08:18:35.342+0000] {spark_submit.py:579} INFO - 24/11/02 08:18:35 INFO TaskSetManager: Finished task 1.0 in stage 7.0 (TID 9) in 121 ms on 172.19.0.5 (executor 0) (3/50)
[2024-11-02T08:18:35.360+0000] {spark_submit.py:579} INFO - 24/11/02 08:18:35 INFO TaskSetManager: Starting task 3.0 in stage 7.0 (TID 11) (172.19.0.5, executor 0, partition 3, PROCESS_LOCAL, 7356 bytes)
[2024-11-02T08:18:35.361+0000] {spark_submit.py:579} INFO - 24/11/02 08:18:35 INFO TaskSetManager: Finished task 0.0 in stage 7.0 (TID 8) in 142 ms on 172.19.0.5 (executor 0) (4/50)
[2024-11-02T08:18:35.449+0000] {spark_submit.py:579} INFO - 24/11/02 08:18:35 INFO BlockManagerInfo: Added rdd_28_2 in memory on 172.19.0.5:38107 (size: 46.0 B, free: 1048.6 MiB)
[2024-11-02T08:18:35.496+0000] {spark_submit.py:579} INFO - 24/11/02 08:18:35 INFO BlockManagerInfo: Added rdd_28_3 in memory on 172.19.0.5:38107 (size: 46.0 B, free: 1048.6 MiB)
[2024-11-02T08:18:35.524+0000] {spark_submit.py:579} INFO - 24/11/02 08:18:35 INFO TaskSetManager: Starting task 4.0 in stage 7.0 (TID 12) (172.19.0.5, executor 0, partition 4, PROCESS_LOCAL, 7356 bytes)
[2024-11-02T08:18:35.525+0000] {spark_submit.py:579} INFO - 24/11/02 08:18:35 INFO TaskSetManager: Finished task 2.0 in stage 7.0 (TID 10) in 183 ms on 172.19.0.5 (executor 0) (5/50)
[2024-11-02T08:18:35.596+0000] {spark_submit.py:579} INFO - 24/11/02 08:18:35 INFO BlockManagerInfo: Added rdd_28_4 in memory on 172.19.0.5:38107 (size: 46.0 B, free: 1048.6 MiB)
[2024-11-02T08:18:35.749+0000] {spark_submit.py:579} INFO - 24/11/02 08:18:35 INFO TaskSetManager: Starting task 5.0 in stage 7.0 (TID 13) (172.19.0.5, executor 0, partition 5, PROCESS_LOCAL, 7356 bytes)
[2024-11-02T08:18:35.749+0000] {spark_submit.py:579} INFO - 24/11/02 08:18:35 INFO TaskSetManager: Finished task 4.0 in stage 7.0 (TID 12) in 226 ms on 172.19.0.5 (executor 0) (6/50)
[2024-11-02T08:18:35.751+0000] {spark_submit.py:579} INFO - 24/11/02 08:18:35 INFO TaskSetManager: Starting task 6.0 in stage 7.0 (TID 14) (172.19.0.5, executor 0, partition 6, PROCESS_LOCAL, 7356 bytes)
[2024-11-02T08:18:35.752+0000] {spark_submit.py:579} INFO - 24/11/02 08:18:35 INFO TaskSetManager: Finished task 3.0 in stage 7.0 (TID 11) in 392 ms on 172.19.0.5 (executor 0) (7/50)
[2024-11-02T08:18:35.837+0000] {spark_submit.py:579} INFO - 24/11/02 08:18:35 INFO BlockManagerInfo: Added rdd_28_6 in memory on 172.19.0.5:38107 (size: 46.0 B, free: 1048.6 MiB)
[2024-11-02T08:18:35.838+0000] {spark_submit.py:579} INFO - 24/11/02 08:18:35 INFO BlockManagerInfo: Added rdd_28_5 in memory on 172.19.0.5:38107 (size: 46.0 B, free: 1048.6 MiB)
[2024-11-02T08:18:35.878+0000] {spark_submit.py:579} INFO - 24/11/02 08:18:35 INFO TaskSetManager: Starting task 7.0 in stage 7.0 (TID 15) (172.19.0.5, executor 0, partition 7, PROCESS_LOCAL, 7356 bytes)
[2024-11-02T08:18:35.879+0000] {spark_submit.py:579} INFO - 24/11/02 08:18:35 INFO TaskSetManager: Finished task 5.0 in stage 7.0 (TID 13) in 131 ms on 172.19.0.5 (executor 0) (8/50)
[2024-11-02T08:18:35.881+0000] {spark_submit.py:579} INFO - 24/11/02 08:18:35 INFO TaskSetManager: Starting task 8.0 in stage 7.0 (TID 16) (172.19.0.5, executor 0, partition 8, PROCESS_LOCAL, 7356 bytes)
[2024-11-02T08:18:35.882+0000] {spark_submit.py:579} INFO - 24/11/02 08:18:35 INFO TaskSetManager: Finished task 6.0 in stage 7.0 (TID 14) in 131 ms on 172.19.0.5 (executor 0) (9/50)
[2024-11-02T08:18:35.958+0000] {spark_submit.py:579} INFO - 24/11/02 08:18:35 INFO BlockManagerInfo: Added rdd_28_7 in memory on 172.19.0.5:38107 (size: 46.0 B, free: 1048.6 MiB)
[2024-11-02T08:18:35.965+0000] {spark_submit.py:579} INFO - 24/11/02 08:18:35 INFO BlockManagerInfo: Added rdd_28_8 in memory on 172.19.0.5:38107 (size: 46.0 B, free: 1048.6 MiB)
[2024-11-02T08:18:36.004+0000] {spark_submit.py:579} INFO - 24/11/02 08:18:36 INFO TaskSetManager: Starting task 9.0 in stage 7.0 (TID 17) (172.19.0.5, executor 0, partition 9, PROCESS_LOCAL, 7356 bytes)
[2024-11-02T08:18:36.005+0000] {spark_submit.py:579} INFO - 24/11/02 08:18:36 INFO TaskSetManager: Finished task 7.0 in stage 7.0 (TID 15) in 127 ms on 172.19.0.5 (executor 0) (10/50)
[2024-11-02T08:18:36.087+0000] {spark_submit.py:579} INFO - 24/11/02 08:18:36 INFO TaskSetManager: Starting task 10.0 in stage 7.0 (TID 18) (172.19.0.5, executor 0, partition 10, PROCESS_LOCAL, 7356 bytes)
[2024-11-02T08:18:36.088+0000] {spark_submit.py:579} INFO - 24/11/02 08:18:36 INFO TaskSetManager: Finished task 8.0 in stage 7.0 (TID 16) in 207 ms on 172.19.0.5 (executor 0) (11/50)
[2024-11-02T08:18:36.147+0000] {spark_submit.py:579} INFO - 24/11/02 08:18:36 INFO BlockManagerInfo: Added rdd_28_9 in memory on 172.19.0.5:38107 (size: 46.0 B, free: 1048.6 MiB)
[2024-11-02T08:18:36.171+0000] {spark_submit.py:579} INFO - 24/11/02 08:18:36 INFO BlockManagerInfo: Added rdd_28_10 in memory on 172.19.0.5:38107 (size: 46.0 B, free: 1048.6 MiB)
[2024-11-02T08:18:36.190+0000] {spark_submit.py:579} INFO - 24/11/02 08:18:36 INFO TaskSetManager: Starting task 11.0 in stage 7.0 (TID 19) (172.19.0.5, executor 0, partition 11, PROCESS_LOCAL, 7356 bytes)
[2024-11-02T08:18:36.191+0000] {spark_submit.py:579} INFO - 24/11/02 08:18:36 INFO TaskSetManager: Finished task 9.0 in stage 7.0 (TID 17) in 187 ms on 172.19.0.5 (executor 0) (12/50)
[2024-11-02T08:18:36.220+0000] {spark_submit.py:579} INFO - 24/11/02 08:18:36 INFO TaskSetManager: Starting task 12.0 in stage 7.0 (TID 20) (172.19.0.5, executor 0, partition 12, PROCESS_LOCAL, 7356 bytes)
[2024-11-02T08:18:36.222+0000] {spark_submit.py:579} INFO - 24/11/02 08:18:36 INFO TaskSetManager: Finished task 10.0 in stage 7.0 (TID 18) in 135 ms on 172.19.0.5 (executor 0) (13/50)
[2024-11-02T08:18:36.281+0000] {spark_submit.py:579} INFO - 24/11/02 08:18:36 INFO BlockManagerInfo: Added rdd_28_11 in memory on 172.19.0.5:38107 (size: 46.0 B, free: 1048.6 MiB)
[2024-11-02T08:18:36.310+0000] {spark_submit.py:579} INFO - 24/11/02 08:18:36 INFO BlockManagerInfo: Added rdd_28_12 in memory on 172.19.0.5:38107 (size: 46.0 B, free: 1048.6 MiB)
[2024-11-02T08:18:36.323+0000] {spark_submit.py:579} INFO - 24/11/02 08:18:36 INFO TaskSetManager: Starting task 13.0 in stage 7.0 (TID 21) (172.19.0.5, executor 0, partition 13, PROCESS_LOCAL, 7356 bytes)
[2024-11-02T08:18:36.324+0000] {spark_submit.py:579} INFO - 24/11/02 08:18:36 INFO TaskSetManager: Finished task 11.0 in stage 7.0 (TID 19) in 134 ms on 172.19.0.5 (executor 0) (14/50)
[2024-11-02T08:18:36.352+0000] {spark_submit.py:579} INFO - 24/11/02 08:18:36 INFO TaskSetManager: Starting task 14.0 in stage 7.0 (TID 22) (172.19.0.5, executor 0, partition 14, PROCESS_LOCAL, 7356 bytes)
[2024-11-02T08:18:36.353+0000] {spark_submit.py:579} INFO - 24/11/02 08:18:36 INFO TaskSetManager: Finished task 12.0 in stage 7.0 (TID 20) in 133 ms on 172.19.0.5 (executor 0) (15/50)
[2024-11-02T08:18:36.419+0000] {spark_submit.py:579} INFO - 24/11/02 08:18:36 INFO BlockManagerInfo: Added rdd_28_13 in memory on 172.19.0.5:38107 (size: 46.0 B, free: 1048.6 MiB)
[2024-11-02T08:18:36.460+0000] {spark_submit.py:579} INFO - 24/11/02 08:18:36 INFO BlockManagerInfo: Added rdd_28_14 in memory on 172.19.0.5:38107 (size: 46.0 B, free: 1048.6 MiB)
[2024-11-02T08:18:36.482+0000] {spark_submit.py:579} INFO - 24/11/02 08:18:36 INFO TaskSetManager: Starting task 15.0 in stage 7.0 (TID 23) (172.19.0.5, executor 0, partition 15, PROCESS_LOCAL, 7356 bytes)
[2024-11-02T08:18:36.484+0000] {spark_submit.py:579} INFO - 24/11/02 08:18:36 INFO TaskSetManager: Finished task 13.0 in stage 7.0 (TID 21) in 160 ms on 172.19.0.5 (executor 0) (16/50)
[2024-11-02T08:18:36.534+0000] {spark_submit.py:579} INFO - 24/11/02 08:18:36 INFO TaskSetManager: Starting task 16.0 in stage 7.0 (TID 24) (172.19.0.5, executor 0, partition 16, PROCESS_LOCAL, 7356 bytes)
[2024-11-02T08:18:36.535+0000] {spark_submit.py:579} INFO - 24/11/02 08:18:36 INFO TaskSetManager: Finished task 14.0 in stage 7.0 (TID 22) in 183 ms on 172.19.0.5 (executor 0) (17/50)
[2024-11-02T08:18:36.612+0000] {spark_submit.py:579} INFO - 24/11/02 08:18:36 INFO BlockManagerInfo: Added rdd_28_15 in memory on 172.19.0.5:38107 (size: 46.0 B, free: 1048.6 MiB)
[2024-11-02T08:18:36.627+0000] {spark_submit.py:579} INFO - 24/11/02 08:18:36 INFO BlockManagerInfo: Added rdd_28_16 in memory on 172.19.0.5:38107 (size: 46.0 B, free: 1048.6 MiB)
[2024-11-02T08:18:36.659+0000] {spark_submit.py:579} INFO - 24/11/02 08:18:36 INFO TaskSetManager: Starting task 17.0 in stage 7.0 (TID 25) (172.19.0.5, executor 0, partition 17, PROCESS_LOCAL, 7356 bytes)
[2024-11-02T08:18:36.660+0000] {spark_submit.py:579} INFO - 24/11/02 08:18:36 INFO TaskSetManager: Finished task 15.0 in stage 7.0 (TID 23) in 178 ms on 172.19.0.5 (executor 0) (18/50)
[2024-11-02T08:18:36.667+0000] {spark_submit.py:579} INFO - 24/11/02 08:18:36 INFO TaskSetManager: Starting task 18.0 in stage 7.0 (TID 26) (172.19.0.5, executor 0, partition 18, PROCESS_LOCAL, 7356 bytes)
[2024-11-02T08:18:36.668+0000] {spark_submit.py:579} INFO - 24/11/02 08:18:36 INFO TaskSetManager: Finished task 16.0 in stage 7.0 (TID 24) in 135 ms on 172.19.0.5 (executor 0) (19/50)
[2024-11-02T08:18:36.730+0000] {spark_submit.py:579} INFO - 24/11/02 08:18:36 INFO BlockManagerInfo: Added rdd_28_17 in memory on 172.19.0.5:38107 (size: 46.0 B, free: 1048.6 MiB)
[2024-11-02T08:18:36.735+0000] {spark_submit.py:579} INFO - 24/11/02 08:18:36 INFO BlockManagerInfo: Added rdd_28_18 in memory on 172.19.0.5:38107 (size: 46.0 B, free: 1048.6 MiB)
[2024-11-02T08:18:36.760+0000] {spark_submit.py:579} INFO - 24/11/02 08:18:36 INFO TaskSetManager: Starting task 19.0 in stage 7.0 (TID 27) (172.19.0.5, executor 0, partition 19, PROCESS_LOCAL, 7356 bytes)
[2024-11-02T08:18:36.761+0000] {spark_submit.py:579} INFO - 24/11/02 08:18:36 INFO TaskSetManager: Finished task 17.0 in stage 7.0 (TID 25) in 102 ms on 172.19.0.5 (executor 0) (20/50)
[2024-11-02T08:18:36.766+0000] {spark_submit.py:579} INFO - 24/11/02 08:18:36 INFO TaskSetManager: Starting task 20.0 in stage 7.0 (TID 28) (172.19.0.5, executor 0, partition 20, PROCESS_LOCAL, 7356 bytes)
[2024-11-02T08:18:36.767+0000] {spark_submit.py:579} INFO - 24/11/02 08:18:36 INFO TaskSetManager: Finished task 18.0 in stage 7.0 (TID 26) in 101 ms on 172.19.0.5 (executor 0) (21/50)
[2024-11-02T08:18:36.834+0000] {spark_submit.py:579} INFO - 24/11/02 08:18:36 INFO BlockManagerInfo: Added rdd_28_19 in memory on 172.19.0.5:38107 (size: 46.0 B, free: 1048.6 MiB)
[2024-11-02T08:18:36.835+0000] {spark_submit.py:579} INFO - 24/11/02 08:18:36 INFO BlockManagerInfo: Added rdd_28_20 in memory on 172.19.0.5:38107 (size: 46.0 B, free: 1048.6 MiB)
[2024-11-02T08:18:36.866+0000] {spark_submit.py:579} INFO - 24/11/02 08:18:36 INFO TaskSetManager: Starting task 21.0 in stage 7.0 (TID 29) (172.19.0.5, executor 0, partition 21, PROCESS_LOCAL, 7356 bytes)
[2024-11-02T08:18:36.867+0000] {spark_submit.py:579} INFO - 24/11/02 08:18:36 INFO TaskSetManager: Finished task 19.0 in stage 7.0 (TID 27) in 108 ms on 172.19.0.5 (executor 0) (22/50)
[2024-11-02T08:18:36.875+0000] {spark_submit.py:579} INFO - 24/11/02 08:18:36 INFO TaskSetManager: Starting task 22.0 in stage 7.0 (TID 30) (172.19.0.5, executor 0, partition 22, PROCESS_LOCAL, 7356 bytes)
[2024-11-02T08:18:36.876+0000] {spark_submit.py:579} INFO - 24/11/02 08:18:36 INFO TaskSetManager: Finished task 20.0 in stage 7.0 (TID 28) in 111 ms on 172.19.0.5 (executor 0) (23/50)
[2024-11-02T08:18:36.925+0000] {spark_submit.py:579} INFO - 24/11/02 08:18:36 INFO BlockManagerInfo: Added rdd_28_21 in memory on 172.19.0.5:38107 (size: 46.0 B, free: 1048.6 MiB)
[2024-11-02T08:18:36.931+0000] {spark_submit.py:579} INFO - 24/11/02 08:18:36 INFO BlockManagerInfo: Added rdd_28_22 in memory on 172.19.0.5:38107 (size: 46.0 B, free: 1048.6 MiB)
[2024-11-02T08:18:36.954+0000] {spark_submit.py:579} INFO - 24/11/02 08:18:36 INFO TaskSetManager: Starting task 23.0 in stage 7.0 (TID 31) (172.19.0.5, executor 0, partition 23, PROCESS_LOCAL, 7356 bytes)
[2024-11-02T08:18:36.955+0000] {spark_submit.py:579} INFO - 24/11/02 08:18:36 INFO TaskSetManager: Finished task 21.0 in stage 7.0 (TID 29) in 89 ms on 172.19.0.5 (executor 0) (24/50)
[2024-11-02T08:18:36.960+0000] {spark_submit.py:579} INFO - 24/11/02 08:18:36 INFO TaskSetManager: Starting task 24.0 in stage 7.0 (TID 32) (172.19.0.5, executor 0, partition 24, PROCESS_LOCAL, 7356 bytes)
[2024-11-02T08:18:36.961+0000] {spark_submit.py:579} INFO - 24/11/02 08:18:36 INFO TaskSetManager: Finished task 22.0 in stage 7.0 (TID 30) in 86 ms on 172.19.0.5 (executor 0) (25/50)
[2024-11-02T08:18:37.021+0000] {spark_submit.py:579} INFO - 24/11/02 08:18:37 INFO BlockManagerInfo: Added rdd_28_24 in memory on 172.19.0.5:38107 (size: 46.0 B, free: 1048.6 MiB)
[2024-11-02T08:18:37.026+0000] {spark_submit.py:579} INFO - 24/11/02 08:18:37 INFO BlockManagerInfo: Added rdd_28_23 in memory on 172.19.0.5:38107 (size: 46.0 B, free: 1048.6 MiB)
[2024-11-02T08:18:37.053+0000] {spark_submit.py:579} INFO - 24/11/02 08:18:37 INFO TaskSetManager: Starting task 25.0 in stage 7.0 (TID 33) (172.19.0.5, executor 0, partition 25, PROCESS_LOCAL, 7356 bytes)
[2024-11-02T08:18:37.054+0000] {spark_submit.py:579} INFO - 24/11/02 08:18:37 INFO TaskSetManager: Finished task 24.0 in stage 7.0 (TID 32) in 94 ms on 172.19.0.5 (executor 0) (26/50)
[2024-11-02T08:18:37.059+0000] {spark_submit.py:579} INFO - 24/11/02 08:18:37 INFO TaskSetManager: Starting task 26.0 in stage 7.0 (TID 34) (172.19.0.5, executor 0, partition 26, PROCESS_LOCAL, 7356 bytes)
[2024-11-02T08:18:37.060+0000] {spark_submit.py:579} INFO - 24/11/02 08:18:37 INFO TaskSetManager: Finished task 23.0 in stage 7.0 (TID 31) in 106 ms on 172.19.0.5 (executor 0) (27/50)
[2024-11-02T08:18:37.107+0000] {spark_submit.py:579} INFO - 24/11/02 08:18:37 INFO BlockManagerInfo: Added rdd_28_25 in memory on 172.19.0.5:38107 (size: 46.0 B, free: 1048.6 MiB)
[2024-11-02T08:18:37.114+0000] {spark_submit.py:579} INFO - 24/11/02 08:18:37 INFO BlockManagerInfo: Added rdd_28_26 in memory on 172.19.0.5:38107 (size: 46.0 B, free: 1048.6 MiB)
[2024-11-02T08:18:37.137+0000] {spark_submit.py:579} INFO - 24/11/02 08:18:37 INFO TaskSetManager: Starting task 27.0 in stage 7.0 (TID 35) (172.19.0.5, executor 0, partition 27, PROCESS_LOCAL, 7356 bytes)
[2024-11-02T08:18:37.137+0000] {spark_submit.py:579} INFO - 24/11/02 08:18:37 INFO TaskSetManager: Finished task 25.0 in stage 7.0 (TID 33) in 85 ms on 172.19.0.5 (executor 0) (28/50)
[2024-11-02T08:18:37.141+0000] {spark_submit.py:579} INFO - 24/11/02 08:18:37 INFO TaskSetManager: Starting task 28.0 in stage 7.0 (TID 36) (172.19.0.5, executor 0, partition 28, PROCESS_LOCAL, 7356 bytes)
[2024-11-02T08:18:37.142+0000] {spark_submit.py:579} INFO - 24/11/02 08:18:37 INFO TaskSetManager: Finished task 26.0 in stage 7.0 (TID 34) in 82 ms on 172.19.0.5 (executor 0) (29/50)
[2024-11-02T08:18:37.188+0000] {spark_submit.py:579} INFO - 24/11/02 08:18:37 INFO BlockManagerInfo: Added rdd_28_27 in memory on 172.19.0.5:38107 (size: 46.0 B, free: 1048.6 MiB)
[2024-11-02T08:18:37.199+0000] {spark_submit.py:579} INFO - 24/11/02 08:18:37 INFO BlockManagerInfo: Added rdd_28_28 in memory on 172.19.0.5:38107 (size: 46.0 B, free: 1048.6 MiB)
[2024-11-02T08:18:37.217+0000] {spark_submit.py:579} INFO - 24/11/02 08:18:37 INFO TaskSetManager: Starting task 29.0 in stage 7.0 (TID 37) (172.19.0.5, executor 0, partition 29, PROCESS_LOCAL, 7356 bytes)
[2024-11-02T08:18:37.218+0000] {spark_submit.py:579} INFO - 24/11/02 08:18:37 INFO TaskSetManager: Finished task 27.0 in stage 7.0 (TID 35) in 82 ms on 172.19.0.5 (executor 0) (30/50)
[2024-11-02T08:18:37.226+0000] {spark_submit.py:579} INFO - 24/11/02 08:18:37 INFO TaskSetManager: Starting task 30.0 in stage 7.0 (TID 38) (172.19.0.5, executor 0, partition 30, PROCESS_LOCAL, 7356 bytes)
[2024-11-02T08:18:37.227+0000] {spark_submit.py:579} INFO - 24/11/02 08:18:37 INFO TaskSetManager: Finished task 28.0 in stage 7.0 (TID 36) in 87 ms on 172.19.0.5 (executor 0) (31/50)
[2024-11-02T08:18:37.275+0000] {spark_submit.py:579} INFO - 24/11/02 08:18:37 INFO BlockManagerInfo: Added rdd_28_29 in memory on 172.19.0.5:38107 (size: 46.0 B, free: 1048.6 MiB)
[2024-11-02T08:18:37.285+0000] {spark_submit.py:579} INFO - 24/11/02 08:18:37 INFO BlockManagerInfo: Added rdd_28_30 in memory on 172.19.0.5:38107 (size: 46.0 B, free: 1048.6 MiB)
[2024-11-02T08:18:37.313+0000] {spark_submit.py:579} INFO - 24/11/02 08:18:37 INFO TaskSetManager: Starting task 31.0 in stage 7.0 (TID 39) (172.19.0.5, executor 0, partition 31, PROCESS_LOCAL, 7356 bytes)
[2024-11-02T08:18:37.314+0000] {spark_submit.py:579} INFO - 24/11/02 08:18:37 INFO TaskSetManager: Finished task 29.0 in stage 7.0 (TID 37) in 98 ms on 172.19.0.5 (executor 0) (32/50)
[2024-11-02T08:18:37.326+0000] {spark_submit.py:579} INFO - 24/11/02 08:18:37 INFO TaskSetManager: Starting task 32.0 in stage 7.0 (TID 40) (172.19.0.5, executor 0, partition 32, PROCESS_LOCAL, 7356 bytes)
[2024-11-02T08:18:37.327+0000] {spark_submit.py:579} INFO - 24/11/02 08:18:37 INFO TaskSetManager: Finished task 30.0 in stage 7.0 (TID 38) in 101 ms on 172.19.0.5 (executor 0) (33/50)
[2024-11-02T08:18:37.372+0000] {spark_submit.py:579} INFO - 24/11/02 08:18:37 INFO BlockManagerInfo: Added rdd_28_31 in memory on 172.19.0.5:38107 (size: 46.0 B, free: 1048.6 MiB)
[2024-11-02T08:18:37.386+0000] {spark_submit.py:579} INFO - 24/11/02 08:18:37 INFO BlockManagerInfo: Added rdd_28_32 in memory on 172.19.0.5:38107 (size: 46.0 B, free: 1048.6 MiB)
[2024-11-02T08:18:37.407+0000] {spark_submit.py:579} INFO - 24/11/02 08:18:37 INFO TaskSetManager: Starting task 33.0 in stage 7.0 (TID 41) (172.19.0.5, executor 0, partition 33, PROCESS_LOCAL, 7356 bytes)
[2024-11-02T08:18:37.408+0000] {spark_submit.py:579} INFO - 24/11/02 08:18:37 INFO TaskSetManager: Finished task 31.0 in stage 7.0 (TID 39) in 95 ms on 172.19.0.5 (executor 0) (34/50)
[2024-11-02T08:18:37.419+0000] {spark_submit.py:579} INFO - 24/11/02 08:18:37 INFO TaskSetManager: Starting task 34.0 in stage 7.0 (TID 42) (172.19.0.5, executor 0, partition 34, PROCESS_LOCAL, 7356 bytes)
[2024-11-02T08:18:37.420+0000] {spark_submit.py:579} INFO - 24/11/02 08:18:37 INFO TaskSetManager: Finished task 32.0 in stage 7.0 (TID 40) in 94 ms on 172.19.0.5 (executor 0) (35/50)
[2024-11-02T08:18:37.471+0000] {spark_submit.py:579} INFO - 24/11/02 08:18:37 INFO BlockManagerInfo: Added rdd_28_33 in memory on 172.19.0.5:38107 (size: 46.0 B, free: 1048.6 MiB)
[2024-11-02T08:18:37.479+0000] {spark_submit.py:579} INFO - 24/11/02 08:18:37 INFO BlockManagerInfo: Added rdd_28_34 in memory on 172.19.0.5:38107 (size: 46.0 B, free: 1048.6 MiB)
[2024-11-02T08:18:37.507+0000] {spark_submit.py:579} INFO - 24/11/02 08:18:37 INFO TaskSetManager: Starting task 35.0 in stage 7.0 (TID 43) (172.19.0.5, executor 0, partition 35, PROCESS_LOCAL, 7356 bytes)
[2024-11-02T08:18:37.508+0000] {spark_submit.py:579} INFO - 24/11/02 08:18:37 INFO TaskSetManager: Finished task 33.0 in stage 7.0 (TID 41) in 101 ms on 172.19.0.5 (executor 0) (36/50)
[2024-11-02T08:18:37.509+0000] {spark_submit.py:579} INFO - 24/11/02 08:18:37 INFO TaskSetManager: Starting task 36.0 in stage 7.0 (TID 44) (172.19.0.5, executor 0, partition 36, PROCESS_LOCAL, 7356 bytes)
[2024-11-02T08:18:37.510+0000] {spark_submit.py:579} INFO - 24/11/02 08:18:37 INFO TaskSetManager: Finished task 34.0 in stage 7.0 (TID 42) in 92 ms on 172.19.0.5 (executor 0) (37/50)
[2024-11-02T08:18:37.568+0000] {spark_submit.py:579} INFO - 24/11/02 08:18:37 INFO BlockManagerInfo: Added rdd_28_35 in memory on 172.19.0.5:38107 (size: 46.0 B, free: 1048.6 MiB)
[2024-11-02T08:18:37.590+0000] {spark_submit.py:579} INFO - 24/11/02 08:18:37 INFO BlockManagerInfo: Added rdd_28_36 in memory on 172.19.0.5:38107 (size: 46.0 B, free: 1048.6 MiB)
[2024-11-02T08:18:37.604+0000] {spark_submit.py:579} INFO - 24/11/02 08:18:37 INFO TaskSetManager: Starting task 37.0 in stage 7.0 (TID 45) (172.19.0.5, executor 0, partition 37, PROCESS_LOCAL, 7356 bytes)
[2024-11-02T08:18:37.605+0000] {spark_submit.py:579} INFO - 24/11/02 08:18:37 INFO TaskSetManager: Finished task 35.0 in stage 7.0 (TID 43) in 99 ms on 172.19.0.5 (executor 0) (38/50)
[2024-11-02T08:18:37.618+0000] {spark_submit.py:579} INFO - 24/11/02 08:18:37 INFO TaskSetManager: Starting task 38.0 in stage 7.0 (TID 46) (172.19.0.5, executor 0, partition 38, PROCESS_LOCAL, 7356 bytes)
[2024-11-02T08:18:37.620+0000] {spark_submit.py:579} INFO - 24/11/02 08:18:37 INFO TaskSetManager: Finished task 36.0 in stage 7.0 (TID 44) in 111 ms on 172.19.0.5 (executor 0) (39/50)
[2024-11-02T08:18:37.666+0000] {spark_submit.py:579} INFO - 24/11/02 08:18:37 INFO BlockManagerInfo: Added rdd_28_37 in memory on 172.19.0.5:38107 (size: 46.0 B, free: 1048.6 MiB)
[2024-11-02T08:18:37.681+0000] {spark_submit.py:579} INFO - 24/11/02 08:18:37 INFO BlockManagerInfo: Added rdd_28_38 in memory on 172.19.0.5:38107 (size: 46.0 B, free: 1048.6 MiB)
[2024-11-02T08:18:37.713+0000] {spark_submit.py:579} INFO - 24/11/02 08:18:37 INFO TaskSetManager: Starting task 39.0 in stage 7.0 (TID 47) (172.19.0.5, executor 0, partition 39, PROCESS_LOCAL, 7356 bytes)
[2024-11-02T08:18:37.714+0000] {spark_submit.py:579} INFO - 24/11/02 08:18:37 INFO TaskSetManager: Finished task 38.0 in stage 7.0 (TID 46) in 96 ms on 172.19.0.5 (executor 0) (40/50)
[2024-11-02T08:18:37.719+0000] {spark_submit.py:579} INFO - 24/11/02 08:18:37 INFO TaskSetManager: Starting task 40.0 in stage 7.0 (TID 48) (172.19.0.5, executor 0, partition 40, PROCESS_LOCAL, 7356 bytes)
[2024-11-02T08:18:37.720+0000] {spark_submit.py:579} INFO - 24/11/02 08:18:37 INFO TaskSetManager: Finished task 37.0 in stage 7.0 (TID 45) in 116 ms on 172.19.0.5 (executor 0) (41/50)
[2024-11-02T08:18:37.773+0000] {spark_submit.py:579} INFO - 24/11/02 08:18:37 INFO BlockManagerInfo: Added rdd_28_40 in memory on 172.19.0.5:38107 (size: 46.0 B, free: 1048.6 MiB)
[2024-11-02T08:18:37.780+0000] {spark_submit.py:579} INFO - 24/11/02 08:18:37 INFO BlockManagerInfo: Added rdd_28_39 in memory on 172.19.0.5:38107 (size: 46.0 B, free: 1048.6 MiB)
[2024-11-02T08:18:37.803+0000] {spark_submit.py:579} INFO - 24/11/02 08:18:37 INFO TaskSetManager: Starting task 41.0 in stage 7.0 (TID 49) (172.19.0.5, executor 0, partition 41, PROCESS_LOCAL, 7356 bytes)
[2024-11-02T08:18:37.804+0000] {spark_submit.py:579} INFO - 24/11/02 08:18:37 INFO TaskSetManager: Finished task 40.0 in stage 7.0 (TID 48) in 86 ms on 172.19.0.5 (executor 0) (42/50)
[2024-11-02T08:18:37.809+0000] {spark_submit.py:579} INFO - 24/11/02 08:18:37 INFO TaskSetManager: Starting task 43.0 in stage 7.0 (TID 50) (172.19.0.5, executor 0, partition 43, PROCESS_LOCAL, 7356 bytes)
[2024-11-02T08:18:37.810+0000] {spark_submit.py:579} INFO - 24/11/02 08:18:37 INFO TaskSetManager: Finished task 39.0 in stage 7.0 (TID 47) in 97 ms on 172.19.0.5 (executor 0) (43/50)
[2024-11-02T08:18:37.854+0000] {spark_submit.py:579} INFO - 24/11/02 08:18:37 INFO BlockManagerInfo: Added rdd_28_41 in memory on 172.19.0.5:38107 (size: 46.0 B, free: 1048.6 MiB)
[2024-11-02T08:18:37.859+0000] {spark_submit.py:579} INFO - 24/11/02 08:18:37 INFO BlockManagerInfo: Added rdd_28_43 in memory on 172.19.0.5:38107 (size: 46.0 B, free: 1048.6 MiB)
[2024-11-02T08:18:37.878+0000] {spark_submit.py:579} INFO - 24/11/02 08:18:37 INFO TaskSetManager: Starting task 44.0 in stage 7.0 (TID 51) (172.19.0.5, executor 0, partition 44, PROCESS_LOCAL, 7356 bytes)
[2024-11-02T08:18:37.878+0000] {spark_submit.py:579} INFO - 24/11/02 08:18:37 INFO TaskSetManager: Finished task 41.0 in stage 7.0 (TID 49) in 76 ms on 172.19.0.5 (executor 0) (44/50)
[2024-11-02T08:18:37.884+0000] {spark_submit.py:579} INFO - 24/11/02 08:18:37 INFO TaskSetManager: Starting task 45.0 in stage 7.0 (TID 52) (172.19.0.5, executor 0, partition 45, PROCESS_LOCAL, 7356 bytes)
[2024-11-02T08:18:37.885+0000] {spark_submit.py:579} INFO - 24/11/02 08:18:37 INFO TaskSetManager: Finished task 43.0 in stage 7.0 (TID 50) in 77 ms on 172.19.0.5 (executor 0) (45/50)
[2024-11-02T08:18:37.924+0000] {spark_submit.py:579} INFO - 24/11/02 08:18:37 INFO BlockManagerInfo: Added rdd_28_44 in memory on 172.19.0.5:38107 (size: 46.0 B, free: 1048.6 MiB)
[2024-11-02T08:18:37.931+0000] {spark_submit.py:579} INFO - 24/11/02 08:18:37 INFO BlockManagerInfo: Added rdd_28_45 in memory on 172.19.0.5:38107 (size: 46.0 B, free: 1048.6 MiB)
[2024-11-02T08:18:37.946+0000] {spark_submit.py:579} INFO - 24/11/02 08:18:37 INFO TaskSetManager: Starting task 46.0 in stage 7.0 (TID 53) (172.19.0.5, executor 0, partition 46, PROCESS_LOCAL, 7356 bytes)
[2024-11-02T08:18:37.947+0000] {spark_submit.py:579} INFO - 24/11/02 08:18:37 INFO TaskSetManager: Finished task 44.0 in stage 7.0 (TID 51) in 70 ms on 172.19.0.5 (executor 0) (46/50)
[2024-11-02T08:18:37.959+0000] {spark_submit.py:579} INFO - 24/11/02 08:18:37 INFO TaskSetManager: Starting task 47.0 in stage 7.0 (TID 54) (172.19.0.5, executor 0, partition 47, PROCESS_LOCAL, 7356 bytes)
[2024-11-02T08:18:37.960+0000] {spark_submit.py:579} INFO - 24/11/02 08:18:37 INFO TaskSetManager: Finished task 45.0 in stage 7.0 (TID 52) in 75 ms on 172.19.0.5 (executor 0) (47/50)
[2024-11-02T08:18:37.989+0000] {spark_submit.py:579} INFO - 24/11/02 08:18:37 INFO BlockManagerInfo: Added rdd_28_46 in memory on 172.19.0.5:38107 (size: 46.0 B, free: 1048.6 MiB)
[2024-11-02T08:18:38.000+0000] {spark_submit.py:579} INFO - 24/11/02 08:18:38 INFO BlockManagerInfo: Added rdd_28_47 in memory on 172.19.0.5:38107 (size: 46.0 B, free: 1048.6 MiB)
[2024-11-02T08:18:38.013+0000] {spark_submit.py:579} INFO - 24/11/02 08:18:38 INFO TaskSetManager: Starting task 49.0 in stage 7.0 (TID 55) (172.19.0.5, executor 0, partition 49, PROCESS_LOCAL, 7356 bytes)
[2024-11-02T08:18:38.014+0000] {spark_submit.py:579} INFO - 24/11/02 08:18:38 INFO TaskSetManager: Finished task 46.0 in stage 7.0 (TID 53) in 67 ms on 172.19.0.5 (executor 0) (48/50)
[2024-11-02T08:18:38.031+0000] {spark_submit.py:579} INFO - 24/11/02 08:18:38 INFO TaskSetManager: Finished task 47.0 in stage 7.0 (TID 54) in 73 ms on 172.19.0.5 (executor 0) (49/50)
[2024-11-02T08:18:38.058+0000] {spark_submit.py:579} INFO - 24/11/02 08:18:38 INFO BlockManagerInfo: Added rdd_28_49 in memory on 172.19.0.5:38107 (size: 46.0 B, free: 1048.6 MiB)
[2024-11-02T08:18:38.078+0000] {spark_submit.py:579} INFO - 24/11/02 08:18:38 INFO TaskSetManager: Finished task 49.0 in stage 7.0 (TID 55) in 66 ms on 172.19.0.5 (executor 0) (50/50)
[2024-11-02T08:18:38.079+0000] {spark_submit.py:579} INFO - 24/11/02 08:18:38 INFO TaskSchedulerImpl: Removed TaskSet 7.0, whose tasks have all completed, from pool
[2024-11-02T08:18:38.080+0000] {spark_submit.py:579} INFO - 24/11/02 08:18:38 INFO DAGScheduler: ShuffleMapStage 7 ($anonfun$recordDeltaOperationInternal$1 at DatabricksLogging.scala:128) finished in 4.284 s
[2024-11-02T08:18:38.081+0000] {spark_submit.py:579} INFO - 24/11/02 08:18:38 INFO DAGScheduler: looking for newly runnable stages
[2024-11-02T08:18:38.081+0000] {spark_submit.py:579} INFO - 24/11/02 08:18:38 INFO DAGScheduler: running: Set()
[2024-11-02T08:18:38.082+0000] {spark_submit.py:579} INFO - 24/11/02 08:18:38 INFO DAGScheduler: waiting: Set()
[2024-11-02T08:18:38.083+0000] {spark_submit.py:579} INFO - 24/11/02 08:18:38 INFO DAGScheduler: failed: Set()
[2024-11-02T08:18:38.112+0000] {spark_submit.py:579} INFO - 24/11/02 08:18:38 INFO SparkContext: Starting job: $anonfun$recordDeltaOperationInternal$1 at DatabricksLogging.scala:128
[2024-11-02T08:18:38.114+0000] {spark_submit.py:579} INFO - 24/11/02 08:18:38 INFO DAGScheduler: Got job 7 ($anonfun$recordDeltaOperationInternal$1 at DatabricksLogging.scala:128) with 1 output partitions
[2024-11-02T08:18:38.115+0000] {spark_submit.py:579} INFO - 24/11/02 08:18:38 INFO DAGScheduler: Final stage: ResultStage 10 ($anonfun$recordDeltaOperationInternal$1 at DatabricksLogging.scala:128)
[2024-11-02T08:18:38.116+0000] {spark_submit.py:579} INFO - 24/11/02 08:18:38 INFO DAGScheduler: Parents of final stage: List(ShuffleMapStage 9)
[2024-11-02T08:18:38.116+0000] {spark_submit.py:579} INFO - 24/11/02 08:18:38 INFO DAGScheduler: Missing parents: List()
[2024-11-02T08:18:38.117+0000] {spark_submit.py:579} INFO - 24/11/02 08:18:38 INFO DAGScheduler: Submitting ResultStage 10 (MapPartitionsRDD[34] at $anonfun$recordDeltaOperationInternal$1 at DatabricksLogging.scala:128), which has no missing parents
[2024-11-02T08:18:38.122+0000] {spark_submit.py:579} INFO - 24/11/02 08:18:38 INFO MemoryStore: Block broadcast_10 stored as values in memory (estimated size 452.2 KiB, free 432.6 MiB)
[2024-11-02T08:18:38.125+0000] {spark_submit.py:579} INFO - 24/11/02 08:18:38 INFO MemoryStore: Block broadcast_10_piece0 stored as bytes in memory (estimated size 108.0 KiB, free 432.5 MiB)
[2024-11-02T08:18:38.127+0000] {spark_submit.py:579} INFO - 24/11/02 08:18:38 INFO BlockManagerInfo: Added broadcast_10_piece0 in memory on ee9b80364a9a:35587 (size: 108.0 KiB, free: 434.1 MiB)
[2024-11-02T08:18:38.128+0000] {spark_submit.py:579} INFO - 24/11/02 08:18:38 INFO SparkContext: Created broadcast 10 from broadcast at DAGScheduler.scala:1540
[2024-11-02T08:18:38.128+0000] {spark_submit.py:579} INFO - 24/11/02 08:18:38 INFO DAGScheduler: Submitting 1 missing tasks from ResultStage 10 (MapPartitionsRDD[34] at $anonfun$recordDeltaOperationInternal$1 at DatabricksLogging.scala:128) (first 15 tasks are for partitions Vector(0))
[2024-11-02T08:18:38.129+0000] {spark_submit.py:579} INFO - 24/11/02 08:18:38 INFO TaskSchedulerImpl: Adding task set 10.0 with 1 tasks resource profile 0
[2024-11-02T08:18:38.130+0000] {spark_submit.py:579} INFO - 24/11/02 08:18:38 INFO TaskSetManager: Starting task 0.0 in stage 10.0 (TID 56) (172.19.0.5, executor 0, partition 0, NODE_LOCAL, 7367 bytes)
[2024-11-02T08:18:38.143+0000] {spark_submit.py:579} INFO - 24/11/02 08:18:38 INFO BlockManagerInfo: Added broadcast_10_piece0 in memory on 172.19.0.5:38107 (size: 108.0 KiB, free: 1048.5 MiB)
[2024-11-02T08:18:38.157+0000] {spark_submit.py:579} INFO - 24/11/02 08:18:38 INFO MapOutputTrackerMasterEndpoint: Asked to send map output locations for shuffle 2 to 172.19.0.5:34826
[2024-11-02T08:18:38.229+0000] {spark_submit.py:579} INFO - 24/11/02 08:18:38 INFO TaskSetManager: Finished task 0.0 in stage 10.0 (TID 56) in 99 ms on 172.19.0.5 (executor 0) (1/1)
[2024-11-02T08:18:38.230+0000] {spark_submit.py:579} INFO - 24/11/02 08:18:38 INFO TaskSchedulerImpl: Removed TaskSet 10.0, whose tasks have all completed, from pool
[2024-11-02T08:18:38.231+0000] {spark_submit.py:579} INFO - 24/11/02 08:18:38 INFO DAGScheduler: ResultStage 10 ($anonfun$recordDeltaOperationInternal$1 at DatabricksLogging.scala:128) finished in 0.113 s
[2024-11-02T08:18:38.231+0000] {spark_submit.py:579} INFO - 24/11/02 08:18:38 INFO DAGScheduler: Job 7 is finished. Cancelling potential speculative or zombie tasks for this job
[2024-11-02T08:18:38.232+0000] {spark_submit.py:579} INFO - 24/11/02 08:18:38 INFO TaskSchedulerImpl: Killing all running tasks in stage 10: Stage finished
[2024-11-02T08:18:38.233+0000] {spark_submit.py:579} INFO - 24/11/02 08:18:38 INFO DAGScheduler: Job 7 finished: $anonfun$recordDeltaOperationInternal$1 at DatabricksLogging.scala:128, took 0.118474 s
[2024-11-02T08:18:38.298+0000] {spark_submit.py:579} INFO - 24/11/02 08:18:38 INFO CodeGenerator: Code generated in 44.677843 ms
[2024-11-02T08:18:38.301+0000] {spark_submit.py:579} INFO - 24/11/02 08:18:38 INFO Snapshot: [tableId=51518ece-2f2f-42e6-a75d-2d5eb6484f6f] DELTA: Done
[2024-11-02T08:18:38.330+0000] {spark_submit.py:579} INFO - 24/11/02 08:18:38 INFO OptimisticTransaction: [tableId=214d12ba,txnId=f37fd34a] Committed delta #0 to s3a://lakehouse/sliver/credit/_delta_log
[2024-11-02T08:18:38.343+0000] {spark_submit.py:579} INFO - 2024-11-02 08:18:38,343 INFO: Data cleaning and saving process completed successfully.
[2024-11-02T08:18:38.346+0000] {spark_submit.py:579} INFO - 24/11/02 08:18:38 INFO SparkContext: SparkContext is stopping with exitCode 0.
[2024-11-02T08:18:38.369+0000] {spark_submit.py:579} INFO - 24/11/02 08:18:38 INFO SparkUI: Stopped Spark web UI at http://ee9b80364a9a:4041
[2024-11-02T08:18:38.376+0000] {spark_submit.py:579} INFO - 24/11/02 08:18:38 INFO StandaloneSchedulerBackend: Shutting down all executors
[2024-11-02T08:18:38.377+0000] {spark_submit.py:579} INFO - 24/11/02 08:18:38 INFO StandaloneSchedulerBackend$StandaloneDriverEndpoint: Asking each executor to shut down
[2024-11-02T08:18:38.412+0000] {spark_submit.py:579} INFO - 24/11/02 08:18:38 INFO MapOutputTrackerMasterEndpoint: MapOutputTrackerMasterEndpoint stopped!
[2024-11-02T08:18:38.449+0000] {spark_submit.py:579} INFO - 24/11/02 08:18:38 INFO MemoryStore: MemoryStore cleared
[2024-11-02T08:18:38.450+0000] {spark_submit.py:579} INFO - 24/11/02 08:18:38 INFO BlockManager: BlockManager stopped
[2024-11-02T08:18:38.454+0000] {spark_submit.py:579} INFO - 24/11/02 08:18:38 INFO BlockManagerMaster: BlockManagerMaster stopped
[2024-11-02T08:18:38.462+0000] {spark_submit.py:579} INFO - 24/11/02 08:18:38 INFO OutputCommitCoordinator$OutputCommitCoordinatorEndpoint: OutputCommitCoordinator stopped!
[2024-11-02T08:18:38.528+0000] {spark_submit.py:579} INFO - 24/11/02 08:18:38 INFO SparkContext: Successfully stopped SparkContext
[2024-11-02T08:18:38.962+0000] {spark_submit.py:579} INFO - 2024-11-02 08:18:38,961 INFO: Closing down clientserver connection
[2024-11-02T08:18:39.098+0000] {spark_submit.py:579} INFO - 24/11/02 08:18:39 INFO ShutdownHookManager: Shutdown hook called
[2024-11-02T08:18:39.100+0000] {spark_submit.py:579} INFO - 24/11/02 08:18:39 INFO ShutdownHookManager: Deleting directory /tmp/spark-96287e4d-2d6b-433c-a7aa-5abb1b307f1a
[2024-11-02T08:18:39.105+0000] {spark_submit.py:579} INFO - 24/11/02 08:18:39 INFO ShutdownHookManager: Deleting directory /tmp/spark-9f4b4dd5-2a7e-4250-bb2f-f2a80d91d29c
[2024-11-02T08:18:39.112+0000] {spark_submit.py:579} INFO - 24/11/02 08:18:39 INFO ShutdownHookManager: Deleting directory /tmp/spark-9f4b4dd5-2a7e-4250-bb2f-f2a80d91d29c/pyspark-5ed06512-808f-43aa-8610-e04442364d97
[2024-11-02T08:18:39.129+0000] {spark_submit.py:579} INFO - 24/11/02 08:18:39 INFO MetricsSystemImpl: Stopping s3a-file-system metrics system...
[2024-11-02T08:18:39.130+0000] {spark_submit.py:579} INFO - 24/11/02 08:18:39 INFO MetricsSystemImpl: s3a-file-system metrics system stopped.
[2024-11-02T08:18:39.130+0000] {spark_submit.py:579} INFO - 24/11/02 08:18:39 INFO MetricsSystemImpl: s3a-file-system metrics system shutdown complete.
[2024-11-02T08:18:39.222+0000] {taskinstance.py:1398} INFO - Marking task as SUCCESS. dag_id=task_credits_clean, task_id=credits_cleaned, execution_date=20241101T000000, start_date=20241102T081747, end_date=20241102T081839
[2024-11-02T08:18:39.283+0000] {local_task_job_runner.py:228} INFO - Task exited with return code 0
[2024-11-02T08:18:39.298+0000] {taskinstance.py:2776} INFO - 0 downstream tasks scheduled from follow-on schedule check
