[2024-11-03T10:08:49.541+0000] {taskinstance.py:1157} INFO - Dependencies all met for dep_context=non-requeueable deps ti=<TaskInstance: task_credits_clean.credits_cleaned manual__2024-11-03T10:05:26.104303+00:00 [queued]>
[2024-11-03T10:08:49.551+0000] {taskinstance.py:1157} INFO - Dependencies all met for dep_context=requeueable deps ti=<TaskInstance: task_credits_clean.credits_cleaned manual__2024-11-03T10:05:26.104303+00:00 [queued]>
[2024-11-03T10:08:49.551+0000] {taskinstance.py:1359} INFO - Starting attempt 3 of 4
[2024-11-03T10:08:49.563+0000] {taskinstance.py:1380} INFO - Executing <Task(SparkSubmitOperator): credits_cleaned> on 2024-11-03 10:05:26.104303+00:00
[2024-11-03T10:08:49.570+0000] {standard_task_runner.py:57} INFO - Started process 5322 to run task
[2024-11-03T10:08:49.575+0000] {standard_task_runner.py:84} INFO - Running: ['***', 'tasks', 'run', 'task_credits_clean', 'credits_cleaned', 'manual__2024-11-03T10:05:26.104303+00:00', '--job-id', '160', '--raw', '--subdir', 'DAGS_FOLDER/credits_test.py', '--cfg-path', '/tmp/tmpro7o0lhg']
[2024-11-03T10:08:49.580+0000] {standard_task_runner.py:85} INFO - Job 160: Subtask credits_cleaned
[2024-11-03T10:08:49.645+0000] {task_command.py:415} INFO - Running <TaskInstance: task_credits_clean.credits_cleaned manual__2024-11-03T10:05:26.104303+00:00 [running]> on host eb88dbfa1959
[2024-11-03T10:08:49.737+0000] {taskinstance.py:1660} INFO - Exporting env vars: AIRFLOW_CTX_DAG_OWNER='***' AIRFLOW_CTX_DAG_ID='task_credits_clean' AIRFLOW_CTX_TASK_ID='credits_cleaned' AIRFLOW_CTX_EXECUTION_DATE='2024-11-03T10:05:26.104303+00:00' AIRFLOW_CTX_TRY_NUMBER='3' AIRFLOW_CTX_DAG_RUN_ID='manual__2024-11-03T10:05:26.104303+00:00'
[2024-11-03T10:08:49.750+0000] {base.py:73} INFO - Using connection ID 'spark-conn' for task execution.
[2024-11-03T10:08:49.752+0000] {spark_submit.py:403} INFO - Spark-Submit cmd: spark-submit --master spark://spark-master:7077 --conf spark.sql.extensions=io.delta.sql.DeltaSparkSessionExtension --conf spark.sql.catalog.spark_catalog=org.apache.spark.sql.delta.catalog.DeltaCatalog --jars /opt/***/jars/hadoop-aws-3.3.4.jar,/opt/***/jars/s3-2.18.41.jar,/opt/***/jars/aws-java-sdk-1.12.367.jar,/opt/***/jars/delta-core_2.12-2.4.0.jar,/opt/***/jars/delta-storage-2.2.0.jar, --packages org.apache.hadoop:hadoop-aws:3.3.4 --num-executors 2 --total-executor-cores 2 --executor-cores 2 --executor-memory 2g --driver-memory 1g --name arrow-spark --deploy-mode client /opt/***/jobs/python/test_Credit.py s3a://lakehouse/bronze/credits.parquet s3a://lakehouse/sliver/credit
[2024-11-03T10:08:49.850+0000] {spark_submit.py:579} INFO - /home/***/.local/lib/python3.11/site-packages/pyspark/bin/load-spark-env.sh: line 68: ps: command not found
[2024-11-03T10:08:51.962+0000] {spark_submit.py:579} INFO - :: loading settings :: url = jar:file:/home/***/.local/lib/python3.11/site-packages/pyspark/jars/ivy-2.5.1.jar!/org/apache/ivy/core/settings/ivysettings.xml
[2024-11-03T10:08:52.155+0000] {spark_submit.py:579} INFO - Ivy Default Cache set to: /home/***/.ivy2/cache
[2024-11-03T10:08:52.156+0000] {spark_submit.py:579} INFO - The jars for the packages stored in: /home/***/.ivy2/jars
[2024-11-03T10:08:52.164+0000] {spark_submit.py:579} INFO - org.apache.hadoop#hadoop-aws added as a dependency
[2024-11-03T10:08:52.166+0000] {spark_submit.py:579} INFO - :: resolving dependencies :: org.apache.spark#spark-submit-parent-68e83f7c-23d5-48e6-9bad-f04aa2f5160c;1.0
[2024-11-03T10:08:52.167+0000] {spark_submit.py:579} INFO - confs: [default]
[2024-11-03T10:08:52.407+0000] {spark_submit.py:579} INFO - found org.apache.hadoop#hadoop-aws;3.3.4 in central
[2024-11-03T10:08:52.448+0000] {spark_submit.py:579} INFO - found com.amazonaws#aws-java-sdk-bundle;1.12.262 in central
[2024-11-03T10:08:52.491+0000] {spark_submit.py:579} INFO - found org.wildfly.openssl#wildfly-openssl;1.0.7.Final in central
[2024-11-03T10:08:52.535+0000] {spark_submit.py:579} INFO - :: resolution report :: resolve 350ms :: artifacts dl 18ms
[2024-11-03T10:08:52.536+0000] {spark_submit.py:579} INFO - :: modules in use:
[2024-11-03T10:08:52.537+0000] {spark_submit.py:579} INFO - com.amazonaws#aws-java-sdk-bundle;1.12.262 from central in [default]
[2024-11-03T10:08:52.538+0000] {spark_submit.py:579} INFO - org.apache.hadoop#hadoop-aws;3.3.4 from central in [default]
[2024-11-03T10:08:52.539+0000] {spark_submit.py:579} INFO - org.wildfly.openssl#wildfly-openssl;1.0.7.Final from central in [default]
[2024-11-03T10:08:52.540+0000] {spark_submit.py:579} INFO - ---------------------------------------------------------------------
[2024-11-03T10:08:52.541+0000] {spark_submit.py:579} INFO - |                  |            modules            ||   artifacts   |
[2024-11-03T10:08:52.541+0000] {spark_submit.py:579} INFO - |       conf       | number| search|dwnlded|evicted|| number|dwnlded|
[2024-11-03T10:08:52.542+0000] {spark_submit.py:579} INFO - ---------------------------------------------------------------------
[2024-11-03T10:08:52.543+0000] {spark_submit.py:579} INFO - |      default     |   3   |   0   |   0   |   0   ||   3   |   0   |
[2024-11-03T10:08:52.544+0000] {spark_submit.py:579} INFO - ---------------------------------------------------------------------
[2024-11-03T10:08:52.545+0000] {spark_submit.py:579} INFO - :: retrieving :: org.apache.spark#spark-submit-parent-68e83f7c-23d5-48e6-9bad-f04aa2f5160c
[2024-11-03T10:08:52.545+0000] {spark_submit.py:579} INFO - confs: [default]
[2024-11-03T10:08:52.558+0000] {spark_submit.py:579} INFO - 0 artifacts copied, 3 already retrieved (0kB/13ms)
[2024-11-03T10:08:52.850+0000] {spark_submit.py:579} INFO - 24/11/03 10:08:52 WARN NativeCodeLoader: Unable to load native-hadoop library for your platform... using builtin-java classes where applicable
[2024-11-03T10:08:54.210+0000] {spark_submit.py:579} INFO - 2024-11-03 10:08:54,209 INFO: Python version on driver: 3.11.5
[2024-11-03T10:08:54.210+0000] {spark_submit.py:579} INFO - 2024-11-03 10:08:54,209 INFO: Initializing Spark session...
[2024-11-03T10:08:54.380+0000] {spark_submit.py:579} INFO - 24/11/03 10:08:54 INFO SparkContext: Running Spark version 3.4.3
[2024-11-03T10:08:54.415+0000] {spark_submit.py:579} INFO - 24/11/03 10:08:54 INFO ResourceUtils: ==============================================================
[2024-11-03T10:08:54.416+0000] {spark_submit.py:579} INFO - 24/11/03 10:08:54 INFO ResourceUtils: No custom resources configured for spark.driver.
[2024-11-03T10:08:54.417+0000] {spark_submit.py:579} INFO - 24/11/03 10:08:54 INFO ResourceUtils: ==============================================================
[2024-11-03T10:08:54.418+0000] {spark_submit.py:579} INFO - 24/11/03 10:08:54 INFO SparkContext: Submitted application: CleanCredits
[2024-11-03T10:08:54.460+0000] {spark_submit.py:579} INFO - 24/11/03 10:08:54 INFO ResourceProfile: Default ResourceProfile created, executor resources: Map(cores -> name: cores, amount: 2, script: , vendor: , memory -> name: memory, amount: 2048, script: , vendor: , offHeap -> name: offHeap, amount: 0, script: , vendor: ), task resources: Map(cpus -> name: cpus, amount: 1.0)
[2024-11-03T10:08:54.479+0000] {spark_submit.py:579} INFO - 24/11/03 10:08:54 INFO ResourceProfile: Limiting resource is cpus at 2 tasks per executor
[2024-11-03T10:08:54.483+0000] {spark_submit.py:579} INFO - 24/11/03 10:08:54 INFO ResourceProfileManager: Added ResourceProfile id: 0
[2024-11-03T10:08:54.563+0000] {spark_submit.py:579} INFO - 24/11/03 10:08:54 INFO SecurityManager: Changing view acls to: ***
[2024-11-03T10:08:54.564+0000] {spark_submit.py:579} INFO - 24/11/03 10:08:54 INFO SecurityManager: Changing modify acls to: ***
[2024-11-03T10:08:54.565+0000] {spark_submit.py:579} INFO - 24/11/03 10:08:54 INFO SecurityManager: Changing view acls groups to:
[2024-11-03T10:08:54.566+0000] {spark_submit.py:579} INFO - 24/11/03 10:08:54 INFO SecurityManager: Changing modify acls groups to:
[2024-11-03T10:08:54.567+0000] {spark_submit.py:579} INFO - 24/11/03 10:08:54 INFO SecurityManager: SecurityManager: authentication disabled; ui acls disabled; users with view permissions: ***; groups with view permissions: EMPTY; users with modify permissions: ***; groups with modify permissions: EMPTY
[2024-11-03T10:08:54.903+0000] {spark_submit.py:579} INFO - 24/11/03 10:08:54 INFO Utils: Successfully started service 'sparkDriver' on port 36317.
[2024-11-03T10:08:54.937+0000] {spark_submit.py:579} INFO - 24/11/03 10:08:54 INFO SparkEnv: Registering MapOutputTracker
[2024-11-03T10:08:54.972+0000] {spark_submit.py:579} INFO - 24/11/03 10:08:54 INFO SparkEnv: Registering BlockManagerMaster
[2024-11-03T10:08:54.989+0000] {spark_submit.py:579} INFO - 24/11/03 10:08:54 INFO BlockManagerMasterEndpoint: Using org.apache.spark.storage.DefaultTopologyMapper for getting topology information
[2024-11-03T10:08:54.990+0000] {spark_submit.py:579} INFO - 24/11/03 10:08:54 INFO BlockManagerMasterEndpoint: BlockManagerMasterEndpoint up
[2024-11-03T10:08:54.997+0000] {spark_submit.py:579} INFO - 24/11/03 10:08:54 INFO SparkEnv: Registering BlockManagerMasterHeartbeat
[2024-11-03T10:08:55.018+0000] {spark_submit.py:579} INFO - 24/11/03 10:08:55 INFO DiskBlockManager: Created local directory at /tmp/blockmgr-622d5614-42c1-4a57-aa0c-0eda4275f4d8
[2024-11-03T10:08:55.035+0000] {spark_submit.py:579} INFO - 24/11/03 10:08:55 INFO MemoryStore: MemoryStore started with capacity 434.4 MiB
[2024-11-03T10:08:55.051+0000] {spark_submit.py:579} INFO - 24/11/03 10:08:55 INFO SparkEnv: Registering OutputCommitCoordinator
[2024-11-03T10:08:55.183+0000] {spark_submit.py:579} INFO - 24/11/03 10:08:55 INFO JettyUtils: Start Jetty 0.0.0.0:4040 for SparkUI
[2024-11-03T10:08:55.253+0000] {spark_submit.py:579} INFO - 24/11/03 10:08:55 INFO Utils: Successfully started service 'SparkUI' on port 4040.
[2024-11-03T10:08:55.309+0000] {spark_submit.py:579} INFO - 24/11/03 10:08:55 INFO SparkContext: Added JAR file:///opt/***/jars/hadoop-aws-3.3.4.jar at spark://eb88dbfa1959:36317/jars/hadoop-aws-3.3.4.jar with timestamp 1730628534367
[2024-11-03T10:08:55.310+0000] {spark_submit.py:579} INFO - 24/11/03 10:08:55 INFO SparkContext: Added JAR file:///opt/***/jars/s3-2.18.41.jar at spark://eb88dbfa1959:36317/jars/s3-2.18.41.jar with timestamp 1730628534367
[2024-11-03T10:08:55.312+0000] {spark_submit.py:579} INFO - 24/11/03 10:08:55 INFO SparkContext: Added JAR file:///opt/***/jars/aws-java-sdk-1.12.367.jar at spark://eb88dbfa1959:36317/jars/aws-java-sdk-1.12.367.jar with timestamp 1730628534367
[2024-11-03T10:08:55.313+0000] {spark_submit.py:579} INFO - 24/11/03 10:08:55 INFO SparkContext: Added JAR file:///opt/***/jars/delta-core_2.12-2.4.0.jar at spark://eb88dbfa1959:36317/jars/delta-core_2.12-2.4.0.jar with timestamp 1730628534367
[2024-11-03T10:08:55.314+0000] {spark_submit.py:579} INFO - 24/11/03 10:08:55 INFO SparkContext: Added JAR file:///opt/***/jars/delta-storage-2.2.0.jar at spark://eb88dbfa1959:36317/jars/delta-storage-2.2.0.jar with timestamp 1730628534367
[2024-11-03T10:08:55.315+0000] {spark_submit.py:579} INFO - 24/11/03 10:08:55 INFO SparkContext: Added JAR file:///home/***/.ivy2/jars/org.apache.hadoop_hadoop-aws-3.3.4.jar at spark://eb88dbfa1959:36317/jars/org.apache.hadoop_hadoop-aws-3.3.4.jar with timestamp 1730628534367
[2024-11-03T10:08:55.316+0000] {spark_submit.py:579} INFO - 24/11/03 10:08:55 INFO SparkContext: Added JAR file:///home/***/.ivy2/jars/com.amazonaws_aws-java-sdk-bundle-1.12.262.jar at spark://eb88dbfa1959:36317/jars/com.amazonaws_aws-java-sdk-bundle-1.12.262.jar with timestamp 1730628534367
[2024-11-03T10:08:55.316+0000] {spark_submit.py:579} INFO - 24/11/03 10:08:55 INFO SparkContext: Added JAR file:///home/***/.ivy2/jars/org.wildfly.openssl_wildfly-openssl-1.0.7.Final.jar at spark://eb88dbfa1959:36317/jars/org.wildfly.openssl_wildfly-openssl-1.0.7.Final.jar with timestamp 1730628534367
[2024-11-03T10:08:55.319+0000] {spark_submit.py:579} INFO - 24/11/03 10:08:55 INFO SparkContext: Added file file:///home/***/.ivy2/jars/org.apache.hadoop_hadoop-aws-3.3.4.jar at spark://eb88dbfa1959:36317/files/org.apache.hadoop_hadoop-aws-3.3.4.jar with timestamp 1730628534367
[2024-11-03T10:08:55.321+0000] {spark_submit.py:579} INFO - 24/11/03 10:08:55 INFO Utils: Copying /home/***/.ivy2/jars/org.apache.hadoop_hadoop-aws-3.3.4.jar to /tmp/spark-0ca839a6-3d0d-4325-a27a-2cbf5b8ef12f/userFiles-f118d4ff-258a-48cc-b288-3d5b8dec949a/org.apache.hadoop_hadoop-aws-3.3.4.jar
[2024-11-03T10:08:55.335+0000] {spark_submit.py:579} INFO - 24/11/03 10:08:55 INFO SparkContext: Added file file:///home/***/.ivy2/jars/com.amazonaws_aws-java-sdk-bundle-1.12.262.jar at spark://eb88dbfa1959:36317/files/com.amazonaws_aws-java-sdk-bundle-1.12.262.jar with timestamp 1730628534367
[2024-11-03T10:08:55.336+0000] {spark_submit.py:579} INFO - 24/11/03 10:08:55 INFO Utils: Copying /home/***/.ivy2/jars/com.amazonaws_aws-java-sdk-bundle-1.12.262.jar to /tmp/spark-0ca839a6-3d0d-4325-a27a-2cbf5b8ef12f/userFiles-f118d4ff-258a-48cc-b288-3d5b8dec949a/com.amazonaws_aws-java-sdk-bundle-1.12.262.jar
[2024-11-03T10:08:55.718+0000] {spark_submit.py:579} INFO - 24/11/03 10:08:55 INFO SparkContext: Added file file:///home/***/.ivy2/jars/org.wildfly.openssl_wildfly-openssl-1.0.7.Final.jar at spark://eb88dbfa1959:36317/files/org.wildfly.openssl_wildfly-openssl-1.0.7.Final.jar with timestamp 1730628534367
[2024-11-03T10:08:55.719+0000] {spark_submit.py:579} INFO - 24/11/03 10:08:55 INFO Utils: Copying /home/***/.ivy2/jars/org.wildfly.openssl_wildfly-openssl-1.0.7.Final.jar to /tmp/spark-0ca839a6-3d0d-4325-a27a-2cbf5b8ef12f/userFiles-f118d4ff-258a-48cc-b288-3d5b8dec949a/org.wildfly.openssl_wildfly-openssl-1.0.7.Final.jar
[2024-11-03T10:08:55.816+0000] {spark_submit.py:579} INFO - 24/11/03 10:08:55 INFO StandaloneAppClient$ClientEndpoint: Connecting to master spark://spark-master:7077...
[2024-11-03T10:08:55.864+0000] {spark_submit.py:579} INFO - 24/11/03 10:08:55 INFO TransportClientFactory: Successfully created connection to spark-master/172.18.0.5:7077 after 29 ms (0 ms spent in bootstraps)
[2024-11-03T10:08:55.963+0000] {spark_submit.py:579} INFO - 24/11/03 10:08:55 INFO StandaloneSchedulerBackend: Connected to Spark cluster with app ID app-20241103100855-0010
[2024-11-03T10:08:55.966+0000] {spark_submit.py:579} INFO - 24/11/03 10:08:55 INFO StandaloneAppClient$ClientEndpoint: Executor added: app-20241103100855-0010/0 on worker-20241103094523-172.18.0.8-41531 (172.18.0.8:41531) with 2 core(s)
[2024-11-03T10:08:55.970+0000] {spark_submit.py:579} INFO - 24/11/03 10:08:55 INFO StandaloneSchedulerBackend: Granted executor ID app-20241103100855-0010/0 on hostPort 172.18.0.8:41531 with 2 core(s), 2.0 GiB RAM
[2024-11-03T10:08:55.977+0000] {spark_submit.py:579} INFO - 24/11/03 10:08:55 INFO Utils: Successfully started service 'org.apache.spark.network.netty.NettyBlockTransferService' on port 35099.
[2024-11-03T10:08:55.978+0000] {spark_submit.py:579} INFO - 24/11/03 10:08:55 INFO NettyBlockTransferService: Server created on eb88dbfa1959:35099
[2024-11-03T10:08:55.980+0000] {spark_submit.py:579} INFO - 24/11/03 10:08:55 INFO BlockManager: Using org.apache.spark.storage.RandomBlockReplicationPolicy for block replication policy
[2024-11-03T10:08:55.991+0000] {spark_submit.py:579} INFO - 24/11/03 10:08:55 INFO BlockManagerMaster: Registering BlockManager BlockManagerId(driver, eb88dbfa1959, 35099, None)
[2024-11-03T10:08:55.996+0000] {spark_submit.py:579} INFO - 24/11/03 10:08:55 INFO BlockManagerMasterEndpoint: Registering block manager eb88dbfa1959:35099 with 434.4 MiB RAM, BlockManagerId(driver, eb88dbfa1959, 35099, None)
[2024-11-03T10:08:55.999+0000] {spark_submit.py:579} INFO - 24/11/03 10:08:55 INFO BlockManagerMaster: Registered BlockManager BlockManagerId(driver, eb88dbfa1959, 35099, None)
[2024-11-03T10:08:56.001+0000] {spark_submit.py:579} INFO - 24/11/03 10:08:56 INFO BlockManager: Initialized BlockManager: BlockManagerId(driver, eb88dbfa1959, 35099, None)
[2024-11-03T10:08:56.050+0000] {spark_submit.py:579} INFO - 24/11/03 10:08:56 INFO StandaloneAppClient$ClientEndpoint: Executor updated: app-20241103100855-0010/0 is now RUNNING
[2024-11-03T10:08:56.298+0000] {spark_submit.py:579} INFO - 24/11/03 10:08:56 INFO StandaloneSchedulerBackend: SchedulerBackend is ready for scheduling beginning after reached minRegisteredResourcesRatio: 0.0
[2024-11-03T10:08:56.629+0000] {spark_submit.py:579} INFO - 2024-11-03 10:08:56,629 INFO: Spark session initialized successfully.
[2024-11-03T10:08:56.637+0000] {spark_submit.py:579} INFO - 24/11/03 10:08:56 INFO SharedState: Setting hive.metastore.warehouse.dir ('null') to the value of spark.sql.warehouse.dir.
[2024-11-03T10:08:56.971+0000] {spark_submit.py:579} INFO - 24/11/03 10:08:56 WARN MetricsConfig: Cannot locate configuration: tried hadoop-metrics2-s3a-file-system.properties,hadoop-metrics2.properties
[2024-11-03T10:08:56.998+0000] {spark_submit.py:579} INFO - 24/11/03 10:08:56 INFO MetricsSystemImpl: Scheduled Metric snapshot period at 10 second(s).
[2024-11-03T10:08:56.999+0000] {spark_submit.py:579} INFO - 24/11/03 10:08:56 INFO MetricsSystemImpl: s3a-file-system metrics system started
[2024-11-03T10:08:58.403+0000] {spark_submit.py:579} INFO - 24/11/03 10:08:58 INFO SharedState: Warehouse path is 's3a://lakehouse/'.
[2024-11-03T10:08:59.157+0000] {spark_submit.py:579} INFO - 24/11/03 10:08:59 INFO StandaloneSchedulerBackend$StandaloneDriverEndpoint: Registered executor NettyRpcEndpointRef(spark-client://Executor) (172.18.0.8:52900) with ID 0,  ResourceProfileId 0
[2024-11-03T10:08:59.309+0000] {spark_submit.py:579} INFO - 24/11/03 10:08:59 INFO BlockManagerMasterEndpoint: Registering block manager 172.18.0.8:46023 with 1048.8 MiB RAM, BlockManagerId(0, 172.18.0.8, 46023, None)
[2024-11-03T10:09:00.348+0000] {spark_submit.py:579} INFO - 24/11/03 10:09:00 INFO InMemoryFileIndex: It took 137 ms to list leaf files for 1 paths.
[2024-11-03T10:09:01.053+0000] {spark_submit.py:579} INFO - 24/11/03 10:09:01 INFO SparkContext: Starting job: load at NativeMethodAccessorImpl.java:0
[2024-11-03T10:09:01.084+0000] {spark_submit.py:579} INFO - 24/11/03 10:09:01 INFO DAGScheduler: Got job 0 (load at NativeMethodAccessorImpl.java:0) with 1 output partitions
[2024-11-03T10:09:01.086+0000] {spark_submit.py:579} INFO - 24/11/03 10:09:01 INFO DAGScheduler: Final stage: ResultStage 0 (load at NativeMethodAccessorImpl.java:0)
[2024-11-03T10:09:01.087+0000] {spark_submit.py:579} INFO - 24/11/03 10:09:01 INFO DAGScheduler: Parents of final stage: List()
[2024-11-03T10:09:01.090+0000] {spark_submit.py:579} INFO - 24/11/03 10:09:01 INFO DAGScheduler: Missing parents: List()
[2024-11-03T10:09:01.101+0000] {spark_submit.py:579} INFO - 24/11/03 10:09:01 INFO DAGScheduler: Submitting ResultStage 0 (MapPartitionsRDD[1] at load at NativeMethodAccessorImpl.java:0), which has no missing parents
[2024-11-03T10:09:01.227+0000] {spark_submit.py:579} INFO - 24/11/03 10:09:01 INFO MemoryStore: Block broadcast_0 stored as values in memory (estimated size 106.9 KiB, free 434.3 MiB)
[2024-11-03T10:09:01.364+0000] {spark_submit.py:579} INFO - 24/11/03 10:09:01 INFO MemoryStore: Block broadcast_0_piece0 stored as bytes in memory (estimated size 38.9 KiB, free 434.3 MiB)
[2024-11-03T10:09:01.371+0000] {spark_submit.py:579} INFO - 24/11/03 10:09:01 INFO BlockManagerInfo: Added broadcast_0_piece0 in memory on eb88dbfa1959:35099 (size: 38.9 KiB, free: 434.4 MiB)
[2024-11-03T10:09:01.383+0000] {spark_submit.py:579} INFO - 24/11/03 10:09:01 INFO SparkContext: Created broadcast 0 from broadcast at DAGScheduler.scala:1540
[2024-11-03T10:09:01.429+0000] {spark_submit.py:579} INFO - 24/11/03 10:09:01 INFO DAGScheduler: Submitting 1 missing tasks from ResultStage 0 (MapPartitionsRDD[1] at load at NativeMethodAccessorImpl.java:0) (first 15 tasks are for partitions Vector(0))
[2024-11-03T10:09:01.431+0000] {spark_submit.py:579} INFO - 24/11/03 10:09:01 INFO TaskSchedulerImpl: Adding task set 0.0 with 1 tasks resource profile 0
[2024-11-03T10:09:03.432+0000] {spark_submit.py:579} INFO - 24/11/03 10:09:03 INFO TaskSetManager: Starting task 0.0 in stage 0.0 (TID 0) (172.18.0.8, executor 0, partition 0, PROCESS_LOCAL, 7500 bytes)
[2024-11-03T10:09:03.838+0000] {spark_submit.py:579} INFO - 24/11/03 10:09:03 INFO BlockManagerInfo: Added broadcast_0_piece0 in memory on 172.18.0.8:46023 (size: 38.9 KiB, free: 1048.8 MiB)
[2024-11-03T10:09:06.066+0000] {spark_submit.py:579} INFO - 24/11/03 10:09:06 INFO TaskSetManager: Finished task 0.0 in stage 0.0 (TID 0) in 2661 ms on 172.18.0.8 (executor 0) (1/1)
[2024-11-03T10:09:06.070+0000] {spark_submit.py:579} INFO - 24/11/03 10:09:06 INFO TaskSchedulerImpl: Removed TaskSet 0.0, whose tasks have all completed, from pool
[2024-11-03T10:09:06.087+0000] {spark_submit.py:579} INFO - 24/11/03 10:09:06 INFO DAGScheduler: ResultStage 0 (load at NativeMethodAccessorImpl.java:0) finished in 4.930 s
[2024-11-03T10:09:06.097+0000] {spark_submit.py:579} INFO - 24/11/03 10:09:06 INFO DAGScheduler: Job 0 is finished. Cancelling potential speculative or zombie tasks for this job
[2024-11-03T10:09:06.099+0000] {spark_submit.py:579} INFO - 24/11/03 10:09:06 INFO TaskSchedulerImpl: Killing all running tasks in stage 0: Stage finished
[2024-11-03T10:09:06.105+0000] {spark_submit.py:579} INFO - 24/11/03 10:09:06 INFO DAGScheduler: Job 0 finished: load at NativeMethodAccessorImpl.java:0, took 5.050265 s
[2024-11-03T10:09:06.404+0000] {spark_submit.py:579} INFO - 24/11/03 10:09:06 INFO BlockManagerInfo: Removed broadcast_0_piece0 on eb88dbfa1959:35099 in memory (size: 38.9 KiB, free: 434.4 MiB)
[2024-11-03T10:09:06.410+0000] {spark_submit.py:579} INFO - 24/11/03 10:09:06 INFO BlockManagerInfo: Removed broadcast_0_piece0 on 172.18.0.8:46023 in memory (size: 38.9 KiB, free: 1048.8 MiB)
[2024-11-03T10:09:08.380+0000] {spark_submit.py:579} INFO - 2024-11-03 10:09:08,380 INFO: Saving cleaned data to s3a://lakehouse/sliver/credit
[2024-11-03T10:09:09.259+0000] {spark_submit.py:579} INFO - 24/11/03 10:09:09 INFO DeltaLog: Creating initial snapshot without metadata, because the directory is empty
[2024-11-03T10:09:09.420+0000] {spark_submit.py:579} INFO - 24/11/03 10:09:09 INFO InitialSnapshot: [tableId=9e37c0ba-d74a-4b17-a1ab-519b271c097d] Created snapshot InitialSnapshot(path=s3a://lakehouse/sliver/credit/_delta_log, version=-1, metadata=Metadata(ed6f2c24-e850-4306-a383-62e3d98d194c,null,null,Format(parquet,Map()),null,List(),Map(),Some(1730628549410)), logSegment=LogSegment(s3a://lakehouse/sliver/credit/_delta_log,-1,List(),None,-1), checksumOpt=None)
[2024-11-03T10:09:09.539+0000] {spark_submit.py:579} INFO - 24/11/03 10:09:09 INFO DeltaLog: No delta log found for the Delta table at s3a://lakehouse/sliver/credit/_delta_log
[2024-11-03T10:09:09.540+0000] {spark_submit.py:579} INFO - 24/11/03 10:09:09 INFO InitialSnapshot: [tableId=ed6f2c24-e850-4306-a383-62e3d98d194c] Created snapshot InitialSnapshot(path=s3a://lakehouse/sliver/credit/_delta_log, version=-1, metadata=Metadata(c971f37d-95d1-4e89-be1c-94e994d95e7a,null,null,Format(parquet,Map()),null,List(),Map(),Some(1730628549539)), logSegment=LogSegment(s3a://lakehouse/sliver/credit/_delta_log,-1,List(),None,-1), checksumOpt=None)
[2024-11-03T10:09:09.659+0000] {spark_submit.py:579} INFO - 24/11/03 10:09:09 INFO OptimisticTransaction: [tableId=c971f37d,txnId=01909376] Updated metadata from - to Metadata(081f05ea-5a54-4f8f-871f-c1589c3ca801,null,null,Format(parquet,Map()),{"type":"struct","fields":[{"name":"cast","type":"string","nullable":true,"metadata":{}},{"name":"crew","type":"string","nullable":true,"metadata":{}},{"name":"id","type":"long","nullable":true,"metadata":{}},{"name":"cast_json","type":{"type":"array","elementType":{"type":"struct","fields":[{"name":"cast_id","type":"integer","nullable":true,"metadata":{}},{"name":"character","type":"string","nullable":true,"metadata":{}},{"name":"credit_id","type":"string","nullable":true,"metadata":{}},{"name":"gender","type":"integer","nullable":true,"metadata":{}},{"name":"id","type":"integer","nullable":true,"metadata":{}},{"name":"name","type":"string","nullable":true,"metadata":{}},{"name":"order","type":"integer","nullable":true,"metadata":{}},{"name":"profile_path","type":"string","nullable":true,"metadata":{}}]},"containsNull":true},"nullable":true,"metadata":{}},{"name":"cast_names","type":"string","nullable":true,"metadata":{}}]},List(),Map(),Some(1730628549632))
[2024-11-03T10:09:10.328+0000] {spark_submit.py:579} INFO - 24/11/03 10:09:10 INFO FileSourceStrategy: Pushed Filters:
[2024-11-03T10:09:10.331+0000] {spark_submit.py:579} INFO - 24/11/03 10:09:10 INFO FileSourceStrategy: Post-Scan Filters:
[2024-11-03T10:09:10.473+0000] {spark_submit.py:579} INFO - 24/11/03 10:09:10 INFO ParquetUtils: Using default output committer for Parquet: org.apache.parquet.hadoop.ParquetOutputCommitter
[2024-11-03T10:09:10.548+0000] {spark_submit.py:579} INFO - 24/11/03 10:09:10 INFO HashAggregateExec: spark.sql.codegen.aggregate.map.twolevel.enabled is set to true, but current version of codegened fast hashmap does not support this aggregate.
[2024-11-03T10:09:10.975+0000] {spark_submit.py:579} INFO - 24/11/03 10:09:10 INFO CodeGenerator: Code generated in 352.815472 ms
[2024-11-03T10:09:11.013+0000] {spark_submit.py:579} INFO - 24/11/03 10:09:11 INFO CodeGenerator: Code generated in 23.049337 ms
[2024-11-03T10:09:11.034+0000] {spark_submit.py:579} INFO - 24/11/03 10:09:11 INFO MemoryStore: Block broadcast_1 stored as values in memory (estimated size 206.6 KiB, free 434.2 MiB)
[2024-11-03T10:09:11.050+0000] {spark_submit.py:579} INFO - 24/11/03 10:09:11 INFO MemoryStore: Block broadcast_1_piece0 stored as bytes in memory (estimated size 36.6 KiB, free 434.2 MiB)
[2024-11-03T10:09:11.051+0000] {spark_submit.py:579} INFO - 24/11/03 10:09:11 INFO BlockManagerInfo: Added broadcast_1_piece0 in memory on eb88dbfa1959:35099 (size: 36.6 KiB, free: 434.4 MiB)
[2024-11-03T10:09:11.053+0000] {spark_submit.py:579} INFO - 24/11/03 10:09:11 INFO SparkContext: Created broadcast 1 from save at NativeMethodAccessorImpl.java:0
[2024-11-03T10:09:11.080+0000] {spark_submit.py:579} INFO - 24/11/03 10:09:11 INFO FileSourceScanExec: Planning scan with bin packing, max size: 36317959 bytes, open cost is considered as scanning 4194304 bytes.
[2024-11-03T10:09:11.221+0000] {spark_submit.py:579} INFO - 24/11/03 10:09:11 INFO DAGScheduler: Registering RDD 8 (save at NativeMethodAccessorImpl.java:0) as input to shuffle 0
[2024-11-03T10:09:11.226+0000] {spark_submit.py:579} INFO - 24/11/03 10:09:11 INFO DAGScheduler: Got map stage job 1 (save at NativeMethodAccessorImpl.java:0) with 2 output partitions
[2024-11-03T10:09:11.227+0000] {spark_submit.py:579} INFO - 24/11/03 10:09:11 INFO DAGScheduler: Final stage: ShuffleMapStage 1 (save at NativeMethodAccessorImpl.java:0)
[2024-11-03T10:09:11.228+0000] {spark_submit.py:579} INFO - 24/11/03 10:09:11 INFO DAGScheduler: Parents of final stage: List()
[2024-11-03T10:09:11.231+0000] {spark_submit.py:579} INFO - 24/11/03 10:09:11 INFO DAGScheduler: Missing parents: List()
[2024-11-03T10:09:11.234+0000] {spark_submit.py:579} INFO - 24/11/03 10:09:11 INFO DAGScheduler: Submitting ShuffleMapStage 1 (MapPartitionsRDD[8] at save at NativeMethodAccessorImpl.java:0), which has no missing parents
[2024-11-03T10:09:11.257+0000] {spark_submit.py:579} INFO - 24/11/03 10:09:11 INFO MemoryStore: Block broadcast_2 stored as values in memory (estimated size 45.9 KiB, free 434.1 MiB)
[2024-11-03T10:09:11.265+0000] {spark_submit.py:579} INFO - 24/11/03 10:09:11 INFO MemoryStore: Block broadcast_2_piece0 stored as bytes in memory (estimated size 18.9 KiB, free 434.1 MiB)
[2024-11-03T10:09:11.268+0000] {spark_submit.py:579} INFO - 24/11/03 10:09:11 INFO BlockManagerInfo: Added broadcast_2_piece0 in memory on eb88dbfa1959:35099 (size: 18.9 KiB, free: 434.3 MiB)
[2024-11-03T10:09:11.269+0000] {spark_submit.py:579} INFO - 24/11/03 10:09:11 INFO SparkContext: Created broadcast 2 from broadcast at DAGScheduler.scala:1540
[2024-11-03T10:09:11.272+0000] {spark_submit.py:579} INFO - 24/11/03 10:09:11 INFO DAGScheduler: Submitting 2 missing tasks from ShuffleMapStage 1 (MapPartitionsRDD[8] at save at NativeMethodAccessorImpl.java:0) (first 15 tasks are for partitions Vector(0, 1))
[2024-11-03T10:09:11.272+0000] {spark_submit.py:579} INFO - 24/11/03 10:09:11 INFO TaskSchedulerImpl: Adding task set 1.0 with 2 tasks resource profile 0
[2024-11-03T10:09:11.282+0000] {spark_submit.py:579} INFO - 24/11/03 10:09:11 INFO TaskSetManager: Starting task 0.0 in stage 1.0 (TID 1) (172.18.0.8, executor 0, partition 0, PROCESS_LOCAL, 7911 bytes)
[2024-11-03T10:09:11.283+0000] {spark_submit.py:579} INFO - 24/11/03 10:09:11 INFO TaskSetManager: Starting task 1.0 in stage 1.0 (TID 2) (172.18.0.8, executor 0, partition 1, PROCESS_LOCAL, 7911 bytes)
[2024-11-03T10:09:11.335+0000] {spark_submit.py:579} INFO - 24/11/03 10:09:11 INFO BlockManagerInfo: Added broadcast_2_piece0 in memory on 172.18.0.8:46023 (size: 18.9 KiB, free: 1048.8 MiB)
[2024-11-03T10:09:12.449+0000] {spark_submit.py:579} INFO - 24/11/03 10:09:12 INFO BlockManagerInfo: Added broadcast_1_piece0 in memory on 172.18.0.8:46023 (size: 36.6 KiB, free: 1048.7 MiB)
[2024-11-03T10:09:12.723+0000] {spark_submit.py:579} INFO - 24/11/03 10:09:12 INFO TaskSetManager: Finished task 1.0 in stage 1.0 (TID 2) in 1440 ms on 172.18.0.8 (executor 0) (1/2)
[2024-11-03T10:09:17.800+0000] {spark_submit.py:579} INFO - 24/11/03 10:09:17 INFO TaskSetManager: Finished task 0.0 in stage 1.0 (TID 1) in 6525 ms on 172.18.0.8 (executor 0) (2/2)
[2024-11-03T10:09:17.800+0000] {spark_submit.py:579} INFO - 24/11/03 10:09:17 INFO TaskSchedulerImpl: Removed TaskSet 1.0, whose tasks have all completed, from pool
[2024-11-03T10:09:17.801+0000] {spark_submit.py:579} INFO - 24/11/03 10:09:17 INFO DAGScheduler: ShuffleMapStage 1 (save at NativeMethodAccessorImpl.java:0) finished in 6.560 s
[2024-11-03T10:09:17.802+0000] {spark_submit.py:579} INFO - 24/11/03 10:09:17 INFO DAGScheduler: looking for newly runnable stages
[2024-11-03T10:09:17.803+0000] {spark_submit.py:579} INFO - 24/11/03 10:09:17 INFO DAGScheduler: running: Set()
[2024-11-03T10:09:17.804+0000] {spark_submit.py:579} INFO - 24/11/03 10:09:17 INFO DAGScheduler: waiting: Set()
[2024-11-03T10:09:17.805+0000] {spark_submit.py:579} INFO - 24/11/03 10:09:17 INFO DAGScheduler: failed: Set()
[2024-11-03T10:09:17.833+0000] {spark_submit.py:579} INFO - 24/11/03 10:09:17 INFO ShufflePartitionsUtil: For shuffle(0), advisory target size: 67108864, actual target size 44868473, minimum partition size: 1048576
[2024-11-03T10:09:17.862+0000] {spark_submit.py:579} INFO - 24/11/03 10:09:17 INFO HashAggregateExec: spark.sql.codegen.aggregate.map.twolevel.enabled is set to true, but current version of codegened fast hashmap does not support this aggregate.
[2024-11-03T10:09:17.906+0000] {spark_submit.py:579} INFO - 24/11/03 10:09:17 INFO CodeGenerator: Code generated in 33.558919 ms
[2024-11-03T10:09:18.024+0000] {spark_submit.py:579} INFO - 24/11/03 10:09:18 INFO SparkContext: Starting job: save at NativeMethodAccessorImpl.java:0
[2024-11-03T10:09:18.027+0000] {spark_submit.py:579} INFO - 24/11/03 10:09:18 INFO DAGScheduler: Got job 2 (save at NativeMethodAccessorImpl.java:0) with 2 output partitions
[2024-11-03T10:09:18.028+0000] {spark_submit.py:579} INFO - 24/11/03 10:09:18 INFO DAGScheduler: Final stage: ResultStage 3 (save at NativeMethodAccessorImpl.java:0)
[2024-11-03T10:09:18.029+0000] {spark_submit.py:579} INFO - 24/11/03 10:09:18 INFO DAGScheduler: Parents of final stage: List(ShuffleMapStage 2)
[2024-11-03T10:09:18.029+0000] {spark_submit.py:579} INFO - 24/11/03 10:09:18 INFO DAGScheduler: Missing parents: List()
[2024-11-03T10:09:18.030+0000] {spark_submit.py:579} INFO - 24/11/03 10:09:18 INFO DAGScheduler: Submitting ResultStage 3 (MapPartitionsRDD[10] at save at NativeMethodAccessorImpl.java:0), which has no missing parents
[2024-11-03T10:09:18.076+0000] {spark_submit.py:579} INFO - 24/11/03 10:09:18 INFO BlockManagerInfo: Removed broadcast_2_piece0 on eb88dbfa1959:35099 in memory (size: 18.9 KiB, free: 434.4 MiB)
[2024-11-03T10:09:18.079+0000] {spark_submit.py:579} INFO - 24/11/03 10:09:18 INFO BlockManagerInfo: Removed broadcast_2_piece0 on 172.18.0.8:46023 in memory (size: 18.9 KiB, free: 1048.8 MiB)
[2024-11-03T10:09:18.080+0000] {spark_submit.py:579} INFO - 24/11/03 10:09:18 INFO MemoryStore: Block broadcast_3 stored as values in memory (estimated size 372.0 KiB, free 433.8 MiB)
[2024-11-03T10:09:18.086+0000] {spark_submit.py:579} INFO - 24/11/03 10:09:18 INFO MemoryStore: Block broadcast_3_piece0 stored as bytes in memory (estimated size 135.6 KiB, free 433.7 MiB)
[2024-11-03T10:09:18.087+0000] {spark_submit.py:579} INFO - 24/11/03 10:09:18 INFO BlockManagerInfo: Added broadcast_3_piece0 in memory on eb88dbfa1959:35099 (size: 135.6 KiB, free: 434.2 MiB)
[2024-11-03T10:09:18.088+0000] {spark_submit.py:579} INFO - 24/11/03 10:09:18 INFO SparkContext: Created broadcast 3 from broadcast at DAGScheduler.scala:1540
[2024-11-03T10:09:18.089+0000] {spark_submit.py:579} INFO - 24/11/03 10:09:18 INFO DAGScheduler: Submitting 2 missing tasks from ResultStage 3 (MapPartitionsRDD[10] at save at NativeMethodAccessorImpl.java:0) (first 15 tasks are for partitions Vector(0, 1))
[2024-11-03T10:09:18.090+0000] {spark_submit.py:579} INFO - 24/11/03 10:09:18 INFO TaskSchedulerImpl: Adding task set 3.0 with 2 tasks resource profile 0
[2024-11-03T10:09:18.111+0000] {spark_submit.py:579} INFO - 24/11/03 10:09:18 INFO TaskSetManager: Starting task 0.0 in stage 3.0 (TID 3) (172.18.0.8, executor 0, partition 0, NODE_LOCAL, 7367 bytes)
[2024-11-03T10:09:18.113+0000] {spark_submit.py:579} INFO - 24/11/03 10:09:18 INFO TaskSetManager: Starting task 1.0 in stage 3.0 (TID 4) (172.18.0.8, executor 0, partition 1, NODE_LOCAL, 7367 bytes)
[2024-11-03T10:09:18.145+0000] {spark_submit.py:579} INFO - 24/11/03 10:09:18 INFO BlockManagerInfo: Added broadcast_3_piece0 in memory on 172.18.0.8:46023 (size: 135.6 KiB, free: 1048.6 MiB)
[2024-11-03T10:09:18.394+0000] {spark_submit.py:579} INFO - 24/11/03 10:09:18 INFO MapOutputTrackerMasterEndpoint: Asked to send map output locations for shuffle 0 to 172.18.0.8:52900
[2024-11-03T10:09:23.710+0000] {spark_submit.py:579} INFO - 24/11/03 10:09:23 INFO TaskSetManager: Finished task 1.0 in stage 3.0 (TID 4) in 5598 ms on 172.18.0.8 (executor 0) (1/2)
[2024-11-03T10:09:23.711+0000] {spark_submit.py:579} INFO - 24/11/03 10:09:23 INFO TaskSetManager: Finished task 0.0 in stage 3.0 (TID 3) in 5614 ms on 172.18.0.8 (executor 0) (2/2)
[2024-11-03T10:09:23.712+0000] {spark_submit.py:579} INFO - 24/11/03 10:09:23 INFO TaskSchedulerImpl: Removed TaskSet 3.0, whose tasks have all completed, from pool
[2024-11-03T10:09:23.714+0000] {spark_submit.py:579} INFO - 24/11/03 10:09:23 INFO DAGScheduler: ResultStage 3 (save at NativeMethodAccessorImpl.java:0) finished in 5.666 s
[2024-11-03T10:09:23.715+0000] {spark_submit.py:579} INFO - 24/11/03 10:09:23 INFO DAGScheduler: Job 2 is finished. Cancelling potential speculative or zombie tasks for this job
[2024-11-03T10:09:23.715+0000] {spark_submit.py:579} INFO - 24/11/03 10:09:23 INFO TaskSchedulerImpl: Killing all running tasks in stage 3: Stage finished
[2024-11-03T10:09:23.716+0000] {spark_submit.py:579} INFO - 24/11/03 10:09:23 INFO DAGScheduler: Job 2 finished: save at NativeMethodAccessorImpl.java:0, took 5.691142 s
[2024-11-03T10:09:23.720+0000] {spark_submit.py:579} INFO - 24/11/03 10:09:23 INFO FileFormatWriter: Start to commit write Job e09ed529-0b8a-4f91-b620-fecef6a2549d.
[2024-11-03T10:09:23.722+0000] {spark_submit.py:579} INFO - 24/11/03 10:09:23 INFO FileFormatWriter: Write Job e09ed529-0b8a-4f91-b620-fecef6a2549d committed. Elapsed time: 0 ms.
[2024-11-03T10:09:23.728+0000] {spark_submit.py:579} INFO - 24/11/03 10:09:23 INFO FileFormatWriter: Finished processing stats for write job e09ed529-0b8a-4f91-b620-fecef6a2549d.
[2024-11-03T10:09:24.329+0000] {spark_submit.py:579} INFO - 24/11/03 10:09:24 INFO BlockManagerInfo: Removed broadcast_3_piece0 on eb88dbfa1959:35099 in memory (size: 135.6 KiB, free: 434.4 MiB)
[2024-11-03T10:09:24.333+0000] {spark_submit.py:579} INFO - 24/11/03 10:09:24 INFO BlockManagerInfo: Removed broadcast_3_piece0 on 172.18.0.8:46023 in memory (size: 135.6 KiB, free: 1048.8 MiB)
[2024-11-03T10:09:25.326+0000] {spark_submit.py:579} INFO - 24/11/03 10:09:25 INFO CodeGenerator: Code generated in 276.920414 ms
[2024-11-03T10:09:25.395+0000] {spark_submit.py:579} INFO - 24/11/03 10:09:25 INFO SparkContext: Starting job: $anonfun$recordDeltaOperationInternal$1 at DatabricksLogging.scala:128
[2024-11-03T10:09:25.396+0000] {spark_submit.py:579} INFO - 24/11/03 10:09:25 INFO DAGScheduler: Job 3 finished: $anonfun$recordDeltaOperationInternal$1 at DatabricksLogging.scala:128, took 0.000339 s
[2024-11-03T10:09:25.459+0000] {spark_submit.py:579} INFO - 24/11/03 10:09:25 INFO OptimisticTransaction: [tableId=c971f37d,txnId=01909376] Attempting to commit version 0 with 5 actions with Serializable isolation level
[2024-11-03T10:09:25.756+0000] {spark_submit.py:579} INFO - 24/11/03 10:09:25 INFO DeltaLog: Creating a new snapshot v0 for commit version 0
[2024-11-03T10:09:25.757+0000] {spark_submit.py:579} INFO - 24/11/03 10:09:25 INFO DeltaLog: Loading version 0.
[2024-11-03T10:09:25.775+0000] {spark_submit.py:579} INFO - 24/11/03 10:09:25 INFO DeltaLogFileIndex: Created DeltaLogFileIndex(JSON, numFilesInSegment: 1, totalFileSize: 2808)
[2024-11-03T10:09:25.928+0000] {spark_submit.py:579} INFO - 24/11/03 10:09:25 INFO FileSourceStrategy: Pushed Filters:
[2024-11-03T10:09:25.929+0000] {spark_submit.py:579} INFO - 24/11/03 10:09:25 INFO FileSourceStrategy: Post-Scan Filters:
[2024-11-03T10:09:26.012+0000] {spark_submit.py:579} INFO - 24/11/03 10:09:26 INFO CodeGenerator: Code generated in 55.751623 ms
[2024-11-03T10:09:26.017+0000] {spark_submit.py:579} INFO - 24/11/03 10:09:26 INFO MemoryStore: Block broadcast_4 stored as values in memory (estimated size 205.1 KiB, free 434.0 MiB)
[2024-11-03T10:09:26.034+0000] {spark_submit.py:579} INFO - 24/11/03 10:09:26 INFO MemoryStore: Block broadcast_4_piece0 stored as bytes in memory (estimated size 36.1 KiB, free 433.9 MiB)
[2024-11-03T10:09:26.036+0000] {spark_submit.py:579} INFO - 24/11/03 10:09:26 INFO BlockManagerInfo: Added broadcast_4_piece0 in memory on eb88dbfa1959:35099 (size: 36.1 KiB, free: 434.3 MiB)
[2024-11-03T10:09:26.038+0000] {spark_submit.py:579} INFO - 24/11/03 10:09:26 INFO SparkContext: Created broadcast 4 from toString at String.java:2951
[2024-11-03T10:09:26.082+0000] {spark_submit.py:579} INFO - 24/11/03 10:09:26 INFO FileSourceScanExec: Planning scan with bin packing, max size: 4194304 bytes, open cost is considered as scanning 4194304 bytes.
[2024-11-03T10:09:26.154+0000] {spark_submit.py:579} INFO - 24/11/03 10:09:26 INFO SparkContext: Starting job: toString at String.java:2951
[2024-11-03T10:09:26.156+0000] {spark_submit.py:579} INFO - 24/11/03 10:09:26 INFO DAGScheduler: Got job 4 (toString at String.java:2951) with 1 output partitions
[2024-11-03T10:09:26.157+0000] {spark_submit.py:579} INFO - 24/11/03 10:09:26 INFO DAGScheduler: Final stage: ResultStage 4 (toString at String.java:2951)
[2024-11-03T10:09:26.158+0000] {spark_submit.py:579} INFO - 24/11/03 10:09:26 INFO DAGScheduler: Parents of final stage: List()
[2024-11-03T10:09:26.158+0000] {spark_submit.py:579} INFO - 24/11/03 10:09:26 INFO DAGScheduler: Missing parents: List()
[2024-11-03T10:09:26.159+0000] {spark_submit.py:579} INFO - 24/11/03 10:09:26 INFO DAGScheduler: Submitting ResultStage 4 (MapPartitionsRDD[18] at toString at String.java:2951), which has no missing parents
[2024-11-03T10:09:26.162+0000] {spark_submit.py:579} INFO - 24/11/03 10:09:26 INFO MemoryStore: Block broadcast_5 stored as values in memory (estimated size 50.4 KiB, free 433.9 MiB)
[2024-11-03T10:09:26.171+0000] {spark_submit.py:579} INFO - 24/11/03 10:09:26 INFO MemoryStore: Block broadcast_5_piece0 stored as bytes in memory (estimated size 15.5 KiB, free 433.9 MiB)
[2024-11-03T10:09:26.173+0000] {spark_submit.py:579} INFO - 24/11/03 10:09:26 INFO BlockManagerInfo: Added broadcast_5_piece0 in memory on eb88dbfa1959:35099 (size: 15.5 KiB, free: 434.3 MiB)
[2024-11-03T10:09:26.174+0000] {spark_submit.py:579} INFO - 24/11/03 10:09:26 INFO SparkContext: Created broadcast 5 from broadcast at DAGScheduler.scala:1540
[2024-11-03T10:09:26.175+0000] {spark_submit.py:579} INFO - 24/11/03 10:09:26 INFO DAGScheduler: Submitting 1 missing tasks from ResultStage 4 (MapPartitionsRDD[18] at toString at String.java:2951) (first 15 tasks are for partitions Vector(0))
[2024-11-03T10:09:26.176+0000] {spark_submit.py:579} INFO - 24/11/03 10:09:26 INFO TaskSchedulerImpl: Adding task set 4.0 with 1 tasks resource profile 0
[2024-11-03T10:09:26.178+0000] {spark_submit.py:579} INFO - 24/11/03 10:09:26 INFO TaskSetManager: Starting task 0.0 in stage 4.0 (TID 5) (172.18.0.8, executor 0, partition 0, PROCESS_LOCAL, 7950 bytes)
[2024-11-03T10:09:26.201+0000] {spark_submit.py:579} INFO - 24/11/03 10:09:26 INFO BlockManagerInfo: Added broadcast_5_piece0 in memory on 172.18.0.8:46023 (size: 15.5 KiB, free: 1048.7 MiB)
[2024-11-03T10:09:26.399+0000] {spark_submit.py:579} INFO - 24/11/03 10:09:26 INFO BlockManagerInfo: Added broadcast_4_piece0 in memory on 172.18.0.8:46023 (size: 36.1 KiB, free: 1048.7 MiB)
[2024-11-03T10:09:26.460+0000] {spark_submit.py:579} INFO - 24/11/03 10:09:26 INFO TaskSetManager: Finished task 0.0 in stage 4.0 (TID 5) in 283 ms on 172.18.0.8 (executor 0) (1/1)
[2024-11-03T10:09:26.461+0000] {spark_submit.py:579} INFO - 24/11/03 10:09:26 INFO TaskSchedulerImpl: Removed TaskSet 4.0, whose tasks have all completed, from pool
[2024-11-03T10:09:26.461+0000] {spark_submit.py:579} INFO - 24/11/03 10:09:26 INFO DAGScheduler: ResultStage 4 (toString at String.java:2951) finished in 0.301 s
[2024-11-03T10:09:26.462+0000] {spark_submit.py:579} INFO - 24/11/03 10:09:26 INFO DAGScheduler: Job 4 is finished. Cancelling potential speculative or zombie tasks for this job
[2024-11-03T10:09:26.463+0000] {spark_submit.py:579} INFO - 24/11/03 10:09:26 INFO TaskSchedulerImpl: Killing all running tasks in stage 4: Stage finished
[2024-11-03T10:09:26.464+0000] {spark_submit.py:579} INFO - 24/11/03 10:09:26 INFO DAGScheduler: Job 4 finished: toString at String.java:2951, took 0.307851 s
[2024-11-03T10:09:26.524+0000] {spark_submit.py:579} INFO - 24/11/03 10:09:26 INFO CodeGenerator: Code generated in 36.275758 ms
[2024-11-03T10:09:26.532+0000] {spark_submit.py:579} INFO - 24/11/03 10:09:26 INFO Snapshot: [tableId=c971f37d-95d1-4e89-be1c-94e994d95e7a] Created snapshot Snapshot(path=s3a://lakehouse/sliver/credit/_delta_log, version=0, metadata=Metadata(081f05ea-5a54-4f8f-871f-c1589c3ca801,null,null,Format(parquet,Map()),{"type":"struct","fields":[{"name":"cast","type":"string","nullable":true,"metadata":{}},{"name":"crew","type":"string","nullable":true,"metadata":{}},{"name":"id","type":"long","nullable":true,"metadata":{}},{"name":"cast_json","type":{"type":"array","elementType":{"type":"struct","fields":[{"name":"cast_id","type":"integer","nullable":true,"metadata":{}},{"name":"character","type":"string","nullable":true,"metadata":{}},{"name":"credit_id","type":"string","nullable":true,"metadata":{}},{"name":"gender","type":"integer","nullable":true,"metadata":{}},{"name":"id","type":"integer","nullable":true,"metadata":{}},{"name":"name","type":"string","nullable":true,"metadata":{}},{"name":"order","type":"integer","nullable":true,"metadata":{}},{"name":"profile_path","type":"string","nullable":true,"metadata":{}}]},"containsNull":true},"nullable":true,"metadata":{}},{"name":"cast_names","type":"string","nullable":true,"metadata":{}}]},List(),Map(),Some(1730628549632)), logSegment=LogSegment(s3a://lakehouse/sliver/credit/_delta_log,0,WrappedArray(S3AFileStatus{path=s3a://lakehouse/sliver/credit/_delta_log/00000000000000000000.json; isDirectory=false; length=2808; replication=1; blocksize=33554432; modification_time=1730628565680; access_time=0; owner=***; group=***; permission=rw-rw-rw-; isSymlink=false; hasAcl=false; isEncrypted=true; isErasureCoded=false} isEmptyDirectory=FALSE eTag=cc91378be75e1d5ffdf4ec07827a5988 versionId=null),None,1730628565680), checksumOpt=None)
[2024-11-03T10:09:26.535+0000] {spark_submit.py:579} INFO - 24/11/03 10:09:26 INFO DeltaLog: Updated snapshot to Snapshot(path=s3a://lakehouse/sliver/credit/_delta_log, version=0, metadata=Metadata(081f05ea-5a54-4f8f-871f-c1589c3ca801,null,null,Format(parquet,Map()),{"type":"struct","fields":[{"name":"cast","type":"string","nullable":true,"metadata":{}},{"name":"crew","type":"string","nullable":true,"metadata":{}},{"name":"id","type":"long","nullable":true,"metadata":{}},{"name":"cast_json","type":{"type":"array","elementType":{"type":"struct","fields":[{"name":"cast_id","type":"integer","nullable":true,"metadata":{}},{"name":"character","type":"string","nullable":true,"metadata":{}},{"name":"credit_id","type":"string","nullable":true,"metadata":{}},{"name":"gender","type":"integer","nullable":true,"metadata":{}},{"name":"id","type":"integer","nullable":true,"metadata":{}},{"name":"name","type":"string","nullable":true,"metadata":{}},{"name":"order","type":"integer","nullable":true,"metadata":{}},{"name":"profile_path","type":"string","nullable":true,"metadata":{}}]},"containsNull":true},"nullable":true,"metadata":{}},{"name":"cast_names","type":"string","nullable":true,"metadata":{}}]},List(),Map(),Some(1730628549632)), logSegment=LogSegment(s3a://lakehouse/sliver/credit/_delta_log,0,WrappedArray(S3AFileStatus{path=s3a://lakehouse/sliver/credit/_delta_log/00000000000000000000.json; isDirectory=false; length=2808; replication=1; blocksize=33554432; modification_time=1730628565680; access_time=0; owner=***; group=***; permission=rw-rw-rw-; isSymlink=false; hasAcl=false; isEncrypted=true; isErasureCoded=false} isEmptyDirectory=FALSE eTag=cc91378be75e1d5ffdf4ec07827a5988 versionId=null),None,1730628565680), checksumOpt=None)
[2024-11-03T10:09:26.538+0000] {spark_submit.py:579} INFO - 24/11/03 10:09:26 INFO Snapshot: [tableId=081f05ea-5a54-4f8f-871f-c1589c3ca801] DELTA: Compute snapshot for version: 0
[2024-11-03T10:09:26.553+0000] {spark_submit.py:579} INFO - 24/11/03 10:09:26 INFO MemoryStore: Block broadcast_6 stored as values in memory (estimated size 204.8 KiB, free 433.7 MiB)
[2024-11-03T10:09:26.575+0000] {spark_submit.py:579} INFO - 24/11/03 10:09:26 INFO BlockManagerInfo: Removed broadcast_5_piece0 on eb88dbfa1959:35099 in memory (size: 15.5 KiB, free: 434.3 MiB)
[2024-11-03T10:09:26.577+0000] {spark_submit.py:579} INFO - 24/11/03 10:09:26 INFO MemoryStore: Block broadcast_6_piece0 stored as bytes in memory (estimated size 36.1 KiB, free 433.7 MiB)
[2024-11-03T10:09:26.583+0000] {spark_submit.py:579} INFO - 24/11/03 10:09:26 INFO BlockManagerInfo: Removed broadcast_5_piece0 on 172.18.0.8:46023 in memory (size: 15.5 KiB, free: 1048.7 MiB)
[2024-11-03T10:09:26.584+0000] {spark_submit.py:579} INFO - 24/11/03 10:09:26 INFO BlockManagerInfo: Added broadcast_6_piece0 in memory on eb88dbfa1959:35099 (size: 36.1 KiB, free: 434.3 MiB)
[2024-11-03T10:09:26.589+0000] {spark_submit.py:579} INFO - 24/11/03 10:09:26 INFO SparkContext: Created broadcast 6 from $anonfun$recordDeltaOperationInternal$1 at DatabricksLogging.scala:128
[2024-11-03T10:09:26.862+0000] {spark_submit.py:579} INFO - 24/11/03 10:09:26 INFO BlockManagerInfo: Removed broadcast_4_piece0 on eb88dbfa1959:35099 in memory (size: 36.1 KiB, free: 434.3 MiB)
[2024-11-03T10:09:26.864+0000] {spark_submit.py:579} INFO - 24/11/03 10:09:26 INFO BlockManagerInfo: Removed broadcast_4_piece0 on 172.18.0.8:46023 in memory (size: 36.1 KiB, free: 1048.8 MiB)
[2024-11-03T10:09:27.051+0000] {spark_submit.py:579} INFO - 24/11/03 10:09:27 INFO FileSourceStrategy: Pushed Filters:
[2024-11-03T10:09:27.051+0000] {spark_submit.py:579} INFO - 24/11/03 10:09:27 INFO FileSourceStrategy: Post-Scan Filters:
[2024-11-03T10:09:27.069+0000] {spark_submit.py:579} INFO - 24/11/03 10:09:27 WARN package: Truncated the string representation of a plan since it was too large. This behavior can be adjusted by setting 'spark.sql.debug.maxToStringFields'.
[2024-11-03T10:09:27.256+0000] {spark_submit.py:579} INFO - 24/11/03 10:09:27 INFO CodeGenerator: Code generated in 87.34585 ms
[2024-11-03T10:09:27.260+0000] {spark_submit.py:579} INFO - 24/11/03 10:09:27 INFO MemoryStore: Block broadcast_7 stored as values in memory (estimated size 205.1 KiB, free 433.7 MiB)
[2024-11-03T10:09:27.273+0000] {spark_submit.py:579} INFO - 24/11/03 10:09:27 INFO MemoryStore: Block broadcast_7_piece0 stored as bytes in memory (estimated size 36.1 KiB, free 433.7 MiB)
[2024-11-03T10:09:27.275+0000] {spark_submit.py:579} INFO - 24/11/03 10:09:27 INFO BlockManagerInfo: Added broadcast_7_piece0 in memory on eb88dbfa1959:35099 (size: 36.1 KiB, free: 434.3 MiB)
[2024-11-03T10:09:27.276+0000] {spark_submit.py:579} INFO - 24/11/03 10:09:27 INFO SparkContext: Created broadcast 7 from $anonfun$recordDeltaOperationInternal$1 at DatabricksLogging.scala:128
[2024-11-03T10:09:27.278+0000] {spark_submit.py:579} INFO - 24/11/03 10:09:27 INFO FileSourceScanExec: Planning scan with bin packing, max size: 4194304 bytes, open cost is considered as scanning 4194304 bytes.
[2024-11-03T10:09:27.309+0000] {spark_submit.py:579} INFO - 24/11/03 10:09:27 INFO DAGScheduler: Registering RDD 22 ($anonfun$recordDeltaOperationInternal$1 at DatabricksLogging.scala:128) as input to shuffle 1
[2024-11-03T10:09:27.310+0000] {spark_submit.py:579} INFO - 24/11/03 10:09:27 INFO DAGScheduler: Got map stage job 5 ($anonfun$recordDeltaOperationInternal$1 at DatabricksLogging.scala:128) with 1 output partitions
[2024-11-03T10:09:27.311+0000] {spark_submit.py:579} INFO - 24/11/03 10:09:27 INFO DAGScheduler: Final stage: ShuffleMapStage 5 ($anonfun$recordDeltaOperationInternal$1 at DatabricksLogging.scala:128)
[2024-11-03T10:09:27.312+0000] {spark_submit.py:579} INFO - 24/11/03 10:09:27 INFO DAGScheduler: Parents of final stage: List()
[2024-11-03T10:09:27.314+0000] {spark_submit.py:579} INFO - 24/11/03 10:09:27 INFO DAGScheduler: Missing parents: List()
[2024-11-03T10:09:27.316+0000] {spark_submit.py:579} INFO - 24/11/03 10:09:27 INFO DAGScheduler: Submitting ShuffleMapStage 5 (MapPartitionsRDD[22] at $anonfun$recordDeltaOperationInternal$1 at DatabricksLogging.scala:128), which has no missing parents
[2024-11-03T10:09:27.328+0000] {spark_submit.py:579} INFO - 24/11/03 10:09:27 INFO MemoryStore: Block broadcast_8 stored as values in memory (estimated size 138.3 KiB, free 433.6 MiB)
[2024-11-03T10:09:27.331+0000] {spark_submit.py:579} INFO - 24/11/03 10:09:27 INFO MemoryStore: Block broadcast_8_piece0 stored as bytes in memory (estimated size 39.0 KiB, free 433.5 MiB)
[2024-11-03T10:09:27.332+0000] {spark_submit.py:579} INFO - 24/11/03 10:09:27 INFO BlockManagerInfo: Added broadcast_8_piece0 in memory on eb88dbfa1959:35099 (size: 39.0 KiB, free: 434.3 MiB)
[2024-11-03T10:09:27.333+0000] {spark_submit.py:579} INFO - 24/11/03 10:09:27 INFO SparkContext: Created broadcast 8 from broadcast at DAGScheduler.scala:1540
[2024-11-03T10:09:27.333+0000] {spark_submit.py:579} INFO - 24/11/03 10:09:27 INFO DAGScheduler: Submitting 1 missing tasks from ShuffleMapStage 5 (MapPartitionsRDD[22] at $anonfun$recordDeltaOperationInternal$1 at DatabricksLogging.scala:128) (first 15 tasks are for partitions Vector(0))
[2024-11-03T10:09:27.334+0000] {spark_submit.py:579} INFO - 24/11/03 10:09:27 INFO TaskSchedulerImpl: Adding task set 5.0 with 1 tasks resource profile 0
[2024-11-03T10:09:27.335+0000] {spark_submit.py:579} INFO - 24/11/03 10:09:27 INFO TaskSetManager: Starting task 0.0 in stage 5.0 (TID 6) (172.18.0.8, executor 0, partition 0, PROCESS_LOCAL, 7939 bytes)
[2024-11-03T10:09:27.350+0000] {spark_submit.py:579} INFO - 24/11/03 10:09:27 INFO BlockManagerInfo: Added broadcast_8_piece0 in memory on 172.18.0.8:46023 (size: 39.0 KiB, free: 1048.7 MiB)
[2024-11-03T10:09:27.627+0000] {spark_submit.py:579} INFO - 24/11/03 10:09:27 INFO BlockManagerInfo: Added broadcast_7_piece0 in memory on 172.18.0.8:46023 (size: 36.1 KiB, free: 1048.7 MiB)
[2024-11-03T10:09:27.672+0000] {spark_submit.py:579} INFO - 24/11/03 10:09:27 INFO TaskSetManager: Finished task 0.0 in stage 5.0 (TID 6) in 336 ms on 172.18.0.8 (executor 0) (1/1)
[2024-11-03T10:09:27.672+0000] {spark_submit.py:579} INFO - 24/11/03 10:09:27 INFO TaskSchedulerImpl: Removed TaskSet 5.0, whose tasks have all completed, from pool
[2024-11-03T10:09:27.673+0000] {spark_submit.py:579} INFO - 24/11/03 10:09:27 INFO DAGScheduler: ShuffleMapStage 5 ($anonfun$recordDeltaOperationInternal$1 at DatabricksLogging.scala:128) finished in 0.357 s
[2024-11-03T10:09:27.674+0000] {spark_submit.py:579} INFO - 24/11/03 10:09:27 INFO DAGScheduler: looking for newly runnable stages
[2024-11-03T10:09:27.675+0000] {spark_submit.py:579} INFO - 24/11/03 10:09:27 INFO DAGScheduler: running: Set()
[2024-11-03T10:09:27.675+0000] {spark_submit.py:579} INFO - 24/11/03 10:09:27 INFO DAGScheduler: waiting: Set()
[2024-11-03T10:09:27.676+0000] {spark_submit.py:579} INFO - 24/11/03 10:09:27 INFO DAGScheduler: failed: Set()
[2024-11-03T10:09:27.763+0000] {spark_submit.py:579} INFO - 24/11/03 10:09:27 INFO BlockManagerInfo: Removed broadcast_8_piece0 on eb88dbfa1959:35099 in memory (size: 39.0 KiB, free: 434.3 MiB)
[2024-11-03T10:09:27.767+0000] {spark_submit.py:579} INFO - 24/11/03 10:09:27 INFO BlockManagerInfo: Removed broadcast_8_piece0 on 172.18.0.8:46023 in memory (size: 39.0 KiB, free: 1048.7 MiB)
[2024-11-03T10:09:28.107+0000] {spark_submit.py:579} INFO - 24/11/03 10:09:28 INFO CodeGenerator: Generated method too long to be JIT compiled: org.apache.spark.sql.catalyst.expressions.GeneratedClass$GeneratedIteratorForCodegenStage3.serializefromobject_doConsume_0$ is 19938 bytes
[2024-11-03T10:09:28.108+0000] {spark_submit.py:579} INFO - 24/11/03 10:09:28 INFO CodeGenerator: Code generated in 258.024261 ms
[2024-11-03T10:09:28.213+0000] {spark_submit.py:579} INFO - 24/11/03 10:09:28 INFO CodeGenerator: Code generated in 85.005234 ms
[2024-11-03T10:09:28.573+0000] {spark_submit.py:579} INFO - 24/11/03 10:09:28 INFO CodeGenerator: Code generated in 85.171187 ms
[2024-11-03T10:09:28.582+0000] {spark_submit.py:579} INFO - 24/11/03 10:09:28 INFO DAGScheduler: Registering RDD 32 ($anonfun$recordDeltaOperationInternal$1 at DatabricksLogging.scala:128) as input to shuffle 2
[2024-11-03T10:09:28.583+0000] {spark_submit.py:579} INFO - 24/11/03 10:09:28 INFO DAGScheduler: Got map stage job 6 ($anonfun$recordDeltaOperationInternal$1 at DatabricksLogging.scala:128) with 50 output partitions
[2024-11-03T10:09:28.584+0000] {spark_submit.py:579} INFO - 24/11/03 10:09:28 INFO DAGScheduler: Final stage: ShuffleMapStage 7 ($anonfun$recordDeltaOperationInternal$1 at DatabricksLogging.scala:128)
[2024-11-03T10:09:28.584+0000] {spark_submit.py:579} INFO - 24/11/03 10:09:28 INFO DAGScheduler: Parents of final stage: List(ShuffleMapStage 6)
[2024-11-03T10:09:28.591+0000] {spark_submit.py:579} INFO - 24/11/03 10:09:28 INFO DAGScheduler: Missing parents: List()
[2024-11-03T10:09:28.593+0000] {spark_submit.py:579} INFO - 24/11/03 10:09:28 INFO DAGScheduler: Submitting ShuffleMapStage 7 (MapPartitionsRDD[32] at $anonfun$recordDeltaOperationInternal$1 at DatabricksLogging.scala:128), which has no missing parents
[2024-11-03T10:09:28.736+0000] {spark_submit.py:579} INFO - 24/11/03 10:09:28 INFO MemoryStore: Block broadcast_9 stored as values in memory (estimated size 517.0 KiB, free 433.2 MiB)
[2024-11-03T10:09:28.740+0000] {spark_submit.py:579} INFO - 24/11/03 10:09:28 INFO MemoryStore: Block broadcast_9_piece0 stored as bytes in memory (estimated size 123.3 KiB, free 433.1 MiB)
[2024-11-03T10:09:28.742+0000] {spark_submit.py:579} INFO - 24/11/03 10:09:28 INFO BlockManagerInfo: Added broadcast_9_piece0 in memory on eb88dbfa1959:35099 (size: 123.3 KiB, free: 434.2 MiB)
[2024-11-03T10:09:28.743+0000] {spark_submit.py:579} INFO - 24/11/03 10:09:28 INFO SparkContext: Created broadcast 9 from broadcast at DAGScheduler.scala:1540
[2024-11-03T10:09:28.744+0000] {spark_submit.py:579} INFO - 24/11/03 10:09:28 INFO DAGScheduler: Submitting 50 missing tasks from ShuffleMapStage 7 (MapPartitionsRDD[32] at $anonfun$recordDeltaOperationInternal$1 at DatabricksLogging.scala:128) (first 15 tasks are for partitions Vector(0, 1, 2, 3, 4, 5, 6, 7, 8, 9, 10, 11, 12, 13, 14))
[2024-11-03T10:09:28.744+0000] {spark_submit.py:579} INFO - 24/11/03 10:09:28 INFO TaskSchedulerImpl: Adding task set 7.0 with 50 tasks resource profile 0
[2024-11-03T10:09:28.747+0000] {spark_submit.py:579} INFO - 24/11/03 10:09:28 INFO TaskSetManager: Starting task 25.0 in stage 7.0 (TID 7) (172.18.0.8, executor 0, partition 25, NODE_LOCAL, 7356 bytes)
[2024-11-03T10:09:28.748+0000] {spark_submit.py:579} INFO - 24/11/03 10:09:28 INFO TaskSetManager: Starting task 38.0 in stage 7.0 (TID 8) (172.18.0.8, executor 0, partition 38, NODE_LOCAL, 7356 bytes)
[2024-11-03T10:09:28.776+0000] {spark_submit.py:579} INFO - 24/11/03 10:09:28 INFO BlockManagerInfo: Added broadcast_9_piece0 in memory on 172.18.0.8:46023 (size: 123.3 KiB, free: 1048.6 MiB)
[2024-11-03T10:09:28.912+0000] {spark_submit.py:579} INFO - 24/11/03 10:09:28 INFO MapOutputTrackerMasterEndpoint: Asked to send map output locations for shuffle 1 to 172.18.0.8:52900
[2024-11-03T10:09:29.373+0000] {spark_submit.py:579} INFO - 24/11/03 10:09:29 INFO BlockManagerInfo: Added rdd_29_25 in memory on 172.18.0.8:46023 (size: 553.0 B, free: 1048.6 MiB)
[2024-11-03T10:09:29.374+0000] {spark_submit.py:579} INFO - 24/11/03 10:09:29 INFO BlockManagerInfo: Added rdd_29_38 in memory on 172.18.0.8:46023 (size: 532.0 B, free: 1048.6 MiB)
[2024-11-03T10:09:29.553+0000] {spark_submit.py:579} INFO - 24/11/03 10:09:29 INFO TaskSetManager: Starting task 42.0 in stage 7.0 (TID 9) (172.18.0.8, executor 0, partition 42, NODE_LOCAL, 7356 bytes)
[2024-11-03T10:09:29.554+0000] {spark_submit.py:579} INFO - 24/11/03 10:09:29 INFO TaskSetManager: Finished task 38.0 in stage 7.0 (TID 8) in 807 ms on 172.18.0.8 (executor 0) (1/50)
[2024-11-03T10:09:29.557+0000] {spark_submit.py:579} INFO - 24/11/03 10:09:29 INFO TaskSetManager: Starting task 0.0 in stage 7.0 (TID 10) (172.18.0.8, executor 0, partition 0, PROCESS_LOCAL, 7356 bytes)
[2024-11-03T10:09:29.560+0000] {spark_submit.py:579} INFO - 24/11/03 10:09:29 INFO TaskSetManager: Finished task 25.0 in stage 7.0 (TID 7) in 812 ms on 172.18.0.8 (executor 0) (2/50)
[2024-11-03T10:09:29.678+0000] {spark_submit.py:579} INFO - 24/11/03 10:09:29 INFO BlockManagerInfo: Added rdd_29_0 in memory on 172.18.0.8:46023 (size: 46.0 B, free: 1048.6 MiB)
[2024-11-03T10:09:29.759+0000] {spark_submit.py:579} INFO - 24/11/03 10:09:29 INFO TaskSetManager: Starting task 1.0 in stage 7.0 (TID 11) (172.18.0.8, executor 0, partition 1, PROCESS_LOCAL, 7356 bytes)
[2024-11-03T10:09:29.760+0000] {spark_submit.py:579} INFO - 24/11/03 10:09:29 INFO TaskSetManager: Finished task 0.0 in stage 7.0 (TID 10) in 203 ms on 172.18.0.8 (executor 0) (3/50)
[2024-11-03T10:09:29.853+0000] {spark_submit.py:579} INFO - 24/11/03 10:09:29 INFO BlockManagerInfo: Added rdd_29_1 in memory on 172.18.0.8:46023 (size: 46.0 B, free: 1048.6 MiB)
[2024-11-03T10:09:29.895+0000] {spark_submit.py:579} INFO - 24/11/03 10:09:29 INFO TaskSetManager: Starting task 2.0 in stage 7.0 (TID 12) (172.18.0.8, executor 0, partition 2, PROCESS_LOCAL, 7356 bytes)
[2024-11-03T10:09:29.896+0000] {spark_submit.py:579} INFO - 24/11/03 10:09:29 INFO TaskSetManager: Finished task 1.0 in stage 7.0 (TID 11) in 137 ms on 172.18.0.8 (executor 0) (4/50)
[2024-11-03T10:09:29.951+0000] {spark_submit.py:579} INFO - 24/11/03 10:09:29 INFO BlockManagerInfo: Added rdd_29_2 in memory on 172.18.0.8:46023 (size: 46.0 B, free: 1048.6 MiB)
[2024-11-03T10:09:29.970+0000] {spark_submit.py:579} INFO - 24/11/03 10:09:29 INFO BlockManagerInfo: Added rdd_29_42 in memory on 172.18.0.8:46023 (size: 631.0 B, free: 1048.6 MiB)
[2024-11-03T10:09:29.990+0000] {spark_submit.py:579} INFO - 24/11/03 10:09:29 INFO TaskSetManager: Starting task 3.0 in stage 7.0 (TID 13) (172.18.0.8, executor 0, partition 3, PROCESS_LOCAL, 7356 bytes)
[2024-11-03T10:09:29.991+0000] {spark_submit.py:579} INFO - 24/11/03 10:09:29 INFO TaskSetManager: Finished task 2.0 in stage 7.0 (TID 12) in 97 ms on 172.18.0.8 (executor 0) (5/50)
[2024-11-03T10:09:30.012+0000] {spark_submit.py:579} INFO - 24/11/03 10:09:30 INFO TaskSetManager: Starting task 4.0 in stage 7.0 (TID 14) (172.18.0.8, executor 0, partition 4, PROCESS_LOCAL, 7356 bytes)
[2024-11-03T10:09:30.013+0000] {spark_submit.py:579} INFO - 24/11/03 10:09:30 INFO TaskSetManager: Finished task 42.0 in stage 7.0 (TID 9) in 461 ms on 172.18.0.8 (executor 0) (6/50)
[2024-11-03T10:09:30.062+0000] {spark_submit.py:579} INFO - 24/11/03 10:09:30 INFO BlockManagerInfo: Added rdd_29_3 in memory on 172.18.0.8:46023 (size: 46.0 B, free: 1048.6 MiB)
[2024-11-03T10:09:30.078+0000] {spark_submit.py:579} INFO - 24/11/03 10:09:30 INFO BlockManagerInfo: Added rdd_29_4 in memory on 172.18.0.8:46023 (size: 46.0 B, free: 1048.6 MiB)
[2024-11-03T10:09:30.094+0000] {spark_submit.py:579} INFO - 24/11/03 10:09:30 INFO TaskSetManager: Starting task 5.0 in stage 7.0 (TID 15) (172.18.0.8, executor 0, partition 5, PROCESS_LOCAL, 7356 bytes)
[2024-11-03T10:09:30.095+0000] {spark_submit.py:579} INFO - 24/11/03 10:09:30 INFO TaskSetManager: Finished task 3.0 in stage 7.0 (TID 13) in 105 ms on 172.18.0.8 (executor 0) (7/50)
[2024-11-03T10:09:30.112+0000] {spark_submit.py:579} INFO - 24/11/03 10:09:30 INFO TaskSetManager: Starting task 6.0 in stage 7.0 (TID 16) (172.18.0.8, executor 0, partition 6, PROCESS_LOCAL, 7356 bytes)
[2024-11-03T10:09:30.113+0000] {spark_submit.py:579} INFO - 24/11/03 10:09:30 INFO TaskSetManager: Finished task 4.0 in stage 7.0 (TID 14) in 101 ms on 172.18.0.8 (executor 0) (8/50)
[2024-11-03T10:09:30.157+0000] {spark_submit.py:579} INFO - 24/11/03 10:09:30 INFO BlockManagerInfo: Added rdd_29_5 in memory on 172.18.0.8:46023 (size: 46.0 B, free: 1048.6 MiB)
[2024-11-03T10:09:30.174+0000] {spark_submit.py:579} INFO - 24/11/03 10:09:30 INFO BlockManagerInfo: Added rdd_29_6 in memory on 172.18.0.8:46023 (size: 46.0 B, free: 1048.6 MiB)
[2024-11-03T10:09:30.189+0000] {spark_submit.py:579} INFO - 24/11/03 10:09:30 INFO TaskSetManager: Starting task 7.0 in stage 7.0 (TID 17) (172.18.0.8, executor 0, partition 7, PROCESS_LOCAL, 7356 bytes)
[2024-11-03T10:09:30.190+0000] {spark_submit.py:579} INFO - 24/11/03 10:09:30 INFO TaskSetManager: Finished task 5.0 in stage 7.0 (TID 15) in 95 ms on 172.18.0.8 (executor 0) (9/50)
[2024-11-03T10:09:30.206+0000] {spark_submit.py:579} INFO - 24/11/03 10:09:30 INFO TaskSetManager: Starting task 8.0 in stage 7.0 (TID 18) (172.18.0.8, executor 0, partition 8, PROCESS_LOCAL, 7356 bytes)
[2024-11-03T10:09:30.207+0000] {spark_submit.py:579} INFO - 24/11/03 10:09:30 INFO TaskSetManager: Finished task 6.0 in stage 7.0 (TID 16) in 96 ms on 172.18.0.8 (executor 0) (10/50)
[2024-11-03T10:09:30.261+0000] {spark_submit.py:579} INFO - 24/11/03 10:09:30 INFO BlockManagerInfo: Added rdd_29_7 in memory on 172.18.0.8:46023 (size: 46.0 B, free: 1048.6 MiB)
[2024-11-03T10:09:30.269+0000] {spark_submit.py:579} INFO - 24/11/03 10:09:30 INFO BlockManagerInfo: Added rdd_29_8 in memory on 172.18.0.8:46023 (size: 46.0 B, free: 1048.6 MiB)
[2024-11-03T10:09:30.293+0000] {spark_submit.py:579} INFO - 24/11/03 10:09:30 INFO TaskSetManager: Starting task 9.0 in stage 7.0 (TID 19) (172.18.0.8, executor 0, partition 9, PROCESS_LOCAL, 7356 bytes)
[2024-11-03T10:09:30.295+0000] {spark_submit.py:579} INFO - 24/11/03 10:09:30 INFO TaskSetManager: Finished task 7.0 in stage 7.0 (TID 17) in 106 ms on 172.18.0.8 (executor 0) (11/50)
[2024-11-03T10:09:30.306+0000] {spark_submit.py:579} INFO - 24/11/03 10:09:30 INFO TaskSetManager: Starting task 10.0 in stage 7.0 (TID 20) (172.18.0.8, executor 0, partition 10, PROCESS_LOCAL, 7356 bytes)
[2024-11-03T10:09:30.307+0000] {spark_submit.py:579} INFO - 24/11/03 10:09:30 INFO TaskSetManager: Finished task 8.0 in stage 7.0 (TID 18) in 101 ms on 172.18.0.8 (executor 0) (12/50)
[2024-11-03T10:09:30.349+0000] {spark_submit.py:579} INFO - 24/11/03 10:09:30 INFO BlockManagerInfo: Added rdd_29_9 in memory on 172.18.0.8:46023 (size: 46.0 B, free: 1048.6 MiB)
[2024-11-03T10:09:30.360+0000] {spark_submit.py:579} INFO - 24/11/03 10:09:30 INFO BlockManagerInfo: Added rdd_29_10 in memory on 172.18.0.8:46023 (size: 46.0 B, free: 1048.6 MiB)
[2024-11-03T10:09:30.391+0000] {spark_submit.py:579} INFO - 24/11/03 10:09:30 INFO TaskSetManager: Starting task 11.0 in stage 7.0 (TID 21) (172.18.0.8, executor 0, partition 11, PROCESS_LOCAL, 7356 bytes)
[2024-11-03T10:09:30.392+0000] {spark_submit.py:579} INFO - 24/11/03 10:09:30 INFO TaskSetManager: Finished task 10.0 in stage 7.0 (TID 20) in 86 ms on 172.18.0.8 (executor 0) (13/50)
[2024-11-03T10:09:30.394+0000] {spark_submit.py:579} INFO - 24/11/03 10:09:30 INFO TaskSetManager: Starting task 12.0 in stage 7.0 (TID 22) (172.18.0.8, executor 0, partition 12, PROCESS_LOCAL, 7356 bytes)
[2024-11-03T10:09:30.395+0000] {spark_submit.py:579} INFO - 24/11/03 10:09:30 INFO TaskSetManager: Finished task 9.0 in stage 7.0 (TID 19) in 102 ms on 172.18.0.8 (executor 0) (14/50)
[2024-11-03T10:09:30.464+0000] {spark_submit.py:579} INFO - 24/11/03 10:09:30 INFO BlockManagerInfo: Added rdd_29_11 in memory on 172.18.0.8:46023 (size: 46.0 B, free: 1048.6 MiB)
[2024-11-03T10:09:30.467+0000] {spark_submit.py:579} INFO - 24/11/03 10:09:30 INFO BlockManagerInfo: Added rdd_29_12 in memory on 172.18.0.8:46023 (size: 46.0 B, free: 1048.6 MiB)
[2024-11-03T10:09:30.502+0000] {spark_submit.py:579} INFO - 24/11/03 10:09:30 INFO TaskSetManager: Starting task 13.0 in stage 7.0 (TID 23) (172.18.0.8, executor 0, partition 13, PROCESS_LOCAL, 7356 bytes)
[2024-11-03T10:09:30.503+0000] {spark_submit.py:579} INFO - 24/11/03 10:09:30 INFO TaskSetManager: Finished task 12.0 in stage 7.0 (TID 22) in 109 ms on 172.18.0.8 (executor 0) (15/50)
[2024-11-03T10:09:30.508+0000] {spark_submit.py:579} INFO - 24/11/03 10:09:30 INFO TaskSetManager: Starting task 14.0 in stage 7.0 (TID 24) (172.18.0.8, executor 0, partition 14, PROCESS_LOCAL, 7356 bytes)
[2024-11-03T10:09:30.509+0000] {spark_submit.py:579} INFO - 24/11/03 10:09:30 INFO TaskSetManager: Finished task 11.0 in stage 7.0 (TID 21) in 119 ms on 172.18.0.8 (executor 0) (16/50)
[2024-11-03T10:09:30.574+0000] {spark_submit.py:579} INFO - 24/11/03 10:09:30 INFO BlockManagerInfo: Added rdd_29_13 in memory on 172.18.0.8:46023 (size: 46.0 B, free: 1048.6 MiB)
[2024-11-03T10:09:30.580+0000] {spark_submit.py:579} INFO - 24/11/03 10:09:30 INFO BlockManagerInfo: Added rdd_29_14 in memory on 172.18.0.8:46023 (size: 46.0 B, free: 1048.6 MiB)
[2024-11-03T10:09:30.614+0000] {spark_submit.py:579} INFO - 24/11/03 10:09:30 INFO TaskSetManager: Starting task 15.0 in stage 7.0 (TID 25) (172.18.0.8, executor 0, partition 15, PROCESS_LOCAL, 7356 bytes)
[2024-11-03T10:09:30.615+0000] {spark_submit.py:579} INFO - 24/11/03 10:09:30 INFO TaskSetManager: Finished task 13.0 in stage 7.0 (TID 23) in 113 ms on 172.18.0.8 (executor 0) (17/50)
[2024-11-03T10:09:30.619+0000] {spark_submit.py:579} INFO - 24/11/03 10:09:30 INFO TaskSetManager: Starting task 16.0 in stage 7.0 (TID 26) (172.18.0.8, executor 0, partition 16, PROCESS_LOCAL, 7356 bytes)
[2024-11-03T10:09:30.620+0000] {spark_submit.py:579} INFO - 24/11/03 10:09:30 INFO TaskSetManager: Finished task 14.0 in stage 7.0 (TID 24) in 112 ms on 172.18.0.8 (executor 0) (18/50)
[2024-11-03T10:09:30.678+0000] {spark_submit.py:579} INFO - 24/11/03 10:09:30 INFO BlockManagerInfo: Added rdd_29_15 in memory on 172.18.0.8:46023 (size: 46.0 B, free: 1048.6 MiB)
[2024-11-03T10:09:30.679+0000] {spark_submit.py:579} INFO - 24/11/03 10:09:30 INFO BlockManagerInfo: Added rdd_29_16 in memory on 172.18.0.8:46023 (size: 46.0 B, free: 1048.6 MiB)
[2024-11-03T10:09:30.713+0000] {spark_submit.py:579} INFO - 24/11/03 10:09:30 INFO TaskSetManager: Starting task 17.0 in stage 7.0 (TID 27) (172.18.0.8, executor 0, partition 17, PROCESS_LOCAL, 7356 bytes)
[2024-11-03T10:09:30.714+0000] {spark_submit.py:579} INFO - 24/11/03 10:09:30 INFO TaskSetManager: Finished task 16.0 in stage 7.0 (TID 26) in 96 ms on 172.18.0.8 (executor 0) (19/50)
[2024-11-03T10:09:30.719+0000] {spark_submit.py:579} INFO - 24/11/03 10:09:30 INFO TaskSetManager: Starting task 18.0 in stage 7.0 (TID 28) (172.18.0.8, executor 0, partition 18, PROCESS_LOCAL, 7356 bytes)
[2024-11-03T10:09:30.720+0000] {spark_submit.py:579} INFO - 24/11/03 10:09:30 INFO TaskSetManager: Finished task 15.0 in stage 7.0 (TID 25) in 105 ms on 172.18.0.8 (executor 0) (20/50)
[2024-11-03T10:09:30.781+0000] {spark_submit.py:579} INFO - 24/11/03 10:09:30 INFO BlockManagerInfo: Added rdd_29_18 in memory on 172.18.0.8:46023 (size: 46.0 B, free: 1048.6 MiB)
[2024-11-03T10:09:30.783+0000] {spark_submit.py:579} INFO - 24/11/03 10:09:30 INFO BlockManagerInfo: Added rdd_29_17 in memory on 172.18.0.8:46023 (size: 46.0 B, free: 1048.6 MiB)
[2024-11-03T10:09:30.815+0000] {spark_submit.py:579} INFO - 24/11/03 10:09:30 INFO TaskSetManager: Starting task 19.0 in stage 7.0 (TID 29) (172.18.0.8, executor 0, partition 19, PROCESS_LOCAL, 7356 bytes)
[2024-11-03T10:09:30.815+0000] {spark_submit.py:579} INFO - 24/11/03 10:09:30 INFO TaskSetManager: Finished task 17.0 in stage 7.0 (TID 27) in 103 ms on 172.18.0.8 (executor 0) (21/50)
[2024-11-03T10:09:30.817+0000] {spark_submit.py:579} INFO - 24/11/03 10:09:30 INFO TaskSetManager: Starting task 20.0 in stage 7.0 (TID 30) (172.18.0.8, executor 0, partition 20, PROCESS_LOCAL, 7356 bytes)
[2024-11-03T10:09:30.818+0000] {spark_submit.py:579} INFO - 24/11/03 10:09:30 INFO TaskSetManager: Finished task 18.0 in stage 7.0 (TID 28) in 99 ms on 172.18.0.8 (executor 0) (22/50)
[2024-11-03T10:09:30.880+0000] {spark_submit.py:579} INFO - 24/11/03 10:09:30 INFO BlockManagerInfo: Added rdd_29_20 in memory on 172.18.0.8:46023 (size: 46.0 B, free: 1048.6 MiB)
[2024-11-03T10:09:30.884+0000] {spark_submit.py:579} INFO - 24/11/03 10:09:30 INFO BlockManagerInfo: Added rdd_29_19 in memory on 172.18.0.8:46023 (size: 46.0 B, free: 1048.6 MiB)
[2024-11-03T10:09:30.911+0000] {spark_submit.py:579} INFO - 24/11/03 10:09:30 INFO TaskSetManager: Starting task 21.0 in stage 7.0 (TID 31) (172.18.0.8, executor 0, partition 21, PROCESS_LOCAL, 7356 bytes)
[2024-11-03T10:09:30.912+0000] {spark_submit.py:579} INFO - 24/11/03 10:09:30 INFO TaskSetManager: Finished task 20.0 in stage 7.0 (TID 30) in 95 ms on 172.18.0.8 (executor 0) (23/50)
[2024-11-03T10:09:30.913+0000] {spark_submit.py:579} INFO - 24/11/03 10:09:30 INFO TaskSetManager: Starting task 22.0 in stage 7.0 (TID 32) (172.18.0.8, executor 0, partition 22, PROCESS_LOCAL, 7356 bytes)
[2024-11-03T10:09:30.914+0000] {spark_submit.py:579} INFO - 24/11/03 10:09:30 INFO TaskSetManager: Finished task 19.0 in stage 7.0 (TID 29) in 99 ms on 172.18.0.8 (executor 0) (24/50)
[2024-11-03T10:09:30.976+0000] {spark_submit.py:579} INFO - 24/11/03 10:09:30 INFO BlockManagerInfo: Added rdd_29_22 in memory on 172.18.0.8:46023 (size: 46.0 B, free: 1048.6 MiB)
[2024-11-03T10:09:30.977+0000] {spark_submit.py:579} INFO - 24/11/03 10:09:30 INFO BlockManagerInfo: Added rdd_29_21 in memory on 172.18.0.8:46023 (size: 46.0 B, free: 1048.6 MiB)
[2024-11-03T10:09:31.005+0000] {spark_submit.py:579} INFO - 24/11/03 10:09:31 INFO TaskSetManager: Starting task 23.0 in stage 7.0 (TID 33) (172.18.0.8, executor 0, partition 23, PROCESS_LOCAL, 7356 bytes)
[2024-11-03T10:09:31.006+0000] {spark_submit.py:579} INFO - 24/11/03 10:09:31 INFO TaskSetManager: Finished task 21.0 in stage 7.0 (TID 31) in 95 ms on 172.18.0.8 (executor 0) (25/50)
[2024-11-03T10:09:31.007+0000] {spark_submit.py:579} INFO - 24/11/03 10:09:31 INFO TaskSetManager: Starting task 24.0 in stage 7.0 (TID 34) (172.18.0.8, executor 0, partition 24, PROCESS_LOCAL, 7356 bytes)
[2024-11-03T10:09:31.008+0000] {spark_submit.py:579} INFO - 24/11/03 10:09:31 INFO TaskSetManager: Finished task 22.0 in stage 7.0 (TID 32) in 96 ms on 172.18.0.8 (executor 0) (26/50)
[2024-11-03T10:09:31.069+0000] {spark_submit.py:579} INFO - 24/11/03 10:09:31 INFO BlockManagerInfo: Added rdd_29_24 in memory on 172.18.0.8:46023 (size: 46.0 B, free: 1048.6 MiB)
[2024-11-03T10:09:31.069+0000] {spark_submit.py:579} INFO - 24/11/03 10:09:31 INFO BlockManagerInfo: Added rdd_29_23 in memory on 172.18.0.8:46023 (size: 46.0 B, free: 1048.6 MiB)
[2024-11-03T10:09:31.097+0000] {spark_submit.py:579} INFO - 24/11/03 10:09:31 INFO TaskSetManager: Starting task 26.0 in stage 7.0 (TID 35) (172.18.0.8, executor 0, partition 26, PROCESS_LOCAL, 7356 bytes)
[2024-11-03T10:09:31.098+0000] {spark_submit.py:579} INFO - 24/11/03 10:09:31 INFO TaskSetManager: Finished task 24.0 in stage 7.0 (TID 34) in 91 ms on 172.18.0.8 (executor 0) (27/50)
[2024-11-03T10:09:31.099+0000] {spark_submit.py:579} INFO - 24/11/03 10:09:31 INFO TaskSetManager: Starting task 27.0 in stage 7.0 (TID 36) (172.18.0.8, executor 0, partition 27, PROCESS_LOCAL, 7356 bytes)
[2024-11-03T10:09:31.101+0000] {spark_submit.py:579} INFO - 24/11/03 10:09:31 INFO TaskSetManager: Finished task 23.0 in stage 7.0 (TID 33) in 95 ms on 172.18.0.8 (executor 0) (28/50)
[2024-11-03T10:09:31.152+0000] {spark_submit.py:579} INFO - 24/11/03 10:09:31 INFO BlockManagerInfo: Added rdd_29_27 in memory on 172.18.0.8:46023 (size: 46.0 B, free: 1048.6 MiB)
[2024-11-03T10:09:31.154+0000] {spark_submit.py:579} INFO - 24/11/03 10:09:31 INFO BlockManagerInfo: Added rdd_29_26 in memory on 172.18.0.8:46023 (size: 46.0 B, free: 1048.6 MiB)
[2024-11-03T10:09:31.186+0000] {spark_submit.py:579} INFO - 24/11/03 10:09:31 INFO TaskSetManager: Starting task 28.0 in stage 7.0 (TID 37) (172.18.0.8, executor 0, partition 28, PROCESS_LOCAL, 7356 bytes)
[2024-11-03T10:09:31.192+0000] {spark_submit.py:579} INFO - 24/11/03 10:09:31 INFO TaskSetManager: Finished task 27.0 in stage 7.0 (TID 36) in 87 ms on 172.18.0.8 (executor 0) (29/50)
[2024-11-03T10:09:31.193+0000] {spark_submit.py:579} INFO - 24/11/03 10:09:31 INFO TaskSetManager: Starting task 29.0 in stage 7.0 (TID 38) (172.18.0.8, executor 0, partition 29, PROCESS_LOCAL, 7356 bytes)
[2024-11-03T10:09:31.194+0000] {spark_submit.py:579} INFO - 24/11/03 10:09:31 INFO TaskSetManager: Finished task 26.0 in stage 7.0 (TID 35) in 97 ms on 172.18.0.8 (executor 0) (30/50)
[2024-11-03T10:09:31.248+0000] {spark_submit.py:579} INFO - 24/11/03 10:09:31 INFO BlockManagerInfo: Added rdd_29_28 in memory on 172.18.0.8:46023 (size: 46.0 B, free: 1048.6 MiB)
[2024-11-03T10:09:31.259+0000] {spark_submit.py:579} INFO - 24/11/03 10:09:31 INFO BlockManagerInfo: Added rdd_29_29 in memory on 172.18.0.8:46023 (size: 46.0 B, free: 1048.6 MiB)
[2024-11-03T10:09:31.292+0000] {spark_submit.py:579} INFO - 24/11/03 10:09:31 INFO TaskSetManager: Starting task 30.0 in stage 7.0 (TID 39) (172.18.0.8, executor 0, partition 30, PROCESS_LOCAL, 7356 bytes)
[2024-11-03T10:09:31.293+0000] {spark_submit.py:579} INFO - 24/11/03 10:09:31 INFO TaskSetManager: Finished task 28.0 in stage 7.0 (TID 37) in 107 ms on 172.18.0.8 (executor 0) (31/50)
[2024-11-03T10:09:31.300+0000] {spark_submit.py:579} INFO - 24/11/03 10:09:31 INFO TaskSetManager: Starting task 31.0 in stage 7.0 (TID 40) (172.18.0.8, executor 0, partition 31, PROCESS_LOCAL, 7356 bytes)
[2024-11-03T10:09:31.301+0000] {spark_submit.py:579} INFO - 24/11/03 10:09:31 INFO TaskSetManager: Finished task 29.0 in stage 7.0 (TID 38) in 109 ms on 172.18.0.8 (executor 0) (32/50)
[2024-11-03T10:09:31.346+0000] {spark_submit.py:579} INFO - 24/11/03 10:09:31 INFO BlockManagerInfo: Added rdd_29_30 in memory on 172.18.0.8:46023 (size: 46.0 B, free: 1048.6 MiB)
[2024-11-03T10:09:31.352+0000] {spark_submit.py:579} INFO - 24/11/03 10:09:31 INFO BlockManagerInfo: Added rdd_29_31 in memory on 172.18.0.8:46023 (size: 46.0 B, free: 1048.6 MiB)
[2024-11-03T10:09:31.373+0000] {spark_submit.py:579} INFO - 24/11/03 10:09:31 INFO TaskSetManager: Starting task 32.0 in stage 7.0 (TID 41) (172.18.0.8, executor 0, partition 32, PROCESS_LOCAL, 7356 bytes)
[2024-11-03T10:09:31.374+0000] {spark_submit.py:579} INFO - 24/11/03 10:09:31 INFO TaskSetManager: Finished task 30.0 in stage 7.0 (TID 39) in 83 ms on 172.18.0.8 (executor 0) (33/50)
[2024-11-03T10:09:31.383+0000] {spark_submit.py:579} INFO - 24/11/03 10:09:31 INFO TaskSetManager: Starting task 33.0 in stage 7.0 (TID 42) (172.18.0.8, executor 0, partition 33, PROCESS_LOCAL, 7356 bytes)
[2024-11-03T10:09:31.384+0000] {spark_submit.py:579} INFO - 24/11/03 10:09:31 INFO TaskSetManager: Finished task 31.0 in stage 7.0 (TID 40) in 85 ms on 172.18.0.8 (executor 0) (34/50)
[2024-11-03T10:09:31.426+0000] {spark_submit.py:579} INFO - 24/11/03 10:09:31 INFO BlockManagerInfo: Added rdd_29_32 in memory on 172.18.0.8:46023 (size: 46.0 B, free: 1048.6 MiB)
[2024-11-03T10:09:31.430+0000] {spark_submit.py:579} INFO - 24/11/03 10:09:31 INFO BlockManagerInfo: Added rdd_29_33 in memory on 172.18.0.8:46023 (size: 46.0 B, free: 1048.6 MiB)
[2024-11-03T10:09:31.454+0000] {spark_submit.py:579} INFO - 24/11/03 10:09:31 INFO TaskSetManager: Starting task 34.0 in stage 7.0 (TID 43) (172.18.0.8, executor 0, partition 34, PROCESS_LOCAL, 7356 bytes)
[2024-11-03T10:09:31.455+0000] {spark_submit.py:579} INFO - 24/11/03 10:09:31 INFO TaskSetManager: Finished task 32.0 in stage 7.0 (TID 41) in 83 ms on 172.18.0.8 (executor 0) (35/50)
[2024-11-03T10:09:31.456+0000] {spark_submit.py:579} INFO - 24/11/03 10:09:31 INFO TaskSetManager: Starting task 35.0 in stage 7.0 (TID 44) (172.18.0.8, executor 0, partition 35, PROCESS_LOCAL, 7356 bytes)
[2024-11-03T10:09:31.457+0000] {spark_submit.py:579} INFO - 24/11/03 10:09:31 INFO TaskSetManager: Finished task 33.0 in stage 7.0 (TID 42) in 74 ms on 172.18.0.8 (executor 0) (36/50)
[2024-11-03T10:09:31.515+0000] {spark_submit.py:579} INFO - 24/11/03 10:09:31 INFO BlockManagerInfo: Added rdd_29_35 in memory on 172.18.0.8:46023 (size: 46.0 B, free: 1048.6 MiB)
[2024-11-03T10:09:31.517+0000] {spark_submit.py:579} INFO - 24/11/03 10:09:31 INFO BlockManagerInfo: Added rdd_29_34 in memory on 172.18.0.8:46023 (size: 46.0 B, free: 1048.6 MiB)
[2024-11-03T10:09:31.542+0000] {spark_submit.py:579} INFO - 24/11/03 10:09:31 INFO TaskSetManager: Starting task 36.0 in stage 7.0 (TID 45) (172.18.0.8, executor 0, partition 36, PROCESS_LOCAL, 7356 bytes)
[2024-11-03T10:09:31.543+0000] {spark_submit.py:579} INFO - 24/11/03 10:09:31 INFO TaskSetManager: Finished task 34.0 in stage 7.0 (TID 43) in 88 ms on 172.18.0.8 (executor 0) (37/50)
[2024-11-03T10:09:31.550+0000] {spark_submit.py:579} INFO - 24/11/03 10:09:31 INFO TaskSetManager: Starting task 37.0 in stage 7.0 (TID 46) (172.18.0.8, executor 0, partition 37, PROCESS_LOCAL, 7356 bytes)
[2024-11-03T10:09:31.550+0000] {spark_submit.py:579} INFO - 24/11/03 10:09:31 INFO TaskSetManager: Finished task 35.0 in stage 7.0 (TID 44) in 94 ms on 172.18.0.8 (executor 0) (38/50)
[2024-11-03T10:09:31.594+0000] {spark_submit.py:579} INFO - 24/11/03 10:09:31 INFO BlockManagerInfo: Added rdd_29_37 in memory on 172.18.0.8:46023 (size: 46.0 B, free: 1048.6 MiB)
[2024-11-03T10:09:31.595+0000] {spark_submit.py:579} INFO - 24/11/03 10:09:31 INFO BlockManagerInfo: Added rdd_29_36 in memory on 172.18.0.8:46023 (size: 46.0 B, free: 1048.6 MiB)
[2024-11-03T10:09:31.621+0000] {spark_submit.py:579} INFO - 24/11/03 10:09:31 INFO TaskSetManager: Starting task 39.0 in stage 7.0 (TID 47) (172.18.0.8, executor 0, partition 39, PROCESS_LOCAL, 7356 bytes)
[2024-11-03T10:09:31.622+0000] {spark_submit.py:579} INFO - 24/11/03 10:09:31 INFO TaskSetManager: Finished task 37.0 in stage 7.0 (TID 46) in 72 ms on 172.18.0.8 (executor 0) (39/50)
[2024-11-03T10:09:31.623+0000] {spark_submit.py:579} INFO - 24/11/03 10:09:31 INFO TaskSetManager: Starting task 40.0 in stage 7.0 (TID 48) (172.18.0.8, executor 0, partition 40, PROCESS_LOCAL, 7356 bytes)
[2024-11-03T10:09:31.624+0000] {spark_submit.py:579} INFO - 24/11/03 10:09:31 INFO TaskSetManager: Finished task 36.0 in stage 7.0 (TID 45) in 82 ms on 172.18.0.8 (executor 0) (40/50)
[2024-11-03T10:09:31.676+0000] {spark_submit.py:579} INFO - 24/11/03 10:09:31 INFO BlockManagerInfo: Added rdd_29_40 in memory on 172.18.0.8:46023 (size: 46.0 B, free: 1048.6 MiB)
[2024-11-03T10:09:31.681+0000] {spark_submit.py:579} INFO - 24/11/03 10:09:31 INFO BlockManagerInfo: Added rdd_29_39 in memory on 172.18.0.8:46023 (size: 46.0 B, free: 1048.6 MiB)
[2024-11-03T10:09:31.725+0000] {spark_submit.py:579} INFO - 24/11/03 10:09:31 INFO TaskSetManager: Starting task 41.0 in stage 7.0 (TID 49) (172.18.0.8, executor 0, partition 41, PROCESS_LOCAL, 7356 bytes)
[2024-11-03T10:09:31.726+0000] {spark_submit.py:579} INFO - 24/11/03 10:09:31 INFO TaskSetManager: Finished task 39.0 in stage 7.0 (TID 47) in 105 ms on 172.18.0.8 (executor 0) (41/50)
[2024-11-03T10:09:31.727+0000] {spark_submit.py:579} INFO - 24/11/03 10:09:31 INFO TaskSetManager: Starting task 43.0 in stage 7.0 (TID 50) (172.18.0.8, executor 0, partition 43, PROCESS_LOCAL, 7356 bytes)
[2024-11-03T10:09:31.728+0000] {spark_submit.py:579} INFO - 24/11/03 10:09:31 INFO TaskSetManager: Finished task 40.0 in stage 7.0 (TID 48) in 105 ms on 172.18.0.8 (executor 0) (42/50)
[2024-11-03T10:09:31.778+0000] {spark_submit.py:579} INFO - 24/11/03 10:09:31 INFO BlockManagerInfo: Added rdd_29_41 in memory on 172.18.0.8:46023 (size: 46.0 B, free: 1048.6 MiB)
[2024-11-03T10:09:31.784+0000] {spark_submit.py:579} INFO - 24/11/03 10:09:31 INFO BlockManagerInfo: Added rdd_29_43 in memory on 172.18.0.8:46023 (size: 46.0 B, free: 1048.6 MiB)
[2024-11-03T10:09:31.808+0000] {spark_submit.py:579} INFO - 24/11/03 10:09:31 INFO TaskSetManager: Starting task 44.0 in stage 7.0 (TID 51) (172.18.0.8, executor 0, partition 44, PROCESS_LOCAL, 7356 bytes)
[2024-11-03T10:09:31.809+0000] {spark_submit.py:579} INFO - 24/11/03 10:09:31 INFO TaskSetManager: Finished task 41.0 in stage 7.0 (TID 49) in 84 ms on 172.18.0.8 (executor 0) (43/50)
[2024-11-03T10:09:31.814+0000] {spark_submit.py:579} INFO - 24/11/03 10:09:31 INFO TaskSetManager: Starting task 45.0 in stage 7.0 (TID 52) (172.18.0.8, executor 0, partition 45, PROCESS_LOCAL, 7356 bytes)
[2024-11-03T10:09:31.815+0000] {spark_submit.py:579} INFO - 24/11/03 10:09:31 INFO TaskSetManager: Finished task 43.0 in stage 7.0 (TID 50) in 88 ms on 172.18.0.8 (executor 0) (44/50)
[2024-11-03T10:09:31.866+0000] {spark_submit.py:579} INFO - 24/11/03 10:09:31 INFO BlockManagerInfo: Added rdd_29_44 in memory on 172.18.0.8:46023 (size: 46.0 B, free: 1048.6 MiB)
[2024-11-03T10:09:31.872+0000] {spark_submit.py:579} INFO - 24/11/03 10:09:31 INFO BlockManagerInfo: Added rdd_29_45 in memory on 172.18.0.8:46023 (size: 46.0 B, free: 1048.6 MiB)
[2024-11-03T10:09:31.906+0000] {spark_submit.py:579} INFO - 24/11/03 10:09:31 INFO TaskSetManager: Starting task 46.0 in stage 7.0 (TID 53) (172.18.0.8, executor 0, partition 46, PROCESS_LOCAL, 7356 bytes)
[2024-11-03T10:09:31.907+0000] {spark_submit.py:579} INFO - 24/11/03 10:09:31 INFO TaskSetManager: Finished task 44.0 in stage 7.0 (TID 51) in 99 ms on 172.18.0.8 (executor 0) (45/50)
[2024-11-03T10:09:31.918+0000] {spark_submit.py:579} INFO - 24/11/03 10:09:31 INFO TaskSetManager: Starting task 47.0 in stage 7.0 (TID 54) (172.18.0.8, executor 0, partition 47, PROCESS_LOCAL, 7356 bytes)
[2024-11-03T10:09:31.919+0000] {spark_submit.py:579} INFO - 24/11/03 10:09:31 INFO TaskSetManager: Finished task 45.0 in stage 7.0 (TID 52) in 106 ms on 172.18.0.8 (executor 0) (46/50)
[2024-11-03T10:09:31.961+0000] {spark_submit.py:579} INFO - 24/11/03 10:09:31 INFO BlockManagerInfo: Added rdd_29_46 in memory on 172.18.0.8:46023 (size: 46.0 B, free: 1048.6 MiB)
[2024-11-03T10:09:31.969+0000] {spark_submit.py:579} INFO - 24/11/03 10:09:31 INFO BlockManagerInfo: Added rdd_29_47 in memory on 172.18.0.8:46023 (size: 46.0 B, free: 1048.6 MiB)
[2024-11-03T10:09:31.986+0000] {spark_submit.py:579} INFO - 24/11/03 10:09:31 INFO TaskSetManager: Starting task 48.0 in stage 7.0 (TID 55) (172.18.0.8, executor 0, partition 48, PROCESS_LOCAL, 7356 bytes)
[2024-11-03T10:09:31.987+0000] {spark_submit.py:579} INFO - 24/11/03 10:09:31 INFO TaskSetManager: Finished task 46.0 in stage 7.0 (TID 53) in 82 ms on 172.18.0.8 (executor 0) (47/50)
[2024-11-03T10:09:31.995+0000] {spark_submit.py:579} INFO - 24/11/03 10:09:31 INFO TaskSetManager: Starting task 49.0 in stage 7.0 (TID 56) (172.18.0.8, executor 0, partition 49, PROCESS_LOCAL, 7356 bytes)
[2024-11-03T10:09:31.996+0000] {spark_submit.py:579} INFO - 24/11/03 10:09:31 INFO TaskSetManager: Finished task 47.0 in stage 7.0 (TID 54) in 77 ms on 172.18.0.8 (executor 0) (48/50)
[2024-11-03T10:09:32.037+0000] {spark_submit.py:579} INFO - 24/11/03 10:09:32 INFO BlockManagerInfo: Added rdd_29_48 in memory on 172.18.0.8:46023 (size: 46.0 B, free: 1048.6 MiB)
[2024-11-03T10:09:32.043+0000] {spark_submit.py:579} INFO - 24/11/03 10:09:32 INFO BlockManagerInfo: Added rdd_29_49 in memory on 172.18.0.8:46023 (size: 46.0 B, free: 1048.6 MiB)
[2024-11-03T10:09:32.063+0000] {spark_submit.py:579} INFO - 24/11/03 10:09:32 INFO TaskSetManager: Finished task 48.0 in stage 7.0 (TID 55) in 77 ms on 172.18.0.8 (executor 0) (49/50)
[2024-11-03T10:09:32.070+0000] {spark_submit.py:579} INFO - 24/11/03 10:09:32 INFO TaskSetManager: Finished task 49.0 in stage 7.0 (TID 56) in 76 ms on 172.18.0.8 (executor 0) (50/50)
[2024-11-03T10:09:32.071+0000] {spark_submit.py:579} INFO - 24/11/03 10:09:32 INFO TaskSchedulerImpl: Removed TaskSet 7.0, whose tasks have all completed, from pool
[2024-11-03T10:09:32.071+0000] {spark_submit.py:579} INFO - 24/11/03 10:09:32 INFO DAGScheduler: ShuffleMapStage 7 ($anonfun$recordDeltaOperationInternal$1 at DatabricksLogging.scala:128) finished in 3.472 s
[2024-11-03T10:09:32.072+0000] {spark_submit.py:579} INFO - 24/11/03 10:09:32 INFO DAGScheduler: looking for newly runnable stages
[2024-11-03T10:09:32.073+0000] {spark_submit.py:579} INFO - 24/11/03 10:09:32 INFO DAGScheduler: running: Set()
[2024-11-03T10:09:32.073+0000] {spark_submit.py:579} INFO - 24/11/03 10:09:32 INFO DAGScheduler: waiting: Set()
[2024-11-03T10:09:32.074+0000] {spark_submit.py:579} INFO - 24/11/03 10:09:32 INFO DAGScheduler: failed: Set()
[2024-11-03T10:09:32.101+0000] {spark_submit.py:579} INFO - 24/11/03 10:09:32 INFO SparkContext: Starting job: $anonfun$recordDeltaOperationInternal$1 at DatabricksLogging.scala:128
[2024-11-03T10:09:32.102+0000] {spark_submit.py:579} INFO - 24/11/03 10:09:32 INFO DAGScheduler: Got job 7 ($anonfun$recordDeltaOperationInternal$1 at DatabricksLogging.scala:128) with 1 output partitions
[2024-11-03T10:09:32.103+0000] {spark_submit.py:579} INFO - 24/11/03 10:09:32 INFO DAGScheduler: Final stage: ResultStage 10 ($anonfun$recordDeltaOperationInternal$1 at DatabricksLogging.scala:128)
[2024-11-03T10:09:32.104+0000] {spark_submit.py:579} INFO - 24/11/03 10:09:32 INFO DAGScheduler: Parents of final stage: List(ShuffleMapStage 9)
[2024-11-03T10:09:32.104+0000] {spark_submit.py:579} INFO - 24/11/03 10:09:32 INFO DAGScheduler: Missing parents: List()
[2024-11-03T10:09:32.105+0000] {spark_submit.py:579} INFO - 24/11/03 10:09:32 INFO DAGScheduler: Submitting ResultStage 10 (MapPartitionsRDD[35] at $anonfun$recordDeltaOperationInternal$1 at DatabricksLogging.scala:128), which has no missing parents
[2024-11-03T10:09:32.110+0000] {spark_submit.py:579} INFO - 24/11/03 10:09:32 INFO MemoryStore: Block broadcast_10 stored as values in memory (estimated size 452.2 KiB, free 432.6 MiB)
[2024-11-03T10:09:32.112+0000] {spark_submit.py:579} INFO - 24/11/03 10:09:32 INFO MemoryStore: Block broadcast_10_piece0 stored as bytes in memory (estimated size 108.1 KiB, free 432.5 MiB)
[2024-11-03T10:09:32.114+0000] {spark_submit.py:579} INFO - 24/11/03 10:09:32 INFO BlockManagerInfo: Added broadcast_10_piece0 in memory on eb88dbfa1959:35099 (size: 108.1 KiB, free: 434.1 MiB)
[2024-11-03T10:09:32.115+0000] {spark_submit.py:579} INFO - 24/11/03 10:09:32 INFO SparkContext: Created broadcast 10 from broadcast at DAGScheduler.scala:1540
[2024-11-03T10:09:32.115+0000] {spark_submit.py:579} INFO - 24/11/03 10:09:32 INFO DAGScheduler: Submitting 1 missing tasks from ResultStage 10 (MapPartitionsRDD[35] at $anonfun$recordDeltaOperationInternal$1 at DatabricksLogging.scala:128) (first 15 tasks are for partitions Vector(0))
[2024-11-03T10:09:32.116+0000] {spark_submit.py:579} INFO - 24/11/03 10:09:32 INFO TaskSchedulerImpl: Adding task set 10.0 with 1 tasks resource profile 0
[2024-11-03T10:09:32.118+0000] {spark_submit.py:579} INFO - 24/11/03 10:09:32 INFO TaskSetManager: Starting task 0.0 in stage 10.0 (TID 57) (172.18.0.8, executor 0, partition 0, NODE_LOCAL, 7367 bytes)
[2024-11-03T10:09:32.130+0000] {spark_submit.py:579} INFO - 24/11/03 10:09:32 INFO BlockManagerInfo: Added broadcast_10_piece0 in memory on 172.18.0.8:46023 (size: 108.1 KiB, free: 1048.5 MiB)
[2024-11-03T10:09:32.143+0000] {spark_submit.py:579} INFO - 24/11/03 10:09:32 INFO MapOutputTrackerMasterEndpoint: Asked to send map output locations for shuffle 2 to 172.18.0.8:52900
[2024-11-03T10:09:32.208+0000] {spark_submit.py:579} INFO - 24/11/03 10:09:32 INFO TaskSetManager: Finished task 0.0 in stage 10.0 (TID 57) in 91 ms on 172.18.0.8 (executor 0) (1/1)
[2024-11-03T10:09:32.209+0000] {spark_submit.py:579} INFO - 24/11/03 10:09:32 INFO TaskSchedulerImpl: Removed TaskSet 10.0, whose tasks have all completed, from pool
[2024-11-03T10:09:32.210+0000] {spark_submit.py:579} INFO - 24/11/03 10:09:32 INFO DAGScheduler: ResultStage 10 ($anonfun$recordDeltaOperationInternal$1 at DatabricksLogging.scala:128) finished in 0.104 s
[2024-11-03T10:09:32.210+0000] {spark_submit.py:579} INFO - 24/11/03 10:09:32 INFO DAGScheduler: Job 7 is finished. Cancelling potential speculative or zombie tasks for this job
[2024-11-03T10:09:32.211+0000] {spark_submit.py:579} INFO - 24/11/03 10:09:32 INFO TaskSchedulerImpl: Killing all running tasks in stage 10: Stage finished
[2024-11-03T10:09:32.212+0000] {spark_submit.py:579} INFO - 24/11/03 10:09:32 INFO DAGScheduler: Job 7 finished: $anonfun$recordDeltaOperationInternal$1 at DatabricksLogging.scala:128, took 0.108782 s
[2024-11-03T10:09:32.248+0000] {spark_submit.py:579} INFO - 24/11/03 10:09:32 INFO BlockManagerInfo: Removed broadcast_9_piece0 on eb88dbfa1959:35099 in memory (size: 123.3 KiB, free: 434.2 MiB)
[2024-11-03T10:09:32.250+0000] {spark_submit.py:579} INFO - 24/11/03 10:09:32 INFO BlockManagerInfo: Removed broadcast_9_piece0 on 172.18.0.8:46023 in memory (size: 123.3 KiB, free: 1048.6 MiB)
[2024-11-03T10:09:32.259+0000] {spark_submit.py:579} INFO - 24/11/03 10:09:32 INFO BlockManagerInfo: Removed broadcast_10_piece0 on eb88dbfa1959:35099 in memory (size: 108.1 KiB, free: 434.3 MiB)
[2024-11-03T10:09:32.261+0000] {spark_submit.py:579} INFO - 24/11/03 10:09:32 INFO BlockManagerInfo: Removed broadcast_10_piece0 on 172.18.0.8:46023 in memory (size: 108.1 KiB, free: 1048.7 MiB)
[2024-11-03T10:09:32.289+0000] {spark_submit.py:579} INFO - 24/11/03 10:09:32 INFO CodeGenerator: Code generated in 59.866006 ms
[2024-11-03T10:09:32.292+0000] {spark_submit.py:579} INFO - 24/11/03 10:09:32 INFO Snapshot: [tableId=081f05ea-5a54-4f8f-871f-c1589c3ca801] DELTA: Done
[2024-11-03T10:09:32.338+0000] {spark_submit.py:579} INFO - 24/11/03 10:09:32 INFO OptimisticTransaction: [tableId=c971f37d,txnId=01909376] Committed delta #0 to s3a://lakehouse/sliver/credit/_delta_log
[2024-11-03T10:09:32.350+0000] {spark_submit.py:579} INFO - 2024-11-03 10:09:32,349 INFO: Data cleaning and saving process completed successfully.
[2024-11-03T10:09:32.350+0000] {spark_submit.py:579} INFO - 24/11/03 10:09:32 INFO SparkContext: SparkContext is stopping with exitCode 0.
[2024-11-03T10:09:32.367+0000] {spark_submit.py:579} INFO - 24/11/03 10:09:32 INFO SparkUI: Stopped Spark web UI at http://eb88dbfa1959:4040
[2024-11-03T10:09:32.377+0000] {spark_submit.py:579} INFO - 24/11/03 10:09:32 INFO StandaloneSchedulerBackend: Shutting down all executors
[2024-11-03T10:09:32.378+0000] {spark_submit.py:579} INFO - 24/11/03 10:09:32 INFO StandaloneSchedulerBackend$StandaloneDriverEndpoint: Asking each executor to shut down
[2024-11-03T10:09:32.411+0000] {spark_submit.py:579} INFO - 24/11/03 10:09:32 INFO MapOutputTrackerMasterEndpoint: MapOutputTrackerMasterEndpoint stopped!
[2024-11-03T10:09:32.432+0000] {spark_submit.py:579} INFO - 24/11/03 10:09:32 INFO MemoryStore: MemoryStore cleared
[2024-11-03T10:09:32.433+0000] {spark_submit.py:579} INFO - 24/11/03 10:09:32 INFO BlockManager: BlockManager stopped
[2024-11-03T10:09:32.437+0000] {spark_submit.py:579} INFO - 24/11/03 10:09:32 INFO BlockManagerMaster: BlockManagerMaster stopped
[2024-11-03T10:09:32.445+0000] {spark_submit.py:579} INFO - 24/11/03 10:09:32 INFO OutputCommitCoordinator$OutputCommitCoordinatorEndpoint: OutputCommitCoordinator stopped!
[2024-11-03T10:09:32.495+0000] {spark_submit.py:579} INFO - 24/11/03 10:09:32 INFO SparkContext: Successfully stopped SparkContext
[2024-11-03T10:09:32.879+0000] {spark_submit.py:579} INFO - 2024-11-03 10:09:32,879 INFO: Closing down clientserver connection
[2024-11-03T10:09:32.943+0000] {spark_submit.py:579} INFO - 24/11/03 10:09:32 INFO ShutdownHookManager: Shutdown hook called
[2024-11-03T10:09:32.945+0000] {spark_submit.py:579} INFO - 24/11/03 10:09:32 INFO ShutdownHookManager: Deleting directory /tmp/spark-bab5c2b6-df47-4ae0-95b3-f4ded7ce967b
[2024-11-03T10:09:32.950+0000] {spark_submit.py:579} INFO - 24/11/03 10:09:32 INFO ShutdownHookManager: Deleting directory /tmp/spark-0ca839a6-3d0d-4325-a27a-2cbf5b8ef12f
[2024-11-03T10:09:32.955+0000] {spark_submit.py:579} INFO - 24/11/03 10:09:32 INFO ShutdownHookManager: Deleting directory /tmp/spark-0ca839a6-3d0d-4325-a27a-2cbf5b8ef12f/pyspark-9bcdf579-e12f-4a4c-91cb-926a476fe897
[2024-11-03T10:09:32.968+0000] {spark_submit.py:579} INFO - 24/11/03 10:09:32 INFO MetricsSystemImpl: Stopping s3a-file-system metrics system...
[2024-11-03T10:09:32.969+0000] {spark_submit.py:579} INFO - 24/11/03 10:09:32 INFO MetricsSystemImpl: s3a-file-system metrics system stopped.
[2024-11-03T10:09:32.969+0000] {spark_submit.py:579} INFO - 24/11/03 10:09:32 INFO MetricsSystemImpl: s3a-file-system metrics system shutdown complete.
[2024-11-03T10:09:33.217+0000] {taskinstance.py:1398} INFO - Marking task as SUCCESS. dag_id=task_credits_clean, task_id=credits_cleaned, execution_date=20241103T100526, start_date=20241103T100849, end_date=20241103T100933
[2024-11-03T10:09:33.257+0000] {local_task_job_runner.py:228} INFO - Task exited with return code 0
[2024-11-03T10:09:33.272+0000] {taskinstance.py:2776} INFO - 0 downstream tasks scheduled from follow-on schedule check
