[2024-11-02T12:04:37.236+0000] {taskinstance.py:1157} INFO - Dependencies all met for dep_context=non-requeueable deps ti=<TaskInstance: task_credits_clean.credits_cleaned manual__2024-11-02T12:04:36.275455+00:00 [queued]>
[2024-11-02T12:04:37.244+0000] {taskinstance.py:1157} INFO - Dependencies all met for dep_context=requeueable deps ti=<TaskInstance: task_credits_clean.credits_cleaned manual__2024-11-02T12:04:36.275455+00:00 [queued]>
[2024-11-02T12:04:37.245+0000] {taskinstance.py:1359} INFO - Starting attempt 1 of 2
[2024-11-02T12:04:37.257+0000] {taskinstance.py:1380} INFO - Executing <Task(SparkSubmitOperator): credits_cleaned> on 2024-11-02 12:04:36.275455+00:00
[2024-11-02T12:04:37.262+0000] {standard_task_runner.py:57} INFO - Started process 4476 to run task
[2024-11-02T12:04:37.265+0000] {standard_task_runner.py:84} INFO - Running: ['***', 'tasks', 'run', 'task_credits_clean', 'credits_cleaned', 'manual__2024-11-02T12:04:36.275455+00:00', '--job-id', '114', '--raw', '--subdir', 'DAGS_FOLDER/credits_test.py', '--cfg-path', '/tmp/tmpva8db4vx']
[2024-11-02T12:04:37.268+0000] {standard_task_runner.py:85} INFO - Job 114: Subtask credits_cleaned
[2024-11-02T12:04:37.318+0000] {task_command.py:415} INFO - Running <TaskInstance: task_credits_clean.credits_cleaned manual__2024-11-02T12:04:36.275455+00:00 [running]> on host ca8eb5e6736b
[2024-11-02T12:04:37.405+0000] {taskinstance.py:1660} INFO - Exporting env vars: AIRFLOW_CTX_DAG_OWNER='***' AIRFLOW_CTX_DAG_ID='task_credits_clean' AIRFLOW_CTX_TASK_ID='credits_cleaned' AIRFLOW_CTX_EXECUTION_DATE='2024-11-02T12:04:36.275455+00:00' AIRFLOW_CTX_TRY_NUMBER='1' AIRFLOW_CTX_DAG_RUN_ID='manual__2024-11-02T12:04:36.275455+00:00'
[2024-11-02T12:04:37.416+0000] {base.py:73} INFO - Using connection ID 'spark-conn' for task execution.
[2024-11-02T12:04:37.418+0000] {spark_submit.py:403} INFO - Spark-Submit cmd: spark-submit --master spark://master:7077 --conf spark.sql.extensions=io.delta.sql.DeltaSparkSessionExtension --conf spark.sql.catalog.spark_catalog=org.apache.spark.sql.delta.catalog.DeltaCatalog --jars /opt/***/jars/hadoop-aws-3.3.4.jar,/opt/***/jars/s3-2.18.41.jar,/opt/***/jars/aws-java-sdk-1.12.367.jar,/opt/***/jars/delta-core_2.12-2.4.0.jar,/opt/***/jars/delta-storage-2.2.0.jar, --packages org.apache.hadoop:hadoop-aws:3.3.4 --num-executors 2 --total-executor-cores 2 --executor-cores 2 --executor-memory 2g --driver-memory 1g --name arrow-spark --deploy-mode client /opt/***/jobs/python/test_Credit.py s3a://lakehouse/bronze/credits.parquet s3a://lakehouse/sliver/credit
[2024-11-02T12:04:37.522+0000] {spark_submit.py:579} INFO - /home/***/.local/lib/python3.11/site-packages/pyspark/bin/load-spark-env.sh: line 68: ps: command not found
[2024-11-02T12:04:39.621+0000] {spark_submit.py:579} INFO - :: loading settings :: url = jar:file:/home/***/.local/lib/python3.11/site-packages/pyspark/jars/ivy-2.5.1.jar!/org/apache/ivy/core/settings/ivysettings.xml
[2024-11-02T12:04:39.831+0000] {spark_submit.py:579} INFO - Ivy Default Cache set to: /home/***/.ivy2/cache
[2024-11-02T12:04:39.832+0000] {spark_submit.py:579} INFO - The jars for the packages stored in: /home/***/.ivy2/jars
[2024-11-02T12:04:39.843+0000] {spark_submit.py:579} INFO - org.apache.hadoop#hadoop-aws added as a dependency
[2024-11-02T12:04:39.845+0000] {spark_submit.py:579} INFO - :: resolving dependencies :: org.apache.spark#spark-submit-parent-d44742cf-ddfc-4909-91f4-34b2b91a88a8;1.0
[2024-11-02T12:04:39.846+0000] {spark_submit.py:579} INFO - confs: [default]
[2024-11-02T12:04:40.062+0000] {spark_submit.py:579} INFO - found org.apache.hadoop#hadoop-aws;3.3.4 in central
[2024-11-02T12:04:40.103+0000] {spark_submit.py:579} INFO - found com.amazonaws#aws-java-sdk-bundle;1.12.262 in central
[2024-11-02T12:04:40.147+0000] {spark_submit.py:579} INFO - found org.wildfly.openssl#wildfly-openssl;1.0.7.Final in central
[2024-11-02T12:04:40.192+0000] {spark_submit.py:579} INFO - :: resolution report :: resolve 331ms :: artifacts dl 15ms
[2024-11-02T12:04:40.193+0000] {spark_submit.py:579} INFO - :: modules in use:
[2024-11-02T12:04:40.194+0000] {spark_submit.py:579} INFO - com.amazonaws#aws-java-sdk-bundle;1.12.262 from central in [default]
[2024-11-02T12:04:40.195+0000] {spark_submit.py:579} INFO - org.apache.hadoop#hadoop-aws;3.3.4 from central in [default]
[2024-11-02T12:04:40.196+0000] {spark_submit.py:579} INFO - org.wildfly.openssl#wildfly-openssl;1.0.7.Final from central in [default]
[2024-11-02T12:04:40.197+0000] {spark_submit.py:579} INFO - ---------------------------------------------------------------------
[2024-11-02T12:04:40.200+0000] {spark_submit.py:579} INFO - |                  |            modules            ||   artifacts   |
[2024-11-02T12:04:40.201+0000] {spark_submit.py:579} INFO - |       conf       | number| search|dwnlded|evicted|| number|dwnlded|
[2024-11-02T12:04:40.202+0000] {spark_submit.py:579} INFO - ---------------------------------------------------------------------
[2024-11-02T12:04:40.203+0000] {spark_submit.py:579} INFO - |      default     |   3   |   0   |   0   |   0   ||   3   |   0   |
[2024-11-02T12:04:40.204+0000] {spark_submit.py:579} INFO - ---------------------------------------------------------------------
[2024-11-02T12:04:40.207+0000] {spark_submit.py:579} INFO - :: retrieving :: org.apache.spark#spark-submit-parent-d44742cf-ddfc-4909-91f4-34b2b91a88a8
[2024-11-02T12:04:40.208+0000] {spark_submit.py:579} INFO - confs: [default]
[2024-11-02T12:04:40.223+0000] {spark_submit.py:579} INFO - 0 artifacts copied, 3 already retrieved (0kB/17ms)
[2024-11-02T12:04:40.711+0000] {spark_submit.py:579} INFO - 24/11/02 12:04:40 WARN NativeCodeLoader: Unable to load native-hadoop library for your platform... using builtin-java classes where applicable
[2024-11-02T12:04:42.305+0000] {spark_submit.py:579} INFO - 2024-11-02 12:04:42,305 INFO: Python version on driver: 3.11.5
[2024-11-02T12:04:42.306+0000] {spark_submit.py:579} INFO - 2024-11-02 12:04:42,305 INFO: Initializing Spark session...
[2024-11-02T12:04:42.510+0000] {spark_submit.py:579} INFO - 24/11/02 12:04:42 INFO SparkContext: Running Spark version 3.4.3
[2024-11-02T12:04:42.553+0000] {spark_submit.py:579} INFO - 24/11/02 12:04:42 INFO ResourceUtils: ==============================================================
[2024-11-02T12:04:42.554+0000] {spark_submit.py:579} INFO - 24/11/02 12:04:42 INFO ResourceUtils: No custom resources configured for spark.driver.
[2024-11-02T12:04:42.554+0000] {spark_submit.py:579} INFO - 24/11/02 12:04:42 INFO ResourceUtils: ==============================================================
[2024-11-02T12:04:42.555+0000] {spark_submit.py:579} INFO - 24/11/02 12:04:42 INFO SparkContext: Submitted application: CleanCredits
[2024-11-02T12:04:42.596+0000] {spark_submit.py:579} INFO - 24/11/02 12:04:42 INFO ResourceProfile: Default ResourceProfile created, executor resources: Map(cores -> name: cores, amount: 2, script: , vendor: , memory -> name: memory, amount: 2048, script: , vendor: , offHeap -> name: offHeap, amount: 0, script: , vendor: ), task resources: Map(cpus -> name: cpus, amount: 1.0)
[2024-11-02T12:04:42.618+0000] {spark_submit.py:579} INFO - 24/11/02 12:04:42 INFO ResourceProfile: Limiting resource is cpus at 2 tasks per executor
[2024-11-02T12:04:42.622+0000] {spark_submit.py:579} INFO - 24/11/02 12:04:42 INFO ResourceProfileManager: Added ResourceProfile id: 0
[2024-11-02T12:04:42.711+0000] {spark_submit.py:579} INFO - 24/11/02 12:04:42 INFO SecurityManager: Changing view acls to: ***
[2024-11-02T12:04:42.712+0000] {spark_submit.py:579} INFO - 24/11/02 12:04:42 INFO SecurityManager: Changing modify acls to: ***
[2024-11-02T12:04:42.714+0000] {spark_submit.py:579} INFO - 24/11/02 12:04:42 INFO SecurityManager: Changing view acls groups to:
[2024-11-02T12:04:42.715+0000] {spark_submit.py:579} INFO - 24/11/02 12:04:42 INFO SecurityManager: Changing modify acls groups to:
[2024-11-02T12:04:42.716+0000] {spark_submit.py:579} INFO - 24/11/02 12:04:42 INFO SecurityManager: SecurityManager: authentication disabled; ui acls disabled; users with view permissions: ***; groups with view permissions: EMPTY; users with modify permissions: ***; groups with modify permissions: EMPTY
[2024-11-02T12:04:43.086+0000] {spark_submit.py:579} INFO - 24/11/02 12:04:43 INFO Utils: Successfully started service 'sparkDriver' on port 40557.
[2024-11-02T12:04:43.129+0000] {spark_submit.py:579} INFO - 24/11/02 12:04:43 INFO SparkEnv: Registering MapOutputTracker
[2024-11-02T12:04:43.174+0000] {spark_submit.py:579} INFO - 24/11/02 12:04:43 INFO SparkEnv: Registering BlockManagerMaster
[2024-11-02T12:04:43.193+0000] {spark_submit.py:579} INFO - 24/11/02 12:04:43 INFO BlockManagerMasterEndpoint: Using org.apache.spark.storage.DefaultTopologyMapper for getting topology information
[2024-11-02T12:04:43.194+0000] {spark_submit.py:579} INFO - 24/11/02 12:04:43 INFO BlockManagerMasterEndpoint: BlockManagerMasterEndpoint up
[2024-11-02T12:04:43.199+0000] {spark_submit.py:579} INFO - 24/11/02 12:04:43 INFO SparkEnv: Registering BlockManagerMasterHeartbeat
[2024-11-02T12:04:43.218+0000] {spark_submit.py:579} INFO - 24/11/02 12:04:43 INFO DiskBlockManager: Created local directory at /tmp/blockmgr-ddda53af-8153-4a94-bec8-207ba6354f75
[2024-11-02T12:04:43.233+0000] {spark_submit.py:579} INFO - 24/11/02 12:04:43 INFO MemoryStore: MemoryStore started with capacity 434.4 MiB
[2024-11-02T12:04:43.251+0000] {spark_submit.py:579} INFO - 24/11/02 12:04:43 INFO SparkEnv: Registering OutputCommitCoordinator
[2024-11-02T12:04:43.386+0000] {spark_submit.py:579} INFO - 24/11/02 12:04:43 INFO JettyUtils: Start Jetty 0.0.0.0:4040 for SparkUI
[2024-11-02T12:04:43.443+0000] {spark_submit.py:579} INFO - 24/11/02 12:04:43 WARN Utils: Service 'SparkUI' could not bind on port 4040. Attempting port 4041.
[2024-11-02T12:04:43.457+0000] {spark_submit.py:579} INFO - 24/11/02 12:04:43 INFO Utils: Successfully started service 'SparkUI' on port 4041.
[2024-11-02T12:04:43.510+0000] {spark_submit.py:579} INFO - 24/11/02 12:04:43 INFO SparkContext: Added JAR file:///opt/***/jars/hadoop-aws-3.3.4.jar at spark://ca8eb5e6736b:40557/jars/hadoop-aws-3.3.4.jar with timestamp 1730549082497
[2024-11-02T12:04:43.512+0000] {spark_submit.py:579} INFO - 24/11/02 12:04:43 INFO SparkContext: Added JAR file:///opt/***/jars/s3-2.18.41.jar at spark://ca8eb5e6736b:40557/jars/s3-2.18.41.jar with timestamp 1730549082497
[2024-11-02T12:04:43.513+0000] {spark_submit.py:579} INFO - 24/11/02 12:04:43 INFO SparkContext: Added JAR file:///opt/***/jars/aws-java-sdk-1.12.367.jar at spark://ca8eb5e6736b:40557/jars/aws-java-sdk-1.12.367.jar with timestamp 1730549082497
[2024-11-02T12:04:43.515+0000] {spark_submit.py:579} INFO - 24/11/02 12:04:43 INFO SparkContext: Added JAR file:///opt/***/jars/delta-core_2.12-2.4.0.jar at spark://ca8eb5e6736b:40557/jars/delta-core_2.12-2.4.0.jar with timestamp 1730549082497
[2024-11-02T12:04:43.517+0000] {spark_submit.py:579} INFO - 24/11/02 12:04:43 INFO SparkContext: Added JAR file:///opt/***/jars/delta-storage-2.2.0.jar at spark://ca8eb5e6736b:40557/jars/delta-storage-2.2.0.jar with timestamp 1730549082497
[2024-11-02T12:04:43.517+0000] {spark_submit.py:579} INFO - 24/11/02 12:04:43 INFO SparkContext: Added JAR file:///home/***/.ivy2/jars/org.apache.hadoop_hadoop-aws-3.3.4.jar at spark://ca8eb5e6736b:40557/jars/org.apache.hadoop_hadoop-aws-3.3.4.jar with timestamp 1730549082497
[2024-11-02T12:04:43.518+0000] {spark_submit.py:579} INFO - 24/11/02 12:04:43 INFO SparkContext: Added JAR file:///home/***/.ivy2/jars/com.amazonaws_aws-java-sdk-bundle-1.12.262.jar at spark://ca8eb5e6736b:40557/jars/com.amazonaws_aws-java-sdk-bundle-1.12.262.jar with timestamp 1730549082497
[2024-11-02T12:04:43.519+0000] {spark_submit.py:579} INFO - 24/11/02 12:04:43 INFO SparkContext: Added JAR file:///home/***/.ivy2/jars/org.wildfly.openssl_wildfly-openssl-1.0.7.Final.jar at spark://ca8eb5e6736b:40557/jars/org.wildfly.openssl_wildfly-openssl-1.0.7.Final.jar with timestamp 1730549082497
[2024-11-02T12:04:43.521+0000] {spark_submit.py:579} INFO - 24/11/02 12:04:43 INFO SparkContext: Added file file:///home/***/.ivy2/jars/org.apache.hadoop_hadoop-aws-3.3.4.jar at spark://ca8eb5e6736b:40557/files/org.apache.hadoop_hadoop-aws-3.3.4.jar with timestamp 1730549082497
[2024-11-02T12:04:43.522+0000] {spark_submit.py:579} INFO - 24/11/02 12:04:43 INFO Utils: Copying /home/***/.ivy2/jars/org.apache.hadoop_hadoop-aws-3.3.4.jar to /tmp/spark-8f6af0c5-7887-4c5b-a92a-49b92ee2249e/userFiles-cea88900-8bb4-4252-99d5-7007689ba21b/org.apache.hadoop_hadoop-aws-3.3.4.jar
[2024-11-02T12:04:43.535+0000] {spark_submit.py:579} INFO - 24/11/02 12:04:43 INFO SparkContext: Added file file:///home/***/.ivy2/jars/com.amazonaws_aws-java-sdk-bundle-1.12.262.jar at spark://ca8eb5e6736b:40557/files/com.amazonaws_aws-java-sdk-bundle-1.12.262.jar with timestamp 1730549082497
[2024-11-02T12:04:43.536+0000] {spark_submit.py:579} INFO - 24/11/02 12:04:43 INFO Utils: Copying /home/***/.ivy2/jars/com.amazonaws_aws-java-sdk-bundle-1.12.262.jar to /tmp/spark-8f6af0c5-7887-4c5b-a92a-49b92ee2249e/userFiles-cea88900-8bb4-4252-99d5-7007689ba21b/com.amazonaws_aws-java-sdk-bundle-1.12.262.jar
[2024-11-02T12:04:43.973+0000] {spark_submit.py:579} INFO - 24/11/02 12:04:43 INFO SparkContext: Added file file:///home/***/.ivy2/jars/org.wildfly.openssl_wildfly-openssl-1.0.7.Final.jar at spark://ca8eb5e6736b:40557/files/org.wildfly.openssl_wildfly-openssl-1.0.7.Final.jar with timestamp 1730549082497
[2024-11-02T12:04:43.974+0000] {spark_submit.py:579} INFO - 24/11/02 12:04:43 INFO Utils: Copying /home/***/.ivy2/jars/org.wildfly.openssl_wildfly-openssl-1.0.7.Final.jar to /tmp/spark-8f6af0c5-7887-4c5b-a92a-49b92ee2249e/userFiles-cea88900-8bb4-4252-99d5-7007689ba21b/org.wildfly.openssl_wildfly-openssl-1.0.7.Final.jar
[2024-11-02T12:04:44.075+0000] {spark_submit.py:579} INFO - 24/11/02 12:04:44 INFO StandaloneAppClient$ClientEndpoint: Connecting to master spark://spark-master:7077...
[2024-11-02T12:04:44.121+0000] {spark_submit.py:579} INFO - 24/11/02 12:04:44 INFO TransportClientFactory: Successfully created connection to spark-master/172.19.0.4:7077 after 27 ms (0 ms spent in bootstraps)
[2024-11-02T12:04:44.219+0000] {spark_submit.py:579} INFO - 24/11/02 12:04:44 INFO StandaloneSchedulerBackend: Connected to Spark cluster with app ID app-20241102120444-0009
[2024-11-02T12:04:44.230+0000] {spark_submit.py:579} INFO - 24/11/02 12:04:44 INFO Utils: Successfully started service 'org.apache.spark.network.netty.NettyBlockTransferService' on port 34355.
[2024-11-02T12:04:44.231+0000] {spark_submit.py:579} INFO - 24/11/02 12:04:44 INFO NettyBlockTransferService: Server created on ca8eb5e6736b:34355
[2024-11-02T12:04:44.234+0000] {spark_submit.py:579} INFO - 24/11/02 12:04:44 INFO BlockManager: Using org.apache.spark.storage.RandomBlockReplicationPolicy for block replication policy
[2024-11-02T12:04:44.247+0000] {spark_submit.py:579} INFO - 24/11/02 12:04:44 INFO BlockManagerMaster: Registering BlockManager BlockManagerId(driver, ca8eb5e6736b, 34355, None)
[2024-11-02T12:04:44.252+0000] {spark_submit.py:579} INFO - 24/11/02 12:04:44 INFO BlockManagerMasterEndpoint: Registering block manager ca8eb5e6736b:34355 with 434.4 MiB RAM, BlockManagerId(driver, ca8eb5e6736b, 34355, None)
[2024-11-02T12:04:44.256+0000] {spark_submit.py:579} INFO - 24/11/02 12:04:44 INFO BlockManagerMaster: Registered BlockManager BlockManagerId(driver, ca8eb5e6736b, 34355, None)
[2024-11-02T12:04:44.258+0000] {spark_submit.py:579} INFO - 24/11/02 12:04:44 INFO BlockManager: Initialized BlockManager: BlockManagerId(driver, ca8eb5e6736b, 34355, None)
[2024-11-02T12:04:44.474+0000] {spark_submit.py:579} INFO - 24/11/02 12:04:44 INFO StandaloneSchedulerBackend: SchedulerBackend is ready for scheduling beginning after reached minRegisteredResourcesRatio: 0.0
[2024-11-02T12:04:44.792+0000] {spark_submit.py:579} INFO - 2024-11-02 12:04:44,792 INFO: Spark session initialized successfully.
[2024-11-02T12:04:44.793+0000] {spark_submit.py:579} INFO - 2024-11-02 12:04:44,792 INFO: Reading data from s3a://lakehouse/bronze/credits.parquet
[2024-11-02T12:04:44.800+0000] {spark_submit.py:579} INFO - 24/11/02 12:04:44 INFO SharedState: Setting hive.metastore.warehouse.dir ('null') to the value of spark.sql.warehouse.dir.
[2024-11-02T12:04:45.028+0000] {spark_submit.py:579} INFO - 24/11/02 12:04:45 WARN MetricsConfig: Cannot locate configuration: tried hadoop-metrics2-s3a-file-system.properties,hadoop-metrics2.properties
[2024-11-02T12:04:45.048+0000] {spark_submit.py:579} INFO - 24/11/02 12:04:45 INFO MetricsSystemImpl: Scheduled Metric snapshot period at 10 second(s).
[2024-11-02T12:04:45.049+0000] {spark_submit.py:579} INFO - 24/11/02 12:04:45 INFO MetricsSystemImpl: s3a-file-system metrics system started
[2024-11-02T12:04:46.417+0000] {spark_submit.py:579} INFO - 24/11/02 12:04:46 INFO SharedState: Warehouse path is 's3a://lakehouse/'.
[2024-11-02T12:04:47.513+0000] {local_task_job_runner.py:294} WARNING - State of this instance has been externally set to failed. Terminating instance.
[2024-11-02T12:04:47.518+0000] {process_utils.py:131} INFO - Sending 15 to group 4476. PIDs of all processes in the group: [4478, 4623, 4476]
[2024-11-02T12:04:47.519+0000] {process_utils.py:86} INFO - Sending the signal 15 to group 4476
[2024-11-02T12:04:47.520+0000] {taskinstance.py:1630} ERROR - Received SIGTERM. Terminating subprocesses.
[2024-11-02T12:04:47.521+0000] {spark_submit.py:705} INFO - Sending kill signal to spark-submit
[2024-11-02T12:04:47.653+0000] {process_utils.py:79} INFO - Process psutil.Process(pid=4478, status='terminated', started='12:04:37') (4478) terminated with exit code None
[2024-11-02T12:04:47.653+0000] {process_utils.py:79} INFO - Process psutil.Process(pid=4623, status='terminated', started='12:04:41') (4623) terminated with exit code None
[2024-11-02T12:04:47.654+0000] {process_utils.py:79} INFO - Process psutil.Process(pid=4476, status='terminated', exitcode=0, started='12:04:37') (4476) terminated with exit code 0
