[2024-10-25T12:52:27.069+0000] {taskinstance.py:1157} INFO - Dependencies all met for dep_context=non-requeueable deps ti=<TaskInstance: task_credits_clean.credits_cleaned manual__2024-10-25T12:47:20.943328+00:00 [queued]>
[2024-10-25T12:52:27.077+0000] {taskinstance.py:1157} INFO - Dependencies all met for dep_context=requeueable deps ti=<TaskInstance: task_credits_clean.credits_cleaned manual__2024-10-25T12:47:20.943328+00:00 [queued]>
[2024-10-25T12:52:27.078+0000] {taskinstance.py:1359} INFO - Starting attempt 2 of 2
[2024-10-25T12:52:27.090+0000] {taskinstance.py:1380} INFO - Executing <Task(SparkSubmitOperator): credits_cleaned> on 2024-10-25 12:47:20.943328+00:00
[2024-10-25T12:52:27.096+0000] {standard_task_runner.py:57} INFO - Started process 9570 to run task
[2024-10-25T12:52:27.098+0000] {standard_task_runner.py:84} INFO - Running: ['***', 'tasks', 'run', 'task_credits_clean', 'credits_cleaned', 'manual__2024-10-25T12:47:20.943328+00:00', '--job-id', '170', '--raw', '--subdir', 'DAGS_FOLDER/credits_test.py', '--cfg-path', '/tmp/tmpg17e3ghe']
[2024-10-25T12:52:27.101+0000] {standard_task_runner.py:85} INFO - Job 170: Subtask credits_cleaned
[2024-10-25T12:52:27.148+0000] {task_command.py:415} INFO - Running <TaskInstance: task_credits_clean.credits_cleaned manual__2024-10-25T12:47:20.943328+00:00 [running]> on host 84076e7a47fe
[2024-10-25T12:52:27.224+0000] {taskinstance.py:1660} INFO - Exporting env vars: AIRFLOW_CTX_DAG_OWNER='***' AIRFLOW_CTX_DAG_ID='task_credits_clean' AIRFLOW_CTX_TASK_ID='credits_cleaned' AIRFLOW_CTX_EXECUTION_DATE='2024-10-25T12:47:20.943328+00:00' AIRFLOW_CTX_TRY_NUMBER='2' AIRFLOW_CTX_DAG_RUN_ID='manual__2024-10-25T12:47:20.943328+00:00'
[2024-10-25T12:52:27.234+0000] {base.py:73} INFO - Using connection ID 'spark-conn' for task execution.
[2024-10-25T12:52:27.236+0000] {spark_submit.py:403} INFO - Spark-Submit cmd: spark-submit --master spark://spark-master:7077 --conf spark.sql.extensions=io.delta.sql.DeltaSparkSessionExtension --conf spark.sql.catalog.spark_catalog=org.apache.spark.sql.delta.catalog.DeltaCatalog --jars /opt/***/jars/hadoop-aws-3.3.4.jar,/opt/***/jars/s3-2.18.41.jar,/opt/***/jars/aws-java-sdk-1.12.367.jar,/opt/***/jars/delta-core_2.12-2.4.0.jar,/opt/***/jars/delta-storage-2.2.0.jar, --packages org.apache.hadoop:hadoop-aws:3.3.4 --num-executors 2 --total-executor-cores 2 --executor-cores 2 --executor-memory 2g --driver-memory 1g --name arrow-spark --deploy-mode client /opt/***/jobs/python/test_Credit.py s3a://lakehouse/bronze/credits.parquet s3a://lakehouse/sliver/credit
[2024-10-25T12:52:27.325+0000] {spark_submit.py:579} INFO - /home/***/.local/lib/python3.11/site-packages/pyspark/bin/load-spark-env.sh: line 68: ps: command not found
[2024-10-25T12:52:29.141+0000] {spark_submit.py:579} INFO - :: loading settings :: url = jar:file:/home/***/.local/lib/python3.11/site-packages/pyspark/jars/ivy-2.5.1.jar!/org/apache/ivy/core/settings/ivysettings.xml
[2024-10-25T12:52:29.361+0000] {spark_submit.py:579} INFO - Ivy Default Cache set to: /home/***/.ivy2/cache
[2024-10-25T12:52:29.362+0000] {spark_submit.py:579} INFO - The jars for the packages stored in: /home/***/.ivy2/jars
[2024-10-25T12:52:29.367+0000] {spark_submit.py:579} INFO - org.apache.hadoop#hadoop-aws added as a dependency
[2024-10-25T12:52:29.368+0000] {spark_submit.py:579} INFO - :: resolving dependencies :: org.apache.spark#spark-submit-parent-add7413a-293d-4c9b-bad6-3337b34827b2;1.0
[2024-10-25T12:52:29.369+0000] {spark_submit.py:579} INFO - confs: [default]
[2024-10-25T12:52:29.506+0000] {spark_submit.py:579} INFO - found org.apache.hadoop#hadoop-aws;3.3.4 in spark-list
[2024-10-25T12:52:29.535+0000] {spark_submit.py:579} INFO - found com.amazonaws#aws-java-sdk-bundle;1.12.262 in central
[2024-10-25T12:52:29.556+0000] {spark_submit.py:579} INFO - found org.wildfly.openssl#wildfly-openssl;1.0.7.Final in spark-list
[2024-10-25T12:52:29.577+0000] {spark_submit.py:579} INFO - :: resolution report :: resolve 202ms :: artifacts dl 7ms
[2024-10-25T12:52:29.578+0000] {spark_submit.py:579} INFO - :: modules in use:
[2024-10-25T12:52:29.579+0000] {spark_submit.py:579} INFO - com.amazonaws#aws-java-sdk-bundle;1.12.262 from central in [default]
[2024-10-25T12:52:29.579+0000] {spark_submit.py:579} INFO - org.apache.hadoop#hadoop-aws;3.3.4 from spark-list in [default]
[2024-10-25T12:52:29.580+0000] {spark_submit.py:579} INFO - org.wildfly.openssl#wildfly-openssl;1.0.7.Final from spark-list in [default]
[2024-10-25T12:52:29.581+0000] {spark_submit.py:579} INFO - ---------------------------------------------------------------------
[2024-10-25T12:52:29.581+0000] {spark_submit.py:579} INFO - |                  |            modules            ||   artifacts   |
[2024-10-25T12:52:29.582+0000] {spark_submit.py:579} INFO - |       conf       | number| search|dwnlded|evicted|| number|dwnlded|
[2024-10-25T12:52:29.583+0000] {spark_submit.py:579} INFO - ---------------------------------------------------------------------
[2024-10-25T12:52:29.583+0000] {spark_submit.py:579} INFO - |      default     |   3   |   0   |   0   |   0   ||   3   |   0   |
[2024-10-25T12:52:29.584+0000] {spark_submit.py:579} INFO - ---------------------------------------------------------------------
[2024-10-25T12:52:29.584+0000] {spark_submit.py:579} INFO - :: retrieving :: org.apache.spark#spark-submit-parent-add7413a-293d-4c9b-bad6-3337b34827b2
[2024-10-25T12:52:29.584+0000] {spark_submit.py:579} INFO - confs: [default]
[2024-10-25T12:52:29.592+0000] {spark_submit.py:579} INFO - 0 artifacts copied, 3 already retrieved (0kB/9ms)
[2024-10-25T12:52:29.904+0000] {spark_submit.py:579} INFO - 24/10/25 12:52:29 WARN NativeCodeLoader: Unable to load native-hadoop library for your platform... using builtin-java classes where applicable
[2024-10-25T12:52:31.362+0000] {spark_submit.py:579} INFO - 2024-10-25 12:52:31,361 INFO: Initializing Spark session...
[2024-10-25T12:52:31.575+0000] {spark_submit.py:579} INFO - 24/10/25 12:52:31 INFO SparkContext: Running Spark version 3.4.3
[2024-10-25T12:52:31.621+0000] {spark_submit.py:579} INFO - 24/10/25 12:52:31 INFO ResourceUtils: ==============================================================
[2024-10-25T12:52:31.622+0000] {spark_submit.py:579} INFO - 24/10/25 12:52:31 INFO ResourceUtils: No custom resources configured for spark.driver.
[2024-10-25T12:52:31.622+0000] {spark_submit.py:579} INFO - 24/10/25 12:52:31 INFO ResourceUtils: ==============================================================
[2024-10-25T12:52:31.623+0000] {spark_submit.py:579} INFO - 24/10/25 12:52:31 INFO SparkContext: Submitted application: CleanCredits
[2024-10-25T12:52:31.669+0000] {spark_submit.py:579} INFO - 24/10/25 12:52:31 INFO ResourceProfile: Default ResourceProfile created, executor resources: Map(cores -> name: cores, amount: 2, script: , vendor: , memory -> name: memory, amount: 2048, script: , vendor: , offHeap -> name: offHeap, amount: 0, script: , vendor: ), task resources: Map(cpus -> name: cpus, amount: 1.0)
[2024-10-25T12:52:31.683+0000] {spark_submit.py:579} INFO - 24/10/25 12:52:31 INFO ResourceProfile: Limiting resource is cpus at 2 tasks per executor
[2024-10-25T12:52:31.685+0000] {spark_submit.py:579} INFO - 24/10/25 12:52:31 INFO ResourceProfileManager: Added ResourceProfile id: 0
[2024-10-25T12:52:31.740+0000] {spark_submit.py:579} INFO - 24/10/25 12:52:31 INFO SecurityManager: Changing view acls to: ***
[2024-10-25T12:52:31.740+0000] {spark_submit.py:579} INFO - 24/10/25 12:52:31 INFO SecurityManager: Changing modify acls to: ***
[2024-10-25T12:52:31.741+0000] {spark_submit.py:579} INFO - 24/10/25 12:52:31 INFO SecurityManager: Changing view acls groups to:
[2024-10-25T12:52:31.742+0000] {spark_submit.py:579} INFO - 24/10/25 12:52:31 INFO SecurityManager: Changing modify acls groups to:
[2024-10-25T12:52:31.742+0000] {spark_submit.py:579} INFO - 24/10/25 12:52:31 INFO SecurityManager: SecurityManager: authentication disabled; ui acls disabled; users with view permissions: ***; groups with view permissions: EMPTY; users with modify permissions: ***; groups with modify permissions: EMPTY
[2024-10-25T12:52:32.026+0000] {spark_submit.py:579} INFO - 24/10/25 12:52:32 INFO Utils: Successfully started service 'sparkDriver' on port 44943.
[2024-10-25T12:52:32.060+0000] {spark_submit.py:579} INFO - 24/10/25 12:52:32 INFO SparkEnv: Registering MapOutputTracker
[2024-10-25T12:52:32.093+0000] {spark_submit.py:579} INFO - 24/10/25 12:52:32 INFO SparkEnv: Registering BlockManagerMaster
[2024-10-25T12:52:32.110+0000] {spark_submit.py:579} INFO - 24/10/25 12:52:32 INFO BlockManagerMasterEndpoint: Using org.apache.spark.storage.DefaultTopologyMapper for getting topology information
[2024-10-25T12:52:32.111+0000] {spark_submit.py:579} INFO - 24/10/25 12:52:32 INFO BlockManagerMasterEndpoint: BlockManagerMasterEndpoint up
[2024-10-25T12:52:32.115+0000] {spark_submit.py:579} INFO - 24/10/25 12:52:32 INFO SparkEnv: Registering BlockManagerMasterHeartbeat
[2024-10-25T12:52:32.157+0000] {spark_submit.py:579} INFO - 24/10/25 12:52:32 INFO DiskBlockManager: Created local directory at /tmp/blockmgr-0fbe1984-4b0f-4859-a006-f089a6ca0d21
[2024-10-25T12:52:32.177+0000] {spark_submit.py:579} INFO - 24/10/25 12:52:32 INFO MemoryStore: MemoryStore started with capacity 434.4 MiB
[2024-10-25T12:52:32.198+0000] {spark_submit.py:579} INFO - 24/10/25 12:52:32 INFO SparkEnv: Registering OutputCommitCoordinator
[2024-10-25T12:52:32.342+0000] {spark_submit.py:579} INFO - 24/10/25 12:52:32 INFO JettyUtils: Start Jetty 0.0.0.0:4040 for SparkUI
[2024-10-25T12:52:32.425+0000] {spark_submit.py:579} INFO - 24/10/25 12:52:32 INFO Utils: Successfully started service 'SparkUI' on port 4040.
[2024-10-25T12:52:32.461+0000] {spark_submit.py:579} INFO - 24/10/25 12:52:32 INFO SparkContext: Added JAR file:///opt/***/jars/hadoop-aws-3.3.4.jar at spark://84076e7a47fe:44943/jars/hadoop-aws-3.3.4.jar with timestamp 1729860751556
[2024-10-25T12:52:32.463+0000] {spark_submit.py:579} INFO - 24/10/25 12:52:32 INFO SparkContext: Added JAR file:///opt/***/jars/s3-2.18.41.jar at spark://84076e7a47fe:44943/jars/s3-2.18.41.jar with timestamp 1729860751556
[2024-10-25T12:52:32.464+0000] {spark_submit.py:579} INFO - 24/10/25 12:52:32 INFO SparkContext: Added JAR file:///opt/***/jars/aws-java-sdk-1.12.367.jar at spark://84076e7a47fe:44943/jars/aws-java-sdk-1.12.367.jar with timestamp 1729860751556
[2024-10-25T12:52:32.465+0000] {spark_submit.py:579} INFO - 24/10/25 12:52:32 INFO SparkContext: Added JAR file:///opt/***/jars/delta-core_2.12-2.4.0.jar at spark://84076e7a47fe:44943/jars/delta-core_2.12-2.4.0.jar with timestamp 1729860751556
[2024-10-25T12:52:32.467+0000] {spark_submit.py:579} INFO - 24/10/25 12:52:32 INFO SparkContext: Added JAR file:///opt/***/jars/delta-storage-2.2.0.jar at spark://84076e7a47fe:44943/jars/delta-storage-2.2.0.jar with timestamp 1729860751556
[2024-10-25T12:52:32.467+0000] {spark_submit.py:579} INFO - 24/10/25 12:52:32 INFO SparkContext: Added JAR file:///home/***/.ivy2/jars/org.apache.hadoop_hadoop-aws-3.3.4.jar at spark://84076e7a47fe:44943/jars/org.apache.hadoop_hadoop-aws-3.3.4.jar with timestamp 1729860751556
[2024-10-25T12:52:32.468+0000] {spark_submit.py:579} INFO - 24/10/25 12:52:32 INFO SparkContext: Added JAR file:///home/***/.ivy2/jars/com.amazonaws_aws-java-sdk-bundle-1.12.262.jar at spark://84076e7a47fe:44943/jars/com.amazonaws_aws-java-sdk-bundle-1.12.262.jar with timestamp 1729860751556
[2024-10-25T12:52:32.468+0000] {spark_submit.py:579} INFO - 24/10/25 12:52:32 INFO SparkContext: Added JAR file:///home/***/.ivy2/jars/org.wildfly.openssl_wildfly-openssl-1.0.7.Final.jar at spark://84076e7a47fe:44943/jars/org.wildfly.openssl_wildfly-openssl-1.0.7.Final.jar with timestamp 1729860751556
[2024-10-25T12:52:32.470+0000] {spark_submit.py:579} INFO - 24/10/25 12:52:32 INFO SparkContext: Added file file:///home/***/.ivy2/jars/org.apache.hadoop_hadoop-aws-3.3.4.jar at spark://84076e7a47fe:44943/files/org.apache.hadoop_hadoop-aws-3.3.4.jar with timestamp 1729860751556
[2024-10-25T12:52:32.472+0000] {spark_submit.py:579} INFO - 24/10/25 12:52:32 INFO Utils: Copying /home/***/.ivy2/jars/org.apache.hadoop_hadoop-aws-3.3.4.jar to /tmp/spark-78b3b84d-3ba6-4506-9e28-a790cc41e194/userFiles-749d7c75-a7ed-4b87-b6d0-9047433225b1/org.apache.hadoop_hadoop-aws-3.3.4.jar
[2024-10-25T12:52:32.484+0000] {spark_submit.py:579} INFO - 24/10/25 12:52:32 INFO SparkContext: Added file file:///home/***/.ivy2/jars/com.amazonaws_aws-java-sdk-bundle-1.12.262.jar at spark://84076e7a47fe:44943/files/com.amazonaws_aws-java-sdk-bundle-1.12.262.jar with timestamp 1729860751556
[2024-10-25T12:52:32.485+0000] {spark_submit.py:579} INFO - 24/10/25 12:52:32 INFO Utils: Copying /home/***/.ivy2/jars/com.amazonaws_aws-java-sdk-bundle-1.12.262.jar to /tmp/spark-78b3b84d-3ba6-4506-9e28-a790cc41e194/userFiles-749d7c75-a7ed-4b87-b6d0-9047433225b1/com.amazonaws_aws-java-sdk-bundle-1.12.262.jar
[2024-10-25T12:52:32.854+0000] {spark_submit.py:579} INFO - 24/10/25 12:52:32 INFO SparkContext: Added file file:///home/***/.ivy2/jars/org.wildfly.openssl_wildfly-openssl-1.0.7.Final.jar at spark://84076e7a47fe:44943/files/org.wildfly.openssl_wildfly-openssl-1.0.7.Final.jar with timestamp 1729860751556
[2024-10-25T12:52:32.855+0000] {spark_submit.py:579} INFO - 24/10/25 12:52:32 INFO Utils: Copying /home/***/.ivy2/jars/org.wildfly.openssl_wildfly-openssl-1.0.7.Final.jar to /tmp/spark-78b3b84d-3ba6-4506-9e28-a790cc41e194/userFiles-749d7c75-a7ed-4b87-b6d0-9047433225b1/org.wildfly.openssl_wildfly-openssl-1.0.7.Final.jar
[2024-10-25T12:52:32.999+0000] {spark_submit.py:579} INFO - 24/10/25 12:52:32 INFO StandaloneAppClient$ClientEndpoint: Connecting to master spark://spark-master:7077...
[2024-10-25T12:52:33.049+0000] {spark_submit.py:579} INFO - 24/10/25 12:52:33 INFO TransportClientFactory: Successfully created connection to spark-master/172.18.0.4:7077 after 27 ms (0 ms spent in bootstraps)
[2024-10-25T12:52:33.161+0000] {spark_submit.py:579} INFO - 24/10/25 12:52:33 INFO StandaloneSchedulerBackend: Connected to Spark cluster with app ID app-20241025125233-0018
[2024-10-25T12:52:33.165+0000] {spark_submit.py:579} INFO - 24/10/25 12:52:33 INFO StandaloneAppClient$ClientEndpoint: Executor added: app-20241025125233-0018/0 on worker-20241025115841-172.18.0.5-46301 (172.18.0.5:46301) with 2 core(s)
[2024-10-25T12:52:33.169+0000] {spark_submit.py:579} INFO - 24/10/25 12:52:33 INFO StandaloneSchedulerBackend: Granted executor ID app-20241025125233-0018/0 on hostPort 172.18.0.5:46301 with 2 core(s), 2.0 GiB RAM
[2024-10-25T12:52:33.174+0000] {spark_submit.py:579} INFO - 24/10/25 12:52:33 INFO Utils: Successfully started service 'org.apache.spark.network.netty.NettyBlockTransferService' on port 45323.
[2024-10-25T12:52:33.175+0000] {spark_submit.py:579} INFO - 24/10/25 12:52:33 INFO NettyBlockTransferService: Server created on 84076e7a47fe:45323
[2024-10-25T12:52:33.176+0000] {spark_submit.py:579} INFO - 24/10/25 12:52:33 INFO BlockManager: Using org.apache.spark.storage.RandomBlockReplicationPolicy for block replication policy
[2024-10-25T12:52:33.187+0000] {spark_submit.py:579} INFO - 24/10/25 12:52:33 INFO BlockManagerMaster: Registering BlockManager BlockManagerId(driver, 84076e7a47fe, 45323, None)
[2024-10-25T12:52:33.193+0000] {spark_submit.py:579} INFO - 24/10/25 12:52:33 INFO BlockManagerMasterEndpoint: Registering block manager 84076e7a47fe:45323 with 434.4 MiB RAM, BlockManagerId(driver, 84076e7a47fe, 45323, None)
[2024-10-25T12:52:33.197+0000] {spark_submit.py:579} INFO - 24/10/25 12:52:33 INFO BlockManagerMaster: Registered BlockManager BlockManagerId(driver, 84076e7a47fe, 45323, None)
[2024-10-25T12:52:33.199+0000] {spark_submit.py:579} INFO - 24/10/25 12:52:33 INFO BlockManager: Initialized BlockManager: BlockManagerId(driver, 84076e7a47fe, 45323, None)
[2024-10-25T12:52:33.248+0000] {spark_submit.py:579} INFO - 24/10/25 12:52:33 INFO StandaloneAppClient$ClientEndpoint: Executor updated: app-20241025125233-0018/0 is now RUNNING
[2024-10-25T12:52:33.477+0000] {spark_submit.py:579} INFO - 24/10/25 12:52:33 INFO StandaloneSchedulerBackend: SchedulerBackend is ready for scheduling beginning after reached minRegisteredResourcesRatio: 0.0
[2024-10-25T12:52:33.816+0000] {spark_submit.py:579} INFO - 2024-10-25 12:52:33,816 INFO: Spark session initialized successfully.
[2024-10-25T12:52:33.817+0000] {spark_submit.py:579} INFO - 2024-10-25 12:52:33,816 INFO: Reading data from s3a://lakehouse/bronze/credits.parquet
[2024-10-25T12:52:33.826+0000] {spark_submit.py:579} INFO - 24/10/25 12:52:33 INFO SharedState: Setting hive.metastore.warehouse.dir ('null') to the value of spark.sql.warehouse.dir.
[2024-10-25T12:52:34.102+0000] {spark_submit.py:579} INFO - 24/10/25 12:52:34 WARN MetricsConfig: Cannot locate configuration: tried hadoop-metrics2-s3a-file-system.properties,hadoop-metrics2.properties
[2024-10-25T12:52:34.124+0000] {spark_submit.py:579} INFO - 24/10/25 12:52:34 INFO MetricsSystemImpl: Scheduled Metric snapshot period at 10 second(s).
[2024-10-25T12:52:34.124+0000] {spark_submit.py:579} INFO - 24/10/25 12:52:34 INFO MetricsSystemImpl: s3a-file-system metrics system started
[2024-10-25T12:52:35.753+0000] {spark_submit.py:579} INFO - 24/10/25 12:52:35 INFO SharedState: Warehouse path is 's3a://lakehouse/'.
[2024-10-25T12:52:36.555+0000] {spark_submit.py:579} INFO - 24/10/25 12:52:36 INFO StandaloneSchedulerBackend$StandaloneDriverEndpoint: Registered executor NettyRpcEndpointRef(spark-client://Executor) (172.18.0.5:53742) with ID 0,  ResourceProfileId 0
[2024-10-25T12:52:36.648+0000] {spark_submit.py:579} INFO - 24/10/25 12:52:36 INFO BlockManagerMasterEndpoint: Registering block manager 172.18.0.5:42103 with 1048.8 MiB RAM, BlockManagerId(0, 172.18.0.5, 42103, None)
[2024-10-25T12:52:37.478+0000] {spark_submit.py:579} INFO - 24/10/25 12:52:37 INFO InMemoryFileIndex: It took 136 ms to list leaf files for 1 paths.
[2024-10-25T12:52:39.760+0000] {spark_submit.py:579} INFO - root
[2024-10-25T12:52:39.760+0000] {spark_submit.py:579} INFO - |-- cast: string (nullable = true)
[2024-10-25T12:52:39.761+0000] {spark_submit.py:579} INFO - |-- crew: string (nullable = true)
[2024-10-25T12:52:39.761+0000] {spark_submit.py:579} INFO - |-- id: long (nullable = true)
[2024-10-25T12:52:39.762+0000] {spark_submit.py:579} INFO - 
[2024-10-25T12:52:39.762+0000] {spark_submit.py:579} INFO - 2024-10-25 12:52:39,760 INFO: None
[2024-10-25T12:52:39.762+0000] {spark_submit.py:579} INFO - 2024-10-25 12:52:39,760 INFO: Cleaning data...
[2024-10-25T12:52:39.835+0000] {spark_submit.py:579} INFO - 2024-10-25 12:52:39,834 INFO: Processing data to extract 'director' and 'cast_names'...
[2024-10-25T12:52:40.452+0000] {spark_submit.py:579} INFO - 24/10/25 12:52:40 INFO FileSourceStrategy: Pushed Filters: IsNotNull(cast)
[2024-10-25T12:52:40.455+0000] {spark_submit.py:579} INFO - 24/10/25 12:52:40 INFO FileSourceStrategy: Post-Scan Filters: isnotnull(cast#0)
[2024-10-25T12:52:40.810+0000] {spark_submit.py:579} INFO - 24/10/25 12:52:40 INFO HashAggregateExec: spark.sql.codegen.aggregate.map.twolevel.enabled is set to true, but current version of codegened fast hashmap does not support this aggregate.
[2024-10-25T12:52:41.180+0000] {spark_submit.py:579} INFO - 24/10/25 12:52:41 INFO CodeGenerator: Code generated in 293.804269 ms
[2024-10-25T12:52:41.240+0000] {spark_submit.py:579} INFO - 24/10/25 12:52:41 INFO MemoryStore: Block broadcast_0 stored as values in memory (estimated size 206.6 KiB, free 434.2 MiB)
[2024-10-25T12:52:41.304+0000] {spark_submit.py:579} INFO - 24/10/25 12:52:41 INFO MemoryStore: Block broadcast_0_piece0 stored as bytes in memory (estimated size 36.6 KiB, free 434.2 MiB)
[2024-10-25T12:52:41.309+0000] {spark_submit.py:579} INFO - 24/10/25 12:52:41 INFO BlockManagerInfo: Added broadcast_0_piece0 in memory on 84076e7a47fe:45323 (size: 36.6 KiB, free: 434.4 MiB)
[2024-10-25T12:52:41.316+0000] {spark_submit.py:579} INFO - 24/10/25 12:52:41 INFO SparkContext: Created broadcast 0 from javaToPython at NativeMethodAccessorImpl.java:0
[2024-10-25T12:52:41.347+0000] {spark_submit.py:579} INFO - 24/10/25 12:52:41 INFO FileSourceScanExec: Planning scan with bin packing, max size: 36317959 bytes, open cost is considered as scanning 4194304 bytes.
[2024-10-25T12:52:41.544+0000] {spark_submit.py:579} INFO - 24/10/25 12:52:41 INFO DAGScheduler: Registering RDD 3 (javaToPython at NativeMethodAccessorImpl.java:0) as input to shuffle 0
[2024-10-25T12:52:41.549+0000] {spark_submit.py:579} INFO - 24/10/25 12:52:41 INFO DAGScheduler: Got map stage job 0 (javaToPython at NativeMethodAccessorImpl.java:0) with 2 output partitions
[2024-10-25T12:52:41.550+0000] {spark_submit.py:579} INFO - 24/10/25 12:52:41 INFO DAGScheduler: Final stage: ShuffleMapStage 0 (javaToPython at NativeMethodAccessorImpl.java:0)
[2024-10-25T12:52:41.550+0000] {spark_submit.py:579} INFO - 24/10/25 12:52:41 INFO DAGScheduler: Parents of final stage: List()
[2024-10-25T12:52:41.553+0000] {spark_submit.py:579} INFO - 24/10/25 12:52:41 INFO DAGScheduler: Missing parents: List()
[2024-10-25T12:52:41.558+0000] {spark_submit.py:579} INFO - 24/10/25 12:52:41 INFO DAGScheduler: Submitting ShuffleMapStage 0 (MapPartitionsRDD[3] at javaToPython at NativeMethodAccessorImpl.java:0), which has no missing parents
[2024-10-25T12:52:41.601+0000] {spark_submit.py:579} INFO - 24/10/25 12:52:41 INFO MemoryStore: Block broadcast_1 stored as values in memory (estimated size 32.4 KiB, free 434.1 MiB)
[2024-10-25T12:52:41.613+0000] {spark_submit.py:579} INFO - 24/10/25 12:52:41 INFO MemoryStore: Block broadcast_1_piece0 stored as bytes in memory (estimated size 14.1 KiB, free 434.1 MiB)
[2024-10-25T12:52:41.615+0000] {spark_submit.py:579} INFO - 24/10/25 12:52:41 INFO BlockManagerInfo: Added broadcast_1_piece0 in memory on 84076e7a47fe:45323 (size: 14.1 KiB, free: 434.4 MiB)
[2024-10-25T12:52:41.616+0000] {spark_submit.py:579} INFO - 24/10/25 12:52:41 INFO SparkContext: Created broadcast 1 from broadcast at DAGScheduler.scala:1540
[2024-10-25T12:52:41.643+0000] {spark_submit.py:579} INFO - 24/10/25 12:52:41 INFO DAGScheduler: Submitting 2 missing tasks from ShuffleMapStage 0 (MapPartitionsRDD[3] at javaToPython at NativeMethodAccessorImpl.java:0) (first 15 tasks are for partitions Vector(0, 1))
[2024-10-25T12:52:41.644+0000] {spark_submit.py:579} INFO - 24/10/25 12:52:41 INFO TaskSchedulerImpl: Adding task set 0.0 with 2 tasks resource profile 0
[2024-10-25T12:52:41.686+0000] {spark_submit.py:579} INFO - 24/10/25 12:52:41 INFO TaskSetManager: Starting task 0.0 in stage 0.0 (TID 0) (172.18.0.5, executor 0, partition 0, PROCESS_LOCAL, 7911 bytes)
[2024-10-25T12:52:41.690+0000] {spark_submit.py:579} INFO - 24/10/25 12:52:41 INFO TaskSetManager: Starting task 1.0 in stage 0.0 (TID 1) (172.18.0.5, executor 0, partition 1, PROCESS_LOCAL, 7911 bytes)
[2024-10-25T12:52:41.954+0000] {spark_submit.py:579} INFO - 24/10/25 12:52:41 INFO BlockManagerInfo: Added broadcast_1_piece0 in memory on 172.18.0.5:42103 (size: 14.1 KiB, free: 1048.8 MiB)
[2024-10-25T12:52:43.113+0000] {spark_submit.py:579} INFO - 24/10/25 12:52:43 INFO BlockManagerInfo: Added broadcast_0_piece0 in memory on 172.18.0.5:42103 (size: 36.6 KiB, free: 1048.8 MiB)
[2024-10-25T12:52:44.786+0000] {spark_submit.py:579} INFO - 24/10/25 12:52:44 INFO TaskSetManager: Finished task 1.0 in stage 0.0 (TID 1) in 3094 ms on 172.18.0.5 (executor 0) (1/2)
[2024-10-25T12:52:46.803+0000] {spark_submit.py:579} INFO - 24/10/25 12:52:46 INFO TaskSetManager: Finished task 0.0 in stage 0.0 (TID 0) in 5127 ms on 172.18.0.5 (executor 0) (2/2)
[2024-10-25T12:52:46.804+0000] {spark_submit.py:579} INFO - 24/10/25 12:52:46 INFO TaskSchedulerImpl: Removed TaskSet 0.0, whose tasks have all completed, from pool
[2024-10-25T12:52:46.806+0000] {spark_submit.py:579} INFO - 24/10/25 12:52:46 INFO DAGScheduler: ShuffleMapStage 0 (javaToPython at NativeMethodAccessorImpl.java:0) finished in 5.231 s
[2024-10-25T12:52:46.806+0000] {spark_submit.py:579} INFO - 24/10/25 12:52:46 INFO DAGScheduler: looking for newly runnable stages
[2024-10-25T12:52:46.807+0000] {spark_submit.py:579} INFO - 24/10/25 12:52:46 INFO DAGScheduler: running: Set()
[2024-10-25T12:52:46.808+0000] {spark_submit.py:579} INFO - 24/10/25 12:52:46 INFO DAGScheduler: waiting: Set()
[2024-10-25T12:52:46.808+0000] {spark_submit.py:579} INFO - 24/10/25 12:52:46 INFO DAGScheduler: failed: Set()
[2024-10-25T12:52:46.831+0000] {spark_submit.py:579} INFO - 24/10/25 12:52:46 INFO ShufflePartitionsUtil: For shuffle(0), advisory target size: 67108864, actual target size 40572466, minimum partition size: 1048576
[2024-10-25T12:52:46.846+0000] {spark_submit.py:579} INFO - 24/10/25 12:52:46 INFO HashAggregateExec: spark.sql.codegen.aggregate.map.twolevel.enabled is set to true, but current version of codegened fast hashmap does not support this aggregate.
[2024-10-25T12:52:46.876+0000] {spark_submit.py:579} INFO - 24/10/25 12:52:46 INFO CodeGenerator: Code generated in 20.348468 ms
[2024-10-25T12:52:47.320+0000] {spark_submit.py:579} INFO - 24/10/25 12:52:47 INFO SparkContext: Starting job: runJob at PythonRDD.scala:179
[2024-10-25T12:52:47.324+0000] {spark_submit.py:579} INFO - 24/10/25 12:52:47 INFO DAGScheduler: Got job 1 (runJob at PythonRDD.scala:179) with 1 output partitions
[2024-10-25T12:52:47.325+0000] {spark_submit.py:579} INFO - 24/10/25 12:52:47 INFO DAGScheduler: Final stage: ResultStage 2 (runJob at PythonRDD.scala:179)
[2024-10-25T12:52:47.325+0000] {spark_submit.py:579} INFO - 24/10/25 12:52:47 INFO DAGScheduler: Parents of final stage: List(ShuffleMapStage 1)
[2024-10-25T12:52:47.327+0000] {spark_submit.py:579} INFO - 24/10/25 12:52:47 INFO DAGScheduler: Missing parents: List()
[2024-10-25T12:52:47.330+0000] {spark_submit.py:579} INFO - 24/10/25 12:52:47 INFO DAGScheduler: Submitting ResultStage 2 (PythonRDD[9] at RDD at PythonRDD.scala:53), which has no missing parents
[2024-10-25T12:52:47.355+0000] {spark_submit.py:579} INFO - 24/10/25 12:52:47 INFO MemoryStore: Block broadcast_2 stored as values in memory (estimated size 47.8 KiB, free 434.1 MiB)
[2024-10-25T12:52:47.364+0000] {spark_submit.py:579} INFO - 24/10/25 12:52:47 INFO MemoryStore: Block broadcast_2_piece0 stored as bytes in memory (estimated size 22.0 KiB, free 434.0 MiB)
[2024-10-25T12:52:47.366+0000] {spark_submit.py:579} INFO - 24/10/25 12:52:47 INFO BlockManagerInfo: Added broadcast_2_piece0 in memory on 84076e7a47fe:45323 (size: 22.0 KiB, free: 434.3 MiB)
[2024-10-25T12:52:47.367+0000] {spark_submit.py:579} INFO - 24/10/25 12:52:47 INFO SparkContext: Created broadcast 2 from broadcast at DAGScheduler.scala:1540
[2024-10-25T12:52:47.370+0000] {spark_submit.py:579} INFO - 24/10/25 12:52:47 INFO DAGScheduler: Submitting 1 missing tasks from ResultStage 2 (PythonRDD[9] at RDD at PythonRDD.scala:53) (first 15 tasks are for partitions Vector(0))
[2024-10-25T12:52:47.371+0000] {spark_submit.py:579} INFO - 24/10/25 12:52:47 INFO TaskSchedulerImpl: Adding task set 2.0 with 1 tasks resource profile 0
[2024-10-25T12:52:47.380+0000] {spark_submit.py:579} INFO - 24/10/25 12:52:47 INFO TaskSetManager: Starting task 0.0 in stage 2.0 (TID 2) (172.18.0.5, executor 0, partition 0, NODE_LOCAL, 7367 bytes)
[2024-10-25T12:52:47.416+0000] {spark_submit.py:579} INFO - 24/10/25 12:52:47 INFO BlockManagerInfo: Removed broadcast_1_piece0 on 84076e7a47fe:45323 in memory (size: 14.1 KiB, free: 434.3 MiB)
[2024-10-25T12:52:47.417+0000] {spark_submit.py:579} INFO - 24/10/25 12:52:47 INFO BlockManagerInfo: Removed broadcast_1_piece0 on 172.18.0.5:42103 in memory (size: 14.1 KiB, free: 1048.8 MiB)
[2024-10-25T12:52:47.419+0000] {spark_submit.py:579} INFO - 24/10/25 12:52:47 INFO BlockManagerInfo: Added broadcast_2_piece0 in memory on 172.18.0.5:42103 (size: 22.0 KiB, free: 1048.7 MiB)
[2024-10-25T12:52:47.596+0000] {spark_submit.py:579} INFO - 24/10/25 12:52:47 INFO MapOutputTrackerMasterEndpoint: Asked to send map output locations for shuffle 0 to 172.18.0.5:53742
[2024-10-25T12:52:48.400+0000] {spark_submit.py:579} INFO - 24/10/25 12:52:48 WARN TaskSetManager: Lost task 0.0 in stage 2.0 (TID 2) (172.18.0.5 executor 0): org.apache.spark.api.python.PythonException: Traceback (most recent call last):
[2024-10-25T12:52:48.401+0000] {spark_submit.py:579} INFO - File "/opt/bitnami/spark/python/lib/pyspark.zip/pyspark/worker.py", line 683, in main
[2024-10-25T12:52:48.401+0000] {spark_submit.py:579} INFO - raise RuntimeError(
[2024-10-25T12:52:48.402+0000] {spark_submit.py:579} INFO - RuntimeError: Python in worker has different version 3.12 than that in driver 3.11, PySpark cannot run with different minor versions. Please check environment variables PYSPARK_PYTHON and PYSPARK_DRIVER_PYTHON are correctly set.
[2024-10-25T12:52:48.402+0000] {spark_submit.py:579} INFO - 
[2024-10-25T12:52:48.403+0000] {spark_submit.py:579} INFO - at org.apache.spark.api.python.BasePythonRunner$ReaderIterator.handlePythonException(PythonRunner.scala:561)
[2024-10-25T12:52:48.403+0000] {spark_submit.py:579} INFO - at org.apache.spark.api.python.PythonRunner$$anon$3.read(PythonRunner.scala:767)
[2024-10-25T12:52:48.404+0000] {spark_submit.py:579} INFO - at org.apache.spark.api.python.PythonRunner$$anon$3.read(PythonRunner.scala:749)
[2024-10-25T12:52:48.405+0000] {spark_submit.py:579} INFO - at org.apache.spark.api.python.BasePythonRunner$ReaderIterator.hasNext(PythonRunner.scala:514)
[2024-10-25T12:52:48.405+0000] {spark_submit.py:579} INFO - at org.apache.spark.InterruptibleIterator.hasNext(InterruptibleIterator.scala:37)
[2024-10-25T12:52:48.406+0000] {spark_submit.py:579} INFO - at scala.collection.Iterator.foreach(Iterator.scala:943)
[2024-10-25T12:52:48.406+0000] {spark_submit.py:579} INFO - at scala.collection.Iterator.foreach$(Iterator.scala:943)
[2024-10-25T12:52:48.407+0000] {spark_submit.py:579} INFO - at org.apache.spark.InterruptibleIterator.foreach(InterruptibleIterator.scala:28)
[2024-10-25T12:52:48.407+0000] {spark_submit.py:579} INFO - at scala.collection.generic.Growable.$plus$plus$eq(Growable.scala:62)
[2024-10-25T12:52:48.408+0000] {spark_submit.py:579} INFO - at scala.collection.generic.Growable.$plus$plus$eq$(Growable.scala:53)
[2024-10-25T12:52:48.408+0000] {spark_submit.py:579} INFO - at scala.collection.mutable.ArrayBuffer.$plus$plus$eq(ArrayBuffer.scala:105)
[2024-10-25T12:52:48.409+0000] {spark_submit.py:579} INFO - at scala.collection.mutable.ArrayBuffer.$plus$plus$eq(ArrayBuffer.scala:49)
[2024-10-25T12:52:48.410+0000] {spark_submit.py:579} INFO - at scala.collection.TraversableOnce.to(TraversableOnce.scala:366)
[2024-10-25T12:52:48.410+0000] {spark_submit.py:579} INFO - at scala.collection.TraversableOnce.to$(TraversableOnce.scala:364)
[2024-10-25T12:52:48.410+0000] {spark_submit.py:579} INFO - at org.apache.spark.InterruptibleIterator.to(InterruptibleIterator.scala:28)
[2024-10-25T12:52:48.411+0000] {spark_submit.py:579} INFO - at scala.collection.TraversableOnce.toBuffer(TraversableOnce.scala:358)
[2024-10-25T12:52:48.411+0000] {spark_submit.py:579} INFO - at scala.collection.TraversableOnce.toBuffer$(TraversableOnce.scala:358)
[2024-10-25T12:52:48.412+0000] {spark_submit.py:579} INFO - at org.apache.spark.InterruptibleIterator.toBuffer(InterruptibleIterator.scala:28)
[2024-10-25T12:52:48.412+0000] {spark_submit.py:579} INFO - at scala.collection.TraversableOnce.toArray(TraversableOnce.scala:345)
[2024-10-25T12:52:48.413+0000] {spark_submit.py:579} INFO - at scala.collection.TraversableOnce.toArray$(TraversableOnce.scala:339)
[2024-10-25T12:52:48.413+0000] {spark_submit.py:579} INFO - at org.apache.spark.InterruptibleIterator.toArray(InterruptibleIterator.scala:28)
[2024-10-25T12:52:48.414+0000] {spark_submit.py:579} INFO - at org.apache.spark.api.python.PythonRDD$.$anonfun$runJob$1(PythonRDD.scala:179)
[2024-10-25T12:52:48.415+0000] {spark_submit.py:579} INFO - at org.apache.spark.SparkContext.$anonfun$runJob$5(SparkContext.scala:2303)
[2024-10-25T12:52:48.415+0000] {spark_submit.py:579} INFO - at org.apache.spark.scheduler.ResultTask.runTask(ResultTask.scala:92)
[2024-10-25T12:52:48.416+0000] {spark_submit.py:579} INFO - at org.apache.spark.TaskContext.runTaskWithListeners(TaskContext.scala:161)
[2024-10-25T12:52:48.416+0000] {spark_submit.py:579} INFO - at org.apache.spark.scheduler.Task.run(Task.scala:139)
[2024-10-25T12:52:48.416+0000] {spark_submit.py:579} INFO - at org.apache.spark.executor.Executor$TaskRunner.$anonfun$run$3(Executor.scala:554)
[2024-10-25T12:52:48.417+0000] {spark_submit.py:579} INFO - at org.apache.spark.util.Utils$.tryWithSafeFinally(Utils.scala:1529)
[2024-10-25T12:52:48.417+0000] {spark_submit.py:579} INFO - at org.apache.spark.executor.Executor$TaskRunner.run(Executor.scala:557)
[2024-10-25T12:52:48.418+0000] {spark_submit.py:579} INFO - at java.base/java.util.concurrent.ThreadPoolExecutor.runWorker(ThreadPoolExecutor.java:1136)
[2024-10-25T12:52:48.418+0000] {spark_submit.py:579} INFO - at java.base/java.util.concurrent.ThreadPoolExecutor$Worker.run(ThreadPoolExecutor.java:635)
[2024-10-25T12:52:48.418+0000] {spark_submit.py:579} INFO - at java.base/java.lang.Thread.run(Thread.java:840)
[2024-10-25T12:52:48.419+0000] {spark_submit.py:579} INFO - 
[2024-10-25T12:52:48.419+0000] {spark_submit.py:579} INFO - 24/10/25 12:52:48 INFO TaskSetManager: Starting task 0.1 in stage 2.0 (TID 3) (172.18.0.5, executor 0, partition 0, NODE_LOCAL, 7367 bytes)
[2024-10-25T12:52:48.439+0000] {spark_submit.py:579} INFO - 24/10/25 12:52:48 INFO TaskSetManager: Lost task 0.1 in stage 2.0 (TID 3) on 172.18.0.5, executor 0: org.apache.spark.api.python.PythonException (Traceback (most recent call last):
[2024-10-25T12:52:48.440+0000] {spark_submit.py:579} INFO - File "/opt/bitnami/spark/python/lib/pyspark.zip/pyspark/worker.py", line 683, in main
[2024-10-25T12:52:48.440+0000] {spark_submit.py:579} INFO - raise RuntimeError(
[2024-10-25T12:52:48.441+0000] {spark_submit.py:579} INFO - RuntimeError: Python in worker has different version 3.12 than that in driver 3.11, PySpark cannot run with different minor versions. Please check environment variables PYSPARK_PYTHON and PYSPARK_DRIVER_PYTHON are correctly set.
[2024-10-25T12:52:48.441+0000] {spark_submit.py:579} INFO - ) [duplicate 1]
[2024-10-25T12:52:48.442+0000] {spark_submit.py:579} INFO - 24/10/25 12:52:48 INFO TaskSetManager: Starting task 0.2 in stage 2.0 (TID 4) (172.18.0.5, executor 0, partition 0, NODE_LOCAL, 7367 bytes)
[2024-10-25T12:52:48.471+0000] {spark_submit.py:579} INFO - 24/10/25 12:52:48 INFO TaskSetManager: Lost task 0.2 in stage 2.0 (TID 4) on 172.18.0.5, executor 0: org.apache.spark.api.python.PythonException (Traceback (most recent call last):
[2024-10-25T12:52:48.472+0000] {spark_submit.py:579} INFO - File "/opt/bitnami/spark/python/lib/pyspark.zip/pyspark/worker.py", line 683, in main
[2024-10-25T12:52:48.472+0000] {spark_submit.py:579} INFO - raise RuntimeError(
[2024-10-25T12:52:48.473+0000] {spark_submit.py:579} INFO - RuntimeError: Python in worker has different version 3.12 than that in driver 3.11, PySpark cannot run with different minor versions. Please check environment variables PYSPARK_PYTHON and PYSPARK_DRIVER_PYTHON are correctly set.
[2024-10-25T12:52:48.474+0000] {spark_submit.py:579} INFO - ) [duplicate 2]
[2024-10-25T12:52:48.474+0000] {spark_submit.py:579} INFO - 24/10/25 12:52:48 INFO TaskSetManager: Starting task 0.3 in stage 2.0 (TID 5) (172.18.0.5, executor 0, partition 0, NODE_LOCAL, 7367 bytes)
[2024-10-25T12:52:48.502+0000] {spark_submit.py:579} INFO - 24/10/25 12:52:48 INFO TaskSetManager: Lost task 0.3 in stage 2.0 (TID 5) on 172.18.0.5, executor 0: org.apache.spark.api.python.PythonException (Traceback (most recent call last):
[2024-10-25T12:52:48.502+0000] {spark_submit.py:579} INFO - File "/opt/bitnami/spark/python/lib/pyspark.zip/pyspark/worker.py", line 683, in main
[2024-10-25T12:52:48.503+0000] {spark_submit.py:579} INFO - raise RuntimeError(
[2024-10-25T12:52:48.504+0000] {spark_submit.py:579} INFO - RuntimeError: Python in worker has different version 3.12 than that in driver 3.11, PySpark cannot run with different minor versions. Please check environment variables PYSPARK_PYTHON and PYSPARK_DRIVER_PYTHON are correctly set.
[2024-10-25T12:52:48.504+0000] {spark_submit.py:579} INFO - ) [duplicate 3]
[2024-10-25T12:52:48.505+0000] {spark_submit.py:579} INFO - 24/10/25 12:52:48 ERROR TaskSetManager: Task 0 in stage 2.0 failed 4 times; aborting job
[2024-10-25T12:52:48.505+0000] {spark_submit.py:579} INFO - 24/10/25 12:52:48 INFO TaskSchedulerImpl: Removed TaskSet 2.0, whose tasks have all completed, from pool
[2024-10-25T12:52:48.507+0000] {spark_submit.py:579} INFO - 24/10/25 12:52:48 INFO TaskSchedulerImpl: Cancelling stage 2
[2024-10-25T12:52:48.508+0000] {spark_submit.py:579} INFO - 24/10/25 12:52:48 INFO TaskSchedulerImpl: Killing all running tasks in stage 2: Stage cancelled
[2024-10-25T12:52:48.510+0000] {spark_submit.py:579} INFO - 24/10/25 12:52:48 INFO DAGScheduler: ResultStage 2 (runJob at PythonRDD.scala:179) failed in 1.165 s due to Job aborted due to stage failure: Task 0 in stage 2.0 failed 4 times, most recent failure: Lost task 0.3 in stage 2.0 (TID 5) (172.18.0.5 executor 0): org.apache.spark.api.python.PythonException: Traceback (most recent call last):
[2024-10-25T12:52:48.511+0000] {spark_submit.py:579} INFO - File "/opt/bitnami/spark/python/lib/pyspark.zip/pyspark/worker.py", line 683, in main
[2024-10-25T12:52:48.511+0000] {spark_submit.py:579} INFO - raise RuntimeError(
[2024-10-25T12:52:48.512+0000] {spark_submit.py:579} INFO - RuntimeError: Python in worker has different version 3.12 than that in driver 3.11, PySpark cannot run with different minor versions. Please check environment variables PYSPARK_PYTHON and PYSPARK_DRIVER_PYTHON are correctly set.
[2024-10-25T12:52:48.512+0000] {spark_submit.py:579} INFO - 
[2024-10-25T12:52:48.513+0000] {spark_submit.py:579} INFO - at org.apache.spark.api.python.BasePythonRunner$ReaderIterator.handlePythonException(PythonRunner.scala:561)
[2024-10-25T12:52:48.513+0000] {spark_submit.py:579} INFO - at org.apache.spark.api.python.PythonRunner$$anon$3.read(PythonRunner.scala:767)
[2024-10-25T12:52:48.514+0000] {spark_submit.py:579} INFO - at org.apache.spark.api.python.PythonRunner$$anon$3.read(PythonRunner.scala:749)
[2024-10-25T12:52:48.515+0000] {spark_submit.py:579} INFO - at org.apache.spark.api.python.BasePythonRunner$ReaderIterator.hasNext(PythonRunner.scala:514)
[2024-10-25T12:52:48.515+0000] {spark_submit.py:579} INFO - at org.apache.spark.InterruptibleIterator.hasNext(InterruptibleIterator.scala:37)
[2024-10-25T12:52:48.516+0000] {spark_submit.py:579} INFO - at scala.collection.Iterator.foreach(Iterator.scala:943)
[2024-10-25T12:52:48.517+0000] {spark_submit.py:579} INFO - at scala.collection.Iterator.foreach$(Iterator.scala:943)
[2024-10-25T12:52:48.517+0000] {spark_submit.py:579} INFO - at org.apache.spark.InterruptibleIterator.foreach(InterruptibleIterator.scala:28)
[2024-10-25T12:52:48.518+0000] {spark_submit.py:579} INFO - at scala.collection.generic.Growable.$plus$plus$eq(Growable.scala:62)
[2024-10-25T12:52:48.518+0000] {spark_submit.py:579} INFO - at scala.collection.generic.Growable.$plus$plus$eq$(Growable.scala:53)
[2024-10-25T12:52:48.519+0000] {spark_submit.py:579} INFO - at scala.collection.mutable.ArrayBuffer.$plus$plus$eq(ArrayBuffer.scala:105)
[2024-10-25T12:52:48.519+0000] {spark_submit.py:579} INFO - at scala.collection.mutable.ArrayBuffer.$plus$plus$eq(ArrayBuffer.scala:49)
[2024-10-25T12:52:48.520+0000] {spark_submit.py:579} INFO - at scala.collection.TraversableOnce.to(TraversableOnce.scala:366)
[2024-10-25T12:52:48.520+0000] {spark_submit.py:579} INFO - at scala.collection.TraversableOnce.to$(TraversableOnce.scala:364)
[2024-10-25T12:52:48.521+0000] {spark_submit.py:579} INFO - at org.apache.spark.InterruptibleIterator.to(InterruptibleIterator.scala:28)
[2024-10-25T12:52:48.521+0000] {spark_submit.py:579} INFO - at scala.collection.TraversableOnce.toBuffer(TraversableOnce.scala:358)
[2024-10-25T12:52:48.522+0000] {spark_submit.py:579} INFO - at scala.collection.TraversableOnce.toBuffer$(TraversableOnce.scala:358)
[2024-10-25T12:52:48.523+0000] {spark_submit.py:579} INFO - at org.apache.spark.InterruptibleIterator.toBuffer(InterruptibleIterator.scala:28)
[2024-10-25T12:52:48.524+0000] {spark_submit.py:579} INFO - at scala.collection.TraversableOnce.toArray(TraversableOnce.scala:345)
[2024-10-25T12:52:48.524+0000] {spark_submit.py:579} INFO - at scala.collection.TraversableOnce.toArray$(TraversableOnce.scala:339)
[2024-10-25T12:52:48.525+0000] {spark_submit.py:579} INFO - at org.apache.spark.InterruptibleIterator.toArray(InterruptibleIterator.scala:28)
[2024-10-25T12:52:48.526+0000] {spark_submit.py:579} INFO - at org.apache.spark.api.python.PythonRDD$.$anonfun$runJob$1(PythonRDD.scala:179)
[2024-10-25T12:52:48.527+0000] {spark_submit.py:579} INFO - at org.apache.spark.SparkContext.$anonfun$runJob$5(SparkContext.scala:2303)
[2024-10-25T12:52:48.527+0000] {spark_submit.py:579} INFO - at org.apache.spark.scheduler.ResultTask.runTask(ResultTask.scala:92)
[2024-10-25T12:52:48.528+0000] {spark_submit.py:579} INFO - at org.apache.spark.TaskContext.runTaskWithListeners(TaskContext.scala:161)
[2024-10-25T12:52:48.529+0000] {spark_submit.py:579} INFO - at org.apache.spark.scheduler.Task.run(Task.scala:139)
[2024-10-25T12:52:48.530+0000] {spark_submit.py:579} INFO - at org.apache.spark.executor.Executor$TaskRunner.$anonfun$run$3(Executor.scala:554)
[2024-10-25T12:52:48.530+0000] {spark_submit.py:579} INFO - at org.apache.spark.util.Utils$.tryWithSafeFinally(Utils.scala:1529)
[2024-10-25T12:52:48.531+0000] {spark_submit.py:579} INFO - at org.apache.spark.executor.Executor$TaskRunner.run(Executor.scala:557)
[2024-10-25T12:52:48.532+0000] {spark_submit.py:579} INFO - at java.base/java.util.concurrent.ThreadPoolExecutor.runWorker(ThreadPoolExecutor.java:1136)
[2024-10-25T12:52:48.533+0000] {spark_submit.py:579} INFO - at java.base/java.util.concurrent.ThreadPoolExecutor$Worker.run(ThreadPoolExecutor.java:635)
[2024-10-25T12:52:48.533+0000] {spark_submit.py:579} INFO - at java.base/java.lang.Thread.run(Thread.java:840)
[2024-10-25T12:52:48.534+0000] {spark_submit.py:579} INFO - 
[2024-10-25T12:52:48.534+0000] {spark_submit.py:579} INFO - Driver stacktrace:
[2024-10-25T12:52:48.534+0000] {spark_submit.py:579} INFO - 24/10/25 12:52:48 INFO DAGScheduler: Job 1 failed: runJob at PythonRDD.scala:179, took 1.194303 s
[2024-10-25T12:52:48.682+0000] {spark_submit.py:579} INFO - 2024-10-25 12:52:48,682 ERROR: Error during cleaning process: An error occurred while calling z:org.apache.spark.api.python.PythonRDD.runJob.
[2024-10-25T12:52:48.683+0000] {spark_submit.py:579} INFO - : org.apache.spark.SparkException: Job aborted due to stage failure: Task 0 in stage 2.0 failed 4 times, most recent failure: Lost task 0.3 in stage 2.0 (TID 5) (172.18.0.5 executor 0): org.apache.spark.api.python.PythonException: Traceback (most recent call last):
[2024-10-25T12:52:48.683+0000] {spark_submit.py:579} INFO - File "/opt/bitnami/spark/python/lib/pyspark.zip/pyspark/worker.py", line 683, in main
[2024-10-25T12:52:48.683+0000] {spark_submit.py:579} INFO - raise RuntimeError(
[2024-10-25T12:52:48.684+0000] {spark_submit.py:579} INFO - RuntimeError: Python in worker has different version 3.12 than that in driver 3.11, PySpark cannot run with different minor versions. Please check environment variables PYSPARK_PYTHON and PYSPARK_DRIVER_PYTHON are correctly set.
[2024-10-25T12:52:48.684+0000] {spark_submit.py:579} INFO - 
[2024-10-25T12:52:48.684+0000] {spark_submit.py:579} INFO - at org.apache.spark.api.python.BasePythonRunner$ReaderIterator.handlePythonException(PythonRunner.scala:561)
[2024-10-25T12:52:48.685+0000] {spark_submit.py:579} INFO - at org.apache.spark.api.python.PythonRunner$$anon$3.read(PythonRunner.scala:767)
[2024-10-25T12:52:48.685+0000] {spark_submit.py:579} INFO - at org.apache.spark.api.python.PythonRunner$$anon$3.read(PythonRunner.scala:749)
[2024-10-25T12:52:48.685+0000] {spark_submit.py:579} INFO - at org.apache.spark.api.python.BasePythonRunner$ReaderIterator.hasNext(PythonRunner.scala:514)
[2024-10-25T12:52:48.686+0000] {spark_submit.py:579} INFO - at org.apache.spark.InterruptibleIterator.hasNext(InterruptibleIterator.scala:37)
[2024-10-25T12:52:48.686+0000] {spark_submit.py:579} INFO - at scala.collection.Iterator.foreach(Iterator.scala:943)
[2024-10-25T12:52:48.686+0000] {spark_submit.py:579} INFO - at scala.collection.Iterator.foreach$(Iterator.scala:943)
[2024-10-25T12:52:48.687+0000] {spark_submit.py:579} INFO - at org.apache.spark.InterruptibleIterator.foreach(InterruptibleIterator.scala:28)
[2024-10-25T12:52:48.687+0000] {spark_submit.py:579} INFO - at scala.collection.generic.Growable.$plus$plus$eq(Growable.scala:62)
[2024-10-25T12:52:48.687+0000] {spark_submit.py:579} INFO - at scala.collection.generic.Growable.$plus$plus$eq$(Growable.scala:53)
[2024-10-25T12:52:48.688+0000] {spark_submit.py:579} INFO - at scala.collection.mutable.ArrayBuffer.$plus$plus$eq(ArrayBuffer.scala:105)
[2024-10-25T12:52:48.688+0000] {spark_submit.py:579} INFO - at scala.collection.mutable.ArrayBuffer.$plus$plus$eq(ArrayBuffer.scala:49)
[2024-10-25T12:52:48.688+0000] {spark_submit.py:579} INFO - at scala.collection.TraversableOnce.to(TraversableOnce.scala:366)
[2024-10-25T12:52:48.689+0000] {spark_submit.py:579} INFO - at scala.collection.TraversableOnce.to$(TraversableOnce.scala:364)
[2024-10-25T12:52:48.689+0000] {spark_submit.py:579} INFO - at org.apache.spark.InterruptibleIterator.to(InterruptibleIterator.scala:28)
[2024-10-25T12:52:48.689+0000] {spark_submit.py:579} INFO - at scala.collection.TraversableOnce.toBuffer(TraversableOnce.scala:358)
[2024-10-25T12:52:48.690+0000] {spark_submit.py:579} INFO - at scala.collection.TraversableOnce.toBuffer$(TraversableOnce.scala:358)
[2024-10-25T12:52:48.690+0000] {spark_submit.py:579} INFO - at org.apache.spark.InterruptibleIterator.toBuffer(InterruptibleIterator.scala:28)
[2024-10-25T12:52:48.690+0000] {spark_submit.py:579} INFO - at scala.collection.TraversableOnce.toArray(TraversableOnce.scala:345)
[2024-10-25T12:52:48.690+0000] {spark_submit.py:579} INFO - at scala.collection.TraversableOnce.toArray$(TraversableOnce.scala:339)
[2024-10-25T12:52:48.691+0000] {spark_submit.py:579} INFO - at org.apache.spark.InterruptibleIterator.toArray(InterruptibleIterator.scala:28)
[2024-10-25T12:52:48.691+0000] {spark_submit.py:579} INFO - at org.apache.spark.api.python.PythonRDD$.$anonfun$runJob$1(PythonRDD.scala:179)
[2024-10-25T12:52:48.691+0000] {spark_submit.py:579} INFO - at org.apache.spark.SparkContext.$anonfun$runJob$5(SparkContext.scala:2303)
[2024-10-25T12:52:48.691+0000] {spark_submit.py:579} INFO - at org.apache.spark.scheduler.ResultTask.runTask(ResultTask.scala:92)
[2024-10-25T12:52:48.692+0000] {spark_submit.py:579} INFO - at org.apache.spark.TaskContext.runTaskWithListeners(TaskContext.scala:161)
[2024-10-25T12:52:48.692+0000] {spark_submit.py:579} INFO - at org.apache.spark.scheduler.Task.run(Task.scala:139)
[2024-10-25T12:52:48.692+0000] {spark_submit.py:579} INFO - at org.apache.spark.executor.Executor$TaskRunner.$anonfun$run$3(Executor.scala:554)
[2024-10-25T12:52:48.692+0000] {spark_submit.py:579} INFO - at org.apache.spark.util.Utils$.tryWithSafeFinally(Utils.scala:1529)
[2024-10-25T12:52:48.693+0000] {spark_submit.py:579} INFO - at org.apache.spark.executor.Executor$TaskRunner.run(Executor.scala:557)
[2024-10-25T12:52:48.693+0000] {spark_submit.py:579} INFO - at java.base/java.util.concurrent.ThreadPoolExecutor.runWorker(ThreadPoolExecutor.java:1136)
[2024-10-25T12:52:48.693+0000] {spark_submit.py:579} INFO - at java.base/java.util.concurrent.ThreadPoolExecutor$Worker.run(ThreadPoolExecutor.java:635)
[2024-10-25T12:52:48.693+0000] {spark_submit.py:579} INFO - at java.base/java.lang.Thread.run(Thread.java:840)
[2024-10-25T12:52:48.693+0000] {spark_submit.py:579} INFO - 
[2024-10-25T12:52:48.694+0000] {spark_submit.py:579} INFO - Driver stacktrace:
[2024-10-25T12:52:48.694+0000] {spark_submit.py:579} INFO - at org.apache.spark.scheduler.DAGScheduler.failJobAndIndependentStages(DAGScheduler.scala:2790)
[2024-10-25T12:52:48.694+0000] {spark_submit.py:579} INFO - at org.apache.spark.scheduler.DAGScheduler.$anonfun$abortStage$2(DAGScheduler.scala:2726)
[2024-10-25T12:52:48.695+0000] {spark_submit.py:579} INFO - at org.apache.spark.scheduler.DAGScheduler.$anonfun$abortStage$2$adapted(DAGScheduler.scala:2725)
[2024-10-25T12:52:48.695+0000] {spark_submit.py:579} INFO - at scala.collection.mutable.ResizableArray.foreach(ResizableArray.scala:62)
[2024-10-25T12:52:48.695+0000] {spark_submit.py:579} INFO - at scala.collection.mutable.ResizableArray.foreach$(ResizableArray.scala:55)
[2024-10-25T12:52:48.695+0000] {spark_submit.py:579} INFO - at scala.collection.mutable.ArrayBuffer.foreach(ArrayBuffer.scala:49)
[2024-10-25T12:52:48.695+0000] {spark_submit.py:579} INFO - at org.apache.spark.scheduler.DAGScheduler.abortStage(DAGScheduler.scala:2725)
[2024-10-25T12:52:48.696+0000] {spark_submit.py:579} INFO - at org.apache.spark.scheduler.DAGScheduler.$anonfun$handleTaskSetFailed$1(DAGScheduler.scala:1211)
[2024-10-25T12:52:48.696+0000] {spark_submit.py:579} INFO - at org.apache.spark.scheduler.DAGScheduler.$anonfun$handleTaskSetFailed$1$adapted(DAGScheduler.scala:1211)
[2024-10-25T12:52:48.696+0000] {spark_submit.py:579} INFO - at scala.Option.foreach(Option.scala:407)
[2024-10-25T12:52:48.696+0000] {spark_submit.py:579} INFO - at org.apache.spark.scheduler.DAGScheduler.handleTaskSetFailed(DAGScheduler.scala:1211)
[2024-10-25T12:52:48.696+0000] {spark_submit.py:579} INFO - at org.apache.spark.scheduler.DAGSchedulerEventProcessLoop.doOnReceive(DAGScheduler.scala:2989)
[2024-10-25T12:52:48.697+0000] {spark_submit.py:579} INFO - at org.apache.spark.scheduler.DAGSchedulerEventProcessLoop.onReceive(DAGScheduler.scala:2928)
[2024-10-25T12:52:48.697+0000] {spark_submit.py:579} INFO - at org.apache.spark.scheduler.DAGSchedulerEventProcessLoop.onReceive(DAGScheduler.scala:2917)
[2024-10-25T12:52:48.697+0000] {spark_submit.py:579} INFO - at org.apache.spark.util.EventLoop$$anon$1.run(EventLoop.scala:49)
[2024-10-25T12:52:48.697+0000] {spark_submit.py:579} INFO - at org.apache.spark.scheduler.DAGScheduler.runJob(DAGScheduler.scala:976)
[2024-10-25T12:52:48.698+0000] {spark_submit.py:579} INFO - at org.apache.spark.SparkContext.runJob(SparkContext.scala:2263)
[2024-10-25T12:52:48.698+0000] {spark_submit.py:579} INFO - at org.apache.spark.SparkContext.runJob(SparkContext.scala:2284)
[2024-10-25T12:52:48.698+0000] {spark_submit.py:579} INFO - at org.apache.spark.SparkContext.runJob(SparkContext.scala:2303)
[2024-10-25T12:52:48.698+0000] {spark_submit.py:579} INFO - at org.apache.spark.api.python.PythonRDD$.runJob(PythonRDD.scala:179)
[2024-10-25T12:52:48.699+0000] {spark_submit.py:579} INFO - at org.apache.spark.api.python.PythonRDD.runJob(PythonRDD.scala)
[2024-10-25T12:52:48.699+0000] {spark_submit.py:579} INFO - at java.base/jdk.internal.reflect.NativeMethodAccessorImpl.invoke0(Native Method)
[2024-10-25T12:52:48.699+0000] {spark_submit.py:579} INFO - at java.base/jdk.internal.reflect.NativeMethodAccessorImpl.invoke(NativeMethodAccessorImpl.java:62)
[2024-10-25T12:52:48.699+0000] {spark_submit.py:579} INFO - at java.base/jdk.internal.reflect.DelegatingMethodAccessorImpl.invoke(DelegatingMethodAccessorImpl.java:43)
[2024-10-25T12:52:48.699+0000] {spark_submit.py:579} INFO - at java.base/java.lang.reflect.Method.invoke(Method.java:566)
[2024-10-25T12:52:48.700+0000] {spark_submit.py:579} INFO - at py4j.reflection.MethodInvoker.invoke(MethodInvoker.java:244)
[2024-10-25T12:52:48.700+0000] {spark_submit.py:579} INFO - at py4j.reflection.ReflectionEngine.invoke(ReflectionEngine.java:374)
[2024-10-25T12:52:48.700+0000] {spark_submit.py:579} INFO - at py4j.Gateway.invoke(Gateway.java:282)
[2024-10-25T12:52:48.700+0000] {spark_submit.py:579} INFO - at py4j.commands.AbstractCommand.invokeMethod(AbstractCommand.java:132)
[2024-10-25T12:52:48.700+0000] {spark_submit.py:579} INFO - at py4j.commands.CallCommand.execute(CallCommand.java:79)
[2024-10-25T12:52:48.701+0000] {spark_submit.py:579} INFO - at py4j.ClientServerConnection.waitForCommands(ClientServerConnection.java:182)
[2024-10-25T12:52:48.701+0000] {spark_submit.py:579} INFO - at py4j.ClientServerConnection.run(ClientServerConnection.java:106)
[2024-10-25T12:52:48.701+0000] {spark_submit.py:579} INFO - at java.base/java.lang.Thread.run(Thread.java:829)
[2024-10-25T12:52:48.701+0000] {spark_submit.py:579} INFO - Caused by: org.apache.spark.api.python.PythonException: Traceback (most recent call last):
[2024-10-25T12:52:48.702+0000] {spark_submit.py:579} INFO - File "/opt/bitnami/spark/python/lib/pyspark.zip/pyspark/worker.py", line 683, in main
[2024-10-25T12:52:48.702+0000] {spark_submit.py:579} INFO - raise RuntimeError(
[2024-10-25T12:52:48.702+0000] {spark_submit.py:579} INFO - RuntimeError: Python in worker has different version 3.12 than that in driver 3.11, PySpark cannot run with different minor versions. Please check environment variables PYSPARK_PYTHON and PYSPARK_DRIVER_PYTHON are correctly set.
[2024-10-25T12:52:48.702+0000] {spark_submit.py:579} INFO - 
[2024-10-25T12:52:48.702+0000] {spark_submit.py:579} INFO - at org.apache.spark.api.python.BasePythonRunner$ReaderIterator.handlePythonException(PythonRunner.scala:561)
[2024-10-25T12:52:48.703+0000] {spark_submit.py:579} INFO - at org.apache.spark.api.python.PythonRunner$$anon$3.read(PythonRunner.scala:767)
[2024-10-25T12:52:48.703+0000] {spark_submit.py:579} INFO - at org.apache.spark.api.python.PythonRunner$$anon$3.read(PythonRunner.scala:749)
[2024-10-25T12:52:48.703+0000] {spark_submit.py:579} INFO - at org.apache.spark.api.python.BasePythonRunner$ReaderIterator.hasNext(PythonRunner.scala:514)
[2024-10-25T12:52:48.703+0000] {spark_submit.py:579} INFO - at org.apache.spark.InterruptibleIterator.hasNext(InterruptibleIterator.scala:37)
[2024-10-25T12:52:48.703+0000] {spark_submit.py:579} INFO - at scala.collection.Iterator.foreach(Iterator.scala:943)
[2024-10-25T12:52:48.704+0000] {spark_submit.py:579} INFO - at scala.collection.Iterator.foreach$(Iterator.scala:943)
[2024-10-25T12:52:48.704+0000] {spark_submit.py:579} INFO - at org.apache.spark.InterruptibleIterator.foreach(InterruptibleIterator.scala:28)
[2024-10-25T12:52:48.704+0000] {spark_submit.py:579} INFO - at scala.collection.generic.Growable.$plus$plus$eq(Growable.scala:62)
[2024-10-25T12:52:48.704+0000] {spark_submit.py:579} INFO - at scala.collection.generic.Growable.$plus$plus$eq$(Growable.scala:53)
[2024-10-25T12:52:48.705+0000] {spark_submit.py:579} INFO - at scala.collection.mutable.ArrayBuffer.$plus$plus$eq(ArrayBuffer.scala:105)
[2024-10-25T12:52:48.705+0000] {spark_submit.py:579} INFO - at scala.collection.mutable.ArrayBuffer.$plus$plus$eq(ArrayBuffer.scala:49)
[2024-10-25T12:52:48.705+0000] {spark_submit.py:579} INFO - at scala.collection.TraversableOnce.to(TraversableOnce.scala:366)
[2024-10-25T12:52:48.705+0000] {spark_submit.py:579} INFO - at scala.collection.TraversableOnce.to$(TraversableOnce.scala:364)
[2024-10-25T12:52:48.705+0000] {spark_submit.py:579} INFO - at org.apache.spark.InterruptibleIterator.to(InterruptibleIterator.scala:28)
[2024-10-25T12:52:48.706+0000] {spark_submit.py:579} INFO - at scala.collection.TraversableOnce.toBuffer(TraversableOnce.scala:358)
[2024-10-25T12:52:48.706+0000] {spark_submit.py:579} INFO - at scala.collection.TraversableOnce.toBuffer$(TraversableOnce.scala:358)
[2024-10-25T12:52:48.706+0000] {spark_submit.py:579} INFO - at org.apache.spark.InterruptibleIterator.toBuffer(InterruptibleIterator.scala:28)
[2024-10-25T12:52:48.706+0000] {spark_submit.py:579} INFO - at scala.collection.TraversableOnce.toArray(TraversableOnce.scala:345)
[2024-10-25T12:52:48.706+0000] {spark_submit.py:579} INFO - at scala.collection.TraversableOnce.toArray$(TraversableOnce.scala:339)
[2024-10-25T12:52:48.707+0000] {spark_submit.py:579} INFO - at org.apache.spark.InterruptibleIterator.toArray(InterruptibleIterator.scala:28)
[2024-10-25T12:52:48.707+0000] {spark_submit.py:579} INFO - at org.apache.spark.api.python.PythonRDD$.$anonfun$runJob$1(PythonRDD.scala:179)
[2024-10-25T12:52:48.707+0000] {spark_submit.py:579} INFO - at org.apache.spark.SparkContext.$anonfun$runJob$5(SparkContext.scala:2303)
[2024-10-25T12:52:48.707+0000] {spark_submit.py:579} INFO - at org.apache.spark.scheduler.ResultTask.runTask(ResultTask.scala:92)
[2024-10-25T12:52:48.707+0000] {spark_submit.py:579} INFO - at org.apache.spark.TaskContext.runTaskWithListeners(TaskContext.scala:161)
[2024-10-25T12:52:48.708+0000] {spark_submit.py:579} INFO - at org.apache.spark.scheduler.Task.run(Task.scala:139)
[2024-10-25T12:52:48.708+0000] {spark_submit.py:579} INFO - at org.apache.spark.executor.Executor$TaskRunner.$anonfun$run$3(Executor.scala:554)
[2024-10-25T12:52:48.708+0000] {spark_submit.py:579} INFO - at org.apache.spark.util.Utils$.tryWithSafeFinally(Utils.scala:1529)
[2024-10-25T12:52:48.708+0000] {spark_submit.py:579} INFO - at org.apache.spark.executor.Executor$TaskRunner.run(Executor.scala:557)
[2024-10-25T12:52:48.709+0000] {spark_submit.py:579} INFO - at java.base/java.util.concurrent.ThreadPoolExecutor.runWorker(ThreadPoolExecutor.java:1136)
[2024-10-25T12:52:48.709+0000] {spark_submit.py:579} INFO - at java.base/java.util.concurrent.ThreadPoolExecutor$Worker.run(ThreadPoolExecutor.java:635)
[2024-10-25T12:52:48.709+0000] {spark_submit.py:579} INFO - at java.base/java.lang.Thread.run(Thread.java:840)
[2024-10-25T12:52:48.709+0000] {spark_submit.py:579} INFO - 
[2024-10-25T12:52:48.733+0000] {spark_submit.py:579} INFO - 2024-10-25 12:52:48,732 ERROR: Traceback (most recent call last):
[2024-10-25T12:52:48.733+0000] {spark_submit.py:579} INFO - File "/opt/***/jobs/python/test_Credit.py", line 187, in clean_credits
[2024-10-25T12:52:48.734+0000] {spark_submit.py:579} INFO - .toDF()
[2024-10-25T12:52:48.734+0000] {spark_submit.py:579} INFO - ^^^^^^
[2024-10-25T12:52:48.734+0000] {spark_submit.py:579} INFO - File "/home/***/.local/lib/python3.11/site-packages/pyspark/python/lib/pyspark.zip/pyspark/sql/session.py", line 115, in toDF
[2024-10-25T12:52:48.735+0000] {spark_submit.py:579} INFO - return sparkSession.createDataFrame(self, schema, sampleRatio)
[2024-10-25T12:52:48.735+0000] {spark_submit.py:579} INFO - ^^^^^^^^^^^^^^^^^^^^^^^^^^^^^^^^^^^^^^^^^^^^^^^^^^^^^^^
[2024-10-25T12:52:48.736+0000] {spark_submit.py:579} INFO - File "/home/***/.local/lib/python3.11/site-packages/pyspark/python/lib/pyspark.zip/pyspark/sql/session.py", line 1276, in createDataFrame
[2024-10-25T12:52:48.736+0000] {spark_submit.py:579} INFO - return self._create_dataframe(
[2024-10-25T12:52:48.737+0000] {spark_submit.py:579} INFO - ^^^^^^^^^^^^^^^^^^^^^^^
[2024-10-25T12:52:48.737+0000] {spark_submit.py:579} INFO - File "/home/***/.local/lib/python3.11/site-packages/pyspark/python/lib/pyspark.zip/pyspark/sql/session.py", line 1316, in _create_dataframe
[2024-10-25T12:52:48.738+0000] {spark_submit.py:579} INFO - rdd, struct = self._createFromRDD(data.map(prepare), schema, samplingRatio)
[2024-10-25T12:52:48.738+0000] {spark_submit.py:579} INFO - ^^^^^^^^^^^^^^^^^^^^^^^^^^^^^^^^^^^^^^^^^^^^^^^^^^^^^^^^^^^^^
[2024-10-25T12:52:48.739+0000] {spark_submit.py:579} INFO - File "/home/***/.local/lib/python3.11/site-packages/pyspark/python/lib/pyspark.zip/pyspark/sql/session.py", line 931, in _createFromRDD
[2024-10-25T12:52:48.739+0000] {spark_submit.py:579} INFO - struct = self._inferSchema(rdd, samplingRatio, names=schema)
[2024-10-25T12:52:48.740+0000] {spark_submit.py:579} INFO - ^^^^^^^^^^^^^^^^^^^^^^^^^^^^^^^^^^^^^^^^^^^^^^^^^^^
[2024-10-25T12:52:48.740+0000] {spark_submit.py:579} INFO - File "/home/***/.local/lib/python3.11/site-packages/pyspark/python/lib/pyspark.zip/pyspark/sql/session.py", line 874, in _inferSchema
[2024-10-25T12:52:48.741+0000] {spark_submit.py:579} INFO - first = rdd.first()
[2024-10-25T12:52:48.741+0000] {spark_submit.py:579} INFO - ^^^^^^^^^^^
[2024-10-25T12:52:48.742+0000] {spark_submit.py:579} INFO - File "/home/***/.local/lib/python3.11/site-packages/pyspark/python/lib/pyspark.zip/pyspark/rdd.py", line 2869, in first
[2024-10-25T12:52:48.742+0000] {spark_submit.py:579} INFO - rs = self.take(1)
[2024-10-25T12:52:48.743+0000] {spark_submit.py:579} INFO - ^^^^^^^^^^^^
[2024-10-25T12:52:48.743+0000] {spark_submit.py:579} INFO - File "/home/***/.local/lib/python3.11/site-packages/pyspark/python/lib/pyspark.zip/pyspark/rdd.py", line 2836, in take
[2024-10-25T12:52:48.744+0000] {spark_submit.py:579} INFO - res = self.context.runJob(self, takeUpToNumLeft, p)
[2024-10-25T12:52:48.744+0000] {spark_submit.py:579} INFO - ^^^^^^^^^^^^^^^^^^^^^^^^^^^^^^^^^^^^^^^^^^^^^
[2024-10-25T12:52:48.745+0000] {spark_submit.py:579} INFO - File "/home/***/.local/lib/python3.11/site-packages/pyspark/python/lib/pyspark.zip/pyspark/context.py", line 2319, in runJob
[2024-10-25T12:52:48.746+0000] {spark_submit.py:579} INFO - sock_info = self._jvm.PythonRDD.runJob(self._jsc.sc(), mappedRDD._jrdd, partitions)
[2024-10-25T12:52:48.746+0000] {spark_submit.py:579} INFO - ^^^^^^^^^^^^^^^^^^^^^^^^^^^^^^^^^^^^^^^^^^^^^^^^^^^^^^^^^^^^^^^^^^^^^^^
[2024-10-25T12:52:48.747+0000] {spark_submit.py:579} INFO - File "/home/***/.local/lib/python3.11/site-packages/pyspark/python/lib/py4j-0.10.9.7-src.zip/py4j/java_gateway.py", line 1322, in __call__
[2024-10-25T12:52:48.747+0000] {spark_submit.py:579} INFO - return_value = get_return_value(
[2024-10-25T12:52:48.748+0000] {spark_submit.py:579} INFO - ^^^^^^^^^^^^^^^^^
[2024-10-25T12:52:48.748+0000] {spark_submit.py:579} INFO - File "/home/***/.local/lib/python3.11/site-packages/pyspark/python/lib/pyspark.zip/pyspark/errors/exceptions/captured.py", line 169, in deco
[2024-10-25T12:52:48.748+0000] {spark_submit.py:579} INFO - return f(*a, **kw)
[2024-10-25T12:52:48.749+0000] {spark_submit.py:579} INFO - ^^^^^^^^^^^
[2024-10-25T12:52:48.749+0000] {spark_submit.py:579} INFO - File "/home/***/.local/lib/python3.11/site-packages/pyspark/python/lib/py4j-0.10.9.7-src.zip/py4j/protocol.py", line 326, in get_return_value
[2024-10-25T12:52:48.750+0000] {spark_submit.py:579} INFO - raise Py4JJavaError(
[2024-10-25T12:52:48.750+0000] {spark_submit.py:579} INFO - py4j.protocol.Py4JJavaError: An error occurred while calling z:org.apache.spark.api.python.PythonRDD.runJob.
[2024-10-25T12:52:48.751+0000] {spark_submit.py:579} INFO - : org.apache.spark.SparkException: Job aborted due to stage failure: Task 0 in stage 2.0 failed 4 times, most recent failure: Lost task 0.3 in stage 2.0 (TID 5) (172.18.0.5 executor 0): org.apache.spark.api.python.PythonException: Traceback (most recent call last):
[2024-10-25T12:52:48.751+0000] {spark_submit.py:579} INFO - File "/opt/bitnami/spark/python/lib/pyspark.zip/pyspark/worker.py", line 683, in main
[2024-10-25T12:52:48.752+0000] {spark_submit.py:579} INFO - raise RuntimeError(
[2024-10-25T12:52:48.752+0000] {spark_submit.py:579} INFO - RuntimeError: Python in worker has different version 3.12 than that in driver 3.11, PySpark cannot run with different minor versions. Please check environment variables PYSPARK_PYTHON and PYSPARK_DRIVER_PYTHON are correctly set.
[2024-10-25T12:52:48.753+0000] {spark_submit.py:579} INFO - 
[2024-10-25T12:52:48.753+0000] {spark_submit.py:579} INFO - at org.apache.spark.api.python.BasePythonRunner$ReaderIterator.handlePythonException(PythonRunner.scala:561)
[2024-10-25T12:52:48.753+0000] {spark_submit.py:579} INFO - at org.apache.spark.api.python.PythonRunner$$anon$3.read(PythonRunner.scala:767)
[2024-10-25T12:52:48.754+0000] {spark_submit.py:579} INFO - at org.apache.spark.api.python.PythonRunner$$anon$3.read(PythonRunner.scala:749)
[2024-10-25T12:52:48.754+0000] {spark_submit.py:579} INFO - at org.apache.spark.api.python.BasePythonRunner$ReaderIterator.hasNext(PythonRunner.scala:514)
[2024-10-25T12:52:48.755+0000] {spark_submit.py:579} INFO - at org.apache.spark.InterruptibleIterator.hasNext(InterruptibleIterator.scala:37)
[2024-10-25T12:52:48.755+0000] {spark_submit.py:579} INFO - at scala.collection.Iterator.foreach(Iterator.scala:943)
[2024-10-25T12:52:48.755+0000] {spark_submit.py:579} INFO - at scala.collection.Iterator.foreach$(Iterator.scala:943)
[2024-10-25T12:52:48.755+0000] {spark_submit.py:579} INFO - at org.apache.spark.InterruptibleIterator.foreach(InterruptibleIterator.scala:28)
[2024-10-25T12:52:48.756+0000] {spark_submit.py:579} INFO - at scala.collection.generic.Growable.$plus$plus$eq(Growable.scala:62)
[2024-10-25T12:52:48.756+0000] {spark_submit.py:579} INFO - at scala.collection.generic.Growable.$plus$plus$eq$(Growable.scala:53)
[2024-10-25T12:52:48.756+0000] {spark_submit.py:579} INFO - at scala.collection.mutable.ArrayBuffer.$plus$plus$eq(ArrayBuffer.scala:105)
[2024-10-25T12:52:48.756+0000] {spark_submit.py:579} INFO - at scala.collection.mutable.ArrayBuffer.$plus$plus$eq(ArrayBuffer.scala:49)
[2024-10-25T12:52:48.757+0000] {spark_submit.py:579} INFO - at scala.collection.TraversableOnce.to(TraversableOnce.scala:366)
[2024-10-25T12:52:48.757+0000] {spark_submit.py:579} INFO - at scala.collection.TraversableOnce.to$(TraversableOnce.scala:364)
[2024-10-25T12:52:48.757+0000] {spark_submit.py:579} INFO - at org.apache.spark.InterruptibleIterator.to(InterruptibleIterator.scala:28)
[2024-10-25T12:52:48.758+0000] {spark_submit.py:579} INFO - at scala.collection.TraversableOnce.toBuffer(TraversableOnce.scala:358)
[2024-10-25T12:52:48.758+0000] {spark_submit.py:579} INFO - at scala.collection.TraversableOnce.toBuffer$(TraversableOnce.scala:358)
[2024-10-25T12:52:48.759+0000] {spark_submit.py:579} INFO - at org.apache.spark.InterruptibleIterator.toBuffer(InterruptibleIterator.scala:28)
[2024-10-25T12:52:48.759+0000] {spark_submit.py:579} INFO - at scala.collection.TraversableOnce.toArray(TraversableOnce.scala:345)
[2024-10-25T12:52:48.760+0000] {spark_submit.py:579} INFO - at scala.collection.TraversableOnce.toArray$(TraversableOnce.scala:339)
[2024-10-25T12:52:48.760+0000] {spark_submit.py:579} INFO - at org.apache.spark.InterruptibleIterator.toArray(InterruptibleIterator.scala:28)
[2024-10-25T12:52:48.761+0000] {spark_submit.py:579} INFO - at org.apache.spark.api.python.PythonRDD$.$anonfun$runJob$1(PythonRDD.scala:179)
[2024-10-25T12:52:48.761+0000] {spark_submit.py:579} INFO - at org.apache.spark.SparkContext.$anonfun$runJob$5(SparkContext.scala:2303)
[2024-10-25T12:52:48.762+0000] {spark_submit.py:579} INFO - at org.apache.spark.scheduler.ResultTask.runTask(ResultTask.scala:92)
[2024-10-25T12:52:48.763+0000] {spark_submit.py:579} INFO - at org.apache.spark.TaskContext.runTaskWithListeners(TaskContext.scala:161)
[2024-10-25T12:52:48.763+0000] {spark_submit.py:579} INFO - at org.apache.spark.scheduler.Task.run(Task.scala:139)
[2024-10-25T12:52:48.763+0000] {spark_submit.py:579} INFO - at org.apache.spark.executor.Executor$TaskRunner.$anonfun$run$3(Executor.scala:554)
[2024-10-25T12:52:48.764+0000] {spark_submit.py:579} INFO - at org.apache.spark.util.Utils$.tryWithSafeFinally(Utils.scala:1529)
[2024-10-25T12:52:48.764+0000] {spark_submit.py:579} INFO - at org.apache.spark.executor.Executor$TaskRunner.run(Executor.scala:557)
[2024-10-25T12:52:48.765+0000] {spark_submit.py:579} INFO - at java.base/java.util.concurrent.ThreadPoolExecutor.runWorker(ThreadPoolExecutor.java:1136)
[2024-10-25T12:52:48.766+0000] {spark_submit.py:579} INFO - at java.base/java.util.concurrent.ThreadPoolExecutor$Worker.run(ThreadPoolExecutor.java:635)
[2024-10-25T12:52:48.766+0000] {spark_submit.py:579} INFO - at java.base/java.lang.Thread.run(Thread.java:840)
[2024-10-25T12:52:48.767+0000] {spark_submit.py:579} INFO - 
[2024-10-25T12:52:48.768+0000] {spark_submit.py:579} INFO - Driver stacktrace:
[2024-10-25T12:52:48.769+0000] {spark_submit.py:579} INFO - at org.apache.spark.scheduler.DAGScheduler.failJobAndIndependentStages(DAGScheduler.scala:2790)
[2024-10-25T12:52:48.769+0000] {spark_submit.py:579} INFO - at org.apache.spark.scheduler.DAGScheduler.$anonfun$abortStage$2(DAGScheduler.scala:2726)
[2024-10-25T12:52:48.770+0000] {spark_submit.py:579} INFO - at org.apache.spark.scheduler.DAGScheduler.$anonfun$abortStage$2$adapted(DAGScheduler.scala:2725)
[2024-10-25T12:52:48.771+0000] {spark_submit.py:579} INFO - at scala.collection.mutable.ResizableArray.foreach(ResizableArray.scala:62)
[2024-10-25T12:52:48.772+0000] {spark_submit.py:579} INFO - at scala.collection.mutable.ResizableArray.foreach$(ResizableArray.scala:55)
[2024-10-25T12:52:48.773+0000] {spark_submit.py:579} INFO - at scala.collection.mutable.ArrayBuffer.foreach(ArrayBuffer.scala:49)
[2024-10-25T12:52:48.774+0000] {spark_submit.py:579} INFO - at org.apache.spark.scheduler.DAGScheduler.abortStage(DAGScheduler.scala:2725)
[2024-10-25T12:52:48.774+0000] {spark_submit.py:579} INFO - at org.apache.spark.scheduler.DAGScheduler.$anonfun$handleTaskSetFailed$1(DAGScheduler.scala:1211)
[2024-10-25T12:52:48.775+0000] {spark_submit.py:579} INFO - at org.apache.spark.scheduler.DAGScheduler.$anonfun$handleTaskSetFailed$1$adapted(DAGScheduler.scala:1211)
[2024-10-25T12:52:48.775+0000] {spark_submit.py:579} INFO - at scala.Option.foreach(Option.scala:407)
[2024-10-25T12:52:48.776+0000] {spark_submit.py:579} INFO - at org.apache.spark.scheduler.DAGScheduler.handleTaskSetFailed(DAGScheduler.scala:1211)
[2024-10-25T12:52:48.776+0000] {spark_submit.py:579} INFO - at org.apache.spark.scheduler.DAGSchedulerEventProcessLoop.doOnReceive(DAGScheduler.scala:2989)
[2024-10-25T12:52:48.777+0000] {spark_submit.py:579} INFO - at org.apache.spark.scheduler.DAGSchedulerEventProcessLoop.onReceive(DAGScheduler.scala:2928)
[2024-10-25T12:52:48.777+0000] {spark_submit.py:579} INFO - at org.apache.spark.scheduler.DAGSchedulerEventProcessLoop.onReceive(DAGScheduler.scala:2917)
[2024-10-25T12:52:48.778+0000] {spark_submit.py:579} INFO - at org.apache.spark.util.EventLoop$$anon$1.run(EventLoop.scala:49)
[2024-10-25T12:52:48.779+0000] {spark_submit.py:579} INFO - at org.apache.spark.scheduler.DAGScheduler.runJob(DAGScheduler.scala:976)
[2024-10-25T12:52:48.779+0000] {spark_submit.py:579} INFO - at org.apache.spark.SparkContext.runJob(SparkContext.scala:2263)
[2024-10-25T12:52:48.779+0000] {spark_submit.py:579} INFO - at org.apache.spark.SparkContext.runJob(SparkContext.scala:2284)
[2024-10-25T12:52:48.780+0000] {spark_submit.py:579} INFO - at org.apache.spark.SparkContext.runJob(SparkContext.scala:2303)
[2024-10-25T12:52:48.780+0000] {spark_submit.py:579} INFO - at org.apache.spark.api.python.PythonRDD$.runJob(PythonRDD.scala:179)
[2024-10-25T12:52:48.781+0000] {spark_submit.py:579} INFO - at org.apache.spark.api.python.PythonRDD.runJob(PythonRDD.scala)
[2024-10-25T12:52:48.781+0000] {spark_submit.py:579} INFO - at java.base/jdk.internal.reflect.NativeMethodAccessorImpl.invoke0(Native Method)
[2024-10-25T12:52:48.782+0000] {spark_submit.py:579} INFO - at java.base/jdk.internal.reflect.NativeMethodAccessorImpl.invoke(NativeMethodAccessorImpl.java:62)
[2024-10-25T12:52:48.782+0000] {spark_submit.py:579} INFO - at java.base/jdk.internal.reflect.DelegatingMethodAccessorImpl.invoke(DelegatingMethodAccessorImpl.java:43)
[2024-10-25T12:52:48.782+0000] {spark_submit.py:579} INFO - at java.base/java.lang.reflect.Method.invoke(Method.java:566)
[2024-10-25T12:52:48.783+0000] {spark_submit.py:579} INFO - at py4j.reflection.MethodInvoker.invoke(MethodInvoker.java:244)
[2024-10-25T12:52:48.783+0000] {spark_submit.py:579} INFO - at py4j.reflection.ReflectionEngine.invoke(ReflectionEngine.java:374)
[2024-10-25T12:52:48.783+0000] {spark_submit.py:579} INFO - at py4j.Gateway.invoke(Gateway.java:282)
[2024-10-25T12:52:48.784+0000] {spark_submit.py:579} INFO - at py4j.commands.AbstractCommand.invokeMethod(AbstractCommand.java:132)
[2024-10-25T12:52:48.784+0000] {spark_submit.py:579} INFO - at py4j.commands.CallCommand.execute(CallCommand.java:79)
[2024-10-25T12:52:48.784+0000] {spark_submit.py:579} INFO - at py4j.ClientServerConnection.waitForCommands(ClientServerConnection.java:182)
[2024-10-25T12:52:48.785+0000] {spark_submit.py:579} INFO - at py4j.ClientServerConnection.run(ClientServerConnection.java:106)
[2024-10-25T12:52:48.786+0000] {spark_submit.py:579} INFO - at java.base/java.lang.Thread.run(Thread.java:829)
[2024-10-25T12:52:48.786+0000] {spark_submit.py:579} INFO - Caused by: org.apache.spark.api.python.PythonException: Traceback (most recent call last):
[2024-10-25T12:52:48.787+0000] {spark_submit.py:579} INFO - File "/opt/bitnami/spark/python/lib/pyspark.zip/pyspark/worker.py", line 683, in main
[2024-10-25T12:52:48.787+0000] {spark_submit.py:579} INFO - raise RuntimeError(
[2024-10-25T12:52:48.788+0000] {spark_submit.py:579} INFO - RuntimeError: Python in worker has different version 3.12 than that in driver 3.11, PySpark cannot run with different minor versions. Please check environment variables PYSPARK_PYTHON and PYSPARK_DRIVER_PYTHON are correctly set.
[2024-10-25T12:52:48.789+0000] {spark_submit.py:579} INFO - 
[2024-10-25T12:52:48.789+0000] {spark_submit.py:579} INFO - at org.apache.spark.api.python.BasePythonRunner$ReaderIterator.handlePythonException(PythonRunner.scala:561)
[2024-10-25T12:52:48.790+0000] {spark_submit.py:579} INFO - at org.apache.spark.api.python.PythonRunner$$anon$3.read(PythonRunner.scala:767)
[2024-10-25T12:52:48.790+0000] {spark_submit.py:579} INFO - at org.apache.spark.api.python.PythonRunner$$anon$3.read(PythonRunner.scala:749)
[2024-10-25T12:52:48.790+0000] {spark_submit.py:579} INFO - at org.apache.spark.api.python.BasePythonRunner$ReaderIterator.hasNext(PythonRunner.scala:514)
[2024-10-25T12:52:48.791+0000] {spark_submit.py:579} INFO - at org.apache.spark.InterruptibleIterator.hasNext(InterruptibleIterator.scala:37)
[2024-10-25T12:52:48.791+0000] {spark_submit.py:579} INFO - at scala.collection.Iterator.foreach(Iterator.scala:943)
[2024-10-25T12:52:48.792+0000] {spark_submit.py:579} INFO - at scala.collection.Iterator.foreach$(Iterator.scala:943)
[2024-10-25T12:52:48.792+0000] {spark_submit.py:579} INFO - at org.apache.spark.InterruptibleIterator.foreach(InterruptibleIterator.scala:28)
[2024-10-25T12:52:48.792+0000] {spark_submit.py:579} INFO - at scala.collection.generic.Growable.$plus$plus$eq(Growable.scala:62)
[2024-10-25T12:52:48.793+0000] {spark_submit.py:579} INFO - at scala.collection.generic.Growable.$plus$plus$eq$(Growable.scala:53)
[2024-10-25T12:52:48.793+0000] {spark_submit.py:579} INFO - at scala.collection.mutable.ArrayBuffer.$plus$plus$eq(ArrayBuffer.scala:105)
[2024-10-25T12:52:48.793+0000] {spark_submit.py:579} INFO - at scala.collection.mutable.ArrayBuffer.$plus$plus$eq(ArrayBuffer.scala:49)
[2024-10-25T12:52:48.793+0000] {spark_submit.py:579} INFO - at scala.collection.TraversableOnce.to(TraversableOnce.scala:366)
[2024-10-25T12:52:48.794+0000] {spark_submit.py:579} INFO - at scala.collection.TraversableOnce.to$(TraversableOnce.scala:364)
[2024-10-25T12:52:48.794+0000] {spark_submit.py:579} INFO - at org.apache.spark.InterruptibleIterator.to(InterruptibleIterator.scala:28)
[2024-10-25T12:52:48.795+0000] {spark_submit.py:579} INFO - at scala.collection.TraversableOnce.toBuffer(TraversableOnce.scala:358)
[2024-10-25T12:52:48.795+0000] {spark_submit.py:579} INFO - at scala.collection.TraversableOnce.toBuffer$(TraversableOnce.scala:358)
[2024-10-25T12:52:48.795+0000] {spark_submit.py:579} INFO - at org.apache.spark.InterruptibleIterator.toBuffer(InterruptibleIterator.scala:28)
[2024-10-25T12:52:48.795+0000] {spark_submit.py:579} INFO - at scala.collection.TraversableOnce.toArray(TraversableOnce.scala:345)
[2024-10-25T12:52:48.796+0000] {spark_submit.py:579} INFO - at scala.collection.TraversableOnce.toArray$(TraversableOnce.scala:339)
[2024-10-25T12:52:48.796+0000] {spark_submit.py:579} INFO - at org.apache.spark.InterruptibleIterator.toArray(InterruptibleIterator.scala:28)
[2024-10-25T12:52:48.797+0000] {spark_submit.py:579} INFO - at org.apache.spark.api.python.PythonRDD$.$anonfun$runJob$1(PythonRDD.scala:179)
[2024-10-25T12:52:48.797+0000] {spark_submit.py:579} INFO - at org.apache.spark.SparkContext.$anonfun$runJob$5(SparkContext.scala:2303)
[2024-10-25T12:52:48.798+0000] {spark_submit.py:579} INFO - at org.apache.spark.scheduler.ResultTask.runTask(ResultTask.scala:92)
[2024-10-25T12:52:48.798+0000] {spark_submit.py:579} INFO - at org.apache.spark.TaskContext.runTaskWithListeners(TaskContext.scala:161)
[2024-10-25T12:52:48.799+0000] {spark_submit.py:579} INFO - at org.apache.spark.scheduler.Task.run(Task.scala:139)
[2024-10-25T12:52:48.800+0000] {spark_submit.py:579} INFO - at org.apache.spark.executor.Executor$TaskRunner.$anonfun$run$3(Executor.scala:554)
[2024-10-25T12:52:48.800+0000] {spark_submit.py:579} INFO - at org.apache.spark.util.Utils$.tryWithSafeFinally(Utils.scala:1529)
[2024-10-25T12:52:48.801+0000] {spark_submit.py:579} INFO - at org.apache.spark.executor.Executor$TaskRunner.run(Executor.scala:557)
[2024-10-25T12:52:48.802+0000] {spark_submit.py:579} INFO - at java.base/java.util.concurrent.ThreadPoolExecutor.runWorker(ThreadPoolExecutor.java:1136)
[2024-10-25T12:52:48.802+0000] {spark_submit.py:579} INFO - at java.base/java.util.concurrent.ThreadPoolExecutor$Worker.run(ThreadPoolExecutor.java:635)
[2024-10-25T12:52:48.803+0000] {spark_submit.py:579} INFO - at java.base/java.lang.Thread.run(Thread.java:840)
[2024-10-25T12:52:48.804+0000] {spark_submit.py:579} INFO - 
[2024-10-25T12:52:48.805+0000] {spark_submit.py:579} INFO - 
[2024-10-25T12:52:48.805+0000] {spark_submit.py:579} INFO - 24/10/25 12:52:48 INFO SparkContext: SparkContext is stopping with exitCode 0.
[2024-10-25T12:52:48.806+0000] {spark_submit.py:579} INFO - 24/10/25 12:52:48 INFO SparkUI: Stopped Spark web UI at http://84076e7a47fe:4040
[2024-10-25T12:52:48.807+0000] {spark_submit.py:579} INFO - 24/10/25 12:52:48 INFO StandaloneSchedulerBackend: Shutting down all executors
[2024-10-25T12:52:48.807+0000] {spark_submit.py:579} INFO - 24/10/25 12:52:48 INFO StandaloneSchedulerBackend$StandaloneDriverEndpoint: Asking each executor to shut down
[2024-10-25T12:52:48.808+0000] {spark_submit.py:579} INFO - 24/10/25 12:52:48 INFO MapOutputTrackerMasterEndpoint: MapOutputTrackerMasterEndpoint stopped!
[2024-10-25T12:52:48.809+0000] {spark_submit.py:579} INFO - 24/10/25 12:52:48 INFO MemoryStore: MemoryStore cleared
[2024-10-25T12:52:48.810+0000] {spark_submit.py:579} INFO - 24/10/25 12:52:48 INFO BlockManager: BlockManager stopped
[2024-10-25T12:52:48.810+0000] {spark_submit.py:579} INFO - 24/10/25 12:52:48 INFO BlockManagerMaster: BlockManagerMaster stopped
[2024-10-25T12:52:48.811+0000] {spark_submit.py:579} INFO - 24/10/25 12:52:48 INFO OutputCommitCoordinator$OutputCommitCoordinatorEndpoint: OutputCommitCoordinator stopped!
[2024-10-25T12:52:48.863+0000] {spark_submit.py:579} INFO - 24/10/25 12:52:48 INFO SparkContext: Successfully stopped SparkContext
[2024-10-25T12:52:49.025+0000] {spark_submit.py:579} INFO - 2024-10-25 12:52:49,025 INFO: Closing down clientserver connection
[2024-10-25T12:52:49.149+0000] {spark_submit.py:579} INFO - 24/10/25 12:52:49 INFO ShutdownHookManager: Shutdown hook called
[2024-10-25T12:52:49.150+0000] {spark_submit.py:579} INFO - 24/10/25 12:52:49 INFO ShutdownHookManager: Deleting directory /tmp/spark-78b3b84d-3ba6-4506-9e28-a790cc41e194/pyspark-c12ce6a5-5da3-4777-a0b4-170209b92fd1
[2024-10-25T12:52:49.155+0000] {spark_submit.py:579} INFO - 24/10/25 12:52:49 INFO ShutdownHookManager: Deleting directory /tmp/spark-c43ec275-9a8d-45c6-a8df-fee3161037a2
[2024-10-25T12:52:49.160+0000] {spark_submit.py:579} INFO - 24/10/25 12:52:49 INFO ShutdownHookManager: Deleting directory /tmp/spark-78b3b84d-3ba6-4506-9e28-a790cc41e194
[2024-10-25T12:52:49.169+0000] {spark_submit.py:579} INFO - 24/10/25 12:52:49 INFO MetricsSystemImpl: Stopping s3a-file-system metrics system...
[2024-10-25T12:52:49.169+0000] {spark_submit.py:579} INFO - 24/10/25 12:52:49 INFO MetricsSystemImpl: s3a-file-system metrics system stopped.
[2024-10-25T12:52:49.170+0000] {spark_submit.py:579} INFO - 24/10/25 12:52:49 INFO MetricsSystemImpl: s3a-file-system metrics system shutdown complete.
[2024-10-25T12:52:49.251+0000] {taskinstance.py:1935} ERROR - Task failed with exception
Traceback (most recent call last):
  File "/home/airflow/.local/lib/python3.11/site-packages/airflow/providers/apache/spark/operators/spark_submit.py", line 174, in execute
    self._hook.submit(self.application)
  File "/home/airflow/.local/lib/python3.11/site-packages/airflow/providers/apache/spark/hooks/spark_submit.py", line 505, in submit
    raise AirflowException(
airflow.exceptions.AirflowException: Cannot execute: spark-submit --master spark://spark-master:7077 --conf spark.sql.extensions=io.delta.sql.DeltaSparkSessionExtension --conf spark.sql.catalog.spark_catalog=org.apache.spark.sql.delta.catalog.DeltaCatalog --jars /opt/***/jars/hadoop-aws-3.3.4.jar,/opt/***/jars/s3-2.18.41.jar,/opt/***/jars/aws-java-sdk-1.12.367.jar,/opt/***/jars/delta-core_2.12-2.4.0.jar,/opt/***/jars/delta-storage-2.2.0.jar, --packages org.apache.hadoop:hadoop-aws:3.3.4 --num-executors 2 --total-executor-cores 2 --executor-cores 2 --executor-memory 2g --driver-memory 1g --name arrow-spark --deploy-mode client /opt/***/jobs/python/test_Credit.py s3a://lakehouse/bronze/credits.parquet s3a://lakehouse/sliver/credit. Error code is: 1.
[2024-10-25T12:52:49.254+0000] {taskinstance.py:1398} INFO - Marking task as FAILED. dag_id=task_credits_clean, task_id=credits_cleaned, execution_date=20241025T124720, start_date=20241025T125227, end_date=20241025T125249
[2024-10-25T12:52:49.255+0000] {credits_test.py:15} ERROR - Task task_credits_clean__credits_cleaned__20241025 failed.
[2024-10-25T12:52:49.267+0000] {standard_task_runner.py:104} ERROR - Failed to execute job 170 for task credits_cleaned (Cannot execute: spark-submit --master spark://spark-master:7077 --conf spark.sql.extensions=io.delta.sql.DeltaSparkSessionExtension --conf spark.sql.catalog.spark_catalog=org.apache.spark.sql.delta.catalog.DeltaCatalog --jars /opt/***/jars/hadoop-aws-3.3.4.jar,/opt/***/jars/s3-2.18.41.jar,/opt/***/jars/aws-java-sdk-1.12.367.jar,/opt/***/jars/delta-core_2.12-2.4.0.jar,/opt/***/jars/delta-storage-2.2.0.jar, --packages org.apache.hadoop:hadoop-aws:3.3.4 --num-executors 2 --total-executor-cores 2 --executor-cores 2 --executor-memory 2g --driver-memory 1g --name arrow-spark --deploy-mode client /opt/***/jobs/python/test_Credit.py s3a://lakehouse/bronze/credits.parquet s3a://lakehouse/sliver/credit. Error code is: 1.; 9570)
[2024-10-25T12:52:49.298+0000] {local_task_job_runner.py:228} INFO - Task exited with return code 1
[2024-10-25T12:52:49.312+0000] {taskinstance.py:2776} INFO - 0 downstream tasks scheduled from follow-on schedule check
