[2024-10-05T06:35:05.381+0000] {taskinstance.py:1157} INFO - Dependencies all met for dep_context=non-requeueable deps ti=<TaskInstance: spark_processing_dag.silver_cleaned_keywords manual__2024-10-05T06:30:00.567094+00:00 [queued]>
[2024-10-05T06:35:05.389+0000] {taskinstance.py:1157} INFO - Dependencies all met for dep_context=requeueable deps ti=<TaskInstance: spark_processing_dag.silver_cleaned_keywords manual__2024-10-05T06:30:00.567094+00:00 [queued]>
[2024-10-05T06:35:05.389+0000] {taskinstance.py:1359} INFO - Starting attempt 2 of 2
[2024-10-05T06:35:05.400+0000] {taskinstance.py:1380} INFO - Executing <Task(SparkSubmitOperator): silver_cleaned_keywords> on 2024-10-05 06:30:00.567094+00:00
[2024-10-05T06:35:05.404+0000] {standard_task_runner.py:57} INFO - Started process 1141 to run task
[2024-10-05T06:35:05.407+0000] {standard_task_runner.py:84} INFO - Running: ['***', 'tasks', 'run', 'spark_processing_dag', 'silver_cleaned_keywords', 'manual__2024-10-05T06:30:00.567094+00:00', '--job-id', '148', '--raw', '--subdir', 'DAGS_FOLDER/sliver_layer.py', '--cfg-path', '/tmp/tmpazzn_9vo']
[2024-10-05T06:35:05.410+0000] {standard_task_runner.py:85} INFO - Job 148: Subtask silver_cleaned_keywords
[2024-10-05T06:35:05.452+0000] {task_command.py:415} INFO - Running <TaskInstance: spark_processing_dag.silver_cleaned_keywords manual__2024-10-05T06:30:00.567094+00:00 [running]> on host 5d09c913dd59
[2024-10-05T06:35:05.512+0000] {taskinstance.py:1660} INFO - Exporting env vars: AIRFLOW_CTX_DAG_OWNER='***' AIRFLOW_CTX_DAG_ID='spark_processing_dag' AIRFLOW_CTX_TASK_ID='silver_cleaned_keywords' AIRFLOW_CTX_EXECUTION_DATE='2024-10-05T06:30:00.567094+00:00' AIRFLOW_CTX_TRY_NUMBER='2' AIRFLOW_CTX_DAG_RUN_ID='manual__2024-10-05T06:30:00.567094+00:00'
[2024-10-05T06:35:05.521+0000] {base.py:73} INFO - Using connection ID 'spark-conn' for task execution.
[2024-10-05T06:35:05.523+0000] {spark_submit.py:403} INFO - Spark-Submit cmd: spark-submit --master spark://spark-master:7077 --conf spark.sql.extensions=io.delta.sql.DeltaSparkSessionExtension --conf spark.sql.catalog.spark_catalog=org.apache.spark.sql.delta.catalog.DeltaCatalog --conf spark.delta.logStore.class=org.apache.spark.sql.delta.storage.S3SingleDriverLogStore --jars /opt/***/jars/hadoop-aws-3.3.4.jar,/opt/***/jars/s3-2.18.41.jar,/opt/***/jars/aws-java-sdk-1.12.367.jar,/opt/***/jars/delta-core_2.12-2.4.0.jar,/opt/***/jars/delta-storage-2.2.0.jar --packages org.apache.hadoop:hadoop-aws:3.3.4 --num-executors 2 --total-executor-cores 2 --executor-cores 2 --executor-memory 2g --driver-memory 1g --name arrow-spark --deploy-mode client /opt/***/jobs/python/test_Key.py s3a://lakehouse/bronze/keywords.parquet s3a://lakehouse/silver
[2024-10-05T06:35:05.591+0000] {spark_submit.py:579} INFO - /home/***/.local/lib/python3.11/site-packages/pyspark/bin/load-spark-env.sh: line 68: ps: command not found
[2024-10-05T06:35:06.894+0000] {spark_submit.py:579} INFO - :: loading settings :: url = jar:file:/home/***/.local/lib/python3.11/site-packages/pyspark/jars/ivy-2.5.1.jar!/org/apache/ivy/core/settings/ivysettings.xml
[2024-10-05T06:35:06.986+0000] {spark_submit.py:579} INFO - Ivy Default Cache set to: /home/***/.ivy2/cache
[2024-10-05T06:35:06.987+0000] {spark_submit.py:579} INFO - The jars for the packages stored in: /home/***/.ivy2/jars
[2024-10-05T06:35:06.993+0000] {spark_submit.py:579} INFO - org.apache.hadoop#hadoop-aws added as a dependency
[2024-10-05T06:35:06.995+0000] {spark_submit.py:579} INFO - :: resolving dependencies :: org.apache.spark#spark-submit-parent-44fcaa21-76db-4efd-9bb3-5512496b27fb;1.0
[2024-10-05T06:35:06.995+0000] {spark_submit.py:579} INFO - confs: [default]
[2024-10-05T06:35:07.124+0000] {spark_submit.py:579} INFO - found org.apache.hadoop#hadoop-aws;3.3.4 in central
[2024-10-05T06:35:07.144+0000] {spark_submit.py:579} INFO - found com.amazonaws#aws-java-sdk-bundle;1.12.262 in central
[2024-10-05T06:35:07.161+0000] {spark_submit.py:579} INFO - found org.wildfly.openssl#wildfly-openssl;1.0.7.Final in central
[2024-10-05T06:35:07.178+0000] {spark_submit.py:579} INFO - :: resolution report :: resolve 177ms :: artifacts dl 6ms
[2024-10-05T06:35:07.178+0000] {spark_submit.py:579} INFO - :: modules in use:
[2024-10-05T06:35:07.179+0000] {spark_submit.py:579} INFO - com.amazonaws#aws-java-sdk-bundle;1.12.262 from central in [default]
[2024-10-05T06:35:07.179+0000] {spark_submit.py:579} INFO - org.apache.hadoop#hadoop-aws;3.3.4 from central in [default]
[2024-10-05T06:35:07.179+0000] {spark_submit.py:579} INFO - org.wildfly.openssl#wildfly-openssl;1.0.7.Final from central in [default]
[2024-10-05T06:35:07.179+0000] {spark_submit.py:579} INFO - ---------------------------------------------------------------------
[2024-10-05T06:35:07.180+0000] {spark_submit.py:579} INFO - |                  |            modules            ||   artifacts   |
[2024-10-05T06:35:07.180+0000] {spark_submit.py:579} INFO - |       conf       | number| search|dwnlded|evicted|| number|dwnlded|
[2024-10-05T06:35:07.180+0000] {spark_submit.py:579} INFO - ---------------------------------------------------------------------
[2024-10-05T06:35:07.180+0000] {spark_submit.py:579} INFO - |      default     |   3   |   0   |   0   |   0   ||   3   |   0   |
[2024-10-05T06:35:07.180+0000] {spark_submit.py:579} INFO - ---------------------------------------------------------------------
[2024-10-05T06:35:07.183+0000] {spark_submit.py:579} INFO - :: retrieving :: org.apache.spark#spark-submit-parent-44fcaa21-76db-4efd-9bb3-5512496b27fb
[2024-10-05T06:35:07.184+0000] {spark_submit.py:579} INFO - confs: [default]
[2024-10-05T06:35:07.189+0000] {spark_submit.py:579} INFO - 0 artifacts copied, 3 already retrieved (0kB/6ms)
[2024-10-05T06:35:07.409+0000] {spark_submit.py:579} INFO - 24/10/05 06:35:07 WARN NativeCodeLoader: Unable to load native-hadoop library for your platform... using builtin-java classes where applicable
[2024-10-05T06:35:08.740+0000] {spark_submit.py:579} INFO - 24/10/05 06:35:08 INFO SparkContext: Running Spark version 3.5.1
[2024-10-05T06:35:08.741+0000] {spark_submit.py:579} INFO - 24/10/05 06:35:08 INFO SparkContext: OS info Linux, 5.15.153.1-microsoft-standard-WSL2, amd64
[2024-10-05T06:35:08.742+0000] {spark_submit.py:579} INFO - 24/10/05 06:35:08 INFO SparkContext: Java version 11.0.24
[2024-10-05T06:35:08.765+0000] {spark_submit.py:579} INFO - 24/10/05 06:35:08 INFO ResourceUtils: ==============================================================
[2024-10-05T06:35:08.766+0000] {spark_submit.py:579} INFO - 24/10/05 06:35:08 INFO ResourceUtils: No custom resources configured for spark.driver.
[2024-10-05T06:35:08.767+0000] {spark_submit.py:579} INFO - 24/10/05 06:35:08 INFO ResourceUtils: ==============================================================
[2024-10-05T06:35:08.767+0000] {spark_submit.py:579} INFO - 24/10/05 06:35:08 INFO SparkContext: Submitted application: CleanKeywords
[2024-10-05T06:35:08.789+0000] {spark_submit.py:579} INFO - 24/10/05 06:35:08 INFO ResourceProfile: Default ResourceProfile created, executor resources: Map(cores -> name: cores, amount: 2, script: , vendor: , memory -> name: memory, amount: 2048, script: , vendor: , offHeap -> name: offHeap, amount: 0, script: , vendor: ), task resources: Map(cpus -> name: cpus, amount: 1.0)
[2024-10-05T06:35:08.801+0000] {spark_submit.py:579} INFO - 24/10/05 06:35:08 INFO ResourceProfile: Limiting resource is cpus at 2 tasks per executor
[2024-10-05T06:35:08.804+0000] {spark_submit.py:579} INFO - 24/10/05 06:35:08 INFO ResourceProfileManager: Added ResourceProfile id: 0
[2024-10-05T06:35:08.852+0000] {spark_submit.py:579} INFO - 24/10/05 06:35:08 INFO SecurityManager: Changing view acls to: ***
[2024-10-05T06:35:08.853+0000] {spark_submit.py:579} INFO - 24/10/05 06:35:08 INFO SecurityManager: Changing modify acls to: ***
[2024-10-05T06:35:08.853+0000] {spark_submit.py:579} INFO - 24/10/05 06:35:08 INFO SecurityManager: Changing view acls groups to:
[2024-10-05T06:35:08.854+0000] {spark_submit.py:579} INFO - 24/10/05 06:35:08 INFO SecurityManager: Changing modify acls groups to:
[2024-10-05T06:35:08.854+0000] {spark_submit.py:579} INFO - 24/10/05 06:35:08 INFO SecurityManager: SecurityManager: authentication disabled; ui acls disabled; users with view permissions: ***; groups with view permissions: EMPTY; users with modify permissions: ***; groups with modify permissions: EMPTY
[2024-10-05T06:35:09.076+0000] {spark_submit.py:579} INFO - 24/10/05 06:35:09 INFO Utils: Successfully started service 'sparkDriver' on port 42379.
[2024-10-05T06:35:09.109+0000] {spark_submit.py:579} INFO - 24/10/05 06:35:09 INFO SparkEnv: Registering MapOutputTracker
[2024-10-05T06:35:09.145+0000] {spark_submit.py:579} INFO - 24/10/05 06:35:09 INFO SparkEnv: Registering BlockManagerMaster
[2024-10-05T06:35:09.160+0000] {spark_submit.py:579} INFO - 24/10/05 06:35:09 INFO BlockManagerMasterEndpoint: Using org.apache.spark.storage.DefaultTopologyMapper for getting topology information
[2024-10-05T06:35:09.161+0000] {spark_submit.py:579} INFO - 24/10/05 06:35:09 INFO BlockManagerMasterEndpoint: BlockManagerMasterEndpoint up
[2024-10-05T06:35:09.165+0000] {spark_submit.py:579} INFO - 24/10/05 06:35:09 INFO SparkEnv: Registering BlockManagerMasterHeartbeat
[2024-10-05T06:35:09.182+0000] {spark_submit.py:579} INFO - 24/10/05 06:35:09 INFO DiskBlockManager: Created local directory at /tmp/blockmgr-4027bc0a-6a5a-4a91-8751-e1f019532454
[2024-10-05T06:35:09.194+0000] {spark_submit.py:579} INFO - 24/10/05 06:35:09 INFO MemoryStore: MemoryStore started with capacity 434.4 MiB
[2024-10-05T06:35:09.209+0000] {spark_submit.py:579} INFO - 24/10/05 06:35:09 INFO SparkEnv: Registering OutputCommitCoordinator
[2024-10-05T06:35:09.321+0000] {spark_submit.py:579} INFO - 24/10/05 06:35:09 INFO JettyUtils: Start Jetty 0.0.0.0:4040 for SparkUI
[2024-10-05T06:35:09.370+0000] {spark_submit.py:579} INFO - 24/10/05 06:35:09 INFO Utils: Successfully started service 'SparkUI' on port 4040.
[2024-10-05T06:35:09.405+0000] {spark_submit.py:579} INFO - 24/10/05 06:35:09 INFO SparkContext: Added JAR file:///opt/***/jars/hadoop-aws-3.3.4.jar at spark://5d09c913dd59:42379/jars/hadoop-aws-3.3.4.jar with timestamp 1728110108729
[2024-10-05T06:35:09.407+0000] {spark_submit.py:579} INFO - 24/10/05 06:35:09 INFO SparkContext: Added JAR file:///opt/***/jars/s3-2.18.41.jar at spark://5d09c913dd59:42379/jars/s3-2.18.41.jar with timestamp 1728110108729
[2024-10-05T06:35:09.408+0000] {spark_submit.py:579} INFO - 24/10/05 06:35:09 INFO SparkContext: Added JAR file:///opt/***/jars/aws-java-sdk-1.12.367.jar at spark://5d09c913dd59:42379/jars/aws-java-sdk-1.12.367.jar with timestamp 1728110108729
[2024-10-05T06:35:09.410+0000] {spark_submit.py:579} INFO - 24/10/05 06:35:09 INFO SparkContext: Added JAR file:///opt/***/jars/delta-core_2.12-2.4.0.jar at spark://5d09c913dd59:42379/jars/delta-core_2.12-2.4.0.jar with timestamp 1728110108729
[2024-10-05T06:35:09.411+0000] {spark_submit.py:579} INFO - 24/10/05 06:35:09 INFO SparkContext: Added JAR file:///opt/***/jars/delta-storage-2.2.0.jar at spark://5d09c913dd59:42379/jars/delta-storage-2.2.0.jar with timestamp 1728110108729
[2024-10-05T06:35:09.411+0000] {spark_submit.py:579} INFO - 24/10/05 06:35:09 INFO SparkContext: Added JAR file:///home/***/.ivy2/jars/org.apache.hadoop_hadoop-aws-3.3.4.jar at spark://5d09c913dd59:42379/jars/org.apache.hadoop_hadoop-aws-3.3.4.jar with timestamp 1728110108729
[2024-10-05T06:35:09.412+0000] {spark_submit.py:579} INFO - 24/10/05 06:35:09 INFO SparkContext: Added JAR file:///home/***/.ivy2/jars/com.amazonaws_aws-java-sdk-bundle-1.12.262.jar at spark://5d09c913dd59:42379/jars/com.amazonaws_aws-java-sdk-bundle-1.12.262.jar with timestamp 1728110108729
[2024-10-05T06:35:09.412+0000] {spark_submit.py:579} INFO - 24/10/05 06:35:09 INFO SparkContext: Added JAR file:///home/***/.ivy2/jars/org.wildfly.openssl_wildfly-openssl-1.0.7.Final.jar at spark://5d09c913dd59:42379/jars/org.wildfly.openssl_wildfly-openssl-1.0.7.Final.jar with timestamp 1728110108729
[2024-10-05T06:35:09.415+0000] {spark_submit.py:579} INFO - 24/10/05 06:35:09 INFO SparkContext: Added file file:///home/***/.ivy2/jars/org.apache.hadoop_hadoop-aws-3.3.4.jar at spark://5d09c913dd59:42379/files/org.apache.hadoop_hadoop-aws-3.3.4.jar with timestamp 1728110108729
[2024-10-05T06:35:09.416+0000] {spark_submit.py:579} INFO - 24/10/05 06:35:09 INFO Utils: Copying /home/***/.ivy2/jars/org.apache.hadoop_hadoop-aws-3.3.4.jar to /tmp/spark-a81975bc-e88e-4c64-9c8d-464424841318/userFiles-2037cdae-f659-465a-9edf-3ff57db4dbc6/org.apache.hadoop_hadoop-aws-3.3.4.jar
[2024-10-05T06:35:09.426+0000] {spark_submit.py:579} INFO - 24/10/05 06:35:09 INFO SparkContext: Added file file:///home/***/.ivy2/jars/com.amazonaws_aws-java-sdk-bundle-1.12.262.jar at spark://5d09c913dd59:42379/files/com.amazonaws_aws-java-sdk-bundle-1.12.262.jar with timestamp 1728110108729
[2024-10-05T06:35:09.427+0000] {spark_submit.py:579} INFO - 24/10/05 06:35:09 INFO Utils: Copying /home/***/.ivy2/jars/com.amazonaws_aws-java-sdk-bundle-1.12.262.jar to /tmp/spark-a81975bc-e88e-4c64-9c8d-464424841318/userFiles-2037cdae-f659-465a-9edf-3ff57db4dbc6/com.amazonaws_aws-java-sdk-bundle-1.12.262.jar
[2024-10-05T06:35:09.660+0000] {spark_submit.py:579} INFO - 24/10/05 06:35:09 INFO SparkContext: Added file file:///home/***/.ivy2/jars/org.wildfly.openssl_wildfly-openssl-1.0.7.Final.jar at spark://5d09c913dd59:42379/files/org.wildfly.openssl_wildfly-openssl-1.0.7.Final.jar with timestamp 1728110108729
[2024-10-05T06:35:09.661+0000] {spark_submit.py:579} INFO - 24/10/05 06:35:09 INFO Utils: Copying /home/***/.ivy2/jars/org.wildfly.openssl_wildfly-openssl-1.0.7.Final.jar to /tmp/spark-a81975bc-e88e-4c64-9c8d-464424841318/userFiles-2037cdae-f659-465a-9edf-3ff57db4dbc6/org.wildfly.openssl_wildfly-openssl-1.0.7.Final.jar
[2024-10-05T06:35:09.760+0000] {spark_submit.py:579} INFO - 24/10/05 06:35:09 INFO StandaloneAppClient$ClientEndpoint: Connecting to master spark://spark-master:7077...
[2024-10-05T06:35:09.808+0000] {spark_submit.py:579} INFO - 24/10/05 06:35:09 INFO TransportClientFactory: Successfully created connection to spark-master/172.20.0.4:7077 after 25 ms (0 ms spent in bootstraps)
[2024-10-05T06:35:09.903+0000] {spark_submit.py:579} INFO - 24/10/05 06:35:09 INFO StandaloneSchedulerBackend: Connected to Spark cluster with app ID app-20241005063509-0001
[2024-10-05T06:35:09.905+0000] {spark_submit.py:579} INFO - 24/10/05 06:35:09 INFO StandaloneAppClient$ClientEndpoint: Executor added: app-20241005063509-0001/0 on worker-20241005061807-172.20.0.7-36081 (172.20.0.7:36081) with 2 core(s)
[2024-10-05T06:35:09.907+0000] {spark_submit.py:579} INFO - 24/10/05 06:35:09 INFO StandaloneSchedulerBackend: Granted executor ID app-20241005063509-0001/0 on hostPort 172.20.0.7:36081 with 2 core(s), 2.0 GiB RAM
[2024-10-05T06:35:09.916+0000] {spark_submit.py:579} INFO - 24/10/05 06:35:09 INFO Utils: Successfully started service 'org.apache.spark.network.netty.NettyBlockTransferService' on port 40557.
[2024-10-05T06:35:09.917+0000] {spark_submit.py:579} INFO - 24/10/05 06:35:09 INFO NettyBlockTransferService: Server created on 5d09c913dd59:40557
[2024-10-05T06:35:09.919+0000] {spark_submit.py:579} INFO - 24/10/05 06:35:09 INFO BlockManager: Using org.apache.spark.storage.RandomBlockReplicationPolicy for block replication policy
[2024-10-05T06:35:09.925+0000] {spark_submit.py:579} INFO - 24/10/05 06:35:09 INFO BlockManagerMaster: Registering BlockManager BlockManagerId(driver, 5d09c913dd59, 40557, None)
[2024-10-05T06:35:09.929+0000] {spark_submit.py:579} INFO - 24/10/05 06:35:09 INFO BlockManagerMasterEndpoint: Registering block manager 5d09c913dd59:40557 with 434.4 MiB RAM, BlockManagerId(driver, 5d09c913dd59, 40557, None)
[2024-10-05T06:35:09.932+0000] {spark_submit.py:579} INFO - 24/10/05 06:35:09 INFO BlockManagerMaster: Registered BlockManager BlockManagerId(driver, 5d09c913dd59, 40557, None)
[2024-10-05T06:35:09.934+0000] {spark_submit.py:579} INFO - 24/10/05 06:35:09 INFO BlockManager: Initialized BlockManager: BlockManagerId(driver, 5d09c913dd59, 40557, None)
[2024-10-05T06:35:09.974+0000] {spark_submit.py:579} INFO - 24/10/05 06:35:09 INFO StandaloneAppClient$ClientEndpoint: Executor updated: app-20241005063509-0001/0 is now RUNNING
[2024-10-05T06:35:10.233+0000] {spark_submit.py:579} INFO - 24/10/05 06:35:10 INFO StandaloneSchedulerBackend: SchedulerBackend is ready for scheduling beginning after reached minRegisteredResourcesRatio: 0.0
[2024-10-05T06:35:10.637+0000] {spark_submit.py:579} INFO - Reading data from s3a://lakehouse/bronze/keywords.parquet
[2024-10-05T06:35:10.651+0000] {spark_submit.py:579} INFO - 24/10/05 06:35:10 INFO SharedState: Setting hive.metastore.warehouse.dir ('null') to the value of spark.sql.warehouse.dir.
[2024-10-05T06:35:10.932+0000] {spark_submit.py:579} INFO - 24/10/05 06:35:10 WARN MetricsConfig: Cannot locate configuration: tried hadoop-metrics2-s3a-file-system.properties,hadoop-metrics2.properties
[2024-10-05T06:35:10.952+0000] {spark_submit.py:579} INFO - 24/10/05 06:35:10 INFO MetricsSystemImpl: Scheduled Metric snapshot period at 10 second(s).
[2024-10-05T06:35:10.953+0000] {spark_submit.py:579} INFO - 24/10/05 06:35:10 INFO MetricsSystemImpl: s3a-file-system metrics system started
[2024-10-05T06:35:12.014+0000] {spark_submit.py:579} INFO - 24/10/05 06:35:12 INFO SharedState: Warehouse path is 's3a://lakehouse/'.
[2024-10-05T06:35:12.581+0000] {spark_submit.py:579} INFO - 24/10/05 06:35:12 INFO StandaloneSchedulerBackend$StandaloneDriverEndpoint: Registered executor NettyRpcEndpointRef(spark-client://Executor) (172.20.0.7:40974) with ID 0,  ResourceProfileId 0
[2024-10-05T06:35:12.686+0000] {spark_submit.py:579} INFO - 24/10/05 06:35:12 INFO BlockManagerMasterEndpoint: Registering block manager 172.20.0.7:37229 with 1048.8 MiB RAM, BlockManagerId(0, 172.20.0.7, 37229, None)
[2024-10-05T06:35:13.576+0000] {spark_submit.py:579} INFO - 24/10/05 06:35:13 INFO InMemoryFileIndex: It took 81 ms to list leaf files for 1 paths.
[2024-10-05T06:35:15.129+0000] {spark_submit.py:579} INFO - Cleaning data...
[2024-10-05T06:35:15.224+0000] {spark_submit.py:579} INFO - Saving cleaned data to s3a://lakehouse/silver
[2024-10-05T06:35:15.993+0000] {spark_submit.py:579} INFO - 24/10/05 06:35:15 INFO DeltaLog: Creating initial snapshot without metadata, because the directory is empty
[2024-10-05T06:35:17.042+0000] {spark_submit.py:579} INFO - 24/10/05 06:35:17 INFO InitialSnapshot: [tableId=3116dca5-9c3a-460a-880b-79ccf6f86514] Created snapshot InitialSnapshot(path=s3a://lakehouse/silver/_delta_log, version=-1, metadata=Metadata(9b5e2e89-725b-44ad-8fc5-cc7051fc11cb,null,null,Format(parquet,Map()),null,List(),Map(),Some(1728110117029)), logSegment=LogSegment(s3a://lakehouse/silver/_delta_log,-1,List(),None,-1), checksumOpt=None)
[2024-10-05T06:35:17.183+0000] {spark_submit.py:579} INFO - 24/10/05 06:35:17 INFO DeltaLog: No delta log found for the Delta table at s3a://lakehouse/silver/_delta_log
[2024-10-05T06:35:17.184+0000] {spark_submit.py:579} INFO - 24/10/05 06:35:17 INFO InitialSnapshot: [tableId=9b5e2e89-725b-44ad-8fc5-cc7051fc11cb] Created snapshot InitialSnapshot(path=s3a://lakehouse/silver/_delta_log, version=-1, metadata=Metadata(a026733c-7c26-4984-a5f2-06705273dc25,null,null,Format(parquet,Map()),null,List(),Map(),Some(1728110117183)), logSegment=LogSegment(s3a://lakehouse/silver/_delta_log,-1,List(),None,-1), checksumOpt=None)
[2024-10-05T06:35:17.387+0000] {spark_submit.py:579} INFO - 24/10/05 06:35:17 INFO OptimisticTransaction: [tableId=a026733c,txnId=05e38360] Updated metadata from - to Metadata(e3c13870-2cd6-4546-91b2-e9e118a4fec1,null,null,Format(parquet,Map()),{"type":"struct","fields":[{"name":"id","type":"string","nullable":true,"metadata":{}},{"name":"keywords","type":"string","nullable":true,"metadata":{}}]},List(),Map(),Some(1728110117376))
[2024-10-05T06:35:17.439+0000] {spark_submit.py:579} INFO - Error during cleaning process: An error occurred while calling o71.save.
[2024-10-05T06:35:17.439+0000] {spark_submit.py:579} INFO - : java.lang.NoSuchMethodError: 'scala.collection.Seq org.apache.spark.sql.types.StructType.toAttributes()'
[2024-10-05T06:35:17.440+0000] {spark_submit.py:579} INFO - at org.apache.spark.sql.delta.files.TransactionalWrite.getStatsSchema(TransactionalWrite.scala:262)
[2024-10-05T06:35:17.440+0000] {spark_submit.py:579} INFO - at org.apache.spark.sql.delta.files.TransactionalWrite.getStatsSchema$(TransactionalWrite.scala:252)
[2024-10-05T06:35:17.440+0000] {spark_submit.py:579} INFO - at org.apache.spark.sql.delta.OptimisticTransaction.getStatsSchema(OptimisticTransaction.scala:137)
[2024-10-05T06:35:17.441+0000] {spark_submit.py:579} INFO - at org.apache.spark.sql.delta.files.TransactionalWrite.getOptionalStatsTrackerAndStatsCollection(TransactionalWrite.scala:294)
[2024-10-05T06:35:17.441+0000] {spark_submit.py:579} INFO - at org.apache.spark.sql.delta.files.TransactionalWrite.getOptionalStatsTrackerAndStatsCollection$(TransactionalWrite.scala:286)
[2024-10-05T06:35:17.441+0000] {spark_submit.py:579} INFO - at org.apache.spark.sql.delta.OptimisticTransaction.getOptionalStatsTrackerAndStatsCollection(OptimisticTransaction.scala:137)
[2024-10-05T06:35:17.442+0000] {spark_submit.py:579} INFO - at org.apache.spark.sql.delta.files.TransactionalWrite.writeFiles(TransactionalWrite.scala:352)
[2024-10-05T06:35:17.442+0000] {spark_submit.py:579} INFO - at org.apache.spark.sql.delta.files.TransactionalWrite.writeFiles$(TransactionalWrite.scala:332)
[2024-10-05T06:35:17.442+0000] {spark_submit.py:579} INFO - at org.apache.spark.sql.delta.OptimisticTransaction.writeFiles(OptimisticTransaction.scala:137)
[2024-10-05T06:35:17.442+0000] {spark_submit.py:579} INFO - at org.apache.spark.sql.delta.files.TransactionalWrite.writeFiles(TransactionalWrite.scala:214)
[2024-10-05T06:35:17.443+0000] {spark_submit.py:579} INFO - at org.apache.spark.sql.delta.files.TransactionalWrite.writeFiles$(TransactionalWrite.scala:211)
[2024-10-05T06:35:17.443+0000] {spark_submit.py:579} INFO - at org.apache.spark.sql.delta.OptimisticTransaction.writeFiles(OptimisticTransaction.scala:137)
[2024-10-05T06:35:17.443+0000] {spark_submit.py:579} INFO - at org.apache.spark.sql.delta.commands.WriteIntoDelta.write(WriteIntoDelta.scala:335)
[2024-10-05T06:35:17.443+0000] {spark_submit.py:579} INFO - at org.apache.spark.sql.delta.commands.WriteIntoDelta.$anonfun$run$1(WriteIntoDelta.scala:98)
[2024-10-05T06:35:17.444+0000] {spark_submit.py:579} INFO - at org.apache.spark.sql.delta.commands.WriteIntoDelta.$anonfun$run$1$adapted(WriteIntoDelta.scala:93)
[2024-10-05T06:35:17.444+0000] {spark_submit.py:579} INFO - at org.apache.spark.sql.delta.DeltaLog.withNewTransaction(DeltaLog.scala:229)
[2024-10-05T06:35:17.444+0000] {spark_submit.py:579} INFO - at org.apache.spark.sql.delta.commands.WriteIntoDelta.run(WriteIntoDelta.scala:93)
[2024-10-05T06:35:17.444+0000] {spark_submit.py:579} INFO - at org.apache.spark.sql.delta.sources.DeltaDataSource.createRelation(DeltaDataSource.scala:180)
[2024-10-05T06:35:17.445+0000] {spark_submit.py:579} INFO - at org.apache.spark.sql.execution.datasources.SaveIntoDataSourceCommand.run(SaveIntoDataSourceCommand.scala:48)
[2024-10-05T06:35:17.445+0000] {spark_submit.py:579} INFO - at org.apache.spark.sql.execution.command.ExecutedCommandExec.sideEffectResult$lzycompute(commands.scala:75)
[2024-10-05T06:35:17.445+0000] {spark_submit.py:579} INFO - at org.apache.spark.sql.execution.command.ExecutedCommandExec.sideEffectResult(commands.scala:73)
[2024-10-05T06:35:17.446+0000] {spark_submit.py:579} INFO - at org.apache.spark.sql.execution.command.ExecutedCommandExec.executeCollect(commands.scala:84)
[2024-10-05T06:35:17.446+0000] {spark_submit.py:579} INFO - at org.apache.spark.sql.execution.QueryExecution$$anonfun$eagerlyExecuteCommands$1.$anonfun$applyOrElse$1(QueryExecution.scala:107)
[2024-10-05T06:35:17.447+0000] {spark_submit.py:579} INFO - at org.apache.spark.sql.execution.SQLExecution$.$anonfun$withNewExecutionId$6(SQLExecution.scala:125)
[2024-10-05T06:35:17.447+0000] {spark_submit.py:579} INFO - at org.apache.spark.sql.execution.SQLExecution$.withSQLConfPropagated(SQLExecution.scala:201)
[2024-10-05T06:35:17.447+0000] {spark_submit.py:579} INFO - at org.apache.spark.sql.execution.SQLExecution$.$anonfun$withNewExecutionId$1(SQLExecution.scala:108)
[2024-10-05T06:35:17.447+0000] {spark_submit.py:579} INFO - at org.apache.spark.sql.SparkSession.withActive(SparkSession.scala:900)
[2024-10-05T06:35:17.448+0000] {spark_submit.py:579} INFO - at org.apache.spark.sql.execution.SQLExecution$.withNewExecutionId(SQLExecution.scala:66)
[2024-10-05T06:35:17.448+0000] {spark_submit.py:579} INFO - at org.apache.spark.sql.execution.QueryExecution$$anonfun$eagerlyExecuteCommands$1.applyOrElse(QueryExecution.scala:107)
[2024-10-05T06:35:17.448+0000] {spark_submit.py:579} INFO - at org.apache.spark.sql.execution.QueryExecution$$anonfun$eagerlyExecuteCommands$1.applyOrElse(QueryExecution.scala:98)
[2024-10-05T06:35:17.448+0000] {spark_submit.py:579} INFO - at org.apache.spark.sql.catalyst.trees.TreeNode.$anonfun$transformDownWithPruning$1(TreeNode.scala:461)
[2024-10-05T06:35:17.448+0000] {spark_submit.py:579} INFO - at org.apache.spark.sql.catalyst.trees.CurrentOrigin$.withOrigin(origin.scala:76)
[2024-10-05T06:35:17.449+0000] {spark_submit.py:579} INFO - at org.apache.spark.sql.catalyst.trees.TreeNode.transformDownWithPruning(TreeNode.scala:461)
[2024-10-05T06:35:17.449+0000] {spark_submit.py:579} INFO - at org.apache.spark.sql.catalyst.plans.logical.LogicalPlan.org$apache$spark$sql$catalyst$plans$logical$AnalysisHelper$$super$transformDownWithPruning(LogicalPlan.scala:32)
[2024-10-05T06:35:17.449+0000] {spark_submit.py:579} INFO - at org.apache.spark.sql.catalyst.plans.logical.AnalysisHelper.transformDownWithPruning(AnalysisHelper.scala:267)
[2024-10-05T06:35:17.450+0000] {spark_submit.py:579} INFO - at org.apache.spark.sql.catalyst.plans.logical.AnalysisHelper.transformDownWithPruning$(AnalysisHelper.scala:263)
[2024-10-05T06:35:17.450+0000] {spark_submit.py:579} INFO - at org.apache.spark.sql.catalyst.plans.logical.LogicalPlan.transformDownWithPruning(LogicalPlan.scala:32)
[2024-10-05T06:35:17.450+0000] {spark_submit.py:579} INFO - at org.apache.spark.sql.catalyst.plans.logical.LogicalPlan.transformDownWithPruning(LogicalPlan.scala:32)
[2024-10-05T06:35:17.451+0000] {spark_submit.py:579} INFO - at org.apache.spark.sql.catalyst.trees.TreeNode.transformDown(TreeNode.scala:437)
[2024-10-05T06:35:17.452+0000] {spark_submit.py:579} INFO - at org.apache.spark.sql.execution.QueryExecution.eagerlyExecuteCommands(QueryExecution.scala:98)
[2024-10-05T06:35:17.452+0000] {spark_submit.py:579} INFO - at org.apache.spark.sql.execution.QueryExecution.commandExecuted$lzycompute(QueryExecution.scala:85)
[2024-10-05T06:35:17.452+0000] {spark_submit.py:579} INFO - at org.apache.spark.sql.execution.QueryExecution.commandExecuted(QueryExecution.scala:83)
[2024-10-05T06:35:17.453+0000] {spark_submit.py:579} INFO - at org.apache.spark.sql.execution.QueryExecution.assertCommandExecuted(QueryExecution.scala:142)
[2024-10-05T06:35:17.453+0000] {spark_submit.py:579} INFO - at org.apache.spark.sql.DataFrameWriter.runCommand(DataFrameWriter.scala:859)
[2024-10-05T06:35:17.453+0000] {spark_submit.py:579} INFO - at org.apache.spark.sql.DataFrameWriter.saveToV1Source(DataFrameWriter.scala:388)
[2024-10-05T06:35:17.454+0000] {spark_submit.py:579} INFO - at org.apache.spark.sql.DataFrameWriter.saveInternal(DataFrameWriter.scala:304)
[2024-10-05T06:35:17.454+0000] {spark_submit.py:579} INFO - at org.apache.spark.sql.DataFrameWriter.save(DataFrameWriter.scala:240)
[2024-10-05T06:35:17.454+0000] {spark_submit.py:579} INFO - at java.base/jdk.internal.reflect.NativeMethodAccessorImpl.invoke0(Native Method)
[2024-10-05T06:35:17.454+0000] {spark_submit.py:579} INFO - at java.base/jdk.internal.reflect.NativeMethodAccessorImpl.invoke(NativeMethodAccessorImpl.java:62)
[2024-10-05T06:35:17.455+0000] {spark_submit.py:579} INFO - at java.base/jdk.internal.reflect.DelegatingMethodAccessorImpl.invoke(DelegatingMethodAccessorImpl.java:43)
[2024-10-05T06:35:17.455+0000] {spark_submit.py:579} INFO - at java.base/java.lang.reflect.Method.invoke(Method.java:566)
[2024-10-05T06:35:17.455+0000] {spark_submit.py:579} INFO - at py4j.reflection.MethodInvoker.invoke(MethodInvoker.java:244)
[2024-10-05T06:35:17.455+0000] {spark_submit.py:579} INFO - at py4j.reflection.ReflectionEngine.invoke(ReflectionEngine.java:374)
[2024-10-05T06:35:17.455+0000] {spark_submit.py:579} INFO - at py4j.Gateway.invoke(Gateway.java:282)
[2024-10-05T06:35:17.456+0000] {spark_submit.py:579} INFO - at py4j.commands.AbstractCommand.invokeMethod(AbstractCommand.java:132)
[2024-10-05T06:35:17.456+0000] {spark_submit.py:579} INFO - at py4j.commands.CallCommand.execute(CallCommand.java:79)
[2024-10-05T06:35:17.456+0000] {spark_submit.py:579} INFO - at py4j.ClientServerConnection.waitForCommands(ClientServerConnection.java:182)
[2024-10-05T06:35:17.456+0000] {spark_submit.py:579} INFO - at py4j.ClientServerConnection.run(ClientServerConnection.java:106)
[2024-10-05T06:35:17.456+0000] {spark_submit.py:579} INFO - at java.base/java.lang.Thread.run(Thread.java:829)
[2024-10-05T06:35:17.457+0000] {spark_submit.py:579} INFO - 
[2024-10-05T06:35:17.457+0000] {spark_submit.py:579} INFO - 24/10/05 06:35:17 INFO SparkContext: SparkContext is stopping with exitCode 0.
[2024-10-05T06:35:17.457+0000] {spark_submit.py:579} INFO - 24/10/05 06:35:17 INFO SparkUI: Stopped Spark web UI at http://5d09c913dd59:4040
[2024-10-05T06:35:17.458+0000] {spark_submit.py:579} INFO - 24/10/05 06:35:17 INFO StandaloneSchedulerBackend: Shutting down all executors
[2024-10-05T06:35:17.458+0000] {spark_submit.py:579} INFO - 24/10/05 06:35:17 INFO StandaloneSchedulerBackend$StandaloneDriverEndpoint: Asking each executor to shut down
[2024-10-05T06:35:17.503+0000] {spark_submit.py:579} INFO - 24/10/05 06:35:17 INFO MapOutputTrackerMasterEndpoint: MapOutputTrackerMasterEndpoint stopped!
[2024-10-05T06:35:17.543+0000] {spark_submit.py:579} INFO - 24/10/05 06:35:17 INFO MemoryStore: MemoryStore cleared
[2024-10-05T06:35:17.547+0000] {spark_submit.py:579} INFO - 24/10/05 06:35:17 INFO BlockManager: BlockManager stopped
[2024-10-05T06:35:17.558+0000] {spark_submit.py:579} INFO - 24/10/05 06:35:17 INFO BlockManagerMaster: BlockManagerMaster stopped
[2024-10-05T06:35:17.563+0000] {spark_submit.py:579} INFO - 24/10/05 06:35:17 INFO OutputCommitCoordinator$OutputCommitCoordinatorEndpoint: OutputCommitCoordinator stopped!
[2024-10-05T06:35:17.609+0000] {spark_submit.py:579} INFO - 24/10/05 06:35:17 INFO SparkContext: Successfully stopped SparkContext
[2024-10-05T06:35:17.869+0000] {spark_submit.py:579} INFO - 24/10/05 06:35:17 INFO ShutdownHookManager: Shutdown hook called
[2024-10-05T06:35:17.872+0000] {spark_submit.py:579} INFO - 24/10/05 06:35:17 INFO ShutdownHookManager: Deleting directory /tmp/spark-a81975bc-e88e-4c64-9c8d-464424841318
[2024-10-05T06:35:17.876+0000] {spark_submit.py:579} INFO - 24/10/05 06:35:17 INFO ShutdownHookManager: Deleting directory /tmp/spark-a81975bc-e88e-4c64-9c8d-464424841318/pyspark-b552eeeb-188b-4b99-8a26-e8f912ee0c40
[2024-10-05T06:35:17.881+0000] {spark_submit.py:579} INFO - 24/10/05 06:35:17 INFO ShutdownHookManager: Deleting directory /tmp/spark-0880f44d-5ed8-4d93-8716-6f9fbf5b53f8
[2024-10-05T06:35:17.894+0000] {spark_submit.py:579} INFO - 24/10/05 06:35:17 INFO MetricsSystemImpl: Stopping s3a-file-system metrics system...
[2024-10-05T06:35:17.895+0000] {spark_submit.py:579} INFO - 24/10/05 06:35:17 INFO MetricsSystemImpl: s3a-file-system metrics system stopped.
[2024-10-05T06:35:17.896+0000] {spark_submit.py:579} INFO - 24/10/05 06:35:17 INFO MetricsSystemImpl: s3a-file-system metrics system shutdown complete.
[2024-10-05T06:35:17.973+0000] {taskinstance.py:1935} ERROR - Task failed with exception
Traceback (most recent call last):
  File "/home/airflow/.local/lib/python3.11/site-packages/airflow/providers/apache/spark/operators/spark_submit.py", line 174, in execute
    self._hook.submit(self.application)
  File "/home/airflow/.local/lib/python3.11/site-packages/airflow/providers/apache/spark/hooks/spark_submit.py", line 505, in submit
    raise AirflowException(
airflow.exceptions.AirflowException: Cannot execute: spark-submit --master spark://spark-master:7077 --conf spark.sql.extensions=io.delta.sql.DeltaSparkSessionExtension --conf spark.sql.catalog.spark_catalog=org.apache.spark.sql.delta.catalog.DeltaCatalog --conf spark.delta.logStore.class=org.apache.spark.sql.delta.storage.S3SingleDriverLogStore --jars /opt/***/jars/hadoop-aws-3.3.4.jar,/opt/***/jars/s3-2.18.41.jar,/opt/***/jars/aws-java-sdk-1.12.367.jar,/opt/***/jars/delta-core_2.12-2.4.0.jar,/opt/***/jars/delta-storage-2.2.0.jar --packages org.apache.hadoop:hadoop-aws:3.3.4 --num-executors 2 --total-executor-cores 2 --executor-cores 2 --executor-memory 2g --driver-memory 1g --name arrow-spark --deploy-mode client /opt/***/jobs/python/test_Key.py s3a://lakehouse/bronze/keywords.parquet s3a://lakehouse/silver. Error code is: 1.
[2024-10-05T06:35:17.979+0000] {taskinstance.py:1398} INFO - Marking task as FAILED. dag_id=spark_processing_dag, task_id=silver_cleaned_keywords, execution_date=20241005T063000, start_date=20241005T063505, end_date=20241005T063517
[2024-10-05T06:35:17.980+0000] {sliver_layer.py:15} ERROR - Task spark_processing_dag__silver_cleaned_keywords__20241005 failed.
[2024-10-05T06:35:17.999+0000] {standard_task_runner.py:104} ERROR - Failed to execute job 148 for task silver_cleaned_keywords (Cannot execute: spark-submit --master spark://spark-master:7077 --conf spark.sql.extensions=io.delta.sql.DeltaSparkSessionExtension --conf spark.sql.catalog.spark_catalog=org.apache.spark.sql.delta.catalog.DeltaCatalog --conf spark.delta.logStore.class=org.apache.spark.sql.delta.storage.S3SingleDriverLogStore --jars /opt/***/jars/hadoop-aws-3.3.4.jar,/opt/***/jars/s3-2.18.41.jar,/opt/***/jars/aws-java-sdk-1.12.367.jar,/opt/***/jars/delta-core_2.12-2.4.0.jar,/opt/***/jars/delta-storage-2.2.0.jar --packages org.apache.hadoop:hadoop-aws:3.3.4 --num-executors 2 --total-executor-cores 2 --executor-cores 2 --executor-memory 2g --driver-memory 1g --name arrow-spark --deploy-mode client /opt/***/jobs/python/test_Key.py s3a://lakehouse/bronze/keywords.parquet s3a://lakehouse/silver. Error code is: 1.; 1141)
[2024-10-05T06:35:18.014+0000] {local_task_job_runner.py:228} INFO - Task exited with return code 1
[2024-10-05T06:35:18.037+0000] {taskinstance.py:2776} INFO - 0 downstream tasks scheduled from follow-on schedule check
