[2024-11-14T14:14:05.266+0000] {processor.py:157} INFO - Started process (PID=217) to work on /opt/airflow/dags/cleaned_key.py
[2024-11-14T14:14:05.267+0000] {processor.py:829} INFO - Processing file /opt/airflow/dags/cleaned_key.py for tasks to queue
[2024-11-14T14:14:05.272+0000] {logging_mixin.py:151} INFO - [2024-11-14T14:14:05.272+0000] {dagbag.py:539} INFO - Filling up the DagBag from /opt/airflow/dags/cleaned_key.py
[2024-11-14T14:14:05.310+0000] {processor.py:839} INFO - DAG(s) dict_keys(['clean_keyyyyyy']) retrieved from /opt/airflow/dags/cleaned_key.py
[2024-11-14T14:14:05.328+0000] {logging_mixin.py:151} INFO - [2024-11-14T14:14:05.327+0000] {dag.py:2915} INFO - Sync 1 DAGs
[2024-11-14T14:14:05.359+0000] {logging_mixin.py:151} INFO - [2024-11-14T14:14:05.359+0000] {dag.py:3696} INFO - Setting next_dagrun for clean_keyyyyyy to 2024-11-13T00:00:00+00:00, run_after=2024-11-14T00:00:00+00:00
[2024-11-14T14:14:05.383+0000] {processor.py:179} INFO - Processing /opt/airflow/dags/cleaned_key.py took 0.122 seconds
[2024-11-14T14:14:35.710+0000] {processor.py:157} INFO - Started process (PID=441) to work on /opt/airflow/dags/cleaned_key.py
[2024-11-14T14:14:35.711+0000] {processor.py:829} INFO - Processing file /opt/airflow/dags/cleaned_key.py for tasks to queue
[2024-11-14T14:14:35.714+0000] {logging_mixin.py:151} INFO - [2024-11-14T14:14:35.713+0000] {dagbag.py:539} INFO - Filling up the DagBag from /opt/airflow/dags/cleaned_key.py
[2024-11-14T14:14:35.738+0000] {processor.py:839} INFO - DAG(s) dict_keys(['clean_keyyyyyy']) retrieved from /opt/airflow/dags/cleaned_key.py
[2024-11-14T14:14:35.778+0000] {logging_mixin.py:151} INFO - [2024-11-14T14:14:35.777+0000] {dag.py:2915} INFO - Sync 1 DAGs
[2024-11-14T14:14:35.826+0000] {logging_mixin.py:151} INFO - [2024-11-14T14:14:35.826+0000] {dag.py:3696} INFO - Setting next_dagrun for clean_keyyyyyy to 2024-11-13T00:00:00+00:00, run_after=2024-11-14T00:00:00+00:00
[2024-11-14T14:14:35.865+0000] {processor.py:179} INFO - Processing /opt/airflow/dags/cleaned_key.py took 0.157 seconds
[2024-11-14T14:15:05.938+0000] {processor.py:157} INFO - Started process (PID=633) to work on /opt/airflow/dags/cleaned_key.py
[2024-11-14T14:15:05.940+0000] {processor.py:829} INFO - Processing file /opt/airflow/dags/cleaned_key.py for tasks to queue
[2024-11-14T14:15:05.942+0000] {logging_mixin.py:151} INFO - [2024-11-14T14:15:05.942+0000] {dagbag.py:539} INFO - Filling up the DagBag from /opt/airflow/dags/cleaned_key.py
[2024-11-14T14:15:05.967+0000] {processor.py:839} INFO - DAG(s) dict_keys(['clean_keyyyyyy']) retrieved from /opt/airflow/dags/cleaned_key.py
[2024-11-14T14:15:06.009+0000] {logging_mixin.py:151} INFO - [2024-11-14T14:15:06.008+0000] {dag.py:2915} INFO - Sync 1 DAGs
[2024-11-14T14:15:06.033+0000] {logging_mixin.py:151} INFO - [2024-11-14T14:15:06.033+0000] {dag.py:3696} INFO - Setting next_dagrun for clean_keyyyyyy to 2024-11-13T00:00:00+00:00, run_after=2024-11-14T00:00:00+00:00
[2024-11-14T14:15:06.053+0000] {processor.py:179} INFO - Processing /opt/airflow/dags/cleaned_key.py took 0.118 seconds
[2024-11-14T14:15:36.560+0000] {processor.py:157} INFO - Started process (PID=911) to work on /opt/airflow/dags/cleaned_key.py
[2024-11-14T14:15:36.561+0000] {processor.py:829} INFO - Processing file /opt/airflow/dags/cleaned_key.py for tasks to queue
[2024-11-14T14:15:36.563+0000] {logging_mixin.py:151} INFO - [2024-11-14T14:15:36.562+0000] {dagbag.py:539} INFO - Filling up the DagBag from /opt/airflow/dags/cleaned_key.py
[2024-11-14T14:15:36.589+0000] {processor.py:839} INFO - DAG(s) dict_keys(['clean_keyyyyyy']) retrieved from /opt/airflow/dags/cleaned_key.py
[2024-11-14T14:15:36.621+0000] {logging_mixin.py:151} INFO - [2024-11-14T14:15:36.621+0000] {dag.py:2915} INFO - Sync 1 DAGs
[2024-11-14T14:15:36.646+0000] {logging_mixin.py:151} INFO - [2024-11-14T14:15:36.645+0000] {dag.py:3696} INFO - Setting next_dagrun for clean_keyyyyyy to 2024-11-13T00:00:00+00:00, run_after=2024-11-14T00:00:00+00:00
[2024-11-14T14:15:36.667+0000] {processor.py:179} INFO - Processing /opt/airflow/dags/cleaned_key.py took 0.109 seconds
[2024-11-14T14:16:07.027+0000] {processor.py:157} INFO - Started process (PID=1251) to work on /opt/airflow/dags/cleaned_key.py
[2024-11-14T14:16:07.028+0000] {processor.py:829} INFO - Processing file /opt/airflow/dags/cleaned_key.py for tasks to queue
[2024-11-14T14:16:07.030+0000] {logging_mixin.py:151} INFO - [2024-11-14T14:16:07.030+0000] {dagbag.py:539} INFO - Filling up the DagBag from /opt/airflow/dags/cleaned_key.py
[2024-11-14T14:16:07.057+0000] {processor.py:839} INFO - DAG(s) dict_keys(['clean_keyyyyyy']) retrieved from /opt/airflow/dags/cleaned_key.py
[2024-11-14T14:16:07.089+0000] {logging_mixin.py:151} INFO - [2024-11-14T14:16:07.088+0000] {dag.py:2915} INFO - Sync 1 DAGs
[2024-11-14T14:16:07.115+0000] {logging_mixin.py:151} INFO - [2024-11-14T14:16:07.115+0000] {dag.py:3696} INFO - Setting next_dagrun for clean_keyyyyyy to 2024-11-13T00:00:00+00:00, run_after=2024-11-14T00:00:00+00:00
[2024-11-14T14:16:07.135+0000] {processor.py:179} INFO - Processing /opt/airflow/dags/cleaned_key.py took 0.110 seconds
[2024-11-14T14:16:37.646+0000] {processor.py:157} INFO - Started process (PID=1523) to work on /opt/airflow/dags/cleaned_key.py
[2024-11-14T14:16:37.648+0000] {processor.py:829} INFO - Processing file /opt/airflow/dags/cleaned_key.py for tasks to queue
[2024-11-14T14:16:37.651+0000] {logging_mixin.py:151} INFO - [2024-11-14T14:16:37.650+0000] {dagbag.py:539} INFO - Filling up the DagBag from /opt/airflow/dags/cleaned_key.py
[2024-11-14T14:16:37.675+0000] {processor.py:839} INFO - DAG(s) dict_keys(['clean_keyyyyyy']) retrieved from /opt/airflow/dags/cleaned_key.py
[2024-11-14T14:16:37.709+0000] {logging_mixin.py:151} INFO - [2024-11-14T14:16:37.708+0000] {dag.py:2915} INFO - Sync 1 DAGs
[2024-11-14T14:16:37.733+0000] {logging_mixin.py:151} INFO - [2024-11-14T14:16:37.732+0000] {dag.py:3696} INFO - Setting next_dagrun for clean_keyyyyyy to 2024-11-13T00:00:00+00:00, run_after=2024-11-14T00:00:00+00:00
[2024-11-14T14:16:37.754+0000] {processor.py:179} INFO - Processing /opt/airflow/dags/cleaned_key.py took 0.112 seconds
