[2025-01-23T04:22:35.631+0000] {taskinstance.py:1159} INFO - Dependencies all met for dep_context=non-requeueable deps ti=<TaskInstance: All_Layer.clean_movies manual__2025-01-23T04:22:17.923744+00:00 [queued]>
[2025-01-23T04:22:35.650+0000] {taskinstance.py:1159} INFO - Dependencies all met for dep_context=requeueable deps ti=<TaskInstance: All_Layer.clean_movies manual__2025-01-23T04:22:17.923744+00:00 [queued]>
[2025-01-23T04:22:35.657+0000] {taskinstance.py:1361} INFO - Starting attempt 1 of 2
[2025-01-23T04:22:35.676+0000] {taskinstance.py:1382} INFO - Executing <Task(SparkSubmitOperator): clean_movies> on 2025-01-23 04:22:17.923744+00:00
[2025-01-23T04:22:35.685+0000] {standard_task_runner.py:57} INFO - Started process 15484 to run task
[2025-01-23T04:22:35.688+0000] {standard_task_runner.py:84} INFO - Running: ['***', 'tasks', 'run', 'All_Layer', 'clean_movies', 'manual__2025-01-23T04:22:17.923744+00:00', '--job-id', '129', '--raw', '--subdir', 'DAGS_FOLDER/All_Offi.py', '--cfg-path', '/tmp/tmpa2tcb76d']
[2025-01-23T04:22:35.697+0000] {standard_task_runner.py:85} INFO - Job 129: Subtask clean_movies
[2025-01-23T04:22:35.764+0000] {task_command.py:416} INFO - Running <TaskInstance: All_Layer.clean_movies manual__2025-01-23T04:22:17.923744+00:00 [running]> on host 73fc507ad5e4
[2025-01-23T04:22:35.867+0000] {taskinstance.py:1662} INFO - Exporting env vars: AIRFLOW_CTX_DAG_OWNER='***' AIRFLOW_CTX_DAG_ID='All_Layer' AIRFLOW_CTX_TASK_ID='clean_movies' AIRFLOW_CTX_EXECUTION_DATE='2025-01-23T04:22:17.923744+00:00' AIRFLOW_CTX_TRY_NUMBER='1' AIRFLOW_CTX_DAG_RUN_ID='manual__2025-01-23T04:22:17.923744+00:00'
[2025-01-23T04:22:35.885+0000] {base.py:73} INFO - Using connection ID 'spark-conn' for task execution.
[2025-01-23T04:22:35.889+0000] {spark_submit.py:403} INFO - Spark-Submit cmd: spark-submit --master spark://spark-master:7077 --conf spark.sql.extensions=io.delta.sql.DeltaSparkSessionExtension --conf spark.sql.catalog.spark_catalog=org.apache.spark.sql.delta.catalog.DeltaCatalog --conf delta.enable-non-concurrent-writes=true --jars /opt/***/jars/hadoop-aws-3.3.4.jar,/opt/***/jars/s3-2.18.41.jar,/opt/***/jars/aws-java-sdk-bundle-1.12.262.jar,/opt/***/jars/aws-java-sdk-1.12.367.jar,/opt/***/jars/delta-core_2.12-2.2.0.jar,/opt/***/jars/delta-storage-2.2.0.jar, --num-executors 2 --total-executor-cores 2 --executor-cores 2 --executor-memory 2g --driver-memory 1g --name arrow-spark --deploy-mode client /opt/***/jobs/python/processing_movie.py s3a://lakehouse/bronze/movies.parquet s3a://lakehouse/silver/movies
[2025-01-23T04:22:36.103+0000] {spark_submit.py:579} INFO - /home/***/.local/lib/python3.9/site-packages/pyspark/bin/load-spark-env.sh: line 68: ps: command not found
[2025-01-23T04:22:40.043+0000] {spark_submit.py:579} INFO - Warning: Ignoring non-Spark config property: delta.enable-non-concurrent-writes
[2025-01-23T04:22:41.228+0000] {spark_submit.py:579} INFO - 25/01/23 04:22:41 WARN NativeCodeLoader: Unable to load native-hadoop library for your platform... using builtin-java classes where applicable
[2025-01-23T04:22:42.361+0000] {spark_submit.py:579} INFO - File "/opt/***/jobs/python/processing_movie.py", line 30
[2025-01-23T04:22:42.362+0000] {spark_submit.py:579} INFO - .getOrCreate()
[2025-01-23T04:22:42.362+0000] {spark_submit.py:579} INFO - IndentationError: unexpected indent
[2025-01-23T04:22:42.377+0000] {spark_submit.py:579} INFO - 25/01/23 04:22:42 INFO ShutdownHookManager: Shutdown hook called
[2025-01-23T04:22:42.378+0000] {spark_submit.py:579} INFO - 25/01/23 04:22:42 INFO ShutdownHookManager: Deleting directory /tmp/spark-939e2a42-977b-4b0b-8b75-802c16ab8a3d
[2025-01-23T04:22:42.437+0000] {taskinstance.py:1937} ERROR - Task failed with exception
Traceback (most recent call last):
  File "/home/airflow/.local/lib/python3.9/site-packages/airflow/providers/apache/spark/operators/spark_submit.py", line 174, in execute
    self._hook.submit(self.application)
  File "/home/airflow/.local/lib/python3.9/site-packages/airflow/providers/apache/spark/hooks/spark_submit.py", line 505, in submit
    raise AirflowException(
airflow.exceptions.AirflowException: Cannot execute: spark-submit --master spark://spark-master:7077 --conf spark.sql.extensions=io.delta.sql.DeltaSparkSessionExtension --conf spark.sql.catalog.spark_catalog=org.apache.spark.sql.delta.catalog.DeltaCatalog --conf delta.enable-non-concurrent-writes=true --jars /opt/***/jars/hadoop-aws-3.3.4.jar,/opt/***/jars/s3-2.18.41.jar,/opt/***/jars/aws-java-sdk-bundle-1.12.262.jar,/opt/***/jars/aws-java-sdk-1.12.367.jar,/opt/***/jars/delta-core_2.12-2.2.0.jar,/opt/***/jars/delta-storage-2.2.0.jar, --num-executors 2 --total-executor-cores 2 --executor-cores 2 --executor-memory 2g --driver-memory 1g --name arrow-spark --deploy-mode client /opt/***/jobs/python/processing_movie.py s3a://lakehouse/bronze/movies.parquet s3a://lakehouse/silver/movies. Error code is: 1.
[2025-01-23T04:22:42.442+0000] {taskinstance.py:1400} INFO - Marking task as UP_FOR_RETRY. dag_id=All_Layer, task_id=clean_movies, execution_date=20250123T042217, start_date=20250123T042235, end_date=20250123T042242
[2025-01-23T04:22:42.457+0000] {standard_task_runner.py:104} ERROR - Failed to execute job 129 for task clean_movies (Cannot execute: spark-submit --master spark://spark-master:7077 --conf spark.sql.extensions=io.delta.sql.DeltaSparkSessionExtension --conf spark.sql.catalog.spark_catalog=org.apache.spark.sql.delta.catalog.DeltaCatalog --conf delta.enable-non-concurrent-writes=true --jars /opt/***/jars/hadoop-aws-3.3.4.jar,/opt/***/jars/s3-2.18.41.jar,/opt/***/jars/aws-java-sdk-bundle-1.12.262.jar,/opt/***/jars/aws-java-sdk-1.12.367.jar,/opt/***/jars/delta-core_2.12-2.2.0.jar,/opt/***/jars/delta-storage-2.2.0.jar, --num-executors 2 --total-executor-cores 2 --executor-cores 2 --executor-memory 2g --driver-memory 1g --name arrow-spark --deploy-mode client /opt/***/jobs/python/processing_movie.py s3a://lakehouse/bronze/movies.parquet s3a://lakehouse/silver/movies. Error code is: 1.; 15484)
[2025-01-23T04:22:42.471+0000] {local_task_job_runner.py:228} INFO - Task exited with return code 1
[2025-01-23T04:22:42.504+0000] {taskinstance.py:2778} INFO - 0 downstream tasks scheduled from follow-on schedule check
