[2024-10-11T00:37:34.023+0000] {taskinstance.py:1157} INFO - Dependencies all met for dep_context=non-requeueable deps ti=<TaskInstance: spark_processing_dag.silver_cleaned_keywords manual__2024-10-11T00:25:54.277810+00:00 [queued]>
[2024-10-11T00:37:34.033+0000] {taskinstance.py:1157} INFO - Dependencies all met for dep_context=requeueable deps ti=<TaskInstance: spark_processing_dag.silver_cleaned_keywords manual__2024-10-11T00:25:54.277810+00:00 [queued]>
[2024-10-11T00:37:34.033+0000] {taskinstance.py:1359} INFO - Starting attempt 2 of 2
[2024-10-11T00:37:34.048+0000] {taskinstance.py:1380} INFO - Executing <Task(SparkSubmitOperator): silver_cleaned_keywords> on 2024-10-11 00:25:54.277810+00:00
[2024-10-11T00:37:34.053+0000] {standard_task_runner.py:57} INFO - Started process 1076 to run task
[2024-10-11T00:37:34.056+0000] {standard_task_runner.py:84} INFO - Running: ['***', 'tasks', 'run', 'spark_processing_dag', 'silver_cleaned_keywords', 'manual__2024-10-11T00:25:54.277810+00:00', '--job-id', '33', '--raw', '--subdir', 'DAGS_FOLDER/sliver_layer.py', '--cfg-path', '/tmp/tmpl85xv1_c']
[2024-10-11T00:37:34.059+0000] {standard_task_runner.py:85} INFO - Job 33: Subtask silver_cleaned_keywords
[2024-10-11T00:37:34.112+0000] {task_command.py:415} INFO - Running <TaskInstance: spark_processing_dag.silver_cleaned_keywords manual__2024-10-11T00:25:54.277810+00:00 [running]> on host 84076e7a47fe
[2024-10-11T00:37:34.195+0000] {taskinstance.py:1660} INFO - Exporting env vars: AIRFLOW_CTX_DAG_OWNER='***' AIRFLOW_CTX_DAG_ID='spark_processing_dag' AIRFLOW_CTX_TASK_ID='silver_cleaned_keywords' AIRFLOW_CTX_EXECUTION_DATE='2024-10-11T00:25:54.277810+00:00' AIRFLOW_CTX_TRY_NUMBER='2' AIRFLOW_CTX_DAG_RUN_ID='manual__2024-10-11T00:25:54.277810+00:00'
[2024-10-11T00:37:34.205+0000] {base.py:73} INFO - Using connection ID 'spark-conn' for task execution.
[2024-10-11T00:37:34.208+0000] {spark_submit.py:403} INFO - Spark-Submit cmd: spark-submit --master spark://spark-master:7077 --conf spark.sql.extensions=io.delta.sql.DeltaSparkSessionExtension --conf spark.sql.catalog.spark_catalog=org.apache.spark.sql.delta.catalog.DeltaCatalog --jars /opt/***/jars/hadoop-aws-3.3.4.jar,/opt/***/jars/s3-2.18.41.jar,/opt/***/jars/aws-java-sdk-1.12.367.jar,/opt/***/jars/delta-core_2.12-2.4.0.jar,/opt/***/jars/delta-storage-2.2.0.jar, --packages org.apache.hadoop:hadoop-aws:3.3.4 --num-executors 2 --total-executor-cores 2 --executor-cores 2 --executor-memory 2g --driver-memory 1g --name arrow-spark --deploy-mode client /opt/***/jobs/python/test_Key.py s3a://lakehouse/bronze/keywords.parquet s3a://lakehouse/silver
[2024-10-11T00:37:34.327+0000] {spark_submit.py:579} INFO - /home/***/.local/lib/python3.11/site-packages/pyspark/bin/load-spark-env.sh: line 68: ps: command not found
[2024-10-11T00:37:36.507+0000] {spark_submit.py:579} INFO - :: loading settings :: url = jar:file:/home/***/.local/lib/python3.11/site-packages/pyspark/jars/ivy-2.5.1.jar!/org/apache/ivy/core/settings/ivysettings.xml
[2024-10-11T00:37:36.713+0000] {spark_submit.py:579} INFO - Ivy Default Cache set to: /home/***/.ivy2/cache
[2024-10-11T00:37:36.714+0000] {spark_submit.py:579} INFO - The jars for the packages stored in: /home/***/.ivy2/jars
[2024-10-11T00:37:36.721+0000] {spark_submit.py:579} INFO - org.apache.hadoop#hadoop-aws added as a dependency
[2024-10-11T00:37:36.723+0000] {spark_submit.py:579} INFO - :: resolving dependencies :: org.apache.spark#spark-submit-parent-bef2f086-7f05-4813-9a34-390a335ec3e0;1.0
[2024-10-11T00:37:36.724+0000] {spark_submit.py:579} INFO - confs: [default]
[2024-10-11T00:37:36.904+0000] {spark_submit.py:579} INFO - found org.apache.hadoop#hadoop-aws;3.3.4 in central
[2024-10-11T00:37:36.937+0000] {spark_submit.py:579} INFO - found com.amazonaws#aws-java-sdk-bundle;1.12.262 in central
[2024-10-11T00:37:36.969+0000] {spark_submit.py:579} INFO - found org.wildfly.openssl#wildfly-openssl;1.0.7.Final in central
[2024-10-11T00:37:36.998+0000] {spark_submit.py:579} INFO - :: resolution report :: resolve 264ms :: artifacts dl 11ms
[2024-10-11T00:37:36.999+0000] {spark_submit.py:579} INFO - :: modules in use:
[2024-10-11T00:37:37.000+0000] {spark_submit.py:579} INFO - com.amazonaws#aws-java-sdk-bundle;1.12.262 from central in [default]
[2024-10-11T00:37:37.000+0000] {spark_submit.py:579} INFO - org.apache.hadoop#hadoop-aws;3.3.4 from central in [default]
[2024-10-11T00:37:37.001+0000] {spark_submit.py:579} INFO - org.wildfly.openssl#wildfly-openssl;1.0.7.Final from central in [default]
[2024-10-11T00:37:37.002+0000] {spark_submit.py:579} INFO - ---------------------------------------------------------------------
[2024-10-11T00:37:37.003+0000] {spark_submit.py:579} INFO - |                  |            modules            ||   artifacts   |
[2024-10-11T00:37:37.003+0000] {spark_submit.py:579} INFO - |       conf       | number| search|dwnlded|evicted|| number|dwnlded|
[2024-10-11T00:37:37.004+0000] {spark_submit.py:579} INFO - ---------------------------------------------------------------------
[2024-10-11T00:37:37.005+0000] {spark_submit.py:579} INFO - |      default     |   3   |   0   |   0   |   0   ||   3   |   0   |
[2024-10-11T00:37:37.006+0000] {spark_submit.py:579} INFO - ---------------------------------------------------------------------
[2024-10-11T00:37:37.007+0000] {spark_submit.py:579} INFO - :: retrieving :: org.apache.spark#spark-submit-parent-bef2f086-7f05-4813-9a34-390a335ec3e0
[2024-10-11T00:37:37.007+0000] {spark_submit.py:579} INFO - confs: [default]
[2024-10-11T00:37:37.566+0000] {spark_submit.py:579} INFO - 1 artifacts copied, 2 already retrieved (274067kB/559ms)
[2024-10-11T00:37:37.836+0000] {spark_submit.py:579} INFO - 24/10/11 00:37:37 WARN NativeCodeLoader: Unable to load native-hadoop library for your platform... using builtin-java classes where applicable
[2024-10-11T00:37:39.439+0000] {spark_submit.py:579} INFO - 2024-10-11 00:37:39,439 INFO: Initializing Spark session...
[2024-10-11T00:37:39.638+0000] {spark_submit.py:579} INFO - 24/10/11 00:37:39 INFO SparkContext: Running Spark version 3.4.3
[2024-10-11T00:37:39.669+0000] {spark_submit.py:579} INFO - 24/10/11 00:37:39 INFO ResourceUtils: ==============================================================
[2024-10-11T00:37:39.670+0000] {spark_submit.py:579} INFO - 24/10/11 00:37:39 INFO ResourceUtils: No custom resources configured for spark.driver.
[2024-10-11T00:37:39.670+0000] {spark_submit.py:579} INFO - 24/10/11 00:37:39 INFO ResourceUtils: ==============================================================
[2024-10-11T00:37:39.671+0000] {spark_submit.py:579} INFO - 24/10/11 00:37:39 INFO SparkContext: Submitted application: CleanKeywords
[2024-10-11T00:37:39.701+0000] {spark_submit.py:579} INFO - 24/10/11 00:37:39 INFO ResourceProfile: Default ResourceProfile created, executor resources: Map(cores -> name: cores, amount: 2, script: , vendor: , memory -> name: memory, amount: 2048, script: , vendor: , offHeap -> name: offHeap, amount: 0, script: , vendor: ), task resources: Map(cpus -> name: cpus, amount: 1.0)
[2024-10-11T00:37:39.721+0000] {spark_submit.py:579} INFO - 24/10/11 00:37:39 INFO ResourceProfile: Limiting resource is cpus at 2 tasks per executor
[2024-10-11T00:37:39.724+0000] {spark_submit.py:579} INFO - 24/10/11 00:37:39 INFO ResourceProfileManager: Added ResourceProfile id: 0
[2024-10-11T00:37:39.792+0000] {spark_submit.py:579} INFO - 24/10/11 00:37:39 INFO SecurityManager: Changing view acls to: ***
[2024-10-11T00:37:39.793+0000] {spark_submit.py:579} INFO - 24/10/11 00:37:39 INFO SecurityManager: Changing modify acls to: ***
[2024-10-11T00:37:39.794+0000] {spark_submit.py:579} INFO - 24/10/11 00:37:39 INFO SecurityManager: Changing view acls groups to:
[2024-10-11T00:37:39.794+0000] {spark_submit.py:579} INFO - 24/10/11 00:37:39 INFO SecurityManager: Changing modify acls groups to:
[2024-10-11T00:37:39.795+0000] {spark_submit.py:579} INFO - 24/10/11 00:37:39 INFO SecurityManager: SecurityManager: authentication disabled; ui acls disabled; users with view permissions: ***; groups with view permissions: EMPTY; users with modify permissions: ***; groups with modify permissions: EMPTY
[2024-10-11T00:37:40.122+0000] {spark_submit.py:579} INFO - 24/10/11 00:37:40 INFO Utils: Successfully started service 'sparkDriver' on port 40287.
[2024-10-11T00:37:40.168+0000] {spark_submit.py:579} INFO - 24/10/11 00:37:40 INFO SparkEnv: Registering MapOutputTracker
[2024-10-11T00:37:40.219+0000] {spark_submit.py:579} INFO - 24/10/11 00:37:40 INFO SparkEnv: Registering BlockManagerMaster
[2024-10-11T00:37:40.245+0000] {spark_submit.py:579} INFO - 24/10/11 00:37:40 INFO BlockManagerMasterEndpoint: Using org.apache.spark.storage.DefaultTopologyMapper for getting topology information
[2024-10-11T00:37:40.247+0000] {spark_submit.py:579} INFO - 24/10/11 00:37:40 INFO BlockManagerMasterEndpoint: BlockManagerMasterEndpoint up
[2024-10-11T00:37:40.253+0000] {spark_submit.py:579} INFO - 24/10/11 00:37:40 INFO SparkEnv: Registering BlockManagerMasterHeartbeat
[2024-10-11T00:37:40.280+0000] {spark_submit.py:579} INFO - 24/10/11 00:37:40 INFO DiskBlockManager: Created local directory at /tmp/blockmgr-673119f5-1c85-4bc3-b709-b54e609021ed
[2024-10-11T00:37:40.300+0000] {spark_submit.py:579} INFO - 24/10/11 00:37:40 INFO MemoryStore: MemoryStore started with capacity 434.4 MiB
[2024-10-11T00:37:40.323+0000] {spark_submit.py:579} INFO - 24/10/11 00:37:40 INFO SparkEnv: Registering OutputCommitCoordinator
[2024-10-11T00:37:40.497+0000] {spark_submit.py:579} INFO - 24/10/11 00:37:40 INFO JettyUtils: Start Jetty 0.0.0.0:4040 for SparkUI
[2024-10-11T00:37:40.590+0000] {spark_submit.py:579} INFO - 24/10/11 00:37:40 INFO Utils: Successfully started service 'SparkUI' on port 4040.
[2024-10-11T00:37:40.639+0000] {spark_submit.py:579} INFO - 24/10/11 00:37:40 INFO SparkContext: Added JAR file:///opt/***/jars/hadoop-aws-3.3.4.jar at spark://84076e7a47fe:40287/jars/hadoop-aws-3.3.4.jar with timestamp 1728607059625
[2024-10-11T00:37:40.641+0000] {spark_submit.py:579} INFO - 24/10/11 00:37:40 INFO SparkContext: Added JAR file:///opt/***/jars/s3-2.18.41.jar at spark://84076e7a47fe:40287/jars/s3-2.18.41.jar with timestamp 1728607059625
[2024-10-11T00:37:40.643+0000] {spark_submit.py:579} INFO - 24/10/11 00:37:40 INFO SparkContext: Added JAR file:///opt/***/jars/aws-java-sdk-1.12.367.jar at spark://84076e7a47fe:40287/jars/aws-java-sdk-1.12.367.jar with timestamp 1728607059625
[2024-10-11T00:37:40.645+0000] {spark_submit.py:579} INFO - 24/10/11 00:37:40 INFO SparkContext: Added JAR file:///opt/***/jars/delta-core_2.12-2.4.0.jar at spark://84076e7a47fe:40287/jars/delta-core_2.12-2.4.0.jar with timestamp 1728607059625
[2024-10-11T00:37:40.646+0000] {spark_submit.py:579} INFO - 24/10/11 00:37:40 INFO SparkContext: Added JAR file:///opt/***/jars/delta-storage-2.2.0.jar at spark://84076e7a47fe:40287/jars/delta-storage-2.2.0.jar with timestamp 1728607059625
[2024-10-11T00:37:40.647+0000] {spark_submit.py:579} INFO - 24/10/11 00:37:40 INFO SparkContext: Added JAR file:///home/***/.ivy2/jars/org.apache.hadoop_hadoop-aws-3.3.4.jar at spark://84076e7a47fe:40287/jars/org.apache.hadoop_hadoop-aws-3.3.4.jar with timestamp 1728607059625
[2024-10-11T00:37:40.648+0000] {spark_submit.py:579} INFO - 24/10/11 00:37:40 INFO SparkContext: Added JAR file:///home/***/.ivy2/jars/com.amazonaws_aws-java-sdk-bundle-1.12.262.jar at spark://84076e7a47fe:40287/jars/com.amazonaws_aws-java-sdk-bundle-1.12.262.jar with timestamp 1728607059625
[2024-10-11T00:37:40.649+0000] {spark_submit.py:579} INFO - 24/10/11 00:37:40 INFO SparkContext: Added JAR file:///home/***/.ivy2/jars/org.wildfly.openssl_wildfly-openssl-1.0.7.Final.jar at spark://84076e7a47fe:40287/jars/org.wildfly.openssl_wildfly-openssl-1.0.7.Final.jar with timestamp 1728607059625
[2024-10-11T00:37:40.651+0000] {spark_submit.py:579} INFO - 24/10/11 00:37:40 INFO SparkContext: Added file file:///home/***/.ivy2/jars/org.apache.hadoop_hadoop-aws-3.3.4.jar at spark://84076e7a47fe:40287/files/org.apache.hadoop_hadoop-aws-3.3.4.jar with timestamp 1728607059625
[2024-10-11T00:37:40.653+0000] {spark_submit.py:579} INFO - 24/10/11 00:37:40 INFO Utils: Copying /home/***/.ivy2/jars/org.apache.hadoop_hadoop-aws-3.3.4.jar to /tmp/spark-050edbef-28d4-48f9-8e2e-5f0ed16e9bb9/userFiles-f1e8585c-9be9-42c0-a7c5-8750ba66e083/org.apache.hadoop_hadoop-aws-3.3.4.jar
[2024-10-11T00:37:40.667+0000] {spark_submit.py:579} INFO - 24/10/11 00:37:40 INFO SparkContext: Added file file:///home/***/.ivy2/jars/com.amazonaws_aws-java-sdk-bundle-1.12.262.jar at spark://84076e7a47fe:40287/files/com.amazonaws_aws-java-sdk-bundle-1.12.262.jar with timestamp 1728607059625
[2024-10-11T00:37:40.668+0000] {spark_submit.py:579} INFO - 24/10/11 00:37:40 INFO Utils: Copying /home/***/.ivy2/jars/com.amazonaws_aws-java-sdk-bundle-1.12.262.jar to /tmp/spark-050edbef-28d4-48f9-8e2e-5f0ed16e9bb9/userFiles-f1e8585c-9be9-42c0-a7c5-8750ba66e083/com.amazonaws_aws-java-sdk-bundle-1.12.262.jar
[2024-10-11T00:37:41.161+0000] {spark_submit.py:579} INFO - 24/10/11 00:37:41 INFO SparkContext: Added file file:///home/***/.ivy2/jars/org.wildfly.openssl_wildfly-openssl-1.0.7.Final.jar at spark://84076e7a47fe:40287/files/org.wildfly.openssl_wildfly-openssl-1.0.7.Final.jar with timestamp 1728607059625
[2024-10-11T00:37:41.162+0000] {spark_submit.py:579} INFO - 24/10/11 00:37:41 INFO Utils: Copying /home/***/.ivy2/jars/org.wildfly.openssl_wildfly-openssl-1.0.7.Final.jar to /tmp/spark-050edbef-28d4-48f9-8e2e-5f0ed16e9bb9/userFiles-f1e8585c-9be9-42c0-a7c5-8750ba66e083/org.wildfly.openssl_wildfly-openssl-1.0.7.Final.jar
[2024-10-11T00:37:41.274+0000] {spark_submit.py:579} INFO - 24/10/11 00:37:41 INFO StandaloneAppClient$ClientEndpoint: Connecting to master spark://spark-master:7077...
[2024-10-11T00:37:41.332+0000] {spark_submit.py:579} INFO - 24/10/11 00:37:41 INFO TransportClientFactory: Successfully created connection to spark-master/172.18.0.3:7077 after 36 ms (0 ms spent in bootstraps)
[2024-10-11T00:37:41.451+0000] {spark_submit.py:579} INFO - 24/10/11 00:37:41 INFO StandaloneSchedulerBackend: Connected to Spark cluster with app ID app-20241011003741-0001
[2024-10-11T00:37:41.455+0000] {spark_submit.py:579} INFO - 24/10/11 00:37:41 INFO StandaloneAppClient$ClientEndpoint: Executor added: app-20241011003741-0001/0 on worker-20241011002446-172.18.0.6-46829 (172.18.0.6:46829) with 2 core(s)
[2024-10-11T00:37:41.459+0000] {spark_submit.py:579} INFO - 24/10/11 00:37:41 INFO StandaloneSchedulerBackend: Granted executor ID app-20241011003741-0001/0 on hostPort 172.18.0.6:46829 with 2 core(s), 2.0 GiB RAM
[2024-10-11T00:37:41.467+0000] {spark_submit.py:579} INFO - 24/10/11 00:37:41 INFO Utils: Successfully started service 'org.apache.spark.network.netty.NettyBlockTransferService' on port 35467.
[2024-10-11T00:37:41.468+0000] {spark_submit.py:579} INFO - 24/10/11 00:37:41 INFO NettyBlockTransferService: Server created on 84076e7a47fe:35467
[2024-10-11T00:37:41.470+0000] {spark_submit.py:579} INFO - 24/10/11 00:37:41 INFO BlockManager: Using org.apache.spark.storage.RandomBlockReplicationPolicy for block replication policy
[2024-10-11T00:37:41.487+0000] {spark_submit.py:579} INFO - 24/10/11 00:37:41 INFO BlockManagerMaster: Registering BlockManager BlockManagerId(driver, 84076e7a47fe, 35467, None)
[2024-10-11T00:37:41.496+0000] {spark_submit.py:579} INFO - 24/10/11 00:37:41 INFO BlockManagerMasterEndpoint: Registering block manager 84076e7a47fe:35467 with 434.4 MiB RAM, BlockManagerId(driver, 84076e7a47fe, 35467, None)
[2024-10-11T00:37:41.501+0000] {spark_submit.py:579} INFO - 24/10/11 00:37:41 INFO BlockManagerMaster: Registered BlockManager BlockManagerId(driver, 84076e7a47fe, 35467, None)
[2024-10-11T00:37:41.505+0000] {spark_submit.py:579} INFO - 24/10/11 00:37:41 INFO BlockManager: Initialized BlockManager: BlockManagerId(driver, 84076e7a47fe, 35467, None)
[2024-10-11T00:37:41.517+0000] {spark_submit.py:579} INFO - 24/10/11 00:37:41 INFO StandaloneAppClient$ClientEndpoint: Executor updated: app-20241011003741-0001/0 is now RUNNING
[2024-10-11T00:37:41.871+0000] {spark_submit.py:579} INFO - 24/10/11 00:37:41 INFO StandaloneSchedulerBackend: SchedulerBackend is ready for scheduling beginning after reached minRegisteredResourcesRatio: 0.0
[2024-10-11T00:37:42.300+0000] {spark_submit.py:579} INFO - 2024-10-11 00:37:42,299 INFO: Spark session initialized successfully.
[2024-10-11T00:37:42.300+0000] {spark_submit.py:579} INFO - 2024-10-11 00:37:42,299 INFO: Reading data from s3a://lakehouse/bronze/keywords.parquet
[2024-10-11T00:37:42.311+0000] {spark_submit.py:579} INFO - 24/10/11 00:37:42 INFO SharedState: Setting hive.metastore.warehouse.dir ('null') to the value of spark.sql.warehouse.dir.
[2024-10-11T00:37:42.673+0000] {spark_submit.py:579} INFO - 24/10/11 00:37:42 WARN MetricsConfig: Cannot locate configuration: tried hadoop-metrics2-s3a-file-system.properties,hadoop-metrics2.properties
[2024-10-11T00:37:42.694+0000] {spark_submit.py:579} INFO - 24/10/11 00:37:42 INFO MetricsSystemImpl: Scheduled Metric snapshot period at 10 second(s).
[2024-10-11T00:37:42.695+0000] {spark_submit.py:579} INFO - 24/10/11 00:37:42 INFO MetricsSystemImpl: s3a-file-system metrics system started
[2024-10-11T00:37:44.488+0000] {spark_submit.py:579} INFO - 24/10/11 00:37:44 INFO SharedState: Warehouse path is 's3a://lakehouse/'.
[2024-10-11T00:37:45.165+0000] {spark_submit.py:579} INFO - 24/10/11 00:37:45 INFO StandaloneSchedulerBackend$StandaloneDriverEndpoint: Registered executor NettyRpcEndpointRef(spark-client://Executor) (172.18.0.6:38296) with ID 0,  ResourceProfileId 0
[2024-10-11T00:37:45.259+0000] {spark_submit.py:579} INFO - 24/10/11 00:37:45 INFO BlockManagerMasterEndpoint: Registering block manager 172.18.0.6:33959 with 1048.8 MiB RAM, BlockManagerId(0, 172.18.0.6, 33959, None)
[2024-10-11T00:37:46.593+0000] {spark_submit.py:579} INFO - 24/10/11 00:37:46 INFO InMemoryFileIndex: It took 132 ms to list leaf files for 1 paths.
[2024-10-11T00:37:51.046+0000] {spark_submit.py:579} INFO - 2024-10-11 00:37:51,045 INFO: Cleaning data...
[2024-10-11T00:37:51.151+0000] {spark_submit.py:579} INFO - 2024-10-11 00:37:51,151 INFO: Saving cleaned data to s3a://lakehouse/silver
[2024-10-11T00:37:52.524+0000] {spark_submit.py:579} INFO - 24/10/11 00:37:52 INFO DeltaLog: Creating initial snapshot without metadata, because the directory is empty
[2024-10-11T00:37:52.689+0000] {spark_submit.py:579} INFO - 24/10/11 00:37:52 INFO InitialSnapshot: [tableId=d6a64ad4-c104-4a1a-bfd5-53d219295e97] Created snapshot InitialSnapshot(path=s3a://lakehouse/silver/_delta_log, version=-1, metadata=Metadata(0e198360-d386-4dd6-8ad8-6ca38bdfb1e4,null,null,Format(parquet,Map()),null,List(),Map(),Some(1728607072676)), logSegment=LogSegment(s3a://lakehouse/silver/_delta_log,-1,List(),None,-1), checksumOpt=None)
[2024-10-11T00:37:52.811+0000] {spark_submit.py:579} INFO - 24/10/11 00:37:52 INFO DeltaLog: No delta log found for the Delta table at s3a://lakehouse/silver/_delta_log
[2024-10-11T00:37:52.812+0000] {spark_submit.py:579} INFO - 24/10/11 00:37:52 INFO InitialSnapshot: [tableId=0e198360-d386-4dd6-8ad8-6ca38bdfb1e4] Created snapshot InitialSnapshot(path=s3a://lakehouse/silver/_delta_log, version=-1, metadata=Metadata(1accb326-2e71-4bc2-a187-a7884ef20743,null,null,Format(parquet,Map()),null,List(),Map(),Some(1728607072812)), logSegment=LogSegment(s3a://lakehouse/silver/_delta_log,-1,List(),None,-1), checksumOpt=None)
[2024-10-11T00:37:52.922+0000] {spark_submit.py:579} INFO - 24/10/11 00:37:52 INFO OptimisticTransaction: [tableId=1accb326,txnId=f63018d0] Updated metadata from - to Metadata(fe41e374-45cf-43dc-97a3-e8633a29e648,null,null,Format(parquet,Map()),{"type":"struct","fields":[{"name":"id","type":"string","nullable":true,"metadata":{}},{"name":"keywords","type":"string","nullable":true,"metadata":{}}]},List(),Map(),Some(1728607072903))
[2024-10-11T00:37:53.592+0000] {spark_submit.py:579} INFO - 24/10/11 00:37:53 INFO FileSourceStrategy: Pushed Filters: IsNotNull(keywords)
[2024-10-11T00:37:53.593+0000] {spark_submit.py:579} INFO - 24/10/11 00:37:53 INFO FileSourceStrategy: Post-Scan Filters: isnotnull(keywords#1)
[2024-10-11T00:37:53.781+0000] {spark_submit.py:579} INFO - 24/10/11 00:37:53 INFO ParquetUtils: Using default output committer for Parquet: org.apache.parquet.hadoop.ParquetOutputCommitter
[2024-10-11T00:37:53.900+0000] {spark_submit.py:579} INFO - 24/10/11 00:37:53 INFO HashAggregateExec: spark.sql.codegen.aggregate.map.twolevel.enabled is set to true, but current version of codegened fast hashmap does not support this aggregate.
[2024-10-11T00:37:54.361+0000] {spark_submit.py:579} INFO - 24/10/11 00:37:54 INFO CodeGenerator: Code generated in 378.543842 ms
[2024-10-11T00:37:54.431+0000] {spark_submit.py:579} INFO - 24/10/11 00:37:54 INFO MemoryStore: Block broadcast_0 stored as values in memory (estimated size 204.8 KiB, free 434.2 MiB)
[2024-10-11T00:37:54.509+0000] {spark_submit.py:579} INFO - 24/10/11 00:37:54 INFO MemoryStore: Block broadcast_0_piece0 stored as bytes in memory (estimated size 36.0 KiB, free 434.2 MiB)
[2024-10-11T00:37:54.521+0000] {spark_submit.py:579} INFO - 24/10/11 00:37:54 INFO BlockManagerInfo: Added broadcast_0_piece0 in memory on 84076e7a47fe:35467 (size: 36.0 KiB, free: 434.4 MiB)
[2024-10-11T00:37:54.528+0000] {spark_submit.py:579} INFO - 24/10/11 00:37:54 INFO SparkContext: Created broadcast 0 from save at NativeMethodAccessorImpl.java:0
[2024-10-11T00:37:54.567+0000] {spark_submit.py:579} INFO - 24/10/11 00:37:54 INFO FileSourceScanExec: Planning scan with bin packing, max size: 5213123 bytes, open cost is considered as scanning 4194304 bytes.
[2024-10-11T00:37:54.855+0000] {spark_submit.py:579} INFO - 24/10/11 00:37:54 INFO DAGScheduler: Registering RDD 3 (save at NativeMethodAccessorImpl.java:0) as input to shuffle 0
[2024-10-11T00:37:54.860+0000] {spark_submit.py:579} INFO - 24/10/11 00:37:54 INFO DAGScheduler: Got map stage job 0 (save at NativeMethodAccessorImpl.java:0) with 2 output partitions
[2024-10-11T00:37:54.860+0000] {spark_submit.py:579} INFO - 24/10/11 00:37:54 INFO DAGScheduler: Final stage: ShuffleMapStage 0 (save at NativeMethodAccessorImpl.java:0)
[2024-10-11T00:37:54.861+0000] {spark_submit.py:579} INFO - 24/10/11 00:37:54 INFO DAGScheduler: Parents of final stage: List()
[2024-10-11T00:37:54.864+0000] {spark_submit.py:579} INFO - 24/10/11 00:37:54 INFO DAGScheduler: Missing parents: List()
[2024-10-11T00:37:54.869+0000] {spark_submit.py:579} INFO - 24/10/11 00:37:54 INFO DAGScheduler: Submitting ShuffleMapStage 0 (MapPartitionsRDD[3] at save at NativeMethodAccessorImpl.java:0), which has no missing parents
[2024-10-11T00:37:54.910+0000] {spark_submit.py:579} INFO - 24/10/11 00:37:54 INFO MemoryStore: Block broadcast_1 stored as values in memory (estimated size 31.3 KiB, free 434.1 MiB)
[2024-10-11T00:37:54.921+0000] {spark_submit.py:579} INFO - 24/10/11 00:37:54 INFO MemoryStore: Block broadcast_1_piece0 stored as bytes in memory (estimated size 14.7 KiB, free 434.1 MiB)
[2024-10-11T00:37:54.922+0000] {spark_submit.py:579} INFO - 24/10/11 00:37:54 INFO BlockManagerInfo: Added broadcast_1_piece0 in memory on 84076e7a47fe:35467 (size: 14.7 KiB, free: 434.4 MiB)
[2024-10-11T00:37:54.923+0000] {spark_submit.py:579} INFO - 24/10/11 00:37:54 INFO SparkContext: Created broadcast 1 from broadcast at DAGScheduler.scala:1540
[2024-10-11T00:37:54.953+0000] {spark_submit.py:579} INFO - 24/10/11 00:37:54 INFO DAGScheduler: Submitting 2 missing tasks from ShuffleMapStage 0 (MapPartitionsRDD[3] at save at NativeMethodAccessorImpl.java:0) (first 15 tasks are for partitions Vector(0, 1))
[2024-10-11T00:37:54.955+0000] {spark_submit.py:579} INFO - 24/10/11 00:37:54 INFO TaskSchedulerImpl: Adding task set 0.0 with 2 tasks resource profile 0
[2024-10-11T00:37:55.000+0000] {spark_submit.py:579} INFO - 24/10/11 00:37:54 INFO TaskSetManager: Starting task 0.0 in stage 0.0 (TID 0) (172.18.0.6, executor 0, partition 0, PROCESS_LOCAL, 7912 bytes)
[2024-10-11T00:37:55.004+0000] {spark_submit.py:579} INFO - 24/10/11 00:37:55 INFO TaskSetManager: Starting task 1.0 in stage 0.0 (TID 1) (172.18.0.6, executor 0, partition 1, PROCESS_LOCAL, 7912 bytes)
[2024-10-11T00:37:55.316+0000] {spark_submit.py:579} INFO - 24/10/11 00:37:55 INFO BlockManagerInfo: Added broadcast_1_piece0 in memory on 172.18.0.6:33959 (size: 14.7 KiB, free: 1048.8 MiB)
[2024-10-11T00:37:56.587+0000] {spark_submit.py:579} INFO - 24/10/11 00:37:56 INFO BlockManagerInfo: Added broadcast_0_piece0 in memory on 172.18.0.6:33959 (size: 36.0 KiB, free: 1048.8 MiB)
[2024-10-11T00:37:58.787+0000] {spark_submit.py:579} INFO - 24/10/11 00:37:58 INFO TaskSetManager: Finished task 1.0 in stage 0.0 (TID 1) in 3782 ms on 172.18.0.6 (executor 0) (1/2)
[2024-10-11T00:37:58.929+0000] {spark_submit.py:579} INFO - 24/10/11 00:37:58 INFO TaskSetManager: Finished task 0.0 in stage 0.0 (TID 0) in 3941 ms on 172.18.0.6 (executor 0) (2/2)
[2024-10-11T00:37:58.930+0000] {spark_submit.py:579} INFO - 24/10/11 00:37:58 INFO TaskSchedulerImpl: Removed TaskSet 0.0, whose tasks have all completed, from pool
[2024-10-11T00:37:58.939+0000] {spark_submit.py:579} INFO - 24/10/11 00:37:58 INFO DAGScheduler: ShuffleMapStage 0 (save at NativeMethodAccessorImpl.java:0) finished in 4.043 s
[2024-10-11T00:37:58.940+0000] {spark_submit.py:579} INFO - 24/10/11 00:37:58 INFO DAGScheduler: looking for newly runnable stages
[2024-10-11T00:37:58.941+0000] {spark_submit.py:579} INFO - 24/10/11 00:37:58 INFO DAGScheduler: running: Set()
[2024-10-11T00:37:58.942+0000] {spark_submit.py:579} INFO - 24/10/11 00:37:58 INFO DAGScheduler: waiting: Set()
[2024-10-11T00:37:58.942+0000] {spark_submit.py:579} INFO - 24/10/11 00:37:58 INFO DAGScheduler: failed: Set()
[2024-10-11T00:37:58.974+0000] {spark_submit.py:579} INFO - 24/10/11 00:37:58 INFO ShufflePartitionsUtil: For shuffle(0), advisory target size: 67108864, actual target size 1590224, minimum partition size: 1048576
[2024-10-11T00:37:59.003+0000] {spark_submit.py:579} INFO - 24/10/11 00:37:59 INFO HashAggregateExec: spark.sql.codegen.aggregate.map.twolevel.enabled is set to true, but current version of codegened fast hashmap does not support this aggregate.
[2024-10-11T00:37:59.027+0000] {spark_submit.py:579} INFO - 24/10/11 00:37:59 INFO CodeGenerator: Code generated in 19.05438 ms
[2024-10-11T00:37:59.134+0000] {spark_submit.py:579} INFO - 24/10/11 00:37:59 INFO SparkContext: Starting job: save at NativeMethodAccessorImpl.java:0
[2024-10-11T00:37:59.137+0000] {spark_submit.py:579} INFO - 24/10/11 00:37:59 INFO DAGScheduler: Got job 1 (save at NativeMethodAccessorImpl.java:0) with 2 output partitions
[2024-10-11T00:37:59.138+0000] {spark_submit.py:579} INFO - 24/10/11 00:37:59 INFO DAGScheduler: Final stage: ResultStage 2 (save at NativeMethodAccessorImpl.java:0)
[2024-10-11T00:37:59.139+0000] {spark_submit.py:579} INFO - 24/10/11 00:37:59 INFO DAGScheduler: Parents of final stage: List(ShuffleMapStage 1)
[2024-10-11T00:37:59.140+0000] {spark_submit.py:579} INFO - 24/10/11 00:37:59 INFO DAGScheduler: Missing parents: List()
[2024-10-11T00:37:59.143+0000] {spark_submit.py:579} INFO - 24/10/11 00:37:59 INFO DAGScheduler: Submitting ResultStage 2 (MapPartitionsRDD[5] at save at NativeMethodAccessorImpl.java:0), which has no missing parents
[2024-10-11T00:37:59.194+0000] {spark_submit.py:579} INFO - 24/10/11 00:37:59 INFO MemoryStore: Block broadcast_2 stored as values in memory (estimated size 357.9 KiB, free 433.8 MiB)
[2024-10-11T00:37:59.197+0000] {spark_submit.py:579} INFO - 24/10/11 00:37:59 INFO MemoryStore: Block broadcast_2_piece0 stored as bytes in memory (estimated size 131.5 KiB, free 433.6 MiB)
[2024-10-11T00:37:59.199+0000] {spark_submit.py:579} INFO - 24/10/11 00:37:59 INFO BlockManagerInfo: Added broadcast_2_piece0 in memory on 84076e7a47fe:35467 (size: 131.5 KiB, free: 434.2 MiB)
[2024-10-11T00:37:59.200+0000] {spark_submit.py:579} INFO - 24/10/11 00:37:59 INFO SparkContext: Created broadcast 2 from broadcast at DAGScheduler.scala:1540
[2024-10-11T00:37:59.203+0000] {spark_submit.py:579} INFO - 24/10/11 00:37:59 INFO DAGScheduler: Submitting 2 missing tasks from ResultStage 2 (MapPartitionsRDD[5] at save at NativeMethodAccessorImpl.java:0) (first 15 tasks are for partitions Vector(0, 1))
[2024-10-11T00:37:59.204+0000] {spark_submit.py:579} INFO - 24/10/11 00:37:59 INFO TaskSchedulerImpl: Adding task set 2.0 with 2 tasks resource profile 0
[2024-10-11T00:37:59.211+0000] {spark_submit.py:579} INFO - 24/10/11 00:37:59 INFO BlockManagerInfo: Removed broadcast_1_piece0 on 84076e7a47fe:35467 in memory (size: 14.7 KiB, free: 434.2 MiB)
[2024-10-11T00:37:59.214+0000] {spark_submit.py:579} INFO - 24/10/11 00:37:59 INFO BlockManagerInfo: Removed broadcast_1_piece0 on 172.18.0.6:33959 in memory (size: 14.7 KiB, free: 1048.8 MiB)
[2024-10-11T00:37:59.226+0000] {spark_submit.py:579} INFO - 24/10/11 00:37:59 INFO TaskSetManager: Starting task 0.0 in stage 2.0 (TID 2) (172.18.0.6, executor 0, partition 0, NODE_LOCAL, 7367 bytes)
[2024-10-11T00:37:59.227+0000] {spark_submit.py:579} INFO - 24/10/11 00:37:59 INFO TaskSetManager: Starting task 1.0 in stage 2.0 (TID 3) (172.18.0.6, executor 0, partition 1, NODE_LOCAL, 7367 bytes)
[2024-10-11T00:37:59.267+0000] {spark_submit.py:579} INFO - 24/10/11 00:37:59 INFO BlockManagerInfo: Added broadcast_2_piece0 in memory on 172.18.0.6:33959 (size: 131.5 KiB, free: 1048.6 MiB)
[2024-10-11T00:37:59.511+0000] {spark_submit.py:579} INFO - 24/10/11 00:37:59 INFO MapOutputTrackerMasterEndpoint: Asked to send map output locations for shuffle 0 to 172.18.0.6:38296
[2024-10-11T00:38:02.662+0000] {spark_submit.py:579} INFO - 24/10/11 00:38:02 INFO TaskSetManager: Finished task 1.0 in stage 2.0 (TID 3) in 3435 ms on 172.18.0.6 (executor 0) (1/2)
[2024-10-11T00:38:02.662+0000] {spark_submit.py:579} INFO - 24/10/11 00:38:02 INFO TaskSetManager: Finished task 0.0 in stage 2.0 (TID 2) in 3452 ms on 172.18.0.6 (executor 0) (2/2)
[2024-10-11T00:38:02.663+0000] {spark_submit.py:579} INFO - 24/10/11 00:38:02 INFO TaskSchedulerImpl: Removed TaskSet 2.0, whose tasks have all completed, from pool
[2024-10-11T00:38:02.666+0000] {spark_submit.py:579} INFO - 24/10/11 00:38:02 INFO DAGScheduler: ResultStage 2 (save at NativeMethodAccessorImpl.java:0) finished in 3.504 s
[2024-10-11T00:38:02.667+0000] {spark_submit.py:579} INFO - 24/10/11 00:38:02 INFO DAGScheduler: Job 1 is finished. Cancelling potential speculative or zombie tasks for this job
[2024-10-11T00:38:02.668+0000] {spark_submit.py:579} INFO - 24/10/11 00:38:02 INFO TaskSchedulerImpl: Killing all running tasks in stage 2: Stage finished
[2024-10-11T00:38:02.670+0000] {spark_submit.py:579} INFO - 24/10/11 00:38:02 INFO DAGScheduler: Job 1 finished: save at NativeMethodAccessorImpl.java:0, took 3.535728 s
[2024-10-11T00:38:02.674+0000] {spark_submit.py:579} INFO - 24/10/11 00:38:02 INFO FileFormatWriter: Start to commit write Job 95482f2b-ce5d-42c5-821e-0d1383631039.
[2024-10-11T00:38:02.677+0000] {spark_submit.py:579} INFO - 24/10/11 00:38:02 INFO FileFormatWriter: Write Job 95482f2b-ce5d-42c5-821e-0d1383631039 committed. Elapsed time: 1 ms.
[2024-10-11T00:38:02.681+0000] {spark_submit.py:579} INFO - 24/10/11 00:38:02 INFO FileFormatWriter: Finished processing stats for write job 95482f2b-ce5d-42c5-821e-0d1383631039.
[2024-10-11T00:38:04.866+0000] {spark_submit.py:579} INFO - 24/10/11 00:38:04 INFO BlockManagerInfo: Removed broadcast_2_piece0 on 84076e7a47fe:35467 in memory (size: 131.5 KiB, free: 434.4 MiB)
[2024-10-11T00:38:04.868+0000] {spark_submit.py:579} INFO - 24/10/11 00:38:04 INFO BlockManagerInfo: Removed broadcast_2_piece0 on 172.18.0.6:33959 in memory (size: 131.5 KiB, free: 1048.8 MiB)
[2024-10-11T00:38:05.807+0000] {spark_submit.py:579} INFO - 24/10/11 00:38:05 INFO CodeGenerator: Code generated in 313.14514 ms
[2024-10-11T00:38:05.921+0000] {spark_submit.py:579} INFO - 24/10/11 00:38:05 INFO SparkContext: Starting job: $anonfun$recordDeltaOperationInternal$1 at DatabricksLogging.scala:128
[2024-10-11T00:38:05.922+0000] {spark_submit.py:579} INFO - 24/10/11 00:38:05 INFO DAGScheduler: Job 2 finished: $anonfun$recordDeltaOperationInternal$1 at DatabricksLogging.scala:128, took 0.000482 s
[2024-10-11T00:38:05.996+0000] {spark_submit.py:579} INFO - 24/10/11 00:38:05 INFO OptimisticTransaction: [tableId=1accb326,txnId=f63018d0] Attempting to commit version 0 with 5 actions with Serializable isolation level
[2024-10-11T00:38:06.393+0000] {spark_submit.py:579} INFO - 24/10/11 00:38:06 INFO DeltaLog: Creating a new snapshot v0 for commit version 0
[2024-10-11T00:38:06.394+0000] {spark_submit.py:579} INFO - 24/10/11 00:38:06 INFO DeltaLog: Loading version 0.
[2024-10-11T00:38:06.419+0000] {spark_submit.py:579} INFO - 24/10/11 00:38:06 INFO DeltaLogFileIndex: Created DeltaLogFileIndex(JSON, numFilesInSegment: 1, totalFileSize: 1630)
[2024-10-11T00:38:06.611+0000] {spark_submit.py:579} INFO - 24/10/11 00:38:06 INFO FileSourceStrategy: Pushed Filters:
[2024-10-11T00:38:06.611+0000] {spark_submit.py:579} INFO - 24/10/11 00:38:06 INFO FileSourceStrategy: Post-Scan Filters:
[2024-10-11T00:38:06.694+0000] {spark_submit.py:579} INFO - 24/10/11 00:38:06 INFO CodeGenerator: Code generated in 50.311051 ms
[2024-10-11T00:38:06.700+0000] {spark_submit.py:579} INFO - 24/10/11 00:38:06 INFO MemoryStore: Block broadcast_3 stored as values in memory (estimated size 205.1 KiB, free 434.0 MiB)
[2024-10-11T00:38:06.717+0000] {spark_submit.py:579} INFO - 24/10/11 00:38:06 INFO MemoryStore: Block broadcast_3_piece0 stored as bytes in memory (estimated size 36.1 KiB, free 433.9 MiB)
[2024-10-11T00:38:06.718+0000] {spark_submit.py:579} INFO - 24/10/11 00:38:06 INFO BlockManagerInfo: Added broadcast_3_piece0 in memory on 84076e7a47fe:35467 (size: 36.1 KiB, free: 434.3 MiB)
[2024-10-11T00:38:06.720+0000] {spark_submit.py:579} INFO - 24/10/11 00:38:06 INFO SparkContext: Created broadcast 3 from toString at String.java:2951
[2024-10-11T00:38:06.755+0000] {spark_submit.py:579} INFO - 24/10/11 00:38:06 INFO FileSourceScanExec: Planning scan with bin packing, max size: 4194304 bytes, open cost is considered as scanning 4194304 bytes.
[2024-10-11T00:38:06.788+0000] {spark_submit.py:579} INFO - 24/10/11 00:38:06 INFO SparkContext: Starting job: toString at String.java:2951
[2024-10-11T00:38:06.789+0000] {spark_submit.py:579} INFO - 24/10/11 00:38:06 INFO DAGScheduler: Got job 3 (toString at String.java:2951) with 1 output partitions
[2024-10-11T00:38:06.790+0000] {spark_submit.py:579} INFO - 24/10/11 00:38:06 INFO DAGScheduler: Final stage: ResultStage 3 (toString at String.java:2951)
[2024-10-11T00:38:06.791+0000] {spark_submit.py:579} INFO - 24/10/11 00:38:06 INFO DAGScheduler: Parents of final stage: List()
[2024-10-11T00:38:06.791+0000] {spark_submit.py:579} INFO - 24/10/11 00:38:06 INFO DAGScheduler: Missing parents: List()
[2024-10-11T00:38:06.792+0000] {spark_submit.py:579} INFO - 24/10/11 00:38:06 INFO DAGScheduler: Submitting ResultStage 3 (MapPartitionsRDD[13] at toString at String.java:2951), which has no missing parents
[2024-10-11T00:38:06.794+0000] {spark_submit.py:579} INFO - 24/10/11 00:38:06 INFO MemoryStore: Block broadcast_4 stored as values in memory (estimated size 50.4 KiB, free 433.9 MiB)
[2024-10-11T00:38:06.804+0000] {spark_submit.py:579} INFO - 24/10/11 00:38:06 INFO MemoryStore: Block broadcast_4_piece0 stored as bytes in memory (estimated size 15.5 KiB, free 433.9 MiB)
[2024-10-11T00:38:06.806+0000] {spark_submit.py:579} INFO - 24/10/11 00:38:06 INFO BlockManagerInfo: Added broadcast_4_piece0 in memory on 84076e7a47fe:35467 (size: 15.5 KiB, free: 434.3 MiB)
[2024-10-11T00:38:06.807+0000] {spark_submit.py:579} INFO - 24/10/11 00:38:06 INFO SparkContext: Created broadcast 4 from broadcast at DAGScheduler.scala:1540
[2024-10-11T00:38:06.807+0000] {spark_submit.py:579} INFO - 24/10/11 00:38:06 INFO DAGScheduler: Submitting 1 missing tasks from ResultStage 3 (MapPartitionsRDD[13] at toString at String.java:2951) (first 15 tasks are for partitions Vector(0))
[2024-10-11T00:38:06.808+0000] {spark_submit.py:579} INFO - 24/10/11 00:38:06 INFO TaskSchedulerImpl: Adding task set 3.0 with 1 tasks resource profile 0
[2024-10-11T00:38:06.810+0000] {spark_submit.py:579} INFO - 24/10/11 00:38:06 INFO TaskSetManager: Starting task 0.0 in stage 3.0 (TID 4) (172.18.0.6, executor 0, partition 0, PROCESS_LOCAL, 7943 bytes)
[2024-10-11T00:38:06.829+0000] {spark_submit.py:579} INFO - 24/10/11 00:38:06 INFO BlockManagerInfo: Added broadcast_4_piece0 in memory on 172.18.0.6:33959 (size: 15.5 KiB, free: 1048.7 MiB)
[2024-10-11T00:38:07.090+0000] {spark_submit.py:579} INFO - 24/10/11 00:38:07 INFO BlockManagerInfo: Added broadcast_3_piece0 in memory on 172.18.0.6:33959 (size: 36.1 KiB, free: 1048.7 MiB)
[2024-10-11T00:38:07.151+0000] {spark_submit.py:579} INFO - 24/10/11 00:38:07 INFO TaskSetManager: Finished task 0.0 in stage 3.0 (TID 4) in 342 ms on 172.18.0.6 (executor 0) (1/1)
[2024-10-11T00:38:07.152+0000] {spark_submit.py:579} INFO - 24/10/11 00:38:07 INFO TaskSchedulerImpl: Removed TaskSet 3.0, whose tasks have all completed, from pool
[2024-10-11T00:38:07.153+0000] {spark_submit.py:579} INFO - 24/10/11 00:38:07 INFO DAGScheduler: ResultStage 3 (toString at String.java:2951) finished in 0.360 s
[2024-10-11T00:38:07.153+0000] {spark_submit.py:579} INFO - 24/10/11 00:38:07 INFO DAGScheduler: Job 3 is finished. Cancelling potential speculative or zombie tasks for this job
[2024-10-11T00:38:07.154+0000] {spark_submit.py:579} INFO - 24/10/11 00:38:07 INFO TaskSchedulerImpl: Killing all running tasks in stage 3: Stage finished
[2024-10-11T00:38:07.155+0000] {spark_submit.py:579} INFO - 24/10/11 00:38:07 INFO DAGScheduler: Job 3 finished: toString at String.java:2951, took 0.365293 s
[2024-10-11T00:38:07.213+0000] {spark_submit.py:579} INFO - 24/10/11 00:38:07 INFO CodeGenerator: Code generated in 36.732454 ms
[2024-10-11T00:38:07.224+0000] {spark_submit.py:579} INFO - 24/10/11 00:38:07 INFO Snapshot: [tableId=1accb326-2e71-4bc2-a187-a7884ef20743] Created snapshot Snapshot(path=s3a://lakehouse/silver/_delta_log, version=0, metadata=Metadata(fe41e374-45cf-43dc-97a3-e8633a29e648,null,null,Format(parquet,Map()),{"type":"struct","fields":[{"name":"id","type":"string","nullable":true,"metadata":{}},{"name":"keywords","type":"string","nullable":true,"metadata":{}}]},List(),Map(),Some(1728607072903)), logSegment=LogSegment(s3a://lakehouse/silver/_delta_log,0,WrappedArray(S3AFileStatus{path=s3a://lakehouse/silver/_delta_log/00000000000000000000.json; isDirectory=false; length=1630; replication=1; blocksize=33554432; modification_time=1728607086306; access_time=0; owner=***; group=***; permission=rw-rw-rw-; isSymlink=false; hasAcl=false; isEncrypted=true; isErasureCoded=false} isEmptyDirectory=FALSE eTag=1a28696d8f7f517f8130707a95519b60 versionId=null),None,1728607086306), checksumOpt=None)
[2024-10-11T00:38:07.226+0000] {spark_submit.py:579} INFO - 24/10/11 00:38:07 INFO DeltaLog: Updated snapshot to Snapshot(path=s3a://lakehouse/silver/_delta_log, version=0, metadata=Metadata(fe41e374-45cf-43dc-97a3-e8633a29e648,null,null,Format(parquet,Map()),{"type":"struct","fields":[{"name":"id","type":"string","nullable":true,"metadata":{}},{"name":"keywords","type":"string","nullable":true,"metadata":{}}]},List(),Map(),Some(1728607072903)), logSegment=LogSegment(s3a://lakehouse/silver/_delta_log,0,WrappedArray(S3AFileStatus{path=s3a://lakehouse/silver/_delta_log/00000000000000000000.json; isDirectory=false; length=1630; replication=1; blocksize=33554432; modification_time=1728607086306; access_time=0; owner=***; group=***; permission=rw-rw-rw-; isSymlink=false; hasAcl=false; isEncrypted=true; isErasureCoded=false} isEmptyDirectory=FALSE eTag=1a28696d8f7f517f8130707a95519b60 versionId=null),None,1728607086306), checksumOpt=None)
[2024-10-11T00:38:07.229+0000] {spark_submit.py:579} INFO - 24/10/11 00:38:07 INFO Snapshot: [tableId=fe41e374-45cf-43dc-97a3-e8633a29e648] DELTA: Compute snapshot for version: 0
[2024-10-11T00:38:07.247+0000] {spark_submit.py:579} INFO - 24/10/11 00:38:07 INFO MemoryStore: Block broadcast_5 stored as values in memory (estimated size 204.8 KiB, free 433.7 MiB)
[2024-10-11T00:38:07.266+0000] {spark_submit.py:579} INFO - 24/10/11 00:38:07 INFO BlockManagerInfo: Removed broadcast_4_piece0 on 84076e7a47fe:35467 in memory (size: 15.5 KiB, free: 434.3 MiB)
[2024-10-11T00:38:07.268+0000] {spark_submit.py:579} INFO - 24/10/11 00:38:07 INFO BlockManagerInfo: Removed broadcast_4_piece0 on 172.18.0.6:33959 in memory (size: 15.5 KiB, free: 1048.7 MiB)
[2024-10-11T00:38:07.271+0000] {spark_submit.py:579} INFO - 24/10/11 00:38:07 INFO MemoryStore: Block broadcast_5_piece0 stored as bytes in memory (estimated size 36.1 KiB, free 433.7 MiB)
[2024-10-11T00:38:07.274+0000] {spark_submit.py:579} INFO - 24/10/11 00:38:07 INFO BlockManagerInfo: Added broadcast_5_piece0 in memory on 84076e7a47fe:35467 (size: 36.1 KiB, free: 434.3 MiB)
[2024-10-11T00:38:07.276+0000] {spark_submit.py:579} INFO - 24/10/11 00:38:07 INFO SparkContext: Created broadcast 5 from $anonfun$recordDeltaOperationInternal$1 at DatabricksLogging.scala:128
[2024-10-11T00:38:07.544+0000] {spark_submit.py:579} INFO - 24/10/11 00:38:07 INFO BlockManagerInfo: Removed broadcast_3_piece0 on 84076e7a47fe:35467 in memory (size: 36.1 KiB, free: 434.3 MiB)
[2024-10-11T00:38:07.546+0000] {spark_submit.py:579} INFO - 24/10/11 00:38:07 INFO BlockManagerInfo: Removed broadcast_3_piece0 on 172.18.0.6:33959 in memory (size: 36.1 KiB, free: 1048.8 MiB)
[2024-10-11T00:38:07.796+0000] {spark_submit.py:579} INFO - 24/10/11 00:38:07 INFO FileSourceStrategy: Pushed Filters:
[2024-10-11T00:38:07.797+0000] {spark_submit.py:579} INFO - 24/10/11 00:38:07 INFO FileSourceStrategy: Post-Scan Filters:
[2024-10-11T00:38:07.828+0000] {spark_submit.py:579} INFO - 24/10/11 00:38:07 WARN package: Truncated the string representation of a plan since it was too large. This behavior can be adjusted by setting 'spark.sql.debug.maxToStringFields'.
[2024-10-11T00:38:08.024+0000] {spark_submit.py:579} INFO - 24/10/11 00:38:08 INFO CodeGenerator: Code generated in 106.86764 ms
[2024-10-11T00:38:08.029+0000] {spark_submit.py:579} INFO - 24/10/11 00:38:08 INFO MemoryStore: Block broadcast_6 stored as values in memory (estimated size 205.1 KiB, free 433.7 MiB)
[2024-10-11T00:38:08.047+0000] {spark_submit.py:579} INFO - 24/10/11 00:38:08 INFO MemoryStore: Block broadcast_6_piece0 stored as bytes in memory (estimated size 36.1 KiB, free 433.7 MiB)
[2024-10-11T00:38:08.048+0000] {spark_submit.py:579} INFO - 24/10/11 00:38:08 INFO BlockManagerInfo: Added broadcast_6_piece0 in memory on 84076e7a47fe:35467 (size: 36.1 KiB, free: 434.3 MiB)
[2024-10-11T00:38:08.050+0000] {spark_submit.py:579} INFO - 24/10/11 00:38:08 INFO SparkContext: Created broadcast 6 from $anonfun$recordDeltaOperationInternal$1 at DatabricksLogging.scala:128
[2024-10-11T00:38:08.051+0000] {spark_submit.py:579} INFO - 24/10/11 00:38:08 INFO FileSourceScanExec: Planning scan with bin packing, max size: 4194304 bytes, open cost is considered as scanning 4194304 bytes.
[2024-10-11T00:38:08.084+0000] {spark_submit.py:579} INFO - 24/10/11 00:38:08 INFO DAGScheduler: Registering RDD 17 ($anonfun$recordDeltaOperationInternal$1 at DatabricksLogging.scala:128) as input to shuffle 1
[2024-10-11T00:38:08.085+0000] {spark_submit.py:579} INFO - 24/10/11 00:38:08 INFO DAGScheduler: Got map stage job 4 ($anonfun$recordDeltaOperationInternal$1 at DatabricksLogging.scala:128) with 1 output partitions
[2024-10-11T00:38:08.085+0000] {spark_submit.py:579} INFO - 24/10/11 00:38:08 INFO DAGScheduler: Final stage: ShuffleMapStage 4 ($anonfun$recordDeltaOperationInternal$1 at DatabricksLogging.scala:128)
[2024-10-11T00:38:08.086+0000] {spark_submit.py:579} INFO - 24/10/11 00:38:08 INFO DAGScheduler: Parents of final stage: List()
[2024-10-11T00:38:08.089+0000] {spark_submit.py:579} INFO - 24/10/11 00:38:08 INFO DAGScheduler: Missing parents: List()
[2024-10-11T00:38:08.090+0000] {spark_submit.py:579} INFO - 24/10/11 00:38:08 INFO DAGScheduler: Submitting ShuffleMapStage 4 (MapPartitionsRDD[17] at $anonfun$recordDeltaOperationInternal$1 at DatabricksLogging.scala:128), which has no missing parents
[2024-10-11T00:38:08.107+0000] {spark_submit.py:579} INFO - 24/10/11 00:38:08 INFO MemoryStore: Block broadcast_7 stored as values in memory (estimated size 138.3 KiB, free 433.6 MiB)
[2024-10-11T00:38:08.110+0000] {spark_submit.py:579} INFO - 24/10/11 00:38:08 INFO MemoryStore: Block broadcast_7_piece0 stored as bytes in memory (estimated size 39.0 KiB, free 433.5 MiB)
[2024-10-11T00:38:08.112+0000] {spark_submit.py:579} INFO - 24/10/11 00:38:08 INFO BlockManagerInfo: Added broadcast_7_piece0 in memory on 84076e7a47fe:35467 (size: 39.0 KiB, free: 434.3 MiB)
[2024-10-11T00:38:08.113+0000] {spark_submit.py:579} INFO - 24/10/11 00:38:08 INFO SparkContext: Created broadcast 7 from broadcast at DAGScheduler.scala:1540
[2024-10-11T00:38:08.114+0000] {spark_submit.py:579} INFO - 24/10/11 00:38:08 INFO DAGScheduler: Submitting 1 missing tasks from ShuffleMapStage 4 (MapPartitionsRDD[17] at $anonfun$recordDeltaOperationInternal$1 at DatabricksLogging.scala:128) (first 15 tasks are for partitions Vector(0))
[2024-10-11T00:38:08.114+0000] {spark_submit.py:579} INFO - 24/10/11 00:38:08 INFO TaskSchedulerImpl: Adding task set 4.0 with 1 tasks resource profile 0
[2024-10-11T00:38:08.117+0000] {spark_submit.py:579} INFO - 24/10/11 00:38:08 INFO TaskSetManager: Starting task 0.0 in stage 4.0 (TID 5) (172.18.0.6, executor 0, partition 0, PROCESS_LOCAL, 7932 bytes)
[2024-10-11T00:38:08.134+0000] {spark_submit.py:579} INFO - 24/10/11 00:38:08 INFO BlockManagerInfo: Added broadcast_7_piece0 in memory on 172.18.0.6:33959 (size: 39.0 KiB, free: 1048.7 MiB)
[2024-10-11T00:38:08.562+0000] {spark_submit.py:579} INFO - 24/10/11 00:38:08 INFO BlockManagerInfo: Added broadcast_6_piece0 in memory on 172.18.0.6:33959 (size: 36.1 KiB, free: 1048.7 MiB)
[2024-10-11T00:38:08.610+0000] {spark_submit.py:579} INFO - 24/10/11 00:38:08 INFO TaskSetManager: Finished task 0.0 in stage 4.0 (TID 5) in 494 ms on 172.18.0.6 (executor 0) (1/1)
[2024-10-11T00:38:08.611+0000] {spark_submit.py:579} INFO - 24/10/11 00:38:08 INFO TaskSchedulerImpl: Removed TaskSet 4.0, whose tasks have all completed, from pool
[2024-10-11T00:38:08.612+0000] {spark_submit.py:579} INFO - 24/10/11 00:38:08 INFO DAGScheduler: ShuffleMapStage 4 ($anonfun$recordDeltaOperationInternal$1 at DatabricksLogging.scala:128) finished in 0.520 s
[2024-10-11T00:38:08.612+0000] {spark_submit.py:579} INFO - 24/10/11 00:38:08 INFO DAGScheduler: looking for newly runnable stages
[2024-10-11T00:38:08.613+0000] {spark_submit.py:579} INFO - 24/10/11 00:38:08 INFO DAGScheduler: running: Set()
[2024-10-11T00:38:08.613+0000] {spark_submit.py:579} INFO - 24/10/11 00:38:08 INFO DAGScheduler: waiting: Set()
[2024-10-11T00:38:08.614+0000] {spark_submit.py:579} INFO - 24/10/11 00:38:08 INFO DAGScheduler: failed: Set()
[2024-10-11T00:38:08.695+0000] {spark_submit.py:579} INFO - 24/10/11 00:38:08 INFO BlockManagerInfo: Removed broadcast_7_piece0 on 84076e7a47fe:35467 in memory (size: 39.0 KiB, free: 434.3 MiB)
[2024-10-11T00:38:08.697+0000] {spark_submit.py:579} INFO - 24/10/11 00:38:08 INFO BlockManagerInfo: Removed broadcast_7_piece0 on 172.18.0.6:33959 in memory (size: 39.0 KiB, free: 1048.7 MiB)
[2024-10-11T00:38:09.099+0000] {spark_submit.py:579} INFO - 24/10/11 00:38:09 INFO CodeGenerator: Generated method too long to be JIT compiled: org.apache.spark.sql.catalyst.expressions.GeneratedClass$GeneratedIteratorForCodegenStage3.serializefromobject_doConsume_0$ is 19938 bytes
[2024-10-11T00:38:09.099+0000] {spark_submit.py:579} INFO - 24/10/11 00:38:09 INFO CodeGenerator: Code generated in 308.422429 ms
[2024-10-11T00:38:09.211+0000] {spark_submit.py:579} INFO - 24/10/11 00:38:09 INFO CodeGenerator: Code generated in 79.244362 ms
[2024-10-11T00:38:09.652+0000] {spark_submit.py:579} INFO - 24/10/11 00:38:09 INFO CodeGenerator: Code generated in 93.700072 ms
[2024-10-11T00:38:09.662+0000] {spark_submit.py:579} INFO - 24/10/11 00:38:09 INFO DAGScheduler: Registering RDD 27 ($anonfun$recordDeltaOperationInternal$1 at DatabricksLogging.scala:128) as input to shuffle 2
[2024-10-11T00:38:09.663+0000] {spark_submit.py:579} INFO - 24/10/11 00:38:09 INFO DAGScheduler: Got map stage job 5 ($anonfun$recordDeltaOperationInternal$1 at DatabricksLogging.scala:128) with 50 output partitions
[2024-10-11T00:38:09.663+0000] {spark_submit.py:579} INFO - 24/10/11 00:38:09 INFO DAGScheduler: Final stage: ShuffleMapStage 6 ($anonfun$recordDeltaOperationInternal$1 at DatabricksLogging.scala:128)
[2024-10-11T00:38:09.664+0000] {spark_submit.py:579} INFO - 24/10/11 00:38:09 INFO DAGScheduler: Parents of final stage: List(ShuffleMapStage 5)
[2024-10-11T00:38:09.670+0000] {spark_submit.py:579} INFO - 24/10/11 00:38:09 INFO DAGScheduler: Missing parents: List()
[2024-10-11T00:38:09.672+0000] {spark_submit.py:579} INFO - 24/10/11 00:38:09 INFO DAGScheduler: Submitting ShuffleMapStage 6 (MapPartitionsRDD[27] at $anonfun$recordDeltaOperationInternal$1 at DatabricksLogging.scala:128), which has no missing parents
[2024-10-11T00:38:09.860+0000] {spark_submit.py:579} INFO - 24/10/11 00:38:09 INFO MemoryStore: Block broadcast_8 stored as values in memory (estimated size 517.0 KiB, free 433.2 MiB)
[2024-10-11T00:38:09.866+0000] {spark_submit.py:579} INFO - 24/10/11 00:38:09 INFO MemoryStore: Block broadcast_8_piece0 stored as bytes in memory (estimated size 123.4 KiB, free 433.1 MiB)
[2024-10-11T00:38:09.869+0000] {spark_submit.py:579} INFO - 24/10/11 00:38:09 INFO BlockManagerInfo: Added broadcast_8_piece0 in memory on 84076e7a47fe:35467 (size: 123.4 KiB, free: 434.2 MiB)
[2024-10-11T00:38:09.870+0000] {spark_submit.py:579} INFO - 24/10/11 00:38:09 INFO SparkContext: Created broadcast 8 from broadcast at DAGScheduler.scala:1540
[2024-10-11T00:38:09.872+0000] {spark_submit.py:579} INFO - 24/10/11 00:38:09 INFO DAGScheduler: Submitting 50 missing tasks from ShuffleMapStage 6 (MapPartitionsRDD[27] at $anonfun$recordDeltaOperationInternal$1 at DatabricksLogging.scala:128) (first 15 tasks are for partitions Vector(0, 1, 2, 3, 4, 5, 6, 7, 8, 9, 10, 11, 12, 13, 14))
[2024-10-11T00:38:09.872+0000] {spark_submit.py:579} INFO - 24/10/11 00:38:09 INFO TaskSchedulerImpl: Adding task set 6.0 with 50 tasks resource profile 0
[2024-10-11T00:38:09.875+0000] {spark_submit.py:579} INFO - 24/10/11 00:38:09 INFO TaskSetManager: Starting task 6.0 in stage 6.0 (TID 6) (172.18.0.6, executor 0, partition 6, NODE_LOCAL, 7356 bytes)
[2024-10-11T00:38:09.876+0000] {spark_submit.py:579} INFO - 24/10/11 00:38:09 INFO TaskSetManager: Starting task 22.0 in stage 6.0 (TID 7) (172.18.0.6, executor 0, partition 22, NODE_LOCAL, 7356 bytes)
[2024-10-11T00:38:09.910+0000] {spark_submit.py:579} INFO - 24/10/11 00:38:09 INFO BlockManagerInfo: Added broadcast_8_piece0 in memory on 172.18.0.6:33959 (size: 123.4 KiB, free: 1048.6 MiB)
[2024-10-11T00:38:10.092+0000] {spark_submit.py:579} INFO - 24/10/11 00:38:10 INFO MapOutputTrackerMasterEndpoint: Asked to send map output locations for shuffle 1 to 172.18.0.6:38296
[2024-10-11T00:38:10.625+0000] {spark_submit.py:579} INFO - 24/10/11 00:38:10 INFO BlockManagerInfo: Added rdd_24_6 in memory on 172.18.0.6:33959 (size: 459.0 B, free: 1048.6 MiB)
[2024-10-11T00:38:10.626+0000] {spark_submit.py:579} INFO - 24/10/11 00:38:10 INFO BlockManagerInfo: Added rdd_24_22 in memory on 172.18.0.6:33959 (size: 463.0 B, free: 1048.6 MiB)
[2024-10-11T00:38:10.791+0000] {spark_submit.py:579} INFO - 24/10/11 00:38:10 INFO TaskSetManager: Starting task 42.0 in stage 6.0 (TID 8) (172.18.0.6, executor 0, partition 42, NODE_LOCAL, 7356 bytes)
[2024-10-11T00:38:10.792+0000] {spark_submit.py:579} INFO - 24/10/11 00:38:10 INFO TaskSetManager: Finished task 22.0 in stage 6.0 (TID 7) in 917 ms on 172.18.0.6 (executor 0) (1/50)
[2024-10-11T00:38:10.794+0000] {spark_submit.py:579} INFO - 24/10/11 00:38:10 INFO TaskSetManager: Starting task 0.0 in stage 6.0 (TID 9) (172.18.0.6, executor 0, partition 0, PROCESS_LOCAL, 7356 bytes)
[2024-10-11T00:38:10.795+0000] {spark_submit.py:579} INFO - 24/10/11 00:38:10 INFO TaskSetManager: Finished task 6.0 in stage 6.0 (TID 6) in 921 ms on 172.18.0.6 (executor 0) (2/50)
[2024-10-11T00:38:10.855+0000] {spark_submit.py:579} INFO - 24/10/11 00:38:10 INFO BlockManagerInfo: Added rdd_24_0 in memory on 172.18.0.6:33959 (size: 46.0 B, free: 1048.6 MiB)
[2024-10-11T00:38:10.909+0000] {spark_submit.py:579} INFO - 24/10/11 00:38:10 INFO TaskSetManager: Starting task 1.0 in stage 6.0 (TID 10) (172.18.0.6, executor 0, partition 1, PROCESS_LOCAL, 7356 bytes)
[2024-10-11T00:38:10.910+0000] {spark_submit.py:579} INFO - 24/10/11 00:38:10 INFO TaskSetManager: Finished task 0.0 in stage 6.0 (TID 9) in 116 ms on 172.18.0.6 (executor 0) (3/50)
[2024-10-11T00:38:10.941+0000] {spark_submit.py:579} INFO - 24/10/11 00:38:10 INFO BlockManagerInfo: Added rdd_24_42 in memory on 172.18.0.6:33959 (size: 451.0 B, free: 1048.6 MiB)
[2024-10-11T00:38:10.967+0000] {spark_submit.py:579} INFO - 24/10/11 00:38:10 INFO BlockManagerInfo: Added rdd_24_1 in memory on 172.18.0.6:33959 (size: 46.0 B, free: 1048.6 MiB)
[2024-10-11T00:38:10.985+0000] {spark_submit.py:579} INFO - 24/10/11 00:38:10 INFO TaskSetManager: Starting task 2.0 in stage 6.0 (TID 11) (172.18.0.6, executor 0, partition 2, PROCESS_LOCAL, 7356 bytes)
[2024-10-11T00:38:10.986+0000] {spark_submit.py:579} INFO - 24/10/11 00:38:10 INFO TaskSetManager: Finished task 42.0 in stage 6.0 (TID 8) in 194 ms on 172.18.0.6 (executor 0) (4/50)
[2024-10-11T00:38:11.005+0000] {spark_submit.py:579} INFO - 24/10/11 00:38:11 INFO TaskSetManager: Starting task 3.0 in stage 6.0 (TID 12) (172.18.0.6, executor 0, partition 3, PROCESS_LOCAL, 7356 bytes)
[2024-10-11T00:38:11.006+0000] {spark_submit.py:579} INFO - 24/10/11 00:38:11 INFO TaskSetManager: Finished task 1.0 in stage 6.0 (TID 10) in 97 ms on 172.18.0.6 (executor 0) (5/50)
[2024-10-11T00:38:11.059+0000] {spark_submit.py:579} INFO - 24/10/11 00:38:11 INFO BlockManagerInfo: Added rdd_24_2 in memory on 172.18.0.6:33959 (size: 46.0 B, free: 1048.6 MiB)
[2024-10-11T00:38:11.067+0000] {spark_submit.py:579} INFO - 24/10/11 00:38:11 INFO BlockManagerInfo: Added rdd_24_3 in memory on 172.18.0.6:33959 (size: 46.0 B, free: 1048.6 MiB)
[2024-10-11T00:38:11.095+0000] {spark_submit.py:579} INFO - 24/10/11 00:38:11 INFO TaskSetManager: Starting task 4.0 in stage 6.0 (TID 13) (172.18.0.6, executor 0, partition 4, PROCESS_LOCAL, 7356 bytes)
[2024-10-11T00:38:11.096+0000] {spark_submit.py:579} INFO - 24/10/11 00:38:11 INFO TaskSetManager: Finished task 2.0 in stage 6.0 (TID 11) in 111 ms on 172.18.0.6 (executor 0) (6/50)
[2024-10-11T00:38:11.102+0000] {spark_submit.py:579} INFO - 24/10/11 00:38:11 INFO TaskSetManager: Starting task 5.0 in stage 6.0 (TID 14) (172.18.0.6, executor 0, partition 5, PROCESS_LOCAL, 7356 bytes)
[2024-10-11T00:38:11.103+0000] {spark_submit.py:579} INFO - 24/10/11 00:38:11 INFO TaskSetManager: Finished task 3.0 in stage 6.0 (TID 12) in 98 ms on 172.18.0.6 (executor 0) (7/50)
[2024-10-11T00:38:11.155+0000] {spark_submit.py:579} INFO - 24/10/11 00:38:11 INFO BlockManagerInfo: Added rdd_24_4 in memory on 172.18.0.6:33959 (size: 46.0 B, free: 1048.6 MiB)
[2024-10-11T00:38:11.159+0000] {spark_submit.py:579} INFO - 24/10/11 00:38:11 INFO BlockManagerInfo: Added rdd_24_5 in memory on 172.18.0.6:33959 (size: 46.0 B, free: 1048.6 MiB)
[2024-10-11T00:38:11.185+0000] {spark_submit.py:579} INFO - 24/10/11 00:38:11 INFO TaskSetManager: Starting task 7.0 in stage 6.0 (TID 15) (172.18.0.6, executor 0, partition 7, PROCESS_LOCAL, 7356 bytes)
[2024-10-11T00:38:11.186+0000] {spark_submit.py:579} INFO - 24/10/11 00:38:11 INFO TaskSetManager: Finished task 4.0 in stage 6.0 (TID 13) in 91 ms on 172.18.0.6 (executor 0) (8/50)
[2024-10-11T00:38:11.187+0000] {spark_submit.py:579} INFO - 24/10/11 00:38:11 INFO TaskSetManager: Starting task 8.0 in stage 6.0 (TID 16) (172.18.0.6, executor 0, partition 8, PROCESS_LOCAL, 7356 bytes)
[2024-10-11T00:38:11.188+0000] {spark_submit.py:579} INFO - 24/10/11 00:38:11 INFO TaskSetManager: Finished task 5.0 in stage 6.0 (TID 14) in 87 ms on 172.18.0.6 (executor 0) (9/50)
[2024-10-11T00:38:11.244+0000] {spark_submit.py:579} INFO - 24/10/11 00:38:11 INFO BlockManagerInfo: Added rdd_24_7 in memory on 172.18.0.6:33959 (size: 46.0 B, free: 1048.6 MiB)
[2024-10-11T00:38:11.254+0000] {spark_submit.py:579} INFO - 24/10/11 00:38:11 INFO BlockManagerInfo: Added rdd_24_8 in memory on 172.18.0.6:33959 (size: 46.0 B, free: 1048.6 MiB)
[2024-10-11T00:38:11.275+0000] {spark_submit.py:579} INFO - 24/10/11 00:38:11 INFO TaskSetManager: Starting task 9.0 in stage 6.0 (TID 17) (172.18.0.6, executor 0, partition 9, PROCESS_LOCAL, 7356 bytes)
[2024-10-11T00:38:11.276+0000] {spark_submit.py:579} INFO - 24/10/11 00:38:11 INFO TaskSetManager: Finished task 7.0 in stage 6.0 (TID 15) in 92 ms on 172.18.0.6 (executor 0) (10/50)
[2024-10-11T00:38:11.284+0000] {spark_submit.py:579} INFO - 24/10/11 00:38:11 INFO TaskSetManager: Starting task 10.0 in stage 6.0 (TID 18) (172.18.0.6, executor 0, partition 10, PROCESS_LOCAL, 7356 bytes)
[2024-10-11T00:38:11.285+0000] {spark_submit.py:579} INFO - 24/10/11 00:38:11 INFO TaskSetManager: Finished task 8.0 in stage 6.0 (TID 16) in 98 ms on 172.18.0.6 (executor 0) (11/50)
[2024-10-11T00:38:11.347+0000] {spark_submit.py:579} INFO - 24/10/11 00:38:11 INFO BlockManagerInfo: Added rdd_24_9 in memory on 172.18.0.6:33959 (size: 46.0 B, free: 1048.6 MiB)
[2024-10-11T00:38:11.348+0000] {spark_submit.py:579} INFO - 24/10/11 00:38:11 INFO BlockManagerInfo: Added rdd_24_10 in memory on 172.18.0.6:33959 (size: 46.0 B, free: 1048.6 MiB)
[2024-10-11T00:38:11.377+0000] {spark_submit.py:579} INFO - 24/10/11 00:38:11 INFO TaskSetManager: Starting task 11.0 in stage 6.0 (TID 19) (172.18.0.6, executor 0, partition 11, PROCESS_LOCAL, 7356 bytes)
[2024-10-11T00:38:11.378+0000] {spark_submit.py:579} INFO - 24/10/11 00:38:11 INFO TaskSetManager: Finished task 9.0 in stage 6.0 (TID 17) in 104 ms on 172.18.0.6 (executor 0) (12/50)
[2024-10-11T00:38:11.380+0000] {spark_submit.py:579} INFO - 24/10/11 00:38:11 INFO TaskSetManager: Starting task 12.0 in stage 6.0 (TID 20) (172.18.0.6, executor 0, partition 12, PROCESS_LOCAL, 7356 bytes)
[2024-10-11T00:38:11.381+0000] {spark_submit.py:579} INFO - 24/10/11 00:38:11 INFO TaskSetManager: Finished task 10.0 in stage 6.0 (TID 18) in 97 ms on 172.18.0.6 (executor 0) (13/50)
[2024-10-11T00:38:11.438+0000] {spark_submit.py:579} INFO - 24/10/11 00:38:11 INFO BlockManagerInfo: Added rdd_24_12 in memory on 172.18.0.6:33959 (size: 46.0 B, free: 1048.6 MiB)
[2024-10-11T00:38:11.443+0000] {spark_submit.py:579} INFO - 24/10/11 00:38:11 INFO BlockManagerInfo: Added rdd_24_11 in memory on 172.18.0.6:33959 (size: 46.0 B, free: 1048.6 MiB)
[2024-10-11T00:38:11.469+0000] {spark_submit.py:579} INFO - 24/10/11 00:38:11 INFO TaskSetManager: Starting task 13.0 in stage 6.0 (TID 21) (172.18.0.6, executor 0, partition 13, PROCESS_LOCAL, 7356 bytes)
[2024-10-11T00:38:11.470+0000] {spark_submit.py:579} INFO - 24/10/11 00:38:11 INFO TaskSetManager: Finished task 12.0 in stage 6.0 (TID 20) in 90 ms on 172.18.0.6 (executor 0) (14/50)
[2024-10-11T00:38:11.475+0000] {spark_submit.py:579} INFO - 24/10/11 00:38:11 INFO TaskSetManager: Starting task 14.0 in stage 6.0 (TID 22) (172.18.0.6, executor 0, partition 14, PROCESS_LOCAL, 7356 bytes)
[2024-10-11T00:38:11.476+0000] {spark_submit.py:579} INFO - 24/10/11 00:38:11 INFO TaskSetManager: Finished task 11.0 in stage 6.0 (TID 19) in 98 ms on 172.18.0.6 (executor 0) (15/50)
[2024-10-11T00:38:11.537+0000] {spark_submit.py:579} INFO - 24/10/11 00:38:11 INFO BlockManagerInfo: Added rdd_24_13 in memory on 172.18.0.6:33959 (size: 46.0 B, free: 1048.6 MiB)
[2024-10-11T00:38:11.543+0000] {spark_submit.py:579} INFO - 24/10/11 00:38:11 INFO BlockManagerInfo: Added rdd_24_14 in memory on 172.18.0.6:33959 (size: 46.0 B, free: 1048.6 MiB)
[2024-10-11T00:38:11.579+0000] {spark_submit.py:579} INFO - 24/10/11 00:38:11 INFO TaskSetManager: Starting task 15.0 in stage 6.0 (TID 23) (172.18.0.6, executor 0, partition 15, PROCESS_LOCAL, 7356 bytes)
[2024-10-11T00:38:11.580+0000] {spark_submit.py:579} INFO - 24/10/11 00:38:11 INFO TaskSetManager: Finished task 13.0 in stage 6.0 (TID 21) in 112 ms on 172.18.0.6 (executor 0) (16/50)
[2024-10-11T00:38:11.584+0000] {spark_submit.py:579} INFO - 24/10/11 00:38:11 INFO TaskSetManager: Starting task 16.0 in stage 6.0 (TID 24) (172.18.0.6, executor 0, partition 16, PROCESS_LOCAL, 7356 bytes)
[2024-10-11T00:38:11.585+0000] {spark_submit.py:579} INFO - 24/10/11 00:38:11 INFO TaskSetManager: Finished task 14.0 in stage 6.0 (TID 22) in 110 ms on 172.18.0.6 (executor 0) (17/50)
[2024-10-11T00:38:11.632+0000] {spark_submit.py:579} INFO - 24/10/11 00:38:11 INFO BlockManagerInfo: Added rdd_24_15 in memory on 172.18.0.6:33959 (size: 46.0 B, free: 1048.6 MiB)
[2024-10-11T00:38:11.634+0000] {spark_submit.py:579} INFO - 24/10/11 00:38:11 INFO BlockManagerInfo: Added rdd_24_16 in memory on 172.18.0.6:33959 (size: 46.0 B, free: 1048.6 MiB)
[2024-10-11T00:38:11.662+0000] {spark_submit.py:579} INFO - 24/10/11 00:38:11 INFO TaskSetManager: Starting task 17.0 in stage 6.0 (TID 25) (172.18.0.6, executor 0, partition 17, PROCESS_LOCAL, 7356 bytes)
[2024-10-11T00:38:11.662+0000] {spark_submit.py:579} INFO - 24/10/11 00:38:11 INFO TaskSetManager: Finished task 16.0 in stage 6.0 (TID 24) in 78 ms on 172.18.0.6 (executor 0) (18/50)
[2024-10-11T00:38:11.664+0000] {spark_submit.py:579} INFO - 24/10/11 00:38:11 INFO TaskSetManager: Starting task 18.0 in stage 6.0 (TID 26) (172.18.0.6, executor 0, partition 18, PROCESS_LOCAL, 7356 bytes)
[2024-10-11T00:38:11.664+0000] {spark_submit.py:579} INFO - 24/10/11 00:38:11 INFO TaskSetManager: Finished task 15.0 in stage 6.0 (TID 23) in 86 ms on 172.18.0.6 (executor 0) (19/50)
[2024-10-11T00:38:11.718+0000] {spark_submit.py:579} INFO - 24/10/11 00:38:11 INFO BlockManagerInfo: Added rdd_24_17 in memory on 172.18.0.6:33959 (size: 46.0 B, free: 1048.6 MiB)
[2024-10-11T00:38:11.722+0000] {spark_submit.py:579} INFO - 24/10/11 00:38:11 INFO BlockManagerInfo: Added rdd_24_18 in memory on 172.18.0.6:33959 (size: 46.0 B, free: 1048.6 MiB)
[2024-10-11T00:38:11.744+0000] {spark_submit.py:579} INFO - 24/10/11 00:38:11 INFO TaskSetManager: Starting task 19.0 in stage 6.0 (TID 27) (172.18.0.6, executor 0, partition 19, PROCESS_LOCAL, 7356 bytes)
[2024-10-11T00:38:11.745+0000] {spark_submit.py:579} INFO - 24/10/11 00:38:11 INFO TaskSetManager: Finished task 17.0 in stage 6.0 (TID 25) in 83 ms on 172.18.0.6 (executor 0) (20/50)
[2024-10-11T00:38:11.748+0000] {spark_submit.py:579} INFO - 24/10/11 00:38:11 INFO TaskSetManager: Starting task 20.0 in stage 6.0 (TID 28) (172.18.0.6, executor 0, partition 20, PROCESS_LOCAL, 7356 bytes)
[2024-10-11T00:38:11.749+0000] {spark_submit.py:579} INFO - 24/10/11 00:38:11 INFO TaskSetManager: Finished task 18.0 in stage 6.0 (TID 26) in 86 ms on 172.18.0.6 (executor 0) (21/50)
[2024-10-11T00:38:11.794+0000] {spark_submit.py:579} INFO - 24/10/11 00:38:11 INFO BlockManagerInfo: Added rdd_24_19 in memory on 172.18.0.6:33959 (size: 46.0 B, free: 1048.6 MiB)
[2024-10-11T00:38:11.796+0000] {spark_submit.py:579} INFO - 24/10/11 00:38:11 INFO BlockManagerInfo: Added rdd_24_20 in memory on 172.18.0.6:33959 (size: 46.0 B, free: 1048.6 MiB)
[2024-10-11T00:38:11.826+0000] {spark_submit.py:579} INFO - 24/10/11 00:38:11 INFO TaskSetManager: Starting task 21.0 in stage 6.0 (TID 29) (172.18.0.6, executor 0, partition 21, PROCESS_LOCAL, 7356 bytes)
[2024-10-11T00:38:11.827+0000] {spark_submit.py:579} INFO - 24/10/11 00:38:11 INFO TaskSetManager: Finished task 20.0 in stage 6.0 (TID 28) in 78 ms on 172.18.0.6 (executor 0) (22/50)
[2024-10-11T00:38:11.828+0000] {spark_submit.py:579} INFO - 24/10/11 00:38:11 INFO TaskSetManager: Starting task 23.0 in stage 6.0 (TID 30) (172.18.0.6, executor 0, partition 23, PROCESS_LOCAL, 7356 bytes)
[2024-10-11T00:38:11.829+0000] {spark_submit.py:579} INFO - 24/10/11 00:38:11 INFO TaskSetManager: Finished task 19.0 in stage 6.0 (TID 27) in 85 ms on 172.18.0.6 (executor 0) (23/50)
[2024-10-11T00:38:11.877+0000] {spark_submit.py:579} INFO - 24/10/11 00:38:11 INFO BlockManagerInfo: Added rdd_24_21 in memory on 172.18.0.6:33959 (size: 46.0 B, free: 1048.6 MiB)
[2024-10-11T00:38:11.878+0000] {spark_submit.py:579} INFO - 24/10/11 00:38:11 INFO BlockManagerInfo: Added rdd_24_23 in memory on 172.18.0.6:33959 (size: 46.0 B, free: 1048.6 MiB)
[2024-10-11T00:38:11.903+0000] {spark_submit.py:579} INFO - 24/10/11 00:38:11 INFO TaskSetManager: Starting task 24.0 in stage 6.0 (TID 31) (172.18.0.6, executor 0, partition 24, PROCESS_LOCAL, 7356 bytes)
[2024-10-11T00:38:11.904+0000] {spark_submit.py:579} INFO - 24/10/11 00:38:11 INFO TaskSetManager: Finished task 21.0 in stage 6.0 (TID 29) in 79 ms on 172.18.0.6 (executor 0) (24/50)
[2024-10-11T00:38:11.906+0000] {spark_submit.py:579} INFO - 24/10/11 00:38:11 INFO TaskSetManager: Starting task 25.0 in stage 6.0 (TID 32) (172.18.0.6, executor 0, partition 25, PROCESS_LOCAL, 7356 bytes)
[2024-10-11T00:38:11.907+0000] {spark_submit.py:579} INFO - 24/10/11 00:38:11 INFO TaskSetManager: Finished task 23.0 in stage 6.0 (TID 30) in 80 ms on 172.18.0.6 (executor 0) (25/50)
[2024-10-11T00:38:11.967+0000] {spark_submit.py:579} INFO - 24/10/11 00:38:11 INFO BlockManagerInfo: Added rdd_24_25 in memory on 172.18.0.6:33959 (size: 46.0 B, free: 1048.6 MiB)
[2024-10-11T00:38:11.967+0000] {spark_submit.py:579} INFO - 24/10/11 00:38:11 INFO BlockManagerInfo: Added rdd_24_24 in memory on 172.18.0.6:33959 (size: 46.0 B, free: 1048.6 MiB)
[2024-10-11T00:38:11.994+0000] {spark_submit.py:579} INFO - 24/10/11 00:38:11 INFO TaskSetManager: Starting task 26.0 in stage 6.0 (TID 33) (172.18.0.6, executor 0, partition 26, PROCESS_LOCAL, 7356 bytes)
[2024-10-11T00:38:11.995+0000] {spark_submit.py:579} INFO - 24/10/11 00:38:11 INFO TaskSetManager: Finished task 24.0 in stage 6.0 (TID 31) in 91 ms on 172.18.0.6 (executor 0) (26/50)
[2024-10-11T00:38:11.996+0000] {spark_submit.py:579} INFO - 24/10/11 00:38:11 INFO TaskSetManager: Starting task 27.0 in stage 6.0 (TID 34) (172.18.0.6, executor 0, partition 27, PROCESS_LOCAL, 7356 bytes)
[2024-10-11T00:38:11.997+0000] {spark_submit.py:579} INFO - 24/10/11 00:38:11 INFO TaskSetManager: Finished task 25.0 in stage 6.0 (TID 32) in 91 ms on 172.18.0.6 (executor 0) (27/50)
[2024-10-11T00:38:12.051+0000] {spark_submit.py:579} INFO - 24/10/11 00:38:12 INFO BlockManagerInfo: Added rdd_24_27 in memory on 172.18.0.6:33959 (size: 46.0 B, free: 1048.6 MiB)
[2024-10-11T00:38:12.062+0000] {spark_submit.py:579} INFO - 24/10/11 00:38:12 INFO BlockManagerInfo: Added rdd_24_26 in memory on 172.18.0.6:33959 (size: 46.0 B, free: 1048.6 MiB)
[2024-10-11T00:38:12.082+0000] {spark_submit.py:579} INFO - 24/10/11 00:38:12 INFO TaskSetManager: Starting task 28.0 in stage 6.0 (TID 35) (172.18.0.6, executor 0, partition 28, PROCESS_LOCAL, 7356 bytes)
[2024-10-11T00:38:12.083+0000] {spark_submit.py:579} INFO - 24/10/11 00:38:12 INFO TaskSetManager: Finished task 27.0 in stage 6.0 (TID 34) in 86 ms on 172.18.0.6 (executor 0) (28/50)
[2024-10-11T00:38:12.093+0000] {spark_submit.py:579} INFO - 24/10/11 00:38:12 INFO TaskSetManager: Starting task 29.0 in stage 6.0 (TID 36) (172.18.0.6, executor 0, partition 29, PROCESS_LOCAL, 7356 bytes)
[2024-10-11T00:38:12.094+0000] {spark_submit.py:579} INFO - 24/10/11 00:38:12 INFO TaskSetManager: Finished task 26.0 in stage 6.0 (TID 33) in 101 ms on 172.18.0.6 (executor 0) (29/50)
[2024-10-11T00:38:12.134+0000] {spark_submit.py:579} INFO - 24/10/11 00:38:12 INFO BlockManagerInfo: Added rdd_24_28 in memory on 172.18.0.6:33959 (size: 46.0 B, free: 1048.6 MiB)
[2024-10-11T00:38:12.147+0000] {spark_submit.py:579} INFO - 24/10/11 00:38:12 INFO BlockManagerInfo: Added rdd_24_29 in memory on 172.18.0.6:33959 (size: 46.0 B, free: 1048.6 MiB)
[2024-10-11T00:38:12.160+0000] {spark_submit.py:579} INFO - 24/10/11 00:38:12 INFO TaskSetManager: Starting task 30.0 in stage 6.0 (TID 37) (172.18.0.6, executor 0, partition 30, PROCESS_LOCAL, 7356 bytes)
[2024-10-11T00:38:12.161+0000] {spark_submit.py:579} INFO - 24/10/11 00:38:12 INFO TaskSetManager: Finished task 28.0 in stage 6.0 (TID 35) in 79 ms on 172.18.0.6 (executor 0) (30/50)
[2024-10-11T00:38:12.170+0000] {spark_submit.py:579} INFO - 24/10/11 00:38:12 INFO TaskSetManager: Starting task 31.0 in stage 6.0 (TID 38) (172.18.0.6, executor 0, partition 31, PROCESS_LOCAL, 7356 bytes)
[2024-10-11T00:38:12.171+0000] {spark_submit.py:579} INFO - 24/10/11 00:38:12 INFO TaskSetManager: Finished task 29.0 in stage 6.0 (TID 36) in 78 ms on 172.18.0.6 (executor 0) (31/50)
[2024-10-11T00:38:12.211+0000] {spark_submit.py:579} INFO - 24/10/11 00:38:12 INFO BlockManagerInfo: Added rdd_24_30 in memory on 172.18.0.6:33959 (size: 46.0 B, free: 1048.6 MiB)
[2024-10-11T00:38:12.216+0000] {spark_submit.py:579} INFO - 24/10/11 00:38:12 INFO BlockManagerInfo: Added rdd_24_31 in memory on 172.18.0.6:33959 (size: 46.0 B, free: 1048.6 MiB)
[2024-10-11T00:38:12.237+0000] {spark_submit.py:579} INFO - 24/10/11 00:38:12 INFO TaskSetManager: Starting task 32.0 in stage 6.0 (TID 39) (172.18.0.6, executor 0, partition 32, PROCESS_LOCAL, 7356 bytes)
[2024-10-11T00:38:12.238+0000] {spark_submit.py:579} INFO - 24/10/11 00:38:12 INFO TaskSetManager: Finished task 30.0 in stage 6.0 (TID 37) in 79 ms on 172.18.0.6 (executor 0) (32/50)
[2024-10-11T00:38:12.241+0000] {spark_submit.py:579} INFO - 24/10/11 00:38:12 INFO TaskSetManager: Starting task 33.0 in stage 6.0 (TID 40) (172.18.0.6, executor 0, partition 33, PROCESS_LOCAL, 7356 bytes)
[2024-10-11T00:38:12.242+0000] {spark_submit.py:579} INFO - 24/10/11 00:38:12 INFO TaskSetManager: Finished task 31.0 in stage 6.0 (TID 38) in 72 ms on 172.18.0.6 (executor 0) (33/50)
[2024-10-11T00:38:12.292+0000] {spark_submit.py:579} INFO - 24/10/11 00:38:12 INFO BlockManagerInfo: Added rdd_24_32 in memory on 172.18.0.6:33959 (size: 46.0 B, free: 1048.6 MiB)
[2024-10-11T00:38:12.293+0000] {spark_submit.py:579} INFO - 24/10/11 00:38:12 INFO BlockManagerInfo: Added rdd_24_33 in memory on 172.18.0.6:33959 (size: 46.0 B, free: 1048.6 MiB)
[2024-10-11T00:38:12.318+0000] {spark_submit.py:579} INFO - 24/10/11 00:38:12 INFO TaskSetManager: Starting task 34.0 in stage 6.0 (TID 41) (172.18.0.6, executor 0, partition 34, PROCESS_LOCAL, 7356 bytes)
[2024-10-11T00:38:12.318+0000] {spark_submit.py:579} INFO - 24/10/11 00:38:12 INFO TaskSetManager: Finished task 33.0 in stage 6.0 (TID 40) in 78 ms on 172.18.0.6 (executor 0) (34/50)
[2024-10-11T00:38:12.320+0000] {spark_submit.py:579} INFO - 24/10/11 00:38:12 INFO TaskSetManager: Starting task 35.0 in stage 6.0 (TID 42) (172.18.0.6, executor 0, partition 35, PROCESS_LOCAL, 7356 bytes)
[2024-10-11T00:38:12.320+0000] {spark_submit.py:579} INFO - 24/10/11 00:38:12 INFO TaskSetManager: Finished task 32.0 in stage 6.0 (TID 39) in 84 ms on 172.18.0.6 (executor 0) (35/50)
[2024-10-11T00:38:12.369+0000] {spark_submit.py:579} INFO - 24/10/11 00:38:12 INFO BlockManagerInfo: Added rdd_24_35 in memory on 172.18.0.6:33959 (size: 46.0 B, free: 1048.6 MiB)
[2024-10-11T00:38:12.372+0000] {spark_submit.py:579} INFO - 24/10/11 00:38:12 INFO BlockManagerInfo: Added rdd_24_34 in memory on 172.18.0.6:33959 (size: 46.0 B, free: 1048.6 MiB)
[2024-10-11T00:38:12.393+0000] {spark_submit.py:579} INFO - 24/10/11 00:38:12 INFO TaskSetManager: Starting task 36.0 in stage 6.0 (TID 43) (172.18.0.6, executor 0, partition 36, PROCESS_LOCAL, 7356 bytes)
[2024-10-11T00:38:12.394+0000] {spark_submit.py:579} INFO - 24/10/11 00:38:12 INFO TaskSetManager: Finished task 35.0 in stage 6.0 (TID 42) in 75 ms on 172.18.0.6 (executor 0) (36/50)
[2024-10-11T00:38:12.397+0000] {spark_submit.py:579} INFO - 24/10/11 00:38:12 INFO TaskSetManager: Starting task 37.0 in stage 6.0 (TID 44) (172.18.0.6, executor 0, partition 37, PROCESS_LOCAL, 7356 bytes)
[2024-10-11T00:38:12.398+0000] {spark_submit.py:579} INFO - 24/10/11 00:38:12 INFO TaskSetManager: Finished task 34.0 in stage 6.0 (TID 41) in 81 ms on 172.18.0.6 (executor 0) (37/50)
[2024-10-11T00:38:12.442+0000] {spark_submit.py:579} INFO - 24/10/11 00:38:12 INFO BlockManagerInfo: Added rdd_24_36 in memory on 172.18.0.6:33959 (size: 46.0 B, free: 1048.6 MiB)
[2024-10-11T00:38:12.450+0000] {spark_submit.py:579} INFO - 24/10/11 00:38:12 INFO BlockManagerInfo: Added rdd_24_37 in memory on 172.18.0.6:33959 (size: 46.0 B, free: 1048.6 MiB)
[2024-10-11T00:38:12.467+0000] {spark_submit.py:579} INFO - 24/10/11 00:38:12 INFO TaskSetManager: Starting task 38.0 in stage 6.0 (TID 45) (172.18.0.6, executor 0, partition 38, PROCESS_LOCAL, 7356 bytes)
[2024-10-11T00:38:12.468+0000] {spark_submit.py:579} INFO - 24/10/11 00:38:12 INFO TaskSetManager: Finished task 36.0 in stage 6.0 (TID 43) in 75 ms on 172.18.0.6 (executor 0) (38/50)
[2024-10-11T00:38:12.474+0000] {spark_submit.py:579} INFO - 24/10/11 00:38:12 INFO TaskSetManager: Starting task 39.0 in stage 6.0 (TID 46) (172.18.0.6, executor 0, partition 39, PROCESS_LOCAL, 7356 bytes)
[2024-10-11T00:38:12.475+0000] {spark_submit.py:579} INFO - 24/10/11 00:38:12 INFO TaskSetManager: Finished task 37.0 in stage 6.0 (TID 44) in 78 ms on 172.18.0.6 (executor 0) (39/50)
[2024-10-11T00:38:12.512+0000] {spark_submit.py:579} INFO - 24/10/11 00:38:12 INFO BlockManagerInfo: Added rdd_24_38 in memory on 172.18.0.6:33959 (size: 46.0 B, free: 1048.6 MiB)
[2024-10-11T00:38:12.518+0000] {spark_submit.py:579} INFO - 24/10/11 00:38:12 INFO BlockManagerInfo: Added rdd_24_39 in memory on 172.18.0.6:33959 (size: 46.0 B, free: 1048.6 MiB)
[2024-10-11T00:38:12.544+0000] {spark_submit.py:579} INFO - 24/10/11 00:38:12 INFO TaskSetManager: Starting task 40.0 in stage 6.0 (TID 47) (172.18.0.6, executor 0, partition 40, PROCESS_LOCAL, 7356 bytes)
[2024-10-11T00:38:12.545+0000] {spark_submit.py:579} INFO - 24/10/11 00:38:12 INFO TaskSetManager: Finished task 38.0 in stage 6.0 (TID 45) in 77 ms on 172.18.0.6 (executor 0) (40/50)
[2024-10-11T00:38:12.547+0000] {spark_submit.py:579} INFO - 24/10/11 00:38:12 INFO TaskSetManager: Starting task 41.0 in stage 6.0 (TID 48) (172.18.0.6, executor 0, partition 41, PROCESS_LOCAL, 7356 bytes)
[2024-10-11T00:38:12.548+0000] {spark_submit.py:579} INFO - 24/10/11 00:38:12 INFO TaskSetManager: Finished task 39.0 in stage 6.0 (TID 46) in 74 ms on 172.18.0.6 (executor 0) (41/50)
[2024-10-11T00:38:12.594+0000] {spark_submit.py:579} INFO - 24/10/11 00:38:12 INFO BlockManagerInfo: Added rdd_24_40 in memory on 172.18.0.6:33959 (size: 46.0 B, free: 1048.6 MiB)
[2024-10-11T00:38:12.596+0000] {spark_submit.py:579} INFO - 24/10/11 00:38:12 INFO BlockManagerInfo: Added rdd_24_41 in memory on 172.18.0.6:33959 (size: 46.0 B, free: 1048.6 MiB)
[2024-10-11T00:38:12.619+0000] {spark_submit.py:579} INFO - 24/10/11 00:38:12 INFO TaskSetManager: Starting task 43.0 in stage 6.0 (TID 49) (172.18.0.6, executor 0, partition 43, PROCESS_LOCAL, 7356 bytes)
[2024-10-11T00:38:12.620+0000] {spark_submit.py:579} INFO - 24/10/11 00:38:12 INFO TaskSetManager: Finished task 41.0 in stage 6.0 (TID 48) in 72 ms on 172.18.0.6 (executor 0) (42/50)
[2024-10-11T00:38:12.621+0000] {spark_submit.py:579} INFO - 24/10/11 00:38:12 INFO TaskSetManager: Starting task 44.0 in stage 6.0 (TID 50) (172.18.0.6, executor 0, partition 44, PROCESS_LOCAL, 7356 bytes)
[2024-10-11T00:38:12.622+0000] {spark_submit.py:579} INFO - 24/10/11 00:38:12 INFO TaskSetManager: Finished task 40.0 in stage 6.0 (TID 47) in 78 ms on 172.18.0.6 (executor 0) (43/50)
[2024-10-11T00:38:12.665+0000] {spark_submit.py:579} INFO - 24/10/11 00:38:12 INFO BlockManagerInfo: Added rdd_24_44 in memory on 172.18.0.6:33959 (size: 46.0 B, free: 1048.6 MiB)
[2024-10-11T00:38:12.666+0000] {spark_submit.py:579} INFO - 24/10/11 00:38:12 INFO BlockManagerInfo: Added rdd_24_43 in memory on 172.18.0.6:33959 (size: 46.0 B, free: 1048.6 MiB)
[2024-10-11T00:38:12.689+0000] {spark_submit.py:579} INFO - 24/10/11 00:38:12 INFO TaskSetManager: Starting task 45.0 in stage 6.0 (TID 51) (172.18.0.6, executor 0, partition 45, PROCESS_LOCAL, 7356 bytes)
[2024-10-11T00:38:12.690+0000] {spark_submit.py:579} INFO - 24/10/11 00:38:12 INFO TaskSetManager: Finished task 44.0 in stage 6.0 (TID 50) in 70 ms on 172.18.0.6 (executor 0) (44/50)
[2024-10-11T00:38:12.691+0000] {spark_submit.py:579} INFO - 24/10/11 00:38:12 INFO TaskSetManager: Starting task 46.0 in stage 6.0 (TID 52) (172.18.0.6, executor 0, partition 46, PROCESS_LOCAL, 7356 bytes)
[2024-10-11T00:38:12.692+0000] {spark_submit.py:579} INFO - 24/10/11 00:38:12 INFO TaskSetManager: Finished task 43.0 in stage 6.0 (TID 49) in 73 ms on 172.18.0.6 (executor 0) (45/50)
[2024-10-11T00:38:12.735+0000] {spark_submit.py:579} INFO - 24/10/11 00:38:12 INFO BlockManagerInfo: Added rdd_24_46 in memory on 172.18.0.6:33959 (size: 46.0 B, free: 1048.6 MiB)
[2024-10-11T00:38:12.736+0000] {spark_submit.py:579} INFO - 24/10/11 00:38:12 INFO BlockManagerInfo: Added rdd_24_45 in memory on 172.18.0.6:33959 (size: 46.0 B, free: 1048.6 MiB)
[2024-10-11T00:38:12.759+0000] {spark_submit.py:579} INFO - 24/10/11 00:38:12 INFO TaskSetManager: Starting task 47.0 in stage 6.0 (TID 53) (172.18.0.6, executor 0, partition 47, PROCESS_LOCAL, 7356 bytes)
[2024-10-11T00:38:12.760+0000] {spark_submit.py:579} INFO - 24/10/11 00:38:12 INFO TaskSetManager: Finished task 45.0 in stage 6.0 (TID 51) in 70 ms on 172.18.0.6 (executor 0) (46/50)
[2024-10-11T00:38:12.761+0000] {spark_submit.py:579} INFO - 24/10/11 00:38:12 INFO TaskSetManager: Starting task 48.0 in stage 6.0 (TID 54) (172.18.0.6, executor 0, partition 48, PROCESS_LOCAL, 7356 bytes)
[2024-10-11T00:38:12.762+0000] {spark_submit.py:579} INFO - 24/10/11 00:38:12 INFO TaskSetManager: Finished task 46.0 in stage 6.0 (TID 52) in 70 ms on 172.18.0.6 (executor 0) (47/50)
[2024-10-11T00:38:12.826+0000] {spark_submit.py:579} INFO - 24/10/11 00:38:12 INFO BlockManagerInfo: Added rdd_24_48 in memory on 172.18.0.6:33959 (size: 46.0 B, free: 1048.6 MiB)
[2024-10-11T00:38:12.828+0000] {spark_submit.py:579} INFO - 24/10/11 00:38:12 INFO BlockManagerInfo: Added rdd_24_47 in memory on 172.18.0.6:33959 (size: 46.0 B, free: 1048.6 MiB)
[2024-10-11T00:38:12.859+0000] {spark_submit.py:579} INFO - 24/10/11 00:38:12 INFO TaskSetManager: Starting task 49.0 in stage 6.0 (TID 55) (172.18.0.6, executor 0, partition 49, PROCESS_LOCAL, 7356 bytes)
[2024-10-11T00:38:12.860+0000] {spark_submit.py:579} INFO - 24/10/11 00:38:12 INFO TaskSetManager: Finished task 47.0 in stage 6.0 (TID 53) in 101 ms on 172.18.0.6 (executor 0) (48/50)
[2024-10-11T00:38:12.861+0000] {spark_submit.py:579} INFO - 24/10/11 00:38:12 INFO TaskSetManager: Finished task 48.0 in stage 6.0 (TID 54) in 101 ms on 172.18.0.6 (executor 0) (49/50)
[2024-10-11T00:38:12.905+0000] {spark_submit.py:579} INFO - 24/10/11 00:38:12 INFO BlockManagerInfo: Added rdd_24_49 in memory on 172.18.0.6:33959 (size: 46.0 B, free: 1048.6 MiB)
[2024-10-11T00:38:12.929+0000] {spark_submit.py:579} INFO - 24/10/11 00:38:12 INFO TaskSetManager: Finished task 49.0 in stage 6.0 (TID 55) in 70 ms on 172.18.0.6 (executor 0) (50/50)
[2024-10-11T00:38:12.930+0000] {spark_submit.py:579} INFO - 24/10/11 00:38:12 INFO TaskSchedulerImpl: Removed TaskSet 6.0, whose tasks have all completed, from pool
[2024-10-11T00:38:12.930+0000] {spark_submit.py:579} INFO - 24/10/11 00:38:12 INFO DAGScheduler: ShuffleMapStage 6 ($anonfun$recordDeltaOperationInternal$1 at DatabricksLogging.scala:128) finished in 3.251 s
[2024-10-11T00:38:12.931+0000] {spark_submit.py:579} INFO - 24/10/11 00:38:12 INFO DAGScheduler: looking for newly runnable stages
[2024-10-11T00:38:12.931+0000] {spark_submit.py:579} INFO - 24/10/11 00:38:12 INFO DAGScheduler: running: Set()
[2024-10-11T00:38:12.932+0000] {spark_submit.py:579} INFO - 24/10/11 00:38:12 INFO DAGScheduler: waiting: Set()
[2024-10-11T00:38:12.933+0000] {spark_submit.py:579} INFO - 24/10/11 00:38:12 INFO DAGScheduler: failed: Set()
[2024-10-11T00:38:12.967+0000] {spark_submit.py:579} INFO - 24/10/11 00:38:12 INFO SparkContext: Starting job: $anonfun$recordDeltaOperationInternal$1 at DatabricksLogging.scala:128
[2024-10-11T00:38:12.969+0000] {spark_submit.py:579} INFO - 24/10/11 00:38:12 INFO DAGScheduler: Got job 6 ($anonfun$recordDeltaOperationInternal$1 at DatabricksLogging.scala:128) with 1 output partitions
[2024-10-11T00:38:12.969+0000] {spark_submit.py:579} INFO - 24/10/11 00:38:12 INFO DAGScheduler: Final stage: ResultStage 9 ($anonfun$recordDeltaOperationInternal$1 at DatabricksLogging.scala:128)
[2024-10-11T00:38:12.970+0000] {spark_submit.py:579} INFO - 24/10/11 00:38:12 INFO DAGScheduler: Parents of final stage: List(ShuffleMapStage 8)
[2024-10-11T00:38:12.971+0000] {spark_submit.py:579} INFO - 24/10/11 00:38:12 INFO DAGScheduler: Missing parents: List()
[2024-10-11T00:38:12.971+0000] {spark_submit.py:579} INFO - 24/10/11 00:38:12 INFO DAGScheduler: Submitting ResultStage 9 (MapPartitionsRDD[30] at $anonfun$recordDeltaOperationInternal$1 at DatabricksLogging.scala:128), which has no missing parents
[2024-10-11T00:38:12.976+0000] {spark_submit.py:579} INFO - 24/10/11 00:38:12 INFO MemoryStore: Block broadcast_9 stored as values in memory (estimated size 452.2 KiB, free 432.6 MiB)
[2024-10-11T00:38:12.979+0000] {spark_submit.py:579} INFO - 24/10/11 00:38:12 INFO MemoryStore: Block broadcast_9_piece0 stored as bytes in memory (estimated size 108.1 KiB, free 432.5 MiB)
[2024-10-11T00:38:12.980+0000] {spark_submit.py:579} INFO - 24/10/11 00:38:12 INFO BlockManagerInfo: Added broadcast_9_piece0 in memory on 84076e7a47fe:35467 (size: 108.1 KiB, free: 434.1 MiB)
[2024-10-11T00:38:12.981+0000] {spark_submit.py:579} INFO - 24/10/11 00:38:12 INFO SparkContext: Created broadcast 9 from broadcast at DAGScheduler.scala:1540
[2024-10-11T00:38:12.981+0000] {spark_submit.py:579} INFO - 24/10/11 00:38:12 INFO DAGScheduler: Submitting 1 missing tasks from ResultStage 9 (MapPartitionsRDD[30] at $anonfun$recordDeltaOperationInternal$1 at DatabricksLogging.scala:128) (first 15 tasks are for partitions Vector(0))
[2024-10-11T00:38:12.982+0000] {spark_submit.py:579} INFO - 24/10/11 00:38:12 INFO TaskSchedulerImpl: Adding task set 9.0 with 1 tasks resource profile 0
[2024-10-11T00:38:12.984+0000] {spark_submit.py:579} INFO - 24/10/11 00:38:12 INFO TaskSetManager: Starting task 0.0 in stage 9.0 (TID 56) (172.18.0.6, executor 0, partition 0, NODE_LOCAL, 7367 bytes)
[2024-10-11T00:38:12.999+0000] {spark_submit.py:579} INFO - 24/10/11 00:38:12 INFO BlockManagerInfo: Removed broadcast_8_piece0 on 84076e7a47fe:35467 in memory (size: 123.4 KiB, free: 434.2 MiB)
[2024-10-11T00:38:13.000+0000] {spark_submit.py:579} INFO - 24/10/11 00:38:13 INFO BlockManagerInfo: Removed broadcast_8_piece0 on 172.18.0.6:33959 in memory (size: 123.4 KiB, free: 1048.7 MiB)
[2024-10-11T00:38:13.009+0000] {spark_submit.py:579} INFO - 24/10/11 00:38:13 INFO BlockManagerInfo: Added broadcast_9_piece0 in memory on 172.18.0.6:33959 (size: 108.1 KiB, free: 1048.6 MiB)
[2024-10-11T00:38:13.021+0000] {spark_submit.py:579} INFO - 24/10/11 00:38:13 INFO MapOutputTrackerMasterEndpoint: Asked to send map output locations for shuffle 2 to 172.18.0.6:38296
[2024-10-11T00:38:13.090+0000] {spark_submit.py:579} INFO - 24/10/11 00:38:13 INFO TaskSetManager: Finished task 0.0 in stage 9.0 (TID 56) in 107 ms on 172.18.0.6 (executor 0) (1/1)
[2024-10-11T00:38:13.091+0000] {spark_submit.py:579} INFO - 24/10/11 00:38:13 INFO TaskSchedulerImpl: Removed TaskSet 9.0, whose tasks have all completed, from pool
[2024-10-11T00:38:13.091+0000] {spark_submit.py:579} INFO - 24/10/11 00:38:13 INFO DAGScheduler: ResultStage 9 ($anonfun$recordDeltaOperationInternal$1 at DatabricksLogging.scala:128) finished in 0.120 s
[2024-10-11T00:38:13.092+0000] {spark_submit.py:579} INFO - 24/10/11 00:38:13 INFO DAGScheduler: Job 6 is finished. Cancelling potential speculative or zombie tasks for this job
[2024-10-11T00:38:13.093+0000] {spark_submit.py:579} INFO - 24/10/11 00:38:13 INFO TaskSchedulerImpl: Killing all running tasks in stage 9: Stage finished
[2024-10-11T00:38:13.093+0000] {spark_submit.py:579} INFO - 24/10/11 00:38:13 INFO DAGScheduler: Job 6 finished: $anonfun$recordDeltaOperationInternal$1 at DatabricksLogging.scala:128, took 0.125065 s
[2024-10-11T00:38:13.139+0000] {spark_submit.py:579} INFO - 24/10/11 00:38:13 INFO CodeGenerator: Code generated in 28.892827 ms
[2024-10-11T00:38:13.143+0000] {spark_submit.py:579} INFO - 24/10/11 00:38:13 INFO Snapshot: [tableId=fe41e374-45cf-43dc-97a3-e8633a29e648] DELTA: Done
[2024-10-11T00:38:13.171+0000] {spark_submit.py:579} INFO - 24/10/11 00:38:13 INFO OptimisticTransaction: [tableId=1accb326,txnId=f63018d0] Committed delta #0 to s3a://lakehouse/silver/_delta_log
[2024-10-11T00:38:13.181+0000] {spark_submit.py:579} INFO - 2024-10-11 00:38:13,181 INFO: Data cleaning and saving process completed successfully.
[2024-10-11T00:38:13.182+0000] {spark_submit.py:579} INFO - 24/10/11 00:38:13 INFO SparkContext: SparkContext is stopping with exitCode 0.
[2024-10-11T00:38:13.207+0000] {spark_submit.py:579} INFO - 24/10/11 00:38:13 INFO SparkUI: Stopped Spark web UI at http://84076e7a47fe:4040
[2024-10-11T00:38:13.215+0000] {spark_submit.py:579} INFO - 24/10/11 00:38:13 INFO StandaloneSchedulerBackend: Shutting down all executors
[2024-10-11T00:38:13.215+0000] {spark_submit.py:579} INFO - 24/10/11 00:38:13 INFO StandaloneSchedulerBackend$StandaloneDriverEndpoint: Asking each executor to shut down
[2024-10-11T00:38:13.245+0000] {spark_submit.py:579} INFO - 24/10/11 00:38:13 INFO MapOutputTrackerMasterEndpoint: MapOutputTrackerMasterEndpoint stopped!
[2024-10-11T00:38:13.264+0000] {spark_submit.py:579} INFO - 24/10/11 00:38:13 INFO MemoryStore: MemoryStore cleared
[2024-10-11T00:38:13.265+0000] {spark_submit.py:579} INFO - 24/10/11 00:38:13 INFO BlockManager: BlockManager stopped
[2024-10-11T00:38:13.269+0000] {spark_submit.py:579} INFO - 24/10/11 00:38:13 INFO BlockManagerMaster: BlockManagerMaster stopped
[2024-10-11T00:38:13.273+0000] {spark_submit.py:579} INFO - 24/10/11 00:38:13 INFO OutputCommitCoordinator$OutputCommitCoordinatorEndpoint: OutputCommitCoordinator stopped!
[2024-10-11T00:38:13.323+0000] {spark_submit.py:579} INFO - 24/10/11 00:38:13 INFO SparkContext: Successfully stopped SparkContext
[2024-10-11T00:38:13.463+0000] {spark_submit.py:579} INFO - 2024-10-11 00:38:13,463 INFO: Closing down clientserver connection
[2024-10-11T00:38:13.568+0000] {spark_submit.py:579} INFO - 24/10/11 00:38:13 INFO ShutdownHookManager: Shutdown hook called
[2024-10-11T00:38:13.568+0000] {spark_submit.py:579} INFO - 24/10/11 00:38:13 INFO ShutdownHookManager: Deleting directory /tmp/spark-050edbef-28d4-48f9-8e2e-5f0ed16e9bb9/pyspark-0784cf5e-5b23-41a9-88b9-911d7b971f89
[2024-10-11T00:38:13.573+0000] {spark_submit.py:579} INFO - 24/10/11 00:38:13 INFO ShutdownHookManager: Deleting directory /tmp/spark-050edbef-28d4-48f9-8e2e-5f0ed16e9bb9
[2024-10-11T00:38:13.578+0000] {spark_submit.py:579} INFO - 24/10/11 00:38:13 INFO ShutdownHookManager: Deleting directory /tmp/spark-49deb44a-d5bb-400f-a479-f6d9e09339f7
[2024-10-11T00:38:13.593+0000] {spark_submit.py:579} INFO - 24/10/11 00:38:13 INFO MetricsSystemImpl: Stopping s3a-file-system metrics system...
[2024-10-11T00:38:13.594+0000] {spark_submit.py:579} INFO - 24/10/11 00:38:13 INFO MetricsSystemImpl: s3a-file-system metrics system stopped.
[2024-10-11T00:38:13.595+0000] {spark_submit.py:579} INFO - 24/10/11 00:38:13 INFO MetricsSystemImpl: s3a-file-system metrics system shutdown complete.
[2024-10-11T00:38:13.677+0000] {taskinstance.py:1398} INFO - Marking task as SUCCESS. dag_id=spark_processing_dag, task_id=silver_cleaned_keywords, execution_date=20241011T002554, start_date=20241011T003734, end_date=20241011T003813
[2024-10-11T00:38:13.732+0000] {local_task_job_runner.py:228} INFO - Task exited with return code 0
[2024-10-11T00:38:13.748+0000] {taskinstance.py:2776} INFO - 0 downstream tasks scheduled from follow-on schedule check
