[2024-11-01T18:27:52.808+0000] {taskinstance.py:1157} INFO - Dependencies all met for dep_context=non-requeueable deps ti=<TaskInstance: mergeeeee.merge_id manual__2024-11-01T18:22:40.139081+00:00 [queued]>
[2024-11-01T18:27:52.816+0000] {taskinstance.py:1157} INFO - Dependencies all met for dep_context=requeueable deps ti=<TaskInstance: mergeeeee.merge_id manual__2024-11-01T18:22:40.139081+00:00 [queued]>
[2024-11-01T18:27:52.817+0000] {taskinstance.py:1359} INFO - Starting attempt 2 of 2
[2024-11-01T18:27:52.828+0000] {taskinstance.py:1380} INFO - Executing <Task(SparkSubmitOperator): merge_id> on 2024-11-01 18:22:40.139081+00:00
[2024-11-01T18:27:52.832+0000] {standard_task_runner.py:57} INFO - Started process 19328 to run task
[2024-11-01T18:27:52.834+0000] {standard_task_runner.py:84} INFO - Running: ['***', 'tasks', 'run', 'mergeeeee', 'merge_id', 'manual__2024-11-01T18:22:40.139081+00:00', '--job-id', '38', '--raw', '--subdir', 'DAGS_FOLDER/merge_hihi.py', '--cfg-path', '/tmp/tmpxsyemmsp']
[2024-11-01T18:27:52.836+0000] {standard_task_runner.py:85} INFO - Job 38: Subtask merge_id
[2024-11-01T18:27:52.876+0000] {task_command.py:415} INFO - Running <TaskInstance: mergeeeee.merge_id manual__2024-11-01T18:22:40.139081+00:00 [running]> on host ee9b80364a9a
[2024-11-01T18:27:52.937+0000] {taskinstance.py:1660} INFO - Exporting env vars: AIRFLOW_CTX_DAG_OWNER='***' AIRFLOW_CTX_DAG_ID='mergeeeee' AIRFLOW_CTX_TASK_ID='merge_id' AIRFLOW_CTX_EXECUTION_DATE='2024-11-01T18:22:40.139081+00:00' AIRFLOW_CTX_TRY_NUMBER='2' AIRFLOW_CTX_DAG_RUN_ID='manual__2024-11-01T18:22:40.139081+00:00'
[2024-11-01T18:27:52.945+0000] {base.py:73} INFO - Using connection ID 'spark-conn' for task execution.
[2024-11-01T18:27:52.948+0000] {spark_submit.py:403} INFO - Spark-Submit cmd: spark-submit --master spark://master:7077 --conf spark.sql.extensions=io.delta.sql.DeltaSparkSessionExtension --conf spark.sql.catalog.spark_catalog=org.apache.spark.sql.delta.catalog.DeltaCatalog --jars /opt/***/jars/hadoop-aws-3.3.4.jar,/opt/***/jars/s3-2.18.41.jar,/opt/***/jars/aws-java-sdk-1.12.367.jar,/opt/***/jars/delta-core_2.12-2.4.0.jar,/opt/***/jars/delta-storage-2.2.0.jar, --packages org.apache.hadoop:hadoop-aws:3.3.4 --num-executors 2 --total-executor-cores 2 --executor-cores 2 --executor-memory 2g --driver-memory 1g --name arrow-spark --deploy-mode client /opt/***/jobs/python/test_merge.py s3a://lakehouse/sliver/keywords s3a://lakehouse/sliver/movies s3a://lakehouse/sliver/credits s3a://lakehouse/silver/merged_data
[2024-11-01T18:27:53.028+0000] {spark_submit.py:579} INFO - /home/***/.local/lib/python3.11/site-packages/pyspark/bin/load-spark-env.sh: line 68: ps: command not found
[2024-11-01T18:27:54.409+0000] {spark_submit.py:579} INFO - :: loading settings :: url = jar:file:/home/***/.local/lib/python3.11/site-packages/pyspark/jars/ivy-2.5.1.jar!/org/apache/ivy/core/settings/ivysettings.xml
[2024-11-01T18:27:54.601+0000] {spark_submit.py:579} INFO - Ivy Default Cache set to: /home/***/.ivy2/cache
[2024-11-01T18:27:54.601+0000] {spark_submit.py:579} INFO - The jars for the packages stored in: /home/***/.ivy2/jars
[2024-11-01T18:27:54.606+0000] {spark_submit.py:579} INFO - org.apache.hadoop#hadoop-aws added as a dependency
[2024-11-01T18:27:54.607+0000] {spark_submit.py:579} INFO - :: resolving dependencies :: org.apache.spark#spark-submit-parent-331c8d33-322b-450a-948a-1503bcb846cf;1.0
[2024-11-01T18:27:54.608+0000] {spark_submit.py:579} INFO - confs: [default]
[2024-11-01T18:27:54.726+0000] {spark_submit.py:579} INFO - found org.apache.hadoop#hadoop-aws;3.3.4 in spark-list
[2024-11-01T18:27:54.752+0000] {spark_submit.py:579} INFO - found com.amazonaws#aws-java-sdk-bundle;1.12.262 in central
[2024-11-01T18:27:54.772+0000] {spark_submit.py:579} INFO - found org.wildfly.openssl#wildfly-openssl;1.0.7.Final in central
[2024-11-01T18:27:54.791+0000] {spark_submit.py:579} INFO - :: resolution report :: resolve 177ms :: artifacts dl 7ms
[2024-11-01T18:27:54.792+0000] {spark_submit.py:579} INFO - :: modules in use:
[2024-11-01T18:27:54.793+0000] {spark_submit.py:579} INFO - com.amazonaws#aws-java-sdk-bundle;1.12.262 from central in [default]
[2024-11-01T18:27:54.793+0000] {spark_submit.py:579} INFO - org.apache.hadoop#hadoop-aws;3.3.4 from spark-list in [default]
[2024-11-01T18:27:54.794+0000] {spark_submit.py:579} INFO - org.wildfly.openssl#wildfly-openssl;1.0.7.Final from central in [default]
[2024-11-01T18:27:54.794+0000] {spark_submit.py:579} INFO - ---------------------------------------------------------------------
[2024-11-01T18:27:54.795+0000] {spark_submit.py:579} INFO - |                  |            modules            ||   artifacts   |
[2024-11-01T18:27:54.796+0000] {spark_submit.py:579} INFO - |       conf       | number| search|dwnlded|evicted|| number|dwnlded|
[2024-11-01T18:27:54.796+0000] {spark_submit.py:579} INFO - ---------------------------------------------------------------------
[2024-11-01T18:27:54.797+0000] {spark_submit.py:579} INFO - |      default     |   3   |   0   |   0   |   0   ||   3   |   0   |
[2024-11-01T18:27:54.797+0000] {spark_submit.py:579} INFO - ---------------------------------------------------------------------
[2024-11-01T18:27:54.798+0000] {spark_submit.py:579} INFO - :: retrieving :: org.apache.spark#spark-submit-parent-331c8d33-322b-450a-948a-1503bcb846cf
[2024-11-01T18:27:54.798+0000] {spark_submit.py:579} INFO - confs: [default]
[2024-11-01T18:27:54.803+0000] {spark_submit.py:579} INFO - 0 artifacts copied, 3 already retrieved (0kB/6ms)
[2024-11-01T18:27:54.973+0000] {spark_submit.py:579} INFO - 24/11/01 18:27:54 WARN NativeCodeLoader: Unable to load native-hadoop library for your platform... using builtin-java classes where applicable
[2024-11-01T18:27:56.173+0000] {spark_submit.py:579} INFO - 24/11/01 18:27:56 INFO SparkContext: Running Spark version 3.4.3
[2024-11-01T18:27:56.203+0000] {spark_submit.py:579} INFO - 24/11/01 18:27:56 INFO ResourceUtils: ==============================================================
[2024-11-01T18:27:56.203+0000] {spark_submit.py:579} INFO - 24/11/01 18:27:56 INFO ResourceUtils: No custom resources configured for spark.driver.
[2024-11-01T18:27:56.204+0000] {spark_submit.py:579} INFO - 24/11/01 18:27:56 INFO ResourceUtils: ==============================================================
[2024-11-01T18:27:56.204+0000] {spark_submit.py:579} INFO - 24/11/01 18:27:56 INFO SparkContext: Submitted application: MergeData
[2024-11-01T18:27:56.232+0000] {spark_submit.py:579} INFO - 24/11/01 18:27:56 INFO ResourceProfile: Default ResourceProfile created, executor resources: Map(cores -> name: cores, amount: 2, script: , vendor: , memory -> name: memory, amount: 2048, script: , vendor: , offHeap -> name: offHeap, amount: 0, script: , vendor: ), task resources: Map(cpus -> name: cpus, amount: 1.0)
[2024-11-01T18:27:56.246+0000] {spark_submit.py:579} INFO - 24/11/01 18:27:56 INFO ResourceProfile: Limiting resource is cpus at 2 tasks per executor
[2024-11-01T18:27:56.248+0000] {spark_submit.py:579} INFO - 24/11/01 18:27:56 INFO ResourceProfileManager: Added ResourceProfile id: 0
[2024-11-01T18:27:56.306+0000] {spark_submit.py:579} INFO - 24/11/01 18:27:56 INFO SecurityManager: Changing view acls to: ***
[2024-11-01T18:27:56.307+0000] {spark_submit.py:579} INFO - 24/11/01 18:27:56 INFO SecurityManager: Changing modify acls to: ***
[2024-11-01T18:27:56.308+0000] {spark_submit.py:579} INFO - 24/11/01 18:27:56 INFO SecurityManager: Changing view acls groups to:
[2024-11-01T18:27:56.308+0000] {spark_submit.py:579} INFO - 24/11/01 18:27:56 INFO SecurityManager: Changing modify acls groups to:
[2024-11-01T18:27:56.309+0000] {spark_submit.py:579} INFO - 24/11/01 18:27:56 INFO SecurityManager: SecurityManager: authentication disabled; ui acls disabled; users with view permissions: ***; groups with view permissions: EMPTY; users with modify permissions: ***; groups with modify permissions: EMPTY
[2024-11-01T18:27:56.546+0000] {spark_submit.py:579} INFO - 24/11/01 18:27:56 INFO Utils: Successfully started service 'sparkDriver' on port 41897.
[2024-11-01T18:27:56.576+0000] {spark_submit.py:579} INFO - 24/11/01 18:27:56 INFO SparkEnv: Registering MapOutputTracker
[2024-11-01T18:27:56.611+0000] {spark_submit.py:579} INFO - 24/11/01 18:27:56 INFO SparkEnv: Registering BlockManagerMaster
[2024-11-01T18:27:56.627+0000] {spark_submit.py:579} INFO - 24/11/01 18:27:56 INFO BlockManagerMasterEndpoint: Using org.apache.spark.storage.DefaultTopologyMapper for getting topology information
[2024-11-01T18:27:56.628+0000] {spark_submit.py:579} INFO - 24/11/01 18:27:56 INFO BlockManagerMasterEndpoint: BlockManagerMasterEndpoint up
[2024-11-01T18:27:56.633+0000] {spark_submit.py:579} INFO - 24/11/01 18:27:56 INFO SparkEnv: Registering BlockManagerMasterHeartbeat
[2024-11-01T18:27:56.651+0000] {spark_submit.py:579} INFO - 24/11/01 18:27:56 INFO DiskBlockManager: Created local directory at /tmp/blockmgr-4ad1ef3c-f7a2-4b22-9985-34e48b556601
[2024-11-01T18:27:56.665+0000] {spark_submit.py:579} INFO - 24/11/01 18:27:56 INFO MemoryStore: MemoryStore started with capacity 434.4 MiB
[2024-11-01T18:27:56.680+0000] {spark_submit.py:579} INFO - 24/11/01 18:27:56 INFO SparkEnv: Registering OutputCommitCoordinator
[2024-11-01T18:27:56.797+0000] {spark_submit.py:579} INFO - 24/11/01 18:27:56 INFO JettyUtils: Start Jetty 0.0.0.0:4040 for SparkUI
[2024-11-01T18:27:56.855+0000] {spark_submit.py:579} INFO - 24/11/01 18:27:56 INFO Utils: Successfully started service 'SparkUI' on port 4040.
[2024-11-01T18:27:56.893+0000] {spark_submit.py:579} INFO - 24/11/01 18:27:56 INFO SparkContext: Added JAR file:///opt/***/jars/hadoop-aws-3.3.4.jar at spark://ee9b80364a9a:41897/jars/hadoop-aws-3.3.4.jar with timestamp 1730485676165
[2024-11-01T18:27:56.894+0000] {spark_submit.py:579} INFO - 24/11/01 18:27:56 INFO SparkContext: Added JAR file:///opt/***/jars/s3-2.18.41.jar at spark://ee9b80364a9a:41897/jars/s3-2.18.41.jar with timestamp 1730485676165
[2024-11-01T18:27:56.896+0000] {spark_submit.py:579} INFO - 24/11/01 18:27:56 INFO SparkContext: Added JAR file:///opt/***/jars/aws-java-sdk-1.12.367.jar at spark://ee9b80364a9a:41897/jars/aws-java-sdk-1.12.367.jar with timestamp 1730485676165
[2024-11-01T18:27:56.897+0000] {spark_submit.py:579} INFO - 24/11/01 18:27:56 INFO SparkContext: Added JAR file:///opt/***/jars/delta-core_2.12-2.4.0.jar at spark://ee9b80364a9a:41897/jars/delta-core_2.12-2.4.0.jar with timestamp 1730485676165
[2024-11-01T18:27:56.898+0000] {spark_submit.py:579} INFO - 24/11/01 18:27:56 INFO SparkContext: Added JAR file:///opt/***/jars/delta-storage-2.2.0.jar at spark://ee9b80364a9a:41897/jars/delta-storage-2.2.0.jar with timestamp 1730485676165
[2024-11-01T18:27:56.899+0000] {spark_submit.py:579} INFO - 24/11/01 18:27:56 INFO SparkContext: Added JAR file:///home/***/.ivy2/jars/org.apache.hadoop_hadoop-aws-3.3.4.jar at spark://ee9b80364a9a:41897/jars/org.apache.hadoop_hadoop-aws-3.3.4.jar with timestamp 1730485676165
[2024-11-01T18:27:56.899+0000] {spark_submit.py:579} INFO - 24/11/01 18:27:56 INFO SparkContext: Added JAR file:///home/***/.ivy2/jars/com.amazonaws_aws-java-sdk-bundle-1.12.262.jar at spark://ee9b80364a9a:41897/jars/com.amazonaws_aws-java-sdk-bundle-1.12.262.jar with timestamp 1730485676165
[2024-11-01T18:27:56.900+0000] {spark_submit.py:579} INFO - 24/11/01 18:27:56 INFO SparkContext: Added JAR file:///home/***/.ivy2/jars/org.wildfly.openssl_wildfly-openssl-1.0.7.Final.jar at spark://ee9b80364a9a:41897/jars/org.wildfly.openssl_wildfly-openssl-1.0.7.Final.jar with timestamp 1730485676165
[2024-11-01T18:27:56.902+0000] {spark_submit.py:579} INFO - 24/11/01 18:27:56 INFO SparkContext: Added file file:///home/***/.ivy2/jars/org.apache.hadoop_hadoop-aws-3.3.4.jar at spark://ee9b80364a9a:41897/files/org.apache.hadoop_hadoop-aws-3.3.4.jar with timestamp 1730485676165
[2024-11-01T18:27:56.904+0000] {spark_submit.py:579} INFO - 24/11/01 18:27:56 INFO Utils: Copying /home/***/.ivy2/jars/org.apache.hadoop_hadoop-aws-3.3.4.jar to /tmp/spark-e64f6be7-c720-496b-acd0-e7e96e72d90b/userFiles-3d77b09c-2a53-4d4c-a8b3-63cc36251029/org.apache.hadoop_hadoop-aws-3.3.4.jar
[2024-11-01T18:27:56.915+0000] {spark_submit.py:579} INFO - 24/11/01 18:27:56 INFO SparkContext: Added file file:///home/***/.ivy2/jars/com.amazonaws_aws-java-sdk-bundle-1.12.262.jar at spark://ee9b80364a9a:41897/files/com.amazonaws_aws-java-sdk-bundle-1.12.262.jar with timestamp 1730485676165
[2024-11-01T18:27:56.916+0000] {spark_submit.py:579} INFO - 24/11/01 18:27:56 INFO Utils: Copying /home/***/.ivy2/jars/com.amazonaws_aws-java-sdk-bundle-1.12.262.jar to /tmp/spark-e64f6be7-c720-496b-acd0-e7e96e72d90b/userFiles-3d77b09c-2a53-4d4c-a8b3-63cc36251029/com.amazonaws_aws-java-sdk-bundle-1.12.262.jar
[2024-11-01T18:27:57.263+0000] {spark_submit.py:579} INFO - 24/11/01 18:27:57 INFO SparkContext: Added file file:///home/***/.ivy2/jars/org.wildfly.openssl_wildfly-openssl-1.0.7.Final.jar at spark://ee9b80364a9a:41897/files/org.wildfly.openssl_wildfly-openssl-1.0.7.Final.jar with timestamp 1730485676165
[2024-11-01T18:27:57.264+0000] {spark_submit.py:579} INFO - 24/11/01 18:27:57 INFO Utils: Copying /home/***/.ivy2/jars/org.wildfly.openssl_wildfly-openssl-1.0.7.Final.jar to /tmp/spark-e64f6be7-c720-496b-acd0-e7e96e72d90b/userFiles-3d77b09c-2a53-4d4c-a8b3-63cc36251029/org.wildfly.openssl_wildfly-openssl-1.0.7.Final.jar
[2024-11-01T18:27:57.356+0000] {spark_submit.py:579} INFO - 24/11/01 18:27:57 INFO StandaloneAppClient$ClientEndpoint: Connecting to master spark://spark-master:7077...
[2024-11-01T18:27:57.401+0000] {spark_submit.py:579} INFO - 24/11/01 18:27:57 INFO TransportClientFactory: Successfully created connection to spark-master/172.19.0.2:7077 after 27 ms (0 ms spent in bootstraps)
[2024-11-01T18:27:57.483+0000] {spark_submit.py:579} INFO - 24/11/01 18:27:57 INFO StandaloneSchedulerBackend: Connected to Spark cluster with app ID app-20241101182757-0023
[2024-11-01T18:27:57.486+0000] {spark_submit.py:579} INFO - 24/11/01 18:27:57 INFO StandaloneAppClient$ClientEndpoint: Executor added: app-20241101182757-0023/0 on worker-20241101161146-172.19.0.6-39621 (172.19.0.6:39621) with 2 core(s)
[2024-11-01T18:27:57.489+0000] {spark_submit.py:579} INFO - 24/11/01 18:27:57 INFO StandaloneSchedulerBackend: Granted executor ID app-20241101182757-0023/0 on hostPort 172.19.0.6:39621 with 2 core(s), 2.0 GiB RAM
[2024-11-01T18:27:57.493+0000] {spark_submit.py:579} INFO - 24/11/01 18:27:57 INFO Utils: Successfully started service 'org.apache.spark.network.netty.NettyBlockTransferService' on port 44505.
[2024-11-01T18:27:57.494+0000] {spark_submit.py:579} INFO - 24/11/01 18:27:57 INFO NettyBlockTransferService: Server created on ee9b80364a9a:44505
[2024-11-01T18:27:57.496+0000] {spark_submit.py:579} INFO - 24/11/01 18:27:57 INFO BlockManager: Using org.apache.spark.storage.RandomBlockReplicationPolicy for block replication policy
[2024-11-01T18:27:57.502+0000] {spark_submit.py:579} INFO - 24/11/01 18:27:57 INFO BlockManagerMaster: Registering BlockManager BlockManagerId(driver, ee9b80364a9a, 44505, None)
[2024-11-01T18:27:57.506+0000] {spark_submit.py:579} INFO - 24/11/01 18:27:57 INFO BlockManagerMasterEndpoint: Registering block manager ee9b80364a9a:44505 with 434.4 MiB RAM, BlockManagerId(driver, ee9b80364a9a, 44505, None)
[2024-11-01T18:27:57.510+0000] {spark_submit.py:579} INFO - 24/11/01 18:27:57 INFO BlockManagerMaster: Registered BlockManager BlockManagerId(driver, ee9b80364a9a, 44505, None)
[2024-11-01T18:27:57.512+0000] {spark_submit.py:579} INFO - 24/11/01 18:27:57 INFO BlockManager: Initialized BlockManager: BlockManagerId(driver, ee9b80364a9a, 44505, None)
[2024-11-01T18:27:57.521+0000] {spark_submit.py:579} INFO - 24/11/01 18:27:57 INFO StandaloneAppClient$ClientEndpoint: Executor updated: app-20241101182757-0023/0 is now RUNNING
[2024-11-01T18:27:57.711+0000] {spark_submit.py:579} INFO - 24/11/01 18:27:57 INFO StandaloneSchedulerBackend: SchedulerBackend is ready for scheduling beginning after reached minRegisteredResourcesRatio: 0.0
[2024-11-01T18:27:57.980+0000] {spark_submit.py:579} INFO - 24/11/01 18:27:57 INFO SharedState: Setting hive.metastore.warehouse.dir ('null') to the value of spark.sql.warehouse.dir.
[2024-11-01T18:27:57.984+0000] {spark_submit.py:579} INFO - 24/11/01 18:27:57 INFO SharedState: Warehouse path is 'file:/opt/***/spark-warehouse'.
[2024-11-01T18:27:59.650+0000] {spark_submit.py:579} INFO - 24/11/01 18:27:59 WARN MetricsConfig: Cannot locate configuration: tried hadoop-metrics2-s3a-file-system.properties,hadoop-metrics2.properties
[2024-11-01T18:27:59.670+0000] {spark_submit.py:579} INFO - 24/11/01 18:27:59 INFO MetricsSystemImpl: Scheduled Metric snapshot period at 10 second(s).
[2024-11-01T18:27:59.670+0000] {spark_submit.py:579} INFO - 24/11/01 18:27:59 INFO MetricsSystemImpl: s3a-file-system metrics system started
[2024-11-01T18:28:00.220+0000] {spark_submit.py:579} INFO - 24/11/01 18:28:00 INFO StandaloneSchedulerBackend$StandaloneDriverEndpoint: Registered executor NettyRpcEndpointRef(spark-client://Executor) (172.19.0.6:43840) with ID 0,  ResourceProfileId 0
[2024-11-01T18:28:00.326+0000] {spark_submit.py:579} INFO - 24/11/01 18:28:00 INFO BlockManagerMasterEndpoint: Registering block manager 172.19.0.6:38171 with 1048.8 MiB RAM, BlockManagerId(0, 172.19.0.6, 38171, None)
[2024-11-01T18:28:01.393+0000] {spark_submit.py:579} INFO - 24/11/01 18:28:01 INFO DeltaLog: Loading version 1.
[2024-11-01T18:28:03.619+0000] {spark_submit.py:579} INFO - 24/11/01 18:28:03 INFO DeltaLogFileIndex: Created DeltaLogFileIndex(JSON, numFilesInSegment: 2, totalFileSize: 2655)
[2024-11-01T18:28:04.825+0000] {spark_submit.py:579} INFO - 24/11/01 18:28:04 INFO FileSourceStrategy: Pushed Filters:
[2024-11-01T18:28:04.826+0000] {spark_submit.py:579} INFO - 24/11/01 18:28:04 INFO FileSourceStrategy: Post-Scan Filters:
[2024-11-01T18:28:05.469+0000] {spark_submit.py:579} INFO - 24/11/01 18:28:05 INFO CodeGenerator: Code generated in 369.606377 ms
[2024-11-01T18:28:05.546+0000] {spark_submit.py:579} INFO - 24/11/01 18:28:05 INFO MemoryStore: Block broadcast_0 stored as values in memory (estimated size 204.8 KiB, free 434.2 MiB)
[2024-11-01T18:28:05.610+0000] {spark_submit.py:579} INFO - 24/11/01 18:28:05 INFO MemoryStore: Block broadcast_0_piece0 stored as bytes in memory (estimated size 36.0 KiB, free 434.2 MiB)
[2024-11-01T18:28:05.622+0000] {spark_submit.py:579} INFO - 24/11/01 18:28:05 INFO BlockManagerInfo: Added broadcast_0_piece0 in memory on ee9b80364a9a:44505 (size: 36.0 KiB, free: 434.4 MiB)
[2024-11-01T18:28:05.628+0000] {spark_submit.py:579} INFO - 24/11/01 18:28:05 INFO SparkContext: Created broadcast 0 from toString at String.java:2951
[2024-11-01T18:28:05.655+0000] {spark_submit.py:579} INFO - 24/11/01 18:28:05 INFO FileSourceScanExec: Planning scan with bin packing, max size: 4195631 bytes, open cost is considered as scanning 4194304 bytes.
[2024-11-01T18:28:05.808+0000] {spark_submit.py:579} INFO - 24/11/01 18:28:05 INFO SparkContext: Starting job: toString at String.java:2951
[2024-11-01T18:28:05.825+0000] {spark_submit.py:579} INFO - 24/11/01 18:28:05 INFO DAGScheduler: Got job 0 (toString at String.java:2951) with 2 output partitions
[2024-11-01T18:28:05.825+0000] {spark_submit.py:579} INFO - 24/11/01 18:28:05 INFO DAGScheduler: Final stage: ResultStage 0 (toString at String.java:2951)
[2024-11-01T18:28:05.826+0000] {spark_submit.py:579} INFO - 24/11/01 18:28:05 INFO DAGScheduler: Parents of final stage: List()
[2024-11-01T18:28:05.827+0000] {spark_submit.py:579} INFO - 24/11/01 18:28:05 INFO DAGScheduler: Missing parents: List()
[2024-11-01T18:28:05.832+0000] {spark_submit.py:579} INFO - 24/11/01 18:28:05 INFO DAGScheduler: Submitting ResultStage 0 (MapPartitionsRDD[3] at toString at String.java:2951), which has no missing parents
[2024-11-01T18:28:05.855+0000] {spark_submit.py:579} INFO - 24/11/01 18:28:05 INFO MemoryStore: Block broadcast_1 stored as values in memory (estimated size 50.4 KiB, free 434.1 MiB)
[2024-11-01T18:28:05.865+0000] {spark_submit.py:579} INFO - 24/11/01 18:28:05 INFO MemoryStore: Block broadcast_1_piece0 stored as bytes in memory (estimated size 15.5 KiB, free 434.1 MiB)
[2024-11-01T18:28:05.866+0000] {spark_submit.py:579} INFO - 24/11/01 18:28:05 INFO BlockManagerInfo: Added broadcast_1_piece0 in memory on ee9b80364a9a:44505 (size: 15.5 KiB, free: 434.3 MiB)
[2024-11-01T18:28:05.867+0000] {spark_submit.py:579} INFO - 24/11/01 18:28:05 INFO SparkContext: Created broadcast 1 from broadcast at DAGScheduler.scala:1540
[2024-11-01T18:28:05.893+0000] {spark_submit.py:579} INFO - 24/11/01 18:28:05 INFO DAGScheduler: Submitting 2 missing tasks from ResultStage 0 (MapPartitionsRDD[3] at toString at String.java:2951) (first 15 tasks are for partitions Vector(0, 1))
[2024-11-01T18:28:05.894+0000] {spark_submit.py:579} INFO - 24/11/01 18:28:05 INFO TaskSchedulerImpl: Adding task set 0.0 with 2 tasks resource profile 0
[2024-11-01T18:28:05.937+0000] {spark_submit.py:579} INFO - 24/11/01 18:28:05 INFO TaskSetManager: Starting task 0.0 in stage 0.0 (TID 0) (172.19.0.6, executor 0, partition 0, PROCESS_LOCAL, 7952 bytes)
[2024-11-01T18:28:05.941+0000] {spark_submit.py:579} INFO - 24/11/01 18:28:05 INFO TaskSetManager: Starting task 1.0 in stage 0.0 (TID 1) (172.19.0.6, executor 0, partition 1, PROCESS_LOCAL, 7952 bytes)
[2024-11-01T18:28:06.244+0000] {spark_submit.py:579} INFO - 24/11/01 18:28:06 INFO BlockManagerInfo: Added broadcast_1_piece0 in memory on 172.19.0.6:38171 (size: 15.5 KiB, free: 1048.8 MiB)
[2024-11-01T18:28:07.453+0000] {spark_submit.py:579} INFO - 24/11/01 18:28:07 INFO BlockManagerInfo: Added broadcast_0_piece0 in memory on 172.19.0.6:38171 (size: 36.0 KiB, free: 1048.7 MiB)
[2024-11-01T18:28:08.803+0000] {spark_submit.py:579} INFO - 24/11/01 18:28:08 INFO TaskSetManager: Finished task 0.0 in stage 0.0 (TID 0) in 2878 ms on 172.19.0.6 (executor 0) (1/2)
[2024-11-01T18:28:08.805+0000] {spark_submit.py:579} INFO - 24/11/01 18:28:08 INFO TaskSetManager: Finished task 1.0 in stage 0.0 (TID 1) in 2863 ms on 172.19.0.6 (executor 0) (2/2)
[2024-11-01T18:28:08.806+0000] {spark_submit.py:579} INFO - 24/11/01 18:28:08 INFO TaskSchedulerImpl: Removed TaskSet 0.0, whose tasks have all completed, from pool
[2024-11-01T18:28:08.812+0000] {spark_submit.py:579} INFO - 24/11/01 18:28:08 INFO DAGScheduler: ResultStage 0 (toString at String.java:2951) finished in 2.964 s
[2024-11-01T18:28:08.816+0000] {spark_submit.py:579} INFO - 24/11/01 18:28:08 INFO DAGScheduler: Job 0 is finished. Cancelling potential speculative or zombie tasks for this job
[2024-11-01T18:28:08.817+0000] {spark_submit.py:579} INFO - 24/11/01 18:28:08 INFO TaskSchedulerImpl: Killing all running tasks in stage 0: Stage finished
[2024-11-01T18:28:08.819+0000] {spark_submit.py:579} INFO - 24/11/01 18:28:08 INFO DAGScheduler: Job 0 finished: toString at String.java:2951, took 3.010480 s
[2024-11-01T18:28:08.908+0000] {spark_submit.py:579} INFO - 24/11/01 18:28:08 INFO CodeGenerator: Code generated in 56.239344 ms
[2024-11-01T18:28:08.917+0000] {spark_submit.py:579} INFO - 24/11/01 18:28:08 INFO Snapshot: [tableId=d74bf3f1-15b3-4089-8568-a520591e1b10] Created snapshot Snapshot(path=s3a://lakehouse/sliver/keywords/_delta_log, version=1, metadata=Metadata(85b27321-a0e6-406d-9b68-adbe0f9ef28b,null,null,Format(parquet,Map()),{"type":"struct","fields":[{"name":"id","type":"string","nullable":true,"metadata":{}},{"name":"keywords","type":"string","nullable":true,"metadata":{}},{"name":"keyword_convert","type":"string","nullable":true,"metadata":{}}]},List(),Map(),Some(1730478737620)), logSegment=LogSegment(s3a://lakehouse/sliver/keywords/_delta_log,1,WrappedArray(S3AFileStatus{path=s3a://lakehouse/sliver/keywords/_delta_log/00000000000000000000.json; isDirectory=false; length=1475; replication=1; blocksize=33554432; modification_time=1730478748921; access_time=0; owner=***; group=***; permission=rw-rw-rw-; isSymlink=false; hasAcl=false; isEncrypted=true; isErasureCoded=false} isEmptyDirectory=FALSE eTag=845d3cc0c7d029d43d55618e21c83a0d versionId=null, S3AFileStatus{path=s3a://lakehouse/sliver/keywords/_delta_log/00000000000000000001.json; isDirectory=false; length=1180; replication=1; blocksize=33554432; modification_time=1730482981493; access_time=0; owner=***; group=***; permission=rw-rw-rw-; isSymlink=false; hasAcl=false; isEncrypted=true; isErasureCoded=false} isEmptyDirectory=FALSE eTag=8b11eed5a01391f8cc735a133adfca74 versionId=null),None,1730482981493), checksumOpt=None)
[2024-11-01T18:28:09.114+0000] {spark_submit.py:579} INFO - 24/11/01 18:28:09 INFO DeltaLog: Loading version 0.
[2024-11-01T18:28:09.119+0000] {spark_submit.py:579} INFO - 24/11/01 18:28:09 INFO DeltaLogFileIndex: Created DeltaLogFileIndex(JSON, numFilesInSegment: 1, totalFileSize: 3718)
[2024-11-01T18:28:09.205+0000] {spark_submit.py:579} INFO - 24/11/01 18:28:09 INFO BlockManagerInfo: Removed broadcast_1_piece0 on ee9b80364a9a:44505 in memory (size: 15.5 KiB, free: 434.4 MiB)
[2024-11-01T18:28:09.212+0000] {spark_submit.py:579} INFO - 24/11/01 18:28:09 INFO BlockManagerInfo: Removed broadcast_1_piece0 on 172.19.0.6:38171 in memory (size: 15.5 KiB, free: 1048.8 MiB)
[2024-11-01T18:28:09.220+0000] {spark_submit.py:579} INFO - 24/11/01 18:28:09 INFO FileSourceStrategy: Pushed Filters:
[2024-11-01T18:28:09.221+0000] {spark_submit.py:579} INFO - 24/11/01 18:28:09 INFO FileSourceStrategy: Post-Scan Filters:
[2024-11-01T18:28:09.251+0000] {spark_submit.py:579} INFO - 24/11/01 18:28:09 INFO MemoryStore: Block broadcast_2 stored as values in memory (estimated size 204.8 KiB, free 434.0 MiB)
[2024-11-01T18:28:09.265+0000] {spark_submit.py:579} INFO - 24/11/01 18:28:09 INFO MemoryStore: Block broadcast_2_piece0 stored as bytes in memory (estimated size 36.0 KiB, free 433.9 MiB)
[2024-11-01T18:28:09.267+0000] {spark_submit.py:579} INFO - 24/11/01 18:28:09 INFO BlockManagerInfo: Added broadcast_2_piece0 in memory on ee9b80364a9a:44505 (size: 36.0 KiB, free: 434.3 MiB)
[2024-11-01T18:28:09.268+0000] {spark_submit.py:579} INFO - 24/11/01 18:28:09 INFO SparkContext: Created broadcast 2 from toString at String.java:2951
[2024-11-01T18:28:09.270+0000] {spark_submit.py:579} INFO - 24/11/01 18:28:09 INFO FileSourceScanExec: Planning scan with bin packing, max size: 4194304 bytes, open cost is considered as scanning 4194304 bytes.
[2024-11-01T18:28:09.289+0000] {spark_submit.py:579} INFO - 24/11/01 18:28:09 INFO BlockManagerInfo: Removed broadcast_0_piece0 on ee9b80364a9a:44505 in memory (size: 36.0 KiB, free: 434.4 MiB)
[2024-11-01T18:28:09.295+0000] {spark_submit.py:579} INFO - 24/11/01 18:28:09 INFO BlockManagerInfo: Removed broadcast_0_piece0 on 172.19.0.6:38171 in memory (size: 36.0 KiB, free: 1048.8 MiB)
[2024-11-01T18:28:09.299+0000] {spark_submit.py:579} INFO - 24/11/01 18:28:09 INFO SparkContext: Starting job: toString at String.java:2951
[2024-11-01T18:28:09.301+0000] {spark_submit.py:579} INFO - 24/11/01 18:28:09 INFO DAGScheduler: Got job 1 (toString at String.java:2951) with 1 output partitions
[2024-11-01T18:28:09.302+0000] {spark_submit.py:579} INFO - 24/11/01 18:28:09 INFO DAGScheduler: Final stage: ResultStage 1 (toString at String.java:2951)
[2024-11-01T18:28:09.303+0000] {spark_submit.py:579} INFO - 24/11/01 18:28:09 INFO DAGScheduler: Parents of final stage: List()
[2024-11-01T18:28:09.303+0000] {spark_submit.py:579} INFO - 24/11/01 18:28:09 INFO DAGScheduler: Missing parents: List()
[2024-11-01T18:28:09.305+0000] {spark_submit.py:579} INFO - 24/11/01 18:28:09 INFO DAGScheduler: Submitting ResultStage 1 (MapPartitionsRDD[7] at toString at String.java:2951), which has no missing parents
[2024-11-01T18:28:09.308+0000] {spark_submit.py:579} INFO - 24/11/01 18:28:09 INFO MemoryStore: Block broadcast_3 stored as values in memory (estimated size 50.4 KiB, free 434.1 MiB)
[2024-11-01T18:28:09.315+0000] {spark_submit.py:579} INFO - 24/11/01 18:28:09 INFO MemoryStore: Block broadcast_3_piece0 stored as bytes in memory (estimated size 15.5 KiB, free 434.1 MiB)
[2024-11-01T18:28:09.316+0000] {spark_submit.py:579} INFO - 24/11/01 18:28:09 INFO BlockManagerInfo: Added broadcast_3_piece0 in memory on ee9b80364a9a:44505 (size: 15.5 KiB, free: 434.3 MiB)
[2024-11-01T18:28:09.317+0000] {spark_submit.py:579} INFO - 24/11/01 18:28:09 INFO SparkContext: Created broadcast 3 from broadcast at DAGScheduler.scala:1540
[2024-11-01T18:28:09.318+0000] {spark_submit.py:579} INFO - 24/11/01 18:28:09 INFO DAGScheduler: Submitting 1 missing tasks from ResultStage 1 (MapPartitionsRDD[7] at toString at String.java:2951) (first 15 tasks are for partitions Vector(0))
[2024-11-01T18:28:09.319+0000] {spark_submit.py:579} INFO - 24/11/01 18:28:09 INFO TaskSchedulerImpl: Adding task set 1.0 with 1 tasks resource profile 0
[2024-11-01T18:28:09.321+0000] {spark_submit.py:579} INFO - 24/11/01 18:28:09 INFO TaskSetManager: Starting task 0.0 in stage 1.0 (TID 2) (172.19.0.6, executor 0, partition 0, PROCESS_LOCAL, 7950 bytes)
[2024-11-01T18:28:09.357+0000] {spark_submit.py:579} INFO - 24/11/01 18:28:09 INFO BlockManagerInfo: Added broadcast_3_piece0 in memory on 172.19.0.6:38171 (size: 15.5 KiB, free: 1048.8 MiB)
[2024-11-01T18:28:09.394+0000] {spark_submit.py:579} INFO - 24/11/01 18:28:09 INFO BlockManagerInfo: Added broadcast_2_piece0 in memory on 172.19.0.6:38171 (size: 36.0 KiB, free: 1048.7 MiB)
[2024-11-01T18:28:09.452+0000] {spark_submit.py:579} INFO - 24/11/01 18:28:09 INFO TaskSetManager: Finished task 0.0 in stage 1.0 (TID 2) in 131 ms on 172.19.0.6 (executor 0) (1/1)
[2024-11-01T18:28:09.452+0000] {spark_submit.py:579} INFO - 24/11/01 18:28:09 INFO TaskSchedulerImpl: Removed TaskSet 1.0, whose tasks have all completed, from pool
[2024-11-01T18:28:09.453+0000] {spark_submit.py:579} INFO - 24/11/01 18:28:09 INFO DAGScheduler: ResultStage 1 (toString at String.java:2951) finished in 0.147 s
[2024-11-01T18:28:09.454+0000] {spark_submit.py:579} INFO - 24/11/01 18:28:09 INFO DAGScheduler: Job 1 is finished. Cancelling potential speculative or zombie tasks for this job
[2024-11-01T18:28:09.455+0000] {spark_submit.py:579} INFO - 24/11/01 18:28:09 INFO TaskSchedulerImpl: Killing all running tasks in stage 1: Stage finished
[2024-11-01T18:28:09.456+0000] {spark_submit.py:579} INFO - 24/11/01 18:28:09 INFO DAGScheduler: Job 1 finished: toString at String.java:2951, took 0.156099 s
[2024-11-01T18:28:09.474+0000] {spark_submit.py:579} INFO - 24/11/01 18:28:09 INFO Snapshot: [tableId=15edd8ab-918d-44a5-aa73-95131886a859] Created snapshot Snapshot(path=s3a://lakehouse/sliver/movies/_delta_log, version=0, metadata=Metadata(656e3912-b67f-4946-aac2-87482da5b81a,null,null,Format(parquet,Map()),{"type":"struct","fields":[{"name":"budget","type":"integer","nullable":true,"metadata":{}},{"name":"genres","type":"string","nullable":true,"metadata":{}},{"name":"genres_convert","type":"string","nullable":true,"metadata":{}},{"name":"id","type":"string","nullable":true,"metadata":{}},{"name":"imdb_id","type":"string","nullable":true,"metadata":{}},{"name":"original_language","type":"string","nullable":true,"metadata":{}},{"name":"original_title","type":"string","nullable":true,"metadata":{}},{"name":"overview","type":"string","nullable":true,"metadata":{}},{"name":"popularity","type":"double","nullable":true,"metadata":{}},{"name":"poster_path","type":"string","nullable":true,"metadata":{}},{"name":"release_date","type":"date","nullable":true,"metadata":{}},{"name":"revenue","type":"string","nullable":true,"metadata":{}},{"name":"status","type":"string","nullable":true,"metadata":{}},{"name":"tagline","type":"string","nullable":true,"metadata":{}},{"name":"time","type":"string","nullable":true,"metadata":{}},{"name":"title","type":"string","nullable":true,"metadata":{}},{"name":"vote_average","type":"float","nullable":true,"metadata":{}},{"name":"vote_count","type":"integer","nullable":true,"metadata":{}}]},List(),Map(),Some(1730478868702)), logSegment=LogSegment(s3a://lakehouse/sliver/movies/_delta_log,0,WrappedArray(S3AFileStatus{path=s3a://lakehouse/sliver/movies/_delta_log/00000000000000000000.json; isDirectory=false; length=3718; replication=1; blocksize=33554432; modification_time=1730478877733; access_time=0; owner=***; group=***; permission=rw-rw-rw-; isSymlink=false; hasAcl=false; isEncrypted=true; isErasureCoded=false} isEmptyDirectory=FALSE eTag=aeb1d1af7b2a2d963ec6f9f44acf6b91 versionId=null),None,1730478877733), checksumOpt=None)
[2024-11-01T18:28:09.658+0000] {spark_submit.py:579} INFO - 24/11/01 18:28:09 INFO DeltaLog: Creating initial snapshot without metadata, because the directory is empty
[2024-11-01T18:28:09.664+0000] {spark_submit.py:579} INFO - 24/11/01 18:28:09 INFO InitialSnapshot: [tableId=6a9d31b9-161e-4146-86d1-f7e1f5eec95f] Created snapshot InitialSnapshot(path=s3a://lakehouse/sliver/credits/_delta_log, version=-1, metadata=Metadata(0c970818-cdde-4031-8188-5a9e5d026c46,null,null,Format(parquet,Map()),null,List(),Map(),Some(1730485689662)), logSegment=LogSegment(s3a://lakehouse/sliver/credits/_delta_log,-1,List(),None,-1), checksumOpt=None)
[2024-11-01T18:28:09.748+0000] {spark_submit.py:579} INFO - ERROR:root:Error during merge process: [PATH_NOT_FOUND] Path does not exist: s3a://lakehouse/sliver/credits.
[2024-11-01T18:28:09.756+0000] {spark_submit.py:579} INFO - ERROR:root:Traceback (most recent call last):
[2024-11-01T18:28:09.757+0000] {spark_submit.py:579} INFO - File "/opt/***/jobs/python/test_merge.py", line 43, in merge_data
[2024-11-01T18:28:09.757+0000] {spark_submit.py:579} INFO - credits_df = spark.read.format("delta").load(credits_path)
[2024-11-01T18:28:09.758+0000] {spark_submit.py:579} INFO - ^^^^^^^^^^^^^^^^^^^^^^^^^^^^^^^^^^^^^^^^^^^^^
[2024-11-01T18:28:09.759+0000] {spark_submit.py:579} INFO - File "/home/***/.local/lib/python3.11/site-packages/pyspark/python/lib/pyspark.zip/pyspark/sql/readwriter.py", line 300, in load
[2024-11-01T18:28:09.759+0000] {spark_submit.py:579} INFO - return self._df(self._jreader.load(path))
[2024-11-01T18:28:09.760+0000] {spark_submit.py:579} INFO - ^^^^^^^^^^^^^^^^^^^^^^^^
[2024-11-01T18:28:09.760+0000] {spark_submit.py:579} INFO - File "/home/***/.local/lib/python3.11/site-packages/pyspark/python/lib/py4j-0.10.9.7-src.zip/py4j/java_gateway.py", line 1322, in __call__
[2024-11-01T18:28:09.761+0000] {spark_submit.py:579} INFO - return_value = get_return_value(
[2024-11-01T18:28:09.762+0000] {spark_submit.py:579} INFO - ^^^^^^^^^^^^^^^^^
[2024-11-01T18:28:09.762+0000] {spark_submit.py:579} INFO - File "/home/***/.local/lib/python3.11/site-packages/pyspark/python/lib/pyspark.zip/pyspark/errors/exceptions/captured.py", line 175, in deco
[2024-11-01T18:28:09.763+0000] {spark_submit.py:579} INFO - raise converted from None
[2024-11-01T18:28:09.763+0000] {spark_submit.py:579} INFO - pyspark.errors.exceptions.captured.AnalysisException: [PATH_NOT_FOUND] Path does not exist: s3a://lakehouse/sliver/credits.
[2024-11-01T18:28:09.763+0000] {spark_submit.py:579} INFO - 
[2024-11-01T18:28:09.764+0000] {spark_submit.py:579} INFO - 24/11/01 18:28:09 INFO SparkContext: SparkContext is stopping with exitCode 0.
[2024-11-01T18:28:09.771+0000] {spark_submit.py:579} INFO - 24/11/01 18:28:09 INFO SparkUI: Stopped Spark web UI at http://ee9b80364a9a:4040
[2024-11-01T18:28:09.778+0000] {spark_submit.py:579} INFO - 24/11/01 18:28:09 INFO StandaloneSchedulerBackend: Shutting down all executors
[2024-11-01T18:28:09.779+0000] {spark_submit.py:579} INFO - 24/11/01 18:28:09 INFO StandaloneSchedulerBackend$StandaloneDriverEndpoint: Asking each executor to shut down
[2024-11-01T18:28:09.803+0000] {spark_submit.py:579} INFO - 24/11/01 18:28:09 INFO MapOutputTrackerMasterEndpoint: MapOutputTrackerMasterEndpoint stopped!
[2024-11-01T18:28:09.817+0000] {spark_submit.py:579} INFO - 24/11/01 18:28:09 INFO MemoryStore: MemoryStore cleared
[2024-11-01T18:28:09.817+0000] {spark_submit.py:579} INFO - 24/11/01 18:28:09 INFO BlockManager: BlockManager stopped
[2024-11-01T18:28:09.821+0000] {spark_submit.py:579} INFO - 24/11/01 18:28:09 INFO BlockManagerMaster: BlockManagerMaster stopped
[2024-11-01T18:28:09.825+0000] {spark_submit.py:579} INFO - 24/11/01 18:28:09 INFO OutputCommitCoordinator$OutputCommitCoordinatorEndpoint: OutputCommitCoordinator stopped!
[2024-11-01T18:28:09.881+0000] {spark_submit.py:579} INFO - 24/11/01 18:28:09 INFO SparkContext: Successfully stopped SparkContext
[2024-11-01T18:28:10.311+0000] {spark_submit.py:579} INFO - 24/11/01 18:28:10 INFO ShutdownHookManager: Shutdown hook called
[2024-11-01T18:28:10.312+0000] {spark_submit.py:579} INFO - 24/11/01 18:28:10 INFO ShutdownHookManager: Deleting directory /tmp/spark-6405b30c-338d-49fc-b211-a276212b838f
[2024-11-01T18:28:10.316+0000] {spark_submit.py:579} INFO - 24/11/01 18:28:10 INFO ShutdownHookManager: Deleting directory /tmp/spark-e64f6be7-c720-496b-acd0-e7e96e72d90b
[2024-11-01T18:28:10.320+0000] {spark_submit.py:579} INFO - 24/11/01 18:28:10 INFO ShutdownHookManager: Deleting directory /tmp/spark-e64f6be7-c720-496b-acd0-e7e96e72d90b/pyspark-eba07f67-647b-42c4-921c-15c8b3227fae
[2024-11-01T18:28:10.327+0000] {spark_submit.py:579} INFO - 24/11/01 18:28:10 INFO MetricsSystemImpl: Stopping s3a-file-system metrics system...
[2024-11-01T18:28:10.328+0000] {spark_submit.py:579} INFO - 24/11/01 18:28:10 INFO MetricsSystemImpl: s3a-file-system metrics system stopped.
[2024-11-01T18:28:10.328+0000] {spark_submit.py:579} INFO - 24/11/01 18:28:10 INFO MetricsSystemImpl: s3a-file-system metrics system shutdown complete.
[2024-11-01T18:28:10.388+0000] {taskinstance.py:1935} ERROR - Task failed with exception
Traceback (most recent call last):
  File "/home/airflow/.local/lib/python3.11/site-packages/airflow/providers/apache/spark/operators/spark_submit.py", line 174, in execute
    self._hook.submit(self.application)
  File "/home/airflow/.local/lib/python3.11/site-packages/airflow/providers/apache/spark/hooks/spark_submit.py", line 505, in submit
    raise AirflowException(
airflow.exceptions.AirflowException: Cannot execute: spark-submit --master spark://master:7077 --conf spark.sql.extensions=io.delta.sql.DeltaSparkSessionExtension --conf spark.sql.catalog.spark_catalog=org.apache.spark.sql.delta.catalog.DeltaCatalog --jars /opt/***/jars/hadoop-aws-3.3.4.jar,/opt/***/jars/s3-2.18.41.jar,/opt/***/jars/aws-java-sdk-1.12.367.jar,/opt/***/jars/delta-core_2.12-2.4.0.jar,/opt/***/jars/delta-storage-2.2.0.jar, --packages org.apache.hadoop:hadoop-aws:3.3.4 --num-executors 2 --total-executor-cores 2 --executor-cores 2 --executor-memory 2g --driver-memory 1g --name arrow-spark --deploy-mode client /opt/***/jobs/python/test_merge.py s3a://lakehouse/sliver/keywords s3a://lakehouse/sliver/movies s3a://lakehouse/sliver/credits s3a://lakehouse/silver/merged_data. Error code is: 1.
[2024-11-01T18:28:10.392+0000] {taskinstance.py:1398} INFO - Marking task as FAILED. dag_id=mergeeeee, task_id=merge_id, execution_date=20241101T182240, start_date=20241101T182752, end_date=20241101T182810
[2024-11-01T18:28:10.393+0000] {merge_hihi.py:15} ERROR - Task mergeeeee__merge_id__20241101 failed.
[2024-11-01T18:28:10.405+0000] {standard_task_runner.py:104} ERROR - Failed to execute job 38 for task merge_id (Cannot execute: spark-submit --master spark://master:7077 --conf spark.sql.extensions=io.delta.sql.DeltaSparkSessionExtension --conf spark.sql.catalog.spark_catalog=org.apache.spark.sql.delta.catalog.DeltaCatalog --jars /opt/***/jars/hadoop-aws-3.3.4.jar,/opt/***/jars/s3-2.18.41.jar,/opt/***/jars/aws-java-sdk-1.12.367.jar,/opt/***/jars/delta-core_2.12-2.4.0.jar,/opt/***/jars/delta-storage-2.2.0.jar, --packages org.apache.hadoop:hadoop-aws:3.3.4 --num-executors 2 --total-executor-cores 2 --executor-cores 2 --executor-memory 2g --driver-memory 1g --name arrow-spark --deploy-mode client /opt/***/jobs/python/test_merge.py s3a://lakehouse/sliver/keywords s3a://lakehouse/sliver/movies s3a://lakehouse/sliver/credits s3a://lakehouse/silver/merged_data. Error code is: 1.; 19328)
[2024-11-01T18:28:10.445+0000] {local_task_job_runner.py:228} INFO - Task exited with return code 1
[2024-11-01T18:28:10.464+0000] {taskinstance.py:2776} INFO - 0 downstream tasks scheduled from follow-on schedule check
