[2024-10-25T07:24:09.499+0000] {taskinstance.py:1157} INFO - Dependencies all met for dep_context=non-requeueable deps ti=<TaskInstance: task_credits_clean.credits_cleaned manual__2024-10-25T07:18:14.793349+00:00 [queued]>
[2024-10-25T07:24:09.508+0000] {taskinstance.py:1157} INFO - Dependencies all met for dep_context=requeueable deps ti=<TaskInstance: task_credits_clean.credits_cleaned manual__2024-10-25T07:18:14.793349+00:00 [queued]>
[2024-10-25T07:24:09.509+0000] {taskinstance.py:1359} INFO - Starting attempt 2 of 2
[2024-10-25T07:24:09.522+0000] {taskinstance.py:1380} INFO - Executing <Task(SparkSubmitOperator): credits_cleaned> on 2024-10-25 07:18:14.793349+00:00
[2024-10-25T07:24:09.527+0000] {standard_task_runner.py:57} INFO - Started process 2166 to run task
[2024-10-25T07:24:09.530+0000] {standard_task_runner.py:84} INFO - Running: ['***', 'tasks', 'run', 'task_credits_clean', 'credits_cleaned', 'manual__2024-10-25T07:18:14.793349+00:00', '--job-id', '121', '--raw', '--subdir', 'DAGS_FOLDER/credits_test.py', '--cfg-path', '/tmp/tmp7ccu9__u']
[2024-10-25T07:24:09.533+0000] {standard_task_runner.py:85} INFO - Job 121: Subtask credits_cleaned
[2024-10-25T07:24:09.582+0000] {task_command.py:415} INFO - Running <TaskInstance: task_credits_clean.credits_cleaned manual__2024-10-25T07:18:14.793349+00:00 [running]> on host 84076e7a47fe
[2024-10-25T07:24:09.664+0000] {taskinstance.py:1660} INFO - Exporting env vars: AIRFLOW_CTX_DAG_OWNER='***' AIRFLOW_CTX_DAG_ID='task_credits_clean' AIRFLOW_CTX_TASK_ID='credits_cleaned' AIRFLOW_CTX_EXECUTION_DATE='2024-10-25T07:18:14.793349+00:00' AIRFLOW_CTX_TRY_NUMBER='2' AIRFLOW_CTX_DAG_RUN_ID='manual__2024-10-25T07:18:14.793349+00:00'
[2024-10-25T07:24:09.673+0000] {base.py:73} INFO - Using connection ID 'spark-conn' for task execution.
[2024-10-25T07:24:09.675+0000] {spark_submit.py:403} INFO - Spark-Submit cmd: spark-submit --master spark://spark-master:7077 --conf spark.sql.extensions=io.delta.sql.DeltaSparkSessionExtension --conf spark.sql.catalog.spark_catalog=org.apache.spark.sql.delta.catalog.DeltaCatalog --jars /opt/***/jars/hadoop-aws-3.3.4.jar,/opt/***/jars/s3-2.18.41.jar,/opt/***/jars/aws-java-sdk-1.12.367.jar,/opt/***/jars/delta-core_2.12-2.4.0.jar,/opt/***/jars/delta-storage-2.2.0.jar, --packages org.apache.hadoop:hadoop-aws:3.3.4 --num-executors 2 --total-executor-cores 2 --executor-cores 2 --executor-memory 2g --driver-memory 1g --name arrow-spark --deploy-mode client /opt/***/jobs/python/test_Credit.py s3a://lakehouse/bronze/credits.parquet s3a://lakehouse/silver/credit
[2024-10-25T07:24:09.767+0000] {spark_submit.py:579} INFO - /home/***/.local/lib/python3.11/site-packages/pyspark/bin/load-spark-env.sh: line 68: ps: command not found
[2024-10-25T07:24:11.631+0000] {spark_submit.py:579} INFO - :: loading settings :: url = jar:file:/home/***/.local/lib/python3.11/site-packages/pyspark/jars/ivy-2.5.1.jar!/org/apache/ivy/core/settings/ivysettings.xml
[2024-10-25T07:24:11.777+0000] {spark_submit.py:579} INFO - Ivy Default Cache set to: /home/***/.ivy2/cache
[2024-10-25T07:24:11.778+0000] {spark_submit.py:579} INFO - The jars for the packages stored in: /home/***/.ivy2/jars
[2024-10-25T07:24:11.784+0000] {spark_submit.py:579} INFO - org.apache.hadoop#hadoop-aws added as a dependency
[2024-10-25T07:24:11.786+0000] {spark_submit.py:579} INFO - :: resolving dependencies :: org.apache.spark#spark-submit-parent-f58c5b30-3322-4a4f-b977-e7bf1d305296;1.0
[2024-10-25T07:24:11.786+0000] {spark_submit.py:579} INFO - confs: [default]
[2024-10-25T07:24:11.916+0000] {spark_submit.py:579} INFO - found org.apache.hadoop#hadoop-aws;3.3.4 in spark-list
[2024-10-25T07:24:11.944+0000] {spark_submit.py:579} INFO - found com.amazonaws#aws-java-sdk-bundle;1.12.262 in central
[2024-10-25T07:24:11.965+0000] {spark_submit.py:579} INFO - found org.wildfly.openssl#wildfly-openssl;1.0.7.Final in spark-list
[2024-10-25T07:24:11.986+0000] {spark_submit.py:579} INFO - :: resolution report :: resolve 193ms :: artifacts dl 7ms
[2024-10-25T07:24:11.987+0000] {spark_submit.py:579} INFO - :: modules in use:
[2024-10-25T07:24:11.987+0000] {spark_submit.py:579} INFO - com.amazonaws#aws-java-sdk-bundle;1.12.262 from central in [default]
[2024-10-25T07:24:11.988+0000] {spark_submit.py:579} INFO - org.apache.hadoop#hadoop-aws;3.3.4 from spark-list in [default]
[2024-10-25T07:24:11.988+0000] {spark_submit.py:579} INFO - org.wildfly.openssl#wildfly-openssl;1.0.7.Final from spark-list in [default]
[2024-10-25T07:24:11.989+0000] {spark_submit.py:579} INFO - ---------------------------------------------------------------------
[2024-10-25T07:24:11.989+0000] {spark_submit.py:579} INFO - |                  |            modules            ||   artifacts   |
[2024-10-25T07:24:11.990+0000] {spark_submit.py:579} INFO - |       conf       | number| search|dwnlded|evicted|| number|dwnlded|
[2024-10-25T07:24:11.991+0000] {spark_submit.py:579} INFO - ---------------------------------------------------------------------
[2024-10-25T07:24:11.991+0000] {spark_submit.py:579} INFO - |      default     |   3   |   0   |   0   |   0   ||   3   |   0   |
[2024-10-25T07:24:11.992+0000] {spark_submit.py:579} INFO - ---------------------------------------------------------------------
[2024-10-25T07:24:11.992+0000] {spark_submit.py:579} INFO - :: retrieving :: org.apache.spark#spark-submit-parent-f58c5b30-3322-4a4f-b977-e7bf1d305296
[2024-10-25T07:24:11.993+0000] {spark_submit.py:579} INFO - confs: [default]
[2024-10-25T07:24:11.999+0000] {spark_submit.py:579} INFO - 0 artifacts copied, 3 already retrieved (0kB/7ms)
[2024-10-25T07:24:12.220+0000] {spark_submit.py:579} INFO - 24/10/25 07:24:12 WARN NativeCodeLoader: Unable to load native-hadoop library for your platform... using builtin-java classes where applicable
[2024-10-25T07:24:13.552+0000] {spark_submit.py:579} INFO - 2024-10-25 07:24:13,551 INFO: Initializing Spark session...
[2024-10-25T07:24:13.728+0000] {spark_submit.py:579} INFO - 24/10/25 07:24:13 INFO SparkContext: Running Spark version 3.4.3
[2024-10-25T07:24:13.759+0000] {spark_submit.py:579} INFO - 24/10/25 07:24:13 INFO ResourceUtils: ==============================================================
[2024-10-25T07:24:13.760+0000] {spark_submit.py:579} INFO - 24/10/25 07:24:13 INFO ResourceUtils: No custom resources configured for spark.driver.
[2024-10-25T07:24:13.760+0000] {spark_submit.py:579} INFO - 24/10/25 07:24:13 INFO ResourceUtils: ==============================================================
[2024-10-25T07:24:13.761+0000] {spark_submit.py:579} INFO - 24/10/25 07:24:13 INFO SparkContext: Submitted application: CleanCredits
[2024-10-25T07:24:13.787+0000] {spark_submit.py:579} INFO - 24/10/25 07:24:13 INFO ResourceProfile: Default ResourceProfile created, executor resources: Map(cores -> name: cores, amount: 2, script: , vendor: , memory -> name: memory, amount: 2048, script: , vendor: , offHeap -> name: offHeap, amount: 0, script: , vendor: ), task resources: Map(cpus -> name: cpus, amount: 1.0)
[2024-10-25T07:24:13.804+0000] {spark_submit.py:579} INFO - 24/10/25 07:24:13 INFO ResourceProfile: Limiting resource is cpus at 2 tasks per executor
[2024-10-25T07:24:13.807+0000] {spark_submit.py:579} INFO - 24/10/25 07:24:13 INFO ResourceProfileManager: Added ResourceProfile id: 0
[2024-10-25T07:24:13.879+0000] {spark_submit.py:579} INFO - 24/10/25 07:24:13 INFO SecurityManager: Changing view acls to: ***
[2024-10-25T07:24:13.881+0000] {spark_submit.py:579} INFO - 24/10/25 07:24:13 INFO SecurityManager: Changing modify acls to: ***
[2024-10-25T07:24:13.881+0000] {spark_submit.py:579} INFO - 24/10/25 07:24:13 INFO SecurityManager: Changing view acls groups to:
[2024-10-25T07:24:13.882+0000] {spark_submit.py:579} INFO - 24/10/25 07:24:13 INFO SecurityManager: Changing modify acls groups to:
[2024-10-25T07:24:13.883+0000] {spark_submit.py:579} INFO - 24/10/25 07:24:13 INFO SecurityManager: SecurityManager: authentication disabled; ui acls disabled; users with view permissions: ***; groups with view permissions: EMPTY; users with modify permissions: ***; groups with modify permissions: EMPTY
[2024-10-25T07:24:14.308+0000] {spark_submit.py:579} INFO - 24/10/25 07:24:14 INFO Utils: Successfully started service 'sparkDriver' on port 43235.
[2024-10-25T07:24:14.356+0000] {spark_submit.py:579} INFO - 24/10/25 07:24:14 INFO SparkEnv: Registering MapOutputTracker
[2024-10-25T07:24:14.428+0000] {spark_submit.py:579} INFO - 24/10/25 07:24:14 INFO SparkEnv: Registering BlockManagerMaster
[2024-10-25T07:24:14.475+0000] {spark_submit.py:579} INFO - 24/10/25 07:24:14 INFO BlockManagerMasterEndpoint: Using org.apache.spark.storage.DefaultTopologyMapper for getting topology information
[2024-10-25T07:24:14.476+0000] {spark_submit.py:579} INFO - 24/10/25 07:24:14 INFO BlockManagerMasterEndpoint: BlockManagerMasterEndpoint up
[2024-10-25T07:24:14.484+0000] {spark_submit.py:579} INFO - 24/10/25 07:24:14 INFO SparkEnv: Registering BlockManagerMasterHeartbeat
[2024-10-25T07:24:14.526+0000] {spark_submit.py:579} INFO - 24/10/25 07:24:14 INFO DiskBlockManager: Created local directory at /tmp/blockmgr-4287938e-9472-467e-9a02-df4a93ea9878
[2024-10-25T07:24:14.558+0000] {spark_submit.py:579} INFO - 24/10/25 07:24:14 INFO MemoryStore: MemoryStore started with capacity 434.4 MiB
[2024-10-25T07:24:14.598+0000] {spark_submit.py:579} INFO - 24/10/25 07:24:14 INFO SparkEnv: Registering OutputCommitCoordinator
[2024-10-25T07:24:14.811+0000] {spark_submit.py:579} INFO - 24/10/25 07:24:14 INFO JettyUtils: Start Jetty 0.0.0.0:4040 for SparkUI
[2024-10-25T07:24:14.896+0000] {spark_submit.py:579} INFO - 24/10/25 07:24:14 WARN Utils: Service 'SparkUI' could not bind on port 4040. Attempting port 4041.
[2024-10-25T07:24:14.910+0000] {spark_submit.py:579} INFO - 24/10/25 07:24:14 INFO Utils: Successfully started service 'SparkUI' on port 4041.
[2024-10-25T07:24:14.965+0000] {spark_submit.py:579} INFO - 24/10/25 07:24:14 INFO SparkContext: Added JAR file:///opt/***/jars/hadoop-aws-3.3.4.jar at spark://84076e7a47fe:43235/jars/hadoop-aws-3.3.4.jar with timestamp 1729841053718
[2024-10-25T07:24:14.967+0000] {spark_submit.py:579} INFO - 24/10/25 07:24:14 INFO SparkContext: Added JAR file:///opt/***/jars/s3-2.18.41.jar at spark://84076e7a47fe:43235/jars/s3-2.18.41.jar with timestamp 1729841053718
[2024-10-25T07:24:14.969+0000] {spark_submit.py:579} INFO - 24/10/25 07:24:14 INFO SparkContext: Added JAR file:///opt/***/jars/aws-java-sdk-1.12.367.jar at spark://84076e7a47fe:43235/jars/aws-java-sdk-1.12.367.jar with timestamp 1729841053718
[2024-10-25T07:24:14.971+0000] {spark_submit.py:579} INFO - 24/10/25 07:24:14 INFO SparkContext: Added JAR file:///opt/***/jars/delta-core_2.12-2.4.0.jar at spark://84076e7a47fe:43235/jars/delta-core_2.12-2.4.0.jar with timestamp 1729841053718
[2024-10-25T07:24:14.973+0000] {spark_submit.py:579} INFO - 24/10/25 07:24:14 INFO SparkContext: Added JAR file:///opt/***/jars/delta-storage-2.2.0.jar at spark://84076e7a47fe:43235/jars/delta-storage-2.2.0.jar with timestamp 1729841053718
[2024-10-25T07:24:14.974+0000] {spark_submit.py:579} INFO - 24/10/25 07:24:14 INFO SparkContext: Added JAR file:///home/***/.ivy2/jars/org.apache.hadoop_hadoop-aws-3.3.4.jar at spark://84076e7a47fe:43235/jars/org.apache.hadoop_hadoop-aws-3.3.4.jar with timestamp 1729841053718
[2024-10-25T07:24:14.975+0000] {spark_submit.py:579} INFO - 24/10/25 07:24:14 INFO SparkContext: Added JAR file:///home/***/.ivy2/jars/com.amazonaws_aws-java-sdk-bundle-1.12.262.jar at spark://84076e7a47fe:43235/jars/com.amazonaws_aws-java-sdk-bundle-1.12.262.jar with timestamp 1729841053718
[2024-10-25T07:24:14.975+0000] {spark_submit.py:579} INFO - 24/10/25 07:24:14 INFO SparkContext: Added JAR file:///home/***/.ivy2/jars/org.wildfly.openssl_wildfly-openssl-1.0.7.Final.jar at spark://84076e7a47fe:43235/jars/org.wildfly.openssl_wildfly-openssl-1.0.7.Final.jar with timestamp 1729841053718
[2024-10-25T07:24:14.979+0000] {spark_submit.py:579} INFO - 24/10/25 07:24:14 INFO SparkContext: Added file file:///home/***/.ivy2/jars/org.apache.hadoop_hadoop-aws-3.3.4.jar at spark://84076e7a47fe:43235/files/org.apache.hadoop_hadoop-aws-3.3.4.jar with timestamp 1729841053718
[2024-10-25T07:24:14.983+0000] {spark_submit.py:579} INFO - 24/10/25 07:24:14 INFO Utils: Copying /home/***/.ivy2/jars/org.apache.hadoop_hadoop-aws-3.3.4.jar to /tmp/spark-ebbdab53-ee9a-483e-9020-f03517824192/userFiles-f236a1b3-82a8-4e3e-b736-9d6ac07d71de/org.apache.hadoop_hadoop-aws-3.3.4.jar
[2024-10-25T07:24:15.008+0000] {spark_submit.py:579} INFO - 24/10/25 07:24:15 INFO SparkContext: Added file file:///home/***/.ivy2/jars/com.amazonaws_aws-java-sdk-bundle-1.12.262.jar at spark://84076e7a47fe:43235/files/com.amazonaws_aws-java-sdk-bundle-1.12.262.jar with timestamp 1729841053718
[2024-10-25T07:24:15.009+0000] {spark_submit.py:579} INFO - 24/10/25 07:24:15 INFO Utils: Copying /home/***/.ivy2/jars/com.amazonaws_aws-java-sdk-bundle-1.12.262.jar to /tmp/spark-ebbdab53-ee9a-483e-9020-f03517824192/userFiles-f236a1b3-82a8-4e3e-b736-9d6ac07d71de/com.amazonaws_aws-java-sdk-bundle-1.12.262.jar
[2024-10-25T07:24:16.073+0000] {spark_submit.py:579} INFO - 24/10/25 07:24:16 INFO SparkContext: Added file file:///home/***/.ivy2/jars/org.wildfly.openssl_wildfly-openssl-1.0.7.Final.jar at spark://84076e7a47fe:43235/files/org.wildfly.openssl_wildfly-openssl-1.0.7.Final.jar with timestamp 1729841053718
[2024-10-25T07:24:16.074+0000] {spark_submit.py:579} INFO - 24/10/25 07:24:16 INFO Utils: Copying /home/***/.ivy2/jars/org.wildfly.openssl_wildfly-openssl-1.0.7.Final.jar to /tmp/spark-ebbdab53-ee9a-483e-9020-f03517824192/userFiles-f236a1b3-82a8-4e3e-b736-9d6ac07d71de/org.wildfly.openssl_wildfly-openssl-1.0.7.Final.jar
[2024-10-25T07:24:16.238+0000] {spark_submit.py:579} INFO - 24/10/25 07:24:16 INFO StandaloneAppClient$ClientEndpoint: Connecting to master spark://spark-master:7077...
[2024-10-25T07:24:16.307+0000] {spark_submit.py:579} INFO - 24/10/25 07:24:16 INFO TransportClientFactory: Successfully created connection to spark-master/172.18.0.7:7077 after 43 ms (0 ms spent in bootstraps)
[2024-10-25T07:24:16.448+0000] {spark_submit.py:579} INFO - 24/10/25 07:24:16 INFO StandaloneSchedulerBackend: Connected to Spark cluster with app ID app-20241025072416-0004
[2024-10-25T07:24:16.461+0000] {spark_submit.py:579} INFO - 24/10/25 07:24:16 INFO Utils: Successfully started service 'org.apache.spark.network.netty.NettyBlockTransferService' on port 45841.
[2024-10-25T07:24:16.462+0000] {spark_submit.py:579} INFO - 24/10/25 07:24:16 INFO NettyBlockTransferService: Server created on 84076e7a47fe:45841
[2024-10-25T07:24:16.465+0000] {spark_submit.py:579} INFO - 24/10/25 07:24:16 INFO BlockManager: Using org.apache.spark.storage.RandomBlockReplicationPolicy for block replication policy
[2024-10-25T07:24:16.474+0000] {spark_submit.py:579} INFO - 24/10/25 07:24:16 INFO StandaloneAppClient$ClientEndpoint: Executor added: app-20241025072416-0004/0 on worker-20241025071036-172.18.0.4-35391 (172.18.0.4:35391) with 2 core(s)
[2024-10-25T07:24:16.479+0000] {spark_submit.py:579} INFO - 24/10/25 07:24:16 INFO StandaloneSchedulerBackend: Granted executor ID app-20241025072416-0004/0 on hostPort 172.18.0.4:35391 with 2 core(s), 2.0 GiB RAM
[2024-10-25T07:24:16.493+0000] {spark_submit.py:579} INFO - 24/10/25 07:24:16 INFO BlockManagerMaster: Registering BlockManager BlockManagerId(driver, 84076e7a47fe, 45841, None)
[2024-10-25T07:24:16.499+0000] {spark_submit.py:579} INFO - 24/10/25 07:24:16 INFO BlockManagerMasterEndpoint: Registering block manager 84076e7a47fe:45841 with 434.4 MiB RAM, BlockManagerId(driver, 84076e7a47fe, 45841, None)
[2024-10-25T07:24:16.503+0000] {spark_submit.py:579} INFO - 24/10/25 07:24:16 INFO BlockManagerMaster: Registered BlockManager BlockManagerId(driver, 84076e7a47fe, 45841, None)
[2024-10-25T07:24:16.506+0000] {spark_submit.py:579} INFO - 24/10/25 07:24:16 INFO BlockManager: Initialized BlockManager: BlockManagerId(driver, 84076e7a47fe, 45841, None)
[2024-10-25T07:24:16.542+0000] {spark_submit.py:579} INFO - 24/10/25 07:24:16 INFO StandaloneAppClient$ClientEndpoint: Executor updated: app-20241025072416-0004/0 is now RUNNING
[2024-10-25T07:24:16.826+0000] {spark_submit.py:579} INFO - 24/10/25 07:24:16 INFO StandaloneSchedulerBackend: SchedulerBackend is ready for scheduling beginning after reached minRegisteredResourcesRatio: 0.0
[2024-10-25T07:24:17.211+0000] {spark_submit.py:579} INFO - 2024-10-25 07:24:17,210 INFO: Spark session initialized successfully.
[2024-10-25T07:24:17.211+0000] {spark_submit.py:579} INFO - 2024-10-25 07:24:17,210 INFO: Reading data from s3a://lakehouse/bronze/credits.parquet
[2024-10-25T07:24:17.224+0000] {spark_submit.py:579} INFO - 24/10/25 07:24:17 INFO SharedState: Setting hive.metastore.warehouse.dir ('null') to the value of spark.sql.warehouse.dir.
[2024-10-25T07:24:17.492+0000] {spark_submit.py:579} INFO - 24/10/25 07:24:17 WARN MetricsConfig: Cannot locate configuration: tried hadoop-metrics2-s3a-file-system.properties,hadoop-metrics2.properties
[2024-10-25T07:24:17.520+0000] {spark_submit.py:579} INFO - 24/10/25 07:24:17 INFO MetricsSystemImpl: Scheduled Metric snapshot period at 10 second(s).
[2024-10-25T07:24:17.521+0000] {spark_submit.py:579} INFO - 24/10/25 07:24:17 INFO MetricsSystemImpl: s3a-file-system metrics system started
[2024-10-25T07:24:19.013+0000] {spark_submit.py:579} INFO - 24/10/25 07:24:19 INFO SharedState: Warehouse path is 's3a://lakehouse/'.
[2024-10-25T07:24:19.634+0000] {spark_submit.py:579} INFO - 24/10/25 07:24:19 INFO StandaloneSchedulerBackend$StandaloneDriverEndpoint: Registered executor NettyRpcEndpointRef(spark-client://Executor) (172.18.0.4:40362) with ID 0,  ResourceProfileId 0
[2024-10-25T07:24:19.728+0000] {spark_submit.py:579} INFO - 24/10/25 07:24:19 INFO BlockManagerMasterEndpoint: Registering block manager 172.18.0.4:45293 with 1048.8 MiB RAM, BlockManagerId(0, 172.18.0.4, 45293, None)
[2024-10-25T07:24:20.893+0000] {spark_submit.py:579} INFO - 24/10/25 07:24:20 INFO InMemoryFileIndex: It took 92 ms to list leaf files for 1 paths.
[2024-10-25T07:24:24.511+0000] {spark_submit.py:579} INFO - 2024-10-25 07:24:24,511 INFO: Cleaning data...
[2024-10-25T07:24:24.754+0000] {spark_submit.py:579} INFO - 2024-10-25 07:24:24,753 INFO: Saving cleaned data to s3a://lakehouse/silver/credit
[2024-10-25T07:24:25.424+0000] {spark_submit.py:579} INFO - 24/10/25 07:24:25 INFO DeltaLog: Creating initial snapshot without metadata, because the directory is empty
[2024-10-25T07:24:25.541+0000] {spark_submit.py:579} INFO - 24/10/25 07:24:25 INFO InitialSnapshot: [tableId=1835ad1e-f298-497c-9517-8304fb155172] Created snapshot InitialSnapshot(path=s3a://lakehouse/silver/credit/_delta_log, version=-1, metadata=Metadata(7795260c-af39-4197-b7f4-044b72de93a8,null,null,Format(parquet,Map()),null,List(),Map(),Some(1729841065533)), logSegment=LogSegment(s3a://lakehouse/silver/credit/_delta_log,-1,List(),None,-1), checksumOpt=None)
[2024-10-25T07:24:25.685+0000] {spark_submit.py:579} INFO - 24/10/25 07:24:25 INFO DeltaLog: No delta log found for the Delta table at s3a://lakehouse/silver/credit/_delta_log
[2024-10-25T07:24:25.686+0000] {spark_submit.py:579} INFO - 24/10/25 07:24:25 INFO InitialSnapshot: [tableId=7795260c-af39-4197-b7f4-044b72de93a8] Created snapshot InitialSnapshot(path=s3a://lakehouse/silver/credit/_delta_log, version=-1, metadata=Metadata(adb81595-65e4-4b20-a8fe-be04e98e4978,null,null,Format(parquet,Map()),null,List(),Map(),Some(1729841065685)), logSegment=LogSegment(s3a://lakehouse/silver/credit/_delta_log,-1,List(),None,-1), checksumOpt=None)
[2024-10-25T07:24:25.865+0000] {spark_submit.py:579} INFO - 24/10/25 07:24:25 INFO OptimisticTransaction: [tableId=adb81595,txnId=74372372] Updated metadata from - to Metadata(eb107ccb-199e-4116-99f0-863a3c71730f,null,null,Format(parquet,Map()),{"type":"struct","fields":[{"name":"id","type":"string","nullable":true,"metadata":{}},{"name":"cast_names","type":"string","nullable":true,"metadata":{}},{"name":"director","type":"string","nullable":true,"metadata":{}}]},List(),Map(),Some(1729841065851))
[2024-10-25T07:24:26.303+0000] {spark_submit.py:579} INFO - 24/10/25 07:24:26 INFO FileSourceStrategy: Pushed Filters: IsNotNull(cast)
[2024-10-25T07:24:26.304+0000] {spark_submit.py:579} INFO - 24/10/25 07:24:26 INFO FileSourceStrategy: Post-Scan Filters: isnotnull(cast#1)
[2024-10-25T07:24:26.431+0000] {spark_submit.py:579} INFO - 24/10/25 07:24:26 INFO ParquetUtils: Using default output committer for Parquet: org.apache.parquet.hadoop.ParquetOutputCommitter
[2024-10-25T07:24:26.602+0000] {spark_submit.py:579} INFO - 24/10/25 07:24:26 INFO HashAggregateExec: spark.sql.codegen.aggregate.map.twolevel.enabled is set to true, but current version of codegened fast hashmap does not support this aggregate.
[2024-10-25T07:24:26.936+0000] {spark_submit.py:579} INFO - 24/10/25 07:24:26 INFO CodeGenerator: Code generated in 272.296636 ms
[2024-10-25T07:24:26.985+0000] {spark_submit.py:579} INFO - 24/10/25 07:24:26 INFO MemoryStore: Block broadcast_0 stored as values in memory (estimated size 206.6 KiB, free 434.2 MiB)
[2024-10-25T07:24:27.036+0000] {spark_submit.py:579} INFO - 24/10/25 07:24:27 INFO MemoryStore: Block broadcast_0_piece0 stored as bytes in memory (estimated size 36.6 KiB, free 434.2 MiB)
[2024-10-25T07:24:27.046+0000] {spark_submit.py:579} INFO - 24/10/25 07:24:27 INFO BlockManagerInfo: Added broadcast_0_piece0 in memory on 84076e7a47fe:45841 (size: 36.6 KiB, free: 434.4 MiB)
[2024-10-25T07:24:27.053+0000] {spark_submit.py:579} INFO - 24/10/25 07:24:27 INFO SparkContext: Created broadcast 0 from save at NativeMethodAccessorImpl.java:0
[2024-10-25T07:24:27.080+0000] {spark_submit.py:579} INFO - 24/10/25 07:24:27 INFO FileSourceScanExec: Planning scan with bin packing, max size: 97055981 bytes, open cost is considered as scanning 4194304 bytes.
[2024-10-25T07:24:27.318+0000] {spark_submit.py:579} INFO - 24/10/25 07:24:27 INFO DAGScheduler: Registering RDD 3 (save at NativeMethodAccessorImpl.java:0) as input to shuffle 0
[2024-10-25T07:24:27.322+0000] {spark_submit.py:579} INFO - 24/10/25 07:24:27 INFO DAGScheduler: Got map stage job 0 (save at NativeMethodAccessorImpl.java:0) with 2 output partitions
[2024-10-25T07:24:27.323+0000] {spark_submit.py:579} INFO - 24/10/25 07:24:27 INFO DAGScheduler: Final stage: ShuffleMapStage 0 (save at NativeMethodAccessorImpl.java:0)
[2024-10-25T07:24:27.324+0000] {spark_submit.py:579} INFO - 24/10/25 07:24:27 INFO DAGScheduler: Parents of final stage: List()
[2024-10-25T07:24:27.326+0000] {spark_submit.py:579} INFO - 24/10/25 07:24:27 INFO DAGScheduler: Missing parents: List()
[2024-10-25T07:24:27.330+0000] {spark_submit.py:579} INFO - 24/10/25 07:24:27 INFO DAGScheduler: Submitting ShuffleMapStage 0 (MapPartitionsRDD[3] at save at NativeMethodAccessorImpl.java:0), which has no missing parents
[2024-10-25T07:24:27.362+0000] {spark_submit.py:579} INFO - 24/10/25 07:24:27 INFO MemoryStore: Block broadcast_1 stored as values in memory (estimated size 32.9 KiB, free 434.1 MiB)
[2024-10-25T07:24:27.371+0000] {spark_submit.py:579} INFO - 24/10/25 07:24:27 INFO MemoryStore: Block broadcast_1_piece0 stored as bytes in memory (estimated size 14.5 KiB, free 434.1 MiB)
[2024-10-25T07:24:27.373+0000] {spark_submit.py:579} INFO - 24/10/25 07:24:27 INFO BlockManagerInfo: Added broadcast_1_piece0 in memory on 84076e7a47fe:45841 (size: 14.5 KiB, free: 434.4 MiB)
[2024-10-25T07:24:27.374+0000] {spark_submit.py:579} INFO - 24/10/25 07:24:27 INFO SparkContext: Created broadcast 1 from broadcast at DAGScheduler.scala:1540
[2024-10-25T07:24:27.397+0000] {spark_submit.py:579} INFO - 24/10/25 07:24:27 INFO DAGScheduler: Submitting 2 missing tasks from ShuffleMapStage 0 (MapPartitionsRDD[3] at save at NativeMethodAccessorImpl.java:0) (first 15 tasks are for partitions Vector(0, 1))
[2024-10-25T07:24:27.398+0000] {spark_submit.py:579} INFO - 24/10/25 07:24:27 INFO TaskSchedulerImpl: Adding task set 0.0 with 2 tasks resource profile 0
[2024-10-25T07:24:27.432+0000] {spark_submit.py:579} INFO - 24/10/25 07:24:27 INFO TaskSetManager: Starting task 0.0 in stage 0.0 (TID 0) (172.18.0.4, executor 0, partition 0, PROCESS_LOCAL, 7911 bytes)
[2024-10-25T07:24:27.436+0000] {spark_submit.py:579} INFO - 24/10/25 07:24:27 INFO TaskSetManager: Starting task 1.0 in stage 0.0 (TID 1) (172.18.0.4, executor 0, partition 1, PROCESS_LOCAL, 7911 bytes)
[2024-10-25T07:24:27.670+0000] {spark_submit.py:579} INFO - 24/10/25 07:24:27 INFO BlockManagerInfo: Added broadcast_1_piece0 in memory on 172.18.0.4:45293 (size: 14.5 KiB, free: 1048.8 MiB)
[2024-10-25T07:24:28.748+0000] {spark_submit.py:579} INFO - 24/10/25 07:24:28 INFO BlockManagerInfo: Added broadcast_0_piece0 in memory on 172.18.0.4:45293 (size: 36.6 KiB, free: 1048.8 MiB)
[2024-10-25T07:24:29.939+0000] {spark_submit.py:579} INFO - 24/10/25 07:24:29 WARN TaskSetManager: Lost task 0.0 in stage 0.0 (TID 0) (172.18.0.4 executor 0): java.lang.RuntimeException: s3a://lakehouse/bronze/credits.parquet is not a Parquet file. Expected magic number at tail, but found [50, 53, 55, 10]
[2024-10-25T07:24:29.940+0000] {spark_submit.py:579} INFO - at org.apache.parquet.hadoop.ParquetFileReader.readFooter(ParquetFileReader.java:557)
[2024-10-25T07:24:29.940+0000] {spark_submit.py:579} INFO - at org.apache.parquet.hadoop.ParquetFileReader.<init>(ParquetFileReader.java:777)
[2024-10-25T07:24:29.941+0000] {spark_submit.py:579} INFO - at org.apache.parquet.hadoop.ParquetFileReader.open(ParquetFileReader.java:658)
[2024-10-25T07:24:29.941+0000] {spark_submit.py:579} INFO - at org.apache.spark.sql.execution.datasources.parquet.ParquetFooterReader.readFooter(ParquetFooterReader.java:53)
[2024-10-25T07:24:29.942+0000] {spark_submit.py:579} INFO - at org.apache.spark.sql.execution.datasources.parquet.ParquetFooterReader.readFooter(ParquetFooterReader.java:39)
[2024-10-25T07:24:29.942+0000] {spark_submit.py:579} INFO - at org.apache.spark.sql.execution.datasources.parquet.ParquetFileFormat.footerFileMetaData$lzycompute$1(ParquetFileFormat.scala:211)
[2024-10-25T07:24:29.943+0000] {spark_submit.py:579} INFO - at org.apache.spark.sql.execution.datasources.parquet.ParquetFileFormat.footerFileMetaData$1(ParquetFileFormat.scala:210)
[2024-10-25T07:24:29.944+0000] {spark_submit.py:579} INFO - at org.apache.spark.sql.execution.datasources.parquet.ParquetFileFormat.$anonfun$buildReaderWithPartitionValues$2(ParquetFileFormat.scala:213)
[2024-10-25T07:24:29.944+0000] {spark_submit.py:579} INFO - at org.apache.spark.sql.execution.datasources.FileScanRDD$$anon$1.org$apache$spark$sql$execution$datasources$FileScanRDD$$anon$$readCurrentFile(FileScanRDD.scala:231)
[2024-10-25T07:24:29.945+0000] {spark_submit.py:579} INFO - at org.apache.spark.sql.execution.datasources.FileScanRDD$$anon$1.nextIterator(FileScanRDD.scala:293)
[2024-10-25T07:24:29.945+0000] {spark_submit.py:579} INFO - at org.apache.spark.sql.execution.datasources.FileScanRDD$$anon$1.hasNext(FileScanRDD.scala:125)
[2024-10-25T07:24:29.946+0000] {spark_submit.py:579} INFO - at org.apache.spark.sql.execution.FileSourceScanExec$$anon$1.hasNext(DataSourceScanExec.scala:594)
[2024-10-25T07:24:29.946+0000] {spark_submit.py:579} INFO - at org.apache.spark.sql.catalyst.expressions.GeneratedClass$GeneratedIteratorForCodegenStage1.columnartorow_nextBatch_0$(Unknown Source)
[2024-10-25T07:24:29.947+0000] {spark_submit.py:579} INFO - at org.apache.spark.sql.catalyst.expressions.GeneratedClass$GeneratedIteratorForCodegenStage1.hashAgg_doAggregateWithKeys_0$(Unknown Source)
[2024-10-25T07:24:29.948+0000] {spark_submit.py:579} INFO - at org.apache.spark.sql.catalyst.expressions.GeneratedClass$GeneratedIteratorForCodegenStage1.processNext(Unknown Source)
[2024-10-25T07:24:29.948+0000] {spark_submit.py:579} INFO - at org.apache.spark.sql.execution.BufferedRowIterator.hasNext(BufferedRowIterator.java:43)
[2024-10-25T07:24:29.949+0000] {spark_submit.py:579} INFO - at org.apache.spark.sql.execution.WholeStageCodegenExec$$anon$1.hasNext(WholeStageCodegenExec.scala:760)
[2024-10-25T07:24:29.950+0000] {spark_submit.py:579} INFO - at scala.collection.Iterator$$anon$10.hasNext(Iterator.scala:460)
[2024-10-25T07:24:29.950+0000] {spark_submit.py:579} INFO - at org.apache.spark.shuffle.sort.BypassMergeSortShuffleWriter.write(BypassMergeSortShuffleWriter.java:140)
[2024-10-25T07:24:29.951+0000] {spark_submit.py:579} INFO - at org.apache.spark.shuffle.ShuffleWriteProcessor.write(ShuffleWriteProcessor.scala:59)
[2024-10-25T07:24:29.952+0000] {spark_submit.py:579} INFO - at org.apache.spark.scheduler.ShuffleMapTask.runTask(ShuffleMapTask.scala:101)
[2024-10-25T07:24:29.953+0000] {spark_submit.py:579} INFO - at org.apache.spark.scheduler.ShuffleMapTask.runTask(ShuffleMapTask.scala:53)
[2024-10-25T07:24:29.953+0000] {spark_submit.py:579} INFO - at org.apache.spark.TaskContext.runTaskWithListeners(TaskContext.scala:161)
[2024-10-25T07:24:29.954+0000] {spark_submit.py:579} INFO - at org.apache.spark.scheduler.Task.run(Task.scala:139)
[2024-10-25T07:24:29.955+0000] {spark_submit.py:579} INFO - at org.apache.spark.executor.Executor$TaskRunner.$anonfun$run$3(Executor.scala:554)
[2024-10-25T07:24:29.956+0000] {spark_submit.py:579} INFO - at org.apache.spark.util.Utils$.tryWithSafeFinally(Utils.scala:1529)
[2024-10-25T07:24:29.957+0000] {spark_submit.py:579} INFO - at org.apache.spark.executor.Executor$TaskRunner.run(Executor.scala:557)
[2024-10-25T07:24:29.958+0000] {spark_submit.py:579} INFO - at java.base/java.util.concurrent.ThreadPoolExecutor.runWorker(ThreadPoolExecutor.java:1136)
[2024-10-25T07:24:29.959+0000] {spark_submit.py:579} INFO - at java.base/java.util.concurrent.ThreadPoolExecutor$Worker.run(ThreadPoolExecutor.java:635)
[2024-10-25T07:24:29.959+0000] {spark_submit.py:579} INFO - at java.base/java.lang.Thread.run(Thread.java:840)
[2024-10-25T07:24:29.960+0000] {spark_submit.py:579} INFO - 
[2024-10-25T07:24:29.961+0000] {spark_submit.py:579} INFO - 24/10/25 07:24:29 INFO TaskSetManager: Lost task 1.0 in stage 0.0 (TID 1) on 172.18.0.4, executor 0: java.lang.RuntimeException (s3a://lakehouse/bronze/credits.parquet is not a Parquet file. Expected magic number at tail, but found [50, 53, 55, 10]) [duplicate 1]
[2024-10-25T07:24:29.961+0000] {spark_submit.py:579} INFO - 24/10/25 07:24:29 INFO TaskSetManager: Starting task 1.1 in stage 0.0 (TID 2) (172.18.0.4, executor 0, partition 1, PROCESS_LOCAL, 7911 bytes)
[2024-10-25T07:24:29.962+0000] {spark_submit.py:579} INFO - 24/10/25 07:24:29 INFO TaskSetManager: Starting task 0.1 in stage 0.0 (TID 3) (172.18.0.4, executor 0, partition 0, PROCESS_LOCAL, 7911 bytes)
[2024-10-25T07:24:30.038+0000] {spark_submit.py:579} INFO - 24/10/25 07:24:30 INFO TaskSetManager: Lost task 0.1 in stage 0.0 (TID 3) on 172.18.0.4, executor 0: java.lang.RuntimeException (s3a://lakehouse/bronze/credits.parquet is not a Parquet file. Expected magic number at tail, but found [50, 53, 55, 10]) [duplicate 2]
[2024-10-25T07:24:30.042+0000] {spark_submit.py:579} INFO - 24/10/25 07:24:30 INFO TaskSetManager: Starting task 0.2 in stage 0.0 (TID 4) (172.18.0.4, executor 0, partition 0, PROCESS_LOCAL, 7911 bytes)
[2024-10-25T07:24:30.044+0000] {spark_submit.py:579} INFO - 24/10/25 07:24:30 INFO TaskSetManager: Lost task 1.1 in stage 0.0 (TID 2) on 172.18.0.4, executor 0: java.lang.RuntimeException (s3a://lakehouse/bronze/credits.parquet is not a Parquet file. Expected magic number at tail, but found [50, 53, 55, 10]) [duplicate 3]
[2024-10-25T07:24:30.046+0000] {spark_submit.py:579} INFO - 24/10/25 07:24:30 INFO TaskSetManager: Starting task 1.2 in stage 0.0 (TID 5) (172.18.0.4, executor 0, partition 1, PROCESS_LOCAL, 7911 bytes)
[2024-10-25T07:24:30.107+0000] {spark_submit.py:579} INFO - 24/10/25 07:24:30 INFO TaskSetManager: Lost task 1.2 in stage 0.0 (TID 5) on 172.18.0.4, executor 0: java.lang.RuntimeException (s3a://lakehouse/bronze/credits.parquet is not a Parquet file. Expected magic number at tail, but found [50, 53, 55, 10]) [duplicate 4]
[2024-10-25T07:24:30.108+0000] {spark_submit.py:579} INFO - 24/10/25 07:24:30 INFO TaskSetManager: Lost task 0.2 in stage 0.0 (TID 4) on 172.18.0.4, executor 0: java.lang.RuntimeException (s3a://lakehouse/bronze/credits.parquet is not a Parquet file. Expected magic number at tail, but found [50, 53, 55, 10]) [duplicate 5]
[2024-10-25T07:24:30.110+0000] {spark_submit.py:579} INFO - 24/10/25 07:24:30 INFO TaskSetManager: Starting task 0.3 in stage 0.0 (TID 6) (172.18.0.4, executor 0, partition 0, PROCESS_LOCAL, 7911 bytes)
[2024-10-25T07:24:30.111+0000] {spark_submit.py:579} INFO - 24/10/25 07:24:30 INFO TaskSetManager: Starting task 1.3 in stage 0.0 (TID 7) (172.18.0.4, executor 0, partition 1, PROCESS_LOCAL, 7911 bytes)
[2024-10-25T07:24:30.179+0000] {spark_submit.py:579} INFO - 24/10/25 07:24:30 INFO TaskSetManager: Lost task 1.3 in stage 0.0 (TID 7) on 172.18.0.4, executor 0: java.lang.RuntimeException (s3a://lakehouse/bronze/credits.parquet is not a Parquet file. Expected magic number at tail, but found [50, 53, 55, 10]) [duplicate 6]
[2024-10-25T07:24:30.181+0000] {spark_submit.py:579} INFO - 24/10/25 07:24:30 ERROR TaskSetManager: Task 1 in stage 0.0 failed 4 times; aborting job
[2024-10-25T07:24:30.184+0000] {spark_submit.py:579} INFO - 24/10/25 07:24:30 INFO TaskSetManager: Lost task 0.3 in stage 0.0 (TID 6) on 172.18.0.4, executor 0: java.lang.RuntimeException (s3a://lakehouse/bronze/credits.parquet is not a Parquet file. Expected magic number at tail, but found [50, 53, 55, 10]) [duplicate 7]
[2024-10-25T07:24:30.186+0000] {spark_submit.py:579} INFO - 24/10/25 07:24:30 INFO TaskSchedulerImpl: Removed TaskSet 0.0, whose tasks have all completed, from pool
[2024-10-25T07:24:30.186+0000] {spark_submit.py:579} INFO - 24/10/25 07:24:30 INFO TaskSchedulerImpl: Cancelling stage 0
[2024-10-25T07:24:30.187+0000] {spark_submit.py:579} INFO - 24/10/25 07:24:30 INFO TaskSchedulerImpl: Killing all running tasks in stage 0: Stage cancelled
[2024-10-25T07:24:30.189+0000] {spark_submit.py:579} INFO - 24/10/25 07:24:30 INFO DAGScheduler: ShuffleMapStage 0 (save at NativeMethodAccessorImpl.java:0) failed in 2.844 s due to Job aborted due to stage failure: Task 1 in stage 0.0 failed 4 times, most recent failure: Lost task 1.3 in stage 0.0 (TID 7) (172.18.0.4 executor 0): java.lang.RuntimeException: s3a://lakehouse/bronze/credits.parquet is not a Parquet file. Expected magic number at tail, but found [50, 53, 55, 10]
[2024-10-25T07:24:30.190+0000] {spark_submit.py:579} INFO - at org.apache.parquet.hadoop.ParquetFileReader.readFooter(ParquetFileReader.java:557)
[2024-10-25T07:24:30.190+0000] {spark_submit.py:579} INFO - at org.apache.parquet.hadoop.ParquetFileReader.<init>(ParquetFileReader.java:777)
[2024-10-25T07:24:30.191+0000] {spark_submit.py:579} INFO - at org.apache.parquet.hadoop.ParquetFileReader.open(ParquetFileReader.java:658)
[2024-10-25T07:24:30.192+0000] {spark_submit.py:579} INFO - at org.apache.spark.sql.execution.datasources.parquet.ParquetFooterReader.readFooter(ParquetFooterReader.java:53)
[2024-10-25T07:24:30.192+0000] {spark_submit.py:579} INFO - at org.apache.spark.sql.execution.datasources.parquet.ParquetFooterReader.readFooter(ParquetFooterReader.java:39)
[2024-10-25T07:24:30.193+0000] {spark_submit.py:579} INFO - at org.apache.spark.sql.execution.datasources.parquet.ParquetFileFormat.footerFileMetaData$lzycompute$1(ParquetFileFormat.scala:211)
[2024-10-25T07:24:30.193+0000] {spark_submit.py:579} INFO - at org.apache.spark.sql.execution.datasources.parquet.ParquetFileFormat.footerFileMetaData$1(ParquetFileFormat.scala:210)
[2024-10-25T07:24:30.194+0000] {spark_submit.py:579} INFO - at org.apache.spark.sql.execution.datasources.parquet.ParquetFileFormat.$anonfun$buildReaderWithPartitionValues$2(ParquetFileFormat.scala:213)
[2024-10-25T07:24:30.194+0000] {spark_submit.py:579} INFO - at org.apache.spark.sql.execution.datasources.FileScanRDD$$anon$1.org$apache$spark$sql$execution$datasources$FileScanRDD$$anon$$readCurrentFile(FileScanRDD.scala:231)
[2024-10-25T07:24:30.195+0000] {spark_submit.py:579} INFO - at org.apache.spark.sql.execution.datasources.FileScanRDD$$anon$1.nextIterator(FileScanRDD.scala:293)
[2024-10-25T07:24:30.195+0000] {spark_submit.py:579} INFO - at org.apache.spark.sql.execution.datasources.FileScanRDD$$anon$1.hasNext(FileScanRDD.scala:125)
[2024-10-25T07:24:30.195+0000] {spark_submit.py:579} INFO - at org.apache.spark.sql.execution.FileSourceScanExec$$anon$1.hasNext(DataSourceScanExec.scala:594)
[2024-10-25T07:24:30.196+0000] {spark_submit.py:579} INFO - at org.apache.spark.sql.catalyst.expressions.GeneratedClass$GeneratedIteratorForCodegenStage1.columnartorow_nextBatch_0$(Unknown Source)
[2024-10-25T07:24:30.196+0000] {spark_submit.py:579} INFO - at org.apache.spark.sql.catalyst.expressions.GeneratedClass$GeneratedIteratorForCodegenStage1.hashAgg_doAggregateWithKeys_0$(Unknown Source)
[2024-10-25T07:24:30.197+0000] {spark_submit.py:579} INFO - at org.apache.spark.sql.catalyst.expressions.GeneratedClass$GeneratedIteratorForCodegenStage1.processNext(Unknown Source)
[2024-10-25T07:24:30.197+0000] {spark_submit.py:579} INFO - at org.apache.spark.sql.execution.BufferedRowIterator.hasNext(BufferedRowIterator.java:43)
[2024-10-25T07:24:30.198+0000] {spark_submit.py:579} INFO - at org.apache.spark.sql.execution.WholeStageCodegenExec$$anon$1.hasNext(WholeStageCodegenExec.scala:760)
[2024-10-25T07:24:30.199+0000] {spark_submit.py:579} INFO - at scala.collection.Iterator$$anon$10.hasNext(Iterator.scala:460)
[2024-10-25T07:24:30.199+0000] {spark_submit.py:579} INFO - at org.apache.spark.shuffle.sort.BypassMergeSortShuffleWriter.write(BypassMergeSortShuffleWriter.java:140)
[2024-10-25T07:24:30.200+0000] {spark_submit.py:579} INFO - at org.apache.spark.shuffle.ShuffleWriteProcessor.write(ShuffleWriteProcessor.scala:59)
[2024-10-25T07:24:30.200+0000] {spark_submit.py:579} INFO - at org.apache.spark.scheduler.ShuffleMapTask.runTask(ShuffleMapTask.scala:101)
[2024-10-25T07:24:30.201+0000] {spark_submit.py:579} INFO - at org.apache.spark.scheduler.ShuffleMapTask.runTask(ShuffleMapTask.scala:53)
[2024-10-25T07:24:30.201+0000] {spark_submit.py:579} INFO - at org.apache.spark.TaskContext.runTaskWithListeners(TaskContext.scala:161)
[2024-10-25T07:24:30.202+0000] {spark_submit.py:579} INFO - at org.apache.spark.scheduler.Task.run(Task.scala:139)
[2024-10-25T07:24:30.202+0000] {spark_submit.py:579} INFO - at org.apache.spark.executor.Executor$TaskRunner.$anonfun$run$3(Executor.scala:554)
[2024-10-25T07:24:30.203+0000] {spark_submit.py:579} INFO - at org.apache.spark.util.Utils$.tryWithSafeFinally(Utils.scala:1529)
[2024-10-25T07:24:30.203+0000] {spark_submit.py:579} INFO - at org.apache.spark.executor.Executor$TaskRunner.run(Executor.scala:557)
[2024-10-25T07:24:30.203+0000] {spark_submit.py:579} INFO - at java.base/java.util.concurrent.ThreadPoolExecutor.runWorker(ThreadPoolExecutor.java:1136)
[2024-10-25T07:24:30.204+0000] {spark_submit.py:579} INFO - at java.base/java.util.concurrent.ThreadPoolExecutor$Worker.run(ThreadPoolExecutor.java:635)
[2024-10-25T07:24:30.204+0000] {spark_submit.py:579} INFO - at java.base/java.lang.Thread.run(Thread.java:840)
[2024-10-25T07:24:30.204+0000] {spark_submit.py:579} INFO - 
[2024-10-25T07:24:30.205+0000] {spark_submit.py:579} INFO - Driver stacktrace:
[2024-10-25T07:24:30.394+0000] {spark_submit.py:579} INFO - 2024-10-25 07:24:30,394 ERROR: Error during cleaning process: An error occurred while calling o130.save.
[2024-10-25T07:24:30.395+0000] {spark_submit.py:579} INFO - : org.apache.spark.SparkException: Job aborted due to stage failure: Task 1 in stage 0.0 failed 4 times, most recent failure: Lost task 1.3 in stage 0.0 (TID 7) (172.18.0.4 executor 0): java.lang.RuntimeException: s3a://lakehouse/bronze/credits.parquet is not a Parquet file. Expected magic number at tail, but found [50, 53, 55, 10]
[2024-10-25T07:24:30.395+0000] {spark_submit.py:579} INFO - at org.apache.parquet.hadoop.ParquetFileReader.readFooter(ParquetFileReader.java:557)
[2024-10-25T07:24:30.396+0000] {spark_submit.py:579} INFO - at org.apache.parquet.hadoop.ParquetFileReader.<init>(ParquetFileReader.java:777)
[2024-10-25T07:24:30.396+0000] {spark_submit.py:579} INFO - at org.apache.parquet.hadoop.ParquetFileReader.open(ParquetFileReader.java:658)
[2024-10-25T07:24:30.396+0000] {spark_submit.py:579} INFO - at org.apache.spark.sql.execution.datasources.parquet.ParquetFooterReader.readFooter(ParquetFooterReader.java:53)
[2024-10-25T07:24:30.396+0000] {spark_submit.py:579} INFO - at org.apache.spark.sql.execution.datasources.parquet.ParquetFooterReader.readFooter(ParquetFooterReader.java:39)
[2024-10-25T07:24:30.397+0000] {spark_submit.py:579} INFO - at org.apache.spark.sql.execution.datasources.parquet.ParquetFileFormat.footerFileMetaData$lzycompute$1(ParquetFileFormat.scala:211)
[2024-10-25T07:24:30.397+0000] {spark_submit.py:579} INFO - at org.apache.spark.sql.execution.datasources.parquet.ParquetFileFormat.footerFileMetaData$1(ParquetFileFormat.scala:210)
[2024-10-25T07:24:30.397+0000] {spark_submit.py:579} INFO - at org.apache.spark.sql.execution.datasources.parquet.ParquetFileFormat.$anonfun$buildReaderWithPartitionValues$2(ParquetFileFormat.scala:213)
[2024-10-25T07:24:30.398+0000] {spark_submit.py:579} INFO - at org.apache.spark.sql.execution.datasources.FileScanRDD$$anon$1.org$apache$spark$sql$execution$datasources$FileScanRDD$$anon$$readCurrentFile(FileScanRDD.scala:231)
[2024-10-25T07:24:30.399+0000] {spark_submit.py:579} INFO - at org.apache.spark.sql.execution.datasources.FileScanRDD$$anon$1.nextIterator(FileScanRDD.scala:293)
[2024-10-25T07:24:30.399+0000] {spark_submit.py:579} INFO - at org.apache.spark.sql.execution.datasources.FileScanRDD$$anon$1.hasNext(FileScanRDD.scala:125)
[2024-10-25T07:24:30.400+0000] {spark_submit.py:579} INFO - at org.apache.spark.sql.execution.FileSourceScanExec$$anon$1.hasNext(DataSourceScanExec.scala:594)
[2024-10-25T07:24:30.400+0000] {spark_submit.py:579} INFO - at org.apache.spark.sql.catalyst.expressions.GeneratedClass$GeneratedIteratorForCodegenStage1.columnartorow_nextBatch_0$(Unknown Source)
[2024-10-25T07:24:30.400+0000] {spark_submit.py:579} INFO - at org.apache.spark.sql.catalyst.expressions.GeneratedClass$GeneratedIteratorForCodegenStage1.hashAgg_doAggregateWithKeys_0$(Unknown Source)
[2024-10-25T07:24:30.401+0000] {spark_submit.py:579} INFO - at org.apache.spark.sql.catalyst.expressions.GeneratedClass$GeneratedIteratorForCodegenStage1.processNext(Unknown Source)
[2024-10-25T07:24:30.401+0000] {spark_submit.py:579} INFO - at org.apache.spark.sql.execution.BufferedRowIterator.hasNext(BufferedRowIterator.java:43)
[2024-10-25T07:24:30.402+0000] {spark_submit.py:579} INFO - at org.apache.spark.sql.execution.WholeStageCodegenExec$$anon$1.hasNext(WholeStageCodegenExec.scala:760)
[2024-10-25T07:24:30.402+0000] {spark_submit.py:579} INFO - at scala.collection.Iterator$$anon$10.hasNext(Iterator.scala:460)
[2024-10-25T07:24:30.402+0000] {spark_submit.py:579} INFO - at org.apache.spark.shuffle.sort.BypassMergeSortShuffleWriter.write(BypassMergeSortShuffleWriter.java:140)
[2024-10-25T07:24:30.403+0000] {spark_submit.py:579} INFO - at org.apache.spark.shuffle.ShuffleWriteProcessor.write(ShuffleWriteProcessor.scala:59)
[2024-10-25T07:24:30.403+0000] {spark_submit.py:579} INFO - at org.apache.spark.scheduler.ShuffleMapTask.runTask(ShuffleMapTask.scala:101)
[2024-10-25T07:24:30.404+0000] {spark_submit.py:579} INFO - at org.apache.spark.scheduler.ShuffleMapTask.runTask(ShuffleMapTask.scala:53)
[2024-10-25T07:24:30.404+0000] {spark_submit.py:579} INFO - at org.apache.spark.TaskContext.runTaskWithListeners(TaskContext.scala:161)
[2024-10-25T07:24:30.405+0000] {spark_submit.py:579} INFO - at org.apache.spark.scheduler.Task.run(Task.scala:139)
[2024-10-25T07:24:30.405+0000] {spark_submit.py:579} INFO - at org.apache.spark.executor.Executor$TaskRunner.$anonfun$run$3(Executor.scala:554)
[2024-10-25T07:24:30.406+0000] {spark_submit.py:579} INFO - at org.apache.spark.util.Utils$.tryWithSafeFinally(Utils.scala:1529)
[2024-10-25T07:24:30.406+0000] {spark_submit.py:579} INFO - at org.apache.spark.executor.Executor$TaskRunner.run(Executor.scala:557)
[2024-10-25T07:24:30.406+0000] {spark_submit.py:579} INFO - at java.base/java.util.concurrent.ThreadPoolExecutor.runWorker(ThreadPoolExecutor.java:1136)
[2024-10-25T07:24:30.407+0000] {spark_submit.py:579} INFO - at java.base/java.util.concurrent.ThreadPoolExecutor$Worker.run(ThreadPoolExecutor.java:635)
[2024-10-25T07:24:30.407+0000] {spark_submit.py:579} INFO - at java.base/java.lang.Thread.run(Thread.java:840)
[2024-10-25T07:24:30.407+0000] {spark_submit.py:579} INFO - 
[2024-10-25T07:24:30.408+0000] {spark_submit.py:579} INFO - Driver stacktrace:
[2024-10-25T07:24:30.408+0000] {spark_submit.py:579} INFO - at org.apache.spark.scheduler.DAGScheduler.failJobAndIndependentStages(DAGScheduler.scala:2790)
[2024-10-25T07:24:30.408+0000] {spark_submit.py:579} INFO - at org.apache.spark.scheduler.DAGScheduler.$anonfun$abortStage$2(DAGScheduler.scala:2726)
[2024-10-25T07:24:30.409+0000] {spark_submit.py:579} INFO - at org.apache.spark.scheduler.DAGScheduler.$anonfun$abortStage$2$adapted(DAGScheduler.scala:2725)
[2024-10-25T07:24:30.409+0000] {spark_submit.py:579} INFO - at scala.collection.mutable.ResizableArray.foreach(ResizableArray.scala:62)
[2024-10-25T07:24:30.409+0000] {spark_submit.py:579} INFO - at scala.collection.mutable.ResizableArray.foreach$(ResizableArray.scala:55)
[2024-10-25T07:24:30.410+0000] {spark_submit.py:579} INFO - at scala.collection.mutable.ArrayBuffer.foreach(ArrayBuffer.scala:49)
[2024-10-25T07:24:30.410+0000] {spark_submit.py:579} INFO - at org.apache.spark.scheduler.DAGScheduler.abortStage(DAGScheduler.scala:2725)
[2024-10-25T07:24:30.411+0000] {spark_submit.py:579} INFO - at org.apache.spark.scheduler.DAGScheduler.$anonfun$handleTaskSetFailed$1(DAGScheduler.scala:1211)
[2024-10-25T07:24:30.412+0000] {spark_submit.py:579} INFO - at org.apache.spark.scheduler.DAGScheduler.$anonfun$handleTaskSetFailed$1$adapted(DAGScheduler.scala:1211)
[2024-10-25T07:24:30.412+0000] {spark_submit.py:579} INFO - at scala.Option.foreach(Option.scala:407)
[2024-10-25T07:24:30.413+0000] {spark_submit.py:579} INFO - at org.apache.spark.scheduler.DAGScheduler.handleTaskSetFailed(DAGScheduler.scala:1211)
[2024-10-25T07:24:30.414+0000] {spark_submit.py:579} INFO - at org.apache.spark.scheduler.DAGSchedulerEventProcessLoop.doOnReceive(DAGScheduler.scala:2989)
[2024-10-25T07:24:30.414+0000] {spark_submit.py:579} INFO - at org.apache.spark.scheduler.DAGSchedulerEventProcessLoop.onReceive(DAGScheduler.scala:2928)
[2024-10-25T07:24:30.415+0000] {spark_submit.py:579} INFO - at org.apache.spark.scheduler.DAGSchedulerEventProcessLoop.onReceive(DAGScheduler.scala:2917)
[2024-10-25T07:24:30.415+0000] {spark_submit.py:579} INFO - at org.apache.spark.util.EventLoop$$anon$1.run(EventLoop.scala:49)
[2024-10-25T07:24:30.416+0000] {spark_submit.py:579} INFO - Caused by: java.lang.RuntimeException: s3a://lakehouse/bronze/credits.parquet is not a Parquet file. Expected magic number at tail, but found [50, 53, 55, 10]
[2024-10-25T07:24:30.416+0000] {spark_submit.py:579} INFO - at org.apache.parquet.hadoop.ParquetFileReader.readFooter(ParquetFileReader.java:557)
[2024-10-25T07:24:30.417+0000] {spark_submit.py:579} INFO - at org.apache.parquet.hadoop.ParquetFileReader.<init>(ParquetFileReader.java:777)
[2024-10-25T07:24:30.417+0000] {spark_submit.py:579} INFO - at org.apache.parquet.hadoop.ParquetFileReader.open(ParquetFileReader.java:658)
[2024-10-25T07:24:30.418+0000] {spark_submit.py:579} INFO - at org.apache.spark.sql.execution.datasources.parquet.ParquetFooterReader.readFooter(ParquetFooterReader.java:53)
[2024-10-25T07:24:30.418+0000] {spark_submit.py:579} INFO - at org.apache.spark.sql.execution.datasources.parquet.ParquetFooterReader.readFooter(ParquetFooterReader.java:39)
[2024-10-25T07:24:30.419+0000] {spark_submit.py:579} INFO - at org.apache.spark.sql.execution.datasources.parquet.ParquetFileFormat.footerFileMetaData$lzycompute$1(ParquetFileFormat.scala:211)
[2024-10-25T07:24:30.420+0000] {spark_submit.py:579} INFO - at org.apache.spark.sql.execution.datasources.parquet.ParquetFileFormat.footerFileMetaData$1(ParquetFileFormat.scala:210)
[2024-10-25T07:24:30.420+0000] {spark_submit.py:579} INFO - at org.apache.spark.sql.execution.datasources.parquet.ParquetFileFormat.$anonfun$buildReaderWithPartitionValues$2(ParquetFileFormat.scala:213)
[2024-10-25T07:24:30.421+0000] {spark_submit.py:579} INFO - at org.apache.spark.sql.execution.datasources.FileScanRDD$$anon$1.org$apache$spark$sql$execution$datasources$FileScanRDD$$anon$$readCurrentFile(FileScanRDD.scala:231)
[2024-10-25T07:24:30.421+0000] {spark_submit.py:579} INFO - at org.apache.spark.sql.execution.datasources.FileScanRDD$$anon$1.nextIterator(FileScanRDD.scala:293)
[2024-10-25T07:24:30.422+0000] {spark_submit.py:579} INFO - at org.apache.spark.sql.execution.datasources.FileScanRDD$$anon$1.hasNext(FileScanRDD.scala:125)
[2024-10-25T07:24:30.422+0000] {spark_submit.py:579} INFO - at org.apache.spark.sql.execution.FileSourceScanExec$$anon$1.hasNext(DataSourceScanExec.scala:594)
[2024-10-25T07:24:30.423+0000] {spark_submit.py:579} INFO - at org.apache.spark.sql.catalyst.expressions.GeneratedClass$GeneratedIteratorForCodegenStage1.columnartorow_nextBatch_0$(Unknown Source)
[2024-10-25T07:24:30.423+0000] {spark_submit.py:579} INFO - at org.apache.spark.sql.catalyst.expressions.GeneratedClass$GeneratedIteratorForCodegenStage1.hashAgg_doAggregateWithKeys_0$(Unknown Source)
[2024-10-25T07:24:30.424+0000] {spark_submit.py:579} INFO - at org.apache.spark.sql.catalyst.expressions.GeneratedClass$GeneratedIteratorForCodegenStage1.processNext(Unknown Source)
[2024-10-25T07:24:30.424+0000] {spark_submit.py:579} INFO - at org.apache.spark.sql.execution.BufferedRowIterator.hasNext(BufferedRowIterator.java:43)
[2024-10-25T07:24:30.424+0000] {spark_submit.py:579} INFO - at org.apache.spark.sql.execution.WholeStageCodegenExec$$anon$1.hasNext(WholeStageCodegenExec.scala:760)
[2024-10-25T07:24:30.425+0000] {spark_submit.py:579} INFO - at scala.collection.Iterator$$anon$10.hasNext(Iterator.scala:460)
[2024-10-25T07:24:30.425+0000] {spark_submit.py:579} INFO - at org.apache.spark.shuffle.sort.BypassMergeSortShuffleWriter.write(BypassMergeSortShuffleWriter.java:140)
[2024-10-25T07:24:30.426+0000] {spark_submit.py:579} INFO - at org.apache.spark.shuffle.ShuffleWriteProcessor.write(ShuffleWriteProcessor.scala:59)
[2024-10-25T07:24:30.426+0000] {spark_submit.py:579} INFO - at org.apache.spark.scheduler.ShuffleMapTask.runTask(ShuffleMapTask.scala:101)
[2024-10-25T07:24:30.427+0000] {spark_submit.py:579} INFO - at org.apache.spark.scheduler.ShuffleMapTask.runTask(ShuffleMapTask.scala:53)
[2024-10-25T07:24:30.427+0000] {spark_submit.py:579} INFO - at org.apache.spark.TaskContext.runTaskWithListeners(TaskContext.scala:161)
[2024-10-25T07:24:30.428+0000] {spark_submit.py:579} INFO - at org.apache.spark.scheduler.Task.run(Task.scala:139)
[2024-10-25T07:24:30.429+0000] {spark_submit.py:579} INFO - at org.apache.spark.executor.Executor$TaskRunner.$anonfun$run$3(Executor.scala:554)
[2024-10-25T07:24:30.429+0000] {spark_submit.py:579} INFO - at org.apache.spark.util.Utils$.tryWithSafeFinally(Utils.scala:1529)
[2024-10-25T07:24:30.430+0000] {spark_submit.py:579} INFO - at org.apache.spark.executor.Executor$TaskRunner.run(Executor.scala:557)
[2024-10-25T07:24:30.430+0000] {spark_submit.py:579} INFO - at java.base/java.util.concurrent.ThreadPoolExecutor.runWorker(ThreadPoolExecutor.java:1136)
[2024-10-25T07:24:30.431+0000] {spark_submit.py:579} INFO - at java.base/java.util.concurrent.ThreadPoolExecutor$Worker.run(ThreadPoolExecutor.java:635)
[2024-10-25T07:24:30.432+0000] {spark_submit.py:579} INFO - at java.base/java.lang.Thread.run(Thread.java:840)
[2024-10-25T07:24:30.433+0000] {spark_submit.py:579} INFO - 
[2024-10-25T07:24:30.434+0000] {spark_submit.py:579} INFO - 2024-10-25 07:24:30,399 ERROR: Traceback (most recent call last):
[2024-10-25T07:24:30.434+0000] {spark_submit.py:579} INFO - File "/opt/***/jobs/python/test_Credit.py", line 166, in clean_credits
[2024-10-25T07:24:30.434+0000] {spark_submit.py:579} INFO - df_cleaned.write.format("delta").mode("overwrite").option('overwriteSchema', 'true').save(output_path)
[2024-10-25T07:24:30.435+0000] {spark_submit.py:579} INFO - File "/home/***/.local/lib/python3.11/site-packages/pyspark/python/lib/pyspark.zip/pyspark/sql/readwriter.py", line 1398, in save
[2024-10-25T07:24:30.435+0000] {spark_submit.py:579} INFO - self._jwrite.save(path)
[2024-10-25T07:24:30.436+0000] {spark_submit.py:579} INFO - File "/home/***/.local/lib/python3.11/site-packages/pyspark/python/lib/py4j-0.10.9.7-src.zip/py4j/java_gateway.py", line 1322, in __call__
[2024-10-25T07:24:30.436+0000] {spark_submit.py:579} INFO - return_value = get_return_value(
[2024-10-25T07:24:30.436+0000] {spark_submit.py:579} INFO - ^^^^^^^^^^^^^^^^^
[2024-10-25T07:24:30.437+0000] {spark_submit.py:579} INFO - File "/home/***/.local/lib/python3.11/site-packages/pyspark/python/lib/pyspark.zip/pyspark/errors/exceptions/captured.py", line 169, in deco
[2024-10-25T07:24:30.437+0000] {spark_submit.py:579} INFO - return f(*a, **kw)
[2024-10-25T07:24:30.438+0000] {spark_submit.py:579} INFO - ^^^^^^^^^^^
[2024-10-25T07:24:30.439+0000] {spark_submit.py:579} INFO - File "/home/***/.local/lib/python3.11/site-packages/pyspark/python/lib/py4j-0.10.9.7-src.zip/py4j/protocol.py", line 326, in get_return_value
[2024-10-25T07:24:30.439+0000] {spark_submit.py:579} INFO - raise Py4JJavaError(
[2024-10-25T07:24:30.440+0000] {spark_submit.py:579} INFO - py4j.protocol.Py4JJavaError: An error occurred while calling o130.save.
[2024-10-25T07:24:30.441+0000] {spark_submit.py:579} INFO - : org.apache.spark.SparkException: Job aborted due to stage failure: Task 1 in stage 0.0 failed 4 times, most recent failure: Lost task 1.3 in stage 0.0 (TID 7) (172.18.0.4 executor 0): java.lang.RuntimeException: s3a://lakehouse/bronze/credits.parquet is not a Parquet file. Expected magic number at tail, but found [50, 53, 55, 10]
[2024-10-25T07:24:30.441+0000] {spark_submit.py:579} INFO - at org.apache.parquet.hadoop.ParquetFileReader.readFooter(ParquetFileReader.java:557)
[2024-10-25T07:24:30.442+0000] {spark_submit.py:579} INFO - at org.apache.parquet.hadoop.ParquetFileReader.<init>(ParquetFileReader.java:777)
[2024-10-25T07:24:30.443+0000] {spark_submit.py:579} INFO - at org.apache.parquet.hadoop.ParquetFileReader.open(ParquetFileReader.java:658)
[2024-10-25T07:24:30.444+0000] {spark_submit.py:579} INFO - at org.apache.spark.sql.execution.datasources.parquet.ParquetFooterReader.readFooter(ParquetFooterReader.java:53)
[2024-10-25T07:24:30.444+0000] {spark_submit.py:579} INFO - at org.apache.spark.sql.execution.datasources.parquet.ParquetFooterReader.readFooter(ParquetFooterReader.java:39)
[2024-10-25T07:24:30.445+0000] {spark_submit.py:579} INFO - at org.apache.spark.sql.execution.datasources.parquet.ParquetFileFormat.footerFileMetaData$lzycompute$1(ParquetFileFormat.scala:211)
[2024-10-25T07:24:30.446+0000] {spark_submit.py:579} INFO - at org.apache.spark.sql.execution.datasources.parquet.ParquetFileFormat.footerFileMetaData$1(ParquetFileFormat.scala:210)
[2024-10-25T07:24:30.447+0000] {spark_submit.py:579} INFO - at org.apache.spark.sql.execution.datasources.parquet.ParquetFileFormat.$anonfun$buildReaderWithPartitionValues$2(ParquetFileFormat.scala:213)
[2024-10-25T07:24:30.448+0000] {spark_submit.py:579} INFO - at org.apache.spark.sql.execution.datasources.FileScanRDD$$anon$1.org$apache$spark$sql$execution$datasources$FileScanRDD$$anon$$readCurrentFile(FileScanRDD.scala:231)
[2024-10-25T07:24:30.448+0000] {spark_submit.py:579} INFO - at org.apache.spark.sql.execution.datasources.FileScanRDD$$anon$1.nextIterator(FileScanRDD.scala:293)
[2024-10-25T07:24:30.449+0000] {spark_submit.py:579} INFO - at org.apache.spark.sql.execution.datasources.FileScanRDD$$anon$1.hasNext(FileScanRDD.scala:125)
[2024-10-25T07:24:30.450+0000] {spark_submit.py:579} INFO - at org.apache.spark.sql.execution.FileSourceScanExec$$anon$1.hasNext(DataSourceScanExec.scala:594)
[2024-10-25T07:24:30.450+0000] {spark_submit.py:579} INFO - at org.apache.spark.sql.catalyst.expressions.GeneratedClass$GeneratedIteratorForCodegenStage1.columnartorow_nextBatch_0$(Unknown Source)
[2024-10-25T07:24:30.451+0000] {spark_submit.py:579} INFO - at org.apache.spark.sql.catalyst.expressions.GeneratedClass$GeneratedIteratorForCodegenStage1.hashAgg_doAggregateWithKeys_0$(Unknown Source)
[2024-10-25T07:24:30.452+0000] {spark_submit.py:579} INFO - at org.apache.spark.sql.catalyst.expressions.GeneratedClass$GeneratedIteratorForCodegenStage1.processNext(Unknown Source)
[2024-10-25T07:24:30.452+0000] {spark_submit.py:579} INFO - at org.apache.spark.sql.execution.BufferedRowIterator.hasNext(BufferedRowIterator.java:43)
[2024-10-25T07:24:30.453+0000] {spark_submit.py:579} INFO - at org.apache.spark.sql.execution.WholeStageCodegenExec$$anon$1.hasNext(WholeStageCodegenExec.scala:760)
[2024-10-25T07:24:30.453+0000] {spark_submit.py:579} INFO - at scala.collection.Iterator$$anon$10.hasNext(Iterator.scala:460)
[2024-10-25T07:24:30.454+0000] {spark_submit.py:579} INFO - at org.apache.spark.shuffle.sort.BypassMergeSortShuffleWriter.write(BypassMergeSortShuffleWriter.java:140)
[2024-10-25T07:24:30.455+0000] {spark_submit.py:579} INFO - at org.apache.spark.shuffle.ShuffleWriteProcessor.write(ShuffleWriteProcessor.scala:59)
[2024-10-25T07:24:30.455+0000] {spark_submit.py:579} INFO - at org.apache.spark.scheduler.ShuffleMapTask.runTask(ShuffleMapTask.scala:101)
[2024-10-25T07:24:30.456+0000] {spark_submit.py:579} INFO - at org.apache.spark.scheduler.ShuffleMapTask.runTask(ShuffleMapTask.scala:53)
[2024-10-25T07:24:30.457+0000] {spark_submit.py:579} INFO - at org.apache.spark.TaskContext.runTaskWithListeners(TaskContext.scala:161)
[2024-10-25T07:24:30.457+0000] {spark_submit.py:579} INFO - at org.apache.spark.scheduler.Task.run(Task.scala:139)
[2024-10-25T07:24:30.458+0000] {spark_submit.py:579} INFO - at org.apache.spark.executor.Executor$TaskRunner.$anonfun$run$3(Executor.scala:554)
[2024-10-25T07:24:30.459+0000] {spark_submit.py:579} INFO - at org.apache.spark.util.Utils$.tryWithSafeFinally(Utils.scala:1529)
[2024-10-25T07:24:30.460+0000] {spark_submit.py:579} INFO - at org.apache.spark.executor.Executor$TaskRunner.run(Executor.scala:557)
[2024-10-25T07:24:30.461+0000] {spark_submit.py:579} INFO - at java.base/java.util.concurrent.ThreadPoolExecutor.runWorker(ThreadPoolExecutor.java:1136)
[2024-10-25T07:24:30.462+0000] {spark_submit.py:579} INFO - at java.base/java.util.concurrent.ThreadPoolExecutor$Worker.run(ThreadPoolExecutor.java:635)
[2024-10-25T07:24:30.462+0000] {spark_submit.py:579} INFO - at java.base/java.lang.Thread.run(Thread.java:840)
[2024-10-25T07:24:30.463+0000] {spark_submit.py:579} INFO - 
[2024-10-25T07:24:30.464+0000] {spark_submit.py:579} INFO - Driver stacktrace:
[2024-10-25T07:24:30.464+0000] {spark_submit.py:579} INFO - at org.apache.spark.scheduler.DAGScheduler.failJobAndIndependentStages(DAGScheduler.scala:2790)
[2024-10-25T07:24:30.465+0000] {spark_submit.py:579} INFO - at org.apache.spark.scheduler.DAGScheduler.$anonfun$abortStage$2(DAGScheduler.scala:2726)
[2024-10-25T07:24:30.466+0000] {spark_submit.py:579} INFO - at org.apache.spark.scheduler.DAGScheduler.$anonfun$abortStage$2$adapted(DAGScheduler.scala:2725)
[2024-10-25T07:24:30.466+0000] {spark_submit.py:579} INFO - at scala.collection.mutable.ResizableArray.foreach(ResizableArray.scala:62)
[2024-10-25T07:24:30.467+0000] {spark_submit.py:579} INFO - at scala.collection.mutable.ResizableArray.foreach$(ResizableArray.scala:55)
[2024-10-25T07:24:30.467+0000] {spark_submit.py:579} INFO - at scala.collection.mutable.ArrayBuffer.foreach(ArrayBuffer.scala:49)
[2024-10-25T07:24:30.467+0000] {spark_submit.py:579} INFO - at org.apache.spark.scheduler.DAGScheduler.abortStage(DAGScheduler.scala:2725)
[2024-10-25T07:24:30.468+0000] {spark_submit.py:579} INFO - at org.apache.spark.scheduler.DAGScheduler.$anonfun$handleTaskSetFailed$1(DAGScheduler.scala:1211)
[2024-10-25T07:24:30.468+0000] {spark_submit.py:579} INFO - at org.apache.spark.scheduler.DAGScheduler.$anonfun$handleTaskSetFailed$1$adapted(DAGScheduler.scala:1211)
[2024-10-25T07:24:30.469+0000] {spark_submit.py:579} INFO - at scala.Option.foreach(Option.scala:407)
[2024-10-25T07:24:30.469+0000] {spark_submit.py:579} INFO - at org.apache.spark.scheduler.DAGScheduler.handleTaskSetFailed(DAGScheduler.scala:1211)
[2024-10-25T07:24:30.470+0000] {spark_submit.py:579} INFO - at org.apache.spark.scheduler.DAGSchedulerEventProcessLoop.doOnReceive(DAGScheduler.scala:2989)
[2024-10-25T07:24:30.470+0000] {spark_submit.py:579} INFO - at org.apache.spark.scheduler.DAGSchedulerEventProcessLoop.onReceive(DAGScheduler.scala:2928)
[2024-10-25T07:24:30.471+0000] {spark_submit.py:579} INFO - at org.apache.spark.scheduler.DAGSchedulerEventProcessLoop.onReceive(DAGScheduler.scala:2917)
[2024-10-25T07:24:30.471+0000] {spark_submit.py:579} INFO - at org.apache.spark.util.EventLoop$$anon$1.run(EventLoop.scala:49)
[2024-10-25T07:24:30.472+0000] {spark_submit.py:579} INFO - Caused by: java.lang.RuntimeException: s3a://lakehouse/bronze/credits.parquet is not a Parquet file. Expected magic number at tail, but found [50, 53, 55, 10]
[2024-10-25T07:24:30.472+0000] {spark_submit.py:579} INFO - at org.apache.parquet.hadoop.ParquetFileReader.readFooter(ParquetFileReader.java:557)
[2024-10-25T07:24:30.473+0000] {spark_submit.py:579} INFO - at org.apache.parquet.hadoop.ParquetFileReader.<init>(ParquetFileReader.java:777)
[2024-10-25T07:24:30.473+0000] {spark_submit.py:579} INFO - at org.apache.parquet.hadoop.ParquetFileReader.open(ParquetFileReader.java:658)
[2024-10-25T07:24:30.474+0000] {spark_submit.py:579} INFO - at org.apache.spark.sql.execution.datasources.parquet.ParquetFooterReader.readFooter(ParquetFooterReader.java:53)
[2024-10-25T07:24:30.474+0000] {spark_submit.py:579} INFO - at org.apache.spark.sql.execution.datasources.parquet.ParquetFooterReader.readFooter(ParquetFooterReader.java:39)
[2024-10-25T07:24:30.474+0000] {spark_submit.py:579} INFO - at org.apache.spark.sql.execution.datasources.parquet.ParquetFileFormat.footerFileMetaData$lzycompute$1(ParquetFileFormat.scala:211)
[2024-10-25T07:24:30.475+0000] {spark_submit.py:579} INFO - at org.apache.spark.sql.execution.datasources.parquet.ParquetFileFormat.footerFileMetaData$1(ParquetFileFormat.scala:210)
[2024-10-25T07:24:30.476+0000] {spark_submit.py:579} INFO - at org.apache.spark.sql.execution.datasources.parquet.ParquetFileFormat.$anonfun$buildReaderWithPartitionValues$2(ParquetFileFormat.scala:213)
[2024-10-25T07:24:30.476+0000] {spark_submit.py:579} INFO - at org.apache.spark.sql.execution.datasources.FileScanRDD$$anon$1.org$apache$spark$sql$execution$datasources$FileScanRDD$$anon$$readCurrentFile(FileScanRDD.scala:231)
[2024-10-25T07:24:30.476+0000] {spark_submit.py:579} INFO - at org.apache.spark.sql.execution.datasources.FileScanRDD$$anon$1.nextIterator(FileScanRDD.scala:293)
[2024-10-25T07:24:30.477+0000] {spark_submit.py:579} INFO - at org.apache.spark.sql.execution.datasources.FileScanRDD$$anon$1.hasNext(FileScanRDD.scala:125)
[2024-10-25T07:24:30.477+0000] {spark_submit.py:579} INFO - at org.apache.spark.sql.execution.FileSourceScanExec$$anon$1.hasNext(DataSourceScanExec.scala:594)
[2024-10-25T07:24:30.477+0000] {spark_submit.py:579} INFO - at org.apache.spark.sql.catalyst.expressions.GeneratedClass$GeneratedIteratorForCodegenStage1.columnartorow_nextBatch_0$(Unknown Source)
[2024-10-25T07:24:30.478+0000] {spark_submit.py:579} INFO - at org.apache.spark.sql.catalyst.expressions.GeneratedClass$GeneratedIteratorForCodegenStage1.hashAgg_doAggregateWithKeys_0$(Unknown Source)
[2024-10-25T07:24:30.478+0000] {spark_submit.py:579} INFO - at org.apache.spark.sql.catalyst.expressions.GeneratedClass$GeneratedIteratorForCodegenStage1.processNext(Unknown Source)
[2024-10-25T07:24:30.478+0000] {spark_submit.py:579} INFO - at org.apache.spark.sql.execution.BufferedRowIterator.hasNext(BufferedRowIterator.java:43)
[2024-10-25T07:24:30.479+0000] {spark_submit.py:579} INFO - at org.apache.spark.sql.execution.WholeStageCodegenExec$$anon$1.hasNext(WholeStageCodegenExec.scala:760)
[2024-10-25T07:24:30.479+0000] {spark_submit.py:579} INFO - at scala.collection.Iterator$$anon$10.hasNext(Iterator.scala:460)
[2024-10-25T07:24:30.479+0000] {spark_submit.py:579} INFO - at org.apache.spark.shuffle.sort.BypassMergeSortShuffleWriter.write(BypassMergeSortShuffleWriter.java:140)
[2024-10-25T07:24:30.480+0000] {spark_submit.py:579} INFO - at org.apache.spark.shuffle.ShuffleWriteProcessor.write(ShuffleWriteProcessor.scala:59)
[2024-10-25T07:24:30.480+0000] {spark_submit.py:579} INFO - at org.apache.spark.scheduler.ShuffleMapTask.runTask(ShuffleMapTask.scala:101)
[2024-10-25T07:24:30.481+0000] {spark_submit.py:579} INFO - at org.apache.spark.scheduler.ShuffleMapTask.runTask(ShuffleMapTask.scala:53)
[2024-10-25T07:24:30.481+0000] {spark_submit.py:579} INFO - at org.apache.spark.TaskContext.runTaskWithListeners(TaskContext.scala:161)
[2024-10-25T07:24:30.481+0000] {spark_submit.py:579} INFO - at org.apache.spark.scheduler.Task.run(Task.scala:139)
[2024-10-25T07:24:30.482+0000] {spark_submit.py:579} INFO - at org.apache.spark.executor.Executor$TaskRunner.$anonfun$run$3(Executor.scala:554)
[2024-10-25T07:24:30.483+0000] {spark_submit.py:579} INFO - at org.apache.spark.util.Utils$.tryWithSafeFinally(Utils.scala:1529)
[2024-10-25T07:24:30.483+0000] {spark_submit.py:579} INFO - at org.apache.spark.executor.Executor$TaskRunner.run(Executor.scala:557)
[2024-10-25T07:24:30.484+0000] {spark_submit.py:579} INFO - at java.base/java.util.concurrent.ThreadPoolExecutor.runWorker(ThreadPoolExecutor.java:1136)
[2024-10-25T07:24:30.484+0000] {spark_submit.py:579} INFO - at java.base/java.util.concurrent.ThreadPoolExecutor$Worker.run(ThreadPoolExecutor.java:635)
[2024-10-25T07:24:30.484+0000] {spark_submit.py:579} INFO - at java.base/java.lang.Thread.run(Thread.java:840)
[2024-10-25T07:24:30.485+0000] {spark_submit.py:579} INFO - 
[2024-10-25T07:24:30.485+0000] {spark_submit.py:579} INFO - 
[2024-10-25T07:24:30.485+0000] {spark_submit.py:579} INFO - 24/10/25 07:24:30 INFO SparkContext: SparkContext is stopping with exitCode 0.
[2024-10-25T07:24:30.486+0000] {spark_submit.py:579} INFO - 24/10/25 07:24:30 INFO SparkUI: Stopped Spark web UI at http://84076e7a47fe:4041
[2024-10-25T07:24:30.486+0000] {spark_submit.py:579} INFO - 24/10/25 07:24:30 INFO StandaloneSchedulerBackend: Shutting down all executors
[2024-10-25T07:24:30.486+0000] {spark_submit.py:579} INFO - 24/10/25 07:24:30 INFO StandaloneSchedulerBackend$StandaloneDriverEndpoint: Asking each executor to shut down
[2024-10-25T07:24:30.486+0000] {spark_submit.py:579} INFO - 24/10/25 07:24:30 INFO MapOutputTrackerMasterEndpoint: MapOutputTrackerMasterEndpoint stopped!
[2024-10-25T07:24:30.487+0000] {spark_submit.py:579} INFO - 24/10/25 07:24:30 INFO MemoryStore: MemoryStore cleared
[2024-10-25T07:24:30.487+0000] {spark_submit.py:579} INFO - 24/10/25 07:24:30 INFO BlockManager: BlockManager stopped
[2024-10-25T07:24:30.491+0000] {spark_submit.py:579} INFO - 24/10/25 07:24:30 INFO BlockManagerMaster: BlockManagerMaster stopped
[2024-10-25T07:24:30.494+0000] {spark_submit.py:579} INFO - 24/10/25 07:24:30 INFO OutputCommitCoordinator$OutputCommitCoordinatorEndpoint: OutputCommitCoordinator stopped!
[2024-10-25T07:24:30.555+0000] {spark_submit.py:579} INFO - 24/10/25 07:24:30 INFO SparkContext: Successfully stopped SparkContext
[2024-10-25T07:24:30.897+0000] {spark_submit.py:579} INFO - 2024-10-25 07:24:30,897 INFO: Closing down clientserver connection
[2024-10-25T07:24:30.956+0000] {spark_submit.py:579} INFO - 24/10/25 07:24:30 INFO ShutdownHookManager: Shutdown hook called
[2024-10-25T07:24:30.956+0000] {spark_submit.py:579} INFO - 24/10/25 07:24:30 INFO ShutdownHookManager: Deleting directory /tmp/spark-ebbdab53-ee9a-483e-9020-f03517824192/pyspark-27c45914-b4e6-42ec-ac72-b2acccc68de0
[2024-10-25T07:24:30.962+0000] {spark_submit.py:579} INFO - 24/10/25 07:24:30 INFO ShutdownHookManager: Deleting directory /tmp/spark-1c89b410-3296-4e84-aa0b-603b4cda4ebb
[2024-10-25T07:24:30.968+0000] {spark_submit.py:579} INFO - 24/10/25 07:24:30 INFO ShutdownHookManager: Deleting directory /tmp/spark-ebbdab53-ee9a-483e-9020-f03517824192
[2024-10-25T07:24:30.976+0000] {spark_submit.py:579} INFO - 24/10/25 07:24:30 INFO MetricsSystemImpl: Stopping s3a-file-system metrics system...
[2024-10-25T07:24:30.977+0000] {spark_submit.py:579} INFO - 24/10/25 07:24:30 INFO MetricsSystemImpl: s3a-file-system metrics system stopped.
[2024-10-25T07:24:30.978+0000] {spark_submit.py:579} INFO - 24/10/25 07:24:30 INFO MetricsSystemImpl: s3a-file-system metrics system shutdown complete.
[2024-10-25T07:24:31.041+0000] {taskinstance.py:1935} ERROR - Task failed with exception
Traceback (most recent call last):
  File "/home/airflow/.local/lib/python3.11/site-packages/airflow/providers/apache/spark/operators/spark_submit.py", line 174, in execute
    self._hook.submit(self.application)
  File "/home/airflow/.local/lib/python3.11/site-packages/airflow/providers/apache/spark/hooks/spark_submit.py", line 505, in submit
    raise AirflowException(
airflow.exceptions.AirflowException: Cannot execute: spark-submit --master spark://spark-master:7077 --conf spark.sql.extensions=io.delta.sql.DeltaSparkSessionExtension --conf spark.sql.catalog.spark_catalog=org.apache.spark.sql.delta.catalog.DeltaCatalog --jars /opt/***/jars/hadoop-aws-3.3.4.jar,/opt/***/jars/s3-2.18.41.jar,/opt/***/jars/aws-java-sdk-1.12.367.jar,/opt/***/jars/delta-core_2.12-2.4.0.jar,/opt/***/jars/delta-storage-2.2.0.jar, --packages org.apache.hadoop:hadoop-aws:3.3.4 --num-executors 2 --total-executor-cores 2 --executor-cores 2 --executor-memory 2g --driver-memory 1g --name arrow-spark --deploy-mode client /opt/***/jobs/python/test_Credit.py s3a://lakehouse/bronze/credits.parquet s3a://lakehouse/silver/credit. Error code is: 1.
[2024-10-25T07:24:31.045+0000] {taskinstance.py:1398} INFO - Marking task as FAILED. dag_id=task_credits_clean, task_id=credits_cleaned, execution_date=20241025T071814, start_date=20241025T072409, end_date=20241025T072431
[2024-10-25T07:24:31.045+0000] {credits_test.py:15} ERROR - Task task_credits_clean__credits_cleaned__20241025 failed.
[2024-10-25T07:24:31.062+0000] {standard_task_runner.py:104} ERROR - Failed to execute job 121 for task credits_cleaned (Cannot execute: spark-submit --master spark://spark-master:7077 --conf spark.sql.extensions=io.delta.sql.DeltaSparkSessionExtension --conf spark.sql.catalog.spark_catalog=org.apache.spark.sql.delta.catalog.DeltaCatalog --jars /opt/***/jars/hadoop-aws-3.3.4.jar,/opt/***/jars/s3-2.18.41.jar,/opt/***/jars/aws-java-sdk-1.12.367.jar,/opt/***/jars/delta-core_2.12-2.4.0.jar,/opt/***/jars/delta-storage-2.2.0.jar, --packages org.apache.hadoop:hadoop-aws:3.3.4 --num-executors 2 --total-executor-cores 2 --executor-cores 2 --executor-memory 2g --driver-memory 1g --name arrow-spark --deploy-mode client /opt/***/jobs/python/test_Credit.py s3a://lakehouse/bronze/credits.parquet s3a://lakehouse/silver/credit. Error code is: 1.; 2166)
[2024-10-25T07:24:31.100+0000] {local_task_job_runner.py:228} INFO - Task exited with return code 1
[2024-10-25T07:24:31.112+0000] {taskinstance.py:2776} INFO - 0 downstream tasks scheduled from follow-on schedule check
