[2024-10-03T14:54:25.841+0000] {taskinstance.py:1157} INFO - Dependencies all met for dep_context=non-requeueable deps ti=<TaskInstance: sparking_flow.start scheduled__2024-10-02T00:00:00+00:00 [queued]>
[2024-10-03T14:54:25.851+0000] {taskinstance.py:1157} INFO - Dependencies all met for dep_context=requeueable deps ti=<TaskInstance: sparking_flow.start scheduled__2024-10-02T00:00:00+00:00 [queued]>
[2024-10-03T14:54:25.852+0000] {taskinstance.py:1359} INFO - Starting attempt 1 of 1
[2024-10-03T14:54:25.866+0000] {taskinstance.py:1380} INFO - Executing <Task(PythonOperator): start> on 2024-10-02 00:00:00+00:00
[2024-10-03T14:54:25.873+0000] {standard_task_runner.py:57} INFO - Started process 829 to run task
[2024-10-03T14:54:25.877+0000] {standard_task_runner.py:84} INFO - Running: ['***', 'tasks', 'run', 'sparking_flow', 'start', 'scheduled__2024-10-02T00:00:00+00:00', '--job-id', '19', '--raw', '--subdir', 'DAGS_FOLDER/spark_***.py', '--cfg-path', '/tmp/tmpc7yg68_r']
[2024-10-03T14:54:25.881+0000] {standard_task_runner.py:85} INFO - Job 19: Subtask start
[2024-10-03T14:54:25.941+0000] {task_command.py:415} INFO - Running <TaskInstance: sparking_flow.start scheduled__2024-10-02T00:00:00+00:00 [running]> on host 9da41aea9375
[2024-10-03T14:54:26.021+0000] {taskinstance.py:1660} INFO - Exporting env vars: AIRFLOW_CTX_DAG_OWNER='Yusuf Ganiyu' AIRFLOW_CTX_DAG_ID='sparking_flow' AIRFLOW_CTX_TASK_ID='start' AIRFLOW_CTX_EXECUTION_DATE='2024-10-02T00:00:00+00:00' AIRFLOW_CTX_TRY_NUMBER='1' AIRFLOW_CTX_DAG_RUN_ID='scheduled__2024-10-02T00:00:00+00:00'
[2024-10-03T14:54:26.022+0000] {logging_mixin.py:151} INFO - Jobs started
[2024-10-03T14:54:26.023+0000] {python.py:194} INFO - Done. Returned value was: None
[2024-10-03T14:54:26.032+0000] {taskinstance.py:1398} INFO - Marking task as SUCCESS. dag_id=sparking_flow, task_id=start, execution_date=20241002T000000, start_date=20241003T145425, end_date=20241003T145426
[2024-10-03T14:54:26.089+0000] {local_task_job_runner.py:228} INFO - Task exited with return code 0
[2024-10-03T14:54:26.114+0000] {taskinstance.py:2776} INFO - 1 downstream tasks scheduled from follow-on schedule check
[2024-10-03T18:14:27.189+0000] {taskinstance.py:1157} INFO - Dependencies all met for dep_context=non-requeueable deps ti=<TaskInstance: sparking_flow.start scheduled__2024-10-02T00:00:00+00:00 [queued]>
[2024-10-03T18:14:27.199+0000] {taskinstance.py:1157} INFO - Dependencies all met for dep_context=requeueable deps ti=<TaskInstance: sparking_flow.start scheduled__2024-10-02T00:00:00+00:00 [queued]>
[2024-10-03T18:14:27.199+0000] {taskinstance.py:1359} INFO - Starting attempt 1 of 1
[2024-10-03T18:14:27.211+0000] {taskinstance.py:1380} INFO - Executing <Task(PythonOperator): start> on 2024-10-02 00:00:00+00:00
[2024-10-03T18:14:27.218+0000] {standard_task_runner.py:57} INFO - Started process 247 to run task
[2024-10-03T18:14:27.222+0000] {standard_task_runner.py:84} INFO - Running: ['***', 'tasks', 'run', 'sparking_flow', 'start', 'scheduled__2024-10-02T00:00:00+00:00', '--job-id', '2', '--raw', '--subdir', 'DAGS_FOLDER/spark_***.py', '--cfg-path', '/tmp/tmp4oknwbnj']
[2024-10-03T18:14:27.225+0000] {standard_task_runner.py:85} INFO - Job 2: Subtask start
[2024-10-03T18:14:27.289+0000] {task_command.py:415} INFO - Running <TaskInstance: sparking_flow.start scheduled__2024-10-02T00:00:00+00:00 [running]> on host 2b69184a959f
[2024-10-03T18:14:27.372+0000] {taskinstance.py:1660} INFO - Exporting env vars: AIRFLOW_CTX_DAG_OWNER='Yusuf Ganiyu' AIRFLOW_CTX_DAG_ID='sparking_flow' AIRFLOW_CTX_TASK_ID='start' AIRFLOW_CTX_EXECUTION_DATE='2024-10-02T00:00:00+00:00' AIRFLOW_CTX_TRY_NUMBER='1' AIRFLOW_CTX_DAG_RUN_ID='scheduled__2024-10-02T00:00:00+00:00'
[2024-10-03T18:14:27.376+0000] {logging_mixin.py:151} INFO - Jobs started
[2024-10-03T18:14:27.376+0000] {python.py:194} INFO - Done. Returned value was: None
[2024-10-03T18:14:27.389+0000] {taskinstance.py:1398} INFO - Marking task as SUCCESS. dag_id=sparking_flow, task_id=start, execution_date=20241002T000000, start_date=20241003T181427, end_date=20241003T181427
[2024-10-03T18:14:27.435+0000] {local_task_job_runner.py:228} INFO - Task exited with return code 0
[2024-10-03T18:14:27.463+0000] {taskinstance.py:2776} INFO - 1 downstream tasks scheduled from follow-on schedule check
