[2024-11-02T01:06:22.687+0000] {taskinstance.py:1157} INFO - Dependencies all met for dep_context=non-requeueable deps ti=<TaskInstance: mergeeeee.merge_id manual__2024-11-02T01:06:20.661239+00:00 [queued]>
[2024-11-02T01:06:22.695+0000] {taskinstance.py:1157} INFO - Dependencies all met for dep_context=requeueable deps ti=<TaskInstance: mergeeeee.merge_id manual__2024-11-02T01:06:20.661239+00:00 [queued]>
[2024-11-02T01:06:22.696+0000] {taskinstance.py:1359} INFO - Starting attempt 1 of 2
[2024-11-02T01:06:22.710+0000] {taskinstance.py:1380} INFO - Executing <Task(SparkSubmitOperator): merge_id> on 2024-11-02 01:06:20.661239+00:00
[2024-11-02T01:06:22.715+0000] {standard_task_runner.py:57} INFO - Started process 7198 to run task
[2024-11-02T01:06:22.717+0000] {standard_task_runner.py:84} INFO - Running: ['***', 'tasks', 'run', 'mergeeeee', 'merge_id', 'manual__2024-11-02T01:06:20.661239+00:00', '--job-id', '52', '--raw', '--subdir', 'DAGS_FOLDER/merge_hihi.py', '--cfg-path', '/tmp/tmpyi775nrg']
[2024-11-02T01:06:22.720+0000] {standard_task_runner.py:85} INFO - Job 52: Subtask merge_id
[2024-11-02T01:06:22.764+0000] {task_command.py:415} INFO - Running <TaskInstance: mergeeeee.merge_id manual__2024-11-02T01:06:20.661239+00:00 [running]> on host ee9b80364a9a
[2024-11-02T01:06:22.833+0000] {taskinstance.py:1660} INFO - Exporting env vars: AIRFLOW_CTX_DAG_OWNER='***' AIRFLOW_CTX_DAG_ID='mergeeeee' AIRFLOW_CTX_TASK_ID='merge_id' AIRFLOW_CTX_EXECUTION_DATE='2024-11-02T01:06:20.661239+00:00' AIRFLOW_CTX_TRY_NUMBER='1' AIRFLOW_CTX_DAG_RUN_ID='manual__2024-11-02T01:06:20.661239+00:00'
[2024-11-02T01:06:22.841+0000] {base.py:73} INFO - Using connection ID 'spark-conn' for task execution.
[2024-11-02T01:06:22.844+0000] {spark_submit.py:403} INFO - Spark-Submit cmd: spark-submit --master spark://master:7077 --conf spark.sql.extensions=io.delta.sql.DeltaSparkSessionExtension --conf spark.sql.catalog.spark_catalog=org.apache.spark.sql.delta.catalog.DeltaCatalog --jars /opt/***/jars/hadoop-aws-3.3.4.jar,/opt/***/jars/s3-2.18.41.jar,/opt/***/jars/aws-java-sdk-1.12.367.jar,/opt/***/jars/delta-core_2.12-2.4.0.jar,/opt/***/jars/delta-storage-2.2.0.jar, --packages org.apache.hadoop:hadoop-aws:3.3.4 --num-executors 2 --total-executor-cores 2 --executor-cores 2 --executor-memory 2g --driver-memory 1g --name arrow-spark --deploy-mode client /opt/***/jobs/python/test_merge.py s3a://lakehouse/bronze/keywords.parquet s3a://lakehouse/bronze/movies.parquet s3a://lakehouse/bronze/credits.parquet s3a://lakehouse/silver/merged_data
[2024-11-02T01:06:22.939+0000] {spark_submit.py:579} INFO - /home/***/.local/lib/python3.11/site-packages/pyspark/bin/load-spark-env.sh: line 68: ps: command not found
[2024-11-02T01:06:24.759+0000] {spark_submit.py:579} INFO - :: loading settings :: url = jar:file:/home/***/.local/lib/python3.11/site-packages/pyspark/jars/ivy-2.5.1.jar!/org/apache/ivy/core/settings/ivysettings.xml
[2024-11-02T01:06:24.910+0000] {spark_submit.py:579} INFO - Ivy Default Cache set to: /home/***/.ivy2/cache
[2024-11-02T01:06:24.911+0000] {spark_submit.py:579} INFO - The jars for the packages stored in: /home/***/.ivy2/jars
[2024-11-02T01:06:24.917+0000] {spark_submit.py:579} INFO - org.apache.hadoop#hadoop-aws added as a dependency
[2024-11-02T01:06:24.918+0000] {spark_submit.py:579} INFO - :: resolving dependencies :: org.apache.spark#spark-submit-parent-6c742a17-e587-45bb-8697-1178cf1eea94;1.0
[2024-11-02T01:06:24.919+0000] {spark_submit.py:579} INFO - confs: [default]
[2024-11-02T01:06:25.082+0000] {spark_submit.py:579} INFO - found org.apache.hadoop#hadoop-aws;3.3.4 in spark-list
[2024-11-02T01:06:25.114+0000] {spark_submit.py:579} INFO - found com.amazonaws#aws-java-sdk-bundle;1.12.262 in central
[2024-11-02T01:06:25.143+0000] {spark_submit.py:579} INFO - found org.wildfly.openssl#wildfly-openssl;1.0.7.Final in central
[2024-11-02T01:06:25.173+0000] {spark_submit.py:579} INFO - :: resolution report :: resolve 245ms :: artifacts dl 9ms
[2024-11-02T01:06:25.173+0000] {spark_submit.py:579} INFO - :: modules in use:
[2024-11-02T01:06:25.174+0000] {spark_submit.py:579} INFO - com.amazonaws#aws-java-sdk-bundle;1.12.262 from central in [default]
[2024-11-02T01:06:25.175+0000] {spark_submit.py:579} INFO - org.apache.hadoop#hadoop-aws;3.3.4 from spark-list in [default]
[2024-11-02T01:06:25.175+0000] {spark_submit.py:579} INFO - org.wildfly.openssl#wildfly-openssl;1.0.7.Final from central in [default]
[2024-11-02T01:06:25.176+0000] {spark_submit.py:579} INFO - ---------------------------------------------------------------------
[2024-11-02T01:06:25.176+0000] {spark_submit.py:579} INFO - |                  |            modules            ||   artifacts   |
[2024-11-02T01:06:25.177+0000] {spark_submit.py:579} INFO - |       conf       | number| search|dwnlded|evicted|| number|dwnlded|
[2024-11-02T01:06:25.178+0000] {spark_submit.py:579} INFO - ---------------------------------------------------------------------
[2024-11-02T01:06:25.179+0000] {spark_submit.py:579} INFO - |      default     |   3   |   0   |   0   |   0   ||   3   |   0   |
[2024-11-02T01:06:25.179+0000] {spark_submit.py:579} INFO - ---------------------------------------------------------------------
[2024-11-02T01:06:25.181+0000] {spark_submit.py:579} INFO - :: retrieving :: org.apache.spark#spark-submit-parent-6c742a17-e587-45bb-8697-1178cf1eea94
[2024-11-02T01:06:25.181+0000] {spark_submit.py:579} INFO - confs: [default]
[2024-11-02T01:06:25.189+0000] {spark_submit.py:579} INFO - 0 artifacts copied, 3 already retrieved (0kB/7ms)
[2024-11-02T01:06:25.414+0000] {spark_submit.py:579} INFO - 24/11/02 01:06:25 WARN NativeCodeLoader: Unable to load native-hadoop library for your platform... using builtin-java classes where applicable
[2024-11-02T01:06:26.820+0000] {spark_submit.py:579} INFO - 24/11/02 01:06:26 INFO SparkContext: Running Spark version 3.4.3
[2024-11-02T01:06:26.852+0000] {spark_submit.py:579} INFO - 24/11/02 01:06:26 INFO ResourceUtils: ==============================================================
[2024-11-02T01:06:26.853+0000] {spark_submit.py:579} INFO - 24/11/02 01:06:26 INFO ResourceUtils: No custom resources configured for spark.driver.
[2024-11-02T01:06:26.853+0000] {spark_submit.py:579} INFO - 24/11/02 01:06:26 INFO ResourceUtils: ==============================================================
[2024-11-02T01:06:26.854+0000] {spark_submit.py:579} INFO - 24/11/02 01:06:26 INFO SparkContext: Submitted application: MergeData
[2024-11-02T01:06:26.885+0000] {spark_submit.py:579} INFO - 24/11/02 01:06:26 INFO ResourceProfile: Default ResourceProfile created, executor resources: Map(cores -> name: cores, amount: 2, script: , vendor: , memory -> name: memory, amount: 2048, script: , vendor: , offHeap -> name: offHeap, amount: 0, script: , vendor: ), task resources: Map(cpus -> name: cpus, amount: 1.0)
[2024-11-02T01:06:26.901+0000] {spark_submit.py:579} INFO - 24/11/02 01:06:26 INFO ResourceProfile: Limiting resource is cpus at 2 tasks per executor
[2024-11-02T01:06:26.904+0000] {spark_submit.py:579} INFO - 24/11/02 01:06:26 INFO ResourceProfileManager: Added ResourceProfile id: 0
[2024-11-02T01:06:26.971+0000] {spark_submit.py:579} INFO - 24/11/02 01:06:26 INFO SecurityManager: Changing view acls to: ***
[2024-11-02T01:06:26.972+0000] {spark_submit.py:579} INFO - 24/11/02 01:06:26 INFO SecurityManager: Changing modify acls to: ***
[2024-11-02T01:06:26.973+0000] {spark_submit.py:579} INFO - 24/11/02 01:06:26 INFO SecurityManager: Changing view acls groups to:
[2024-11-02T01:06:26.974+0000] {spark_submit.py:579} INFO - 24/11/02 01:06:26 INFO SecurityManager: Changing modify acls groups to:
[2024-11-02T01:06:26.974+0000] {spark_submit.py:579} INFO - 24/11/02 01:06:26 INFO SecurityManager: SecurityManager: authentication disabled; ui acls disabled; users with view permissions: ***; groups with view permissions: EMPTY; users with modify permissions: ***; groups with modify permissions: EMPTY
[2024-11-02T01:06:27.322+0000] {spark_submit.py:579} INFO - 24/11/02 01:06:27 INFO Utils: Successfully started service 'sparkDriver' on port 38399.
[2024-11-02T01:06:27.358+0000] {spark_submit.py:579} INFO - 24/11/02 01:06:27 INFO SparkEnv: Registering MapOutputTracker
[2024-11-02T01:06:27.407+0000] {spark_submit.py:579} INFO - 24/11/02 01:06:27 INFO SparkEnv: Registering BlockManagerMaster
[2024-11-02T01:06:27.428+0000] {spark_submit.py:579} INFO - 24/11/02 01:06:27 INFO BlockManagerMasterEndpoint: Using org.apache.spark.storage.DefaultTopologyMapper for getting topology information
[2024-11-02T01:06:27.429+0000] {spark_submit.py:579} INFO - 24/11/02 01:06:27 INFO BlockManagerMasterEndpoint: BlockManagerMasterEndpoint up
[2024-11-02T01:06:27.434+0000] {spark_submit.py:579} INFO - 24/11/02 01:06:27 INFO SparkEnv: Registering BlockManagerMasterHeartbeat
[2024-11-02T01:06:27.457+0000] {spark_submit.py:579} INFO - 24/11/02 01:06:27 INFO DiskBlockManager: Created local directory at /tmp/blockmgr-13c68c53-8ac9-4833-b9a1-e21f5f41f8de
[2024-11-02T01:06:27.475+0000] {spark_submit.py:579} INFO - 24/11/02 01:06:27 INFO MemoryStore: MemoryStore started with capacity 434.4 MiB
[2024-11-02T01:06:27.498+0000] {spark_submit.py:579} INFO - 24/11/02 01:06:27 INFO SparkEnv: Registering OutputCommitCoordinator
[2024-11-02T01:06:27.644+0000] {spark_submit.py:579} INFO - 24/11/02 01:06:27 INFO JettyUtils: Start Jetty 0.0.0.0:4040 for SparkUI
[2024-11-02T01:06:27.727+0000] {spark_submit.py:579} INFO - 24/11/02 01:06:27 INFO Utils: Successfully started service 'SparkUI' on port 4040.
[2024-11-02T01:06:27.771+0000] {spark_submit.py:579} INFO - 24/11/02 01:06:27 INFO SparkContext: Added JAR file:///opt/***/jars/hadoop-aws-3.3.4.jar at spark://ee9b80364a9a:38399/jars/hadoop-aws-3.3.4.jar with timestamp 1730509586809
[2024-11-02T01:06:27.773+0000] {spark_submit.py:579} INFO - 24/11/02 01:06:27 INFO SparkContext: Added JAR file:///opt/***/jars/s3-2.18.41.jar at spark://ee9b80364a9a:38399/jars/s3-2.18.41.jar with timestamp 1730509586809
[2024-11-02T01:06:27.775+0000] {spark_submit.py:579} INFO - 24/11/02 01:06:27 INFO SparkContext: Added JAR file:///opt/***/jars/aws-java-sdk-1.12.367.jar at spark://ee9b80364a9a:38399/jars/aws-java-sdk-1.12.367.jar with timestamp 1730509586809
[2024-11-02T01:06:27.777+0000] {spark_submit.py:579} INFO - 24/11/02 01:06:27 INFO SparkContext: Added JAR file:///opt/***/jars/delta-core_2.12-2.4.0.jar at spark://ee9b80364a9a:38399/jars/delta-core_2.12-2.4.0.jar with timestamp 1730509586809
[2024-11-02T01:06:27.778+0000] {spark_submit.py:579} INFO - 24/11/02 01:06:27 INFO SparkContext: Added JAR file:///opt/***/jars/delta-storage-2.2.0.jar at spark://ee9b80364a9a:38399/jars/delta-storage-2.2.0.jar with timestamp 1730509586809
[2024-11-02T01:06:27.779+0000] {spark_submit.py:579} INFO - 24/11/02 01:06:27 INFO SparkContext: Added JAR file:///home/***/.ivy2/jars/org.apache.hadoop_hadoop-aws-3.3.4.jar at spark://ee9b80364a9a:38399/jars/org.apache.hadoop_hadoop-aws-3.3.4.jar with timestamp 1730509586809
[2024-11-02T01:06:27.779+0000] {spark_submit.py:579} INFO - 24/11/02 01:06:27 INFO SparkContext: Added JAR file:///home/***/.ivy2/jars/com.amazonaws_aws-java-sdk-bundle-1.12.262.jar at spark://ee9b80364a9a:38399/jars/com.amazonaws_aws-java-sdk-bundle-1.12.262.jar with timestamp 1730509586809
[2024-11-02T01:06:27.780+0000] {spark_submit.py:579} INFO - 24/11/02 01:06:27 INFO SparkContext: Added JAR file:///home/***/.ivy2/jars/org.wildfly.openssl_wildfly-openssl-1.0.7.Final.jar at spark://ee9b80364a9a:38399/jars/org.wildfly.openssl_wildfly-openssl-1.0.7.Final.jar with timestamp 1730509586809
[2024-11-02T01:06:27.783+0000] {spark_submit.py:579} INFO - 24/11/02 01:06:27 INFO SparkContext: Added file file:///home/***/.ivy2/jars/org.apache.hadoop_hadoop-aws-3.3.4.jar at spark://ee9b80364a9a:38399/files/org.apache.hadoop_hadoop-aws-3.3.4.jar with timestamp 1730509586809
[2024-11-02T01:06:27.785+0000] {spark_submit.py:579} INFO - 24/11/02 01:06:27 INFO Utils: Copying /home/***/.ivy2/jars/org.apache.hadoop_hadoop-aws-3.3.4.jar to /tmp/spark-be62b158-c16f-49f6-a25c-8e5bfcf5cd18/userFiles-da4dab98-5ea1-4d96-8443-b670eb9ae504/org.apache.hadoop_hadoop-aws-3.3.4.jar
[2024-11-02T01:06:27.798+0000] {spark_submit.py:579} INFO - 24/11/02 01:06:27 INFO SparkContext: Added file file:///home/***/.ivy2/jars/com.amazonaws_aws-java-sdk-bundle-1.12.262.jar at spark://ee9b80364a9a:38399/files/com.amazonaws_aws-java-sdk-bundle-1.12.262.jar with timestamp 1730509586809
[2024-11-02T01:06:27.798+0000] {spark_submit.py:579} INFO - 24/11/02 01:06:27 INFO Utils: Copying /home/***/.ivy2/jars/com.amazonaws_aws-java-sdk-bundle-1.12.262.jar to /tmp/spark-be62b158-c16f-49f6-a25c-8e5bfcf5cd18/userFiles-da4dab98-5ea1-4d96-8443-b670eb9ae504/com.amazonaws_aws-java-sdk-bundle-1.12.262.jar
[2024-11-02T01:06:28.155+0000] {spark_submit.py:579} INFO - 24/11/02 01:06:28 INFO SparkContext: Added file file:///home/***/.ivy2/jars/org.wildfly.openssl_wildfly-openssl-1.0.7.Final.jar at spark://ee9b80364a9a:38399/files/org.wildfly.openssl_wildfly-openssl-1.0.7.Final.jar with timestamp 1730509586809
[2024-11-02T01:06:28.155+0000] {spark_submit.py:579} INFO - 24/11/02 01:06:28 INFO Utils: Copying /home/***/.ivy2/jars/org.wildfly.openssl_wildfly-openssl-1.0.7.Final.jar to /tmp/spark-be62b158-c16f-49f6-a25c-8e5bfcf5cd18/userFiles-da4dab98-5ea1-4d96-8443-b670eb9ae504/org.wildfly.openssl_wildfly-openssl-1.0.7.Final.jar
[2024-11-02T01:06:28.271+0000] {spark_submit.py:579} INFO - 24/11/02 01:06:28 INFO StandaloneAppClient$ClientEndpoint: Connecting to master spark://spark-master:7077...
[2024-11-02T01:06:28.334+0000] {spark_submit.py:579} INFO - 24/11/02 01:06:28 INFO TransportClientFactory: Successfully created connection to spark-master/172.19.0.2:7077 after 40 ms (0 ms spent in bootstraps)
[2024-11-02T01:06:28.467+0000] {spark_submit.py:579} INFO - 24/11/02 01:06:28 INFO StandaloneSchedulerBackend: Connected to Spark cluster with app ID app-20241102010628-0020
[2024-11-02T01:06:28.469+0000] {spark_submit.py:579} INFO - 24/11/02 01:06:28 INFO StandaloneAppClient$ClientEndpoint: Executor added: app-20241102010628-0020/0 on worker-20241102003302-172.19.0.5-34939 (172.19.0.5:34939) with 2 core(s)
[2024-11-02T01:06:28.473+0000] {spark_submit.py:579} INFO - 24/11/02 01:06:28 INFO StandaloneSchedulerBackend: Granted executor ID app-20241102010628-0020/0 on hostPort 172.19.0.5:34939 with 2 core(s), 2.0 GiB RAM
[2024-11-02T01:06:28.482+0000] {spark_submit.py:579} INFO - 24/11/02 01:06:28 INFO Utils: Successfully started service 'org.apache.spark.network.netty.NettyBlockTransferService' on port 39949.
[2024-11-02T01:06:28.483+0000] {spark_submit.py:579} INFO - 24/11/02 01:06:28 INFO NettyBlockTransferService: Server created on ee9b80364a9a:39949
[2024-11-02T01:06:28.486+0000] {spark_submit.py:579} INFO - 24/11/02 01:06:28 INFO BlockManager: Using org.apache.spark.storage.RandomBlockReplicationPolicy for block replication policy
[2024-11-02T01:06:28.499+0000] {spark_submit.py:579} INFO - 24/11/02 01:06:28 INFO BlockManagerMaster: Registering BlockManager BlockManagerId(driver, ee9b80364a9a, 39949, None)
[2024-11-02T01:06:28.505+0000] {spark_submit.py:579} INFO - 24/11/02 01:06:28 INFO BlockManagerMasterEndpoint: Registering block manager ee9b80364a9a:39949 with 434.4 MiB RAM, BlockManagerId(driver, ee9b80364a9a, 39949, None)
[2024-11-02T01:06:28.508+0000] {spark_submit.py:579} INFO - 24/11/02 01:06:28 INFO StandaloneAppClient$ClientEndpoint: Executor updated: app-20241102010628-0020/0 is now RUNNING
[2024-11-02T01:06:28.509+0000] {spark_submit.py:579} INFO - 24/11/02 01:06:28 INFO BlockManagerMaster: Registered BlockManager BlockManagerId(driver, ee9b80364a9a, 39949, None)
[2024-11-02T01:06:28.512+0000] {spark_submit.py:579} INFO - 24/11/02 01:06:28 INFO BlockManager: Initialized BlockManager: BlockManagerId(driver, ee9b80364a9a, 39949, None)
[2024-11-02T01:06:28.779+0000] {spark_submit.py:579} INFO - 24/11/02 01:06:28 INFO StandaloneSchedulerBackend: SchedulerBackend is ready for scheduling beginning after reached minRegisteredResourcesRatio: 0.0
[2024-11-02T01:06:29.099+0000] {spark_submit.py:579} INFO - 24/11/02 01:06:29 INFO SharedState: Setting hive.metastore.warehouse.dir ('null') to the value of spark.sql.warehouse.dir.
[2024-11-02T01:06:29.104+0000] {spark_submit.py:579} INFO - 24/11/02 01:06:29 INFO SharedState: Warehouse path is 'file:/opt/***/spark-warehouse'.
[2024-11-02T01:06:30.605+0000] {spark_submit.py:579} INFO - 24/11/02 01:06:30 WARN MetricsConfig: Cannot locate configuration: tried hadoop-metrics2-s3a-file-system.properties,hadoop-metrics2.properties
[2024-11-02T01:06:30.624+0000] {spark_submit.py:579} INFO - 24/11/02 01:06:30 INFO MetricsSystemImpl: Scheduled Metric snapshot period at 10 second(s).
[2024-11-02T01:06:30.625+0000] {spark_submit.py:579} INFO - 24/11/02 01:06:30 INFO MetricsSystemImpl: s3a-file-system metrics system started
[2024-11-02T01:06:31.126+0000] {spark_submit.py:579} INFO - 24/11/02 01:06:31 INFO StandaloneSchedulerBackend$StandaloneDriverEndpoint: Registered executor NettyRpcEndpointRef(spark-client://Executor) (172.19.0.5:49852) with ID 0,  ResourceProfileId 0
[2024-11-02T01:06:31.217+0000] {spark_submit.py:579} INFO - 24/11/02 01:06:31 INFO BlockManagerMasterEndpoint: Registering block manager 172.19.0.5:38027 with 1048.8 MiB RAM, BlockManagerId(0, 172.19.0.5, 38027, None)
[2024-11-02T01:06:32.256+0000] {spark_submit.py:579} INFO - 24/11/02 01:06:32 INFO InMemoryFileIndex: It took 124 ms to list leaf files for 1 paths.
[2024-11-02T01:06:34.939+0000] {spark_submit.py:579} INFO - 24/11/02 01:06:34 INFO SparkContext: SparkContext is stopping with exitCode 0.
[2024-11-02T01:06:34.953+0000] {spark_submit.py:579} INFO - 24/11/02 01:06:34 INFO SparkUI: Stopped Spark web UI at http://ee9b80364a9a:4040
[2024-11-02T01:06:34.960+0000] {spark_submit.py:579} INFO - 24/11/02 01:06:34 INFO StandaloneSchedulerBackend: Shutting down all executors
[2024-11-02T01:06:34.961+0000] {spark_submit.py:579} INFO - 24/11/02 01:06:34 INFO StandaloneSchedulerBackend$StandaloneDriverEndpoint: Asking each executor to shut down
[2024-11-02T01:06:34.989+0000] {spark_submit.py:579} INFO - 24/11/02 01:06:34 INFO MapOutputTrackerMasterEndpoint: MapOutputTrackerMasterEndpoint stopped!
[2024-11-02T01:06:35.005+0000] {spark_submit.py:579} INFO - 24/11/02 01:06:35 INFO MemoryStore: MemoryStore cleared
[2024-11-02T01:06:35.005+0000] {spark_submit.py:579} INFO - 24/11/02 01:06:35 INFO BlockManager: BlockManager stopped
[2024-11-02T01:06:35.017+0000] {spark_submit.py:579} INFO - 24/11/02 01:06:35 INFO BlockManagerMaster: BlockManagerMaster stopped
[2024-11-02T01:06:35.021+0000] {spark_submit.py:579} INFO - 24/11/02 01:06:35 INFO OutputCommitCoordinator$OutputCommitCoordinatorEndpoint: OutputCommitCoordinator stopped!
[2024-11-02T01:06:35.082+0000] {spark_submit.py:579} INFO - 24/11/02 01:06:35 INFO SparkContext: Successfully stopped SparkContext
[2024-11-02T01:06:35.426+0000] {spark_submit.py:579} INFO - 24/11/02 01:06:35 INFO SparkContext: Running Spark version 3.4.3
[2024-11-02T01:06:35.430+0000] {spark_submit.py:579} INFO - 24/11/02 01:06:35 INFO ResourceUtils: ==============================================================
[2024-11-02T01:06:35.430+0000] {spark_submit.py:579} INFO - 24/11/02 01:06:35 INFO ResourceUtils: No custom resources configured for spark.driver.
[2024-11-02T01:06:35.431+0000] {spark_submit.py:579} INFO - 24/11/02 01:06:35 INFO ResourceUtils: ==============================================================
[2024-11-02T01:06:35.431+0000] {spark_submit.py:579} INFO - 24/11/02 01:06:35 INFO SparkContext: Submitted application: MergeData
[2024-11-02T01:06:35.433+0000] {spark_submit.py:579} INFO - 24/11/02 01:06:35 INFO ResourceProfile: Default ResourceProfile created, executor resources: Map(cores -> name: cores, amount: 2, script: , vendor: , memory -> name: memory, amount: 2048, script: , vendor: , offHeap -> name: offHeap, amount: 0, script: , vendor: ), task resources: Map(cpus -> name: cpus, amount: 1.0)
[2024-11-02T01:06:35.433+0000] {spark_submit.py:579} INFO - 24/11/02 01:06:35 INFO ResourceProfile: Limiting resource is cpus at 2 tasks per executor
[2024-11-02T01:06:35.434+0000] {spark_submit.py:579} INFO - 24/11/02 01:06:35 INFO ResourceProfileManager: Added ResourceProfile id: 0
[2024-11-02T01:06:35.435+0000] {spark_submit.py:579} INFO - 24/11/02 01:06:35 INFO SecurityManager: Changing view acls to: ***
[2024-11-02T01:06:35.436+0000] {spark_submit.py:579} INFO - 24/11/02 01:06:35 INFO SecurityManager: Changing modify acls to: ***
[2024-11-02T01:06:35.436+0000] {spark_submit.py:579} INFO - 24/11/02 01:06:35 INFO SecurityManager: Changing view acls groups to:
[2024-11-02T01:06:35.437+0000] {spark_submit.py:579} INFO - 24/11/02 01:06:35 INFO SecurityManager: Changing modify acls groups to:
[2024-11-02T01:06:35.437+0000] {spark_submit.py:579} INFO - 24/11/02 01:06:35 INFO SecurityManager: SecurityManager: authentication disabled; ui acls disabled; users with view permissions: ***; groups with view permissions: EMPTY; users with modify permissions: ***; groups with modify permissions: EMPTY
[2024-11-02T01:06:35.453+0000] {spark_submit.py:579} INFO - 24/11/02 01:06:35 INFO Utils: Successfully started service 'sparkDriver' on port 35051.
[2024-11-02T01:06:35.456+0000] {spark_submit.py:579} INFO - 24/11/02 01:06:35 INFO SparkEnv: Registering MapOutputTracker
[2024-11-02T01:06:35.458+0000] {spark_submit.py:579} INFO - 24/11/02 01:06:35 INFO SparkEnv: Registering BlockManagerMaster
[2024-11-02T01:06:35.459+0000] {spark_submit.py:579} INFO - 24/11/02 01:06:35 INFO BlockManagerMasterEndpoint: Using org.apache.spark.storage.DefaultTopologyMapper for getting topology information
[2024-11-02T01:06:35.459+0000] {spark_submit.py:579} INFO - 24/11/02 01:06:35 INFO BlockManagerMasterEndpoint: BlockManagerMasterEndpoint up
[2024-11-02T01:06:35.460+0000] {spark_submit.py:579} INFO - 24/11/02 01:06:35 INFO SparkEnv: Registering BlockManagerMasterHeartbeat
[2024-11-02T01:06:35.462+0000] {spark_submit.py:579} INFO - 24/11/02 01:06:35 INFO DiskBlockManager: Created local directory at /tmp/blockmgr-551f8b1f-f322-45e4-b603-1b30989331a1
[2024-11-02T01:06:35.463+0000] {spark_submit.py:579} INFO - 24/11/02 01:06:35 INFO MemoryStore: MemoryStore started with capacity 434.4 MiB
[2024-11-02T01:06:35.465+0000] {spark_submit.py:579} INFO - 24/11/02 01:06:35 INFO SparkEnv: Registering OutputCommitCoordinator
[2024-11-02T01:06:35.474+0000] {spark_submit.py:579} INFO - 24/11/02 01:06:35 INFO JettyUtils: Start Jetty 0.0.0.0:4040 for SparkUI
[2024-11-02T01:06:35.485+0000] {spark_submit.py:579} INFO - 24/11/02 01:06:35 INFO Utils: Successfully started service 'SparkUI' on port 4040.
[2024-11-02T01:06:35.503+0000] {spark_submit.py:579} INFO - 24/11/02 01:06:35 INFO SparkContext: Added JAR file:///opt/***/jars/hadoop-aws-3.3.4.jar at spark://ee9b80364a9a:35051/jars/hadoop-aws-3.3.4.jar with timestamp 1730509595425
[2024-11-02T01:06:35.504+0000] {spark_submit.py:579} INFO - 24/11/02 01:06:35 INFO SparkContext: Added JAR file:///opt/***/jars/s3-2.18.41.jar at spark://ee9b80364a9a:35051/jars/s3-2.18.41.jar with timestamp 1730509595425
[2024-11-02T01:06:35.505+0000] {spark_submit.py:579} INFO - 24/11/02 01:06:35 INFO SparkContext: Added JAR file:///opt/***/jars/aws-java-sdk-1.12.367.jar at spark://ee9b80364a9a:35051/jars/aws-java-sdk-1.12.367.jar with timestamp 1730509595425
[2024-11-02T01:06:35.507+0000] {spark_submit.py:579} INFO - 24/11/02 01:06:35 INFO SparkContext: Added JAR file:///opt/***/jars/delta-core_2.12-2.4.0.jar at spark://ee9b80364a9a:35051/jars/delta-core_2.12-2.4.0.jar with timestamp 1730509595425
[2024-11-02T01:06:35.508+0000] {spark_submit.py:579} INFO - 24/11/02 01:06:35 INFO SparkContext: Added JAR file:///opt/***/jars/delta-storage-2.2.0.jar at spark://ee9b80364a9a:35051/jars/delta-storage-2.2.0.jar with timestamp 1730509595425
[2024-11-02T01:06:35.509+0000] {spark_submit.py:579} INFO - 24/11/02 01:06:35 INFO SparkContext: Added JAR file:///home/***/.ivy2/jars/org.apache.hadoop_hadoop-aws-3.3.4.jar at spark://ee9b80364a9a:35051/jars/org.apache.hadoop_hadoop-aws-3.3.4.jar with timestamp 1730509595425
[2024-11-02T01:06:35.509+0000] {spark_submit.py:579} INFO - 24/11/02 01:06:35 INFO SparkContext: Added JAR file:///home/***/.ivy2/jars/com.amazonaws_aws-java-sdk-bundle-1.12.262.jar at spark://ee9b80364a9a:35051/jars/com.amazonaws_aws-java-sdk-bundle-1.12.262.jar with timestamp 1730509595425
[2024-11-02T01:06:35.510+0000] {spark_submit.py:579} INFO - 24/11/02 01:06:35 INFO SparkContext: Added JAR file:///home/***/.ivy2/jars/org.wildfly.openssl_wildfly-openssl-1.0.7.Final.jar at spark://ee9b80364a9a:35051/jars/org.wildfly.openssl_wildfly-openssl-1.0.7.Final.jar with timestamp 1730509595425
[2024-11-02T01:06:35.511+0000] {spark_submit.py:579} INFO - 24/11/02 01:06:35 INFO SparkContext: Added file file:///home/***/.ivy2/jars/org.apache.hadoop_hadoop-aws-3.3.4.jar at spark://ee9b80364a9a:35051/files/org.apache.hadoop_hadoop-aws-3.3.4.jar with timestamp 1730509595425
[2024-11-02T01:06:35.512+0000] {spark_submit.py:579} INFO - 24/11/02 01:06:35 INFO Utils: Copying /home/***/.ivy2/jars/org.apache.hadoop_hadoop-aws-3.3.4.jar to /tmp/spark-be62b158-c16f-49f6-a25c-8e5bfcf5cd18/userFiles-2ac6b05c-c31c-442b-90d5-5e3f0658ad15/org.apache.hadoop_hadoop-aws-3.3.4.jar
[2024-11-02T01:06:35.520+0000] {spark_submit.py:579} INFO - 24/11/02 01:06:35 INFO SparkContext: Added file file:///home/***/.ivy2/jars/com.amazonaws_aws-java-sdk-bundle-1.12.262.jar at spark://ee9b80364a9a:35051/files/com.amazonaws_aws-java-sdk-bundle-1.12.262.jar with timestamp 1730509595425
[2024-11-02T01:06:35.531+0000] {spark_submit.py:579} INFO - 24/11/02 01:06:35 INFO Utils: Copying /home/***/.ivy2/jars/com.amazonaws_aws-java-sdk-bundle-1.12.262.jar to /tmp/spark-be62b158-c16f-49f6-a25c-8e5bfcf5cd18/userFiles-2ac6b05c-c31c-442b-90d5-5e3f0658ad15/com.amazonaws_aws-java-sdk-bundle-1.12.262.jar
[2024-11-02T01:06:35.863+0000] {spark_submit.py:579} INFO - 24/11/02 01:06:35 INFO SparkContext: Added file file:///home/***/.ivy2/jars/org.wildfly.openssl_wildfly-openssl-1.0.7.Final.jar at spark://ee9b80364a9a:35051/files/org.wildfly.openssl_wildfly-openssl-1.0.7.Final.jar with timestamp 1730509595425
[2024-11-02T01:06:35.863+0000] {spark_submit.py:579} INFO - 24/11/02 01:06:35 INFO Utils: Copying /home/***/.ivy2/jars/org.wildfly.openssl_wildfly-openssl-1.0.7.Final.jar to /tmp/spark-be62b158-c16f-49f6-a25c-8e5bfcf5cd18/userFiles-2ac6b05c-c31c-442b-90d5-5e3f0658ad15/org.wildfly.openssl_wildfly-openssl-1.0.7.Final.jar
[2024-11-02T01:06:35.877+0000] {spark_submit.py:579} INFO - 24/11/02 01:06:35 INFO StandaloneAppClient$ClientEndpoint: Connecting to master spark://spark-master:7077...
[2024-11-02T01:06:35.881+0000] {spark_submit.py:579} INFO - 24/11/02 01:06:35 INFO TransportClientFactory: Successfully created connection to spark-master/172.19.0.2:7077 after 2 ms (0 ms spent in bootstraps)
[2024-11-02T01:06:35.894+0000] {spark_submit.py:579} INFO - 24/11/02 01:06:35 INFO StandaloneSchedulerBackend: Connected to Spark cluster with app ID app-20241102010635-0021
[2024-11-02T01:06:35.895+0000] {spark_submit.py:579} INFO - 24/11/02 01:06:35 INFO StandaloneAppClient$ClientEndpoint: Executor added: app-20241102010635-0021/0 on worker-20241102003302-172.19.0.5-34939 (172.19.0.5:34939) with 2 core(s)
[2024-11-02T01:06:35.896+0000] {spark_submit.py:579} INFO - 24/11/02 01:06:35 INFO StandaloneSchedulerBackend: Granted executor ID app-20241102010635-0021/0 on hostPort 172.19.0.5:34939 with 2 core(s), 2.0 GiB RAM
[2024-11-02T01:06:35.898+0000] {spark_submit.py:579} INFO - 24/11/02 01:06:35 INFO Utils: Successfully started service 'org.apache.spark.network.netty.NettyBlockTransferService' on port 45451.
[2024-11-02T01:06:35.899+0000] {spark_submit.py:579} INFO - 24/11/02 01:06:35 INFO NettyBlockTransferService: Server created on ee9b80364a9a:45451
[2024-11-02T01:06:35.900+0000] {spark_submit.py:579} INFO - 24/11/02 01:06:35 INFO BlockManager: Using org.apache.spark.storage.RandomBlockReplicationPolicy for block replication policy
[2024-11-02T01:06:35.900+0000] {spark_submit.py:579} INFO - 24/11/02 01:06:35 INFO BlockManagerMaster: Registering BlockManager BlockManagerId(driver, ee9b80364a9a, 45451, None)
[2024-11-02T01:06:35.901+0000] {spark_submit.py:579} INFO - 24/11/02 01:06:35 INFO BlockManagerMasterEndpoint: Registering block manager ee9b80364a9a:45451 with 434.4 MiB RAM, BlockManagerId(driver, ee9b80364a9a, 45451, None)
[2024-11-02T01:06:35.902+0000] {spark_submit.py:579} INFO - 24/11/02 01:06:35 INFO BlockManagerMaster: Registered BlockManager BlockManagerId(driver, ee9b80364a9a, 45451, None)
[2024-11-02T01:06:35.903+0000] {spark_submit.py:579} INFO - 24/11/02 01:06:35 INFO BlockManager: Initialized BlockManager: BlockManagerId(driver, ee9b80364a9a, 45451, None)
[2024-11-02T01:06:35.918+0000] {spark_submit.py:579} INFO - 24/11/02 01:06:35 INFO StandaloneAppClient$ClientEndpoint: Executor updated: app-20241102010635-0021/0 is now RUNNING
[2024-11-02T01:06:35.925+0000] {spark_submit.py:579} INFO - 24/11/02 01:06:35 INFO StandaloneSchedulerBackend: SchedulerBackend is ready for scheduling beginning after reached minRegisteredResourcesRatio: 0.0
[2024-11-02T01:06:35.965+0000] {spark_submit.py:579} INFO - 24/11/02 01:06:35 INFO SharedState: Setting hive.metastore.warehouse.dir ('null') to the value of spark.sql.warehouse.dir.
[2024-11-02T01:06:35.966+0000] {spark_submit.py:579} INFO - 24/11/02 01:06:35 INFO SharedState: Warehouse path is 'file:/opt/***/spark-warehouse'.
[2024-11-02T01:06:36.021+0000] {spark_submit.py:579} INFO - 24/11/02 01:06:36 INFO InMemoryFileIndex: It took 13 ms to list leaf files for 1 paths.
[2024-11-02T01:06:36.486+0000] {spark_submit.py:579} INFO - 24/11/02 01:06:36 INFO SparkContext: Starting job: parquet at NativeMethodAccessorImpl.java:0
[2024-11-02T01:06:36.511+0000] {spark_submit.py:579} INFO - 24/11/02 01:06:36 INFO DAGScheduler: Got job 0 (parquet at NativeMethodAccessorImpl.java:0) with 1 output partitions
[2024-11-02T01:06:36.512+0000] {spark_submit.py:579} INFO - 24/11/02 01:06:36 INFO DAGScheduler: Final stage: ResultStage 0 (parquet at NativeMethodAccessorImpl.java:0)
[2024-11-02T01:06:36.513+0000] {spark_submit.py:579} INFO - 24/11/02 01:06:36 INFO DAGScheduler: Parents of final stage: List()
[2024-11-02T01:06:36.515+0000] {spark_submit.py:579} INFO - 24/11/02 01:06:36 INFO DAGScheduler: Missing parents: List()
[2024-11-02T01:06:36.524+0000] {spark_submit.py:579} INFO - 24/11/02 01:06:36 INFO DAGScheduler: Submitting ResultStage 0 (MapPartitionsRDD[1] at parquet at NativeMethodAccessorImpl.java:0), which has no missing parents
[2024-11-02T01:06:36.620+0000] {spark_submit.py:579} INFO - 24/11/02 01:06:36 INFO MemoryStore: Block broadcast_0 stored as values in memory (estimated size 106.8 KiB, free 434.3 MiB)
[2024-11-02T01:06:36.716+0000] {spark_submit.py:579} INFO - 24/11/02 01:06:36 INFO MemoryStore: Block broadcast_0_piece0 stored as bytes in memory (estimated size 38.8 KiB, free 434.3 MiB)
[2024-11-02T01:06:36.721+0000] {spark_submit.py:579} INFO - 24/11/02 01:06:36 INFO BlockManagerInfo: Added broadcast_0_piece0 in memory on ee9b80364a9a:45451 (size: 38.8 KiB, free: 434.4 MiB)
[2024-11-02T01:06:36.730+0000] {spark_submit.py:579} INFO - 24/11/02 01:06:36 INFO SparkContext: Created broadcast 0 from broadcast at DAGScheduler.scala:1540
[2024-11-02T01:06:36.753+0000] {spark_submit.py:579} INFO - 24/11/02 01:06:36 INFO DAGScheduler: Submitting 1 missing tasks from ResultStage 0 (MapPartitionsRDD[1] at parquet at NativeMethodAccessorImpl.java:0) (first 15 tasks are for partitions Vector(0))
[2024-11-02T01:06:36.754+0000] {spark_submit.py:579} INFO - 24/11/02 01:06:36 INFO TaskSchedulerImpl: Adding task set 0.0 with 1 tasks resource profile 0
[2024-11-02T01:06:38.470+0000] {spark_submit.py:579} INFO - 24/11/02 01:06:38 INFO StandaloneSchedulerBackend$StandaloneDriverEndpoint: Registered executor NettyRpcEndpointRef(spark-client://Executor) (172.19.0.5:38428) with ID 0,  ResourceProfileId 0
[2024-11-02T01:06:38.536+0000] {spark_submit.py:579} INFO - 24/11/02 01:06:38 INFO BlockManagerMasterEndpoint: Registering block manager 172.19.0.5:33309 with 1048.8 MiB RAM, BlockManagerId(0, 172.19.0.5, 33309, None)
[2024-11-02T01:06:41.046+0000] {spark_submit.py:579} INFO - 24/11/02 01:06:41 INFO TaskSetManager: Starting task 0.0 in stage 0.0 (TID 0) (172.19.0.5, executor 0, partition 0, PROCESS_LOCAL, 7499 bytes)
[2024-11-02T01:06:41.268+0000] {spark_submit.py:579} INFO - 24/11/02 01:06:41 INFO BlockManagerInfo: Added broadcast_0_piece0 in memory on 172.19.0.5:33309 (size: 38.8 KiB, free: 1048.8 MiB)
[2024-11-02T01:06:42.709+0000] {spark_submit.py:579} INFO - 24/11/02 01:06:42 INFO TaskSetManager: Finished task 0.0 in stage 0.0 (TID 0) in 1676 ms on 172.19.0.5 (executor 0) (1/1)
[2024-11-02T01:06:42.711+0000] {spark_submit.py:579} INFO - 24/11/02 01:06:42 INFO TaskSchedulerImpl: Removed TaskSet 0.0, whose tasks have all completed, from pool
[2024-11-02T01:06:42.719+0000] {spark_submit.py:579} INFO - 24/11/02 01:06:42 INFO DAGScheduler: ResultStage 0 (parquet at NativeMethodAccessorImpl.java:0) finished in 6.175 s
[2024-11-02T01:06:42.724+0000] {spark_submit.py:579} INFO - 24/11/02 01:06:42 INFO DAGScheduler: Job 0 is finished. Cancelling potential speculative or zombie tasks for this job
[2024-11-02T01:06:42.724+0000] {spark_submit.py:579} INFO - 24/11/02 01:06:42 INFO TaskSchedulerImpl: Killing all running tasks in stage 0: Stage finished
[2024-11-02T01:06:42.727+0000] {spark_submit.py:579} INFO - 24/11/02 01:06:42 INFO DAGScheduler: Job 0 finished: parquet at NativeMethodAccessorImpl.java:0, took 6.240467 s
[2024-11-02T01:06:43.006+0000] {spark_submit.py:579} INFO - 24/11/02 01:06:43 INFO BlockManagerInfo: Removed broadcast_0_piece0 on ee9b80364a9a:45451 in memory (size: 38.8 KiB, free: 434.4 MiB)
[2024-11-02T01:06:43.018+0000] {spark_submit.py:579} INFO - 24/11/02 01:06:43 INFO BlockManagerInfo: Removed broadcast_0_piece0 on 172.19.0.5:33309 in memory (size: 38.8 KiB, free: 1048.8 MiB)
[2024-11-02T01:06:43.652+0000] {spark_submit.py:579} INFO - 24/11/02 01:06:43 INFO SparkContext: SparkContext is stopping with exitCode 0.
[2024-11-02T01:06:43.656+0000] {spark_submit.py:579} INFO - 24/11/02 01:06:43 INFO SparkUI: Stopped Spark web UI at http://ee9b80364a9a:4040
[2024-11-02T01:06:43.658+0000] {spark_submit.py:579} INFO - 24/11/02 01:06:43 INFO StandaloneSchedulerBackend: Shutting down all executors
[2024-11-02T01:06:43.658+0000] {spark_submit.py:579} INFO - 24/11/02 01:06:43 INFO StandaloneSchedulerBackend$StandaloneDriverEndpoint: Asking each executor to shut down
[2024-11-02T01:06:43.663+0000] {spark_submit.py:579} INFO - 24/11/02 01:06:43 INFO MapOutputTrackerMasterEndpoint: MapOutputTrackerMasterEndpoint stopped!
[2024-11-02T01:06:43.674+0000] {spark_submit.py:579} INFO - 24/11/02 01:06:43 INFO MemoryStore: MemoryStore cleared
[2024-11-02T01:06:43.675+0000] {spark_submit.py:579} INFO - 24/11/02 01:06:43 INFO BlockManager: BlockManager stopped
[2024-11-02T01:06:43.675+0000] {spark_submit.py:579} INFO - 24/11/02 01:06:43 INFO BlockManagerMaster: BlockManagerMaster stopped
[2024-11-02T01:06:43.676+0000] {spark_submit.py:579} INFO - 24/11/02 01:06:43 INFO OutputCommitCoordinator$OutputCommitCoordinatorEndpoint: OutputCommitCoordinator stopped!
[2024-11-02T01:06:43.732+0000] {spark_submit.py:579} INFO - 24/11/02 01:06:43 INFO SparkContext: Successfully stopped SparkContext
[2024-11-02T01:06:43.961+0000] {spark_submit.py:579} INFO - 24/11/02 01:06:43 INFO SparkContext: Running Spark version 3.4.3
[2024-11-02T01:06:43.962+0000] {spark_submit.py:579} INFO - 24/11/02 01:06:43 INFO ResourceUtils: ==============================================================
[2024-11-02T01:06:43.963+0000] {spark_submit.py:579} INFO - 24/11/02 01:06:43 INFO ResourceUtils: No custom resources configured for spark.driver.
[2024-11-02T01:06:43.963+0000] {spark_submit.py:579} INFO - 24/11/02 01:06:43 INFO ResourceUtils: ==============================================================
[2024-11-02T01:06:43.964+0000] {spark_submit.py:579} INFO - 24/11/02 01:06:43 INFO SparkContext: Submitted application: MergeData
[2024-11-02T01:06:43.964+0000] {spark_submit.py:579} INFO - 24/11/02 01:06:43 INFO ResourceProfile: Default ResourceProfile created, executor resources: Map(cores -> name: cores, amount: 2, script: , vendor: , memory -> name: memory, amount: 2048, script: , vendor: , offHeap -> name: offHeap, amount: 0, script: , vendor: ), task resources: Map(cpus -> name: cpus, amount: 1.0)
[2024-11-02T01:06:43.964+0000] {spark_submit.py:579} INFO - 24/11/02 01:06:43 INFO ResourceProfile: Limiting resource is cpus at 2 tasks per executor
[2024-11-02T01:06:43.965+0000] {spark_submit.py:579} INFO - 24/11/02 01:06:43 INFO ResourceProfileManager: Added ResourceProfile id: 0
[2024-11-02T01:06:43.965+0000] {spark_submit.py:579} INFO - 24/11/02 01:06:43 INFO SecurityManager: Changing view acls to: ***
[2024-11-02T01:06:43.966+0000] {spark_submit.py:579} INFO - 24/11/02 01:06:43 INFO SecurityManager: Changing modify acls to: ***
[2024-11-02T01:06:43.967+0000] {spark_submit.py:579} INFO - 24/11/02 01:06:43 INFO SecurityManager: Changing view acls groups to:
[2024-11-02T01:06:43.967+0000] {spark_submit.py:579} INFO - 24/11/02 01:06:43 INFO SecurityManager: Changing modify acls groups to:
[2024-11-02T01:06:43.968+0000] {spark_submit.py:579} INFO - 24/11/02 01:06:43 INFO SecurityManager: SecurityManager: authentication disabled; ui acls disabled; users with view permissions: ***; groups with view permissions: EMPTY; users with modify permissions: ***; groups with modify permissions: EMPTY
[2024-11-02T01:06:43.982+0000] {spark_submit.py:579} INFO - 24/11/02 01:06:43 INFO Utils: Successfully started service 'sparkDriver' on port 40363.
[2024-11-02T01:06:43.985+0000] {spark_submit.py:579} INFO - 24/11/02 01:06:43 INFO SparkEnv: Registering MapOutputTracker
[2024-11-02T01:06:43.987+0000] {spark_submit.py:579} INFO - 24/11/02 01:06:43 INFO SparkEnv: Registering BlockManagerMaster
[2024-11-02T01:06:43.987+0000] {spark_submit.py:579} INFO - 24/11/02 01:06:43 INFO BlockManagerMasterEndpoint: Using org.apache.spark.storage.DefaultTopologyMapper for getting topology information
[2024-11-02T01:06:43.988+0000] {spark_submit.py:579} INFO - 24/11/02 01:06:43 INFO BlockManagerMasterEndpoint: BlockManagerMasterEndpoint up
[2024-11-02T01:06:43.989+0000] {spark_submit.py:579} INFO - 24/11/02 01:06:43 INFO SparkEnv: Registering BlockManagerMasterHeartbeat
[2024-11-02T01:06:43.990+0000] {spark_submit.py:579} INFO - 24/11/02 01:06:43 INFO DiskBlockManager: Created local directory at /tmp/blockmgr-2bdab213-a4a2-45b2-aaf6-65ded07ad945
[2024-11-02T01:06:43.991+0000] {spark_submit.py:579} INFO - 24/11/02 01:06:43 INFO MemoryStore: MemoryStore started with capacity 434.4 MiB
[2024-11-02T01:06:43.994+0000] {spark_submit.py:579} INFO - 24/11/02 01:06:43 INFO SparkEnv: Registering OutputCommitCoordinator
[2024-11-02T01:06:43.999+0000] {spark_submit.py:579} INFO - 24/11/02 01:06:43 INFO JettyUtils: Start Jetty 0.0.0.0:4040 for SparkUI
[2024-11-02T01:06:44.007+0000] {spark_submit.py:579} INFO - 24/11/02 01:06:44 INFO Utils: Successfully started service 'SparkUI' on port 4040.
[2024-11-02T01:06:44.018+0000] {spark_submit.py:579} INFO - 24/11/02 01:06:44 INFO SparkContext: Added JAR file:///opt/***/jars/hadoop-aws-3.3.4.jar at spark://ee9b80364a9a:40363/jars/hadoop-aws-3.3.4.jar with timestamp 1730509603961
[2024-11-02T01:06:44.019+0000] {spark_submit.py:579} INFO - 24/11/02 01:06:44 INFO SparkContext: Added JAR file:///opt/***/jars/s3-2.18.41.jar at spark://ee9b80364a9a:40363/jars/s3-2.18.41.jar with timestamp 1730509603961
[2024-11-02T01:06:44.019+0000] {spark_submit.py:579} INFO - 24/11/02 01:06:44 INFO SparkContext: Added JAR file:///opt/***/jars/aws-java-sdk-1.12.367.jar at spark://ee9b80364a9a:40363/jars/aws-java-sdk-1.12.367.jar with timestamp 1730509603961
[2024-11-02T01:06:44.020+0000] {spark_submit.py:579} INFO - 24/11/02 01:06:44 INFO SparkContext: Added JAR file:///opt/***/jars/delta-core_2.12-2.4.0.jar at spark://ee9b80364a9a:40363/jars/delta-core_2.12-2.4.0.jar with timestamp 1730509603961
[2024-11-02T01:06:44.021+0000] {spark_submit.py:579} INFO - 24/11/02 01:06:44 INFO SparkContext: Added JAR file:///opt/***/jars/delta-storage-2.2.0.jar at spark://ee9b80364a9a:40363/jars/delta-storage-2.2.0.jar with timestamp 1730509603961
[2024-11-02T01:06:44.022+0000] {spark_submit.py:579} INFO - 24/11/02 01:06:44 INFO SparkContext: Added JAR file:///home/***/.ivy2/jars/org.apache.hadoop_hadoop-aws-3.3.4.jar at spark://ee9b80364a9a:40363/jars/org.apache.hadoop_hadoop-aws-3.3.4.jar with timestamp 1730509603961
[2024-11-02T01:06:44.022+0000] {spark_submit.py:579} INFO - 24/11/02 01:06:44 INFO SparkContext: Added JAR file:///home/***/.ivy2/jars/com.amazonaws_aws-java-sdk-bundle-1.12.262.jar at spark://ee9b80364a9a:40363/jars/com.amazonaws_aws-java-sdk-bundle-1.12.262.jar with timestamp 1730509603961
[2024-11-02T01:06:44.023+0000] {spark_submit.py:579} INFO - 24/11/02 01:06:44 INFO SparkContext: Added JAR file:///home/***/.ivy2/jars/org.wildfly.openssl_wildfly-openssl-1.0.7.Final.jar at spark://ee9b80364a9a:40363/jars/org.wildfly.openssl_wildfly-openssl-1.0.7.Final.jar with timestamp 1730509603961
[2024-11-02T01:06:44.023+0000] {spark_submit.py:579} INFO - 24/11/02 01:06:44 INFO SparkContext: Added file file:///home/***/.ivy2/jars/org.apache.hadoop_hadoop-aws-3.3.4.jar at spark://ee9b80364a9a:40363/files/org.apache.hadoop_hadoop-aws-3.3.4.jar with timestamp 1730509603961
[2024-11-02T01:06:44.023+0000] {spark_submit.py:579} INFO - 24/11/02 01:06:44 INFO Utils: Copying /home/***/.ivy2/jars/org.apache.hadoop_hadoop-aws-3.3.4.jar to /tmp/spark-be62b158-c16f-49f6-a25c-8e5bfcf5cd18/userFiles-fd934544-2791-4064-af88-f3d89ba35829/org.apache.hadoop_hadoop-aws-3.3.4.jar
[2024-11-02T01:06:44.028+0000] {spark_submit.py:579} INFO - 24/11/02 01:06:44 INFO SparkContext: Added file file:///home/***/.ivy2/jars/com.amazonaws_aws-java-sdk-bundle-1.12.262.jar at spark://ee9b80364a9a:40363/files/com.amazonaws_aws-java-sdk-bundle-1.12.262.jar with timestamp 1730509603961
[2024-11-02T01:06:44.029+0000] {spark_submit.py:579} INFO - 24/11/02 01:06:44 INFO Utils: Copying /home/***/.ivy2/jars/com.amazonaws_aws-java-sdk-bundle-1.12.262.jar to /tmp/spark-be62b158-c16f-49f6-a25c-8e5bfcf5cd18/userFiles-fd934544-2791-4064-af88-f3d89ba35829/com.amazonaws_aws-java-sdk-bundle-1.12.262.jar
[2024-11-02T01:06:44.337+0000] {spark_submit.py:579} INFO - 24/11/02 01:06:44 INFO SparkContext: Added file file:///home/***/.ivy2/jars/org.wildfly.openssl_wildfly-openssl-1.0.7.Final.jar at spark://ee9b80364a9a:40363/files/org.wildfly.openssl_wildfly-openssl-1.0.7.Final.jar with timestamp 1730509603961
[2024-11-02T01:06:44.338+0000] {spark_submit.py:579} INFO - 24/11/02 01:06:44 INFO Utils: Copying /home/***/.ivy2/jars/org.wildfly.openssl_wildfly-openssl-1.0.7.Final.jar to /tmp/spark-be62b158-c16f-49f6-a25c-8e5bfcf5cd18/userFiles-fd934544-2791-4064-af88-f3d89ba35829/org.wildfly.openssl_wildfly-openssl-1.0.7.Final.jar
[2024-11-02T01:06:44.351+0000] {spark_submit.py:579} INFO - 24/11/02 01:06:44 INFO StandaloneAppClient$ClientEndpoint: Connecting to master spark://spark-master:7077...
[2024-11-02T01:06:44.355+0000] {spark_submit.py:579} INFO - 24/11/02 01:06:44 INFO TransportClientFactory: Successfully created connection to spark-master/172.19.0.2:7077 after 2 ms (0 ms spent in bootstraps)
[2024-11-02T01:06:44.364+0000] {spark_submit.py:579} INFO - 24/11/02 01:06:44 INFO StandaloneSchedulerBackend: Connected to Spark cluster with app ID app-20241102010644-0022
[2024-11-02T01:06:44.365+0000] {spark_submit.py:579} INFO - 24/11/02 01:06:44 INFO StandaloneAppClient$ClientEndpoint: Executor added: app-20241102010644-0022/0 on worker-20241102003302-172.19.0.5-34939 (172.19.0.5:34939) with 2 core(s)
[2024-11-02T01:06:44.366+0000] {spark_submit.py:579} INFO - 24/11/02 01:06:44 INFO StandaloneSchedulerBackend: Granted executor ID app-20241102010644-0022/0 on hostPort 172.19.0.5:34939 with 2 core(s), 2.0 GiB RAM
[2024-11-02T01:06:44.367+0000] {spark_submit.py:579} INFO - 24/11/02 01:06:44 INFO Utils: Successfully started service 'org.apache.spark.network.netty.NettyBlockTransferService' on port 35011.
[2024-11-02T01:06:44.368+0000] {spark_submit.py:579} INFO - 24/11/02 01:06:44 INFO NettyBlockTransferService: Server created on ee9b80364a9a:35011
[2024-11-02T01:06:44.369+0000] {spark_submit.py:579} INFO - 24/11/02 01:06:44 INFO BlockManager: Using org.apache.spark.storage.RandomBlockReplicationPolicy for block replication policy
[2024-11-02T01:06:44.369+0000] {spark_submit.py:579} INFO - 24/11/02 01:06:44 INFO BlockManagerMaster: Registering BlockManager BlockManagerId(driver, ee9b80364a9a, 35011, None)
[2024-11-02T01:06:44.370+0000] {spark_submit.py:579} INFO - 24/11/02 01:06:44 INFO BlockManagerMasterEndpoint: Registering block manager ee9b80364a9a:35011 with 434.4 MiB RAM, BlockManagerId(driver, ee9b80364a9a, 35011, None)
[2024-11-02T01:06:44.370+0000] {spark_submit.py:579} INFO - 24/11/02 01:06:44 INFO BlockManagerMaster: Registered BlockManager BlockManagerId(driver, ee9b80364a9a, 35011, None)
[2024-11-02T01:06:44.371+0000] {spark_submit.py:579} INFO - 24/11/02 01:06:44 INFO BlockManager: Initialized BlockManager: BlockManagerId(driver, ee9b80364a9a, 35011, None)
[2024-11-02T01:06:44.387+0000] {spark_submit.py:579} INFO - 24/11/02 01:06:44 INFO StandaloneAppClient$ClientEndpoint: Executor updated: app-20241102010644-0022/0 is now RUNNING
[2024-11-02T01:06:44.391+0000] {spark_submit.py:579} INFO - 24/11/02 01:06:44 INFO StandaloneSchedulerBackend: SchedulerBackend is ready for scheduling beginning after reached minRegisteredResourcesRatio: 0.0
[2024-11-02T01:06:44.424+0000] {spark_submit.py:579} INFO - 24/11/02 01:06:44 INFO SharedState: Setting hive.metastore.warehouse.dir ('null') to the value of spark.sql.warehouse.dir.
[2024-11-02T01:06:44.425+0000] {spark_submit.py:579} INFO - 24/11/02 01:06:44 INFO SharedState: Warehouse path is 'file:/opt/***/spark-warehouse'.
[2024-11-02T01:06:44.517+0000] {spark_submit.py:579} INFO - 24/11/02 01:06:44 INFO InMemoryFileIndex: It took 61 ms to list leaf files for 1 paths.
[2024-11-02T01:06:44.568+0000] {spark_submit.py:579} INFO - 24/11/02 01:06:44 INFO SparkContext: Starting job: load at NativeMethodAccessorImpl.java:0
[2024-11-02T01:06:44.570+0000] {spark_submit.py:579} INFO - 24/11/02 01:06:44 INFO DAGScheduler: Got job 0 (load at NativeMethodAccessorImpl.java:0) with 1 output partitions
[2024-11-02T01:06:44.571+0000] {spark_submit.py:579} INFO - 24/11/02 01:06:44 INFO DAGScheduler: Final stage: ResultStage 0 (load at NativeMethodAccessorImpl.java:0)
[2024-11-02T01:06:44.572+0000] {spark_submit.py:579} INFO - 24/11/02 01:06:44 INFO DAGScheduler: Parents of final stage: List()
[2024-11-02T01:06:44.573+0000] {spark_submit.py:579} INFO - 24/11/02 01:06:44 INFO DAGScheduler: Missing parents: List()
[2024-11-02T01:06:44.574+0000] {spark_submit.py:579} INFO - 24/11/02 01:06:44 INFO DAGScheduler: Submitting ResultStage 0 (MapPartitionsRDD[1] at load at NativeMethodAccessorImpl.java:0), which has no missing parents
[2024-11-02T01:06:44.602+0000] {spark_submit.py:579} INFO - 24/11/02 01:06:44 INFO MemoryStore: Block broadcast_0 stored as values in memory (estimated size 106.8 KiB, free 434.3 MiB)
[2024-11-02T01:06:44.607+0000] {spark_submit.py:579} INFO - 24/11/02 01:06:44 INFO MemoryStore: Block broadcast_0_piece0 stored as bytes in memory (estimated size 38.8 KiB, free 434.3 MiB)
[2024-11-02T01:06:44.610+0000] {spark_submit.py:579} INFO - 24/11/02 01:06:44 INFO BlockManagerInfo: Added broadcast_0_piece0 in memory on ee9b80364a9a:35011 (size: 38.8 KiB, free: 434.4 MiB)
[2024-11-02T01:06:44.611+0000] {spark_submit.py:579} INFO - 24/11/02 01:06:44 INFO SparkContext: Created broadcast 0 from broadcast at DAGScheduler.scala:1540
[2024-11-02T01:06:44.613+0000] {spark_submit.py:579} INFO - 24/11/02 01:06:44 INFO DAGScheduler: Submitting 1 missing tasks from ResultStage 0 (MapPartitionsRDD[1] at load at NativeMethodAccessorImpl.java:0) (first 15 tasks are for partitions Vector(0))
[2024-11-02T01:06:44.614+0000] {spark_submit.py:579} INFO - 24/11/02 01:06:44 INFO TaskSchedulerImpl: Adding task set 0.0 with 1 tasks resource profile 0
[2024-11-02T01:06:46.716+0000] {spark_submit.py:579} INFO - 24/11/02 01:06:46 INFO StandaloneSchedulerBackend$StandaloneDriverEndpoint: Registered executor NettyRpcEndpointRef(spark-client://Executor) (172.19.0.5:40386) with ID 0,  ResourceProfileId 0
[2024-11-02T01:06:46.774+0000] {spark_submit.py:579} INFO - 24/11/02 01:06:46 INFO BlockManagerMasterEndpoint: Registering block manager 172.19.0.5:38253 with 1048.8 MiB RAM, BlockManagerId(0, 172.19.0.5, 38253, None)
[2024-11-02T01:06:48.932+0000] {spark_submit.py:579} INFO - 24/11/02 01:06:48 INFO TaskSetManager: Starting task 0.0 in stage 0.0 (TID 0) (172.19.0.5, executor 0, partition 0, PROCESS_LOCAL, 7500 bytes)
[2024-11-02T01:06:49.131+0000] {spark_submit.py:579} INFO - 24/11/02 01:06:49 INFO BlockManagerInfo: Added broadcast_0_piece0 in memory on 172.19.0.5:38253 (size: 38.8 KiB, free: 1048.8 MiB)
[2024-11-02T01:06:50.572+0000] {spark_submit.py:579} INFO - 24/11/02 01:06:50 INFO TaskSetManager: Finished task 0.0 in stage 0.0 (TID 0) in 1641 ms on 172.19.0.5 (executor 0) (1/1)
[2024-11-02T01:06:50.573+0000] {spark_submit.py:579} INFO - 24/11/02 01:06:50 INFO TaskSchedulerImpl: Removed TaskSet 0.0, whose tasks have all completed, from pool
[2024-11-02T01:06:50.573+0000] {spark_submit.py:579} INFO - 24/11/02 01:06:50 INFO DAGScheduler: ResultStage 0 (load at NativeMethodAccessorImpl.java:0) finished in 5.997 s
[2024-11-02T01:06:50.574+0000] {spark_submit.py:579} INFO - 24/11/02 01:06:50 INFO DAGScheduler: Job 0 is finished. Cancelling potential speculative or zombie tasks for this job
[2024-11-02T01:06:50.575+0000] {spark_submit.py:579} INFO - 24/11/02 01:06:50 INFO TaskSchedulerImpl: Killing all running tasks in stage 0: Stage finished
[2024-11-02T01:06:50.575+0000] {spark_submit.py:579} INFO - 24/11/02 01:06:50 INFO DAGScheduler: Job 0 finished: load at NativeMethodAccessorImpl.java:0, took 6.006171 s
[2024-11-02T01:06:50.632+0000] {spark_submit.py:579} INFO - root
[2024-11-02T01:06:50.633+0000] {spark_submit.py:579} INFO - |-- cast: string (nullable = true)
[2024-11-02T01:06:50.633+0000] {spark_submit.py:579} INFO - |-- crew: string (nullable = true)
[2024-11-02T01:06:50.633+0000] {spark_submit.py:579} INFO - |-- id: string (nullable = true)
[2024-11-02T01:06:50.634+0000] {spark_submit.py:579} INFO - 
[2024-11-02T01:06:50.801+0000] {spark_submit.py:579} INFO - 24/11/02 01:06:50 INFO SparkContext: SparkContext is stopping with exitCode 0.
[2024-11-02T01:06:50.806+0000] {spark_submit.py:579} INFO - 24/11/02 01:06:50 INFO SparkUI: Stopped Spark web UI at http://ee9b80364a9a:4040
[2024-11-02T01:06:50.807+0000] {spark_submit.py:579} INFO - 24/11/02 01:06:50 INFO StandaloneSchedulerBackend: Shutting down all executors
[2024-11-02T01:06:50.808+0000] {spark_submit.py:579} INFO - 24/11/02 01:06:50 INFO StandaloneSchedulerBackend$StandaloneDriverEndpoint: Asking each executor to shut down
[2024-11-02T01:06:50.811+0000] {spark_submit.py:579} INFO - 24/11/02 01:06:50 INFO MapOutputTrackerMasterEndpoint: MapOutputTrackerMasterEndpoint stopped!
[2024-11-02T01:06:50.821+0000] {spark_submit.py:579} INFO - 24/11/02 01:06:50 INFO MemoryStore: MemoryStore cleared
[2024-11-02T01:06:50.822+0000] {spark_submit.py:579} INFO - 24/11/02 01:06:50 INFO BlockManager: BlockManager stopped
[2024-11-02T01:06:50.823+0000] {spark_submit.py:579} INFO - 24/11/02 01:06:50 INFO BlockManagerMaster: BlockManagerMaster stopped
[2024-11-02T01:06:50.824+0000] {spark_submit.py:579} INFO - 24/11/02 01:06:50 INFO OutputCommitCoordinator$OutputCommitCoordinatorEndpoint: OutputCommitCoordinator stopped!
[2024-11-02T01:06:50.877+0000] {spark_submit.py:579} INFO - 24/11/02 01:06:50 INFO SparkContext: Successfully stopped SparkContext
[2024-11-02T01:06:51.586+0000] {spark_submit.py:579} INFO - 24/11/02 01:06:51 INFO FileSourceStrategy: Pushed Filters: IsNotNull(keywords)
[2024-11-02T01:06:51.588+0000] {spark_submit.py:579} INFO - 24/11/02 01:06:51 INFO FileSourceStrategy: Post-Scan Filters: isnotnull(keywords#1)
[2024-11-02T01:06:51.932+0000] {spark_submit.py:579} INFO - ERROR:root:Error during merge process: An error occurred while calling o64.showString.
[2024-11-02T01:06:51.933+0000] {spark_submit.py:579} INFO - : java.lang.IllegalStateException: Cannot call methods on a stopped SparkContext.
[2024-11-02T01:06:51.933+0000] {spark_submit.py:579} INFO - This stopped SparkContext was created at:
[2024-11-02T01:06:51.933+0000] {spark_submit.py:579} INFO - 
[2024-11-02T01:06:51.934+0000] {spark_submit.py:579} INFO - org.apache.spark.api.java.JavaSparkContext.<init>(JavaSparkContext.scala:58)
[2024-11-02T01:06:51.934+0000] {spark_submit.py:579} INFO - java.base/jdk.internal.reflect.NativeConstructorAccessorImpl.newInstance0(Native Method)
[2024-11-02T01:06:51.934+0000] {spark_submit.py:579} INFO - java.base/jdk.internal.reflect.NativeConstructorAccessorImpl.newInstance(NativeConstructorAccessorImpl.java:62)
[2024-11-02T01:06:51.935+0000] {spark_submit.py:579} INFO - java.base/jdk.internal.reflect.DelegatingConstructorAccessorImpl.newInstance(DelegatingConstructorAccessorImpl.java:45)
[2024-11-02T01:06:51.935+0000] {spark_submit.py:579} INFO - java.base/java.lang.reflect.Constructor.newInstance(Constructor.java:490)
[2024-11-02T01:06:51.935+0000] {spark_submit.py:579} INFO - py4j.reflection.MethodInvoker.invoke(MethodInvoker.java:247)
[2024-11-02T01:06:51.936+0000] {spark_submit.py:579} INFO - py4j.reflection.ReflectionEngine.invoke(ReflectionEngine.java:374)
[2024-11-02T01:06:51.936+0000] {spark_submit.py:579} INFO - py4j.Gateway.invoke(Gateway.java:238)
[2024-11-02T01:06:51.936+0000] {spark_submit.py:579} INFO - py4j.commands.ConstructorCommand.invokeConstructor(ConstructorCommand.java:80)
[2024-11-02T01:06:51.937+0000] {spark_submit.py:579} INFO - py4j.commands.ConstructorCommand.execute(ConstructorCommand.java:69)
[2024-11-02T01:06:51.937+0000] {spark_submit.py:579} INFO - py4j.ClientServerConnection.waitForCommands(ClientServerConnection.java:182)
[2024-11-02T01:06:51.938+0000] {spark_submit.py:579} INFO - py4j.ClientServerConnection.run(ClientServerConnection.java:106)
[2024-11-02T01:06:51.938+0000] {spark_submit.py:579} INFO - java.base/java.lang.Thread.run(Thread.java:829)
[2024-11-02T01:06:51.939+0000] {spark_submit.py:579} INFO - 
[2024-11-02T01:06:51.939+0000] {spark_submit.py:579} INFO - The currently active SparkContext was created at:
[2024-11-02T01:06:51.940+0000] {spark_submit.py:579} INFO - 
[2024-11-02T01:06:51.940+0000] {spark_submit.py:579} INFO - (No active SparkContext.)
[2024-11-02T01:06:51.941+0000] {spark_submit.py:579} INFO - 
[2024-11-02T01:06:51.942+0000] {spark_submit.py:579} INFO - at org.apache.spark.SparkContext.assertNotStopped(SparkContext.scala:120)
[2024-11-02T01:06:51.943+0000] {spark_submit.py:579} INFO - at org.apache.spark.SparkContext.defaultParallelism(SparkContext.scala:2559)
[2024-11-02T01:06:51.943+0000] {spark_submit.py:579} INFO - at org.apache.spark.sql.execution.adaptive.CoalesceShufflePartitions.$anonfun$apply$1(CoalesceShufflePartitions.scala:60)
[2024-11-02T01:06:51.944+0000] {spark_submit.py:579} INFO - at scala.runtime.java8.JFunction0$mcI$sp.apply(JFunction0$mcI$sp.java:23)
[2024-11-02T01:06:51.946+0000] {spark_submit.py:579} INFO - at scala.Option.getOrElse(Option.scala:189)
[2024-11-02T01:06:51.947+0000] {spark_submit.py:579} INFO - at org.apache.spark.sql.execution.adaptive.CoalesceShufflePartitions.apply(CoalesceShufflePartitions.scala:57)
[2024-11-02T01:06:51.948+0000] {spark_submit.py:579} INFO - at org.apache.spark.sql.execution.adaptive.CoalesceShufflePartitions.apply(CoalesceShufflePartitions.scala:33)
[2024-11-02T01:06:51.949+0000] {spark_submit.py:579} INFO - at org.apache.spark.sql.execution.adaptive.AdaptiveSparkPlanExec.$anonfun$optimizeQueryStage$2(AdaptiveSparkPlanExec.scala:163)
[2024-11-02T01:06:51.949+0000] {spark_submit.py:579} INFO - at scala.collection.LinearSeqOptimized.foldLeft(LinearSeqOptimized.scala:126)
[2024-11-02T01:06:51.951+0000] {spark_submit.py:579} INFO - at scala.collection.LinearSeqOptimized.foldLeft$(LinearSeqOptimized.scala:122)
[2024-11-02T01:06:51.952+0000] {spark_submit.py:579} INFO - at scala.collection.immutable.List.foldLeft(List.scala:91)
[2024-11-02T01:06:51.952+0000] {spark_submit.py:579} INFO - at org.apache.spark.sql.execution.adaptive.AdaptiveSparkPlanExec.optimizeQueryStage(AdaptiveSparkPlanExec.scala:162)
[2024-11-02T01:06:51.953+0000] {spark_submit.py:579} INFO - at org.apache.spark.sql.execution.adaptive.AdaptiveSparkPlanExec.newQueryStage(AdaptiveSparkPlanExec.scala:545)
[2024-11-02T01:06:51.954+0000] {spark_submit.py:579} INFO - at org.apache.spark.sql.execution.adaptive.AdaptiveSparkPlanExec.createQueryStages(AdaptiveSparkPlanExec.scala:506)
[2024-11-02T01:06:51.955+0000] {spark_submit.py:579} INFO - at org.apache.spark.sql.execution.adaptive.AdaptiveSparkPlanExec.$anonfun$createQueryStages$2(AdaptiveSparkPlanExec.scala:536)
[2024-11-02T01:06:51.956+0000] {spark_submit.py:579} INFO - at scala.collection.TraversableLike.$anonfun$map$1(TraversableLike.scala:286)
[2024-11-02T01:06:51.956+0000] {spark_submit.py:579} INFO - at scala.collection.Iterator.foreach(Iterator.scala:943)
[2024-11-02T01:06:51.957+0000] {spark_submit.py:579} INFO - at scala.collection.Iterator.foreach$(Iterator.scala:943)
[2024-11-02T01:06:51.958+0000] {spark_submit.py:579} INFO - at scala.collection.AbstractIterator.foreach(Iterator.scala:1431)
[2024-11-02T01:06:51.958+0000] {spark_submit.py:579} INFO - at scala.collection.IterableLike.foreach(IterableLike.scala:74)
[2024-11-02T01:06:51.959+0000] {spark_submit.py:579} INFO - at scala.collection.IterableLike.foreach$(IterableLike.scala:73)
[2024-11-02T01:06:51.959+0000] {spark_submit.py:579} INFO - at scala.collection.AbstractIterable.foreach(Iterable.scala:56)
[2024-11-02T01:06:51.960+0000] {spark_submit.py:579} INFO - at scala.collection.TraversableLike.map(TraversableLike.scala:286)
[2024-11-02T01:06:51.960+0000] {spark_submit.py:579} INFO - at scala.collection.TraversableLike.map$(TraversableLike.scala:279)
[2024-11-02T01:06:51.960+0000] {spark_submit.py:579} INFO - at scala.collection.AbstractTraversable.map(Traversable.scala:108)
[2024-11-02T01:06:51.961+0000] {spark_submit.py:579} INFO - at org.apache.spark.sql.execution.adaptive.AdaptiveSparkPlanExec.createQueryStages(AdaptiveSparkPlanExec.scala:536)
[2024-11-02T01:06:51.961+0000] {spark_submit.py:579} INFO - at org.apache.spark.sql.execution.adaptive.AdaptiveSparkPlanExec.$anonfun$createQueryStages$2(AdaptiveSparkPlanExec.scala:536)
[2024-11-02T01:06:51.961+0000] {spark_submit.py:579} INFO - at scala.collection.TraversableLike.$anonfun$map$1(TraversableLike.scala:286)
[2024-11-02T01:06:51.962+0000] {spark_submit.py:579} INFO - at scala.collection.Iterator.foreach(Iterator.scala:943)
[2024-11-02T01:06:51.962+0000] {spark_submit.py:579} INFO - at scala.collection.Iterator.foreach$(Iterator.scala:943)
[2024-11-02T01:06:51.962+0000] {spark_submit.py:579} INFO - at scala.collection.AbstractIterator.foreach(Iterator.scala:1431)
[2024-11-02T01:06:51.963+0000] {spark_submit.py:579} INFO - at scala.collection.IterableLike.foreach(IterableLike.scala:74)
[2024-11-02T01:06:51.963+0000] {spark_submit.py:579} INFO - at scala.collection.IterableLike.foreach$(IterableLike.scala:73)
[2024-11-02T01:06:51.963+0000] {spark_submit.py:579} INFO - at scala.collection.AbstractIterable.foreach(Iterable.scala:56)
[2024-11-02T01:06:51.963+0000] {spark_submit.py:579} INFO - at scala.collection.TraversableLike.map(TraversableLike.scala:286)
[2024-11-02T01:06:51.964+0000] {spark_submit.py:579} INFO - at scala.collection.TraversableLike.map$(TraversableLike.scala:279)
[2024-11-02T01:06:51.964+0000] {spark_submit.py:579} INFO - at scala.collection.AbstractTraversable.map(Traversable.scala:108)
[2024-11-02T01:06:51.965+0000] {spark_submit.py:579} INFO - at org.apache.spark.sql.execution.adaptive.AdaptiveSparkPlanExec.createQueryStages(AdaptiveSparkPlanExec.scala:536)
[2024-11-02T01:06:51.966+0000] {spark_submit.py:579} INFO - at org.apache.spark.sql.execution.adaptive.AdaptiveSparkPlanExec.$anonfun$getFinalPhysicalPlan$1(AdaptiveSparkPlanExec.scala:247)
[2024-11-02T01:06:51.966+0000] {spark_submit.py:579} INFO - at org.apache.spark.sql.SparkSession.withActive(SparkSession.scala:827)
[2024-11-02T01:06:51.967+0000] {spark_submit.py:579} INFO - at org.apache.spark.sql.execution.adaptive.AdaptiveSparkPlanExec.getFinalPhysicalPlan(AdaptiveSparkPlanExec.scala:242)
[2024-11-02T01:06:51.967+0000] {spark_submit.py:579} INFO - at org.apache.spark.sql.execution.adaptive.AdaptiveSparkPlanExec.withFinalPlanUpdate(AdaptiveSparkPlanExec.scala:387)
[2024-11-02T01:06:51.967+0000] {spark_submit.py:579} INFO - at org.apache.spark.sql.execution.adaptive.AdaptiveSparkPlanExec.executeCollect(AdaptiveSparkPlanExec.scala:360)
[2024-11-02T01:06:51.968+0000] {spark_submit.py:579} INFO - at org.apache.spark.sql.Dataset.collectFromPlan(Dataset.scala:4218)
[2024-11-02T01:06:51.968+0000] {spark_submit.py:579} INFO - at org.apache.spark.sql.Dataset.$anonfun$head$1(Dataset.scala:3202)
[2024-11-02T01:06:51.968+0000] {spark_submit.py:579} INFO - at org.apache.spark.sql.Dataset.$anonfun$withAction$2(Dataset.scala:4208)
[2024-11-02T01:06:51.969+0000] {spark_submit.py:579} INFO - at org.apache.spark.sql.execution.QueryExecution$.withInternalError(QueryExecution.scala:526)
[2024-11-02T01:06:51.969+0000] {spark_submit.py:579} INFO - at org.apache.spark.sql.Dataset.$anonfun$withAction$1(Dataset.scala:4206)
[2024-11-02T01:06:51.969+0000] {spark_submit.py:579} INFO - at org.apache.spark.sql.execution.SQLExecution$.$anonfun$withNewExecutionId$6(SQLExecution.scala:118)
[2024-11-02T01:06:51.969+0000] {spark_submit.py:579} INFO - at org.apache.spark.sql.execution.SQLExecution$.withSQLConfPropagated(SQLExecution.scala:195)
[2024-11-02T01:06:51.970+0000] {spark_submit.py:579} INFO - at org.apache.spark.sql.execution.SQLExecution$.$anonfun$withNewExecutionId$1(SQLExecution.scala:103)
[2024-11-02T01:06:51.970+0000] {spark_submit.py:579} INFO - at org.apache.spark.sql.SparkSession.withActive(SparkSession.scala:827)
[2024-11-02T01:06:51.970+0000] {spark_submit.py:579} INFO - at org.apache.spark.sql.execution.SQLExecution$.withNewExecutionId(SQLExecution.scala:65)
[2024-11-02T01:06:51.970+0000] {spark_submit.py:579} INFO - at org.apache.spark.sql.Dataset.withAction(Dataset.scala:4206)
[2024-11-02T01:06:51.971+0000] {spark_submit.py:579} INFO - at org.apache.spark.sql.Dataset.head(Dataset.scala:3202)
[2024-11-02T01:06:51.971+0000] {spark_submit.py:579} INFO - at org.apache.spark.sql.Dataset.take(Dataset.scala:3423)
[2024-11-02T01:06:51.971+0000] {spark_submit.py:579} INFO - at org.apache.spark.sql.Dataset.getRows(Dataset.scala:283)
[2024-11-02T01:06:51.971+0000] {spark_submit.py:579} INFO - at org.apache.spark.sql.Dataset.showString(Dataset.scala:322)
[2024-11-02T01:06:51.972+0000] {spark_submit.py:579} INFO - at java.base/jdk.internal.reflect.NativeMethodAccessorImpl.invoke0(Native Method)
[2024-11-02T01:06:51.972+0000] {spark_submit.py:579} INFO - at java.base/jdk.internal.reflect.NativeMethodAccessorImpl.invoke(NativeMethodAccessorImpl.java:62)
[2024-11-02T01:06:51.972+0000] {spark_submit.py:579} INFO - at java.base/jdk.internal.reflect.DelegatingMethodAccessorImpl.invoke(DelegatingMethodAccessorImpl.java:43)
[2024-11-02T01:06:51.972+0000] {spark_submit.py:579} INFO - at java.base/java.lang.reflect.Method.invoke(Method.java:566)
[2024-11-02T01:06:51.973+0000] {spark_submit.py:579} INFO - at py4j.reflection.MethodInvoker.invoke(MethodInvoker.java:244)
[2024-11-02T01:06:51.973+0000] {spark_submit.py:579} INFO - at py4j.reflection.ReflectionEngine.invoke(ReflectionEngine.java:374)
[2024-11-02T01:06:51.973+0000] {spark_submit.py:579} INFO - at py4j.Gateway.invoke(Gateway.java:282)
[2024-11-02T01:06:51.973+0000] {spark_submit.py:579} INFO - at py4j.commands.AbstractCommand.invokeMethod(AbstractCommand.java:132)
[2024-11-02T01:06:51.974+0000] {spark_submit.py:579} INFO - at py4j.commands.CallCommand.execute(CallCommand.java:79)
[2024-11-02T01:06:51.974+0000] {spark_submit.py:579} INFO - at py4j.ClientServerConnection.waitForCommands(ClientServerConnection.java:182)
[2024-11-02T01:06:51.974+0000] {spark_submit.py:579} INFO - at py4j.ClientServerConnection.run(ClientServerConnection.java:106)
[2024-11-02T01:06:51.974+0000] {spark_submit.py:579} INFO - at java.base/java.lang.Thread.run(Thread.java:829)
[2024-11-02T01:06:51.975+0000] {spark_submit.py:579} INFO - 
[2024-11-02T01:06:51.975+0000] {spark_submit.py:579} INFO - ERROR:root:Traceback (most recent call last):
[2024-11-02T01:06:51.975+0000] {spark_submit.py:579} INFO - File "/opt/***/jobs/python/test_merge.py", line 238, in merge_data
[2024-11-02T01:06:51.975+0000] {spark_submit.py:579} INFO - logging.info(keywords_df.show(1))
[2024-11-02T01:06:51.976+0000] {spark_submit.py:579} INFO - ^^^^^^^^^^^^^^^^^^^
[2024-11-02T01:06:51.976+0000] {spark_submit.py:579} INFO - File "/home/***/.local/lib/python3.11/site-packages/pyspark/python/lib/pyspark.zip/pyspark/sql/dataframe.py", line 901, in show
[2024-11-02T01:06:51.976+0000] {spark_submit.py:579} INFO - print(self._jdf.showString(n, 20, vertical))
[2024-11-02T01:06:51.976+0000] {spark_submit.py:579} INFO - ^^^^^^^^^^^^^^^^^^^^^^^^^^^^^^^^^^^^^
[2024-11-02T01:06:51.977+0000] {spark_submit.py:579} INFO - File "/home/***/.local/lib/python3.11/site-packages/pyspark/python/lib/py4j-0.10.9.7-src.zip/py4j/java_gateway.py", line 1322, in __call__
[2024-11-02T01:06:51.977+0000] {spark_submit.py:579} INFO - return_value = get_return_value(
[2024-11-02T01:06:51.977+0000] {spark_submit.py:579} INFO - ^^^^^^^^^^^^^^^^^
[2024-11-02T01:06:51.978+0000] {spark_submit.py:579} INFO - File "/home/***/.local/lib/python3.11/site-packages/pyspark/python/lib/pyspark.zip/pyspark/errors/exceptions/captured.py", line 169, in deco
[2024-11-02T01:06:51.978+0000] {spark_submit.py:579} INFO - return f(*a, **kw)
[2024-11-02T01:06:51.978+0000] {spark_submit.py:579} INFO - ^^^^^^^^^^^
[2024-11-02T01:06:51.979+0000] {spark_submit.py:579} INFO - File "/home/***/.local/lib/python3.11/site-packages/pyspark/python/lib/py4j-0.10.9.7-src.zip/py4j/protocol.py", line 326, in get_return_value
[2024-11-02T01:06:51.979+0000] {spark_submit.py:579} INFO - raise Py4JJavaError(
[2024-11-02T01:06:51.979+0000] {spark_submit.py:579} INFO - py4j.protocol.Py4JJavaError: An error occurred while calling o64.showString.
[2024-11-02T01:06:51.979+0000] {spark_submit.py:579} INFO - : java.lang.IllegalStateException: Cannot call methods on a stopped SparkContext.
[2024-11-02T01:06:51.980+0000] {spark_submit.py:579} INFO - This stopped SparkContext was created at:
[2024-11-02T01:06:51.980+0000] {spark_submit.py:579} INFO - 
[2024-11-02T01:06:51.980+0000] {spark_submit.py:579} INFO - org.apache.spark.api.java.JavaSparkContext.<init>(JavaSparkContext.scala:58)
[2024-11-02T01:06:51.980+0000] {spark_submit.py:579} INFO - java.base/jdk.internal.reflect.NativeConstructorAccessorImpl.newInstance0(Native Method)
[2024-11-02T01:06:51.981+0000] {spark_submit.py:579} INFO - java.base/jdk.internal.reflect.NativeConstructorAccessorImpl.newInstance(NativeConstructorAccessorImpl.java:62)
[2024-11-02T01:06:51.981+0000] {spark_submit.py:579} INFO - java.base/jdk.internal.reflect.DelegatingConstructorAccessorImpl.newInstance(DelegatingConstructorAccessorImpl.java:45)
[2024-11-02T01:06:51.981+0000] {spark_submit.py:579} INFO - java.base/java.lang.reflect.Constructor.newInstance(Constructor.java:490)
[2024-11-02T01:06:51.981+0000] {spark_submit.py:579} INFO - py4j.reflection.MethodInvoker.invoke(MethodInvoker.java:247)
[2024-11-02T01:06:51.982+0000] {spark_submit.py:579} INFO - py4j.reflection.ReflectionEngine.invoke(ReflectionEngine.java:374)
[2024-11-02T01:06:51.982+0000] {spark_submit.py:579} INFO - py4j.Gateway.invoke(Gateway.java:238)
[2024-11-02T01:06:51.982+0000] {spark_submit.py:579} INFO - py4j.commands.ConstructorCommand.invokeConstructor(ConstructorCommand.java:80)
[2024-11-02T01:06:51.983+0000] {spark_submit.py:579} INFO - py4j.commands.ConstructorCommand.execute(ConstructorCommand.java:69)
[2024-11-02T01:06:51.983+0000] {spark_submit.py:579} INFO - py4j.ClientServerConnection.waitForCommands(ClientServerConnection.java:182)
[2024-11-02T01:06:51.983+0000] {spark_submit.py:579} INFO - py4j.ClientServerConnection.run(ClientServerConnection.java:106)
[2024-11-02T01:06:51.983+0000] {spark_submit.py:579} INFO - java.base/java.lang.Thread.run(Thread.java:829)
[2024-11-02T01:06:51.984+0000] {spark_submit.py:579} INFO - 
[2024-11-02T01:06:51.984+0000] {spark_submit.py:579} INFO - The currently active SparkContext was created at:
[2024-11-02T01:06:51.984+0000] {spark_submit.py:579} INFO - 
[2024-11-02T01:06:51.984+0000] {spark_submit.py:579} INFO - (No active SparkContext.)
[2024-11-02T01:06:51.985+0000] {spark_submit.py:579} INFO - 
[2024-11-02T01:06:51.985+0000] {spark_submit.py:579} INFO - at org.apache.spark.SparkContext.assertNotStopped(SparkContext.scala:120)
[2024-11-02T01:06:51.985+0000] {spark_submit.py:579} INFO - at org.apache.spark.SparkContext.defaultParallelism(SparkContext.scala:2559)
[2024-11-02T01:06:51.985+0000] {spark_submit.py:579} INFO - at org.apache.spark.sql.execution.adaptive.CoalesceShufflePartitions.$anonfun$apply$1(CoalesceShufflePartitions.scala:60)
[2024-11-02T01:06:51.986+0000] {spark_submit.py:579} INFO - at scala.runtime.java8.JFunction0$mcI$sp.apply(JFunction0$mcI$sp.java:23)
[2024-11-02T01:06:51.986+0000] {spark_submit.py:579} INFO - at scala.Option.getOrElse(Option.scala:189)
[2024-11-02T01:06:51.986+0000] {spark_submit.py:579} INFO - at org.apache.spark.sql.execution.adaptive.CoalesceShufflePartitions.apply(CoalesceShufflePartitions.scala:57)
[2024-11-02T01:06:51.986+0000] {spark_submit.py:579} INFO - at org.apache.spark.sql.execution.adaptive.CoalesceShufflePartitions.apply(CoalesceShufflePartitions.scala:33)
[2024-11-02T01:06:51.987+0000] {spark_submit.py:579} INFO - at org.apache.spark.sql.execution.adaptive.AdaptiveSparkPlanExec.$anonfun$optimizeQueryStage$2(AdaptiveSparkPlanExec.scala:163)
[2024-11-02T01:06:51.987+0000] {spark_submit.py:579} INFO - at scala.collection.LinearSeqOptimized.foldLeft(LinearSeqOptimized.scala:126)
[2024-11-02T01:06:51.987+0000] {spark_submit.py:579} INFO - at scala.collection.LinearSeqOptimized.foldLeft$(LinearSeqOptimized.scala:122)
[2024-11-02T01:06:51.987+0000] {spark_submit.py:579} INFO - at scala.collection.immutable.List.foldLeft(List.scala:91)
[2024-11-02T01:06:51.987+0000] {spark_submit.py:579} INFO - at org.apache.spark.sql.execution.adaptive.AdaptiveSparkPlanExec.optimizeQueryStage(AdaptiveSparkPlanExec.scala:162)
[2024-11-02T01:06:51.988+0000] {spark_submit.py:579} INFO - at org.apache.spark.sql.execution.adaptive.AdaptiveSparkPlanExec.newQueryStage(AdaptiveSparkPlanExec.scala:545)
[2024-11-02T01:06:51.988+0000] {spark_submit.py:579} INFO - at org.apache.spark.sql.execution.adaptive.AdaptiveSparkPlanExec.createQueryStages(AdaptiveSparkPlanExec.scala:506)
[2024-11-02T01:06:51.988+0000] {spark_submit.py:579} INFO - at org.apache.spark.sql.execution.adaptive.AdaptiveSparkPlanExec.$anonfun$createQueryStages$2(AdaptiveSparkPlanExec.scala:536)
[2024-11-02T01:06:51.989+0000] {spark_submit.py:579} INFO - at scala.collection.TraversableLike.$anonfun$map$1(TraversableLike.scala:286)
[2024-11-02T01:06:51.989+0000] {spark_submit.py:579} INFO - at scala.collection.Iterator.foreach(Iterator.scala:943)
[2024-11-02T01:06:51.989+0000] {spark_submit.py:579} INFO - at scala.collection.Iterator.foreach$(Iterator.scala:943)
[2024-11-02T01:06:51.989+0000] {spark_submit.py:579} INFO - at scala.collection.AbstractIterator.foreach(Iterator.scala:1431)
[2024-11-02T01:06:51.990+0000] {spark_submit.py:579} INFO - at scala.collection.IterableLike.foreach(IterableLike.scala:74)
[2024-11-02T01:06:51.990+0000] {spark_submit.py:579} INFO - at scala.collection.IterableLike.foreach$(IterableLike.scala:73)
[2024-11-02T01:06:51.990+0000] {spark_submit.py:579} INFO - at scala.collection.AbstractIterable.foreach(Iterable.scala:56)
[2024-11-02T01:06:51.990+0000] {spark_submit.py:579} INFO - at scala.collection.TraversableLike.map(TraversableLike.scala:286)
[2024-11-02T01:06:51.990+0000] {spark_submit.py:579} INFO - at scala.collection.TraversableLike.map$(TraversableLike.scala:279)
[2024-11-02T01:06:51.991+0000] {spark_submit.py:579} INFO - at scala.collection.AbstractTraversable.map(Traversable.scala:108)
[2024-11-02T01:06:51.991+0000] {spark_submit.py:579} INFO - at org.apache.spark.sql.execution.adaptive.AdaptiveSparkPlanExec.createQueryStages(AdaptiveSparkPlanExec.scala:536)
[2024-11-02T01:06:51.991+0000] {spark_submit.py:579} INFO - at org.apache.spark.sql.execution.adaptive.AdaptiveSparkPlanExec.$anonfun$createQueryStages$2(AdaptiveSparkPlanExec.scala:536)
[2024-11-02T01:06:51.991+0000] {spark_submit.py:579} INFO - at scala.collection.TraversableLike.$anonfun$map$1(TraversableLike.scala:286)
[2024-11-02T01:06:51.992+0000] {spark_submit.py:579} INFO - at scala.collection.Iterator.foreach(Iterator.scala:943)
[2024-11-02T01:06:51.992+0000] {spark_submit.py:579} INFO - at scala.collection.Iterator.foreach$(Iterator.scala:943)
[2024-11-02T01:06:51.992+0000] {spark_submit.py:579} INFO - at scala.collection.AbstractIterator.foreach(Iterator.scala:1431)
[2024-11-02T01:06:51.992+0000] {spark_submit.py:579} INFO - at scala.collection.IterableLike.foreach(IterableLike.scala:74)
[2024-11-02T01:06:51.993+0000] {spark_submit.py:579} INFO - at scala.collection.IterableLike.foreach$(IterableLike.scala:73)
[2024-11-02T01:06:51.993+0000] {spark_submit.py:579} INFO - at scala.collection.AbstractIterable.foreach(Iterable.scala:56)
[2024-11-02T01:06:51.993+0000] {spark_submit.py:579} INFO - at scala.collection.TraversableLike.map(TraversableLike.scala:286)
[2024-11-02T01:06:51.993+0000] {spark_submit.py:579} INFO - at scala.collection.TraversableLike.map$(TraversableLike.scala:279)
[2024-11-02T01:06:51.994+0000] {spark_submit.py:579} INFO - at scala.collection.AbstractTraversable.map(Traversable.scala:108)
[2024-11-02T01:06:51.994+0000] {spark_submit.py:579} INFO - at org.apache.spark.sql.execution.adaptive.AdaptiveSparkPlanExec.createQueryStages(AdaptiveSparkPlanExec.scala:536)
[2024-11-02T01:06:51.994+0000] {spark_submit.py:579} INFO - at org.apache.spark.sql.execution.adaptive.AdaptiveSparkPlanExec.$anonfun$getFinalPhysicalPlan$1(AdaptiveSparkPlanExec.scala:247)
[2024-11-02T01:06:51.994+0000] {spark_submit.py:579} INFO - at org.apache.spark.sql.SparkSession.withActive(SparkSession.scala:827)
[2024-11-02T01:06:51.994+0000] {spark_submit.py:579} INFO - at org.apache.spark.sql.execution.adaptive.AdaptiveSparkPlanExec.getFinalPhysicalPlan(AdaptiveSparkPlanExec.scala:242)
[2024-11-02T01:06:51.995+0000] {spark_submit.py:579} INFO - at org.apache.spark.sql.execution.adaptive.AdaptiveSparkPlanExec.withFinalPlanUpdate(AdaptiveSparkPlanExec.scala:387)
[2024-11-02T01:06:51.995+0000] {spark_submit.py:579} INFO - at org.apache.spark.sql.execution.adaptive.AdaptiveSparkPlanExec.executeCollect(AdaptiveSparkPlanExec.scala:360)
[2024-11-02T01:06:51.995+0000] {spark_submit.py:579} INFO - at org.apache.spark.sql.Dataset.collectFromPlan(Dataset.scala:4218)
[2024-11-02T01:06:51.995+0000] {spark_submit.py:579} INFO - at org.apache.spark.sql.Dataset.$anonfun$head$1(Dataset.scala:3202)
[2024-11-02T01:06:51.996+0000] {spark_submit.py:579} INFO - at org.apache.spark.sql.Dataset.$anonfun$withAction$2(Dataset.scala:4208)
[2024-11-02T01:06:51.996+0000] {spark_submit.py:579} INFO - at org.apache.spark.sql.execution.QueryExecution$.withInternalError(QueryExecution.scala:526)
[2024-11-02T01:06:51.996+0000] {spark_submit.py:579} INFO - at org.apache.spark.sql.Dataset.$anonfun$withAction$1(Dataset.scala:4206)
[2024-11-02T01:06:51.996+0000] {spark_submit.py:579} INFO - at org.apache.spark.sql.execution.SQLExecution$.$anonfun$withNewExecutionId$6(SQLExecution.scala:118)
[2024-11-02T01:06:51.997+0000] {spark_submit.py:579} INFO - at org.apache.spark.sql.execution.SQLExecution$.withSQLConfPropagated(SQLExecution.scala:195)
[2024-11-02T01:06:51.997+0000] {spark_submit.py:579} INFO - at org.apache.spark.sql.execution.SQLExecution$.$anonfun$withNewExecutionId$1(SQLExecution.scala:103)
[2024-11-02T01:06:51.997+0000] {spark_submit.py:579} INFO - at org.apache.spark.sql.SparkSession.withActive(SparkSession.scala:827)
[2024-11-02T01:06:51.997+0000] {spark_submit.py:579} INFO - at org.apache.spark.sql.execution.SQLExecution$.withNewExecutionId(SQLExecution.scala:65)
[2024-11-02T01:06:51.997+0000] {spark_submit.py:579} INFO - at org.apache.spark.sql.Dataset.withAction(Dataset.scala:4206)
[2024-11-02T01:06:51.998+0000] {spark_submit.py:579} INFO - at org.apache.spark.sql.Dataset.head(Dataset.scala:3202)
[2024-11-02T01:06:51.998+0000] {spark_submit.py:579} INFO - at org.apache.spark.sql.Dataset.take(Dataset.scala:3423)
[2024-11-02T01:06:51.999+0000] {spark_submit.py:579} INFO - at org.apache.spark.sql.Dataset.getRows(Dataset.scala:283)
[2024-11-02T01:06:51.999+0000] {spark_submit.py:579} INFO - at org.apache.spark.sql.Dataset.showString(Dataset.scala:322)
[2024-11-02T01:06:51.999+0000] {spark_submit.py:579} INFO - at java.base/jdk.internal.reflect.NativeMethodAccessorImpl.invoke0(Native Method)
[2024-11-02T01:06:52.000+0000] {spark_submit.py:579} INFO - at java.base/jdk.internal.reflect.NativeMethodAccessorImpl.invoke(NativeMethodAccessorImpl.java:62)
[2024-11-02T01:06:52.000+0000] {spark_submit.py:579} INFO - at java.base/jdk.internal.reflect.DelegatingMethodAccessorImpl.invoke(DelegatingMethodAccessorImpl.java:43)
[2024-11-02T01:06:52.000+0000] {spark_submit.py:579} INFO - at java.base/java.lang.reflect.Method.invoke(Method.java:566)
[2024-11-02T01:06:52.000+0000] {spark_submit.py:579} INFO - at py4j.reflection.MethodInvoker.invoke(MethodInvoker.java:244)
[2024-11-02T01:06:52.001+0000] {spark_submit.py:579} INFO - at py4j.reflection.ReflectionEngine.invoke(ReflectionEngine.java:374)
[2024-11-02T01:06:52.001+0000] {spark_submit.py:579} INFO - at py4j.Gateway.invoke(Gateway.java:282)
[2024-11-02T01:06:52.001+0000] {spark_submit.py:579} INFO - at py4j.commands.AbstractCommand.invokeMethod(AbstractCommand.java:132)
[2024-11-02T01:06:52.001+0000] {spark_submit.py:579} INFO - at py4j.commands.CallCommand.execute(CallCommand.java:79)
[2024-11-02T01:06:52.001+0000] {spark_submit.py:579} INFO - at py4j.ClientServerConnection.waitForCommands(ClientServerConnection.java:182)
[2024-11-02T01:06:52.002+0000] {spark_submit.py:579} INFO - at py4j.ClientServerConnection.run(ClientServerConnection.java:106)
[2024-11-02T01:06:52.002+0000] {spark_submit.py:579} INFO - at java.base/java.lang.Thread.run(Thread.java:829)
[2024-11-02T01:06:52.002+0000] {spark_submit.py:579} INFO - 
[2024-11-02T01:06:52.003+0000] {spark_submit.py:579} INFO - 
[2024-11-02T01:06:52.014+0000] {spark_submit.py:579} INFO - 24/11/02 01:06:52 INFO ShutdownHookManager: Shutdown hook called
[2024-11-02T01:06:52.015+0000] {spark_submit.py:579} INFO - 24/11/02 01:06:52 INFO ShutdownHookManager: Deleting directory /tmp/spark-8effc2a2-05c1-4c14-82cf-27f8916e487f
[2024-11-02T01:06:52.020+0000] {spark_submit.py:579} INFO - 24/11/02 01:06:52 INFO ShutdownHookManager: Deleting directory /tmp/spark-be62b158-c16f-49f6-a25c-8e5bfcf5cd18/pyspark-c6863d8e-f0c3-4334-b25a-e002bd3d693e
[2024-11-02T01:06:52.024+0000] {spark_submit.py:579} INFO - 24/11/02 01:06:52 INFO ShutdownHookManager: Deleting directory /tmp/spark-be62b158-c16f-49f6-a25c-8e5bfcf5cd18/pyspark-95333767-b6d2-42d4-a2a3-d669d9ec615f
[2024-11-02T01:06:52.028+0000] {spark_submit.py:579} INFO - 24/11/02 01:06:52 INFO ShutdownHookManager: Deleting directory /tmp/spark-be62b158-c16f-49f6-a25c-8e5bfcf5cd18/pyspark-413c2d5c-a772-4088-a455-92a10f162b53
[2024-11-02T01:06:52.032+0000] {spark_submit.py:579} INFO - 24/11/02 01:06:52 INFO ShutdownHookManager: Deleting directory /tmp/spark-be62b158-c16f-49f6-a25c-8e5bfcf5cd18
[2024-11-02T01:06:52.040+0000] {spark_submit.py:579} INFO - 24/11/02 01:06:52 INFO MetricsSystemImpl: Stopping s3a-file-system metrics system...
[2024-11-02T01:06:52.041+0000] {spark_submit.py:579} INFO - 24/11/02 01:06:52 INFO MetricsSystemImpl: s3a-file-system metrics system stopped.
[2024-11-02T01:06:52.041+0000] {spark_submit.py:579} INFO - 24/11/02 01:06:52 INFO MetricsSystemImpl: s3a-file-system metrics system shutdown complete.
[2024-11-02T01:06:52.109+0000] {taskinstance.py:1935} ERROR - Task failed with exception
Traceback (most recent call last):
  File "/home/airflow/.local/lib/python3.11/site-packages/airflow/providers/apache/spark/operators/spark_submit.py", line 174, in execute
    self._hook.submit(self.application)
  File "/home/airflow/.local/lib/python3.11/site-packages/airflow/providers/apache/spark/hooks/spark_submit.py", line 505, in submit
    raise AirflowException(
airflow.exceptions.AirflowException: Cannot execute: spark-submit --master spark://master:7077 --conf spark.sql.extensions=io.delta.sql.DeltaSparkSessionExtension --conf spark.sql.catalog.spark_catalog=org.apache.spark.sql.delta.catalog.DeltaCatalog --jars /opt/***/jars/hadoop-aws-3.3.4.jar,/opt/***/jars/s3-2.18.41.jar,/opt/***/jars/aws-java-sdk-1.12.367.jar,/opt/***/jars/delta-core_2.12-2.4.0.jar,/opt/***/jars/delta-storage-2.2.0.jar, --packages org.apache.hadoop:hadoop-aws:3.3.4 --num-executors 2 --total-executor-cores 2 --executor-cores 2 --executor-memory 2g --driver-memory 1g --name arrow-spark --deploy-mode client /opt/***/jobs/python/test_merge.py s3a://lakehouse/bronze/keywords.parquet s3a://lakehouse/bronze/movies.parquet s3a://lakehouse/bronze/credits.parquet s3a://lakehouse/silver/merged_data. Error code is: 1.
[2024-11-02T01:06:52.112+0000] {taskinstance.py:1398} INFO - Marking task as UP_FOR_RETRY. dag_id=mergeeeee, task_id=merge_id, execution_date=20241102T010620, start_date=20241102T010622, end_date=20241102T010652
[2024-11-02T01:06:52.126+0000] {standard_task_runner.py:104} ERROR - Failed to execute job 52 for task merge_id (Cannot execute: spark-submit --master spark://master:7077 --conf spark.sql.extensions=io.delta.sql.DeltaSparkSessionExtension --conf spark.sql.catalog.spark_catalog=org.apache.spark.sql.delta.catalog.DeltaCatalog --jars /opt/***/jars/hadoop-aws-3.3.4.jar,/opt/***/jars/s3-2.18.41.jar,/opt/***/jars/aws-java-sdk-1.12.367.jar,/opt/***/jars/delta-core_2.12-2.4.0.jar,/opt/***/jars/delta-storage-2.2.0.jar, --packages org.apache.hadoop:hadoop-aws:3.3.4 --num-executors 2 --total-executor-cores 2 --executor-cores 2 --executor-memory 2g --driver-memory 1g --name arrow-spark --deploy-mode client /opt/***/jobs/python/test_merge.py s3a://lakehouse/bronze/keywords.parquet s3a://lakehouse/bronze/movies.parquet s3a://lakehouse/bronze/credits.parquet s3a://lakehouse/silver/merged_data. Error code is: 1.; 7198)
[2024-11-02T01:06:52.164+0000] {local_task_job_runner.py:228} INFO - Task exited with return code 1
[2024-11-02T01:06:52.178+0000] {taskinstance.py:2776} INFO - 0 downstream tasks scheduled from follow-on schedule check
