[2024-10-04T14:14:41.813+0000] {taskinstance.py:1157} INFO - Dependencies all met for dep_context=non-requeueable deps ti=<TaskInstance: spark_processing_dag.silver_cleaned_keywords manual__2024-10-04T14:14:40.884029+00:00 [queued]>
[2024-10-04T14:14:41.820+0000] {taskinstance.py:1157} INFO - Dependencies all met for dep_context=requeueable deps ti=<TaskInstance: spark_processing_dag.silver_cleaned_keywords manual__2024-10-04T14:14:40.884029+00:00 [queued]>
[2024-10-04T14:14:41.820+0000] {taskinstance.py:1359} INFO - Starting attempt 1 of 2
[2024-10-04T14:14:41.831+0000] {taskinstance.py:1380} INFO - Executing <Task(SparkSubmitOperator): silver_cleaned_keywords> on 2024-10-04 14:14:40.884029+00:00
[2024-10-04T14:14:41.838+0000] {standard_task_runner.py:57} INFO - Started process 3414 to run task
[2024-10-04T14:14:41.840+0000] {standard_task_runner.py:84} INFO - Running: ['***', 'tasks', 'run', 'spark_processing_dag', 'silver_cleaned_keywords', 'manual__2024-10-04T14:14:40.884029+00:00', '--job-id', '66', '--raw', '--subdir', 'DAGS_FOLDER/sliver_layer.py', '--cfg-path', '/tmp/tmp_kgc_3ul']
[2024-10-04T14:14:41.842+0000] {standard_task_runner.py:85} INFO - Job 66: Subtask silver_cleaned_keywords
[2024-10-04T14:14:41.882+0000] {task_command.py:415} INFO - Running <TaskInstance: spark_processing_dag.silver_cleaned_keywords manual__2024-10-04T14:14:40.884029+00:00 [running]> on host 5d3c8cf16fd2
[2024-10-04T14:14:41.942+0000] {taskinstance.py:1660} INFO - Exporting env vars: AIRFLOW_CTX_DAG_OWNER='***' AIRFLOW_CTX_DAG_ID='spark_processing_dag' AIRFLOW_CTX_TASK_ID='silver_cleaned_keywords' AIRFLOW_CTX_EXECUTION_DATE='2024-10-04T14:14:40.884029+00:00' AIRFLOW_CTX_TRY_NUMBER='1' AIRFLOW_CTX_DAG_RUN_ID='manual__2024-10-04T14:14:40.884029+00:00'
[2024-10-04T14:14:41.949+0000] {base.py:73} INFO - Using connection ID 'spark-conn' for task execution.
[2024-10-04T14:14:41.951+0000] {spark_submit.py:403} INFO - Spark-Submit cmd: spark-submit --master spark://spark-master:7077 --conf spark.sql.extensions=io.delta.sql.DeltaSparkSessionExtension --conf spark.sql.catalog.spark_catalog=org.apache.spark.sql.delta.catalog.DeltaCatalog --jars /opt/***/jars/hadoop-aws-3.3.4.jar,/opt/***/jars/s3-2.18.41.jar,/opt/***/jars/aws-java-sdk-1.12.367.jar,/opt/***/jars/delta-core_2.12-2.2.0.jar,/opt/***/jars/delta-storage-2.2.0.jar,/opt/***/jars/mysql-connector-java-8.0.19.jar --packages org.apache.hadoop:hadoop-aws:3.3.4 --num-executors 2 --total-executor-cores 2 --executor-cores 2 --executor-memory 2g --driver-memory 1g --name arrow-spark --deploy-mode client /opt/***/jobs/python/test_Key.py s3a://lakehouse/bronze/keywords.parquet s3a://lakehouse/silver
[2024-10-04T14:14:42.029+0000] {spark_submit.py:579} INFO - /home/***/.local/lib/python3.11/site-packages/pyspark/bin/load-spark-env.sh: line 68: ps: command not found
[2024-10-04T14:14:43.708+0000] {spark_submit.py:579} INFO - :: loading settings :: url = jar:file:/home/***/.local/lib/python3.11/site-packages/pyspark/jars/ivy-2.5.1.jar!/org/apache/ivy/core/settings/ivysettings.xml
[2024-10-04T14:14:43.799+0000] {spark_submit.py:579} INFO - Ivy Default Cache set to: /home/***/.ivy2/cache
[2024-10-04T14:14:43.799+0000] {spark_submit.py:579} INFO - The jars for the packages stored in: /home/***/.ivy2/jars
[2024-10-04T14:14:43.806+0000] {spark_submit.py:579} INFO - org.apache.hadoop#hadoop-aws added as a dependency
[2024-10-04T14:14:43.807+0000] {spark_submit.py:579} INFO - :: resolving dependencies :: org.apache.spark#spark-submit-parent-d2bbbfa0-cfda-4bb7-967e-26bd87539eb2;1.0
[2024-10-04T14:14:43.807+0000] {spark_submit.py:579} INFO - confs: [default]
[2024-10-04T14:14:43.955+0000] {spark_submit.py:579} INFO - found org.apache.hadoop#hadoop-aws;3.3.4 in central
[2024-10-04T14:14:43.986+0000] {spark_submit.py:579} INFO - found com.amazonaws#aws-java-sdk-bundle;1.12.262 in central
[2024-10-04T14:14:44.010+0000] {spark_submit.py:579} INFO - found org.wildfly.openssl#wildfly-openssl;1.0.7.Final in central
[2024-10-04T14:14:44.038+0000] {spark_submit.py:579} INFO - :: resolution report :: resolve 219ms :: artifacts dl 11ms
[2024-10-04T14:14:44.040+0000] {spark_submit.py:579} INFO - :: modules in use:
[2024-10-04T14:14:44.040+0000] {spark_submit.py:579} INFO - com.amazonaws#aws-java-sdk-bundle;1.12.262 from central in [default]
[2024-10-04T14:14:44.041+0000] {spark_submit.py:579} INFO - org.apache.hadoop#hadoop-aws;3.3.4 from central in [default]
[2024-10-04T14:14:44.042+0000] {spark_submit.py:579} INFO - org.wildfly.openssl#wildfly-openssl;1.0.7.Final from central in [default]
[2024-10-04T14:14:44.042+0000] {spark_submit.py:579} INFO - ---------------------------------------------------------------------
[2024-10-04T14:14:44.042+0000] {spark_submit.py:579} INFO - |                  |            modules            ||   artifacts   |
[2024-10-04T14:14:44.042+0000] {spark_submit.py:579} INFO - |       conf       | number| search|dwnlded|evicted|| number|dwnlded|
[2024-10-04T14:14:44.043+0000] {spark_submit.py:579} INFO - ---------------------------------------------------------------------
[2024-10-04T14:14:44.043+0000] {spark_submit.py:579} INFO - |      default     |   3   |   0   |   0   |   0   ||   3   |   0   |
[2024-10-04T14:14:44.044+0000] {spark_submit.py:579} INFO - ---------------------------------------------------------------------
[2024-10-04T14:14:44.044+0000] {spark_submit.py:579} INFO - :: retrieving :: org.apache.spark#spark-submit-parent-d2bbbfa0-cfda-4bb7-967e-26bd87539eb2
[2024-10-04T14:14:44.045+0000] {spark_submit.py:579} INFO - confs: [default]
[2024-10-04T14:14:44.053+0000] {spark_submit.py:579} INFO - 0 artifacts copied, 3 already retrieved (0kB/8ms)
[2024-10-04T14:14:44.261+0000] {spark_submit.py:579} INFO - 24/10/04 14:14:44 WARN NativeCodeLoader: Unable to load native-hadoop library for your platform... using builtin-java classes where applicable
[2024-10-04T14:14:46.096+0000] {spark_submit.py:579} INFO - 24/10/04 14:14:46 INFO SparkContext: Running Spark version 3.5.1
[2024-10-04T14:14:46.096+0000] {spark_submit.py:579} INFO - 24/10/04 14:14:46 INFO SparkContext: OS info Linux, 5.15.153.1-microsoft-standard-WSL2, amd64
[2024-10-04T14:14:46.097+0000] {spark_submit.py:579} INFO - 24/10/04 14:14:46 INFO SparkContext: Java version 11.0.24
[2024-10-04T14:14:46.124+0000] {spark_submit.py:579} INFO - 24/10/04 14:14:46 INFO ResourceUtils: ==============================================================
[2024-10-04T14:14:46.125+0000] {spark_submit.py:579} INFO - 24/10/04 14:14:46 INFO ResourceUtils: No custom resources configured for spark.driver.
[2024-10-04T14:14:46.125+0000] {spark_submit.py:579} INFO - 24/10/04 14:14:46 INFO ResourceUtils: ==============================================================
[2024-10-04T14:14:46.125+0000] {spark_submit.py:579} INFO - 24/10/04 14:14:46 INFO SparkContext: Submitted application: CleanKeywords
[2024-10-04T14:14:46.170+0000] {spark_submit.py:579} INFO - 24/10/04 14:14:46 INFO ResourceProfile: Default ResourceProfile created, executor resources: Map(cores -> name: cores, amount: 2, script: , vendor: , memory -> name: memory, amount: 2048, script: , vendor: , offHeap -> name: offHeap, amount: 0, script: , vendor: ), task resources: Map(cpus -> name: cpus, amount: 1.0)
[2024-10-04T14:14:46.197+0000] {spark_submit.py:579} INFO - 24/10/04 14:14:46 INFO ResourceProfile: Limiting resource is cpus at 2 tasks per executor
[2024-10-04T14:14:46.200+0000] {spark_submit.py:579} INFO - 24/10/04 14:14:46 INFO ResourceProfileManager: Added ResourceProfile id: 0
[2024-10-04T14:14:46.305+0000] {spark_submit.py:579} INFO - 24/10/04 14:14:46 INFO SecurityManager: Changing view acls to: ***
[2024-10-04T14:14:46.306+0000] {spark_submit.py:579} INFO - 24/10/04 14:14:46 INFO SecurityManager: Changing modify acls to: ***
[2024-10-04T14:14:46.307+0000] {spark_submit.py:579} INFO - 24/10/04 14:14:46 INFO SecurityManager: Changing view acls groups to:
[2024-10-04T14:14:46.309+0000] {spark_submit.py:579} INFO - 24/10/04 14:14:46 INFO SecurityManager: Changing modify acls groups to:
[2024-10-04T14:14:46.310+0000] {spark_submit.py:579} INFO - 24/10/04 14:14:46 INFO SecurityManager: SecurityManager: authentication disabled; ui acls disabled; users with view permissions: ***; groups with view permissions: EMPTY; users with modify permissions: ***; groups with modify permissions: EMPTY
[2024-10-04T14:14:46.671+0000] {spark_submit.py:579} INFO - 24/10/04 14:14:46 INFO Utils: Successfully started service 'sparkDriver' on port 35037.
[2024-10-04T14:14:46.708+0000] {spark_submit.py:579} INFO - 24/10/04 14:14:46 INFO SparkEnv: Registering MapOutputTracker
[2024-10-04T14:14:46.744+0000] {spark_submit.py:579} INFO - 24/10/04 14:14:46 INFO SparkEnv: Registering BlockManagerMaster
[2024-10-04T14:14:46.767+0000] {spark_submit.py:579} INFO - 24/10/04 14:14:46 INFO BlockManagerMasterEndpoint: Using org.apache.spark.storage.DefaultTopologyMapper for getting topology information
[2024-10-04T14:14:46.768+0000] {spark_submit.py:579} INFO - 24/10/04 14:14:46 INFO BlockManagerMasterEndpoint: BlockManagerMasterEndpoint up
[2024-10-04T14:14:46.772+0000] {spark_submit.py:579} INFO - 24/10/04 14:14:46 INFO SparkEnv: Registering BlockManagerMasterHeartbeat
[2024-10-04T14:14:46.792+0000] {spark_submit.py:579} INFO - 24/10/04 14:14:46 INFO DiskBlockManager: Created local directory at /tmp/blockmgr-98adf647-785f-4248-967b-2c4629f9fe99
[2024-10-04T14:14:46.805+0000] {spark_submit.py:579} INFO - 24/10/04 14:14:46 INFO MemoryStore: MemoryStore started with capacity 434.4 MiB
[2024-10-04T14:14:46.819+0000] {spark_submit.py:579} INFO - 24/10/04 14:14:46 INFO SparkEnv: Registering OutputCommitCoordinator
[2024-10-04T14:14:46.931+0000] {spark_submit.py:579} INFO - 24/10/04 14:14:46 INFO JettyUtils: Start Jetty 0.0.0.0:4040 for SparkUI
[2024-10-04T14:14:47.006+0000] {spark_submit.py:579} INFO - 24/10/04 14:14:47 INFO Utils: Successfully started service 'SparkUI' on port 4040.
[2024-10-04T14:14:47.054+0000] {spark_submit.py:579} INFO - 24/10/04 14:14:47 INFO SparkContext: Added JAR file:///opt/***/jars/hadoop-aws-3.3.4.jar at spark://5d3c8cf16fd2:35037/jars/hadoop-aws-3.3.4.jar with timestamp 1728051286084
[2024-10-04T14:14:47.055+0000] {spark_submit.py:579} INFO - 24/10/04 14:14:47 INFO SparkContext: Added JAR file:///opt/***/jars/s3-2.18.41.jar at spark://5d3c8cf16fd2:35037/jars/s3-2.18.41.jar with timestamp 1728051286084
[2024-10-04T14:14:47.056+0000] {spark_submit.py:579} INFO - 24/10/04 14:14:47 INFO SparkContext: Added JAR file:///opt/***/jars/aws-java-sdk-1.12.367.jar at spark://5d3c8cf16fd2:35037/jars/aws-java-sdk-1.12.367.jar with timestamp 1728051286084
[2024-10-04T14:14:47.058+0000] {spark_submit.py:579} INFO - 24/10/04 14:14:47 INFO SparkContext: Added JAR file:///opt/***/jars/delta-core_2.12-2.2.0.jar at spark://5d3c8cf16fd2:35037/jars/delta-core_2.12-2.2.0.jar with timestamp 1728051286084
[2024-10-04T14:14:47.060+0000] {spark_submit.py:579} INFO - 24/10/04 14:14:47 INFO SparkContext: Added JAR file:///opt/***/jars/delta-storage-2.2.0.jar at spark://5d3c8cf16fd2:35037/jars/delta-storage-2.2.0.jar with timestamp 1728051286084
[2024-10-04T14:14:47.061+0000] {spark_submit.py:579} INFO - 24/10/04 14:14:47 INFO SparkContext: Added JAR file:///opt/***/jars/mysql-connector-java-8.0.19.jar at spark://5d3c8cf16fd2:35037/jars/mysql-connector-java-8.0.19.jar with timestamp 1728051286084
[2024-10-04T14:14:47.061+0000] {spark_submit.py:579} INFO - 24/10/04 14:14:47 INFO SparkContext: Added JAR file:///home/***/.ivy2/jars/org.apache.hadoop_hadoop-aws-3.3.4.jar at spark://5d3c8cf16fd2:35037/jars/org.apache.hadoop_hadoop-aws-3.3.4.jar with timestamp 1728051286084
[2024-10-04T14:14:47.062+0000] {spark_submit.py:579} INFO - 24/10/04 14:14:47 INFO SparkContext: Added JAR file:///home/***/.ivy2/jars/com.amazonaws_aws-java-sdk-bundle-1.12.262.jar at spark://5d3c8cf16fd2:35037/jars/com.amazonaws_aws-java-sdk-bundle-1.12.262.jar with timestamp 1728051286084
[2024-10-04T14:14:47.062+0000] {spark_submit.py:579} INFO - 24/10/04 14:14:47 INFO SparkContext: Added JAR file:///home/***/.ivy2/jars/org.wildfly.openssl_wildfly-openssl-1.0.7.Final.jar at spark://5d3c8cf16fd2:35037/jars/org.wildfly.openssl_wildfly-openssl-1.0.7.Final.jar with timestamp 1728051286084
[2024-10-04T14:14:47.065+0000] {spark_submit.py:579} INFO - 24/10/04 14:14:47 INFO SparkContext: Added file file:///home/***/.ivy2/jars/org.apache.hadoop_hadoop-aws-3.3.4.jar at spark://5d3c8cf16fd2:35037/files/org.apache.hadoop_hadoop-aws-3.3.4.jar with timestamp 1728051286084
[2024-10-04T14:14:47.067+0000] {spark_submit.py:579} INFO - 24/10/04 14:14:47 INFO Utils: Copying /home/***/.ivy2/jars/org.apache.hadoop_hadoop-aws-3.3.4.jar to /tmp/spark-e7118d68-f9b8-470f-b068-2fa79f721b7d/userFiles-cfebd578-db08-4733-ba64-33d457314f7d/org.apache.hadoop_hadoop-aws-3.3.4.jar
[2024-10-04T14:14:47.083+0000] {spark_submit.py:579} INFO - 24/10/04 14:14:47 INFO SparkContext: Added file file:///home/***/.ivy2/jars/com.amazonaws_aws-java-sdk-bundle-1.12.262.jar at spark://5d3c8cf16fd2:35037/files/com.amazonaws_aws-java-sdk-bundle-1.12.262.jar with timestamp 1728051286084
[2024-10-04T14:14:47.083+0000] {spark_submit.py:579} INFO - 24/10/04 14:14:47 INFO Utils: Copying /home/***/.ivy2/jars/com.amazonaws_aws-java-sdk-bundle-1.12.262.jar to /tmp/spark-e7118d68-f9b8-470f-b068-2fa79f721b7d/userFiles-cfebd578-db08-4733-ba64-33d457314f7d/com.amazonaws_aws-java-sdk-bundle-1.12.262.jar
[2024-10-04T14:14:47.686+0000] {spark_submit.py:579} INFO - 24/10/04 14:14:47 INFO SparkContext: Added file file:///home/***/.ivy2/jars/org.wildfly.openssl_wildfly-openssl-1.0.7.Final.jar at spark://5d3c8cf16fd2:35037/files/org.wildfly.openssl_wildfly-openssl-1.0.7.Final.jar with timestamp 1728051286084
[2024-10-04T14:14:47.687+0000] {spark_submit.py:579} INFO - 24/10/04 14:14:47 INFO Utils: Copying /home/***/.ivy2/jars/org.wildfly.openssl_wildfly-openssl-1.0.7.Final.jar to /tmp/spark-e7118d68-f9b8-470f-b068-2fa79f721b7d/userFiles-cfebd578-db08-4733-ba64-33d457314f7d/org.wildfly.openssl_wildfly-openssl-1.0.7.Final.jar
[2024-10-04T14:14:47.792+0000] {spark_submit.py:579} INFO - 24/10/04 14:14:47 INFO StandaloneAppClient$ClientEndpoint: Connecting to master spark://spark-master:7077...
[2024-10-04T14:14:47.833+0000] {spark_submit.py:579} INFO - 24/10/04 14:14:47 INFO TransportClientFactory: Successfully created connection to spark-master/172.18.0.6:7077 after 25 ms (0 ms spent in bootstraps)
[2024-10-04T14:14:47.971+0000] {spark_submit.py:579} INFO - 24/10/04 14:14:47 INFO StandaloneSchedulerBackend: Connected to Spark cluster with app ID app-20241004141447-0002
[2024-10-04T14:14:47.975+0000] {spark_submit.py:579} INFO - 24/10/04 14:14:47 INFO StandaloneAppClient$ClientEndpoint: Executor added: app-20241004141447-0002/0 on worker-20241004130902-172.18.0.3-33657 (172.18.0.3:33657) with 2 core(s)
[2024-10-04T14:14:47.977+0000] {spark_submit.py:579} INFO - 24/10/04 14:14:47 INFO StandaloneSchedulerBackend: Granted executor ID app-20241004141447-0002/0 on hostPort 172.18.0.3:33657 with 2 core(s), 2.0 GiB RAM
[2024-10-04T14:14:47.986+0000] {spark_submit.py:579} INFO - 24/10/04 14:14:47 INFO Utils: Successfully started service 'org.apache.spark.network.netty.NettyBlockTransferService' on port 39369.
[2024-10-04T14:14:47.987+0000] {spark_submit.py:579} INFO - 24/10/04 14:14:47 INFO NettyBlockTransferService: Server created on 5d3c8cf16fd2:39369
[2024-10-04T14:14:47.989+0000] {spark_submit.py:579} INFO - 24/10/04 14:14:47 INFO BlockManager: Using org.apache.spark.storage.RandomBlockReplicationPolicy for block replication policy
[2024-10-04T14:14:47.997+0000] {spark_submit.py:579} INFO - 24/10/04 14:14:47 INFO BlockManagerMaster: Registering BlockManager BlockManagerId(driver, 5d3c8cf16fd2, 39369, None)
[2024-10-04T14:14:48.001+0000] {spark_submit.py:579} INFO - 24/10/04 14:14:48 INFO BlockManagerMasterEndpoint: Registering block manager 5d3c8cf16fd2:39369 with 434.4 MiB RAM, BlockManagerId(driver, 5d3c8cf16fd2, 39369, None)
[2024-10-04T14:14:48.005+0000] {spark_submit.py:579} INFO - 24/10/04 14:14:48 INFO BlockManagerMaster: Registered BlockManager BlockManagerId(driver, 5d3c8cf16fd2, 39369, None)
[2024-10-04T14:14:48.007+0000] {spark_submit.py:579} INFO - 24/10/04 14:14:48 INFO BlockManager: Initialized BlockManager: BlockManagerId(driver, 5d3c8cf16fd2, 39369, None)
[2024-10-04T14:14:48.200+0000] {spark_submit.py:579} INFO - 24/10/04 14:14:48 INFO StandaloneAppClient$ClientEndpoint: Executor updated: app-20241004141447-0002/0 is now RUNNING
[2024-10-04T14:14:48.266+0000] {spark_submit.py:579} INFO - 24/10/04 14:14:48 INFO StandaloneSchedulerBackend: SchedulerBackend is ready for scheduling beginning after reached minRegisteredResourcesRatio: 0.0
[2024-10-04T14:14:48.477+0000] {spark_submit.py:579} INFO - 24/10/04 14:14:48 WARN SparkSession: Cannot use delta.sql.DeltaSparkSessionExtensions to configure session extensions.
[2024-10-04T14:14:48.478+0000] {spark_submit.py:579} INFO - java.lang.ClassNotFoundException: delta.sql.DeltaSparkSessionExtensions
[2024-10-04T14:14:48.478+0000] {spark_submit.py:579} INFO - at java.base/java.net.URLClassLoader.findClass(URLClassLoader.java:476)
[2024-10-04T14:14:48.479+0000] {spark_submit.py:579} INFO - at java.base/java.lang.ClassLoader.loadClass(ClassLoader.java:594)
[2024-10-04T14:14:48.479+0000] {spark_submit.py:579} INFO - at java.base/java.lang.ClassLoader.loadClass(ClassLoader.java:527)
[2024-10-04T14:14:48.479+0000] {spark_submit.py:579} INFO - at java.base/java.lang.Class.forName0(Native Method)
[2024-10-04T14:14:48.480+0000] {spark_submit.py:579} INFO - at java.base/java.lang.Class.forName(Class.java:398)
[2024-10-04T14:14:48.480+0000] {spark_submit.py:579} INFO - at org.apache.spark.util.SparkClassUtils.classForName(SparkClassUtils.scala:41)
[2024-10-04T14:14:48.480+0000] {spark_submit.py:579} INFO - at org.apache.spark.util.SparkClassUtils.classForName$(SparkClassUtils.scala:36)
[2024-10-04T14:14:48.480+0000] {spark_submit.py:579} INFO - at org.apache.spark.util.Utils$.classForName(Utils.scala:94)
[2024-10-04T14:14:48.481+0000] {spark_submit.py:579} INFO - at org.apache.spark.sql.SparkSession$.$anonfun$applyExtensions$2(SparkSession.scala:1367)
[2024-10-04T14:14:48.481+0000] {spark_submit.py:579} INFO - at org.apache.spark.sql.SparkSession$.$anonfun$applyExtensions$2$adapted(SparkSession.scala:1365)
[2024-10-04T14:14:48.481+0000] {spark_submit.py:579} INFO - at scala.collection.mutable.ResizableArray.foreach(ResizableArray.scala:62)
[2024-10-04T14:14:48.482+0000] {spark_submit.py:579} INFO - at scala.collection.mutable.ResizableArray.foreach$(ResizableArray.scala:55)
[2024-10-04T14:14:48.482+0000] {spark_submit.py:579} INFO - at scala.collection.mutable.ArrayBuffer.foreach(ArrayBuffer.scala:49)
[2024-10-04T14:14:48.482+0000] {spark_submit.py:579} INFO - at org.apache.spark.sql.SparkSession$.org$apache$spark$sql$SparkSession$$applyExtensions(SparkSession.scala:1365)
[2024-10-04T14:14:48.483+0000] {spark_submit.py:579} INFO - at org.apache.spark.sql.SparkSession.<init>(SparkSession.scala:105)
[2024-10-04T14:14:48.483+0000] {spark_submit.py:579} INFO - at java.base/jdk.internal.reflect.NativeConstructorAccessorImpl.newInstance0(Native Method)
[2024-10-04T14:14:48.483+0000] {spark_submit.py:579} INFO - at java.base/jdk.internal.reflect.NativeConstructorAccessorImpl.newInstance(NativeConstructorAccessorImpl.java:62)
[2024-10-04T14:14:48.483+0000] {spark_submit.py:579} INFO - at java.base/jdk.internal.reflect.DelegatingConstructorAccessorImpl.newInstance(DelegatingConstructorAccessorImpl.java:45)
[2024-10-04T14:14:48.484+0000] {spark_submit.py:579} INFO - at java.base/java.lang.reflect.Constructor.newInstance(Constructor.java:490)
[2024-10-04T14:14:48.484+0000] {spark_submit.py:579} INFO - at py4j.reflection.MethodInvoker.invoke(MethodInvoker.java:247)
[2024-10-04T14:14:48.484+0000] {spark_submit.py:579} INFO - at py4j.reflection.ReflectionEngine.invoke(ReflectionEngine.java:374)
[2024-10-04T14:14:48.485+0000] {spark_submit.py:579} INFO - at py4j.Gateway.invoke(Gateway.java:238)
[2024-10-04T14:14:48.485+0000] {spark_submit.py:579} INFO - at py4j.commands.ConstructorCommand.invokeConstructor(ConstructorCommand.java:80)
[2024-10-04T14:14:48.485+0000] {spark_submit.py:579} INFO - at py4j.commands.ConstructorCommand.execute(ConstructorCommand.java:69)
[2024-10-04T14:14:48.486+0000] {spark_submit.py:579} INFO - at py4j.ClientServerConnection.waitForCommands(ClientServerConnection.java:182)
[2024-10-04T14:14:48.486+0000] {spark_submit.py:579} INFO - at py4j.ClientServerConnection.run(ClientServerConnection.java:106)
[2024-10-04T14:14:48.487+0000] {spark_submit.py:579} INFO - at java.base/java.lang.Thread.run(Thread.java:829)
[2024-10-04T14:14:48.488+0000] {spark_submit.py:579} INFO - Reading data from s3a://lakehouse/bronze/keywords.parquet
[2024-10-04T14:14:48.498+0000] {spark_submit.py:579} INFO - 24/10/04 14:14:48 INFO SharedState: Setting hive.metastore.warehouse.dir ('null') to the value of spark.sql.warehouse.dir.
[2024-10-04T14:14:48.500+0000] {spark_submit.py:579} INFO - 24/10/04 14:14:48 INFO SharedState: Warehouse path is 'file:/opt/***/spark-warehouse'.
[2024-10-04T14:14:50.478+0000] {spark_submit.py:579} INFO - 24/10/04 14:14:50 WARN MetricsConfig: Cannot locate configuration: tried hadoop-metrics2-s3a-file-system.properties,hadoop-metrics2.properties
[2024-10-04T14:14:50.494+0000] {spark_submit.py:579} INFO - 24/10/04 14:14:50 INFO MetricsSystemImpl: Scheduled Metric snapshot period at 10 second(s).
[2024-10-04T14:14:50.494+0000] {spark_submit.py:579} INFO - 24/10/04 14:14:50 INFO MetricsSystemImpl: s3a-file-system metrics system started
[2024-10-04T14:14:51.274+0000] {spark_submit.py:579} INFO - 24/10/04 14:14:51 INFO StandaloneSchedulerBackend$StandaloneDriverEndpoint: Registered executor NettyRpcEndpointRef(spark-client://Executor) (172.18.0.3:55888) with ID 0,  ResourceProfileId 0
[2024-10-04T14:14:51.377+0000] {spark_submit.py:579} INFO - 24/10/04 14:14:51 INFO BlockManagerMasterEndpoint: Registering block manager 172.18.0.3:36471 with 1048.8 MiB RAM, BlockManagerId(0, 172.18.0.3, 36471, None)
[2024-10-04T14:28:05.335+0000] {spark_submit.py:579} INFO - 24/10/04 14:28:05 WARN FileStreamSink: Assume no metadata directory. Error while looking for metadata directory in the path: s3a://lakehouse/bronze/keywords.parquet.
[2024-10-04T14:28:05.336+0000] {spark_submit.py:579} INFO - org.apache.hadoop.fs.s3a.AWSClientIOException: getFileStatus on s3a://lakehouse/bronze/keywords.parquet: com.amazonaws.SdkClientException: Unable to execute HTTP request: lakehouse.minio: Name or service not known: Unable to execute HTTP request: lakehouse.minio: Name or service not known
[2024-10-04T14:28:05.336+0000] {spark_submit.py:579} INFO - at org.apache.hadoop.fs.s3a.S3AUtils.translateException(S3AUtils.java:214)
[2024-10-04T14:28:05.336+0000] {spark_submit.py:579} INFO - at org.apache.hadoop.fs.s3a.S3AUtils.translateException(S3AUtils.java:175)
[2024-10-04T14:28:05.337+0000] {spark_submit.py:579} INFO - at org.apache.hadoop.fs.s3a.S3AFileSystem.s3GetFileStatus(S3AFileSystem.java:3861)
[2024-10-04T14:28:05.337+0000] {spark_submit.py:579} INFO - at org.apache.hadoop.fs.s3a.S3AFileSystem.innerGetFileStatus(S3AFileSystem.java:3688)
[2024-10-04T14:28:05.338+0000] {spark_submit.py:579} INFO - at org.apache.hadoop.fs.s3a.S3AFileSystem.lambda$isDirectory$35(S3AFileSystem.java:4724)
[2024-10-04T14:28:05.338+0000] {spark_submit.py:579} INFO - at org.apache.hadoop.fs.statistics.impl.IOStatisticsBinding.lambda$trackDurationOfOperation$5(IOStatisticsBinding.java:499)
[2024-10-04T14:28:05.338+0000] {spark_submit.py:579} INFO - at org.apache.hadoop.fs.statistics.impl.IOStatisticsBinding.trackDuration(IOStatisticsBinding.java:444)
[2024-10-04T14:28:05.339+0000] {spark_submit.py:579} INFO - at org.apache.hadoop.fs.s3a.S3AFileSystem.trackDurationAndSpan(S3AFileSystem.java:2337)
[2024-10-04T14:28:05.340+0000] {spark_submit.py:579} INFO - at org.apache.hadoop.fs.s3a.S3AFileSystem.trackDurationAndSpan(S3AFileSystem.java:2356)
[2024-10-04T14:28:05.340+0000] {spark_submit.py:579} INFO - at org.apache.hadoop.fs.s3a.S3AFileSystem.isDirectory(S3AFileSystem.java:4722)
[2024-10-04T14:28:05.340+0000] {spark_submit.py:579} INFO - at org.apache.spark.sql.execution.streaming.FileStreamSink$.hasMetadata(FileStreamSink.scala:54)
[2024-10-04T14:28:05.341+0000] {spark_submit.py:579} INFO - at org.apache.spark.sql.execution.datasources.DataSource.resolveRelation(DataSource.scala:366)
[2024-10-04T14:28:05.341+0000] {spark_submit.py:579} INFO - at org.apache.spark.sql.DataFrameReader.loadV1Source(DataFrameReader.scala:229)
[2024-10-04T14:28:05.341+0000] {spark_submit.py:579} INFO - at org.apache.spark.sql.DataFrameReader.$anonfun$load$2(DataFrameReader.scala:211)
[2024-10-04T14:28:05.341+0000] {spark_submit.py:579} INFO - at scala.Option.getOrElse(Option.scala:189)
[2024-10-04T14:28:05.342+0000] {spark_submit.py:579} INFO - at org.apache.spark.sql.DataFrameReader.load(DataFrameReader.scala:211)
[2024-10-04T14:28:05.342+0000] {spark_submit.py:579} INFO - at org.apache.spark.sql.DataFrameReader.load(DataFrameReader.scala:186)
[2024-10-04T14:28:05.342+0000] {spark_submit.py:579} INFO - at java.base/jdk.internal.reflect.NativeMethodAccessorImpl.invoke0(Native Method)
[2024-10-04T14:28:05.342+0000] {spark_submit.py:579} INFO - at java.base/jdk.internal.reflect.NativeMethodAccessorImpl.invoke(NativeMethodAccessorImpl.java:62)
[2024-10-04T14:28:05.343+0000] {spark_submit.py:579} INFO - at java.base/jdk.internal.reflect.DelegatingMethodAccessorImpl.invoke(DelegatingMethodAccessorImpl.java:43)
[2024-10-04T14:28:05.343+0000] {spark_submit.py:579} INFO - at java.base/java.lang.reflect.Method.invoke(Method.java:566)
[2024-10-04T14:28:05.343+0000] {spark_submit.py:579} INFO - at py4j.reflection.MethodInvoker.invoke(MethodInvoker.java:244)
[2024-10-04T14:28:05.344+0000] {spark_submit.py:579} INFO - at py4j.reflection.ReflectionEngine.invoke(ReflectionEngine.java:374)
[2024-10-04T14:28:05.344+0000] {spark_submit.py:579} INFO - at py4j.Gateway.invoke(Gateway.java:282)
[2024-10-04T14:28:05.344+0000] {spark_submit.py:579} INFO - at py4j.commands.AbstractCommand.invokeMethod(AbstractCommand.java:132)
[2024-10-04T14:28:05.344+0000] {spark_submit.py:579} INFO - at py4j.commands.CallCommand.execute(CallCommand.java:79)
[2024-10-04T14:28:05.345+0000] {spark_submit.py:579} INFO - at py4j.ClientServerConnection.waitForCommands(ClientServerConnection.java:182)
[2024-10-04T14:28:05.345+0000] {spark_submit.py:579} INFO - at py4j.ClientServerConnection.run(ClientServerConnection.java:106)
[2024-10-04T14:28:05.345+0000] {spark_submit.py:579} INFO - at java.base/java.lang.Thread.run(Thread.java:829)
[2024-10-04T14:28:05.346+0000] {spark_submit.py:579} INFO - Caused by: com.amazonaws.SdkClientException: Unable to execute HTTP request: lakehouse.minio: Name or service not known
[2024-10-04T14:28:05.346+0000] {spark_submit.py:579} INFO - at com.amazonaws.http.AmazonHttpClient$RequestExecutor.handleRetryableException(AmazonHttpClient.java:1219)
[2024-10-04T14:28:05.354+0000] {spark_submit.py:579} INFO - at com.amazonaws.http.AmazonHttpClient$RequestExecutor.executeHelper(AmazonHttpClient.java:1165)
[2024-10-04T14:28:05.358+0000] {spark_submit.py:579} INFO - at com.amazonaws.http.AmazonHttpClient$RequestExecutor.doExecute(AmazonHttpClient.java:814)
[2024-10-04T14:28:05.358+0000] {spark_submit.py:579} INFO - at com.amazonaws.http.AmazonHttpClient$RequestExecutor.executeWithTimer(AmazonHttpClient.java:781)
[2024-10-04T14:28:05.359+0000] {spark_submit.py:579} INFO - at com.amazonaws.http.AmazonHttpClient$RequestExecutor.execute(AmazonHttpClient.java:755)
[2024-10-04T14:28:05.359+0000] {spark_submit.py:579} INFO - at com.amazonaws.http.AmazonHttpClient$RequestExecutor.access$500(AmazonHttpClient.java:715)
[2024-10-04T14:28:05.360+0000] {spark_submit.py:579} INFO - at com.amazonaws.http.AmazonHttpClient$RequestExecutionBuilderImpl.execute(AmazonHttpClient.java:697)
[2024-10-04T14:28:05.360+0000] {spark_submit.py:579} INFO - at com.amazonaws.http.AmazonHttpClient.execute(AmazonHttpClient.java:561)
[2024-10-04T14:28:05.361+0000] {spark_submit.py:579} INFO - at com.amazonaws.http.AmazonHttpClient.execute(AmazonHttpClient.java:541)
[2024-10-04T14:28:05.361+0000] {spark_submit.py:579} INFO - at com.amazonaws.services.s3.AmazonS3Client.invoke(AmazonS3Client.java:5456)
[2024-10-04T14:28:05.362+0000] {spark_submit.py:579} INFO - at com.amazonaws.services.s3.AmazonS3Client.invoke(AmazonS3Client.java:5403)
[2024-10-04T14:28:05.362+0000] {spark_submit.py:579} INFO - at com.amazonaws.services.s3.AmazonS3Client.invoke(AmazonS3Client.java:5397)
[2024-10-04T14:28:05.362+0000] {spark_submit.py:579} INFO - at com.amazonaws.services.s3.AmazonS3Client.listObjectsV2(AmazonS3Client.java:971)
[2024-10-04T14:28:05.362+0000] {spark_submit.py:579} INFO - at org.apache.hadoop.fs.s3a.S3AFileSystem.lambda$listObjects$11(S3AFileSystem.java:2595)
[2024-10-04T14:28:05.363+0000] {spark_submit.py:579} INFO - at org.apache.hadoop.fs.statistics.impl.IOStatisticsBinding.lambda$trackDurationOfOperation$5(IOStatisticsBinding.java:499)
[2024-10-04T14:28:05.363+0000] {spark_submit.py:579} INFO - at org.apache.hadoop.fs.s3a.Invoker.retryUntranslated(Invoker.java:414)
[2024-10-04T14:28:05.363+0000] {spark_submit.py:579} INFO - at org.apache.hadoop.fs.s3a.Invoker.retryUntranslated(Invoker.java:377)
[2024-10-04T14:28:05.363+0000] {spark_submit.py:579} INFO - at org.apache.hadoop.fs.s3a.S3AFileSystem.listObjects(S3AFileSystem.java:2586)
[2024-10-04T14:28:05.364+0000] {spark_submit.py:579} INFO - at org.apache.hadoop.fs.s3a.S3AFileSystem.s3GetFileStatus(S3AFileSystem.java:3832)
[2024-10-04T14:28:05.364+0000] {spark_submit.py:579} INFO - ... 26 more
[2024-10-04T14:28:05.364+0000] {spark_submit.py:579} INFO - Caused by: java.net.UnknownHostException: lakehouse.minio: Name or service not known
[2024-10-04T14:28:05.364+0000] {spark_submit.py:579} INFO - at java.base/java.net.Inet6AddressImpl.lookupAllHostAddr(Native Method)
[2024-10-04T14:28:05.364+0000] {spark_submit.py:579} INFO - at java.base/java.net.InetAddress$PlatformNameService.lookupAllHostAddr(InetAddress.java:930)
[2024-10-04T14:28:05.365+0000] {spark_submit.py:579} INFO - at java.base/java.net.InetAddress.getAddressesFromNameService(InetAddress.java:1543)
[2024-10-04T14:28:05.365+0000] {spark_submit.py:579} INFO - at java.base/java.net.InetAddress$NameServiceAddresses.get(InetAddress.java:848)
[2024-10-04T14:28:05.365+0000] {spark_submit.py:579} INFO - at java.base/java.net.InetAddress.getAllByName0(InetAddress.java:1533)
[2024-10-04T14:28:05.365+0000] {spark_submit.py:579} INFO - at java.base/java.net.InetAddress.getAllByName(InetAddress.java:1386)
[2024-10-04T14:28:05.366+0000] {spark_submit.py:579} INFO - at java.base/java.net.InetAddress.getAllByName(InetAddress.java:1307)
[2024-10-04T14:28:05.366+0000] {spark_submit.py:579} INFO - at com.amazonaws.SystemDefaultDnsResolver.resolve(SystemDefaultDnsResolver.java:27)
[2024-10-04T14:28:05.366+0000] {spark_submit.py:579} INFO - at com.amazonaws.http.DelegatingDnsResolver.resolve(DelegatingDnsResolver.java:38)
[2024-10-04T14:28:05.367+0000] {spark_submit.py:579} INFO - at com.amazonaws.thirdparty.apache.http.impl.conn.DefaultHttpClientConnectionOperator.connect(DefaultHttpClientConnectionOperator.java:112)
[2024-10-04T14:28:05.367+0000] {spark_submit.py:579} INFO - at com.amazonaws.thirdparty.apache.http.impl.conn.PoolingHttpClientConnectionManager.connect(PoolingHttpClientConnectionManager.java:376)
[2024-10-04T14:28:05.367+0000] {spark_submit.py:579} INFO - at jdk.internal.reflect.GeneratedMethodAccessor23.invoke(Unknown Source)
[2024-10-04T14:28:05.368+0000] {spark_submit.py:579} INFO - at java.base/jdk.internal.reflect.DelegatingMethodAccessorImpl.invoke(DelegatingMethodAccessorImpl.java:43)
[2024-10-04T14:28:05.368+0000] {spark_submit.py:579} INFO - at java.base/java.lang.reflect.Method.invoke(Method.java:566)
[2024-10-04T14:28:05.369+0000] {spark_submit.py:579} INFO - at com.amazonaws.http.conn.ClientConnectionManagerFactory$Handler.invoke(ClientConnectionManagerFactory.java:76)
[2024-10-04T14:28:05.369+0000] {spark_submit.py:579} INFO - at com.amazonaws.http.conn.$Proxy33.connect(Unknown Source)
[2024-10-04T14:28:05.369+0000] {spark_submit.py:579} INFO - at com.amazonaws.thirdparty.apache.http.impl.execchain.MainClientExec.establishRoute(MainClientExec.java:393)
[2024-10-04T14:28:05.370+0000] {spark_submit.py:579} INFO - at com.amazonaws.thirdparty.apache.http.impl.execchain.MainClientExec.execute(MainClientExec.java:236)
[2024-10-04T14:28:05.370+0000] {spark_submit.py:579} INFO - at com.amazonaws.thirdparty.apache.http.impl.execchain.ProtocolExec.execute(ProtocolExec.java:186)
[2024-10-04T14:28:05.370+0000] {spark_submit.py:579} INFO - at com.amazonaws.thirdparty.apache.http.impl.client.InternalHttpClient.doExecute(InternalHttpClient.java:185)
[2024-10-04T14:28:05.371+0000] {spark_submit.py:579} INFO - at com.amazonaws.thirdparty.apache.http.impl.client.CloseableHttpClient.execute(CloseableHttpClient.java:83)
[2024-10-04T14:28:05.371+0000] {spark_submit.py:579} INFO - at com.amazonaws.thirdparty.apache.http.impl.client.CloseableHttpClient.execute(CloseableHttpClient.java:56)
[2024-10-04T14:28:05.371+0000] {spark_submit.py:579} INFO - at com.amazonaws.http.apache.client.impl.SdkHttpClient.execute(SdkHttpClient.java:72)
[2024-10-04T14:28:05.372+0000] {spark_submit.py:579} INFO - at com.amazonaws.http.AmazonHttpClient$RequestExecutor.executeOneRequest(AmazonHttpClient.java:1346)
[2024-10-04T14:28:05.372+0000] {spark_submit.py:579} INFO - at com.amazonaws.http.AmazonHttpClient$RequestExecutor.executeHelper(AmazonHttpClient.java:1157)
[2024-10-04T14:28:05.372+0000] {spark_submit.py:579} INFO - ... 43 more
[2024-10-04T14:30:14.325+0000] {spark_submit.py:579} INFO - Error during cleaning process: An error occurred while calling o50.load.
[2024-10-04T14:30:14.327+0000] {spark_submit.py:579} INFO - : org.apache.hadoop.fs.s3a.AWSClientIOException: getFileStatus on s3a://lakehouse/bronze/keywords.parquet: com.amazonaws.SdkClientException: Unable to execute HTTP request: lakehouse.minio: Name or service not known: Unable to execute HTTP request: lakehouse.minio: Name or service not known
[2024-10-04T14:30:14.327+0000] {spark_submit.py:579} INFO - at org.apache.hadoop.fs.s3a.S3AUtils.translateException(S3AUtils.java:214)
[2024-10-04T14:30:14.327+0000] {spark_submit.py:579} INFO - at org.apache.hadoop.fs.s3a.S3AUtils.translateException(S3AUtils.java:175)
[2024-10-04T14:30:14.328+0000] {spark_submit.py:579} INFO - at org.apache.hadoop.fs.s3a.S3AFileSystem.s3GetFileStatus(S3AFileSystem.java:3799)
[2024-10-04T14:30:14.328+0000] {spark_submit.py:579} INFO - at org.apache.hadoop.fs.s3a.S3AFileSystem.innerGetFileStatus(S3AFileSystem.java:3688)
[2024-10-04T14:30:14.329+0000] {spark_submit.py:579} INFO - at org.apache.hadoop.fs.s3a.S3AFileSystem.lambda$exists$34(S3AFileSystem.java:4703)
[2024-10-04T14:30:14.329+0000] {spark_submit.py:579} INFO - at org.apache.hadoop.fs.statistics.impl.IOStatisticsBinding.lambda$trackDurationOfOperation$5(IOStatisticsBinding.java:499)
[2024-10-04T14:30:14.329+0000] {spark_submit.py:579} INFO - at org.apache.hadoop.fs.statistics.impl.IOStatisticsBinding.trackDuration(IOStatisticsBinding.java:444)
[2024-10-04T14:30:14.330+0000] {spark_submit.py:579} INFO - at org.apache.hadoop.fs.s3a.S3AFileSystem.trackDurationAndSpan(S3AFileSystem.java:2337)
[2024-10-04T14:30:14.330+0000] {spark_submit.py:579} INFO - at org.apache.hadoop.fs.s3a.S3AFileSystem.trackDurationAndSpan(S3AFileSystem.java:2356)
[2024-10-04T14:30:14.330+0000] {spark_submit.py:579} INFO - at org.apache.hadoop.fs.s3a.S3AFileSystem.exists(S3AFileSystem.java:4701)
[2024-10-04T14:30:14.330+0000] {spark_submit.py:579} INFO - at org.apache.spark.sql.execution.datasources.DataSource$.$anonfun$checkAndGlobPathIfNecessary$4(DataSource.scala:756)
[2024-10-04T14:30:14.331+0000] {spark_submit.py:579} INFO - at org.apache.spark.sql.execution.datasources.DataSource$.$anonfun$checkAndGlobPathIfNecessary$4$adapted(DataSource.scala:754)
[2024-10-04T14:30:14.331+0000] {spark_submit.py:579} INFO - at org.apache.spark.util.ThreadUtils$.$anonfun$parmap$2(ThreadUtils.scala:384)
[2024-10-04T14:30:14.331+0000] {spark_submit.py:579} INFO - at scala.concurrent.Future$.$anonfun$apply$1(Future.scala:659)
[2024-10-04T14:30:14.331+0000] {spark_submit.py:579} INFO - at scala.util.Success.$anonfun$map$1(Try.scala:255)
[2024-10-04T14:30:14.331+0000] {spark_submit.py:579} INFO - at scala.util.Success.map(Try.scala:213)
[2024-10-04T14:30:14.332+0000] {spark_submit.py:579} INFO - at scala.concurrent.Future.$anonfun$map$1(Future.scala:292)
[2024-10-04T14:30:14.332+0000] {spark_submit.py:579} INFO - at scala.concurrent.impl.Promise.liftedTree1$1(Promise.scala:33)
[2024-10-04T14:30:14.332+0000] {spark_submit.py:579} INFO - at scala.concurrent.impl.Promise.$anonfun$transform$1(Promise.scala:33)
[2024-10-04T14:30:14.332+0000] {spark_submit.py:579} INFO - at scala.concurrent.impl.CallbackRunnable.run(Promise.scala:64)
[2024-10-04T14:30:14.332+0000] {spark_submit.py:579} INFO - at java.base/java.util.concurrent.ForkJoinTask$RunnableExecuteAction.exec(ForkJoinTask.java:1426)
[2024-10-04T14:30:14.333+0000] {spark_submit.py:579} INFO - at java.base/java.util.concurrent.ForkJoinTask.doExec(ForkJoinTask.java:290)
[2024-10-04T14:30:14.333+0000] {spark_submit.py:579} INFO - at java.base/java.util.concurrent.ForkJoinPool$WorkQueue.topLevelExec(ForkJoinPool.java:1020)
[2024-10-04T14:30:14.333+0000] {spark_submit.py:579} INFO - at java.base/java.util.concurrent.ForkJoinPool.scan(ForkJoinPool.java:1656)
[2024-10-04T14:30:14.333+0000] {spark_submit.py:579} INFO - at java.base/java.util.concurrent.ForkJoinPool.runWorker(ForkJoinPool.java:1594)
[2024-10-04T14:30:14.333+0000] {spark_submit.py:579} INFO - at java.base/java.util.concurrent.ForkJoinWorkerThread.run(ForkJoinWorkerThread.java:183)
[2024-10-04T14:30:14.334+0000] {spark_submit.py:579} INFO - Caused by: com.amazonaws.SdkClientException: Unable to execute HTTP request: lakehouse.minio: Name or service not known
[2024-10-04T14:30:14.334+0000] {spark_submit.py:579} INFO - at com.amazonaws.http.AmazonHttpClient$RequestExecutor.handleRetryableException(AmazonHttpClient.java:1219)
[2024-10-04T14:30:14.334+0000] {spark_submit.py:579} INFO - at com.amazonaws.http.AmazonHttpClient$RequestExecutor.executeHelper(AmazonHttpClient.java:1165)
[2024-10-04T14:30:14.334+0000] {spark_submit.py:579} INFO - at com.amazonaws.http.AmazonHttpClient$RequestExecutor.doExecute(AmazonHttpClient.java:814)
[2024-10-04T14:30:14.335+0000] {spark_submit.py:579} INFO - at com.amazonaws.http.AmazonHttpClient$RequestExecutor.executeWithTimer(AmazonHttpClient.java:781)
[2024-10-04T14:30:14.335+0000] {spark_submit.py:579} INFO - at com.amazonaws.http.AmazonHttpClient$RequestExecutor.execute(AmazonHttpClient.java:755)
[2024-10-04T14:30:14.335+0000] {spark_submit.py:579} INFO - at com.amazonaws.http.AmazonHttpClient$RequestExecutor.access$500(AmazonHttpClient.java:715)
[2024-10-04T14:30:14.335+0000] {spark_submit.py:579} INFO - at com.amazonaws.http.AmazonHttpClient$RequestExecutionBuilderImpl.execute(AmazonHttpClient.java:697)
[2024-10-04T14:30:14.336+0000] {spark_submit.py:579} INFO - at com.amazonaws.http.AmazonHttpClient.execute(AmazonHttpClient.java:561)
[2024-10-04T14:30:14.336+0000] {spark_submit.py:579} INFO - at com.amazonaws.http.AmazonHttpClient.execute(AmazonHttpClient.java:541)
[2024-10-04T14:30:14.336+0000] {spark_submit.py:579} INFO - at com.amazonaws.services.s3.AmazonS3Client.invoke(AmazonS3Client.java:5456)
[2024-10-04T14:30:14.336+0000] {spark_submit.py:579} INFO - at com.amazonaws.services.s3.AmazonS3Client.invoke(AmazonS3Client.java:5403)
[2024-10-04T14:30:14.337+0000] {spark_submit.py:579} INFO - at com.amazonaws.services.s3.AmazonS3Client.getObjectMetadata(AmazonS3Client.java:1372)
[2024-10-04T14:30:14.337+0000] {spark_submit.py:579} INFO - at org.apache.hadoop.fs.s3a.S3AFileSystem.lambda$getObjectMetadata$10(S3AFileSystem.java:2545)
[2024-10-04T14:30:14.337+0000] {spark_submit.py:579} INFO - at org.apache.hadoop.fs.s3a.Invoker.retryUntranslated(Invoker.java:414)
[2024-10-04T14:30:14.337+0000] {spark_submit.py:579} INFO - at org.apache.hadoop.fs.s3a.Invoker.retryUntranslated(Invoker.java:377)
[2024-10-04T14:30:14.337+0000] {spark_submit.py:579} INFO - at org.apache.hadoop.fs.s3a.S3AFileSystem.getObjectMetadata(S3AFileSystem.java:2533)
[2024-10-04T14:30:14.338+0000] {spark_submit.py:579} INFO - at org.apache.hadoop.fs.s3a.S3AFileSystem.getObjectMetadata(S3AFileSystem.java:2513)
[2024-10-04T14:30:14.338+0000] {spark_submit.py:579} INFO - at org.apache.hadoop.fs.s3a.S3AFileSystem.s3GetFileStatus(S3AFileSystem.java:3776)
[2024-10-04T14:30:14.338+0000] {spark_submit.py:579} INFO - ... 23 more
[2024-10-04T14:30:14.338+0000] {spark_submit.py:579} INFO - Caused by: java.net.UnknownHostException: lakehouse.minio: Name or service not known
[2024-10-04T14:30:14.338+0000] {spark_submit.py:579} INFO - at java.base/java.net.Inet6AddressImpl.lookupAllHostAddr(Native Method)
[2024-10-04T14:30:14.339+0000] {spark_submit.py:579} INFO - at java.base/java.net.InetAddress$PlatformNameService.lookupAllHostAddr(InetAddress.java:930)
[2024-10-04T14:30:14.339+0000] {spark_submit.py:579} INFO - at java.base/java.net.InetAddress.getAddressesFromNameService(InetAddress.java:1543)
[2024-10-04T14:30:14.339+0000] {spark_submit.py:579} INFO - at java.base/java.net.InetAddress$NameServiceAddresses.get(InetAddress.java:848)
[2024-10-04T14:30:14.339+0000] {spark_submit.py:579} INFO - at java.base/java.net.InetAddress.getAllByName0(InetAddress.java:1533)
[2024-10-04T14:30:14.340+0000] {spark_submit.py:579} INFO - at java.base/java.net.InetAddress.getAllByName(InetAddress.java:1386)
[2024-10-04T14:30:14.340+0000] {spark_submit.py:579} INFO - at java.base/java.net.InetAddress.getAllByName(InetAddress.java:1307)
[2024-10-04T14:30:14.340+0000] {spark_submit.py:579} INFO - at com.amazonaws.SystemDefaultDnsResolver.resolve(SystemDefaultDnsResolver.java:27)
[2024-10-04T14:30:14.340+0000] {spark_submit.py:579} INFO - at com.amazonaws.http.DelegatingDnsResolver.resolve(DelegatingDnsResolver.java:38)
[2024-10-04T14:30:14.341+0000] {spark_submit.py:579} INFO - at com.amazonaws.thirdparty.apache.http.impl.conn.DefaultHttpClientConnectionOperator.connect(DefaultHttpClientConnectionOperator.java:112)
[2024-10-04T14:30:14.341+0000] {spark_submit.py:579} INFO - at com.amazonaws.thirdparty.apache.http.impl.conn.PoolingHttpClientConnectionManager.connect(PoolingHttpClientConnectionManager.java:376)
[2024-10-04T14:30:14.341+0000] {spark_submit.py:579} INFO - at jdk.internal.reflect.GeneratedMethodAccessor23.invoke(Unknown Source)
[2024-10-04T14:30:14.342+0000] {spark_submit.py:579} INFO - at java.base/jdk.internal.reflect.DelegatingMethodAccessorImpl.invoke(DelegatingMethodAccessorImpl.java:43)
[2024-10-04T14:30:14.342+0000] {spark_submit.py:579} INFO - at java.base/java.lang.reflect.Method.invoke(Method.java:566)
[2024-10-04T14:30:14.342+0000] {spark_submit.py:579} INFO - at com.amazonaws.http.conn.ClientConnectionManagerFactory$Handler.invoke(ClientConnectionManagerFactory.java:76)
[2024-10-04T14:30:14.343+0000] {spark_submit.py:579} INFO - at com.amazonaws.http.conn.$Proxy33.connect(Unknown Source)
[2024-10-04T14:30:14.343+0000] {spark_submit.py:579} INFO - at com.amazonaws.thirdparty.apache.http.impl.execchain.MainClientExec.establishRoute(MainClientExec.java:393)
[2024-10-04T14:30:14.343+0000] {spark_submit.py:579} INFO - at com.amazonaws.thirdparty.apache.http.impl.execchain.MainClientExec.execute(MainClientExec.java:236)
[2024-10-04T14:30:14.343+0000] {spark_submit.py:579} INFO - at com.amazonaws.thirdparty.apache.http.impl.execchain.ProtocolExec.execute(ProtocolExec.java:186)
[2024-10-04T14:30:14.344+0000] {spark_submit.py:579} INFO - at com.amazonaws.thirdparty.apache.http.impl.client.InternalHttpClient.doExecute(InternalHttpClient.java:185)
[2024-10-04T14:30:14.344+0000] {spark_submit.py:579} INFO - at com.amazonaws.thirdparty.apache.http.impl.client.CloseableHttpClient.execute(CloseableHttpClient.java:83)
[2024-10-04T14:30:14.344+0000] {spark_submit.py:579} INFO - at com.amazonaws.thirdparty.apache.http.impl.client.CloseableHttpClient.execute(CloseableHttpClient.java:56)
[2024-10-04T14:30:14.345+0000] {spark_submit.py:579} INFO - at com.amazonaws.http.apache.client.impl.SdkHttpClient.execute(SdkHttpClient.java:72)
[2024-10-04T14:30:14.345+0000] {spark_submit.py:579} INFO - at com.amazonaws.http.AmazonHttpClient$RequestExecutor.executeOneRequest(AmazonHttpClient.java:1346)
[2024-10-04T14:30:14.345+0000] {spark_submit.py:579} INFO - at com.amazonaws.http.AmazonHttpClient$RequestExecutor.executeHelper(AmazonHttpClient.java:1157)
[2024-10-04T14:30:14.345+0000] {spark_submit.py:579} INFO - ... 39 more
[2024-10-04T14:30:14.346+0000] {spark_submit.py:579} INFO - 
[2024-10-04T14:30:14.346+0000] {spark_submit.py:579} INFO - 24/10/04 14:30:14 INFO SparkContext: SparkContext is stopping with exitCode 0.
[2024-10-04T14:30:14.346+0000] {spark_submit.py:579} INFO - 24/10/04 14:30:14 INFO SparkUI: Stopped Spark web UI at http://5d3c8cf16fd2:4040
[2024-10-04T14:30:14.347+0000] {spark_submit.py:579} INFO - 24/10/04 14:30:14 INFO StandaloneSchedulerBackend: Shutting down all executors
[2024-10-04T14:30:14.347+0000] {spark_submit.py:579} INFO - 24/10/04 14:30:14 INFO StandaloneSchedulerBackend$StandaloneDriverEndpoint: Asking each executor to shut down
[2024-10-04T14:30:14.369+0000] {spark_submit.py:579} INFO - 24/10/04 14:30:14 INFO MapOutputTrackerMasterEndpoint: MapOutputTrackerMasterEndpoint stopped!
[2024-10-04T14:30:14.400+0000] {spark_submit.py:579} INFO - 24/10/04 14:30:14 INFO MemoryStore: MemoryStore cleared
[2024-10-04T14:30:14.401+0000] {spark_submit.py:579} INFO - 24/10/04 14:30:14 INFO BlockManager: BlockManager stopped
[2024-10-04T14:30:14.408+0000] {spark_submit.py:579} INFO - 24/10/04 14:30:14 INFO BlockManagerMaster: BlockManagerMaster stopped
[2024-10-04T14:30:14.411+0000] {spark_submit.py:579} INFO - 24/10/04 14:30:14 INFO OutputCommitCoordinator$OutputCommitCoordinatorEndpoint: OutputCommitCoordinator stopped!
[2024-10-04T14:30:14.448+0000] {spark_submit.py:579} INFO - 24/10/04 14:30:14 INFO SparkContext: Successfully stopped SparkContext
[2024-10-04T14:30:14.569+0000] {spark_submit.py:579} INFO - 24/10/04 14:30:14 INFO ShutdownHookManager: Shutdown hook called
[2024-10-04T14:30:14.569+0000] {spark_submit.py:579} INFO - 24/10/04 14:30:14 INFO ShutdownHookManager: Deleting directory /tmp/spark-be996ee2-ed0c-4c65-af72-26c21c0d1127
[2024-10-04T14:30:14.573+0000] {spark_submit.py:579} INFO - 24/10/04 14:30:14 INFO ShutdownHookManager: Deleting directory /tmp/spark-e7118d68-f9b8-470f-b068-2fa79f721b7d/pyspark-b2f97520-e72f-4380-b57c-90791316ee43
[2024-10-04T14:30:14.578+0000] {spark_submit.py:579} INFO - 24/10/04 14:30:14 INFO ShutdownHookManager: Deleting directory /tmp/spark-e7118d68-f9b8-470f-b068-2fa79f721b7d
[2024-10-04T14:30:14.588+0000] {spark_submit.py:579} INFO - 24/10/04 14:30:14 INFO MetricsSystemImpl: Stopping s3a-file-system metrics system...
[2024-10-04T14:30:14.589+0000] {spark_submit.py:579} INFO - 24/10/04 14:30:14 INFO MetricsSystemImpl: s3a-file-system metrics system stopped.
[2024-10-04T14:30:14.589+0000] {spark_submit.py:579} INFO - 24/10/04 14:30:14 INFO MetricsSystemImpl: s3a-file-system metrics system shutdown complete.
[2024-10-04T14:30:14.641+0000] {taskinstance.py:1935} ERROR - Task failed with exception
Traceback (most recent call last):
  File "/home/airflow/.local/lib/python3.11/site-packages/airflow/providers/apache/spark/operators/spark_submit.py", line 174, in execute
    self._hook.submit(self.application)
  File "/home/airflow/.local/lib/python3.11/site-packages/airflow/providers/apache/spark/hooks/spark_submit.py", line 505, in submit
    raise AirflowException(
airflow.exceptions.AirflowException: Cannot execute: spark-submit --master spark://spark-master:7077 --conf spark.sql.extensions=io.delta.sql.DeltaSparkSessionExtension --conf spark.sql.catalog.spark_catalog=org.apache.spark.sql.delta.catalog.DeltaCatalog --jars /opt/***/jars/hadoop-aws-3.3.4.jar,/opt/***/jars/s3-2.18.41.jar,/opt/***/jars/aws-java-sdk-1.12.367.jar,/opt/***/jars/delta-core_2.12-2.2.0.jar,/opt/***/jars/delta-storage-2.2.0.jar,/opt/***/jars/mysql-connector-java-8.0.19.jar --packages org.apache.hadoop:hadoop-aws:3.3.4 --num-executors 2 --total-executor-cores 2 --executor-cores 2 --executor-memory 2g --driver-memory 1g --name arrow-spark --deploy-mode client /opt/***/jobs/python/test_Key.py s3a://lakehouse/bronze/keywords.parquet s3a://lakehouse/silver. Error code is: 1.
[2024-10-04T14:30:14.647+0000] {taskinstance.py:1398} INFO - Marking task as UP_FOR_RETRY. dag_id=spark_processing_dag, task_id=silver_cleaned_keywords, execution_date=20241004T141440, start_date=20241004T141441, end_date=20241004T143014
[2024-10-04T14:30:14.659+0000] {standard_task_runner.py:104} ERROR - Failed to execute job 66 for task silver_cleaned_keywords (Cannot execute: spark-submit --master spark://spark-master:7077 --conf spark.sql.extensions=io.delta.sql.DeltaSparkSessionExtension --conf spark.sql.catalog.spark_catalog=org.apache.spark.sql.delta.catalog.DeltaCatalog --jars /opt/***/jars/hadoop-aws-3.3.4.jar,/opt/***/jars/s3-2.18.41.jar,/opt/***/jars/aws-java-sdk-1.12.367.jar,/opt/***/jars/delta-core_2.12-2.2.0.jar,/opt/***/jars/delta-storage-2.2.0.jar,/opt/***/jars/mysql-connector-java-8.0.19.jar --packages org.apache.hadoop:hadoop-aws:3.3.4 --num-executors 2 --total-executor-cores 2 --executor-cores 2 --executor-memory 2g --driver-memory 1g --name arrow-spark --deploy-mode client /opt/***/jobs/python/test_Key.py s3a://lakehouse/bronze/keywords.parquet s3a://lakehouse/silver. Error code is: 1.; 3414)
[2024-10-04T14:30:14.686+0000] {local_task_job_runner.py:228} INFO - Task exited with return code 1
[2024-10-04T14:30:14.698+0000] {taskinstance.py:2776} INFO - 0 downstream tasks scheduled from follow-on schedule check
