[2024-12-16T14:21:13.909+0000] {taskinstance.py:1159} INFO - Dependencies all met for dep_context=non-requeueable deps ti=<TaskInstance: All_Layer.clean_movies manual__2024-12-16T14:20:51.668941+00:00 [queued]>
[2024-12-16T14:21:13.923+0000] {taskinstance.py:1159} INFO - Dependencies all met for dep_context=requeueable deps ti=<TaskInstance: All_Layer.clean_movies manual__2024-12-16T14:20:51.668941+00:00 [queued]>
[2024-12-16T14:21:13.924+0000] {taskinstance.py:1361} INFO - Starting attempt 1 of 2
[2024-12-16T14:21:13.941+0000] {taskinstance.py:1382} INFO - Executing <Task(SparkSubmitOperator): clean_movies> on 2024-12-16 14:20:51.668941+00:00
[2024-12-16T14:21:13.948+0000] {standard_task_runner.py:57} INFO - Started process 1914 to run task
[2024-12-16T14:21:13.952+0000] {standard_task_runner.py:84} INFO - Running: ['***', 'tasks', 'run', 'All_Layer', 'clean_movies', 'manual__2024-12-16T14:20:51.668941+00:00', '--job-id', '235', '--raw', '--subdir', 'DAGS_FOLDER/All_Offi.py', '--cfg-path', '/tmp/tmpqaljbstj']
[2024-12-16T14:21:13.958+0000] {standard_task_runner.py:85} INFO - Job 235: Subtask clean_movies
[2024-12-16T14:21:14.031+0000] {task_command.py:416} INFO - Running <TaskInstance: All_Layer.clean_movies manual__2024-12-16T14:20:51.668941+00:00 [running]> on host a2b73f6a4b3a
[2024-12-16T14:21:14.147+0000] {taskinstance.py:1662} INFO - Exporting env vars: AIRFLOW_CTX_DAG_OWNER='***' AIRFLOW_CTX_DAG_ID='All_Layer' AIRFLOW_CTX_TASK_ID='clean_movies' AIRFLOW_CTX_EXECUTION_DATE='2024-12-16T14:20:51.668941+00:00' AIRFLOW_CTX_TRY_NUMBER='1' AIRFLOW_CTX_DAG_RUN_ID='manual__2024-12-16T14:20:51.668941+00:00'
[2024-12-16T14:21:14.160+0000] {base.py:73} INFO - Using connection ID 'spark-conn' for task execution.
[2024-12-16T14:21:14.164+0000] {spark_submit.py:403} INFO - Spark-Submit cmd: spark-submit --master spark://spark-master:7077 --conf spark.sql.extensions=io.delta.sql.DeltaSparkSessionExtension --conf spark.sql.catalog.spark_catalog=org.apache.spark.sql.delta.catalog.DeltaCatalog --conf delta.enable-non-concurrent-writes=true --jars /opt/***/jars/hadoop-aws-3.3.4.jar,/opt/***/jars/s3-2.18.41.jar,/opt/***/jars/aws-java-sdk-1.12.367.jar,/opt/***/jars/delta-core_2.12-2.2.0.jar,/opt/***/jars/delta-storage-2.2.0.jar, --packages org.apache.hadoop:hadoop-aws:3.3.4 --num-executors 2 --total-executor-cores 2 --executor-cores 2 --executor-memory 2g --driver-memory 1g --name arrow-spark --deploy-mode client /opt/***/jobs/python/processing_movie.py s3a://lakehouse/bronze/movies.parquet s3a://lakehouse/sliver/movies
[2024-12-16T14:21:14.433+0000] {spark_submit.py:579} INFO - /home/***/.local/lib/python3.9/site-packages/pyspark/bin/load-spark-env.sh: line 68: ps: command not found
[2024-12-16T14:21:19.363+0000] {spark_submit.py:579} INFO - Warning: Ignoring non-Spark config property: delta.enable-non-concurrent-writes
[2024-12-16T14:21:20.100+0000] {spark_submit.py:579} INFO - :: loading settings :: url = jar:file:/home/***/.local/lib/python3.9/site-packages/pyspark/jars/ivy-2.5.1.jar!/org/apache/ivy/core/settings/ivysettings.xml
[2024-12-16T14:21:20.501+0000] {spark_submit.py:579} INFO - Ivy Default Cache set to: /home/***/.ivy2/cache
[2024-12-16T14:21:20.503+0000] {spark_submit.py:579} INFO - The jars for the packages stored in: /home/***/.ivy2/jars
[2024-12-16T14:21:20.513+0000] {spark_submit.py:579} INFO - org.apache.hadoop#hadoop-aws added as a dependency
[2024-12-16T14:21:20.517+0000] {spark_submit.py:579} INFO - :: resolving dependencies :: org.apache.spark#spark-submit-parent-7fc5172d-43da-41fd-aa54-a50e85234967;1.0
[2024-12-16T14:21:20.518+0000] {spark_submit.py:579} INFO - confs: [default]
[2024-12-16T14:21:21.275+0000] {spark_submit.py:579} INFO - found org.apache.hadoop#hadoop-aws;3.3.4 in spark-list
[2024-12-16T14:21:21.399+0000] {spark_submit.py:579} INFO - found com.amazonaws#aws-java-sdk-bundle;1.12.262 in central
[2024-12-16T14:21:21.515+0000] {spark_submit.py:579} INFO - found org.wildfly.openssl#wildfly-openssl;1.0.7.Final in spark-list
[2024-12-16T14:21:21.616+0000] {spark_submit.py:579} INFO - :: resolution report :: resolve 1050ms :: artifacts dl 45ms
[2024-12-16T14:21:21.617+0000] {spark_submit.py:579} INFO - :: modules in use:
[2024-12-16T14:21:21.617+0000] {spark_submit.py:579} INFO - com.amazonaws#aws-java-sdk-bundle;1.12.262 from central in [default]
[2024-12-16T14:21:21.618+0000] {spark_submit.py:579} INFO - org.apache.hadoop#hadoop-aws;3.3.4 from spark-list in [default]
[2024-12-16T14:21:21.618+0000] {spark_submit.py:579} INFO - org.wildfly.openssl#wildfly-openssl;1.0.7.Final from spark-list in [default]
[2024-12-16T14:21:21.619+0000] {spark_submit.py:579} INFO - ---------------------------------------------------------------------
[2024-12-16T14:21:21.619+0000] {spark_submit.py:579} INFO - |                  |            modules            ||   artifacts   |
[2024-12-16T14:21:21.619+0000] {spark_submit.py:579} INFO - |       conf       | number| search|dwnlded|evicted|| number|dwnlded|
[2024-12-16T14:21:21.620+0000] {spark_submit.py:579} INFO - ---------------------------------------------------------------------
[2024-12-16T14:21:21.621+0000] {spark_submit.py:579} INFO - |      default     |   3   |   0   |   0   |   0   ||   3   |   0   |
[2024-12-16T14:21:21.621+0000] {spark_submit.py:579} INFO - ---------------------------------------------------------------------
[2024-12-16T14:21:21.653+0000] {spark_submit.py:579} INFO - 
[2024-12-16T14:21:21.654+0000] {spark_submit.py:579} INFO - :: problems summary ::
[2024-12-16T14:21:21.655+0000] {spark_submit.py:579} INFO - :::: ERRORS
[2024-12-16T14:21:21.655+0000] {spark_submit.py:579} INFO - unknown resolver null
[2024-12-16T14:21:21.656+0000] {spark_submit.py:579} INFO - 
[2024-12-16T14:21:21.656+0000] {spark_submit.py:579} INFO - unknown resolver null
[2024-12-16T14:21:21.657+0000] {spark_submit.py:579} INFO - 
[2024-12-16T14:21:21.657+0000] {spark_submit.py:579} INFO - 
[2024-12-16T14:21:21.657+0000] {spark_submit.py:579} INFO - :: USE VERBOSE OR DEBUG MESSAGE LEVEL FOR MORE DETAILS
[2024-12-16T14:21:21.658+0000] {spark_submit.py:579} INFO - :: retrieving :: org.apache.spark#spark-submit-parent-7fc5172d-43da-41fd-aa54-a50e85234967
[2024-12-16T14:21:21.658+0000] {spark_submit.py:579} INFO - confs: [default]
[2024-12-16T14:21:21.679+0000] {spark_submit.py:579} INFO - 0 artifacts copied, 3 already retrieved (0kB/23ms)
[2024-12-16T14:21:22.348+0000] {spark_submit.py:579} INFO - 24/12/16 14:21:22 WARN NativeCodeLoader: Unable to load native-hadoop library for your platform... using builtin-java classes where applicable
[2024-12-16T14:21:24.985+0000] {spark_submit.py:579} INFO - 2024-12-16 14:21:24,985 INFO: Initializing Spark session...
[2024-12-16T14:21:25.305+0000] {spark_submit.py:579} INFO - 24/12/16 14:21:25 INFO SparkContext: Running Spark version 3.3.2
[2024-12-16T14:21:25.380+0000] {spark_submit.py:579} INFO - 24/12/16 14:21:25 INFO ResourceUtils: ==============================================================
[2024-12-16T14:21:25.397+0000] {spark_submit.py:579} INFO - 24/12/16 14:21:25 INFO ResourceUtils: No custom resources configured for spark.driver.
[2024-12-16T14:21:25.401+0000] {spark_submit.py:579} INFO - 24/12/16 14:21:25 INFO ResourceUtils: ==============================================================
[2024-12-16T14:21:25.403+0000] {spark_submit.py:579} INFO - 24/12/16 14:21:25 INFO SparkContext: Submitted application: CleanMovies
[2024-12-16T14:21:25.519+0000] {spark_submit.py:579} INFO - 24/12/16 14:21:25 INFO ResourceProfile: Default ResourceProfile created, executor resources: Map(cores -> name: cores, amount: 2, script: , vendor: , memory -> name: memory, amount: 2048, script: , vendor: , offHeap -> name: offHeap, amount: 0, script: , vendor: ), task resources: Map(cpus -> name: cpus, amount: 1.0)
[2024-12-16T14:21:25.583+0000] {spark_submit.py:579} INFO - 24/12/16 14:21:25 INFO ResourceProfile: Limiting resource is cpus at 2 tasks per executor
[2024-12-16T14:21:25.592+0000] {spark_submit.py:579} INFO - 24/12/16 14:21:25 INFO ResourceProfileManager: Added ResourceProfile id: 0
[2024-12-16T14:21:25.784+0000] {spark_submit.py:579} INFO - 24/12/16 14:21:25 INFO SecurityManager: Changing view acls to: ***
[2024-12-16T14:21:25.785+0000] {spark_submit.py:579} INFO - 24/12/16 14:21:25 INFO SecurityManager: Changing modify acls to: ***
[2024-12-16T14:21:25.813+0000] {spark_submit.py:579} INFO - 24/12/16 14:21:25 INFO SecurityManager: Changing view acls groups to:
[2024-12-16T14:21:25.817+0000] {spark_submit.py:579} INFO - 24/12/16 14:21:25 INFO SecurityManager: Changing modify acls groups to:
[2024-12-16T14:21:25.824+0000] {spark_submit.py:579} INFO - 24/12/16 14:21:25 INFO SecurityManager: SecurityManager: authentication disabled; ui acls disabled; users  with view permissions: Set(***); groups with view permissions: Set(); users  with modify permissions: Set(***); groups with modify permissions: Set()
[2024-12-16T14:21:26.941+0000] {spark_submit.py:579} INFO - 24/12/16 14:21:26 INFO Utils: Successfully started service 'sparkDriver' on port 41185.
[2024-12-16T14:21:27.091+0000] {spark_submit.py:579} INFO - 24/12/16 14:21:27 INFO SparkEnv: Registering MapOutputTracker
[2024-12-16T14:21:27.216+0000] {spark_submit.py:579} INFO - 24/12/16 14:21:27 INFO SparkEnv: Registering BlockManagerMaster
[2024-12-16T14:21:27.293+0000] {spark_submit.py:579} INFO - 24/12/16 14:21:27 INFO BlockManagerMasterEndpoint: Using org.apache.spark.storage.DefaultTopologyMapper for getting topology information
[2024-12-16T14:21:27.298+0000] {spark_submit.py:579} INFO - 24/12/16 14:21:27 INFO BlockManagerMasterEndpoint: BlockManagerMasterEndpoint up
[2024-12-16T14:21:27.311+0000] {spark_submit.py:579} INFO - 24/12/16 14:21:27 INFO SparkEnv: Registering BlockManagerMasterHeartbeat
[2024-12-16T14:21:27.428+0000] {spark_submit.py:579} INFO - 24/12/16 14:21:27 INFO DiskBlockManager: Created local directory at /tmp/blockmgr-a7106067-196a-4b77-9ca7-68a069b00c46
[2024-12-16T14:21:27.481+0000] {spark_submit.py:579} INFO - 24/12/16 14:21:27 INFO MemoryStore: MemoryStore started with capacity 434.4 MiB
[2024-12-16T14:21:27.555+0000] {spark_submit.py:579} INFO - 24/12/16 14:21:27 INFO SparkEnv: Registering OutputCommitCoordinator
[2024-12-16T14:21:28.939+0000] {spark_submit.py:579} INFO - 24/12/16 14:21:28 WARN Utils: Service 'SparkUI' could not bind on port 4040. Attempting port 4041.
[2024-12-16T14:21:28.950+0000] {spark_submit.py:579} INFO - 24/12/16 14:21:28 WARN Utils: Service 'SparkUI' could not bind on port 4041. Attempting port 4042.
[2024-12-16T14:21:28.961+0000] {spark_submit.py:579} INFO - 24/12/16 14:21:28 INFO Utils: Successfully started service 'SparkUI' on port 4042.
[2024-12-16T14:21:29.056+0000] {spark_submit.py:579} INFO - 24/12/16 14:21:29 INFO SparkContext: Added JAR file:///opt/***/jars/hadoop-aws-3.3.4.jar at spark://a2b73f6a4b3a:41185/jars/hadoop-aws-3.3.4.jar with timestamp 1734358885271
[2024-12-16T14:21:29.059+0000] {spark_submit.py:579} INFO - 24/12/16 14:21:29 INFO SparkContext: Added JAR file:///opt/***/jars/s3-2.18.41.jar at spark://a2b73f6a4b3a:41185/jars/s3-2.18.41.jar with timestamp 1734358885271
[2024-12-16T14:21:29.061+0000] {spark_submit.py:579} INFO - 24/12/16 14:21:29 INFO SparkContext: Added JAR file:///opt/***/jars/aws-java-sdk-1.12.367.jar at spark://a2b73f6a4b3a:41185/jars/aws-java-sdk-1.12.367.jar with timestamp 1734358885271
[2024-12-16T14:21:29.064+0000] {spark_submit.py:579} INFO - 24/12/16 14:21:29 INFO SparkContext: Added JAR file:///opt/***/jars/delta-core_2.12-2.2.0.jar at spark://a2b73f6a4b3a:41185/jars/delta-core_2.12-2.2.0.jar with timestamp 1734358885271
[2024-12-16T14:21:29.066+0000] {spark_submit.py:579} INFO - 24/12/16 14:21:29 INFO SparkContext: Added JAR file:///opt/***/jars/delta-storage-2.2.0.jar at spark://a2b73f6a4b3a:41185/jars/delta-storage-2.2.0.jar with timestamp 1734358885271
[2024-12-16T14:21:29.069+0000] {spark_submit.py:579} INFO - 24/12/16 14:21:29 INFO SparkContext: Added JAR file:///home/***/.ivy2/jars/org.apache.hadoop_hadoop-aws-3.3.4.jar at spark://a2b73f6a4b3a:41185/jars/org.apache.hadoop_hadoop-aws-3.3.4.jar with timestamp 1734358885271
[2024-12-16T14:21:29.070+0000] {spark_submit.py:579} INFO - 24/12/16 14:21:29 INFO SparkContext: Added JAR file:///home/***/.ivy2/jars/com.amazonaws_aws-java-sdk-bundle-1.12.262.jar at spark://a2b73f6a4b3a:41185/jars/com.amazonaws_aws-java-sdk-bundle-1.12.262.jar with timestamp 1734358885271
[2024-12-16T14:21:29.072+0000] {spark_submit.py:579} INFO - 24/12/16 14:21:29 INFO SparkContext: Added JAR file:///home/***/.ivy2/jars/org.wildfly.openssl_wildfly-openssl-1.0.7.Final.jar at spark://a2b73f6a4b3a:41185/jars/org.wildfly.openssl_wildfly-openssl-1.0.7.Final.jar with timestamp 1734358885271
[2024-12-16T14:21:29.073+0000] {spark_submit.py:579} INFO - 24/12/16 14:21:29 INFO SparkContext: Added file file:///home/***/.ivy2/jars/org.apache.hadoop_hadoop-aws-3.3.4.jar at spark://a2b73f6a4b3a:41185/files/org.apache.hadoop_hadoop-aws-3.3.4.jar with timestamp 1734358885271
[2024-12-16T14:21:29.084+0000] {spark_submit.py:579} INFO - 24/12/16 14:21:29 INFO Utils: Copying /home/***/.ivy2/jars/org.apache.hadoop_hadoop-aws-3.3.4.jar to /tmp/spark-9934d9e1-30e6-44cd-a77e-1f598ecc410b/userFiles-8b7d4dec-a927-45f9-b552-ff0dbc97ed48/org.apache.hadoop_hadoop-aws-3.3.4.jar
[2024-12-16T14:21:29.210+0000] {spark_submit.py:579} INFO - 24/12/16 14:21:29 INFO SparkContext: Added file file:///home/***/.ivy2/jars/com.amazonaws_aws-java-sdk-bundle-1.12.262.jar at spark://a2b73f6a4b3a:41185/files/com.amazonaws_aws-java-sdk-bundle-1.12.262.jar with timestamp 1734358885271
[2024-12-16T14:21:29.212+0000] {spark_submit.py:579} INFO - 24/12/16 14:21:29 INFO Utils: Copying /home/***/.ivy2/jars/com.amazonaws_aws-java-sdk-bundle-1.12.262.jar to /tmp/spark-9934d9e1-30e6-44cd-a77e-1f598ecc410b/userFiles-8b7d4dec-a927-45f9-b552-ff0dbc97ed48/com.amazonaws_aws-java-sdk-bundle-1.12.262.jar
[2024-12-16T14:21:31.807+0000] {spark_submit.py:579} INFO - 24/12/16 14:21:31 INFO SparkContext: Added file file:///home/***/.ivy2/jars/org.wildfly.openssl_wildfly-openssl-1.0.7.Final.jar at spark://a2b73f6a4b3a:41185/files/org.wildfly.openssl_wildfly-openssl-1.0.7.Final.jar with timestamp 1734358885271
[2024-12-16T14:21:31.808+0000] {spark_submit.py:579} INFO - 24/12/16 14:21:31 INFO Utils: Copying /home/***/.ivy2/jars/org.wildfly.openssl_wildfly-openssl-1.0.7.Final.jar to /tmp/spark-9934d9e1-30e6-44cd-a77e-1f598ecc410b/userFiles-8b7d4dec-a927-45f9-b552-ff0dbc97ed48/org.wildfly.openssl_wildfly-openssl-1.0.7.Final.jar
[2024-12-16T14:21:32.240+0000] {spark_submit.py:579} INFO - 24/12/16 14:21:32 INFO StandaloneAppClient$ClientEndpoint: Connecting to master spark://spark-master:7077...
[2024-12-16T14:21:32.634+0000] {spark_submit.py:579} INFO - 24/12/16 14:21:32 INFO TransportClientFactory: Successfully created connection to spark-master/172.18.0.5:7077 after 143 ms (0 ms spent in bootstraps)
[2024-12-16T14:21:32.895+0000] {spark_submit.py:579} INFO - 24/12/16 14:21:32 INFO StandaloneSchedulerBackend: Connected to Spark cluster with app ID app-20241216142132-0008
[2024-12-16T14:21:32.907+0000] {spark_submit.py:579} INFO - 24/12/16 14:21:32 INFO Utils: Successfully started service 'org.apache.spark.network.netty.NettyBlockTransferService' on port 41901.
[2024-12-16T14:21:32.914+0000] {spark_submit.py:579} INFO - 24/12/16 14:21:32 INFO NettyBlockTransferService: Server created on a2b73f6a4b3a:41901
[2024-12-16T14:21:32.915+0000] {spark_submit.py:579} INFO - 24/12/16 14:21:32 INFO BlockManager: Using org.apache.spark.storage.RandomBlockReplicationPolicy for block replication policy
[2024-12-16T14:21:32.947+0000] {spark_submit.py:579} INFO - 24/12/16 14:21:32 INFO BlockManagerMaster: Registering BlockManager BlockManagerId(driver, a2b73f6a4b3a, 41901, None)
[2024-12-16T14:21:32.958+0000] {spark_submit.py:579} INFO - 24/12/16 14:21:32 INFO BlockManagerMasterEndpoint: Registering block manager a2b73f6a4b3a:41901 with 434.4 MiB RAM, BlockManagerId(driver, a2b73f6a4b3a, 41901, None)
[2024-12-16T14:21:32.964+0000] {spark_submit.py:579} INFO - 24/12/16 14:21:32 INFO BlockManagerMaster: Registered BlockManager BlockManagerId(driver, a2b73f6a4b3a, 41901, None)
[2024-12-16T14:21:32.966+0000] {spark_submit.py:579} INFO - 24/12/16 14:21:32 INFO BlockManager: Initialized BlockManager: BlockManagerId(driver, a2b73f6a4b3a, 41901, None)
[2024-12-16T14:21:33.592+0000] {spark_submit.py:579} INFO - 24/12/16 14:21:33 INFO StandaloneSchedulerBackend: SchedulerBackend is ready for scheduling beginning after reached minRegisteredResourcesRatio: 0.0
[2024-12-16T14:21:33.984+0000] {spark_submit.py:579} INFO - 2024-12-16 14:21:33,984 INFO: Spark session initialized successfully.
[2024-12-16T14:21:33.985+0000] {spark_submit.py:579} INFO - 2024-12-16 14:21:33,984 INFO: Reading data from s3a://lakehouse/bronze/movies.parquet
[2024-12-16T14:21:34.003+0000] {spark_submit.py:579} INFO - 24/12/16 14:21:34 INFO SharedState: Setting hive.metastore.warehouse.dir ('null') to the value of spark.sql.warehouse.dir.
[2024-12-16T14:21:34.359+0000] {spark_submit.py:579} INFO - 24/12/16 14:21:34 WARN MetricsConfig: Cannot locate configuration: tried hadoop-metrics2-s3a-file-system.properties,hadoop-metrics2.properties
[2024-12-16T14:21:34.428+0000] {spark_submit.py:579} INFO - 24/12/16 14:21:34 INFO MetricsSystemImpl: Scheduled Metric snapshot period at 10 second(s).
[2024-12-16T14:21:34.430+0000] {spark_submit.py:579} INFO - 24/12/16 14:21:34 INFO MetricsSystemImpl: s3a-file-system metrics system started
[2024-12-16T14:21:37.228+0000] {spark_submit.py:579} INFO - 24/12/16 14:21:37 INFO SharedState: Warehouse path is 's3a://lakehouse/'.
[2024-12-16T14:21:40.263+0000] {spark_submit.py:579} INFO - 24/12/16 14:21:40 INFO InMemoryFileIndex: It took 224 ms to list leaf files for 1 paths.
[2024-12-16T14:21:44.404+0000] {spark_submit.py:579} INFO - 2024-12-16 14:21:44,404 INFO: Saving cleaned data to s3a://lakehouse/sliver/movies
[2024-12-16T14:21:44.930+0000] {spark_submit.py:579} INFO - 24/12/16 14:21:44 WARN package: Truncated the string representation of a plan since it was too large. This behavior can be adjusted by setting 'spark.sql.debug.maxToStringFields'.
[2024-12-16T14:21:45.325+0000] {spark_submit.py:579} INFO - 24/12/16 14:21:45 INFO DeltaLog: Creating initial snapshot without metadata, because the directory is empty
[2024-12-16T14:21:45.621+0000] {spark_submit.py:579} INFO - 24/12/16 14:21:45 INFO InitialSnapshot: [tableId=aa7b4b7f-dff5-4aed-a80d-8909f216cf73] Created snapshot InitialSnapshot(path=s3a://lakehouse/sliver/movies/_delta_log, version=-1, metadata=Metadata(d1137906-25ad-4ccd-b14f-062446ed69e7,null,null,Format(parquet,Map()),null,List(),Map(),Some(1734358905607)), logSegment=LogSegment(s3a://lakehouse/sliver/movies/_delta_log,-1,List(),List(),None,-1), checksumOpt=None)
[2024-12-16T14:21:45.813+0000] {spark_submit.py:579} INFO - 24/12/16 14:21:45 INFO DeltaLog: No delta log found for the Delta table at s3a://lakehouse/sliver/movies/_delta_log
[2024-12-16T14:21:45.814+0000] {spark_submit.py:579} INFO - 24/12/16 14:21:45 INFO InitialSnapshot: [tableId=d1137906-25ad-4ccd-b14f-062446ed69e7] Created snapshot InitialSnapshot(path=s3a://lakehouse/sliver/movies/_delta_log, version=-1, metadata=Metadata(d179730f-2e84-4568-a29f-bc733a68da46,null,null,Format(parquet,Map()),null,List(),Map(),Some(1734358905813)), logSegment=LogSegment(s3a://lakehouse/sliver/movies/_delta_log,-1,List(),List(),None,-1), checksumOpt=None)
[2024-12-16T14:21:45.879+0000] {spark_submit.py:579} INFO - 24/12/16 14:21:45 INFO OptimisticTransaction: [tableId=d179730f,txnId=c15c5954] Updated metadata from - to Metadata(47482248-9114-4dee-9d8d-c0ec44a3f810,null,null,Format(parquet,Map()),{"type":"struct","fields":[{"name":"budget","type":"integer","nullable":true,"metadata":{}},{"name":"genres","type":"string","nullable":true,"metadata":{}},{"name":"genres_convert","type":"string","nullable":true,"metadata":{}},{"name":"id","type":"string","nullable":true,"metadata":{}},{"name":"imdb_id","type":"string","nullable":true,"metadata":{}},{"name":"original_language","type":"string","nullable":true,"metadata":{}},{"name":"original_title","type":"string","nullable":true,"metadata":{}},{"name":"overview","type":"string","nullable":true,"metadata":{}},{"name":"popularity","type":"string","nullable":true,"metadata":{}},{"name":"poster_path","type":"string","nullable":true,"metadata":{}},{"name":"release_date","type":"date","nullable":true,"metadata":{}},{"name":"revenue","type":"double","nullable":true,"metadata":{}},{"name":"status","type":"string","nullable":true,"metadata":{}},{"name":"tagline","type":"string","nullable":true,"metadata":{}},{"name":"time","type":"string","nullable":true,"metadata":{}},{"name":"title","type":"string","nullable":true,"metadata":{}},{"name":"vote_average","type":"double","nullable":true,"metadata":{}},{"name":"vote_count","type":"double","nullable":true,"metadata":{}}]},List(),Map(),Some(1734358905866))
[2024-12-16T14:21:46.414+0000] {spark_submit.py:579} INFO - 24/12/16 14:21:46 INFO FileSourceStrategy: Pushed Filters:
[2024-12-16T14:21:46.416+0000] {spark_submit.py:579} INFO - 24/12/16 14:21:46 INFO FileSourceStrategy: Post-Scan Filters:
[2024-12-16T14:21:46.418+0000] {spark_submit.py:579} INFO - 24/12/16 14:21:46 INFO FileSourceStrategy: Output Data Schema: struct<budget: string, genres: string, id: string, imdb_id: string, original_language: string ... 15 more fields>
[2024-12-16T14:21:46.531+0000] {spark_submit.py:579} INFO - 24/12/16 14:21:46 INFO DeltaParquetFileFormat: Using default output committer for Parquet: org.apache.parquet.hadoop.ParquetOutputCommitter
[2024-12-16T14:21:47.125+0000] {spark_submit.py:579} INFO - 24/12/16 14:21:47 INFO CodeGenerator: Code generated in 222.168663 ms
[2024-12-16T14:21:47.235+0000] {spark_submit.py:579} INFO - 24/12/16 14:21:47 INFO MemoryStore: Block broadcast_0 stored as values in memory (estimated size 208.3 KiB, free 434.2 MiB)
[2024-12-16T14:21:47.338+0000] {spark_submit.py:579} INFO - 24/12/16 14:21:47 INFO MemoryStore: Block broadcast_0_piece0 stored as bytes in memory (estimated size 36.6 KiB, free 434.2 MiB)
[2024-12-16T14:21:47.344+0000] {spark_submit.py:579} INFO - 24/12/16 14:21:47 INFO BlockManagerInfo: Added broadcast_0_piece0 in memory on a2b73f6a4b3a:41901 (size: 36.6 KiB, free: 434.4 MiB)
[2024-12-16T14:21:47.374+0000] {spark_submit.py:579} INFO - 24/12/16 14:21:47 INFO SparkContext: Created broadcast 0 from save at NativeMethodAccessorImpl.java:0
[2024-12-16T14:21:47.395+0000] {spark_submit.py:579} INFO - 24/12/16 14:21:47 INFO FileSourceScanExec: Planning scan with bin packing, max size: 10691623 bytes, open cost is considered as scanning 4194304 bytes.
[2024-12-16T14:21:47.836+0000] {spark_submit.py:579} INFO - 24/12/16 14:21:47 INFO SparkContext: Starting job: save at NativeMethodAccessorImpl.java:0
[2024-12-16T14:21:47.860+0000] {spark_submit.py:579} INFO - 24/12/16 14:21:47 INFO DAGScheduler: Got job 0 (save at NativeMethodAccessorImpl.java:0) with 2 output partitions
[2024-12-16T14:21:47.862+0000] {spark_submit.py:579} INFO - 24/12/16 14:21:47 INFO DAGScheduler: Final stage: ResultStage 0 (save at NativeMethodAccessorImpl.java:0)
[2024-12-16T14:21:47.862+0000] {spark_submit.py:579} INFO - 24/12/16 14:21:47 INFO DAGScheduler: Parents of final stage: List()
[2024-12-16T14:21:47.864+0000] {spark_submit.py:579} INFO - 24/12/16 14:21:47 INFO DAGScheduler: Missing parents: List()
[2024-12-16T14:21:47.871+0000] {spark_submit.py:579} INFO - 24/12/16 14:21:47 INFO DAGScheduler: Submitting ResultStage 0 (MapPartitionsRDD[3] at save at NativeMethodAccessorImpl.java:0), which has no missing parents
[2024-12-16T14:21:48.220+0000] {spark_submit.py:579} INFO - 24/12/16 14:21:48 INFO MemoryStore: Block broadcast_1 stored as values in memory (estimated size 381.9 KiB, free 433.8 MiB)
[2024-12-16T14:21:48.231+0000] {spark_submit.py:579} INFO - 24/12/16 14:21:48 INFO MemoryStore: Block broadcast_1_piece0 stored as bytes in memory (estimated size 133.0 KiB, free 433.7 MiB)
[2024-12-16T14:21:48.233+0000] {spark_submit.py:579} INFO - 24/12/16 14:21:48 INFO BlockManagerInfo: Added broadcast_1_piece0 in memory on a2b73f6a4b3a:41901 (size: 133.0 KiB, free: 434.2 MiB)
[2024-12-16T14:21:48.253+0000] {spark_submit.py:579} INFO - 24/12/16 14:21:48 INFO SparkContext: Created broadcast 1 from broadcast at DAGScheduler.scala:1513
[2024-12-16T14:21:48.279+0000] {spark_submit.py:579} INFO - 24/12/16 14:21:48 INFO DAGScheduler: Submitting 2 missing tasks from ResultStage 0 (MapPartitionsRDD[3] at save at NativeMethodAccessorImpl.java:0) (first 15 tasks are for partitions Vector(0, 1))
[2024-12-16T14:21:48.281+0000] {spark_submit.py:579} INFO - 24/12/16 14:21:48 INFO TaskSchedulerImpl: Adding task set 0.0 with 2 tasks resource profile 0
[2024-12-16T14:22:03.342+0000] {spark_submit.py:579} INFO - 24/12/16 14:22:03 WARN TaskSchedulerImpl: Initial job has not accepted any resources; check your cluster UI to ensure that workers are registered and have sufficient resources
[2024-12-16T14:22:18.351+0000] {spark_submit.py:579} INFO - 24/12/16 14:22:18 WARN TaskSchedulerImpl: Initial job has not accepted any resources; check your cluster UI to ensure that workers are registered and have sufficient resources
[2024-12-16T14:22:33.341+0000] {spark_submit.py:579} INFO - 24/12/16 14:22:33 WARN TaskSchedulerImpl: Initial job has not accepted any resources; check your cluster UI to ensure that workers are registered and have sufficient resources
[2024-12-16T14:22:48.343+0000] {spark_submit.py:579} INFO - 24/12/16 14:22:48 WARN TaskSchedulerImpl: Initial job has not accepted any resources; check your cluster UI to ensure that workers are registered and have sufficient resources
[2024-12-16T14:23:03.341+0000] {spark_submit.py:579} INFO - 24/12/16 14:23:03 WARN TaskSchedulerImpl: Initial job has not accepted any resources; check your cluster UI to ensure that workers are registered and have sufficient resources
[2024-12-16T14:23:05.091+0000] {spark_submit.py:579} INFO - 24/12/16 14:23:05 INFO StandaloneAppClient$ClientEndpoint: Executor added: app-20241216142132-0008/0 on worker-20241216141212-172.18.0.9-45515 (172.18.0.9:45515) with 2 core(s)
[2024-12-16T14:23:05.094+0000] {spark_submit.py:579} INFO - 24/12/16 14:23:05 INFO StandaloneSchedulerBackend: Granted executor ID app-20241216142132-0008/0 on hostPort 172.18.0.9:45515 with 2 core(s), 2.0 GiB RAM
[2024-12-16T14:23:05.207+0000] {spark_submit.py:579} INFO - 24/12/16 14:23:05 INFO StandaloneAppClient$ClientEndpoint: Executor updated: app-20241216142132-0008/0 is now RUNNING
[2024-12-16T14:23:07.777+0000] {spark_submit.py:579} INFO - 24/12/16 14:23:07 INFO CoarseGrainedSchedulerBackend$DriverEndpoint: Registered executor NettyRpcEndpointRef(spark-client://Executor) (172.18.0.9:46524) with ID 0,  ResourceProfileId 0
[2024-12-16T14:23:07.843+0000] {spark_submit.py:579} INFO - 24/12/16 14:23:07 INFO BlockManagerMasterEndpoint: Registering block manager 172.18.0.9:37803 with 1048.8 MiB RAM, BlockManagerId(0, 172.18.0.9, 37803, None)
[2024-12-16T14:23:09.921+0000] {spark_submit.py:579} INFO - 24/12/16 14:23:09 INFO TaskSetManager: Starting task 0.0 in stage 0.0 (TID 0) (172.18.0.9, executor 0, partition 0, PROCESS_LOCAL, 4912 bytes) taskResourceAssignments Map()
[2024-12-16T14:23:09.925+0000] {spark_submit.py:579} INFO - 24/12/16 14:23:09 INFO TaskSetManager: Starting task 1.0 in stage 0.0 (TID 1) (172.18.0.9, executor 0, partition 1, PROCESS_LOCAL, 4912 bytes) taskResourceAssignments Map()
[2024-12-16T14:23:10.156+0000] {spark_submit.py:579} INFO - 24/12/16 14:23:10 INFO BlockManagerInfo: Added broadcast_1_piece0 in memory on 172.18.0.9:37803 (size: 133.0 KiB, free: 1048.7 MiB)
[2024-12-16T14:23:11.318+0000] {spark_submit.py:579} INFO - 24/12/16 14:23:11 INFO BlockManagerInfo: Added broadcast_0_piece0 in memory on 172.18.0.9:37803 (size: 36.6 KiB, free: 1048.6 MiB)
[2024-12-16T14:23:12.798+0000] {spark_submit.py:579} INFO - 24/12/16 14:23:12 INFO TaskSetManager: Finished task 1.0 in stage 0.0 (TID 1) in 2873 ms on 172.18.0.9 (executor 0) (1/2)
[2024-12-16T14:23:16.389+0000] {spark_submit.py:579} INFO - 24/12/16 14:23:16 INFO TaskSetManager: Finished task 0.0 in stage 0.0 (TID 0) in 6478 ms on 172.18.0.9 (executor 0) (2/2)
[2024-12-16T14:23:16.390+0000] {spark_submit.py:579} INFO - 24/12/16 14:23:16 INFO TaskSchedulerImpl: Removed TaskSet 0.0, whose tasks have all completed, from pool
[2024-12-16T14:23:16.392+0000] {spark_submit.py:579} INFO - 24/12/16 14:23:16 INFO DAGScheduler: ResultStage 0 (save at NativeMethodAccessorImpl.java:0) finished in 88.502 s
[2024-12-16T14:23:16.395+0000] {spark_submit.py:579} INFO - 24/12/16 14:23:16 INFO DAGScheduler: Job 0 is finished. Cancelling potential speculative or zombie tasks for this job
[2024-12-16T14:23:16.396+0000] {spark_submit.py:579} INFO - 24/12/16 14:23:16 INFO TaskSchedulerImpl: Killing all running tasks in stage 0: Stage finished
[2024-12-16T14:23:16.398+0000] {spark_submit.py:579} INFO - 24/12/16 14:23:16 INFO DAGScheduler: Job 0 finished: save at NativeMethodAccessorImpl.java:0, took 88.547032 s
[2024-12-16T14:23:16.401+0000] {spark_submit.py:579} INFO - 24/12/16 14:23:16 INFO FileFormatWriter: Start to commit write Job b5c4c502-3213-442d-a49c-257ef70babf3.
[2024-12-16T14:23:16.402+0000] {spark_submit.py:579} INFO - 24/12/16 14:23:16 INFO FileFormatWriter: Write Job b5c4c502-3213-442d-a49c-257ef70babf3 committed. Elapsed time: 0 ms.
[2024-12-16T14:23:16.405+0000] {spark_submit.py:579} INFO - 24/12/16 14:23:16 INFO FileFormatWriter: Finished processing stats for write job b5c4c502-3213-442d-a49c-257ef70babf3.
[2024-12-16T14:23:16.941+0000] {spark_submit.py:579} INFO - 24/12/16 14:23:16 INFO BlockManagerInfo: Removed broadcast_1_piece0 on 172.18.0.9:37803 in memory (size: 133.0 KiB, free: 1048.8 MiB)
[2024-12-16T14:23:16.943+0000] {spark_submit.py:579} INFO - 24/12/16 14:23:16 INFO BlockManagerInfo: Removed broadcast_1_piece0 on a2b73f6a4b3a:41901 in memory (size: 133.0 KiB, free: 434.4 MiB)
[2024-12-16T14:23:17.537+0000] {spark_submit.py:579} INFO - 24/12/16 14:23:17 INFO CodeGenerator: Code generated in 161.11328 ms
[2024-12-16T14:23:17.591+0000] {spark_submit.py:579} INFO - 24/12/16 14:23:17 INFO SparkContext: Starting job: $anonfun$recordDeltaOperationInternal$1 at DatabricksLogging.scala:128
[2024-12-16T14:23:17.592+0000] {spark_submit.py:579} INFO - 24/12/16 14:23:17 INFO DAGScheduler: Job 1 finished: $anonfun$recordDeltaOperationInternal$1 at DatabricksLogging.scala:128, took 0.000307 s
[2024-12-16T14:23:17.655+0000] {spark_submit.py:579} INFO - 24/12/16 14:23:17 INFO OptimisticTransaction: [tableId=d179730f,txnId=c15c5954] Attempting to commit version 0 with 4 actions with Serializable isolation level
[2024-12-16T14:23:17.979+0000] {spark_submit.py:579} INFO - 24/12/16 14:23:17 INFO DeltaLog: Creating a new snapshot v0 for commit version 0
[2024-12-16T14:23:17.980+0000] {spark_submit.py:579} INFO - 24/12/16 14:23:17 INFO DeltaLog: Loading version 0.
[2024-12-16T14:23:17.993+0000] {spark_submit.py:579} INFO - 24/12/16 14:23:17 INFO Snapshot: [tableId=d179730f-2e84-4568-a29f-bc733a68da46] DELTA: Compute snapshot for version: 0
[2024-12-16T14:23:18.025+0000] {spark_submit.py:579} INFO - 24/12/16 14:23:18 INFO MemoryStore: Block broadcast_2 stored as values in memory (estimated size 204.7 KiB, free 434.0 MiB)
[2024-12-16T14:23:18.043+0000] {spark_submit.py:579} INFO - 24/12/16 14:23:18 INFO MemoryStore: Block broadcast_2_piece0 stored as bytes in memory (estimated size 35.5 KiB, free 433.9 MiB)
[2024-12-16T14:23:18.044+0000] {spark_submit.py:579} INFO - 24/12/16 14:23:18 INFO BlockManagerInfo: Added broadcast_2_piece0 in memory on a2b73f6a4b3a:41901 (size: 35.5 KiB, free: 434.3 MiB)
[2024-12-16T14:23:18.045+0000] {spark_submit.py:579} INFO - 24/12/16 14:23:18 INFO SparkContext: Created broadcast 2 from toString at String.java:2951
[2024-12-16T14:23:18.055+0000] {spark_submit.py:579} INFO - 24/12/16 14:23:18 INFO DeltaLogFileIndex: Created DeltaLogFileIndex(JSON, numFilesInSegment: 1, totalFileSize: 3718)
[2024-12-16T14:23:18.359+0000] {spark_submit.py:579} INFO - 24/12/16 14:23:18 INFO FileSourceStrategy: Pushed Filters:
[2024-12-16T14:23:18.359+0000] {spark_submit.py:579} INFO - 24/12/16 14:23:18 INFO FileSourceStrategy: Post-Scan Filters:
[2024-12-16T14:23:18.360+0000] {spark_submit.py:579} INFO - 24/12/16 14:23:18 INFO FileSourceStrategy: Output Data Schema: struct<txn: struct<appId: string, version: bigint, lastUpdated: bigint ... 1 more fields>, add: struct<path: string, partitionValues: map<string,string>, size: bigint, modificationTime: bigint, dataChange: boolean ... 5 more fields>, remove: struct<path: string, deletionTimestamp: bigint, dataChange: boolean, extendedFileMetadata: boolean, partitionValues: map<string,string> ... 5 more fields>, metaData: struct<id: string, name: string, description: string, format: struct<provider: string, options: map<string,string>>, schemaString: string ... 6 more fields>, protocol: struct<minReaderVersion: int, minWriterVersion: int> ... 5 more fields>
[2024-12-16T14:23:18.574+0000] {spark_submit.py:579} INFO - 24/12/16 14:23:18 INFO CodeGenerator: Code generated in 95.907969 ms
[2024-12-16T14:23:18.578+0000] {spark_submit.py:579} INFO - 24/12/16 14:23:18 INFO MemoryStore: Block broadcast_3 stored as values in memory (estimated size 205.0 KiB, free 433.7 MiB)
[2024-12-16T14:23:18.585+0000] {spark_submit.py:579} INFO - 24/12/16 14:23:18 INFO MemoryStore: Block broadcast_3_piece0 stored as bytes in memory (estimated size 35.7 KiB, free 433.7 MiB)
[2024-12-16T14:23:18.586+0000] {spark_submit.py:579} INFO - 24/12/16 14:23:18 INFO BlockManagerInfo: Added broadcast_3_piece0 in memory on a2b73f6a4b3a:41901 (size: 35.7 KiB, free: 434.3 MiB)
[2024-12-16T14:23:18.587+0000] {spark_submit.py:579} INFO - 24/12/16 14:23:18 INFO SparkContext: Created broadcast 3 from toString at String.java:2951
[2024-12-16T14:23:18.597+0000] {spark_submit.py:579} INFO - 24/12/16 14:23:18 INFO FileSourceScanExec: Planning scan with bin packing, max size: 4194304 bytes, open cost is considered as scanning 4194304 bytes.
[2024-12-16T14:23:18.636+0000] {spark_submit.py:579} INFO - 24/12/16 14:23:18 INFO DAGScheduler: Registering RDD 11 (toString at String.java:2951) as input to shuffle 0
[2024-12-16T14:23:18.640+0000] {spark_submit.py:579} INFO - 24/12/16 14:23:18 INFO DAGScheduler: Got map stage job 2 (toString at String.java:2951) with 1 output partitions
[2024-12-16T14:23:18.640+0000] {spark_submit.py:579} INFO - 24/12/16 14:23:18 INFO DAGScheduler: Final stage: ShuffleMapStage 1 (toString at String.java:2951)
[2024-12-16T14:23:18.641+0000] {spark_submit.py:579} INFO - 24/12/16 14:23:18 INFO DAGScheduler: Parents of final stage: List()
[2024-12-16T14:23:18.641+0000] {spark_submit.py:579} INFO - 24/12/16 14:23:18 INFO DAGScheduler: Missing parents: List()
[2024-12-16T14:23:18.642+0000] {spark_submit.py:579} INFO - 24/12/16 14:23:18 INFO DAGScheduler: Submitting ShuffleMapStage 1 (MapPartitionsRDD[11] at toString at String.java:2951), which has no missing parents
[2024-12-16T14:23:18.663+0000] {spark_submit.py:579} INFO - 24/12/16 14:23:18 INFO MemoryStore: Block broadcast_4 stored as values in memory (estimated size 124.3 KiB, free 433.6 MiB)
[2024-12-16T14:23:18.680+0000] {spark_submit.py:579} INFO - 24/12/16 14:23:18 INFO MemoryStore: Block broadcast_4_piece0 stored as bytes in memory (estimated size 35.1 KiB, free 433.5 MiB)
[2024-12-16T14:23:18.681+0000] {spark_submit.py:579} INFO - 24/12/16 14:23:18 INFO BlockManagerInfo: Added broadcast_4_piece0 in memory on a2b73f6a4b3a:41901 (size: 35.1 KiB, free: 434.3 MiB)
[2024-12-16T14:23:18.681+0000] {spark_submit.py:579} INFO - 24/12/16 14:23:18 INFO SparkContext: Created broadcast 4 from broadcast at DAGScheduler.scala:1513
[2024-12-16T14:23:18.683+0000] {spark_submit.py:579} INFO - 24/12/16 14:23:18 INFO DAGScheduler: Submitting 1 missing tasks from ShuffleMapStage 1 (MapPartitionsRDD[11] at toString at String.java:2951) (first 15 tasks are for partitions Vector(0))
[2024-12-16T14:23:18.684+0000] {spark_submit.py:579} INFO - 24/12/16 14:23:18 INFO TaskSchedulerImpl: Adding task set 1.0 with 1 tasks resource profile 0
[2024-12-16T14:23:18.685+0000] {spark_submit.py:579} INFO - 24/12/16 14:23:18 INFO TaskSetManager: Starting task 0.0 in stage 1.0 (TID 2) (172.18.0.9, executor 0, partition 0, PROCESS_LOCAL, 4930 bytes) taskResourceAssignments Map()
[2024-12-16T14:23:18.716+0000] {spark_submit.py:579} INFO - 24/12/16 14:23:18 INFO BlockManagerInfo: Added broadcast_4_piece0 in memory on 172.18.0.9:37803 (size: 35.1 KiB, free: 1048.7 MiB)
[2024-12-16T14:23:18.985+0000] {spark_submit.py:579} INFO - 24/12/16 14:23:18 INFO BlockManagerInfo: Added broadcast_3_piece0 in memory on 172.18.0.9:37803 (size: 35.7 KiB, free: 1048.7 MiB)
[2024-12-16T14:23:19.065+0000] {spark_submit.py:579} INFO - 24/12/16 14:23:19 INFO TaskSetManager: Finished task 0.0 in stage 1.0 (TID 2) in 380 ms on 172.18.0.9 (executor 0) (1/1)
[2024-12-16T14:23:19.066+0000] {spark_submit.py:579} INFO - 24/12/16 14:23:19 INFO TaskSchedulerImpl: Removed TaskSet 1.0, whose tasks have all completed, from pool
[2024-12-16T14:23:19.067+0000] {spark_submit.py:579} INFO - 24/12/16 14:23:19 INFO DAGScheduler: ShuffleMapStage 1 (toString at String.java:2951) finished in 0.422 s
[2024-12-16T14:23:19.068+0000] {spark_submit.py:579} INFO - 24/12/16 14:23:19 INFO DAGScheduler: looking for newly runnable stages
[2024-12-16T14:23:19.069+0000] {spark_submit.py:579} INFO - 24/12/16 14:23:19 INFO DAGScheduler: running: Set()
[2024-12-16T14:23:19.069+0000] {spark_submit.py:579} INFO - 24/12/16 14:23:19 INFO DAGScheduler: waiting: Set()
[2024-12-16T14:23:19.070+0000] {spark_submit.py:579} INFO - 24/12/16 14:23:19 INFO DAGScheduler: failed: Set()
[2024-12-16T14:23:19.160+0000] {spark_submit.py:579} INFO - 24/12/16 14:23:19 INFO BlockManagerInfo: Removed broadcast_4_piece0 on a2b73f6a4b3a:41901 in memory (size: 35.1 KiB, free: 434.3 MiB)
[2024-12-16T14:23:19.162+0000] {spark_submit.py:579} INFO - 24/12/16 14:23:19 INFO BlockManagerInfo: Removed broadcast_4_piece0 on 172.18.0.9:37803 in memory (size: 35.1 KiB, free: 1048.7 MiB)
[2024-12-16T14:23:19.338+0000] {spark_submit.py:579} INFO - 24/12/16 14:23:19 INFO CodeGenerator: Generated method too long to be JIT compiled: org.apache.spark.sql.catalyst.expressions.GeneratedClass$GeneratedIteratorForCodegenStage3.serializefromobject_doConsume_0$ is 14899 bytes
[2024-12-16T14:23:19.339+0000] {spark_submit.py:579} INFO - 24/12/16 14:23:19 INFO CodeGenerator: Code generated in 154.102805 ms
[2024-12-16T14:23:19.398+0000] {spark_submit.py:579} INFO - 24/12/16 14:23:19 INFO CodeGenerator: Code generated in 42.825732 ms
[2024-12-16T14:23:19.708+0000] {spark_submit.py:579} INFO - 24/12/16 14:23:19 INFO CodeGenerator: Code generated in 60.129585 ms
[2024-12-16T14:23:19.719+0000] {spark_submit.py:579} INFO - 24/12/16 14:23:19 INFO DAGScheduler: Registering RDD 21 (toString at String.java:2951) as input to shuffle 1
[2024-12-16T14:23:19.719+0000] {spark_submit.py:579} INFO - 24/12/16 14:23:19 INFO DAGScheduler: Got map stage job 3 (toString at String.java:2951) with 50 output partitions
[2024-12-16T14:23:19.720+0000] {spark_submit.py:579} INFO - 24/12/16 14:23:19 INFO DAGScheduler: Final stage: ShuffleMapStage 3 (toString at String.java:2951)
[2024-12-16T14:23:19.720+0000] {spark_submit.py:579} INFO - 24/12/16 14:23:19 INFO DAGScheduler: Parents of final stage: List(ShuffleMapStage 2)
[2024-12-16T14:23:19.722+0000] {spark_submit.py:579} INFO - 24/12/16 14:23:19 INFO DAGScheduler: Missing parents: List()
[2024-12-16T14:23:19.724+0000] {spark_submit.py:579} INFO - 24/12/16 14:23:19 INFO DAGScheduler: Submitting ShuffleMapStage 3 (MapPartitionsRDD[21] at toString at String.java:2951), which has no missing parents
[2024-12-16T14:23:19.814+0000] {spark_submit.py:579} INFO - 24/12/16 14:23:19 INFO MemoryStore: Block broadcast_5 stored as values in memory (estimated size 426.3 KiB, free 433.3 MiB)
[2024-12-16T14:23:19.816+0000] {spark_submit.py:579} INFO - 24/12/16 14:23:19 INFO MemoryStore: Block broadcast_5_piece0 stored as bytes in memory (estimated size 102.6 KiB, free 433.2 MiB)
[2024-12-16T14:23:19.817+0000] {spark_submit.py:579} INFO - 24/12/16 14:23:19 INFO BlockManagerInfo: Added broadcast_5_piece0 in memory on a2b73f6a4b3a:41901 (size: 102.6 KiB, free: 434.2 MiB)
[2024-12-16T14:23:19.819+0000] {spark_submit.py:579} INFO - 24/12/16 14:23:19 INFO SparkContext: Created broadcast 5 from broadcast at DAGScheduler.scala:1513
[2024-12-16T14:23:19.820+0000] {spark_submit.py:579} INFO - 24/12/16 14:23:19 INFO DAGScheduler: Submitting 50 missing tasks from ShuffleMapStage 3 (MapPartitionsRDD[21] at toString at String.java:2951) (first 15 tasks are for partitions Vector(0, 1, 2, 3, 4, 5, 6, 7, 8, 9, 10, 11, 12, 13, 14))
[2024-12-16T14:23:19.821+0000] {spark_submit.py:579} INFO - 24/12/16 14:23:19 INFO TaskSchedulerImpl: Adding task set 3.0 with 50 tasks resource profile 0
[2024-12-16T14:23:19.826+0000] {spark_submit.py:579} INFO - 24/12/16 14:23:19 INFO TaskSetManager: Starting task 14.0 in stage 3.0 (TID 3) (172.18.0.9, executor 0, partition 14, NODE_LOCAL, 4446 bytes) taskResourceAssignments Map()
[2024-12-16T14:23:19.827+0000] {spark_submit.py:579} INFO - 24/12/16 14:23:19 INFO TaskSetManager: Starting task 42.0 in stage 3.0 (TID 4) (172.18.0.9, executor 0, partition 42, NODE_LOCAL, 4446 bytes) taskResourceAssignments Map()
[2024-12-16T14:23:19.846+0000] {spark_submit.py:579} INFO - 24/12/16 14:23:19 INFO BlockManagerInfo: Added broadcast_5_piece0 in memory on 172.18.0.9:37803 (size: 102.6 KiB, free: 1048.6 MiB)
[2024-12-16T14:23:19.979+0000] {spark_submit.py:579} INFO - 24/12/16 14:23:19 INFO MapOutputTrackerMasterEndpoint: Asked to send map output locations for shuffle 0 to 172.18.0.9:46524
[2024-12-16T14:23:20.326+0000] {spark_submit.py:579} INFO - 24/12/16 14:23:20 INFO BlockManagerInfo: Added rdd_18_42 in memory on 172.18.0.9:37803 (size: 668.0 B, free: 1048.6 MiB)
[2024-12-16T14:23:20.327+0000] {spark_submit.py:579} INFO - 24/12/16 14:23:20 INFO BlockManagerInfo: Added rdd_18_14 in memory on 172.18.0.9:37803 (size: 1183.0 B, free: 1048.6 MiB)
[2024-12-16T14:23:20.467+0000] {spark_submit.py:579} INFO - 24/12/16 14:23:20 INFO TaskSetManager: Starting task 0.0 in stage 3.0 (TID 5) (172.18.0.9, executor 0, partition 0, PROCESS_LOCAL, 4446 bytes) taskResourceAssignments Map()
[2024-12-16T14:23:20.476+0000] {spark_submit.py:579} INFO - 24/12/16 14:23:20 INFO TaskSetManager: Starting task 1.0 in stage 3.0 (TID 6) (172.18.0.9, executor 0, partition 1, PROCESS_LOCAL, 4446 bytes) taskResourceAssignments Map()
[2024-12-16T14:23:20.479+0000] {spark_submit.py:579} INFO - 24/12/16 14:23:20 INFO TaskSetManager: Finished task 14.0 in stage 3.0 (TID 3) in 654 ms on 172.18.0.9 (executor 0) (1/50)
[2024-12-16T14:23:20.480+0000] {spark_submit.py:579} INFO - 24/12/16 14:23:20 INFO TaskSetManager: Finished task 42.0 in stage 3.0 (TID 4) in 652 ms on 172.18.0.9 (executor 0) (2/50)
[2024-12-16T14:23:20.526+0000] {spark_submit.py:579} INFO - 24/12/16 14:23:20 INFO BlockManagerInfo: Added rdd_18_0 in memory on 172.18.0.9:37803 (size: 46.0 B, free: 1048.6 MiB)
[2024-12-16T14:23:20.531+0000] {spark_submit.py:579} INFO - 24/12/16 14:23:20 INFO BlockManagerInfo: Added rdd_18_1 in memory on 172.18.0.9:37803 (size: 46.0 B, free: 1048.6 MiB)
[2024-12-16T14:23:20.554+0000] {spark_submit.py:579} INFO - 24/12/16 14:23:20 INFO TaskSetManager: Starting task 2.0 in stage 3.0 (TID 7) (172.18.0.9, executor 0, partition 2, PROCESS_LOCAL, 4446 bytes) taskResourceAssignments Map()
[2024-12-16T14:23:20.555+0000] {spark_submit.py:579} INFO - 24/12/16 14:23:20 INFO TaskSetManager: Finished task 0.0 in stage 3.0 (TID 5) in 88 ms on 172.18.0.9 (executor 0) (3/50)
[2024-12-16T14:23:20.557+0000] {spark_submit.py:579} INFO - 24/12/16 14:23:20 INFO TaskSetManager: Starting task 3.0 in stage 3.0 (TID 8) (172.18.0.9, executor 0, partition 3, PROCESS_LOCAL, 4446 bytes) taskResourceAssignments Map()
[2024-12-16T14:23:20.558+0000] {spark_submit.py:579} INFO - 24/12/16 14:23:20 INFO TaskSetManager: Finished task 1.0 in stage 3.0 (TID 6) in 89 ms on 172.18.0.9 (executor 0) (4/50)
[2024-12-16T14:23:20.602+0000] {spark_submit.py:579} INFO - 24/12/16 14:23:20 INFO BlockManagerInfo: Added rdd_18_3 in memory on 172.18.0.9:37803 (size: 46.0 B, free: 1048.6 MiB)
[2024-12-16T14:23:20.603+0000] {spark_submit.py:579} INFO - 24/12/16 14:23:20 INFO BlockManagerInfo: Added rdd_18_2 in memory on 172.18.0.9:37803 (size: 46.0 B, free: 1048.6 MiB)
[2024-12-16T14:23:20.627+0000] {spark_submit.py:579} INFO - 24/12/16 14:23:20 INFO TaskSetManager: Starting task 4.0 in stage 3.0 (TID 9) (172.18.0.9, executor 0, partition 4, PROCESS_LOCAL, 4446 bytes) taskResourceAssignments Map()
[2024-12-16T14:23:20.628+0000] {spark_submit.py:579} INFO - 24/12/16 14:23:20 INFO TaskSetManager: Starting task 5.0 in stage 3.0 (TID 10) (172.18.0.9, executor 0, partition 5, PROCESS_LOCAL, 4446 bytes) taskResourceAssignments Map()
[2024-12-16T14:23:20.629+0000] {spark_submit.py:579} INFO - 24/12/16 14:23:20 INFO TaskSetManager: Finished task 2.0 in stage 3.0 (TID 7) in 75 ms on 172.18.0.9 (executor 0) (5/50)
[2024-12-16T14:23:20.630+0000] {spark_submit.py:579} INFO - 24/12/16 14:23:20 INFO TaskSetManager: Finished task 3.0 in stage 3.0 (TID 8) in 73 ms on 172.18.0.9 (executor 0) (6/50)
[2024-12-16T14:23:20.670+0000] {spark_submit.py:579} INFO - 24/12/16 14:23:20 INFO BlockManagerInfo: Added rdd_18_5 in memory on 172.18.0.9:37803 (size: 46.0 B, free: 1048.6 MiB)
[2024-12-16T14:23:20.673+0000] {spark_submit.py:579} INFO - 24/12/16 14:23:20 INFO BlockManagerInfo: Added rdd_18_4 in memory on 172.18.0.9:37803 (size: 46.0 B, free: 1048.6 MiB)
[2024-12-16T14:23:20.695+0000] {spark_submit.py:579} INFO - 24/12/16 14:23:20 INFO TaskSetManager: Starting task 6.0 in stage 3.0 (TID 11) (172.18.0.9, executor 0, partition 6, PROCESS_LOCAL, 4446 bytes) taskResourceAssignments Map()
[2024-12-16T14:23:20.696+0000] {spark_submit.py:579} INFO - 24/12/16 14:23:20 INFO TaskSetManager: Finished task 5.0 in stage 3.0 (TID 10) in 67 ms on 172.18.0.9 (executor 0) (7/50)
[2024-12-16T14:23:20.697+0000] {spark_submit.py:579} INFO - 24/12/16 14:23:20 INFO TaskSetManager: Starting task 7.0 in stage 3.0 (TID 12) (172.18.0.9, executor 0, partition 7, PROCESS_LOCAL, 4446 bytes) taskResourceAssignments Map()
[2024-12-16T14:23:20.698+0000] {spark_submit.py:579} INFO - 24/12/16 14:23:20 INFO TaskSetManager: Finished task 4.0 in stage 3.0 (TID 9) in 71 ms on 172.18.0.9 (executor 0) (8/50)
[2024-12-16T14:23:20.740+0000] {spark_submit.py:579} INFO - 24/12/16 14:23:20 INFO BlockManagerInfo: Added rdd_18_6 in memory on 172.18.0.9:37803 (size: 46.0 B, free: 1048.6 MiB)
[2024-12-16T14:23:20.740+0000] {spark_submit.py:579} INFO - 24/12/16 14:23:20 INFO BlockManagerInfo: Added rdd_18_7 in memory on 172.18.0.9:37803 (size: 46.0 B, free: 1048.6 MiB)
[2024-12-16T14:23:20.763+0000] {spark_submit.py:579} INFO - 24/12/16 14:23:20 INFO TaskSetManager: Starting task 8.0 in stage 3.0 (TID 13) (172.18.0.9, executor 0, partition 8, PROCESS_LOCAL, 4446 bytes) taskResourceAssignments Map()
[2024-12-16T14:23:20.764+0000] {spark_submit.py:579} INFO - 24/12/16 14:23:20 INFO TaskSetManager: Finished task 6.0 in stage 3.0 (TID 11) in 69 ms on 172.18.0.9 (executor 0) (9/50)
[2024-12-16T14:23:20.765+0000] {spark_submit.py:579} INFO - 24/12/16 14:23:20 INFO TaskSetManager: Starting task 9.0 in stage 3.0 (TID 14) (172.18.0.9, executor 0, partition 9, PROCESS_LOCAL, 4446 bytes) taskResourceAssignments Map()
[2024-12-16T14:23:20.765+0000] {spark_submit.py:579} INFO - 24/12/16 14:23:20 INFO TaskSetManager: Finished task 7.0 in stage 3.0 (TID 12) in 69 ms on 172.18.0.9 (executor 0) (10/50)
[2024-12-16T14:23:20.814+0000] {spark_submit.py:579} INFO - 24/12/16 14:23:20 INFO BlockManagerInfo: Added rdd_18_8 in memory on 172.18.0.9:37803 (size: 46.0 B, free: 1048.6 MiB)
[2024-12-16T14:23:20.815+0000] {spark_submit.py:579} INFO - 24/12/16 14:23:20 INFO BlockManagerInfo: Added rdd_18_9 in memory on 172.18.0.9:37803 (size: 46.0 B, free: 1048.6 MiB)
[2024-12-16T14:23:20.840+0000] {spark_submit.py:579} INFO - 24/12/16 14:23:20 INFO TaskSetManager: Starting task 10.0 in stage 3.0 (TID 15) (172.18.0.9, executor 0, partition 10, PROCESS_LOCAL, 4446 bytes) taskResourceAssignments Map()
[2024-12-16T14:23:20.841+0000] {spark_submit.py:579} INFO - 24/12/16 14:23:20 INFO TaskSetManager: Finished task 9.0 in stage 3.0 (TID 14) in 76 ms on 172.18.0.9 (executor 0) (11/50)
[2024-12-16T14:23:20.842+0000] {spark_submit.py:579} INFO - 24/12/16 14:23:20 INFO TaskSetManager: Starting task 11.0 in stage 3.0 (TID 16) (172.18.0.9, executor 0, partition 11, PROCESS_LOCAL, 4446 bytes) taskResourceAssignments Map()
[2024-12-16T14:23:20.842+0000] {spark_submit.py:579} INFO - 24/12/16 14:23:20 INFO TaskSetManager: Finished task 8.0 in stage 3.0 (TID 13) in 80 ms on 172.18.0.9 (executor 0) (12/50)
[2024-12-16T14:23:20.886+0000] {spark_submit.py:579} INFO - 24/12/16 14:23:20 INFO BlockManagerInfo: Added rdd_18_10 in memory on 172.18.0.9:37803 (size: 46.0 B, free: 1048.6 MiB)
[2024-12-16T14:23:20.887+0000] {spark_submit.py:579} INFO - 24/12/16 14:23:20 INFO BlockManagerInfo: Added rdd_18_11 in memory on 172.18.0.9:37803 (size: 46.0 B, free: 1048.6 MiB)
[2024-12-16T14:23:20.910+0000] {spark_submit.py:579} INFO - 24/12/16 14:23:20 INFO TaskSetManager: Starting task 12.0 in stage 3.0 (TID 17) (172.18.0.9, executor 0, partition 12, PROCESS_LOCAL, 4446 bytes) taskResourceAssignments Map()
[2024-12-16T14:23:20.911+0000] {spark_submit.py:579} INFO - 24/12/16 14:23:20 INFO TaskSetManager: Finished task 11.0 in stage 3.0 (TID 16) in 70 ms on 172.18.0.9 (executor 0) (13/50)
[2024-12-16T14:23:20.913+0000] {spark_submit.py:579} INFO - 24/12/16 14:23:20 INFO TaskSetManager: Starting task 13.0 in stage 3.0 (TID 18) (172.18.0.9, executor 0, partition 13, PROCESS_LOCAL, 4446 bytes) taskResourceAssignments Map()
[2024-12-16T14:23:20.915+0000] {spark_submit.py:579} INFO - 24/12/16 14:23:20 INFO TaskSetManager: Finished task 10.0 in stage 3.0 (TID 15) in 75 ms on 172.18.0.9 (executor 0) (14/50)
[2024-12-16T14:23:20.953+0000] {spark_submit.py:579} INFO - 24/12/16 14:23:20 INFO BlockManagerInfo: Added rdd_18_12 in memory on 172.18.0.9:37803 (size: 46.0 B, free: 1048.6 MiB)
[2024-12-16T14:23:20.959+0000] {spark_submit.py:579} INFO - 24/12/16 14:23:20 INFO BlockManagerInfo: Added rdd_18_13 in memory on 172.18.0.9:37803 (size: 46.0 B, free: 1048.6 MiB)
[2024-12-16T14:23:20.977+0000] {spark_submit.py:579} INFO - 24/12/16 14:23:20 INFO TaskSetManager: Starting task 15.0 in stage 3.0 (TID 19) (172.18.0.9, executor 0, partition 15, PROCESS_LOCAL, 4446 bytes) taskResourceAssignments Map()
[2024-12-16T14:23:20.979+0000] {spark_submit.py:579} INFO - 24/12/16 14:23:20 INFO TaskSetManager: Finished task 12.0 in stage 3.0 (TID 17) in 68 ms on 172.18.0.9 (executor 0) (15/50)
[2024-12-16T14:23:20.983+0000] {spark_submit.py:579} INFO - 24/12/16 14:23:20 INFO TaskSetManager: Starting task 16.0 in stage 3.0 (TID 20) (172.18.0.9, executor 0, partition 16, PROCESS_LOCAL, 4446 bytes) taskResourceAssignments Map()
[2024-12-16T14:23:20.984+0000] {spark_submit.py:579} INFO - 24/12/16 14:23:20 INFO TaskSetManager: Finished task 13.0 in stage 3.0 (TID 18) in 71 ms on 172.18.0.9 (executor 0) (16/50)
[2024-12-16T14:23:21.025+0000] {spark_submit.py:579} INFO - 24/12/16 14:23:21 INFO BlockManagerInfo: Added rdd_18_15 in memory on 172.18.0.9:37803 (size: 46.0 B, free: 1048.6 MiB)
[2024-12-16T14:23:21.030+0000] {spark_submit.py:579} INFO - 24/12/16 14:23:21 INFO BlockManagerInfo: Added rdd_18_16 in memory on 172.18.0.9:37803 (size: 46.0 B, free: 1048.6 MiB)
[2024-12-16T14:23:21.056+0000] {spark_submit.py:579} INFO - 24/12/16 14:23:21 INFO TaskSetManager: Starting task 17.0 in stage 3.0 (TID 21) (172.18.0.9, executor 0, partition 17, PROCESS_LOCAL, 4446 bytes) taskResourceAssignments Map()
[2024-12-16T14:23:21.058+0000] {spark_submit.py:579} INFO - 24/12/16 14:23:21 INFO TaskSetManager: Finished task 15.0 in stage 3.0 (TID 19) in 81 ms on 172.18.0.9 (executor 0) (17/50)
[2024-12-16T14:23:21.067+0000] {spark_submit.py:579} INFO - 24/12/16 14:23:21 INFO TaskSetManager: Starting task 18.0 in stage 3.0 (TID 22) (172.18.0.9, executor 0, partition 18, PROCESS_LOCAL, 4446 bytes) taskResourceAssignments Map()
[2024-12-16T14:23:21.069+0000] {spark_submit.py:579} INFO - 24/12/16 14:23:21 INFO TaskSetManager: Finished task 16.0 in stage 3.0 (TID 20) in 85 ms on 172.18.0.9 (executor 0) (18/50)
[2024-12-16T14:23:21.104+0000] {spark_submit.py:579} INFO - 24/12/16 14:23:21 INFO BlockManagerInfo: Added rdd_18_17 in memory on 172.18.0.9:37803 (size: 46.0 B, free: 1048.6 MiB)
[2024-12-16T14:23:21.116+0000] {spark_submit.py:579} INFO - 24/12/16 14:23:21 INFO BlockManagerInfo: Added rdd_18_18 in memory on 172.18.0.9:37803 (size: 46.0 B, free: 1048.6 MiB)
[2024-12-16T14:23:21.136+0000] {spark_submit.py:579} INFO - 24/12/16 14:23:21 INFO TaskSetManager: Starting task 19.0 in stage 3.0 (TID 23) (172.18.0.9, executor 0, partition 19, PROCESS_LOCAL, 4446 bytes) taskResourceAssignments Map()
[2024-12-16T14:23:21.138+0000] {spark_submit.py:579} INFO - 24/12/16 14:23:21 INFO TaskSetManager: Finished task 17.0 in stage 3.0 (TID 21) in 82 ms on 172.18.0.9 (executor 0) (19/50)
[2024-12-16T14:23:21.151+0000] {spark_submit.py:579} INFO - 24/12/16 14:23:21 INFO TaskSetManager: Starting task 20.0 in stage 3.0 (TID 24) (172.18.0.9, executor 0, partition 20, PROCESS_LOCAL, 4446 bytes) taskResourceAssignments Map()
[2024-12-16T14:23:21.153+0000] {spark_submit.py:579} INFO - 24/12/16 14:23:21 INFO TaskSetManager: Finished task 18.0 in stage 3.0 (TID 22) in 86 ms on 172.18.0.9 (executor 0) (20/50)
[2024-12-16T14:23:21.212+0000] {spark_submit.py:579} INFO - 24/12/16 14:23:21 INFO BlockManagerInfo: Added rdd_18_19 in memory on 172.18.0.9:37803 (size: 46.0 B, free: 1048.6 MiB)
[2024-12-16T14:23:21.219+0000] {spark_submit.py:579} INFO - 24/12/16 14:23:21 INFO BlockManagerInfo: Added rdd_18_20 in memory on 172.18.0.9:37803 (size: 46.0 B, free: 1048.6 MiB)
[2024-12-16T14:23:21.249+0000] {spark_submit.py:579} INFO - 24/12/16 14:23:21 INFO TaskSetManager: Starting task 21.0 in stage 3.0 (TID 25) (172.18.0.9, executor 0, partition 21, PROCESS_LOCAL, 4446 bytes) taskResourceAssignments Map()
[2024-12-16T14:23:21.251+0000] {spark_submit.py:579} INFO - 24/12/16 14:23:21 INFO TaskSetManager: Finished task 19.0 in stage 3.0 (TID 23) in 114 ms on 172.18.0.9 (executor 0) (21/50)
[2024-12-16T14:23:21.255+0000] {spark_submit.py:579} INFO - 24/12/16 14:23:21 INFO TaskSetManager: Starting task 22.0 in stage 3.0 (TID 26) (172.18.0.9, executor 0, partition 22, PROCESS_LOCAL, 4446 bytes) taskResourceAssignments Map()
[2024-12-16T14:23:21.257+0000] {spark_submit.py:579} INFO - 24/12/16 14:23:21 INFO TaskSetManager: Finished task 20.0 in stage 3.0 (TID 24) in 104 ms on 172.18.0.9 (executor 0) (22/50)
[2024-12-16T14:23:21.299+0000] {spark_submit.py:579} INFO - 24/12/16 14:23:21 INFO BlockManagerInfo: Added rdd_18_21 in memory on 172.18.0.9:37803 (size: 46.0 B, free: 1048.6 MiB)
[2024-12-16T14:23:21.308+0000] {spark_submit.py:579} INFO - 24/12/16 14:23:21 INFO BlockManagerInfo: Added rdd_18_22 in memory on 172.18.0.9:37803 (size: 46.0 B, free: 1048.6 MiB)
[2024-12-16T14:23:21.320+0000] {spark_submit.py:579} INFO - 24/12/16 14:23:21 INFO TaskSetManager: Starting task 23.0 in stage 3.0 (TID 27) (172.18.0.9, executor 0, partition 23, PROCESS_LOCAL, 4446 bytes) taskResourceAssignments Map()
[2024-12-16T14:23:21.321+0000] {spark_submit.py:579} INFO - 24/12/16 14:23:21 INFO TaskSetManager: Finished task 21.0 in stage 3.0 (TID 25) in 72 ms on 172.18.0.9 (executor 0) (23/50)
[2024-12-16T14:23:21.333+0000] {spark_submit.py:579} INFO - 24/12/16 14:23:21 INFO TaskSetManager: Starting task 24.0 in stage 3.0 (TID 28) (172.18.0.9, executor 0, partition 24, PROCESS_LOCAL, 4446 bytes) taskResourceAssignments Map()
[2024-12-16T14:23:21.334+0000] {spark_submit.py:579} INFO - 24/12/16 14:23:21 INFO TaskSetManager: Finished task 22.0 in stage 3.0 (TID 26) in 81 ms on 172.18.0.9 (executor 0) (24/50)
[2024-12-16T14:23:21.363+0000] {spark_submit.py:579} INFO - 24/12/16 14:23:21 INFO BlockManagerInfo: Added rdd_18_23 in memory on 172.18.0.9:37803 (size: 46.0 B, free: 1048.6 MiB)
[2024-12-16T14:23:21.372+0000] {spark_submit.py:579} INFO - 24/12/16 14:23:21 INFO BlockManagerInfo: Added rdd_18_24 in memory on 172.18.0.9:37803 (size: 46.0 B, free: 1048.6 MiB)
[2024-12-16T14:23:21.384+0000] {spark_submit.py:579} INFO - 24/12/16 14:23:21 INFO TaskSetManager: Starting task 25.0 in stage 3.0 (TID 29) (172.18.0.9, executor 0, partition 25, PROCESS_LOCAL, 4446 bytes) taskResourceAssignments Map()
[2024-12-16T14:23:21.385+0000] {spark_submit.py:579} INFO - 24/12/16 14:23:21 INFO TaskSetManager: Finished task 23.0 in stage 3.0 (TID 27) in 65 ms on 172.18.0.9 (executor 0) (25/50)
[2024-12-16T14:23:21.392+0000] {spark_submit.py:579} INFO - 24/12/16 14:23:21 INFO TaskSetManager: Starting task 26.0 in stage 3.0 (TID 30) (172.18.0.9, executor 0, partition 26, PROCESS_LOCAL, 4446 bytes) taskResourceAssignments Map()
[2024-12-16T14:23:21.393+0000] {spark_submit.py:579} INFO - 24/12/16 14:23:21 INFO TaskSetManager: Finished task 24.0 in stage 3.0 (TID 28) in 60 ms on 172.18.0.9 (executor 0) (26/50)
[2024-12-16T14:23:21.432+0000] {spark_submit.py:579} INFO - 24/12/16 14:23:21 INFO BlockManagerInfo: Added rdd_18_25 in memory on 172.18.0.9:37803 (size: 46.0 B, free: 1048.6 MiB)
[2024-12-16T14:23:21.442+0000] {spark_submit.py:579} INFO - 24/12/16 14:23:21 INFO BlockManagerInfo: Added rdd_18_26 in memory on 172.18.0.9:37803 (size: 46.0 B, free: 1048.6 MiB)
[2024-12-16T14:23:21.455+0000] {spark_submit.py:579} INFO - 24/12/16 14:23:21 INFO TaskSetManager: Starting task 27.0 in stage 3.0 (TID 31) (172.18.0.9, executor 0, partition 27, PROCESS_LOCAL, 4446 bytes) taskResourceAssignments Map()
[2024-12-16T14:23:21.456+0000] {spark_submit.py:579} INFO - 24/12/16 14:23:21 INFO TaskSetManager: Finished task 25.0 in stage 3.0 (TID 29) in 72 ms on 172.18.0.9 (executor 0) (27/50)
[2024-12-16T14:23:21.483+0000] {spark_submit.py:579} INFO - 24/12/16 14:23:21 INFO TaskSetManager: Starting task 28.0 in stage 3.0 (TID 32) (172.18.0.9, executor 0, partition 28, PROCESS_LOCAL, 4446 bytes) taskResourceAssignments Map()
[2024-12-16T14:23:21.484+0000] {spark_submit.py:579} INFO - 24/12/16 14:23:21 INFO TaskSetManager: Finished task 26.0 in stage 3.0 (TID 30) in 91 ms on 172.18.0.9 (executor 0) (28/50)
[2024-12-16T14:23:21.522+0000] {spark_submit.py:579} INFO - 24/12/16 14:23:21 INFO BlockManagerInfo: Added rdd_18_27 in memory on 172.18.0.9:37803 (size: 46.0 B, free: 1048.6 MiB)
[2024-12-16T14:23:21.533+0000] {spark_submit.py:579} INFO - 24/12/16 14:23:21 INFO BlockManagerInfo: Added rdd_18_28 in memory on 172.18.0.9:37803 (size: 46.0 B, free: 1048.6 MiB)
[2024-12-16T14:23:21.549+0000] {spark_submit.py:579} INFO - 24/12/16 14:23:21 INFO TaskSetManager: Starting task 29.0 in stage 3.0 (TID 33) (172.18.0.9, executor 0, partition 29, PROCESS_LOCAL, 4446 bytes) taskResourceAssignments Map()
[2024-12-16T14:23:21.550+0000] {spark_submit.py:579} INFO - 24/12/16 14:23:21 INFO TaskSetManager: Finished task 27.0 in stage 3.0 (TID 31) in 95 ms on 172.18.0.9 (executor 0) (29/50)
[2024-12-16T14:23:21.558+0000] {spark_submit.py:579} INFO - 24/12/16 14:23:21 INFO TaskSetManager: Starting task 30.0 in stage 3.0 (TID 34) (172.18.0.9, executor 0, partition 30, PROCESS_LOCAL, 4446 bytes) taskResourceAssignments Map()
[2024-12-16T14:23:21.559+0000] {spark_submit.py:579} INFO - 24/12/16 14:23:21 INFO TaskSetManager: Finished task 28.0 in stage 3.0 (TID 32) in 77 ms on 172.18.0.9 (executor 0) (30/50)
[2024-12-16T14:23:21.600+0000] {spark_submit.py:579} INFO - 24/12/16 14:23:21 INFO BlockManagerInfo: Added rdd_18_29 in memory on 172.18.0.9:37803 (size: 46.0 B, free: 1048.6 MiB)
[2024-12-16T14:23:21.602+0000] {spark_submit.py:579} INFO - 24/12/16 14:23:21 INFO BlockManagerInfo: Added rdd_18_30 in memory on 172.18.0.9:37803 (size: 46.0 B, free: 1048.6 MiB)
[2024-12-16T14:23:21.618+0000] {spark_submit.py:579} INFO - 24/12/16 14:23:21 INFO TaskSetManager: Starting task 31.0 in stage 3.0 (TID 35) (172.18.0.9, executor 0, partition 31, PROCESS_LOCAL, 4446 bytes) taskResourceAssignments Map()
[2024-12-16T14:23:21.619+0000] {spark_submit.py:579} INFO - 24/12/16 14:23:21 INFO TaskSetManager: Finished task 29.0 in stage 3.0 (TID 33) in 70 ms on 172.18.0.9 (executor 0) (31/50)
[2024-12-16T14:23:21.620+0000] {spark_submit.py:579} INFO - 24/12/16 14:23:21 INFO TaskSetManager: Starting task 32.0 in stage 3.0 (TID 36) (172.18.0.9, executor 0, partition 32, PROCESS_LOCAL, 4446 bytes) taskResourceAssignments Map()
[2024-12-16T14:23:21.621+0000] {spark_submit.py:579} INFO - 24/12/16 14:23:21 INFO TaskSetManager: Finished task 30.0 in stage 3.0 (TID 34) in 63 ms on 172.18.0.9 (executor 0) (32/50)
[2024-12-16T14:23:21.659+0000] {spark_submit.py:579} INFO - 24/12/16 14:23:21 INFO BlockManagerInfo: Added rdd_18_32 in memory on 172.18.0.9:37803 (size: 46.0 B, free: 1048.6 MiB)
[2024-12-16T14:23:21.663+0000] {spark_submit.py:579} INFO - 24/12/16 14:23:21 INFO BlockManagerInfo: Added rdd_18_31 in memory on 172.18.0.9:37803 (size: 46.0 B, free: 1048.6 MiB)
[2024-12-16T14:23:21.677+0000] {spark_submit.py:579} INFO - 24/12/16 14:23:21 INFO TaskSetManager: Starting task 33.0 in stage 3.0 (TID 37) (172.18.0.9, executor 0, partition 33, PROCESS_LOCAL, 4446 bytes) taskResourceAssignments Map()
[2024-12-16T14:23:21.678+0000] {spark_submit.py:579} INFO - 24/12/16 14:23:21 INFO TaskSetManager: Finished task 32.0 in stage 3.0 (TID 36) in 58 ms on 172.18.0.9 (executor 0) (33/50)
[2024-12-16T14:23:21.685+0000] {spark_submit.py:579} INFO - 24/12/16 14:23:21 INFO TaskSetManager: Starting task 34.0 in stage 3.0 (TID 38) (172.18.0.9, executor 0, partition 34, PROCESS_LOCAL, 4446 bytes) taskResourceAssignments Map()
[2024-12-16T14:23:21.686+0000] {spark_submit.py:579} INFO - 24/12/16 14:23:21 INFO TaskSetManager: Finished task 31.0 in stage 3.0 (TID 35) in 67 ms on 172.18.0.9 (executor 0) (34/50)
[2024-12-16T14:23:21.715+0000] {spark_submit.py:579} INFO - 24/12/16 14:23:21 INFO BlockManagerInfo: Added rdd_18_33 in memory on 172.18.0.9:37803 (size: 46.0 B, free: 1048.6 MiB)
[2024-12-16T14:23:21.722+0000] {spark_submit.py:579} INFO - 24/12/16 14:23:21 INFO BlockManagerInfo: Added rdd_18_34 in memory on 172.18.0.9:37803 (size: 46.0 B, free: 1048.6 MiB)
[2024-12-16T14:23:21.732+0000] {spark_submit.py:579} INFO - 24/12/16 14:23:21 INFO TaskSetManager: Starting task 35.0 in stage 3.0 (TID 39) (172.18.0.9, executor 0, partition 35, PROCESS_LOCAL, 4446 bytes) taskResourceAssignments Map()
[2024-12-16T14:23:21.733+0000] {spark_submit.py:579} INFO - 24/12/16 14:23:21 INFO TaskSetManager: Finished task 33.0 in stage 3.0 (TID 37) in 56 ms on 172.18.0.9 (executor 0) (35/50)
[2024-12-16T14:23:21.742+0000] {spark_submit.py:579} INFO - 24/12/16 14:23:21 INFO TaskSetManager: Starting task 36.0 in stage 3.0 (TID 40) (172.18.0.9, executor 0, partition 36, PROCESS_LOCAL, 4446 bytes) taskResourceAssignments Map()
[2024-12-16T14:23:21.743+0000] {spark_submit.py:579} INFO - 24/12/16 14:23:21 INFO TaskSetManager: Finished task 34.0 in stage 3.0 (TID 38) in 58 ms on 172.18.0.9 (executor 0) (36/50)
[2024-12-16T14:23:21.771+0000] {spark_submit.py:579} INFO - 24/12/16 14:23:21 INFO BlockManagerInfo: Added rdd_18_35 in memory on 172.18.0.9:37803 (size: 46.0 B, free: 1048.6 MiB)
[2024-12-16T14:23:21.780+0000] {spark_submit.py:579} INFO - 24/12/16 14:23:21 INFO BlockManagerInfo: Added rdd_18_36 in memory on 172.18.0.9:37803 (size: 46.0 B, free: 1048.6 MiB)
[2024-12-16T14:23:21.789+0000] {spark_submit.py:579} INFO - 24/12/16 14:23:21 INFO TaskSetManager: Starting task 37.0 in stage 3.0 (TID 41) (172.18.0.9, executor 0, partition 37, PROCESS_LOCAL, 4446 bytes) taskResourceAssignments Map()
[2024-12-16T14:23:21.789+0000] {spark_submit.py:579} INFO - 24/12/16 14:23:21 INFO TaskSetManager: Finished task 35.0 in stage 3.0 (TID 39) in 57 ms on 172.18.0.9 (executor 0) (37/50)
[2024-12-16T14:23:21.800+0000] {spark_submit.py:579} INFO - 24/12/16 14:23:21 INFO TaskSetManager: Starting task 38.0 in stage 3.0 (TID 42) (172.18.0.9, executor 0, partition 38, PROCESS_LOCAL, 4446 bytes) taskResourceAssignments Map()
[2024-12-16T14:23:21.802+0000] {spark_submit.py:579} INFO - 24/12/16 14:23:21 INFO TaskSetManager: Finished task 36.0 in stage 3.0 (TID 40) in 60 ms on 172.18.0.9 (executor 0) (38/50)
[2024-12-16T14:23:21.829+0000] {spark_submit.py:579} INFO - 24/12/16 14:23:21 INFO BlockManagerInfo: Added rdd_18_37 in memory on 172.18.0.9:37803 (size: 46.0 B, free: 1048.6 MiB)
[2024-12-16T14:23:21.837+0000] {spark_submit.py:579} INFO - 24/12/16 14:23:21 INFO BlockManagerInfo: Added rdd_18_38 in memory on 172.18.0.9:37803 (size: 46.0 B, free: 1048.6 MiB)
[2024-12-16T14:23:21.849+0000] {spark_submit.py:579} INFO - 24/12/16 14:23:21 INFO TaskSetManager: Starting task 39.0 in stage 3.0 (TID 43) (172.18.0.9, executor 0, partition 39, PROCESS_LOCAL, 4446 bytes) taskResourceAssignments Map()
[2024-12-16T14:23:21.850+0000] {spark_submit.py:579} INFO - 24/12/16 14:23:21 INFO TaskSetManager: Finished task 37.0 in stage 3.0 (TID 41) in 61 ms on 172.18.0.9 (executor 0) (39/50)
[2024-12-16T14:23:21.860+0000] {spark_submit.py:579} INFO - 24/12/16 14:23:21 INFO TaskSetManager: Starting task 40.0 in stage 3.0 (TID 44) (172.18.0.9, executor 0, partition 40, PROCESS_LOCAL, 4446 bytes) taskResourceAssignments Map()
[2024-12-16T14:23:21.860+0000] {spark_submit.py:579} INFO - 24/12/16 14:23:21 INFO TaskSetManager: Finished task 38.0 in stage 3.0 (TID 42) in 60 ms on 172.18.0.9 (executor 0) (40/50)
[2024-12-16T14:23:21.885+0000] {spark_submit.py:579} INFO - 24/12/16 14:23:21 INFO BlockManagerInfo: Added rdd_18_39 in memory on 172.18.0.9:37803 (size: 46.0 B, free: 1048.6 MiB)
[2024-12-16T14:23:21.895+0000] {spark_submit.py:579} INFO - 24/12/16 14:23:21 INFO BlockManagerInfo: Added rdd_18_40 in memory on 172.18.0.9:37803 (size: 46.0 B, free: 1048.6 MiB)
[2024-12-16T14:23:21.905+0000] {spark_submit.py:579} INFO - 24/12/16 14:23:21 INFO TaskSetManager: Starting task 41.0 in stage 3.0 (TID 45) (172.18.0.9, executor 0, partition 41, PROCESS_LOCAL, 4446 bytes) taskResourceAssignments Map()
[2024-12-16T14:23:21.907+0000] {spark_submit.py:579} INFO - 24/12/16 14:23:21 INFO TaskSetManager: Finished task 39.0 in stage 3.0 (TID 43) in 58 ms on 172.18.0.9 (executor 0) (41/50)
[2024-12-16T14:23:21.917+0000] {spark_submit.py:579} INFO - 24/12/16 14:23:21 INFO TaskSetManager: Starting task 43.0 in stage 3.0 (TID 46) (172.18.0.9, executor 0, partition 43, PROCESS_LOCAL, 4446 bytes) taskResourceAssignments Map()
[2024-12-16T14:23:21.918+0000] {spark_submit.py:579} INFO - 24/12/16 14:23:21 INFO TaskSetManager: Finished task 40.0 in stage 3.0 (TID 44) in 59 ms on 172.18.0.9 (executor 0) (42/50)
[2024-12-16T14:23:21.958+0000] {spark_submit.py:579} INFO - 24/12/16 14:23:21 INFO BlockManagerInfo: Added rdd_18_41 in memory on 172.18.0.9:37803 (size: 46.0 B, free: 1048.6 MiB)
[2024-12-16T14:23:21.969+0000] {spark_submit.py:579} INFO - 24/12/16 14:23:21 INFO BlockManagerInfo: Added rdd_18_43 in memory on 172.18.0.9:37803 (size: 46.0 B, free: 1048.6 MiB)
[2024-12-16T14:23:21.982+0000] {spark_submit.py:579} INFO - 24/12/16 14:23:21 INFO TaskSetManager: Starting task 44.0 in stage 3.0 (TID 47) (172.18.0.9, executor 0, partition 44, PROCESS_LOCAL, 4446 bytes) taskResourceAssignments Map()
[2024-12-16T14:23:21.982+0000] {spark_submit.py:579} INFO - 24/12/16 14:23:21 INFO TaskSetManager: Finished task 41.0 in stage 3.0 (TID 45) in 76 ms on 172.18.0.9 (executor 0) (43/50)
[2024-12-16T14:23:22.000+0000] {spark_submit.py:579} INFO - 24/12/16 14:23:22 INFO TaskSetManager: Starting task 45.0 in stage 3.0 (TID 48) (172.18.0.9, executor 0, partition 45, PROCESS_LOCAL, 4446 bytes) taskResourceAssignments Map()
[2024-12-16T14:23:22.001+0000] {spark_submit.py:579} INFO - 24/12/16 14:23:22 INFO TaskSetManager: Finished task 43.0 in stage 3.0 (TID 46) in 83 ms on 172.18.0.9 (executor 0) (44/50)
[2024-12-16T14:23:22.028+0000] {spark_submit.py:579} INFO - 24/12/16 14:23:22 INFO BlockManagerInfo: Added rdd_18_44 in memory on 172.18.0.9:37803 (size: 46.0 B, free: 1048.6 MiB)
[2024-12-16T14:23:22.046+0000] {spark_submit.py:579} INFO - 24/12/16 14:23:22 INFO BlockManagerInfo: Added rdd_18_45 in memory on 172.18.0.9:37803 (size: 46.0 B, free: 1048.6 MiB)
[2024-12-16T14:23:22.054+0000] {spark_submit.py:579} INFO - 24/12/16 14:23:22 INFO TaskSetManager: Starting task 46.0 in stage 3.0 (TID 49) (172.18.0.9, executor 0, partition 46, PROCESS_LOCAL, 4446 bytes) taskResourceAssignments Map()
[2024-12-16T14:23:22.055+0000] {spark_submit.py:579} INFO - 24/12/16 14:23:22 INFO TaskSetManager: Finished task 44.0 in stage 3.0 (TID 47) in 75 ms on 172.18.0.9 (executor 0) (45/50)
[2024-12-16T14:23:22.068+0000] {spark_submit.py:579} INFO - 24/12/16 14:23:22 INFO TaskSetManager: Starting task 47.0 in stage 3.0 (TID 50) (172.18.0.9, executor 0, partition 47, PROCESS_LOCAL, 4446 bytes) taskResourceAssignments Map()
[2024-12-16T14:23:22.069+0000] {spark_submit.py:579} INFO - 24/12/16 14:23:22 INFO TaskSetManager: Finished task 45.0 in stage 3.0 (TID 48) in 69 ms on 172.18.0.9 (executor 0) (46/50)
[2024-12-16T14:23:22.099+0000] {spark_submit.py:579} INFO - 24/12/16 14:23:22 INFO BlockManagerInfo: Added rdd_18_46 in memory on 172.18.0.9:37803 (size: 46.0 B, free: 1048.6 MiB)
[2024-12-16T14:23:22.111+0000] {spark_submit.py:579} INFO - 24/12/16 14:23:22 INFO BlockManagerInfo: Added rdd_18_47 in memory on 172.18.0.9:37803 (size: 46.0 B, free: 1048.6 MiB)
[2024-12-16T14:23:22.120+0000] {spark_submit.py:579} INFO - 24/12/16 14:23:22 INFO TaskSetManager: Starting task 48.0 in stage 3.0 (TID 51) (172.18.0.9, executor 0, partition 48, PROCESS_LOCAL, 4446 bytes) taskResourceAssignments Map()
[2024-12-16T14:23:22.122+0000] {spark_submit.py:579} INFO - 24/12/16 14:23:22 INFO TaskSetManager: Finished task 46.0 in stage 3.0 (TID 49) in 68 ms on 172.18.0.9 (executor 0) (47/50)
[2024-12-16T14:23:22.132+0000] {spark_submit.py:579} INFO - 24/12/16 14:23:22 INFO TaskSetManager: Starting task 49.0 in stage 3.0 (TID 52) (172.18.0.9, executor 0, partition 49, PROCESS_LOCAL, 4446 bytes) taskResourceAssignments Map()
[2024-12-16T14:23:22.133+0000] {spark_submit.py:579} INFO - 24/12/16 14:23:22 INFO TaskSetManager: Finished task 47.0 in stage 3.0 (TID 50) in 65 ms on 172.18.0.9 (executor 0) (48/50)
[2024-12-16T14:23:22.181+0000] {spark_submit.py:579} INFO - 24/12/16 14:23:22 INFO BlockManagerInfo: Added rdd_18_48 in memory on 172.18.0.9:37803 (size: 46.0 B, free: 1048.6 MiB)
[2024-12-16T14:23:22.191+0000] {spark_submit.py:579} INFO - 24/12/16 14:23:22 INFO BlockManagerInfo: Added rdd_18_49 in memory on 172.18.0.9:37803 (size: 46.0 B, free: 1048.6 MiB)
[2024-12-16T14:23:22.207+0000] {spark_submit.py:579} INFO - 24/12/16 14:23:22 INFO TaskSetManager: Finished task 48.0 in stage 3.0 (TID 51) in 86 ms on 172.18.0.9 (executor 0) (49/50)
[2024-12-16T14:23:22.212+0000] {spark_submit.py:579} INFO - 24/12/16 14:23:22 INFO TaskSetManager: Finished task 49.0 in stage 3.0 (TID 52) in 80 ms on 172.18.0.9 (executor 0) (50/50)
[2024-12-16T14:23:22.213+0000] {spark_submit.py:579} INFO - 24/12/16 14:23:22 INFO TaskSchedulerImpl: Removed TaskSet 3.0, whose tasks have all completed, from pool
[2024-12-16T14:23:22.213+0000] {spark_submit.py:579} INFO - 24/12/16 14:23:22 INFO DAGScheduler: ShuffleMapStage 3 (toString at String.java:2951) finished in 2.476 s
[2024-12-16T14:23:22.214+0000] {spark_submit.py:579} INFO - 24/12/16 14:23:22 INFO DAGScheduler: looking for newly runnable stages
[2024-12-16T14:23:22.215+0000] {spark_submit.py:579} INFO - 24/12/16 14:23:22 INFO DAGScheduler: running: Set()
[2024-12-16T14:23:22.215+0000] {spark_submit.py:579} INFO - 24/12/16 14:23:22 INFO DAGScheduler: waiting: Set()
[2024-12-16T14:23:22.216+0000] {spark_submit.py:579} INFO - 24/12/16 14:23:22 INFO DAGScheduler: failed: Set()
[2024-12-16T14:23:22.257+0000] {spark_submit.py:579} INFO - 24/12/16 14:23:22 INFO BlockManagerInfo: Removed broadcast_5_piece0 on 172.18.0.9:37803 in memory (size: 102.6 KiB, free: 1048.7 MiB)
[2024-12-16T14:23:22.260+0000] {spark_submit.py:579} INFO - 24/12/16 14:23:22 INFO BlockManagerInfo: Removed broadcast_5_piece0 on a2b73f6a4b3a:41901 in memory (size: 102.6 KiB, free: 434.3 MiB)
[2024-12-16T14:23:22.265+0000] {spark_submit.py:579} INFO - 24/12/16 14:23:22 INFO SparkContext: Starting job: toString at String.java:2951
[2024-12-16T14:23:22.266+0000] {spark_submit.py:579} INFO - 24/12/16 14:23:22 INFO DAGScheduler: Got job 4 (toString at String.java:2951) with 1 output partitions
[2024-12-16T14:23:22.267+0000] {spark_submit.py:579} INFO - 24/12/16 14:23:22 INFO DAGScheduler: Final stage: ResultStage 6 (toString at String.java:2951)
[2024-12-16T14:23:22.268+0000] {spark_submit.py:579} INFO - 24/12/16 14:23:22 INFO DAGScheduler: Parents of final stage: List(ShuffleMapStage 5)
[2024-12-16T14:23:22.268+0000] {spark_submit.py:579} INFO - 24/12/16 14:23:22 INFO DAGScheduler: Missing parents: List()
[2024-12-16T14:23:22.272+0000] {spark_submit.py:579} INFO - 24/12/16 14:23:22 INFO DAGScheduler: Submitting ResultStage 6 (MapPartitionsRDD[24] at toString at String.java:2951), which has no missing parents
[2024-12-16T14:23:22.277+0000] {spark_submit.py:579} INFO - 24/12/16 14:23:22 INFO MemoryStore: Block broadcast_6 stored as values in memory (estimated size 372.3 KiB, free 433.3 MiB)
[2024-12-16T14:23:22.280+0000] {spark_submit.py:579} INFO - 24/12/16 14:23:22 INFO MemoryStore: Block broadcast_6_piece0 stored as bytes in memory (estimated size 91.6 KiB, free 433.2 MiB)
[2024-12-16T14:23:22.281+0000] {spark_submit.py:579} INFO - 24/12/16 14:23:22 INFO BlockManagerInfo: Added broadcast_6_piece0 in memory on a2b73f6a4b3a:41901 (size: 91.6 KiB, free: 434.2 MiB)
[2024-12-16T14:23:22.284+0000] {spark_submit.py:579} INFO - 24/12/16 14:23:22 INFO SparkContext: Created broadcast 6 from broadcast at DAGScheduler.scala:1513
[2024-12-16T14:23:22.285+0000] {spark_submit.py:579} INFO - 24/12/16 14:23:22 INFO DAGScheduler: Submitting 1 missing tasks from ResultStage 6 (MapPartitionsRDD[24] at toString at String.java:2951) (first 15 tasks are for partitions Vector(0))
[2024-12-16T14:23:22.286+0000] {spark_submit.py:579} INFO - 24/12/16 14:23:22 INFO TaskSchedulerImpl: Adding task set 6.0 with 1 tasks resource profile 0
[2024-12-16T14:23:22.286+0000] {spark_submit.py:579} INFO - 24/12/16 14:23:22 INFO TaskSetManager: Starting task 0.0 in stage 6.0 (TID 53) (172.18.0.9, executor 0, partition 0, NODE_LOCAL, 4457 bytes) taskResourceAssignments Map()
[2024-12-16T14:23:22.299+0000] {spark_submit.py:579} INFO - 24/12/16 14:23:22 INFO BlockManagerInfo: Added broadcast_6_piece0 in memory on 172.18.0.9:37803 (size: 91.6 KiB, free: 1048.6 MiB)
[2024-12-16T14:23:22.376+0000] {spark_submit.py:579} INFO - 24/12/16 14:23:22 INFO MapOutputTrackerMasterEndpoint: Asked to send map output locations for shuffle 1 to 172.18.0.9:46524
[2024-12-16T14:23:22.454+0000] {spark_submit.py:579} INFO - 24/12/16 14:23:22 INFO TaskSetManager: Finished task 0.0 in stage 6.0 (TID 53) in 171 ms on 172.18.0.9 (executor 0) (1/1)
[2024-12-16T14:23:22.455+0000] {spark_submit.py:579} INFO - 24/12/16 14:23:22 INFO TaskSchedulerImpl: Removed TaskSet 6.0, whose tasks have all completed, from pool
[2024-12-16T14:23:22.463+0000] {spark_submit.py:579} INFO - 24/12/16 14:23:22 INFO DAGScheduler: ResultStage 6 (toString at String.java:2951) finished in 0.183 s
[2024-12-16T14:23:22.464+0000] {spark_submit.py:579} INFO - 24/12/16 14:23:22 INFO DAGScheduler: Job 4 is finished. Cancelling potential speculative or zombie tasks for this job
[2024-12-16T14:23:22.465+0000] {spark_submit.py:579} INFO - 24/12/16 14:23:22 INFO TaskSchedulerImpl: Killing all running tasks in stage 6: Stage finished
[2024-12-16T14:23:22.465+0000] {spark_submit.py:579} INFO - 24/12/16 14:23:22 INFO DAGScheduler: Job 4 finished: toString at String.java:2951, took 0.191005 s
[2024-12-16T14:23:22.513+0000] {spark_submit.py:579} INFO - 24/12/16 14:23:22 INFO CodeGenerator: Code generated in 32.117329 ms
[2024-12-16T14:23:22.519+0000] {spark_submit.py:579} INFO - 24/12/16 14:23:22 INFO Snapshot: [tableId=d179730f-2e84-4568-a29f-bc733a68da46] DELTA: Done
[2024-12-16T14:23:22.520+0000] {spark_submit.py:579} INFO - 24/12/16 14:23:22 INFO Snapshot: [tableId=d179730f-2e84-4568-a29f-bc733a68da46] Created snapshot Snapshot(path=s3a://lakehouse/sliver/movies/_delta_log, version=0, metadata=Metadata(47482248-9114-4dee-9d8d-c0ec44a3f810,null,null,Format(parquet,Map()),{"type":"struct","fields":[{"name":"budget","type":"integer","nullable":true,"metadata":{}},{"name":"genres","type":"string","nullable":true,"metadata":{}},{"name":"genres_convert","type":"string","nullable":true,"metadata":{}},{"name":"id","type":"string","nullable":true,"metadata":{}},{"name":"imdb_id","type":"string","nullable":true,"metadata":{}},{"name":"original_language","type":"string","nullable":true,"metadata":{}},{"name":"original_title","type":"string","nullable":true,"metadata":{}},{"name":"overview","type":"string","nullable":true,"metadata":{}},{"name":"popularity","type":"string","nullable":true,"metadata":{}},{"name":"poster_path","type":"string","nullable":true,"metadata":{}},{"name":"release_date","type":"date","nullable":true,"metadata":{}},{"name":"revenue","type":"double","nullable":true,"metadata":{}},{"name":"status","type":"string","nullable":true,"metadata":{}},{"name":"tagline","type":"string","nullable":true,"metadata":{}},{"name":"time","type":"string","nullable":true,"metadata":{}},{"name":"title","type":"string","nullable":true,"metadata":{}},{"name":"vote_average","type":"double","nullable":true,"metadata":{}},{"name":"vote_count","type":"double","nullable":true,"metadata":{}}]},List(),Map(),Some(1734358905866)), logSegment=LogSegment(s3a://lakehouse/sliver/movies/_delta_log,0,WrappedArray(S3AFileStatus{path=s3a://lakehouse/sliver/movies/_delta_log/00000000000000000000.json; isDirectory=false; length=3718; replication=1; blocksize=33554432; modification_time=1734358997916; access_time=0; owner=***; group=***; permission=rw-rw-rw-; isSymlink=false; hasAcl=false; isEncrypted=true; isErasureCoded=false} isEmptyDirectory=FALSE eTag=f027600b2a0396954b7cd0c2b91f6dca versionId=null),List(),None,1734358997916), checksumOpt=None)
[2024-12-16T14:23:22.521+0000] {spark_submit.py:579} INFO - 24/12/16 14:23:22 INFO DeltaLog: Updated snapshot to Snapshot(path=s3a://lakehouse/sliver/movies/_delta_log, version=0, metadata=Metadata(47482248-9114-4dee-9d8d-c0ec44a3f810,null,null,Format(parquet,Map()),{"type":"struct","fields":[{"name":"budget","type":"integer","nullable":true,"metadata":{}},{"name":"genres","type":"string","nullable":true,"metadata":{}},{"name":"genres_convert","type":"string","nullable":true,"metadata":{}},{"name":"id","type":"string","nullable":true,"metadata":{}},{"name":"imdb_id","type":"string","nullable":true,"metadata":{}},{"name":"original_language","type":"string","nullable":true,"metadata":{}},{"name":"original_title","type":"string","nullable":true,"metadata":{}},{"name":"overview","type":"string","nullable":true,"metadata":{}},{"name":"popularity","type":"string","nullable":true,"metadata":{}},{"name":"poster_path","type":"string","nullable":true,"metadata":{}},{"name":"release_date","type":"date","nullable":true,"metadata":{}},{"name":"revenue","type":"double","nullable":true,"metadata":{}},{"name":"status","type":"string","nullable":true,"metadata":{}},{"name":"tagline","type":"string","nullable":true,"metadata":{}},{"name":"time","type":"string","nullable":true,"metadata":{}},{"name":"title","type":"string","nullable":true,"metadata":{}},{"name":"vote_average","type":"double","nullable":true,"metadata":{}},{"name":"vote_count","type":"double","nullable":true,"metadata":{}}]},List(),Map(),Some(1734358905866)), logSegment=LogSegment(s3a://lakehouse/sliver/movies/_delta_log,0,WrappedArray(S3AFileStatus{path=s3a://lakehouse/sliver/movies/_delta_log/00000000000000000000.json; isDirectory=false; length=3718; replication=1; blocksize=33554432; modification_time=1734358997916; access_time=0; owner=***; group=***; permission=rw-rw-rw-; isSymlink=false; hasAcl=false; isEncrypted=true; isErasureCoded=false} isEmptyDirectory=FALSE eTag=f027600b2a0396954b7cd0c2b91f6dca versionId=null),List(),None,1734358997916), checksumOpt=None)
[2024-12-16T14:23:22.550+0000] {spark_submit.py:579} INFO - 24/12/16 14:23:22 INFO OptimisticTransaction: [tableId=d179730f,txnId=c15c5954] Committed delta #0 to s3a://lakehouse/sliver/movies/_delta_log
[2024-12-16T14:23:22.556+0000] {spark_submit.py:579} INFO - 2024-12-16 14:23:22,555 INFO: Data cleaning and saving process completed successfully.
[2024-12-16T14:23:22.565+0000] {spark_submit.py:579} INFO - 24/12/16 14:23:22 INFO SparkUI: Stopped Spark web UI at http://a2b73f6a4b3a:4042
[2024-12-16T14:23:22.572+0000] {spark_submit.py:579} INFO - 24/12/16 14:23:22 INFO StandaloneSchedulerBackend: Shutting down all executors
[2024-12-16T14:23:22.573+0000] {spark_submit.py:579} INFO - 24/12/16 14:23:22 INFO CoarseGrainedSchedulerBackend$DriverEndpoint: Asking each executor to shut down
[2024-12-16T14:23:22.606+0000] {spark_submit.py:579} INFO - 24/12/16 14:23:22 INFO MapOutputTrackerMasterEndpoint: MapOutputTrackerMasterEndpoint stopped!
[2024-12-16T14:23:22.652+0000] {spark_submit.py:579} INFO - 24/12/16 14:23:22 INFO MemoryStore: MemoryStore cleared
[2024-12-16T14:23:22.654+0000] {spark_submit.py:579} INFO - 24/12/16 14:23:22 INFO BlockManager: BlockManager stopped
[2024-12-16T14:23:22.654+0000] {spark_submit.py:579} INFO - 24/12/16 14:23:22 INFO BlockManagerMaster: BlockManagerMaster stopped
[2024-12-16T14:23:22.659+0000] {spark_submit.py:579} INFO - 24/12/16 14:23:22 INFO OutputCommitCoordinator$OutputCommitCoordinatorEndpoint: OutputCommitCoordinator stopped!
[2024-12-16T14:23:22.678+0000] {spark_submit.py:579} INFO - 24/12/16 14:23:22 INFO SparkContext: Successfully stopped SparkContext
[2024-12-16T14:23:23.166+0000] {spark_submit.py:579} INFO - 2024-12-16 14:23:23,166 INFO: Closing down clientserver connection
[2024-12-16T14:23:23.225+0000] {spark_submit.py:579} INFO - 24/12/16 14:23:23 INFO ShutdownHookManager: Shutdown hook called
[2024-12-16T14:23:23.227+0000] {spark_submit.py:579} INFO - 24/12/16 14:23:23 INFO ShutdownHookManager: Deleting directory /tmp/spark-9934d9e1-30e6-44cd-a77e-1f598ecc410b
[2024-12-16T14:23:23.234+0000] {spark_submit.py:579} INFO - 24/12/16 14:23:23 INFO ShutdownHookManager: Deleting directory /tmp/spark-29f2978d-d8d0-444b-a1f0-2a5ded137a5b
[2024-12-16T14:23:23.239+0000] {spark_submit.py:579} INFO - 24/12/16 14:23:23 INFO ShutdownHookManager: Deleting directory /tmp/spark-9934d9e1-30e6-44cd-a77e-1f598ecc410b/pyspark-07ea678a-2844-4b74-b6f8-d76d644b7a1d
[2024-12-16T14:23:23.246+0000] {spark_submit.py:579} INFO - 24/12/16 14:23:23 INFO MetricsSystemImpl: Stopping s3a-file-system metrics system...
[2024-12-16T14:23:23.247+0000] {spark_submit.py:579} INFO - 24/12/16 14:23:23 INFO MetricsSystemImpl: s3a-file-system metrics system stopped.
[2024-12-16T14:23:23.247+0000] {spark_submit.py:579} INFO - 24/12/16 14:23:23 INFO MetricsSystemImpl: s3a-file-system metrics system shutdown complete.
[2024-12-16T14:23:23.361+0000] {taskinstance.py:1400} INFO - Marking task as SUCCESS. dag_id=All_Layer, task_id=clean_movies, execution_date=20241216T142051, start_date=20241216T142113, end_date=20241216T142323
[2024-12-16T14:23:23.401+0000] {local_task_job_runner.py:228} INFO - Task exited with return code 0
[2024-12-16T14:23:23.432+0000] {taskinstance.py:2778} INFO - 0 downstream tasks scheduled from follow-on schedule check
