[2025-01-23T03:59:37.184+0000] {taskinstance.py:1159} INFO - Dependencies all met for dep_context=non-requeueable deps ti=<TaskInstance: All_Layer.clean_rating manual__2025-01-23T03:54:02.576089+00:00 [queued]>
[2025-01-23T03:59:37.198+0000] {taskinstance.py:1159} INFO - Dependencies all met for dep_context=requeueable deps ti=<TaskInstance: All_Layer.clean_rating manual__2025-01-23T03:54:02.576089+00:00 [queued]>
[2025-01-23T03:59:37.199+0000] {taskinstance.py:1361} INFO - Starting attempt 2 of 2
[2025-01-23T03:59:37.216+0000] {taskinstance.py:1382} INFO - Executing <Task(SparkSubmitOperator): clean_rating> on 2025-01-23 03:54:02.576089+00:00
[2025-01-23T03:59:37.223+0000] {standard_task_runner.py:57} INFO - Started process 10632 to run task
[2025-01-23T03:59:37.230+0000] {standard_task_runner.py:84} INFO - Running: ['***', 'tasks', 'run', 'All_Layer', 'clean_rating', 'manual__2025-01-23T03:54:02.576089+00:00', '--job-id', '66', '--raw', '--subdir', 'DAGS_FOLDER/All_Offi.py', '--cfg-path', '/tmp/tmplozx4dpv']
[2025-01-23T03:59:37.233+0000] {standard_task_runner.py:85} INFO - Job 66: Subtask clean_rating
[2025-01-23T03:59:37.287+0000] {task_command.py:416} INFO - Running <TaskInstance: All_Layer.clean_rating manual__2025-01-23T03:54:02.576089+00:00 [running]> on host 73fc507ad5e4
[2025-01-23T03:59:37.384+0000] {taskinstance.py:1662} INFO - Exporting env vars: AIRFLOW_CTX_DAG_OWNER='***' AIRFLOW_CTX_DAG_ID='All_Layer' AIRFLOW_CTX_TASK_ID='clean_rating' AIRFLOW_CTX_EXECUTION_DATE='2025-01-23T03:54:02.576089+00:00' AIRFLOW_CTX_TRY_NUMBER='2' AIRFLOW_CTX_DAG_RUN_ID='manual__2025-01-23T03:54:02.576089+00:00'
[2025-01-23T03:59:37.396+0000] {base.py:73} INFO - Using connection ID 'spark-conn' for task execution.
[2025-01-23T03:59:37.400+0000] {spark_submit.py:403} INFO - Spark-Submit cmd: spark-submit --master spark://spark-master:7077 --conf spark.sql.extensions=io.delta.sql.DeltaSparkSessionExtension --conf spark.sql.catalog.spark_catalog=org.apache.spark.sql.delta.catalog.DeltaCatalog --jars /opt/***/jars/hadoop-aws-3.3.4.jar,/opt/***/jars/s3-2.18.41.jar,/opt/***/jars/aws-java-sdk-bundle-1.12.262.jar,/opt/***/jars/aws-java-sdk-1.12.367.jar,/opt/***/jars/delta-core_2.12-2.2.0.jar,/opt/***/jars/delta-storage-2.2.0.jar, --packages org.apache.hadoop:hadoop-aws:3.3.4 --num-executors 2 --total-executor-cores 2 --executor-cores 2 --executor-memory 1g --driver-memory 1g --name arrow-spark --deploy-mode client /opt/***/jobs/python/processing_rating.py s3a://lakehouse/bronze/ratings.parquet s3a://lakehouse/silver/ratings
[2025-01-23T03:59:37.610+0000] {spark_submit.py:579} INFO - /home/***/.local/lib/python3.9/site-packages/pyspark/bin/load-spark-env.sh: line 68: ps: command not found
[2025-01-23T03:59:42.137+0000] {spark_submit.py:579} INFO - :: loading settings :: url = jar:file:/home/***/.local/lib/python3.9/site-packages/pyspark/jars/ivy-2.5.1.jar!/org/apache/ivy/core/settings/ivysettings.xml
[2025-01-23T03:59:42.521+0000] {spark_submit.py:579} INFO - Ivy Default Cache set to: /home/***/.ivy2/cache
[2025-01-23T03:59:42.522+0000] {spark_submit.py:579} INFO - The jars for the packages stored in: /home/***/.ivy2/jars
[2025-01-23T03:59:42.543+0000] {spark_submit.py:579} INFO - org.apache.hadoop#hadoop-aws added as a dependency
[2025-01-23T03:59:42.547+0000] {spark_submit.py:579} INFO - :: resolving dependencies :: org.apache.spark#spark-submit-parent-dc819051-36e7-4e81-b945-d280c0e0d544;1.0
[2025-01-23T03:59:42.548+0000] {spark_submit.py:579} INFO - confs: [default]
[2025-01-23T03:59:42.905+0000] {spark_submit.py:579} INFO - found org.apache.hadoop#hadoop-aws;3.3.4 in spark-list
[2025-01-23T03:59:43.021+0000] {spark_submit.py:579} INFO - found com.amazonaws#aws-java-sdk-bundle;1.12.262 in central
[2025-01-23T03:59:43.175+0000] {spark_submit.py:579} INFO - found org.wildfly.openssl#wildfly-openssl;1.0.7.Final in central
[2025-01-23T03:59:43.222+0000] {spark_submit.py:579} INFO - :: resolution report :: resolve 640ms :: artifacts dl 35ms
[2025-01-23T03:59:43.223+0000] {spark_submit.py:579} INFO - :: modules in use:
[2025-01-23T03:59:43.224+0000] {spark_submit.py:579} INFO - com.amazonaws#aws-java-sdk-bundle;1.12.262 from central in [default]
[2025-01-23T03:59:43.224+0000] {spark_submit.py:579} INFO - org.apache.hadoop#hadoop-aws;3.3.4 from spark-list in [default]
[2025-01-23T03:59:43.224+0000] {spark_submit.py:579} INFO - org.wildfly.openssl#wildfly-openssl;1.0.7.Final from central in [default]
[2025-01-23T03:59:43.225+0000] {spark_submit.py:579} INFO - ---------------------------------------------------------------------
[2025-01-23T03:59:43.225+0000] {spark_submit.py:579} INFO - |                  |            modules            ||   artifacts   |
[2025-01-23T03:59:43.225+0000] {spark_submit.py:579} INFO - |       conf       | number| search|dwnlded|evicted|| number|dwnlded|
[2025-01-23T03:59:43.225+0000] {spark_submit.py:579} INFO - ---------------------------------------------------------------------
[2025-01-23T03:59:43.226+0000] {spark_submit.py:579} INFO - |      default     |   3   |   0   |   0   |   0   ||   3   |   0   |
[2025-01-23T03:59:43.227+0000] {spark_submit.py:579} INFO - ---------------------------------------------------------------------
[2025-01-23T03:59:43.228+0000] {spark_submit.py:579} INFO - :: retrieving :: org.apache.spark#spark-submit-parent-dc819051-36e7-4e81-b945-d280c0e0d544
[2025-01-23T03:59:43.229+0000] {spark_submit.py:579} INFO - confs: [default]
[2025-01-23T03:59:43.285+0000] {spark_submit.py:579} INFO - 0 artifacts copied, 3 already retrieved (0kB/48ms)
[2025-01-23T03:59:43.967+0000] {spark_submit.py:579} INFO - 25/01/23 03:59:43 WARN NativeCodeLoader: Unable to load native-hadoop library for your platform... using builtin-java classes where applicable
[2025-01-23T03:59:44.934+0000] {spark_submit.py:579} INFO - File "/opt/***/jobs/python/processing_rating.py", line 27
[2025-01-23T03:59:44.935+0000] {spark_submit.py:579} INFO - .getOrCreate()
[2025-01-23T03:59:44.936+0000] {spark_submit.py:579} INFO - IndentationError: unexpected indent
[2025-01-23T03:59:44.993+0000] {spark_submit.py:579} INFO - 25/01/23 03:59:44 INFO ShutdownHookManager: Shutdown hook called
[2025-01-23T03:59:44.995+0000] {spark_submit.py:579} INFO - 25/01/23 03:59:44 INFO ShutdownHookManager: Deleting directory /tmp/spark-55b0a138-a43b-46b6-9405-1202fcd857ec
[2025-01-23T03:59:45.051+0000] {taskinstance.py:1937} ERROR - Task failed with exception
Traceback (most recent call last):
  File "/home/airflow/.local/lib/python3.9/site-packages/airflow/providers/apache/spark/operators/spark_submit.py", line 174, in execute
    self._hook.submit(self.application)
  File "/home/airflow/.local/lib/python3.9/site-packages/airflow/providers/apache/spark/hooks/spark_submit.py", line 505, in submit
    raise AirflowException(
airflow.exceptions.AirflowException: Cannot execute: spark-submit --master spark://spark-master:7077 --conf spark.sql.extensions=io.delta.sql.DeltaSparkSessionExtension --conf spark.sql.catalog.spark_catalog=org.apache.spark.sql.delta.catalog.DeltaCatalog --jars /opt/***/jars/hadoop-aws-3.3.4.jar,/opt/***/jars/s3-2.18.41.jar,/opt/***/jars/aws-java-sdk-bundle-1.12.262.jar,/opt/***/jars/aws-java-sdk-1.12.367.jar,/opt/***/jars/delta-core_2.12-2.2.0.jar,/opt/***/jars/delta-storage-2.2.0.jar, --packages org.apache.hadoop:hadoop-aws:3.3.4 --num-executors 2 --total-executor-cores 2 --executor-cores 2 --executor-memory 1g --driver-memory 1g --name arrow-spark --deploy-mode client /opt/***/jobs/python/processing_rating.py s3a://lakehouse/bronze/ratings.parquet s3a://lakehouse/silver/ratings. Error code is: 1.
[2025-01-23T03:59:45.056+0000] {taskinstance.py:1400} INFO - Marking task as FAILED. dag_id=All_Layer, task_id=clean_rating, execution_date=20250123T035402, start_date=20250123T035937, end_date=20250123T035945
[2025-01-23T03:59:45.070+0000] {standard_task_runner.py:104} ERROR - Failed to execute job 66 for task clean_rating (Cannot execute: spark-submit --master spark://spark-master:7077 --conf spark.sql.extensions=io.delta.sql.DeltaSparkSessionExtension --conf spark.sql.catalog.spark_catalog=org.apache.spark.sql.delta.catalog.DeltaCatalog --jars /opt/***/jars/hadoop-aws-3.3.4.jar,/opt/***/jars/s3-2.18.41.jar,/opt/***/jars/aws-java-sdk-bundle-1.12.262.jar,/opt/***/jars/aws-java-sdk-1.12.367.jar,/opt/***/jars/delta-core_2.12-2.2.0.jar,/opt/***/jars/delta-storage-2.2.0.jar, --packages org.apache.hadoop:hadoop-aws:3.3.4 --num-executors 2 --total-executor-cores 2 --executor-cores 2 --executor-memory 1g --driver-memory 1g --name arrow-spark --deploy-mode client /opt/***/jobs/python/processing_rating.py s3a://lakehouse/bronze/ratings.parquet s3a://lakehouse/silver/ratings. Error code is: 1.; 10632)
[2025-01-23T03:59:45.118+0000] {local_task_job_runner.py:228} INFO - Task exited with return code 1
[2025-01-23T03:59:45.142+0000] {taskinstance.py:2778} INFO - 0 downstream tasks scheduled from follow-on schedule check
