[2024-10-11T15:41:17.134+0000] {taskinstance.py:1157} INFO - Dependencies all met for dep_context=non-requeueable deps ti=<TaskInstance: spark_processing_dag1111.silver_cleaned_movies manual__2024-10-11T15:41:13.613943+00:00 [queued]>
[2024-10-11T15:41:17.142+0000] {taskinstance.py:1157} INFO - Dependencies all met for dep_context=requeueable deps ti=<TaskInstance: spark_processing_dag1111.silver_cleaned_movies manual__2024-10-11T15:41:13.613943+00:00 [queued]>
[2024-10-11T15:41:17.143+0000] {taskinstance.py:1359} INFO - Starting attempt 1 of 2
[2024-10-11T15:41:17.155+0000] {taskinstance.py:1380} INFO - Executing <Task(SparkSubmitOperator): silver_cleaned_movies> on 2024-10-11 15:41:13.613943+00:00
[2024-10-11T15:41:17.160+0000] {standard_task_runner.py:57} INFO - Started process 10237 to run task
[2024-10-11T15:41:17.162+0000] {standard_task_runner.py:84} INFO - Running: ['***', 'tasks', 'run', 'spark_processing_dag1111', 'silver_cleaned_movies', 'manual__2024-10-11T15:41:13.613943+00:00', '--job-id', '54', '--raw', '--subdir', 'DAGS_FOLDER/movie.py', '--cfg-path', '/tmp/tmp2wlena3t']
[2024-10-11T15:41:17.165+0000] {standard_task_runner.py:85} INFO - Job 54: Subtask silver_cleaned_movies
[2024-10-11T15:41:17.211+0000] {task_command.py:415} INFO - Running <TaskInstance: spark_processing_dag1111.silver_cleaned_movies manual__2024-10-11T15:41:13.613943+00:00 [running]> on host 84076e7a47fe
[2024-10-11T15:41:17.282+0000] {taskinstance.py:1660} INFO - Exporting env vars: AIRFLOW_CTX_DAG_OWNER='***' AIRFLOW_CTX_DAG_ID='spark_processing_dag1111' AIRFLOW_CTX_TASK_ID='silver_cleaned_movies' AIRFLOW_CTX_EXECUTION_DATE='2024-10-11T15:41:13.613943+00:00' AIRFLOW_CTX_TRY_NUMBER='1' AIRFLOW_CTX_DAG_RUN_ID='manual__2024-10-11T15:41:13.613943+00:00'
[2024-10-11T15:41:17.292+0000] {base.py:73} INFO - Using connection ID 'spark-conn' for task execution.
[2024-10-11T15:41:17.294+0000] {spark_submit.py:403} INFO - Spark-Submit cmd: spark-submit --master spark://spark-master:7077 --conf spark.sql.extensions=io.delta.sql.DeltaSparkSessionExtension --conf spark.sql.catalog.spark_catalog=org.apache.spark.sql.delta.catalog.DeltaCatalog --jars /opt/***/jars/hadoop-aws-3.3.4.jar,/opt/***/jars/s3-2.18.41.jar,/opt/***/jars/aws-java-sdk-1.12.367.jar,/opt/***/jars/delta-core_2.12-2.4.0.jar,/opt/***/jars/delta-storage-2.2.0.jar, --packages org.apache.hadoop:hadoop-aws:3.3.4 --num-executors 2 --total-executor-cores 2 --executor-cores 2 --executor-memory 2g --driver-memory 1g --name arrow-spark --deploy-mode client /opt/***/jobs/python/test_movies.py s3a://lakehouse/bronze/movies.parquet s3a://lakehouse/silver
[2024-10-11T15:41:17.462+0000] {spark_submit.py:579} INFO - /home/***/.local/lib/python3.11/site-packages/pyspark/bin/load-spark-env.sh: line 68: ps: command not found
[2024-10-11T15:41:20.021+0000] {spark_submit.py:579} INFO - :: loading settings :: url = jar:file:/home/***/.local/lib/python3.11/site-packages/pyspark/jars/ivy-2.5.1.jar!/org/apache/ivy/core/settings/ivysettings.xml
[2024-10-11T15:41:20.249+0000] {spark_submit.py:579} INFO - Ivy Default Cache set to: /home/***/.ivy2/cache
[2024-10-11T15:41:20.250+0000] {spark_submit.py:579} INFO - The jars for the packages stored in: /home/***/.ivy2/jars
[2024-10-11T15:41:20.255+0000] {spark_submit.py:579} INFO - org.apache.hadoop#hadoop-aws added as a dependency
[2024-10-11T15:41:20.257+0000] {spark_submit.py:579} INFO - :: resolving dependencies :: org.apache.spark#spark-submit-parent-fbb7ae5a-6a37-4fa0-8bb1-045168c1d153;1.0
[2024-10-11T15:41:20.257+0000] {spark_submit.py:579} INFO - confs: [default]
[2024-10-11T15:41:20.422+0000] {spark_submit.py:579} INFO - found org.apache.hadoop#hadoop-aws;3.3.4 in spark-list
[2024-10-11T15:41:20.451+0000] {spark_submit.py:579} INFO - found com.amazonaws#aws-java-sdk-bundle;1.12.262 in central
[2024-10-11T15:41:20.474+0000] {spark_submit.py:579} INFO - found org.wildfly.openssl#wildfly-openssl;1.0.7.Final in central
[2024-10-11T15:41:20.497+0000] {spark_submit.py:579} INFO - :: resolution report :: resolve 232ms :: artifacts dl 8ms
[2024-10-11T15:41:20.498+0000] {spark_submit.py:579} INFO - :: modules in use:
[2024-10-11T15:41:20.499+0000] {spark_submit.py:579} INFO - com.amazonaws#aws-java-sdk-bundle;1.12.262 from central in [default]
[2024-10-11T15:41:20.500+0000] {spark_submit.py:579} INFO - org.apache.hadoop#hadoop-aws;3.3.4 from spark-list in [default]
[2024-10-11T15:41:20.500+0000] {spark_submit.py:579} INFO - org.wildfly.openssl#wildfly-openssl;1.0.7.Final from central in [default]
[2024-10-11T15:41:20.501+0000] {spark_submit.py:579} INFO - ---------------------------------------------------------------------
[2024-10-11T15:41:20.501+0000] {spark_submit.py:579} INFO - |                  |            modules            ||   artifacts   |
[2024-10-11T15:41:20.502+0000] {spark_submit.py:579} INFO - |       conf       | number| search|dwnlded|evicted|| number|dwnlded|
[2024-10-11T15:41:20.503+0000] {spark_submit.py:579} INFO - ---------------------------------------------------------------------
[2024-10-11T15:41:20.503+0000] {spark_submit.py:579} INFO - |      default     |   3   |   0   |   0   |   0   ||   3   |   0   |
[2024-10-11T15:41:20.504+0000] {spark_submit.py:579} INFO - ---------------------------------------------------------------------
[2024-10-11T15:41:20.504+0000] {spark_submit.py:579} INFO - :: retrieving :: org.apache.spark#spark-submit-parent-fbb7ae5a-6a37-4fa0-8bb1-045168c1d153
[2024-10-11T15:41:20.505+0000] {spark_submit.py:579} INFO - confs: [default]
[2024-10-11T15:41:20.511+0000] {spark_submit.py:579} INFO - 0 artifacts copied, 3 already retrieved (0kB/6ms)
[2024-10-11T15:41:20.813+0000] {spark_submit.py:579} INFO - 24/10/11 15:41:20 WARN NativeCodeLoader: Unable to load native-hadoop library for your platform... using builtin-java classes where applicable
[2024-10-11T15:41:22.221+0000] {spark_submit.py:579} INFO - 2024-10-11 15:41:22,221 INFO: Start cleaning movies table
[2024-10-11T15:41:22.222+0000] {spark_submit.py:579} INFO - 2024-10-11 15:41:22,221 INFO: Initializing Spark session...
[2024-10-11T15:41:22.411+0000] {spark_submit.py:579} INFO - 24/10/11 15:41:22 INFO SparkContext: Running Spark version 3.4.3
[2024-10-11T15:41:22.442+0000] {spark_submit.py:579} INFO - 24/10/11 15:41:22 INFO ResourceUtils: ==============================================================
[2024-10-11T15:41:22.443+0000] {spark_submit.py:579} INFO - 24/10/11 15:41:22 INFO ResourceUtils: No custom resources configured for spark.driver.
[2024-10-11T15:41:22.444+0000] {spark_submit.py:579} INFO - 24/10/11 15:41:22 INFO ResourceUtils: ==============================================================
[2024-10-11T15:41:22.444+0000] {spark_submit.py:579} INFO - 24/10/11 15:41:22 INFO SparkContext: Submitted application: CleanMovies
[2024-10-11T15:41:22.470+0000] {spark_submit.py:579} INFO - 24/10/11 15:41:22 INFO ResourceProfile: Default ResourceProfile created, executor resources: Map(cores -> name: cores, amount: 2, script: , vendor: , memory -> name: memory, amount: 2048, script: , vendor: , offHeap -> name: offHeap, amount: 0, script: , vendor: ), task resources: Map(cpus -> name: cpus, amount: 1.0)
[2024-10-11T15:41:22.483+0000] {spark_submit.py:579} INFO - 24/10/11 15:41:22 INFO ResourceProfile: Limiting resource is cpus at 2 tasks per executor
[2024-10-11T15:41:22.486+0000] {spark_submit.py:579} INFO - 24/10/11 15:41:22 INFO ResourceProfileManager: Added ResourceProfile id: 0
[2024-10-11T15:41:22.564+0000] {spark_submit.py:579} INFO - 24/10/11 15:41:22 INFO SecurityManager: Changing view acls to: ***
[2024-10-11T15:41:22.564+0000] {spark_submit.py:579} INFO - 24/10/11 15:41:22 INFO SecurityManager: Changing modify acls to: ***
[2024-10-11T15:41:22.565+0000] {spark_submit.py:579} INFO - 24/10/11 15:41:22 INFO SecurityManager: Changing view acls groups to:
[2024-10-11T15:41:22.566+0000] {spark_submit.py:579} INFO - 24/10/11 15:41:22 INFO SecurityManager: Changing modify acls groups to:
[2024-10-11T15:41:22.566+0000] {spark_submit.py:579} INFO - 24/10/11 15:41:22 INFO SecurityManager: SecurityManager: authentication disabled; ui acls disabled; users with view permissions: ***; groups with view permissions: EMPTY; users with modify permissions: ***; groups with modify permissions: EMPTY
[2024-10-11T15:41:22.907+0000] {spark_submit.py:579} INFO - 24/10/11 15:41:22 INFO Utils: Successfully started service 'sparkDriver' on port 43149.
[2024-10-11T15:41:22.955+0000] {spark_submit.py:579} INFO - 24/10/11 15:41:22 INFO SparkEnv: Registering MapOutputTracker
[2024-10-11T15:41:22.995+0000] {spark_submit.py:579} INFO - 24/10/11 15:41:22 INFO SparkEnv: Registering BlockManagerMaster
[2024-10-11T15:41:23.023+0000] {spark_submit.py:579} INFO - 24/10/11 15:41:23 INFO BlockManagerMasterEndpoint: Using org.apache.spark.storage.DefaultTopologyMapper for getting topology information
[2024-10-11T15:41:23.024+0000] {spark_submit.py:579} INFO - 24/10/11 15:41:23 INFO BlockManagerMasterEndpoint: BlockManagerMasterEndpoint up
[2024-10-11T15:41:23.029+0000] {spark_submit.py:579} INFO - 24/10/11 15:41:23 INFO SparkEnv: Registering BlockManagerMasterHeartbeat
[2024-10-11T15:41:23.062+0000] {spark_submit.py:579} INFO - 24/10/11 15:41:23 INFO DiskBlockManager: Created local directory at /tmp/blockmgr-f348c849-e487-4aa4-9491-6c572dec9d3a
[2024-10-11T15:41:23.083+0000] {spark_submit.py:579} INFO - 24/10/11 15:41:23 INFO MemoryStore: MemoryStore started with capacity 434.4 MiB
[2024-10-11T15:41:23.102+0000] {spark_submit.py:579} INFO - 24/10/11 15:41:23 INFO SparkEnv: Registering OutputCommitCoordinator
[2024-10-11T15:41:23.310+0000] {spark_submit.py:579} INFO - 24/10/11 15:41:23 INFO JettyUtils: Start Jetty 0.0.0.0:4040 for SparkUI
[2024-10-11T15:41:23.392+0000] {spark_submit.py:579} INFO - 24/10/11 15:41:23 INFO Utils: Successfully started service 'SparkUI' on port 4040.
[2024-10-11T15:41:23.439+0000] {spark_submit.py:579} INFO - 24/10/11 15:41:23 INFO SparkContext: Added JAR file:///opt/***/jars/hadoop-aws-3.3.4.jar at spark://84076e7a47fe:43149/jars/hadoop-aws-3.3.4.jar with timestamp 1728661282398
[2024-10-11T15:41:23.440+0000] {spark_submit.py:579} INFO - 24/10/11 15:41:23 INFO SparkContext: Added JAR file:///opt/***/jars/s3-2.18.41.jar at spark://84076e7a47fe:43149/jars/s3-2.18.41.jar with timestamp 1728661282398
[2024-10-11T15:41:23.442+0000] {spark_submit.py:579} INFO - 24/10/11 15:41:23 INFO SparkContext: Added JAR file:///opt/***/jars/aws-java-sdk-1.12.367.jar at spark://84076e7a47fe:43149/jars/aws-java-sdk-1.12.367.jar with timestamp 1728661282398
[2024-10-11T15:41:23.444+0000] {spark_submit.py:579} INFO - 24/10/11 15:41:23 INFO SparkContext: Added JAR file:///opt/***/jars/delta-core_2.12-2.4.0.jar at spark://84076e7a47fe:43149/jars/delta-core_2.12-2.4.0.jar with timestamp 1728661282398
[2024-10-11T15:41:23.445+0000] {spark_submit.py:579} INFO - 24/10/11 15:41:23 INFO SparkContext: Added JAR file:///opt/***/jars/delta-storage-2.2.0.jar at spark://84076e7a47fe:43149/jars/delta-storage-2.2.0.jar with timestamp 1728661282398
[2024-10-11T15:41:23.446+0000] {spark_submit.py:579} INFO - 24/10/11 15:41:23 INFO SparkContext: Added JAR file:///home/***/.ivy2/jars/org.apache.hadoop_hadoop-aws-3.3.4.jar at spark://84076e7a47fe:43149/jars/org.apache.hadoop_hadoop-aws-3.3.4.jar with timestamp 1728661282398
[2024-10-11T15:41:23.446+0000] {spark_submit.py:579} INFO - 24/10/11 15:41:23 INFO SparkContext: Added JAR file:///home/***/.ivy2/jars/com.amazonaws_aws-java-sdk-bundle-1.12.262.jar at spark://84076e7a47fe:43149/jars/com.amazonaws_aws-java-sdk-bundle-1.12.262.jar with timestamp 1728661282398
[2024-10-11T15:41:23.447+0000] {spark_submit.py:579} INFO - 24/10/11 15:41:23 INFO SparkContext: Added JAR file:///home/***/.ivy2/jars/org.wildfly.openssl_wildfly-openssl-1.0.7.Final.jar at spark://84076e7a47fe:43149/jars/org.wildfly.openssl_wildfly-openssl-1.0.7.Final.jar with timestamp 1728661282398
[2024-10-11T15:41:23.449+0000] {spark_submit.py:579} INFO - 24/10/11 15:41:23 INFO SparkContext: Added file file:///home/***/.ivy2/jars/org.apache.hadoop_hadoop-aws-3.3.4.jar at spark://84076e7a47fe:43149/files/org.apache.hadoop_hadoop-aws-3.3.4.jar with timestamp 1728661282398
[2024-10-11T15:41:23.451+0000] {spark_submit.py:579} INFO - 24/10/11 15:41:23 INFO Utils: Copying /home/***/.ivy2/jars/org.apache.hadoop_hadoop-aws-3.3.4.jar to /tmp/spark-21df1261-fd61-40f9-85d2-c3386cd3bdf1/userFiles-e23a5d47-fd8b-4bdc-91c9-5cef3d12f055/org.apache.hadoop_hadoop-aws-3.3.4.jar
[2024-10-11T15:41:23.469+0000] {spark_submit.py:579} INFO - 24/10/11 15:41:23 INFO SparkContext: Added file file:///home/***/.ivy2/jars/com.amazonaws_aws-java-sdk-bundle-1.12.262.jar at spark://84076e7a47fe:43149/files/com.amazonaws_aws-java-sdk-bundle-1.12.262.jar with timestamp 1728661282398
[2024-10-11T15:41:23.470+0000] {spark_submit.py:579} INFO - 24/10/11 15:41:23 INFO Utils: Copying /home/***/.ivy2/jars/com.amazonaws_aws-java-sdk-bundle-1.12.262.jar to /tmp/spark-21df1261-fd61-40f9-85d2-c3386cd3bdf1/userFiles-e23a5d47-fd8b-4bdc-91c9-5cef3d12f055/com.amazonaws_aws-java-sdk-bundle-1.12.262.jar
[2024-10-11T15:41:24.144+0000] {spark_submit.py:579} INFO - 24/10/11 15:41:24 INFO SparkContext: Added file file:///home/***/.ivy2/jars/org.wildfly.openssl_wildfly-openssl-1.0.7.Final.jar at spark://84076e7a47fe:43149/files/org.wildfly.openssl_wildfly-openssl-1.0.7.Final.jar with timestamp 1728661282398
[2024-10-11T15:41:24.145+0000] {spark_submit.py:579} INFO - 24/10/11 15:41:24 INFO Utils: Copying /home/***/.ivy2/jars/org.wildfly.openssl_wildfly-openssl-1.0.7.Final.jar to /tmp/spark-21df1261-fd61-40f9-85d2-c3386cd3bdf1/userFiles-e23a5d47-fd8b-4bdc-91c9-5cef3d12f055/org.wildfly.openssl_wildfly-openssl-1.0.7.Final.jar
[2024-10-11T15:41:24.254+0000] {spark_submit.py:579} INFO - 24/10/11 15:41:24 INFO StandaloneAppClient$ClientEndpoint: Connecting to master spark://spark-master:7077...
[2024-10-11T15:41:24.306+0000] {spark_submit.py:579} INFO - 24/10/11 15:41:24 INFO TransportClientFactory: Successfully created connection to spark-master/172.18.0.4:7077 after 29 ms (0 ms spent in bootstraps)
[2024-10-11T15:41:24.407+0000] {spark_submit.py:579} INFO - 24/10/11 15:41:24 INFO StandaloneSchedulerBackend: Connected to Spark cluster with app ID app-20241011154124-0017
[2024-10-11T15:41:24.409+0000] {spark_submit.py:579} INFO - 24/10/11 15:41:24 INFO StandaloneAppClient$ClientEndpoint: Executor added: app-20241011154124-0017/0 on worker-20241011135506-172.18.0.6-44653 (172.18.0.6:44653) with 2 core(s)
[2024-10-11T15:41:24.412+0000] {spark_submit.py:579} INFO - 24/10/11 15:41:24 INFO StandaloneSchedulerBackend: Granted executor ID app-20241011154124-0017/0 on hostPort 172.18.0.6:44653 with 2 core(s), 2.0 GiB RAM
[2024-10-11T15:41:24.418+0000] {spark_submit.py:579} INFO - 24/10/11 15:41:24 INFO Utils: Successfully started service 'org.apache.spark.network.netty.NettyBlockTransferService' on port 41015.
[2024-10-11T15:41:24.419+0000] {spark_submit.py:579} INFO - 24/10/11 15:41:24 INFO NettyBlockTransferService: Server created on 84076e7a47fe:41015
[2024-10-11T15:41:24.421+0000] {spark_submit.py:579} INFO - 24/10/11 15:41:24 INFO BlockManager: Using org.apache.spark.storage.RandomBlockReplicationPolicy for block replication policy
[2024-10-11T15:41:24.432+0000] {spark_submit.py:579} INFO - 24/10/11 15:41:24 INFO BlockManagerMaster: Registering BlockManager BlockManagerId(driver, 84076e7a47fe, 41015, None)
[2024-10-11T15:41:24.437+0000] {spark_submit.py:579} INFO - 24/10/11 15:41:24 INFO BlockManagerMasterEndpoint: Registering block manager 84076e7a47fe:41015 with 434.4 MiB RAM, BlockManagerId(driver, 84076e7a47fe, 41015, None)
[2024-10-11T15:41:24.442+0000] {spark_submit.py:579} INFO - 24/10/11 15:41:24 INFO BlockManagerMaster: Registered BlockManager BlockManagerId(driver, 84076e7a47fe, 41015, None)
[2024-10-11T15:41:24.444+0000] {spark_submit.py:579} INFO - 24/10/11 15:41:24 INFO BlockManager: Initialized BlockManager: BlockManagerId(driver, 84076e7a47fe, 41015, None)
[2024-10-11T15:41:24.468+0000] {spark_submit.py:579} INFO - 24/10/11 15:41:24 INFO StandaloneAppClient$ClientEndpoint: Executor updated: app-20241011154124-0017/0 is now RUNNING
[2024-10-11T15:41:24.814+0000] {spark_submit.py:579} INFO - 24/10/11 15:41:24 INFO StandaloneSchedulerBackend: SchedulerBackend is ready for scheduling beginning after reached minRegisteredResourcesRatio: 0.0
[2024-10-11T15:41:25.201+0000] {spark_submit.py:579} INFO - 2024-10-11 15:41:25,201 INFO: Spark session initialized successfully.
[2024-10-11T15:41:25.202+0000] {spark_submit.py:579} INFO - 2024-10-11 15:41:25,201 INFO: Reading data from s3a://lakehouse/bronze/movies.parquet
[2024-10-11T15:41:25.210+0000] {spark_submit.py:579} INFO - 24/10/11 15:41:25 INFO SharedState: Setting hive.metastore.warehouse.dir ('null') to the value of spark.sql.warehouse.dir.
[2024-10-11T15:41:25.462+0000] {spark_submit.py:579} INFO - 24/10/11 15:41:25 WARN MetricsConfig: Cannot locate configuration: tried hadoop-metrics2-s3a-file-system.properties,hadoop-metrics2.properties
[2024-10-11T15:41:25.481+0000] {spark_submit.py:579} INFO - 24/10/11 15:41:25 INFO MetricsSystemImpl: Scheduled Metric snapshot period at 10 second(s).
[2024-10-11T15:41:25.481+0000] {spark_submit.py:579} INFO - 24/10/11 15:41:25 INFO MetricsSystemImpl: s3a-file-system metrics system started
[2024-10-11T15:41:26.785+0000] {spark_submit.py:579} INFO - 24/10/11 15:41:26 INFO SharedState: Warehouse path is 's3a://lakehouse/'.
[2024-10-11T15:41:28.649+0000] {spark_submit.py:579} INFO - 24/10/11 15:41:28 INFO StandaloneSchedulerBackend$StandaloneDriverEndpoint: Registered executor NettyRpcEndpointRef(spark-client://Executor) (172.18.0.6:44382) with ID 0,  ResourceProfileId 0
[2024-10-11T15:41:28.765+0000] {spark_submit.py:579} INFO - 24/10/11 15:41:28 INFO BlockManagerMasterEndpoint: Registering block manager 172.18.0.6:45107 with 1048.8 MiB RAM, BlockManagerId(0, 172.18.0.6, 45107, None)
[2024-10-11T15:41:28.800+0000] {spark_submit.py:579} INFO - 24/10/11 15:41:28 INFO InMemoryFileIndex: It took 128 ms to list leaf files for 1 paths.
[2024-10-11T15:41:31.695+0000] {spark_submit.py:579} INFO - 2024-10-11 15:41:31,695 INFO: Data loaded successfully.
[2024-10-11T15:41:31.697+0000] {spark_submit.py:579} INFO - 2024-10-11 15:41:31,695 INFO: Filtering out unwanted poster paths and filling nulls...
[2024-10-11T15:41:31.933+0000] {spark_submit.py:579} INFO - 2024-10-11 15:41:31,933 ERROR: Error during data cleaning: An error occurred while calling o70.fill.
[2024-10-11T15:41:31.934+0000] {spark_submit.py:579} INFO - : java.lang.NullPointerException
[2024-10-11T15:41:31.935+0000] {spark_submit.py:579} INFO - at org.apache.spark.sql.DataFrameNaFunctions.$anonfun$fillMap$1(DataFrameNaFunctions.scala:418)
[2024-10-11T15:41:31.935+0000] {spark_submit.py:579} INFO - at scala.collection.TraversableLike.$anonfun$map$1(TraversableLike.scala:286)
[2024-10-11T15:41:31.936+0000] {spark_submit.py:579} INFO - at scala.collection.mutable.ResizableArray.foreach(ResizableArray.scala:62)
[2024-10-11T15:41:31.936+0000] {spark_submit.py:579} INFO - at scala.collection.mutable.ResizableArray.foreach$(ResizableArray.scala:55)
[2024-10-11T15:41:31.937+0000] {spark_submit.py:579} INFO - at scala.collection.mutable.ArrayBuffer.foreach(ArrayBuffer.scala:49)
[2024-10-11T15:41:31.937+0000] {spark_submit.py:579} INFO - at scala.collection.TraversableLike.map(TraversableLike.scala:286)
[2024-10-11T15:41:31.938+0000] {spark_submit.py:579} INFO - at scala.collection.TraversableLike.map$(TraversableLike.scala:279)
[2024-10-11T15:41:31.938+0000] {spark_submit.py:579} INFO - at scala.collection.AbstractTraversable.map(Traversable.scala:108)
[2024-10-11T15:41:31.939+0000] {spark_submit.py:579} INFO - at org.apache.spark.sql.DataFrameNaFunctions.fillMap(DataFrameNaFunctions.scala:407)
[2024-10-11T15:41:31.939+0000] {spark_submit.py:579} INFO - at org.apache.spark.sql.DataFrameNaFunctions.fill(DataFrameNaFunctions.scala:232)
[2024-10-11T15:41:31.940+0000] {spark_submit.py:579} INFO - at java.base/jdk.internal.reflect.NativeMethodAccessorImpl.invoke0(Native Method)
[2024-10-11T15:41:31.940+0000] {spark_submit.py:579} INFO - at java.base/jdk.internal.reflect.NativeMethodAccessorImpl.invoke(NativeMethodAccessorImpl.java:62)
[2024-10-11T15:41:31.941+0000] {spark_submit.py:579} INFO - at java.base/jdk.internal.reflect.DelegatingMethodAccessorImpl.invoke(DelegatingMethodAccessorImpl.java:43)
[2024-10-11T15:41:31.942+0000] {spark_submit.py:579} INFO - at java.base/java.lang.reflect.Method.invoke(Method.java:566)
[2024-10-11T15:41:31.943+0000] {spark_submit.py:579} INFO - at py4j.reflection.MethodInvoker.invoke(MethodInvoker.java:244)
[2024-10-11T15:41:31.943+0000] {spark_submit.py:579} INFO - at py4j.reflection.ReflectionEngine.invoke(ReflectionEngine.java:374)
[2024-10-11T15:41:31.944+0000] {spark_submit.py:579} INFO - at py4j.Gateway.invoke(Gateway.java:282)
[2024-10-11T15:41:31.944+0000] {spark_submit.py:579} INFO - at py4j.commands.AbstractCommand.invokeMethod(AbstractCommand.java:132)
[2024-10-11T15:41:31.944+0000] {spark_submit.py:579} INFO - at py4j.commands.CallCommand.execute(CallCommand.java:79)
[2024-10-11T15:41:31.945+0000] {spark_submit.py:579} INFO - at py4j.ClientServerConnection.waitForCommands(ClientServerConnection.java:182)
[2024-10-11T15:41:31.945+0000] {spark_submit.py:579} INFO - at py4j.ClientServerConnection.run(ClientServerConnection.java:106)
[2024-10-11T15:41:31.946+0000] {spark_submit.py:579} INFO - at java.base/java.lang.Thread.run(Thread.java:829)
[2024-10-11T15:41:31.946+0000] {spark_submit.py:579} INFO - 
[2024-10-11T15:41:31.947+0000] {spark_submit.py:579} INFO - 2024-10-11 15:41:31,939 ERROR: Traceback (most recent call last):
[2024-10-11T15:41:31.947+0000] {spark_submit.py:579} INFO - File "/opt/***/jobs/python/test_movies.py", line 110, in clean_movies_data
[2024-10-11T15:41:31.948+0000] {spark_submit.py:579} INFO - .na.fill({
[2024-10-11T15:41:31.948+0000] {spark_submit.py:579} INFO - ^^^^^^
[2024-10-11T15:41:31.949+0000] {spark_submit.py:579} INFO - File "/home/***/.local/lib/python3.11/site-packages/pyspark/python/lib/pyspark.zip/pyspark/sql/dataframe.py", line 5364, in fill
[2024-10-11T15:41:31.949+0000] {spark_submit.py:579} INFO - return self.df.fillna(value=value, subset=subset)  # type: ignore[arg-type]
[2024-10-11T15:41:31.950+0000] {spark_submit.py:579} INFO - ^^^^^^^^^^^^^^^^^^^^^^^^^^^^^^^^^^^^^^^^^^
[2024-10-11T15:41:31.950+0000] {spark_submit.py:579} INFO - File "/home/***/.local/lib/python3.11/site-packages/pyspark/python/lib/pyspark.zip/pyspark/sql/dataframe.py", line 4107, in fillna
[2024-10-11T15:41:31.950+0000] {spark_submit.py:579} INFO - return DataFrame(self._jdf.na().fill(value), self.sparkSession)
[2024-10-11T15:41:31.951+0000] {spark_submit.py:579} INFO - ^^^^^^^^^^^^^^^^^^^^^^^^^^
[2024-10-11T15:41:31.951+0000] {spark_submit.py:579} INFO - File "/home/***/.local/lib/python3.11/site-packages/pyspark/python/lib/py4j-0.10.9.7-src.zip/py4j/java_gateway.py", line 1322, in __call__
[2024-10-11T15:41:31.951+0000] {spark_submit.py:579} INFO - return_value = get_return_value(
[2024-10-11T15:41:31.951+0000] {spark_submit.py:579} INFO - ^^^^^^^^^^^^^^^^^
[2024-10-11T15:41:31.952+0000] {spark_submit.py:579} INFO - File "/home/***/.local/lib/python3.11/site-packages/pyspark/python/lib/pyspark.zip/pyspark/errors/exceptions/captured.py", line 169, in deco
[2024-10-11T15:41:31.952+0000] {spark_submit.py:579} INFO - return f(*a, **kw)
[2024-10-11T15:41:31.952+0000] {spark_submit.py:579} INFO - ^^^^^^^^^^^
[2024-10-11T15:41:31.953+0000] {spark_submit.py:579} INFO - File "/home/***/.local/lib/python3.11/site-packages/pyspark/python/lib/py4j-0.10.9.7-src.zip/py4j/protocol.py", line 326, in get_return_value
[2024-10-11T15:41:31.953+0000] {spark_submit.py:579} INFO - raise Py4JJavaError(
[2024-10-11T15:41:31.954+0000] {spark_submit.py:579} INFO - py4j.protocol.Py4JJavaError: An error occurred while calling o70.fill.
[2024-10-11T15:41:31.955+0000] {spark_submit.py:579} INFO - : java.lang.NullPointerException
[2024-10-11T15:41:31.956+0000] {spark_submit.py:579} INFO - at org.apache.spark.sql.DataFrameNaFunctions.$anonfun$fillMap$1(DataFrameNaFunctions.scala:418)
[2024-10-11T15:41:31.956+0000] {spark_submit.py:579} INFO - at scala.collection.TraversableLike.$anonfun$map$1(TraversableLike.scala:286)
[2024-10-11T15:41:31.957+0000] {spark_submit.py:579} INFO - at scala.collection.mutable.ResizableArray.foreach(ResizableArray.scala:62)
[2024-10-11T15:41:31.957+0000] {spark_submit.py:579} INFO - at scala.collection.mutable.ResizableArray.foreach$(ResizableArray.scala:55)
[2024-10-11T15:41:31.958+0000] {spark_submit.py:579} INFO - at scala.collection.mutable.ArrayBuffer.foreach(ArrayBuffer.scala:49)
[2024-10-11T15:41:31.958+0000] {spark_submit.py:579} INFO - at scala.collection.TraversableLike.map(TraversableLike.scala:286)
[2024-10-11T15:41:31.959+0000] {spark_submit.py:579} INFO - at scala.collection.TraversableLike.map$(TraversableLike.scala:279)
[2024-10-11T15:41:31.959+0000] {spark_submit.py:579} INFO - at scala.collection.AbstractTraversable.map(Traversable.scala:108)
[2024-10-11T15:41:31.959+0000] {spark_submit.py:579} INFO - at org.apache.spark.sql.DataFrameNaFunctions.fillMap(DataFrameNaFunctions.scala:407)
[2024-10-11T15:41:31.960+0000] {spark_submit.py:579} INFO - at org.apache.spark.sql.DataFrameNaFunctions.fill(DataFrameNaFunctions.scala:232)
[2024-10-11T15:41:31.960+0000] {spark_submit.py:579} INFO - at java.base/jdk.internal.reflect.NativeMethodAccessorImpl.invoke0(Native Method)
[2024-10-11T15:41:31.961+0000] {spark_submit.py:579} INFO - at java.base/jdk.internal.reflect.NativeMethodAccessorImpl.invoke(NativeMethodAccessorImpl.java:62)
[2024-10-11T15:41:31.962+0000] {spark_submit.py:579} INFO - at java.base/jdk.internal.reflect.DelegatingMethodAccessorImpl.invoke(DelegatingMethodAccessorImpl.java:43)
[2024-10-11T15:41:31.963+0000] {spark_submit.py:579} INFO - at java.base/java.lang.reflect.Method.invoke(Method.java:566)
[2024-10-11T15:41:31.964+0000] {spark_submit.py:579} INFO - at py4j.reflection.MethodInvoker.invoke(MethodInvoker.java:244)
[2024-10-11T15:41:31.964+0000] {spark_submit.py:579} INFO - at py4j.reflection.ReflectionEngine.invoke(ReflectionEngine.java:374)
[2024-10-11T15:41:31.965+0000] {spark_submit.py:579} INFO - at py4j.Gateway.invoke(Gateway.java:282)
[2024-10-11T15:41:31.965+0000] {spark_submit.py:579} INFO - at py4j.commands.AbstractCommand.invokeMethod(AbstractCommand.java:132)
[2024-10-11T15:41:31.966+0000] {spark_submit.py:579} INFO - at py4j.commands.CallCommand.execute(CallCommand.java:79)
[2024-10-11T15:41:31.966+0000] {spark_submit.py:579} INFO - at py4j.ClientServerConnection.waitForCommands(ClientServerConnection.java:182)
[2024-10-11T15:41:31.967+0000] {spark_submit.py:579} INFO - at py4j.ClientServerConnection.run(ClientServerConnection.java:106)
[2024-10-11T15:41:31.967+0000] {spark_submit.py:579} INFO - at java.base/java.lang.Thread.run(Thread.java:829)
[2024-10-11T15:41:31.967+0000] {spark_submit.py:579} INFO - 
[2024-10-11T15:41:31.968+0000] {spark_submit.py:579} INFO - 
[2024-10-11T15:41:31.968+0000] {spark_submit.py:579} INFO - 24/10/11 15:41:31 INFO SparkContext: SparkContext is stopping with exitCode 0.
[2024-10-11T15:41:31.969+0000] {spark_submit.py:579} INFO - 24/10/11 15:41:31 INFO SparkUI: Stopped Spark web UI at http://84076e7a47fe:4040
[2024-10-11T15:41:31.970+0000] {spark_submit.py:579} INFO - 24/10/11 15:41:31 INFO StandaloneSchedulerBackend: Shutting down all executors
[2024-10-11T15:41:31.971+0000] {spark_submit.py:579} INFO - 24/10/11 15:41:31 INFO StandaloneSchedulerBackend$StandaloneDriverEndpoint: Asking each executor to shut down
[2024-10-11T15:41:32.003+0000] {spark_submit.py:579} INFO - 24/10/11 15:41:32 INFO MapOutputTrackerMasterEndpoint: MapOutputTrackerMasterEndpoint stopped!
[2024-10-11T15:41:32.027+0000] {spark_submit.py:579} INFO - 24/10/11 15:41:32 INFO MemoryStore: MemoryStore cleared
[2024-10-11T15:41:32.028+0000] {spark_submit.py:579} INFO - 24/10/11 15:41:32 INFO BlockManager: BlockManager stopped
[2024-10-11T15:41:32.042+0000] {spark_submit.py:579} INFO - 24/10/11 15:41:32 INFO BlockManagerMaster: BlockManagerMaster stopped
[2024-10-11T15:41:32.046+0000] {spark_submit.py:579} INFO - 24/10/11 15:41:32 INFO OutputCommitCoordinator$OutputCommitCoordinatorEndpoint: OutputCommitCoordinator stopped!
[2024-10-11T15:41:32.104+0000] {spark_submit.py:579} INFO - 24/10/11 15:41:32 INFO SparkContext: Successfully stopped SparkContext
[2024-10-11T15:41:32.366+0000] {spark_submit.py:579} INFO - 2024-10-11 15:41:32,366 INFO: Spark session stopped.
[2024-10-11T15:41:32.367+0000] {spark_submit.py:579} INFO - 2024-10-11 15:41:32,366 INFO: Closing down clientserver connection
[2024-10-11T15:41:32.437+0000] {spark_submit.py:579} INFO - 24/10/11 15:41:32 INFO ShutdownHookManager: Shutdown hook called
[2024-10-11T15:41:32.438+0000] {spark_submit.py:579} INFO - 24/10/11 15:41:32 INFO ShutdownHookManager: Deleting directory /tmp/spark-21df1261-fd61-40f9-85d2-c3386cd3bdf1/pyspark-a4957218-ed05-4ec3-9627-ee7028bf45ce
[2024-10-11T15:41:32.443+0000] {spark_submit.py:579} INFO - 24/10/11 15:41:32 INFO ShutdownHookManager: Deleting directory /tmp/spark-21df1261-fd61-40f9-85d2-c3386cd3bdf1
[2024-10-11T15:41:32.447+0000] {spark_submit.py:579} INFO - 24/10/11 15:41:32 INFO ShutdownHookManager: Deleting directory /tmp/spark-68acc39d-533e-4765-8caa-f3832331f170
[2024-10-11T15:41:32.456+0000] {spark_submit.py:579} INFO - 24/10/11 15:41:32 INFO MetricsSystemImpl: Stopping s3a-file-system metrics system...
[2024-10-11T15:41:32.457+0000] {spark_submit.py:579} INFO - 24/10/11 15:41:32 INFO MetricsSystemImpl: s3a-file-system metrics system stopped.
[2024-10-11T15:41:32.458+0000] {spark_submit.py:579} INFO - 24/10/11 15:41:32 INFO MetricsSystemImpl: s3a-file-system metrics system shutdown complete.
[2024-10-11T15:41:32.524+0000] {taskinstance.py:1935} ERROR - Task failed with exception
Traceback (most recent call last):
  File "/home/airflow/.local/lib/python3.11/site-packages/airflow/providers/apache/spark/operators/spark_submit.py", line 174, in execute
    self._hook.submit(self.application)
  File "/home/airflow/.local/lib/python3.11/site-packages/airflow/providers/apache/spark/hooks/spark_submit.py", line 505, in submit
    raise AirflowException(
airflow.exceptions.AirflowException: Cannot execute: spark-submit --master spark://spark-master:7077 --conf spark.sql.extensions=io.delta.sql.DeltaSparkSessionExtension --conf spark.sql.catalog.spark_catalog=org.apache.spark.sql.delta.catalog.DeltaCatalog --jars /opt/***/jars/hadoop-aws-3.3.4.jar,/opt/***/jars/s3-2.18.41.jar,/opt/***/jars/aws-java-sdk-1.12.367.jar,/opt/***/jars/delta-core_2.12-2.4.0.jar,/opt/***/jars/delta-storage-2.2.0.jar, --packages org.apache.hadoop:hadoop-aws:3.3.4 --num-executors 2 --total-executor-cores 2 --executor-cores 2 --executor-memory 2g --driver-memory 1g --name arrow-spark --deploy-mode client /opt/***/jobs/python/test_movies.py s3a://lakehouse/bronze/movies.parquet s3a://lakehouse/silver. Error code is: 1.
[2024-10-11T15:41:32.530+0000] {taskinstance.py:1398} INFO - Marking task as UP_FOR_RETRY. dag_id=spark_processing_dag1111, task_id=silver_cleaned_movies, execution_date=20241011T154113, start_date=20241011T154117, end_date=20241011T154132
[2024-10-11T15:41:32.543+0000] {standard_task_runner.py:104} ERROR - Failed to execute job 54 for task silver_cleaned_movies (Cannot execute: spark-submit --master spark://spark-master:7077 --conf spark.sql.extensions=io.delta.sql.DeltaSparkSessionExtension --conf spark.sql.catalog.spark_catalog=org.apache.spark.sql.delta.catalog.DeltaCatalog --jars /opt/***/jars/hadoop-aws-3.3.4.jar,/opt/***/jars/s3-2.18.41.jar,/opt/***/jars/aws-java-sdk-1.12.367.jar,/opt/***/jars/delta-core_2.12-2.4.0.jar,/opt/***/jars/delta-storage-2.2.0.jar, --packages org.apache.hadoop:hadoop-aws:3.3.4 --num-executors 2 --total-executor-cores 2 --executor-cores 2 --executor-memory 2g --driver-memory 1g --name arrow-spark --deploy-mode client /opt/***/jobs/python/test_movies.py s3a://lakehouse/bronze/movies.parquet s3a://lakehouse/silver. Error code is: 1.; 10237)
[2024-10-11T15:41:32.573+0000] {local_task_job_runner.py:228} INFO - Task exited with return code 1
[2024-10-11T15:41:32.589+0000] {taskinstance.py:2776} INFO - 0 downstream tasks scheduled from follow-on schedule check
