[2024-12-11T12:54:37.499+0000] {taskinstance.py:1159} INFO - Dependencies all met for dep_context=non-requeueable deps ti=<TaskInstance: Silver_Layer.clean_movies scheduled__2024-12-10T00:00:00+00:00 [queued]>
[2024-12-11T12:54:37.511+0000] {taskinstance.py:1159} INFO - Dependencies all met for dep_context=requeueable deps ti=<TaskInstance: Silver_Layer.clean_movies scheduled__2024-12-10T00:00:00+00:00 [queued]>
[2024-12-11T12:54:37.512+0000] {taskinstance.py:1361} INFO - Starting attempt 1 of 2
[2024-12-11T12:54:37.529+0000] {taskinstance.py:1382} INFO - Executing <Task(SparkSubmitOperator): clean_movies> on 2024-12-10 00:00:00+00:00
[2024-12-11T12:54:37.533+0000] {standard_task_runner.py:57} INFO - Started process 2622 to run task
[2024-12-11T12:54:37.536+0000] {standard_task_runner.py:84} INFO - Running: ['***', 'tasks', 'run', 'Silver_Layer', 'clean_movies', 'scheduled__2024-12-10T00:00:00+00:00', '--job-id', '20', '--raw', '--subdir', 'DAGS_FOLDER/silver_layer.py', '--cfg-path', '/tmp/tmpz5zh2za6']
[2024-12-11T12:54:37.539+0000] {standard_task_runner.py:85} INFO - Job 20: Subtask clean_movies
[2024-12-11T12:54:37.593+0000] {task_command.py:416} INFO - Running <TaskInstance: Silver_Layer.clean_movies scheduled__2024-12-10T00:00:00+00:00 [running]> on host a2b73f6a4b3a
[2024-12-11T12:54:37.678+0000] {taskinstance.py:1662} INFO - Exporting env vars: AIRFLOW_CTX_DAG_OWNER='***' AIRFLOW_CTX_DAG_ID='Silver_Layer' AIRFLOW_CTX_TASK_ID='clean_movies' AIRFLOW_CTX_EXECUTION_DATE='2024-12-10T00:00:00+00:00' AIRFLOW_CTX_TRY_NUMBER='1' AIRFLOW_CTX_DAG_RUN_ID='scheduled__2024-12-10T00:00:00+00:00'
[2024-12-11T12:54:37.689+0000] {base.py:73} INFO - Using connection ID 'spark-conn' for task execution.
[2024-12-11T12:54:37.691+0000] {spark_submit.py:403} INFO - Spark-Submit cmd: spark-submit --master spark://spark-master:7077 --conf spark.sql.extensions=io.delta.sql.DeltaSparkSessionExtension --conf spark.sql.catalog.spark_catalog=org.apache.spark.sql.delta.catalog.DeltaCatalog --conf delta.enable-non-concurrent-writes=true --jars /opt/***/jars/hadoop-aws-3.3.4.jar,/opt/***/jars/s3-2.18.41.jar,/opt/***/jars/aws-java-sdk-1.12.367.jar,/opt/***/jars/delta-core_2.12-2.2.0.jar,/opt/***/jars/delta-storage-2.2.0.jar, --packages org.apache.hadoop:hadoop-aws:3.3.4 --num-executors 2 --total-executor-cores 2 --executor-cores 2 --executor-memory 2g --driver-memory 1g --name arrow-spark --deploy-mode client /opt/***/jobs/python/processing_movie.py s3a://lakehouse/bronze/movies.parquet s3a://lakehouse/sliver/movies
[2024-12-11T12:54:37.880+0000] {spark_submit.py:579} INFO - /home/***/.local/lib/python3.9/site-packages/pyspark/bin/load-spark-env.sh: line 68: ps: command not found
[2024-12-11T12:54:39.641+0000] {spark_submit.py:579} INFO - Warning: Ignoring non-Spark config property: delta.enable-non-concurrent-writes
[2024-12-11T12:54:39.915+0000] {spark_submit.py:579} INFO - :: loading settings :: url = jar:file:/home/***/.local/lib/python3.9/site-packages/pyspark/jars/ivy-2.5.1.jar!/org/apache/ivy/core/settings/ivysettings.xml
[2024-12-11T12:54:40.081+0000] {spark_submit.py:579} INFO - Ivy Default Cache set to: /home/***/.ivy2/cache
[2024-12-11T12:54:40.081+0000] {spark_submit.py:579} INFO - The jars for the packages stored in: /home/***/.ivy2/jars
[2024-12-11T12:54:40.088+0000] {spark_submit.py:579} INFO - org.apache.hadoop#hadoop-aws added as a dependency
[2024-12-11T12:54:40.090+0000] {spark_submit.py:579} INFO - :: resolving dependencies :: org.apache.spark#spark-submit-parent-7e886736-3741-462d-b4ae-7b7945c1988a;1.0
[2024-12-11T12:54:40.091+0000] {spark_submit.py:579} INFO - confs: [default]
[2024-12-11T12:54:40.232+0000] {spark_submit.py:579} INFO - found org.apache.hadoop#hadoop-aws;3.3.4 in central
[2024-12-11T12:54:40.258+0000] {spark_submit.py:579} INFO - found com.amazonaws#aws-java-sdk-bundle;1.12.262 in central
[2024-12-11T12:54:40.280+0000] {spark_submit.py:579} INFO - found org.wildfly.openssl#wildfly-openssl;1.0.7.Final in central
[2024-12-11T12:54:40.304+0000] {spark_submit.py:579} INFO - :: resolution report :: resolve 204ms :: artifacts dl 10ms
[2024-12-11T12:54:40.305+0000] {spark_submit.py:579} INFO - :: modules in use:
[2024-12-11T12:54:40.305+0000] {spark_submit.py:579} INFO - com.amazonaws#aws-java-sdk-bundle;1.12.262 from central in [default]
[2024-12-11T12:54:40.306+0000] {spark_submit.py:579} INFO - org.apache.hadoop#hadoop-aws;3.3.4 from central in [default]
[2024-12-11T12:54:40.307+0000] {spark_submit.py:579} INFO - org.wildfly.openssl#wildfly-openssl;1.0.7.Final from central in [default]
[2024-12-11T12:54:40.308+0000] {spark_submit.py:579} INFO - ---------------------------------------------------------------------
[2024-12-11T12:54:40.308+0000] {spark_submit.py:579} INFO - |                  |            modules            ||   artifacts   |
[2024-12-11T12:54:40.309+0000] {spark_submit.py:579} INFO - |       conf       | number| search|dwnlded|evicted|| number|dwnlded|
[2024-12-11T12:54:40.309+0000] {spark_submit.py:579} INFO - ---------------------------------------------------------------------
[2024-12-11T12:54:40.309+0000] {spark_submit.py:579} INFO - |      default     |   3   |   0   |   0   |   0   ||   3   |   0   |
[2024-12-11T12:54:40.310+0000] {spark_submit.py:579} INFO - ---------------------------------------------------------------------
[2024-12-11T12:54:40.311+0000] {spark_submit.py:579} INFO - :: retrieving :: org.apache.spark#spark-submit-parent-7e886736-3741-462d-b4ae-7b7945c1988a
[2024-12-11T12:54:40.311+0000] {spark_submit.py:579} INFO - confs: [default]
[2024-12-11T12:54:40.317+0000] {spark_submit.py:579} INFO - 0 artifacts copied, 3 already retrieved (0kB/5ms)
[2024-12-11T12:54:40.533+0000] {spark_submit.py:579} INFO - 24/12/11 12:54:40 WARN NativeCodeLoader: Unable to load native-hadoop library for your platform... using builtin-java classes where applicable
[2024-12-11T12:54:42.111+0000] {spark_submit.py:579} INFO - 2024-12-11 12:54:42,111 INFO: Initializing Spark session...
[2024-12-11T12:54:42.317+0000] {spark_submit.py:579} INFO - 24/12/11 12:54:42 INFO SparkContext: Running Spark version 3.3.2
[2024-12-11T12:54:42.346+0000] {spark_submit.py:579} INFO - 24/12/11 12:54:42 INFO ResourceUtils: ==============================================================
[2024-12-11T12:54:42.347+0000] {spark_submit.py:579} INFO - 24/12/11 12:54:42 INFO ResourceUtils: No custom resources configured for spark.driver.
[2024-12-11T12:54:42.347+0000] {spark_submit.py:579} INFO - 24/12/11 12:54:42 INFO ResourceUtils: ==============================================================
[2024-12-11T12:54:42.348+0000] {spark_submit.py:579} INFO - 24/12/11 12:54:42 INFO SparkContext: Submitted application: CleanMovies
[2024-12-11T12:54:42.373+0000] {spark_submit.py:579} INFO - 24/12/11 12:54:42 INFO ResourceProfile: Default ResourceProfile created, executor resources: Map(cores -> name: cores, amount: 2, script: , vendor: , memory -> name: memory, amount: 2048, script: , vendor: , offHeap -> name: offHeap, amount: 0, script: , vendor: ), task resources: Map(cpus -> name: cpus, amount: 1.0)
[2024-12-11T12:54:42.391+0000] {spark_submit.py:579} INFO - 24/12/11 12:54:42 INFO ResourceProfile: Limiting resource is cpus at 2 tasks per executor
[2024-12-11T12:54:42.394+0000] {spark_submit.py:579} INFO - 24/12/11 12:54:42 INFO ResourceProfileManager: Added ResourceProfile id: 0
[2024-12-11T12:54:42.477+0000] {spark_submit.py:579} INFO - 24/12/11 12:54:42 INFO SecurityManager: Changing view acls to: ***
[2024-12-11T12:54:42.478+0000] {spark_submit.py:579} INFO - 24/12/11 12:54:42 INFO SecurityManager: Changing modify acls to: ***
[2024-12-11T12:54:42.480+0000] {spark_submit.py:579} INFO - 24/12/11 12:54:42 INFO SecurityManager: Changing view acls groups to:
[2024-12-11T12:54:42.481+0000] {spark_submit.py:579} INFO - 24/12/11 12:54:42 INFO SecurityManager: Changing modify acls groups to:
[2024-12-11T12:54:42.482+0000] {spark_submit.py:579} INFO - 24/12/11 12:54:42 INFO SecurityManager: SecurityManager: authentication disabled; ui acls disabled; users  with view permissions: Set(***); groups with view permissions: Set(); users  with modify permissions: Set(***); groups with modify permissions: Set()
[2024-12-11T12:54:42.852+0000] {spark_submit.py:579} INFO - 24/12/11 12:54:42 INFO Utils: Successfully started service 'sparkDriver' on port 35305.
[2024-12-11T12:54:42.897+0000] {spark_submit.py:579} INFO - 24/12/11 12:54:42 INFO SparkEnv: Registering MapOutputTracker
[2024-12-11T12:54:42.938+0000] {spark_submit.py:579} INFO - 24/12/11 12:54:42 INFO SparkEnv: Registering BlockManagerMaster
[2024-12-11T12:54:42.959+0000] {spark_submit.py:579} INFO - 24/12/11 12:54:42 INFO BlockManagerMasterEndpoint: Using org.apache.spark.storage.DefaultTopologyMapper for getting topology information
[2024-12-11T12:54:42.960+0000] {spark_submit.py:579} INFO - 24/12/11 12:54:42 INFO BlockManagerMasterEndpoint: BlockManagerMasterEndpoint up
[2024-12-11T12:54:42.967+0000] {spark_submit.py:579} INFO - 24/12/11 12:54:42 INFO SparkEnv: Registering BlockManagerMasterHeartbeat
[2024-12-11T12:54:42.997+0000] {spark_submit.py:579} INFO - 24/12/11 12:54:42 INFO DiskBlockManager: Created local directory at /tmp/blockmgr-60a847f5-794d-4033-97cc-ab0348ac8fa3
[2024-12-11T12:54:43.017+0000] {spark_submit.py:579} INFO - 24/12/11 12:54:43 INFO MemoryStore: MemoryStore started with capacity 434.4 MiB
[2024-12-11T12:54:43.039+0000] {spark_submit.py:579} INFO - 24/12/11 12:54:43 INFO SparkEnv: Registering OutputCommitCoordinator
[2024-12-11T12:54:43.305+0000] {spark_submit.py:579} INFO - 24/12/11 12:54:43 INFO Utils: Successfully started service 'SparkUI' on port 4040.
[2024-12-11T12:54:43.353+0000] {spark_submit.py:579} INFO - 24/12/11 12:54:43 INFO SparkContext: Added JAR file:///opt/***/jars/hadoop-aws-3.3.4.jar at spark://a2b73f6a4b3a:35305/jars/hadoop-aws-3.3.4.jar with timestamp 1733921682304
[2024-12-11T12:54:43.354+0000] {spark_submit.py:579} INFO - 24/12/11 12:54:43 INFO SparkContext: Added JAR file:///opt/***/jars/s3-2.18.41.jar at spark://a2b73f6a4b3a:35305/jars/s3-2.18.41.jar with timestamp 1733921682304
[2024-12-11T12:54:43.356+0000] {spark_submit.py:579} INFO - 24/12/11 12:54:43 INFO SparkContext: Added JAR file:///opt/***/jars/aws-java-sdk-1.12.367.jar at spark://a2b73f6a4b3a:35305/jars/aws-java-sdk-1.12.367.jar with timestamp 1733921682304
[2024-12-11T12:54:43.357+0000] {spark_submit.py:579} INFO - 24/12/11 12:54:43 INFO SparkContext: Added JAR file:///opt/***/jars/delta-core_2.12-2.2.0.jar at spark://a2b73f6a4b3a:35305/jars/delta-core_2.12-2.2.0.jar with timestamp 1733921682304
[2024-12-11T12:54:43.358+0000] {spark_submit.py:579} INFO - 24/12/11 12:54:43 INFO SparkContext: Added JAR file:///opt/***/jars/delta-storage-2.2.0.jar at spark://a2b73f6a4b3a:35305/jars/delta-storage-2.2.0.jar with timestamp 1733921682304
[2024-12-11T12:54:43.358+0000] {spark_submit.py:579} INFO - 24/12/11 12:54:43 INFO SparkContext: Added JAR file:///home/***/.ivy2/jars/org.apache.hadoop_hadoop-aws-3.3.4.jar at spark://a2b73f6a4b3a:35305/jars/org.apache.hadoop_hadoop-aws-3.3.4.jar with timestamp 1733921682304
[2024-12-11T12:54:43.359+0000] {spark_submit.py:579} INFO - 24/12/11 12:54:43 INFO SparkContext: Added JAR file:///home/***/.ivy2/jars/com.amazonaws_aws-java-sdk-bundle-1.12.262.jar at spark://a2b73f6a4b3a:35305/jars/com.amazonaws_aws-java-sdk-bundle-1.12.262.jar with timestamp 1733921682304
[2024-12-11T12:54:43.359+0000] {spark_submit.py:579} INFO - 24/12/11 12:54:43 INFO SparkContext: Added JAR file:///home/***/.ivy2/jars/org.wildfly.openssl_wildfly-openssl-1.0.7.Final.jar at spark://a2b73f6a4b3a:35305/jars/org.wildfly.openssl_wildfly-openssl-1.0.7.Final.jar with timestamp 1733921682304
[2024-12-11T12:54:43.361+0000] {spark_submit.py:579} INFO - 24/12/11 12:54:43 INFO SparkContext: Added file file:///home/***/.ivy2/jars/org.apache.hadoop_hadoop-aws-3.3.4.jar at spark://a2b73f6a4b3a:35305/files/org.apache.hadoop_hadoop-aws-3.3.4.jar with timestamp 1733921682304
[2024-12-11T12:54:43.364+0000] {spark_submit.py:579} INFO - 24/12/11 12:54:43 INFO Utils: Copying /home/***/.ivy2/jars/org.apache.hadoop_hadoop-aws-3.3.4.jar to /tmp/spark-1c46190c-69af-4eae-801c-db9f06a678b4/userFiles-92c0b4e1-16ff-403b-9310-3418b257595f/org.apache.hadoop_hadoop-aws-3.3.4.jar
[2024-12-11T12:54:43.378+0000] {spark_submit.py:579} INFO - 24/12/11 12:54:43 INFO SparkContext: Added file file:///home/***/.ivy2/jars/com.amazonaws_aws-java-sdk-bundle-1.12.262.jar at spark://a2b73f6a4b3a:35305/files/com.amazonaws_aws-java-sdk-bundle-1.12.262.jar with timestamp 1733921682304
[2024-12-11T12:54:43.379+0000] {spark_submit.py:579} INFO - 24/12/11 12:54:43 INFO Utils: Copying /home/***/.ivy2/jars/com.amazonaws_aws-java-sdk-bundle-1.12.262.jar to /tmp/spark-1c46190c-69af-4eae-801c-db9f06a678b4/userFiles-92c0b4e1-16ff-403b-9310-3418b257595f/com.amazonaws_aws-java-sdk-bundle-1.12.262.jar
[2024-12-11T12:54:43.583+0000] {spark_submit.py:579} INFO - 24/12/11 12:54:43 INFO SparkContext: Added file file:///home/***/.ivy2/jars/org.wildfly.openssl_wildfly-openssl-1.0.7.Final.jar at spark://a2b73f6a4b3a:35305/files/org.wildfly.openssl_wildfly-openssl-1.0.7.Final.jar with timestamp 1733921682304
[2024-12-11T12:54:43.584+0000] {spark_submit.py:579} INFO - 24/12/11 12:54:43 INFO Utils: Copying /home/***/.ivy2/jars/org.wildfly.openssl_wildfly-openssl-1.0.7.Final.jar to /tmp/spark-1c46190c-69af-4eae-801c-db9f06a678b4/userFiles-92c0b4e1-16ff-403b-9310-3418b257595f/org.wildfly.openssl_wildfly-openssl-1.0.7.Final.jar
[2024-12-11T12:54:43.687+0000] {spark_submit.py:579} INFO - 24/12/11 12:54:43 INFO StandaloneAppClient$ClientEndpoint: Connecting to master spark://spark-master:7077...
[2024-12-11T12:54:43.746+0000] {spark_submit.py:579} INFO - 24/12/11 12:54:43 INFO TransportClientFactory: Successfully created connection to spark-master/172.18.0.2:7077 after 34 ms (0 ms spent in bootstraps)
[2024-12-11T12:54:43.851+0000] {spark_submit.py:579} INFO - 24/12/11 12:54:43 INFO StandaloneSchedulerBackend: Connected to Spark cluster with app ID app-20241211125443-0004
[2024-12-11T12:54:43.854+0000] {spark_submit.py:579} INFO - 24/12/11 12:54:43 INFO StandaloneAppClient$ClientEndpoint: Executor added: app-20241211125443-0004/0 on worker-20241211120924-172.18.0.7-42423 (172.18.0.7:42423) with 2 core(s)
[2024-12-11T12:54:43.857+0000] {spark_submit.py:579} INFO - 24/12/11 12:54:43 INFO StandaloneSchedulerBackend: Granted executor ID app-20241211125443-0004/0 on hostPort 172.18.0.7:42423 with 2 core(s), 2.0 GiB RAM
[2024-12-11T12:54:43.862+0000] {spark_submit.py:579} INFO - 24/12/11 12:54:43 INFO Utils: Successfully started service 'org.apache.spark.network.netty.NettyBlockTransferService' on port 38703.
[2024-12-11T12:54:43.863+0000] {spark_submit.py:579} INFO - 24/12/11 12:54:43 INFO NettyBlockTransferService: Server created on a2b73f6a4b3a:38703
[2024-12-11T12:54:43.865+0000] {spark_submit.py:579} INFO - 24/12/11 12:54:43 INFO BlockManager: Using org.apache.spark.storage.RandomBlockReplicationPolicy for block replication policy
[2024-12-11T12:54:43.873+0000] {spark_submit.py:579} INFO - 24/12/11 12:54:43 INFO BlockManagerMaster: Registering BlockManager BlockManagerId(driver, a2b73f6a4b3a, 38703, None)
[2024-12-11T12:54:43.879+0000] {spark_submit.py:579} INFO - 24/12/11 12:54:43 INFO BlockManagerMasterEndpoint: Registering block manager a2b73f6a4b3a:38703 with 434.4 MiB RAM, BlockManagerId(driver, a2b73f6a4b3a, 38703, None)
[2024-12-11T12:54:43.883+0000] {spark_submit.py:579} INFO - 24/12/11 12:54:43 INFO BlockManagerMaster: Registered BlockManager BlockManagerId(driver, a2b73f6a4b3a, 38703, None)
[2024-12-11T12:54:43.885+0000] {spark_submit.py:579} INFO - 24/12/11 12:54:43 INFO BlockManager: Initialized BlockManager: BlockManagerId(driver, a2b73f6a4b3a, 38703, None)
[2024-12-11T12:54:43.917+0000] {spark_submit.py:579} INFO - 24/12/11 12:54:43 INFO StandaloneAppClient$ClientEndpoint: Executor updated: app-20241211125443-0004/0 is now RUNNING
[2024-12-11T12:54:44.244+0000] {spark_submit.py:579} INFO - 24/12/11 12:54:44 INFO StandaloneSchedulerBackend: SchedulerBackend is ready for scheduling beginning after reached minRegisteredResourcesRatio: 0.0
[2024-12-11T12:54:44.559+0000] {spark_submit.py:579} INFO - 2024-12-11 12:54:44,557 INFO: Spark session initialized successfully.
[2024-12-11T12:54:44.560+0000] {spark_submit.py:579} INFO - 2024-12-11 12:54:44,557 INFO: Reading data from s3a://lakehouse/bronze/movies.parquet
[2024-12-11T12:54:44.570+0000] {spark_submit.py:579} INFO - 24/12/11 12:54:44 INFO SharedState: Setting hive.metastore.warehouse.dir ('null') to the value of spark.sql.warehouse.dir.
[2024-12-11T12:54:44.861+0000] {spark_submit.py:579} INFO - 24/12/11 12:54:44 WARN MetricsConfig: Cannot locate configuration: tried hadoop-metrics2-s3a-file-system.properties,hadoop-metrics2.properties
[2024-12-11T12:54:44.879+0000] {spark_submit.py:579} INFO - 24/12/11 12:54:44 INFO MetricsSystemImpl: Scheduled Metric snapshot period at 10 second(s).
[2024-12-11T12:54:44.880+0000] {spark_submit.py:579} INFO - 24/12/11 12:54:44 INFO MetricsSystemImpl: s3a-file-system metrics system started
[2024-12-11T12:54:46.348+0000] {spark_submit.py:579} INFO - 24/12/11 12:54:46 INFO SharedState: Warehouse path is 's3a://lakehouse/'.
[2024-12-11T12:54:46.940+0000] {spark_submit.py:579} INFO - 24/12/11 12:54:46 INFO CoarseGrainedSchedulerBackend$DriverEndpoint: Registered executor NettyRpcEndpointRef(spark-client://Executor) (172.18.0.7:46288) with ID 0,  ResourceProfileId 0
[2024-12-11T12:54:47.020+0000] {spark_submit.py:579} INFO - 24/12/11 12:54:47 INFO BlockManagerMasterEndpoint: Registering block manager 172.18.0.7:46193 with 1048.8 MiB RAM, BlockManagerId(0, 172.18.0.7, 46193, None)
[2024-12-11T12:54:48.128+0000] {spark_submit.py:579} INFO - 24/12/11 12:54:48 INFO InMemoryFileIndex: It took 117 ms to list leaf files for 1 paths.
[2024-12-11T12:54:50.882+0000] {spark_submit.py:579} INFO - 2024-12-11 12:54:50,882 INFO: Saving cleaned data to s3a://lakehouse/sliver/movies
[2024-12-11T12:54:51.421+0000] {spark_submit.py:579} INFO - 24/12/11 12:54:51 WARN package: Truncated the string representation of a plan since it was too large. This behavior can be adjusted by setting 'spark.sql.debug.maxToStringFields'.
[2024-12-11T12:54:51.949+0000] {spark_submit.py:579} INFO - 24/12/11 12:54:51 INFO DeltaLog: Creating initial snapshot without metadata, because the directory is empty
[2024-12-11T12:54:52.165+0000] {spark_submit.py:579} INFO - 24/12/11 12:54:52 INFO InitialSnapshot: [tableId=576cb16c-781a-4bbc-b322-842f24eb3a3d] Created snapshot InitialSnapshot(path=s3a://lakehouse/sliver/movies/_delta_log, version=-1, metadata=Metadata(1991feff-e092-4cb3-a980-7f46ece3f273,null,null,Format(parquet,Map()),null,List(),Map(),Some(1733921692154)), logSegment=LogSegment(s3a://lakehouse/sliver/movies/_delta_log,-1,List(),List(),None,-1), checksumOpt=None)
[2024-12-11T12:54:52.275+0000] {spark_submit.py:579} INFO - 24/12/11 12:54:52 INFO DeltaLog: No delta log found for the Delta table at s3a://lakehouse/sliver/movies/_delta_log
[2024-12-11T12:54:52.276+0000] {spark_submit.py:579} INFO - 24/12/11 12:54:52 INFO InitialSnapshot: [tableId=1991feff-e092-4cb3-a980-7f46ece3f273] Created snapshot InitialSnapshot(path=s3a://lakehouse/sliver/movies/_delta_log, version=-1, metadata=Metadata(37597a6e-869a-4cf8-b24b-95d7895745a0,null,null,Format(parquet,Map()),null,List(),Map(),Some(1733921692275)), logSegment=LogSegment(s3a://lakehouse/sliver/movies/_delta_log,-1,List(),List(),None,-1), checksumOpt=None)
[2024-12-11T12:54:52.329+0000] {spark_submit.py:579} INFO - 24/12/11 12:54:52 INFO OptimisticTransaction: [tableId=37597a6e,txnId=8fccf1ee] Updated metadata from - to Metadata(b45ba83f-a96f-4eac-b5d4-ae883121f780,null,null,Format(parquet,Map()),{"type":"struct","fields":[{"name":"budget","type":"integer","nullable":true,"metadata":{}},{"name":"genres","type":"string","nullable":true,"metadata":{}},{"name":"genres_convert","type":"string","nullable":true,"metadata":{}},{"name":"id","type":"string","nullable":true,"metadata":{}},{"name":"imdb_id","type":"string","nullable":true,"metadata":{}},{"name":"original_language","type":"string","nullable":true,"metadata":{}},{"name":"original_title","type":"string","nullable":true,"metadata":{}},{"name":"overview","type":"string","nullable":true,"metadata":{}},{"name":"popularity","type":"string","nullable":true,"metadata":{}},{"name":"poster_path","type":"string","nullable":true,"metadata":{}},{"name":"release_date","type":"date","nullable":true,"metadata":{}},{"name":"revenue","type":"double","nullable":true,"metadata":{}},{"name":"status","type":"string","nullable":true,"metadata":{}},{"name":"tagline","type":"string","nullable":true,"metadata":{}},{"name":"time","type":"string","nullable":true,"metadata":{}},{"name":"title","type":"string","nullable":true,"metadata":{}},{"name":"vote_average","type":"double","nullable":true,"metadata":{}},{"name":"vote_count","type":"double","nullable":true,"metadata":{}}]},List(),Map(),Some(1733921692315))
[2024-12-11T12:54:52.831+0000] {spark_submit.py:579} INFO - 24/12/11 12:54:52 INFO FileSourceStrategy: Pushed Filters:
[2024-12-11T12:54:52.832+0000] {spark_submit.py:579} INFO - 24/12/11 12:54:52 INFO FileSourceStrategy: Post-Scan Filters:
[2024-12-11T12:54:52.834+0000] {spark_submit.py:579} INFO - 24/12/11 12:54:52 INFO FileSourceStrategy: Output Data Schema: struct<budget: string, genres: string, id: string, imdb_id: string, original_language: string ... 15 more fields>
[2024-12-11T12:54:52.908+0000] {spark_submit.py:579} INFO - 24/12/11 12:54:52 INFO DeltaParquetFileFormat: Using default output committer for Parquet: org.apache.parquet.hadoop.ParquetOutputCommitter
[2024-12-11T12:54:53.242+0000] {spark_submit.py:579} INFO - 24/12/11 12:54:53 INFO CodeGenerator: Code generated in 186.672895 ms
[2024-12-11T12:54:53.309+0000] {spark_submit.py:579} INFO - 24/12/11 12:54:53 INFO MemoryStore: Block broadcast_0 stored as values in memory (estimated size 208.3 KiB, free 434.2 MiB)
[2024-12-11T12:54:53.369+0000] {spark_submit.py:579} INFO - 24/12/11 12:54:53 INFO MemoryStore: Block broadcast_0_piece0 stored as bytes in memory (estimated size 36.6 KiB, free 434.2 MiB)
[2024-12-11T12:54:53.374+0000] {spark_submit.py:579} INFO - 24/12/11 12:54:53 INFO BlockManagerInfo: Added broadcast_0_piece0 in memory on a2b73f6a4b3a:38703 (size: 36.6 KiB, free: 434.4 MiB)
[2024-12-11T12:54:53.380+0000] {spark_submit.py:579} INFO - 24/12/11 12:54:53 INFO SparkContext: Created broadcast 0 from save at NativeMethodAccessorImpl.java:0
[2024-12-11T12:54:53.407+0000] {spark_submit.py:579} INFO - 24/12/11 12:54:53 INFO FileSourceScanExec: Planning scan with bin packing, max size: 10691623 bytes, open cost is considered as scanning 4194304 bytes.
[2024-12-11T12:54:53.639+0000] {spark_submit.py:579} INFO - 24/12/11 12:54:53 INFO SparkContext: Starting job: save at NativeMethodAccessorImpl.java:0
[2024-12-11T12:54:53.652+0000] {spark_submit.py:579} INFO - 24/12/11 12:54:53 INFO DAGScheduler: Got job 0 (save at NativeMethodAccessorImpl.java:0) with 2 output partitions
[2024-12-11T12:54:53.653+0000] {spark_submit.py:579} INFO - 24/12/11 12:54:53 INFO DAGScheduler: Final stage: ResultStage 0 (save at NativeMethodAccessorImpl.java:0)
[2024-12-11T12:54:53.653+0000] {spark_submit.py:579} INFO - 24/12/11 12:54:53 INFO DAGScheduler: Parents of final stage: List()
[2024-12-11T12:54:53.655+0000] {spark_submit.py:579} INFO - 24/12/11 12:54:53 INFO DAGScheduler: Missing parents: List()
[2024-12-11T12:54:53.659+0000] {spark_submit.py:579} INFO - 24/12/11 12:54:53 INFO DAGScheduler: Submitting ResultStage 0 (MapPartitionsRDD[3] at save at NativeMethodAccessorImpl.java:0), which has no missing parents
[2024-12-11T12:54:53.810+0000] {spark_submit.py:579} INFO - 24/12/11 12:54:53 INFO MemoryStore: Block broadcast_1 stored as values in memory (estimated size 381.9 KiB, free 433.8 MiB)
[2024-12-11T12:54:53.817+0000] {spark_submit.py:579} INFO - 24/12/11 12:54:53 INFO MemoryStore: Block broadcast_1_piece0 stored as bytes in memory (estimated size 133.1 KiB, free 433.7 MiB)
[2024-12-11T12:54:53.818+0000] {spark_submit.py:579} INFO - 24/12/11 12:54:53 INFO BlockManagerInfo: Added broadcast_1_piece0 in memory on a2b73f6a4b3a:38703 (size: 133.1 KiB, free: 434.2 MiB)
[2024-12-11T12:54:53.819+0000] {spark_submit.py:579} INFO - 24/12/11 12:54:53 INFO SparkContext: Created broadcast 1 from broadcast at DAGScheduler.scala:1513
[2024-12-11T12:54:53.852+0000] {spark_submit.py:579} INFO - 24/12/11 12:54:53 INFO DAGScheduler: Submitting 2 missing tasks from ResultStage 0 (MapPartitionsRDD[3] at save at NativeMethodAccessorImpl.java:0) (first 15 tasks are for partitions Vector(0, 1))
[2024-12-11T12:54:53.855+0000] {spark_submit.py:579} INFO - 24/12/11 12:54:53 INFO TaskSchedulerImpl: Adding task set 0.0 with 2 tasks resource profile 0
[2024-12-11T12:54:53.907+0000] {spark_submit.py:579} INFO - 24/12/11 12:54:53 INFO TaskSetManager: Starting task 0.0 in stage 0.0 (TID 0) (172.18.0.7, executor 0, partition 0, PROCESS_LOCAL, 4912 bytes) taskResourceAssignments Map()
[2024-12-11T12:54:53.911+0000] {spark_submit.py:579} INFO - 24/12/11 12:54:53 INFO TaskSetManager: Starting task 1.0 in stage 0.0 (TID 1) (172.18.0.7, executor 0, partition 1, PROCESS_LOCAL, 4912 bytes) taskResourceAssignments Map()
[2024-12-11T12:54:54.171+0000] {spark_submit.py:579} INFO - 24/12/11 12:54:54 INFO BlockManagerInfo: Added broadcast_1_piece0 in memory on 172.18.0.7:46193 (size: 133.1 KiB, free: 1048.7 MiB)
[2024-12-11T12:54:55.498+0000] {spark_submit.py:579} INFO - 24/12/11 12:54:55 INFO BlockManagerInfo: Added broadcast_0_piece0 in memory on 172.18.0.7:46193 (size: 36.6 KiB, free: 1048.6 MiB)
[2024-12-11T12:54:57.286+0000] {spark_submit.py:579} INFO - 24/12/11 12:54:57 INFO TaskSetManager: Finished task 1.0 in stage 0.0 (TID 1) in 3375 ms on 172.18.0.7 (executor 0) (1/2)
[2024-12-11T12:55:01.399+0000] {spark_submit.py:579} INFO - 24/12/11 12:55:01 INFO TaskSetManager: Finished task 0.0 in stage 0.0 (TID 0) in 7506 ms on 172.18.0.7 (executor 0) (2/2)
[2024-12-11T12:55:01.402+0000] {spark_submit.py:579} INFO - 24/12/11 12:55:01 INFO DAGScheduler: ResultStage 0 (save at NativeMethodAccessorImpl.java:0) finished in 7.729 s
[2024-12-11T12:55:01.403+0000] {spark_submit.py:579} INFO - 24/12/11 12:55:01 INFO TaskSchedulerImpl: Removed TaskSet 0.0, whose tasks have all completed, from pool
[2024-12-11T12:55:01.406+0000] {spark_submit.py:579} INFO - 24/12/11 12:55:01 INFO DAGScheduler: Job 0 is finished. Cancelling potential speculative or zombie tasks for this job
[2024-12-11T12:55:01.407+0000] {spark_submit.py:579} INFO - 24/12/11 12:55:01 INFO TaskSchedulerImpl: Killing all running tasks in stage 0: Stage finished
[2024-12-11T12:55:01.410+0000] {spark_submit.py:579} INFO - 24/12/11 12:55:01 INFO DAGScheduler: Job 0 finished: save at NativeMethodAccessorImpl.java:0, took 7.769494 s
[2024-12-11T12:55:01.413+0000] {spark_submit.py:579} INFO - 24/12/11 12:55:01 INFO FileFormatWriter: Start to commit write Job 95dfb9fa-d9bd-4b07-86a8-4c957486aa5a.
[2024-12-11T12:55:01.415+0000] {spark_submit.py:579} INFO - 24/12/11 12:55:01 INFO FileFormatWriter: Write Job 95dfb9fa-d9bd-4b07-86a8-4c957486aa5a committed. Elapsed time: 1 ms.
[2024-12-11T12:55:01.422+0000] {spark_submit.py:579} INFO - 24/12/11 12:55:01 INFO FileFormatWriter: Finished processing stats for write job 95dfb9fa-d9bd-4b07-86a8-4c957486aa5a.
[2024-12-11T12:55:02.071+0000] {spark_submit.py:579} INFO - 24/12/11 12:55:02 INFO BlockManagerInfo: Removed broadcast_1_piece0 on a2b73f6a4b3a:38703 in memory (size: 133.1 KiB, free: 434.4 MiB)
[2024-12-11T12:55:02.077+0000] {spark_submit.py:579} INFO - 24/12/11 12:55:02 INFO BlockManagerInfo: Removed broadcast_1_piece0 on 172.18.0.7:46193 in memory (size: 133.1 KiB, free: 1048.8 MiB)
[2024-12-11T12:55:02.739+0000] {spark_submit.py:579} INFO - 24/12/11 12:55:02 INFO CodeGenerator: Code generated in 176.548318 ms
[2024-12-11T12:55:02.897+0000] {spark_submit.py:579} INFO - 24/12/11 12:55:02 INFO SparkContext: Starting job: $anonfun$recordDeltaOperationInternal$1 at DatabricksLogging.scala:128
[2024-12-11T12:55:02.936+0000] {spark_submit.py:579} INFO - 24/12/11 12:55:02 INFO DAGScheduler: Job 1 finished: $anonfun$recordDeltaOperationInternal$1 at DatabricksLogging.scala:128, took 0.000477 s
[2024-12-11T12:55:03.082+0000] {spark_submit.py:579} INFO - 24/12/11 12:55:03 INFO OptimisticTransaction: [tableId=37597a6e,txnId=8fccf1ee] Attempting to commit version 0 with 4 actions with Serializable isolation level
[2024-12-11T12:55:03.414+0000] {spark_submit.py:579} INFO - 24/12/11 12:55:03 INFO DeltaLog: Creating a new snapshot v0 for commit version 0
[2024-12-11T12:55:03.415+0000] {spark_submit.py:579} INFO - 24/12/11 12:55:03 INFO DeltaLog: Loading version 0.
[2024-12-11T12:55:03.438+0000] {spark_submit.py:579} INFO - 24/12/11 12:55:03 INFO Snapshot: [tableId=37597a6e-869a-4cf8-b24b-95d7895745a0] DELTA: Compute snapshot for version: 0
[2024-12-11T12:55:03.505+0000] {spark_submit.py:579} INFO - 24/12/11 12:55:03 INFO MemoryStore: Block broadcast_2 stored as values in memory (estimated size 204.7 KiB, free 434.0 MiB)
[2024-12-11T12:55:03.531+0000] {spark_submit.py:579} INFO - 24/12/11 12:55:03 INFO MemoryStore: Block broadcast_2_piece0 stored as bytes in memory (estimated size 35.6 KiB, free 433.9 MiB)
[2024-12-11T12:55:03.532+0000] {spark_submit.py:579} INFO - 24/12/11 12:55:03 INFO BlockManagerInfo: Added broadcast_2_piece0 in memory on a2b73f6a4b3a:38703 (size: 35.6 KiB, free: 434.3 MiB)
[2024-12-11T12:55:03.534+0000] {spark_submit.py:579} INFO - 24/12/11 12:55:03 INFO SparkContext: Created broadcast 2 from toString at String.java:2951
[2024-12-11T12:55:03.548+0000] {spark_submit.py:579} INFO - 24/12/11 12:55:03 INFO DeltaLogFileIndex: Created DeltaLogFileIndex(JSON, numFilesInSegment: 1, totalFileSize: 3718)
[2024-12-11T12:55:03.995+0000] {spark_submit.py:579} INFO - 24/12/11 12:55:03 INFO FileSourceStrategy: Pushed Filters:
[2024-12-11T12:55:03.996+0000] {spark_submit.py:579} INFO - 24/12/11 12:55:03 INFO FileSourceStrategy: Post-Scan Filters:
[2024-12-11T12:55:03.997+0000] {spark_submit.py:579} INFO - 24/12/11 12:55:03 INFO FileSourceStrategy: Output Data Schema: struct<txn: struct<appId: string, version: bigint, lastUpdated: bigint ... 1 more fields>, add: struct<path: string, partitionValues: map<string,string>, size: bigint, modificationTime: bigint, dataChange: boolean ... 5 more fields>, remove: struct<path: string, deletionTimestamp: bigint, dataChange: boolean, extendedFileMetadata: boolean, partitionValues: map<string,string> ... 5 more fields>, metaData: struct<id: string, name: string, description: string, format: struct<provider: string, options: map<string,string>>, schemaString: string ... 6 more fields>, protocol: struct<minReaderVersion: int, minWriterVersion: int> ... 5 more fields>
[2024-12-11T12:55:04.296+0000] {spark_submit.py:579} INFO - 24/12/11 12:55:04 INFO CodeGenerator: Code generated in 116.640706 ms
[2024-12-11T12:55:04.302+0000] {spark_submit.py:579} INFO - 24/12/11 12:55:04 INFO MemoryStore: Block broadcast_3 stored as values in memory (estimated size 205.0 KiB, free 433.7 MiB)
[2024-12-11T12:55:04.310+0000] {spark_submit.py:579} INFO - 24/12/11 12:55:04 INFO MemoryStore: Block broadcast_3_piece0 stored as bytes in memory (estimated size 35.7 KiB, free 433.7 MiB)
[2024-12-11T12:55:04.311+0000] {spark_submit.py:579} INFO - 24/12/11 12:55:04 INFO BlockManagerInfo: Added broadcast_3_piece0 in memory on a2b73f6a4b3a:38703 (size: 35.7 KiB, free: 434.3 MiB)
[2024-12-11T12:55:04.313+0000] {spark_submit.py:579} INFO - 24/12/11 12:55:04 INFO SparkContext: Created broadcast 3 from toString at String.java:2951
[2024-12-11T12:55:04.327+0000] {spark_submit.py:579} INFO - 24/12/11 12:55:04 INFO FileSourceScanExec: Planning scan with bin packing, max size: 4194304 bytes, open cost is considered as scanning 4194304 bytes.
[2024-12-11T12:55:04.385+0000] {spark_submit.py:579} INFO - 24/12/11 12:55:04 INFO DAGScheduler: Registering RDD 11 (toString at String.java:2951) as input to shuffle 0
[2024-12-11T12:55:04.390+0000] {spark_submit.py:579} INFO - 24/12/11 12:55:04 INFO DAGScheduler: Got map stage job 2 (toString at String.java:2951) with 1 output partitions
[2024-12-11T12:55:04.391+0000] {spark_submit.py:579} INFO - 24/12/11 12:55:04 INFO DAGScheduler: Final stage: ShuffleMapStage 1 (toString at String.java:2951)
[2024-12-11T12:55:04.392+0000] {spark_submit.py:579} INFO - 24/12/11 12:55:04 INFO DAGScheduler: Parents of final stage: List()
[2024-12-11T12:55:04.392+0000] {spark_submit.py:579} INFO - 24/12/11 12:55:04 INFO DAGScheduler: Missing parents: List()
[2024-12-11T12:55:04.395+0000] {spark_submit.py:579} INFO - 24/12/11 12:55:04 INFO DAGScheduler: Submitting ShuffleMapStage 1 (MapPartitionsRDD[11] at toString at String.java:2951), which has no missing parents
[2024-12-11T12:55:04.421+0000] {spark_submit.py:579} INFO - 24/12/11 12:55:04 INFO MemoryStore: Block broadcast_4 stored as values in memory (estimated size 124.3 KiB, free 433.6 MiB)
[2024-12-11T12:55:04.436+0000] {spark_submit.py:579} INFO - 24/12/11 12:55:04 INFO MemoryStore: Block broadcast_4_piece0 stored as bytes in memory (estimated size 35.1 KiB, free 433.5 MiB)
[2024-12-11T12:55:04.437+0000] {spark_submit.py:579} INFO - 24/12/11 12:55:04 INFO BlockManagerInfo: Added broadcast_4_piece0 in memory on a2b73f6a4b3a:38703 (size: 35.1 KiB, free: 434.3 MiB)
[2024-12-11T12:55:04.439+0000] {spark_submit.py:579} INFO - 24/12/11 12:55:04 INFO SparkContext: Created broadcast 4 from broadcast at DAGScheduler.scala:1513
[2024-12-11T12:55:04.441+0000] {spark_submit.py:579} INFO - 24/12/11 12:55:04 INFO DAGScheduler: Submitting 1 missing tasks from ShuffleMapStage 1 (MapPartitionsRDD[11] at toString at String.java:2951) (first 15 tasks are for partitions Vector(0))
[2024-12-11T12:55:04.441+0000] {spark_submit.py:579} INFO - 24/12/11 12:55:04 INFO TaskSchedulerImpl: Adding task set 1.0 with 1 tasks resource profile 0
[2024-12-11T12:55:04.444+0000] {spark_submit.py:579} INFO - 24/12/11 12:55:04 INFO TaskSetManager: Starting task 0.0 in stage 1.0 (TID 2) (172.18.0.7, executor 0, partition 0, PROCESS_LOCAL, 4930 bytes) taskResourceAssignments Map()
[2024-12-11T12:55:04.507+0000] {spark_submit.py:579} INFO - 24/12/11 12:55:04 INFO BlockManagerInfo: Added broadcast_4_piece0 in memory on 172.18.0.7:46193 (size: 35.1 KiB, free: 1048.7 MiB)
[2024-12-11T12:55:04.848+0000] {spark_submit.py:579} INFO - 24/12/11 12:55:04 INFO BlockManagerInfo: Added broadcast_3_piece0 in memory on 172.18.0.7:46193 (size: 35.7 KiB, free: 1048.7 MiB)
[2024-12-11T12:55:04.949+0000] {spark_submit.py:579} INFO - 24/12/11 12:55:04 INFO TaskSetManager: Finished task 0.0 in stage 1.0 (TID 2) in 506 ms on 172.18.0.7 (executor 0) (1/1)
[2024-12-11T12:55:04.950+0000] {spark_submit.py:579} INFO - 24/12/11 12:55:04 INFO TaskSchedulerImpl: Removed TaskSet 1.0, whose tasks have all completed, from pool
[2024-12-11T12:55:04.951+0000] {spark_submit.py:579} INFO - 24/12/11 12:55:04 INFO DAGScheduler: ShuffleMapStage 1 (toString at String.java:2951) finished in 0.553 s
[2024-12-11T12:55:04.952+0000] {spark_submit.py:579} INFO - 24/12/11 12:55:04 INFO DAGScheduler: looking for newly runnable stages
[2024-12-11T12:55:04.953+0000] {spark_submit.py:579} INFO - 24/12/11 12:55:04 INFO DAGScheduler: running: Set()
[2024-12-11T12:55:04.953+0000] {spark_submit.py:579} INFO - 24/12/11 12:55:04 INFO DAGScheduler: waiting: Set()
[2024-12-11T12:55:04.954+0000] {spark_submit.py:579} INFO - 24/12/11 12:55:04 INFO DAGScheduler: failed: Set()
[2024-12-11T12:55:05.051+0000] {spark_submit.py:579} INFO - 24/12/11 12:55:05 INFO BlockManagerInfo: Removed broadcast_4_piece0 on a2b73f6a4b3a:38703 in memory (size: 35.1 KiB, free: 434.3 MiB)
[2024-12-11T12:55:05.054+0000] {spark_submit.py:579} INFO - 24/12/11 12:55:05 INFO BlockManagerInfo: Removed broadcast_4_piece0 on 172.18.0.7:46193 in memory (size: 35.1 KiB, free: 1048.7 MiB)
[2024-12-11T12:55:05.246+0000] {spark_submit.py:579} INFO - 24/12/11 12:55:05 INFO CodeGenerator: Generated method too long to be JIT compiled: org.apache.spark.sql.catalyst.expressions.GeneratedClass$GeneratedIteratorForCodegenStage3.serializefromobject_doConsume_0$ is 14899 bytes
[2024-12-11T12:55:05.247+0000] {spark_submit.py:579} INFO - 24/12/11 12:55:05 INFO CodeGenerator: Code generated in 171.931501 ms
[2024-12-11T12:55:05.306+0000] {spark_submit.py:579} INFO - 24/12/11 12:55:05 INFO CodeGenerator: Code generated in 42.635606 ms
[2024-12-11T12:55:05.649+0000] {spark_submit.py:579} INFO - 24/12/11 12:55:05 INFO CodeGenerator: Code generated in 59.754595 ms
[2024-12-11T12:55:05.663+0000] {spark_submit.py:579} INFO - 24/12/11 12:55:05 INFO DAGScheduler: Registering RDD 21 (toString at String.java:2951) as input to shuffle 1
[2024-12-11T12:55:05.664+0000] {spark_submit.py:579} INFO - 24/12/11 12:55:05 INFO DAGScheduler: Got map stage job 3 (toString at String.java:2951) with 50 output partitions
[2024-12-11T12:55:05.664+0000] {spark_submit.py:579} INFO - 24/12/11 12:55:05 INFO DAGScheduler: Final stage: ShuffleMapStage 3 (toString at String.java:2951)
[2024-12-11T12:55:05.665+0000] {spark_submit.py:579} INFO - 24/12/11 12:55:05 INFO DAGScheduler: Parents of final stage: List(ShuffleMapStage 2)
[2024-12-11T12:55:05.668+0000] {spark_submit.py:579} INFO - 24/12/11 12:55:05 INFO DAGScheduler: Missing parents: List()
[2024-12-11T12:55:05.670+0000] {spark_submit.py:579} INFO - 24/12/11 12:55:05 INFO DAGScheduler: Submitting ShuffleMapStage 3 (MapPartitionsRDD[21] at toString at String.java:2951), which has no missing parents
[2024-12-11T12:55:05.771+0000] {spark_submit.py:579} INFO - 24/12/11 12:55:05 INFO MemoryStore: Block broadcast_5 stored as values in memory (estimated size 426.3 KiB, free 433.3 MiB)
[2024-12-11T12:55:05.776+0000] {spark_submit.py:579} INFO - 24/12/11 12:55:05 INFO MemoryStore: Block broadcast_5_piece0 stored as bytes in memory (estimated size 102.6 KiB, free 433.2 MiB)
[2024-12-11T12:55:05.778+0000] {spark_submit.py:579} INFO - 24/12/11 12:55:05 INFO BlockManagerInfo: Added broadcast_5_piece0 in memory on a2b73f6a4b3a:38703 (size: 102.6 KiB, free: 434.2 MiB)
[2024-12-11T12:55:05.779+0000] {spark_submit.py:579} INFO - 24/12/11 12:55:05 INFO SparkContext: Created broadcast 5 from broadcast at DAGScheduler.scala:1513
[2024-12-11T12:55:05.781+0000] {spark_submit.py:579} INFO - 24/12/11 12:55:05 INFO DAGScheduler: Submitting 50 missing tasks from ShuffleMapStage 3 (MapPartitionsRDD[21] at toString at String.java:2951) (first 15 tasks are for partitions Vector(0, 1, 2, 3, 4, 5, 6, 7, 8, 9, 10, 11, 12, 13, 14))
[2024-12-11T12:55:05.781+0000] {spark_submit.py:579} INFO - 24/12/11 12:55:05 INFO TaskSchedulerImpl: Adding task set 3.0 with 50 tasks resource profile 0
[2024-12-11T12:55:05.788+0000] {spark_submit.py:579} INFO - 24/12/11 12:55:05 INFO TaskSetManager: Starting task 42.0 in stage 3.0 (TID 3) (172.18.0.7, executor 0, partition 42, NODE_LOCAL, 4446 bytes) taskResourceAssignments Map()
[2024-12-11T12:55:05.789+0000] {spark_submit.py:579} INFO - 24/12/11 12:55:05 INFO TaskSetManager: Starting task 44.0 in stage 3.0 (TID 4) (172.18.0.7, executor 0, partition 44, NODE_LOCAL, 4446 bytes) taskResourceAssignments Map()
[2024-12-11T12:55:05.826+0000] {spark_submit.py:579} INFO - 24/12/11 12:55:05 INFO BlockManagerInfo: Added broadcast_5_piece0 in memory on 172.18.0.7:46193 (size: 102.6 KiB, free: 1048.6 MiB)
[2024-12-11T12:55:05.987+0000] {spark_submit.py:579} INFO - 24/12/11 12:55:05 INFO MapOutputTrackerMasterEndpoint: Asked to send map output locations for shuffle 0 to 172.18.0.7:46288
[2024-12-11T12:55:06.436+0000] {spark_submit.py:579} INFO - 24/12/11 12:55:06 INFO BlockManagerInfo: Added rdd_18_44 in memory on 172.18.0.7:46193 (size: 1183.0 B, free: 1048.6 MiB)
[2024-12-11T12:55:06.438+0000] {spark_submit.py:579} INFO - 24/12/11 12:55:06 INFO BlockManagerInfo: Added rdd_18_42 in memory on 172.18.0.7:46193 (size: 669.0 B, free: 1048.6 MiB)
[2024-12-11T12:55:06.601+0000] {spark_submit.py:579} INFO - 24/12/11 12:55:06 INFO TaskSetManager: Starting task 0.0 in stage 3.0 (TID 5) (172.18.0.7, executor 0, partition 0, PROCESS_LOCAL, 4446 bytes) taskResourceAssignments Map()
[2024-12-11T12:55:06.602+0000] {spark_submit.py:579} INFO - 24/12/11 12:55:06 INFO TaskSetManager: Finished task 42.0 in stage 3.0 (TID 3) in 817 ms on 172.18.0.7 (executor 0) (1/50)
[2024-12-11T12:55:06.603+0000] {spark_submit.py:579} INFO - 24/12/11 12:55:06 INFO TaskSetManager: Starting task 1.0 in stage 3.0 (TID 6) (172.18.0.7, executor 0, partition 1, PROCESS_LOCAL, 4446 bytes) taskResourceAssignments Map()
[2024-12-11T12:55:06.604+0000] {spark_submit.py:579} INFO - 24/12/11 12:55:06 INFO TaskSetManager: Finished task 44.0 in stage 3.0 (TID 4) in 816 ms on 172.18.0.7 (executor 0) (2/50)
[2024-12-11T12:55:06.669+0000] {spark_submit.py:579} INFO - 24/12/11 12:55:06 INFO BlockManagerInfo: Added rdd_18_0 in memory on 172.18.0.7:46193 (size: 46.0 B, free: 1048.6 MiB)
[2024-12-11T12:55:06.670+0000] {spark_submit.py:579} INFO - 24/12/11 12:55:06 INFO BlockManagerInfo: Added rdd_18_1 in memory on 172.18.0.7:46193 (size: 46.0 B, free: 1048.6 MiB)
[2024-12-11T12:55:06.703+0000] {spark_submit.py:579} INFO - 24/12/11 12:55:06 INFO TaskSetManager: Starting task 2.0 in stage 3.0 (TID 7) (172.18.0.7, executor 0, partition 2, PROCESS_LOCAL, 4446 bytes) taskResourceAssignments Map()
[2024-12-11T12:55:06.703+0000] {spark_submit.py:579} INFO - 24/12/11 12:55:06 INFO TaskSetManager: Finished task 1.0 in stage 3.0 (TID 6) in 100 ms on 172.18.0.7 (executor 0) (3/50)
[2024-12-11T12:55:06.705+0000] {spark_submit.py:579} INFO - 24/12/11 12:55:06 INFO TaskSetManager: Starting task 3.0 in stage 3.0 (TID 8) (172.18.0.7, executor 0, partition 3, PROCESS_LOCAL, 4446 bytes) taskResourceAssignments Map()
[2024-12-11T12:55:06.707+0000] {spark_submit.py:579} INFO - 24/12/11 12:55:06 INFO TaskSetManager: Finished task 0.0 in stage 3.0 (TID 5) in 106 ms on 172.18.0.7 (executor 0) (4/50)
[2024-12-11T12:55:06.767+0000] {spark_submit.py:579} INFO - 24/12/11 12:55:06 INFO BlockManagerInfo: Added rdd_18_2 in memory on 172.18.0.7:46193 (size: 46.0 B, free: 1048.6 MiB)
[2024-12-11T12:55:06.770+0000] {spark_submit.py:579} INFO - 24/12/11 12:55:06 INFO BlockManagerInfo: Added rdd_18_3 in memory on 172.18.0.7:46193 (size: 46.0 B, free: 1048.6 MiB)
[2024-12-11T12:55:06.798+0000] {spark_submit.py:579} INFO - 24/12/11 12:55:06 INFO TaskSetManager: Starting task 4.0 in stage 3.0 (TID 9) (172.18.0.7, executor 0, partition 4, PROCESS_LOCAL, 4446 bytes) taskResourceAssignments Map()
[2024-12-11T12:55:06.800+0000] {spark_submit.py:579} INFO - 24/12/11 12:55:06 INFO TaskSetManager: Finished task 2.0 in stage 3.0 (TID 7) in 97 ms on 172.18.0.7 (executor 0) (5/50)
[2024-12-11T12:55:06.808+0000] {spark_submit.py:579} INFO - 24/12/11 12:55:06 INFO TaskSetManager: Starting task 5.0 in stage 3.0 (TID 10) (172.18.0.7, executor 0, partition 5, PROCESS_LOCAL, 4446 bytes) taskResourceAssignments Map()
[2024-12-11T12:55:06.809+0000] {spark_submit.py:579} INFO - 24/12/11 12:55:06 INFO TaskSetManager: Finished task 3.0 in stage 3.0 (TID 8) in 104 ms on 172.18.0.7 (executor 0) (6/50)
[2024-12-11T12:55:06.855+0000] {spark_submit.py:579} INFO - 24/12/11 12:55:06 INFO BlockManagerInfo: Added rdd_18_4 in memory on 172.18.0.7:46193 (size: 46.0 B, free: 1048.6 MiB)
[2024-12-11T12:55:06.863+0000] {spark_submit.py:579} INFO - 24/12/11 12:55:06 INFO BlockManagerInfo: Added rdd_18_5 in memory on 172.18.0.7:46193 (size: 46.0 B, free: 1048.6 MiB)
[2024-12-11T12:55:06.886+0000] {spark_submit.py:579} INFO - 24/12/11 12:55:06 INFO TaskSetManager: Starting task 6.0 in stage 3.0 (TID 11) (172.18.0.7, executor 0, partition 6, PROCESS_LOCAL, 4446 bytes) taskResourceAssignments Map()
[2024-12-11T12:55:06.887+0000] {spark_submit.py:579} INFO - 24/12/11 12:55:06 INFO TaskSetManager: Finished task 4.0 in stage 3.0 (TID 9) in 89 ms on 172.18.0.7 (executor 0) (7/50)
[2024-12-11T12:55:06.895+0000] {spark_submit.py:579} INFO - 24/12/11 12:55:06 INFO TaskSetManager: Starting task 7.0 in stage 3.0 (TID 12) (172.18.0.7, executor 0, partition 7, PROCESS_LOCAL, 4446 bytes) taskResourceAssignments Map()
[2024-12-11T12:55:06.897+0000] {spark_submit.py:579} INFO - 24/12/11 12:55:06 INFO TaskSetManager: Finished task 5.0 in stage 3.0 (TID 10) in 89 ms on 172.18.0.7 (executor 0) (8/50)
[2024-12-11T12:55:06.941+0000] {spark_submit.py:579} INFO - 24/12/11 12:55:06 INFO BlockManagerInfo: Added rdd_18_6 in memory on 172.18.0.7:46193 (size: 46.0 B, free: 1048.6 MiB)
[2024-12-11T12:55:06.951+0000] {spark_submit.py:579} INFO - 24/12/11 12:55:06 INFO BlockManagerInfo: Added rdd_18_7 in memory on 172.18.0.7:46193 (size: 46.0 B, free: 1048.6 MiB)
[2024-12-11T12:55:06.971+0000] {spark_submit.py:579} INFO - 24/12/11 12:55:06 INFO TaskSetManager: Starting task 8.0 in stage 3.0 (TID 13) (172.18.0.7, executor 0, partition 8, PROCESS_LOCAL, 4446 bytes) taskResourceAssignments Map()
[2024-12-11T12:55:06.973+0000] {spark_submit.py:579} INFO - 24/12/11 12:55:06 INFO TaskSetManager: Finished task 6.0 in stage 3.0 (TID 11) in 86 ms on 172.18.0.7 (executor 0) (9/50)
[2024-12-11T12:55:06.980+0000] {spark_submit.py:579} INFO - 24/12/11 12:55:06 INFO TaskSetManager: Starting task 9.0 in stage 3.0 (TID 14) (172.18.0.7, executor 0, partition 9, PROCESS_LOCAL, 4446 bytes) taskResourceAssignments Map()
[2024-12-11T12:55:06.982+0000] {spark_submit.py:579} INFO - 24/12/11 12:55:06 INFO TaskSetManager: Finished task 7.0 in stage 3.0 (TID 12) in 86 ms on 172.18.0.7 (executor 0) (10/50)
[2024-12-11T12:55:07.033+0000] {spark_submit.py:579} INFO - 24/12/11 12:55:07 INFO BlockManagerInfo: Added rdd_18_8 in memory on 172.18.0.7:46193 (size: 46.0 B, free: 1048.6 MiB)
[2024-12-11T12:55:07.040+0000] {spark_submit.py:579} INFO - 24/12/11 12:55:07 INFO BlockManagerInfo: Added rdd_18_9 in memory on 172.18.0.7:46193 (size: 46.0 B, free: 1048.6 MiB)
[2024-12-11T12:55:07.065+0000] {spark_submit.py:579} INFO - 24/12/11 12:55:07 INFO TaskSetManager: Starting task 10.0 in stage 3.0 (TID 15) (172.18.0.7, executor 0, partition 10, PROCESS_LOCAL, 4446 bytes) taskResourceAssignments Map()
[2024-12-11T12:55:07.066+0000] {spark_submit.py:579} INFO - 24/12/11 12:55:07 INFO TaskSetManager: Finished task 8.0 in stage 3.0 (TID 13) in 96 ms on 172.18.0.7 (executor 0) (11/50)
[2024-12-11T12:55:07.071+0000] {spark_submit.py:579} INFO - 24/12/11 12:55:07 INFO TaskSetManager: Starting task 11.0 in stage 3.0 (TID 16) (172.18.0.7, executor 0, partition 11, PROCESS_LOCAL, 4446 bytes) taskResourceAssignments Map()
[2024-12-11T12:55:07.072+0000] {spark_submit.py:579} INFO - 24/12/11 12:55:07 INFO TaskSetManager: Finished task 9.0 in stage 3.0 (TID 14) in 91 ms on 172.18.0.7 (executor 0) (12/50)
[2024-12-11T12:55:07.120+0000] {spark_submit.py:579} INFO - 24/12/11 12:55:07 INFO BlockManagerInfo: Added rdd_18_10 in memory on 172.18.0.7:46193 (size: 46.0 B, free: 1048.6 MiB)
[2024-12-11T12:55:07.124+0000] {spark_submit.py:579} INFO - 24/12/11 12:55:07 INFO BlockManagerInfo: Added rdd_18_11 in memory on 172.18.0.7:46193 (size: 46.0 B, free: 1048.6 MiB)
[2024-12-11T12:55:07.144+0000] {spark_submit.py:579} INFO - 24/12/11 12:55:07 INFO TaskSetManager: Starting task 12.0 in stage 3.0 (TID 17) (172.18.0.7, executor 0, partition 12, PROCESS_LOCAL, 4446 bytes) taskResourceAssignments Map()
[2024-12-11T12:55:07.145+0000] {spark_submit.py:579} INFO - 24/12/11 12:55:07 INFO TaskSetManager: Finished task 11.0 in stage 3.0 (TID 16) in 75 ms on 172.18.0.7 (executor 0) (13/50)
[2024-12-11T12:55:07.146+0000] {spark_submit.py:579} INFO - 24/12/11 12:55:07 INFO TaskSetManager: Starting task 13.0 in stage 3.0 (TID 18) (172.18.0.7, executor 0, partition 13, PROCESS_LOCAL, 4446 bytes) taskResourceAssignments Map()
[2024-12-11T12:55:07.147+0000] {spark_submit.py:579} INFO - 24/12/11 12:55:07 INFO TaskSetManager: Finished task 10.0 in stage 3.0 (TID 15) in 82 ms on 172.18.0.7 (executor 0) (14/50)
[2024-12-11T12:55:07.204+0000] {spark_submit.py:579} INFO - 24/12/11 12:55:07 INFO BlockManagerInfo: Added rdd_18_12 in memory on 172.18.0.7:46193 (size: 46.0 B, free: 1048.6 MiB)
[2024-12-11T12:55:07.210+0000] {spark_submit.py:579} INFO - 24/12/11 12:55:07 INFO BlockManagerInfo: Added rdd_18_13 in memory on 172.18.0.7:46193 (size: 46.0 B, free: 1048.6 MiB)
[2024-12-11T12:55:07.232+0000] {spark_submit.py:579} INFO - 24/12/11 12:55:07 INFO TaskSetManager: Starting task 14.0 in stage 3.0 (TID 19) (172.18.0.7, executor 0, partition 14, PROCESS_LOCAL, 4446 bytes) taskResourceAssignments Map()
[2024-12-11T12:55:07.233+0000] {spark_submit.py:579} INFO - 24/12/11 12:55:07 INFO TaskSetManager: Finished task 12.0 in stage 3.0 (TID 17) in 90 ms on 172.18.0.7 (executor 0) (15/50)
[2024-12-11T12:55:07.236+0000] {spark_submit.py:579} INFO - 24/12/11 12:55:07 INFO TaskSetManager: Starting task 15.0 in stage 3.0 (TID 20) (172.18.0.7, executor 0, partition 15, PROCESS_LOCAL, 4446 bytes) taskResourceAssignments Map()
[2024-12-11T12:55:07.238+0000] {spark_submit.py:579} INFO - 24/12/11 12:55:07 INFO TaskSetManager: Finished task 13.0 in stage 3.0 (TID 18) in 91 ms on 172.18.0.7 (executor 0) (16/50)
[2024-12-11T12:55:07.286+0000] {spark_submit.py:579} INFO - 24/12/11 12:55:07 INFO BlockManagerInfo: Added rdd_18_14 in memory on 172.18.0.7:46193 (size: 46.0 B, free: 1048.6 MiB)
[2024-12-11T12:55:07.289+0000] {spark_submit.py:579} INFO - 24/12/11 12:55:07 INFO BlockManagerInfo: Added rdd_18_15 in memory on 172.18.0.7:46193 (size: 46.0 B, free: 1048.6 MiB)
[2024-12-11T12:55:07.313+0000] {spark_submit.py:579} INFO - 24/12/11 12:55:07 INFO TaskSetManager: Starting task 16.0 in stage 3.0 (TID 21) (172.18.0.7, executor 0, partition 16, PROCESS_LOCAL, 4446 bytes) taskResourceAssignments Map()
[2024-12-11T12:55:07.316+0000] {spark_submit.py:579} INFO - 24/12/11 12:55:07 INFO TaskSetManager: Finished task 14.0 in stage 3.0 (TID 19) in 84 ms on 172.18.0.7 (executor 0) (17/50)
[2024-12-11T12:55:07.317+0000] {spark_submit.py:579} INFO - 24/12/11 12:55:07 INFO TaskSetManager: Starting task 17.0 in stage 3.0 (TID 22) (172.18.0.7, executor 0, partition 17, PROCESS_LOCAL, 4446 bytes) taskResourceAssignments Map()
[2024-12-11T12:55:07.317+0000] {spark_submit.py:579} INFO - 24/12/11 12:55:07 INFO TaskSetManager: Finished task 15.0 in stage 3.0 (TID 20) in 80 ms on 172.18.0.7 (executor 0) (18/50)
[2024-12-11T12:55:07.372+0000] {spark_submit.py:579} INFO - 24/12/11 12:55:07 INFO BlockManagerInfo: Added rdd_18_16 in memory on 172.18.0.7:46193 (size: 46.0 B, free: 1048.6 MiB)
[2024-12-11T12:55:07.373+0000] {spark_submit.py:579} INFO - 24/12/11 12:55:07 INFO BlockManagerInfo: Added rdd_18_17 in memory on 172.18.0.7:46193 (size: 46.0 B, free: 1048.6 MiB)
[2024-12-11T12:55:07.401+0000] {spark_submit.py:579} INFO - 24/12/11 12:55:07 INFO TaskSetManager: Starting task 18.0 in stage 3.0 (TID 23) (172.18.0.7, executor 0, partition 18, PROCESS_LOCAL, 4446 bytes) taskResourceAssignments Map()
[2024-12-11T12:55:07.402+0000] {spark_submit.py:579} INFO - 24/12/11 12:55:07 INFO TaskSetManager: Finished task 16.0 in stage 3.0 (TID 21) in 88 ms on 172.18.0.7 (executor 0) (19/50)
[2024-12-11T12:55:07.403+0000] {spark_submit.py:579} INFO - 24/12/11 12:55:07 INFO TaskSetManager: Starting task 19.0 in stage 3.0 (TID 24) (172.18.0.7, executor 0, partition 19, PROCESS_LOCAL, 4446 bytes) taskResourceAssignments Map()
[2024-12-11T12:55:07.404+0000] {spark_submit.py:579} INFO - 24/12/11 12:55:07 INFO TaskSetManager: Finished task 17.0 in stage 3.0 (TID 22) in 89 ms on 172.18.0.7 (executor 0) (20/50)
[2024-12-11T12:55:07.449+0000] {spark_submit.py:579} INFO - 24/12/11 12:55:07 INFO BlockManagerInfo: Added rdd_18_19 in memory on 172.18.0.7:46193 (size: 46.0 B, free: 1048.6 MiB)
[2024-12-11T12:55:07.453+0000] {spark_submit.py:579} INFO - 24/12/11 12:55:07 INFO BlockManagerInfo: Added rdd_18_18 in memory on 172.18.0.7:46193 (size: 46.0 B, free: 1048.6 MiB)
[2024-12-11T12:55:07.478+0000] {spark_submit.py:579} INFO - 24/12/11 12:55:07 INFO TaskSetManager: Starting task 20.0 in stage 3.0 (TID 25) (172.18.0.7, executor 0, partition 20, PROCESS_LOCAL, 4446 bytes) taskResourceAssignments Map()
[2024-12-11T12:55:07.481+0000] {spark_submit.py:579} INFO - 24/12/11 12:55:07 INFO TaskSetManager: Finished task 18.0 in stage 3.0 (TID 23) in 78 ms on 172.18.0.7 (executor 0) (21/50)
[2024-12-11T12:55:07.482+0000] {spark_submit.py:579} INFO - 24/12/11 12:55:07 INFO TaskSetManager: Starting task 21.0 in stage 3.0 (TID 26) (172.18.0.7, executor 0, partition 21, PROCESS_LOCAL, 4446 bytes) taskResourceAssignments Map()
[2024-12-11T12:55:07.492+0000] {spark_submit.py:579} INFO - 24/12/11 12:55:07 INFO TaskSetManager: Finished task 19.0 in stage 3.0 (TID 24) in 78 ms on 172.18.0.7 (executor 0) (22/50)
[2024-12-11T12:55:07.532+0000] {spark_submit.py:579} INFO - 24/12/11 12:55:07 INFO BlockManagerInfo: Added rdd_18_20 in memory on 172.18.0.7:46193 (size: 46.0 B, free: 1048.6 MiB)
[2024-12-11T12:55:07.537+0000] {spark_submit.py:579} INFO - 24/12/11 12:55:07 INFO BlockManagerInfo: Added rdd_18_21 in memory on 172.18.0.7:46193 (size: 46.0 B, free: 1048.6 MiB)
[2024-12-11T12:55:07.563+0000] {spark_submit.py:579} INFO - 24/12/11 12:55:07 INFO TaskSetManager: Starting task 22.0 in stage 3.0 (TID 27) (172.18.0.7, executor 0, partition 22, PROCESS_LOCAL, 4446 bytes) taskResourceAssignments Map()
[2024-12-11T12:55:07.565+0000] {spark_submit.py:579} INFO - 24/12/11 12:55:07 INFO TaskSetManager: Finished task 20.0 in stage 3.0 (TID 25) in 85 ms on 172.18.0.7 (executor 0) (23/50)
[2024-12-11T12:55:07.570+0000] {spark_submit.py:579} INFO - 24/12/11 12:55:07 INFO TaskSetManager: Starting task 23.0 in stage 3.0 (TID 28) (172.18.0.7, executor 0, partition 23, PROCESS_LOCAL, 4446 bytes) taskResourceAssignments Map()
[2024-12-11T12:55:07.572+0000] {spark_submit.py:579} INFO - 24/12/11 12:55:07 INFO TaskSetManager: Finished task 21.0 in stage 3.0 (TID 26) in 91 ms on 172.18.0.7 (executor 0) (24/50)
[2024-12-11T12:55:07.617+0000] {spark_submit.py:579} INFO - 24/12/11 12:55:07 INFO BlockManagerInfo: Added rdd_18_22 in memory on 172.18.0.7:46193 (size: 46.0 B, free: 1048.6 MiB)
[2024-12-11T12:55:07.626+0000] {spark_submit.py:579} INFO - 24/12/11 12:55:07 INFO BlockManagerInfo: Added rdd_18_23 in memory on 172.18.0.7:46193 (size: 46.0 B, free: 1048.6 MiB)
[2024-12-11T12:55:07.645+0000] {spark_submit.py:579} INFO - 24/12/11 12:55:07 INFO TaskSetManager: Starting task 24.0 in stage 3.0 (TID 29) (172.18.0.7, executor 0, partition 24, PROCESS_LOCAL, 4446 bytes) taskResourceAssignments Map()
[2024-12-11T12:55:07.646+0000] {spark_submit.py:579} INFO - 24/12/11 12:55:07 INFO TaskSetManager: Finished task 22.0 in stage 3.0 (TID 27) in 83 ms on 172.18.0.7 (executor 0) (25/50)
[2024-12-11T12:55:07.654+0000] {spark_submit.py:579} INFO - 24/12/11 12:55:07 INFO TaskSetManager: Starting task 25.0 in stage 3.0 (TID 30) (172.18.0.7, executor 0, partition 25, PROCESS_LOCAL, 4446 bytes) taskResourceAssignments Map()
[2024-12-11T12:55:07.655+0000] {spark_submit.py:579} INFO - 24/12/11 12:55:07 INFO TaskSetManager: Finished task 23.0 in stage 3.0 (TID 28) in 84 ms on 172.18.0.7 (executor 0) (26/50)
[2024-12-11T12:55:07.696+0000] {spark_submit.py:579} INFO - 24/12/11 12:55:07 INFO BlockManagerInfo: Added rdd_18_24 in memory on 172.18.0.7:46193 (size: 46.0 B, free: 1048.6 MiB)
[2024-12-11T12:55:07.706+0000] {spark_submit.py:579} INFO - 24/12/11 12:55:07 INFO BlockManagerInfo: Added rdd_18_25 in memory on 172.18.0.7:46193 (size: 46.0 B, free: 1048.6 MiB)
[2024-12-11T12:55:07.721+0000] {spark_submit.py:579} INFO - 24/12/11 12:55:07 INFO TaskSetManager: Starting task 26.0 in stage 3.0 (TID 31) (172.18.0.7, executor 0, partition 26, PROCESS_LOCAL, 4446 bytes) taskResourceAssignments Map()
[2024-12-11T12:55:07.723+0000] {spark_submit.py:579} INFO - 24/12/11 12:55:07 INFO TaskSetManager: Finished task 24.0 in stage 3.0 (TID 29) in 78 ms on 172.18.0.7 (executor 0) (27/50)
[2024-12-11T12:55:07.733+0000] {spark_submit.py:579} INFO - 24/12/11 12:55:07 INFO TaskSetManager: Starting task 27.0 in stage 3.0 (TID 32) (172.18.0.7, executor 0, partition 27, PROCESS_LOCAL, 4446 bytes) taskResourceAssignments Map()
[2024-12-11T12:55:07.734+0000] {spark_submit.py:579} INFO - 24/12/11 12:55:07 INFO TaskSetManager: Finished task 25.0 in stage 3.0 (TID 30) in 80 ms on 172.18.0.7 (executor 0) (28/50)
[2024-12-11T12:55:07.773+0000] {spark_submit.py:579} INFO - 24/12/11 12:55:07 INFO BlockManagerInfo: Added rdd_18_26 in memory on 172.18.0.7:46193 (size: 46.0 B, free: 1048.6 MiB)
[2024-12-11T12:55:07.791+0000] {spark_submit.py:579} INFO - 24/12/11 12:55:07 INFO BlockManagerInfo: Added rdd_18_27 in memory on 172.18.0.7:46193 (size: 46.0 B, free: 1048.6 MiB)
[2024-12-11T12:55:07.811+0000] {spark_submit.py:579} INFO - 24/12/11 12:55:07 INFO TaskSetManager: Starting task 28.0 in stage 3.0 (TID 33) (172.18.0.7, executor 0, partition 28, PROCESS_LOCAL, 4446 bytes) taskResourceAssignments Map()
[2024-12-11T12:55:07.813+0000] {spark_submit.py:579} INFO - 24/12/11 12:55:07 INFO TaskSetManager: Finished task 26.0 in stage 3.0 (TID 31) in 91 ms on 172.18.0.7 (executor 0) (29/50)
[2024-12-11T12:55:07.820+0000] {spark_submit.py:579} INFO - 24/12/11 12:55:07 INFO TaskSetManager: Starting task 29.0 in stage 3.0 (TID 34) (172.18.0.7, executor 0, partition 29, PROCESS_LOCAL, 4446 bytes) taskResourceAssignments Map()
[2024-12-11T12:55:07.821+0000] {spark_submit.py:579} INFO - 24/12/11 12:55:07 INFO TaskSetManager: Finished task 27.0 in stage 3.0 (TID 32) in 89 ms on 172.18.0.7 (executor 0) (30/50)
[2024-12-11T12:55:07.863+0000] {spark_submit.py:579} INFO - 24/12/11 12:55:07 INFO BlockManagerInfo: Added rdd_18_28 in memory on 172.18.0.7:46193 (size: 46.0 B, free: 1048.6 MiB)
[2024-12-11T12:55:07.873+0000] {spark_submit.py:579} INFO - 24/12/11 12:55:07 INFO BlockManagerInfo: Added rdd_18_29 in memory on 172.18.0.7:46193 (size: 46.0 B, free: 1048.6 MiB)
[2024-12-11T12:55:07.889+0000] {spark_submit.py:579} INFO - 24/12/11 12:55:07 INFO TaskSetManager: Starting task 30.0 in stage 3.0 (TID 35) (172.18.0.7, executor 0, partition 30, PROCESS_LOCAL, 4446 bytes) taskResourceAssignments Map()
[2024-12-11T12:55:07.891+0000] {spark_submit.py:579} INFO - 24/12/11 12:55:07 INFO TaskSetManager: Finished task 28.0 in stage 3.0 (TID 33) in 79 ms on 172.18.0.7 (executor 0) (31/50)
[2024-12-11T12:55:07.901+0000] {spark_submit.py:579} INFO - 24/12/11 12:55:07 INFO TaskSetManager: Starting task 31.0 in stage 3.0 (TID 36) (172.18.0.7, executor 0, partition 31, PROCESS_LOCAL, 4446 bytes) taskResourceAssignments Map()
[2024-12-11T12:55:07.903+0000] {spark_submit.py:579} INFO - 24/12/11 12:55:07 INFO TaskSetManager: Finished task 29.0 in stage 3.0 (TID 34) in 82 ms on 172.18.0.7 (executor 0) (32/50)
[2024-12-11T12:55:07.935+0000] {spark_submit.py:579} INFO - 24/12/11 12:55:07 INFO BlockManagerInfo: Added rdd_18_30 in memory on 172.18.0.7:46193 (size: 46.0 B, free: 1048.6 MiB)
[2024-12-11T12:55:07.949+0000] {spark_submit.py:579} INFO - 24/12/11 12:55:07 INFO BlockManagerInfo: Added rdd_18_31 in memory on 172.18.0.7:46193 (size: 46.0 B, free: 1048.6 MiB)
[2024-12-11T12:55:07.959+0000] {spark_submit.py:579} INFO - 24/12/11 12:55:07 INFO TaskSetManager: Starting task 32.0 in stage 3.0 (TID 37) (172.18.0.7, executor 0, partition 32, PROCESS_LOCAL, 4446 bytes) taskResourceAssignments Map()
[2024-12-11T12:55:07.960+0000] {spark_submit.py:579} INFO - 24/12/11 12:55:07 INFO TaskSetManager: Finished task 30.0 in stage 3.0 (TID 35) in 70 ms on 172.18.0.7 (executor 0) (33/50)
[2024-12-11T12:55:07.975+0000] {spark_submit.py:579} INFO - 24/12/11 12:55:07 INFO TaskSetManager: Starting task 33.0 in stage 3.0 (TID 38) (172.18.0.7, executor 0, partition 33, PROCESS_LOCAL, 4446 bytes) taskResourceAssignments Map()
[2024-12-11T12:55:07.976+0000] {spark_submit.py:579} INFO - 24/12/11 12:55:07 INFO TaskSetManager: Finished task 31.0 in stage 3.0 (TID 36) in 75 ms on 172.18.0.7 (executor 0) (34/50)
[2024-12-11T12:55:08.013+0000] {spark_submit.py:579} INFO - 24/12/11 12:55:08 INFO BlockManagerInfo: Added rdd_18_32 in memory on 172.18.0.7:46193 (size: 46.0 B, free: 1048.6 MiB)
[2024-12-11T12:55:08.027+0000] {spark_submit.py:579} INFO - 24/12/11 12:55:08 INFO BlockManagerInfo: Added rdd_18_33 in memory on 172.18.0.7:46193 (size: 46.0 B, free: 1048.6 MiB)
[2024-12-11T12:55:08.038+0000] {spark_submit.py:579} INFO - 24/12/11 12:55:08 INFO TaskSetManager: Starting task 34.0 in stage 3.0 (TID 39) (172.18.0.7, executor 0, partition 34, PROCESS_LOCAL, 4446 bytes) taskResourceAssignments Map()
[2024-12-11T12:55:08.039+0000] {spark_submit.py:579} INFO - 24/12/11 12:55:08 INFO TaskSetManager: Finished task 32.0 in stage 3.0 (TID 37) in 80 ms on 172.18.0.7 (executor 0) (35/50)
[2024-12-11T12:55:08.055+0000] {spark_submit.py:579} INFO - 24/12/11 12:55:08 INFO TaskSetManager: Starting task 35.0 in stage 3.0 (TID 40) (172.18.0.7, executor 0, partition 35, PROCESS_LOCAL, 4446 bytes) taskResourceAssignments Map()
[2024-12-11T12:55:08.056+0000] {spark_submit.py:579} INFO - 24/12/11 12:55:08 INFO TaskSetManager: Finished task 33.0 in stage 3.0 (TID 38) in 81 ms on 172.18.0.7 (executor 0) (36/50)
[2024-12-11T12:55:08.093+0000] {spark_submit.py:579} INFO - 24/12/11 12:55:08 INFO BlockManagerInfo: Added rdd_18_34 in memory on 172.18.0.7:46193 (size: 46.0 B, free: 1048.6 MiB)
[2024-12-11T12:55:08.109+0000] {spark_submit.py:579} INFO - 24/12/11 12:55:08 INFO BlockManagerInfo: Added rdd_18_35 in memory on 172.18.0.7:46193 (size: 46.0 B, free: 1048.6 MiB)
[2024-12-11T12:55:08.127+0000] {spark_submit.py:579} INFO - 24/12/11 12:55:08 INFO TaskSetManager: Starting task 36.0 in stage 3.0 (TID 41) (172.18.0.7, executor 0, partition 36, PROCESS_LOCAL, 4446 bytes) taskResourceAssignments Map()
[2024-12-11T12:55:08.128+0000] {spark_submit.py:579} INFO - 24/12/11 12:55:08 INFO TaskSetManager: Finished task 34.0 in stage 3.0 (TID 39) in 90 ms on 172.18.0.7 (executor 0) (37/50)
[2024-12-11T12:55:08.143+0000] {spark_submit.py:579} INFO - 24/12/11 12:55:08 INFO TaskSetManager: Starting task 37.0 in stage 3.0 (TID 42) (172.18.0.7, executor 0, partition 37, PROCESS_LOCAL, 4446 bytes) taskResourceAssignments Map()
[2024-12-11T12:55:08.144+0000] {spark_submit.py:579} INFO - 24/12/11 12:55:08 INFO TaskSetManager: Finished task 35.0 in stage 3.0 (TID 40) in 89 ms on 172.18.0.7 (executor 0) (38/50)
[2024-12-11T12:55:08.174+0000] {spark_submit.py:579} INFO - 24/12/11 12:55:08 INFO BlockManagerInfo: Added rdd_18_36 in memory on 172.18.0.7:46193 (size: 46.0 B, free: 1048.6 MiB)
[2024-12-11T12:55:08.187+0000] {spark_submit.py:579} INFO - 24/12/11 12:55:08 INFO BlockManagerInfo: Added rdd_18_37 in memory on 172.18.0.7:46193 (size: 46.0 B, free: 1048.6 MiB)
[2024-12-11T12:55:08.205+0000] {spark_submit.py:579} INFO - 24/12/11 12:55:08 INFO TaskSetManager: Starting task 38.0 in stage 3.0 (TID 43) (172.18.0.7, executor 0, partition 38, PROCESS_LOCAL, 4446 bytes) taskResourceAssignments Map()
[2024-12-11T12:55:08.207+0000] {spark_submit.py:579} INFO - 24/12/11 12:55:08 INFO TaskSetManager: Finished task 36.0 in stage 3.0 (TID 41) in 79 ms on 172.18.0.7 (executor 0) (39/50)
[2024-12-11T12:55:08.221+0000] {spark_submit.py:579} INFO - 24/12/11 12:55:08 INFO TaskSetManager: Starting task 39.0 in stage 3.0 (TID 44) (172.18.0.7, executor 0, partition 39, PROCESS_LOCAL, 4446 bytes) taskResourceAssignments Map()
[2024-12-11T12:55:08.222+0000] {spark_submit.py:579} INFO - 24/12/11 12:55:08 INFO TaskSetManager: Finished task 37.0 in stage 3.0 (TID 42) in 79 ms on 172.18.0.7 (executor 0) (40/50)
[2024-12-11T12:55:08.249+0000] {spark_submit.py:579} INFO - 24/12/11 12:55:08 INFO BlockManagerInfo: Added rdd_18_38 in memory on 172.18.0.7:46193 (size: 46.0 B, free: 1048.6 MiB)
[2024-12-11T12:55:08.266+0000] {spark_submit.py:579} INFO - 24/12/11 12:55:08 INFO BlockManagerInfo: Added rdd_18_39 in memory on 172.18.0.7:46193 (size: 46.0 B, free: 1048.6 MiB)
[2024-12-11T12:55:08.277+0000] {spark_submit.py:579} INFO - 24/12/11 12:55:08 INFO TaskSetManager: Starting task 40.0 in stage 3.0 (TID 45) (172.18.0.7, executor 0, partition 40, PROCESS_LOCAL, 4446 bytes) taskResourceAssignments Map()
[2024-12-11T12:55:08.279+0000] {spark_submit.py:579} INFO - 24/12/11 12:55:08 INFO TaskSetManager: Finished task 38.0 in stage 3.0 (TID 43) in 73 ms on 172.18.0.7 (executor 0) (41/50)
[2024-12-11T12:55:08.293+0000] {spark_submit.py:579} INFO - 24/12/11 12:55:08 INFO TaskSetManager: Starting task 41.0 in stage 3.0 (TID 46) (172.18.0.7, executor 0, partition 41, PROCESS_LOCAL, 4446 bytes) taskResourceAssignments Map()
[2024-12-11T12:55:08.296+0000] {spark_submit.py:579} INFO - 24/12/11 12:55:08 INFO TaskSetManager: Finished task 39.0 in stage 3.0 (TID 44) in 74 ms on 172.18.0.7 (executor 0) (42/50)
[2024-12-11T12:55:08.323+0000] {spark_submit.py:579} INFO - 24/12/11 12:55:08 INFO BlockManagerInfo: Added rdd_18_40 in memory on 172.18.0.7:46193 (size: 46.0 B, free: 1048.6 MiB)
[2024-12-11T12:55:08.338+0000] {spark_submit.py:579} INFO - 24/12/11 12:55:08 INFO BlockManagerInfo: Added rdd_18_41 in memory on 172.18.0.7:46193 (size: 46.0 B, free: 1048.6 MiB)
[2024-12-11T12:55:08.350+0000] {spark_submit.py:579} INFO - 24/12/11 12:55:08 INFO TaskSetManager: Starting task 43.0 in stage 3.0 (TID 47) (172.18.0.7, executor 0, partition 43, PROCESS_LOCAL, 4446 bytes) taskResourceAssignments Map()
[2024-12-11T12:55:08.351+0000] {spark_submit.py:579} INFO - 24/12/11 12:55:08 INFO TaskSetManager: Finished task 40.0 in stage 3.0 (TID 45) in 74 ms on 172.18.0.7 (executor 0) (43/50)
[2024-12-11T12:55:08.365+0000] {spark_submit.py:579} INFO - 24/12/11 12:55:08 INFO TaskSetManager: Starting task 45.0 in stage 3.0 (TID 48) (172.18.0.7, executor 0, partition 45, PROCESS_LOCAL, 4446 bytes) taskResourceAssignments Map()
[2024-12-11T12:55:08.366+0000] {spark_submit.py:579} INFO - 24/12/11 12:55:08 INFO TaskSetManager: Finished task 41.0 in stage 3.0 (TID 46) in 72 ms on 172.18.0.7 (executor 0) (44/50)
[2024-12-11T12:55:08.414+0000] {spark_submit.py:579} INFO - 24/12/11 12:55:08 INFO BlockManagerInfo: Added rdd_18_43 in memory on 172.18.0.7:46193 (size: 46.0 B, free: 1048.6 MiB)
[2024-12-11T12:55:08.433+0000] {spark_submit.py:579} INFO - 24/12/11 12:55:08 INFO BlockManagerInfo: Added rdd_18_45 in memory on 172.18.0.7:46193 (size: 46.0 B, free: 1048.6 MiB)
[2024-12-11T12:55:08.442+0000] {spark_submit.py:579} INFO - 24/12/11 12:55:08 INFO TaskSetManager: Starting task 46.0 in stage 3.0 (TID 49) (172.18.0.7, executor 0, partition 46, PROCESS_LOCAL, 4446 bytes) taskResourceAssignments Map()
[2024-12-11T12:55:08.443+0000] {spark_submit.py:579} INFO - 24/12/11 12:55:08 INFO TaskSetManager: Finished task 43.0 in stage 3.0 (TID 47) in 93 ms on 172.18.0.7 (executor 0) (45/50)
[2024-12-11T12:55:08.468+0000] {spark_submit.py:579} INFO - 24/12/11 12:55:08 INFO TaskSetManager: Starting task 47.0 in stage 3.0 (TID 50) (172.18.0.7, executor 0, partition 47, PROCESS_LOCAL, 4446 bytes) taskResourceAssignments Map()
[2024-12-11T12:55:08.470+0000] {spark_submit.py:579} INFO - 24/12/11 12:55:08 INFO TaskSetManager: Finished task 45.0 in stage 3.0 (TID 48) in 104 ms on 172.18.0.7 (executor 0) (46/50)
[2024-12-11T12:55:08.501+0000] {spark_submit.py:579} INFO - 24/12/11 12:55:08 INFO BlockManagerInfo: Added rdd_18_46 in memory on 172.18.0.7:46193 (size: 46.0 B, free: 1048.6 MiB)
[2024-12-11T12:55:08.520+0000] {spark_submit.py:579} INFO - 24/12/11 12:55:08 INFO BlockManagerInfo: Added rdd_18_47 in memory on 172.18.0.7:46193 (size: 46.0 B, free: 1048.6 MiB)
[2024-12-11T12:55:08.532+0000] {spark_submit.py:579} INFO - 24/12/11 12:55:08 INFO TaskSetManager: Starting task 48.0 in stage 3.0 (TID 51) (172.18.0.7, executor 0, partition 48, PROCESS_LOCAL, 4446 bytes) taskResourceAssignments Map()
[2024-12-11T12:55:08.535+0000] {spark_submit.py:579} INFO - 24/12/11 12:55:08 INFO TaskSetManager: Finished task 46.0 in stage 3.0 (TID 49) in 92 ms on 172.18.0.7 (executor 0) (47/50)
[2024-12-11T12:55:08.549+0000] {spark_submit.py:579} INFO - 24/12/11 12:55:08 INFO TaskSetManager: Starting task 49.0 in stage 3.0 (TID 52) (172.18.0.7, executor 0, partition 49, PROCESS_LOCAL, 4446 bytes) taskResourceAssignments Map()
[2024-12-11T12:55:08.550+0000] {spark_submit.py:579} INFO - 24/12/11 12:55:08 INFO TaskSetManager: Finished task 47.0 in stage 3.0 (TID 50) in 83 ms on 172.18.0.7 (executor 0) (48/50)
[2024-12-11T12:55:08.583+0000] {spark_submit.py:579} INFO - 24/12/11 12:55:08 INFO BlockManagerInfo: Added rdd_18_48 in memory on 172.18.0.7:46193 (size: 46.0 B, free: 1048.6 MiB)
[2024-12-11T12:55:08.606+0000] {spark_submit.py:579} INFO - 24/12/11 12:55:08 INFO BlockManagerInfo: Added rdd_18_49 in memory on 172.18.0.7:46193 (size: 46.0 B, free: 1048.6 MiB)
[2024-12-11T12:55:08.612+0000] {spark_submit.py:579} INFO - 24/12/11 12:55:08 INFO TaskSetManager: Finished task 48.0 in stage 3.0 (TID 51) in 79 ms on 172.18.0.7 (executor 0) (49/50)
[2024-12-11T12:55:08.634+0000] {spark_submit.py:579} INFO - 24/12/11 12:55:08 INFO TaskSetManager: Finished task 49.0 in stage 3.0 (TID 52) in 86 ms on 172.18.0.7 (executor 0) (50/50)
[2024-12-11T12:55:08.635+0000] {spark_submit.py:579} INFO - 24/12/11 12:55:08 INFO TaskSchedulerImpl: Removed TaskSet 3.0, whose tasks have all completed, from pool
[2024-12-11T12:55:08.636+0000] {spark_submit.py:579} INFO - 24/12/11 12:55:08 INFO DAGScheduler: ShuffleMapStage 3 (toString at String.java:2951) finished in 2.952 s
[2024-12-11T12:55:08.636+0000] {spark_submit.py:579} INFO - 24/12/11 12:55:08 INFO DAGScheduler: looking for newly runnable stages
[2024-12-11T12:55:08.637+0000] {spark_submit.py:579} INFO - 24/12/11 12:55:08 INFO DAGScheduler: running: Set()
[2024-12-11T12:55:08.637+0000] {spark_submit.py:579} INFO - 24/12/11 12:55:08 INFO DAGScheduler: waiting: Set()
[2024-12-11T12:55:08.638+0000] {spark_submit.py:579} INFO - 24/12/11 12:55:08 INFO DAGScheduler: failed: Set()
[2024-12-11T12:55:08.676+0000] {spark_submit.py:579} INFO - 24/12/11 12:55:08 INFO BlockManagerInfo: Removed broadcast_5_piece0 on a2b73f6a4b3a:38703 in memory (size: 102.6 KiB, free: 434.3 MiB)
[2024-12-11T12:55:08.687+0000] {spark_submit.py:579} INFO - 24/12/11 12:55:08 INFO BlockManagerInfo: Removed broadcast_5_piece0 on 172.18.0.7:46193 in memory (size: 102.6 KiB, free: 1048.7 MiB)
[2024-12-11T12:55:08.691+0000] {spark_submit.py:579} INFO - 24/12/11 12:55:08 INFO SparkContext: Starting job: toString at String.java:2951
[2024-12-11T12:55:08.693+0000] {spark_submit.py:579} INFO - 24/12/11 12:55:08 INFO DAGScheduler: Got job 4 (toString at String.java:2951) with 1 output partitions
[2024-12-11T12:55:08.695+0000] {spark_submit.py:579} INFO - 24/12/11 12:55:08 INFO DAGScheduler: Final stage: ResultStage 6 (toString at String.java:2951)
[2024-12-11T12:55:08.696+0000] {spark_submit.py:579} INFO - 24/12/11 12:55:08 INFO DAGScheduler: Parents of final stage: List(ShuffleMapStage 5)
[2024-12-11T12:55:08.696+0000] {spark_submit.py:579} INFO - 24/12/11 12:55:08 INFO DAGScheduler: Missing parents: List()
[2024-12-11T12:55:08.697+0000] {spark_submit.py:579} INFO - 24/12/11 12:55:08 INFO DAGScheduler: Submitting ResultStage 6 (MapPartitionsRDD[24] at toString at String.java:2951), which has no missing parents
[2024-12-11T12:55:08.703+0000] {spark_submit.py:579} INFO - 24/12/11 12:55:08 INFO MemoryStore: Block broadcast_6 stored as values in memory (estimated size 372.3 KiB, free 433.3 MiB)
[2024-12-11T12:55:08.708+0000] {spark_submit.py:579} INFO - 24/12/11 12:55:08 INFO MemoryStore: Block broadcast_6_piece0 stored as bytes in memory (estimated size 91.6 KiB, free 433.2 MiB)
[2024-12-11T12:55:08.710+0000] {spark_submit.py:579} INFO - 24/12/11 12:55:08 INFO BlockManagerInfo: Added broadcast_6_piece0 in memory on a2b73f6a4b3a:38703 (size: 91.6 KiB, free: 434.2 MiB)
[2024-12-11T12:55:08.711+0000] {spark_submit.py:579} INFO - 24/12/11 12:55:08 INFO SparkContext: Created broadcast 6 from broadcast at DAGScheduler.scala:1513
[2024-12-11T12:55:08.712+0000] {spark_submit.py:579} INFO - 24/12/11 12:55:08 INFO DAGScheduler: Submitting 1 missing tasks from ResultStage 6 (MapPartitionsRDD[24] at toString at String.java:2951) (first 15 tasks are for partitions Vector(0))
[2024-12-11T12:55:08.712+0000] {spark_submit.py:579} INFO - 24/12/11 12:55:08 INFO TaskSchedulerImpl: Adding task set 6.0 with 1 tasks resource profile 0
[2024-12-11T12:55:08.714+0000] {spark_submit.py:579} INFO - 24/12/11 12:55:08 INFO TaskSetManager: Starting task 0.0 in stage 6.0 (TID 53) (172.18.0.7, executor 0, partition 0, NODE_LOCAL, 4457 bytes) taskResourceAssignments Map()
[2024-12-11T12:55:08.735+0000] {spark_submit.py:579} INFO - 24/12/11 12:55:08 INFO BlockManagerInfo: Added broadcast_6_piece0 in memory on 172.18.0.7:46193 (size: 91.6 KiB, free: 1048.6 MiB)
[2024-12-11T12:55:08.814+0000] {spark_submit.py:579} INFO - 24/12/11 12:55:08 INFO MapOutputTrackerMasterEndpoint: Asked to send map output locations for shuffle 1 to 172.18.0.7:46288
[2024-12-11T12:55:08.905+0000] {spark_submit.py:579} INFO - 24/12/11 12:55:08 INFO TaskSetManager: Finished task 0.0 in stage 6.0 (TID 53) in 192 ms on 172.18.0.7 (executor 0) (1/1)
[2024-12-11T12:55:08.906+0000] {spark_submit.py:579} INFO - 24/12/11 12:55:08 INFO TaskSchedulerImpl: Removed TaskSet 6.0, whose tasks have all completed, from pool
[2024-12-11T12:55:08.907+0000] {spark_submit.py:579} INFO - 24/12/11 12:55:08 INFO DAGScheduler: ResultStage 6 (toString at String.java:2951) finished in 0.210 s
[2024-12-11T12:55:08.907+0000] {spark_submit.py:579} INFO - 24/12/11 12:55:08 INFO DAGScheduler: Job 4 is finished. Cancelling potential speculative or zombie tasks for this job
[2024-12-11T12:55:08.908+0000] {spark_submit.py:579} INFO - 24/12/11 12:55:08 INFO TaskSchedulerImpl: Killing all running tasks in stage 6: Stage finished
[2024-12-11T12:55:08.908+0000] {spark_submit.py:579} INFO - 24/12/11 12:55:08 INFO DAGScheduler: Job 4 finished: toString at String.java:2951, took 0.215834 s
[2024-12-11T12:55:08.968+0000] {spark_submit.py:579} INFO - 24/12/11 12:55:08 INFO CodeGenerator: Code generated in 31.828058 ms
[2024-12-11T12:55:08.976+0000] {spark_submit.py:579} INFO - 24/12/11 12:55:08 INFO Snapshot: [tableId=37597a6e-869a-4cf8-b24b-95d7895745a0] DELTA: Done
[2024-12-11T12:55:08.977+0000] {spark_submit.py:579} INFO - 24/12/11 12:55:08 INFO Snapshot: [tableId=37597a6e-869a-4cf8-b24b-95d7895745a0] Created snapshot Snapshot(path=s3a://lakehouse/sliver/movies/_delta_log, version=0, metadata=Metadata(b45ba83f-a96f-4eac-b5d4-ae883121f780,null,null,Format(parquet,Map()),{"type":"struct","fields":[{"name":"budget","type":"integer","nullable":true,"metadata":{}},{"name":"genres","type":"string","nullable":true,"metadata":{}},{"name":"genres_convert","type":"string","nullable":true,"metadata":{}},{"name":"id","type":"string","nullable":true,"metadata":{}},{"name":"imdb_id","type":"string","nullable":true,"metadata":{}},{"name":"original_language","type":"string","nullable":true,"metadata":{}},{"name":"original_title","type":"string","nullable":true,"metadata":{}},{"name":"overview","type":"string","nullable":true,"metadata":{}},{"name":"popularity","type":"string","nullable":true,"metadata":{}},{"name":"poster_path","type":"string","nullable":true,"metadata":{}},{"name":"release_date","type":"date","nullable":true,"metadata":{}},{"name":"revenue","type":"double","nullable":true,"metadata":{}},{"name":"status","type":"string","nullable":true,"metadata":{}},{"name":"tagline","type":"string","nullable":true,"metadata":{}},{"name":"time","type":"string","nullable":true,"metadata":{}},{"name":"title","type":"string","nullable":true,"metadata":{}},{"name":"vote_average","type":"double","nullable":true,"metadata":{}},{"name":"vote_count","type":"double","nullable":true,"metadata":{}}]},List(),Map(),Some(1733921692315)), logSegment=LogSegment(s3a://lakehouse/sliver/movies/_delta_log,0,WrappedArray(S3AFileStatus{path=s3a://lakehouse/sliver/movies/_delta_log/00000000000000000000.json; isDirectory=false; length=3718; replication=1; blocksize=33554432; modification_time=1733921703321; access_time=0; owner=***; group=***; permission=rw-rw-rw-; isSymlink=false; hasAcl=false; isEncrypted=true; isErasureCoded=false} isEmptyDirectory=FALSE eTag=91800b08f15ae4ed3933c87d296d9c94 versionId=null),List(),None,1733921703321), checksumOpt=None)
[2024-12-11T12:55:08.978+0000] {spark_submit.py:579} INFO - 24/12/11 12:55:08 INFO DeltaLog: Updated snapshot to Snapshot(path=s3a://lakehouse/sliver/movies/_delta_log, version=0, metadata=Metadata(b45ba83f-a96f-4eac-b5d4-ae883121f780,null,null,Format(parquet,Map()),{"type":"struct","fields":[{"name":"budget","type":"integer","nullable":true,"metadata":{}},{"name":"genres","type":"string","nullable":true,"metadata":{}},{"name":"genres_convert","type":"string","nullable":true,"metadata":{}},{"name":"id","type":"string","nullable":true,"metadata":{}},{"name":"imdb_id","type":"string","nullable":true,"metadata":{}},{"name":"original_language","type":"string","nullable":true,"metadata":{}},{"name":"original_title","type":"string","nullable":true,"metadata":{}},{"name":"overview","type":"string","nullable":true,"metadata":{}},{"name":"popularity","type":"string","nullable":true,"metadata":{}},{"name":"poster_path","type":"string","nullable":true,"metadata":{}},{"name":"release_date","type":"date","nullable":true,"metadata":{}},{"name":"revenue","type":"double","nullable":true,"metadata":{}},{"name":"status","type":"string","nullable":true,"metadata":{}},{"name":"tagline","type":"string","nullable":true,"metadata":{}},{"name":"time","type":"string","nullable":true,"metadata":{}},{"name":"title","type":"string","nullable":true,"metadata":{}},{"name":"vote_average","type":"double","nullable":true,"metadata":{}},{"name":"vote_count","type":"double","nullable":true,"metadata":{}}]},List(),Map(),Some(1733921692315)), logSegment=LogSegment(s3a://lakehouse/sliver/movies/_delta_log,0,WrappedArray(S3AFileStatus{path=s3a://lakehouse/sliver/movies/_delta_log/00000000000000000000.json; isDirectory=false; length=3718; replication=1; blocksize=33554432; modification_time=1733921703321; access_time=0; owner=***; group=***; permission=rw-rw-rw-; isSymlink=false; hasAcl=false; isEncrypted=true; isErasureCoded=false} isEmptyDirectory=FALSE eTag=91800b08f15ae4ed3933c87d296d9c94 versionId=null),List(),None,1733921703321), checksumOpt=None)
[2024-12-11T12:55:09.006+0000] {spark_submit.py:579} INFO - 24/12/11 12:55:09 INFO OptimisticTransaction: [tableId=37597a6e,txnId=8fccf1ee] Committed delta #0 to s3a://lakehouse/sliver/movies/_delta_log
[2024-12-11T12:55:09.013+0000] {spark_submit.py:579} INFO - 2024-12-11 12:55:09,012 INFO: Data cleaning and saving process completed successfully.
[2024-12-11T12:55:09.025+0000] {spark_submit.py:579} INFO - 24/12/11 12:55:09 INFO SparkUI: Stopped Spark web UI at http://a2b73f6a4b3a:4040
[2024-12-11T12:55:09.030+0000] {spark_submit.py:579} INFO - 24/12/11 12:55:09 INFO StandaloneSchedulerBackend: Shutting down all executors
[2024-12-11T12:55:09.031+0000] {spark_submit.py:579} INFO - 24/12/11 12:55:09 INFO CoarseGrainedSchedulerBackend$DriverEndpoint: Asking each executor to shut down
[2024-12-11T12:55:09.054+0000] {spark_submit.py:579} INFO - 24/12/11 12:55:09 INFO MapOutputTrackerMasterEndpoint: MapOutputTrackerMasterEndpoint stopped!
[2024-12-11T12:55:09.071+0000] {spark_submit.py:579} INFO - 24/12/11 12:55:09 INFO MemoryStore: MemoryStore cleared
[2024-12-11T12:55:09.072+0000] {spark_submit.py:579} INFO - 24/12/11 12:55:09 INFO BlockManager: BlockManager stopped
[2024-12-11T12:55:09.078+0000] {spark_submit.py:579} INFO - 24/12/11 12:55:09 INFO BlockManagerMaster: BlockManagerMaster stopped
[2024-12-11T12:55:09.082+0000] {spark_submit.py:579} INFO - 24/12/11 12:55:09 INFO OutputCommitCoordinator$OutputCommitCoordinatorEndpoint: OutputCommitCoordinator stopped!
[2024-12-11T12:55:09.137+0000] {spark_submit.py:579} INFO - 24/12/11 12:55:09 INFO SparkContext: Successfully stopped SparkContext
[2024-12-11T12:55:09.327+0000] {spark_submit.py:579} INFO - 2024-12-11 12:55:09,326 INFO: Closing down clientserver connection
[2024-12-11T12:55:09.398+0000] {spark_submit.py:579} INFO - 24/12/11 12:55:09 INFO ShutdownHookManager: Shutdown hook called
[2024-12-11T12:55:09.399+0000] {spark_submit.py:579} INFO - 24/12/11 12:55:09 INFO ShutdownHookManager: Deleting directory /tmp/spark-1c46190c-69af-4eae-801c-db9f06a678b4/pyspark-747bb1a1-17d0-4ec3-b742-40274e5b8fde
[2024-12-11T12:55:09.402+0000] {spark_submit.py:579} INFO - 24/12/11 12:55:09 INFO ShutdownHookManager: Deleting directory /tmp/spark-120c60e6-8a93-4e81-a497-a0f1cf5a7869
[2024-12-11T12:55:09.406+0000] {spark_submit.py:579} INFO - 24/12/11 12:55:09 INFO ShutdownHookManager: Deleting directory /tmp/spark-1c46190c-69af-4eae-801c-db9f06a678b4
[2024-12-11T12:55:09.415+0000] {spark_submit.py:579} INFO - 24/12/11 12:55:09 INFO MetricsSystemImpl: Stopping s3a-file-system metrics system...
[2024-12-11T12:55:09.416+0000] {spark_submit.py:579} INFO - 24/12/11 12:55:09 INFO MetricsSystemImpl: s3a-file-system metrics system stopped.
[2024-12-11T12:55:09.416+0000] {spark_submit.py:579} INFO - 24/12/11 12:55:09 INFO MetricsSystemImpl: s3a-file-system metrics system shutdown complete.
[2024-12-11T12:55:09.489+0000] {taskinstance.py:1400} INFO - Marking task as SUCCESS. dag_id=Silver_Layer, task_id=clean_movies, execution_date=20241210T000000, start_date=20241211T125437, end_date=20241211T125509
[2024-12-11T12:55:09.534+0000] {local_task_job_runner.py:228} INFO - Task exited with return code 0
[2024-12-11T12:55:09.552+0000] {taskinstance.py:2778} INFO - 0 downstream tasks scheduled from follow-on schedule check
