[2024-10-03T15:49:19.639+0000] {taskinstance.py:1157} INFO - Dependencies all met for dep_context=non-requeueable deps ti=<TaskInstance: sparking_flow.python_job manual__2024-10-03T15:49:17.225818+00:00 [queued]>
[2024-10-03T15:49:19.648+0000] {taskinstance.py:1157} INFO - Dependencies all met for dep_context=requeueable deps ti=<TaskInstance: sparking_flow.python_job manual__2024-10-03T15:49:17.225818+00:00 [queued]>
[2024-10-03T15:49:19.649+0000] {taskinstance.py:1359} INFO - Starting attempt 1 of 1
[2024-10-03T15:49:19.662+0000] {taskinstance.py:1380} INFO - Executing <Task(SparkSubmitOperator): python_job> on 2024-10-03 15:49:17.225818+00:00
[2024-10-03T15:49:19.668+0000] {standard_task_runner.py:57} INFO - Started process 2619 to run task
[2024-10-03T15:49:19.671+0000] {standard_task_runner.py:84} INFO - Running: ['***', 'tasks', 'run', 'sparking_flow', 'python_job', 'manual__2024-10-03T15:49:17.225818+00:00', '--job-id', '25', '--raw', '--subdir', 'DAGS_FOLDER/spark_***.py', '--cfg-path', '/tmp/tmpxae3a4_t']
[2024-10-03T15:49:19.673+0000] {standard_task_runner.py:85} INFO - Job 25: Subtask python_job
[2024-10-03T15:49:19.717+0000] {task_command.py:415} INFO - Running <TaskInstance: sparking_flow.python_job manual__2024-10-03T15:49:17.225818+00:00 [running]> on host 9da41aea9375
[2024-10-03T15:49:19.784+0000] {taskinstance.py:1660} INFO - Exporting env vars: AIRFLOW_CTX_DAG_OWNER='Yusuf Ganiyu' AIRFLOW_CTX_DAG_ID='sparking_flow' AIRFLOW_CTX_TASK_ID='python_job' AIRFLOW_CTX_EXECUTION_DATE='2024-10-03T15:49:17.225818+00:00' AIRFLOW_CTX_TRY_NUMBER='1' AIRFLOW_CTX_DAG_RUN_ID='manual__2024-10-03T15:49:17.225818+00:00'
[2024-10-03T15:49:19.794+0000] {base.py:73} INFO - Using connection ID 'spark-conn' for task execution.
[2024-10-03T15:49:19.795+0000] {spark_submit.py:403} INFO - Spark-Submit cmd: spark-submit --master spark://spark-master:7077 --name arrow-spark --deploy-mode client jobs/python/wordcountjob.py
[2024-10-03T15:49:19.946+0000] {spark_submit.py:579} INFO - /home/***/.local/lib/python3.11/site-packages/pyspark/bin/load-spark-env.sh: line 68: ps: command not found
[2024-10-03T15:49:24.035+0000] {spark_submit.py:579} INFO - 24/10/03 15:49:24 INFO SparkContext: Running Spark version 3.5.3
[2024-10-03T15:49:24.038+0000] {spark_submit.py:579} INFO - 24/10/03 15:49:24 INFO SparkContext: OS info Linux, 5.15.153.1-microsoft-standard-WSL2, amd64
[2024-10-03T15:49:24.038+0000] {spark_submit.py:579} INFO - 24/10/03 15:49:24 INFO SparkContext: Java version 11.0.24
[2024-10-03T15:49:24.141+0000] {spark_submit.py:579} INFO - 24/10/03 15:49:24 WARN NativeCodeLoader: Unable to load native-hadoop library for your platform... using builtin-java classes where applicable
[2024-10-03T15:49:24.299+0000] {spark_submit.py:579} INFO - 24/10/03 15:49:24 INFO ResourceUtils: ==============================================================
[2024-10-03T15:49:24.300+0000] {spark_submit.py:579} INFO - 24/10/03 15:49:24 INFO ResourceUtils: No custom resources configured for spark.driver.
[2024-10-03T15:49:24.300+0000] {spark_submit.py:579} INFO - 24/10/03 15:49:24 INFO ResourceUtils: ==============================================================
[2024-10-03T15:49:24.301+0000] {spark_submit.py:579} INFO - 24/10/03 15:49:24 INFO SparkContext: Submitted application: PythonWordCount
[2024-10-03T15:49:24.333+0000] {spark_submit.py:579} INFO - 24/10/03 15:49:24 INFO ResourceProfile: Default ResourceProfile created, executor resources: Map(memory -> name: memory, amount: 1024, script: , vendor: , offHeap -> name: offHeap, amount: 0, script: , vendor: ), task resources: Map(cpus -> name: cpus, amount: 1.0)
[2024-10-03T15:49:24.346+0000] {spark_submit.py:579} INFO - 24/10/03 15:49:24 INFO ResourceProfile: Limiting resource is cpu
[2024-10-03T15:49:24.347+0000] {spark_submit.py:579} INFO - 24/10/03 15:49:24 INFO ResourceProfileManager: Added ResourceProfile id: 0
[2024-10-03T15:49:24.465+0000] {spark_submit.py:579} INFO - 24/10/03 15:49:24 INFO SecurityManager: Changing view acls to: ***
[2024-10-03T15:49:24.466+0000] {spark_submit.py:579} INFO - 24/10/03 15:49:24 INFO SecurityManager: Changing modify acls to: ***
[2024-10-03T15:49:24.467+0000] {spark_submit.py:579} INFO - 24/10/03 15:49:24 INFO SecurityManager: Changing view acls groups to:
[2024-10-03T15:49:24.468+0000] {spark_submit.py:579} INFO - 24/10/03 15:49:24 INFO SecurityManager: Changing modify acls groups to:
[2024-10-03T15:49:24.469+0000] {spark_submit.py:579} INFO - 24/10/03 15:49:24 INFO SecurityManager: SecurityManager: authentication disabled; ui acls disabled; users with view permissions: ***; groups with view permissions: EMPTY; users with modify permissions: ***; groups with modify permissions: EMPTY
[2024-10-03T15:49:24.875+0000] {spark_submit.py:579} INFO - 24/10/03 15:49:24 INFO Utils: Successfully started service 'sparkDriver' on port 35463.
[2024-10-03T15:49:24.930+0000] {spark_submit.py:579} INFO - 24/10/03 15:49:24 INFO SparkEnv: Registering MapOutputTracker
[2024-10-03T15:49:24.973+0000] {spark_submit.py:579} INFO - 24/10/03 15:49:24 INFO SparkEnv: Registering BlockManagerMaster
[2024-10-03T15:49:24.996+0000] {spark_submit.py:579} INFO - 24/10/03 15:49:24 INFO BlockManagerMasterEndpoint: Using org.apache.spark.storage.DefaultTopologyMapper for getting topology information
[2024-10-03T15:49:24.997+0000] {spark_submit.py:579} INFO - 24/10/03 15:49:24 INFO BlockManagerMasterEndpoint: BlockManagerMasterEndpoint up
[2024-10-03T15:49:25.004+0000] {spark_submit.py:579} INFO - 24/10/03 15:49:25 INFO SparkEnv: Registering BlockManagerMasterHeartbeat
[2024-10-03T15:49:25.067+0000] {spark_submit.py:579} INFO - 24/10/03 15:49:25 INFO DiskBlockManager: Created local directory at /tmp/blockmgr-4086599a-a2ef-4be3-8eb9-adc2f3a3b03f
[2024-10-03T15:49:25.087+0000] {spark_submit.py:579} INFO - 24/10/03 15:49:25 INFO MemoryStore: MemoryStore started with capacity 434.4 MiB
[2024-10-03T15:49:25.104+0000] {spark_submit.py:579} INFO - 24/10/03 15:49:25 INFO SparkEnv: Registering OutputCommitCoordinator
[2024-10-03T15:49:25.312+0000] {spark_submit.py:579} INFO - 24/10/03 15:49:25 INFO JettyUtils: Start Jetty 0.0.0.0:4040 for SparkUI
[2024-10-03T15:49:25.393+0000] {spark_submit.py:579} INFO - 24/10/03 15:49:25 INFO Utils: Successfully started service 'SparkUI' on port 4040.
[2024-10-03T15:49:25.579+0000] {spark_submit.py:579} INFO - 24/10/03 15:49:25 INFO StandaloneAppClient$ClientEndpoint: Connecting to master spark://spark-master:7077...
[2024-10-03T15:49:25.647+0000] {spark_submit.py:579} INFO - 24/10/03 15:49:25 INFO TransportClientFactory: Successfully created connection to spark-master/172.18.0.4:7077 after 42 ms (0 ms spent in bootstraps)
[2024-10-03T15:49:45.579+0000] {spark_submit.py:579} INFO - 24/10/03 15:49:45 INFO StandaloneAppClient$ClientEndpoint: Connecting to master spark://spark-master:7077...
[2024-10-03T15:50:05.579+0000] {spark_submit.py:579} INFO - 24/10/03 15:50:05 INFO StandaloneAppClient$ClientEndpoint: Connecting to master spark://spark-master:7077...
[2024-10-03T15:50:25.579+0000] {spark_submit.py:579} INFO - 24/10/03 15:50:25 WARN StandaloneSchedulerBackend: Application ID is not initialized yet.
[2024-10-03T15:50:25.580+0000] {spark_submit.py:579} INFO - 24/10/03 15:50:25 ERROR StandaloneSchedulerBackend: Application has been killed. Reason: All masters are unresponsive! Giving up.
[2024-10-03T15:50:25.591+0000] {spark_submit.py:579} INFO - 24/10/03 15:50:25 INFO Utils: Successfully started service 'org.apache.spark.network.netty.NettyBlockTransferService' on port 34597.
[2024-10-03T15:50:25.592+0000] {spark_submit.py:579} INFO - 24/10/03 15:50:25 INFO NettyBlockTransferService: Server created on 9da41aea9375:34597
[2024-10-03T15:50:25.594+0000] {spark_submit.py:579} INFO - 24/10/03 15:50:25 INFO BlockManager: Using org.apache.spark.storage.RandomBlockReplicationPolicy for block replication policy
[2024-10-03T15:50:25.601+0000] {spark_submit.py:579} INFO - 24/10/03 15:50:25 INFO BlockManagerMaster: Registering BlockManager BlockManagerId(driver, 9da41aea9375, 34597, None)
[2024-10-03T15:50:25.605+0000] {spark_submit.py:579} INFO - 24/10/03 15:50:25 INFO BlockManagerMasterEndpoint: Registering block manager 9da41aea9375:34597 with 434.4 MiB RAM, BlockManagerId(driver, 9da41aea9375, 34597, None)
[2024-10-03T15:50:25.607+0000] {spark_submit.py:579} INFO - 24/10/03 15:50:25 INFO BlockManagerMaster: Registered BlockManager BlockManagerId(driver, 9da41aea9375, 34597, None)
[2024-10-03T15:50:25.609+0000] {spark_submit.py:579} INFO - 24/10/03 15:50:25 INFO BlockManager: Initialized BlockManager: BlockManagerId(driver, 9da41aea9375, 34597, None)
[2024-10-03T15:50:25.838+0000] {spark_submit.py:579} INFO - 24/10/03 15:50:25 INFO StandaloneSchedulerBackend: SchedulerBackend is ready for scheduling beginning after reached minRegisteredResourcesRatio: 0.0
[2024-10-03T15:50:26.111+0000] {spark_submit.py:579} INFO - 24/10/03 15:50:26 INFO SparkContext: SparkContext is stopping with exitCode 0.
[2024-10-03T15:50:26.123+0000] {spark_submit.py:579} INFO - 24/10/03 15:50:26 INFO SparkUI: Stopped Spark web UI at http://9da41aea9375:4040
[2024-10-03T15:50:26.131+0000] {spark_submit.py:579} INFO - 24/10/03 15:50:26 INFO StandaloneSchedulerBackend: Shutting down all executors
[2024-10-03T15:50:26.135+0000] {spark_submit.py:579} INFO - 24/10/03 15:50:26 INFO StandaloneSchedulerBackend$StandaloneDriverEndpoint: Asking each executor to shut down
[2024-10-03T15:50:26.141+0000] {spark_submit.py:579} INFO - 24/10/03 15:50:26 WARN StandaloneAppClient$ClientEndpoint: Drop UnregisterApplication(null) because has not yet connected to master
[2024-10-03T15:50:26.154+0000] {spark_submit.py:579} INFO - 24/10/03 15:50:26 INFO MapOutputTrackerMasterEndpoint: MapOutputTrackerMasterEndpoint stopped!
[2024-10-03T15:50:26.172+0000] {spark_submit.py:579} INFO - 24/10/03 15:50:26 INFO MemoryStore: MemoryStore cleared
[2024-10-03T15:50:26.173+0000] {spark_submit.py:579} INFO - 24/10/03 15:50:26 INFO BlockManager: BlockManager stopped
[2024-10-03T15:50:26.181+0000] {spark_submit.py:579} INFO - 24/10/03 15:50:26 INFO BlockManagerMaster: BlockManagerMaster stopped
[2024-10-03T15:50:26.184+0000] {spark_submit.py:579} INFO - 24/10/03 15:50:26 INFO OutputCommitCoordinator$OutputCommitCoordinatorEndpoint: OutputCommitCoordinator stopped!
[2024-10-03T15:50:26.196+0000] {spark_submit.py:579} INFO - 24/10/03 15:50:26 INFO SparkContext: Successfully stopped SparkContext
[2024-10-03T15:50:26.233+0000] {spark_submit.py:579} INFO - Traceback (most recent call last):
[2024-10-03T15:50:26.234+0000] {spark_submit.py:579} INFO - File "/opt/***/jobs/python/wordcountjob.py", line 7, in <module>
[2024-10-03T15:50:26.237+0000] {spark_submit.py:579} INFO - words = spark.sparkContext.parallelize(text.split(" "))
[2024-10-03T15:50:26.238+0000] {spark_submit.py:579} INFO - ^^^^^^^^^^^^^^^^^^^^^^^^^^^^^^^^^^^^^^^^^^^^^^^
[2024-10-03T15:50:26.238+0000] {spark_submit.py:579} INFO - File "/home/***/.local/lib/python3.11/site-packages/pyspark/python/lib/pyspark.zip/pyspark/context.py", line 824, in parallelize
[2024-10-03T15:50:26.238+0000] {spark_submit.py:579} INFO - File "/home/***/.local/lib/python3.11/site-packages/pyspark/python/lib/pyspark.zip/pyspark/context.py", line 870, in _serialize_to_jvm
[2024-10-03T15:50:26.239+0000] {spark_submit.py:579} INFO - File "/home/***/.local/lib/python3.11/site-packages/pyspark/python/lib/pyspark.zip/pyspark/context.py", line 818, in reader_func
[2024-10-03T15:50:26.240+0000] {spark_submit.py:579} INFO - File "/home/***/.local/lib/python3.11/site-packages/pyspark/python/lib/py4j-0.10.9.7-src.zip/py4j/java_gateway.py", line 1322, in __call__
[2024-10-03T15:50:26.241+0000] {spark_submit.py:579} INFO - File "/home/***/.local/lib/python3.11/site-packages/pyspark/python/lib/pyspark.zip/pyspark/errors/exceptions/captured.py", line 179, in deco
[2024-10-03T15:50:26.241+0000] {spark_submit.py:579} INFO - File "/home/***/.local/lib/python3.11/site-packages/pyspark/python/lib/py4j-0.10.9.7-src.zip/py4j/protocol.py", line 326, in get_return_value
[2024-10-03T15:50:26.243+0000] {spark_submit.py:579} INFO - py4j.protocol.Py4JJavaError: An error occurred while calling z:org.apache.spark.api.python.PythonRDD.readRDDFromFile.
[2024-10-03T15:50:26.243+0000] {spark_submit.py:579} INFO - : java.lang.IllegalStateException: Cannot call methods on a stopped SparkContext.
[2024-10-03T15:50:26.244+0000] {spark_submit.py:579} INFO - This stopped SparkContext was created at:
[2024-10-03T15:50:26.244+0000] {spark_submit.py:579} INFO - 
[2024-10-03T15:50:26.245+0000] {spark_submit.py:579} INFO - org.apache.spark.api.java.JavaSparkContext.<init>(JavaSparkContext.scala:58)
[2024-10-03T15:50:26.246+0000] {spark_submit.py:579} INFO - java.base/jdk.internal.reflect.NativeConstructorAccessorImpl.newInstance0(Native Method)
[2024-10-03T15:50:26.246+0000] {spark_submit.py:579} INFO - java.base/jdk.internal.reflect.NativeConstructorAccessorImpl.newInstance(NativeConstructorAccessorImpl.java:62)
[2024-10-03T15:50:26.246+0000] {spark_submit.py:579} INFO - java.base/jdk.internal.reflect.DelegatingConstructorAccessorImpl.newInstance(DelegatingConstructorAccessorImpl.java:45)
[2024-10-03T15:50:26.247+0000] {spark_submit.py:579} INFO - java.base/java.lang.reflect.Constructor.newInstance(Constructor.java:490)
[2024-10-03T15:50:26.248+0000] {spark_submit.py:579} INFO - py4j.reflection.MethodInvoker.invoke(MethodInvoker.java:247)
[2024-10-03T15:50:26.248+0000] {spark_submit.py:579} INFO - py4j.reflection.ReflectionEngine.invoke(ReflectionEngine.java:374)
[2024-10-03T15:50:26.248+0000] {spark_submit.py:579} INFO - py4j.Gateway.invoke(Gateway.java:238)
[2024-10-03T15:50:26.249+0000] {spark_submit.py:579} INFO - py4j.commands.ConstructorCommand.invokeConstructor(ConstructorCommand.java:80)
[2024-10-03T15:50:26.249+0000] {spark_submit.py:579} INFO - py4j.commands.ConstructorCommand.execute(ConstructorCommand.java:69)
[2024-10-03T15:50:26.249+0000] {spark_submit.py:579} INFO - py4j.ClientServerConnection.waitForCommands(ClientServerConnection.java:182)
[2024-10-03T15:50:26.249+0000] {spark_submit.py:579} INFO - py4j.ClientServerConnection.run(ClientServerConnection.java:106)
[2024-10-03T15:50:26.250+0000] {spark_submit.py:579} INFO - java.base/java.lang.Thread.run(Thread.java:829)
[2024-10-03T15:50:26.250+0000] {spark_submit.py:579} INFO - 
[2024-10-03T15:50:26.250+0000] {spark_submit.py:579} INFO - The currently active SparkContext was created at:
[2024-10-03T15:50:26.251+0000] {spark_submit.py:579} INFO - 
[2024-10-03T15:50:26.251+0000] {spark_submit.py:579} INFO - org.apache.spark.api.java.JavaSparkContext.<init>(JavaSparkContext.scala:58)
[2024-10-03T15:50:26.251+0000] {spark_submit.py:579} INFO - java.base/jdk.internal.reflect.NativeConstructorAccessorImpl.newInstance0(Native Method)
[2024-10-03T15:50:26.251+0000] {spark_submit.py:579} INFO - java.base/jdk.internal.reflect.NativeConstructorAccessorImpl.newInstance(NativeConstructorAccessorImpl.java:62)
[2024-10-03T15:50:26.252+0000] {spark_submit.py:579} INFO - java.base/jdk.internal.reflect.DelegatingConstructorAccessorImpl.newInstance(DelegatingConstructorAccessorImpl.java:45)
[2024-10-03T15:50:26.252+0000] {spark_submit.py:579} INFO - java.base/java.lang.reflect.Constructor.newInstance(Constructor.java:490)
[2024-10-03T15:50:26.252+0000] {spark_submit.py:579} INFO - py4j.reflection.MethodInvoker.invoke(MethodInvoker.java:247)
[2024-10-03T15:50:26.252+0000] {spark_submit.py:579} INFO - py4j.reflection.ReflectionEngine.invoke(ReflectionEngine.java:374)
[2024-10-03T15:50:26.253+0000] {spark_submit.py:579} INFO - py4j.Gateway.invoke(Gateway.java:238)
[2024-10-03T15:50:26.253+0000] {spark_submit.py:579} INFO - py4j.commands.ConstructorCommand.invokeConstructor(ConstructorCommand.java:80)
[2024-10-03T15:50:26.253+0000] {spark_submit.py:579} INFO - py4j.commands.ConstructorCommand.execute(ConstructorCommand.java:69)
[2024-10-03T15:50:26.253+0000] {spark_submit.py:579} INFO - py4j.ClientServerConnection.waitForCommands(ClientServerConnection.java:182)
[2024-10-03T15:50:26.254+0000] {spark_submit.py:579} INFO - py4j.ClientServerConnection.run(ClientServerConnection.java:106)
[2024-10-03T15:50:26.254+0000] {spark_submit.py:579} INFO - java.base/java.lang.Thread.run(Thread.java:829)
[2024-10-03T15:50:26.254+0000] {spark_submit.py:579} INFO - 
[2024-10-03T15:50:26.254+0000] {spark_submit.py:579} INFO - at org.apache.spark.SparkContext.assertNotStopped(SparkContext.scala:122)
[2024-10-03T15:50:26.255+0000] {spark_submit.py:579} INFO - at org.apache.spark.SparkContext.$anonfun$parallelize$1(SparkContext.scala:937)
[2024-10-03T15:50:26.255+0000] {spark_submit.py:579} INFO - at org.apache.spark.rdd.RDDOperationScope$.withScope(RDDOperationScope.scala:151)
[2024-10-03T15:50:26.255+0000] {spark_submit.py:579} INFO - at org.apache.spark.rdd.RDDOperationScope$.withScope(RDDOperationScope.scala:112)
[2024-10-03T15:50:26.256+0000] {spark_submit.py:579} INFO - at org.apache.spark.SparkContext.withScope(SparkContext.scala:919)
[2024-10-03T15:50:26.256+0000] {spark_submit.py:579} INFO - at org.apache.spark.SparkContext.parallelize(SparkContext.scala:936)
[2024-10-03T15:50:26.256+0000] {spark_submit.py:579} INFO - at org.apache.spark.api.java.JavaRDD$.readRDDFromInputStream(JavaRDD.scala:259)
[2024-10-03T15:50:26.256+0000] {spark_submit.py:579} INFO - at org.apache.spark.api.java.JavaRDD$.readRDDFromFile(JavaRDD.scala:239)
[2024-10-03T15:50:26.257+0000] {spark_submit.py:579} INFO - at org.apache.spark.api.python.PythonRDD$.readRDDFromFile(PythonRDD.scala:289)
[2024-10-03T15:50:26.257+0000] {spark_submit.py:579} INFO - at org.apache.spark.api.python.PythonRDD.readRDDFromFile(PythonRDD.scala)
[2024-10-03T15:50:26.257+0000] {spark_submit.py:579} INFO - at java.base/jdk.internal.reflect.NativeMethodAccessorImpl.invoke0(Native Method)
[2024-10-03T15:50:26.257+0000] {spark_submit.py:579} INFO - at java.base/jdk.internal.reflect.NativeMethodAccessorImpl.invoke(NativeMethodAccessorImpl.java:62)
[2024-10-03T15:50:26.257+0000] {spark_submit.py:579} INFO - at java.base/jdk.internal.reflect.DelegatingMethodAccessorImpl.invoke(DelegatingMethodAccessorImpl.java:43)
[2024-10-03T15:50:26.258+0000] {spark_submit.py:579} INFO - at java.base/java.lang.reflect.Method.invoke(Method.java:566)
[2024-10-03T15:50:26.258+0000] {spark_submit.py:579} INFO - at py4j.reflection.MethodInvoker.invoke(MethodInvoker.java:244)
[2024-10-03T15:50:26.258+0000] {spark_submit.py:579} INFO - at py4j.reflection.ReflectionEngine.invoke(ReflectionEngine.java:374)
[2024-10-03T15:50:26.259+0000] {spark_submit.py:579} INFO - at py4j.Gateway.invoke(Gateway.java:282)
[2024-10-03T15:50:26.259+0000] {spark_submit.py:579} INFO - at py4j.commands.AbstractCommand.invokeMethod(AbstractCommand.java:132)
[2024-10-03T15:50:26.260+0000] {spark_submit.py:579} INFO - at py4j.commands.CallCommand.execute(CallCommand.java:79)
[2024-10-03T15:50:26.260+0000] {spark_submit.py:579} INFO - at py4j.ClientServerConnection.waitForCommands(ClientServerConnection.java:182)
[2024-10-03T15:50:26.260+0000] {spark_submit.py:579} INFO - at py4j.ClientServerConnection.run(ClientServerConnection.java:106)
[2024-10-03T15:50:26.261+0000] {spark_submit.py:579} INFO - at java.base/java.lang.Thread.run(Thread.java:829)
[2024-10-03T15:50:26.261+0000] {spark_submit.py:579} INFO - 
[2024-10-03T15:50:26.307+0000] {spark_submit.py:579} INFO - 24/10/03 15:50:26 INFO ShutdownHookManager: Shutdown hook called
[2024-10-03T15:50:26.308+0000] {spark_submit.py:579} INFO - 24/10/03 15:50:26 INFO ShutdownHookManager: Deleting directory /tmp/spark-267797e2-0aa9-446d-bdf6-50d1cae18e39
[2024-10-03T15:50:26.313+0000] {spark_submit.py:579} INFO - 24/10/03 15:50:26 INFO ShutdownHookManager: Deleting directory /tmp/spark-597d703b-cb6b-4274-bcec-4fe724cbe2e1
[2024-10-03T15:50:26.318+0000] {spark_submit.py:579} INFO - 24/10/03 15:50:26 INFO ShutdownHookManager: Deleting directory /tmp/spark-267797e2-0aa9-446d-bdf6-50d1cae18e39/pyspark-37a757db-30da-459d-bb47-b6b8fa9a4723
[2024-10-03T15:50:26.372+0000] {taskinstance.py:1935} ERROR - Task failed with exception
Traceback (most recent call last):
  File "/home/airflow/.local/lib/python3.11/site-packages/airflow/providers/apache/spark/operators/spark_submit.py", line 174, in execute
    self._hook.submit(self.application)
  File "/home/airflow/.local/lib/python3.11/site-packages/airflow/providers/apache/spark/hooks/spark_submit.py", line 505, in submit
    raise AirflowException(
airflow.exceptions.AirflowException: Cannot execute: spark-submit --master spark://spark-master:7077 --name arrow-spark --deploy-mode client jobs/python/wordcountjob.py. Error code is: 1.
[2024-10-03T15:50:26.377+0000] {taskinstance.py:1398} INFO - Marking task as FAILED. dag_id=sparking_flow, task_id=python_job, execution_date=20241003T154917, start_date=20241003T154919, end_date=20241003T155026
[2024-10-03T15:50:26.387+0000] {standard_task_runner.py:104} ERROR - Failed to execute job 25 for task python_job (Cannot execute: spark-submit --master spark://spark-master:7077 --name arrow-spark --deploy-mode client jobs/python/wordcountjob.py. Error code is: 1.; 2619)
[2024-10-03T15:50:26.415+0000] {local_task_job_runner.py:228} INFO - Task exited with return code 1
[2024-10-03T15:50:26.434+0000] {taskinstance.py:2776} INFO - 0 downstream tasks scheduled from follow-on schedule check
