[2024-11-02T11:38:39.030+0000] {taskinstance.py:1157} INFO - Dependencies all met for dep_context=non-requeueable deps ti=<TaskInstance: task_credits_clean.credits_cleaned manual__2024-11-02T11:38:37.445578+00:00 [queued]>
[2024-11-02T11:38:39.042+0000] {taskinstance.py:1157} INFO - Dependencies all met for dep_context=requeueable deps ti=<TaskInstance: task_credits_clean.credits_cleaned manual__2024-11-02T11:38:37.445578+00:00 [queued]>
[2024-11-02T11:38:39.043+0000] {taskinstance.py:1359} INFO - Starting attempt 1 of 2
[2024-11-02T11:38:39.061+0000] {taskinstance.py:1380} INFO - Executing <Task(SparkSubmitOperator): credits_cleaned> on 2024-11-02 11:38:37.445578+00:00
[2024-11-02T11:38:39.068+0000] {standard_task_runner.py:57} INFO - Started process 258 to run task
[2024-11-02T11:38:39.072+0000] {standard_task_runner.py:84} INFO - Running: ['***', 'tasks', 'run', 'task_credits_clean', 'credits_cleaned', 'manual__2024-11-02T11:38:37.445578+00:00', '--job-id', '105', '--raw', '--subdir', 'DAGS_FOLDER/credits_test.py', '--cfg-path', '/tmp/tmpojancpx2']
[2024-11-02T11:38:39.080+0000] {standard_task_runner.py:85} INFO - Job 105: Subtask credits_cleaned
[2024-11-02T11:38:39.150+0000] {task_command.py:415} INFO - Running <TaskInstance: task_credits_clean.credits_cleaned manual__2024-11-02T11:38:37.445578+00:00 [running]> on host ca8eb5e6736b
[2024-11-02T11:38:39.650+0000] {taskinstance.py:1660} INFO - Exporting env vars: AIRFLOW_CTX_DAG_OWNER='***' AIRFLOW_CTX_DAG_ID='task_credits_clean' AIRFLOW_CTX_TASK_ID='credits_cleaned' AIRFLOW_CTX_EXECUTION_DATE='2024-11-02T11:38:37.445578+00:00' AIRFLOW_CTX_TRY_NUMBER='1' AIRFLOW_CTX_DAG_RUN_ID='manual__2024-11-02T11:38:37.445578+00:00'
[2024-11-02T11:38:39.667+0000] {base.py:73} INFO - Using connection ID 'spark-conn' for task execution.
[2024-11-02T11:38:39.673+0000] {spark_submit.py:403} INFO - Spark-Submit cmd: spark-submit --master spark://master:7077 --conf spark.sql.extensions=io.delta.sql.DeltaSparkSessionExtension --conf spark.sql.catalog.spark_catalog=org.apache.spark.sql.delta.catalog.DeltaCatalog --jars /opt/***/jars/hadoop-aws-3.3.4.jar,/opt/***/jars/s3-2.18.41.jar,/opt/***/jars/aws-java-sdk-1.12.367.jar,/opt/***/jars/delta-core_2.12-2.4.0.jar,/opt/***/jars/delta-storage-2.2.0.jar, --packages org.apache.hadoop:hadoop-aws:3.3.4 --num-executors 2 --total-executor-cores 2 --executor-cores 2 --executor-memory 2g --driver-memory 1g --name arrow-spark --deploy-mode client /opt/***/jobs/python/test_Credit.py s3a://lakehouse/bronze/credits.parquet s3a://lakehouse/sliver/credit
[2024-11-02T11:38:40.052+0000] {spark_submit.py:579} INFO - /home/***/.local/lib/python3.11/site-packages/pyspark/bin/load-spark-env.sh: line 68: ps: command not found
[2024-11-02T11:38:48.169+0000] {spark_submit.py:579} INFO - :: loading settings :: url = jar:file:/home/***/.local/lib/python3.11/site-packages/pyspark/jars/ivy-2.5.1.jar!/org/apache/ivy/core/settings/ivysettings.xml
[2024-11-02T11:38:48.380+0000] {spark_submit.py:579} INFO - Ivy Default Cache set to: /home/***/.ivy2/cache
[2024-11-02T11:38:48.381+0000] {spark_submit.py:579} INFO - The jars for the packages stored in: /home/***/.ivy2/jars
[2024-11-02T11:38:48.388+0000] {spark_submit.py:579} INFO - org.apache.hadoop#hadoop-aws added as a dependency
[2024-11-02T11:38:48.389+0000] {spark_submit.py:579} INFO - :: resolving dependencies :: org.apache.spark#spark-submit-parent-770886c7-9fa8-4521-bca5-81fd8f52c818;1.0
[2024-11-02T11:38:48.390+0000] {spark_submit.py:579} INFO - confs: [default]
[2024-11-02T11:38:52.553+0000] {spark_submit.py:579} INFO - found org.apache.hadoop#hadoop-aws;3.3.4 in central
[2024-11-02T11:38:54.234+0000] {spark_submit.py:579} INFO - found com.amazonaws#aws-java-sdk-bundle;1.12.262 in central
[2024-11-02T11:38:57.291+0000] {spark_submit.py:579} INFO - found org.wildfly.openssl#wildfly-openssl;1.0.7.Final in central
[2024-11-02T11:38:57.487+0000] {spark_submit.py:579} INFO - downloading https://repo1.maven.org/maven2/org/apache/hadoop/hadoop-aws/3.3.4/hadoop-aws-3.3.4.jar ...
[2024-11-02T11:38:58.312+0000] {spark_submit.py:579} INFO - [SUCCESSFUL ] org.apache.hadoop#hadoop-aws;3.3.4!hadoop-aws.jar (1010ms)
[2024-11-02T11:38:58.500+0000] {spark_submit.py:579} INFO - downloading https://repo1.maven.org/maven2/com/amazonaws/aws-java-sdk-bundle/1.12.262/aws-java-sdk-bundle-1.12.262.jar ...
[2024-11-02T11:40:19.061+0000] {spark_submit.py:579} INFO - [SUCCESSFUL ] com.amazonaws#aws-java-sdk-bundle;1.12.262!aws-java-sdk-bundle.jar (80748ms)
[2024-11-02T11:40:19.249+0000] {spark_submit.py:579} INFO - downloading https://repo1.maven.org/maven2/org/wildfly/openssl/wildfly-openssl/1.0.7.Final/wildfly-openssl-1.0.7.Final.jar ...
[2024-11-02T11:40:19.499+0000] {spark_submit.py:579} INFO - [SUCCESSFUL ] org.wildfly.openssl#wildfly-openssl;1.0.7.Final!wildfly-openssl.jar (436ms)
[2024-11-02T11:40:19.499+0000] {spark_submit.py:579} INFO - :: resolution report :: resolve 8910ms :: artifacts dl 82200ms
[2024-11-02T11:40:19.500+0000] {spark_submit.py:579} INFO - :: modules in use:
[2024-11-02T11:40:19.500+0000] {spark_submit.py:579} INFO - com.amazonaws#aws-java-sdk-bundle;1.12.262 from central in [default]
[2024-11-02T11:40:19.501+0000] {spark_submit.py:579} INFO - org.apache.hadoop#hadoop-aws;3.3.4 from central in [default]
[2024-11-02T11:40:19.501+0000] {spark_submit.py:579} INFO - org.wildfly.openssl#wildfly-openssl;1.0.7.Final from central in [default]
[2024-11-02T11:40:19.501+0000] {spark_submit.py:579} INFO - ---------------------------------------------------------------------
[2024-11-02T11:40:19.501+0000] {spark_submit.py:579} INFO - |                  |            modules            ||   artifacts   |
[2024-11-02T11:40:19.502+0000] {spark_submit.py:579} INFO - |       conf       | number| search|dwnlded|evicted|| number|dwnlded|
[2024-11-02T11:40:19.502+0000] {spark_submit.py:579} INFO - ---------------------------------------------------------------------
[2024-11-02T11:40:19.502+0000] {spark_submit.py:579} INFO - |      default     |   3   |   3   |   3   |   0   ||   3   |   3   |
[2024-11-02T11:40:19.503+0000] {spark_submit.py:579} INFO - ---------------------------------------------------------------------
[2024-11-02T11:40:19.503+0000] {spark_submit.py:579} INFO - :: retrieving :: org.apache.spark#spark-submit-parent-770886c7-9fa8-4521-bca5-81fd8f52c818
[2024-11-02T11:40:19.503+0000] {spark_submit.py:579} INFO - confs: [default]
[2024-11-02T11:40:19.804+0000] {spark_submit.py:579} INFO - 3 artifacts copied, 0 already retrieved (275421kB/301ms)
[2024-11-02T11:40:20.012+0000] {spark_submit.py:579} INFO - 24/11/02 11:40:20 WARN NativeCodeLoader: Unable to load native-hadoop library for your platform... using builtin-java classes where applicable
[2024-11-02T11:40:21.118+0000] {spark_submit.py:579} INFO - 2024-11-02 11:40:21,117 INFO: Python version on driver: 3.11.5
[2024-11-02T11:40:21.118+0000] {spark_submit.py:579} INFO - 2024-11-02 11:40:21,117 INFO: Initializing Spark session...
[2024-11-02T11:40:21.289+0000] {spark_submit.py:579} INFO - 24/11/02 11:40:21 INFO SparkContext: Running Spark version 3.4.3
[2024-11-02T11:40:21.326+0000] {spark_submit.py:579} INFO - 24/11/02 11:40:21 INFO ResourceUtils: ==============================================================
[2024-11-02T11:40:21.326+0000] {spark_submit.py:579} INFO - 24/11/02 11:40:21 INFO ResourceUtils: No custom resources configured for spark.driver.
[2024-11-02T11:40:21.327+0000] {spark_submit.py:579} INFO - 24/11/02 11:40:21 INFO ResourceUtils: ==============================================================
[2024-11-02T11:40:21.328+0000] {spark_submit.py:579} INFO - 24/11/02 11:40:21 INFO SparkContext: Submitted application: CleanCredits
[2024-11-02T11:40:21.360+0000] {spark_submit.py:579} INFO - 24/11/02 11:40:21 INFO ResourceProfile: Default ResourceProfile created, executor resources: Map(cores -> name: cores, amount: 2, script: , vendor: , memory -> name: memory, amount: 2048, script: , vendor: , offHeap -> name: offHeap, amount: 0, script: , vendor: ), task resources: Map(cpus -> name: cpus, amount: 1.0)
[2024-11-02T11:40:21.374+0000] {spark_submit.py:579} INFO - 24/11/02 11:40:21 INFO ResourceProfile: Limiting resource is cpus at 2 tasks per executor
[2024-11-02T11:40:21.377+0000] {spark_submit.py:579} INFO - 24/11/02 11:40:21 INFO ResourceProfileManager: Added ResourceProfile id: 0
[2024-11-02T11:40:21.446+0000] {spark_submit.py:579} INFO - 24/11/02 11:40:21 INFO SecurityManager: Changing view acls to: ***
[2024-11-02T11:40:21.447+0000] {spark_submit.py:579} INFO - 24/11/02 11:40:21 INFO SecurityManager: Changing modify acls to: ***
[2024-11-02T11:40:21.447+0000] {spark_submit.py:579} INFO - 24/11/02 11:40:21 INFO SecurityManager: Changing view acls groups to:
[2024-11-02T11:40:21.448+0000] {spark_submit.py:579} INFO - 24/11/02 11:40:21 INFO SecurityManager: Changing modify acls groups to:
[2024-11-02T11:40:21.449+0000] {spark_submit.py:579} INFO - 24/11/02 11:40:21 INFO SecurityManager: SecurityManager: authentication disabled; ui acls disabled; users with view permissions: ***; groups with view permissions: EMPTY; users with modify permissions: ***; groups with modify permissions: EMPTY
[2024-11-02T11:40:21.666+0000] {spark_submit.py:579} INFO - 24/11/02 11:40:21 INFO Utils: Successfully started service 'sparkDriver' on port 39083.
[2024-11-02T11:40:21.702+0000] {spark_submit.py:579} INFO - 24/11/02 11:40:21 INFO SparkEnv: Registering MapOutputTracker
[2024-11-02T11:40:21.734+0000] {spark_submit.py:579} INFO - 24/11/02 11:40:21 INFO SparkEnv: Registering BlockManagerMaster
[2024-11-02T11:40:21.748+0000] {spark_submit.py:579} INFO - 24/11/02 11:40:21 INFO BlockManagerMasterEndpoint: Using org.apache.spark.storage.DefaultTopologyMapper for getting topology information
[2024-11-02T11:40:21.749+0000] {spark_submit.py:579} INFO - 24/11/02 11:40:21 INFO BlockManagerMasterEndpoint: BlockManagerMasterEndpoint up
[2024-11-02T11:40:21.754+0000] {spark_submit.py:579} INFO - 24/11/02 11:40:21 INFO SparkEnv: Registering BlockManagerMasterHeartbeat
[2024-11-02T11:40:21.775+0000] {spark_submit.py:579} INFO - 24/11/02 11:40:21 INFO DiskBlockManager: Created local directory at /tmp/blockmgr-17fb9415-5014-4944-9786-7534b9fa59e9
[2024-11-02T11:40:21.791+0000] {spark_submit.py:579} INFO - 24/11/02 11:40:21 INFO MemoryStore: MemoryStore started with capacity 434.4 MiB
[2024-11-02T11:40:21.809+0000] {spark_submit.py:579} INFO - 24/11/02 11:40:21 INFO SparkEnv: Registering OutputCommitCoordinator
[2024-11-02T11:40:21.935+0000] {spark_submit.py:579} INFO - 24/11/02 11:40:21 INFO JettyUtils: Start Jetty 0.0.0.0:4040 for SparkUI
[2024-11-02T11:40:22.007+0000] {spark_submit.py:579} INFO - 24/11/02 11:40:22 INFO Utils: Successfully started service 'SparkUI' on port 4040.
[2024-11-02T11:40:22.046+0000] {spark_submit.py:579} INFO - 24/11/02 11:40:22 INFO SparkContext: Added JAR file:///opt/***/jars/hadoop-aws-3.3.4.jar at spark://ca8eb5e6736b:39083/jars/hadoop-aws-3.3.4.jar with timestamp 1730547621276
[2024-11-02T11:40:22.047+0000] {spark_submit.py:579} INFO - 24/11/02 11:40:22 INFO SparkContext: Added JAR file:///opt/***/jars/s3-2.18.41.jar at spark://ca8eb5e6736b:39083/jars/s3-2.18.41.jar with timestamp 1730547621276
[2024-11-02T11:40:22.049+0000] {spark_submit.py:579} INFO - 24/11/02 11:40:22 INFO SparkContext: Added JAR file:///opt/***/jars/aws-java-sdk-1.12.367.jar at spark://ca8eb5e6736b:39083/jars/aws-java-sdk-1.12.367.jar with timestamp 1730547621276
[2024-11-02T11:40:22.050+0000] {spark_submit.py:579} INFO - 24/11/02 11:40:22 INFO SparkContext: Added JAR file:///opt/***/jars/delta-core_2.12-2.4.0.jar at spark://ca8eb5e6736b:39083/jars/delta-core_2.12-2.4.0.jar with timestamp 1730547621276
[2024-11-02T11:40:22.052+0000] {spark_submit.py:579} INFO - 24/11/02 11:40:22 INFO SparkContext: Added JAR file:///opt/***/jars/delta-storage-2.2.0.jar at spark://ca8eb5e6736b:39083/jars/delta-storage-2.2.0.jar with timestamp 1730547621276
[2024-11-02T11:40:22.052+0000] {spark_submit.py:579} INFO - 24/11/02 11:40:22 INFO SparkContext: Added JAR file:///home/***/.ivy2/jars/org.apache.hadoop_hadoop-aws-3.3.4.jar at spark://ca8eb5e6736b:39083/jars/org.apache.hadoop_hadoop-aws-3.3.4.jar with timestamp 1730547621276
[2024-11-02T11:40:22.053+0000] {spark_submit.py:579} INFO - 24/11/02 11:40:22 INFO SparkContext: Added JAR file:///home/***/.ivy2/jars/com.amazonaws_aws-java-sdk-bundle-1.12.262.jar at spark://ca8eb5e6736b:39083/jars/com.amazonaws_aws-java-sdk-bundle-1.12.262.jar with timestamp 1730547621276
[2024-11-02T11:40:22.053+0000] {spark_submit.py:579} INFO - 24/11/02 11:40:22 INFO SparkContext: Added JAR file:///home/***/.ivy2/jars/org.wildfly.openssl_wildfly-openssl-1.0.7.Final.jar at spark://ca8eb5e6736b:39083/jars/org.wildfly.openssl_wildfly-openssl-1.0.7.Final.jar with timestamp 1730547621276
[2024-11-02T11:40:22.056+0000] {spark_submit.py:579} INFO - 24/11/02 11:40:22 INFO SparkContext: Added file file:///home/***/.ivy2/jars/org.apache.hadoop_hadoop-aws-3.3.4.jar at spark://ca8eb5e6736b:39083/files/org.apache.hadoop_hadoop-aws-3.3.4.jar with timestamp 1730547621276
[2024-11-02T11:40:22.057+0000] {spark_submit.py:579} INFO - 24/11/02 11:40:22 INFO Utils: Copying /home/***/.ivy2/jars/org.apache.hadoop_hadoop-aws-3.3.4.jar to /tmp/spark-f4fb026f-0bd3-48d8-a009-4c2d18fa275f/userFiles-85f70c17-e488-4eec-ab0f-d2d8374a7a5f/org.apache.hadoop_hadoop-aws-3.3.4.jar
[2024-11-02T11:40:22.069+0000] {spark_submit.py:579} INFO - 24/11/02 11:40:22 INFO SparkContext: Added file file:///home/***/.ivy2/jars/com.amazonaws_aws-java-sdk-bundle-1.12.262.jar at spark://ca8eb5e6736b:39083/files/com.amazonaws_aws-java-sdk-bundle-1.12.262.jar with timestamp 1730547621276
[2024-11-02T11:40:22.069+0000] {spark_submit.py:579} INFO - 24/11/02 11:40:22 INFO Utils: Copying /home/***/.ivy2/jars/com.amazonaws_aws-java-sdk-bundle-1.12.262.jar to /tmp/spark-f4fb026f-0bd3-48d8-a009-4c2d18fa275f/userFiles-85f70c17-e488-4eec-ab0f-d2d8374a7a5f/com.amazonaws_aws-java-sdk-bundle-1.12.262.jar
[2024-11-02T11:40:22.420+0000] {spark_submit.py:579} INFO - 24/11/02 11:40:22 INFO SparkContext: Added file file:///home/***/.ivy2/jars/org.wildfly.openssl_wildfly-openssl-1.0.7.Final.jar at spark://ca8eb5e6736b:39083/files/org.wildfly.openssl_wildfly-openssl-1.0.7.Final.jar with timestamp 1730547621276
[2024-11-02T11:40:22.420+0000] {spark_submit.py:579} INFO - 24/11/02 11:40:22 INFO Utils: Copying /home/***/.ivy2/jars/org.wildfly.openssl_wildfly-openssl-1.0.7.Final.jar to /tmp/spark-f4fb026f-0bd3-48d8-a009-4c2d18fa275f/userFiles-85f70c17-e488-4eec-ab0f-d2d8374a7a5f/org.wildfly.openssl_wildfly-openssl-1.0.7.Final.jar
[2024-11-02T11:40:22.524+0000] {spark_submit.py:579} INFO - 24/11/02 11:40:22 INFO StandaloneAppClient$ClientEndpoint: Connecting to master spark://spark-master:7077...
[2024-11-02T11:40:22.574+0000] {spark_submit.py:579} INFO - 24/11/02 11:40:22 INFO TransportClientFactory: Successfully created connection to spark-master/172.19.0.4:7077 after 29 ms (0 ms spent in bootstraps)
[2024-11-02T11:40:22.715+0000] {spark_submit.py:579} INFO - 24/11/02 11:40:22 INFO StandaloneSchedulerBackend: Connected to Spark cluster with app ID app-20241102114022-0000
[2024-11-02T11:40:22.725+0000] {spark_submit.py:579} INFO - 24/11/02 11:40:22 INFO Utils: Successfully started service 'org.apache.spark.network.netty.NettyBlockTransferService' on port 35829.
[2024-11-02T11:40:22.726+0000] {spark_submit.py:579} INFO - 24/11/02 11:40:22 INFO NettyBlockTransferService: Server created on ca8eb5e6736b:35829
[2024-11-02T11:40:22.728+0000] {spark_submit.py:579} INFO - 24/11/02 11:40:22 INFO BlockManager: Using org.apache.spark.storage.RandomBlockReplicationPolicy for block replication policy
[2024-11-02T11:40:22.735+0000] {spark_submit.py:579} INFO - 24/11/02 11:40:22 INFO StandaloneAppClient$ClientEndpoint: Executor added: app-20241102114022-0000/0 on worker-20241102113808-172.19.0.5-42233 (172.19.0.5:42233) with 2 core(s)
[2024-11-02T11:40:22.736+0000] {spark_submit.py:579} INFO - 24/11/02 11:40:22 INFO BlockManagerMaster: Registering BlockManager BlockManagerId(driver, ca8eb5e6736b, 35829, None)
[2024-11-02T11:40:22.738+0000] {spark_submit.py:579} INFO - 24/11/02 11:40:22 INFO StandaloneSchedulerBackend: Granted executor ID app-20241102114022-0000/0 on hostPort 172.19.0.5:42233 with 2 core(s), 2.0 GiB RAM
[2024-11-02T11:40:22.741+0000] {spark_submit.py:579} INFO - 24/11/02 11:40:22 INFO BlockManagerMasterEndpoint: Registering block manager ca8eb5e6736b:35829 with 434.4 MiB RAM, BlockManagerId(driver, ca8eb5e6736b, 35829, None)
[2024-11-02T11:40:22.745+0000] {spark_submit.py:579} INFO - 24/11/02 11:40:22 INFO BlockManagerMaster: Registered BlockManager BlockManagerId(driver, ca8eb5e6736b, 35829, None)
[2024-11-02T11:40:22.747+0000] {spark_submit.py:579} INFO - 24/11/02 11:40:22 INFO BlockManager: Initialized BlockManager: BlockManagerId(driver, ca8eb5e6736b, 35829, None)
[2024-11-02T11:40:22.865+0000] {spark_submit.py:579} INFO - 24/11/02 11:40:22 INFO StandaloneAppClient$ClientEndpoint: Executor updated: app-20241102114022-0000/0 is now RUNNING
[2024-11-02T11:40:23.012+0000] {spark_submit.py:579} INFO - 24/11/02 11:40:23 INFO StandaloneSchedulerBackend: SchedulerBackend is ready for scheduling beginning after reached minRegisteredResourcesRatio: 0.0
[2024-11-02T11:40:23.322+0000] {spark_submit.py:579} INFO - 2024-11-02 11:40:23,322 INFO: Spark session initialized successfully.
[2024-11-02T11:40:23.323+0000] {spark_submit.py:579} INFO - 2024-11-02 11:40:23,322 INFO: Reading data from s3a://lakehouse/bronze/credits.parquet
[2024-11-02T11:40:23.331+0000] {spark_submit.py:579} INFO - 24/11/02 11:40:23 INFO SharedState: Setting hive.metastore.warehouse.dir ('null') to the value of spark.sql.warehouse.dir.
[2024-11-02T11:40:23.588+0000] {spark_submit.py:579} INFO - 24/11/02 11:40:23 WARN MetricsConfig: Cannot locate configuration: tried hadoop-metrics2-s3a-file-system.properties,hadoop-metrics2.properties
[2024-11-02T11:40:23.608+0000] {spark_submit.py:579} INFO - 24/11/02 11:40:23 INFO MetricsSystemImpl: Scheduled Metric snapshot period at 10 second(s).
[2024-11-02T11:40:23.608+0000] {spark_submit.py:579} INFO - 24/11/02 11:40:23 INFO MetricsSystemImpl: s3a-file-system metrics system started
[2024-11-02T11:40:24.692+0000] {spark_submit.py:579} INFO - 24/11/02 11:40:24 INFO SharedState: Warehouse path is 's3a://lakehouse/'.
[2024-11-02T11:40:25.301+0000] {spark_submit.py:579} INFO - 24/11/02 11:40:25 INFO StandaloneSchedulerBackend$StandaloneDriverEndpoint: Registered executor NettyRpcEndpointRef(spark-client://Executor) (172.19.0.5:50956) with ID 0,  ResourceProfileId 0
[2024-11-02T11:40:25.395+0000] {spark_submit.py:579} INFO - 24/11/02 11:40:25 INFO BlockManagerMasterEndpoint: Registering block manager 172.19.0.5:36671 with 1048.8 MiB RAM, BlockManagerId(0, 172.19.0.5, 36671, None)
[2024-11-02T11:40:27.815+0000] {spark_submit.py:579} INFO - 24/11/02 11:40:27 INFO InMemoryFileIndex: It took 227 ms to list leaf files for 1 paths.
[2024-11-02T11:40:30.828+0000] {spark_submit.py:579} INFO - 24/11/02 11:40:30 INFO SparkContext: Starting job: load at NativeMethodAccessorImpl.java:0
[2024-11-02T11:40:30.957+0000] {spark_submit.py:579} INFO - 24/11/02 11:40:30 INFO DAGScheduler: Got job 0 (load at NativeMethodAccessorImpl.java:0) with 1 output partitions
[2024-11-02T11:40:30.958+0000] {spark_submit.py:579} INFO - 24/11/02 11:40:30 INFO DAGScheduler: Final stage: ResultStage 0 (load at NativeMethodAccessorImpl.java:0)
[2024-11-02T11:40:30.959+0000] {spark_submit.py:579} INFO - 24/11/02 11:40:30 INFO DAGScheduler: Parents of final stage: List()
[2024-11-02T11:40:30.962+0000] {spark_submit.py:579} INFO - 24/11/02 11:40:30 INFO DAGScheduler: Missing parents: List()
[2024-11-02T11:40:30.969+0000] {spark_submit.py:579} INFO - 24/11/02 11:40:30 INFO DAGScheduler: Submitting ResultStage 0 (MapPartitionsRDD[1] at load at NativeMethodAccessorImpl.java:0), which has no missing parents
[2024-11-02T11:40:32.342+0000] {spark_submit.py:579} INFO - 24/11/02 11:40:32 INFO MemoryStore: Block broadcast_0 stored as values in memory (estimated size 106.9 KiB, free 434.3 MiB)
[2024-11-02T11:40:32.568+0000] {spark_submit.py:579} INFO - 24/11/02 11:40:32 INFO MemoryStore: Block broadcast_0_piece0 stored as bytes in memory (estimated size 38.9 KiB, free 434.3 MiB)
[2024-11-02T11:40:32.696+0000] {spark_submit.py:579} INFO - 24/11/02 11:40:32 INFO BlockManagerInfo: Added broadcast_0_piece0 in memory on ca8eb5e6736b:35829 (size: 38.9 KiB, free: 434.4 MiB)
[2024-11-02T11:40:32.701+0000] {spark_submit.py:579} INFO - 24/11/02 11:40:32 INFO SparkContext: Created broadcast 0 from broadcast at DAGScheduler.scala:1540
[2024-11-02T11:40:32.720+0000] {spark_submit.py:579} INFO - 24/11/02 11:40:32 INFO DAGScheduler: Submitting 1 missing tasks from ResultStage 0 (MapPartitionsRDD[1] at load at NativeMethodAccessorImpl.java:0) (first 15 tasks are for partitions Vector(0))
[2024-11-02T11:40:32.721+0000] {spark_submit.py:579} INFO - 24/11/02 11:40:32 INFO TaskSchedulerImpl: Adding task set 0.0 with 1 tasks resource profile 0
[2024-11-02T11:40:56.621+0000] {spark_submit.py:579} INFO - 24/11/02 11:40:56 INFO TaskSetManager: Starting task 0.0 in stage 0.0 (TID 0) (172.19.0.5, executor 0, partition 0, PROCESS_LOCAL, 7500 bytes)
[2024-11-02T11:41:04.900+0000] {spark_submit.py:579} INFO - 24/11/02 11:41:04 INFO BlockManagerInfo: Added broadcast_0_piece0 in memory on 172.19.0.5:36671 (size: 38.9 KiB, free: 1048.8 MiB)
[2024-11-02T11:41:05.166+0000] {spark_submit.py:579} INFO - 24/11/02 11:41:05 WARN TaskSetManager: Lost task 0.0 in stage 0.0 (TID 0) (172.19.0.5 executor 0): java.io.InvalidClassException: org.apache.spark.rdd.RDD; local class incompatible: stream classdesc serialVersionUID = -857609805308345919, local class serialVersionUID = -1432615955171021378
[2024-11-02T11:41:05.166+0000] {spark_submit.py:579} INFO - at java.base/java.io.ObjectStreamClass.initNonProxy(ObjectStreamClass.java:597)
[2024-11-02T11:41:05.167+0000] {spark_submit.py:579} INFO - at java.base/java.io.ObjectInputStream.readNonProxyDesc(ObjectInputStream.java:2051)
[2024-11-02T11:41:05.167+0000] {spark_submit.py:579} INFO - at java.base/java.io.ObjectInputStream.readClassDesc(ObjectInputStream.java:1898)
[2024-11-02T11:41:05.168+0000] {spark_submit.py:579} INFO - at java.base/java.io.ObjectInputStream.readNonProxyDesc(ObjectInputStream.java:2051)
[2024-11-02T11:41:05.168+0000] {spark_submit.py:579} INFO - at java.base/java.io.ObjectInputStream.readClassDesc(ObjectInputStream.java:1898)
[2024-11-02T11:41:05.169+0000] {spark_submit.py:579} INFO - at java.base/java.io.ObjectInputStream.readOrdinaryObject(ObjectInputStream.java:2224)
[2024-11-02T11:41:05.169+0000] {spark_submit.py:579} INFO - at java.base/java.io.ObjectInputStream.readObject0(ObjectInputStream.java:1733)
[2024-11-02T11:41:05.170+0000] {spark_submit.py:579} INFO - at java.base/java.io.ObjectInputStream$FieldValues.<init>(ObjectInputStream.java:2606)
[2024-11-02T11:41:05.171+0000] {spark_submit.py:579} INFO - at java.base/java.io.ObjectInputStream.readSerialData(ObjectInputStream.java:2457)
[2024-11-02T11:41:05.171+0000] {spark_submit.py:579} INFO - at java.base/java.io.ObjectInputStream.readOrdinaryObject(ObjectInputStream.java:2257)
[2024-11-02T11:41:05.172+0000] {spark_submit.py:579} INFO - at java.base/java.io.ObjectInputStream.readObject0(ObjectInputStream.java:1733)
[2024-11-02T11:41:05.172+0000] {spark_submit.py:579} INFO - at java.base/java.io.ObjectInputStream.readObject(ObjectInputStream.java:509)
[2024-11-02T11:41:05.173+0000] {spark_submit.py:579} INFO - at java.base/java.io.ObjectInputStream.readObject(ObjectInputStream.java:467)
[2024-11-02T11:41:05.173+0000] {spark_submit.py:579} INFO - at org.apache.spark.serializer.JavaDeserializationStream.readObject(JavaSerializer.scala:87)
[2024-11-02T11:41:05.174+0000] {spark_submit.py:579} INFO - at org.apache.spark.serializer.JavaSerializerInstance.deserialize(JavaSerializer.scala:129)
[2024-11-02T11:41:05.175+0000] {spark_submit.py:579} INFO - at org.apache.spark.scheduler.ResultTask.runTask(ResultTask.scala:85)
[2024-11-02T11:41:05.175+0000] {spark_submit.py:579} INFO - at org.apache.spark.TaskContext.runTaskWithListeners(TaskContext.scala:161)
[2024-11-02T11:41:05.176+0000] {spark_submit.py:579} INFO - at org.apache.spark.scheduler.Task.run(Task.scala:139)
[2024-11-02T11:41:05.176+0000] {spark_submit.py:579} INFO - at org.apache.spark.executor.Executor$TaskRunner.$anonfun$run$3(Executor.scala:554)
[2024-11-02T11:41:05.177+0000] {spark_submit.py:579} INFO - at org.apache.spark.util.Utils$.tryWithSafeFinally(Utils.scala:1529)
[2024-11-02T11:41:05.177+0000] {spark_submit.py:579} INFO - at org.apache.spark.executor.Executor$TaskRunner.run(Executor.scala:557)
[2024-11-02T11:41:05.178+0000] {spark_submit.py:579} INFO - at java.base/java.util.concurrent.ThreadPoolExecutor.runWorker(ThreadPoolExecutor.java:1136)
[2024-11-02T11:41:05.178+0000] {spark_submit.py:579} INFO - at java.base/java.util.concurrent.ThreadPoolExecutor$Worker.run(ThreadPoolExecutor.java:635)
[2024-11-02T11:41:05.179+0000] {spark_submit.py:579} INFO - at java.base/java.lang.Thread.run(Thread.java:840)
[2024-11-02T11:41:05.179+0000] {spark_submit.py:579} INFO - 
[2024-11-02T11:41:05.180+0000] {spark_submit.py:579} INFO - 24/11/02 11:41:05 INFO TaskSetManager: Starting task 0.1 in stage 0.0 (TID 1) (172.19.0.5, executor 0, partition 0, PROCESS_LOCAL, 7500 bytes)
[2024-11-02T11:41:05.187+0000] {spark_submit.py:579} INFO - 24/11/02 11:41:05 INFO TaskSetManager: Lost task 0.1 in stage 0.0 (TID 1) on 172.19.0.5, executor 0: java.io.InvalidClassException (org.apache.spark.rdd.RDD; local class incompatible: stream classdesc serialVersionUID = -857609805308345919, local class serialVersionUID = -1432615955171021378) [duplicate 1]
[2024-11-02T11:41:05.189+0000] {spark_submit.py:579} INFO - 24/11/02 11:41:05 INFO TaskSetManager: Starting task 0.2 in stage 0.0 (TID 2) (172.19.0.5, executor 0, partition 0, PROCESS_LOCAL, 7500 bytes)
[2024-11-02T11:41:05.203+0000] {spark_submit.py:579} INFO - 24/11/02 11:41:05 INFO TaskSetManager: Lost task 0.2 in stage 0.0 (TID 2) on 172.19.0.5, executor 0: java.io.InvalidClassException (org.apache.spark.rdd.RDD; local class incompatible: stream classdesc serialVersionUID = -857609805308345919, local class serialVersionUID = -1432615955171021378) [duplicate 2]
[2024-11-02T11:41:05.205+0000] {spark_submit.py:579} INFO - 24/11/02 11:41:05 INFO TaskSetManager: Starting task 0.3 in stage 0.0 (TID 3) (172.19.0.5, executor 0, partition 0, PROCESS_LOCAL, 7500 bytes)
[2024-11-02T11:41:05.219+0000] {spark_submit.py:579} INFO - 24/11/02 11:41:05 INFO TaskSetManager: Lost task 0.3 in stage 0.0 (TID 3) on 172.19.0.5, executor 0: java.io.InvalidClassException (org.apache.spark.rdd.RDD; local class incompatible: stream classdesc serialVersionUID = -857609805308345919, local class serialVersionUID = -1432615955171021378) [duplicate 3]
[2024-11-02T11:41:05.220+0000] {spark_submit.py:579} INFO - 24/11/02 11:41:05 ERROR TaskSetManager: Task 0 in stage 0.0 failed 4 times; aborting job
[2024-11-02T11:41:05.222+0000] {spark_submit.py:579} INFO - 24/11/02 11:41:05 INFO TaskSchedulerImpl: Removed TaskSet 0.0, whose tasks have all completed, from pool
[2024-11-02T11:41:05.224+0000] {spark_submit.py:579} INFO - 24/11/02 11:41:05 INFO TaskSchedulerImpl: Cancelling stage 0
[2024-11-02T11:41:05.224+0000] {spark_submit.py:579} INFO - 24/11/02 11:41:05 INFO TaskSchedulerImpl: Killing all running tasks in stage 0: Stage cancelled
[2024-11-02T11:41:05.226+0000] {spark_submit.py:579} INFO - 24/11/02 11:41:05 INFO DAGScheduler: ResultStage 0 (load at NativeMethodAccessorImpl.java:0) failed in 34.028 s due to Job aborted due to stage failure: Task 0 in stage 0.0 failed 4 times, most recent failure: Lost task 0.3 in stage 0.0 (TID 3) (172.19.0.5 executor 0): java.io.InvalidClassException: org.apache.spark.rdd.RDD; local class incompatible: stream classdesc serialVersionUID = -857609805308345919, local class serialVersionUID = -1432615955171021378
[2024-11-02T11:41:05.227+0000] {spark_submit.py:579} INFO - at java.base/java.io.ObjectStreamClass.initNonProxy(ObjectStreamClass.java:597)
[2024-11-02T11:41:05.227+0000] {spark_submit.py:579} INFO - at java.base/java.io.ObjectInputStream.readNonProxyDesc(ObjectInputStream.java:2051)
[2024-11-02T11:41:05.228+0000] {spark_submit.py:579} INFO - at java.base/java.io.ObjectInputStream.readClassDesc(ObjectInputStream.java:1898)
[2024-11-02T11:41:05.228+0000] {spark_submit.py:579} INFO - at java.base/java.io.ObjectInputStream.readNonProxyDesc(ObjectInputStream.java:2051)
[2024-11-02T11:41:05.229+0000] {spark_submit.py:579} INFO - at java.base/java.io.ObjectInputStream.readClassDesc(ObjectInputStream.java:1898)
[2024-11-02T11:41:05.229+0000] {spark_submit.py:579} INFO - at java.base/java.io.ObjectInputStream.readOrdinaryObject(ObjectInputStream.java:2224)
[2024-11-02T11:41:05.230+0000] {spark_submit.py:579} INFO - at java.base/java.io.ObjectInputStream.readObject0(ObjectInputStream.java:1733)
[2024-11-02T11:41:05.230+0000] {spark_submit.py:579} INFO - at java.base/java.io.ObjectInputStream$FieldValues.<init>(ObjectInputStream.java:2606)
[2024-11-02T11:41:05.231+0000] {spark_submit.py:579} INFO - at java.base/java.io.ObjectInputStream.readSerialData(ObjectInputStream.java:2457)
[2024-11-02T11:41:05.231+0000] {spark_submit.py:579} INFO - at java.base/java.io.ObjectInputStream.readOrdinaryObject(ObjectInputStream.java:2257)
[2024-11-02T11:41:05.231+0000] {spark_submit.py:579} INFO - at java.base/java.io.ObjectInputStream.readObject0(ObjectInputStream.java:1733)
[2024-11-02T11:41:05.232+0000] {spark_submit.py:579} INFO - at java.base/java.io.ObjectInputStream.readObject(ObjectInputStream.java:509)
[2024-11-02T11:41:05.232+0000] {spark_submit.py:579} INFO - at java.base/java.io.ObjectInputStream.readObject(ObjectInputStream.java:467)
[2024-11-02T11:41:05.232+0000] {spark_submit.py:579} INFO - at org.apache.spark.serializer.JavaDeserializationStream.readObject(JavaSerializer.scala:87)
[2024-11-02T11:41:05.233+0000] {spark_submit.py:579} INFO - at org.apache.spark.serializer.JavaSerializerInstance.deserialize(JavaSerializer.scala:129)
[2024-11-02T11:41:05.233+0000] {spark_submit.py:579} INFO - at org.apache.spark.scheduler.ResultTask.runTask(ResultTask.scala:85)
[2024-11-02T11:41:05.234+0000] {spark_submit.py:579} INFO - at org.apache.spark.TaskContext.runTaskWithListeners(TaskContext.scala:161)
[2024-11-02T11:41:05.234+0000] {spark_submit.py:579} INFO - at org.apache.spark.scheduler.Task.run(Task.scala:139)
[2024-11-02T11:41:05.235+0000] {spark_submit.py:579} INFO - at org.apache.spark.executor.Executor$TaskRunner.$anonfun$run$3(Executor.scala:554)
[2024-11-02T11:41:05.235+0000] {spark_submit.py:579} INFO - at org.apache.spark.util.Utils$.tryWithSafeFinally(Utils.scala:1529)
[2024-11-02T11:41:05.235+0000] {spark_submit.py:579} INFO - at org.apache.spark.executor.Executor$TaskRunner.run(Executor.scala:557)
[2024-11-02T11:41:05.236+0000] {spark_submit.py:579} INFO - at java.base/java.util.concurrent.ThreadPoolExecutor.runWorker(ThreadPoolExecutor.java:1136)
[2024-11-02T11:41:05.236+0000] {spark_submit.py:579} INFO - at java.base/java.util.concurrent.ThreadPoolExecutor$Worker.run(ThreadPoolExecutor.java:635)
[2024-11-02T11:41:05.236+0000] {spark_submit.py:579} INFO - at java.base/java.lang.Thread.run(Thread.java:840)
[2024-11-02T11:41:05.237+0000] {spark_submit.py:579} INFO - 
[2024-11-02T11:41:05.237+0000] {spark_submit.py:579} INFO - Driver stacktrace:
[2024-11-02T11:41:05.237+0000] {spark_submit.py:579} INFO - 24/11/02 11:41:05 INFO DAGScheduler: Job 0 failed: load at NativeMethodAccessorImpl.java:0, took 34.403896 s
[2024-11-02T11:41:05.364+0000] {spark_submit.py:579} INFO - 24/11/02 11:41:05 INFO BlockManagerInfo: Removed broadcast_0_piece0 on ca8eb5e6736b:35829 in memory (size: 38.9 KiB, free: 434.4 MiB)
[2024-11-02T11:41:05.374+0000] {spark_submit.py:579} INFO - 24/11/02 11:41:05 INFO BlockManagerInfo: Removed broadcast_0_piece0 on 172.19.0.5:36671 in memory (size: 38.9 KiB, free: 1048.8 MiB)
[2024-11-02T11:41:05.389+0000] {spark_submit.py:579} INFO - 2024-11-02 11:41:05,389 ERROR: Error during cleaning process: An error occurred while calling o51.load.
[2024-11-02T11:41:05.389+0000] {spark_submit.py:579} INFO - : org.apache.spark.SparkException: Job aborted due to stage failure: Task 0 in stage 0.0 failed 4 times, most recent failure: Lost task 0.3 in stage 0.0 (TID 3) (172.19.0.5 executor 0): java.io.InvalidClassException: org.apache.spark.rdd.RDD; local class incompatible: stream classdesc serialVersionUID = -857609805308345919, local class serialVersionUID = -1432615955171021378
[2024-11-02T11:41:05.390+0000] {spark_submit.py:579} INFO - at java.base/java.io.ObjectStreamClass.initNonProxy(ObjectStreamClass.java:597)
[2024-11-02T11:41:05.390+0000] {spark_submit.py:579} INFO - at java.base/java.io.ObjectInputStream.readNonProxyDesc(ObjectInputStream.java:2051)
[2024-11-02T11:41:05.391+0000] {spark_submit.py:579} INFO - at java.base/java.io.ObjectInputStream.readClassDesc(ObjectInputStream.java:1898)
[2024-11-02T11:41:05.391+0000] {spark_submit.py:579} INFO - at java.base/java.io.ObjectInputStream.readNonProxyDesc(ObjectInputStream.java:2051)
[2024-11-02T11:41:05.391+0000] {spark_submit.py:579} INFO - at java.base/java.io.ObjectInputStream.readClassDesc(ObjectInputStream.java:1898)
[2024-11-02T11:41:05.392+0000] {spark_submit.py:579} INFO - at java.base/java.io.ObjectInputStream.readOrdinaryObject(ObjectInputStream.java:2224)
[2024-11-02T11:41:05.392+0000] {spark_submit.py:579} INFO - at java.base/java.io.ObjectInputStream.readObject0(ObjectInputStream.java:1733)
[2024-11-02T11:41:05.392+0000] {spark_submit.py:579} INFO - at java.base/java.io.ObjectInputStream$FieldValues.<init>(ObjectInputStream.java:2606)
[2024-11-02T11:41:05.393+0000] {spark_submit.py:579} INFO - at java.base/java.io.ObjectInputStream.readSerialData(ObjectInputStream.java:2457)
[2024-11-02T11:41:05.393+0000] {spark_submit.py:579} INFO - at java.base/java.io.ObjectInputStream.readOrdinaryObject(ObjectInputStream.java:2257)
[2024-11-02T11:41:05.393+0000] {spark_submit.py:579} INFO - at java.base/java.io.ObjectInputStream.readObject0(ObjectInputStream.java:1733)
[2024-11-02T11:41:05.394+0000] {spark_submit.py:579} INFO - at java.base/java.io.ObjectInputStream.readObject(ObjectInputStream.java:509)
[2024-11-02T11:41:05.394+0000] {spark_submit.py:579} INFO - at java.base/java.io.ObjectInputStream.readObject(ObjectInputStream.java:467)
[2024-11-02T11:41:05.394+0000] {spark_submit.py:579} INFO - at org.apache.spark.serializer.JavaDeserializationStream.readObject(JavaSerializer.scala:87)
[2024-11-02T11:41:05.395+0000] {spark_submit.py:579} INFO - at org.apache.spark.serializer.JavaSerializerInstance.deserialize(JavaSerializer.scala:129)
[2024-11-02T11:41:05.395+0000] {spark_submit.py:579} INFO - at org.apache.spark.scheduler.ResultTask.runTask(ResultTask.scala:85)
[2024-11-02T11:41:05.396+0000] {spark_submit.py:579} INFO - at org.apache.spark.TaskContext.runTaskWithListeners(TaskContext.scala:161)
[2024-11-02T11:41:05.396+0000] {spark_submit.py:579} INFO - at org.apache.spark.scheduler.Task.run(Task.scala:139)
[2024-11-02T11:41:05.396+0000] {spark_submit.py:579} INFO - at org.apache.spark.executor.Executor$TaskRunner.$anonfun$run$3(Executor.scala:554)
[2024-11-02T11:41:05.397+0000] {spark_submit.py:579} INFO - at org.apache.spark.util.Utils$.tryWithSafeFinally(Utils.scala:1529)
[2024-11-02T11:41:05.397+0000] {spark_submit.py:579} INFO - at org.apache.spark.executor.Executor$TaskRunner.run(Executor.scala:557)
[2024-11-02T11:41:05.397+0000] {spark_submit.py:579} INFO - at java.base/java.util.concurrent.ThreadPoolExecutor.runWorker(ThreadPoolExecutor.java:1136)
[2024-11-02T11:41:05.398+0000] {spark_submit.py:579} INFO - at java.base/java.util.concurrent.ThreadPoolExecutor$Worker.run(ThreadPoolExecutor.java:635)
[2024-11-02T11:41:05.398+0000] {spark_submit.py:579} INFO - at java.base/java.lang.Thread.run(Thread.java:840)
[2024-11-02T11:41:05.398+0000] {spark_submit.py:579} INFO - 
[2024-11-02T11:41:05.399+0000] {spark_submit.py:579} INFO - Driver stacktrace:
[2024-11-02T11:41:05.399+0000] {spark_submit.py:579} INFO - at org.apache.spark.scheduler.DAGScheduler.failJobAndIndependentStages(DAGScheduler.scala:2790)
[2024-11-02T11:41:05.399+0000] {spark_submit.py:579} INFO - at org.apache.spark.scheduler.DAGScheduler.$anonfun$abortStage$2(DAGScheduler.scala:2726)
[2024-11-02T11:41:05.400+0000] {spark_submit.py:579} INFO - at org.apache.spark.scheduler.DAGScheduler.$anonfun$abortStage$2$adapted(DAGScheduler.scala:2725)
[2024-11-02T11:41:05.400+0000] {spark_submit.py:579} INFO - at scala.collection.mutable.ResizableArray.foreach(ResizableArray.scala:62)
[2024-11-02T11:41:05.400+0000] {spark_submit.py:579} INFO - at scala.collection.mutable.ResizableArray.foreach$(ResizableArray.scala:55)
[2024-11-02T11:41:05.401+0000] {spark_submit.py:579} INFO - at scala.collection.mutable.ArrayBuffer.foreach(ArrayBuffer.scala:49)
[2024-11-02T11:41:05.401+0000] {spark_submit.py:579} INFO - at org.apache.spark.scheduler.DAGScheduler.abortStage(DAGScheduler.scala:2725)
[2024-11-02T11:41:05.401+0000] {spark_submit.py:579} INFO - at org.apache.spark.scheduler.DAGScheduler.$anonfun$handleTaskSetFailed$1(DAGScheduler.scala:1211)
[2024-11-02T11:41:05.402+0000] {spark_submit.py:579} INFO - at org.apache.spark.scheduler.DAGScheduler.$anonfun$handleTaskSetFailed$1$adapted(DAGScheduler.scala:1211)
[2024-11-02T11:41:05.402+0000] {spark_submit.py:579} INFO - at scala.Option.foreach(Option.scala:407)
[2024-11-02T11:41:05.402+0000] {spark_submit.py:579} INFO - at org.apache.spark.scheduler.DAGScheduler.handleTaskSetFailed(DAGScheduler.scala:1211)
[2024-11-02T11:41:05.403+0000] {spark_submit.py:579} INFO - at org.apache.spark.scheduler.DAGSchedulerEventProcessLoop.doOnReceive(DAGScheduler.scala:2989)
[2024-11-02T11:41:05.403+0000] {spark_submit.py:579} INFO - at org.apache.spark.scheduler.DAGSchedulerEventProcessLoop.onReceive(DAGScheduler.scala:2928)
[2024-11-02T11:41:05.403+0000] {spark_submit.py:579} INFO - at org.apache.spark.scheduler.DAGSchedulerEventProcessLoop.onReceive(DAGScheduler.scala:2917)
[2024-11-02T11:41:05.403+0000] {spark_submit.py:579} INFO - at org.apache.spark.util.EventLoop$$anon$1.run(EventLoop.scala:49)
[2024-11-02T11:41:05.404+0000] {spark_submit.py:579} INFO - at org.apache.spark.scheduler.DAGScheduler.runJob(DAGScheduler.scala:976)
[2024-11-02T11:41:05.404+0000] {spark_submit.py:579} INFO - at org.apache.spark.SparkContext.runJob(SparkContext.scala:2263)
[2024-11-02T11:41:05.404+0000] {spark_submit.py:579} INFO - at org.apache.spark.SparkContext.runJob(SparkContext.scala:2284)
[2024-11-02T11:41:05.404+0000] {spark_submit.py:579} INFO - at org.apache.spark.SparkContext.runJob(SparkContext.scala:2303)
[2024-11-02T11:41:05.405+0000] {spark_submit.py:579} INFO - at org.apache.spark.SparkContext.runJob(SparkContext.scala:2328)
[2024-11-02T11:41:05.405+0000] {spark_submit.py:579} INFO - at org.apache.spark.rdd.RDD.$anonfun$collect$1(RDD.scala:1022)
[2024-11-02T11:41:05.405+0000] {spark_submit.py:579} INFO - at org.apache.spark.rdd.RDDOperationScope$.withScope(RDDOperationScope.scala:151)
[2024-11-02T11:41:05.406+0000] {spark_submit.py:579} INFO - at org.apache.spark.rdd.RDDOperationScope$.withScope(RDDOperationScope.scala:112)
[2024-11-02T11:41:05.406+0000] {spark_submit.py:579} INFO - at org.apache.spark.rdd.RDD.withScope(RDD.scala:408)
[2024-11-02T11:41:05.406+0000] {spark_submit.py:579} INFO - at org.apache.spark.rdd.RDD.collect(RDD.scala:1021)
[2024-11-02T11:41:05.407+0000] {spark_submit.py:579} INFO - at org.apache.spark.sql.execution.datasources.SchemaMergeUtils$.mergeSchemasInParallel(SchemaMergeUtils.scala:73)
[2024-11-02T11:41:05.407+0000] {spark_submit.py:579} INFO - at org.apache.spark.sql.execution.datasources.parquet.ParquetFileFormat$.mergeSchemasInParallel(ParquetFileFormat.scala:476)
[2024-11-02T11:41:05.407+0000] {spark_submit.py:579} INFO - at org.apache.spark.sql.execution.datasources.parquet.ParquetUtils$.inferSchema(ParquetUtils.scala:132)
[2024-11-02T11:41:05.407+0000] {spark_submit.py:579} INFO - at org.apache.spark.sql.execution.datasources.parquet.ParquetFileFormat.inferSchema(ParquetFileFormat.scala:78)
[2024-11-02T11:41:05.408+0000] {spark_submit.py:579} INFO - at org.apache.spark.sql.execution.datasources.DataSource.$anonfun$getOrInferFileFormatSchema$11(DataSource.scala:208)
[2024-11-02T11:41:05.408+0000] {spark_submit.py:579} INFO - at scala.Option.orElse(Option.scala:447)
[2024-11-02T11:41:05.408+0000] {spark_submit.py:579} INFO - at org.apache.spark.sql.execution.datasources.DataSource.getOrInferFileFormatSchema(DataSource.scala:205)
[2024-11-02T11:41:05.409+0000] {spark_submit.py:579} INFO - at org.apache.spark.sql.execution.datasources.DataSource.resolveRelation(DataSource.scala:407)
[2024-11-02T11:41:05.409+0000] {spark_submit.py:579} INFO - at org.apache.spark.sql.DataFrameReader.loadV1Source(DataFrameReader.scala:229)
[2024-11-02T11:41:05.410+0000] {spark_submit.py:579} INFO - at org.apache.spark.sql.DataFrameReader.$anonfun$load$2(DataFrameReader.scala:211)
[2024-11-02T11:41:05.410+0000] {spark_submit.py:579} INFO - at scala.Option.getOrElse(Option.scala:189)
[2024-11-02T11:41:05.411+0000] {spark_submit.py:579} INFO - at org.apache.spark.sql.DataFrameReader.load(DataFrameReader.scala:211)
[2024-11-02T11:41:05.411+0000] {spark_submit.py:579} INFO - at org.apache.spark.sql.DataFrameReader.load(DataFrameReader.scala:186)
[2024-11-02T11:41:05.412+0000] {spark_submit.py:579} INFO - at java.base/jdk.internal.reflect.NativeMethodAccessorImpl.invoke0(Native Method)
[2024-11-02T11:41:05.412+0000] {spark_submit.py:579} INFO - at java.base/jdk.internal.reflect.NativeMethodAccessorImpl.invoke(NativeMethodAccessorImpl.java:62)
[2024-11-02T11:41:05.413+0000] {spark_submit.py:579} INFO - at java.base/jdk.internal.reflect.DelegatingMethodAccessorImpl.invoke(DelegatingMethodAccessorImpl.java:43)
[2024-11-02T11:41:05.413+0000] {spark_submit.py:579} INFO - at java.base/java.lang.reflect.Method.invoke(Method.java:566)
[2024-11-02T11:41:05.414+0000] {spark_submit.py:579} INFO - at py4j.reflection.MethodInvoker.invoke(MethodInvoker.java:244)
[2024-11-02T11:41:05.414+0000] {spark_submit.py:579} INFO - at py4j.reflection.ReflectionEngine.invoke(ReflectionEngine.java:374)
[2024-11-02T11:41:05.415+0000] {spark_submit.py:579} INFO - at py4j.Gateway.invoke(Gateway.java:282)
[2024-11-02T11:41:05.415+0000] {spark_submit.py:579} INFO - at py4j.commands.AbstractCommand.invokeMethod(AbstractCommand.java:132)
[2024-11-02T11:41:05.416+0000] {spark_submit.py:579} INFO - at py4j.commands.CallCommand.execute(CallCommand.java:79)
[2024-11-02T11:41:05.416+0000] {spark_submit.py:579} INFO - at py4j.ClientServerConnection.waitForCommands(ClientServerConnection.java:182)
[2024-11-02T11:41:05.417+0000] {spark_submit.py:579} INFO - at py4j.ClientServerConnection.run(ClientServerConnection.java:106)
[2024-11-02T11:41:05.417+0000] {spark_submit.py:579} INFO - at java.base/java.lang.Thread.run(Thread.java:829)
[2024-11-02T11:41:05.417+0000] {spark_submit.py:579} INFO - Caused by: java.io.InvalidClassException: org.apache.spark.rdd.RDD; local class incompatible: stream classdesc serialVersionUID = -857609805308345919, local class serialVersionUID = -1432615955171021378
[2024-11-02T11:41:05.417+0000] {spark_submit.py:579} INFO - at java.base/java.io.ObjectStreamClass.initNonProxy(ObjectStreamClass.java:597)
[2024-11-02T11:41:05.418+0000] {spark_submit.py:579} INFO - at java.base/java.io.ObjectInputStream.readNonProxyDesc(ObjectInputStream.java:2051)
[2024-11-02T11:41:05.418+0000] {spark_submit.py:579} INFO - at java.base/java.io.ObjectInputStream.readClassDesc(ObjectInputStream.java:1898)
[2024-11-02T11:41:05.418+0000] {spark_submit.py:579} INFO - at java.base/java.io.ObjectInputStream.readNonProxyDesc(ObjectInputStream.java:2051)
[2024-11-02T11:41:05.419+0000] {spark_submit.py:579} INFO - at java.base/java.io.ObjectInputStream.readClassDesc(ObjectInputStream.java:1898)
[2024-11-02T11:41:05.419+0000] {spark_submit.py:579} INFO - at java.base/java.io.ObjectInputStream.readOrdinaryObject(ObjectInputStream.java:2224)
[2024-11-02T11:41:05.420+0000] {spark_submit.py:579} INFO - at java.base/java.io.ObjectInputStream.readObject0(ObjectInputStream.java:1733)
[2024-11-02T11:41:05.420+0000] {spark_submit.py:579} INFO - at java.base/java.io.ObjectInputStream$FieldValues.<init>(ObjectInputStream.java:2606)
[2024-11-02T11:41:05.420+0000] {spark_submit.py:579} INFO - at java.base/java.io.ObjectInputStream.readSerialData(ObjectInputStream.java:2457)
[2024-11-02T11:41:05.421+0000] {spark_submit.py:579} INFO - at java.base/java.io.ObjectInputStream.readOrdinaryObject(ObjectInputStream.java:2257)
[2024-11-02T11:41:05.421+0000] {spark_submit.py:579} INFO - at java.base/java.io.ObjectInputStream.readObject0(ObjectInputStream.java:1733)
[2024-11-02T11:41:05.421+0000] {spark_submit.py:579} INFO - at java.base/java.io.ObjectInputStream.readObject(ObjectInputStream.java:509)
[2024-11-02T11:41:05.422+0000] {spark_submit.py:579} INFO - at java.base/java.io.ObjectInputStream.readObject(ObjectInputStream.java:467)
[2024-11-02T11:41:05.422+0000] {spark_submit.py:579} INFO - at org.apache.spark.serializer.JavaDeserializationStream.readObject(JavaSerializer.scala:87)
[2024-11-02T11:41:05.423+0000] {spark_submit.py:579} INFO - at org.apache.spark.serializer.JavaSerializerInstance.deserialize(JavaSerializer.scala:129)
[2024-11-02T11:41:05.423+0000] {spark_submit.py:579} INFO - at org.apache.spark.scheduler.ResultTask.runTask(ResultTask.scala:85)
[2024-11-02T11:41:05.423+0000] {spark_submit.py:579} INFO - at org.apache.spark.TaskContext.runTaskWithListeners(TaskContext.scala:161)
[2024-11-02T11:41:05.424+0000] {spark_submit.py:579} INFO - at org.apache.spark.scheduler.Task.run(Task.scala:139)
[2024-11-02T11:41:05.424+0000] {spark_submit.py:579} INFO - at org.apache.spark.executor.Executor$TaskRunner.$anonfun$run$3(Executor.scala:554)
[2024-11-02T11:41:05.424+0000] {spark_submit.py:579} INFO - at org.apache.spark.util.Utils$.tryWithSafeFinally(Utils.scala:1529)
[2024-11-02T11:41:05.425+0000] {spark_submit.py:579} INFO - at org.apache.spark.executor.Executor$TaskRunner.run(Executor.scala:557)
[2024-11-02T11:41:05.425+0000] {spark_submit.py:579} INFO - at java.base/java.util.concurrent.ThreadPoolExecutor.runWorker(ThreadPoolExecutor.java:1136)
[2024-11-02T11:41:05.426+0000] {spark_submit.py:579} INFO - at java.base/java.util.concurrent.ThreadPoolExecutor$Worker.run(ThreadPoolExecutor.java:635)
[2024-11-02T11:41:05.426+0000] {spark_submit.py:579} INFO - at java.base/java.lang.Thread.run(Thread.java:840)
[2024-11-02T11:41:05.427+0000] {spark_submit.py:579} INFO - 
[2024-11-02T11:41:05.439+0000] {spark_submit.py:579} INFO - 2024-11-02 11:41:05,439 ERROR: Traceback (most recent call last):
[2024-11-02T11:41:05.440+0000] {spark_submit.py:579} INFO - File "/opt/***/jobs/python/test_Credit.py", line 172, in clean_credits
[2024-11-02T11:41:05.440+0000] {spark_submit.py:579} INFO - df = spark.read.format("parquet").load(input_path)
[2024-11-02T11:41:05.441+0000] {spark_submit.py:579} INFO - ^^^^^^^^^^^^^^^^^^^^^^^^^^^^^^^^^^^^^^^^^^^^^
[2024-11-02T11:41:05.441+0000] {spark_submit.py:579} INFO - File "/home/***/.local/lib/python3.11/site-packages/pyspark/python/lib/pyspark.zip/pyspark/sql/readwriter.py", line 300, in load
[2024-11-02T11:41:05.442+0000] {spark_submit.py:579} INFO - return self._df(self._jreader.load(path))
[2024-11-02T11:41:05.442+0000] {spark_submit.py:579} INFO - ^^^^^^^^^^^^^^^^^^^^^^^^
[2024-11-02T11:41:05.442+0000] {spark_submit.py:579} INFO - File "/home/***/.local/lib/python3.11/site-packages/pyspark/python/lib/py4j-0.10.9.7-src.zip/py4j/java_gateway.py", line 1322, in __call__
[2024-11-02T11:41:05.443+0000] {spark_submit.py:579} INFO - return_value = get_return_value(
[2024-11-02T11:41:05.443+0000] {spark_submit.py:579} INFO - ^^^^^^^^^^^^^^^^^
[2024-11-02T11:41:05.444+0000] {spark_submit.py:579} INFO - File "/home/***/.local/lib/python3.11/site-packages/pyspark/python/lib/pyspark.zip/pyspark/errors/exceptions/captured.py", line 169, in deco
[2024-11-02T11:41:05.445+0000] {spark_submit.py:579} INFO - return f(*a, **kw)
[2024-11-02T11:41:05.445+0000] {spark_submit.py:579} INFO - ^^^^^^^^^^^
[2024-11-02T11:41:05.445+0000] {spark_submit.py:579} INFO - File "/home/***/.local/lib/python3.11/site-packages/pyspark/python/lib/py4j-0.10.9.7-src.zip/py4j/protocol.py", line 326, in get_return_value
[2024-11-02T11:41:05.446+0000] {spark_submit.py:579} INFO - raise Py4JJavaError(
[2024-11-02T11:41:05.446+0000] {spark_submit.py:579} INFO - py4j.protocol.Py4JJavaError: An error occurred while calling o51.load.
[2024-11-02T11:41:05.447+0000] {spark_submit.py:579} INFO - : org.apache.spark.SparkException: Job aborted due to stage failure: Task 0 in stage 0.0 failed 4 times, most recent failure: Lost task 0.3 in stage 0.0 (TID 3) (172.19.0.5 executor 0): java.io.InvalidClassException: org.apache.spark.rdd.RDD; local class incompatible: stream classdesc serialVersionUID = -857609805308345919, local class serialVersionUID = -1432615955171021378
[2024-11-02T11:41:05.447+0000] {spark_submit.py:579} INFO - at java.base/java.io.ObjectStreamClass.initNonProxy(ObjectStreamClass.java:597)
[2024-11-02T11:41:05.448+0000] {spark_submit.py:579} INFO - at java.base/java.io.ObjectInputStream.readNonProxyDesc(ObjectInputStream.java:2051)
[2024-11-02T11:41:05.448+0000] {spark_submit.py:579} INFO - at java.base/java.io.ObjectInputStream.readClassDesc(ObjectInputStream.java:1898)
[2024-11-02T11:41:05.449+0000] {spark_submit.py:579} INFO - at java.base/java.io.ObjectInputStream.readNonProxyDesc(ObjectInputStream.java:2051)
[2024-11-02T11:41:05.449+0000] {spark_submit.py:579} INFO - at java.base/java.io.ObjectInputStream.readClassDesc(ObjectInputStream.java:1898)
[2024-11-02T11:41:05.450+0000] {spark_submit.py:579} INFO - at java.base/java.io.ObjectInputStream.readOrdinaryObject(ObjectInputStream.java:2224)
[2024-11-02T11:41:05.450+0000] {spark_submit.py:579} INFO - at java.base/java.io.ObjectInputStream.readObject0(ObjectInputStream.java:1733)
[2024-11-02T11:41:05.451+0000] {spark_submit.py:579} INFO - at java.base/java.io.ObjectInputStream$FieldValues.<init>(ObjectInputStream.java:2606)
[2024-11-02T11:41:05.451+0000] {spark_submit.py:579} INFO - at java.base/java.io.ObjectInputStream.readSerialData(ObjectInputStream.java:2457)
[2024-11-02T11:41:05.451+0000] {spark_submit.py:579} INFO - at java.base/java.io.ObjectInputStream.readOrdinaryObject(ObjectInputStream.java:2257)
[2024-11-02T11:41:05.452+0000] {spark_submit.py:579} INFO - at java.base/java.io.ObjectInputStream.readObject0(ObjectInputStream.java:1733)
[2024-11-02T11:41:05.453+0000] {spark_submit.py:579} INFO - at java.base/java.io.ObjectInputStream.readObject(ObjectInputStream.java:509)
[2024-11-02T11:41:05.453+0000] {spark_submit.py:579} INFO - at java.base/java.io.ObjectInputStream.readObject(ObjectInputStream.java:467)
[2024-11-02T11:41:05.454+0000] {spark_submit.py:579} INFO - at org.apache.spark.serializer.JavaDeserializationStream.readObject(JavaSerializer.scala:87)
[2024-11-02T11:41:05.454+0000] {spark_submit.py:579} INFO - at org.apache.spark.serializer.JavaSerializerInstance.deserialize(JavaSerializer.scala:129)
[2024-11-02T11:41:05.455+0000] {spark_submit.py:579} INFO - at org.apache.spark.scheduler.ResultTask.runTask(ResultTask.scala:85)
[2024-11-02T11:41:05.455+0000] {spark_submit.py:579} INFO - at org.apache.spark.TaskContext.runTaskWithListeners(TaskContext.scala:161)
[2024-11-02T11:41:05.455+0000] {spark_submit.py:579} INFO - at org.apache.spark.scheduler.Task.run(Task.scala:139)
[2024-11-02T11:41:05.456+0000] {spark_submit.py:579} INFO - at org.apache.spark.executor.Executor$TaskRunner.$anonfun$run$3(Executor.scala:554)
[2024-11-02T11:41:05.456+0000] {spark_submit.py:579} INFO - at org.apache.spark.util.Utils$.tryWithSafeFinally(Utils.scala:1529)
[2024-11-02T11:41:05.457+0000] {spark_submit.py:579} INFO - at org.apache.spark.executor.Executor$TaskRunner.run(Executor.scala:557)
[2024-11-02T11:41:05.457+0000] {spark_submit.py:579} INFO - at java.base/java.util.concurrent.ThreadPoolExecutor.runWorker(ThreadPoolExecutor.java:1136)
[2024-11-02T11:41:05.458+0000] {spark_submit.py:579} INFO - at java.base/java.util.concurrent.ThreadPoolExecutor$Worker.run(ThreadPoolExecutor.java:635)
[2024-11-02T11:41:05.458+0000] {spark_submit.py:579} INFO - at java.base/java.lang.Thread.run(Thread.java:840)
[2024-11-02T11:41:05.459+0000] {spark_submit.py:579} INFO - 
[2024-11-02T11:41:05.459+0000] {spark_submit.py:579} INFO - Driver stacktrace:
[2024-11-02T11:41:05.460+0000] {spark_submit.py:579} INFO - at org.apache.spark.scheduler.DAGScheduler.failJobAndIndependentStages(DAGScheduler.scala:2790)
[2024-11-02T11:41:05.460+0000] {spark_submit.py:579} INFO - at org.apache.spark.scheduler.DAGScheduler.$anonfun$abortStage$2(DAGScheduler.scala:2726)
[2024-11-02T11:41:05.461+0000] {spark_submit.py:579} INFO - at org.apache.spark.scheduler.DAGScheduler.$anonfun$abortStage$2$adapted(DAGScheduler.scala:2725)
[2024-11-02T11:41:05.461+0000] {spark_submit.py:579} INFO - at scala.collection.mutable.ResizableArray.foreach(ResizableArray.scala:62)
[2024-11-02T11:41:05.461+0000] {spark_submit.py:579} INFO - at scala.collection.mutable.ResizableArray.foreach$(ResizableArray.scala:55)
[2024-11-02T11:41:05.462+0000] {spark_submit.py:579} INFO - at scala.collection.mutable.ArrayBuffer.foreach(ArrayBuffer.scala:49)
[2024-11-02T11:41:05.462+0000] {spark_submit.py:579} INFO - at org.apache.spark.scheduler.DAGScheduler.abortStage(DAGScheduler.scala:2725)
[2024-11-02T11:41:05.463+0000] {spark_submit.py:579} INFO - at org.apache.spark.scheduler.DAGScheduler.$anonfun$handleTaskSetFailed$1(DAGScheduler.scala:1211)
[2024-11-02T11:41:05.463+0000] {spark_submit.py:579} INFO - at org.apache.spark.scheduler.DAGScheduler.$anonfun$handleTaskSetFailed$1$adapted(DAGScheduler.scala:1211)
[2024-11-02T11:41:05.463+0000] {spark_submit.py:579} INFO - at scala.Option.foreach(Option.scala:407)
[2024-11-02T11:41:05.464+0000] {spark_submit.py:579} INFO - at org.apache.spark.scheduler.DAGScheduler.handleTaskSetFailed(DAGScheduler.scala:1211)
[2024-11-02T11:41:05.464+0000] {spark_submit.py:579} INFO - at org.apache.spark.scheduler.DAGSchedulerEventProcessLoop.doOnReceive(DAGScheduler.scala:2989)
[2024-11-02T11:41:05.464+0000] {spark_submit.py:579} INFO - at org.apache.spark.scheduler.DAGSchedulerEventProcessLoop.onReceive(DAGScheduler.scala:2928)
[2024-11-02T11:41:05.465+0000] {spark_submit.py:579} INFO - at org.apache.spark.scheduler.DAGSchedulerEventProcessLoop.onReceive(DAGScheduler.scala:2917)
[2024-11-02T11:41:05.465+0000] {spark_submit.py:579} INFO - at org.apache.spark.util.EventLoop$$anon$1.run(EventLoop.scala:49)
[2024-11-02T11:41:05.466+0000] {spark_submit.py:579} INFO - at org.apache.spark.scheduler.DAGScheduler.runJob(DAGScheduler.scala:976)
[2024-11-02T11:41:05.466+0000] {spark_submit.py:579} INFO - at org.apache.spark.SparkContext.runJob(SparkContext.scala:2263)
[2024-11-02T11:41:05.466+0000] {spark_submit.py:579} INFO - at org.apache.spark.SparkContext.runJob(SparkContext.scala:2284)
[2024-11-02T11:41:05.467+0000] {spark_submit.py:579} INFO - at org.apache.spark.SparkContext.runJob(SparkContext.scala:2303)
[2024-11-02T11:41:05.467+0000] {spark_submit.py:579} INFO - at org.apache.spark.SparkContext.runJob(SparkContext.scala:2328)
[2024-11-02T11:41:05.467+0000] {spark_submit.py:579} INFO - at org.apache.spark.rdd.RDD.$anonfun$collect$1(RDD.scala:1022)
[2024-11-02T11:41:05.468+0000] {spark_submit.py:579} INFO - at org.apache.spark.rdd.RDDOperationScope$.withScope(RDDOperationScope.scala:151)
[2024-11-02T11:41:05.468+0000] {spark_submit.py:579} INFO - at org.apache.spark.rdd.RDDOperationScope$.withScope(RDDOperationScope.scala:112)
[2024-11-02T11:41:05.468+0000] {spark_submit.py:579} INFO - at org.apache.spark.rdd.RDD.withScope(RDD.scala:408)
[2024-11-02T11:41:05.469+0000] {spark_submit.py:579} INFO - at org.apache.spark.rdd.RDD.collect(RDD.scala:1021)
[2024-11-02T11:41:05.470+0000] {spark_submit.py:579} INFO - at org.apache.spark.sql.execution.datasources.SchemaMergeUtils$.mergeSchemasInParallel(SchemaMergeUtils.scala:73)
[2024-11-02T11:41:05.470+0000] {spark_submit.py:579} INFO - at org.apache.spark.sql.execution.datasources.parquet.ParquetFileFormat$.mergeSchemasInParallel(ParquetFileFormat.scala:476)
[2024-11-02T11:41:05.471+0000] {spark_submit.py:579} INFO - at org.apache.spark.sql.execution.datasources.parquet.ParquetUtils$.inferSchema(ParquetUtils.scala:132)
[2024-11-02T11:41:05.472+0000] {spark_submit.py:579} INFO - at org.apache.spark.sql.execution.datasources.parquet.ParquetFileFormat.inferSchema(ParquetFileFormat.scala:78)
[2024-11-02T11:41:05.472+0000] {spark_submit.py:579} INFO - at org.apache.spark.sql.execution.datasources.DataSource.$anonfun$getOrInferFileFormatSchema$11(DataSource.scala:208)
[2024-11-02T11:41:05.473+0000] {spark_submit.py:579} INFO - at scala.Option.orElse(Option.scala:447)
[2024-11-02T11:41:05.474+0000] {spark_submit.py:579} INFO - at org.apache.spark.sql.execution.datasources.DataSource.getOrInferFileFormatSchema(DataSource.scala:205)
[2024-11-02T11:41:05.475+0000] {spark_submit.py:579} INFO - at org.apache.spark.sql.execution.datasources.DataSource.resolveRelation(DataSource.scala:407)
[2024-11-02T11:41:05.476+0000] {spark_submit.py:579} INFO - at org.apache.spark.sql.DataFrameReader.loadV1Source(DataFrameReader.scala:229)
[2024-11-02T11:41:05.477+0000] {spark_submit.py:579} INFO - at org.apache.spark.sql.DataFrameReader.$anonfun$load$2(DataFrameReader.scala:211)
[2024-11-02T11:41:05.477+0000] {spark_submit.py:579} INFO - at scala.Option.getOrElse(Option.scala:189)
[2024-11-02T11:41:05.478+0000] {spark_submit.py:579} INFO - at org.apache.spark.sql.DataFrameReader.load(DataFrameReader.scala:211)
[2024-11-02T11:41:05.479+0000] {spark_submit.py:579} INFO - at org.apache.spark.sql.DataFrameReader.load(DataFrameReader.scala:186)
[2024-11-02T11:41:05.480+0000] {spark_submit.py:579} INFO - at java.base/jdk.internal.reflect.NativeMethodAccessorImpl.invoke0(Native Method)
[2024-11-02T11:41:05.480+0000] {spark_submit.py:579} INFO - at java.base/jdk.internal.reflect.NativeMethodAccessorImpl.invoke(NativeMethodAccessorImpl.java:62)
[2024-11-02T11:41:05.481+0000] {spark_submit.py:579} INFO - at java.base/jdk.internal.reflect.DelegatingMethodAccessorImpl.invoke(DelegatingMethodAccessorImpl.java:43)
[2024-11-02T11:41:05.482+0000] {spark_submit.py:579} INFO - at java.base/java.lang.reflect.Method.invoke(Method.java:566)
[2024-11-02T11:41:05.482+0000] {spark_submit.py:579} INFO - at py4j.reflection.MethodInvoker.invoke(MethodInvoker.java:244)
[2024-11-02T11:41:05.483+0000] {spark_submit.py:579} INFO - at py4j.reflection.ReflectionEngine.invoke(ReflectionEngine.java:374)
[2024-11-02T11:41:05.484+0000] {spark_submit.py:579} INFO - at py4j.Gateway.invoke(Gateway.java:282)
[2024-11-02T11:41:05.484+0000] {spark_submit.py:579} INFO - at py4j.commands.AbstractCommand.invokeMethod(AbstractCommand.java:132)
[2024-11-02T11:41:05.485+0000] {spark_submit.py:579} INFO - at py4j.commands.CallCommand.execute(CallCommand.java:79)
[2024-11-02T11:41:05.486+0000] {spark_submit.py:579} INFO - at py4j.ClientServerConnection.waitForCommands(ClientServerConnection.java:182)
[2024-11-02T11:41:05.486+0000] {spark_submit.py:579} INFO - at py4j.ClientServerConnection.run(ClientServerConnection.java:106)
[2024-11-02T11:41:05.487+0000] {spark_submit.py:579} INFO - at java.base/java.lang.Thread.run(Thread.java:829)
[2024-11-02T11:41:05.488+0000] {spark_submit.py:579} INFO - Caused by: java.io.InvalidClassException: org.apache.spark.rdd.RDD; local class incompatible: stream classdesc serialVersionUID = -857609805308345919, local class serialVersionUID = -1432615955171021378
[2024-11-02T11:41:05.489+0000] {spark_submit.py:579} INFO - at java.base/java.io.ObjectStreamClass.initNonProxy(ObjectStreamClass.java:597)
[2024-11-02T11:41:05.489+0000] {spark_submit.py:579} INFO - at java.base/java.io.ObjectInputStream.readNonProxyDesc(ObjectInputStream.java:2051)
[2024-11-02T11:41:05.490+0000] {spark_submit.py:579} INFO - at java.base/java.io.ObjectInputStream.readClassDesc(ObjectInputStream.java:1898)
[2024-11-02T11:41:05.490+0000] {spark_submit.py:579} INFO - at java.base/java.io.ObjectInputStream.readNonProxyDesc(ObjectInputStream.java:2051)
[2024-11-02T11:41:05.492+0000] {spark_submit.py:579} INFO - at java.base/java.io.ObjectInputStream.readClassDesc(ObjectInputStream.java:1898)
[2024-11-02T11:41:05.493+0000] {spark_submit.py:579} INFO - at java.base/java.io.ObjectInputStream.readOrdinaryObject(ObjectInputStream.java:2224)
[2024-11-02T11:41:05.494+0000] {spark_submit.py:579} INFO - at java.base/java.io.ObjectInputStream.readObject0(ObjectInputStream.java:1733)
[2024-11-02T11:41:05.494+0000] {spark_submit.py:579} INFO - at java.base/java.io.ObjectInputStream$FieldValues.<init>(ObjectInputStream.java:2606)
[2024-11-02T11:41:05.495+0000] {spark_submit.py:579} INFO - at java.base/java.io.ObjectInputStream.readSerialData(ObjectInputStream.java:2457)
[2024-11-02T11:41:05.496+0000] {spark_submit.py:579} INFO - at java.base/java.io.ObjectInputStream.readOrdinaryObject(ObjectInputStream.java:2257)
[2024-11-02T11:41:05.497+0000] {spark_submit.py:579} INFO - at java.base/java.io.ObjectInputStream.readObject0(ObjectInputStream.java:1733)
[2024-11-02T11:41:05.497+0000] {spark_submit.py:579} INFO - at java.base/java.io.ObjectInputStream.readObject(ObjectInputStream.java:509)
[2024-11-02T11:41:05.498+0000] {spark_submit.py:579} INFO - at java.base/java.io.ObjectInputStream.readObject(ObjectInputStream.java:467)
[2024-11-02T11:41:05.499+0000] {spark_submit.py:579} INFO - at org.apache.spark.serializer.JavaDeserializationStream.readObject(JavaSerializer.scala:87)
[2024-11-02T11:41:05.500+0000] {spark_submit.py:579} INFO - at org.apache.spark.serializer.JavaSerializerInstance.deserialize(JavaSerializer.scala:129)
[2024-11-02T11:41:05.501+0000] {spark_submit.py:579} INFO - at org.apache.spark.scheduler.ResultTask.runTask(ResultTask.scala:85)
[2024-11-02T11:41:05.502+0000] {spark_submit.py:579} INFO - at org.apache.spark.TaskContext.runTaskWithListeners(TaskContext.scala:161)
[2024-11-02T11:41:05.502+0000] {spark_submit.py:579} INFO - at org.apache.spark.scheduler.Task.run(Task.scala:139)
[2024-11-02T11:41:05.503+0000] {spark_submit.py:579} INFO - at org.apache.spark.executor.Executor$TaskRunner.$anonfun$run$3(Executor.scala:554)
[2024-11-02T11:41:05.504+0000] {spark_submit.py:579} INFO - at org.apache.spark.util.Utils$.tryWithSafeFinally(Utils.scala:1529)
[2024-11-02T11:41:05.505+0000] {spark_submit.py:579} INFO - at org.apache.spark.executor.Executor$TaskRunner.run(Executor.scala:557)
[2024-11-02T11:41:05.506+0000] {spark_submit.py:579} INFO - at java.base/java.util.concurrent.ThreadPoolExecutor.runWorker(ThreadPoolExecutor.java:1136)
[2024-11-02T11:41:05.507+0000] {spark_submit.py:579} INFO - at java.base/java.util.concurrent.ThreadPoolExecutor$Worker.run(ThreadPoolExecutor.java:635)
[2024-11-02T11:41:05.507+0000] {spark_submit.py:579} INFO - at java.base/java.lang.Thread.run(Thread.java:840)
[2024-11-02T11:41:05.508+0000] {spark_submit.py:579} INFO - 
[2024-11-02T11:41:05.509+0000] {spark_submit.py:579} INFO - 
[2024-11-02T11:41:05.509+0000] {spark_submit.py:579} INFO - 24/11/02 11:41:05 INFO SparkContext: SparkContext is stopping with exitCode 0.
[2024-11-02T11:41:05.510+0000] {spark_submit.py:579} INFO - 24/11/02 11:41:05 INFO SparkUI: Stopped Spark web UI at http://ca8eb5e6736b:4040
[2024-11-02T11:41:05.510+0000] {spark_submit.py:579} INFO - 24/11/02 11:41:05 INFO StandaloneSchedulerBackend: Shutting down all executors
[2024-11-02T11:41:05.511+0000] {spark_submit.py:579} INFO - 24/11/02 11:41:05 INFO StandaloneSchedulerBackend$StandaloneDriverEndpoint: Asking each executor to shut down
[2024-11-02T11:41:05.511+0000] {spark_submit.py:579} INFO - 24/11/02 11:41:05 INFO MapOutputTrackerMasterEndpoint: MapOutputTrackerMasterEndpoint stopped!
[2024-11-02T11:41:05.524+0000] {spark_submit.py:579} INFO - 24/11/02 11:41:05 INFO MemoryStore: MemoryStore cleared
[2024-11-02T11:41:05.524+0000] {spark_submit.py:579} INFO - 24/11/02 11:41:05 INFO BlockManager: BlockManager stopped
[2024-11-02T11:41:05.528+0000] {spark_submit.py:579} INFO - 24/11/02 11:41:05 INFO BlockManagerMaster: BlockManagerMaster stopped
[2024-11-02T11:41:05.532+0000] {spark_submit.py:579} INFO - 24/11/02 11:41:05 INFO OutputCommitCoordinator$OutputCommitCoordinatorEndpoint: OutputCommitCoordinator stopped!
[2024-11-02T11:41:05.590+0000] {spark_submit.py:579} INFO - 24/11/02 11:41:05 INFO SparkContext: Successfully stopped SparkContext
[2024-11-02T11:41:05.887+0000] {spark_submit.py:579} INFO - 2024-11-02 11:41:05,887 INFO: Closing down clientserver connection
[2024-11-02T11:41:05.947+0000] {spark_submit.py:579} INFO - 24/11/02 11:41:05 INFO ShutdownHookManager: Shutdown hook called
[2024-11-02T11:41:05.948+0000] {spark_submit.py:579} INFO - 24/11/02 11:41:05 INFO ShutdownHookManager: Deleting directory /tmp/spark-f4fb026f-0bd3-48d8-a009-4c2d18fa275f/pyspark-a10a741e-2fbe-4901-ad9b-bb7c870d6557
[2024-11-02T11:41:05.953+0000] {spark_submit.py:579} INFO - 24/11/02 11:41:05 INFO ShutdownHookManager: Deleting directory /tmp/spark-f4fb026f-0bd3-48d8-a009-4c2d18fa275f
[2024-11-02T11:41:05.957+0000] {spark_submit.py:579} INFO - 24/11/02 11:41:05 INFO ShutdownHookManager: Deleting directory /tmp/spark-447cdc72-4770-40e8-bbd2-7cfabfaedaa9
[2024-11-02T11:41:05.964+0000] {spark_submit.py:579} INFO - 24/11/02 11:41:05 INFO MetricsSystemImpl: Stopping s3a-file-system metrics system...
[2024-11-02T11:41:05.965+0000] {spark_submit.py:579} INFO - 24/11/02 11:41:05 INFO MetricsSystemImpl: s3a-file-system metrics system stopped.
[2024-11-02T11:41:05.965+0000] {spark_submit.py:579} INFO - 24/11/02 11:41:05 INFO MetricsSystemImpl: s3a-file-system metrics system shutdown complete.
[2024-11-02T11:41:06.042+0000] {taskinstance.py:1935} ERROR - Task failed with exception
Traceback (most recent call last):
  File "/home/airflow/.local/lib/python3.11/site-packages/airflow/providers/apache/spark/operators/spark_submit.py", line 174, in execute
    self._hook.submit(self.application)
  File "/home/airflow/.local/lib/python3.11/site-packages/airflow/providers/apache/spark/hooks/spark_submit.py", line 505, in submit
    raise AirflowException(
airflow.exceptions.AirflowException: Cannot execute: spark-submit --master spark://master:7077 --conf spark.sql.extensions=io.delta.sql.DeltaSparkSessionExtension --conf spark.sql.catalog.spark_catalog=org.apache.spark.sql.delta.catalog.DeltaCatalog --jars /opt/***/jars/hadoop-aws-3.3.4.jar,/opt/***/jars/s3-2.18.41.jar,/opt/***/jars/aws-java-sdk-1.12.367.jar,/opt/***/jars/delta-core_2.12-2.4.0.jar,/opt/***/jars/delta-storage-2.2.0.jar, --packages org.apache.hadoop:hadoop-aws:3.3.4 --num-executors 2 --total-executor-cores 2 --executor-cores 2 --executor-memory 2g --driver-memory 1g --name arrow-spark --deploy-mode client /opt/***/jobs/python/test_Credit.py s3a://lakehouse/bronze/credits.parquet s3a://lakehouse/sliver/credit. Error code is: 1.
[2024-11-02T11:41:06.045+0000] {taskinstance.py:1398} INFO - Marking task as UP_FOR_RETRY. dag_id=task_credits_clean, task_id=credits_cleaned, execution_date=20241102T113837, start_date=20241102T113839, end_date=20241102T114106
[2024-11-02T11:41:06.062+0000] {standard_task_runner.py:104} ERROR - Failed to execute job 105 for task credits_cleaned (Cannot execute: spark-submit --master spark://master:7077 --conf spark.sql.extensions=io.delta.sql.DeltaSparkSessionExtension --conf spark.sql.catalog.spark_catalog=org.apache.spark.sql.delta.catalog.DeltaCatalog --jars /opt/***/jars/hadoop-aws-3.3.4.jar,/opt/***/jars/s3-2.18.41.jar,/opt/***/jars/aws-java-sdk-1.12.367.jar,/opt/***/jars/delta-core_2.12-2.4.0.jar,/opt/***/jars/delta-storage-2.2.0.jar, --packages org.apache.hadoop:hadoop-aws:3.3.4 --num-executors 2 --total-executor-cores 2 --executor-cores 2 --executor-memory 2g --driver-memory 1g --name arrow-spark --deploy-mode client /opt/***/jobs/python/test_Credit.py s3a://lakehouse/bronze/credits.parquet s3a://lakehouse/sliver/credit. Error code is: 1.; 258)
[2024-11-02T11:41:06.075+0000] {local_task_job_runner.py:228} INFO - Task exited with return code 1
[2024-11-02T11:41:06.088+0000] {taskinstance.py:2776} INFO - 0 downstream tasks scheduled from follow-on schedule check
