[2024-10-25T08:09:37.977+0000] {taskinstance.py:1157} INFO - Dependencies all met for dep_context=non-requeueable deps ti=<TaskInstance: task_credits_clean.credits_cleaned manual__2024-10-25T08:09:36.691585+00:00 [queued]>
[2024-10-25T08:09:37.986+0000] {taskinstance.py:1157} INFO - Dependencies all met for dep_context=requeueable deps ti=<TaskInstance: task_credits_clean.credits_cleaned manual__2024-10-25T08:09:36.691585+00:00 [queued]>
[2024-10-25T08:09:37.987+0000] {taskinstance.py:1359} INFO - Starting attempt 1 of 2
[2024-10-25T08:09:38.000+0000] {taskinstance.py:1380} INFO - Executing <Task(SparkSubmitOperator): credits_cleaned> on 2024-10-25 08:09:36.691585+00:00
[2024-10-25T08:09:38.005+0000] {standard_task_runner.py:57} INFO - Started process 7014 to run task
[2024-10-25T08:09:38.008+0000] {standard_task_runner.py:84} INFO - Running: ['***', 'tasks', 'run', 'task_credits_clean', 'credits_cleaned', 'manual__2024-10-25T08:09:36.691585+00:00', '--job-id', '126', '--raw', '--subdir', 'DAGS_FOLDER/credits_test.py', '--cfg-path', '/tmp/tmptjs2rz1p']
[2024-10-25T08:09:38.011+0000] {standard_task_runner.py:85} INFO - Job 126: Subtask credits_cleaned
[2024-10-25T08:09:38.062+0000] {task_command.py:415} INFO - Running <TaskInstance: task_credits_clean.credits_cleaned manual__2024-10-25T08:09:36.691585+00:00 [running]> on host 84076e7a47fe
[2024-10-25T08:09:38.143+0000] {taskinstance.py:1660} INFO - Exporting env vars: AIRFLOW_CTX_DAG_OWNER='***' AIRFLOW_CTX_DAG_ID='task_credits_clean' AIRFLOW_CTX_TASK_ID='credits_cleaned' AIRFLOW_CTX_EXECUTION_DATE='2024-10-25T08:09:36.691585+00:00' AIRFLOW_CTX_TRY_NUMBER='1' AIRFLOW_CTX_DAG_RUN_ID='manual__2024-10-25T08:09:36.691585+00:00'
[2024-10-25T08:09:38.154+0000] {base.py:73} INFO - Using connection ID 'spark-conn' for task execution.
[2024-10-25T08:09:38.157+0000] {spark_submit.py:403} INFO - Spark-Submit cmd: spark-submit --master spark://spark-master:7077 --conf spark.sql.extensions=io.delta.sql.DeltaSparkSessionExtension --conf spark.sql.catalog.spark_catalog=org.apache.spark.sql.delta.catalog.DeltaCatalog --jars /opt/***/jars/hadoop-aws-3.3.4.jar,/opt/***/jars/s3-2.18.41.jar,/opt/***/jars/aws-java-sdk-1.12.367.jar,/opt/***/jars/delta-core_2.12-2.4.0.jar,/opt/***/jars/delta-storage-2.2.0.jar, --packages org.apache.hadoop:hadoop-aws:3.3.4 --num-executors 2 --total-executor-cores 2 --executor-cores 2 --executor-memory 2g --driver-memory 1g --name arrow-spark --deploy-mode client /opt/***/jobs/python/test_Credit.py s3a://lakehouse/bronze/credits.parquet s3a://lakehouse/sliver/credit
[2024-10-25T08:09:38.261+0000] {spark_submit.py:579} INFO - /home/***/.local/lib/python3.11/site-packages/pyspark/bin/load-spark-env.sh: line 68: ps: command not found
[2024-10-25T08:09:40.194+0000] {spark_submit.py:579} INFO - :: loading settings :: url = jar:file:/home/***/.local/lib/python3.11/site-packages/pyspark/jars/ivy-2.5.1.jar!/org/apache/ivy/core/settings/ivysettings.xml
[2024-10-25T08:09:40.377+0000] {spark_submit.py:579} INFO - Ivy Default Cache set to: /home/***/.ivy2/cache
[2024-10-25T08:09:40.377+0000] {spark_submit.py:579} INFO - The jars for the packages stored in: /home/***/.ivy2/jars
[2024-10-25T08:09:40.383+0000] {spark_submit.py:579} INFO - org.apache.hadoop#hadoop-aws added as a dependency
[2024-10-25T08:09:40.384+0000] {spark_submit.py:579} INFO - :: resolving dependencies :: org.apache.spark#spark-submit-parent-561ad0a8-c480-4311-9687-a12fb271304a;1.0
[2024-10-25T08:09:40.384+0000] {spark_submit.py:579} INFO - confs: [default]
[2024-10-25T08:09:40.556+0000] {spark_submit.py:579} INFO - found org.apache.hadoop#hadoop-aws;3.3.4 in spark-list
[2024-10-25T08:09:40.616+0000] {spark_submit.py:579} INFO - found com.amazonaws#aws-java-sdk-bundle;1.12.262 in central
[2024-10-25T08:09:40.686+0000] {spark_submit.py:579} INFO - found org.wildfly.openssl#wildfly-openssl;1.0.7.Final in spark-list
[2024-10-25T08:09:40.739+0000] {spark_submit.py:579} INFO - :: resolution report :: resolve 346ms :: artifacts dl 10ms
[2024-10-25T08:09:40.740+0000] {spark_submit.py:579} INFO - :: modules in use:
[2024-10-25T08:09:40.741+0000] {spark_submit.py:579} INFO - com.amazonaws#aws-java-sdk-bundle;1.12.262 from central in [default]
[2024-10-25T08:09:40.742+0000] {spark_submit.py:579} INFO - org.apache.hadoop#hadoop-aws;3.3.4 from spark-list in [default]
[2024-10-25T08:09:40.742+0000] {spark_submit.py:579} INFO - org.wildfly.openssl#wildfly-openssl;1.0.7.Final from spark-list in [default]
[2024-10-25T08:09:40.743+0000] {spark_submit.py:579} INFO - ---------------------------------------------------------------------
[2024-10-25T08:09:40.743+0000] {spark_submit.py:579} INFO - |                  |            modules            ||   artifacts   |
[2024-10-25T08:09:40.744+0000] {spark_submit.py:579} INFO - |       conf       | number| search|dwnlded|evicted|| number|dwnlded|
[2024-10-25T08:09:40.745+0000] {spark_submit.py:579} INFO - ---------------------------------------------------------------------
[2024-10-25T08:09:40.746+0000] {spark_submit.py:579} INFO - |      default     |   3   |   0   |   0   |   0   ||   3   |   0   |
[2024-10-25T08:09:40.746+0000] {spark_submit.py:579} INFO - ---------------------------------------------------------------------
[2024-10-25T08:09:40.747+0000] {spark_submit.py:579} INFO - :: retrieving :: org.apache.spark#spark-submit-parent-561ad0a8-c480-4311-9687-a12fb271304a
[2024-10-25T08:09:40.748+0000] {spark_submit.py:579} INFO - confs: [default]
[2024-10-25T08:09:40.755+0000] {spark_submit.py:579} INFO - 0 artifacts copied, 3 already retrieved (0kB/8ms)
[2024-10-25T08:09:41.057+0000] {spark_submit.py:579} INFO - 24/10/25 08:09:41 WARN NativeCodeLoader: Unable to load native-hadoop library for your platform... using builtin-java classes where applicable
[2024-10-25T08:09:42.275+0000] {spark_submit.py:579} INFO - 2024-10-25 08:09:42,274 INFO: Initializing Spark session...
[2024-10-25T08:09:42.429+0000] {spark_submit.py:579} INFO - 24/10/25 08:09:42 INFO SparkContext: Running Spark version 3.4.3
[2024-10-25T08:09:42.458+0000] {spark_submit.py:579} INFO - 24/10/25 08:09:42 INFO ResourceUtils: ==============================================================
[2024-10-25T08:09:42.459+0000] {spark_submit.py:579} INFO - 24/10/25 08:09:42 INFO ResourceUtils: No custom resources configured for spark.driver.
[2024-10-25T08:09:42.459+0000] {spark_submit.py:579} INFO - 24/10/25 08:09:42 INFO ResourceUtils: ==============================================================
[2024-10-25T08:09:42.460+0000] {spark_submit.py:579} INFO - 24/10/25 08:09:42 INFO SparkContext: Submitted application: CleanCredits
[2024-10-25T08:09:42.494+0000] {spark_submit.py:579} INFO - 24/10/25 08:09:42 INFO ResourceProfile: Default ResourceProfile created, executor resources: Map(cores -> name: cores, amount: 2, script: , vendor: , memory -> name: memory, amount: 2048, script: , vendor: , offHeap -> name: offHeap, amount: 0, script: , vendor: ), task resources: Map(cpus -> name: cpus, amount: 1.0)
[2024-10-25T08:09:42.511+0000] {spark_submit.py:579} INFO - 24/10/25 08:09:42 INFO ResourceProfile: Limiting resource is cpus at 2 tasks per executor
[2024-10-25T08:09:42.514+0000] {spark_submit.py:579} INFO - 24/10/25 08:09:42 INFO ResourceProfileManager: Added ResourceProfile id: 0
[2024-10-25T08:09:42.598+0000] {spark_submit.py:579} INFO - 24/10/25 08:09:42 INFO SecurityManager: Changing view acls to: ***
[2024-10-25T08:09:42.599+0000] {spark_submit.py:579} INFO - 24/10/25 08:09:42 INFO SecurityManager: Changing modify acls to: ***
[2024-10-25T08:09:42.600+0000] {spark_submit.py:579} INFO - 24/10/25 08:09:42 INFO SecurityManager: Changing view acls groups to:
[2024-10-25T08:09:42.601+0000] {spark_submit.py:579} INFO - 24/10/25 08:09:42 INFO SecurityManager: Changing modify acls groups to:
[2024-10-25T08:09:42.603+0000] {spark_submit.py:579} INFO - 24/10/25 08:09:42 INFO SecurityManager: SecurityManager: authentication disabled; ui acls disabled; users with view permissions: ***; groups with view permissions: EMPTY; users with modify permissions: ***; groups with modify permissions: EMPTY
[2024-10-25T08:09:42.937+0000] {spark_submit.py:579} INFO - 24/10/25 08:09:42 INFO Utils: Successfully started service 'sparkDriver' on port 45631.
[2024-10-25T08:09:42.972+0000] {spark_submit.py:579} INFO - 24/10/25 08:09:42 INFO SparkEnv: Registering MapOutputTracker
[2024-10-25T08:09:43.009+0000] {spark_submit.py:579} INFO - 24/10/25 08:09:43 INFO SparkEnv: Registering BlockManagerMaster
[2024-10-25T08:09:43.030+0000] {spark_submit.py:579} INFO - 24/10/25 08:09:43 INFO BlockManagerMasterEndpoint: Using org.apache.spark.storage.DefaultTopologyMapper for getting topology information
[2024-10-25T08:09:43.031+0000] {spark_submit.py:579} INFO - 24/10/25 08:09:43 INFO BlockManagerMasterEndpoint: BlockManagerMasterEndpoint up
[2024-10-25T08:09:43.036+0000] {spark_submit.py:579} INFO - 24/10/25 08:09:43 INFO SparkEnv: Registering BlockManagerMasterHeartbeat
[2024-10-25T08:09:43.057+0000] {spark_submit.py:579} INFO - 24/10/25 08:09:43 INFO DiskBlockManager: Created local directory at /tmp/blockmgr-84f90ad2-4bcb-4a11-b694-614e90fcf049
[2024-10-25T08:09:43.075+0000] {spark_submit.py:579} INFO - 24/10/25 08:09:43 INFO MemoryStore: MemoryStore started with capacity 434.4 MiB
[2024-10-25T08:09:43.094+0000] {spark_submit.py:579} INFO - 24/10/25 08:09:43 INFO SparkEnv: Registering OutputCommitCoordinator
[2024-10-25T08:09:43.271+0000] {spark_submit.py:579} INFO - 24/10/25 08:09:43 INFO JettyUtils: Start Jetty 0.0.0.0:4040 for SparkUI
[2024-10-25T08:09:43.371+0000] {spark_submit.py:579} INFO - 24/10/25 08:09:43 INFO Utils: Successfully started service 'SparkUI' on port 4040.
[2024-10-25T08:09:43.427+0000] {spark_submit.py:579} INFO - 24/10/25 08:09:43 INFO SparkContext: Added JAR file:///opt/***/jars/hadoop-aws-3.3.4.jar at spark://84076e7a47fe:45631/jars/hadoop-aws-3.3.4.jar with timestamp 1729843782420
[2024-10-25T08:09:43.429+0000] {spark_submit.py:579} INFO - 24/10/25 08:09:43 INFO SparkContext: Added JAR file:///opt/***/jars/s3-2.18.41.jar at spark://84076e7a47fe:45631/jars/s3-2.18.41.jar with timestamp 1729843782420
[2024-10-25T08:09:43.431+0000] {spark_submit.py:579} INFO - 24/10/25 08:09:43 INFO SparkContext: Added JAR file:///opt/***/jars/aws-java-sdk-1.12.367.jar at spark://84076e7a47fe:45631/jars/aws-java-sdk-1.12.367.jar with timestamp 1729843782420
[2024-10-25T08:09:43.433+0000] {spark_submit.py:579} INFO - 24/10/25 08:09:43 INFO SparkContext: Added JAR file:///opt/***/jars/delta-core_2.12-2.4.0.jar at spark://84076e7a47fe:45631/jars/delta-core_2.12-2.4.0.jar with timestamp 1729843782420
[2024-10-25T08:09:43.435+0000] {spark_submit.py:579} INFO - 24/10/25 08:09:43 INFO SparkContext: Added JAR file:///opt/***/jars/delta-storage-2.2.0.jar at spark://84076e7a47fe:45631/jars/delta-storage-2.2.0.jar with timestamp 1729843782420
[2024-10-25T08:09:43.436+0000] {spark_submit.py:579} INFO - 24/10/25 08:09:43 INFO SparkContext: Added JAR file:///home/***/.ivy2/jars/org.apache.hadoop_hadoop-aws-3.3.4.jar at spark://84076e7a47fe:45631/jars/org.apache.hadoop_hadoop-aws-3.3.4.jar with timestamp 1729843782420
[2024-10-25T08:09:43.437+0000] {spark_submit.py:579} INFO - 24/10/25 08:09:43 INFO SparkContext: Added JAR file:///home/***/.ivy2/jars/com.amazonaws_aws-java-sdk-bundle-1.12.262.jar at spark://84076e7a47fe:45631/jars/com.amazonaws_aws-java-sdk-bundle-1.12.262.jar with timestamp 1729843782420
[2024-10-25T08:09:43.437+0000] {spark_submit.py:579} INFO - 24/10/25 08:09:43 INFO SparkContext: Added JAR file:///home/***/.ivy2/jars/org.wildfly.openssl_wildfly-openssl-1.0.7.Final.jar at spark://84076e7a47fe:45631/jars/org.wildfly.openssl_wildfly-openssl-1.0.7.Final.jar with timestamp 1729843782420
[2024-10-25T08:09:43.440+0000] {spark_submit.py:579} INFO - 24/10/25 08:09:43 INFO SparkContext: Added file file:///home/***/.ivy2/jars/org.apache.hadoop_hadoop-aws-3.3.4.jar at spark://84076e7a47fe:45631/files/org.apache.hadoop_hadoop-aws-3.3.4.jar with timestamp 1729843782420
[2024-10-25T08:09:43.443+0000] {spark_submit.py:579} INFO - 24/10/25 08:09:43 INFO Utils: Copying /home/***/.ivy2/jars/org.apache.hadoop_hadoop-aws-3.3.4.jar to /tmp/spark-6040e9a7-b84b-478e-a5d9-7c6318f6ffc8/userFiles-75f401e5-7c6c-4950-8a63-f0fcc35c98f8/org.apache.hadoop_hadoop-aws-3.3.4.jar
[2024-10-25T08:09:43.457+0000] {spark_submit.py:579} INFO - 24/10/25 08:09:43 INFO SparkContext: Added file file:///home/***/.ivy2/jars/com.amazonaws_aws-java-sdk-bundle-1.12.262.jar at spark://84076e7a47fe:45631/files/com.amazonaws_aws-java-sdk-bundle-1.12.262.jar with timestamp 1729843782420
[2024-10-25T08:09:43.458+0000] {spark_submit.py:579} INFO - 24/10/25 08:09:43 INFO Utils: Copying /home/***/.ivy2/jars/com.amazonaws_aws-java-sdk-bundle-1.12.262.jar to /tmp/spark-6040e9a7-b84b-478e-a5d9-7c6318f6ffc8/userFiles-75f401e5-7c6c-4950-8a63-f0fcc35c98f8/com.amazonaws_aws-java-sdk-bundle-1.12.262.jar
[2024-10-25T08:09:43.818+0000] {spark_submit.py:579} INFO - 24/10/25 08:09:43 INFO SparkContext: Added file file:///home/***/.ivy2/jars/org.wildfly.openssl_wildfly-openssl-1.0.7.Final.jar at spark://84076e7a47fe:45631/files/org.wildfly.openssl_wildfly-openssl-1.0.7.Final.jar with timestamp 1729843782420
[2024-10-25T08:09:43.819+0000] {spark_submit.py:579} INFO - 24/10/25 08:09:43 INFO Utils: Copying /home/***/.ivy2/jars/org.wildfly.openssl_wildfly-openssl-1.0.7.Final.jar to /tmp/spark-6040e9a7-b84b-478e-a5d9-7c6318f6ffc8/userFiles-75f401e5-7c6c-4950-8a63-f0fcc35c98f8/org.wildfly.openssl_wildfly-openssl-1.0.7.Final.jar
[2024-10-25T08:09:43.929+0000] {spark_submit.py:579} INFO - 24/10/25 08:09:43 INFO StandaloneAppClient$ClientEndpoint: Connecting to master spark://spark-master:7077...
[2024-10-25T08:09:43.987+0000] {spark_submit.py:579} INFO - 24/10/25 08:09:43 INFO TransportClientFactory: Successfully created connection to spark-master/172.18.0.7:7077 after 33 ms (0 ms spent in bootstraps)
[2024-10-25T08:09:44.095+0000] {spark_submit.py:579} INFO - 24/10/25 08:09:44 INFO StandaloneSchedulerBackend: Connected to Spark cluster with app ID app-20241025080944-0009
[2024-10-25T08:09:44.097+0000] {spark_submit.py:579} INFO - 24/10/25 08:09:44 INFO StandaloneAppClient$ClientEndpoint: Executor added: app-20241025080944-0009/0 on worker-20241025071036-172.18.0.4-35391 (172.18.0.4:35391) with 2 core(s)
[2024-10-25T08:09:44.101+0000] {spark_submit.py:579} INFO - 24/10/25 08:09:44 INFO StandaloneSchedulerBackend: Granted executor ID app-20241025080944-0009/0 on hostPort 172.18.0.4:35391 with 2 core(s), 2.0 GiB RAM
[2024-10-25T08:09:44.105+0000] {spark_submit.py:579} INFO - 24/10/25 08:09:44 INFO Utils: Successfully started service 'org.apache.spark.network.netty.NettyBlockTransferService' on port 46085.
[2024-10-25T08:09:44.106+0000] {spark_submit.py:579} INFO - 24/10/25 08:09:44 INFO NettyBlockTransferService: Server created on 84076e7a47fe:46085
[2024-10-25T08:09:44.108+0000] {spark_submit.py:579} INFO - 24/10/25 08:09:44 INFO BlockManager: Using org.apache.spark.storage.RandomBlockReplicationPolicy for block replication policy
[2024-10-25T08:09:44.118+0000] {spark_submit.py:579} INFO - 24/10/25 08:09:44 INFO BlockManagerMaster: Registering BlockManager BlockManagerId(driver, 84076e7a47fe, 46085, None)
[2024-10-25T08:09:44.122+0000] {spark_submit.py:579} INFO - 24/10/25 08:09:44 INFO BlockManagerMasterEndpoint: Registering block manager 84076e7a47fe:46085 with 434.4 MiB RAM, BlockManagerId(driver, 84076e7a47fe, 46085, None)
[2024-10-25T08:09:44.125+0000] {spark_submit.py:579} INFO - 24/10/25 08:09:44 INFO BlockManagerMaster: Registered BlockManager BlockManagerId(driver, 84076e7a47fe, 46085, None)
[2024-10-25T08:09:44.127+0000] {spark_submit.py:579} INFO - 24/10/25 08:09:44 INFO BlockManager: Initialized BlockManager: BlockManagerId(driver, 84076e7a47fe, 46085, None)
[2024-10-25T08:09:44.151+0000] {spark_submit.py:579} INFO - 24/10/25 08:09:44 INFO StandaloneAppClient$ClientEndpoint: Executor updated: app-20241025080944-0009/0 is now RUNNING
[2024-10-25T08:09:44.442+0000] {spark_submit.py:579} INFO - 24/10/25 08:09:44 INFO StandaloneSchedulerBackend: SchedulerBackend is ready for scheduling beginning after reached minRegisteredResourcesRatio: 0.0
[2024-10-25T08:09:44.764+0000] {spark_submit.py:579} INFO - 2024-10-25 08:09:44,764 INFO: Spark session initialized successfully.
[2024-10-25T08:09:44.764+0000] {spark_submit.py:579} INFO - 2024-10-25 08:09:44,764 ERROR: Error during cleaning process: cannot access local variable 'StringType' where it is not associated with a value
[2024-10-25T08:09:44.766+0000] {spark_submit.py:579} INFO - 2024-10-25 08:09:44,765 ERROR: Traceback (most recent call last):
[2024-10-25T08:09:44.766+0000] {spark_submit.py:579} INFO - File "/opt/***/jobs/python/test_Credit.py", line 159, in clean_credits
[2024-10-25T08:09:44.767+0000] {spark_submit.py:579} INFO - StructField("id", StringType(), nullable=True),
[2024-10-25T08:09:44.767+0000] {spark_submit.py:579} INFO - ^^^^^^^^^^
[2024-10-25T08:09:44.768+0000] {spark_submit.py:579} INFO - UnboundLocalError: cannot access local variable 'StringType' where it is not associated with a value
[2024-10-25T08:09:44.769+0000] {spark_submit.py:579} INFO - 
[2024-10-25T08:09:44.769+0000] {spark_submit.py:579} INFO - 24/10/25 08:09:44 INFO SparkContext: SparkContext is stopping with exitCode 0.
[2024-10-25T08:09:44.783+0000] {spark_submit.py:579} INFO - 24/10/25 08:09:44 INFO SparkUI: Stopped Spark web UI at http://84076e7a47fe:4040
[2024-10-25T08:09:44.791+0000] {spark_submit.py:579} INFO - 24/10/25 08:09:44 INFO StandaloneSchedulerBackend: Shutting down all executors
[2024-10-25T08:09:44.797+0000] {spark_submit.py:579} INFO - 24/10/25 08:09:44 INFO StandaloneSchedulerBackend$StandaloneDriverEndpoint: Asking each executor to shut down
[2024-10-25T08:09:44.822+0000] {spark_submit.py:579} INFO - 24/10/25 08:09:44 INFO MapOutputTrackerMasterEndpoint: MapOutputTrackerMasterEndpoint stopped!
[2024-10-25T08:09:44.837+0000] {spark_submit.py:579} INFO - 24/10/25 08:09:44 INFO MemoryStore: MemoryStore cleared
[2024-10-25T08:09:44.838+0000] {spark_submit.py:579} INFO - 24/10/25 08:09:44 INFO BlockManager: BlockManager stopped
[2024-10-25T08:09:44.846+0000] {spark_submit.py:579} INFO - 24/10/25 08:09:44 INFO BlockManagerMaster: BlockManagerMaster stopped
[2024-10-25T08:09:44.849+0000] {spark_submit.py:579} INFO - 24/10/25 08:09:44 INFO OutputCommitCoordinator$OutputCommitCoordinatorEndpoint: OutputCommitCoordinator stopped!
[2024-10-25T08:09:44.912+0000] {spark_submit.py:579} INFO - 24/10/25 08:09:44 INFO SparkContext: Successfully stopped SparkContext
[2024-10-25T08:09:44.983+0000] {spark_submit.py:579} INFO - 2024-10-25 08:09:44,983 INFO: Closing down clientserver connection
[2024-10-25T08:09:45.063+0000] {spark_submit.py:579} INFO - 24/10/25 08:09:45 INFO ShutdownHookManager: Shutdown hook called
[2024-10-25T08:09:45.065+0000] {spark_submit.py:579} INFO - 24/10/25 08:09:45 INFO ShutdownHookManager: Deleting directory /tmp/spark-79371644-ea20-410e-a8fd-242f92acffc5
[2024-10-25T08:09:45.070+0000] {spark_submit.py:579} INFO - 24/10/25 08:09:45 INFO ShutdownHookManager: Deleting directory /tmp/spark-6040e9a7-b84b-478e-a5d9-7c6318f6ffc8
[2024-10-25T08:09:45.075+0000] {spark_submit.py:579} INFO - 24/10/25 08:09:45 INFO ShutdownHookManager: Deleting directory /tmp/spark-6040e9a7-b84b-478e-a5d9-7c6318f6ffc8/pyspark-085dc002-d235-4f0c-b0ca-fa54297c266a
[2024-10-25T08:09:45.125+0000] {taskinstance.py:1935} ERROR - Task failed with exception
Traceback (most recent call last):
  File "/home/airflow/.local/lib/python3.11/site-packages/airflow/providers/apache/spark/operators/spark_submit.py", line 174, in execute
    self._hook.submit(self.application)
  File "/home/airflow/.local/lib/python3.11/site-packages/airflow/providers/apache/spark/hooks/spark_submit.py", line 505, in submit
    raise AirflowException(
airflow.exceptions.AirflowException: Cannot execute: spark-submit --master spark://spark-master:7077 --conf spark.sql.extensions=io.delta.sql.DeltaSparkSessionExtension --conf spark.sql.catalog.spark_catalog=org.apache.spark.sql.delta.catalog.DeltaCatalog --jars /opt/***/jars/hadoop-aws-3.3.4.jar,/opt/***/jars/s3-2.18.41.jar,/opt/***/jars/aws-java-sdk-1.12.367.jar,/opt/***/jars/delta-core_2.12-2.4.0.jar,/opt/***/jars/delta-storage-2.2.0.jar, --packages org.apache.hadoop:hadoop-aws:3.3.4 --num-executors 2 --total-executor-cores 2 --executor-cores 2 --executor-memory 2g --driver-memory 1g --name arrow-spark --deploy-mode client /opt/***/jobs/python/test_Credit.py s3a://lakehouse/bronze/credits.parquet s3a://lakehouse/sliver/credit. Error code is: 1.
[2024-10-25T08:09:45.129+0000] {taskinstance.py:1398} INFO - Marking task as UP_FOR_RETRY. dag_id=task_credits_clean, task_id=credits_cleaned, execution_date=20241025T080936, start_date=20241025T080937, end_date=20241025T080945
[2024-10-25T08:09:45.143+0000] {standard_task_runner.py:104} ERROR - Failed to execute job 126 for task credits_cleaned (Cannot execute: spark-submit --master spark://spark-master:7077 --conf spark.sql.extensions=io.delta.sql.DeltaSparkSessionExtension --conf spark.sql.catalog.spark_catalog=org.apache.spark.sql.delta.catalog.DeltaCatalog --jars /opt/***/jars/hadoop-aws-3.3.4.jar,/opt/***/jars/s3-2.18.41.jar,/opt/***/jars/aws-java-sdk-1.12.367.jar,/opt/***/jars/delta-core_2.12-2.4.0.jar,/opt/***/jars/delta-storage-2.2.0.jar, --packages org.apache.hadoop:hadoop-aws:3.3.4 --num-executors 2 --total-executor-cores 2 --executor-cores 2 --executor-memory 2g --driver-memory 1g --name arrow-spark --deploy-mode client /opt/***/jobs/python/test_Credit.py s3a://lakehouse/bronze/credits.parquet s3a://lakehouse/sliver/credit. Error code is: 1.; 7014)
[2024-10-25T08:09:45.164+0000] {local_task_job_runner.py:228} INFO - Task exited with return code 1
[2024-10-25T08:09:45.178+0000] {taskinstance.py:2776} INFO - 0 downstream tasks scheduled from follow-on schedule check
