[2024-12-16T15:16:46.592+0000] {taskinstance.py:1159} INFO - Dependencies all met for dep_context=non-requeueable deps ti=<TaskInstance: All_Layer.clean_rating manual__2024-12-16T15:16:25.961462+00:00 [queued]>
[2024-12-16T15:16:46.615+0000] {taskinstance.py:1159} INFO - Dependencies all met for dep_context=requeueable deps ti=<TaskInstance: All_Layer.clean_rating manual__2024-12-16T15:16:25.961462+00:00 [queued]>
[2024-12-16T15:16:46.617+0000] {taskinstance.py:1361} INFO - Starting attempt 1 of 2
[2024-12-16T15:16:46.642+0000] {taskinstance.py:1382} INFO - Executing <Task(SparkSubmitOperator): clean_rating> on 2024-12-16 15:16:25.961462+00:00
[2024-12-16T15:16:46.656+0000] {standard_task_runner.py:57} INFO - Started process 12121 to run task
[2024-12-16T15:16:46.660+0000] {standard_task_runner.py:84} INFO - Running: ['***', 'tasks', 'run', 'All_Layer', 'clean_rating', 'manual__2024-12-16T15:16:25.961462+00:00', '--job-id', '294', '--raw', '--subdir', 'DAGS_FOLDER/All_Offi.py', '--cfg-path', '/tmp/tmpppxut72a']
[2024-12-16T15:16:46.663+0000] {standard_task_runner.py:85} INFO - Job 294: Subtask clean_rating
[2024-12-16T15:16:46.730+0000] {task_command.py:416} INFO - Running <TaskInstance: All_Layer.clean_rating manual__2024-12-16T15:16:25.961462+00:00 [running]> on host a2b73f6a4b3a
[2024-12-16T15:16:46.861+0000] {taskinstance.py:1662} INFO - Exporting env vars: AIRFLOW_CTX_DAG_OWNER='***' AIRFLOW_CTX_DAG_ID='All_Layer' AIRFLOW_CTX_TASK_ID='clean_rating' AIRFLOW_CTX_EXECUTION_DATE='2024-12-16T15:16:25.961462+00:00' AIRFLOW_CTX_TRY_NUMBER='1' AIRFLOW_CTX_DAG_RUN_ID='manual__2024-12-16T15:16:25.961462+00:00'
[2024-12-16T15:16:46.873+0000] {base.py:73} INFO - Using connection ID 'spark-conn' for task execution.
[2024-12-16T15:16:46.876+0000] {spark_submit.py:403} INFO - Spark-Submit cmd: spark-submit --master spark://spark-master:7077 --conf spark.sql.extensions=io.delta.sql.DeltaSparkSessionExtension --conf spark.sql.catalog.spark_catalog=org.apache.spark.sql.delta.catalog.DeltaCatalog --jars /opt/***/jars/hadoop-aws-3.3.4.jar,/opt/***/jars/s3-2.18.41.jar,/opt/***/jars/aws-java-sdk-1.12.367.jar,/opt/***/jars/delta-core_2.12-2.2.0.jar,/opt/***/jars/delta-storage-2.2.0.jar, --packages org.apache.hadoop:hadoop-aws:3.3.4 --num-executors 2 --total-executor-cores 2 --executor-cores 2 --executor-memory 1g --driver-memory 1g --name arrow-spark --deploy-mode client /opt/***/jobs/python/processing_rating.py s3a://lakehouse/bronze/ratings.parquet s3a://lakehouse/sliver/ratings
[2024-12-16T15:16:47.188+0000] {spark_submit.py:579} INFO - /home/***/.local/lib/python3.9/site-packages/pyspark/bin/load-spark-env.sh: line 68: ps: command not found
[2024-12-16T15:16:52.392+0000] {spark_submit.py:579} INFO - :: loading settings :: url = jar:file:/home/***/.local/lib/python3.9/site-packages/pyspark/jars/ivy-2.5.1.jar!/org/apache/ivy/core/settings/ivysettings.xml
[2024-12-16T15:16:52.891+0000] {spark_submit.py:579} INFO - Ivy Default Cache set to: /home/***/.ivy2/cache
[2024-12-16T15:16:52.894+0000] {spark_submit.py:579} INFO - The jars for the packages stored in: /home/***/.ivy2/jars
[2024-12-16T15:16:52.914+0000] {spark_submit.py:579} INFO - org.apache.hadoop#hadoop-aws added as a dependency
[2024-12-16T15:16:52.926+0000] {spark_submit.py:579} INFO - :: resolving dependencies :: org.apache.spark#spark-submit-parent-2e2cd203-57e2-4fe1-8446-51a35ef8dbdb;1.0
[2024-12-16T15:16:52.927+0000] {spark_submit.py:579} INFO - confs: [default]
[2024-12-16T15:16:53.353+0000] {spark_submit.py:579} INFO - found org.apache.hadoop#hadoop-aws;3.3.4 in spark-list
[2024-12-16T15:16:53.481+0000] {spark_submit.py:579} INFO - found com.amazonaws#aws-java-sdk-bundle;1.12.262 in central
[2024-12-16T15:16:53.647+0000] {spark_submit.py:579} INFO - found org.wildfly.openssl#wildfly-openssl;1.0.7.Final in spark-list
[2024-12-16T15:16:53.724+0000] {spark_submit.py:579} INFO - :: resolution report :: resolve 775ms :: artifacts dl 22ms
[2024-12-16T15:16:53.728+0000] {spark_submit.py:579} INFO - :: modules in use:
[2024-12-16T15:16:53.728+0000] {spark_submit.py:579} INFO - com.amazonaws#aws-java-sdk-bundle;1.12.262 from central in [default]
[2024-12-16T15:16:53.729+0000] {spark_submit.py:579} INFO - org.apache.hadoop#hadoop-aws;3.3.4 from spark-list in [default]
[2024-12-16T15:16:53.730+0000] {spark_submit.py:579} INFO - org.wildfly.openssl#wildfly-openssl;1.0.7.Final from spark-list in [default]
[2024-12-16T15:16:53.737+0000] {spark_submit.py:579} INFO - ---------------------------------------------------------------------
[2024-12-16T15:16:53.738+0000] {spark_submit.py:579} INFO - |                  |            modules            ||   artifacts   |
[2024-12-16T15:16:53.738+0000] {spark_submit.py:579} INFO - |       conf       | number| search|dwnlded|evicted|| number|dwnlded|
[2024-12-16T15:16:53.739+0000] {spark_submit.py:579} INFO - ---------------------------------------------------------------------
[2024-12-16T15:16:53.739+0000] {spark_submit.py:579} INFO - |      default     |   3   |   0   |   0   |   0   ||   3   |   0   |
[2024-12-16T15:16:53.740+0000] {spark_submit.py:579} INFO - ---------------------------------------------------------------------
[2024-12-16T15:16:53.762+0000] {spark_submit.py:579} INFO - :: retrieving :: org.apache.spark#spark-submit-parent-2e2cd203-57e2-4fe1-8446-51a35ef8dbdb
[2024-12-16T15:16:53.763+0000] {spark_submit.py:579} INFO - confs: [default]
[2024-12-16T15:16:53.769+0000] {spark_submit.py:579} INFO - 0 artifacts copied, 3 already retrieved (0kB/7ms)
[2024-12-16T15:16:54.809+0000] {spark_submit.py:579} INFO - 24/12/16 15:16:54 WARN NativeCodeLoader: Unable to load native-hadoop library for your platform... using builtin-java classes where applicable
[2024-12-16T15:16:57.193+0000] {spark_submit.py:579} INFO - 2024-12-16 15:16:57,193 INFO: Initializing Spark session...
[2024-12-16T15:16:57.464+0000] {spark_submit.py:579} INFO - 24/12/16 15:16:57 INFO SparkContext: Running Spark version 3.3.2
[2024-12-16T15:16:57.576+0000] {spark_submit.py:579} INFO - 24/12/16 15:16:57 INFO ResourceUtils: ==============================================================
[2024-12-16T15:16:57.578+0000] {spark_submit.py:579} INFO - 24/12/16 15:16:57 INFO ResourceUtils: No custom resources configured for spark.driver.
[2024-12-16T15:16:57.580+0000] {spark_submit.py:579} INFO - 24/12/16 15:16:57 INFO ResourceUtils: ==============================================================
[2024-12-16T15:16:57.581+0000] {spark_submit.py:579} INFO - 24/12/16 15:16:57 INFO SparkContext: Submitted application: CleanRatings
[2024-12-16T15:16:57.666+0000] {spark_submit.py:579} INFO - 24/12/16 15:16:57 INFO ResourceProfile: Default ResourceProfile created, executor resources: Map(cores -> name: cores, amount: 2, script: , vendor: , memory -> name: memory, amount: 1024, script: , vendor: , offHeap -> name: offHeap, amount: 0, script: , vendor: ), task resources: Map(cpus -> name: cpus, amount: 1.0)
[2024-12-16T15:16:57.692+0000] {spark_submit.py:579} INFO - 24/12/16 15:16:57 INFO ResourceProfile: Limiting resource is cpus at 2 tasks per executor
[2024-12-16T15:16:57.695+0000] {spark_submit.py:579} INFO - 24/12/16 15:16:57 INFO ResourceProfileManager: Added ResourceProfile id: 0
[2024-12-16T15:16:57.850+0000] {spark_submit.py:579} INFO - 24/12/16 15:16:57 INFO SecurityManager: Changing view acls to: ***
[2024-12-16T15:16:57.852+0000] {spark_submit.py:579} INFO - 24/12/16 15:16:57 INFO SecurityManager: Changing modify acls to: ***
[2024-12-16T15:16:57.856+0000] {spark_submit.py:579} INFO - 24/12/16 15:16:57 INFO SecurityManager: Changing view acls groups to:
[2024-12-16T15:16:57.857+0000] {spark_submit.py:579} INFO - 24/12/16 15:16:57 INFO SecurityManager: Changing modify acls groups to:
[2024-12-16T15:16:57.859+0000] {spark_submit.py:579} INFO - 24/12/16 15:16:57 INFO SecurityManager: SecurityManager: authentication disabled; ui acls disabled; users  with view permissions: Set(***); groups with view permissions: Set(); users  with modify permissions: Set(***); groups with modify permissions: Set()
[2024-12-16T15:16:58.878+0000] {spark_submit.py:579} INFO - 24/12/16 15:16:58 INFO Utils: Successfully started service 'sparkDriver' on port 34037.
[2024-12-16T15:16:58.974+0000] {spark_submit.py:579} INFO - 24/12/16 15:16:58 INFO SparkEnv: Registering MapOutputTracker
[2024-12-16T15:16:59.034+0000] {spark_submit.py:579} INFO - 24/12/16 15:16:59 INFO SparkEnv: Registering BlockManagerMaster
[2024-12-16T15:16:59.054+0000] {spark_submit.py:579} INFO - 24/12/16 15:16:59 INFO BlockManagerMasterEndpoint: Using org.apache.spark.storage.DefaultTopologyMapper for getting topology information
[2024-12-16T15:16:59.055+0000] {spark_submit.py:579} INFO - 24/12/16 15:16:59 INFO BlockManagerMasterEndpoint: BlockManagerMasterEndpoint up
[2024-12-16T15:16:59.062+0000] {spark_submit.py:579} INFO - 24/12/16 15:16:59 INFO SparkEnv: Registering BlockManagerMasterHeartbeat
[2024-12-16T15:16:59.107+0000] {spark_submit.py:579} INFO - 24/12/16 15:16:59 INFO DiskBlockManager: Created local directory at /tmp/blockmgr-32f7c481-a28b-49ac-9e9e-55926e849a4d
[2024-12-16T15:16:59.144+0000] {spark_submit.py:579} INFO - 24/12/16 15:16:59 INFO MemoryStore: MemoryStore started with capacity 434.4 MiB
[2024-12-16T15:16:59.169+0000] {spark_submit.py:579} INFO - 24/12/16 15:16:59 INFO SparkEnv: Registering OutputCommitCoordinator
[2024-12-16T15:16:59.564+0000] {spark_submit.py:579} INFO - 24/12/16 15:16:59 WARN Utils: Service 'SparkUI' could not bind on port 4040. Attempting port 4041.
[2024-12-16T15:16:59.565+0000] {spark_submit.py:579} INFO - 24/12/16 15:16:59 WARN Utils: Service 'SparkUI' could not bind on port 4041. Attempting port 4042.
[2024-12-16T15:16:59.599+0000] {spark_submit.py:579} INFO - 24/12/16 15:16:59 INFO Utils: Successfully started service 'SparkUI' on port 4042.
[2024-12-16T15:16:59.763+0000] {spark_submit.py:579} INFO - 24/12/16 15:16:59 INFO SparkContext: Added JAR file:///opt/***/jars/hadoop-aws-3.3.4.jar at spark://a2b73f6a4b3a:34037/jars/hadoop-aws-3.3.4.jar with timestamp 1734362217409
[2024-12-16T15:16:59.765+0000] {spark_submit.py:579} INFO - 24/12/16 15:16:59 INFO SparkContext: Added JAR file:///opt/***/jars/s3-2.18.41.jar at spark://a2b73f6a4b3a:34037/jars/s3-2.18.41.jar with timestamp 1734362217409
[2024-12-16T15:16:59.767+0000] {spark_submit.py:579} INFO - 24/12/16 15:16:59 INFO SparkContext: Added JAR file:///opt/***/jars/aws-java-sdk-1.12.367.jar at spark://a2b73f6a4b3a:34037/jars/aws-java-sdk-1.12.367.jar with timestamp 1734362217409
[2024-12-16T15:16:59.769+0000] {spark_submit.py:579} INFO - 24/12/16 15:16:59 INFO SparkContext: Added JAR file:///opt/***/jars/delta-core_2.12-2.2.0.jar at spark://a2b73f6a4b3a:34037/jars/delta-core_2.12-2.2.0.jar with timestamp 1734362217409
[2024-12-16T15:16:59.772+0000] {spark_submit.py:579} INFO - 24/12/16 15:16:59 INFO SparkContext: Added JAR file:///opt/***/jars/delta-storage-2.2.0.jar at spark://a2b73f6a4b3a:34037/jars/delta-storage-2.2.0.jar with timestamp 1734362217409
[2024-12-16T15:16:59.773+0000] {spark_submit.py:579} INFO - 24/12/16 15:16:59 INFO SparkContext: Added JAR file:///home/***/.ivy2/jars/org.apache.hadoop_hadoop-aws-3.3.4.jar at spark://a2b73f6a4b3a:34037/jars/org.apache.hadoop_hadoop-aws-3.3.4.jar with timestamp 1734362217409
[2024-12-16T15:16:59.773+0000] {spark_submit.py:579} INFO - 24/12/16 15:16:59 INFO SparkContext: Added JAR file:///home/***/.ivy2/jars/com.amazonaws_aws-java-sdk-bundle-1.12.262.jar at spark://a2b73f6a4b3a:34037/jars/com.amazonaws_aws-java-sdk-bundle-1.12.262.jar with timestamp 1734362217409
[2024-12-16T15:16:59.774+0000] {spark_submit.py:579} INFO - 24/12/16 15:16:59 INFO SparkContext: Added JAR file:///home/***/.ivy2/jars/org.wildfly.openssl_wildfly-openssl-1.0.7.Final.jar at spark://a2b73f6a4b3a:34037/jars/org.wildfly.openssl_wildfly-openssl-1.0.7.Final.jar with timestamp 1734362217409
[2024-12-16T15:16:59.776+0000] {spark_submit.py:579} INFO - 24/12/16 15:16:59 INFO SparkContext: Added file file:///home/***/.ivy2/jars/org.apache.hadoop_hadoop-aws-3.3.4.jar at spark://a2b73f6a4b3a:34037/files/org.apache.hadoop_hadoop-aws-3.3.4.jar with timestamp 1734362217409
[2024-12-16T15:16:59.778+0000] {spark_submit.py:579} INFO - 24/12/16 15:16:59 INFO Utils: Copying /home/***/.ivy2/jars/org.apache.hadoop_hadoop-aws-3.3.4.jar to /tmp/spark-53c2f8a3-900b-4202-8638-3acb7e7d3417/userFiles-711f57c8-8e95-4361-beef-168e1d3b6596/org.apache.hadoop_hadoop-aws-3.3.4.jar
[2024-12-16T15:16:59.804+0000] {spark_submit.py:579} INFO - 24/12/16 15:16:59 INFO SparkContext: Added file file:///home/***/.ivy2/jars/com.amazonaws_aws-java-sdk-bundle-1.12.262.jar at spark://a2b73f6a4b3a:34037/files/com.amazonaws_aws-java-sdk-bundle-1.12.262.jar with timestamp 1734362217409
[2024-12-16T15:16:59.806+0000] {spark_submit.py:579} INFO - 24/12/16 15:16:59 INFO Utils: Copying /home/***/.ivy2/jars/com.amazonaws_aws-java-sdk-bundle-1.12.262.jar to /tmp/spark-53c2f8a3-900b-4202-8638-3acb7e7d3417/userFiles-711f57c8-8e95-4361-beef-168e1d3b6596/com.amazonaws_aws-java-sdk-bundle-1.12.262.jar
[2024-12-16T15:17:02.524+0000] {spark_submit.py:579} INFO - 24/12/16 15:17:02 INFO SparkContext: Added file file:///home/***/.ivy2/jars/org.wildfly.openssl_wildfly-openssl-1.0.7.Final.jar at spark://a2b73f6a4b3a:34037/files/org.wildfly.openssl_wildfly-openssl-1.0.7.Final.jar with timestamp 1734362217409
[2024-12-16T15:17:02.525+0000] {spark_submit.py:579} INFO - 24/12/16 15:17:02 INFO Utils: Copying /home/***/.ivy2/jars/org.wildfly.openssl_wildfly-openssl-1.0.7.Final.jar to /tmp/spark-53c2f8a3-900b-4202-8638-3acb7e7d3417/userFiles-711f57c8-8e95-4361-beef-168e1d3b6596/org.wildfly.openssl_wildfly-openssl-1.0.7.Final.jar
[2024-12-16T15:17:02.761+0000] {spark_submit.py:579} INFO - 24/12/16 15:17:02 INFO StandaloneAppClient$ClientEndpoint: Connecting to master spark://spark-master:7077...
[2024-12-16T15:17:02.866+0000] {spark_submit.py:579} INFO - 24/12/16 15:17:02 INFO TransportClientFactory: Successfully created connection to spark-master/172.18.0.5:7077 after 67 ms (0 ms spent in bootstraps)
[2024-12-16T15:17:03.060+0000] {spark_submit.py:579} INFO - 24/12/16 15:17:03 INFO StandaloneSchedulerBackend: Connected to Spark cluster with app ID app-20241216151703-0033
[2024-12-16T15:17:03.078+0000] {spark_submit.py:579} INFO - 24/12/16 15:17:03 INFO Utils: Successfully started service 'org.apache.spark.network.netty.NettyBlockTransferService' on port 42189.
[2024-12-16T15:17:03.079+0000] {spark_submit.py:579} INFO - 24/12/16 15:17:03 INFO NettyBlockTransferService: Server created on a2b73f6a4b3a:42189
[2024-12-16T15:17:03.081+0000] {spark_submit.py:579} INFO - 24/12/16 15:17:03 INFO BlockManager: Using org.apache.spark.storage.RandomBlockReplicationPolicy for block replication policy
[2024-12-16T15:17:03.092+0000] {spark_submit.py:579} INFO - 24/12/16 15:17:03 INFO BlockManagerMaster: Registering BlockManager BlockManagerId(driver, a2b73f6a4b3a, 42189, None)
[2024-12-16T15:17:03.101+0000] {spark_submit.py:579} INFO - 24/12/16 15:17:03 INFO BlockManagerMasterEndpoint: Registering block manager a2b73f6a4b3a:42189 with 434.4 MiB RAM, BlockManagerId(driver, a2b73f6a4b3a, 42189, None)
[2024-12-16T15:17:03.104+0000] {spark_submit.py:579} INFO - 24/12/16 15:17:03 INFO BlockManagerMaster: Registered BlockManager BlockManagerId(driver, a2b73f6a4b3a, 42189, None)
[2024-12-16T15:17:03.105+0000] {spark_submit.py:579} INFO - 24/12/16 15:17:03 INFO BlockManager: Initialized BlockManager: BlockManagerId(driver, a2b73f6a4b3a, 42189, None)
[2024-12-16T15:17:03.546+0000] {spark_submit.py:579} INFO - 24/12/16 15:17:03 INFO StandaloneSchedulerBackend: SchedulerBackend is ready for scheduling beginning after reached minRegisteredResourcesRatio: 0.0
[2024-12-16T15:17:03.966+0000] {spark_submit.py:579} INFO - 2024-12-16 15:17:03,965 INFO: Spark session initialized successfully.
[2024-12-16T15:17:03.969+0000] {spark_submit.py:579} INFO - 2024-12-16 15:17:03,966 INFO: Start cleaning ratings table
[2024-12-16T15:17:03.972+0000] {spark_submit.py:579} INFO - 2024-12-16 15:17:03,966 INFO: Reading data from s3a://lakehouse/bronze/ratings.parquet
[2024-12-16T15:17:04.004+0000] {spark_submit.py:579} INFO - 24/12/16 15:17:04 INFO SharedState: Setting hive.metastore.warehouse.dir ('null') to the value of spark.sql.warehouse.dir.
[2024-12-16T15:17:04.363+0000] {spark_submit.py:579} INFO - 24/12/16 15:17:04 WARN MetricsConfig: Cannot locate configuration: tried hadoop-metrics2-s3a-file-system.properties,hadoop-metrics2.properties
[2024-12-16T15:17:04.418+0000] {spark_submit.py:579} INFO - 24/12/16 15:17:04 INFO MetricsSystemImpl: Scheduled Metric snapshot period at 10 second(s).
[2024-12-16T15:17:04.420+0000] {spark_submit.py:579} INFO - 24/12/16 15:17:04 INFO MetricsSystemImpl: s3a-file-system metrics system started
[2024-12-16T15:17:06.843+0000] {spark_submit.py:579} INFO - 24/12/16 15:17:06 INFO SharedState: Warehouse path is 's3a://lakehouse/'.
[2024-12-16T15:17:09.588+0000] {spark_submit.py:579} INFO - 24/12/16 15:17:09 INFO InMemoryFileIndex: It took 267 ms to list leaf files for 1 paths.
[2024-12-16T15:17:10.813+0000] {spark_submit.py:579} INFO - 24/12/16 15:17:10 INFO SparkContext: Starting job: load at NativeMethodAccessorImpl.java:0
[2024-12-16T15:17:10.862+0000] {spark_submit.py:579} INFO - 24/12/16 15:17:10 INFO DAGScheduler: Got job 0 (load at NativeMethodAccessorImpl.java:0) with 1 output partitions
[2024-12-16T15:17:10.863+0000] {spark_submit.py:579} INFO - 24/12/16 15:17:10 INFO DAGScheduler: Final stage: ResultStage 0 (load at NativeMethodAccessorImpl.java:0)
[2024-12-16T15:17:10.865+0000] {spark_submit.py:579} INFO - 24/12/16 15:17:10 INFO DAGScheduler: Parents of final stage: List()
[2024-12-16T15:17:10.868+0000] {spark_submit.py:579} INFO - 24/12/16 15:17:10 INFO DAGScheduler: Missing parents: List()
[2024-12-16T15:17:10.884+0000] {spark_submit.py:579} INFO - 24/12/16 15:17:10 INFO DAGScheduler: Submitting ResultStage 0 (MapPartitionsRDD[1] at load at NativeMethodAccessorImpl.java:0), which has no missing parents
[2024-12-16T15:17:11.123+0000] {spark_submit.py:579} INFO - 24/12/16 15:17:11 INFO MemoryStore: Block broadcast_0 stored as values in memory (estimated size 106.2 KiB, free 434.3 MiB)
[2024-12-16T15:17:11.198+0000] {spark_submit.py:579} INFO - 24/12/16 15:17:11 INFO MemoryStore: Block broadcast_0_piece0 stored as bytes in memory (estimated size 38.3 KiB, free 434.3 MiB)
[2024-12-16T15:17:11.207+0000] {spark_submit.py:579} INFO - 24/12/16 15:17:11 INFO BlockManagerInfo: Added broadcast_0_piece0 in memory on a2b73f6a4b3a:42189 (size: 38.3 KiB, free: 434.4 MiB)
[2024-12-16T15:17:11.216+0000] {spark_submit.py:579} INFO - 24/12/16 15:17:11 INFO SparkContext: Created broadcast 0 from broadcast at DAGScheduler.scala:1513
[2024-12-16T15:17:11.241+0000] {spark_submit.py:579} INFO - 24/12/16 15:17:11 INFO DAGScheduler: Submitting 1 missing tasks from ResultStage 0 (MapPartitionsRDD[1] at load at NativeMethodAccessorImpl.java:0) (first 15 tasks are for partitions Vector(0))
[2024-12-16T15:17:11.244+0000] {spark_submit.py:579} INFO - 24/12/16 15:17:11 INFO TaskSchedulerImpl: Adding task set 0.0 with 1 tasks resource profile 0
[2024-12-16T15:17:30.508+0000] {spark_submit.py:579} INFO - 24/12/16 15:17:30 WARN TaskSchedulerImpl: Initial job has not accepted any resources; check your cluster UI to ensure that workers are registered and have sufficient resources
[2024-12-16T15:17:41.292+0000] {spark_submit.py:579} INFO - 24/12/16 15:17:41 WARN TaskSchedulerImpl: Initial job has not accepted any resources; check your cluster UI to ensure that workers are registered and have sufficient resources
[2024-12-16T15:17:56.293+0000] {spark_submit.py:579} INFO - 24/12/16 15:17:56 WARN TaskSchedulerImpl: Initial job has not accepted any resources; check your cluster UI to ensure that workers are registered and have sufficient resources
[2024-12-16T15:18:11.524+0000] {spark_submit.py:579} INFO - 24/12/16 15:18:11 WARN TaskSchedulerImpl: Initial job has not accepted any resources; check your cluster UI to ensure that workers are registered and have sufficient resources
[2024-12-16T15:18:26.300+0000] {spark_submit.py:579} INFO - 24/12/16 15:18:26 WARN TaskSchedulerImpl: Initial job has not accepted any resources; check your cluster UI to ensure that workers are registered and have sufficient resources
[2024-12-16T15:18:41.291+0000] {spark_submit.py:579} INFO - 24/12/16 15:18:41 WARN TaskSchedulerImpl: Initial job has not accepted any resources; check your cluster UI to ensure that workers are registered and have sufficient resources
[2024-12-16T15:18:56.298+0000] {spark_submit.py:579} INFO - 24/12/16 15:18:56 WARN TaskSchedulerImpl: Initial job has not accepted any resources; check your cluster UI to ensure that workers are registered and have sufficient resources
[2024-12-16T15:19:03.887+0000] {spark_submit.py:579} INFO - 24/12/16 15:19:03 INFO StandaloneAppClient$ClientEndpoint: Executor added: app-20241216151703-0033/0 on worker-20241216141212-172.18.0.9-45515 (172.18.0.9:45515) with 2 core(s)
[2024-12-16T15:19:03.906+0000] {spark_submit.py:579} INFO - 24/12/16 15:19:03 INFO StandaloneSchedulerBackend: Granted executor ID app-20241216151703-0033/0 on hostPort 172.18.0.9:45515 with 2 core(s), 1024.0 MiB RAM
[2024-12-16T15:19:04.187+0000] {spark_submit.py:579} INFO - 24/12/16 15:19:04 INFO StandaloneAppClient$ClientEndpoint: Executor updated: app-20241216151703-0033/0 is now RUNNING
[2024-12-16T15:19:06.494+0000] {spark_submit.py:579} INFO - 24/12/16 15:19:06 INFO CoarseGrainedSchedulerBackend$DriverEndpoint: Registered executor NettyRpcEndpointRef(spark-client://Executor) (172.18.0.9:56474) with ID 0,  ResourceProfileId 0
[2024-12-16T15:19:06.561+0000] {spark_submit.py:579} INFO - 24/12/16 15:19:06 INFO BlockManagerMasterEndpoint: Registering block manager 172.18.0.9:34533 with 434.4 MiB RAM, BlockManagerId(0, 172.18.0.9, 34533, None)
[2024-12-16T15:19:08.580+0000] {spark_submit.py:579} INFO - 24/12/16 15:19:08 INFO TaskSetManager: Starting task 0.0 in stage 0.0 (TID 0) (172.18.0.9, executor 0, partition 0, PROCESS_LOCAL, 4590 bytes) taskResourceAssignments Map()
[2024-12-16T15:19:08.794+0000] {spark_submit.py:579} INFO - 24/12/16 15:19:08 INFO BlockManagerInfo: Added broadcast_0_piece0 in memory on 172.18.0.9:34533 (size: 38.3 KiB, free: 434.4 MiB)
[2024-12-16T15:19:10.104+0000] {spark_submit.py:579} INFO - 24/12/16 15:19:10 INFO TaskSetManager: Finished task 0.0 in stage 0.0 (TID 0) in 1542 ms on 172.18.0.9 (executor 0) (1/1)
[2024-12-16T15:19:10.107+0000] {spark_submit.py:579} INFO - 24/12/16 15:19:10 INFO TaskSchedulerImpl: Removed TaskSet 0.0, whose tasks have all completed, from pool
[2024-12-16T15:19:10.113+0000] {spark_submit.py:579} INFO - 24/12/16 15:19:10 INFO DAGScheduler: ResultStage 0 (load at NativeMethodAccessorImpl.java:0) finished in 119.169 s
[2024-12-16T15:19:10.116+0000] {spark_submit.py:579} INFO - 24/12/16 15:19:10 INFO DAGScheduler: Job 0 is finished. Cancelling potential speculative or zombie tasks for this job
[2024-12-16T15:19:10.116+0000] {spark_submit.py:579} INFO - 24/12/16 15:19:10 INFO TaskSchedulerImpl: Killing all running tasks in stage 0: Stage finished
[2024-12-16T15:19:10.119+0000] {spark_submit.py:579} INFO - 24/12/16 15:19:10 INFO DAGScheduler: Job 0 finished: load at NativeMethodAccessorImpl.java:0, took 119.292898 s
[2024-12-16T15:19:10.758+0000] {spark_submit.py:579} INFO - 24/12/16 15:19:10 INFO BlockManagerInfo: Removed broadcast_0_piece0 on a2b73f6a4b3a:42189 in memory (size: 38.3 KiB, free: 434.4 MiB)
[2024-12-16T15:19:10.762+0000] {spark_submit.py:579} INFO - 24/12/16 15:19:10 INFO BlockManagerInfo: Removed broadcast_0_piece0 on 172.18.0.9:34533 in memory (size: 38.3 KiB, free: 434.4 MiB)
[2024-12-16T15:19:11.606+0000] {spark_submit.py:579} INFO - 24/12/16 15:19:11 INFO FileSourceStrategy: Pushed Filters:
[2024-12-16T15:19:11.607+0000] {spark_submit.py:579} INFO - 24/12/16 15:19:11 INFO FileSourceStrategy: Post-Scan Filters:
[2024-12-16T15:19:11.609+0000] {spark_submit.py:579} INFO - 24/12/16 15:19:11 INFO FileSourceStrategy: Output Data Schema: struct<userId: bigint, movieId: bigint, rating: double, timestamp: bigint ... 2 more fields>
[2024-12-16T15:19:11.817+0000] {spark_submit.py:579} INFO - 24/12/16 15:19:11 INFO CodeGenerator: Code generated in 116.507307 ms
[2024-12-16T15:19:11.850+0000] {spark_submit.py:579} INFO - 24/12/16 15:19:11 INFO MemoryStore: Block broadcast_1 stored as values in memory (estimated size 206.4 KiB, free 434.2 MiB)
[2024-12-16T15:19:11.858+0000] {spark_submit.py:579} INFO - 24/12/16 15:19:11 INFO MemoryStore: Block broadcast_1_piece0 stored as bytes in memory (estimated size 36.3 KiB, free 434.2 MiB)
[2024-12-16T15:19:11.859+0000] {spark_submit.py:579} INFO - 24/12/16 15:19:11 INFO BlockManagerInfo: Added broadcast_1_piece0 in memory on a2b73f6a4b3a:42189 (size: 36.3 KiB, free: 434.4 MiB)
[2024-12-16T15:19:11.860+0000] {spark_submit.py:579} INFO - 24/12/16 15:19:11 INFO SparkContext: Created broadcast 1 from javaToPython at NativeMethodAccessorImpl.java:0
[2024-12-16T15:19:11.870+0000] {spark_submit.py:579} INFO - 24/12/16 15:19:11 INFO FileSourceScanExec: Planning scan with bin packing, max size: 4194304 bytes, open cost is considered as scanning 4194304 bytes.
[2024-12-16T15:19:12.343+0000] {spark_submit.py:579} INFO - 2024-12-16 15:19:12,342 INFO: Dropping rows with null values
[2024-12-16T15:19:12.648+0000] {spark_submit.py:579} INFO - 24/12/16 15:19:12 INFO CodeGenerator: Code generated in 27.857067 ms
[2024-12-16T15:19:12.675+0000] {spark_submit.py:579} INFO - 24/12/16 15:19:12 INFO DAGScheduler: Registering RDD 13 (count at NativeMethodAccessorImpl.java:0) as input to shuffle 0
[2024-12-16T15:19:12.680+0000] {spark_submit.py:579} INFO - 24/12/16 15:19:12 INFO DAGScheduler: Got map stage job 1 (count at NativeMethodAccessorImpl.java:0) with 1 output partitions
[2024-12-16T15:19:12.680+0000] {spark_submit.py:579} INFO - 24/12/16 15:19:12 INFO DAGScheduler: Final stage: ShuffleMapStage 1 (count at NativeMethodAccessorImpl.java:0)
[2024-12-16T15:19:12.681+0000] {spark_submit.py:579} INFO - 24/12/16 15:19:12 INFO DAGScheduler: Parents of final stage: List()
[2024-12-16T15:19:12.681+0000] {spark_submit.py:579} INFO - 24/12/16 15:19:12 INFO DAGScheduler: Missing parents: List()
[2024-12-16T15:19:12.684+0000] {spark_submit.py:579} INFO - 24/12/16 15:19:12 INFO DAGScheduler: Submitting ShuffleMapStage 1 (MapPartitionsRDD[13] at count at NativeMethodAccessorImpl.java:0), which has no missing parents
[2024-12-16T15:19:12.745+0000] {spark_submit.py:579} INFO - 24/12/16 15:19:12 INFO MemoryStore: Block broadcast_2 stored as values in memory (estimated size 37.5 KiB, free 434.1 MiB)
[2024-12-16T15:19:12.746+0000] {spark_submit.py:579} INFO - 24/12/16 15:19:12 INFO MemoryStore: Block broadcast_2_piece0 stored as bytes in memory (estimated size 16.1 KiB, free 434.1 MiB)
[2024-12-16T15:19:12.747+0000] {spark_submit.py:579} INFO - 24/12/16 15:19:12 INFO BlockManagerInfo: Added broadcast_2_piece0 in memory on a2b73f6a4b3a:42189 (size: 16.1 KiB, free: 434.3 MiB)
[2024-12-16T15:19:12.748+0000] {spark_submit.py:579} INFO - 24/12/16 15:19:12 INFO SparkContext: Created broadcast 2 from broadcast at DAGScheduler.scala:1513
[2024-12-16T15:19:12.750+0000] {spark_submit.py:579} INFO - 24/12/16 15:19:12 INFO DAGScheduler: Submitting 1 missing tasks from ShuffleMapStage 1 (MapPartitionsRDD[13] at count at NativeMethodAccessorImpl.java:0) (first 15 tasks are for partitions Vector(0))
[2024-12-16T15:19:12.751+0000] {spark_submit.py:579} INFO - 24/12/16 15:19:12 INFO TaskSchedulerImpl: Adding task set 1.0 with 1 tasks resource profile 0
[2024-12-16T15:19:12.755+0000] {spark_submit.py:579} INFO - 24/12/16 15:19:12 INFO TaskSetManager: Starting task 0.0 in stage 1.0 (TID 1) (172.18.0.9, executor 0, partition 0, PROCESS_LOCAL, 4902 bytes) taskResourceAssignments Map()
[2024-12-16T15:19:12.791+0000] {spark_submit.py:579} INFO - 24/12/16 15:19:12 INFO BlockManagerInfo: Added broadcast_2_piece0 in memory on 172.18.0.9:34533 (size: 16.1 KiB, free: 434.4 MiB)
[2024-12-16T15:19:13.719+0000] {spark_submit.py:579} INFO - 24/12/16 15:19:13 INFO BlockManagerInfo: Added broadcast_1_piece0 in memory on 172.18.0.9:34533 (size: 36.3 KiB, free: 434.3 MiB)
[2024-12-16T15:19:14.572+0000] {spark_submit.py:579} INFO - 24/12/16 15:19:14 INFO TaskSetManager: Finished task 0.0 in stage 1.0 (TID 1) in 1819 ms on 172.18.0.9 (executor 0) (1/1)
[2024-12-16T15:19:14.572+0000] {spark_submit.py:579} INFO - 24/12/16 15:19:14 INFO TaskSchedulerImpl: Removed TaskSet 1.0, whose tasks have all completed, from pool
[2024-12-16T15:19:14.573+0000] {spark_submit.py:579} INFO - 24/12/16 15:19:14 INFO PythonAccumulatorV2: Connected to AccumulatorServer at host: 127.0.0.1 port: 37755
[2024-12-16T15:19:14.577+0000] {spark_submit.py:579} INFO - 24/12/16 15:19:14 INFO DAGScheduler: ShuffleMapStage 1 (count at NativeMethodAccessorImpl.java:0) finished in 1.887 s
[2024-12-16T15:19:14.577+0000] {spark_submit.py:579} INFO - 24/12/16 15:19:14 INFO DAGScheduler: looking for newly runnable stages
[2024-12-16T15:19:14.578+0000] {spark_submit.py:579} INFO - 24/12/16 15:19:14 INFO DAGScheduler: running: Set()
[2024-12-16T15:19:14.579+0000] {spark_submit.py:579} INFO - 24/12/16 15:19:14 INFO DAGScheduler: waiting: Set()
[2024-12-16T15:19:14.579+0000] {spark_submit.py:579} INFO - 24/12/16 15:19:14 INFO DAGScheduler: failed: Set()
[2024-12-16T15:19:14.656+0000] {spark_submit.py:579} INFO - 24/12/16 15:19:14 INFO CodeGenerator: Code generated in 13.103531 ms
[2024-12-16T15:19:14.678+0000] {spark_submit.py:579} INFO - 24/12/16 15:19:14 INFO SparkContext: Starting job: count at NativeMethodAccessorImpl.java:0
[2024-12-16T15:19:14.681+0000] {spark_submit.py:579} INFO - 24/12/16 15:19:14 INFO DAGScheduler: Got job 2 (count at NativeMethodAccessorImpl.java:0) with 1 output partitions
[2024-12-16T15:19:14.682+0000] {spark_submit.py:579} INFO - 24/12/16 15:19:14 INFO DAGScheduler: Final stage: ResultStage 3 (count at NativeMethodAccessorImpl.java:0)
[2024-12-16T15:19:14.682+0000] {spark_submit.py:579} INFO - 24/12/16 15:19:14 INFO DAGScheduler: Parents of final stage: List(ShuffleMapStage 2)
[2024-12-16T15:19:14.683+0000] {spark_submit.py:579} INFO - 24/12/16 15:19:14 INFO DAGScheduler: Missing parents: List()
[2024-12-16T15:19:14.683+0000] {spark_submit.py:579} INFO - 24/12/16 15:19:14 INFO DAGScheduler: Submitting ResultStage 3 (MapPartitionsRDD[16] at count at NativeMethodAccessorImpl.java:0), which has no missing parents
[2024-12-16T15:19:14.693+0000] {spark_submit.py:579} INFO - 24/12/16 15:19:14 INFO MemoryStore: Block broadcast_3 stored as values in memory (estimated size 13.7 KiB, free 434.1 MiB)
[2024-12-16T15:19:14.714+0000] {spark_submit.py:579} INFO - 24/12/16 15:19:14 INFO MemoryStore: Block broadcast_3_piece0 stored as bytes in memory (estimated size 6.1 KiB, free 434.1 MiB)
[2024-12-16T15:19:14.716+0000] {spark_submit.py:579} INFO - 24/12/16 15:19:14 INFO BlockManagerInfo: Added broadcast_3_piece0 in memory on a2b73f6a4b3a:42189 (size: 6.1 KiB, free: 434.3 MiB)
[2024-12-16T15:19:14.719+0000] {spark_submit.py:579} INFO - 24/12/16 15:19:14 INFO BlockManagerInfo: Removed broadcast_2_piece0 on a2b73f6a4b3a:42189 in memory (size: 16.1 KiB, free: 434.4 MiB)
[2024-12-16T15:19:14.720+0000] {spark_submit.py:579} INFO - 24/12/16 15:19:14 INFO BlockManagerInfo: Removed broadcast_2_piece0 on 172.18.0.9:34533 in memory (size: 16.1 KiB, free: 434.4 MiB)
[2024-12-16T15:19:14.723+0000] {spark_submit.py:579} INFO - 24/12/16 15:19:14 INFO SparkContext: Created broadcast 3 from broadcast at DAGScheduler.scala:1513
[2024-12-16T15:19:14.724+0000] {spark_submit.py:579} INFO - 24/12/16 15:19:14 INFO DAGScheduler: Submitting 1 missing tasks from ResultStage 3 (MapPartitionsRDD[16] at count at NativeMethodAccessorImpl.java:0) (first 15 tasks are for partitions Vector(0))
[2024-12-16T15:19:14.724+0000] {spark_submit.py:579} INFO - 24/12/16 15:19:14 INFO TaskSchedulerImpl: Adding task set 3.0 with 1 tasks resource profile 0
[2024-12-16T15:19:14.731+0000] {spark_submit.py:579} INFO - 24/12/16 15:19:14 INFO TaskSetManager: Starting task 0.0 in stage 3.0 (TID 2) (172.18.0.9, executor 0, partition 0, NODE_LOCAL, 4457 bytes) taskResourceAssignments Map()
[2024-12-16T15:19:14.777+0000] {spark_submit.py:579} INFO - 24/12/16 15:19:14 INFO BlockManagerInfo: Added broadcast_3_piece0 in memory on 172.18.0.9:34533 (size: 6.1 KiB, free: 434.4 MiB)
[2024-12-16T15:19:14.799+0000] {spark_submit.py:579} INFO - 24/12/16 15:19:14 INFO MapOutputTrackerMasterEndpoint: Asked to send map output locations for shuffle 0 to 172.18.0.9:56474
[2024-12-16T15:19:14.970+0000] {spark_submit.py:579} INFO - 24/12/16 15:19:14 INFO TaskSetManager: Finished task 0.0 in stage 3.0 (TID 2) in 241 ms on 172.18.0.9 (executor 0) (1/1)
[2024-12-16T15:19:14.971+0000] {spark_submit.py:579} INFO - 24/12/16 15:19:14 INFO TaskSchedulerImpl: Removed TaskSet 3.0, whose tasks have all completed, from pool
[2024-12-16T15:19:14.972+0000] {spark_submit.py:579} INFO - 24/12/16 15:19:14 INFO DAGScheduler: ResultStage 3 (count at NativeMethodAccessorImpl.java:0) finished in 0.280 s
[2024-12-16T15:19:14.972+0000] {spark_submit.py:579} INFO - 24/12/16 15:19:14 INFO DAGScheduler: Job 2 is finished. Cancelling potential speculative or zombie tasks for this job
[2024-12-16T15:19:14.973+0000] {spark_submit.py:579} INFO - 24/12/16 15:19:14 INFO TaskSchedulerImpl: Killing all running tasks in stage 3: Stage finished
[2024-12-16T15:19:14.973+0000] {spark_submit.py:579} INFO - 24/12/16 15:19:14 INFO DAGScheduler: Job 2 finished: count at NativeMethodAccessorImpl.java:0, took 0.294234 s
[2024-12-16T15:19:14.978+0000] {spark_submit.py:579} INFO - 2024-12-16 15:19:14,978 INFO: Row count after cleaning: 50000
[2024-12-16T15:19:14.979+0000] {spark_submit.py:579} INFO - 2024-12-16 15:19:14,978 INFO: Saving cleaned data to s3a://lakehouse/sliver/ratings
[2024-12-16T15:19:15.249+0000] {spark_submit.py:579} INFO - 24/12/16 15:19:15 INFO DeltaLog: Creating initial snapshot without metadata, because the directory is empty
[2024-12-16T15:19:15.414+0000] {spark_submit.py:579} INFO - 24/12/16 15:19:15 INFO InitialSnapshot: [tableId=abe06ce9-3d16-4f90-b2fb-702f66ff20e6] Created snapshot InitialSnapshot(path=s3a://lakehouse/sliver/ratings/_delta_log, version=-1, metadata=Metadata(a8e0516b-56a7-4a7b-8ae9-3e6c1c9e4839,null,null,Format(parquet,Map()),null,List(),Map(),Some(1734362355406)), logSegment=LogSegment(s3a://lakehouse/sliver/ratings/_delta_log,-1,List(),List(),None,-1), checksumOpt=None)
[2024-12-16T15:19:15.507+0000] {spark_submit.py:579} INFO - 24/12/16 15:19:15 INFO DeltaLog: No delta log found for the Delta table at s3a://lakehouse/sliver/ratings/_delta_log
[2024-12-16T15:19:15.507+0000] {spark_submit.py:579} INFO - 24/12/16 15:19:15 INFO InitialSnapshot: [tableId=a8e0516b-56a7-4a7b-8ae9-3e6c1c9e4839] Created snapshot InitialSnapshot(path=s3a://lakehouse/sliver/ratings/_delta_log, version=-1, metadata=Metadata(b89a8278-e193-446b-b46f-71192bdd99c7,null,null,Format(parquet,Map()),null,List(),Map(),Some(1734362355507)), logSegment=LogSegment(s3a://lakehouse/sliver/ratings/_delta_log,-1,List(),List(),None,-1), checksumOpt=None)
[2024-12-16T15:19:15.531+0000] {spark_submit.py:579} INFO - 24/12/16 15:19:15 INFO OptimisticTransaction: [tableId=b89a8278,txnId=625540c6] Updated metadata from - to Metadata(11fa9f40-71a7-4c6a-a729-20152f41750f,null,null,Format(parquet,Map()),{"type":"struct","fields":[{"name":"userId","type":"integer","nullable":true,"metadata":{}},{"name":"movieId","type":"integer","nullable":true,"metadata":{}},{"name":"rating","type":"float","nullable":true,"metadata":{}},{"name":"timestamp","type":"integer","nullable":true,"metadata":{}}]},List(),Map(),Some(1734362355523))
[2024-12-16T15:19:15.558+0000] {spark_submit.py:579} INFO - 24/12/16 15:19:15 INFO BlockManagerInfo: Removed broadcast_3_piece0 on a2b73f6a4b3a:42189 in memory (size: 6.1 KiB, free: 434.4 MiB)
[2024-12-16T15:19:15.561+0000] {spark_submit.py:579} INFO - 24/12/16 15:19:15 INFO BlockManagerInfo: Removed broadcast_3_piece0 on 172.18.0.9:34533 in memory (size: 6.1 KiB, free: 434.4 MiB)
[2024-12-16T15:19:15.782+0000] {spark_submit.py:579} INFO - 24/12/16 15:19:15 INFO DeltaParquetFileFormat: Using default output committer for Parquet: org.apache.parquet.hadoop.ParquetOutputCommitter
[2024-12-16T15:19:15.808+0000] {spark_submit.py:579} INFO - 24/12/16 15:19:15 INFO CodeGenerator: Code generated in 8.768863 ms
[2024-12-16T15:19:15.814+0000] {spark_submit.py:579} INFO - 24/12/16 15:19:15 INFO DAGScheduler: Registering RDD 18 (save at NativeMethodAccessorImpl.java:0) as input to shuffle 1
[2024-12-16T15:19:15.815+0000] {spark_submit.py:579} INFO - 24/12/16 15:19:15 INFO DAGScheduler: Got map stage job 3 (save at NativeMethodAccessorImpl.java:0) with 1 output partitions
[2024-12-16T15:19:15.816+0000] {spark_submit.py:579} INFO - 24/12/16 15:19:15 INFO DAGScheduler: Final stage: ShuffleMapStage 4 (save at NativeMethodAccessorImpl.java:0)
[2024-12-16T15:19:15.817+0000] {spark_submit.py:579} INFO - 24/12/16 15:19:15 INFO DAGScheduler: Parents of final stage: List()
[2024-12-16T15:19:15.817+0000] {spark_submit.py:579} INFO - 24/12/16 15:19:15 INFO DAGScheduler: Missing parents: List()
[2024-12-16T15:19:15.818+0000] {spark_submit.py:579} INFO - 24/12/16 15:19:15 INFO DAGScheduler: Submitting ShuffleMapStage 4 (MapPartitionsRDD[18] at save at NativeMethodAccessorImpl.java:0), which has no missing parents
[2024-12-16T15:19:15.822+0000] {spark_submit.py:579} INFO - 24/12/16 15:19:15 INFO MemoryStore: Block broadcast_4 stored as values in memory (estimated size 37.5 KiB, free 434.1 MiB)
[2024-12-16T15:19:15.833+0000] {spark_submit.py:579} INFO - 24/12/16 15:19:15 INFO MemoryStore: Block broadcast_4_piece0 stored as bytes in memory (estimated size 16.1 KiB, free 434.1 MiB)
[2024-12-16T15:19:15.835+0000] {spark_submit.py:579} INFO - 24/12/16 15:19:15 INFO BlockManagerInfo: Added broadcast_4_piece0 in memory on a2b73f6a4b3a:42189 (size: 16.1 KiB, free: 434.3 MiB)
[2024-12-16T15:19:15.836+0000] {spark_submit.py:579} INFO - 24/12/16 15:19:15 INFO SparkContext: Created broadcast 4 from broadcast at DAGScheduler.scala:1513
[2024-12-16T15:19:15.836+0000] {spark_submit.py:579} INFO - 24/12/16 15:19:15 INFO DAGScheduler: Submitting 1 missing tasks from ShuffleMapStage 4 (MapPartitionsRDD[18] at save at NativeMethodAccessorImpl.java:0) (first 15 tasks are for partitions Vector(0))
[2024-12-16T15:19:15.837+0000] {spark_submit.py:579} INFO - 24/12/16 15:19:15 INFO TaskSchedulerImpl: Adding task set 4.0 with 1 tasks resource profile 0
[2024-12-16T15:19:15.838+0000] {spark_submit.py:579} INFO - 24/12/16 15:19:15 INFO TaskSetManager: Starting task 0.0 in stage 4.0 (TID 3) (172.18.0.9, executor 0, partition 0, PROCESS_LOCAL, 4902 bytes) taskResourceAssignments Map()
[2024-12-16T15:19:15.859+0000] {spark_submit.py:579} INFO - 24/12/16 15:19:15 INFO BlockManagerInfo: Added broadcast_4_piece0 in memory on 172.18.0.9:34533 (size: 16.1 KiB, free: 434.3 MiB)
[2024-12-16T15:19:16.453+0000] {spark_submit.py:579} INFO - 24/12/16 15:19:16 INFO TaskSetManager: Finished task 0.0 in stage 4.0 (TID 3) in 614 ms on 172.18.0.9 (executor 0) (1/1)
[2024-12-16T15:19:16.453+0000] {spark_submit.py:579} INFO - 24/12/16 15:19:16 INFO TaskSchedulerImpl: Removed TaskSet 4.0, whose tasks have all completed, from pool
[2024-12-16T15:19:16.454+0000] {spark_submit.py:579} INFO - 24/12/16 15:19:16 INFO DAGScheduler: ShuffleMapStage 4 (save at NativeMethodAccessorImpl.java:0) finished in 0.636 s
[2024-12-16T15:19:16.455+0000] {spark_submit.py:579} INFO - 24/12/16 15:19:16 INFO DAGScheduler: looking for newly runnable stages
[2024-12-16T15:19:16.455+0000] {spark_submit.py:579} INFO - 24/12/16 15:19:16 INFO DAGScheduler: running: Set()
[2024-12-16T15:19:16.455+0000] {spark_submit.py:579} INFO - 24/12/16 15:19:16 INFO DAGScheduler: waiting: Set()
[2024-12-16T15:19:16.456+0000] {spark_submit.py:579} INFO - 24/12/16 15:19:16 INFO DAGScheduler: failed: Set()
[2024-12-16T15:19:16.479+0000] {spark_submit.py:579} INFO - 24/12/16 15:19:16 INFO CodeGenerator: Code generated in 12.567188 ms
[2024-12-16T15:19:16.550+0000] {spark_submit.py:579} INFO - 24/12/16 15:19:16 INFO SparkContext: Starting job: save at NativeMethodAccessorImpl.java:0
[2024-12-16T15:19:16.552+0000] {spark_submit.py:579} INFO - 24/12/16 15:19:16 INFO DAGScheduler: Got job 4 (save at NativeMethodAccessorImpl.java:0) with 1 output partitions
[2024-12-16T15:19:16.553+0000] {spark_submit.py:579} INFO - 24/12/16 15:19:16 INFO DAGScheduler: Final stage: ResultStage 6 (save at NativeMethodAccessorImpl.java:0)
[2024-12-16T15:19:16.553+0000] {spark_submit.py:579} INFO - 24/12/16 15:19:16 INFO DAGScheduler: Parents of final stage: List(ShuffleMapStage 5)
[2024-12-16T15:19:16.554+0000] {spark_submit.py:579} INFO - 24/12/16 15:19:16 INFO DAGScheduler: Missing parents: List()
[2024-12-16T15:19:16.555+0000] {spark_submit.py:579} INFO - 24/12/16 15:19:16 INFO DAGScheduler: Submitting ResultStage 6 (MapPartitionsRDD[20] at save at NativeMethodAccessorImpl.java:0), which has no missing parents
[2024-12-16T15:19:16.586+0000] {spark_submit.py:579} INFO - 24/12/16 15:19:16 INFO BlockManagerInfo: Removed broadcast_4_piece0 on 172.18.0.9:34533 in memory (size: 16.1 KiB, free: 434.4 MiB)
[2024-12-16T15:19:16.587+0000] {spark_submit.py:579} INFO - 24/12/16 15:19:16 INFO MemoryStore: Block broadcast_5 stored as values in memory (estimated size 334.7 KiB, free 433.8 MiB)
[2024-12-16T15:19:16.590+0000] {spark_submit.py:579} INFO - 24/12/16 15:19:16 INFO MemoryStore: Block broadcast_5_piece0 stored as bytes in memory (estimated size 120.8 KiB, free 433.7 MiB)
[2024-12-16T15:19:16.592+0000] {spark_submit.py:579} INFO - 24/12/16 15:19:16 INFO BlockManagerInfo: Added broadcast_5_piece0 in memory on a2b73f6a4b3a:42189 (size: 120.8 KiB, free: 434.2 MiB)
[2024-12-16T15:19:16.593+0000] {spark_submit.py:579} INFO - 24/12/16 15:19:16 INFO BlockManagerInfo: Removed broadcast_4_piece0 on a2b73f6a4b3a:42189 in memory (size: 16.1 KiB, free: 434.2 MiB)
[2024-12-16T15:19:16.594+0000] {spark_submit.py:579} INFO - 24/12/16 15:19:16 INFO SparkContext: Created broadcast 5 from broadcast at DAGScheduler.scala:1513
[2024-12-16T15:19:16.595+0000] {spark_submit.py:579} INFO - 24/12/16 15:19:16 INFO DAGScheduler: Submitting 1 missing tasks from ResultStage 6 (MapPartitionsRDD[20] at save at NativeMethodAccessorImpl.java:0) (first 15 tasks are for partitions Vector(0))
[2024-12-16T15:19:16.595+0000] {spark_submit.py:579} INFO - 24/12/16 15:19:16 INFO TaskSchedulerImpl: Adding task set 6.0 with 1 tasks resource profile 0
[2024-12-16T15:19:16.597+0000] {spark_submit.py:579} INFO - 24/12/16 15:19:16 INFO TaskSetManager: Starting task 0.0 in stage 6.0 (TID 4) (172.18.0.9, executor 0, partition 0, NODE_LOCAL, 4457 bytes) taskResourceAssignments Map()
[2024-12-16T15:19:16.623+0000] {spark_submit.py:579} INFO - 24/12/16 15:19:16 INFO BlockManagerInfo: Added broadcast_5_piece0 in memory on 172.18.0.9:34533 (size: 120.8 KiB, free: 434.2 MiB)
[2024-12-16T15:19:16.762+0000] {spark_submit.py:579} INFO - 24/12/16 15:19:16 INFO MapOutputTrackerMasterEndpoint: Asked to send map output locations for shuffle 1 to 172.18.0.9:56474
[2024-12-16T15:19:17.753+0000] {spark_submit.py:579} INFO - 24/12/16 15:19:17 INFO TaskSetManager: Finished task 0.0 in stage 6.0 (TID 4) in 1156 ms on 172.18.0.9 (executor 0) (1/1)
[2024-12-16T15:19:17.754+0000] {spark_submit.py:579} INFO - 24/12/16 15:19:17 INFO TaskSchedulerImpl: Removed TaskSet 6.0, whose tasks have all completed, from pool
[2024-12-16T15:19:17.754+0000] {spark_submit.py:579} INFO - 24/12/16 15:19:17 INFO DAGScheduler: ResultStage 6 (save at NativeMethodAccessorImpl.java:0) finished in 1.199 s
[2024-12-16T15:19:17.755+0000] {spark_submit.py:579} INFO - 24/12/16 15:19:17 INFO DAGScheduler: Job 4 is finished. Cancelling potential speculative or zombie tasks for this job
[2024-12-16T15:19:17.755+0000] {spark_submit.py:579} INFO - 24/12/16 15:19:17 INFO TaskSchedulerImpl: Killing all running tasks in stage 6: Stage finished
[2024-12-16T15:19:17.756+0000] {spark_submit.py:579} INFO - 24/12/16 15:19:17 INFO DAGScheduler: Job 4 finished: save at NativeMethodAccessorImpl.java:0, took 1.205581 s
[2024-12-16T15:19:17.758+0000] {spark_submit.py:579} INFO - 24/12/16 15:19:17 INFO FileFormatWriter: Start to commit write Job 869ef63d-5df0-4f81-a31f-cca34d89264c.
[2024-12-16T15:19:17.760+0000] {spark_submit.py:579} INFO - 24/12/16 15:19:17 INFO FileFormatWriter: Write Job 869ef63d-5df0-4f81-a31f-cca34d89264c committed. Elapsed time: 0 ms.
[2024-12-16T15:19:17.763+0000] {spark_submit.py:579} INFO - 24/12/16 15:19:17 INFO FileFormatWriter: Finished processing stats for write job 869ef63d-5df0-4f81-a31f-cca34d89264c.
[2024-12-16T15:19:18.756+0000] {spark_submit.py:579} INFO - 24/12/16 15:19:18 INFO BlockManagerInfo: Removed broadcast_5_piece0 on a2b73f6a4b3a:42189 in memory (size: 120.8 KiB, free: 434.4 MiB)
[2024-12-16T15:19:18.758+0000] {spark_submit.py:579} INFO - 24/12/16 15:19:18 INFO BlockManagerInfo: Removed broadcast_5_piece0 on 172.18.0.9:34533 in memory (size: 120.8 KiB, free: 434.4 MiB)
[2024-12-16T15:19:19.253+0000] {spark_submit.py:579} INFO - 24/12/16 15:19:19 INFO CodeGenerator: Code generated in 192.265115 ms
[2024-12-16T15:19:19.320+0000] {spark_submit.py:579} INFO - 24/12/16 15:19:19 INFO SparkContext: Starting job: $anonfun$recordDeltaOperationInternal$1 at DatabricksLogging.scala:128
[2024-12-16T15:19:19.321+0000] {spark_submit.py:579} INFO - 24/12/16 15:19:19 INFO DAGScheduler: Job 5 finished: $anonfun$recordDeltaOperationInternal$1 at DatabricksLogging.scala:128, took 0.000340 s
[2024-12-16T15:19:19.371+0000] {spark_submit.py:579} INFO - 24/12/16 15:19:19 INFO OptimisticTransaction: [tableId=b89a8278,txnId=625540c6] Attempting to commit version 0 with 4 actions with Serializable isolation level
[2024-12-16T15:19:19.601+0000] {spark_submit.py:579} INFO - 24/12/16 15:19:19 INFO DeltaLog: Creating a new snapshot v0 for commit version 0
[2024-12-16T15:19:19.602+0000] {spark_submit.py:579} INFO - 24/12/16 15:19:19 INFO DeltaLog: Loading version 0.
[2024-12-16T15:19:19.614+0000] {spark_submit.py:579} INFO - 24/12/16 15:19:19 INFO Snapshot: [tableId=b89a8278-e193-446b-b46f-71192bdd99c7] DELTA: Compute snapshot for version: 0
[2024-12-16T15:19:19.659+0000] {spark_submit.py:579} INFO - 24/12/16 15:19:19 INFO MemoryStore: Block broadcast_6 stored as values in memory (estimated size 204.6 KiB, free 434.0 MiB)
[2024-12-16T15:19:19.677+0000] {spark_submit.py:579} INFO - 24/12/16 15:19:19 INFO MemoryStore: Block broadcast_6_piece0 stored as bytes in memory (estimated size 35.6 KiB, free 433.9 MiB)
[2024-12-16T15:19:19.678+0000] {spark_submit.py:579} INFO - 24/12/16 15:19:19 INFO BlockManagerInfo: Added broadcast_6_piece0 in memory on a2b73f6a4b3a:42189 (size: 35.6 KiB, free: 434.3 MiB)
[2024-12-16T15:19:19.680+0000] {spark_submit.py:579} INFO - 24/12/16 15:19:19 INFO SparkContext: Created broadcast 6 from toString at String.java:2951
[2024-12-16T15:19:19.697+0000] {spark_submit.py:579} INFO - 24/12/16 15:19:19 INFO DeltaLogFileIndex: Created DeltaLogFileIndex(JSON, numFilesInSegment: 1, totalFileSize: 1405)
[2024-12-16T15:19:20.016+0000] {spark_submit.py:579} INFO - 24/12/16 15:19:20 INFO FileSourceStrategy: Pushed Filters:
[2024-12-16T15:19:20.017+0000] {spark_submit.py:579} INFO - 24/12/16 15:19:20 INFO FileSourceStrategy: Post-Scan Filters:
[2024-12-16T15:19:20.017+0000] {spark_submit.py:579} INFO - 24/12/16 15:19:20 INFO FileSourceStrategy: Output Data Schema: struct<txn: struct<appId: string, version: bigint, lastUpdated: bigint ... 1 more fields>, add: struct<path: string, partitionValues: map<string,string>, size: bigint, modificationTime: bigint, dataChange: boolean ... 5 more fields>, remove: struct<path: string, deletionTimestamp: bigint, dataChange: boolean, extendedFileMetadata: boolean, partitionValues: map<string,string> ... 5 more fields>, metaData: struct<id: string, name: string, description: string, format: struct<provider: string, options: map<string,string>>, schemaString: string ... 6 more fields>, protocol: struct<minReaderVersion: int, minWriterVersion: int> ... 5 more fields>
[2024-12-16T15:19:20.031+0000] {spark_submit.py:579} INFO - 24/12/16 15:19:20 WARN package: Truncated the string representation of a plan since it was too large. This behavior can be adjusted by setting 'spark.sql.debug.maxToStringFields'.
[2024-12-16T15:19:20.169+0000] {spark_submit.py:579} INFO - 24/12/16 15:19:20 INFO CodeGenerator: Code generated in 70.641645 ms
[2024-12-16T15:19:20.172+0000] {spark_submit.py:579} INFO - 24/12/16 15:19:20 INFO MemoryStore: Block broadcast_7 stored as values in memory (estimated size 204.9 KiB, free 433.7 MiB)
[2024-12-16T15:19:20.187+0000] {spark_submit.py:579} INFO - 24/12/16 15:19:20 INFO MemoryStore: Block broadcast_7_piece0 stored as bytes in memory (estimated size 35.7 KiB, free 433.7 MiB)
[2024-12-16T15:19:20.189+0000] {spark_submit.py:579} INFO - 24/12/16 15:19:20 INFO BlockManagerInfo: Added broadcast_7_piece0 in memory on a2b73f6a4b3a:42189 (size: 35.7 KiB, free: 434.3 MiB)
[2024-12-16T15:19:20.190+0000] {spark_submit.py:579} INFO - 24/12/16 15:19:20 INFO SparkContext: Created broadcast 7 from toString at String.java:2951
[2024-12-16T15:19:20.205+0000] {spark_submit.py:579} INFO - 24/12/16 15:19:20 INFO FileSourceScanExec: Planning scan with bin packing, max size: 4194304 bytes, open cost is considered as scanning 4194304 bytes.
[2024-12-16T15:19:20.259+0000] {spark_submit.py:579} INFO - 24/12/16 15:19:20 INFO DAGScheduler: Registering RDD 28 (toString at String.java:2951) as input to shuffle 2
[2024-12-16T15:19:20.260+0000] {spark_submit.py:579} INFO - 24/12/16 15:19:20 INFO DAGScheduler: Got map stage job 6 (toString at String.java:2951) with 1 output partitions
[2024-12-16T15:19:20.260+0000] {spark_submit.py:579} INFO - 24/12/16 15:19:20 INFO DAGScheduler: Final stage: ShuffleMapStage 7 (toString at String.java:2951)
[2024-12-16T15:19:20.261+0000] {spark_submit.py:579} INFO - 24/12/16 15:19:20 INFO DAGScheduler: Parents of final stage: List()
[2024-12-16T15:19:20.262+0000] {spark_submit.py:579} INFO - 24/12/16 15:19:20 INFO DAGScheduler: Missing parents: List()
[2024-12-16T15:19:20.262+0000] {spark_submit.py:579} INFO - 24/12/16 15:19:20 INFO DAGScheduler: Submitting ShuffleMapStage 7 (MapPartitionsRDD[28] at toString at String.java:2951), which has no missing parents
[2024-12-16T15:19:20.282+0000] {spark_submit.py:579} INFO - 24/12/16 15:19:20 INFO MemoryStore: Block broadcast_8 stored as values in memory (estimated size 124.3 KiB, free 433.6 MiB)
[2024-12-16T15:19:20.294+0000] {spark_submit.py:579} INFO - 24/12/16 15:19:20 INFO MemoryStore: Block broadcast_8_piece0 stored as bytes in memory (estimated size 35.2 KiB, free 433.5 MiB)
[2024-12-16T15:19:20.297+0000] {spark_submit.py:579} INFO - 24/12/16 15:19:20 INFO BlockManagerInfo: Added broadcast_8_piece0 in memory on a2b73f6a4b3a:42189 (size: 35.2 KiB, free: 434.3 MiB)
[2024-12-16T15:19:20.299+0000] {spark_submit.py:579} INFO - 24/12/16 15:19:20 INFO SparkContext: Created broadcast 8 from broadcast at DAGScheduler.scala:1513
[2024-12-16T15:19:20.300+0000] {spark_submit.py:579} INFO - 24/12/16 15:19:20 INFO DAGScheduler: Submitting 1 missing tasks from ShuffleMapStage 7 (MapPartitionsRDD[28] at toString at String.java:2951) (first 15 tasks are for partitions Vector(0))
[2024-12-16T15:19:20.300+0000] {spark_submit.py:579} INFO - 24/12/16 15:19:20 INFO TaskSchedulerImpl: Adding task set 7.0 with 1 tasks resource profile 0
[2024-12-16T15:19:20.302+0000] {spark_submit.py:579} INFO - 24/12/16 15:19:20 INFO TaskSetManager: Starting task 0.0 in stage 7.0 (TID 5) (172.18.0.9, executor 0, partition 0, PROCESS_LOCAL, 4931 bytes) taskResourceAssignments Map()
[2024-12-16T15:19:20.367+0000] {spark_submit.py:579} INFO - 24/12/16 15:19:20 INFO BlockManagerInfo: Added broadcast_8_piece0 in memory on 172.18.0.9:34533 (size: 35.2 KiB, free: 434.3 MiB)
[2024-12-16T15:19:20.793+0000] {spark_submit.py:579} INFO - 24/12/16 15:19:20 INFO BlockManagerInfo: Added broadcast_7_piece0 in memory on 172.18.0.9:34533 (size: 35.7 KiB, free: 434.3 MiB)
[2024-12-16T15:19:21.840+0000] {spark_submit.py:579} INFO - 24/12/16 15:19:21 INFO TaskSetManager: Finished task 0.0 in stage 7.0 (TID 5) in 1538 ms on 172.18.0.9 (executor 0) (1/1)
[2024-12-16T15:19:21.841+0000] {spark_submit.py:579} INFO - 24/12/16 15:19:21 INFO TaskSchedulerImpl: Removed TaskSet 7.0, whose tasks have all completed, from pool
[2024-12-16T15:19:21.842+0000] {spark_submit.py:579} INFO - 24/12/16 15:19:21 INFO DAGScheduler: ShuffleMapStage 7 (toString at String.java:2951) finished in 1.579 s
[2024-12-16T15:19:21.843+0000] {spark_submit.py:579} INFO - 24/12/16 15:19:21 INFO DAGScheduler: looking for newly runnable stages
[2024-12-16T15:19:21.844+0000] {spark_submit.py:579} INFO - 24/12/16 15:19:21 INFO DAGScheduler: running: Set()
[2024-12-16T15:19:21.844+0000] {spark_submit.py:579} INFO - 24/12/16 15:19:21 INFO DAGScheduler: waiting: Set()
[2024-12-16T15:19:21.845+0000] {spark_submit.py:579} INFO - 24/12/16 15:19:21 INFO DAGScheduler: failed: Set()
[2024-12-16T15:19:22.022+0000] {spark_submit.py:579} INFO - 24/12/16 15:19:22 INFO BlockManagerInfo: Removed broadcast_8_piece0 on a2b73f6a4b3a:42189 in memory (size: 35.2 KiB, free: 434.3 MiB)
[2024-12-16T15:19:22.026+0000] {spark_submit.py:579} INFO - 24/12/16 15:19:22 INFO BlockManagerInfo: Removed broadcast_8_piece0 on 172.18.0.9:34533 in memory (size: 35.2 KiB, free: 434.3 MiB)
[2024-12-16T15:19:22.253+0000] {spark_submit.py:579} INFO - 24/12/16 15:19:22 INFO CodeGenerator: Generated method too long to be JIT compiled: org.apache.spark.sql.catalyst.expressions.GeneratedClass$GeneratedIteratorForCodegenStage3.serializefromobject_doConsume_0$ is 14899 bytes
[2024-12-16T15:19:22.255+0000] {spark_submit.py:579} INFO - 24/12/16 15:19:22 INFO CodeGenerator: Code generated in 220.174754 ms
[2024-12-16T15:19:22.367+0000] {spark_submit.py:579} INFO - 24/12/16 15:19:22 INFO CodeGenerator: Code generated in 85.500449 ms
[2024-12-16T15:19:22.642+0000] {spark_submit.py:579} INFO - 24/12/16 15:19:22 INFO CodeGenerator: Code generated in 41.241925 ms
[2024-12-16T15:19:22.659+0000] {spark_submit.py:579} INFO - 24/12/16 15:19:22 INFO DAGScheduler: Registering RDD 38 (toString at String.java:2951) as input to shuffle 3
[2024-12-16T15:19:22.660+0000] {spark_submit.py:579} INFO - 24/12/16 15:19:22 INFO DAGScheduler: Got map stage job 7 (toString at String.java:2951) with 50 output partitions
[2024-12-16T15:19:22.660+0000] {spark_submit.py:579} INFO - 24/12/16 15:19:22 INFO DAGScheduler: Final stage: ShuffleMapStage 9 (toString at String.java:2951)
[2024-12-16T15:19:22.661+0000] {spark_submit.py:579} INFO - 24/12/16 15:19:22 INFO DAGScheduler: Parents of final stage: List(ShuffleMapStage 8)
[2024-12-16T15:19:22.663+0000] {spark_submit.py:579} INFO - 24/12/16 15:19:22 INFO DAGScheduler: Missing parents: List()
[2024-12-16T15:19:22.664+0000] {spark_submit.py:579} INFO - 24/12/16 15:19:22 INFO DAGScheduler: Submitting ShuffleMapStage 9 (MapPartitionsRDD[38] at toString at String.java:2951), which has no missing parents
[2024-12-16T15:19:22.772+0000] {spark_submit.py:579} INFO - 24/12/16 15:19:22 INFO MemoryStore: Block broadcast_9 stored as values in memory (estimated size 426.2 KiB, free 433.3 MiB)
[2024-12-16T15:19:22.775+0000] {spark_submit.py:579} INFO - 24/12/16 15:19:22 INFO MemoryStore: Block broadcast_9_piece0 stored as bytes in memory (estimated size 102.7 KiB, free 433.2 MiB)
[2024-12-16T15:19:22.776+0000] {spark_submit.py:579} INFO - 24/12/16 15:19:22 INFO BlockManagerInfo: Added broadcast_9_piece0 in memory on a2b73f6a4b3a:42189 (size: 102.7 KiB, free: 434.2 MiB)
[2024-12-16T15:19:22.777+0000] {spark_submit.py:579} INFO - 24/12/16 15:19:22 INFO SparkContext: Created broadcast 9 from broadcast at DAGScheduler.scala:1513
[2024-12-16T15:19:22.778+0000] {spark_submit.py:579} INFO - 24/12/16 15:19:22 INFO DAGScheduler: Submitting 50 missing tasks from ShuffleMapStage 9 (MapPartitionsRDD[38] at toString at String.java:2951) (first 15 tasks are for partitions Vector(0, 1, 2, 3, 4, 5, 6, 7, 8, 9, 10, 11, 12, 13, 14))
[2024-12-16T15:19:22.779+0000] {spark_submit.py:579} INFO - 24/12/16 15:19:22 INFO TaskSchedulerImpl: Adding task set 9.0 with 50 tasks resource profile 0
[2024-12-16T15:19:22.781+0000] {spark_submit.py:579} INFO - 24/12/16 15:19:22 INFO TaskSetManager: Starting task 42.0 in stage 9.0 (TID 6) (172.18.0.9, executor 0, partition 42, NODE_LOCAL, 4446 bytes) taskResourceAssignments Map()
[2024-12-16T15:19:22.782+0000] {spark_submit.py:579} INFO - 24/12/16 15:19:22 INFO TaskSetManager: Starting task 47.0 in stage 9.0 (TID 7) (172.18.0.9, executor 0, partition 47, NODE_LOCAL, 4446 bytes) taskResourceAssignments Map()
[2024-12-16T15:19:22.798+0000] {spark_submit.py:579} INFO - 24/12/16 15:19:22 INFO BlockManagerInfo: Added broadcast_9_piece0 in memory on 172.18.0.9:34533 (size: 102.7 KiB, free: 434.2 MiB)
[2024-12-16T15:19:22.982+0000] {spark_submit.py:579} INFO - 24/12/16 15:19:22 INFO MapOutputTrackerMasterEndpoint: Asked to send map output locations for shuffle 2 to 172.18.0.9:56474
[2024-12-16T15:19:23.664+0000] {spark_submit.py:579} INFO - 24/12/16 15:19:23 INFO BlockManagerInfo: Added rdd_35_47 in memory on 172.18.0.9:34533 (size: 462.0 B, free: 434.2 MiB)
[2024-12-16T15:19:23.801+0000] {spark_submit.py:579} INFO - 24/12/16 15:19:23 INFO BlockManagerInfo: Added rdd_35_42 in memory on 172.18.0.9:34533 (size: 484.0 B, free: 434.2 MiB)
[2024-12-16T15:19:23.897+0000] {spark_submit.py:579} INFO - 24/12/16 15:19:23 INFO TaskSetManager: Starting task 0.0 in stage 9.0 (TID 8) (172.18.0.9, executor 0, partition 0, PROCESS_LOCAL, 4446 bytes) taskResourceAssignments Map()
[2024-12-16T15:19:23.901+0000] {spark_submit.py:579} INFO - 24/12/16 15:19:23 INFO TaskSetManager: Finished task 47.0 in stage 9.0 (TID 7) in 1117 ms on 172.18.0.9 (executor 0) (1/50)
[2024-12-16T15:19:23.902+0000] {spark_submit.py:579} INFO - 24/12/16 15:19:23 INFO TaskSetManager: Starting task 1.0 in stage 9.0 (TID 9) (172.18.0.9, executor 0, partition 1, PROCESS_LOCAL, 4446 bytes) taskResourceAssignments Map()
[2024-12-16T15:19:23.903+0000] {spark_submit.py:579} INFO - 24/12/16 15:19:23 INFO TaskSetManager: Finished task 42.0 in stage 9.0 (TID 6) in 1120 ms on 172.18.0.9 (executor 0) (2/50)
[2024-12-16T15:19:24.008+0000] {spark_submit.py:579} INFO - 24/12/16 15:19:24 INFO BlockManagerInfo: Added rdd_35_0 in memory on 172.18.0.9:34533 (size: 46.0 B, free: 434.2 MiB)
[2024-12-16T15:19:24.020+0000] {spark_submit.py:579} INFO - 24/12/16 15:19:24 INFO BlockManagerInfo: Added rdd_35_1 in memory on 172.18.0.9:34533 (size: 46.0 B, free: 434.2 MiB)
[2024-12-16T15:19:24.070+0000] {spark_submit.py:579} INFO - 24/12/16 15:19:24 INFO TaskSetManager: Starting task 2.0 in stage 9.0 (TID 10) (172.18.0.9, executor 0, partition 2, PROCESS_LOCAL, 4446 bytes) taskResourceAssignments Map()
[2024-12-16T15:19:24.071+0000] {spark_submit.py:579} INFO - 24/12/16 15:19:24 INFO TaskSetManager: Finished task 0.0 in stage 9.0 (TID 8) in 174 ms on 172.18.0.9 (executor 0) (3/50)
[2024-12-16T15:19:24.078+0000] {spark_submit.py:579} INFO - 24/12/16 15:19:24 INFO TaskSetManager: Starting task 3.0 in stage 9.0 (TID 11) (172.18.0.9, executor 0, partition 3, PROCESS_LOCAL, 4446 bytes) taskResourceAssignments Map()
[2024-12-16T15:19:24.082+0000] {spark_submit.py:579} INFO - 24/12/16 15:19:24 INFO TaskSetManager: Finished task 1.0 in stage 9.0 (TID 9) in 182 ms on 172.18.0.9 (executor 0) (4/50)
[2024-12-16T15:19:24.173+0000] {spark_submit.py:579} INFO - 24/12/16 15:19:24 INFO BlockManagerInfo: Added rdd_35_2 in memory on 172.18.0.9:34533 (size: 46.0 B, free: 434.2 MiB)
[2024-12-16T15:19:24.224+0000] {spark_submit.py:579} INFO - 24/12/16 15:19:24 INFO BlockManagerInfo: Added rdd_35_3 in memory on 172.18.0.9:34533 (size: 46.0 B, free: 434.2 MiB)
[2024-12-16T15:19:24.250+0000] {spark_submit.py:579} INFO - 24/12/16 15:19:24 INFO TaskSetManager: Starting task 4.0 in stage 9.0 (TID 12) (172.18.0.9, executor 0, partition 4, PROCESS_LOCAL, 4446 bytes) taskResourceAssignments Map()
[2024-12-16T15:19:24.256+0000] {spark_submit.py:579} INFO - 24/12/16 15:19:24 INFO TaskSetManager: Finished task 2.0 in stage 9.0 (TID 10) in 183 ms on 172.18.0.9 (executor 0) (5/50)
[2024-12-16T15:19:24.283+0000] {spark_submit.py:579} INFO - 24/12/16 15:19:24 INFO TaskSetManager: Starting task 5.0 in stage 9.0 (TID 13) (172.18.0.9, executor 0, partition 5, PROCESS_LOCAL, 4446 bytes) taskResourceAssignments Map()
[2024-12-16T15:19:24.284+0000] {spark_submit.py:579} INFO - 24/12/16 15:19:24 INFO TaskSetManager: Finished task 3.0 in stage 9.0 (TID 11) in 206 ms on 172.18.0.9 (executor 0) (6/50)
[2024-12-16T15:19:24.341+0000] {spark_submit.py:579} INFO - 24/12/16 15:19:24 INFO BlockManagerInfo: Added rdd_35_4 in memory on 172.18.0.9:34533 (size: 46.0 B, free: 434.2 MiB)
[2024-12-16T15:19:24.378+0000] {spark_submit.py:579} INFO - 24/12/16 15:19:24 INFO BlockManagerInfo: Added rdd_35_5 in memory on 172.18.0.9:34533 (size: 46.0 B, free: 434.2 MiB)
[2024-12-16T15:19:24.401+0000] {spark_submit.py:579} INFO - 24/12/16 15:19:24 INFO TaskSetManager: Starting task 6.0 in stage 9.0 (TID 14) (172.18.0.9, executor 0, partition 6, PROCESS_LOCAL, 4446 bytes) taskResourceAssignments Map()
[2024-12-16T15:19:24.402+0000] {spark_submit.py:579} INFO - 24/12/16 15:19:24 INFO TaskSetManager: Finished task 4.0 in stage 9.0 (TID 12) in 147 ms on 172.18.0.9 (executor 0) (7/50)
[2024-12-16T15:19:24.439+0000] {spark_submit.py:579} INFO - 24/12/16 15:19:24 INFO TaskSetManager: Starting task 7.0 in stage 9.0 (TID 15) (172.18.0.9, executor 0, partition 7, PROCESS_LOCAL, 4446 bytes) taskResourceAssignments Map()
[2024-12-16T15:19:24.444+0000] {spark_submit.py:579} INFO - 24/12/16 15:19:24 INFO TaskSetManager: Finished task 5.0 in stage 9.0 (TID 13) in 160 ms on 172.18.0.9 (executor 0) (8/50)
[2024-12-16T15:19:24.502+0000] {spark_submit.py:579} INFO - 24/12/16 15:19:24 INFO BlockManagerInfo: Added rdd_35_6 in memory on 172.18.0.9:34533 (size: 46.0 B, free: 434.2 MiB)
[2024-12-16T15:19:24.542+0000] {spark_submit.py:579} INFO - 24/12/16 15:19:24 INFO BlockManagerInfo: Added rdd_35_7 in memory on 172.18.0.9:34533 (size: 46.0 B, free: 434.2 MiB)
[2024-12-16T15:19:24.560+0000] {spark_submit.py:579} INFO - 24/12/16 15:19:24 INFO TaskSetManager: Starting task 8.0 in stage 9.0 (TID 16) (172.18.0.9, executor 0, partition 8, PROCESS_LOCAL, 4446 bytes) taskResourceAssignments Map()
[2024-12-16T15:19:24.563+0000] {spark_submit.py:579} INFO - 24/12/16 15:19:24 INFO TaskSetManager: Finished task 6.0 in stage 9.0 (TID 14) in 166 ms on 172.18.0.9 (executor 0) (9/50)
[2024-12-16T15:19:24.620+0000] {spark_submit.py:579} INFO - 24/12/16 15:19:24 INFO TaskSetManager: Starting task 9.0 in stage 9.0 (TID 17) (172.18.0.9, executor 0, partition 9, PROCESS_LOCAL, 4446 bytes) taskResourceAssignments Map()
[2024-12-16T15:19:24.622+0000] {spark_submit.py:579} INFO - 24/12/16 15:19:24 INFO TaskSetManager: Finished task 7.0 in stage 9.0 (TID 15) in 183 ms on 172.18.0.9 (executor 0) (10/50)
[2024-12-16T15:19:24.657+0000] {spark_submit.py:579} INFO - 24/12/16 15:19:24 INFO BlockManagerInfo: Added rdd_35_8 in memory on 172.18.0.9:34533 (size: 46.0 B, free: 434.2 MiB)
[2024-12-16T15:19:24.716+0000] {spark_submit.py:579} INFO - 24/12/16 15:19:24 INFO TaskSetManager: Starting task 10.0 in stage 9.0 (TID 18) (172.18.0.9, executor 0, partition 10, PROCESS_LOCAL, 4446 bytes) taskResourceAssignments Map()
[2024-12-16T15:19:24.717+0000] {spark_submit.py:579} INFO - 24/12/16 15:19:24 INFO BlockManagerInfo: Added rdd_35_9 in memory on 172.18.0.9:34533 (size: 46.0 B, free: 434.2 MiB)
[2024-12-16T15:19:24.723+0000] {spark_submit.py:579} INFO - 24/12/16 15:19:24 INFO TaskSetManager: Finished task 8.0 in stage 9.0 (TID 16) in 158 ms on 172.18.0.9 (executor 0) (11/50)
[2024-12-16T15:19:24.793+0000] {spark_submit.py:579} INFO - 24/12/16 15:19:24 INFO TaskSetManager: Starting task 11.0 in stage 9.0 (TID 19) (172.18.0.9, executor 0, partition 11, PROCESS_LOCAL, 4446 bytes) taskResourceAssignments Map()
[2024-12-16T15:19:24.799+0000] {spark_submit.py:579} INFO - 24/12/16 15:19:24 INFO TaskSetManager: Finished task 9.0 in stage 9.0 (TID 17) in 180 ms on 172.18.0.9 (executor 0) (12/50)
[2024-12-16T15:19:24.843+0000] {spark_submit.py:579} INFO - 24/12/16 15:19:24 INFO BlockManagerInfo: Added rdd_35_10 in memory on 172.18.0.9:34533 (size: 46.0 B, free: 434.2 MiB)
[2024-12-16T15:19:24.882+0000] {spark_submit.py:579} INFO - 24/12/16 15:19:24 INFO BlockManagerInfo: Added rdd_35_11 in memory on 172.18.0.9:34533 (size: 46.0 B, free: 434.2 MiB)
[2024-12-16T15:19:24.888+0000] {spark_submit.py:579} INFO - 24/12/16 15:19:24 INFO TaskSetManager: Starting task 12.0 in stage 9.0 (TID 20) (172.18.0.9, executor 0, partition 12, PROCESS_LOCAL, 4446 bytes) taskResourceAssignments Map()
[2024-12-16T15:19:24.891+0000] {spark_submit.py:579} INFO - 24/12/16 15:19:24 INFO TaskSetManager: Finished task 10.0 in stage 9.0 (TID 18) in 173 ms on 172.18.0.9 (executor 0) (13/50)
[2024-12-16T15:19:24.935+0000] {spark_submit.py:579} INFO - 24/12/16 15:19:24 INFO TaskSetManager: Starting task 13.0 in stage 9.0 (TID 21) (172.18.0.9, executor 0, partition 13, PROCESS_LOCAL, 4446 bytes) taskResourceAssignments Map()
[2024-12-16T15:19:24.944+0000] {spark_submit.py:579} INFO - 24/12/16 15:19:24 INFO TaskSetManager: Finished task 11.0 in stage 9.0 (TID 19) in 148 ms on 172.18.0.9 (executor 0) (14/50)
[2024-12-16T15:19:24.991+0000] {spark_submit.py:579} INFO - 24/12/16 15:19:24 INFO BlockManagerInfo: Added rdd_35_12 in memory on 172.18.0.9:34533 (size: 46.0 B, free: 434.2 MiB)
[2024-12-16T15:19:25.047+0000] {spark_submit.py:579} INFO - 24/12/16 15:19:25 INFO BlockManagerInfo: Added rdd_35_13 in memory on 172.18.0.9:34533 (size: 46.0 B, free: 434.2 MiB)
[2024-12-16T15:19:25.082+0000] {spark_submit.py:579} INFO - 24/12/16 15:19:25 INFO TaskSetManager: Finished task 12.0 in stage 9.0 (TID 20) in 195 ms on 172.18.0.9 (executor 0) (15/50)
[2024-12-16T15:19:25.085+0000] {spark_submit.py:579} INFO - 24/12/16 15:19:25 INFO TaskSetManager: Starting task 14.0 in stage 9.0 (TID 22) (172.18.0.9, executor 0, partition 14, PROCESS_LOCAL, 4446 bytes) taskResourceAssignments Map()
[2024-12-16T15:19:25.129+0000] {spark_submit.py:579} INFO - 24/12/16 15:19:25 INFO TaskSetManager: Starting task 15.0 in stage 9.0 (TID 23) (172.18.0.9, executor 0, partition 15, PROCESS_LOCAL, 4446 bytes) taskResourceAssignments Map()
[2024-12-16T15:19:25.134+0000] {spark_submit.py:579} INFO - 24/12/16 15:19:25 INFO TaskSetManager: Finished task 13.0 in stage 9.0 (TID 21) in 197 ms on 172.18.0.9 (executor 0) (16/50)
[2024-12-16T15:19:25.197+0000] {spark_submit.py:579} INFO - 24/12/16 15:19:25 INFO BlockManagerInfo: Added rdd_35_14 in memory on 172.18.0.9:34533 (size: 46.0 B, free: 434.2 MiB)
[2024-12-16T15:19:25.228+0000] {spark_submit.py:579} INFO - 24/12/16 15:19:25 INFO BlockManagerInfo: Added rdd_35_15 in memory on 172.18.0.9:34533 (size: 46.0 B, free: 434.2 MiB)
[2024-12-16T15:19:25.242+0000] {spark_submit.py:579} INFO - 24/12/16 15:19:25 INFO TaskSetManager: Starting task 16.0 in stage 9.0 (TID 24) (172.18.0.9, executor 0, partition 16, PROCESS_LOCAL, 4446 bytes) taskResourceAssignments Map()
[2024-12-16T15:19:25.244+0000] {spark_submit.py:579} INFO - 24/12/16 15:19:25 INFO TaskSetManager: Finished task 14.0 in stage 9.0 (TID 22) in 159 ms on 172.18.0.9 (executor 0) (17/50)
[2024-12-16T15:19:25.286+0000] {spark_submit.py:579} INFO - 24/12/16 15:19:25 INFO TaskSetManager: Starting task 17.0 in stage 9.0 (TID 25) (172.18.0.9, executor 0, partition 17, PROCESS_LOCAL, 4446 bytes) taskResourceAssignments Map()
[2024-12-16T15:19:25.288+0000] {spark_submit.py:579} INFO - 24/12/16 15:19:25 INFO TaskSetManager: Finished task 15.0 in stage 9.0 (TID 23) in 159 ms on 172.18.0.9 (executor 0) (18/50)
[2024-12-16T15:19:25.320+0000] {spark_submit.py:579} INFO - 24/12/16 15:19:25 INFO BlockManagerInfo: Added rdd_35_16 in memory on 172.18.0.9:34533 (size: 46.0 B, free: 434.2 MiB)
[2024-12-16T15:19:25.345+0000] {spark_submit.py:579} INFO - 24/12/16 15:19:25 INFO BlockManagerInfo: Added rdd_35_17 in memory on 172.18.0.9:34533 (size: 46.0 B, free: 434.2 MiB)
[2024-12-16T15:19:25.363+0000] {spark_submit.py:579} INFO - 24/12/16 15:19:25 INFO TaskSetManager: Starting task 18.0 in stage 9.0 (TID 26) (172.18.0.9, executor 0, partition 18, PROCESS_LOCAL, 4446 bytes) taskResourceAssignments Map()
[2024-12-16T15:19:25.367+0000] {spark_submit.py:579} INFO - 24/12/16 15:19:25 INFO TaskSetManager: Finished task 16.0 in stage 9.0 (TID 24) in 124 ms on 172.18.0.9 (executor 0) (19/50)
[2024-12-16T15:19:25.418+0000] {spark_submit.py:579} INFO - 24/12/16 15:19:25 INFO TaskSetManager: Starting task 19.0 in stage 9.0 (TID 27) (172.18.0.9, executor 0, partition 19, PROCESS_LOCAL, 4446 bytes) taskResourceAssignments Map()
[2024-12-16T15:19:25.423+0000] {spark_submit.py:579} INFO - 24/12/16 15:19:25 INFO TaskSetManager: Finished task 17.0 in stage 9.0 (TID 25) in 137 ms on 172.18.0.9 (executor 0) (20/50)
[2024-12-16T15:19:25.496+0000] {spark_submit.py:579} INFO - 24/12/16 15:19:25 INFO BlockManagerInfo: Added rdd_35_18 in memory on 172.18.0.9:34533 (size: 46.0 B, free: 434.2 MiB)
[2024-12-16T15:19:25.551+0000] {spark_submit.py:579} INFO - 24/12/16 15:19:25 INFO BlockManagerInfo: Added rdd_35_19 in memory on 172.18.0.9:34533 (size: 46.0 B, free: 434.2 MiB)
[2024-12-16T15:19:25.584+0000] {spark_submit.py:579} INFO - 24/12/16 15:19:25 INFO TaskSetManager: Starting task 20.0 in stage 9.0 (TID 28) (172.18.0.9, executor 0, partition 20, PROCESS_LOCAL, 4446 bytes) taskResourceAssignments Map()
[2024-12-16T15:19:25.586+0000] {spark_submit.py:579} INFO - 24/12/16 15:19:25 INFO TaskSetManager: Finished task 18.0 in stage 9.0 (TID 26) in 223 ms on 172.18.0.9 (executor 0) (21/50)
[2024-12-16T15:19:25.604+0000] {spark_submit.py:579} INFO - 24/12/16 15:19:25 INFO TaskSetManager: Starting task 21.0 in stage 9.0 (TID 29) (172.18.0.9, executor 0, partition 21, PROCESS_LOCAL, 4446 bytes) taskResourceAssignments Map()
[2024-12-16T15:19:25.606+0000] {spark_submit.py:579} INFO - 24/12/16 15:19:25 INFO TaskSetManager: Finished task 19.0 in stage 9.0 (TID 27) in 188 ms on 172.18.0.9 (executor 0) (22/50)
[2024-12-16T15:19:25.662+0000] {spark_submit.py:579} INFO - 24/12/16 15:19:25 INFO BlockManagerInfo: Added rdd_35_20 in memory on 172.18.0.9:34533 (size: 46.0 B, free: 434.2 MiB)
[2024-12-16T15:19:25.687+0000] {spark_submit.py:579} INFO - 24/12/16 15:19:25 INFO BlockManagerInfo: Added rdd_35_21 in memory on 172.18.0.9:34533 (size: 46.0 B, free: 434.2 MiB)
[2024-12-16T15:19:25.704+0000] {spark_submit.py:579} INFO - 24/12/16 15:19:25 INFO TaskSetManager: Starting task 22.0 in stage 9.0 (TID 30) (172.18.0.9, executor 0, partition 22, PROCESS_LOCAL, 4446 bytes) taskResourceAssignments Map()
[2024-12-16T15:19:25.709+0000] {spark_submit.py:579} INFO - 24/12/16 15:19:25 INFO TaskSetManager: Finished task 20.0 in stage 9.0 (TID 28) in 123 ms on 172.18.0.9 (executor 0) (23/50)
[2024-12-16T15:19:25.727+0000] {spark_submit.py:579} INFO - 24/12/16 15:19:25 INFO TaskSetManager: Starting task 23.0 in stage 9.0 (TID 31) (172.18.0.9, executor 0, partition 23, PROCESS_LOCAL, 4446 bytes) taskResourceAssignments Map()
[2024-12-16T15:19:25.729+0000] {spark_submit.py:579} INFO - 24/12/16 15:19:25 INFO TaskSetManager: Finished task 21.0 in stage 9.0 (TID 29) in 117 ms on 172.18.0.9 (executor 0) (24/50)
[2024-12-16T15:19:25.771+0000] {spark_submit.py:579} INFO - 24/12/16 15:19:25 INFO BlockManagerInfo: Added rdd_35_22 in memory on 172.18.0.9:34533 (size: 46.0 B, free: 434.2 MiB)
[2024-12-16T15:19:25.785+0000] {spark_submit.py:579} INFO - 24/12/16 15:19:25 INFO BlockManagerInfo: Added rdd_35_23 in memory on 172.18.0.9:34533 (size: 46.0 B, free: 434.2 MiB)
[2024-12-16T15:19:25.807+0000] {spark_submit.py:579} INFO - 24/12/16 15:19:25 INFO TaskSetManager: Starting task 24.0 in stage 9.0 (TID 32) (172.18.0.9, executor 0, partition 24, PROCESS_LOCAL, 4446 bytes) taskResourceAssignments Map()
[2024-12-16T15:19:25.809+0000] {spark_submit.py:579} INFO - 24/12/16 15:19:25 INFO TaskSetManager: Finished task 22.0 in stage 9.0 (TID 30) in 105 ms on 172.18.0.9 (executor 0) (25/50)
[2024-12-16T15:19:25.821+0000] {spark_submit.py:579} INFO - 24/12/16 15:19:25 INFO TaskSetManager: Starting task 25.0 in stage 9.0 (TID 33) (172.18.0.9, executor 0, partition 25, PROCESS_LOCAL, 4446 bytes) taskResourceAssignments Map()
[2024-12-16T15:19:25.822+0000] {spark_submit.py:579} INFO - 24/12/16 15:19:25 INFO TaskSetManager: Finished task 23.0 in stage 9.0 (TID 31) in 104 ms on 172.18.0.9 (executor 0) (26/50)
[2024-12-16T15:19:25.904+0000] {spark_submit.py:579} INFO - 24/12/16 15:19:25 INFO BlockManagerInfo: Added rdd_35_25 in memory on 172.18.0.9:34533 (size: 46.0 B, free: 434.2 MiB)
[2024-12-16T15:19:25.910+0000] {spark_submit.py:579} INFO - 24/12/16 15:19:25 INFO BlockManagerInfo: Added rdd_35_24 in memory on 172.18.0.9:34533 (size: 46.0 B, free: 434.2 MiB)
[2024-12-16T15:19:25.933+0000] {spark_submit.py:579} INFO - 24/12/16 15:19:25 INFO TaskSetManager: Starting task 26.0 in stage 9.0 (TID 34) (172.18.0.9, executor 0, partition 26, PROCESS_LOCAL, 4446 bytes) taskResourceAssignments Map()
[2024-12-16T15:19:25.935+0000] {spark_submit.py:579} INFO - 24/12/16 15:19:25 INFO TaskSetManager: Finished task 25.0 in stage 9.0 (TID 33) in 113 ms on 172.18.0.9 (executor 0) (27/50)
[2024-12-16T15:19:25.952+0000] {spark_submit.py:579} INFO - 24/12/16 15:19:25 INFO TaskSetManager: Starting task 27.0 in stage 9.0 (TID 35) (172.18.0.9, executor 0, partition 27, PROCESS_LOCAL, 4446 bytes) taskResourceAssignments Map()
[2024-12-16T15:19:25.953+0000] {spark_submit.py:579} INFO - 24/12/16 15:19:25 INFO TaskSetManager: Finished task 24.0 in stage 9.0 (TID 32) in 145 ms on 172.18.0.9 (executor 0) (28/50)
[2024-12-16T15:19:26.018+0000] {spark_submit.py:579} INFO - 24/12/16 15:19:26 INFO BlockManagerInfo: Added rdd_35_27 in memory on 172.18.0.9:34533 (size: 46.0 B, free: 434.2 MiB)
[2024-12-16T15:19:26.027+0000] {spark_submit.py:579} INFO - 24/12/16 15:19:26 INFO BlockManagerInfo: Added rdd_35_26 in memory on 172.18.0.9:34533 (size: 46.0 B, free: 434.2 MiB)
[2024-12-16T15:19:26.043+0000] {spark_submit.py:579} INFO - 24/12/16 15:19:26 INFO TaskSetManager: Starting task 28.0 in stage 9.0 (TID 36) (172.18.0.9, executor 0, partition 28, PROCESS_LOCAL, 4446 bytes) taskResourceAssignments Map()
[2024-12-16T15:19:26.044+0000] {spark_submit.py:579} INFO - 24/12/16 15:19:26 INFO TaskSetManager: Finished task 27.0 in stage 9.0 (TID 35) in 95 ms on 172.18.0.9 (executor 0) (29/50)
[2024-12-16T15:19:26.054+0000] {spark_submit.py:579} INFO - 24/12/16 15:19:26 INFO TaskSetManager: Starting task 29.0 in stage 9.0 (TID 37) (172.18.0.9, executor 0, partition 29, PROCESS_LOCAL, 4446 bytes) taskResourceAssignments Map()
[2024-12-16T15:19:26.055+0000] {spark_submit.py:579} INFO - 24/12/16 15:19:26 INFO TaskSetManager: Finished task 26.0 in stage 9.0 (TID 34) in 121 ms on 172.18.0.9 (executor 0) (30/50)
[2024-12-16T15:19:26.088+0000] {spark_submit.py:579} INFO - 24/12/16 15:19:26 INFO BlockManagerInfo: Added rdd_35_28 in memory on 172.18.0.9:34533 (size: 46.0 B, free: 434.2 MiB)
[2024-12-16T15:19:26.104+0000] {spark_submit.py:579} INFO - 24/12/16 15:19:26 INFO BlockManagerInfo: Added rdd_35_29 in memory on 172.18.0.9:34533 (size: 46.0 B, free: 434.2 MiB)
[2024-12-16T15:19:26.123+0000] {spark_submit.py:579} INFO - 24/12/16 15:19:26 INFO TaskSetManager: Starting task 30.0 in stage 9.0 (TID 38) (172.18.0.9, executor 0, partition 30, PROCESS_LOCAL, 4446 bytes) taskResourceAssignments Map()
[2024-12-16T15:19:26.133+0000] {spark_submit.py:579} INFO - 24/12/16 15:19:26 INFO TaskSetManager: Finished task 28.0 in stage 9.0 (TID 36) in 88 ms on 172.18.0.9 (executor 0) (31/50)
[2024-12-16T15:19:26.146+0000] {spark_submit.py:579} INFO - 24/12/16 15:19:26 INFO TaskSetManager: Starting task 31.0 in stage 9.0 (TID 39) (172.18.0.9, executor 0, partition 31, PROCESS_LOCAL, 4446 bytes) taskResourceAssignments Map()
[2024-12-16T15:19:26.147+0000] {spark_submit.py:579} INFO - 24/12/16 15:19:26 INFO TaskSetManager: Finished task 29.0 in stage 9.0 (TID 37) in 94 ms on 172.18.0.9 (executor 0) (32/50)
[2024-12-16T15:19:26.186+0000] {spark_submit.py:579} INFO - 24/12/16 15:19:26 INFO BlockManagerInfo: Added rdd_35_30 in memory on 172.18.0.9:34533 (size: 46.0 B, free: 434.2 MiB)
[2024-12-16T15:19:26.223+0000] {spark_submit.py:579} INFO - 24/12/16 15:19:26 INFO BlockManagerInfo: Added rdd_35_31 in memory on 172.18.0.9:34533 (size: 46.0 B, free: 434.2 MiB)
[2024-12-16T15:19:26.233+0000] {spark_submit.py:579} INFO - 24/12/16 15:19:26 INFO TaskSetManager: Starting task 32.0 in stage 9.0 (TID 40) (172.18.0.9, executor 0, partition 32, PROCESS_LOCAL, 4446 bytes) taskResourceAssignments Map()
[2024-12-16T15:19:26.235+0000] {spark_submit.py:579} INFO - 24/12/16 15:19:26 INFO TaskSetManager: Finished task 30.0 in stage 9.0 (TID 38) in 115 ms on 172.18.0.9 (executor 0) (33/50)
[2024-12-16T15:19:26.272+0000] {spark_submit.py:579} INFO - 24/12/16 15:19:26 INFO TaskSetManager: Starting task 33.0 in stage 9.0 (TID 41) (172.18.0.9, executor 0, partition 33, PROCESS_LOCAL, 4446 bytes) taskResourceAssignments Map()
[2024-12-16T15:19:26.273+0000] {spark_submit.py:579} INFO - 24/12/16 15:19:26 INFO TaskSetManager: Finished task 31.0 in stage 9.0 (TID 39) in 127 ms on 172.18.0.9 (executor 0) (34/50)
[2024-12-16T15:19:26.317+0000] {spark_submit.py:579} INFO - 24/12/16 15:19:26 INFO BlockManagerInfo: Added rdd_35_32 in memory on 172.18.0.9:34533 (size: 46.0 B, free: 434.2 MiB)
[2024-12-16T15:19:26.347+0000] {spark_submit.py:579} INFO - 24/12/16 15:19:26 INFO BlockManagerInfo: Added rdd_35_33 in memory on 172.18.0.9:34533 (size: 46.0 B, free: 434.2 MiB)
[2024-12-16T15:19:26.348+0000] {spark_submit.py:579} INFO - 24/12/16 15:19:26 INFO TaskSetManager: Starting task 34.0 in stage 9.0 (TID 42) (172.18.0.9, executor 0, partition 34, PROCESS_LOCAL, 4446 bytes) taskResourceAssignments Map()
[2024-12-16T15:19:26.352+0000] {spark_submit.py:579} INFO - 24/12/16 15:19:26 INFO TaskSetManager: Finished task 32.0 in stage 9.0 (TID 40) in 123 ms on 172.18.0.9 (executor 0) (35/50)
[2024-12-16T15:19:26.397+0000] {spark_submit.py:579} INFO - 24/12/16 15:19:26 INFO TaskSetManager: Starting task 35.0 in stage 9.0 (TID 43) (172.18.0.9, executor 0, partition 35, PROCESS_LOCAL, 4446 bytes) taskResourceAssignments Map()
[2024-12-16T15:19:26.401+0000] {spark_submit.py:579} INFO - 24/12/16 15:19:26 INFO TaskSetManager: Finished task 33.0 in stage 9.0 (TID 41) in 130 ms on 172.18.0.9 (executor 0) (36/50)
[2024-12-16T15:19:26.435+0000] {spark_submit.py:579} INFO - 24/12/16 15:19:26 INFO BlockManagerInfo: Added rdd_35_34 in memory on 172.18.0.9:34533 (size: 46.0 B, free: 434.2 MiB)
[2024-12-16T15:19:26.460+0000] {spark_submit.py:579} INFO - 24/12/16 15:19:26 INFO TaskSetManager: Starting task 36.0 in stage 9.0 (TID 44) (172.18.0.9, executor 0, partition 36, PROCESS_LOCAL, 4446 bytes) taskResourceAssignments Map()
[2024-12-16T15:19:26.464+0000] {spark_submit.py:579} INFO - 24/12/16 15:19:26 INFO TaskSetManager: Finished task 34.0 in stage 9.0 (TID 42) in 116 ms on 172.18.0.9 (executor 0) (37/50)
[2024-12-16T15:19:26.466+0000] {spark_submit.py:579} INFO - 24/12/16 15:19:26 INFO BlockManagerInfo: Added rdd_35_35 in memory on 172.18.0.9:34533 (size: 46.0 B, free: 434.2 MiB)
[2024-12-16T15:19:26.526+0000] {spark_submit.py:579} INFO - 24/12/16 15:19:26 INFO TaskSetManager: Starting task 37.0 in stage 9.0 (TID 45) (172.18.0.9, executor 0, partition 37, PROCESS_LOCAL, 4446 bytes) taskResourceAssignments Map()
[2024-12-16T15:19:26.527+0000] {spark_submit.py:579} INFO - 24/12/16 15:19:26 INFO TaskSetManager: Finished task 35.0 in stage 9.0 (TID 43) in 130 ms on 172.18.0.9 (executor 0) (38/50)
[2024-12-16T15:19:26.548+0000] {spark_submit.py:579} INFO - 24/12/16 15:19:26 INFO BlockManagerInfo: Added rdd_35_36 in memory on 172.18.0.9:34533 (size: 46.0 B, free: 434.2 MiB)
[2024-12-16T15:19:26.566+0000] {spark_submit.py:579} INFO - 24/12/16 15:19:26 INFO TaskSetManager: Starting task 38.0 in stage 9.0 (TID 46) (172.18.0.9, executor 0, partition 38, PROCESS_LOCAL, 4446 bytes) taskResourceAssignments Map()
[2024-12-16T15:19:26.568+0000] {spark_submit.py:579} INFO - 24/12/16 15:19:26 INFO TaskSetManager: Finished task 36.0 in stage 9.0 (TID 44) in 109 ms on 172.18.0.9 (executor 0) (39/50)
[2024-12-16T15:19:26.571+0000] {spark_submit.py:579} INFO - 24/12/16 15:19:26 INFO BlockManagerInfo: Added rdd_35_37 in memory on 172.18.0.9:34533 (size: 46.0 B, free: 434.2 MiB)
[2024-12-16T15:19:26.595+0000] {spark_submit.py:579} INFO - 24/12/16 15:19:26 INFO TaskSetManager: Starting task 39.0 in stage 9.0 (TID 47) (172.18.0.9, executor 0, partition 39, PROCESS_LOCAL, 4446 bytes) taskResourceAssignments Map()
[2024-12-16T15:19:26.596+0000] {spark_submit.py:579} INFO - 24/12/16 15:19:26 INFO TaskSetManager: Finished task 37.0 in stage 9.0 (TID 45) in 70 ms on 172.18.0.9 (executor 0) (40/50)
[2024-12-16T15:19:26.610+0000] {spark_submit.py:579} INFO - 24/12/16 15:19:26 INFO BlockManagerInfo: Added rdd_35_38 in memory on 172.18.0.9:34533 (size: 46.0 B, free: 434.2 MiB)
[2024-12-16T15:19:26.642+0000] {spark_submit.py:579} INFO - 24/12/16 15:19:26 INFO TaskSetManager: Starting task 40.0 in stage 9.0 (TID 48) (172.18.0.9, executor 0, partition 40, PROCESS_LOCAL, 4446 bytes) taskResourceAssignments Map()
[2024-12-16T15:19:26.643+0000] {spark_submit.py:579} INFO - 24/12/16 15:19:26 INFO TaskSetManager: Finished task 38.0 in stage 9.0 (TID 46) in 77 ms on 172.18.0.9 (executor 0) (41/50)
[2024-12-16T15:19:26.653+0000] {spark_submit.py:579} INFO - 24/12/16 15:19:26 INFO BlockManagerInfo: Added rdd_35_39 in memory on 172.18.0.9:34533 (size: 46.0 B, free: 434.2 MiB)
[2024-12-16T15:19:26.693+0000] {spark_submit.py:579} INFO - 24/12/16 15:19:26 INFO TaskSetManager: Starting task 41.0 in stage 9.0 (TID 49) (172.18.0.9, executor 0, partition 41, PROCESS_LOCAL, 4446 bytes) taskResourceAssignments Map()
[2024-12-16T15:19:26.695+0000] {spark_submit.py:579} INFO - 24/12/16 15:19:26 INFO TaskSetManager: Finished task 39.0 in stage 9.0 (TID 47) in 101 ms on 172.18.0.9 (executor 0) (42/50)
[2024-12-16T15:19:26.731+0000] {spark_submit.py:579} INFO - 24/12/16 15:19:26 INFO BlockManagerInfo: Added rdd_35_40 in memory on 172.18.0.9:34533 (size: 46.0 B, free: 434.2 MiB)
[2024-12-16T15:19:26.748+0000] {spark_submit.py:579} INFO - 24/12/16 15:19:26 INFO BlockManagerInfo: Added rdd_35_41 in memory on 172.18.0.9:34533 (size: 46.0 B, free: 434.2 MiB)
[2024-12-16T15:19:26.769+0000] {spark_submit.py:579} INFO - 24/12/16 15:19:26 INFO TaskSetManager: Starting task 43.0 in stage 9.0 (TID 50) (172.18.0.9, executor 0, partition 43, PROCESS_LOCAL, 4446 bytes) taskResourceAssignments Map()
[2024-12-16T15:19:26.778+0000] {spark_submit.py:579} INFO - 24/12/16 15:19:26 INFO TaskSetManager: Finished task 40.0 in stage 9.0 (TID 48) in 129 ms on 172.18.0.9 (executor 0) (43/50)
[2024-12-16T15:19:26.786+0000] {spark_submit.py:579} INFO - 24/12/16 15:19:26 INFO TaskSetManager: Starting task 44.0 in stage 9.0 (TID 51) (172.18.0.9, executor 0, partition 44, PROCESS_LOCAL, 4446 bytes) taskResourceAssignments Map()
[2024-12-16T15:19:26.787+0000] {spark_submit.py:579} INFO - 24/12/16 15:19:26 INFO TaskSetManager: Finished task 41.0 in stage 9.0 (TID 49) in 95 ms on 172.18.0.9 (executor 0) (44/50)
[2024-12-16T15:19:26.835+0000] {spark_submit.py:579} INFO - 24/12/16 15:19:26 INFO BlockManagerInfo: Added rdd_35_43 in memory on 172.18.0.9:34533 (size: 46.0 B, free: 434.2 MiB)
[2024-12-16T15:19:26.839+0000] {spark_submit.py:579} INFO - 24/12/16 15:19:26 INFO BlockManagerInfo: Added rdd_35_44 in memory on 172.18.0.9:34533 (size: 46.0 B, free: 434.2 MiB)
[2024-12-16T15:19:26.862+0000] {spark_submit.py:579} INFO - 24/12/16 15:19:26 INFO TaskSetManager: Starting task 45.0 in stage 9.0 (TID 52) (172.18.0.9, executor 0, partition 45, PROCESS_LOCAL, 4446 bytes) taskResourceAssignments Map()
[2024-12-16T15:19:26.863+0000] {spark_submit.py:579} INFO - 24/12/16 15:19:26 INFO TaskSetManager: Finished task 44.0 in stage 9.0 (TID 51) in 77 ms on 172.18.0.9 (executor 0) (45/50)
[2024-12-16T15:19:26.867+0000] {spark_submit.py:579} INFO - 24/12/16 15:19:26 INFO TaskSetManager: Starting task 46.0 in stage 9.0 (TID 53) (172.18.0.9, executor 0, partition 46, PROCESS_LOCAL, 4446 bytes) taskResourceAssignments Map()
[2024-12-16T15:19:26.869+0000] {spark_submit.py:579} INFO - 24/12/16 15:19:26 INFO TaskSetManager: Finished task 43.0 in stage 9.0 (TID 50) in 100 ms on 172.18.0.9 (executor 0) (46/50)
[2024-12-16T15:19:26.911+0000] {spark_submit.py:579} INFO - 24/12/16 15:19:26 INFO BlockManagerInfo: Added rdd_35_45 in memory on 172.18.0.9:34533 (size: 46.0 B, free: 434.2 MiB)
[2024-12-16T15:19:26.931+0000] {spark_submit.py:579} INFO - 24/12/16 15:19:26 INFO BlockManagerInfo: Added rdd_35_46 in memory on 172.18.0.9:34533 (size: 46.0 B, free: 434.2 MiB)
[2024-12-16T15:19:26.941+0000] {spark_submit.py:579} INFO - 24/12/16 15:19:26 INFO TaskSetManager: Starting task 48.0 in stage 9.0 (TID 54) (172.18.0.9, executor 0, partition 48, PROCESS_LOCAL, 4446 bytes) taskResourceAssignments Map()
[2024-12-16T15:19:26.945+0000] {spark_submit.py:579} INFO - 24/12/16 15:19:26 INFO TaskSetManager: Finished task 45.0 in stage 9.0 (TID 52) in 83 ms on 172.18.0.9 (executor 0) (47/50)
[2024-12-16T15:19:26.962+0000] {spark_submit.py:579} INFO - 24/12/16 15:19:26 INFO TaskSetManager: Starting task 49.0 in stage 9.0 (TID 55) (172.18.0.9, executor 0, partition 49, PROCESS_LOCAL, 4446 bytes) taskResourceAssignments Map()
[2024-12-16T15:19:26.967+0000] {spark_submit.py:579} INFO - 24/12/16 15:19:26 INFO TaskSetManager: Finished task 46.0 in stage 9.0 (TID 53) in 95 ms on 172.18.0.9 (executor 0) (48/50)
[2024-12-16T15:19:27.012+0000] {spark_submit.py:579} INFO - 24/12/16 15:19:27 INFO BlockManagerInfo: Added rdd_35_48 in memory on 172.18.0.9:34533 (size: 46.0 B, free: 434.2 MiB)
[2024-12-16T15:19:27.042+0000] {spark_submit.py:579} INFO - 24/12/16 15:19:27 INFO BlockManagerInfo: Added rdd_35_49 in memory on 172.18.0.9:34533 (size: 46.0 B, free: 434.2 MiB)
[2024-12-16T15:19:27.045+0000] {spark_submit.py:579} INFO - 24/12/16 15:19:27 INFO TaskSetManager: Finished task 48.0 in stage 9.0 (TID 54) in 104 ms on 172.18.0.9 (executor 0) (49/50)
[2024-12-16T15:19:27.068+0000] {spark_submit.py:579} INFO - 24/12/16 15:19:27 INFO TaskSetManager: Finished task 49.0 in stage 9.0 (TID 55) in 108 ms on 172.18.0.9 (executor 0) (50/50)
[2024-12-16T15:19:27.093+0000] {spark_submit.py:579} INFO - 24/12/16 15:19:27 INFO TaskSchedulerImpl: Removed TaskSet 9.0, whose tasks have all completed, from pool
[2024-12-16T15:19:27.099+0000] {spark_submit.py:579} INFO - 24/12/16 15:19:27 INFO DAGScheduler: ShuffleMapStage 9 (toString at String.java:2951) finished in 4.401 s
[2024-12-16T15:19:27.104+0000] {spark_submit.py:579} INFO - 24/12/16 15:19:27 INFO DAGScheduler: looking for newly runnable stages
[2024-12-16T15:19:27.108+0000] {spark_submit.py:579} INFO - 24/12/16 15:19:27 INFO DAGScheduler: running: Set()
[2024-12-16T15:19:27.111+0000] {spark_submit.py:579} INFO - 24/12/16 15:19:27 INFO DAGScheduler: waiting: Set()
[2024-12-16T15:19:27.111+0000] {spark_submit.py:579} INFO - 24/12/16 15:19:27 INFO DAGScheduler: failed: Set()
[2024-12-16T15:19:27.160+0000] {spark_submit.py:579} INFO - 24/12/16 15:19:27 INFO BlockManagerInfo: Removed broadcast_9_piece0 on 172.18.0.9:34533 in memory (size: 102.7 KiB, free: 434.3 MiB)
[2024-12-16T15:19:27.173+0000] {spark_submit.py:579} INFO - 24/12/16 15:19:27 INFO SparkContext: Starting job: toString at String.java:2951
[2024-12-16T15:19:27.176+0000] {spark_submit.py:579} INFO - 24/12/16 15:19:27 INFO DAGScheduler: Got job 8 (toString at String.java:2951) with 1 output partitions
[2024-12-16T15:19:27.177+0000] {spark_submit.py:579} INFO - 24/12/16 15:19:27 INFO DAGScheduler: Final stage: ResultStage 12 (toString at String.java:2951)
[2024-12-16T15:19:27.178+0000] {spark_submit.py:579} INFO - 24/12/16 15:19:27 INFO DAGScheduler: Parents of final stage: List(ShuffleMapStage 11)
[2024-12-16T15:19:27.185+0000] {spark_submit.py:579} INFO - 24/12/16 15:19:27 INFO DAGScheduler: Missing parents: List()
[2024-12-16T15:19:27.186+0000] {spark_submit.py:579} INFO - 24/12/16 15:19:27 INFO DAGScheduler: Submitting ResultStage 12 (MapPartitionsRDD[41] at toString at String.java:2951), which has no missing parents
[2024-12-16T15:19:27.188+0000] {spark_submit.py:579} INFO - 24/12/16 15:19:27 INFO BlockManagerInfo: Removed broadcast_9_piece0 on a2b73f6a4b3a:42189 in memory (size: 102.7 KiB, free: 434.3 MiB)
[2024-12-16T15:19:27.192+0000] {spark_submit.py:579} INFO - 24/12/16 15:19:27 INFO MemoryStore: Block broadcast_10 stored as values in memory (estimated size 372.3 KiB, free 433.3 MiB)
[2024-12-16T15:19:27.196+0000] {spark_submit.py:579} INFO - 24/12/16 15:19:27 INFO MemoryStore: Block broadcast_10_piece0 stored as bytes in memory (estimated size 91.6 KiB, free 433.2 MiB)
[2024-12-16T15:19:27.199+0000] {spark_submit.py:579} INFO - 24/12/16 15:19:27 INFO BlockManagerInfo: Added broadcast_10_piece0 in memory on a2b73f6a4b3a:42189 (size: 91.6 KiB, free: 434.2 MiB)
[2024-12-16T15:19:27.201+0000] {spark_submit.py:579} INFO - 24/12/16 15:19:27 INFO SparkContext: Created broadcast 10 from broadcast at DAGScheduler.scala:1513
[2024-12-16T15:19:27.205+0000] {spark_submit.py:579} INFO - 24/12/16 15:19:27 INFO DAGScheduler: Submitting 1 missing tasks from ResultStage 12 (MapPartitionsRDD[41] at toString at String.java:2951) (first 15 tasks are for partitions Vector(0))
[2024-12-16T15:19:27.207+0000] {spark_submit.py:579} INFO - 24/12/16 15:19:27 INFO TaskSchedulerImpl: Adding task set 12.0 with 1 tasks resource profile 0
[2024-12-16T15:19:27.213+0000] {spark_submit.py:579} INFO - 24/12/16 15:19:27 INFO TaskSetManager: Starting task 0.0 in stage 12.0 (TID 56) (172.18.0.9, executor 0, partition 0, NODE_LOCAL, 4457 bytes) taskResourceAssignments Map()
[2024-12-16T15:19:27.248+0000] {spark_submit.py:579} INFO - 24/12/16 15:19:27 INFO BlockManagerInfo: Added broadcast_10_piece0 in memory on 172.18.0.9:34533 (size: 91.6 KiB, free: 434.2 MiB)
[2024-12-16T15:19:27.280+0000] {spark_submit.py:579} INFO - 24/12/16 15:19:27 INFO MapOutputTrackerMasterEndpoint: Asked to send map output locations for shuffle 3 to 172.18.0.9:56474
[2024-12-16T15:19:27.346+0000] {spark_submit.py:579} INFO - 24/12/16 15:19:27 INFO TaskSetManager: Finished task 0.0 in stage 12.0 (TID 56) in 136 ms on 172.18.0.9 (executor 0) (1/1)
[2024-12-16T15:19:27.347+0000] {spark_submit.py:579} INFO - 24/12/16 15:19:27 INFO TaskSchedulerImpl: Removed TaskSet 12.0, whose tasks have all completed, from pool
[2024-12-16T15:19:27.348+0000] {spark_submit.py:579} INFO - 24/12/16 15:19:27 INFO DAGScheduler: ResultStage 12 (toString at String.java:2951) finished in 0.165 s
[2024-12-16T15:19:27.348+0000] {spark_submit.py:579} INFO - 24/12/16 15:19:27 INFO DAGScheduler: Job 8 is finished. Cancelling potential speculative or zombie tasks for this job
[2024-12-16T15:19:27.349+0000] {spark_submit.py:579} INFO - 24/12/16 15:19:27 INFO TaskSchedulerImpl: Killing all running tasks in stage 12: Stage finished
[2024-12-16T15:19:27.349+0000] {spark_submit.py:579} INFO - 24/12/16 15:19:27 INFO DAGScheduler: Job 8 finished: toString at String.java:2951, took 0.173879 s
[2024-12-16T15:19:27.408+0000] {spark_submit.py:579} INFO - 24/12/16 15:19:27 INFO CodeGenerator: Code generated in 36.500836 ms
[2024-12-16T15:19:27.417+0000] {spark_submit.py:579} INFO - 24/12/16 15:19:27 INFO Snapshot: [tableId=b89a8278-e193-446b-b46f-71192bdd99c7] DELTA: Done
[2024-12-16T15:19:27.418+0000] {spark_submit.py:579} INFO - 24/12/16 15:19:27 INFO Snapshot: [tableId=b89a8278-e193-446b-b46f-71192bdd99c7] Created snapshot Snapshot(path=s3a://lakehouse/sliver/ratings/_delta_log, version=0, metadata=Metadata(11fa9f40-71a7-4c6a-a729-20152f41750f,null,null,Format(parquet,Map()),{"type":"struct","fields":[{"name":"userId","type":"integer","nullable":true,"metadata":{}},{"name":"movieId","type":"integer","nullable":true,"metadata":{}},{"name":"rating","type":"float","nullable":true,"metadata":{}},{"name":"timestamp","type":"integer","nullable":true,"metadata":{}}]},List(),Map(),Some(1734362355523)), logSegment=LogSegment(s3a://lakehouse/sliver/ratings/_delta_log,0,WrappedArray(S3AFileStatus{path=s3a://lakehouse/sliver/ratings/_delta_log/00000000000000000000.json; isDirectory=false; length=1405; replication=1; blocksize=33554432; modification_time=1734362359546; access_time=0; owner=***; group=***; permission=rw-rw-rw-; isSymlink=false; hasAcl=false; isEncrypted=true; isErasureCoded=false} isEmptyDirectory=FALSE eTag=d8c77394d305f2daeeeb65877c8c2c4a versionId=null),List(),None,1734362359546), checksumOpt=None)
[2024-12-16T15:19:27.421+0000] {spark_submit.py:579} INFO - 24/12/16 15:19:27 INFO DeltaLog: Updated snapshot to Snapshot(path=s3a://lakehouse/sliver/ratings/_delta_log, version=0, metadata=Metadata(11fa9f40-71a7-4c6a-a729-20152f41750f,null,null,Format(parquet,Map()),{"type":"struct","fields":[{"name":"userId","type":"integer","nullable":true,"metadata":{}},{"name":"movieId","type":"integer","nullable":true,"metadata":{}},{"name":"rating","type":"float","nullable":true,"metadata":{}},{"name":"timestamp","type":"integer","nullable":true,"metadata":{}}]},List(),Map(),Some(1734362355523)), logSegment=LogSegment(s3a://lakehouse/sliver/ratings/_delta_log,0,WrappedArray(S3AFileStatus{path=s3a://lakehouse/sliver/ratings/_delta_log/00000000000000000000.json; isDirectory=false; length=1405; replication=1; blocksize=33554432; modification_time=1734362359546; access_time=0; owner=***; group=***; permission=rw-rw-rw-; isSymlink=false; hasAcl=false; isEncrypted=true; isErasureCoded=false} isEmptyDirectory=FALSE eTag=d8c77394d305f2daeeeb65877c8c2c4a versionId=null),List(),None,1734362359546), checksumOpt=None)
[2024-12-16T15:19:27.456+0000] {spark_submit.py:579} INFO - 24/12/16 15:19:27 INFO OptimisticTransaction: [tableId=b89a8278,txnId=625540c6] Committed delta #0 to s3a://lakehouse/sliver/ratings/_delta_log
[2024-12-16T15:19:27.461+0000] {spark_submit.py:579} INFO - 2024-12-16 15:19:27,461 INFO: Data cleaning and saving process completed successfully.
[2024-12-16T15:19:27.471+0000] {spark_submit.py:579} INFO - 24/12/16 15:19:27 INFO SparkUI: Stopped Spark web UI at http://a2b73f6a4b3a:4042
[2024-12-16T15:19:27.475+0000] {spark_submit.py:579} INFO - 24/12/16 15:19:27 INFO StandaloneSchedulerBackend: Shutting down all executors
[2024-12-16T15:19:27.475+0000] {spark_submit.py:579} INFO - 24/12/16 15:19:27 INFO CoarseGrainedSchedulerBackend$DriverEndpoint: Asking each executor to shut down
[2024-12-16T15:19:27.505+0000] {spark_submit.py:579} INFO - 24/12/16 15:19:27 INFO MapOutputTrackerMasterEndpoint: MapOutputTrackerMasterEndpoint stopped!
[2024-12-16T15:19:27.546+0000] {spark_submit.py:579} INFO - 24/12/16 15:19:27 INFO MemoryStore: MemoryStore cleared
[2024-12-16T15:19:27.547+0000] {spark_submit.py:579} INFO - 24/12/16 15:19:27 INFO BlockManager: BlockManager stopped
[2024-12-16T15:19:27.557+0000] {spark_submit.py:579} INFO - 24/12/16 15:19:27 INFO BlockManagerMaster: BlockManagerMaster stopped
[2024-12-16T15:19:27.562+0000] {spark_submit.py:579} INFO - 24/12/16 15:19:27 INFO OutputCommitCoordinator$OutputCommitCoordinatorEndpoint: OutputCommitCoordinator stopped!
[2024-12-16T15:19:27.599+0000] {spark_submit.py:579} INFO - 24/12/16 15:19:27 INFO SparkContext: Successfully stopped SparkContext
[2024-12-16T15:19:28.473+0000] {spark_submit.py:579} INFO - 2024-12-16 15:19:28,473 INFO: Closing down clientserver connection
[2024-12-16T15:19:28.572+0000] {spark_submit.py:579} INFO - 24/12/16 15:19:28 INFO ShutdownHookManager: Shutdown hook called
[2024-12-16T15:19:28.573+0000] {spark_submit.py:579} INFO - 24/12/16 15:19:28 INFO ShutdownHookManager: Deleting directory /tmp/spark-09b04338-5cde-46d8-9645-1b436358bce2
[2024-12-16T15:19:28.577+0000] {spark_submit.py:579} INFO - 24/12/16 15:19:28 INFO ShutdownHookManager: Deleting directory /tmp/spark-53c2f8a3-900b-4202-8638-3acb7e7d3417/pyspark-0692065f-6570-4bbc-a5bd-5d366714d198
[2024-12-16T15:19:28.581+0000] {spark_submit.py:579} INFO - 24/12/16 15:19:28 INFO ShutdownHookManager: Deleting directory /tmp/spark-53c2f8a3-900b-4202-8638-3acb7e7d3417
[2024-12-16T15:19:28.588+0000] {spark_submit.py:579} INFO - 24/12/16 15:19:28 INFO MetricsSystemImpl: Stopping s3a-file-system metrics system...
[2024-12-16T15:19:28.589+0000] {spark_submit.py:579} INFO - 24/12/16 15:19:28 INFO MetricsSystemImpl: s3a-file-system metrics system stopped.
[2024-12-16T15:19:28.589+0000] {spark_submit.py:579} INFO - 24/12/16 15:19:28 INFO MetricsSystemImpl: s3a-file-system metrics system shutdown complete.
[2024-12-16T15:19:28.668+0000] {taskinstance.py:1400} INFO - Marking task as SUCCESS. dag_id=All_Layer, task_id=clean_rating, execution_date=20241216T151625, start_date=20241216T151646, end_date=20241216T151928
[2024-12-16T15:19:28.733+0000] {local_task_job_runner.py:228} INFO - Task exited with return code 0
[2024-12-16T15:19:28.763+0000] {taskinstance.py:2778} INFO - 0 downstream tasks scheduled from follow-on schedule check
