[2024-11-02T04:04:55.491+0000] {taskinstance.py:1157} INFO - Dependencies all met for dep_context=non-requeueable deps ti=<TaskInstance: mergeeeee.merge_id manual__2024-11-02T04:04:54.192521+00:00 [queued]>
[2024-11-02T04:04:55.500+0000] {taskinstance.py:1157} INFO - Dependencies all met for dep_context=requeueable deps ti=<TaskInstance: mergeeeee.merge_id manual__2024-11-02T04:04:54.192521+00:00 [queued]>
[2024-11-02T04:04:55.500+0000] {taskinstance.py:1359} INFO - Starting attempt 1 of 2
[2024-11-02T04:04:55.514+0000] {taskinstance.py:1380} INFO - Executing <Task(SparkSubmitOperator): merge_id> on 2024-11-02 04:04:54.192521+00:00
[2024-11-02T04:04:55.519+0000] {standard_task_runner.py:57} INFO - Started process 4894 to run task
[2024-11-02T04:04:55.522+0000] {standard_task_runner.py:84} INFO - Running: ['***', 'tasks', 'run', 'mergeeeee', 'merge_id', 'manual__2024-11-02T04:04:54.192521+00:00', '--job-id', '66', '--raw', '--subdir', 'DAGS_FOLDER/merge_hihi.py', '--cfg-path', '/tmp/tmpi94ni45q']
[2024-11-02T04:04:55.526+0000] {standard_task_runner.py:85} INFO - Job 66: Subtask merge_id
[2024-11-02T04:04:55.575+0000] {task_command.py:415} INFO - Running <TaskInstance: mergeeeee.merge_id manual__2024-11-02T04:04:54.192521+00:00 [running]> on host ee9b80364a9a
[2024-11-02T04:04:55.655+0000] {taskinstance.py:1660} INFO - Exporting env vars: AIRFLOW_CTX_DAG_OWNER='***' AIRFLOW_CTX_DAG_ID='mergeeeee' AIRFLOW_CTX_TASK_ID='merge_id' AIRFLOW_CTX_EXECUTION_DATE='2024-11-02T04:04:54.192521+00:00' AIRFLOW_CTX_TRY_NUMBER='1' AIRFLOW_CTX_DAG_RUN_ID='manual__2024-11-02T04:04:54.192521+00:00'
[2024-11-02T04:04:55.663+0000] {base.py:73} INFO - Using connection ID 'spark-conn' for task execution.
[2024-11-02T04:04:55.666+0000] {spark_submit.py:403} INFO - Spark-Submit cmd: spark-submit --master spark://master:7077 --conf spark.sql.extensions=io.delta.sql.DeltaSparkSessionExtension --conf spark.sql.catalog.spark_catalog=org.apache.spark.sql.delta.catalog.DeltaCatalog --jars /opt/***/jars/hadoop-aws-3.3.4.jar,/opt/***/jars/s3-2.18.41.jar,/opt/***/jars/aws-java-sdk-1.12.367.jar,/opt/***/jars/delta-core_2.12-2.4.0.jar,/opt/***/jars/delta-storage-2.2.0.jar, --packages org.apache.hadoop:hadoop-aws:3.3.4 --num-executors 2 --total-executor-cores 2 --executor-cores 2 --executor-memory 2g --driver-memory 1g --name arrow-spark --deploy-mode client /opt/***/jobs/python/test_merge.py s3a://lakehouse/bronze/keywords.parquet s3a://lakehouse/bronze/movies.parquet s3a://lakehouse/bronze/credits.parquet s3a://lakehouse/silver/merged_data
[2024-11-02T04:04:55.782+0000] {spark_submit.py:579} INFO - /home/***/.local/lib/python3.11/site-packages/pyspark/bin/load-spark-env.sh: line 68: ps: command not found
[2024-11-02T04:04:57.942+0000] {spark_submit.py:579} INFO - :: loading settings :: url = jar:file:/home/***/.local/lib/python3.11/site-packages/pyspark/jars/ivy-2.5.1.jar!/org/apache/ivy/core/settings/ivysettings.xml
[2024-11-02T04:04:58.102+0000] {spark_submit.py:579} INFO - Ivy Default Cache set to: /home/***/.ivy2/cache
[2024-11-02T04:04:58.103+0000] {spark_submit.py:579} INFO - The jars for the packages stored in: /home/***/.ivy2/jars
[2024-11-02T04:04:58.109+0000] {spark_submit.py:579} INFO - org.apache.hadoop#hadoop-aws added as a dependency
[2024-11-02T04:04:58.111+0000] {spark_submit.py:579} INFO - :: resolving dependencies :: org.apache.spark#spark-submit-parent-c7eaa9b5-ad15-41e0-a67d-0cc62b1148fc;1.0
[2024-11-02T04:04:58.111+0000] {spark_submit.py:579} INFO - confs: [default]
[2024-11-02T04:04:58.270+0000] {spark_submit.py:579} INFO - found org.apache.hadoop#hadoop-aws;3.3.4 in spark-list
[2024-11-02T04:04:58.301+0000] {spark_submit.py:579} INFO - found com.amazonaws#aws-java-sdk-bundle;1.12.262 in central
[2024-11-02T04:04:58.330+0000] {spark_submit.py:579} INFO - found org.wildfly.openssl#wildfly-openssl;1.0.7.Final in central
[2024-11-02T04:04:58.359+0000] {spark_submit.py:579} INFO - :: resolution report :: resolve 237ms :: artifacts dl 12ms
[2024-11-02T04:04:58.360+0000] {spark_submit.py:579} INFO - :: modules in use:
[2024-11-02T04:04:58.361+0000] {spark_submit.py:579} INFO - com.amazonaws#aws-java-sdk-bundle;1.12.262 from central in [default]
[2024-11-02T04:04:58.362+0000] {spark_submit.py:579} INFO - org.apache.hadoop#hadoop-aws;3.3.4 from spark-list in [default]
[2024-11-02T04:04:58.363+0000] {spark_submit.py:579} INFO - org.wildfly.openssl#wildfly-openssl;1.0.7.Final from central in [default]
[2024-11-02T04:04:58.364+0000] {spark_submit.py:579} INFO - ---------------------------------------------------------------------
[2024-11-02T04:04:58.365+0000] {spark_submit.py:579} INFO - |                  |            modules            ||   artifacts   |
[2024-11-02T04:04:58.366+0000] {spark_submit.py:579} INFO - |       conf       | number| search|dwnlded|evicted|| number|dwnlded|
[2024-11-02T04:04:58.366+0000] {spark_submit.py:579} INFO - ---------------------------------------------------------------------
[2024-11-02T04:04:58.367+0000] {spark_submit.py:579} INFO - |      default     |   3   |   0   |   0   |   0   ||   3   |   0   |
[2024-11-02T04:04:58.368+0000] {spark_submit.py:579} INFO - ---------------------------------------------------------------------
[2024-11-02T04:04:58.369+0000] {spark_submit.py:579} INFO - :: retrieving :: org.apache.spark#spark-submit-parent-c7eaa9b5-ad15-41e0-a67d-0cc62b1148fc
[2024-11-02T04:04:58.370+0000] {spark_submit.py:579} INFO - confs: [default]
[2024-11-02T04:04:58.377+0000] {spark_submit.py:579} INFO - 0 artifacts copied, 3 already retrieved (0kB/9ms)
[2024-11-02T04:04:58.735+0000] {spark_submit.py:579} INFO - 24/11/02 04:04:58 WARN NativeCodeLoader: Unable to load native-hadoop library for your platform... using builtin-java classes where applicable
[2024-11-02T04:05:00.483+0000] {spark_submit.py:579} INFO - 24/11/02 04:05:00 INFO SparkContext: Running Spark version 3.4.3
[2024-11-02T04:05:00.518+0000] {spark_submit.py:579} INFO - 24/11/02 04:05:00 INFO ResourceUtils: ==============================================================
[2024-11-02T04:05:00.519+0000] {spark_submit.py:579} INFO - 24/11/02 04:05:00 INFO ResourceUtils: No custom resources configured for spark.driver.
[2024-11-02T04:05:00.520+0000] {spark_submit.py:579} INFO - 24/11/02 04:05:00 INFO ResourceUtils: ==============================================================
[2024-11-02T04:05:00.521+0000] {spark_submit.py:579} INFO - 24/11/02 04:05:00 INFO SparkContext: Submitted application: MergeData
[2024-11-02T04:05:00.552+0000] {spark_submit.py:579} INFO - 24/11/02 04:05:00 INFO ResourceProfile: Default ResourceProfile created, executor resources: Map(cores -> name: cores, amount: 2, script: , vendor: , memory -> name: memory, amount: 2048, script: , vendor: , offHeap -> name: offHeap, amount: 0, script: , vendor: ), task resources: Map(cpus -> name: cpus, amount: 1.0)
[2024-11-02T04:05:00.568+0000] {spark_submit.py:579} INFO - 24/11/02 04:05:00 INFO ResourceProfile: Limiting resource is cpus at 2 tasks per executor
[2024-11-02T04:05:00.571+0000] {spark_submit.py:579} INFO - 24/11/02 04:05:00 INFO ResourceProfileManager: Added ResourceProfile id: 0
[2024-11-02T04:05:00.647+0000] {spark_submit.py:579} INFO - 24/11/02 04:05:00 INFO SecurityManager: Changing view acls to: ***
[2024-11-02T04:05:00.648+0000] {spark_submit.py:579} INFO - 24/11/02 04:05:00 INFO SecurityManager: Changing modify acls to: ***
[2024-11-02T04:05:00.649+0000] {spark_submit.py:579} INFO - 24/11/02 04:05:00 INFO SecurityManager: Changing view acls groups to:
[2024-11-02T04:05:00.649+0000] {spark_submit.py:579} INFO - 24/11/02 04:05:00 INFO SecurityManager: Changing modify acls groups to:
[2024-11-02T04:05:00.650+0000] {spark_submit.py:579} INFO - 24/11/02 04:05:00 INFO SecurityManager: SecurityManager: authentication disabled; ui acls disabled; users with view permissions: ***; groups with view permissions: EMPTY; users with modify permissions: ***; groups with modify permissions: EMPTY
[2024-11-02T04:05:00.954+0000] {spark_submit.py:579} INFO - 24/11/02 04:05:00 INFO Utils: Successfully started service 'sparkDriver' on port 38029.
[2024-11-02T04:05:00.994+0000] {spark_submit.py:579} INFO - 24/11/02 04:05:00 INFO SparkEnv: Registering MapOutputTracker
[2024-11-02T04:05:01.037+0000] {spark_submit.py:579} INFO - 24/11/02 04:05:01 INFO SparkEnv: Registering BlockManagerMaster
[2024-11-02T04:05:01.062+0000] {spark_submit.py:579} INFO - 24/11/02 04:05:01 INFO BlockManagerMasterEndpoint: Using org.apache.spark.storage.DefaultTopologyMapper for getting topology information
[2024-11-02T04:05:01.063+0000] {spark_submit.py:579} INFO - 24/11/02 04:05:01 INFO BlockManagerMasterEndpoint: BlockManagerMasterEndpoint up
[2024-11-02T04:05:01.068+0000] {spark_submit.py:579} INFO - 24/11/02 04:05:01 INFO SparkEnv: Registering BlockManagerMasterHeartbeat
[2024-11-02T04:05:01.099+0000] {spark_submit.py:579} INFO - 24/11/02 04:05:01 INFO DiskBlockManager: Created local directory at /tmp/blockmgr-1e5a00a7-082c-4691-9c01-c186f58eb190
[2024-11-02T04:05:01.121+0000] {spark_submit.py:579} INFO - 24/11/02 04:05:01 INFO MemoryStore: MemoryStore started with capacity 434.4 MiB
[2024-11-02T04:05:01.145+0000] {spark_submit.py:579} INFO - 24/11/02 04:05:01 INFO SparkEnv: Registering OutputCommitCoordinator
[2024-11-02T04:05:01.346+0000] {spark_submit.py:579} INFO - 24/11/02 04:05:01 INFO JettyUtils: Start Jetty 0.0.0.0:4040 for SparkUI
[2024-11-02T04:05:01.457+0000] {spark_submit.py:579} INFO - 24/11/02 04:05:01 INFO Utils: Successfully started service 'SparkUI' on port 4040.
[2024-11-02T04:05:01.506+0000] {spark_submit.py:579} INFO - 24/11/02 04:05:01 INFO SparkContext: Added JAR file:///opt/***/jars/hadoop-aws-3.3.4.jar at spark://ee9b80364a9a:38029/jars/hadoop-aws-3.3.4.jar with timestamp 1730520300474
[2024-11-02T04:05:01.507+0000] {spark_submit.py:579} INFO - 24/11/02 04:05:01 INFO SparkContext: Added JAR file:///opt/***/jars/s3-2.18.41.jar at spark://ee9b80364a9a:38029/jars/s3-2.18.41.jar with timestamp 1730520300474
[2024-11-02T04:05:01.508+0000] {spark_submit.py:579} INFO - 24/11/02 04:05:01 INFO SparkContext: Added JAR file:///opt/***/jars/aws-java-sdk-1.12.367.jar at spark://ee9b80364a9a:38029/jars/aws-java-sdk-1.12.367.jar with timestamp 1730520300474
[2024-11-02T04:05:01.510+0000] {spark_submit.py:579} INFO - 24/11/02 04:05:01 INFO SparkContext: Added JAR file:///opt/***/jars/delta-core_2.12-2.4.0.jar at spark://ee9b80364a9a:38029/jars/delta-core_2.12-2.4.0.jar with timestamp 1730520300474
[2024-11-02T04:05:01.512+0000] {spark_submit.py:579} INFO - 24/11/02 04:05:01 INFO SparkContext: Added JAR file:///opt/***/jars/delta-storage-2.2.0.jar at spark://ee9b80364a9a:38029/jars/delta-storage-2.2.0.jar with timestamp 1730520300474
[2024-11-02T04:05:01.513+0000] {spark_submit.py:579} INFO - 24/11/02 04:05:01 INFO SparkContext: Added JAR file:///home/***/.ivy2/jars/org.apache.hadoop_hadoop-aws-3.3.4.jar at spark://ee9b80364a9a:38029/jars/org.apache.hadoop_hadoop-aws-3.3.4.jar with timestamp 1730520300474
[2024-11-02T04:05:01.514+0000] {spark_submit.py:579} INFO - 24/11/02 04:05:01 INFO SparkContext: Added JAR file:///home/***/.ivy2/jars/com.amazonaws_aws-java-sdk-bundle-1.12.262.jar at spark://ee9b80364a9a:38029/jars/com.amazonaws_aws-java-sdk-bundle-1.12.262.jar with timestamp 1730520300474
[2024-11-02T04:05:01.514+0000] {spark_submit.py:579} INFO - 24/11/02 04:05:01 INFO SparkContext: Added JAR file:///home/***/.ivy2/jars/org.wildfly.openssl_wildfly-openssl-1.0.7.Final.jar at spark://ee9b80364a9a:38029/jars/org.wildfly.openssl_wildfly-openssl-1.0.7.Final.jar with timestamp 1730520300474
[2024-11-02T04:05:01.517+0000] {spark_submit.py:579} INFO - 24/11/02 04:05:01 INFO SparkContext: Added file file:///home/***/.ivy2/jars/org.apache.hadoop_hadoop-aws-3.3.4.jar at spark://ee9b80364a9a:38029/files/org.apache.hadoop_hadoop-aws-3.3.4.jar with timestamp 1730520300474
[2024-11-02T04:05:01.520+0000] {spark_submit.py:579} INFO - 24/11/02 04:05:01 INFO Utils: Copying /home/***/.ivy2/jars/org.apache.hadoop_hadoop-aws-3.3.4.jar to /tmp/spark-3c050541-9271-45cf-a79b-8bd2f171f49b/userFiles-e0fb57e2-60be-4c6a-bee0-d95c37bc9179/org.apache.hadoop_hadoop-aws-3.3.4.jar
[2024-11-02T04:05:01.534+0000] {spark_submit.py:579} INFO - 24/11/02 04:05:01 INFO SparkContext: Added file file:///home/***/.ivy2/jars/com.amazonaws_aws-java-sdk-bundle-1.12.262.jar at spark://ee9b80364a9a:38029/files/com.amazonaws_aws-java-sdk-bundle-1.12.262.jar with timestamp 1730520300474
[2024-11-02T04:05:01.534+0000] {spark_submit.py:579} INFO - 24/11/02 04:05:01 INFO Utils: Copying /home/***/.ivy2/jars/com.amazonaws_aws-java-sdk-bundle-1.12.262.jar to /tmp/spark-3c050541-9271-45cf-a79b-8bd2f171f49b/userFiles-e0fb57e2-60be-4c6a-bee0-d95c37bc9179/com.amazonaws_aws-java-sdk-bundle-1.12.262.jar
[2024-11-02T04:05:01.961+0000] {spark_submit.py:579} INFO - 24/11/02 04:05:01 INFO SparkContext: Added file file:///home/***/.ivy2/jars/org.wildfly.openssl_wildfly-openssl-1.0.7.Final.jar at spark://ee9b80364a9a:38029/files/org.wildfly.openssl_wildfly-openssl-1.0.7.Final.jar with timestamp 1730520300474
[2024-11-02T04:05:01.962+0000] {spark_submit.py:579} INFO - 24/11/02 04:05:01 INFO Utils: Copying /home/***/.ivy2/jars/org.wildfly.openssl_wildfly-openssl-1.0.7.Final.jar to /tmp/spark-3c050541-9271-45cf-a79b-8bd2f171f49b/userFiles-e0fb57e2-60be-4c6a-bee0-d95c37bc9179/org.wildfly.openssl_wildfly-openssl-1.0.7.Final.jar
[2024-11-02T04:05:02.058+0000] {spark_submit.py:579} INFO - 24/11/02 04:05:02 INFO StandaloneAppClient$ClientEndpoint: Connecting to master spark://spark-master:7077...
[2024-11-02T04:05:02.107+0000] {spark_submit.py:579} INFO - 24/11/02 04:05:02 INFO TransportClientFactory: Successfully created connection to spark-master/172.19.0.3:7077 after 30 ms (0 ms spent in bootstraps)
[2024-11-02T04:05:02.221+0000] {spark_submit.py:579} INFO - 24/11/02 04:05:02 INFO StandaloneSchedulerBackend: Connected to Spark cluster with app ID app-20241102040502-0004
[2024-11-02T04:05:02.224+0000] {spark_submit.py:579} INFO - 24/11/02 04:05:02 INFO StandaloneAppClient$ClientEndpoint: Executor added: app-20241102040502-0004/0 on worker-20241102032500-172.19.0.5-40873 (172.19.0.5:40873) with 2 core(s)
[2024-11-02T04:05:02.227+0000] {spark_submit.py:579} INFO - 24/11/02 04:05:02 INFO StandaloneSchedulerBackend: Granted executor ID app-20241102040502-0004/0 on hostPort 172.19.0.5:40873 with 2 core(s), 2.0 GiB RAM
[2024-11-02T04:05:02.233+0000] {spark_submit.py:579} INFO - 24/11/02 04:05:02 INFO Utils: Successfully started service 'org.apache.spark.network.netty.NettyBlockTransferService' on port 46247.
[2024-11-02T04:05:02.234+0000] {spark_submit.py:579} INFO - 24/11/02 04:05:02 INFO NettyBlockTransferService: Server created on ee9b80364a9a:46247
[2024-11-02T04:05:02.236+0000] {spark_submit.py:579} INFO - 24/11/02 04:05:02 INFO BlockManager: Using org.apache.spark.storage.RandomBlockReplicationPolicy for block replication policy
[2024-11-02T04:05:02.245+0000] {spark_submit.py:579} INFO - 24/11/02 04:05:02 INFO BlockManagerMaster: Registering BlockManager BlockManagerId(driver, ee9b80364a9a, 46247, None)
[2024-11-02T04:05:02.251+0000] {spark_submit.py:579} INFO - 24/11/02 04:05:02 INFO BlockManagerMasterEndpoint: Registering block manager ee9b80364a9a:46247 with 434.4 MiB RAM, BlockManagerId(driver, ee9b80364a9a, 46247, None)
[2024-11-02T04:05:02.257+0000] {spark_submit.py:579} INFO - 24/11/02 04:05:02 INFO BlockManagerMaster: Registered BlockManager BlockManagerId(driver, ee9b80364a9a, 46247, None)
[2024-11-02T04:05:02.258+0000] {spark_submit.py:579} INFO - 24/11/02 04:05:02 INFO BlockManager: Initialized BlockManager: BlockManagerId(driver, ee9b80364a9a, 46247, None)
[2024-11-02T04:05:02.272+0000] {spark_submit.py:579} INFO - 24/11/02 04:05:02 INFO StandaloneAppClient$ClientEndpoint: Executor updated: app-20241102040502-0004/0 is now RUNNING
[2024-11-02T04:05:02.608+0000] {spark_submit.py:579} INFO - 24/11/02 04:05:02 INFO StandaloneSchedulerBackend: SchedulerBackend is ready for scheduling beginning after reached minRegisteredResourcesRatio: 0.0
[2024-11-02T04:05:03.037+0000] {spark_submit.py:579} INFO - 24/11/02 04:05:03 INFO SharedState: Setting hive.metastore.warehouse.dir ('null') to the value of spark.sql.warehouse.dir.
[2024-11-02T04:05:03.044+0000] {spark_submit.py:579} INFO - 24/11/02 04:05:03 INFO SharedState: Warehouse path is 'file:/opt/***/spark-warehouse'.
[2024-11-02T04:05:05.091+0000] {spark_submit.py:579} INFO - 24/11/02 04:05:05 WARN MetricsConfig: Cannot locate configuration: tried hadoop-metrics2-s3a-file-system.properties,hadoop-metrics2.properties
[2024-11-02T04:05:05.118+0000] {spark_submit.py:579} INFO - 24/11/02 04:05:05 INFO MetricsSystemImpl: Scheduled Metric snapshot period at 10 second(s).
[2024-11-02T04:05:05.119+0000] {spark_submit.py:579} INFO - 24/11/02 04:05:05 INFO MetricsSystemImpl: s3a-file-system metrics system started
[2024-11-02T04:05:05.780+0000] {spark_submit.py:579} INFO - 24/11/02 04:05:05 INFO StandaloneSchedulerBackend$StandaloneDriverEndpoint: Registered executor NettyRpcEndpointRef(spark-client://Executor) (172.19.0.5:37294) with ID 0,  ResourceProfileId 0
[2024-11-02T04:05:06.174+0000] {spark_submit.py:579} INFO - 24/11/02 04:05:06 INFO BlockManagerMasterEndpoint: Registering block manager 172.19.0.5:36979 with 1048.8 MiB RAM, BlockManagerId(0, 172.19.0.5, 36979, None)
[2024-11-02T04:05:07.772+0000] {spark_submit.py:579} INFO - 24/11/02 04:05:07 INFO InMemoryFileIndex: It took 87 ms to list leaf files for 1 paths.
[2024-11-02T04:05:11.801+0000] {spark_submit.py:579} INFO - root
[2024-11-02T04:05:11.802+0000] {spark_submit.py:579} INFO - |-- id: string (nullable = true)
[2024-11-02T04:05:11.804+0000] {spark_submit.py:579} INFO - |-- keywords: string (nullable = true)
[2024-11-02T04:05:11.805+0000] {spark_submit.py:579} INFO - |-- keyword_convert: string (nullable = false)
[2024-11-02T04:05:11.806+0000] {spark_submit.py:579} INFO - 
[2024-11-02T04:05:11.900+0000] {spark_submit.py:579} INFO - 24/11/02 04:05:11 INFO InMemoryFileIndex: It took 31 ms to list leaf files for 1 paths.
[2024-11-02T04:05:12.655+0000] {spark_submit.py:579} INFO - 24/11/02 04:05:12 INFO SparkContext: Starting job: parquet at NativeMethodAccessorImpl.java:0
[2024-11-02T04:05:12.695+0000] {spark_submit.py:579} INFO - 24/11/02 04:05:12 INFO DAGScheduler: Got job 0 (parquet at NativeMethodAccessorImpl.java:0) with 1 output partitions
[2024-11-02T04:05:12.696+0000] {spark_submit.py:579} INFO - 24/11/02 04:05:12 INFO DAGScheduler: Final stage: ResultStage 0 (parquet at NativeMethodAccessorImpl.java:0)
[2024-11-02T04:05:12.698+0000] {spark_submit.py:579} INFO - 24/11/02 04:05:12 INFO DAGScheduler: Parents of final stage: List()
[2024-11-02T04:05:12.703+0000] {spark_submit.py:579} INFO - 24/11/02 04:05:12 INFO DAGScheduler: Missing parents: List()
[2024-11-02T04:05:12.716+0000] {spark_submit.py:579} INFO - 24/11/02 04:05:12 INFO DAGScheduler: Submitting ResultStage 0 (MapPartitionsRDD[1] at parquet at NativeMethodAccessorImpl.java:0), which has no missing parents
[2024-11-02T04:05:12.842+0000] {spark_submit.py:579} INFO - 24/11/02 04:05:12 INFO MemoryStore: Block broadcast_0 stored as values in memory (estimated size 107.0 KiB, free 434.3 MiB)
[2024-11-02T04:05:12.960+0000] {spark_submit.py:579} INFO - 24/11/02 04:05:12 INFO MemoryStore: Block broadcast_0_piece0 stored as bytes in memory (estimated size 38.9 KiB, free 434.3 MiB)
[2024-11-02T04:05:12.971+0000] {spark_submit.py:579} INFO - 24/11/02 04:05:12 INFO BlockManagerInfo: Added broadcast_0_piece0 in memory on ee9b80364a9a:46247 (size: 38.9 KiB, free: 434.4 MiB)
[2024-11-02T04:05:12.980+0000] {spark_submit.py:579} INFO - 24/11/02 04:05:12 INFO SparkContext: Created broadcast 0 from broadcast at DAGScheduler.scala:1540
[2024-11-02T04:05:13.025+0000] {spark_submit.py:579} INFO - 24/11/02 04:05:13 INFO DAGScheduler: Submitting 1 missing tasks from ResultStage 0 (MapPartitionsRDD[1] at parquet at NativeMethodAccessorImpl.java:0) (first 15 tasks are for partitions Vector(0))
[2024-11-02T04:05:13.028+0000] {spark_submit.py:579} INFO - 24/11/02 04:05:13 INFO TaskSchedulerImpl: Adding task set 0.0 with 1 tasks resource profile 0
[2024-11-02T04:05:13.533+0000] {spark_submit.py:579} INFO - 24/11/02 04:05:13 INFO TaskSetManager: Starting task 0.0 in stage 0.0 (TID 0) (172.19.0.5, executor 0, partition 0, PROCESS_LOCAL, 7499 bytes)
[2024-11-02T04:05:13.761+0000] {spark_submit.py:579} INFO - 24/11/02 04:05:13 INFO BlockManagerInfo: Added broadcast_0_piece0 in memory on 172.19.0.5:36979 (size: 38.9 KiB, free: 1048.8 MiB)
[2024-11-02T04:05:15.658+0000] {spark_submit.py:579} INFO - 24/11/02 04:05:15 INFO TaskSetManager: Finished task 0.0 in stage 0.0 (TID 0) in 2138 ms on 172.19.0.5 (executor 0) (1/1)
[2024-11-02T04:05:15.661+0000] {spark_submit.py:579} INFO - 24/11/02 04:05:15 INFO TaskSchedulerImpl: Removed TaskSet 0.0, whose tasks have all completed, from pool
[2024-11-02T04:05:15.671+0000] {spark_submit.py:579} INFO - 24/11/02 04:05:15 INFO DAGScheduler: ResultStage 0 (parquet at NativeMethodAccessorImpl.java:0) finished in 2.915 s
[2024-11-02T04:05:15.678+0000] {spark_submit.py:579} INFO - 24/11/02 04:05:15 INFO DAGScheduler: Job 0 is finished. Cancelling potential speculative or zombie tasks for this job
[2024-11-02T04:05:15.679+0000] {spark_submit.py:579} INFO - 24/11/02 04:05:15 INFO TaskSchedulerImpl: Killing all running tasks in stage 0: Stage finished
[2024-11-02T04:05:15.682+0000] {spark_submit.py:579} INFO - 24/11/02 04:05:15 INFO DAGScheduler: Job 0 finished: parquet at NativeMethodAccessorImpl.java:0, took 3.026694 s
[2024-11-02T04:05:15.949+0000] {spark_submit.py:579} INFO - 24/11/02 04:05:15 INFO BlockManagerInfo: Removed broadcast_0_piece0 on ee9b80364a9a:46247 in memory (size: 38.9 KiB, free: 434.4 MiB)
[2024-11-02T04:05:15.962+0000] {spark_submit.py:579} INFO - 24/11/02 04:05:15 INFO BlockManagerInfo: Removed broadcast_0_piece0 on 172.19.0.5:36979 in memory (size: 38.9 KiB, free: 1048.8 MiB)
[2024-11-02T04:05:16.780+0000] {spark_submit.py:579} INFO - 24/11/02 04:05:16 INFO InMemoryFileIndex: It took 14 ms to list leaf files for 1 paths.
[2024-11-02T04:05:16.821+0000] {spark_submit.py:579} INFO - 24/11/02 04:05:16 INFO SparkContext: Starting job: load at NativeMethodAccessorImpl.java:0
[2024-11-02T04:05:16.822+0000] {spark_submit.py:579} INFO - 24/11/02 04:05:16 INFO DAGScheduler: Got job 1 (load at NativeMethodAccessorImpl.java:0) with 1 output partitions
[2024-11-02T04:05:16.823+0000] {spark_submit.py:579} INFO - 24/11/02 04:05:16 INFO DAGScheduler: Final stage: ResultStage 1 (load at NativeMethodAccessorImpl.java:0)
[2024-11-02T04:05:16.823+0000] {spark_submit.py:579} INFO - 24/11/02 04:05:16 INFO DAGScheduler: Parents of final stage: List()
[2024-11-02T04:05:16.824+0000] {spark_submit.py:579} INFO - 24/11/02 04:05:16 INFO DAGScheduler: Missing parents: List()
[2024-11-02T04:05:16.826+0000] {spark_submit.py:579} INFO - 24/11/02 04:05:16 INFO DAGScheduler: Submitting ResultStage 1 (MapPartitionsRDD[3] at load at NativeMethodAccessorImpl.java:0), which has no missing parents
[2024-11-02T04:05:16.835+0000] {spark_submit.py:579} INFO - 24/11/02 04:05:16 INFO MemoryStore: Block broadcast_1 stored as values in memory (estimated size 107.0 KiB, free 434.3 MiB)
[2024-11-02T04:05:16.842+0000] {spark_submit.py:579} INFO - 24/11/02 04:05:16 INFO MemoryStore: Block broadcast_1_piece0 stored as bytes in memory (estimated size 38.9 KiB, free 434.3 MiB)
[2024-11-02T04:05:16.843+0000] {spark_submit.py:579} INFO - 24/11/02 04:05:16 INFO BlockManagerInfo: Added broadcast_1_piece0 in memory on ee9b80364a9a:46247 (size: 38.9 KiB, free: 434.4 MiB)
[2024-11-02T04:05:16.844+0000] {spark_submit.py:579} INFO - 24/11/02 04:05:16 INFO SparkContext: Created broadcast 1 from broadcast at DAGScheduler.scala:1540
[2024-11-02T04:05:16.845+0000] {spark_submit.py:579} INFO - 24/11/02 04:05:16 INFO DAGScheduler: Submitting 1 missing tasks from ResultStage 1 (MapPartitionsRDD[3] at load at NativeMethodAccessorImpl.java:0) (first 15 tasks are for partitions Vector(0))
[2024-11-02T04:05:16.846+0000] {spark_submit.py:579} INFO - 24/11/02 04:05:16 INFO TaskSchedulerImpl: Adding task set 1.0 with 1 tasks resource profile 0
[2024-11-02T04:05:16.848+0000] {spark_submit.py:579} INFO - 24/11/02 04:05:16 INFO TaskSetManager: Starting task 0.0 in stage 1.0 (TID 1) (172.19.0.5, executor 0, partition 0, PROCESS_LOCAL, 7500 bytes)
[2024-11-02T04:05:16.885+0000] {spark_submit.py:579} INFO - 24/11/02 04:05:16 INFO BlockManagerInfo: Added broadcast_1_piece0 in memory on 172.19.0.5:36979 (size: 38.9 KiB, free: 1048.8 MiB)
[2024-11-02T04:05:16.938+0000] {spark_submit.py:579} INFO - 24/11/02 04:05:16 INFO TaskSetManager: Finished task 0.0 in stage 1.0 (TID 1) in 90 ms on 172.19.0.5 (executor 0) (1/1)
[2024-11-02T04:05:16.938+0000] {spark_submit.py:579} INFO - 24/11/02 04:05:16 INFO TaskSchedulerImpl: Removed TaskSet 1.0, whose tasks have all completed, from pool
[2024-11-02T04:05:16.939+0000] {spark_submit.py:579} INFO - 24/11/02 04:05:16 INFO DAGScheduler: ResultStage 1 (load at NativeMethodAccessorImpl.java:0) finished in 0.112 s
[2024-11-02T04:05:16.940+0000] {spark_submit.py:579} INFO - 24/11/02 04:05:16 INFO DAGScheduler: Job 1 is finished. Cancelling potential speculative or zombie tasks for this job
[2024-11-02T04:05:16.940+0000] {spark_submit.py:579} INFO - 24/11/02 04:05:16 INFO TaskSchedulerImpl: Killing all running tasks in stage 1: Stage finished
[2024-11-02T04:05:16.941+0000] {spark_submit.py:579} INFO - 24/11/02 04:05:16 INFO DAGScheduler: Job 1 finished: load at NativeMethodAccessorImpl.java:0, took 0.118888 s
[2024-11-02T04:05:17.162+0000] {spark_submit.py:579} INFO - root
[2024-11-02T04:05:17.162+0000] {spark_submit.py:579} INFO - |-- id: string (nullable = true)
[2024-11-02T04:05:17.163+0000] {spark_submit.py:579} INFO - |-- cast_names: string (nullable = false)
[2024-11-02T04:05:17.164+0000] {spark_submit.py:579} INFO - |-- director: string (nullable = true)
[2024-11-02T04:05:17.164+0000] {spark_submit.py:579} INFO - 
[2024-11-02T04:05:17.165+0000] {spark_submit.py:579} INFO - 24/11/02 04:05:17 INFO SparkContext: SparkContext is stopping with exitCode 0.
[2024-11-02T04:05:17.181+0000] {spark_submit.py:579} INFO - 24/11/02 04:05:17 INFO SparkUI: Stopped Spark web UI at http://ee9b80364a9a:4040
[2024-11-02T04:05:17.191+0000] {spark_submit.py:579} INFO - 24/11/02 04:05:17 INFO StandaloneSchedulerBackend: Shutting down all executors
[2024-11-02T04:05:17.192+0000] {spark_submit.py:579} INFO - 24/11/02 04:05:17 INFO StandaloneSchedulerBackend$StandaloneDriverEndpoint: Asking each executor to shut down
[2024-11-02T04:05:17.231+0000] {spark_submit.py:579} INFO - 24/11/02 04:05:17 INFO MapOutputTrackerMasterEndpoint: MapOutputTrackerMasterEndpoint stopped!
[2024-11-02T04:05:17.256+0000] {spark_submit.py:579} INFO - 24/11/02 04:05:17 INFO MemoryStore: MemoryStore cleared
[2024-11-02T04:05:17.257+0000] {spark_submit.py:579} INFO - 24/11/02 04:05:17 INFO BlockManager: BlockManager stopped
[2024-11-02T04:05:17.274+0000] {spark_submit.py:579} INFO - 24/11/02 04:05:17 INFO BlockManagerMaster: BlockManagerMaster stopped
[2024-11-02T04:05:17.279+0000] {spark_submit.py:579} INFO - 24/11/02 04:05:17 INFO OutputCommitCoordinator$OutputCommitCoordinatorEndpoint: OutputCommitCoordinator stopped!
[2024-11-02T04:05:17.359+0000] {spark_submit.py:579} INFO - 24/11/02 04:05:17 INFO SparkContext: Successfully stopped SparkContext
[2024-11-02T04:05:17.812+0000] {spark_submit.py:579} INFO - 24/11/02 04:05:17 INFO ShutdownHookManager: Shutdown hook called
[2024-11-02T04:05:17.813+0000] {spark_submit.py:579} INFO - 24/11/02 04:05:17 INFO ShutdownHookManager: Deleting directory /tmp/spark-913cbe1d-4262-400d-8b03-130fd4d2ef01
[2024-11-02T04:05:17.816+0000] {spark_submit.py:579} INFO - 24/11/02 04:05:17 INFO ShutdownHookManager: Deleting directory /tmp/spark-3c050541-9271-45cf-a79b-8bd2f171f49b/pyspark-d1995237-cafc-4e59-9f4b-6ca89963536c
[2024-11-02T04:05:17.820+0000] {spark_submit.py:579} INFO - 24/11/02 04:05:17 INFO ShutdownHookManager: Deleting directory /tmp/spark-3c050541-9271-45cf-a79b-8bd2f171f49b
[2024-11-02T04:05:17.828+0000] {spark_submit.py:579} INFO - 24/11/02 04:05:17 INFO MetricsSystemImpl: Stopping s3a-file-system metrics system...
[2024-11-02T04:05:17.829+0000] {spark_submit.py:579} INFO - 24/11/02 04:05:17 INFO MetricsSystemImpl: s3a-file-system metrics system stopped.
[2024-11-02T04:05:17.829+0000] {spark_submit.py:579} INFO - 24/11/02 04:05:17 INFO MetricsSystemImpl: s3a-file-system metrics system shutdown complete.
[2024-11-02T04:05:17.893+0000] {taskinstance.py:1398} INFO - Marking task as SUCCESS. dag_id=mergeeeee, task_id=merge_id, execution_date=20241102T040454, start_date=20241102T040455, end_date=20241102T040517
[2024-11-02T04:05:17.953+0000] {local_task_job_runner.py:228} INFO - Task exited with return code 0
[2024-11-02T04:05:17.968+0000] {taskinstance.py:2776} INFO - 0 downstream tasks scheduled from follow-on schedule check
