[2024-10-11T18:16:00.733+0000] {taskinstance.py:1157} INFO - Dependencies all met for dep_context=non-requeueable deps ti=<TaskInstance: spark_processing_dag1111.silver_cleaned_movies manual__2024-10-11T18:10:40.333634+00:00 [queued]>
[2024-10-11T18:16:00.741+0000] {taskinstance.py:1157} INFO - Dependencies all met for dep_context=requeueable deps ti=<TaskInstance: spark_processing_dag1111.silver_cleaned_movies manual__2024-10-11T18:10:40.333634+00:00 [queued]>
[2024-10-11T18:16:00.742+0000] {taskinstance.py:1359} INFO - Starting attempt 2 of 2
[2024-10-11T18:16:00.753+0000] {taskinstance.py:1380} INFO - Executing <Task(SparkSubmitOperator): silver_cleaned_movies> on 2024-10-11 18:10:40.333634+00:00
[2024-10-11T18:16:00.758+0000] {standard_task_runner.py:57} INFO - Started process 24498 to run task
[2024-10-11T18:16:00.760+0000] {standard_task_runner.py:84} INFO - Running: ['***', 'tasks', 'run', 'spark_processing_dag1111', 'silver_cleaned_movies', 'manual__2024-10-11T18:10:40.333634+00:00', '--job-id', '73', '--raw', '--subdir', 'DAGS_FOLDER/movie.py', '--cfg-path', '/tmp/tmp6gitxogv']
[2024-10-11T18:16:00.762+0000] {standard_task_runner.py:85} INFO - Job 73: Subtask silver_cleaned_movies
[2024-10-11T18:16:00.807+0000] {task_command.py:415} INFO - Running <TaskInstance: spark_processing_dag1111.silver_cleaned_movies manual__2024-10-11T18:10:40.333634+00:00 [running]> on host 84076e7a47fe
[2024-10-11T18:16:00.874+0000] {taskinstance.py:1660} INFO - Exporting env vars: AIRFLOW_CTX_DAG_OWNER='***' AIRFLOW_CTX_DAG_ID='spark_processing_dag1111' AIRFLOW_CTX_TASK_ID='silver_cleaned_movies' AIRFLOW_CTX_EXECUTION_DATE='2024-10-11T18:10:40.333634+00:00' AIRFLOW_CTX_TRY_NUMBER='2' AIRFLOW_CTX_DAG_RUN_ID='manual__2024-10-11T18:10:40.333634+00:00'
[2024-10-11T18:16:00.883+0000] {base.py:73} INFO - Using connection ID 'spark-conn' for task execution.
[2024-10-11T18:16:00.886+0000] {spark_submit.py:403} INFO - Spark-Submit cmd: spark-submit --master spark://spark-master:7077 --conf spark.sql.extensions=io.delta.sql.DeltaSparkSessionExtension --conf spark.sql.catalog.spark_catalog=org.apache.spark.sql.delta.catalog.DeltaCatalog --jars /opt/***/jars/hadoop-aws-3.3.4.jar,/opt/***/jars/s3-2.18.41.jar,/opt/***/jars/aws-java-sdk-1.12.367.jar,/opt/***/jars/delta-core_2.12-2.4.0.jar,/opt/***/jars/delta-storage-2.2.0.jar, --packages org.apache.hadoop:hadoop-aws:3.3.4 --num-executors 2 --total-executor-cores 2 --executor-cores 2 --executor-memory 2g --driver-memory 1g --name arrow-spark --deploy-mode client /opt/***/jobs/python/test_movies.py s3a://lakehouse/bronze/movies.parquet s3a://lakehouse/silver
[2024-10-11T18:16:00.974+0000] {spark_submit.py:579} INFO - /home/***/.local/lib/python3.11/site-packages/pyspark/bin/load-spark-env.sh: line 68: ps: command not found
[2024-10-11T18:16:02.701+0000] {spark_submit.py:579} INFO - :: loading settings :: url = jar:file:/home/***/.local/lib/python3.11/site-packages/pyspark/jars/ivy-2.5.1.jar!/org/apache/ivy/core/settings/ivysettings.xml
[2024-10-11T18:16:02.882+0000] {spark_submit.py:579} INFO - Ivy Default Cache set to: /home/***/.ivy2/cache
[2024-10-11T18:16:02.883+0000] {spark_submit.py:579} INFO - The jars for the packages stored in: /home/***/.ivy2/jars
[2024-10-11T18:16:02.890+0000] {spark_submit.py:579} INFO - org.apache.hadoop#hadoop-aws added as a dependency
[2024-10-11T18:16:02.891+0000] {spark_submit.py:579} INFO - :: resolving dependencies :: org.apache.spark#spark-submit-parent-17140a88-681d-4d75-a4cf-a903b1ef4c3d;1.0
[2024-10-11T18:16:02.892+0000] {spark_submit.py:579} INFO - confs: [default]
[2024-10-11T18:16:03.033+0000] {spark_submit.py:579} INFO - found org.apache.hadoop#hadoop-aws;3.3.4 in spark-list
[2024-10-11T18:16:03.071+0000] {spark_submit.py:579} INFO - found com.amazonaws#aws-java-sdk-bundle;1.12.262 in central
[2024-10-11T18:16:03.099+0000] {spark_submit.py:579} INFO - found org.wildfly.openssl#wildfly-openssl;1.0.7.Final in central
[2024-10-11T18:16:03.122+0000] {spark_submit.py:579} INFO - :: resolution report :: resolve 223ms :: artifacts dl 8ms
[2024-10-11T18:16:03.123+0000] {spark_submit.py:579} INFO - :: modules in use:
[2024-10-11T18:16:03.123+0000] {spark_submit.py:579} INFO - com.amazonaws#aws-java-sdk-bundle;1.12.262 from central in [default]
[2024-10-11T18:16:03.124+0000] {spark_submit.py:579} INFO - org.apache.hadoop#hadoop-aws;3.3.4 from spark-list in [default]
[2024-10-11T18:16:03.124+0000] {spark_submit.py:579} INFO - org.wildfly.openssl#wildfly-openssl;1.0.7.Final from central in [default]
[2024-10-11T18:16:03.125+0000] {spark_submit.py:579} INFO - ---------------------------------------------------------------------
[2024-10-11T18:16:03.125+0000] {spark_submit.py:579} INFO - |                  |            modules            ||   artifacts   |
[2024-10-11T18:16:03.126+0000] {spark_submit.py:579} INFO - |       conf       | number| search|dwnlded|evicted|| number|dwnlded|
[2024-10-11T18:16:03.127+0000] {spark_submit.py:579} INFO - ---------------------------------------------------------------------
[2024-10-11T18:16:03.129+0000] {spark_submit.py:579} INFO - |      default     |   3   |   0   |   0   |   0   ||   3   |   0   |
[2024-10-11T18:16:03.130+0000] {spark_submit.py:579} INFO - ---------------------------------------------------------------------
[2024-10-11T18:16:03.131+0000] {spark_submit.py:579} INFO - :: retrieving :: org.apache.spark#spark-submit-parent-17140a88-681d-4d75-a4cf-a903b1ef4c3d
[2024-10-11T18:16:03.132+0000] {spark_submit.py:579} INFO - confs: [default]
[2024-10-11T18:16:03.139+0000] {spark_submit.py:579} INFO - 0 artifacts copied, 3 already retrieved (0kB/10ms)
[2024-10-11T18:16:03.342+0000] {spark_submit.py:579} INFO - 24/10/11 18:16:03 WARN NativeCodeLoader: Unable to load native-hadoop library for your platform... using builtin-java classes where applicable
[2024-10-11T18:16:04.560+0000] {spark_submit.py:579} INFO - 2024-10-11 18:16:04,560 INFO: Initializing Spark session...
[2024-10-11T18:16:04.711+0000] {spark_submit.py:579} INFO - 24/10/11 18:16:04 INFO SparkContext: Running Spark version 3.4.3
[2024-10-11T18:16:04.742+0000] {spark_submit.py:579} INFO - 24/10/11 18:16:04 INFO ResourceUtils: ==============================================================
[2024-10-11T18:16:04.743+0000] {spark_submit.py:579} INFO - 24/10/11 18:16:04 INFO ResourceUtils: No custom resources configured for spark.driver.
[2024-10-11T18:16:04.744+0000] {spark_submit.py:579} INFO - 24/10/11 18:16:04 INFO ResourceUtils: ==============================================================
[2024-10-11T18:16:04.744+0000] {spark_submit.py:579} INFO - 24/10/11 18:16:04 INFO SparkContext: Submitted application: CleanMovies
[2024-10-11T18:16:04.776+0000] {spark_submit.py:579} INFO - 24/10/11 18:16:04 INFO ResourceProfile: Default ResourceProfile created, executor resources: Map(cores -> name: cores, amount: 2, script: , vendor: , memory -> name: memory, amount: 2048, script: , vendor: , offHeap -> name: offHeap, amount: 0, script: , vendor: ), task resources: Map(cpus -> name: cpus, amount: 1.0)
[2024-10-11T18:16:04.789+0000] {spark_submit.py:579} INFO - 24/10/11 18:16:04 INFO ResourceProfile: Limiting resource is cpus at 2 tasks per executor
[2024-10-11T18:16:04.791+0000] {spark_submit.py:579} INFO - 24/10/11 18:16:04 INFO ResourceProfileManager: Added ResourceProfile id: 0
[2024-10-11T18:16:04.850+0000] {spark_submit.py:579} INFO - 24/10/11 18:16:04 INFO SecurityManager: Changing view acls to: ***
[2024-10-11T18:16:04.850+0000] {spark_submit.py:579} INFO - 24/10/11 18:16:04 INFO SecurityManager: Changing modify acls to: ***
[2024-10-11T18:16:04.851+0000] {spark_submit.py:579} INFO - 24/10/11 18:16:04 INFO SecurityManager: Changing view acls groups to:
[2024-10-11T18:16:04.852+0000] {spark_submit.py:579} INFO - 24/10/11 18:16:04 INFO SecurityManager: Changing modify acls groups to:
[2024-10-11T18:16:04.853+0000] {spark_submit.py:579} INFO - 24/10/11 18:16:04 INFO SecurityManager: SecurityManager: authentication disabled; ui acls disabled; users with view permissions: ***; groups with view permissions: EMPTY; users with modify permissions: ***; groups with modify permissions: EMPTY
[2024-10-11T18:16:05.111+0000] {spark_submit.py:579} INFO - 24/10/11 18:16:05 INFO Utils: Successfully started service 'sparkDriver' on port 39559.
[2024-10-11T18:16:05.149+0000] {spark_submit.py:579} INFO - 24/10/11 18:16:05 INFO SparkEnv: Registering MapOutputTracker
[2024-10-11T18:16:05.184+0000] {spark_submit.py:579} INFO - 24/10/11 18:16:05 INFO SparkEnv: Registering BlockManagerMaster
[2024-10-11T18:16:05.205+0000] {spark_submit.py:579} INFO - 24/10/11 18:16:05 INFO BlockManagerMasterEndpoint: Using org.apache.spark.storage.DefaultTopologyMapper for getting topology information
[2024-10-11T18:16:05.206+0000] {spark_submit.py:579} INFO - 24/10/11 18:16:05 INFO BlockManagerMasterEndpoint: BlockManagerMasterEndpoint up
[2024-10-11T18:16:05.210+0000] {spark_submit.py:579} INFO - 24/10/11 18:16:05 INFO SparkEnv: Registering BlockManagerMasterHeartbeat
[2024-10-11T18:16:05.231+0000] {spark_submit.py:579} INFO - 24/10/11 18:16:05 INFO DiskBlockManager: Created local directory at /tmp/blockmgr-f5d0ed7f-2814-4e23-8175-c8bf988a6db3
[2024-10-11T18:16:05.247+0000] {spark_submit.py:579} INFO - 24/10/11 18:16:05 INFO MemoryStore: MemoryStore started with capacity 434.4 MiB
[2024-10-11T18:16:05.277+0000] {spark_submit.py:579} INFO - 24/10/11 18:16:05 INFO SparkEnv: Registering OutputCommitCoordinator
[2024-10-11T18:16:05.425+0000] {spark_submit.py:579} INFO - 24/10/11 18:16:05 INFO JettyUtils: Start Jetty 0.0.0.0:4040 for SparkUI
[2024-10-11T18:16:05.488+0000] {spark_submit.py:579} INFO - 24/10/11 18:16:05 INFO Utils: Successfully started service 'SparkUI' on port 4040.
[2024-10-11T18:16:05.528+0000] {spark_submit.py:579} INFO - 24/10/11 18:16:05 INFO SparkContext: Added JAR file:///opt/***/jars/hadoop-aws-3.3.4.jar at spark://84076e7a47fe:39559/jars/hadoop-aws-3.3.4.jar with timestamp 1728670564700
[2024-10-11T18:16:05.530+0000] {spark_submit.py:579} INFO - 24/10/11 18:16:05 INFO SparkContext: Added JAR file:///opt/***/jars/s3-2.18.41.jar at spark://84076e7a47fe:39559/jars/s3-2.18.41.jar with timestamp 1728670564700
[2024-10-11T18:16:05.531+0000] {spark_submit.py:579} INFO - 24/10/11 18:16:05 INFO SparkContext: Added JAR file:///opt/***/jars/aws-java-sdk-1.12.367.jar at spark://84076e7a47fe:39559/jars/aws-java-sdk-1.12.367.jar with timestamp 1728670564700
[2024-10-11T18:16:05.532+0000] {spark_submit.py:579} INFO - 24/10/11 18:16:05 INFO SparkContext: Added JAR file:///opt/***/jars/delta-core_2.12-2.4.0.jar at spark://84076e7a47fe:39559/jars/delta-core_2.12-2.4.0.jar with timestamp 1728670564700
[2024-10-11T18:16:05.533+0000] {spark_submit.py:579} INFO - 24/10/11 18:16:05 INFO SparkContext: Added JAR file:///opt/***/jars/delta-storage-2.2.0.jar at spark://84076e7a47fe:39559/jars/delta-storage-2.2.0.jar with timestamp 1728670564700
[2024-10-11T18:16:05.534+0000] {spark_submit.py:579} INFO - 24/10/11 18:16:05 INFO SparkContext: Added JAR file:///home/***/.ivy2/jars/org.apache.hadoop_hadoop-aws-3.3.4.jar at spark://84076e7a47fe:39559/jars/org.apache.hadoop_hadoop-aws-3.3.4.jar with timestamp 1728670564700
[2024-10-11T18:16:05.534+0000] {spark_submit.py:579} INFO - 24/10/11 18:16:05 INFO SparkContext: Added JAR file:///home/***/.ivy2/jars/com.amazonaws_aws-java-sdk-bundle-1.12.262.jar at spark://84076e7a47fe:39559/jars/com.amazonaws_aws-java-sdk-bundle-1.12.262.jar with timestamp 1728670564700
[2024-10-11T18:16:05.535+0000] {spark_submit.py:579} INFO - 24/10/11 18:16:05 INFO SparkContext: Added JAR file:///home/***/.ivy2/jars/org.wildfly.openssl_wildfly-openssl-1.0.7.Final.jar at spark://84076e7a47fe:39559/jars/org.wildfly.openssl_wildfly-openssl-1.0.7.Final.jar with timestamp 1728670564700
[2024-10-11T18:16:05.537+0000] {spark_submit.py:579} INFO - 24/10/11 18:16:05 INFO SparkContext: Added file file:///home/***/.ivy2/jars/org.apache.hadoop_hadoop-aws-3.3.4.jar at spark://84076e7a47fe:39559/files/org.apache.hadoop_hadoop-aws-3.3.4.jar with timestamp 1728670564700
[2024-10-11T18:16:05.538+0000] {spark_submit.py:579} INFO - 24/10/11 18:16:05 INFO Utils: Copying /home/***/.ivy2/jars/org.apache.hadoop_hadoop-aws-3.3.4.jar to /tmp/spark-6a9dd808-ddd8-42b2-a4db-e6256780a452/userFiles-d7e41319-c315-4b13-8d38-ab717a617431/org.apache.hadoop_hadoop-aws-3.3.4.jar
[2024-10-11T18:16:05.550+0000] {spark_submit.py:579} INFO - 24/10/11 18:16:05 INFO SparkContext: Added file file:///home/***/.ivy2/jars/com.amazonaws_aws-java-sdk-bundle-1.12.262.jar at spark://84076e7a47fe:39559/files/com.amazonaws_aws-java-sdk-bundle-1.12.262.jar with timestamp 1728670564700
[2024-10-11T18:16:05.551+0000] {spark_submit.py:579} INFO - 24/10/11 18:16:05 INFO Utils: Copying /home/***/.ivy2/jars/com.amazonaws_aws-java-sdk-bundle-1.12.262.jar to /tmp/spark-6a9dd808-ddd8-42b2-a4db-e6256780a452/userFiles-d7e41319-c315-4b13-8d38-ab717a617431/com.amazonaws_aws-java-sdk-bundle-1.12.262.jar
[2024-10-11T18:16:05.869+0000] {spark_submit.py:579} INFO - 24/10/11 18:16:05 INFO SparkContext: Added file file:///home/***/.ivy2/jars/org.wildfly.openssl_wildfly-openssl-1.0.7.Final.jar at spark://84076e7a47fe:39559/files/org.wildfly.openssl_wildfly-openssl-1.0.7.Final.jar with timestamp 1728670564700
[2024-10-11T18:16:05.870+0000] {spark_submit.py:579} INFO - 24/10/11 18:16:05 INFO Utils: Copying /home/***/.ivy2/jars/org.wildfly.openssl_wildfly-openssl-1.0.7.Final.jar to /tmp/spark-6a9dd808-ddd8-42b2-a4db-e6256780a452/userFiles-d7e41319-c315-4b13-8d38-ab717a617431/org.wildfly.openssl_wildfly-openssl-1.0.7.Final.jar
[2024-10-11T18:16:05.958+0000] {spark_submit.py:579} INFO - 24/10/11 18:16:05 INFO StandaloneAppClient$ClientEndpoint: Connecting to master spark://spark-master:7077...
[2024-10-11T18:16:06.023+0000] {spark_submit.py:579} INFO - 24/10/11 18:16:06 INFO TransportClientFactory: Successfully created connection to spark-master/172.18.0.4:7077 after 41 ms (0 ms spent in bootstraps)
[2024-10-11T18:16:06.115+0000] {spark_submit.py:579} INFO - 24/10/11 18:16:06 INFO StandaloneSchedulerBackend: Connected to Spark cluster with app ID app-20241011181606-0031
[2024-10-11T18:16:06.118+0000] {spark_submit.py:579} INFO - 24/10/11 18:16:06 INFO StandaloneAppClient$ClientEndpoint: Executor added: app-20241011181606-0031/0 on worker-20241011135506-172.18.0.6-44653 (172.18.0.6:44653) with 2 core(s)
[2024-10-11T18:16:06.121+0000] {spark_submit.py:579} INFO - 24/10/11 18:16:06 INFO StandaloneSchedulerBackend: Granted executor ID app-20241011181606-0031/0 on hostPort 172.18.0.6:44653 with 2 core(s), 2.0 GiB RAM
[2024-10-11T18:16:06.126+0000] {spark_submit.py:579} INFO - 24/10/11 18:16:06 INFO Utils: Successfully started service 'org.apache.spark.network.netty.NettyBlockTransferService' on port 38493.
[2024-10-11T18:16:06.127+0000] {spark_submit.py:579} INFO - 24/10/11 18:16:06 INFO NettyBlockTransferService: Server created on 84076e7a47fe:38493
[2024-10-11T18:16:06.128+0000] {spark_submit.py:579} INFO - 24/10/11 18:16:06 INFO BlockManager: Using org.apache.spark.storage.RandomBlockReplicationPolicy for block replication policy
[2024-10-11T18:16:06.136+0000] {spark_submit.py:579} INFO - 24/10/11 18:16:06 INFO BlockManagerMaster: Registering BlockManager BlockManagerId(driver, 84076e7a47fe, 38493, None)
[2024-10-11T18:16:06.140+0000] {spark_submit.py:579} INFO - 24/10/11 18:16:06 INFO BlockManagerMasterEndpoint: Registering block manager 84076e7a47fe:38493 with 434.4 MiB RAM, BlockManagerId(driver, 84076e7a47fe, 38493, None)
[2024-10-11T18:16:06.143+0000] {spark_submit.py:579} INFO - 24/10/11 18:16:06 INFO BlockManagerMaster: Registered BlockManager BlockManagerId(driver, 84076e7a47fe, 38493, None)
[2024-10-11T18:16:06.145+0000] {spark_submit.py:579} INFO - 24/10/11 18:16:06 INFO BlockManager: Initialized BlockManager: BlockManagerId(driver, 84076e7a47fe, 38493, None)
[2024-10-11T18:16:06.182+0000] {spark_submit.py:579} INFO - 24/10/11 18:16:06 INFO StandaloneAppClient$ClientEndpoint: Executor updated: app-20241011181606-0031/0 is now RUNNING
[2024-10-11T18:16:06.381+0000] {spark_submit.py:579} INFO - 24/10/11 18:16:06 INFO StandaloneSchedulerBackend: SchedulerBackend is ready for scheduling beginning after reached minRegisteredResourcesRatio: 0.0
[2024-10-11T18:16:06.777+0000] {spark_submit.py:579} INFO - 2024-10-11 18:16:06,776 INFO: Spark session initialized successfully.
[2024-10-11T18:16:06.777+0000] {spark_submit.py:579} INFO - 2024-10-11 18:16:06,777 INFO: Reading data from s3a://lakehouse/bronze/movies.parquet
[2024-10-11T18:16:06.788+0000] {spark_submit.py:579} INFO - 24/10/11 18:16:06 INFO SharedState: Setting hive.metastore.warehouse.dir ('null') to the value of spark.sql.warehouse.dir.
[2024-10-11T18:16:07.033+0000] {spark_submit.py:579} INFO - 24/10/11 18:16:07 WARN MetricsConfig: Cannot locate configuration: tried hadoop-metrics2-s3a-file-system.properties,hadoop-metrics2.properties
[2024-10-11T18:16:07.055+0000] {spark_submit.py:579} INFO - 24/10/11 18:16:07 INFO MetricsSystemImpl: Scheduled Metric snapshot period at 10 second(s).
[2024-10-11T18:16:07.055+0000] {spark_submit.py:579} INFO - 24/10/11 18:16:07 INFO MetricsSystemImpl: s3a-file-system metrics system started
[2024-10-11T18:16:08.300+0000] {spark_submit.py:579} INFO - 24/10/11 18:16:08 INFO SharedState: Warehouse path is 's3a://lakehouse/'.
[2024-10-11T18:16:09.081+0000] {spark_submit.py:579} INFO - 24/10/11 18:16:09 INFO StandaloneSchedulerBackend$StandaloneDriverEndpoint: Registered executor NettyRpcEndpointRef(spark-client://Executor) (172.18.0.6:51718) with ID 0,  ResourceProfileId 0
[2024-10-11T18:16:09.192+0000] {spark_submit.py:579} INFO - 24/10/11 18:16:09 INFO BlockManagerMasterEndpoint: Registering block manager 172.18.0.6:36047 with 1048.8 MiB RAM, BlockManagerId(0, 172.18.0.6, 36047, None)
[2024-10-11T18:16:10.118+0000] {spark_submit.py:579} INFO - 24/10/11 18:16:10 INFO InMemoryFileIndex: It took 113 ms to list leaf files for 1 paths.
[2024-10-11T18:16:12.392+0000] {spark_submit.py:579} INFO - 2024-10-11 18:16:12,391 INFO: Cleaning data...
[2024-10-11T18:16:13.481+0000] {spark_submit.py:579} INFO - 24/10/11 18:16:13 INFO FileSourceStrategy: Pushed Filters: IsNotNull(budget)
[2024-10-11T18:16:13.483+0000] {spark_submit.py:579} INFO - 24/10/11 18:16:13 INFO FileSourceStrategy: Post-Scan Filters: isnotnull(budget#2)
[2024-10-11T18:16:14.251+0000] {spark_submit.py:579} INFO - 24/10/11 18:16:14 INFO CodeGenerator: Code generated in 364.513829 ms
[2024-10-11T18:16:14.303+0000] {spark_submit.py:579} INFO - 24/10/11 18:16:14 INFO MemoryStore: Block broadcast_0 stored as values in memory (estimated size 204.8 KiB, free 434.2 MiB)
[2024-10-11T18:16:14.368+0000] {spark_submit.py:579} INFO - 24/10/11 18:16:14 INFO MemoryStore: Block broadcast_0_piece0 stored as bytes in memory (estimated size 36.0 KiB, free 434.2 MiB)
[2024-10-11T18:16:14.373+0000] {spark_submit.py:579} INFO - 24/10/11 18:16:14 INFO BlockManagerInfo: Added broadcast_0_piece0 in memory on 84076e7a47fe:38493 (size: 36.0 KiB, free: 434.4 MiB)
[2024-10-11T18:16:14.381+0000] {spark_submit.py:579} INFO - 24/10/11 18:16:14 INFO SparkContext: Created broadcast 0 from javaToPython at NativeMethodAccessorImpl.java:0
[2024-10-11T18:16:14.410+0000] {spark_submit.py:579} INFO - 24/10/11 18:16:14 INFO FileSourceScanExec: Planning scan with bin packing, max size: 19410670 bytes, open cost is considered as scanning 4194304 bytes.
[2024-10-11T18:16:15.017+0000] {spark_submit.py:579} INFO - 24/10/11 18:16:15 INFO SparkContext: Starting job: runJob at PythonRDD.scala:179
[2024-10-11T18:16:15.037+0000] {spark_submit.py:579} INFO - 24/10/11 18:16:15 INFO DAGScheduler: Got job 0 (runJob at PythonRDD.scala:179) with 1 output partitions
[2024-10-11T18:16:15.038+0000] {spark_submit.py:579} INFO - 24/10/11 18:16:15 INFO DAGScheduler: Final stage: ResultStage 0 (runJob at PythonRDD.scala:179)
[2024-10-11T18:16:15.039+0000] {spark_submit.py:579} INFO - 24/10/11 18:16:15 INFO DAGScheduler: Parents of final stage: List()
[2024-10-11T18:16:15.043+0000] {spark_submit.py:579} INFO - 24/10/11 18:16:15 INFO DAGScheduler: Missing parents: List()
[2024-10-11T18:16:15.049+0000] {spark_submit.py:579} INFO - 24/10/11 18:16:15 INFO DAGScheduler: Submitting ResultStage 0 (PythonRDD[6] at RDD at PythonRDD.scala:53), which has no missing parents
[2024-10-11T18:16:15.124+0000] {spark_submit.py:579} INFO - 24/10/11 18:16:15 INFO MemoryStore: Block broadcast_1 stored as values in memory (estimated size 40.4 KiB, free 434.1 MiB)
[2024-10-11T18:16:15.136+0000] {spark_submit.py:579} INFO - 24/10/11 18:16:15 INFO MemoryStore: Block broadcast_1_piece0 stored as bytes in memory (estimated size 17.0 KiB, free 434.1 MiB)
[2024-10-11T18:16:15.137+0000] {spark_submit.py:579} INFO - 24/10/11 18:16:15 INFO BlockManagerInfo: Added broadcast_1_piece0 in memory on 84076e7a47fe:38493 (size: 17.0 KiB, free: 434.3 MiB)
[2024-10-11T18:16:15.138+0000] {spark_submit.py:579} INFO - 24/10/11 18:16:15 INFO SparkContext: Created broadcast 1 from broadcast at DAGScheduler.scala:1540
[2024-10-11T18:16:15.163+0000] {spark_submit.py:579} INFO - 24/10/11 18:16:15 INFO DAGScheduler: Submitting 1 missing tasks from ResultStage 0 (PythonRDD[6] at RDD at PythonRDD.scala:53) (first 15 tasks are for partitions Vector(0))
[2024-10-11T18:16:15.165+0000] {spark_submit.py:579} INFO - 24/10/11 18:16:15 INFO TaskSchedulerImpl: Adding task set 0.0 with 1 tasks resource profile 0
[2024-10-11T18:16:15.204+0000] {spark_submit.py:579} INFO - 24/10/11 18:16:15 INFO TaskSetManager: Starting task 0.0 in stage 0.0 (TID 0) (172.18.0.6, executor 0, partition 0, PROCESS_LOCAL, 7921 bytes)
[2024-10-11T18:16:15.505+0000] {spark_submit.py:579} INFO - 24/10/11 18:16:15 INFO BlockManagerInfo: Added broadcast_1_piece0 in memory on 172.18.0.6:36047 (size: 17.0 KiB, free: 1048.8 MiB)
[2024-10-11T18:16:17.666+0000] {spark_submit.py:579} INFO - 24/10/11 18:16:17 WARN TaskSetManager: Lost task 0.0 in stage 0.0 (TID 0) (172.18.0.6 executor 0): org.apache.spark.api.python.PythonException: Traceback (most recent call last):
[2024-10-11T18:16:17.667+0000] {spark_submit.py:579} INFO - File "/opt/bitnami/spark/python/lib/pyspark.zip/pyspark/worker.py", line 683, in main
[2024-10-11T18:16:17.669+0000] {spark_submit.py:579} INFO - raise RuntimeError(
[2024-10-11T18:16:17.669+0000] {spark_submit.py:579} INFO - RuntimeError: Python in worker has different version 3.12 than that in driver 3.11, PySpark cannot run with different minor versions. Please check environment variables PYSPARK_PYTHON and PYSPARK_DRIVER_PYTHON are correctly set.
[2024-10-11T18:16:17.670+0000] {spark_submit.py:579} INFO - 
[2024-10-11T18:16:17.671+0000] {spark_submit.py:579} INFO - at org.apache.spark.api.python.BasePythonRunner$ReaderIterator.handlePythonException(PythonRunner.scala:561)
[2024-10-11T18:16:17.671+0000] {spark_submit.py:579} INFO - at org.apache.spark.api.python.PythonRunner$$anon$3.read(PythonRunner.scala:767)
[2024-10-11T18:16:17.672+0000] {spark_submit.py:579} INFO - at org.apache.spark.api.python.PythonRunner$$anon$3.read(PythonRunner.scala:749)
[2024-10-11T18:16:17.673+0000] {spark_submit.py:579} INFO - at org.apache.spark.api.python.BasePythonRunner$ReaderIterator.hasNext(PythonRunner.scala:514)
[2024-10-11T18:16:17.674+0000] {spark_submit.py:579} INFO - at org.apache.spark.InterruptibleIterator.hasNext(InterruptibleIterator.scala:37)
[2024-10-11T18:16:17.675+0000] {spark_submit.py:579} INFO - at scala.collection.Iterator.foreach(Iterator.scala:943)
[2024-10-11T18:16:17.676+0000] {spark_submit.py:579} INFO - at scala.collection.Iterator.foreach$(Iterator.scala:943)
[2024-10-11T18:16:17.677+0000] {spark_submit.py:579} INFO - at org.apache.spark.InterruptibleIterator.foreach(InterruptibleIterator.scala:28)
[2024-10-11T18:16:17.678+0000] {spark_submit.py:579} INFO - at scala.collection.generic.Growable.$plus$plus$eq(Growable.scala:62)
[2024-10-11T18:16:17.678+0000] {spark_submit.py:579} INFO - at scala.collection.generic.Growable.$plus$plus$eq$(Growable.scala:53)
[2024-10-11T18:16:17.679+0000] {spark_submit.py:579} INFO - at scala.collection.mutable.ArrayBuffer.$plus$plus$eq(ArrayBuffer.scala:105)
[2024-10-11T18:16:17.680+0000] {spark_submit.py:579} INFO - at scala.collection.mutable.ArrayBuffer.$plus$plus$eq(ArrayBuffer.scala:49)
[2024-10-11T18:16:17.685+0000] {spark_submit.py:579} INFO - at scala.collection.TraversableOnce.to(TraversableOnce.scala:366)
[2024-10-11T18:16:17.692+0000] {spark_submit.py:579} INFO - at scala.collection.TraversableOnce.to$(TraversableOnce.scala:364)
[2024-10-11T18:16:17.694+0000] {spark_submit.py:579} INFO - at org.apache.spark.InterruptibleIterator.to(InterruptibleIterator.scala:28)
[2024-10-11T18:16:17.696+0000] {spark_submit.py:579} INFO - at scala.collection.TraversableOnce.toBuffer(TraversableOnce.scala:358)
[2024-10-11T18:16:17.697+0000] {spark_submit.py:579} INFO - at scala.collection.TraversableOnce.toBuffer$(TraversableOnce.scala:358)
[2024-10-11T18:16:17.698+0000] {spark_submit.py:579} INFO - at org.apache.spark.InterruptibleIterator.toBuffer(InterruptibleIterator.scala:28)
[2024-10-11T18:16:17.699+0000] {spark_submit.py:579} INFO - at scala.collection.TraversableOnce.toArray(TraversableOnce.scala:345)
[2024-10-11T18:16:17.700+0000] {spark_submit.py:579} INFO - at scala.collection.TraversableOnce.toArray$(TraversableOnce.scala:339)
[2024-10-11T18:16:17.701+0000] {spark_submit.py:579} INFO - at org.apache.spark.InterruptibleIterator.toArray(InterruptibleIterator.scala:28)
[2024-10-11T18:16:17.702+0000] {spark_submit.py:579} INFO - at org.apache.spark.api.python.PythonRDD$.$anonfun$runJob$1(PythonRDD.scala:179)
[2024-10-11T18:16:17.703+0000] {spark_submit.py:579} INFO - at org.apache.spark.SparkContext.$anonfun$runJob$5(SparkContext.scala:2303)
[2024-10-11T18:16:17.704+0000] {spark_submit.py:579} INFO - at org.apache.spark.scheduler.ResultTask.runTask(ResultTask.scala:92)
[2024-10-11T18:16:17.705+0000] {spark_submit.py:579} INFO - at org.apache.spark.TaskContext.runTaskWithListeners(TaskContext.scala:161)
[2024-10-11T18:16:17.706+0000] {spark_submit.py:579} INFO - at org.apache.spark.scheduler.Task.run(Task.scala:139)
[2024-10-11T18:16:17.708+0000] {spark_submit.py:579} INFO - at org.apache.spark.executor.Executor$TaskRunner.$anonfun$run$3(Executor.scala:554)
[2024-10-11T18:16:17.709+0000] {spark_submit.py:579} INFO - at org.apache.spark.util.Utils$.tryWithSafeFinally(Utils.scala:1529)
[2024-10-11T18:16:17.710+0000] {spark_submit.py:579} INFO - at org.apache.spark.executor.Executor$TaskRunner.run(Executor.scala:557)
[2024-10-11T18:16:17.711+0000] {spark_submit.py:579} INFO - at java.base/java.util.concurrent.ThreadPoolExecutor.runWorker(ThreadPoolExecutor.java:1136)
[2024-10-11T18:16:17.712+0000] {spark_submit.py:579} INFO - at java.base/java.util.concurrent.ThreadPoolExecutor$Worker.run(ThreadPoolExecutor.java:635)
[2024-10-11T18:16:17.713+0000] {spark_submit.py:579} INFO - at java.base/java.lang.Thread.run(Thread.java:840)
[2024-10-11T18:16:17.714+0000] {spark_submit.py:579} INFO - 
[2024-10-11T18:16:17.716+0000] {spark_submit.py:579} INFO - 24/10/11 18:16:17 INFO TaskSetManager: Starting task 0.1 in stage 0.0 (TID 1) (172.18.0.6, executor 0, partition 0, PROCESS_LOCAL, 7921 bytes)
[2024-10-11T18:16:17.794+0000] {spark_submit.py:579} INFO - 24/10/11 18:16:17 INFO TaskSetManager: Lost task 0.1 in stage 0.0 (TID 1) on 172.18.0.6, executor 0: org.apache.spark.api.python.PythonException (Traceback (most recent call last):
[2024-10-11T18:16:17.795+0000] {spark_submit.py:579} INFO - File "/opt/bitnami/spark/python/lib/pyspark.zip/pyspark/worker.py", line 683, in main
[2024-10-11T18:16:17.796+0000] {spark_submit.py:579} INFO - raise RuntimeError(
[2024-10-11T18:16:17.798+0000] {spark_submit.py:579} INFO - RuntimeError: Python in worker has different version 3.12 than that in driver 3.11, PySpark cannot run with different minor versions. Please check environment variables PYSPARK_PYTHON and PYSPARK_DRIVER_PYTHON are correctly set.
[2024-10-11T18:16:17.799+0000] {spark_submit.py:579} INFO - ) [duplicate 1]
[2024-10-11T18:16:17.800+0000] {spark_submit.py:579} INFO - 24/10/11 18:16:17 INFO TaskSetManager: Starting task 0.2 in stage 0.0 (TID 2) (172.18.0.6, executor 0, partition 0, PROCESS_LOCAL, 7921 bytes)
[2024-10-11T18:16:17.869+0000] {spark_submit.py:579} INFO - 24/10/11 18:16:17 INFO TaskSetManager: Lost task 0.2 in stage 0.0 (TID 2) on 172.18.0.6, executor 0: org.apache.spark.api.python.PythonException (Traceback (most recent call last):
[2024-10-11T18:16:17.869+0000] {spark_submit.py:579} INFO - File "/opt/bitnami/spark/python/lib/pyspark.zip/pyspark/worker.py", line 683, in main
[2024-10-11T18:16:17.870+0000] {spark_submit.py:579} INFO - raise RuntimeError(
[2024-10-11T18:16:17.871+0000] {spark_submit.py:579} INFO - RuntimeError: Python in worker has different version 3.12 than that in driver 3.11, PySpark cannot run with different minor versions. Please check environment variables PYSPARK_PYTHON and PYSPARK_DRIVER_PYTHON are correctly set.
[2024-10-11T18:16:17.871+0000] {spark_submit.py:579} INFO - ) [duplicate 2]
[2024-10-11T18:16:17.872+0000] {spark_submit.py:579} INFO - 24/10/11 18:16:17 INFO TaskSetManager: Starting task 0.3 in stage 0.0 (TID 3) (172.18.0.6, executor 0, partition 0, PROCESS_LOCAL, 7921 bytes)
[2024-10-11T18:16:17.923+0000] {spark_submit.py:579} INFO - 24/10/11 18:16:17 INFO TaskSetManager: Lost task 0.3 in stage 0.0 (TID 3) on 172.18.0.6, executor 0: org.apache.spark.api.python.PythonException (Traceback (most recent call last):
[2024-10-11T18:16:17.924+0000] {spark_submit.py:579} INFO - File "/opt/bitnami/spark/python/lib/pyspark.zip/pyspark/worker.py", line 683, in main
[2024-10-11T18:16:17.925+0000] {spark_submit.py:579} INFO - raise RuntimeError(
[2024-10-11T18:16:17.925+0000] {spark_submit.py:579} INFO - RuntimeError: Python in worker has different version 3.12 than that in driver 3.11, PySpark cannot run with different minor versions. Please check environment variables PYSPARK_PYTHON and PYSPARK_DRIVER_PYTHON are correctly set.
[2024-10-11T18:16:17.926+0000] {spark_submit.py:579} INFO - ) [duplicate 3]
[2024-10-11T18:16:17.927+0000] {spark_submit.py:579} INFO - 24/10/11 18:16:17 ERROR TaskSetManager: Task 0 in stage 0.0 failed 4 times; aborting job
[2024-10-11T18:16:17.928+0000] {spark_submit.py:579} INFO - 24/10/11 18:16:17 INFO TaskSchedulerImpl: Removed TaskSet 0.0, whose tasks have all completed, from pool
[2024-10-11T18:16:17.932+0000] {spark_submit.py:579} INFO - 24/10/11 18:16:17 INFO TaskSchedulerImpl: Cancelling stage 0
[2024-10-11T18:16:17.933+0000] {spark_submit.py:579} INFO - 24/10/11 18:16:17 INFO TaskSchedulerImpl: Killing all running tasks in stage 0: Stage cancelled
[2024-10-11T18:16:17.937+0000] {spark_submit.py:579} INFO - 24/10/11 18:16:17 INFO DAGScheduler: ResultStage 0 (runJob at PythonRDD.scala:179) failed in 2.869 s due to Job aborted due to stage failure: Task 0 in stage 0.0 failed 4 times, most recent failure: Lost task 0.3 in stage 0.0 (TID 3) (172.18.0.6 executor 0): org.apache.spark.api.python.PythonException: Traceback (most recent call last):
[2024-10-11T18:16:17.937+0000] {spark_submit.py:579} INFO - File "/opt/bitnami/spark/python/lib/pyspark.zip/pyspark/worker.py", line 683, in main
[2024-10-11T18:16:17.938+0000] {spark_submit.py:579} INFO - raise RuntimeError(
[2024-10-11T18:16:17.939+0000] {spark_submit.py:579} INFO - RuntimeError: Python in worker has different version 3.12 than that in driver 3.11, PySpark cannot run with different minor versions. Please check environment variables PYSPARK_PYTHON and PYSPARK_DRIVER_PYTHON are correctly set.
[2024-10-11T18:16:17.939+0000] {spark_submit.py:579} INFO - 
[2024-10-11T18:16:17.940+0000] {spark_submit.py:579} INFO - at org.apache.spark.api.python.BasePythonRunner$ReaderIterator.handlePythonException(PythonRunner.scala:561)
[2024-10-11T18:16:17.941+0000] {spark_submit.py:579} INFO - at org.apache.spark.api.python.PythonRunner$$anon$3.read(PythonRunner.scala:767)
[2024-10-11T18:16:17.941+0000] {spark_submit.py:579} INFO - at org.apache.spark.api.python.PythonRunner$$anon$3.read(PythonRunner.scala:749)
[2024-10-11T18:16:17.942+0000] {spark_submit.py:579} INFO - at org.apache.spark.api.python.BasePythonRunner$ReaderIterator.hasNext(PythonRunner.scala:514)
[2024-10-11T18:16:17.943+0000] {spark_submit.py:579} INFO - at org.apache.spark.InterruptibleIterator.hasNext(InterruptibleIterator.scala:37)
[2024-10-11T18:16:17.944+0000] {spark_submit.py:579} INFO - at scala.collection.Iterator.foreach(Iterator.scala:943)
[2024-10-11T18:16:17.945+0000] {spark_submit.py:579} INFO - at scala.collection.Iterator.foreach$(Iterator.scala:943)
[2024-10-11T18:16:17.945+0000] {spark_submit.py:579} INFO - at org.apache.spark.InterruptibleIterator.foreach(InterruptibleIterator.scala:28)
[2024-10-11T18:16:17.946+0000] {spark_submit.py:579} INFO - at scala.collection.generic.Growable.$plus$plus$eq(Growable.scala:62)
[2024-10-11T18:16:17.947+0000] {spark_submit.py:579} INFO - at scala.collection.generic.Growable.$plus$plus$eq$(Growable.scala:53)
[2024-10-11T18:16:17.948+0000] {spark_submit.py:579} INFO - at scala.collection.mutable.ArrayBuffer.$plus$plus$eq(ArrayBuffer.scala:105)
[2024-10-11T18:16:17.948+0000] {spark_submit.py:579} INFO - at scala.collection.mutable.ArrayBuffer.$plus$plus$eq(ArrayBuffer.scala:49)
[2024-10-11T18:16:17.949+0000] {spark_submit.py:579} INFO - at scala.collection.TraversableOnce.to(TraversableOnce.scala:366)
[2024-10-11T18:16:17.950+0000] {spark_submit.py:579} INFO - at scala.collection.TraversableOnce.to$(TraversableOnce.scala:364)
[2024-10-11T18:16:17.951+0000] {spark_submit.py:579} INFO - at org.apache.spark.InterruptibleIterator.to(InterruptibleIterator.scala:28)
[2024-10-11T18:16:17.951+0000] {spark_submit.py:579} INFO - at scala.collection.TraversableOnce.toBuffer(TraversableOnce.scala:358)
[2024-10-11T18:16:17.952+0000] {spark_submit.py:579} INFO - at scala.collection.TraversableOnce.toBuffer$(TraversableOnce.scala:358)
[2024-10-11T18:16:17.952+0000] {spark_submit.py:579} INFO - at org.apache.spark.InterruptibleIterator.toBuffer(InterruptibleIterator.scala:28)
[2024-10-11T18:16:17.953+0000] {spark_submit.py:579} INFO - at scala.collection.TraversableOnce.toArray(TraversableOnce.scala:345)
[2024-10-11T18:16:17.954+0000] {spark_submit.py:579} INFO - at scala.collection.TraversableOnce.toArray$(TraversableOnce.scala:339)
[2024-10-11T18:16:17.955+0000] {spark_submit.py:579} INFO - at org.apache.spark.InterruptibleIterator.toArray(InterruptibleIterator.scala:28)
[2024-10-11T18:16:17.955+0000] {spark_submit.py:579} INFO - at org.apache.spark.api.python.PythonRDD$.$anonfun$runJob$1(PythonRDD.scala:179)
[2024-10-11T18:16:17.956+0000] {spark_submit.py:579} INFO - at org.apache.spark.SparkContext.$anonfun$runJob$5(SparkContext.scala:2303)
[2024-10-11T18:16:17.957+0000] {spark_submit.py:579} INFO - at org.apache.spark.scheduler.ResultTask.runTask(ResultTask.scala:92)
[2024-10-11T18:16:17.958+0000] {spark_submit.py:579} INFO - at org.apache.spark.TaskContext.runTaskWithListeners(TaskContext.scala:161)
[2024-10-11T18:16:17.959+0000] {spark_submit.py:579} INFO - at org.apache.spark.scheduler.Task.run(Task.scala:139)
[2024-10-11T18:16:17.959+0000] {spark_submit.py:579} INFO - at org.apache.spark.executor.Executor$TaskRunner.$anonfun$run$3(Executor.scala:554)
[2024-10-11T18:16:17.960+0000] {spark_submit.py:579} INFO - at org.apache.spark.util.Utils$.tryWithSafeFinally(Utils.scala:1529)
[2024-10-11T18:16:17.961+0000] {spark_submit.py:579} INFO - at org.apache.spark.executor.Executor$TaskRunner.run(Executor.scala:557)
[2024-10-11T18:16:17.962+0000] {spark_submit.py:579} INFO - at java.base/java.util.concurrent.ThreadPoolExecutor.runWorker(ThreadPoolExecutor.java:1136)
[2024-10-11T18:16:17.962+0000] {spark_submit.py:579} INFO - at java.base/java.util.concurrent.ThreadPoolExecutor$Worker.run(ThreadPoolExecutor.java:635)
[2024-10-11T18:16:17.963+0000] {spark_submit.py:579} INFO - at java.base/java.lang.Thread.run(Thread.java:840)
[2024-10-11T18:16:17.964+0000] {spark_submit.py:579} INFO - 
[2024-10-11T18:16:17.965+0000] {spark_submit.py:579} INFO - Driver stacktrace:
[2024-10-11T18:16:17.965+0000] {spark_submit.py:579} INFO - 24/10/11 18:16:17 INFO DAGScheduler: Job 0 failed: runJob at PythonRDD.scala:179, took 2.927697 s
[2024-10-11T18:16:18.166+0000] {spark_submit.py:579} INFO - 2024-10-11 18:16:18,166 ERROR: Error during cleaning process: An error occurred while calling z:org.apache.spark.api.python.PythonRDD.runJob.
[2024-10-11T18:16:18.167+0000] {spark_submit.py:579} INFO - : org.apache.spark.SparkException: Job aborted due to stage failure: Task 0 in stage 0.0 failed 4 times, most recent failure: Lost task 0.3 in stage 0.0 (TID 3) (172.18.0.6 executor 0): org.apache.spark.api.python.PythonException: Traceback (most recent call last):
[2024-10-11T18:16:18.167+0000] {spark_submit.py:579} INFO - File "/opt/bitnami/spark/python/lib/pyspark.zip/pyspark/worker.py", line 683, in main
[2024-10-11T18:16:18.168+0000] {spark_submit.py:579} INFO - raise RuntimeError(
[2024-10-11T18:16:18.168+0000] {spark_submit.py:579} INFO - RuntimeError: Python in worker has different version 3.12 than that in driver 3.11, PySpark cannot run with different minor versions. Please check environment variables PYSPARK_PYTHON and PYSPARK_DRIVER_PYTHON are correctly set.
[2024-10-11T18:16:18.169+0000] {spark_submit.py:579} INFO - 
[2024-10-11T18:16:18.170+0000] {spark_submit.py:579} INFO - at org.apache.spark.api.python.BasePythonRunner$ReaderIterator.handlePythonException(PythonRunner.scala:561)
[2024-10-11T18:16:18.170+0000] {spark_submit.py:579} INFO - at org.apache.spark.api.python.PythonRunner$$anon$3.read(PythonRunner.scala:767)
[2024-10-11T18:16:18.171+0000] {spark_submit.py:579} INFO - at org.apache.spark.api.python.PythonRunner$$anon$3.read(PythonRunner.scala:749)
[2024-10-11T18:16:18.172+0000] {spark_submit.py:579} INFO - at org.apache.spark.api.python.BasePythonRunner$ReaderIterator.hasNext(PythonRunner.scala:514)
[2024-10-11T18:16:18.172+0000] {spark_submit.py:579} INFO - at org.apache.spark.InterruptibleIterator.hasNext(InterruptibleIterator.scala:37)
[2024-10-11T18:16:18.173+0000] {spark_submit.py:579} INFO - at scala.collection.Iterator.foreach(Iterator.scala:943)
[2024-10-11T18:16:18.174+0000] {spark_submit.py:579} INFO - at scala.collection.Iterator.foreach$(Iterator.scala:943)
[2024-10-11T18:16:18.174+0000] {spark_submit.py:579} INFO - at org.apache.spark.InterruptibleIterator.foreach(InterruptibleIterator.scala:28)
[2024-10-11T18:16:18.175+0000] {spark_submit.py:579} INFO - at scala.collection.generic.Growable.$plus$plus$eq(Growable.scala:62)
[2024-10-11T18:16:18.176+0000] {spark_submit.py:579} INFO - at scala.collection.generic.Growable.$plus$plus$eq$(Growable.scala:53)
[2024-10-11T18:16:18.177+0000] {spark_submit.py:579} INFO - at scala.collection.mutable.ArrayBuffer.$plus$plus$eq(ArrayBuffer.scala:105)
[2024-10-11T18:16:18.177+0000] {spark_submit.py:579} INFO - at scala.collection.mutable.ArrayBuffer.$plus$plus$eq(ArrayBuffer.scala:49)
[2024-10-11T18:16:18.178+0000] {spark_submit.py:579} INFO - at scala.collection.TraversableOnce.to(TraversableOnce.scala:366)
[2024-10-11T18:16:18.179+0000] {spark_submit.py:579} INFO - at scala.collection.TraversableOnce.to$(TraversableOnce.scala:364)
[2024-10-11T18:16:18.179+0000] {spark_submit.py:579} INFO - at org.apache.spark.InterruptibleIterator.to(InterruptibleIterator.scala:28)
[2024-10-11T18:16:18.180+0000] {spark_submit.py:579} INFO - at scala.collection.TraversableOnce.toBuffer(TraversableOnce.scala:358)
[2024-10-11T18:16:18.181+0000] {spark_submit.py:579} INFO - at scala.collection.TraversableOnce.toBuffer$(TraversableOnce.scala:358)
[2024-10-11T18:16:18.181+0000] {spark_submit.py:579} INFO - at org.apache.spark.InterruptibleIterator.toBuffer(InterruptibleIterator.scala:28)
[2024-10-11T18:16:18.182+0000] {spark_submit.py:579} INFO - at scala.collection.TraversableOnce.toArray(TraversableOnce.scala:345)
[2024-10-11T18:16:18.182+0000] {spark_submit.py:579} INFO - at scala.collection.TraversableOnce.toArray$(TraversableOnce.scala:339)
[2024-10-11T18:16:18.183+0000] {spark_submit.py:579} INFO - at org.apache.spark.InterruptibleIterator.toArray(InterruptibleIterator.scala:28)
[2024-10-11T18:16:18.184+0000] {spark_submit.py:579} INFO - at org.apache.spark.api.python.PythonRDD$.$anonfun$runJob$1(PythonRDD.scala:179)
[2024-10-11T18:16:18.184+0000] {spark_submit.py:579} INFO - at org.apache.spark.SparkContext.$anonfun$runJob$5(SparkContext.scala:2303)
[2024-10-11T18:16:18.185+0000] {spark_submit.py:579} INFO - at org.apache.spark.scheduler.ResultTask.runTask(ResultTask.scala:92)
[2024-10-11T18:16:18.186+0000] {spark_submit.py:579} INFO - at org.apache.spark.TaskContext.runTaskWithListeners(TaskContext.scala:161)
[2024-10-11T18:16:18.186+0000] {spark_submit.py:579} INFO - at org.apache.spark.scheduler.Task.run(Task.scala:139)
[2024-10-11T18:16:18.187+0000] {spark_submit.py:579} INFO - at org.apache.spark.executor.Executor$TaskRunner.$anonfun$run$3(Executor.scala:554)
[2024-10-11T18:16:18.187+0000] {spark_submit.py:579} INFO - at org.apache.spark.util.Utils$.tryWithSafeFinally(Utils.scala:1529)
[2024-10-11T18:16:18.188+0000] {spark_submit.py:579} INFO - at org.apache.spark.executor.Executor$TaskRunner.run(Executor.scala:557)
[2024-10-11T18:16:18.188+0000] {spark_submit.py:579} INFO - at java.base/java.util.concurrent.ThreadPoolExecutor.runWorker(ThreadPoolExecutor.java:1136)
[2024-10-11T18:16:18.189+0000] {spark_submit.py:579} INFO - at java.base/java.util.concurrent.ThreadPoolExecutor$Worker.run(ThreadPoolExecutor.java:635)
[2024-10-11T18:16:18.189+0000] {spark_submit.py:579} INFO - at java.base/java.lang.Thread.run(Thread.java:840)
[2024-10-11T18:16:18.190+0000] {spark_submit.py:579} INFO - 
[2024-10-11T18:16:18.190+0000] {spark_submit.py:579} INFO - Driver stacktrace:
[2024-10-11T18:16:18.190+0000] {spark_submit.py:579} INFO - at org.apache.spark.scheduler.DAGScheduler.failJobAndIndependentStages(DAGScheduler.scala:2790)
[2024-10-11T18:16:18.191+0000] {spark_submit.py:579} INFO - at org.apache.spark.scheduler.DAGScheduler.$anonfun$abortStage$2(DAGScheduler.scala:2726)
[2024-10-11T18:16:18.192+0000] {spark_submit.py:579} INFO - at org.apache.spark.scheduler.DAGScheduler.$anonfun$abortStage$2$adapted(DAGScheduler.scala:2725)
[2024-10-11T18:16:18.192+0000] {spark_submit.py:579} INFO - at scala.collection.mutable.ResizableArray.foreach(ResizableArray.scala:62)
[2024-10-11T18:16:18.193+0000] {spark_submit.py:579} INFO - at scala.collection.mutable.ResizableArray.foreach$(ResizableArray.scala:55)
[2024-10-11T18:16:18.193+0000] {spark_submit.py:579} INFO - at scala.collection.mutable.ArrayBuffer.foreach(ArrayBuffer.scala:49)
[2024-10-11T18:16:18.193+0000] {spark_submit.py:579} INFO - at org.apache.spark.scheduler.DAGScheduler.abortStage(DAGScheduler.scala:2725)
[2024-10-11T18:16:18.194+0000] {spark_submit.py:579} INFO - at org.apache.spark.scheduler.DAGScheduler.$anonfun$handleTaskSetFailed$1(DAGScheduler.scala:1211)
[2024-10-11T18:16:18.194+0000] {spark_submit.py:579} INFO - at org.apache.spark.scheduler.DAGScheduler.$anonfun$handleTaskSetFailed$1$adapted(DAGScheduler.scala:1211)
[2024-10-11T18:16:18.195+0000] {spark_submit.py:579} INFO - at scala.Option.foreach(Option.scala:407)
[2024-10-11T18:16:18.195+0000] {spark_submit.py:579} INFO - at org.apache.spark.scheduler.DAGScheduler.handleTaskSetFailed(DAGScheduler.scala:1211)
[2024-10-11T18:16:18.196+0000] {spark_submit.py:579} INFO - at org.apache.spark.scheduler.DAGSchedulerEventProcessLoop.doOnReceive(DAGScheduler.scala:2989)
[2024-10-11T18:16:18.196+0000] {spark_submit.py:579} INFO - at org.apache.spark.scheduler.DAGSchedulerEventProcessLoop.onReceive(DAGScheduler.scala:2928)
[2024-10-11T18:16:18.197+0000] {spark_submit.py:579} INFO - at org.apache.spark.scheduler.DAGSchedulerEventProcessLoop.onReceive(DAGScheduler.scala:2917)
[2024-10-11T18:16:18.197+0000] {spark_submit.py:579} INFO - at org.apache.spark.util.EventLoop$$anon$1.run(EventLoop.scala:49)
[2024-10-11T18:16:18.198+0000] {spark_submit.py:579} INFO - at org.apache.spark.scheduler.DAGScheduler.runJob(DAGScheduler.scala:976)
[2024-10-11T18:16:18.198+0000] {spark_submit.py:579} INFO - at org.apache.spark.SparkContext.runJob(SparkContext.scala:2263)
[2024-10-11T18:16:18.198+0000] {spark_submit.py:579} INFO - at org.apache.spark.SparkContext.runJob(SparkContext.scala:2284)
[2024-10-11T18:16:18.199+0000] {spark_submit.py:579} INFO - at org.apache.spark.SparkContext.runJob(SparkContext.scala:2303)
[2024-10-11T18:16:18.199+0000] {spark_submit.py:579} INFO - at org.apache.spark.api.python.PythonRDD$.runJob(PythonRDD.scala:179)
[2024-10-11T18:16:18.199+0000] {spark_submit.py:579} INFO - at org.apache.spark.api.python.PythonRDD.runJob(PythonRDD.scala)
[2024-10-11T18:16:18.199+0000] {spark_submit.py:579} INFO - at java.base/jdk.internal.reflect.NativeMethodAccessorImpl.invoke0(Native Method)
[2024-10-11T18:16:18.200+0000] {spark_submit.py:579} INFO - at java.base/jdk.internal.reflect.NativeMethodAccessorImpl.invoke(NativeMethodAccessorImpl.java:62)
[2024-10-11T18:16:18.200+0000] {spark_submit.py:579} INFO - at java.base/jdk.internal.reflect.DelegatingMethodAccessorImpl.invoke(DelegatingMethodAccessorImpl.java:43)
[2024-10-11T18:16:18.200+0000] {spark_submit.py:579} INFO - at java.base/java.lang.reflect.Method.invoke(Method.java:566)
[2024-10-11T18:16:18.201+0000] {spark_submit.py:579} INFO - at py4j.reflection.MethodInvoker.invoke(MethodInvoker.java:244)
[2024-10-11T18:16:18.201+0000] {spark_submit.py:579} INFO - at py4j.reflection.ReflectionEngine.invoke(ReflectionEngine.java:374)
[2024-10-11T18:16:18.201+0000] {spark_submit.py:579} INFO - at py4j.Gateway.invoke(Gateway.java:282)
[2024-10-11T18:16:18.202+0000] {spark_submit.py:579} INFO - at py4j.commands.AbstractCommand.invokeMethod(AbstractCommand.java:132)
[2024-10-11T18:16:18.202+0000] {spark_submit.py:579} INFO - at py4j.commands.CallCommand.execute(CallCommand.java:79)
[2024-10-11T18:16:18.203+0000] {spark_submit.py:579} INFO - at py4j.ClientServerConnection.waitForCommands(ClientServerConnection.java:182)
[2024-10-11T18:16:18.204+0000] {spark_submit.py:579} INFO - at py4j.ClientServerConnection.run(ClientServerConnection.java:106)
[2024-10-11T18:16:18.204+0000] {spark_submit.py:579} INFO - at java.base/java.lang.Thread.run(Thread.java:829)
[2024-10-11T18:16:18.205+0000] {spark_submit.py:579} INFO - Caused by: org.apache.spark.api.python.PythonException: Traceback (most recent call last):
[2024-10-11T18:16:18.205+0000] {spark_submit.py:579} INFO - File "/opt/bitnami/spark/python/lib/pyspark.zip/pyspark/worker.py", line 683, in main
[2024-10-11T18:16:18.206+0000] {spark_submit.py:579} INFO - raise RuntimeError(
[2024-10-11T18:16:18.207+0000] {spark_submit.py:579} INFO - RuntimeError: Python in worker has different version 3.12 than that in driver 3.11, PySpark cannot run with different minor versions. Please check environment variables PYSPARK_PYTHON and PYSPARK_DRIVER_PYTHON are correctly set.
[2024-10-11T18:16:18.207+0000] {spark_submit.py:579} INFO - 
[2024-10-11T18:16:18.208+0000] {spark_submit.py:579} INFO - at org.apache.spark.api.python.BasePythonRunner$ReaderIterator.handlePythonException(PythonRunner.scala:561)
[2024-10-11T18:16:18.209+0000] {spark_submit.py:579} INFO - at org.apache.spark.api.python.PythonRunner$$anon$3.read(PythonRunner.scala:767)
[2024-10-11T18:16:18.209+0000] {spark_submit.py:579} INFO - at org.apache.spark.api.python.PythonRunner$$anon$3.read(PythonRunner.scala:749)
[2024-10-11T18:16:18.210+0000] {spark_submit.py:579} INFO - at org.apache.spark.api.python.BasePythonRunner$ReaderIterator.hasNext(PythonRunner.scala:514)
[2024-10-11T18:16:18.211+0000] {spark_submit.py:579} INFO - at org.apache.spark.InterruptibleIterator.hasNext(InterruptibleIterator.scala:37)
[2024-10-11T18:16:18.211+0000] {spark_submit.py:579} INFO - at scala.collection.Iterator.foreach(Iterator.scala:943)
[2024-10-11T18:16:18.212+0000] {spark_submit.py:579} INFO - at scala.collection.Iterator.foreach$(Iterator.scala:943)
[2024-10-11T18:16:18.212+0000] {spark_submit.py:579} INFO - at org.apache.spark.InterruptibleIterator.foreach(InterruptibleIterator.scala:28)
[2024-10-11T18:16:18.212+0000] {spark_submit.py:579} INFO - at scala.collection.generic.Growable.$plus$plus$eq(Growable.scala:62)
[2024-10-11T18:16:18.213+0000] {spark_submit.py:579} INFO - at scala.collection.generic.Growable.$plus$plus$eq$(Growable.scala:53)
[2024-10-11T18:16:18.213+0000] {spark_submit.py:579} INFO - at scala.collection.mutable.ArrayBuffer.$plus$plus$eq(ArrayBuffer.scala:105)
[2024-10-11T18:16:18.214+0000] {spark_submit.py:579} INFO - at scala.collection.mutable.ArrayBuffer.$plus$plus$eq(ArrayBuffer.scala:49)
[2024-10-11T18:16:18.214+0000] {spark_submit.py:579} INFO - at scala.collection.TraversableOnce.to(TraversableOnce.scala:366)
[2024-10-11T18:16:18.214+0000] {spark_submit.py:579} INFO - at scala.collection.TraversableOnce.to$(TraversableOnce.scala:364)
[2024-10-11T18:16:18.215+0000] {spark_submit.py:579} INFO - at org.apache.spark.InterruptibleIterator.to(InterruptibleIterator.scala:28)
[2024-10-11T18:16:18.215+0000] {spark_submit.py:579} INFO - at scala.collection.TraversableOnce.toBuffer(TraversableOnce.scala:358)
[2024-10-11T18:16:18.216+0000] {spark_submit.py:579} INFO - at scala.collection.TraversableOnce.toBuffer$(TraversableOnce.scala:358)
[2024-10-11T18:16:18.217+0000] {spark_submit.py:579} INFO - at org.apache.spark.InterruptibleIterator.toBuffer(InterruptibleIterator.scala:28)
[2024-10-11T18:16:18.217+0000] {spark_submit.py:579} INFO - at scala.collection.TraversableOnce.toArray(TraversableOnce.scala:345)
[2024-10-11T18:16:18.218+0000] {spark_submit.py:579} INFO - at scala.collection.TraversableOnce.toArray$(TraversableOnce.scala:339)
[2024-10-11T18:16:18.219+0000] {spark_submit.py:579} INFO - at org.apache.spark.InterruptibleIterator.toArray(InterruptibleIterator.scala:28)
[2024-10-11T18:16:18.219+0000] {spark_submit.py:579} INFO - at org.apache.spark.api.python.PythonRDD$.$anonfun$runJob$1(PythonRDD.scala:179)
[2024-10-11T18:16:18.220+0000] {spark_submit.py:579} INFO - at org.apache.spark.SparkContext.$anonfun$runJob$5(SparkContext.scala:2303)
[2024-10-11T18:16:18.221+0000] {spark_submit.py:579} INFO - at org.apache.spark.scheduler.ResultTask.runTask(ResultTask.scala:92)
[2024-10-11T18:16:18.221+0000] {spark_submit.py:579} INFO - at org.apache.spark.TaskContext.runTaskWithListeners(TaskContext.scala:161)
[2024-10-11T18:16:18.222+0000] {spark_submit.py:579} INFO - at org.apache.spark.scheduler.Task.run(Task.scala:139)
[2024-10-11T18:16:18.223+0000] {spark_submit.py:579} INFO - at org.apache.spark.executor.Executor$TaskRunner.$anonfun$run$3(Executor.scala:554)
[2024-10-11T18:16:18.223+0000] {spark_submit.py:579} INFO - at org.apache.spark.util.Utils$.tryWithSafeFinally(Utils.scala:1529)
[2024-10-11T18:16:18.224+0000] {spark_submit.py:579} INFO - at org.apache.spark.executor.Executor$TaskRunner.run(Executor.scala:557)
[2024-10-11T18:16:18.224+0000] {spark_submit.py:579} INFO - at java.base/java.util.concurrent.ThreadPoolExecutor.runWorker(ThreadPoolExecutor.java:1136)
[2024-10-11T18:16:18.225+0000] {spark_submit.py:579} INFO - at java.base/java.util.concurrent.ThreadPoolExecutor$Worker.run(ThreadPoolExecutor.java:635)
[2024-10-11T18:16:18.226+0000] {spark_submit.py:579} INFO - at java.base/java.lang.Thread.run(Thread.java:840)
[2024-10-11T18:16:18.226+0000] {spark_submit.py:579} INFO - 
[2024-10-11T18:16:18.227+0000] {spark_submit.py:579} INFO - 2024-10-11 18:16:18,217 ERROR: Traceback (most recent call last):
[2024-10-11T18:16:18.228+0000] {spark_submit.py:579} INFO - File "/opt/***/jobs/python/test_movies.py", line 92, in clean_movies
[2024-10-11T18:16:18.229+0000] {spark_submit.py:579} INFO - .toDF()
[2024-10-11T18:16:18.229+0000] {spark_submit.py:579} INFO - ^^^^^^
[2024-10-11T18:16:18.230+0000] {spark_submit.py:579} INFO - File "/home/***/.local/lib/python3.11/site-packages/pyspark/python/lib/pyspark.zip/pyspark/sql/session.py", line 115, in toDF
[2024-10-11T18:16:18.230+0000] {spark_submit.py:579} INFO - return sparkSession.createDataFrame(self, schema, sampleRatio)
[2024-10-11T18:16:18.231+0000] {spark_submit.py:579} INFO - ^^^^^^^^^^^^^^^^^^^^^^^^^^^^^^^^^^^^^^^^^^^^^^^^^^^^^^^
[2024-10-11T18:16:18.231+0000] {spark_submit.py:579} INFO - File "/home/***/.local/lib/python3.11/site-packages/pyspark/python/lib/pyspark.zip/pyspark/sql/session.py", line 1276, in createDataFrame
[2024-10-11T18:16:18.232+0000] {spark_submit.py:579} INFO - return self._create_dataframe(
[2024-10-11T18:16:18.232+0000] {spark_submit.py:579} INFO - ^^^^^^^^^^^^^^^^^^^^^^^
[2024-10-11T18:16:18.233+0000] {spark_submit.py:579} INFO - File "/home/***/.local/lib/python3.11/site-packages/pyspark/python/lib/pyspark.zip/pyspark/sql/session.py", line 1316, in _create_dataframe
[2024-10-11T18:16:18.234+0000] {spark_submit.py:579} INFO - rdd, struct = self._createFromRDD(data.map(prepare), schema, samplingRatio)
[2024-10-11T18:16:18.234+0000] {spark_submit.py:579} INFO - ^^^^^^^^^^^^^^^^^^^^^^^^^^^^^^^^^^^^^^^^^^^^^^^^^^^^^^^^^^^^^
[2024-10-11T18:16:18.235+0000] {spark_submit.py:579} INFO - File "/home/***/.local/lib/python3.11/site-packages/pyspark/python/lib/pyspark.zip/pyspark/sql/session.py", line 931, in _createFromRDD
[2024-10-11T18:16:18.235+0000] {spark_submit.py:579} INFO - struct = self._inferSchema(rdd, samplingRatio, names=schema)
[2024-10-11T18:16:18.236+0000] {spark_submit.py:579} INFO - ^^^^^^^^^^^^^^^^^^^^^^^^^^^^^^^^^^^^^^^^^^^^^^^^^^^
[2024-10-11T18:16:18.237+0000] {spark_submit.py:579} INFO - File "/home/***/.local/lib/python3.11/site-packages/pyspark/python/lib/pyspark.zip/pyspark/sql/session.py", line 874, in _inferSchema
[2024-10-11T18:16:18.237+0000] {spark_submit.py:579} INFO - first = rdd.first()
[2024-10-11T18:16:18.238+0000] {spark_submit.py:579} INFO - ^^^^^^^^^^^
[2024-10-11T18:16:18.239+0000] {spark_submit.py:579} INFO - File "/home/***/.local/lib/python3.11/site-packages/pyspark/python/lib/pyspark.zip/pyspark/rdd.py", line 2869, in first
[2024-10-11T18:16:18.240+0000] {spark_submit.py:579} INFO - rs = self.take(1)
[2024-10-11T18:16:18.240+0000] {spark_submit.py:579} INFO - ^^^^^^^^^^^^
[2024-10-11T18:16:18.241+0000] {spark_submit.py:579} INFO - File "/home/***/.local/lib/python3.11/site-packages/pyspark/python/lib/pyspark.zip/pyspark/rdd.py", line 2836, in take
[2024-10-11T18:16:18.242+0000] {spark_submit.py:579} INFO - res = self.context.runJob(self, takeUpToNumLeft, p)
[2024-10-11T18:16:18.242+0000] {spark_submit.py:579} INFO - ^^^^^^^^^^^^^^^^^^^^^^^^^^^^^^^^^^^^^^^^^^^^^
[2024-10-11T18:16:18.243+0000] {spark_submit.py:579} INFO - File "/home/***/.local/lib/python3.11/site-packages/pyspark/python/lib/pyspark.zip/pyspark/context.py", line 2319, in runJob
[2024-10-11T18:16:18.244+0000] {spark_submit.py:579} INFO - sock_info = self._jvm.PythonRDD.runJob(self._jsc.sc(), mappedRDD._jrdd, partitions)
[2024-10-11T18:16:18.245+0000] {spark_submit.py:579} INFO - ^^^^^^^^^^^^^^^^^^^^^^^^^^^^^^^^^^^^^^^^^^^^^^^^^^^^^^^^^^^^^^^^^^^^^^^
[2024-10-11T18:16:18.245+0000] {spark_submit.py:579} INFO - File "/home/***/.local/lib/python3.11/site-packages/pyspark/python/lib/py4j-0.10.9.7-src.zip/py4j/java_gateway.py", line 1322, in __call__
[2024-10-11T18:16:18.246+0000] {spark_submit.py:579} INFO - return_value = get_return_value(
[2024-10-11T18:16:18.247+0000] {spark_submit.py:579} INFO - ^^^^^^^^^^^^^^^^^
[2024-10-11T18:16:18.248+0000] {spark_submit.py:579} INFO - File "/home/***/.local/lib/python3.11/site-packages/pyspark/python/lib/pyspark.zip/pyspark/errors/exceptions/captured.py", line 169, in deco
[2024-10-11T18:16:18.249+0000] {spark_submit.py:579} INFO - return f(*a, **kw)
[2024-10-11T18:16:18.249+0000] {spark_submit.py:579} INFO - ^^^^^^^^^^^
[2024-10-11T18:16:18.250+0000] {spark_submit.py:579} INFO - File "/home/***/.local/lib/python3.11/site-packages/pyspark/python/lib/py4j-0.10.9.7-src.zip/py4j/protocol.py", line 326, in get_return_value
[2024-10-11T18:16:18.251+0000] {spark_submit.py:579} INFO - raise Py4JJavaError(
[2024-10-11T18:16:18.252+0000] {spark_submit.py:579} INFO - py4j.protocol.Py4JJavaError: An error occurred while calling z:org.apache.spark.api.python.PythonRDD.runJob.
[2024-10-11T18:16:18.253+0000] {spark_submit.py:579} INFO - : org.apache.spark.SparkException: Job aborted due to stage failure: Task 0 in stage 0.0 failed 4 times, most recent failure: Lost task 0.3 in stage 0.0 (TID 3) (172.18.0.6 executor 0): org.apache.spark.api.python.PythonException: Traceback (most recent call last):
[2024-10-11T18:16:18.253+0000] {spark_submit.py:579} INFO - File "/opt/bitnami/spark/python/lib/pyspark.zip/pyspark/worker.py", line 683, in main
[2024-10-11T18:16:18.254+0000] {spark_submit.py:579} INFO - raise RuntimeError(
[2024-10-11T18:16:18.255+0000] {spark_submit.py:579} INFO - RuntimeError: Python in worker has different version 3.12 than that in driver 3.11, PySpark cannot run with different minor versions. Please check environment variables PYSPARK_PYTHON and PYSPARK_DRIVER_PYTHON are correctly set.
[2024-10-11T18:16:18.255+0000] {spark_submit.py:579} INFO - 
[2024-10-11T18:16:18.256+0000] {spark_submit.py:579} INFO - at org.apache.spark.api.python.BasePythonRunner$ReaderIterator.handlePythonException(PythonRunner.scala:561)
[2024-10-11T18:16:18.257+0000] {spark_submit.py:579} INFO - at org.apache.spark.api.python.PythonRunner$$anon$3.read(PythonRunner.scala:767)
[2024-10-11T18:16:18.257+0000] {spark_submit.py:579} INFO - at org.apache.spark.api.python.PythonRunner$$anon$3.read(PythonRunner.scala:749)
[2024-10-11T18:16:18.258+0000] {spark_submit.py:579} INFO - at org.apache.spark.api.python.BasePythonRunner$ReaderIterator.hasNext(PythonRunner.scala:514)
[2024-10-11T18:16:18.259+0000] {spark_submit.py:579} INFO - at org.apache.spark.InterruptibleIterator.hasNext(InterruptibleIterator.scala:37)
[2024-10-11T18:16:18.260+0000] {spark_submit.py:579} INFO - at scala.collection.Iterator.foreach(Iterator.scala:943)
[2024-10-11T18:16:18.261+0000] {spark_submit.py:579} INFO - at scala.collection.Iterator.foreach$(Iterator.scala:943)
[2024-10-11T18:16:18.262+0000] {spark_submit.py:579} INFO - at org.apache.spark.InterruptibleIterator.foreach(InterruptibleIterator.scala:28)
[2024-10-11T18:16:18.263+0000] {spark_submit.py:579} INFO - at scala.collection.generic.Growable.$plus$plus$eq(Growable.scala:62)
[2024-10-11T18:16:18.264+0000] {spark_submit.py:579} INFO - at scala.collection.generic.Growable.$plus$plus$eq$(Growable.scala:53)
[2024-10-11T18:16:18.266+0000] {spark_submit.py:579} INFO - at scala.collection.mutable.ArrayBuffer.$plus$plus$eq(ArrayBuffer.scala:105)
[2024-10-11T18:16:18.267+0000] {spark_submit.py:579} INFO - at scala.collection.mutable.ArrayBuffer.$plus$plus$eq(ArrayBuffer.scala:49)
[2024-10-11T18:16:18.268+0000] {spark_submit.py:579} INFO - at scala.collection.TraversableOnce.to(TraversableOnce.scala:366)
[2024-10-11T18:16:18.270+0000] {spark_submit.py:579} INFO - at scala.collection.TraversableOnce.to$(TraversableOnce.scala:364)
[2024-10-11T18:16:18.271+0000] {spark_submit.py:579} INFO - at org.apache.spark.InterruptibleIterator.to(InterruptibleIterator.scala:28)
[2024-10-11T18:16:18.272+0000] {spark_submit.py:579} INFO - at scala.collection.TraversableOnce.toBuffer(TraversableOnce.scala:358)
[2024-10-11T18:16:18.273+0000] {spark_submit.py:579} INFO - at scala.collection.TraversableOnce.toBuffer$(TraversableOnce.scala:358)
[2024-10-11T18:16:18.274+0000] {spark_submit.py:579} INFO - at org.apache.spark.InterruptibleIterator.toBuffer(InterruptibleIterator.scala:28)
[2024-10-11T18:16:18.275+0000] {spark_submit.py:579} INFO - at scala.collection.TraversableOnce.toArray(TraversableOnce.scala:345)
[2024-10-11T18:16:18.276+0000] {spark_submit.py:579} INFO - at scala.collection.TraversableOnce.toArray$(TraversableOnce.scala:339)
[2024-10-11T18:16:18.277+0000] {spark_submit.py:579} INFO - at org.apache.spark.InterruptibleIterator.toArray(InterruptibleIterator.scala:28)
[2024-10-11T18:16:18.278+0000] {spark_submit.py:579} INFO - at org.apache.spark.api.python.PythonRDD$.$anonfun$runJob$1(PythonRDD.scala:179)
[2024-10-11T18:16:18.279+0000] {spark_submit.py:579} INFO - at org.apache.spark.SparkContext.$anonfun$runJob$5(SparkContext.scala:2303)
[2024-10-11T18:16:18.280+0000] {spark_submit.py:579} INFO - at org.apache.spark.scheduler.ResultTask.runTask(ResultTask.scala:92)
[2024-10-11T18:16:18.281+0000] {spark_submit.py:579} INFO - at org.apache.spark.TaskContext.runTaskWithListeners(TaskContext.scala:161)
[2024-10-11T18:16:18.282+0000] {spark_submit.py:579} INFO - at org.apache.spark.scheduler.Task.run(Task.scala:139)
[2024-10-11T18:16:18.283+0000] {spark_submit.py:579} INFO - at org.apache.spark.executor.Executor$TaskRunner.$anonfun$run$3(Executor.scala:554)
[2024-10-11T18:16:18.284+0000] {spark_submit.py:579} INFO - at org.apache.spark.util.Utils$.tryWithSafeFinally(Utils.scala:1529)
[2024-10-11T18:16:18.285+0000] {spark_submit.py:579} INFO - at org.apache.spark.executor.Executor$TaskRunner.run(Executor.scala:557)
[2024-10-11T18:16:18.286+0000] {spark_submit.py:579} INFO - at java.base/java.util.concurrent.ThreadPoolExecutor.runWorker(ThreadPoolExecutor.java:1136)
[2024-10-11T18:16:18.287+0000] {spark_submit.py:579} INFO - at java.base/java.util.concurrent.ThreadPoolExecutor$Worker.run(ThreadPoolExecutor.java:635)
[2024-10-11T18:16:18.288+0000] {spark_submit.py:579} INFO - at java.base/java.lang.Thread.run(Thread.java:840)
[2024-10-11T18:16:18.289+0000] {spark_submit.py:579} INFO - 
[2024-10-11T18:16:18.290+0000] {spark_submit.py:579} INFO - Driver stacktrace:
[2024-10-11T18:16:18.291+0000] {spark_submit.py:579} INFO - at org.apache.spark.scheduler.DAGScheduler.failJobAndIndependentStages(DAGScheduler.scala:2790)
[2024-10-11T18:16:18.293+0000] {spark_submit.py:579} INFO - at org.apache.spark.scheduler.DAGScheduler.$anonfun$abortStage$2(DAGScheduler.scala:2726)
[2024-10-11T18:16:18.294+0000] {spark_submit.py:579} INFO - at org.apache.spark.scheduler.DAGScheduler.$anonfun$abortStage$2$adapted(DAGScheduler.scala:2725)
[2024-10-11T18:16:18.295+0000] {spark_submit.py:579} INFO - at scala.collection.mutable.ResizableArray.foreach(ResizableArray.scala:62)
[2024-10-11T18:16:18.296+0000] {spark_submit.py:579} INFO - at scala.collection.mutable.ResizableArray.foreach$(ResizableArray.scala:55)
[2024-10-11T18:16:18.297+0000] {spark_submit.py:579} INFO - at scala.collection.mutable.ArrayBuffer.foreach(ArrayBuffer.scala:49)
[2024-10-11T18:16:18.298+0000] {spark_submit.py:579} INFO - at org.apache.spark.scheduler.DAGScheduler.abortStage(DAGScheduler.scala:2725)
[2024-10-11T18:16:18.299+0000] {spark_submit.py:579} INFO - at org.apache.spark.scheduler.DAGScheduler.$anonfun$handleTaskSetFailed$1(DAGScheduler.scala:1211)
[2024-10-11T18:16:18.300+0000] {spark_submit.py:579} INFO - at org.apache.spark.scheduler.DAGScheduler.$anonfun$handleTaskSetFailed$1$adapted(DAGScheduler.scala:1211)
[2024-10-11T18:16:18.302+0000] {spark_submit.py:579} INFO - at scala.Option.foreach(Option.scala:407)
[2024-10-11T18:16:18.303+0000] {spark_submit.py:579} INFO - at org.apache.spark.scheduler.DAGScheduler.handleTaskSetFailed(DAGScheduler.scala:1211)
[2024-10-11T18:16:18.304+0000] {spark_submit.py:579} INFO - at org.apache.spark.scheduler.DAGSchedulerEventProcessLoop.doOnReceive(DAGScheduler.scala:2989)
[2024-10-11T18:16:18.305+0000] {spark_submit.py:579} INFO - at org.apache.spark.scheduler.DAGSchedulerEventProcessLoop.onReceive(DAGScheduler.scala:2928)
[2024-10-11T18:16:18.306+0000] {spark_submit.py:579} INFO - at org.apache.spark.scheduler.DAGSchedulerEventProcessLoop.onReceive(DAGScheduler.scala:2917)
[2024-10-11T18:16:18.308+0000] {spark_submit.py:579} INFO - at org.apache.spark.util.EventLoop$$anon$1.run(EventLoop.scala:49)
[2024-10-11T18:16:18.310+0000] {spark_submit.py:579} INFO - at org.apache.spark.scheduler.DAGScheduler.runJob(DAGScheduler.scala:976)
[2024-10-11T18:16:18.311+0000] {spark_submit.py:579} INFO - at org.apache.spark.SparkContext.runJob(SparkContext.scala:2263)
[2024-10-11T18:16:18.312+0000] {spark_submit.py:579} INFO - at org.apache.spark.SparkContext.runJob(SparkContext.scala:2284)
[2024-10-11T18:16:18.313+0000] {spark_submit.py:579} INFO - at org.apache.spark.SparkContext.runJob(SparkContext.scala:2303)
[2024-10-11T18:16:18.314+0000] {spark_submit.py:579} INFO - at org.apache.spark.api.python.PythonRDD$.runJob(PythonRDD.scala:179)
[2024-10-11T18:16:18.315+0000] {spark_submit.py:579} INFO - at org.apache.spark.api.python.PythonRDD.runJob(PythonRDD.scala)
[2024-10-11T18:16:18.316+0000] {spark_submit.py:579} INFO - at java.base/jdk.internal.reflect.NativeMethodAccessorImpl.invoke0(Native Method)
[2024-10-11T18:16:18.317+0000] {spark_submit.py:579} INFO - at java.base/jdk.internal.reflect.NativeMethodAccessorImpl.invoke(NativeMethodAccessorImpl.java:62)
[2024-10-11T18:16:18.318+0000] {spark_submit.py:579} INFO - at java.base/jdk.internal.reflect.DelegatingMethodAccessorImpl.invoke(DelegatingMethodAccessorImpl.java:43)
[2024-10-11T18:16:18.319+0000] {spark_submit.py:579} INFO - at java.base/java.lang.reflect.Method.invoke(Method.java:566)
[2024-10-11T18:16:18.320+0000] {spark_submit.py:579} INFO - at py4j.reflection.MethodInvoker.invoke(MethodInvoker.java:244)
[2024-10-11T18:16:18.320+0000] {spark_submit.py:579} INFO - at py4j.reflection.ReflectionEngine.invoke(ReflectionEngine.java:374)
[2024-10-11T18:16:18.321+0000] {spark_submit.py:579} INFO - at py4j.Gateway.invoke(Gateway.java:282)
[2024-10-11T18:16:18.322+0000] {spark_submit.py:579} INFO - at py4j.commands.AbstractCommand.invokeMethod(AbstractCommand.java:132)
[2024-10-11T18:16:18.323+0000] {spark_submit.py:579} INFO - at py4j.commands.CallCommand.execute(CallCommand.java:79)
[2024-10-11T18:16:18.324+0000] {spark_submit.py:579} INFO - at py4j.ClientServerConnection.waitForCommands(ClientServerConnection.java:182)
[2024-10-11T18:16:18.326+0000] {spark_submit.py:579} INFO - at py4j.ClientServerConnection.run(ClientServerConnection.java:106)
[2024-10-11T18:16:18.328+0000] {spark_submit.py:579} INFO - at java.base/java.lang.Thread.run(Thread.java:829)
[2024-10-11T18:16:18.329+0000] {spark_submit.py:579} INFO - Caused by: org.apache.spark.api.python.PythonException: Traceback (most recent call last):
[2024-10-11T18:16:18.330+0000] {spark_submit.py:579} INFO - File "/opt/bitnami/spark/python/lib/pyspark.zip/pyspark/worker.py", line 683, in main
[2024-10-11T18:16:18.331+0000] {spark_submit.py:579} INFO - raise RuntimeError(
[2024-10-11T18:16:18.332+0000] {spark_submit.py:579} INFO - RuntimeError: Python in worker has different version 3.12 than that in driver 3.11, PySpark cannot run with different minor versions. Please check environment variables PYSPARK_PYTHON and PYSPARK_DRIVER_PYTHON are correctly set.
[2024-10-11T18:16:18.332+0000] {spark_submit.py:579} INFO - 
[2024-10-11T18:16:18.333+0000] {spark_submit.py:579} INFO - at org.apache.spark.api.python.BasePythonRunner$ReaderIterator.handlePythonException(PythonRunner.scala:561)
[2024-10-11T18:16:18.334+0000] {spark_submit.py:579} INFO - at org.apache.spark.api.python.PythonRunner$$anon$3.read(PythonRunner.scala:767)
[2024-10-11T18:16:18.335+0000] {spark_submit.py:579} INFO - at org.apache.spark.api.python.PythonRunner$$anon$3.read(PythonRunner.scala:749)
[2024-10-11T18:16:18.336+0000] {spark_submit.py:579} INFO - at org.apache.spark.api.python.BasePythonRunner$ReaderIterator.hasNext(PythonRunner.scala:514)
[2024-10-11T18:16:18.337+0000] {spark_submit.py:579} INFO - at org.apache.spark.InterruptibleIterator.hasNext(InterruptibleIterator.scala:37)
[2024-10-11T18:16:18.338+0000] {spark_submit.py:579} INFO - at scala.collection.Iterator.foreach(Iterator.scala:943)
[2024-10-11T18:16:18.339+0000] {spark_submit.py:579} INFO - at scala.collection.Iterator.foreach$(Iterator.scala:943)
[2024-10-11T18:16:18.340+0000] {spark_submit.py:579} INFO - at org.apache.spark.InterruptibleIterator.foreach(InterruptibleIterator.scala:28)
[2024-10-11T18:16:18.341+0000] {spark_submit.py:579} INFO - at scala.collection.generic.Growable.$plus$plus$eq(Growable.scala:62)
[2024-10-11T18:16:18.342+0000] {spark_submit.py:579} INFO - at scala.collection.generic.Growable.$plus$plus$eq$(Growable.scala:53)
[2024-10-11T18:16:18.343+0000] {spark_submit.py:579} INFO - at scala.collection.mutable.ArrayBuffer.$plus$plus$eq(ArrayBuffer.scala:105)
[2024-10-11T18:16:18.344+0000] {spark_submit.py:579} INFO - at scala.collection.mutable.ArrayBuffer.$plus$plus$eq(ArrayBuffer.scala:49)
[2024-10-11T18:16:18.345+0000] {spark_submit.py:579} INFO - at scala.collection.TraversableOnce.to(TraversableOnce.scala:366)
[2024-10-11T18:16:18.346+0000] {spark_submit.py:579} INFO - at scala.collection.TraversableOnce.to$(TraversableOnce.scala:364)
[2024-10-11T18:16:18.347+0000] {spark_submit.py:579} INFO - at org.apache.spark.InterruptibleIterator.to(InterruptibleIterator.scala:28)
[2024-10-11T18:16:18.348+0000] {spark_submit.py:579} INFO - at scala.collection.TraversableOnce.toBuffer(TraversableOnce.scala:358)
[2024-10-11T18:16:18.349+0000] {spark_submit.py:579} INFO - at scala.collection.TraversableOnce.toBuffer$(TraversableOnce.scala:358)
[2024-10-11T18:16:18.350+0000] {spark_submit.py:579} INFO - at org.apache.spark.InterruptibleIterator.toBuffer(InterruptibleIterator.scala:28)
[2024-10-11T18:16:18.351+0000] {spark_submit.py:579} INFO - at scala.collection.TraversableOnce.toArray(TraversableOnce.scala:345)
[2024-10-11T18:16:18.353+0000] {spark_submit.py:579} INFO - at scala.collection.TraversableOnce.toArray$(TraversableOnce.scala:339)
[2024-10-11T18:16:18.354+0000] {spark_submit.py:579} INFO - at org.apache.spark.InterruptibleIterator.toArray(InterruptibleIterator.scala:28)
[2024-10-11T18:16:18.356+0000] {spark_submit.py:579} INFO - at org.apache.spark.api.python.PythonRDD$.$anonfun$runJob$1(PythonRDD.scala:179)
[2024-10-11T18:16:18.358+0000] {spark_submit.py:579} INFO - at org.apache.spark.SparkContext.$anonfun$runJob$5(SparkContext.scala:2303)
[2024-10-11T18:16:18.358+0000] {spark_submit.py:579} INFO - at org.apache.spark.scheduler.ResultTask.runTask(ResultTask.scala:92)
[2024-10-11T18:16:18.359+0000] {spark_submit.py:579} INFO - at org.apache.spark.TaskContext.runTaskWithListeners(TaskContext.scala:161)
[2024-10-11T18:16:18.360+0000] {spark_submit.py:579} INFO - at org.apache.spark.scheduler.Task.run(Task.scala:139)
[2024-10-11T18:16:18.361+0000] {spark_submit.py:579} INFO - at org.apache.spark.executor.Executor$TaskRunner.$anonfun$run$3(Executor.scala:554)
[2024-10-11T18:16:18.362+0000] {spark_submit.py:579} INFO - at org.apache.spark.util.Utils$.tryWithSafeFinally(Utils.scala:1529)
[2024-10-11T18:16:18.362+0000] {spark_submit.py:579} INFO - at org.apache.spark.executor.Executor$TaskRunner.run(Executor.scala:557)
[2024-10-11T18:16:18.363+0000] {spark_submit.py:579} INFO - at java.base/java.util.concurrent.ThreadPoolExecutor.runWorker(ThreadPoolExecutor.java:1136)
[2024-10-11T18:16:18.364+0000] {spark_submit.py:579} INFO - at java.base/java.util.concurrent.ThreadPoolExecutor$Worker.run(ThreadPoolExecutor.java:635)
[2024-10-11T18:16:18.364+0000] {spark_submit.py:579} INFO - at java.base/java.lang.Thread.run(Thread.java:840)
[2024-10-11T18:16:18.365+0000] {spark_submit.py:579} INFO - 
[2024-10-11T18:16:18.366+0000] {spark_submit.py:579} INFO - 
[2024-10-11T18:16:18.367+0000] {spark_submit.py:579} INFO - 24/10/11 18:16:18 INFO SparkContext: SparkContext is stopping with exitCode 0.
[2024-10-11T18:16:18.367+0000] {spark_submit.py:579} INFO - 24/10/11 18:16:18 INFO SparkUI: Stopped Spark web UI at http://84076e7a47fe:4040
[2024-10-11T18:16:18.368+0000] {spark_submit.py:579} INFO - 24/10/11 18:16:18 INFO StandaloneSchedulerBackend: Shutting down all executors
[2024-10-11T18:16:18.368+0000] {spark_submit.py:579} INFO - 24/10/11 18:16:18 INFO StandaloneSchedulerBackend$StandaloneDriverEndpoint: Asking each executor to shut down
[2024-10-11T18:16:18.369+0000] {spark_submit.py:579} INFO - 24/10/11 18:16:18 INFO MapOutputTrackerMasterEndpoint: MapOutputTrackerMasterEndpoint stopped!
[2024-10-11T18:16:18.369+0000] {spark_submit.py:579} INFO - 24/10/11 18:16:18 INFO MemoryStore: MemoryStore cleared
[2024-10-11T18:16:18.370+0000] {spark_submit.py:579} INFO - 24/10/11 18:16:18 INFO BlockManager: BlockManager stopped
[2024-10-11T18:16:18.371+0000] {spark_submit.py:579} INFO - 24/10/11 18:16:18 INFO BlockManagerMaster: BlockManagerMaster stopped
[2024-10-11T18:16:18.372+0000] {spark_submit.py:579} INFO - 24/10/11 18:16:18 INFO OutputCommitCoordinator$OutputCommitCoordinatorEndpoint: OutputCommitCoordinator stopped!
[2024-10-11T18:16:18.432+0000] {spark_submit.py:579} INFO - 24/10/11 18:16:18 INFO SparkContext: Successfully stopped SparkContext
[2024-10-11T18:16:18.442+0000] {spark_submit.py:579} INFO - 2024-10-11 18:16:18,442 INFO: Closing down clientserver connection
[2024-10-11T18:16:18.593+0000] {spark_submit.py:579} INFO - 24/10/11 18:16:18 INFO ShutdownHookManager: Shutdown hook called
[2024-10-11T18:16:18.595+0000] {spark_submit.py:579} INFO - 24/10/11 18:16:18 INFO ShutdownHookManager: Deleting directory /tmp/spark-6a9dd808-ddd8-42b2-a4db-e6256780a452/pyspark-f6ce6084-5f12-4faf-85d6-8e3218403ef1
[2024-10-11T18:16:18.608+0000] {spark_submit.py:579} INFO - 24/10/11 18:16:18 INFO ShutdownHookManager: Deleting directory /tmp/spark-6a9dd808-ddd8-42b2-a4db-e6256780a452
[2024-10-11T18:16:18.615+0000] {spark_submit.py:579} INFO - 24/10/11 18:16:18 INFO ShutdownHookManager: Deleting directory /tmp/spark-91141554-ac58-48a5-b2a0-e2fd0329096a
[2024-10-11T18:16:18.628+0000] {spark_submit.py:579} INFO - 24/10/11 18:16:18 INFO MetricsSystemImpl: Stopping s3a-file-system metrics system...
[2024-10-11T18:16:18.629+0000] {spark_submit.py:579} INFO - 24/10/11 18:16:18 INFO MetricsSystemImpl: s3a-file-system metrics system stopped.
[2024-10-11T18:16:18.630+0000] {spark_submit.py:579} INFO - 24/10/11 18:16:18 INFO MetricsSystemImpl: s3a-file-system metrics system shutdown complete.
[2024-10-11T18:16:18.746+0000] {taskinstance.py:1935} ERROR - Task failed with exception
Traceback (most recent call last):
  File "/home/airflow/.local/lib/python3.11/site-packages/airflow/providers/apache/spark/operators/spark_submit.py", line 174, in execute
    self._hook.submit(self.application)
  File "/home/airflow/.local/lib/python3.11/site-packages/airflow/providers/apache/spark/hooks/spark_submit.py", line 505, in submit
    raise AirflowException(
airflow.exceptions.AirflowException: Cannot execute: spark-submit --master spark://spark-master:7077 --conf spark.sql.extensions=io.delta.sql.DeltaSparkSessionExtension --conf spark.sql.catalog.spark_catalog=org.apache.spark.sql.delta.catalog.DeltaCatalog --jars /opt/***/jars/hadoop-aws-3.3.4.jar,/opt/***/jars/s3-2.18.41.jar,/opt/***/jars/aws-java-sdk-1.12.367.jar,/opt/***/jars/delta-core_2.12-2.4.0.jar,/opt/***/jars/delta-storage-2.2.0.jar, --packages org.apache.hadoop:hadoop-aws:3.3.4 --num-executors 2 --total-executor-cores 2 --executor-cores 2 --executor-memory 2g --driver-memory 1g --name arrow-spark --deploy-mode client /opt/***/jobs/python/test_movies.py s3a://lakehouse/bronze/movies.parquet s3a://lakehouse/silver. Error code is: 1.
[2024-10-11T18:16:18.761+0000] {taskinstance.py:1398} INFO - Marking task as FAILED. dag_id=spark_processing_dag1111, task_id=silver_cleaned_movies, execution_date=20241011T181040, start_date=20241011T181600, end_date=20241011T181618
[2024-10-11T18:16:18.762+0000] {movie.py:15} ERROR - Task spark_processing_dag1111__silver_cleaned_movies__20241011 failed.
[2024-10-11T18:16:18.776+0000] {standard_task_runner.py:104} ERROR - Failed to execute job 73 for task silver_cleaned_movies (Cannot execute: spark-submit --master spark://spark-master:7077 --conf spark.sql.extensions=io.delta.sql.DeltaSparkSessionExtension --conf spark.sql.catalog.spark_catalog=org.apache.spark.sql.delta.catalog.DeltaCatalog --jars /opt/***/jars/hadoop-aws-3.3.4.jar,/opt/***/jars/s3-2.18.41.jar,/opt/***/jars/aws-java-sdk-1.12.367.jar,/opt/***/jars/delta-core_2.12-2.4.0.jar,/opt/***/jars/delta-storage-2.2.0.jar, --packages org.apache.hadoop:hadoop-aws:3.3.4 --num-executors 2 --total-executor-cores 2 --executor-cores 2 --executor-memory 2g --driver-memory 1g --name arrow-spark --deploy-mode client /opt/***/jobs/python/test_movies.py s3a://lakehouse/bronze/movies.parquet s3a://lakehouse/silver. Error code is: 1.; 24498)
[2024-10-11T18:16:18.790+0000] {local_task_job_runner.py:228} INFO - Task exited with return code 1
[2024-10-11T18:16:18.810+0000] {taskinstance.py:2776} INFO - 0 downstream tasks scheduled from follow-on schedule check
