[2024-10-04T01:48:29.159+0000] {taskinstance.py:1157} INFO - Dependencies all met for dep_context=non-requeueable deps ti=<TaskInstance: bronze_layer_processing.bronze_keywords manual__2024-10-04T01:42:21.735791+00:00 [queued]>
[2024-10-04T01:48:29.168+0000] {taskinstance.py:1157} INFO - Dependencies all met for dep_context=requeueable deps ti=<TaskInstance: bronze_layer_processing.bronze_keywords manual__2024-10-04T01:42:21.735791+00:00 [queued]>
[2024-10-04T01:48:29.169+0000] {taskinstance.py:1359} INFO - Starting attempt 3 of 3
[2024-10-04T01:48:29.181+0000] {taskinstance.py:1380} INFO - Executing <Task(PythonOperator): bronze_keywords> on 2024-10-04 01:42:21.735791+00:00
[2024-10-04T01:48:29.187+0000] {standard_task_runner.py:57} INFO - Started process 1024 to run task
[2024-10-04T01:48:29.189+0000] {standard_task_runner.py:84} INFO - Running: ['***', 'tasks', 'run', 'bronze_layer_processing', 'bronze_keywords', 'manual__2024-10-04T01:42:21.735791+00:00', '--job-id', '9', '--raw', '--subdir', 'DAGS_FOLDER/bronze_layer.py', '--cfg-path', '/tmp/tmppuydu6qz']
[2024-10-04T01:48:29.193+0000] {standard_task_runner.py:85} INFO - Job 9: Subtask bronze_keywords
[2024-10-04T01:48:29.255+0000] {task_command.py:415} INFO - Running <TaskInstance: bronze_layer_processing.bronze_keywords manual__2024-10-04T01:42:21.735791+00:00 [running]> on host 928e276d789d
[2024-10-04T01:48:29.332+0000] {taskinstance.py:1660} INFO - Exporting env vars: AIRFLOW_CTX_DAG_OWNER='***' AIRFLOW_CTX_DAG_ID='bronze_layer_processing' AIRFLOW_CTX_TASK_ID='bronze_keywords' AIRFLOW_CTX_EXECUTION_DATE='2024-10-04T01:42:21.735791+00:00' AIRFLOW_CTX_TRY_NUMBER='3' AIRFLOW_CTX_DAG_RUN_ID='manual__2024-10-04T01:42:21.735791+00:00'
[2024-10-04T01:48:29.569+0000] {taskinstance.py:1935} ERROR - Task failed with exception
Traceback (most recent call last):
  File "/home/airflow/.local/lib/python3.11/site-packages/airflow/operators/python.py", line 192, in execute
    return_value = self.execute_callable()
                   ^^^^^^^^^^^^^^^^^^^^^^^
  File "/home/airflow/.local/lib/python3.11/site-packages/airflow/operators/python.py", line 209, in execute_callable
    return self.python_callable(*self.op_args, **self.op_kwargs)
           ^^^^^^^^^^^^^^^^^^^^^^^^^^^^^^^^^^^^^^^^^^^^^^^^^^^^^
  File "/opt/airflow/dags/bronze_layer.py", line 38, in bronze_keywords
    df = get_data_from_raw('keywords')
         ^^^^^^^^^^^^^^^^^^^^^^^^^^^^^
  File "/opt/airflow/dags/bronze_layer.py", line 25, in get_data_from_raw
    response = client.get_object(Bucket="lakehouse", Key=f'raw/{name}.csv')
               ^^^^^^^^^^^^^^^^^^^^^^^^^^^^^^^^^^^^^^^^^^^^^^^^^^^^^^^^^^^^
  File "/home/airflow/.local/lib/python3.11/site-packages/botocore/client.py", line 535, in _api_call
    return self._make_api_call(operation_name, kwargs)
           ^^^^^^^^^^^^^^^^^^^^^^^^^^^^^^^^^^^^^^^^^^^
  File "/home/airflow/.local/lib/python3.11/site-packages/botocore/client.py", line 963, in _make_api_call
    http, parsed_response = self._make_request(
                            ^^^^^^^^^^^^^^^^^^^
  File "/home/airflow/.local/lib/python3.11/site-packages/botocore/client.py", line 986, in _make_request
    return self._endpoint.make_request(operation_model, request_dict)
           ^^^^^^^^^^^^^^^^^^^^^^^^^^^^^^^^^^^^^^^^^^^^^^^^^^^^^^^^^^
  File "/home/airflow/.local/lib/python3.11/site-packages/botocore/endpoint.py", line 119, in make_request
    return self._send_request(request_dict, operation_model)
           ^^^^^^^^^^^^^^^^^^^^^^^^^^^^^^^^^^^^^^^^^^^^^^^^^
  File "/home/airflow/.local/lib/python3.11/site-packages/botocore/endpoint.py", line 198, in _send_request
    request = self.create_request(request_dict, operation_model)
              ^^^^^^^^^^^^^^^^^^^^^^^^^^^^^^^^^^^^^^^^^^^^^^^^^^
  File "/home/airflow/.local/lib/python3.11/site-packages/botocore/endpoint.py", line 134, in create_request
    self._event_emitter.emit(
  File "/home/airflow/.local/lib/python3.11/site-packages/botocore/hooks.py", line 412, in emit
    return self._emitter.emit(aliased_event_name, **kwargs)
           ^^^^^^^^^^^^^^^^^^^^^^^^^^^^^^^^^^^^^^^^^^^^^^^^
  File "/home/airflow/.local/lib/python3.11/site-packages/botocore/hooks.py", line 256, in emit
    return self._emit(event_name, kwargs)
           ^^^^^^^^^^^^^^^^^^^^^^^^^^^^^^
  File "/home/airflow/.local/lib/python3.11/site-packages/botocore/hooks.py", line 239, in _emit
    response = handler(**kwargs)
               ^^^^^^^^^^^^^^^^^
  File "/home/airflow/.local/lib/python3.11/site-packages/botocore/signers.py", line 105, in handler
    return self.sign(operation_name, request)
           ^^^^^^^^^^^^^^^^^^^^^^^^^^^^^^^^^^
  File "/home/airflow/.local/lib/python3.11/site-packages/botocore/signers.py", line 189, in sign
    auth.add_auth(request)
  File "/home/airflow/.local/lib/python3.11/site-packages/botocore/auth.py", line 418, in add_auth
    raise NoCredentialsError()
botocore.exceptions.NoCredentialsError: Unable to locate credentials
[2024-10-04T01:48:29.586+0000] {taskinstance.py:1398} INFO - Marking task as FAILED. dag_id=bronze_layer_processing, task_id=bronze_keywords, execution_date=20241004T014221, start_date=20241004T014829, end_date=20241004T014829
[2024-10-04T01:48:29.597+0000] {standard_task_runner.py:104} ERROR - Failed to execute job 9 for task bronze_keywords (Unable to locate credentials; 1024)
[2024-10-04T01:48:29.646+0000] {local_task_job_runner.py:228} INFO - Task exited with return code 1
[2024-10-04T01:48:29.667+0000] {taskinstance.py:2776} INFO - 0 downstream tasks scheduled from follow-on schedule check
