[2024-11-01T17:19:59.707+0000] {taskinstance.py:1157} INFO - Dependencies all met for dep_context=non-requeueable deps ti=<TaskInstance: mergeeeee.merge_id scheduled__2024-10-31T00:00:00+00:00 [queued]>
[2024-11-01T17:19:59.715+0000] {taskinstance.py:1157} INFO - Dependencies all met for dep_context=requeueable deps ti=<TaskInstance: mergeeeee.merge_id scheduled__2024-10-31T00:00:00+00:00 [queued]>
[2024-11-01T17:19:59.715+0000] {taskinstance.py:1359} INFO - Starting attempt 1 of 2
[2024-11-01T17:19:59.728+0000] {taskinstance.py:1380} INFO - Executing <Task(SparkSubmitOperator): merge_id> on 2024-10-31 00:00:00+00:00
[2024-11-01T17:19:59.734+0000] {standard_task_runner.py:57} INFO - Started process 10477 to run task
[2024-11-01T17:19:59.737+0000] {standard_task_runner.py:84} INFO - Running: ['***', 'tasks', 'run', 'mergeeeee', 'merge_id', 'scheduled__2024-10-31T00:00:00+00:00', '--job-id', '32', '--raw', '--subdir', 'DAGS_FOLDER/merge_hihi.py', '--cfg-path', '/tmp/tmp_1_neto1']
[2024-11-01T17:19:59.739+0000] {standard_task_runner.py:85} INFO - Job 32: Subtask merge_id
[2024-11-01T17:19:59.793+0000] {task_command.py:415} INFO - Running <TaskInstance: mergeeeee.merge_id scheduled__2024-10-31T00:00:00+00:00 [running]> on host ee9b80364a9a
[2024-11-01T17:19:59.870+0000] {taskinstance.py:1660} INFO - Exporting env vars: AIRFLOW_CTX_DAG_OWNER='***' AIRFLOW_CTX_DAG_ID='mergeeeee' AIRFLOW_CTX_TASK_ID='merge_id' AIRFLOW_CTX_EXECUTION_DATE='2024-10-31T00:00:00+00:00' AIRFLOW_CTX_TRY_NUMBER='1' AIRFLOW_CTX_DAG_RUN_ID='scheduled__2024-10-31T00:00:00+00:00'
[2024-11-01T17:19:59.879+0000] {base.py:73} INFO - Using connection ID 'spark-conn' for task execution.
[2024-11-01T17:19:59.882+0000] {spark_submit.py:403} INFO - Spark-Submit cmd: spark-submit --master spark://master:7077 --conf spark.sql.extensions=io.delta.sql.DeltaSparkSessionExtension --conf spark.sql.catalog.spark_catalog=org.apache.spark.sql.delta.catalog.DeltaCatalog --jars /opt/***/jars/hadoop-aws-3.3.4.jar,/opt/***/jars/s3-2.18.41.jar,/opt/***/jars/aws-java-sdk-1.12.367.jar,/opt/***/jars/delta-core_2.12-2.4.0.jar,/opt/***/jars/delta-storage-2.2.0.jar, --packages org.apache.hadoop:hadoop-aws:3.3.4 --num-executors 2 --total-executor-cores 2 --executor-cores 2 --executor-memory 2g --driver-memory 1g --name arrow-spark --deploy-mode client /opt/***/jobs/python/test_merge.py s3a://lakehouse/sliver/keywords s3a://lakehouse/sliver/movies s3a://lakehouse/sliver/credits s3a://lakehouse/silver/merged_data
[2024-11-01T17:20:00.029+0000] {spark_submit.py:579} INFO - /home/***/.local/lib/python3.11/site-packages/pyspark/bin/load-spark-env.sh: line 68: ps: command not found
[2024-11-01T17:20:02.802+0000] {spark_submit.py:579} INFO - :: loading settings :: url = jar:file:/home/***/.local/lib/python3.11/site-packages/pyspark/jars/ivy-2.5.1.jar!/org/apache/ivy/core/settings/ivysettings.xml
[2024-11-01T17:20:03.002+0000] {spark_submit.py:579} INFO - Ivy Default Cache set to: /home/***/.ivy2/cache
[2024-11-01T17:20:03.003+0000] {spark_submit.py:579} INFO - The jars for the packages stored in: /home/***/.ivy2/jars
[2024-11-01T17:20:03.012+0000] {spark_submit.py:579} INFO - org.apache.hadoop#hadoop-aws added as a dependency
[2024-11-01T17:20:03.014+0000] {spark_submit.py:579} INFO - :: resolving dependencies :: org.apache.spark#spark-submit-parent-66f9de13-9e73-45de-bb1b-5ea00a6077bd;1.0
[2024-11-01T17:20:03.015+0000] {spark_submit.py:579} INFO - confs: [default]
[2024-11-01T17:20:03.252+0000] {spark_submit.py:579} INFO - found org.apache.hadoop#hadoop-aws;3.3.4 in spark-list
[2024-11-01T17:20:03.295+0000] {spark_submit.py:579} INFO - found com.amazonaws#aws-java-sdk-bundle;1.12.262 in central
[2024-11-01T17:20:03.337+0000] {spark_submit.py:579} INFO - found org.wildfly.openssl#wildfly-openssl;1.0.7.Final in central
[2024-11-01T17:20:03.375+0000] {spark_submit.py:579} INFO - :: resolution report :: resolve 348ms :: artifacts dl 13ms
[2024-11-01T17:20:03.376+0000] {spark_submit.py:579} INFO - :: modules in use:
[2024-11-01T17:20:03.377+0000] {spark_submit.py:579} INFO - com.amazonaws#aws-java-sdk-bundle;1.12.262 from central in [default]
[2024-11-01T17:20:03.378+0000] {spark_submit.py:579} INFO - org.apache.hadoop#hadoop-aws;3.3.4 from spark-list in [default]
[2024-11-01T17:20:03.379+0000] {spark_submit.py:579} INFO - org.wildfly.openssl#wildfly-openssl;1.0.7.Final from central in [default]
[2024-11-01T17:20:03.380+0000] {spark_submit.py:579} INFO - ---------------------------------------------------------------------
[2024-11-01T17:20:03.381+0000] {spark_submit.py:579} INFO - |                  |            modules            ||   artifacts   |
[2024-11-01T17:20:03.382+0000] {spark_submit.py:579} INFO - |       conf       | number| search|dwnlded|evicted|| number|dwnlded|
[2024-11-01T17:20:03.383+0000] {spark_submit.py:579} INFO - ---------------------------------------------------------------------
[2024-11-01T17:20:03.384+0000] {spark_submit.py:579} INFO - |      default     |   3   |   0   |   0   |   0   ||   3   |   0   |
[2024-11-01T17:20:03.384+0000] {spark_submit.py:579} INFO - ---------------------------------------------------------------------
[2024-11-01T17:20:03.386+0000] {spark_submit.py:579} INFO - :: retrieving :: org.apache.spark#spark-submit-parent-66f9de13-9e73-45de-bb1b-5ea00a6077bd
[2024-11-01T17:20:03.387+0000] {spark_submit.py:579} INFO - confs: [default]
[2024-11-01T17:20:03.399+0000] {spark_submit.py:579} INFO - 0 artifacts copied, 3 already retrieved (0kB/13ms)
[2024-11-01T17:20:03.823+0000] {spark_submit.py:579} INFO - 24/11/01 17:20:03 WARN NativeCodeLoader: Unable to load native-hadoop library for your platform... using builtin-java classes where applicable
[2024-11-01T17:20:05.632+0000] {spark_submit.py:579} INFO - 24/11/01 17:20:05 INFO SparkContext: Running Spark version 3.4.3
[2024-11-01T17:20:05.667+0000] {spark_submit.py:579} INFO - 24/11/01 17:20:05 INFO ResourceUtils: ==============================================================
[2024-11-01T17:20:05.668+0000] {spark_submit.py:579} INFO - 24/11/01 17:20:05 INFO ResourceUtils: No custom resources configured for spark.driver.
[2024-11-01T17:20:05.669+0000] {spark_submit.py:579} INFO - 24/11/01 17:20:05 INFO ResourceUtils: ==============================================================
[2024-11-01T17:20:05.669+0000] {spark_submit.py:579} INFO - 24/11/01 17:20:05 INFO SparkContext: Submitted application: MergeData
[2024-11-01T17:20:05.703+0000] {spark_submit.py:579} INFO - 24/11/01 17:20:05 INFO ResourceProfile: Default ResourceProfile created, executor resources: Map(cores -> name: cores, amount: 2, script: , vendor: , memory -> name: memory, amount: 2048, script: , vendor: , offHeap -> name: offHeap, amount: 0, script: , vendor: ), task resources: Map(cpus -> name: cpus, amount: 1.0)
[2024-11-01T17:20:05.724+0000] {spark_submit.py:579} INFO - 24/11/01 17:20:05 INFO ResourceProfile: Limiting resource is cpus at 2 tasks per executor
[2024-11-01T17:20:05.727+0000] {spark_submit.py:579} INFO - 24/11/01 17:20:05 INFO ResourceProfileManager: Added ResourceProfile id: 0
[2024-11-01T17:20:05.841+0000] {spark_submit.py:579} INFO - 24/11/01 17:20:05 INFO SecurityManager: Changing view acls to: ***
[2024-11-01T17:20:05.842+0000] {spark_submit.py:579} INFO - 24/11/01 17:20:05 INFO SecurityManager: Changing modify acls to: ***
[2024-11-01T17:20:05.844+0000] {spark_submit.py:579} INFO - 24/11/01 17:20:05 INFO SecurityManager: Changing view acls groups to:
[2024-11-01T17:20:05.845+0000] {spark_submit.py:579} INFO - 24/11/01 17:20:05 INFO SecurityManager: Changing modify acls groups to:
[2024-11-01T17:20:05.847+0000] {spark_submit.py:579} INFO - 24/11/01 17:20:05 INFO SecurityManager: SecurityManager: authentication disabled; ui acls disabled; users with view permissions: ***; groups with view permissions: EMPTY; users with modify permissions: ***; groups with modify permissions: EMPTY
[2024-11-01T17:20:06.292+0000] {spark_submit.py:579} INFO - 24/11/01 17:20:06 INFO Utils: Successfully started service 'sparkDriver' on port 39359.
[2024-11-01T17:20:06.349+0000] {spark_submit.py:579} INFO - 24/11/01 17:20:06 INFO SparkEnv: Registering MapOutputTracker
[2024-11-01T17:20:06.415+0000] {spark_submit.py:579} INFO - 24/11/01 17:20:06 INFO SparkEnv: Registering BlockManagerMaster
[2024-11-01T17:20:06.450+0000] {spark_submit.py:579} INFO - 24/11/01 17:20:06 INFO BlockManagerMasterEndpoint: Using org.apache.spark.storage.DefaultTopologyMapper for getting topology information
[2024-11-01T17:20:06.452+0000] {spark_submit.py:579} INFO - 24/11/01 17:20:06 INFO BlockManagerMasterEndpoint: BlockManagerMasterEndpoint up
[2024-11-01T17:20:06.462+0000] {spark_submit.py:579} INFO - 24/11/01 17:20:06 INFO SparkEnv: Registering BlockManagerMasterHeartbeat
[2024-11-01T17:20:06.507+0000] {spark_submit.py:579} INFO - 24/11/01 17:20:06 INFO DiskBlockManager: Created local directory at /tmp/blockmgr-baf14695-9a1a-479f-afe5-4b43dfc1bd20
[2024-11-01T17:20:06.529+0000] {spark_submit.py:579} INFO - 24/11/01 17:20:06 INFO MemoryStore: MemoryStore started with capacity 434.4 MiB
[2024-11-01T17:20:06.550+0000] {spark_submit.py:579} INFO - 24/11/01 17:20:06 INFO SparkEnv: Registering OutputCommitCoordinator
[2024-11-01T17:20:06.770+0000] {spark_submit.py:579} INFO - 24/11/01 17:20:06 INFO JettyUtils: Start Jetty 0.0.0.0:4040 for SparkUI
[2024-11-01T17:20:06.861+0000] {spark_submit.py:579} INFO - 24/11/01 17:20:06 INFO Utils: Successfully started service 'SparkUI' on port 4040.
[2024-11-01T17:20:06.931+0000] {spark_submit.py:579} INFO - 24/11/01 17:20:06 INFO SparkContext: Added JAR file:///opt/***/jars/hadoop-aws-3.3.4.jar at spark://ee9b80364a9a:39359/jars/hadoop-aws-3.3.4.jar with timestamp 1730481605620
[2024-11-01T17:20:06.933+0000] {spark_submit.py:579} INFO - 24/11/01 17:20:06 INFO SparkContext: Added JAR file:///opt/***/jars/s3-2.18.41.jar at spark://ee9b80364a9a:39359/jars/s3-2.18.41.jar with timestamp 1730481605620
[2024-11-01T17:20:06.935+0000] {spark_submit.py:579} INFO - 24/11/01 17:20:06 INFO SparkContext: Added JAR file:///opt/***/jars/aws-java-sdk-1.12.367.jar at spark://ee9b80364a9a:39359/jars/aws-java-sdk-1.12.367.jar with timestamp 1730481605620
[2024-11-01T17:20:06.937+0000] {spark_submit.py:579} INFO - 24/11/01 17:20:06 INFO SparkContext: Added JAR file:///opt/***/jars/delta-core_2.12-2.4.0.jar at spark://ee9b80364a9a:39359/jars/delta-core_2.12-2.4.0.jar with timestamp 1730481605620
[2024-11-01T17:20:06.940+0000] {spark_submit.py:579} INFO - 24/11/01 17:20:06 INFO SparkContext: Added JAR file:///opt/***/jars/delta-storage-2.2.0.jar at spark://ee9b80364a9a:39359/jars/delta-storage-2.2.0.jar with timestamp 1730481605620
[2024-11-01T17:20:06.941+0000] {spark_submit.py:579} INFO - 24/11/01 17:20:06 INFO SparkContext: Added JAR file:///home/***/.ivy2/jars/org.apache.hadoop_hadoop-aws-3.3.4.jar at spark://ee9b80364a9a:39359/jars/org.apache.hadoop_hadoop-aws-3.3.4.jar with timestamp 1730481605620
[2024-11-01T17:20:06.942+0000] {spark_submit.py:579} INFO - 24/11/01 17:20:06 INFO SparkContext: Added JAR file:///home/***/.ivy2/jars/com.amazonaws_aws-java-sdk-bundle-1.12.262.jar at spark://ee9b80364a9a:39359/jars/com.amazonaws_aws-java-sdk-bundle-1.12.262.jar with timestamp 1730481605620
[2024-11-01T17:20:06.943+0000] {spark_submit.py:579} INFO - 24/11/01 17:20:06 INFO SparkContext: Added JAR file:///home/***/.ivy2/jars/org.wildfly.openssl_wildfly-openssl-1.0.7.Final.jar at spark://ee9b80364a9a:39359/jars/org.wildfly.openssl_wildfly-openssl-1.0.7.Final.jar with timestamp 1730481605620
[2024-11-01T17:20:06.947+0000] {spark_submit.py:579} INFO - 24/11/01 17:20:06 INFO SparkContext: Added file file:///home/***/.ivy2/jars/org.apache.hadoop_hadoop-aws-3.3.4.jar at spark://ee9b80364a9a:39359/files/org.apache.hadoop_hadoop-aws-3.3.4.jar with timestamp 1730481605620
[2024-11-01T17:20:06.950+0000] {spark_submit.py:579} INFO - 24/11/01 17:20:06 INFO Utils: Copying /home/***/.ivy2/jars/org.apache.hadoop_hadoop-aws-3.3.4.jar to /tmp/spark-bc85d696-4161-43fb-b41b-93f2f5af5525/userFiles-b1b4ba93-9638-4f53-b73e-c1f157eb0a2d/org.apache.hadoop_hadoop-aws-3.3.4.jar
[2024-11-01T17:20:06.970+0000] {spark_submit.py:579} INFO - 24/11/01 17:20:06 INFO SparkContext: Added file file:///home/***/.ivy2/jars/com.amazonaws_aws-java-sdk-bundle-1.12.262.jar at spark://ee9b80364a9a:39359/files/com.amazonaws_aws-java-sdk-bundle-1.12.262.jar with timestamp 1730481605620
[2024-11-01T17:20:06.970+0000] {spark_submit.py:579} INFO - 24/11/01 17:20:06 INFO Utils: Copying /home/***/.ivy2/jars/com.amazonaws_aws-java-sdk-bundle-1.12.262.jar to /tmp/spark-bc85d696-4161-43fb-b41b-93f2f5af5525/userFiles-b1b4ba93-9638-4f53-b73e-c1f157eb0a2d/com.amazonaws_aws-java-sdk-bundle-1.12.262.jar
[2024-11-01T17:20:08.051+0000] {spark_submit.py:579} INFO - 24/11/01 17:20:08 INFO SparkContext: Added file file:///home/***/.ivy2/jars/org.wildfly.openssl_wildfly-openssl-1.0.7.Final.jar at spark://ee9b80364a9a:39359/files/org.wildfly.openssl_wildfly-openssl-1.0.7.Final.jar with timestamp 1730481605620
[2024-11-01T17:20:08.051+0000] {spark_submit.py:579} INFO - 24/11/01 17:20:08 INFO Utils: Copying /home/***/.ivy2/jars/org.wildfly.openssl_wildfly-openssl-1.0.7.Final.jar to /tmp/spark-bc85d696-4161-43fb-b41b-93f2f5af5525/userFiles-b1b4ba93-9638-4f53-b73e-c1f157eb0a2d/org.wildfly.openssl_wildfly-openssl-1.0.7.Final.jar
[2024-11-01T17:20:08.170+0000] {spark_submit.py:579} INFO - 24/11/01 17:20:08 INFO StandaloneAppClient$ClientEndpoint: Connecting to master spark://spark-master:7077...
[2024-11-01T17:20:08.225+0000] {spark_submit.py:579} INFO - 24/11/01 17:20:08 INFO TransportClientFactory: Successfully created connection to spark-master/172.19.0.2:7077 after 33 ms (0 ms spent in bootstraps)
[2024-11-01T17:20:08.372+0000] {spark_submit.py:579} INFO - 24/11/01 17:20:08 INFO StandaloneSchedulerBackend: Connected to Spark cluster with app ID app-20241101172008-0016
[2024-11-01T17:20:08.376+0000] {spark_submit.py:579} INFO - 24/11/01 17:20:08 INFO StandaloneAppClient$ClientEndpoint: Executor added: app-20241101172008-0016/0 on worker-20241101161146-172.19.0.6-39621 (172.19.0.6:39621) with 2 core(s)
[2024-11-01T17:20:08.380+0000] {spark_submit.py:579} INFO - 24/11/01 17:20:08 INFO StandaloneSchedulerBackend: Granted executor ID app-20241101172008-0016/0 on hostPort 172.19.0.6:39621 with 2 core(s), 2.0 GiB RAM
[2024-11-01T17:20:08.388+0000] {spark_submit.py:579} INFO - 24/11/01 17:20:08 INFO Utils: Successfully started service 'org.apache.spark.network.netty.NettyBlockTransferService' on port 39855.
[2024-11-01T17:20:08.389+0000] {spark_submit.py:579} INFO - 24/11/01 17:20:08 INFO NettyBlockTransferService: Server created on ee9b80364a9a:39855
[2024-11-01T17:20:08.393+0000] {spark_submit.py:579} INFO - 24/11/01 17:20:08 INFO BlockManager: Using org.apache.spark.storage.RandomBlockReplicationPolicy for block replication policy
[2024-11-01T17:20:08.406+0000] {spark_submit.py:579} INFO - 24/11/01 17:20:08 INFO BlockManagerMaster: Registering BlockManager BlockManagerId(driver, ee9b80364a9a, 39855, None)
[2024-11-01T17:20:08.412+0000] {spark_submit.py:579} INFO - 24/11/01 17:20:08 INFO BlockManagerMasterEndpoint: Registering block manager ee9b80364a9a:39855 with 434.4 MiB RAM, BlockManagerId(driver, ee9b80364a9a, 39855, None)
[2024-11-01T17:20:08.420+0000] {spark_submit.py:579} INFO - 24/11/01 17:20:08 INFO BlockManagerMaster: Registered BlockManager BlockManagerId(driver, ee9b80364a9a, 39855, None)
[2024-11-01T17:20:08.423+0000] {spark_submit.py:579} INFO - 24/11/01 17:20:08 INFO BlockManager: Initialized BlockManager: BlockManagerId(driver, ee9b80364a9a, 39855, None)
[2024-11-01T17:20:08.611+0000] {spark_submit.py:579} INFO - 24/11/01 17:20:08 INFO StandaloneAppClient$ClientEndpoint: Executor updated: app-20241101172008-0016/0 is now RUNNING
[2024-11-01T17:20:08.732+0000] {spark_submit.py:579} INFO - 24/11/01 17:20:08 INFO StandaloneSchedulerBackend: SchedulerBackend is ready for scheduling beginning after reached minRegisteredResourcesRatio: 0.0
[2024-11-01T17:20:09.148+0000] {spark_submit.py:579} INFO - 24/11/01 17:20:09 INFO SharedState: Setting hive.metastore.warehouse.dir ('null') to the value of spark.sql.warehouse.dir.
[2024-11-01T17:20:09.151+0000] {spark_submit.py:579} INFO - 24/11/01 17:20:09 INFO SharedState: Warehouse path is 'file:/opt/***/spark-warehouse'.
[2024-11-01T17:20:10.502+0000] {spark_submit.py:579} INFO - 24/11/01 17:20:10 WARN DataSource: All paths were ignored:
[2024-11-01T17:20:10.502+0000] {spark_submit.py:579} INFO - 
[2024-11-01T17:20:10.549+0000] {spark_submit.py:579} INFO - 24/11/01 17:20:10 INFO InMemoryFileIndex: It took 23 ms to list leaf files for 0 paths.
[2024-11-01T17:20:11.144+0000] {spark_submit.py:579} INFO - 24/11/01 17:20:11 INFO SparkContext: Starting job: parquet at NativeMethodAccessorImpl.java:0
[2024-11-01T17:20:11.169+0000] {spark_submit.py:579} INFO - 24/11/01 17:20:11 INFO DAGScheduler: Got job 0 (parquet at NativeMethodAccessorImpl.java:0) with 1 output partitions
[2024-11-01T17:20:11.170+0000] {spark_submit.py:579} INFO - 24/11/01 17:20:11 INFO DAGScheduler: Final stage: ResultStage 0 (parquet at NativeMethodAccessorImpl.java:0)
[2024-11-01T17:20:11.171+0000] {spark_submit.py:579} INFO - 24/11/01 17:20:11 INFO DAGScheduler: Parents of final stage: List()
[2024-11-01T17:20:11.174+0000] {spark_submit.py:579} INFO - 24/11/01 17:20:11 INFO DAGScheduler: Missing parents: List()
[2024-11-01T17:20:11.184+0000] {spark_submit.py:579} INFO - 24/11/01 17:20:11 INFO DAGScheduler: Submitting ResultStage 0 (MapPartitionsRDD[1] at parquet at NativeMethodAccessorImpl.java:0), which has no missing parents
[2024-11-01T17:20:11.344+0000] {spark_submit.py:579} INFO - 24/11/01 17:20:11 INFO MemoryStore: Block broadcast_0 stored as values in memory (estimated size 106.8 KiB, free 434.3 MiB)
[2024-11-01T17:20:11.466+0000] {spark_submit.py:579} INFO - 24/11/01 17:20:11 INFO MemoryStore: Block broadcast_0_piece0 stored as bytes in memory (estimated size 38.8 KiB, free 434.3 MiB)
[2024-11-01T17:20:11.475+0000] {spark_submit.py:579} INFO - 24/11/01 17:20:11 INFO BlockManagerInfo: Added broadcast_0_piece0 in memory on ee9b80364a9a:39855 (size: 38.8 KiB, free: 434.4 MiB)
[2024-11-01T17:20:11.484+0000] {spark_submit.py:579} INFO - 24/11/01 17:20:11 INFO SparkContext: Created broadcast 0 from broadcast at DAGScheduler.scala:1540
[2024-11-01T17:20:11.521+0000] {spark_submit.py:579} INFO - 24/11/01 17:20:11 INFO DAGScheduler: Submitting 1 missing tasks from ResultStage 0 (MapPartitionsRDD[1] at parquet at NativeMethodAccessorImpl.java:0) (first 15 tasks are for partitions Vector(0))
[2024-11-01T17:20:11.524+0000] {spark_submit.py:579} INFO - 24/11/01 17:20:11 INFO TaskSchedulerImpl: Adding task set 0.0 with 1 tasks resource profile 0
[2024-11-01T17:20:12.679+0000] {spark_submit.py:579} INFO - 24/11/01 17:20:12 INFO StandaloneSchedulerBackend$StandaloneDriverEndpoint: Registered executor NettyRpcEndpointRef(spark-client://Executor) (172.19.0.6:50368) with ID 0,  ResourceProfileId 0
[2024-11-01T17:20:12.745+0000] {spark_submit.py:579} INFO - 24/11/01 17:20:12 INFO BlockManagerMasterEndpoint: Registering block manager 172.19.0.6:36579 with 1048.8 MiB RAM, BlockManagerId(0, 172.19.0.6, 36579, None)
[2024-11-01T17:20:17.066+0000] {spark_submit.py:579} INFO - 24/11/01 17:20:17 INFO TaskSetManager: Starting task 0.0 in stage 0.0 (TID 0) (172.19.0.6, executor 0, partition 0, PROCESS_LOCAL, 7359 bytes)
[2024-11-01T17:20:17.392+0000] {spark_submit.py:579} INFO - 24/11/01 17:20:17 INFO BlockManagerInfo: Added broadcast_0_piece0 in memory on 172.19.0.6:36579 (size: 38.8 KiB, free: 1048.8 MiB)
[2024-11-01T17:20:17.820+0000] {spark_submit.py:579} INFO - 24/11/01 17:20:17 INFO TaskSetManager: Finished task 0.0 in stage 0.0 (TID 0) in 767 ms on 172.19.0.6 (executor 0) (1/1)
[2024-11-01T17:20:17.823+0000] {spark_submit.py:579} INFO - 24/11/01 17:20:17 INFO TaskSchedulerImpl: Removed TaskSet 0.0, whose tasks have all completed, from pool
[2024-11-01T17:20:17.830+0000] {spark_submit.py:579} INFO - 24/11/01 17:20:17 INFO DAGScheduler: ResultStage 0 (parquet at NativeMethodAccessorImpl.java:0) finished in 6.617 s
[2024-11-01T17:20:17.835+0000] {spark_submit.py:579} INFO - 24/11/01 17:20:17 INFO DAGScheduler: Job 0 is finished. Cancelling potential speculative or zombie tasks for this job
[2024-11-01T17:20:17.836+0000] {spark_submit.py:579} INFO - 24/11/01 17:20:17 INFO TaskSchedulerImpl: Killing all running tasks in stage 0: Stage finished
[2024-11-01T17:20:17.838+0000] {spark_submit.py:579} INFO - 24/11/01 17:20:17 INFO DAGScheduler: Job 0 finished: parquet at NativeMethodAccessorImpl.java:0, took 6.693683 s
[2024-11-01T17:20:18.028+0000] {spark_submit.py:579} INFO - ERROR:root:Error during merge process: [UNABLE_TO_INFER_SCHEMA] Unable to infer schema for Parquet. It must be specified manually.
[2024-11-01T17:20:18.040+0000] {spark_submit.py:579} INFO - ERROR:root:Traceback (most recent call last):
[2024-11-01T17:20:18.040+0000] {spark_submit.py:579} INFO - File "/opt/***/jobs/python/test_merge.py", line 49, in merge_data
[2024-11-01T17:20:18.041+0000] {spark_submit.py:579} INFO - keywords_df = spark.read.parquet(*keywords_files)
[2024-11-01T17:20:18.042+0000] {spark_submit.py:579} INFO - ^^^^^^^^^^^^^^^^^^^^^^^^^^^^^^^^^^^
[2024-11-01T17:20:18.042+0000] {spark_submit.py:579} INFO - File "/home/***/.local/lib/python3.11/site-packages/pyspark/python/lib/pyspark.zip/pyspark/sql/readwriter.py", line 531, in parquet
[2024-11-01T17:20:18.043+0000] {spark_submit.py:579} INFO - return self._df(self._jreader.parquet(_to_seq(self._spark._sc, paths)))
[2024-11-01T17:20:18.044+0000] {spark_submit.py:579} INFO - ^^^^^^^^^^^^^^^^^^^^^^^^^^^^^^^^^^^^^^^^^^^^^^^^^^^^^^
[2024-11-01T17:20:18.044+0000] {spark_submit.py:579} INFO - File "/home/***/.local/lib/python3.11/site-packages/pyspark/python/lib/py4j-0.10.9.7-src.zip/py4j/java_gateway.py", line 1322, in __call__
[2024-11-01T17:20:18.045+0000] {spark_submit.py:579} INFO - return_value = get_return_value(
[2024-11-01T17:20:18.045+0000] {spark_submit.py:579} INFO - ^^^^^^^^^^^^^^^^^
[2024-11-01T17:20:18.046+0000] {spark_submit.py:579} INFO - File "/home/***/.local/lib/python3.11/site-packages/pyspark/python/lib/pyspark.zip/pyspark/errors/exceptions/captured.py", line 175, in deco
[2024-11-01T17:20:18.047+0000] {spark_submit.py:579} INFO - raise converted from None
[2024-11-01T17:20:18.048+0000] {spark_submit.py:579} INFO - pyspark.errors.exceptions.captured.AnalysisException: [UNABLE_TO_INFER_SCHEMA] Unable to infer schema for Parquet. It must be specified manually.
[2024-11-01T17:20:18.048+0000] {spark_submit.py:579} INFO - 
[2024-11-01T17:20:18.049+0000] {spark_submit.py:579} INFO - 24/11/01 17:20:18 INFO SparkContext: SparkContext is stopping with exitCode 0.
[2024-11-01T17:20:18.059+0000] {spark_submit.py:579} INFO - 24/11/01 17:20:18 INFO SparkUI: Stopped Spark web UI at http://ee9b80364a9a:4040
[2024-11-01T17:20:18.066+0000] {spark_submit.py:579} INFO - 24/11/01 17:20:18 INFO StandaloneSchedulerBackend: Shutting down all executors
[2024-11-01T17:20:18.067+0000] {spark_submit.py:579} INFO - 24/11/01 17:20:18 INFO StandaloneSchedulerBackend$StandaloneDriverEndpoint: Asking each executor to shut down
[2024-11-01T17:20:18.094+0000] {spark_submit.py:579} INFO - 24/11/01 17:20:18 INFO MapOutputTrackerMasterEndpoint: MapOutputTrackerMasterEndpoint stopped!
[2024-11-01T17:20:18.114+0000] {spark_submit.py:579} INFO - 24/11/01 17:20:18 INFO MemoryStore: MemoryStore cleared
[2024-11-01T17:20:18.114+0000] {spark_submit.py:579} INFO - 24/11/01 17:20:18 INFO BlockManager: BlockManager stopped
[2024-11-01T17:20:18.123+0000] {spark_submit.py:579} INFO - 24/11/01 17:20:18 INFO BlockManagerMaster: BlockManagerMaster stopped
[2024-11-01T17:20:18.127+0000] {spark_submit.py:579} INFO - 24/11/01 17:20:18 INFO OutputCommitCoordinator$OutputCommitCoordinatorEndpoint: OutputCommitCoordinator stopped!
[2024-11-01T17:20:18.190+0000] {spark_submit.py:579} INFO - 24/11/01 17:20:18 INFO SparkContext: Successfully stopped SparkContext
[2024-11-01T17:20:18.390+0000] {spark_submit.py:579} INFO - 24/11/01 17:20:18 INFO ShutdownHookManager: Shutdown hook called
[2024-11-01T17:20:18.391+0000] {spark_submit.py:579} INFO - 24/11/01 17:20:18 INFO ShutdownHookManager: Deleting directory /tmp/spark-48b56892-68d1-4442-b91b-a57c20743070
[2024-11-01T17:20:18.395+0000] {spark_submit.py:579} INFO - 24/11/01 17:20:18 INFO ShutdownHookManager: Deleting directory /tmp/spark-bc85d696-4161-43fb-b41b-93f2f5af5525/pyspark-a8a6c3e1-5ff4-4eea-8f58-a25e8724b58b
[2024-11-01T17:20:18.401+0000] {spark_submit.py:579} INFO - 24/11/01 17:20:18 INFO ShutdownHookManager: Deleting directory /tmp/spark-bc85d696-4161-43fb-b41b-93f2f5af5525
[2024-11-01T17:20:18.477+0000] {taskinstance.py:1935} ERROR - Task failed with exception
Traceback (most recent call last):
  File "/home/airflow/.local/lib/python3.11/site-packages/airflow/providers/apache/spark/operators/spark_submit.py", line 174, in execute
    self._hook.submit(self.application)
  File "/home/airflow/.local/lib/python3.11/site-packages/airflow/providers/apache/spark/hooks/spark_submit.py", line 505, in submit
    raise AirflowException(
airflow.exceptions.AirflowException: Cannot execute: spark-submit --master spark://master:7077 --conf spark.sql.extensions=io.delta.sql.DeltaSparkSessionExtension --conf spark.sql.catalog.spark_catalog=org.apache.spark.sql.delta.catalog.DeltaCatalog --jars /opt/***/jars/hadoop-aws-3.3.4.jar,/opt/***/jars/s3-2.18.41.jar,/opt/***/jars/aws-java-sdk-1.12.367.jar,/opt/***/jars/delta-core_2.12-2.4.0.jar,/opt/***/jars/delta-storage-2.2.0.jar, --packages org.apache.hadoop:hadoop-aws:3.3.4 --num-executors 2 --total-executor-cores 2 --executor-cores 2 --executor-memory 2g --driver-memory 1g --name arrow-spark --deploy-mode client /opt/***/jobs/python/test_merge.py s3a://lakehouse/sliver/keywords s3a://lakehouse/sliver/movies s3a://lakehouse/sliver/credits s3a://lakehouse/silver/merged_data. Error code is: 1.
[2024-11-01T17:20:18.482+0000] {taskinstance.py:1398} INFO - Marking task as UP_FOR_RETRY. dag_id=mergeeeee, task_id=merge_id, execution_date=20241031T000000, start_date=20241101T171959, end_date=20241101T172018
[2024-11-01T17:20:18.496+0000] {standard_task_runner.py:104} ERROR - Failed to execute job 32 for task merge_id (Cannot execute: spark-submit --master spark://master:7077 --conf spark.sql.extensions=io.delta.sql.DeltaSparkSessionExtension --conf spark.sql.catalog.spark_catalog=org.apache.spark.sql.delta.catalog.DeltaCatalog --jars /opt/***/jars/hadoop-aws-3.3.4.jar,/opt/***/jars/s3-2.18.41.jar,/opt/***/jars/aws-java-sdk-1.12.367.jar,/opt/***/jars/delta-core_2.12-2.4.0.jar,/opt/***/jars/delta-storage-2.2.0.jar, --packages org.apache.hadoop:hadoop-aws:3.3.4 --num-executors 2 --total-executor-cores 2 --executor-cores 2 --executor-memory 2g --driver-memory 1g --name arrow-spark --deploy-mode client /opt/***/jobs/python/test_merge.py s3a://lakehouse/sliver/keywords s3a://lakehouse/sliver/movies s3a://lakehouse/sliver/credits s3a://lakehouse/silver/merged_data. Error code is: 1.; 10477)
[2024-11-01T17:20:18.525+0000] {local_task_job_runner.py:228} INFO - Task exited with return code 1
[2024-11-01T17:20:18.542+0000] {taskinstance.py:2776} INFO - 0 downstream tasks scheduled from follow-on schedule check
