[2024-10-04T13:59:56.278+0000] {taskinstance.py:1157} INFO - Dependencies all met for dep_context=non-requeueable deps ti=<TaskInstance: spark_processing_dag.silver_cleaned_keywords manual__2024-10-04T13:59:54.941838+00:00 [queued]>
[2024-10-04T13:59:56.288+0000] {taskinstance.py:1157} INFO - Dependencies all met for dep_context=requeueable deps ti=<TaskInstance: spark_processing_dag.silver_cleaned_keywords manual__2024-10-04T13:59:54.941838+00:00 [queued]>
[2024-10-04T13:59:56.288+0000] {taskinstance.py:1359} INFO - Starting attempt 1 of 2
[2024-10-04T13:59:56.300+0000] {taskinstance.py:1380} INFO - Executing <Task(SparkSubmitOperator): silver_cleaned_keywords> on 2024-10-04 13:59:54.941838+00:00
[2024-10-04T13:59:56.304+0000] {standard_task_runner.py:57} INFO - Started process 2598 to run task
[2024-10-04T13:59:56.306+0000] {standard_task_runner.py:84} INFO - Running: ['***', 'tasks', 'run', 'spark_processing_dag', 'silver_cleaned_keywords', 'manual__2024-10-04T13:59:54.941838+00:00', '--job-id', '61', '--raw', '--subdir', 'DAGS_FOLDER/sliver_layer.py', '--cfg-path', '/tmp/tmpv3mos4zp']
[2024-10-04T13:59:56.309+0000] {standard_task_runner.py:85} INFO - Job 61: Subtask silver_cleaned_keywords
[2024-10-04T13:59:56.348+0000] {task_command.py:415} INFO - Running <TaskInstance: spark_processing_dag.silver_cleaned_keywords manual__2024-10-04T13:59:54.941838+00:00 [running]> on host 5d3c8cf16fd2
[2024-10-04T13:59:56.415+0000] {taskinstance.py:1660} INFO - Exporting env vars: AIRFLOW_CTX_DAG_OWNER='***' AIRFLOW_CTX_DAG_ID='spark_processing_dag' AIRFLOW_CTX_TASK_ID='silver_cleaned_keywords' AIRFLOW_CTX_EXECUTION_DATE='2024-10-04T13:59:54.941838+00:00' AIRFLOW_CTX_TRY_NUMBER='1' AIRFLOW_CTX_DAG_RUN_ID='manual__2024-10-04T13:59:54.941838+00:00'
[2024-10-04T13:59:56.425+0000] {base.py:73} INFO - Using connection ID 'spark-conn' for task execution.
[2024-10-04T13:59:56.428+0000] {spark_submit.py:403} INFO - Spark-Submit cmd: spark-submit --master spark://spark-master:7077 --conf spark.sql.extensions=io.delta.sql.DeltaSparkSessionExtension --conf spark.sql.catalog.spark_catalog=org.apache.spark.sql.delta.catalog.DeltaCatalog --jars /opt/***/jars/hadoop-aws-3.3.4.jar,/opt/***/jars/s3-2.18.41.jar,/opt/***/jars/aws-java-sdk-1.12.367.jar,/opt/***/jars/delta-core_2.12-2.2.0.jar,/opt/***/jars/delta-storage-2.2.0.jar,/opt/***/jars/mysql-connector-java-8.0.19.jar --packages org.apache.hadoop:hadoop-aws:3.3.4 --num-executors 2 --total-executor-cores 2 --executor-cores 2 --executor-memory 2g --driver-memory 1g --name arrow-spark --deploy-mode client jobs/python/test_Key.py
[2024-10-04T13:59:56.512+0000] {spark_submit.py:579} INFO - /home/***/.local/lib/python3.11/site-packages/pyspark/bin/load-spark-env.sh: line 68: ps: command not found
[2024-10-04T13:59:58.195+0000] {spark_submit.py:579} INFO - :: loading settings :: url = jar:file:/home/***/.local/lib/python3.11/site-packages/pyspark/jars/ivy-2.5.1.jar!/org/apache/ivy/core/settings/ivysettings.xml
[2024-10-04T13:59:58.293+0000] {spark_submit.py:579} INFO - Ivy Default Cache set to: /home/***/.ivy2/cache
[2024-10-04T13:59:58.294+0000] {spark_submit.py:579} INFO - The jars for the packages stored in: /home/***/.ivy2/jars
[2024-10-04T13:59:58.302+0000] {spark_submit.py:579} INFO - org.apache.hadoop#hadoop-aws added as a dependency
[2024-10-04T13:59:58.304+0000] {spark_submit.py:579} INFO - :: resolving dependencies :: org.apache.spark#spark-submit-parent-62358464-d204-4974-8ac9-e796b580fe30;1.0
[2024-10-04T13:59:58.304+0000] {spark_submit.py:579} INFO - confs: [default]
[2024-10-04T13:59:58.487+0000] {spark_submit.py:579} INFO - found org.apache.hadoop#hadoop-aws;3.3.4 in central
[2024-10-04T13:59:58.509+0000] {spark_submit.py:579} INFO - found com.amazonaws#aws-java-sdk-bundle;1.12.262 in central
[2024-10-04T13:59:58.533+0000] {spark_submit.py:579} INFO - found org.wildfly.openssl#wildfly-openssl;1.0.7.Final in central
[2024-10-04T13:59:58.553+0000] {spark_submit.py:579} INFO - :: resolution report :: resolve 243ms :: artifacts dl 7ms
[2024-10-04T13:59:58.554+0000] {spark_submit.py:579} INFO - :: modules in use:
[2024-10-04T13:59:58.555+0000] {spark_submit.py:579} INFO - com.amazonaws#aws-java-sdk-bundle;1.12.262 from central in [default]
[2024-10-04T13:59:58.555+0000] {spark_submit.py:579} INFO - org.apache.hadoop#hadoop-aws;3.3.4 from central in [default]
[2024-10-04T13:59:58.555+0000] {spark_submit.py:579} INFO - org.wildfly.openssl#wildfly-openssl;1.0.7.Final from central in [default]
[2024-10-04T13:59:58.556+0000] {spark_submit.py:579} INFO - ---------------------------------------------------------------------
[2024-10-04T13:59:58.556+0000] {spark_submit.py:579} INFO - |                  |            modules            ||   artifacts   |
[2024-10-04T13:59:58.556+0000] {spark_submit.py:579} INFO - |       conf       | number| search|dwnlded|evicted|| number|dwnlded|
[2024-10-04T13:59:58.556+0000] {spark_submit.py:579} INFO - ---------------------------------------------------------------------
[2024-10-04T13:59:58.557+0000] {spark_submit.py:579} INFO - |      default     |   3   |   0   |   0   |   0   ||   3   |   0   |
[2024-10-04T13:59:58.557+0000] {spark_submit.py:579} INFO - ---------------------------------------------------------------------
[2024-10-04T13:59:58.558+0000] {spark_submit.py:579} INFO - :: retrieving :: org.apache.spark#spark-submit-parent-62358464-d204-4974-8ac9-e796b580fe30
[2024-10-04T13:59:58.558+0000] {spark_submit.py:579} INFO - confs: [default]
[2024-10-04T13:59:58.564+0000] {spark_submit.py:579} INFO - 0 artifacts copied, 3 already retrieved (0kB/6ms)
[2024-10-04T13:59:58.770+0000] {spark_submit.py:579} INFO - 24/10/04 13:59:58 WARN NativeCodeLoader: Unable to load native-hadoop library for your platform... using builtin-java classes where applicable
[2024-10-04T13:59:59.925+0000] {spark_submit.py:579} INFO - Usage: spark-submit clean_keywords.py <input_path> <output_path>
[2024-10-04T13:59:59.977+0000] {spark_submit.py:579} INFO - 24/10/04 13:59:59 INFO ShutdownHookManager: Shutdown hook called
[2024-10-04T13:59:59.979+0000] {spark_submit.py:579} INFO - 24/10/04 13:59:59 INFO ShutdownHookManager: Deleting directory /tmp/spark-f532e365-cae1-4c2f-8c89-e7e42c7b7e4d
[2024-10-04T14:00:00.023+0000] {taskinstance.py:1935} ERROR - Task failed with exception
Traceback (most recent call last):
  File "/home/airflow/.local/lib/python3.11/site-packages/airflow/providers/apache/spark/operators/spark_submit.py", line 174, in execute
    self._hook.submit(self.application)
  File "/home/airflow/.local/lib/python3.11/site-packages/airflow/providers/apache/spark/hooks/spark_submit.py", line 505, in submit
    raise AirflowException(
airflow.exceptions.AirflowException: Cannot execute: spark-submit --master spark://spark-master:7077 --conf spark.sql.extensions=io.delta.sql.DeltaSparkSessionExtension --conf spark.sql.catalog.spark_catalog=org.apache.spark.sql.delta.catalog.DeltaCatalog --jars /opt/***/jars/hadoop-aws-3.3.4.jar,/opt/***/jars/s3-2.18.41.jar,/opt/***/jars/aws-java-sdk-1.12.367.jar,/opt/***/jars/delta-core_2.12-2.2.0.jar,/opt/***/jars/delta-storage-2.2.0.jar,/opt/***/jars/mysql-connector-java-8.0.19.jar --packages org.apache.hadoop:hadoop-aws:3.3.4 --num-executors 2 --total-executor-cores 2 --executor-cores 2 --executor-memory 2g --driver-memory 1g --name arrow-spark --deploy-mode client jobs/python/test_Key.py. Error code is: 1.
[2024-10-04T14:00:00.027+0000] {taskinstance.py:1398} INFO - Marking task as UP_FOR_RETRY. dag_id=spark_processing_dag, task_id=silver_cleaned_keywords, execution_date=20241004T135954, start_date=20241004T135956, end_date=20241004T140000
[2024-10-04T14:00:00.038+0000] {standard_task_runner.py:104} ERROR - Failed to execute job 61 for task silver_cleaned_keywords (Cannot execute: spark-submit --master spark://spark-master:7077 --conf spark.sql.extensions=io.delta.sql.DeltaSparkSessionExtension --conf spark.sql.catalog.spark_catalog=org.apache.spark.sql.delta.catalog.DeltaCatalog --jars /opt/***/jars/hadoop-aws-3.3.4.jar,/opt/***/jars/s3-2.18.41.jar,/opt/***/jars/aws-java-sdk-1.12.367.jar,/opt/***/jars/delta-core_2.12-2.2.0.jar,/opt/***/jars/delta-storage-2.2.0.jar,/opt/***/jars/mysql-connector-java-8.0.19.jar --packages org.apache.hadoop:hadoop-aws:3.3.4 --num-executors 2 --total-executor-cores 2 --executor-cores 2 --executor-memory 2g --driver-memory 1g --name arrow-spark --deploy-mode client jobs/python/test_Key.py. Error code is: 1.; 2598)
[2024-10-04T14:00:00.053+0000] {local_task_job_runner.py:228} INFO - Task exited with return code 1
[2024-10-04T14:00:00.066+0000] {taskinstance.py:2776} INFO - 0 downstream tasks scheduled from follow-on schedule check
