[2024-11-02T01:18:39.106+0000] {taskinstance.py:1157} INFO - Dependencies all met for dep_context=non-requeueable deps ti=<TaskInstance: mergeeeee.merge_id manual__2024-11-02T01:13:01.453564+00:00 [queued]>
[2024-11-02T01:18:39.114+0000] {taskinstance.py:1157} INFO - Dependencies all met for dep_context=requeueable deps ti=<TaskInstance: mergeeeee.merge_id manual__2024-11-02T01:13:01.453564+00:00 [queued]>
[2024-11-02T01:18:39.114+0000] {taskinstance.py:1359} INFO - Starting attempt 2 of 2
[2024-11-02T01:18:39.125+0000] {taskinstance.py:1380} INFO - Executing <Task(SparkSubmitOperator): merge_id> on 2024-11-02 01:13:01.453564+00:00
[2024-11-02T01:18:39.130+0000] {standard_task_runner.py:57} INFO - Started process 10814 to run task
[2024-11-02T01:18:39.132+0000] {standard_task_runner.py:84} INFO - Running: ['***', 'tasks', 'run', 'mergeeeee', 'merge_id', 'manual__2024-11-02T01:13:01.453564+00:00', '--job-id', '60', '--raw', '--subdir', 'DAGS_FOLDER/merge_hihi.py', '--cfg-path', '/tmp/tmp31m0lb1o']
[2024-11-02T01:18:39.134+0000] {standard_task_runner.py:85} INFO - Job 60: Subtask merge_id
[2024-11-02T01:18:39.177+0000] {task_command.py:415} INFO - Running <TaskInstance: mergeeeee.merge_id manual__2024-11-02T01:13:01.453564+00:00 [running]> on host ee9b80364a9a
[2024-11-02T01:18:39.244+0000] {taskinstance.py:1660} INFO - Exporting env vars: AIRFLOW_CTX_DAG_OWNER='***' AIRFLOW_CTX_DAG_ID='mergeeeee' AIRFLOW_CTX_TASK_ID='merge_id' AIRFLOW_CTX_EXECUTION_DATE='2024-11-02T01:13:01.453564+00:00' AIRFLOW_CTX_TRY_NUMBER='2' AIRFLOW_CTX_DAG_RUN_ID='manual__2024-11-02T01:13:01.453564+00:00'
[2024-11-02T01:18:39.252+0000] {base.py:73} INFO - Using connection ID 'spark-conn' for task execution.
[2024-11-02T01:18:39.254+0000] {spark_submit.py:403} INFO - Spark-Submit cmd: spark-submit --master spark://master:7077 --conf spark.sql.extensions=io.delta.sql.DeltaSparkSessionExtension --conf spark.sql.catalog.spark_catalog=org.apache.spark.sql.delta.catalog.DeltaCatalog --jars /opt/***/jars/hadoop-aws-3.3.4.jar,/opt/***/jars/s3-2.18.41.jar,/opt/***/jars/aws-java-sdk-1.12.367.jar,/opt/***/jars/delta-core_2.12-2.4.0.jar,/opt/***/jars/delta-storage-2.2.0.jar, --packages org.apache.hadoop:hadoop-aws:3.3.4 --num-executors 2 --total-executor-cores 2 --executor-cores 2 --executor-memory 2g --driver-memory 1g --name arrow-spark --deploy-mode client /opt/***/jobs/python/test_merge.py s3a://lakehouse/bronze/keywords.parquet s3a://lakehouse/bronze/movies.parquet s3a://lakehouse/bronze/credits.parquet s3a://lakehouse/silver/merged_data
[2024-11-02T01:18:39.337+0000] {spark_submit.py:579} INFO - /home/***/.local/lib/python3.11/site-packages/pyspark/bin/load-spark-env.sh: line 68: ps: command not found
[2024-11-02T01:18:40.964+0000] {spark_submit.py:579} INFO - :: loading settings :: url = jar:file:/home/***/.local/lib/python3.11/site-packages/pyspark/jars/ivy-2.5.1.jar!/org/apache/ivy/core/settings/ivysettings.xml
[2024-11-02T01:18:41.144+0000] {spark_submit.py:579} INFO - Ivy Default Cache set to: /home/***/.ivy2/cache
[2024-11-02T01:18:41.145+0000] {spark_submit.py:579} INFO - The jars for the packages stored in: /home/***/.ivy2/jars
[2024-11-02T01:18:41.150+0000] {spark_submit.py:579} INFO - org.apache.hadoop#hadoop-aws added as a dependency
[2024-11-02T01:18:41.151+0000] {spark_submit.py:579} INFO - :: resolving dependencies :: org.apache.spark#spark-submit-parent-c0377048-de84-4844-a39f-bbdcd17ca882;1.0
[2024-11-02T01:18:41.151+0000] {spark_submit.py:579} INFO - confs: [default]
[2024-11-02T01:18:41.282+0000] {spark_submit.py:579} INFO - found org.apache.hadoop#hadoop-aws;3.3.4 in spark-list
[2024-11-02T01:18:41.309+0000] {spark_submit.py:579} INFO - found com.amazonaws#aws-java-sdk-bundle;1.12.262 in central
[2024-11-02T01:18:41.331+0000] {spark_submit.py:579} INFO - found org.wildfly.openssl#wildfly-openssl;1.0.7.Final in central
[2024-11-02T01:18:41.359+0000] {spark_submit.py:579} INFO - :: resolution report :: resolve 199ms :: artifacts dl 9ms
[2024-11-02T01:18:41.360+0000] {spark_submit.py:579} INFO - :: modules in use:
[2024-11-02T01:18:41.360+0000] {spark_submit.py:579} INFO - com.amazonaws#aws-java-sdk-bundle;1.12.262 from central in [default]
[2024-11-02T01:18:41.361+0000] {spark_submit.py:579} INFO - org.apache.hadoop#hadoop-aws;3.3.4 from spark-list in [default]
[2024-11-02T01:18:41.362+0000] {spark_submit.py:579} INFO - org.wildfly.openssl#wildfly-openssl;1.0.7.Final from central in [default]
[2024-11-02T01:18:41.363+0000] {spark_submit.py:579} INFO - ---------------------------------------------------------------------
[2024-11-02T01:18:41.363+0000] {spark_submit.py:579} INFO - |                  |            modules            ||   artifacts   |
[2024-11-02T01:18:41.364+0000] {spark_submit.py:579} INFO - |       conf       | number| search|dwnlded|evicted|| number|dwnlded|
[2024-11-02T01:18:41.365+0000] {spark_submit.py:579} INFO - ---------------------------------------------------------------------
[2024-11-02T01:18:41.366+0000] {spark_submit.py:579} INFO - |      default     |   3   |   0   |   0   |   0   ||   3   |   0   |
[2024-11-02T01:18:41.367+0000] {spark_submit.py:579} INFO - ---------------------------------------------------------------------
[2024-11-02T01:18:41.367+0000] {spark_submit.py:579} INFO - :: retrieving :: org.apache.spark#spark-submit-parent-c0377048-de84-4844-a39f-bbdcd17ca882
[2024-11-02T01:18:41.368+0000] {spark_submit.py:579} INFO - confs: [default]
[2024-11-02T01:18:41.375+0000] {spark_submit.py:579} INFO - 0 artifacts copied, 3 already retrieved (0kB/8ms)
[2024-11-02T01:18:41.557+0000] {spark_submit.py:579} INFO - 24/11/02 01:18:41 WARN NativeCodeLoader: Unable to load native-hadoop library for your platform... using builtin-java classes where applicable
[2024-11-02T01:18:43.185+0000] {spark_submit.py:579} INFO - 24/11/02 01:18:43 INFO SparkContext: Running Spark version 3.4.3
[2024-11-02T01:18:43.219+0000] {spark_submit.py:579} INFO - 24/11/02 01:18:43 INFO ResourceUtils: ==============================================================
[2024-11-02T01:18:43.220+0000] {spark_submit.py:579} INFO - 24/11/02 01:18:43 INFO ResourceUtils: No custom resources configured for spark.driver.
[2024-11-02T01:18:43.220+0000] {spark_submit.py:579} INFO - 24/11/02 01:18:43 INFO ResourceUtils: ==============================================================
[2024-11-02T01:18:43.221+0000] {spark_submit.py:579} INFO - 24/11/02 01:18:43 INFO SparkContext: Submitted application: MergeData
[2024-11-02T01:18:43.248+0000] {spark_submit.py:579} INFO - 24/11/02 01:18:43 INFO ResourceProfile: Default ResourceProfile created, executor resources: Map(cores -> name: cores, amount: 2, script: , vendor: , memory -> name: memory, amount: 2048, script: , vendor: , offHeap -> name: offHeap, amount: 0, script: , vendor: ), task resources: Map(cpus -> name: cpus, amount: 1.0)
[2024-11-02T01:18:43.262+0000] {spark_submit.py:579} INFO - 24/11/02 01:18:43 INFO ResourceProfile: Limiting resource is cpus at 2 tasks per executor
[2024-11-02T01:18:43.265+0000] {spark_submit.py:579} INFO - 24/11/02 01:18:43 INFO ResourceProfileManager: Added ResourceProfile id: 0
[2024-11-02T01:18:43.370+0000] {spark_submit.py:579} INFO - 24/11/02 01:18:43 INFO SecurityManager: Changing view acls to: ***
[2024-11-02T01:18:43.370+0000] {spark_submit.py:579} INFO - 24/11/02 01:18:43 INFO SecurityManager: Changing modify acls to: ***
[2024-11-02T01:18:43.372+0000] {spark_submit.py:579} INFO - 24/11/02 01:18:43 INFO SecurityManager: Changing view acls groups to:
[2024-11-02T01:18:43.373+0000] {spark_submit.py:579} INFO - 24/11/02 01:18:43 INFO SecurityManager: Changing modify acls groups to:
[2024-11-02T01:18:43.374+0000] {spark_submit.py:579} INFO - 24/11/02 01:18:43 INFO SecurityManager: SecurityManager: authentication disabled; ui acls disabled; users with view permissions: ***; groups with view permissions: EMPTY; users with modify permissions: ***; groups with modify permissions: EMPTY
[2024-11-02T01:18:43.778+0000] {spark_submit.py:579} INFO - 24/11/02 01:18:43 INFO Utils: Successfully started service 'sparkDriver' on port 37857.
[2024-11-02T01:18:43.821+0000] {spark_submit.py:579} INFO - 24/11/02 01:18:43 INFO SparkEnv: Registering MapOutputTracker
[2024-11-02T01:18:43.861+0000] {spark_submit.py:579} INFO - 24/11/02 01:18:43 INFO SparkEnv: Registering BlockManagerMaster
[2024-11-02T01:18:43.884+0000] {spark_submit.py:579} INFO - 24/11/02 01:18:43 INFO BlockManagerMasterEndpoint: Using org.apache.spark.storage.DefaultTopologyMapper for getting topology information
[2024-11-02T01:18:43.885+0000] {spark_submit.py:579} INFO - 24/11/02 01:18:43 INFO BlockManagerMasterEndpoint: BlockManagerMasterEndpoint up
[2024-11-02T01:18:43.890+0000] {spark_submit.py:579} INFO - 24/11/02 01:18:43 INFO SparkEnv: Registering BlockManagerMasterHeartbeat
[2024-11-02T01:18:43.923+0000] {spark_submit.py:579} INFO - 24/11/02 01:18:43 INFO DiskBlockManager: Created local directory at /tmp/blockmgr-97892b28-81e1-4093-9f7e-821429695ed1
[2024-11-02T01:18:43.945+0000] {spark_submit.py:579} INFO - 24/11/02 01:18:43 INFO MemoryStore: MemoryStore started with capacity 434.4 MiB
[2024-11-02T01:18:43.963+0000] {spark_submit.py:579} INFO - 24/11/02 01:18:43 INFO SparkEnv: Registering OutputCommitCoordinator
[2024-11-02T01:18:44.190+0000] {spark_submit.py:579} INFO - 24/11/02 01:18:44 INFO JettyUtils: Start Jetty 0.0.0.0:4040 for SparkUI
[2024-11-02T01:18:44.269+0000] {spark_submit.py:579} INFO - 24/11/02 01:18:44 INFO Utils: Successfully started service 'SparkUI' on port 4040.
[2024-11-02T01:18:44.317+0000] {spark_submit.py:579} INFO - 24/11/02 01:18:44 INFO SparkContext: Added JAR file:///opt/***/jars/hadoop-aws-3.3.4.jar at spark://ee9b80364a9a:37857/jars/hadoop-aws-3.3.4.jar with timestamp 1730510323171
[2024-11-02T01:18:44.319+0000] {spark_submit.py:579} INFO - 24/11/02 01:18:44 INFO SparkContext: Added JAR file:///opt/***/jars/s3-2.18.41.jar at spark://ee9b80364a9a:37857/jars/s3-2.18.41.jar with timestamp 1730510323171
[2024-11-02T01:18:44.320+0000] {spark_submit.py:579} INFO - 24/11/02 01:18:44 INFO SparkContext: Added JAR file:///opt/***/jars/aws-java-sdk-1.12.367.jar at spark://ee9b80364a9a:37857/jars/aws-java-sdk-1.12.367.jar with timestamp 1730510323171
[2024-11-02T01:18:44.322+0000] {spark_submit.py:579} INFO - 24/11/02 01:18:44 INFO SparkContext: Added JAR file:///opt/***/jars/delta-core_2.12-2.4.0.jar at spark://ee9b80364a9a:37857/jars/delta-core_2.12-2.4.0.jar with timestamp 1730510323171
[2024-11-02T01:18:44.324+0000] {spark_submit.py:579} INFO - 24/11/02 01:18:44 INFO SparkContext: Added JAR file:///opt/***/jars/delta-storage-2.2.0.jar at spark://ee9b80364a9a:37857/jars/delta-storage-2.2.0.jar with timestamp 1730510323171
[2024-11-02T01:18:44.324+0000] {spark_submit.py:579} INFO - 24/11/02 01:18:44 INFO SparkContext: Added JAR file:///home/***/.ivy2/jars/org.apache.hadoop_hadoop-aws-3.3.4.jar at spark://ee9b80364a9a:37857/jars/org.apache.hadoop_hadoop-aws-3.3.4.jar with timestamp 1730510323171
[2024-11-02T01:18:44.325+0000] {spark_submit.py:579} INFO - 24/11/02 01:18:44 INFO SparkContext: Added JAR file:///home/***/.ivy2/jars/com.amazonaws_aws-java-sdk-bundle-1.12.262.jar at spark://ee9b80364a9a:37857/jars/com.amazonaws_aws-java-sdk-bundle-1.12.262.jar with timestamp 1730510323171
[2024-11-02T01:18:44.325+0000] {spark_submit.py:579} INFO - 24/11/02 01:18:44 INFO SparkContext: Added JAR file:///home/***/.ivy2/jars/org.wildfly.openssl_wildfly-openssl-1.0.7.Final.jar at spark://ee9b80364a9a:37857/jars/org.wildfly.openssl_wildfly-openssl-1.0.7.Final.jar with timestamp 1730510323171
[2024-11-02T01:18:44.327+0000] {spark_submit.py:579} INFO - 24/11/02 01:18:44 INFO SparkContext: Added file file:///home/***/.ivy2/jars/org.apache.hadoop_hadoop-aws-3.3.4.jar at spark://ee9b80364a9a:37857/files/org.apache.hadoop_hadoop-aws-3.3.4.jar with timestamp 1730510323171
[2024-11-02T01:18:44.329+0000] {spark_submit.py:579} INFO - 24/11/02 01:18:44 INFO Utils: Copying /home/***/.ivy2/jars/org.apache.hadoop_hadoop-aws-3.3.4.jar to /tmp/spark-27e3c649-cd81-4983-aafd-ba8715d87238/userFiles-d5d11ad0-5fea-4732-92a4-56b1129abab7/org.apache.hadoop_hadoop-aws-3.3.4.jar
[2024-11-02T01:18:44.350+0000] {spark_submit.py:579} INFO - 24/11/02 01:18:44 INFO SparkContext: Added file file:///home/***/.ivy2/jars/com.amazonaws_aws-java-sdk-bundle-1.12.262.jar at spark://ee9b80364a9a:37857/files/com.amazonaws_aws-java-sdk-bundle-1.12.262.jar with timestamp 1730510323171
[2024-11-02T01:18:44.351+0000] {spark_submit.py:579} INFO - 24/11/02 01:18:44 INFO Utils: Copying /home/***/.ivy2/jars/com.amazonaws_aws-java-sdk-bundle-1.12.262.jar to /tmp/spark-27e3c649-cd81-4983-aafd-ba8715d87238/userFiles-d5d11ad0-5fea-4732-92a4-56b1129abab7/com.amazonaws_aws-java-sdk-bundle-1.12.262.jar
[2024-11-02T01:18:44.682+0000] {spark_submit.py:579} INFO - 24/11/02 01:18:44 INFO SparkContext: Added file file:///home/***/.ivy2/jars/org.wildfly.openssl_wildfly-openssl-1.0.7.Final.jar at spark://ee9b80364a9a:37857/files/org.wildfly.openssl_wildfly-openssl-1.0.7.Final.jar with timestamp 1730510323171
[2024-11-02T01:18:44.683+0000] {spark_submit.py:579} INFO - 24/11/02 01:18:44 INFO Utils: Copying /home/***/.ivy2/jars/org.wildfly.openssl_wildfly-openssl-1.0.7.Final.jar to /tmp/spark-27e3c649-cd81-4983-aafd-ba8715d87238/userFiles-d5d11ad0-5fea-4732-92a4-56b1129abab7/org.wildfly.openssl_wildfly-openssl-1.0.7.Final.jar
[2024-11-02T01:18:44.776+0000] {spark_submit.py:579} INFO - 24/11/02 01:18:44 INFO StandaloneAppClient$ClientEndpoint: Connecting to master spark://spark-master:7077...
[2024-11-02T01:18:44.825+0000] {spark_submit.py:579} INFO - 24/11/02 01:18:44 INFO TransportClientFactory: Successfully created connection to spark-master/172.19.0.2:7077 after 31 ms (0 ms spent in bootstraps)
[2024-11-02T01:18:44.919+0000] {spark_submit.py:579} INFO - 24/11/02 01:18:44 INFO StandaloneSchedulerBackend: Connected to Spark cluster with app ID app-20241102011844-0034
[2024-11-02T01:18:44.921+0000] {spark_submit.py:579} INFO - 24/11/02 01:18:44 INFO StandaloneAppClient$ClientEndpoint: Executor added: app-20241102011844-0034/0 on worker-20241102003302-172.19.0.5-34939 (172.19.0.5:34939) with 2 core(s)
[2024-11-02T01:18:44.924+0000] {spark_submit.py:579} INFO - 24/11/02 01:18:44 INFO StandaloneSchedulerBackend: Granted executor ID app-20241102011844-0034/0 on hostPort 172.19.0.5:34939 with 2 core(s), 2.0 GiB RAM
[2024-11-02T01:18:44.930+0000] {spark_submit.py:579} INFO - 24/11/02 01:18:44 INFO Utils: Successfully started service 'org.apache.spark.network.netty.NettyBlockTransferService' on port 36795.
[2024-11-02T01:18:44.931+0000] {spark_submit.py:579} INFO - 24/11/02 01:18:44 INFO NettyBlockTransferService: Server created on ee9b80364a9a:36795
[2024-11-02T01:18:44.933+0000] {spark_submit.py:579} INFO - 24/11/02 01:18:44 INFO BlockManager: Using org.apache.spark.storage.RandomBlockReplicationPolicy for block replication policy
[2024-11-02T01:18:44.942+0000] {spark_submit.py:579} INFO - 24/11/02 01:18:44 INFO BlockManagerMaster: Registering BlockManager BlockManagerId(driver, ee9b80364a9a, 36795, None)
[2024-11-02T01:18:44.948+0000] {spark_submit.py:579} INFO - 24/11/02 01:18:44 INFO BlockManagerMasterEndpoint: Registering block manager ee9b80364a9a:36795 with 434.4 MiB RAM, BlockManagerId(driver, ee9b80364a9a, 36795, None)
[2024-11-02T01:18:44.950+0000] {spark_submit.py:579} INFO - 24/11/02 01:18:44 INFO StandaloneAppClient$ClientEndpoint: Executor updated: app-20241102011844-0034/0 is now RUNNING
[2024-11-02T01:18:44.952+0000] {spark_submit.py:579} INFO - 24/11/02 01:18:44 INFO BlockManagerMaster: Registered BlockManager BlockManagerId(driver, ee9b80364a9a, 36795, None)
[2024-11-02T01:18:44.953+0000] {spark_submit.py:579} INFO - 24/11/02 01:18:44 INFO BlockManager: Initialized BlockManager: BlockManagerId(driver, ee9b80364a9a, 36795, None)
[2024-11-02T01:18:45.180+0000] {spark_submit.py:579} INFO - 24/11/02 01:18:45 INFO StandaloneSchedulerBackend: SchedulerBackend is ready for scheduling beginning after reached minRegisteredResourcesRatio: 0.0
[2024-11-02T01:18:45.546+0000] {spark_submit.py:579} INFO - 24/11/02 01:18:45 INFO SharedState: Setting hive.metastore.warehouse.dir ('null') to the value of spark.sql.warehouse.dir.
[2024-11-02T01:18:45.551+0000] {spark_submit.py:579} INFO - 24/11/02 01:18:45 INFO SharedState: Warehouse path is 'file:/opt/***/spark-warehouse'.
[2024-11-02T01:18:47.186+0000] {spark_submit.py:579} INFO - 24/11/02 01:18:47 WARN MetricsConfig: Cannot locate configuration: tried hadoop-metrics2-s3a-file-system.properties,hadoop-metrics2.properties
[2024-11-02T01:18:47.213+0000] {spark_submit.py:579} INFO - 24/11/02 01:18:47 INFO MetricsSystemImpl: Scheduled Metric snapshot period at 10 second(s).
[2024-11-02T01:18:47.214+0000] {spark_submit.py:579} INFO - 24/11/02 01:18:47 INFO MetricsSystemImpl: s3a-file-system metrics system started
[2024-11-02T01:18:47.567+0000] {spark_submit.py:579} INFO - 24/11/02 01:18:47 INFO StandaloneSchedulerBackend$StandaloneDriverEndpoint: Registered executor NettyRpcEndpointRef(spark-client://Executor) (172.19.0.5:59996) with ID 0,  ResourceProfileId 0
[2024-11-02T01:18:47.660+0000] {spark_submit.py:579} INFO - 24/11/02 01:18:47 INFO BlockManagerMasterEndpoint: Registering block manager 172.19.0.5:37353 with 1048.8 MiB RAM, BlockManagerId(0, 172.19.0.5, 37353, None)
[2024-11-02T01:18:48.949+0000] {spark_submit.py:579} INFO - 24/11/02 01:18:48 INFO InMemoryFileIndex: It took 82 ms to list leaf files for 1 paths.
[2024-11-02T01:18:51.299+0000] {spark_submit.py:579} INFO - 24/11/02 01:18:51 INFO SparkContext: SparkContext is stopping with exitCode 0.
[2024-11-02T01:18:51.312+0000] {spark_submit.py:579} INFO - 24/11/02 01:18:51 INFO SparkUI: Stopped Spark web UI at http://ee9b80364a9a:4040
[2024-11-02T01:18:51.319+0000] {spark_submit.py:579} INFO - 24/11/02 01:18:51 INFO StandaloneSchedulerBackend: Shutting down all executors
[2024-11-02T01:18:51.319+0000] {spark_submit.py:579} INFO - 24/11/02 01:18:51 INFO StandaloneSchedulerBackend$StandaloneDriverEndpoint: Asking each executor to shut down
[2024-11-02T01:18:51.347+0000] {spark_submit.py:579} INFO - 24/11/02 01:18:51 INFO MapOutputTrackerMasterEndpoint: MapOutputTrackerMasterEndpoint stopped!
[2024-11-02T01:18:51.363+0000] {spark_submit.py:579} INFO - 24/11/02 01:18:51 INFO MemoryStore: MemoryStore cleared
[2024-11-02T01:18:51.364+0000] {spark_submit.py:579} INFO - 24/11/02 01:18:51 INFO BlockManager: BlockManager stopped
[2024-11-02T01:18:51.372+0000] {spark_submit.py:579} INFO - 24/11/02 01:18:51 INFO BlockManagerMaster: BlockManagerMaster stopped
[2024-11-02T01:18:51.376+0000] {spark_submit.py:579} INFO - 24/11/02 01:18:51 INFO OutputCommitCoordinator$OutputCommitCoordinatorEndpoint: OutputCommitCoordinator stopped!
[2024-11-02T01:18:51.432+0000] {spark_submit.py:579} INFO - 24/11/02 01:18:51 INFO SparkContext: Successfully stopped SparkContext
[2024-11-02T01:18:51.737+0000] {spark_submit.py:579} INFO - root
[2024-11-02T01:18:51.738+0000] {spark_submit.py:579} INFO - |-- id: string (nullable = true)
[2024-11-02T01:18:51.739+0000] {spark_submit.py:579} INFO - |-- keywords: string (nullable = true)
[2024-11-02T01:18:51.739+0000] {spark_submit.py:579} INFO - |-- keyword_convert: string (nullable = false)
[2024-11-02T01:18:51.740+0000] {spark_submit.py:579} INFO - 
[2024-11-02T01:18:51.777+0000] {spark_submit.py:579} INFO - 24/11/02 01:18:51 INFO SparkContext: Running Spark version 3.4.3
[2024-11-02T01:18:51.779+0000] {spark_submit.py:579} INFO - 24/11/02 01:18:51 INFO ResourceUtils: ==============================================================
[2024-11-02T01:18:51.780+0000] {spark_submit.py:579} INFO - 24/11/02 01:18:51 INFO ResourceUtils: No custom resources configured for spark.driver.
[2024-11-02T01:18:51.781+0000] {spark_submit.py:579} INFO - 24/11/02 01:18:51 INFO ResourceUtils: ==============================================================
[2024-11-02T01:18:51.781+0000] {spark_submit.py:579} INFO - 24/11/02 01:18:51 INFO SparkContext: Submitted application: MergeData
[2024-11-02T01:18:51.782+0000] {spark_submit.py:579} INFO - 24/11/02 01:18:51 INFO ResourceProfile: Default ResourceProfile created, executor resources: Map(cores -> name: cores, amount: 2, script: , vendor: , memory -> name: memory, amount: 2048, script: , vendor: , offHeap -> name: offHeap, amount: 0, script: , vendor: ), task resources: Map(cpus -> name: cpus, amount: 1.0)
[2024-11-02T01:18:51.783+0000] {spark_submit.py:579} INFO - 24/11/02 01:18:51 INFO ResourceProfile: Limiting resource is cpus at 2 tasks per executor
[2024-11-02T01:18:51.783+0000] {spark_submit.py:579} INFO - 24/11/02 01:18:51 INFO ResourceProfileManager: Added ResourceProfile id: 0
[2024-11-02T01:18:51.784+0000] {spark_submit.py:579} INFO - 24/11/02 01:18:51 INFO SecurityManager: Changing view acls to: ***
[2024-11-02T01:18:51.785+0000] {spark_submit.py:579} INFO - 24/11/02 01:18:51 INFO SecurityManager: Changing modify acls to: ***
[2024-11-02T01:18:51.785+0000] {spark_submit.py:579} INFO - 24/11/02 01:18:51 INFO SecurityManager: Changing view acls groups to:
[2024-11-02T01:18:51.786+0000] {spark_submit.py:579} INFO - 24/11/02 01:18:51 INFO SecurityManager: Changing modify acls groups to:
[2024-11-02T01:18:51.786+0000] {spark_submit.py:579} INFO - 24/11/02 01:18:51 INFO SecurityManager: SecurityManager: authentication disabled; ui acls disabled; users with view permissions: ***; groups with view permissions: EMPTY; users with modify permissions: ***; groups with modify permissions: EMPTY
[2024-11-02T01:18:51.801+0000] {spark_submit.py:579} INFO - 24/11/02 01:18:51 INFO Utils: Successfully started service 'sparkDriver' on port 33165.
[2024-11-02T01:18:51.805+0000] {spark_submit.py:579} INFO - 24/11/02 01:18:51 INFO SparkEnv: Registering MapOutputTracker
[2024-11-02T01:18:51.806+0000] {spark_submit.py:579} INFO - 24/11/02 01:18:51 INFO SparkEnv: Registering BlockManagerMaster
[2024-11-02T01:18:51.807+0000] {spark_submit.py:579} INFO - 24/11/02 01:18:51 INFO BlockManagerMasterEndpoint: Using org.apache.spark.storage.DefaultTopologyMapper for getting topology information
[2024-11-02T01:18:51.807+0000] {spark_submit.py:579} INFO - 24/11/02 01:18:51 INFO BlockManagerMasterEndpoint: BlockManagerMasterEndpoint up
[2024-11-02T01:18:51.808+0000] {spark_submit.py:579} INFO - 24/11/02 01:18:51 INFO SparkEnv: Registering BlockManagerMasterHeartbeat
[2024-11-02T01:18:51.809+0000] {spark_submit.py:579} INFO - 24/11/02 01:18:51 INFO DiskBlockManager: Created local directory at /tmp/blockmgr-9ba82c74-8487-4a63-8ab4-fb4a428c25ba
[2024-11-02T01:18:51.810+0000] {spark_submit.py:579} INFO - 24/11/02 01:18:51 INFO MemoryStore: MemoryStore started with capacity 434.4 MiB
[2024-11-02T01:18:51.813+0000] {spark_submit.py:579} INFO - 24/11/02 01:18:51 INFO SparkEnv: Registering OutputCommitCoordinator
[2024-11-02T01:18:51.822+0000] {spark_submit.py:579} INFO - 24/11/02 01:18:51 INFO JettyUtils: Start Jetty 0.0.0.0:4040 for SparkUI
[2024-11-02T01:18:51.831+0000] {spark_submit.py:579} INFO - 24/11/02 01:18:51 INFO Utils: Successfully started service 'SparkUI' on port 4040.
[2024-11-02T01:18:51.842+0000] {spark_submit.py:579} INFO - 24/11/02 01:18:51 INFO SparkContext: Added JAR file:///opt/***/jars/hadoop-aws-3.3.4.jar at spark://ee9b80364a9a:33165/jars/hadoop-aws-3.3.4.jar with timestamp 1730510331776
[2024-11-02T01:18:51.843+0000] {spark_submit.py:579} INFO - 24/11/02 01:18:51 INFO SparkContext: Added JAR file:///opt/***/jars/s3-2.18.41.jar at spark://ee9b80364a9a:33165/jars/s3-2.18.41.jar with timestamp 1730510331776
[2024-11-02T01:18:51.844+0000] {spark_submit.py:579} INFO - 24/11/02 01:18:51 INFO SparkContext: Added JAR file:///opt/***/jars/aws-java-sdk-1.12.367.jar at spark://ee9b80364a9a:33165/jars/aws-java-sdk-1.12.367.jar with timestamp 1730510331776
[2024-11-02T01:18:51.845+0000] {spark_submit.py:579} INFO - 24/11/02 01:18:51 INFO SparkContext: Added JAR file:///opt/***/jars/delta-core_2.12-2.4.0.jar at spark://ee9b80364a9a:33165/jars/delta-core_2.12-2.4.0.jar with timestamp 1730510331776
[2024-11-02T01:18:51.846+0000] {spark_submit.py:579} INFO - 24/11/02 01:18:51 INFO SparkContext: Added JAR file:///opt/***/jars/delta-storage-2.2.0.jar at spark://ee9b80364a9a:33165/jars/delta-storage-2.2.0.jar with timestamp 1730510331776
[2024-11-02T01:18:51.847+0000] {spark_submit.py:579} INFO - 24/11/02 01:18:51 INFO SparkContext: Added JAR file:///home/***/.ivy2/jars/org.apache.hadoop_hadoop-aws-3.3.4.jar at spark://ee9b80364a9a:33165/jars/org.apache.hadoop_hadoop-aws-3.3.4.jar with timestamp 1730510331776
[2024-11-02T01:18:51.847+0000] {spark_submit.py:579} INFO - 24/11/02 01:18:51 INFO SparkContext: Added JAR file:///home/***/.ivy2/jars/com.amazonaws_aws-java-sdk-bundle-1.12.262.jar at spark://ee9b80364a9a:33165/jars/com.amazonaws_aws-java-sdk-bundle-1.12.262.jar with timestamp 1730510331776
[2024-11-02T01:18:51.848+0000] {spark_submit.py:579} INFO - 24/11/02 01:18:51 INFO SparkContext: Added JAR file:///home/***/.ivy2/jars/org.wildfly.openssl_wildfly-openssl-1.0.7.Final.jar at spark://ee9b80364a9a:33165/jars/org.wildfly.openssl_wildfly-openssl-1.0.7.Final.jar with timestamp 1730510331776
[2024-11-02T01:18:51.848+0000] {spark_submit.py:579} INFO - 24/11/02 01:18:51 INFO SparkContext: Added file file:///home/***/.ivy2/jars/org.apache.hadoop_hadoop-aws-3.3.4.jar at spark://ee9b80364a9a:33165/files/org.apache.hadoop_hadoop-aws-3.3.4.jar with timestamp 1730510331776
[2024-11-02T01:18:51.849+0000] {spark_submit.py:579} INFO - 24/11/02 01:18:51 INFO Utils: Copying /home/***/.ivy2/jars/org.apache.hadoop_hadoop-aws-3.3.4.jar to /tmp/spark-27e3c649-cd81-4983-aafd-ba8715d87238/userFiles-f7ef4f17-b0f5-4fba-b187-81c1c9a0aaf9/org.apache.hadoop_hadoop-aws-3.3.4.jar
[2024-11-02T01:18:51.853+0000] {spark_submit.py:579} INFO - 24/11/02 01:18:51 INFO SparkContext: Added file file:///home/***/.ivy2/jars/com.amazonaws_aws-java-sdk-bundle-1.12.262.jar at spark://ee9b80364a9a:33165/files/com.amazonaws_aws-java-sdk-bundle-1.12.262.jar with timestamp 1730510331776
[2024-11-02T01:18:51.854+0000] {spark_submit.py:579} INFO - 24/11/02 01:18:51 INFO Utils: Copying /home/***/.ivy2/jars/com.amazonaws_aws-java-sdk-bundle-1.12.262.jar to /tmp/spark-27e3c649-cd81-4983-aafd-ba8715d87238/userFiles-f7ef4f17-b0f5-4fba-b187-81c1c9a0aaf9/com.amazonaws_aws-java-sdk-bundle-1.12.262.jar
[2024-11-02T01:18:52.192+0000] {spark_submit.py:579} INFO - 24/11/02 01:18:52 INFO SparkContext: Added file file:///home/***/.ivy2/jars/org.wildfly.openssl_wildfly-openssl-1.0.7.Final.jar at spark://ee9b80364a9a:33165/files/org.wildfly.openssl_wildfly-openssl-1.0.7.Final.jar with timestamp 1730510331776
[2024-11-02T01:18:52.192+0000] {spark_submit.py:579} INFO - 24/11/02 01:18:52 INFO Utils: Copying /home/***/.ivy2/jars/org.wildfly.openssl_wildfly-openssl-1.0.7.Final.jar to /tmp/spark-27e3c649-cd81-4983-aafd-ba8715d87238/userFiles-f7ef4f17-b0f5-4fba-b187-81c1c9a0aaf9/org.wildfly.openssl_wildfly-openssl-1.0.7.Final.jar
[2024-11-02T01:18:52.212+0000] {spark_submit.py:579} INFO - 24/11/02 01:18:52 INFO StandaloneAppClient$ClientEndpoint: Connecting to master spark://spark-master:7077...
[2024-11-02T01:18:52.217+0000] {spark_submit.py:579} INFO - 24/11/02 01:18:52 INFO TransportClientFactory: Successfully created connection to spark-master/172.19.0.2:7077 after 3 ms (0 ms spent in bootstraps)
[2024-11-02T01:18:52.228+0000] {spark_submit.py:579} INFO - 24/11/02 01:18:52 INFO StandaloneSchedulerBackend: Connected to Spark cluster with app ID app-20241102011852-0035
[2024-11-02T01:18:52.229+0000] {spark_submit.py:579} INFO - 24/11/02 01:18:52 INFO StandaloneAppClient$ClientEndpoint: Executor added: app-20241102011852-0035/0 on worker-20241102003302-172.19.0.5-34939 (172.19.0.5:34939) with 2 core(s)
[2024-11-02T01:18:52.230+0000] {spark_submit.py:579} INFO - 24/11/02 01:18:52 INFO StandaloneSchedulerBackend: Granted executor ID app-20241102011852-0035/0 on hostPort 172.19.0.5:34939 with 2 core(s), 2.0 GiB RAM
[2024-11-02T01:18:52.232+0000] {spark_submit.py:579} INFO - 24/11/02 01:18:52 INFO Utils: Successfully started service 'org.apache.spark.network.netty.NettyBlockTransferService' on port 45271.
[2024-11-02T01:18:52.233+0000] {spark_submit.py:579} INFO - 24/11/02 01:18:52 INFO NettyBlockTransferService: Server created on ee9b80364a9a:45271
[2024-11-02T01:18:52.234+0000] {spark_submit.py:579} INFO - 24/11/02 01:18:52 INFO BlockManager: Using org.apache.spark.storage.RandomBlockReplicationPolicy for block replication policy
[2024-11-02T01:18:52.235+0000] {spark_submit.py:579} INFO - 24/11/02 01:18:52 INFO BlockManagerMaster: Registering BlockManager BlockManagerId(driver, ee9b80364a9a, 45271, None)
[2024-11-02T01:18:52.236+0000] {spark_submit.py:579} INFO - 24/11/02 01:18:52 INFO BlockManagerMasterEndpoint: Registering block manager ee9b80364a9a:45271 with 434.4 MiB RAM, BlockManagerId(driver, ee9b80364a9a, 45271, None)
[2024-11-02T01:18:52.237+0000] {spark_submit.py:579} INFO - 24/11/02 01:18:52 INFO BlockManagerMaster: Registered BlockManager BlockManagerId(driver, ee9b80364a9a, 45271, None)
[2024-11-02T01:18:52.238+0000] {spark_submit.py:579} INFO - 24/11/02 01:18:52 INFO BlockManager: Initialized BlockManager: BlockManagerId(driver, ee9b80364a9a, 45271, None)
[2024-11-02T01:18:52.257+0000] {spark_submit.py:579} INFO - 24/11/02 01:18:52 INFO StandaloneAppClient$ClientEndpoint: Executor updated: app-20241102011852-0035/0 is now RUNNING
[2024-11-02T01:18:52.274+0000] {spark_submit.py:579} INFO - 24/11/02 01:18:52 INFO StandaloneSchedulerBackend: SchedulerBackend is ready for scheduling beginning after reached minRegisteredResourcesRatio: 0.0
[2024-11-02T01:18:52.340+0000] {spark_submit.py:579} INFO - 24/11/02 01:18:52 INFO SharedState: Setting hive.metastore.warehouse.dir ('null') to the value of spark.sql.warehouse.dir.
[2024-11-02T01:18:52.342+0000] {spark_submit.py:579} INFO - 24/11/02 01:18:52 INFO SharedState: Warehouse path is 'file:/opt/***/spark-warehouse'.
[2024-11-02T01:18:52.413+0000] {spark_submit.py:579} INFO - 24/11/02 01:18:52 INFO InMemoryFileIndex: It took 17 ms to list leaf files for 1 paths.
[2024-11-02T01:18:52.872+0000] {spark_submit.py:579} INFO - 24/11/02 01:18:52 INFO SparkContext: Starting job: parquet at NativeMethodAccessorImpl.java:0
[2024-11-02T01:18:52.900+0000] {spark_submit.py:579} INFO - 24/11/02 01:18:52 INFO DAGScheduler: Got job 0 (parquet at NativeMethodAccessorImpl.java:0) with 1 output partitions
[2024-11-02T01:18:52.901+0000] {spark_submit.py:579} INFO - 24/11/02 01:18:52 INFO DAGScheduler: Final stage: ResultStage 0 (parquet at NativeMethodAccessorImpl.java:0)
[2024-11-02T01:18:52.902+0000] {spark_submit.py:579} INFO - 24/11/02 01:18:52 INFO DAGScheduler: Parents of final stage: List()
[2024-11-02T01:18:52.904+0000] {spark_submit.py:579} INFO - 24/11/02 01:18:52 INFO DAGScheduler: Missing parents: List()
[2024-11-02T01:18:52.914+0000] {spark_submit.py:579} INFO - 24/11/02 01:18:52 INFO DAGScheduler: Submitting ResultStage 0 (MapPartitionsRDD[1] at parquet at NativeMethodAccessorImpl.java:0), which has no missing parents
[2024-11-02T01:18:53.021+0000] {spark_submit.py:579} INFO - 24/11/02 01:18:53 INFO MemoryStore: Block broadcast_0 stored as values in memory (estimated size 106.8 KiB, free 434.3 MiB)
[2024-11-02T01:18:53.129+0000] {spark_submit.py:579} INFO - 24/11/02 01:18:53 INFO MemoryStore: Block broadcast_0_piece0 stored as bytes in memory (estimated size 38.8 KiB, free 434.3 MiB)
[2024-11-02T01:18:53.134+0000] {spark_submit.py:579} INFO - 24/11/02 01:18:53 INFO BlockManagerInfo: Added broadcast_0_piece0 in memory on ee9b80364a9a:45271 (size: 38.8 KiB, free: 434.4 MiB)
[2024-11-02T01:18:53.143+0000] {spark_submit.py:579} INFO - 24/11/02 01:18:53 INFO SparkContext: Created broadcast 0 from broadcast at DAGScheduler.scala:1540
[2024-11-02T01:18:53.168+0000] {spark_submit.py:579} INFO - 24/11/02 01:18:53 INFO DAGScheduler: Submitting 1 missing tasks from ResultStage 0 (MapPartitionsRDD[1] at parquet at NativeMethodAccessorImpl.java:0) (first 15 tasks are for partitions Vector(0))
[2024-11-02T01:18:53.170+0000] {spark_submit.py:579} INFO - 24/11/02 01:18:53 INFO TaskSchedulerImpl: Adding task set 0.0 with 1 tasks resource profile 0
[2024-11-02T01:18:54.934+0000] {spark_submit.py:579} INFO - 24/11/02 01:18:54 INFO StandaloneSchedulerBackend$StandaloneDriverEndpoint: Registered executor NettyRpcEndpointRef(spark-client://Executor) (172.19.0.5:54434) with ID 0,  ResourceProfileId 0
[2024-11-02T01:18:54.990+0000] {spark_submit.py:579} INFO - 24/11/02 01:18:54 INFO BlockManagerMasterEndpoint: Registering block manager 172.19.0.5:44233 with 1048.8 MiB RAM, BlockManagerId(0, 172.19.0.5, 44233, None)
[2024-11-02T01:18:57.443+0000] {spark_submit.py:579} INFO - 24/11/02 01:18:57 INFO TaskSetManager: Starting task 0.0 in stage 0.0 (TID 0) (172.19.0.5, executor 0, partition 0, PROCESS_LOCAL, 7499 bytes)
[2024-11-02T01:18:57.741+0000] {spark_submit.py:579} INFO - 24/11/02 01:18:57 INFO BlockManagerInfo: Added broadcast_0_piece0 in memory on 172.19.0.5:44233 (size: 38.8 KiB, free: 1048.8 MiB)
[2024-11-02T01:18:59.234+0000] {spark_submit.py:579} INFO - 24/11/02 01:18:59 INFO TaskSetManager: Finished task 0.0 in stage 0.0 (TID 0) in 1806 ms on 172.19.0.5 (executor 0) (1/1)
[2024-11-02T01:18:59.237+0000] {spark_submit.py:579} INFO - 24/11/02 01:18:59 INFO TaskSchedulerImpl: Removed TaskSet 0.0, whose tasks have all completed, from pool
[2024-11-02T01:18:59.244+0000] {spark_submit.py:579} INFO - 24/11/02 01:18:59 INFO DAGScheduler: ResultStage 0 (parquet at NativeMethodAccessorImpl.java:0) finished in 6.305 s
[2024-11-02T01:18:59.248+0000] {spark_submit.py:579} INFO - 24/11/02 01:18:59 INFO DAGScheduler: Job 0 is finished. Cancelling potential speculative or zombie tasks for this job
[2024-11-02T01:18:59.249+0000] {spark_submit.py:579} INFO - 24/11/02 01:18:59 INFO TaskSchedulerImpl: Killing all running tasks in stage 0: Stage finished
[2024-11-02T01:18:59.251+0000] {spark_submit.py:579} INFO - 24/11/02 01:18:59 INFO DAGScheduler: Job 0 finished: parquet at NativeMethodAccessorImpl.java:0, took 6.379023 s
[2024-11-02T01:18:59.588+0000] {spark_submit.py:579} INFO - 24/11/02 01:18:59 INFO BlockManagerInfo: Removed broadcast_0_piece0 on ee9b80364a9a:45271 in memory (size: 38.8 KiB, free: 434.4 MiB)
[2024-11-02T01:18:59.593+0000] {spark_submit.py:579} INFO - 24/11/02 01:18:59 INFO BlockManagerInfo: Removed broadcast_0_piece0 on 172.19.0.5:44233 in memory (size: 38.8 KiB, free: 1048.8 MiB)
[2024-11-02T01:19:00.111+0000] {spark_submit.py:579} INFO - 24/11/02 01:19:00 INFO SparkContext: SparkContext is stopping with exitCode 0.
[2024-11-02T01:19:00.115+0000] {spark_submit.py:579} INFO - 24/11/02 01:19:00 INFO SparkUI: Stopped Spark web UI at http://ee9b80364a9a:4040
[2024-11-02T01:19:00.116+0000] {spark_submit.py:579} INFO - 24/11/02 01:19:00 INFO StandaloneSchedulerBackend: Shutting down all executors
[2024-11-02T01:19:00.117+0000] {spark_submit.py:579} INFO - 24/11/02 01:19:00 INFO StandaloneSchedulerBackend$StandaloneDriverEndpoint: Asking each executor to shut down
[2024-11-02T01:19:00.124+0000] {spark_submit.py:579} INFO - 24/11/02 01:19:00 INFO MapOutputTrackerMasterEndpoint: MapOutputTrackerMasterEndpoint stopped!
[2024-11-02T01:19:00.133+0000] {spark_submit.py:579} INFO - 24/11/02 01:19:00 INFO MemoryStore: MemoryStore cleared
[2024-11-02T01:19:00.133+0000] {spark_submit.py:579} INFO - 24/11/02 01:19:00 INFO BlockManager: BlockManager stopped
[2024-11-02T01:19:00.134+0000] {spark_submit.py:579} INFO - 24/11/02 01:19:00 INFO BlockManagerMaster: BlockManagerMaster stopped
[2024-11-02T01:19:00.135+0000] {spark_submit.py:579} INFO - 24/11/02 01:19:00 INFO OutputCommitCoordinator$OutputCommitCoordinatorEndpoint: OutputCommitCoordinator stopped!
[2024-11-02T01:19:00.190+0000] {spark_submit.py:579} INFO - 24/11/02 01:19:00 INFO SparkContext: Successfully stopped SparkContext
[2024-11-02T01:19:00.319+0000] {spark_submit.py:579} INFO - 24/11/02 01:19:00 INFO SparkContext: Running Spark version 3.4.3
[2024-11-02T01:19:00.321+0000] {spark_submit.py:579} INFO - 24/11/02 01:19:00 INFO ResourceUtils: ==============================================================
[2024-11-02T01:19:00.322+0000] {spark_submit.py:579} INFO - 24/11/02 01:19:00 INFO ResourceUtils: No custom resources configured for spark.driver.
[2024-11-02T01:19:00.323+0000] {spark_submit.py:579} INFO - 24/11/02 01:19:00 INFO ResourceUtils: ==============================================================
[2024-11-02T01:19:00.323+0000] {spark_submit.py:579} INFO - 24/11/02 01:19:00 INFO SparkContext: Submitted application: MergeData
[2024-11-02T01:19:00.324+0000] {spark_submit.py:579} INFO - 24/11/02 01:19:00 INFO ResourceProfile: Default ResourceProfile created, executor resources: Map(cores -> name: cores, amount: 2, script: , vendor: , memory -> name: memory, amount: 2048, script: , vendor: , offHeap -> name: offHeap, amount: 0, script: , vendor: ), task resources: Map(cpus -> name: cpus, amount: 1.0)
[2024-11-02T01:19:00.325+0000] {spark_submit.py:579} INFO - 24/11/02 01:19:00 INFO ResourceProfile: Limiting resource is cpus at 2 tasks per executor
[2024-11-02T01:19:00.326+0000] {spark_submit.py:579} INFO - 24/11/02 01:19:00 INFO ResourceProfileManager: Added ResourceProfile id: 0
[2024-11-02T01:19:00.327+0000] {spark_submit.py:579} INFO - 24/11/02 01:19:00 INFO SecurityManager: Changing view acls to: ***
[2024-11-02T01:19:00.328+0000] {spark_submit.py:579} INFO - 24/11/02 01:19:00 INFO SecurityManager: Changing modify acls to: ***
[2024-11-02T01:19:00.329+0000] {spark_submit.py:579} INFO - 24/11/02 01:19:00 INFO SecurityManager: Changing view acls groups to:
[2024-11-02T01:19:00.330+0000] {spark_submit.py:579} INFO - 24/11/02 01:19:00 INFO SecurityManager: Changing modify acls groups to:
[2024-11-02T01:19:00.330+0000] {spark_submit.py:579} INFO - 24/11/02 01:19:00 INFO SecurityManager: SecurityManager: authentication disabled; ui acls disabled; users with view permissions: ***; groups with view permissions: EMPTY; users with modify permissions: ***; groups with modify permissions: EMPTY
[2024-11-02T01:19:00.347+0000] {spark_submit.py:579} INFO - 24/11/02 01:19:00 INFO Utils: Successfully started service 'sparkDriver' on port 44985.
[2024-11-02T01:19:00.351+0000] {spark_submit.py:579} INFO - 24/11/02 01:19:00 INFO SparkEnv: Registering MapOutputTracker
[2024-11-02T01:19:00.352+0000] {spark_submit.py:579} INFO - 24/11/02 01:19:00 INFO SparkEnv: Registering BlockManagerMaster
[2024-11-02T01:19:00.353+0000] {spark_submit.py:579} INFO - 24/11/02 01:19:00 INFO BlockManagerMasterEndpoint: Using org.apache.spark.storage.DefaultTopologyMapper for getting topology information
[2024-11-02T01:19:00.354+0000] {spark_submit.py:579} INFO - 24/11/02 01:19:00 INFO BlockManagerMasterEndpoint: BlockManagerMasterEndpoint up
[2024-11-02T01:19:00.354+0000] {spark_submit.py:579} INFO - 24/11/02 01:19:00 INFO SparkEnv: Registering BlockManagerMasterHeartbeat
[2024-11-02T01:19:00.356+0000] {spark_submit.py:579} INFO - 24/11/02 01:19:00 INFO DiskBlockManager: Created local directory at /tmp/blockmgr-e31531a9-22ea-43ae-ab8e-3cab6b5911b2
[2024-11-02T01:19:00.357+0000] {spark_submit.py:579} INFO - 24/11/02 01:19:00 INFO MemoryStore: MemoryStore started with capacity 434.4 MiB
[2024-11-02T01:19:00.360+0000] {spark_submit.py:579} INFO - 24/11/02 01:19:00 INFO SparkEnv: Registering OutputCommitCoordinator
[2024-11-02T01:19:00.366+0000] {spark_submit.py:579} INFO - 24/11/02 01:19:00 INFO JettyUtils: Start Jetty 0.0.0.0:4040 for SparkUI
[2024-11-02T01:19:00.374+0000] {spark_submit.py:579} INFO - 24/11/02 01:19:00 INFO Utils: Successfully started service 'SparkUI' on port 4040.
[2024-11-02T01:19:00.383+0000] {spark_submit.py:579} INFO - 24/11/02 01:19:00 INFO SparkContext: Added JAR file:///opt/***/jars/hadoop-aws-3.3.4.jar at spark://ee9b80364a9a:44985/jars/hadoop-aws-3.3.4.jar with timestamp 1730510340319
[2024-11-02T01:19:00.384+0000] {spark_submit.py:579} INFO - 24/11/02 01:19:00 INFO SparkContext: Added JAR file:///opt/***/jars/s3-2.18.41.jar at spark://ee9b80364a9a:44985/jars/s3-2.18.41.jar with timestamp 1730510340319
[2024-11-02T01:19:00.385+0000] {spark_submit.py:579} INFO - 24/11/02 01:19:00 INFO SparkContext: Added JAR file:///opt/***/jars/aws-java-sdk-1.12.367.jar at spark://ee9b80364a9a:44985/jars/aws-java-sdk-1.12.367.jar with timestamp 1730510340319
[2024-11-02T01:19:00.386+0000] {spark_submit.py:579} INFO - 24/11/02 01:19:00 INFO SparkContext: Added JAR file:///opt/***/jars/delta-core_2.12-2.4.0.jar at spark://ee9b80364a9a:44985/jars/delta-core_2.12-2.4.0.jar with timestamp 1730510340319
[2024-11-02T01:19:00.387+0000] {spark_submit.py:579} INFO - 24/11/02 01:19:00 INFO SparkContext: Added JAR file:///opt/***/jars/delta-storage-2.2.0.jar at spark://ee9b80364a9a:44985/jars/delta-storage-2.2.0.jar with timestamp 1730510340319
[2024-11-02T01:19:00.388+0000] {spark_submit.py:579} INFO - 24/11/02 01:19:00 INFO SparkContext: Added JAR file:///home/***/.ivy2/jars/org.apache.hadoop_hadoop-aws-3.3.4.jar at spark://ee9b80364a9a:44985/jars/org.apache.hadoop_hadoop-aws-3.3.4.jar with timestamp 1730510340319
[2024-11-02T01:19:00.388+0000] {spark_submit.py:579} INFO - 24/11/02 01:19:00 INFO SparkContext: Added JAR file:///home/***/.ivy2/jars/com.amazonaws_aws-java-sdk-bundle-1.12.262.jar at spark://ee9b80364a9a:44985/jars/com.amazonaws_aws-java-sdk-bundle-1.12.262.jar with timestamp 1730510340319
[2024-11-02T01:19:00.389+0000] {spark_submit.py:579} INFO - 24/11/02 01:19:00 INFO SparkContext: Added JAR file:///home/***/.ivy2/jars/org.wildfly.openssl_wildfly-openssl-1.0.7.Final.jar at spark://ee9b80364a9a:44985/jars/org.wildfly.openssl_wildfly-openssl-1.0.7.Final.jar with timestamp 1730510340319
[2024-11-02T01:19:00.390+0000] {spark_submit.py:579} INFO - 24/11/02 01:19:00 INFO SparkContext: Added file file:///home/***/.ivy2/jars/org.apache.hadoop_hadoop-aws-3.3.4.jar at spark://ee9b80364a9a:44985/files/org.apache.hadoop_hadoop-aws-3.3.4.jar with timestamp 1730510340319
[2024-11-02T01:19:00.390+0000] {spark_submit.py:579} INFO - 24/11/02 01:19:00 INFO Utils: Copying /home/***/.ivy2/jars/org.apache.hadoop_hadoop-aws-3.3.4.jar to /tmp/spark-27e3c649-cd81-4983-aafd-ba8715d87238/userFiles-ce6b9b2a-04ab-4338-a46f-d592a1d343d5/org.apache.hadoop_hadoop-aws-3.3.4.jar
[2024-11-02T01:19:00.395+0000] {spark_submit.py:579} INFO - 24/11/02 01:19:00 INFO SparkContext: Added file file:///home/***/.ivy2/jars/com.amazonaws_aws-java-sdk-bundle-1.12.262.jar at spark://ee9b80364a9a:44985/files/com.amazonaws_aws-java-sdk-bundle-1.12.262.jar with timestamp 1730510340319
[2024-11-02T01:19:00.396+0000] {spark_submit.py:579} INFO - 24/11/02 01:19:00 INFO Utils: Copying /home/***/.ivy2/jars/com.amazonaws_aws-java-sdk-bundle-1.12.262.jar to /tmp/spark-27e3c649-cd81-4983-aafd-ba8715d87238/userFiles-ce6b9b2a-04ab-4338-a46f-d592a1d343d5/com.amazonaws_aws-java-sdk-bundle-1.12.262.jar
[2024-11-02T01:19:00.706+0000] {spark_submit.py:579} INFO - 24/11/02 01:19:00 INFO SparkContext: Added file file:///home/***/.ivy2/jars/org.wildfly.openssl_wildfly-openssl-1.0.7.Final.jar at spark://ee9b80364a9a:44985/files/org.wildfly.openssl_wildfly-openssl-1.0.7.Final.jar with timestamp 1730510340319
[2024-11-02T01:19:00.707+0000] {spark_submit.py:579} INFO - 24/11/02 01:19:00 INFO Utils: Copying /home/***/.ivy2/jars/org.wildfly.openssl_wildfly-openssl-1.0.7.Final.jar to /tmp/spark-27e3c649-cd81-4983-aafd-ba8715d87238/userFiles-ce6b9b2a-04ab-4338-a46f-d592a1d343d5/org.wildfly.openssl_wildfly-openssl-1.0.7.Final.jar
[2024-11-02T01:19:00.721+0000] {spark_submit.py:579} INFO - 24/11/02 01:19:00 INFO StandaloneAppClient$ClientEndpoint: Connecting to master spark://spark-master:7077...
[2024-11-02T01:19:00.724+0000] {spark_submit.py:579} INFO - 24/11/02 01:19:00 INFO TransportClientFactory: Successfully created connection to spark-master/172.19.0.2:7077 after 2 ms (0 ms spent in bootstraps)
[2024-11-02T01:19:00.735+0000] {spark_submit.py:579} INFO - 24/11/02 01:19:00 INFO StandaloneSchedulerBackend: Connected to Spark cluster with app ID app-20241102011900-0036
[2024-11-02T01:19:00.736+0000] {spark_submit.py:579} INFO - 24/11/02 01:19:00 INFO StandaloneAppClient$ClientEndpoint: Executor added: app-20241102011900-0036/0 on worker-20241102003302-172.19.0.5-34939 (172.19.0.5:34939) with 2 core(s)
[2024-11-02T01:19:00.736+0000] {spark_submit.py:579} INFO - 24/11/02 01:19:00 INFO StandaloneSchedulerBackend: Granted executor ID app-20241102011900-0036/0 on hostPort 172.19.0.5:34939 with 2 core(s), 2.0 GiB RAM
[2024-11-02T01:19:00.739+0000] {spark_submit.py:579} INFO - 24/11/02 01:19:00 INFO Utils: Successfully started service 'org.apache.spark.network.netty.NettyBlockTransferService' on port 39097.
[2024-11-02T01:19:00.739+0000] {spark_submit.py:579} INFO - 24/11/02 01:19:00 INFO NettyBlockTransferService: Server created on ee9b80364a9a:39097
[2024-11-02T01:19:00.740+0000] {spark_submit.py:579} INFO - 24/11/02 01:19:00 INFO BlockManager: Using org.apache.spark.storage.RandomBlockReplicationPolicy for block replication policy
[2024-11-02T01:19:00.741+0000] {spark_submit.py:579} INFO - 24/11/02 01:19:00 INFO BlockManagerMaster: Registering BlockManager BlockManagerId(driver, ee9b80364a9a, 39097, None)
[2024-11-02T01:19:00.741+0000] {spark_submit.py:579} INFO - 24/11/02 01:19:00 INFO BlockManagerMasterEndpoint: Registering block manager ee9b80364a9a:39097 with 434.4 MiB RAM, BlockManagerId(driver, ee9b80364a9a, 39097, None)
[2024-11-02T01:19:00.742+0000] {spark_submit.py:579} INFO - 24/11/02 01:19:00 INFO BlockManagerMaster: Registered BlockManager BlockManagerId(driver, ee9b80364a9a, 39097, None)
[2024-11-02T01:19:00.743+0000] {spark_submit.py:579} INFO - 24/11/02 01:19:00 INFO BlockManager: Initialized BlockManager: BlockManagerId(driver, ee9b80364a9a, 39097, None)
[2024-11-02T01:19:00.756+0000] {spark_submit.py:579} INFO - 24/11/02 01:19:00 INFO StandaloneAppClient$ClientEndpoint: Executor updated: app-20241102011900-0036/0 is now RUNNING
[2024-11-02T01:19:00.762+0000] {spark_submit.py:579} INFO - 24/11/02 01:19:00 INFO StandaloneSchedulerBackend: SchedulerBackend is ready for scheduling beginning after reached minRegisteredResourcesRatio: 0.0
[2024-11-02T01:19:00.798+0000] {spark_submit.py:579} INFO - 24/11/02 01:19:00 INFO SharedState: Setting hive.metastore.warehouse.dir ('null') to the value of spark.sql.warehouse.dir.
[2024-11-02T01:19:00.799+0000] {spark_submit.py:579} INFO - 24/11/02 01:19:00 INFO SharedState: Warehouse path is 'file:/opt/***/spark-warehouse'.
[2024-11-02T01:19:00.857+0000] {spark_submit.py:579} INFO - 24/11/02 01:19:00 INFO InMemoryFileIndex: It took 20 ms to list leaf files for 1 paths.
[2024-11-02T01:19:00.912+0000] {spark_submit.py:579} INFO - 24/11/02 01:19:00 INFO SparkContext: Starting job: load at NativeMethodAccessorImpl.java:0
[2024-11-02T01:19:00.914+0000] {spark_submit.py:579} INFO - 24/11/02 01:19:00 INFO DAGScheduler: Got job 0 (load at NativeMethodAccessorImpl.java:0) with 1 output partitions
[2024-11-02T01:19:00.915+0000] {spark_submit.py:579} INFO - 24/11/02 01:19:00 INFO DAGScheduler: Final stage: ResultStage 0 (load at NativeMethodAccessorImpl.java:0)
[2024-11-02T01:19:00.916+0000] {spark_submit.py:579} INFO - 24/11/02 01:19:00 INFO DAGScheduler: Parents of final stage: List()
[2024-11-02T01:19:00.917+0000] {spark_submit.py:579} INFO - 24/11/02 01:19:00 INFO DAGScheduler: Missing parents: List()
[2024-11-02T01:19:00.918+0000] {spark_submit.py:579} INFO - 24/11/02 01:19:00 INFO DAGScheduler: Submitting ResultStage 0 (MapPartitionsRDD[1] at load at NativeMethodAccessorImpl.java:0), which has no missing parents
[2024-11-02T01:19:00.935+0000] {spark_submit.py:579} INFO - 24/11/02 01:19:00 INFO MemoryStore: Block broadcast_0 stored as values in memory (estimated size 106.8 KiB, free 434.3 MiB)
[2024-11-02T01:19:00.947+0000] {spark_submit.py:579} INFO - 24/11/02 01:19:00 INFO MemoryStore: Block broadcast_0_piece0 stored as bytes in memory (estimated size 38.8 KiB, free 434.3 MiB)
[2024-11-02T01:19:00.950+0000] {spark_submit.py:579} INFO - 24/11/02 01:19:00 INFO BlockManagerInfo: Added broadcast_0_piece0 in memory on ee9b80364a9a:39097 (size: 38.8 KiB, free: 434.4 MiB)
[2024-11-02T01:19:00.952+0000] {spark_submit.py:579} INFO - 24/11/02 01:19:00 INFO SparkContext: Created broadcast 0 from broadcast at DAGScheduler.scala:1540
[2024-11-02T01:19:00.955+0000] {spark_submit.py:579} INFO - 24/11/02 01:19:00 INFO DAGScheduler: Submitting 1 missing tasks from ResultStage 0 (MapPartitionsRDD[1] at load at NativeMethodAccessorImpl.java:0) (first 15 tasks are for partitions Vector(0))
[2024-11-02T01:19:00.956+0000] {spark_submit.py:579} INFO - 24/11/02 01:19:00 INFO TaskSchedulerImpl: Adding task set 0.0 with 1 tasks resource profile 0
[2024-11-02T01:19:03.299+0000] {spark_submit.py:579} INFO - 24/11/02 01:19:03 INFO StandaloneSchedulerBackend$StandaloneDriverEndpoint: Registered executor NettyRpcEndpointRef(spark-client://Executor) (172.19.0.5:51712) with ID 0,  ResourceProfileId 0
[2024-11-02T01:19:03.357+0000] {spark_submit.py:579} INFO - 24/11/02 01:19:03 INFO BlockManagerMasterEndpoint: Registering block manager 172.19.0.5:42189 with 1048.8 MiB RAM, BlockManagerId(0, 172.19.0.5, 42189, None)
[2024-11-02T01:19:38.383+0000] {spark_submit.py:579} INFO - 24/11/02 01:19:38 INFO TaskSetManager: Starting task 0.0 in stage 0.0 (TID 0) (172.19.0.5, executor 0, partition 0, PROCESS_LOCAL, 7500 bytes)
[2024-11-02T01:19:38.575+0000] {spark_submit.py:579} INFO - 24/11/02 01:19:38 INFO BlockManagerInfo: Added broadcast_0_piece0 in memory on 172.19.0.5:42189 (size: 38.8 KiB, free: 1048.8 MiB)
[2024-11-02T01:19:40.053+0000] {spark_submit.py:579} INFO - 24/11/02 01:19:40 INFO TaskSetManager: Finished task 0.0 in stage 0.0 (TID 0) in 1670 ms on 172.19.0.5 (executor 0) (1/1)
[2024-11-02T01:19:40.053+0000] {spark_submit.py:579} INFO - 24/11/02 01:19:40 INFO TaskSchedulerImpl: Removed TaskSet 0.0, whose tasks have all completed, from pool
[2024-11-02T01:19:40.054+0000] {spark_submit.py:579} INFO - 24/11/02 01:19:40 INFO DAGScheduler: ResultStage 0 (load at NativeMethodAccessorImpl.java:0) finished in 39.132 s
[2024-11-02T01:19:40.055+0000] {spark_submit.py:579} INFO - 24/11/02 01:19:40 INFO DAGScheduler: Job 0 is finished. Cancelling potential speculative or zombie tasks for this job
[2024-11-02T01:19:40.055+0000] {spark_submit.py:579} INFO - 24/11/02 01:19:40 INFO TaskSchedulerImpl: Killing all running tasks in stage 0: Stage finished
[2024-11-02T01:19:40.056+0000] {spark_submit.py:579} INFO - 24/11/02 01:19:40 INFO DAGScheduler: Job 0 finished: load at NativeMethodAccessorImpl.java:0, took 39.144740 s
[2024-11-02T01:19:40.315+0000] {spark_submit.py:579} INFO - 24/11/02 01:19:40 INFO SparkContext: SparkContext is stopping with exitCode 0.
[2024-11-02T01:19:40.319+0000] {spark_submit.py:579} INFO - 24/11/02 01:19:40 INFO SparkUI: Stopped Spark web UI at http://ee9b80364a9a:4040
[2024-11-02T01:19:40.321+0000] {spark_submit.py:579} INFO - 24/11/02 01:19:40 INFO StandaloneSchedulerBackend: Shutting down all executors
[2024-11-02T01:19:40.321+0000] {spark_submit.py:579} INFO - 24/11/02 01:19:40 INFO StandaloneSchedulerBackend$StandaloneDriverEndpoint: Asking each executor to shut down
[2024-11-02T01:19:40.324+0000] {spark_submit.py:579} INFO - 24/11/02 01:19:40 INFO MapOutputTrackerMasterEndpoint: MapOutputTrackerMasterEndpoint stopped!
[2024-11-02T01:19:40.336+0000] {spark_submit.py:579} INFO - 24/11/02 01:19:40 INFO MemoryStore: MemoryStore cleared
[2024-11-02T01:19:40.336+0000] {spark_submit.py:579} INFO - 24/11/02 01:19:40 INFO BlockManager: BlockManager stopped
[2024-11-02T01:19:40.337+0000] {spark_submit.py:579} INFO - 24/11/02 01:19:40 INFO BlockManagerMaster: BlockManagerMaster stopped
[2024-11-02T01:19:40.338+0000] {spark_submit.py:579} INFO - 24/11/02 01:19:40 INFO OutputCommitCoordinator$OutputCommitCoordinatorEndpoint: OutputCommitCoordinator stopped!
[2024-11-02T01:19:40.388+0000] {spark_submit.py:579} INFO - 24/11/02 01:19:40 INFO SparkContext: Successfully stopped SparkContext
[2024-11-02T01:19:40.985+0000] {spark_submit.py:579} INFO - 24/11/02 01:19:40 INFO ShutdownHookManager: Shutdown hook called
[2024-11-02T01:19:40.986+0000] {spark_submit.py:579} INFO - 24/11/02 01:19:40 INFO ShutdownHookManager: Deleting directory /tmp/spark-27e3c649-cd81-4983-aafd-ba8715d87238/pyspark-c72d7657-6006-41f6-a8d4-8b61d68d4653
[2024-11-02T01:19:40.991+0000] {spark_submit.py:579} INFO - 24/11/02 01:19:40 INFO ShutdownHookManager: Deleting directory /tmp/spark-7f36125c-3e8a-4b06-b433-0c0a62302f9e
[2024-11-02T01:19:40.997+0000] {spark_submit.py:579} INFO - 24/11/02 01:19:40 INFO ShutdownHookManager: Deleting directory /tmp/spark-27e3c649-cd81-4983-aafd-ba8715d87238/pyspark-72c9415e-ee47-4548-b1ac-2dcbf2a96432
[2024-11-02T01:19:41.004+0000] {spark_submit.py:579} INFO - 24/11/02 01:19:41 INFO ShutdownHookManager: Deleting directory /tmp/spark-27e3c649-cd81-4983-aafd-ba8715d87238
[2024-11-02T01:19:41.010+0000] {spark_submit.py:579} INFO - 24/11/02 01:19:41 INFO ShutdownHookManager: Deleting directory /tmp/spark-27e3c649-cd81-4983-aafd-ba8715d87238/pyspark-69395db2-0a0a-4c06-9b59-27d61fa1d89a
[2024-11-02T01:19:41.020+0000] {spark_submit.py:579} INFO - 24/11/02 01:19:41 INFO MetricsSystemImpl: Stopping s3a-file-system metrics system...
[2024-11-02T01:19:41.021+0000] {spark_submit.py:579} INFO - 24/11/02 01:19:41 INFO MetricsSystemImpl: s3a-file-system metrics system stopped.
[2024-11-02T01:19:41.022+0000] {spark_submit.py:579} INFO - 24/11/02 01:19:41 INFO MetricsSystemImpl: s3a-file-system metrics system shutdown complete.
[2024-11-02T01:19:41.104+0000] {taskinstance.py:1398} INFO - Marking task as SUCCESS. dag_id=mergeeeee, task_id=merge_id, execution_date=20241102T011301, start_date=20241102T011839, end_date=20241102T011941
[2024-11-02T01:19:41.162+0000] {local_task_job_runner.py:228} INFO - Task exited with return code 0
[2024-11-02T01:19:41.179+0000] {taskinstance.py:2776} INFO - 0 downstream tasks scheduled from follow-on schedule check
