[2024-12-17T13:59:33.514+0000] {processor.py:157} INFO - Started process (PID=203) to work on /opt/airflow/dags/bronze_layer.py
[2024-12-17T13:59:33.515+0000] {processor.py:829} INFO - Processing file /opt/airflow/dags/bronze_layer.py for tasks to queue
[2024-12-17T13:59:33.517+0000] {logging_mixin.py:154} INFO - [2024-12-17T13:59:33.517+0000] {dagbag.py:536} INFO - Filling up the DagBag from /opt/airflow/dags/bronze_layer.py
[2024-12-17T13:59:34.206+0000] {processor.py:839} INFO - DAG(s) dict_keys(['Bronze_Layer']) retrieved from /opt/airflow/dags/bronze_layer.py
[2024-12-17T13:59:34.219+0000] {logging_mixin.py:154} INFO - [2024-12-17T13:59:34.219+0000] {dag.py:2941} INFO - Sync 1 DAGs
[2024-12-17T13:59:34.251+0000] {logging_mixin.py:154} INFO - [2024-12-17T13:59:34.251+0000] {dag.py:3722} INFO - Setting next_dagrun for Bronze_Layer to 2024-12-16T00:00:00+00:00, run_after=2024-12-17T00:00:00+00:00
[2024-12-17T13:59:34.279+0000] {processor.py:179} INFO - Processing /opt/airflow/dags/bronze_layer.py took 0.769 seconds
[2024-12-17T14:00:07.216+0000] {processor.py:157} INFO - Started process (PID=265) to work on /opt/airflow/dags/bronze_layer.py
[2024-12-17T14:00:07.217+0000] {processor.py:829} INFO - Processing file /opt/airflow/dags/bronze_layer.py for tasks to queue
[2024-12-17T14:00:07.218+0000] {logging_mixin.py:154} INFO - [2024-12-17T14:00:07.218+0000] {dagbag.py:536} INFO - Filling up the DagBag from /opt/airflow/dags/bronze_layer.py
[2024-12-17T14:00:07.832+0000] {processor.py:839} INFO - DAG(s) dict_keys(['Bronze_Layer']) retrieved from /opt/airflow/dags/bronze_layer.py
[2024-12-17T14:00:07.859+0000] {logging_mixin.py:154} INFO - [2024-12-17T14:00:07.858+0000] {dag.py:2941} INFO - Sync 1 DAGs
[2024-12-17T14:00:07.887+0000] {logging_mixin.py:154} INFO - [2024-12-17T14:00:07.887+0000] {dag.py:3722} INFO - Setting next_dagrun for Bronze_Layer to 2024-12-16T00:00:00+00:00, run_after=2024-12-17T00:00:00+00:00
[2024-12-17T14:00:07.906+0000] {processor.py:179} INFO - Processing /opt/airflow/dags/bronze_layer.py took 0.695 seconds
[2024-12-17T14:00:38.616+0000] {processor.py:157} INFO - Started process (PID=974) to work on /opt/airflow/dags/bronze_layer.py
[2024-12-17T14:00:38.624+0000] {processor.py:829} INFO - Processing file /opt/airflow/dags/bronze_layer.py for tasks to queue
[2024-12-17T14:00:38.679+0000] {logging_mixin.py:154} INFO - [2024-12-17T14:00:38.649+0000] {dagbag.py:536} INFO - Filling up the DagBag from /opt/airflow/dags/bronze_layer.py
[2024-12-17T14:00:46.565+0000] {processor.py:839} INFO - DAG(s) dict_keys(['Bronze_Layer']) retrieved from /opt/airflow/dags/bronze_layer.py
[2024-12-17T14:00:46.643+0000] {logging_mixin.py:154} INFO - [2024-12-17T14:00:46.642+0000] {dag.py:2941} INFO - Sync 1 DAGs
[2024-12-17T14:00:46.689+0000] {logging_mixin.py:154} INFO - [2024-12-17T14:00:46.689+0000] {dag.py:3722} INFO - Setting next_dagrun for Bronze_Layer to 2024-12-16T00:00:00+00:00, run_after=2024-12-17T00:00:00+00:00
[2024-12-17T14:00:46.723+0000] {processor.py:179} INFO - Processing /opt/airflow/dags/bronze_layer.py took 8.344 seconds
[2024-12-17T14:01:17.721+0000] {processor.py:157} INFO - Started process (PID=1132) to work on /opt/airflow/dags/bronze_layer.py
[2024-12-17T14:01:17.722+0000] {processor.py:829} INFO - Processing file /opt/airflow/dags/bronze_layer.py for tasks to queue
[2024-12-17T14:01:17.724+0000] {logging_mixin.py:154} INFO - [2024-12-17T14:01:17.723+0000] {dagbag.py:536} INFO - Filling up the DagBag from /opt/airflow/dags/bronze_layer.py
[2024-12-17T14:01:18.419+0000] {processor.py:839} INFO - DAG(s) dict_keys(['Bronze_Layer']) retrieved from /opt/airflow/dags/bronze_layer.py
[2024-12-17T14:01:18.449+0000] {logging_mixin.py:154} INFO - [2024-12-17T14:01:18.449+0000] {dag.py:2941} INFO - Sync 1 DAGs
[2024-12-17T14:01:18.492+0000] {logging_mixin.py:154} INFO - [2024-12-17T14:01:18.492+0000] {dag.py:3722} INFO - Setting next_dagrun for Bronze_Layer to 2024-12-16T00:00:00+00:00, run_after=2024-12-17T00:00:00+00:00
[2024-12-17T14:01:18.538+0000] {processor.py:179} INFO - Processing /opt/airflow/dags/bronze_layer.py took 0.822 seconds
[2024-12-17T14:01:48.637+0000] {processor.py:157} INFO - Started process (PID=1171) to work on /opt/airflow/dags/bronze_layer.py
[2024-12-17T14:01:48.639+0000] {processor.py:829} INFO - Processing file /opt/airflow/dags/bronze_layer.py for tasks to queue
[2024-12-17T14:01:48.640+0000] {logging_mixin.py:154} INFO - [2024-12-17T14:01:48.639+0000] {dagbag.py:536} INFO - Filling up the DagBag from /opt/airflow/dags/bronze_layer.py
[2024-12-17T14:01:49.871+0000] {processor.py:839} INFO - DAG(s) dict_keys(['Bronze_Layer']) retrieved from /opt/airflow/dags/bronze_layer.py
[2024-12-17T14:01:49.899+0000] {logging_mixin.py:154} INFO - [2024-12-17T14:01:49.898+0000] {dag.py:2941} INFO - Sync 1 DAGs
[2024-12-17T14:01:49.932+0000] {logging_mixin.py:154} INFO - [2024-12-17T14:01:49.931+0000] {dag.py:3722} INFO - Setting next_dagrun for Bronze_Layer to 2024-12-16T00:00:00+00:00, run_after=2024-12-17T00:00:00+00:00
[2024-12-17T14:01:49.969+0000] {processor.py:179} INFO - Processing /opt/airflow/dags/bronze_layer.py took 1.336 seconds
[2024-12-17T14:02:20.137+0000] {processor.py:157} INFO - Started process (PID=1276) to work on /opt/airflow/dags/bronze_layer.py
[2024-12-17T14:02:20.139+0000] {processor.py:829} INFO - Processing file /opt/airflow/dags/bronze_layer.py for tasks to queue
[2024-12-17T14:02:20.141+0000] {logging_mixin.py:154} INFO - [2024-12-17T14:02:20.140+0000] {dagbag.py:536} INFO - Filling up the DagBag from /opt/airflow/dags/bronze_layer.py
[2024-12-17T14:02:20.844+0000] {processor.py:839} INFO - DAG(s) dict_keys(['Bronze_Layer']) retrieved from /opt/airflow/dags/bronze_layer.py
[2024-12-17T14:02:20.866+0000] {logging_mixin.py:154} INFO - [2024-12-17T14:02:20.866+0000] {dag.py:2941} INFO - Sync 1 DAGs
[2024-12-17T14:02:20.891+0000] {logging_mixin.py:154} INFO - [2024-12-17T14:02:20.891+0000] {dag.py:3722} INFO - Setting next_dagrun for Bronze_Layer to 2024-12-16T00:00:00+00:00, run_after=2024-12-17T00:00:00+00:00
[2024-12-17T14:02:20.918+0000] {processor.py:179} INFO - Processing /opt/airflow/dags/bronze_layer.py took 0.786 seconds
[2024-12-17T14:02:51.162+0000] {processor.py:157} INFO - Started process (PID=1448) to work on /opt/airflow/dags/bronze_layer.py
[2024-12-17T14:02:51.163+0000] {processor.py:829} INFO - Processing file /opt/airflow/dags/bronze_layer.py for tasks to queue
[2024-12-17T14:02:51.165+0000] {logging_mixin.py:154} INFO - [2024-12-17T14:02:51.165+0000] {dagbag.py:536} INFO - Filling up the DagBag from /opt/airflow/dags/bronze_layer.py
[2024-12-17T14:02:51.982+0000] {processor.py:839} INFO - DAG(s) dict_keys(['Bronze_Layer']) retrieved from /opt/airflow/dags/bronze_layer.py
[2024-12-17T14:02:52.011+0000] {logging_mixin.py:154} INFO - [2024-12-17T14:02:52.010+0000] {dag.py:2941} INFO - Sync 1 DAGs
[2024-12-17T14:02:52.040+0000] {logging_mixin.py:154} INFO - [2024-12-17T14:02:52.040+0000] {dag.py:3722} INFO - Setting next_dagrun for Bronze_Layer to 2024-12-16T00:00:00+00:00, run_after=2024-12-17T00:00:00+00:00
[2024-12-17T14:02:52.070+0000] {processor.py:179} INFO - Processing /opt/airflow/dags/bronze_layer.py took 0.913 seconds
[2024-12-17T14:03:23.111+0000] {processor.py:157} INFO - Started process (PID=1607) to work on /opt/airflow/dags/bronze_layer.py
[2024-12-17T14:03:23.114+0000] {processor.py:829} INFO - Processing file /opt/airflow/dags/bronze_layer.py for tasks to queue
[2024-12-17T14:03:23.119+0000] {logging_mixin.py:154} INFO - [2024-12-17T14:03:23.119+0000] {dagbag.py:536} INFO - Filling up the DagBag from /opt/airflow/dags/bronze_layer.py
[2024-12-17T14:03:24.465+0000] {processor.py:839} INFO - DAG(s) dict_keys(['Bronze_Layer']) retrieved from /opt/airflow/dags/bronze_layer.py
[2024-12-17T14:03:24.525+0000] {logging_mixin.py:154} INFO - [2024-12-17T14:03:24.524+0000] {dag.py:2941} INFO - Sync 1 DAGs
[2024-12-17T14:03:24.569+0000] {logging_mixin.py:154} INFO - [2024-12-17T14:03:24.568+0000] {dag.py:3722} INFO - Setting next_dagrun for Bronze_Layer to 2024-12-16T00:00:00+00:00, run_after=2024-12-17T00:00:00+00:00
[2024-12-17T14:03:24.617+0000] {processor.py:179} INFO - Processing /opt/airflow/dags/bronze_layer.py took 1.512 seconds
[2024-12-17T14:03:55.866+0000] {processor.py:157} INFO - Started process (PID=1878) to work on /opt/airflow/dags/bronze_layer.py
[2024-12-17T14:03:55.868+0000] {processor.py:829} INFO - Processing file /opt/airflow/dags/bronze_layer.py for tasks to queue
[2024-12-17T14:03:55.871+0000] {logging_mixin.py:154} INFO - [2024-12-17T14:03:55.870+0000] {dagbag.py:536} INFO - Filling up the DagBag from /opt/airflow/dags/bronze_layer.py
[2024-12-17T14:03:57.070+0000] {processor.py:839} INFO - DAG(s) dict_keys(['Bronze_Layer']) retrieved from /opt/airflow/dags/bronze_layer.py
[2024-12-17T14:03:57.113+0000] {logging_mixin.py:154} INFO - [2024-12-17T14:03:57.112+0000] {dag.py:2941} INFO - Sync 1 DAGs
[2024-12-17T14:03:57.149+0000] {logging_mixin.py:154} INFO - [2024-12-17T14:03:57.148+0000] {dag.py:3722} INFO - Setting next_dagrun for Bronze_Layer to 2024-12-16T00:00:00+00:00, run_after=2024-12-17T00:00:00+00:00
[2024-12-17T14:03:57.183+0000] {processor.py:179} INFO - Processing /opt/airflow/dags/bronze_layer.py took 1.335 seconds
[2024-12-17T14:04:27.940+0000] {processor.py:157} INFO - Started process (PID=1925) to work on /opt/airflow/dags/bronze_layer.py
[2024-12-17T14:04:27.941+0000] {processor.py:829} INFO - Processing file /opt/airflow/dags/bronze_layer.py for tasks to queue
[2024-12-17T14:04:27.942+0000] {logging_mixin.py:154} INFO - [2024-12-17T14:04:27.942+0000] {dagbag.py:536} INFO - Filling up the DagBag from /opt/airflow/dags/bronze_layer.py
[2024-12-17T14:04:28.661+0000] {processor.py:839} INFO - DAG(s) dict_keys(['Bronze_Layer']) retrieved from /opt/airflow/dags/bronze_layer.py
[2024-12-17T14:04:28.692+0000] {logging_mixin.py:154} INFO - [2024-12-17T14:04:28.692+0000] {dag.py:2941} INFO - Sync 1 DAGs
[2024-12-17T14:04:28.721+0000] {logging_mixin.py:154} INFO - [2024-12-17T14:04:28.720+0000] {dag.py:3722} INFO - Setting next_dagrun for Bronze_Layer to 2024-12-16T00:00:00+00:00, run_after=2024-12-17T00:00:00+00:00
[2024-12-17T14:04:28.747+0000] {processor.py:179} INFO - Processing /opt/airflow/dags/bronze_layer.py took 0.812 seconds
[2024-12-17T14:04:59.312+0000] {processor.py:157} INFO - Started process (PID=2081) to work on /opt/airflow/dags/bronze_layer.py
[2024-12-17T14:04:59.313+0000] {processor.py:829} INFO - Processing file /opt/airflow/dags/bronze_layer.py for tasks to queue
[2024-12-17T14:04:59.315+0000] {logging_mixin.py:154} INFO - [2024-12-17T14:04:59.314+0000] {dagbag.py:536} INFO - Filling up the DagBag from /opt/airflow/dags/bronze_layer.py
[2024-12-17T14:04:59.974+0000] {processor.py:839} INFO - DAG(s) dict_keys(['Bronze_Layer']) retrieved from /opt/airflow/dags/bronze_layer.py
[2024-12-17T14:04:59.999+0000] {logging_mixin.py:154} INFO - [2024-12-17T14:04:59.999+0000] {dag.py:2941} INFO - Sync 1 DAGs
[2024-12-17T14:05:00.031+0000] {logging_mixin.py:154} INFO - [2024-12-17T14:05:00.031+0000] {dag.py:3722} INFO - Setting next_dagrun for Bronze_Layer to 2024-12-16T00:00:00+00:00, run_after=2024-12-17T00:00:00+00:00
[2024-12-17T14:05:00.057+0000] {processor.py:179} INFO - Processing /opt/airflow/dags/bronze_layer.py took 0.749 seconds
[2024-12-17T14:05:30.600+0000] {processor.py:157} INFO - Started process (PID=2111) to work on /opt/airflow/dags/bronze_layer.py
[2024-12-17T14:05:30.603+0000] {processor.py:829} INFO - Processing file /opt/airflow/dags/bronze_layer.py for tasks to queue
[2024-12-17T14:05:30.608+0000] {logging_mixin.py:154} INFO - [2024-12-17T14:05:30.606+0000] {dagbag.py:536} INFO - Filling up the DagBag from /opt/airflow/dags/bronze_layer.py
[2024-12-17T14:05:32.072+0000] {processor.py:839} INFO - DAG(s) dict_keys(['Bronze_Layer']) retrieved from /opt/airflow/dags/bronze_layer.py
[2024-12-17T14:05:32.124+0000] {logging_mixin.py:154} INFO - [2024-12-17T14:05:32.123+0000] {dag.py:2941} INFO - Sync 1 DAGs
[2024-12-17T14:05:32.170+0000] {logging_mixin.py:154} INFO - [2024-12-17T14:05:32.169+0000] {dag.py:3722} INFO - Setting next_dagrun for Bronze_Layer to 2024-12-16T00:00:00+00:00, run_after=2024-12-17T00:00:00+00:00
[2024-12-17T14:05:32.211+0000] {processor.py:179} INFO - Processing /opt/airflow/dags/bronze_layer.py took 1.638 seconds
[2024-12-17T14:06:03.015+0000] {processor.py:157} INFO - Started process (PID=2251) to work on /opt/airflow/dags/bronze_layer.py
[2024-12-17T14:06:03.017+0000] {processor.py:829} INFO - Processing file /opt/airflow/dags/bronze_layer.py for tasks to queue
[2024-12-17T14:06:03.018+0000] {logging_mixin.py:154} INFO - [2024-12-17T14:06:03.017+0000] {dagbag.py:536} INFO - Filling up the DagBag from /opt/airflow/dags/bronze_layer.py
[2024-12-17T14:06:03.661+0000] {processor.py:839} INFO - DAG(s) dict_keys(['Bronze_Layer']) retrieved from /opt/airflow/dags/bronze_layer.py
[2024-12-17T14:06:03.689+0000] {logging_mixin.py:154} INFO - [2024-12-17T14:06:03.688+0000] {dag.py:2941} INFO - Sync 1 DAGs
[2024-12-17T14:06:03.713+0000] {logging_mixin.py:154} INFO - [2024-12-17T14:06:03.712+0000] {dag.py:3722} INFO - Setting next_dagrun for Bronze_Layer to 2024-12-16T00:00:00+00:00, run_after=2024-12-17T00:00:00+00:00
[2024-12-17T14:06:03.733+0000] {processor.py:179} INFO - Processing /opt/airflow/dags/bronze_layer.py took 0.722 seconds
[2024-12-17T14:06:34.385+0000] {processor.py:157} INFO - Started process (PID=2279) to work on /opt/airflow/dags/bronze_layer.py
[2024-12-17T14:06:34.386+0000] {processor.py:829} INFO - Processing file /opt/airflow/dags/bronze_layer.py for tasks to queue
[2024-12-17T14:06:34.388+0000] {logging_mixin.py:154} INFO - [2024-12-17T14:06:34.387+0000] {dagbag.py:536} INFO - Filling up the DagBag from /opt/airflow/dags/bronze_layer.py
[2024-12-17T14:06:34.947+0000] {processor.py:839} INFO - DAG(s) dict_keys(['Bronze_Layer']) retrieved from /opt/airflow/dags/bronze_layer.py
[2024-12-17T14:06:34.968+0000] {logging_mixin.py:154} INFO - [2024-12-17T14:06:34.967+0000] {dag.py:2941} INFO - Sync 1 DAGs
[2024-12-17T14:06:34.988+0000] {logging_mixin.py:154} INFO - [2024-12-17T14:06:34.988+0000] {dag.py:3722} INFO - Setting next_dagrun for Bronze_Layer to 2024-12-16T00:00:00+00:00, run_after=2024-12-17T00:00:00+00:00
[2024-12-17T14:06:35.009+0000] {processor.py:179} INFO - Processing /opt/airflow/dags/bronze_layer.py took 0.629 seconds
[2024-12-17T14:07:05.210+0000] {processor.py:157} INFO - Started process (PID=2307) to work on /opt/airflow/dags/bronze_layer.py
[2024-12-17T14:07:05.211+0000] {processor.py:829} INFO - Processing file /opt/airflow/dags/bronze_layer.py for tasks to queue
[2024-12-17T14:07:05.213+0000] {logging_mixin.py:154} INFO - [2024-12-17T14:07:05.212+0000] {dagbag.py:536} INFO - Filling up the DagBag from /opt/airflow/dags/bronze_layer.py
[2024-12-17T14:07:05.829+0000] {processor.py:839} INFO - DAG(s) dict_keys(['Bronze_Layer']) retrieved from /opt/airflow/dags/bronze_layer.py
[2024-12-17T14:07:05.853+0000] {logging_mixin.py:154} INFO - [2024-12-17T14:07:05.852+0000] {dag.py:2941} INFO - Sync 1 DAGs
[2024-12-17T14:07:05.874+0000] {logging_mixin.py:154} INFO - [2024-12-17T14:07:05.874+0000] {dag.py:3722} INFO - Setting next_dagrun for Bronze_Layer to 2024-12-16T00:00:00+00:00, run_after=2024-12-17T00:00:00+00:00
[2024-12-17T14:07:05.894+0000] {processor.py:179} INFO - Processing /opt/airflow/dags/bronze_layer.py took 0.690 seconds
[2024-12-17T14:07:36.166+0000] {processor.py:157} INFO - Started process (PID=2335) to work on /opt/airflow/dags/bronze_layer.py
[2024-12-17T14:07:36.167+0000] {processor.py:829} INFO - Processing file /opt/airflow/dags/bronze_layer.py for tasks to queue
[2024-12-17T14:07:36.168+0000] {logging_mixin.py:154} INFO - [2024-12-17T14:07:36.168+0000] {dagbag.py:536} INFO - Filling up the DagBag from /opt/airflow/dags/bronze_layer.py
[2024-12-17T14:07:36.641+0000] {processor.py:839} INFO - DAG(s) dict_keys(['Bronze_Layer']) retrieved from /opt/airflow/dags/bronze_layer.py
[2024-12-17T14:07:36.663+0000] {logging_mixin.py:154} INFO - [2024-12-17T14:07:36.662+0000] {dag.py:2941} INFO - Sync 1 DAGs
[2024-12-17T14:07:36.682+0000] {logging_mixin.py:154} INFO - [2024-12-17T14:07:36.682+0000] {dag.py:3722} INFO - Setting next_dagrun for Bronze_Layer to 2024-12-16T00:00:00+00:00, run_after=2024-12-17T00:00:00+00:00
[2024-12-17T14:07:36.702+0000] {processor.py:179} INFO - Processing /opt/airflow/dags/bronze_layer.py took 0.540 seconds
[2024-12-17T14:08:06.881+0000] {processor.py:157} INFO - Started process (PID=2363) to work on /opt/airflow/dags/bronze_layer.py
[2024-12-17T14:08:06.882+0000] {processor.py:829} INFO - Processing file /opt/airflow/dags/bronze_layer.py for tasks to queue
[2024-12-17T14:08:06.884+0000] {logging_mixin.py:154} INFO - [2024-12-17T14:08:06.883+0000] {dagbag.py:536} INFO - Filling up the DagBag from /opt/airflow/dags/bronze_layer.py
[2024-12-17T14:08:07.467+0000] {processor.py:839} INFO - DAG(s) dict_keys(['Bronze_Layer']) retrieved from /opt/airflow/dags/bronze_layer.py
[2024-12-17T14:08:07.492+0000] {logging_mixin.py:154} INFO - [2024-12-17T14:08:07.492+0000] {dag.py:2941} INFO - Sync 1 DAGs
[2024-12-17T14:08:07.516+0000] {logging_mixin.py:154} INFO - [2024-12-17T14:08:07.515+0000] {dag.py:3722} INFO - Setting next_dagrun for Bronze_Layer to 2024-12-16T00:00:00+00:00, run_after=2024-12-17T00:00:00+00:00
[2024-12-17T14:08:07.535+0000] {processor.py:179} INFO - Processing /opt/airflow/dags/bronze_layer.py took 0.659 seconds
[2024-12-17T14:08:38.058+0000] {processor.py:157} INFO - Started process (PID=2391) to work on /opt/airflow/dags/bronze_layer.py
[2024-12-17T14:08:38.059+0000] {processor.py:829} INFO - Processing file /opt/airflow/dags/bronze_layer.py for tasks to queue
[2024-12-17T14:08:38.060+0000] {logging_mixin.py:154} INFO - [2024-12-17T14:08:38.060+0000] {dagbag.py:536} INFO - Filling up the DagBag from /opt/airflow/dags/bronze_layer.py
[2024-12-17T14:08:38.601+0000] {processor.py:839} INFO - DAG(s) dict_keys(['Bronze_Layer']) retrieved from /opt/airflow/dags/bronze_layer.py
[2024-12-17T14:08:38.633+0000] {logging_mixin.py:154} INFO - [2024-12-17T14:08:38.633+0000] {dag.py:2941} INFO - Sync 1 DAGs
[2024-12-17T14:08:38.659+0000] {logging_mixin.py:154} INFO - [2024-12-17T14:08:38.658+0000] {dag.py:3722} INFO - Setting next_dagrun for Bronze_Layer to 2024-12-16T00:00:00+00:00, run_after=2024-12-17T00:00:00+00:00
[2024-12-17T14:08:38.683+0000] {processor.py:179} INFO - Processing /opt/airflow/dags/bronze_layer.py took 0.629 seconds
[2024-12-17T14:09:08.826+0000] {processor.py:157} INFO - Started process (PID=2419) to work on /opt/airflow/dags/bronze_layer.py
[2024-12-17T14:09:08.827+0000] {processor.py:829} INFO - Processing file /opt/airflow/dags/bronze_layer.py for tasks to queue
[2024-12-17T14:09:08.829+0000] {logging_mixin.py:154} INFO - [2024-12-17T14:09:08.828+0000] {dagbag.py:536} INFO - Filling up the DagBag from /opt/airflow/dags/bronze_layer.py
[2024-12-17T14:09:09.295+0000] {processor.py:839} INFO - DAG(s) dict_keys(['Bronze_Layer']) retrieved from /opt/airflow/dags/bronze_layer.py
[2024-12-17T14:09:09.317+0000] {logging_mixin.py:154} INFO - [2024-12-17T14:09:09.316+0000] {dag.py:2941} INFO - Sync 1 DAGs
[2024-12-17T14:09:09.337+0000] {logging_mixin.py:154} INFO - [2024-12-17T14:09:09.337+0000] {dag.py:3722} INFO - Setting next_dagrun for Bronze_Layer to 2024-12-16T00:00:00+00:00, run_after=2024-12-17T00:00:00+00:00
[2024-12-17T14:09:09.360+0000] {processor.py:179} INFO - Processing /opt/airflow/dags/bronze_layer.py took 0.537 seconds
[2024-12-17T14:09:39.540+0000] {processor.py:157} INFO - Started process (PID=2447) to work on /opt/airflow/dags/bronze_layer.py
[2024-12-17T14:09:39.541+0000] {processor.py:829} INFO - Processing file /opt/airflow/dags/bronze_layer.py for tasks to queue
[2024-12-17T14:09:39.543+0000] {logging_mixin.py:154} INFO - [2024-12-17T14:09:39.542+0000] {dagbag.py:536} INFO - Filling up the DagBag from /opt/airflow/dags/bronze_layer.py
[2024-12-17T14:09:40.298+0000] {processor.py:839} INFO - DAG(s) dict_keys(['Bronze_Layer']) retrieved from /opt/airflow/dags/bronze_layer.py
[2024-12-17T14:09:40.330+0000] {logging_mixin.py:154} INFO - [2024-12-17T14:09:40.329+0000] {dag.py:2941} INFO - Sync 1 DAGs
[2024-12-17T14:09:40.357+0000] {logging_mixin.py:154} INFO - [2024-12-17T14:09:40.357+0000] {dag.py:3722} INFO - Setting next_dagrun for Bronze_Layer to 2024-12-16T00:00:00+00:00, run_after=2024-12-17T00:00:00+00:00
[2024-12-17T14:09:40.379+0000] {processor.py:179} INFO - Processing /opt/airflow/dags/bronze_layer.py took 0.843 seconds
[2024-12-17T14:10:10.580+0000] {processor.py:157} INFO - Started process (PID=2475) to work on /opt/airflow/dags/bronze_layer.py
[2024-12-17T14:10:10.581+0000] {processor.py:829} INFO - Processing file /opt/airflow/dags/bronze_layer.py for tasks to queue
[2024-12-17T14:10:10.582+0000] {logging_mixin.py:154} INFO - [2024-12-17T14:10:10.581+0000] {dagbag.py:536} INFO - Filling up the DagBag from /opt/airflow/dags/bronze_layer.py
[2024-12-17T14:10:11.067+0000] {processor.py:839} INFO - DAG(s) dict_keys(['Bronze_Layer']) retrieved from /opt/airflow/dags/bronze_layer.py
[2024-12-17T14:10:11.089+0000] {logging_mixin.py:154} INFO - [2024-12-17T14:10:11.089+0000] {dag.py:2941} INFO - Sync 1 DAGs
[2024-12-17T14:10:11.112+0000] {logging_mixin.py:154} INFO - [2024-12-17T14:10:11.112+0000] {dag.py:3722} INFO - Setting next_dagrun for Bronze_Layer to 2024-12-16T00:00:00+00:00, run_after=2024-12-17T00:00:00+00:00
[2024-12-17T14:10:11.134+0000] {processor.py:179} INFO - Processing /opt/airflow/dags/bronze_layer.py took 0.558 seconds
[2024-12-17T14:10:41.477+0000] {processor.py:157} INFO - Started process (PID=2503) to work on /opt/airflow/dags/bronze_layer.py
[2024-12-17T14:10:41.478+0000] {processor.py:829} INFO - Processing file /opt/airflow/dags/bronze_layer.py for tasks to queue
[2024-12-17T14:10:41.479+0000] {logging_mixin.py:154} INFO - [2024-12-17T14:10:41.478+0000] {dagbag.py:536} INFO - Filling up the DagBag from /opt/airflow/dags/bronze_layer.py
[2024-12-17T14:10:41.965+0000] {processor.py:839} INFO - DAG(s) dict_keys(['Bronze_Layer']) retrieved from /opt/airflow/dags/bronze_layer.py
[2024-12-17T14:10:41.990+0000] {logging_mixin.py:154} INFO - [2024-12-17T14:10:41.989+0000] {dag.py:2941} INFO - Sync 1 DAGs
[2024-12-17T14:10:42.011+0000] {logging_mixin.py:154} INFO - [2024-12-17T14:10:42.011+0000] {dag.py:3722} INFO - Setting next_dagrun for Bronze_Layer to 2024-12-16T00:00:00+00:00, run_after=2024-12-17T00:00:00+00:00
[2024-12-17T14:10:42.033+0000] {processor.py:179} INFO - Processing /opt/airflow/dags/bronze_layer.py took 0.560 seconds
[2024-12-17T14:11:12.185+0000] {processor.py:157} INFO - Started process (PID=2531) to work on /opt/airflow/dags/bronze_layer.py
[2024-12-17T14:11:12.187+0000] {processor.py:829} INFO - Processing file /opt/airflow/dags/bronze_layer.py for tasks to queue
[2024-12-17T14:11:12.188+0000] {logging_mixin.py:154} INFO - [2024-12-17T14:11:12.188+0000] {dagbag.py:536} INFO - Filling up the DagBag from /opt/airflow/dags/bronze_layer.py
[2024-12-17T14:11:12.747+0000] {processor.py:839} INFO - DAG(s) dict_keys(['Bronze_Layer']) retrieved from /opt/airflow/dags/bronze_layer.py
[2024-12-17T14:11:12.769+0000] {logging_mixin.py:154} INFO - [2024-12-17T14:11:12.769+0000] {dag.py:2941} INFO - Sync 1 DAGs
[2024-12-17T14:11:12.792+0000] {logging_mixin.py:154} INFO - [2024-12-17T14:11:12.792+0000] {dag.py:3722} INFO - Setting next_dagrun for Bronze_Layer to 2024-12-16T00:00:00+00:00, run_after=2024-12-17T00:00:00+00:00
[2024-12-17T14:11:12.816+0000] {processor.py:179} INFO - Processing /opt/airflow/dags/bronze_layer.py took 0.637 seconds
[2024-12-17T14:11:43.273+0000] {processor.py:157} INFO - Started process (PID=2559) to work on /opt/airflow/dags/bronze_layer.py
[2024-12-17T14:11:43.275+0000] {processor.py:829} INFO - Processing file /opt/airflow/dags/bronze_layer.py for tasks to queue
[2024-12-17T14:11:43.277+0000] {logging_mixin.py:154} INFO - [2024-12-17T14:11:43.276+0000] {dagbag.py:536} INFO - Filling up the DagBag from /opt/airflow/dags/bronze_layer.py
[2024-12-17T14:11:43.952+0000] {processor.py:839} INFO - DAG(s) dict_keys(['Bronze_Layer']) retrieved from /opt/airflow/dags/bronze_layer.py
[2024-12-17T14:11:43.983+0000] {logging_mixin.py:154} INFO - [2024-12-17T14:11:43.983+0000] {dag.py:2941} INFO - Sync 1 DAGs
[2024-12-17T14:11:44.005+0000] {logging_mixin.py:154} INFO - [2024-12-17T14:11:44.005+0000] {dag.py:3722} INFO - Setting next_dagrun for Bronze_Layer to 2024-12-16T00:00:00+00:00, run_after=2024-12-17T00:00:00+00:00
[2024-12-17T14:11:44.031+0000] {processor.py:179} INFO - Processing /opt/airflow/dags/bronze_layer.py took 0.764 seconds
[2024-12-17T14:12:14.311+0000] {processor.py:157} INFO - Started process (PID=2587) to work on /opt/airflow/dags/bronze_layer.py
[2024-12-17T14:12:14.312+0000] {processor.py:829} INFO - Processing file /opt/airflow/dags/bronze_layer.py for tasks to queue
[2024-12-17T14:12:14.314+0000] {logging_mixin.py:154} INFO - [2024-12-17T14:12:14.313+0000] {dagbag.py:536} INFO - Filling up the DagBag from /opt/airflow/dags/bronze_layer.py
[2024-12-17T14:12:14.961+0000] {processor.py:839} INFO - DAG(s) dict_keys(['Bronze_Layer']) retrieved from /opt/airflow/dags/bronze_layer.py
[2024-12-17T14:12:14.989+0000] {logging_mixin.py:154} INFO - [2024-12-17T14:12:14.989+0000] {dag.py:2941} INFO - Sync 1 DAGs
[2024-12-17T14:12:15.014+0000] {logging_mixin.py:154} INFO - [2024-12-17T14:12:15.014+0000] {dag.py:3722} INFO - Setting next_dagrun for Bronze_Layer to 2024-12-16T00:00:00+00:00, run_after=2024-12-17T00:00:00+00:00
[2024-12-17T14:12:15.036+0000] {processor.py:179} INFO - Processing /opt/airflow/dags/bronze_layer.py took 0.729 seconds
[2024-12-17T14:12:45.313+0000] {processor.py:157} INFO - Started process (PID=2615) to work on /opt/airflow/dags/bronze_layer.py
[2024-12-17T14:12:45.314+0000] {processor.py:829} INFO - Processing file /opt/airflow/dags/bronze_layer.py for tasks to queue
[2024-12-17T14:12:45.316+0000] {logging_mixin.py:154} INFO - [2024-12-17T14:12:45.315+0000] {dagbag.py:536} INFO - Filling up the DagBag from /opt/airflow/dags/bronze_layer.py
[2024-12-17T14:12:46.123+0000] {processor.py:839} INFO - DAG(s) dict_keys(['Bronze_Layer']) retrieved from /opt/airflow/dags/bronze_layer.py
[2024-12-17T14:12:46.147+0000] {logging_mixin.py:154} INFO - [2024-12-17T14:12:46.146+0000] {dag.py:2941} INFO - Sync 1 DAGs
[2024-12-17T14:12:46.172+0000] {logging_mixin.py:154} INFO - [2024-12-17T14:12:46.171+0000] {dag.py:3722} INFO - Setting next_dagrun for Bronze_Layer to 2024-12-16T00:00:00+00:00, run_after=2024-12-17T00:00:00+00:00
[2024-12-17T14:12:46.191+0000] {processor.py:179} INFO - Processing /opt/airflow/dags/bronze_layer.py took 0.881 seconds
[2024-12-17T14:13:16.876+0000] {processor.py:157} INFO - Started process (PID=2643) to work on /opt/airflow/dags/bronze_layer.py
[2024-12-17T14:13:16.877+0000] {processor.py:829} INFO - Processing file /opt/airflow/dags/bronze_layer.py for tasks to queue
[2024-12-17T14:13:16.878+0000] {logging_mixin.py:154} INFO - [2024-12-17T14:13:16.878+0000] {dagbag.py:536} INFO - Filling up the DagBag from /opt/airflow/dags/bronze_layer.py
[2024-12-17T14:13:17.504+0000] {processor.py:839} INFO - DAG(s) dict_keys(['Bronze_Layer']) retrieved from /opt/airflow/dags/bronze_layer.py
[2024-12-17T14:13:17.528+0000] {logging_mixin.py:154} INFO - [2024-12-17T14:13:17.527+0000] {dag.py:2941} INFO - Sync 1 DAGs
[2024-12-17T14:13:17.551+0000] {logging_mixin.py:154} INFO - [2024-12-17T14:13:17.550+0000] {dag.py:3722} INFO - Setting next_dagrun for Bronze_Layer to 2024-12-16T00:00:00+00:00, run_after=2024-12-17T00:00:00+00:00
[2024-12-17T14:13:17.575+0000] {processor.py:179} INFO - Processing /opt/airflow/dags/bronze_layer.py took 0.704 seconds
[2024-12-17T14:13:47.987+0000] {processor.py:157} INFO - Started process (PID=2671) to work on /opt/airflow/dags/bronze_layer.py
[2024-12-17T14:13:47.988+0000] {processor.py:829} INFO - Processing file /opt/airflow/dags/bronze_layer.py for tasks to queue
[2024-12-17T14:13:47.989+0000] {logging_mixin.py:154} INFO - [2024-12-17T14:13:47.989+0000] {dagbag.py:536} INFO - Filling up the DagBag from /opt/airflow/dags/bronze_layer.py
[2024-12-17T14:13:48.483+0000] {processor.py:839} INFO - DAG(s) dict_keys(['Bronze_Layer']) retrieved from /opt/airflow/dags/bronze_layer.py
[2024-12-17T14:13:48.509+0000] {logging_mixin.py:154} INFO - [2024-12-17T14:13:48.508+0000] {dag.py:2941} INFO - Sync 1 DAGs
[2024-12-17T14:13:48.532+0000] {logging_mixin.py:154} INFO - [2024-12-17T14:13:48.532+0000] {dag.py:3722} INFO - Setting next_dagrun for Bronze_Layer to 2024-12-16T00:00:00+00:00, run_after=2024-12-17T00:00:00+00:00
[2024-12-17T14:13:48.556+0000] {processor.py:179} INFO - Processing /opt/airflow/dags/bronze_layer.py took 0.572 seconds
[2024-12-17T14:14:18.871+0000] {processor.py:157} INFO - Started process (PID=2699) to work on /opt/airflow/dags/bronze_layer.py
[2024-12-17T14:14:18.872+0000] {processor.py:829} INFO - Processing file /opt/airflow/dags/bronze_layer.py for tasks to queue
[2024-12-17T14:14:18.873+0000] {logging_mixin.py:154} INFO - [2024-12-17T14:14:18.872+0000] {dagbag.py:536} INFO - Filling up the DagBag from /opt/airflow/dags/bronze_layer.py
[2024-12-17T14:14:19.384+0000] {processor.py:839} INFO - DAG(s) dict_keys(['Bronze_Layer']) retrieved from /opt/airflow/dags/bronze_layer.py
[2024-12-17T14:14:19.407+0000] {logging_mixin.py:154} INFO - [2024-12-17T14:14:19.407+0000] {dag.py:2941} INFO - Sync 1 DAGs
[2024-12-17T14:14:19.429+0000] {logging_mixin.py:154} INFO - [2024-12-17T14:14:19.429+0000] {dag.py:3722} INFO - Setting next_dagrun for Bronze_Layer to 2024-12-16T00:00:00+00:00, run_after=2024-12-17T00:00:00+00:00
[2024-12-17T14:14:19.452+0000] {processor.py:179} INFO - Processing /opt/airflow/dags/bronze_layer.py took 0.585 seconds
[2024-12-17T14:14:50.138+0000] {processor.py:157} INFO - Started process (PID=2727) to work on /opt/airflow/dags/bronze_layer.py
[2024-12-17T14:14:50.139+0000] {processor.py:829} INFO - Processing file /opt/airflow/dags/bronze_layer.py for tasks to queue
[2024-12-17T14:14:50.140+0000] {logging_mixin.py:154} INFO - [2024-12-17T14:14:50.140+0000] {dagbag.py:536} INFO - Filling up the DagBag from /opt/airflow/dags/bronze_layer.py
[2024-12-17T14:14:50.675+0000] {processor.py:839} INFO - DAG(s) dict_keys(['Bronze_Layer']) retrieved from /opt/airflow/dags/bronze_layer.py
[2024-12-17T14:14:50.701+0000] {logging_mixin.py:154} INFO - [2024-12-17T14:14:50.701+0000] {dag.py:2941} INFO - Sync 1 DAGs
[2024-12-17T14:14:50.725+0000] {logging_mixin.py:154} INFO - [2024-12-17T14:14:50.725+0000] {dag.py:3722} INFO - Setting next_dagrun for Bronze_Layer to 2024-12-16T00:00:00+00:00, run_after=2024-12-17T00:00:00+00:00
[2024-12-17T14:14:50.759+0000] {processor.py:179} INFO - Processing /opt/airflow/dags/bronze_layer.py took 0.624 seconds
[2024-12-17T14:15:21.064+0000] {processor.py:157} INFO - Started process (PID=2755) to work on /opt/airflow/dags/bronze_layer.py
[2024-12-17T14:15:21.065+0000] {processor.py:829} INFO - Processing file /opt/airflow/dags/bronze_layer.py for tasks to queue
[2024-12-17T14:15:21.067+0000] {logging_mixin.py:154} INFO - [2024-12-17T14:15:21.066+0000] {dagbag.py:536} INFO - Filling up the DagBag from /opt/airflow/dags/bronze_layer.py
[2024-12-17T14:15:21.670+0000] {processor.py:839} INFO - DAG(s) dict_keys(['Bronze_Layer']) retrieved from /opt/airflow/dags/bronze_layer.py
[2024-12-17T14:15:21.700+0000] {logging_mixin.py:154} INFO - [2024-12-17T14:15:21.700+0000] {dag.py:2941} INFO - Sync 1 DAGs
[2024-12-17T14:15:21.733+0000] {logging_mixin.py:154} INFO - [2024-12-17T14:15:21.733+0000] {dag.py:3722} INFO - Setting next_dagrun for Bronze_Layer to 2024-12-16T00:00:00+00:00, run_after=2024-12-17T00:00:00+00:00
[2024-12-17T14:15:21.764+0000] {processor.py:179} INFO - Processing /opt/airflow/dags/bronze_layer.py took 0.703 seconds
[2024-12-17T14:15:51.920+0000] {processor.py:157} INFO - Started process (PID=2783) to work on /opt/airflow/dags/bronze_layer.py
[2024-12-17T14:15:51.921+0000] {processor.py:829} INFO - Processing file /opt/airflow/dags/bronze_layer.py for tasks to queue
[2024-12-17T14:15:51.922+0000] {logging_mixin.py:154} INFO - [2024-12-17T14:15:51.922+0000] {dagbag.py:536} INFO - Filling up the DagBag from /opt/airflow/dags/bronze_layer.py
[2024-12-17T14:15:52.430+0000] {processor.py:839} INFO - DAG(s) dict_keys(['Bronze_Layer']) retrieved from /opt/airflow/dags/bronze_layer.py
[2024-12-17T14:15:52.452+0000] {logging_mixin.py:154} INFO - [2024-12-17T14:15:52.452+0000] {dag.py:2941} INFO - Sync 1 DAGs
[2024-12-17T14:15:52.473+0000] {logging_mixin.py:154} INFO - [2024-12-17T14:15:52.473+0000] {dag.py:3722} INFO - Setting next_dagrun for Bronze_Layer to 2024-12-16T00:00:00+00:00, run_after=2024-12-17T00:00:00+00:00
[2024-12-17T14:15:52.496+0000] {processor.py:179} INFO - Processing /opt/airflow/dags/bronze_layer.py took 0.579 seconds
[2024-12-17T14:16:22.757+0000] {processor.py:157} INFO - Started process (PID=2811) to work on /opt/airflow/dags/bronze_layer.py
[2024-12-17T14:16:22.758+0000] {processor.py:829} INFO - Processing file /opt/airflow/dags/bronze_layer.py for tasks to queue
[2024-12-17T14:16:22.760+0000] {logging_mixin.py:154} INFO - [2024-12-17T14:16:22.759+0000] {dagbag.py:536} INFO - Filling up the DagBag from /opt/airflow/dags/bronze_layer.py
[2024-12-17T14:16:23.227+0000] {processor.py:839} INFO - DAG(s) dict_keys(['Bronze_Layer']) retrieved from /opt/airflow/dags/bronze_layer.py
[2024-12-17T14:16:23.248+0000] {logging_mixin.py:154} INFO - [2024-12-17T14:16:23.247+0000] {dag.py:2941} INFO - Sync 1 DAGs
[2024-12-17T14:16:23.269+0000] {logging_mixin.py:154} INFO - [2024-12-17T14:16:23.268+0000] {dag.py:3722} INFO - Setting next_dagrun for Bronze_Layer to 2024-12-16T00:00:00+00:00, run_after=2024-12-17T00:00:00+00:00
[2024-12-17T14:16:23.300+0000] {processor.py:179} INFO - Processing /opt/airflow/dags/bronze_layer.py took 0.547 seconds
[2024-12-17T14:16:53.620+0000] {processor.py:157} INFO - Started process (PID=2839) to work on /opt/airflow/dags/bronze_layer.py
[2024-12-17T14:16:53.621+0000] {processor.py:829} INFO - Processing file /opt/airflow/dags/bronze_layer.py for tasks to queue
[2024-12-17T14:16:53.623+0000] {logging_mixin.py:154} INFO - [2024-12-17T14:16:53.622+0000] {dagbag.py:536} INFO - Filling up the DagBag from /opt/airflow/dags/bronze_layer.py
[2024-12-17T14:16:54.147+0000] {processor.py:839} INFO - DAG(s) dict_keys(['Bronze_Layer']) retrieved from /opt/airflow/dags/bronze_layer.py
[2024-12-17T14:16:54.177+0000] {logging_mixin.py:154} INFO - [2024-12-17T14:16:54.176+0000] {dag.py:2941} INFO - Sync 1 DAGs
[2024-12-17T14:16:54.205+0000] {logging_mixin.py:154} INFO - [2024-12-17T14:16:54.205+0000] {dag.py:3722} INFO - Setting next_dagrun for Bronze_Layer to 2024-12-16T00:00:00+00:00, run_after=2024-12-17T00:00:00+00:00
[2024-12-17T14:16:54.240+0000] {processor.py:179} INFO - Processing /opt/airflow/dags/bronze_layer.py took 0.625 seconds
[2024-12-17T14:17:24.532+0000] {processor.py:157} INFO - Started process (PID=2867) to work on /opt/airflow/dags/bronze_layer.py
[2024-12-17T14:17:24.533+0000] {processor.py:829} INFO - Processing file /opt/airflow/dags/bronze_layer.py for tasks to queue
[2024-12-17T14:17:24.535+0000] {logging_mixin.py:154} INFO - [2024-12-17T14:17:24.534+0000] {dagbag.py:536} INFO - Filling up the DagBag from /opt/airflow/dags/bronze_layer.py
[2024-12-17T14:17:25.353+0000] {processor.py:839} INFO - DAG(s) dict_keys(['Bronze_Layer']) retrieved from /opt/airflow/dags/bronze_layer.py
[2024-12-17T14:17:25.377+0000] {logging_mixin.py:154} INFO - [2024-12-17T14:17:25.376+0000] {dag.py:2941} INFO - Sync 1 DAGs
[2024-12-17T14:17:25.402+0000] {logging_mixin.py:154} INFO - [2024-12-17T14:17:25.401+0000] {dag.py:3722} INFO - Setting next_dagrun for Bronze_Layer to 2024-12-16T00:00:00+00:00, run_after=2024-12-17T00:00:00+00:00
[2024-12-17T14:17:25.421+0000] {processor.py:179} INFO - Processing /opt/airflow/dags/bronze_layer.py took 0.893 seconds
[2024-12-17T14:17:55.813+0000] {processor.py:157} INFO - Started process (PID=2895) to work on /opt/airflow/dags/bronze_layer.py
[2024-12-17T14:17:55.814+0000] {processor.py:829} INFO - Processing file /opt/airflow/dags/bronze_layer.py for tasks to queue
[2024-12-17T14:17:55.816+0000] {logging_mixin.py:154} INFO - [2024-12-17T14:17:55.815+0000] {dagbag.py:536} INFO - Filling up the DagBag from /opt/airflow/dags/bronze_layer.py
[2024-12-17T14:17:56.734+0000] {processor.py:839} INFO - DAG(s) dict_keys(['Bronze_Layer']) retrieved from /opt/airflow/dags/bronze_layer.py
[2024-12-17T14:17:56.755+0000] {logging_mixin.py:154} INFO - [2024-12-17T14:17:56.755+0000] {dag.py:2941} INFO - Sync 1 DAGs
[2024-12-17T14:17:56.778+0000] {logging_mixin.py:154} INFO - [2024-12-17T14:17:56.778+0000] {dag.py:3722} INFO - Setting next_dagrun for Bronze_Layer to 2024-12-16T00:00:00+00:00, run_after=2024-12-17T00:00:00+00:00
[2024-12-17T14:17:56.798+0000] {processor.py:179} INFO - Processing /opt/airflow/dags/bronze_layer.py took 0.989 seconds
[2024-12-17T14:18:26.923+0000] {processor.py:157} INFO - Started process (PID=2923) to work on /opt/airflow/dags/bronze_layer.py
[2024-12-17T14:18:26.924+0000] {processor.py:829} INFO - Processing file /opt/airflow/dags/bronze_layer.py for tasks to queue
[2024-12-17T14:18:26.926+0000] {logging_mixin.py:154} INFO - [2024-12-17T14:18:26.925+0000] {dagbag.py:536} INFO - Filling up the DagBag from /opt/airflow/dags/bronze_layer.py
[2024-12-17T14:18:27.443+0000] {processor.py:839} INFO - DAG(s) dict_keys(['Bronze_Layer']) retrieved from /opt/airflow/dags/bronze_layer.py
[2024-12-17T14:18:27.465+0000] {logging_mixin.py:154} INFO - [2024-12-17T14:18:27.464+0000] {dag.py:2941} INFO - Sync 1 DAGs
[2024-12-17T14:18:27.485+0000] {logging_mixin.py:154} INFO - [2024-12-17T14:18:27.485+0000] {dag.py:3722} INFO - Setting next_dagrun for Bronze_Layer to 2024-12-16T00:00:00+00:00, run_after=2024-12-17T00:00:00+00:00
[2024-12-17T14:18:27.518+0000] {processor.py:179} INFO - Processing /opt/airflow/dags/bronze_layer.py took 0.599 seconds
[2024-12-17T14:18:57.846+0000] {processor.py:157} INFO - Started process (PID=2951) to work on /opt/airflow/dags/bronze_layer.py
[2024-12-17T14:18:57.847+0000] {processor.py:829} INFO - Processing file /opt/airflow/dags/bronze_layer.py for tasks to queue
[2024-12-17T14:18:57.848+0000] {logging_mixin.py:154} INFO - [2024-12-17T14:18:57.848+0000] {dagbag.py:536} INFO - Filling up the DagBag from /opt/airflow/dags/bronze_layer.py
[2024-12-17T14:18:58.382+0000] {processor.py:839} INFO - DAG(s) dict_keys(['Bronze_Layer']) retrieved from /opt/airflow/dags/bronze_layer.py
[2024-12-17T14:18:58.407+0000] {logging_mixin.py:154} INFO - [2024-12-17T14:18:58.406+0000] {dag.py:2941} INFO - Sync 1 DAGs
[2024-12-17T14:18:58.433+0000] {logging_mixin.py:154} INFO - [2024-12-17T14:18:58.433+0000] {dag.py:3722} INFO - Setting next_dagrun for Bronze_Layer to 2024-12-16T00:00:00+00:00, run_after=2024-12-17T00:00:00+00:00
[2024-12-17T14:18:58.456+0000] {processor.py:179} INFO - Processing /opt/airflow/dags/bronze_layer.py took 0.615 seconds
[2024-12-17T14:19:28.735+0000] {processor.py:157} INFO - Started process (PID=2979) to work on /opt/airflow/dags/bronze_layer.py
[2024-12-17T14:19:28.736+0000] {processor.py:829} INFO - Processing file /opt/airflow/dags/bronze_layer.py for tasks to queue
[2024-12-17T14:19:28.737+0000] {logging_mixin.py:154} INFO - [2024-12-17T14:19:28.736+0000] {dagbag.py:536} INFO - Filling up the DagBag from /opt/airflow/dags/bronze_layer.py
[2024-12-17T14:19:29.270+0000] {processor.py:839} INFO - DAG(s) dict_keys(['Bronze_Layer']) retrieved from /opt/airflow/dags/bronze_layer.py
[2024-12-17T14:19:29.297+0000] {logging_mixin.py:154} INFO - [2024-12-17T14:19:29.297+0000] {dag.py:2941} INFO - Sync 1 DAGs
[2024-12-17T14:19:29.323+0000] {logging_mixin.py:154} INFO - [2024-12-17T14:19:29.323+0000] {dag.py:3722} INFO - Setting next_dagrun for Bronze_Layer to 2024-12-16T00:00:00+00:00, run_after=2024-12-17T00:00:00+00:00
[2024-12-17T14:19:29.349+0000] {processor.py:179} INFO - Processing /opt/airflow/dags/bronze_layer.py took 0.618 seconds
[2024-12-17T14:20:00.079+0000] {processor.py:157} INFO - Started process (PID=3013) to work on /opt/airflow/dags/bronze_layer.py
[2024-12-17T14:20:00.081+0000] {processor.py:829} INFO - Processing file /opt/airflow/dags/bronze_layer.py for tasks to queue
[2024-12-17T14:20:00.082+0000] {logging_mixin.py:154} INFO - [2024-12-17T14:20:00.082+0000] {dagbag.py:536} INFO - Filling up the DagBag from /opt/airflow/dags/bronze_layer.py
[2024-12-17T14:20:00.631+0000] {processor.py:839} INFO - DAG(s) dict_keys(['Bronze_Layer']) retrieved from /opt/airflow/dags/bronze_layer.py
[2024-12-17T14:20:00.658+0000] {logging_mixin.py:154} INFO - [2024-12-17T14:20:00.657+0000] {dag.py:2941} INFO - Sync 1 DAGs
[2024-12-17T14:20:00.680+0000] {logging_mixin.py:154} INFO - [2024-12-17T14:20:00.680+0000] {dag.py:3722} INFO - Setting next_dagrun for Bronze_Layer to 2024-12-16T00:00:00+00:00, run_after=2024-12-17T00:00:00+00:00
[2024-12-17T14:20:00.700+0000] {processor.py:179} INFO - Processing /opt/airflow/dags/bronze_layer.py took 0.625 seconds
[2024-12-17T14:20:31.247+0000] {processor.py:157} INFO - Started process (PID=3040) to work on /opt/airflow/dags/bronze_layer.py
[2024-12-17T14:20:31.248+0000] {processor.py:829} INFO - Processing file /opt/airflow/dags/bronze_layer.py for tasks to queue
[2024-12-17T14:20:31.249+0000] {logging_mixin.py:154} INFO - [2024-12-17T14:20:31.249+0000] {dagbag.py:536} INFO - Filling up the DagBag from /opt/airflow/dags/bronze_layer.py
[2024-12-17T14:20:31.784+0000] {processor.py:839} INFO - DAG(s) dict_keys(['Bronze_Layer']) retrieved from /opt/airflow/dags/bronze_layer.py
[2024-12-17T14:20:31.808+0000] {logging_mixin.py:154} INFO - [2024-12-17T14:20:31.807+0000] {dag.py:2941} INFO - Sync 1 DAGs
[2024-12-17T14:20:31.831+0000] {logging_mixin.py:154} INFO - [2024-12-17T14:20:31.831+0000] {dag.py:3722} INFO - Setting next_dagrun for Bronze_Layer to 2024-12-16T00:00:00+00:00, run_after=2024-12-17T00:00:00+00:00
[2024-12-17T14:20:31.856+0000] {processor.py:179} INFO - Processing /opt/airflow/dags/bronze_layer.py took 0.612 seconds
[2024-12-17T14:21:02.669+0000] {processor.py:157} INFO - Started process (PID=3068) to work on /opt/airflow/dags/bronze_layer.py
[2024-12-17T14:21:02.671+0000] {processor.py:829} INFO - Processing file /opt/airflow/dags/bronze_layer.py for tasks to queue
[2024-12-17T14:21:02.672+0000] {logging_mixin.py:154} INFO - [2024-12-17T14:21:02.672+0000] {dagbag.py:536} INFO - Filling up the DagBag from /opt/airflow/dags/bronze_layer.py
[2024-12-17T14:21:03.196+0000] {processor.py:839} INFO - DAG(s) dict_keys(['Bronze_Layer']) retrieved from /opt/airflow/dags/bronze_layer.py
[2024-12-17T14:21:03.224+0000] {logging_mixin.py:154} INFO - [2024-12-17T14:21:03.223+0000] {dag.py:2941} INFO - Sync 1 DAGs
[2024-12-17T14:21:03.247+0000] {logging_mixin.py:154} INFO - [2024-12-17T14:21:03.247+0000] {dag.py:3722} INFO - Setting next_dagrun for Bronze_Layer to 2024-12-16T00:00:00+00:00, run_after=2024-12-17T00:00:00+00:00
[2024-12-17T14:21:03.270+0000] {processor.py:179} INFO - Processing /opt/airflow/dags/bronze_layer.py took 0.605 seconds
[2024-12-17T14:21:33.450+0000] {processor.py:157} INFO - Started process (PID=3096) to work on /opt/airflow/dags/bronze_layer.py
[2024-12-17T14:21:33.451+0000] {processor.py:829} INFO - Processing file /opt/airflow/dags/bronze_layer.py for tasks to queue
[2024-12-17T14:21:33.452+0000] {logging_mixin.py:154} INFO - [2024-12-17T14:21:33.452+0000] {dagbag.py:536} INFO - Filling up the DagBag from /opt/airflow/dags/bronze_layer.py
[2024-12-17T14:21:33.978+0000] {processor.py:839} INFO - DAG(s) dict_keys(['Bronze_Layer']) retrieved from /opt/airflow/dags/bronze_layer.py
[2024-12-17T14:21:34.002+0000] {logging_mixin.py:154} INFO - [2024-12-17T14:21:34.002+0000] {dag.py:2941} INFO - Sync 1 DAGs
[2024-12-17T14:21:34.025+0000] {logging_mixin.py:154} INFO - [2024-12-17T14:21:34.024+0000] {dag.py:3722} INFO - Setting next_dagrun for Bronze_Layer to 2024-12-16T00:00:00+00:00, run_after=2024-12-17T00:00:00+00:00
[2024-12-17T14:21:34.048+0000] {processor.py:179} INFO - Processing /opt/airflow/dags/bronze_layer.py took 0.602 seconds
[2024-12-17T14:22:04.765+0000] {processor.py:157} INFO - Started process (PID=3124) to work on /opt/airflow/dags/bronze_layer.py
[2024-12-17T14:22:04.766+0000] {processor.py:829} INFO - Processing file /opt/airflow/dags/bronze_layer.py for tasks to queue
[2024-12-17T14:22:04.767+0000] {logging_mixin.py:154} INFO - [2024-12-17T14:22:04.767+0000] {dagbag.py:536} INFO - Filling up the DagBag from /opt/airflow/dags/bronze_layer.py
[2024-12-17T14:22:05.239+0000] {processor.py:839} INFO - DAG(s) dict_keys(['Bronze_Layer']) retrieved from /opt/airflow/dags/bronze_layer.py
[2024-12-17T14:22:05.263+0000] {logging_mixin.py:154} INFO - [2024-12-17T14:22:05.263+0000] {dag.py:2941} INFO - Sync 1 DAGs
[2024-12-17T14:22:05.287+0000] {logging_mixin.py:154} INFO - [2024-12-17T14:22:05.287+0000] {dag.py:3722} INFO - Setting next_dagrun for Bronze_Layer to 2024-12-16T00:00:00+00:00, run_after=2024-12-17T00:00:00+00:00
[2024-12-17T14:22:05.309+0000] {processor.py:179} INFO - Processing /opt/airflow/dags/bronze_layer.py took 0.547 seconds
[2024-12-17T14:22:36.133+0000] {processor.py:157} INFO - Started process (PID=3152) to work on /opt/airflow/dags/bronze_layer.py
[2024-12-17T14:22:36.134+0000] {processor.py:829} INFO - Processing file /opt/airflow/dags/bronze_layer.py for tasks to queue
[2024-12-17T14:22:36.135+0000] {logging_mixin.py:154} INFO - [2024-12-17T14:22:36.135+0000] {dagbag.py:536} INFO - Filling up the DagBag from /opt/airflow/dags/bronze_layer.py
[2024-12-17T14:22:36.655+0000] {processor.py:839} INFO - DAG(s) dict_keys(['Bronze_Layer']) retrieved from /opt/airflow/dags/bronze_layer.py
[2024-12-17T14:22:36.676+0000] {logging_mixin.py:154} INFO - [2024-12-17T14:22:36.675+0000] {dag.py:2941} INFO - Sync 1 DAGs
[2024-12-17T14:22:36.695+0000] {logging_mixin.py:154} INFO - [2024-12-17T14:22:36.695+0000] {dag.py:3722} INFO - Setting next_dagrun for Bronze_Layer to 2024-12-16T00:00:00+00:00, run_after=2024-12-17T00:00:00+00:00
[2024-12-17T14:22:36.715+0000] {processor.py:179} INFO - Processing /opt/airflow/dags/bronze_layer.py took 0.588 seconds
[2024-12-17T14:23:06.843+0000] {processor.py:157} INFO - Started process (PID=3180) to work on /opt/airflow/dags/bronze_layer.py
[2024-12-17T14:23:06.845+0000] {processor.py:829} INFO - Processing file /opt/airflow/dags/bronze_layer.py for tasks to queue
[2024-12-17T14:23:06.846+0000] {logging_mixin.py:154} INFO - [2024-12-17T14:23:06.845+0000] {dagbag.py:536} INFO - Filling up the DagBag from /opt/airflow/dags/bronze_layer.py
[2024-12-17T14:23:07.364+0000] {processor.py:839} INFO - DAG(s) dict_keys(['Bronze_Layer']) retrieved from /opt/airflow/dags/bronze_layer.py
[2024-12-17T14:23:07.386+0000] {logging_mixin.py:154} INFO - [2024-12-17T14:23:07.386+0000] {dag.py:2941} INFO - Sync 1 DAGs
[2024-12-17T14:23:07.408+0000] {logging_mixin.py:154} INFO - [2024-12-17T14:23:07.407+0000] {dag.py:3722} INFO - Setting next_dagrun for Bronze_Layer to 2024-12-16T00:00:00+00:00, run_after=2024-12-17T00:00:00+00:00
[2024-12-17T14:23:07.430+0000] {processor.py:179} INFO - Processing /opt/airflow/dags/bronze_layer.py took 0.590 seconds
[2024-12-17T14:23:38.061+0000] {processor.py:157} INFO - Started process (PID=3208) to work on /opt/airflow/dags/bronze_layer.py
[2024-12-17T14:23:38.062+0000] {processor.py:829} INFO - Processing file /opt/airflow/dags/bronze_layer.py for tasks to queue
[2024-12-17T14:23:38.063+0000] {logging_mixin.py:154} INFO - [2024-12-17T14:23:38.062+0000] {dagbag.py:536} INFO - Filling up the DagBag from /opt/airflow/dags/bronze_layer.py
[2024-12-17T14:23:38.438+0000] {processor.py:839} INFO - DAG(s) dict_keys(['Bronze_Layer']) retrieved from /opt/airflow/dags/bronze_layer.py
[2024-12-17T14:23:38.467+0000] {logging_mixin.py:154} INFO - [2024-12-17T14:23:38.466+0000] {dag.py:2941} INFO - Sync 1 DAGs
[2024-12-17T14:23:38.494+0000] {logging_mixin.py:154} INFO - [2024-12-17T14:23:38.493+0000] {dag.py:3722} INFO - Setting next_dagrun for Bronze_Layer to 2024-12-16T00:00:00+00:00, run_after=2024-12-17T00:00:00+00:00
[2024-12-17T14:23:38.519+0000] {processor.py:179} INFO - Processing /opt/airflow/dags/bronze_layer.py took 0.461 seconds
[2024-12-17T14:24:08.697+0000] {processor.py:157} INFO - Started process (PID=3236) to work on /opt/airflow/dags/bronze_layer.py
[2024-12-17T14:24:08.698+0000] {processor.py:829} INFO - Processing file /opt/airflow/dags/bronze_layer.py for tasks to queue
[2024-12-17T14:24:08.699+0000] {logging_mixin.py:154} INFO - [2024-12-17T14:24:08.699+0000] {dagbag.py:536} INFO - Filling up the DagBag from /opt/airflow/dags/bronze_layer.py
[2024-12-17T14:24:09.086+0000] {processor.py:839} INFO - DAG(s) dict_keys(['Bronze_Layer']) retrieved from /opt/airflow/dags/bronze_layer.py
[2024-12-17T14:24:09.114+0000] {logging_mixin.py:154} INFO - [2024-12-17T14:24:09.113+0000] {dag.py:2941} INFO - Sync 1 DAGs
[2024-12-17T14:24:09.139+0000] {logging_mixin.py:154} INFO - [2024-12-17T14:24:09.139+0000] {dag.py:3722} INFO - Setting next_dagrun for Bronze_Layer to 2024-12-16T00:00:00+00:00, run_after=2024-12-17T00:00:00+00:00
[2024-12-17T14:24:09.174+0000] {processor.py:179} INFO - Processing /opt/airflow/dags/bronze_layer.py took 0.481 seconds
[2024-12-17T14:24:40.207+0000] {processor.py:157} INFO - Started process (PID=3264) to work on /opt/airflow/dags/bronze_layer.py
[2024-12-17T14:24:40.209+0000] {processor.py:829} INFO - Processing file /opt/airflow/dags/bronze_layer.py for tasks to queue
[2024-12-17T14:24:40.210+0000] {logging_mixin.py:154} INFO - [2024-12-17T14:24:40.210+0000] {dagbag.py:536} INFO - Filling up the DagBag from /opt/airflow/dags/bronze_layer.py
[2024-12-17T14:24:40.592+0000] {processor.py:839} INFO - DAG(s) dict_keys(['Bronze_Layer']) retrieved from /opt/airflow/dags/bronze_layer.py
[2024-12-17T14:24:40.624+0000] {logging_mixin.py:154} INFO - [2024-12-17T14:24:40.623+0000] {dag.py:2941} INFO - Sync 1 DAGs
[2024-12-17T14:24:40.650+0000] {logging_mixin.py:154} INFO - [2024-12-17T14:24:40.650+0000] {dag.py:3722} INFO - Setting next_dagrun for Bronze_Layer to 2024-12-16T00:00:00+00:00, run_after=2024-12-17T00:00:00+00:00
[2024-12-17T14:24:40.677+0000] {processor.py:179} INFO - Processing /opt/airflow/dags/bronze_layer.py took 0.474 seconds
[2024-12-17T14:25:11.371+0000] {processor.py:157} INFO - Started process (PID=3292) to work on /opt/airflow/dags/bronze_layer.py
[2024-12-17T14:25:11.372+0000] {processor.py:829} INFO - Processing file /opt/airflow/dags/bronze_layer.py for tasks to queue
[2024-12-17T14:25:11.373+0000] {logging_mixin.py:154} INFO - [2024-12-17T14:25:11.372+0000] {dagbag.py:536} INFO - Filling up the DagBag from /opt/airflow/dags/bronze_layer.py
[2024-12-17T14:25:11.758+0000] {processor.py:839} INFO - DAG(s) dict_keys(['Bronze_Layer']) retrieved from /opt/airflow/dags/bronze_layer.py
[2024-12-17T14:25:11.784+0000] {logging_mixin.py:154} INFO - [2024-12-17T14:25:11.783+0000] {dag.py:2941} INFO - Sync 1 DAGs
[2024-12-17T14:25:11.810+0000] {logging_mixin.py:154} INFO - [2024-12-17T14:25:11.810+0000] {dag.py:3722} INFO - Setting next_dagrun for Bronze_Layer to 2024-12-16T00:00:00+00:00, run_after=2024-12-17T00:00:00+00:00
[2024-12-17T14:25:11.844+0000] {processor.py:179} INFO - Processing /opt/airflow/dags/bronze_layer.py took 0.477 seconds
[2024-12-17T14:25:42.573+0000] {processor.py:157} INFO - Started process (PID=3320) to work on /opt/airflow/dags/bronze_layer.py
[2024-12-17T14:25:42.574+0000] {processor.py:829} INFO - Processing file /opt/airflow/dags/bronze_layer.py for tasks to queue
[2024-12-17T14:25:42.576+0000] {logging_mixin.py:154} INFO - [2024-12-17T14:25:42.575+0000] {dagbag.py:536} INFO - Filling up the DagBag from /opt/airflow/dags/bronze_layer.py
[2024-12-17T14:25:42.953+0000] {processor.py:839} INFO - DAG(s) dict_keys(['Bronze_Layer']) retrieved from /opt/airflow/dags/bronze_layer.py
[2024-12-17T14:25:42.979+0000] {logging_mixin.py:154} INFO - [2024-12-17T14:25:42.978+0000] {dag.py:2941} INFO - Sync 1 DAGs
[2024-12-17T14:25:43.003+0000] {logging_mixin.py:154} INFO - [2024-12-17T14:25:43.002+0000] {dag.py:3722} INFO - Setting next_dagrun for Bronze_Layer to 2024-12-16T00:00:00+00:00, run_after=2024-12-17T00:00:00+00:00
[2024-12-17T14:25:43.029+0000] {processor.py:179} INFO - Processing /opt/airflow/dags/bronze_layer.py took 0.458 seconds
[2024-12-17T14:26:13.206+0000] {processor.py:157} INFO - Started process (PID=3348) to work on /opt/airflow/dags/bronze_layer.py
[2024-12-17T14:26:13.207+0000] {processor.py:829} INFO - Processing file /opt/airflow/dags/bronze_layer.py for tasks to queue
[2024-12-17T14:26:13.208+0000] {logging_mixin.py:154} INFO - [2024-12-17T14:26:13.208+0000] {dagbag.py:536} INFO - Filling up the DagBag from /opt/airflow/dags/bronze_layer.py
[2024-12-17T14:26:13.599+0000] {processor.py:839} INFO - DAG(s) dict_keys(['Bronze_Layer']) retrieved from /opt/airflow/dags/bronze_layer.py
[2024-12-17T14:26:13.627+0000] {logging_mixin.py:154} INFO - [2024-12-17T14:26:13.626+0000] {dag.py:2941} INFO - Sync 1 DAGs
[2024-12-17T14:26:13.657+0000] {logging_mixin.py:154} INFO - [2024-12-17T14:26:13.657+0000] {dag.py:3722} INFO - Setting next_dagrun for Bronze_Layer to 2024-12-16T00:00:00+00:00, run_after=2024-12-17T00:00:00+00:00
[2024-12-17T14:26:13.681+0000] {processor.py:179} INFO - Processing /opt/airflow/dags/bronze_layer.py took 0.478 seconds
[2024-12-17T14:26:44.418+0000] {processor.py:157} INFO - Started process (PID=3376) to work on /opt/airflow/dags/bronze_layer.py
[2024-12-17T14:26:44.419+0000] {processor.py:829} INFO - Processing file /opt/airflow/dags/bronze_layer.py for tasks to queue
[2024-12-17T14:26:44.420+0000] {logging_mixin.py:154} INFO - [2024-12-17T14:26:44.420+0000] {dagbag.py:536} INFO - Filling up the DagBag from /opt/airflow/dags/bronze_layer.py
[2024-12-17T14:26:44.807+0000] {processor.py:839} INFO - DAG(s) dict_keys(['Bronze_Layer']) retrieved from /opt/airflow/dags/bronze_layer.py
[2024-12-17T14:26:44.834+0000] {logging_mixin.py:154} INFO - [2024-12-17T14:26:44.834+0000] {dag.py:2941} INFO - Sync 1 DAGs
[2024-12-17T14:26:44.860+0000] {logging_mixin.py:154} INFO - [2024-12-17T14:26:44.860+0000] {dag.py:3722} INFO - Setting next_dagrun for Bronze_Layer to 2024-12-16T00:00:00+00:00, run_after=2024-12-17T00:00:00+00:00
[2024-12-17T14:26:44.888+0000] {processor.py:179} INFO - Processing /opt/airflow/dags/bronze_layer.py took 0.475 seconds
[2024-12-17T14:27:15.627+0000] {processor.py:157} INFO - Started process (PID=3404) to work on /opt/airflow/dags/bronze_layer.py
[2024-12-17T14:27:15.628+0000] {processor.py:829} INFO - Processing file /opt/airflow/dags/bronze_layer.py for tasks to queue
[2024-12-17T14:27:15.629+0000] {logging_mixin.py:154} INFO - [2024-12-17T14:27:15.629+0000] {dagbag.py:536} INFO - Filling up the DagBag from /opt/airflow/dags/bronze_layer.py
[2024-12-17T14:27:16.045+0000] {processor.py:839} INFO - DAG(s) dict_keys(['Bronze_Layer']) retrieved from /opt/airflow/dags/bronze_layer.py
[2024-12-17T14:27:16.070+0000] {logging_mixin.py:154} INFO - [2024-12-17T14:27:16.070+0000] {dag.py:2941} INFO - Sync 1 DAGs
[2024-12-17T14:27:16.092+0000] {logging_mixin.py:154} INFO - [2024-12-17T14:27:16.092+0000] {dag.py:3722} INFO - Setting next_dagrun for Bronze_Layer to 2024-12-16T00:00:00+00:00, run_after=2024-12-17T00:00:00+00:00
[2024-12-17T14:27:16.113+0000] {processor.py:179} INFO - Processing /opt/airflow/dags/bronze_layer.py took 0.490 seconds
[2024-12-17T14:27:46.838+0000] {processor.py:157} INFO - Started process (PID=3432) to work on /opt/airflow/dags/bronze_layer.py
[2024-12-17T14:27:46.839+0000] {processor.py:829} INFO - Processing file /opt/airflow/dags/bronze_layer.py for tasks to queue
[2024-12-17T14:27:46.840+0000] {logging_mixin.py:154} INFO - [2024-12-17T14:27:46.840+0000] {dagbag.py:536} INFO - Filling up the DagBag from /opt/airflow/dags/bronze_layer.py
[2024-12-17T14:27:47.275+0000] {processor.py:839} INFO - DAG(s) dict_keys(['Bronze_Layer']) retrieved from /opt/airflow/dags/bronze_layer.py
[2024-12-17T14:27:47.304+0000] {logging_mixin.py:154} INFO - [2024-12-17T14:27:47.303+0000] {dag.py:2941} INFO - Sync 1 DAGs
[2024-12-17T14:27:47.328+0000] {logging_mixin.py:154} INFO - [2024-12-17T14:27:47.328+0000] {dag.py:3722} INFO - Setting next_dagrun for Bronze_Layer to 2024-12-16T00:00:00+00:00, run_after=2024-12-17T00:00:00+00:00
[2024-12-17T14:27:47.352+0000] {processor.py:179} INFO - Processing /opt/airflow/dags/bronze_layer.py took 0.517 seconds
[2024-12-17T14:28:17.598+0000] {processor.py:157} INFO - Started process (PID=3462) to work on /opt/airflow/dags/bronze_layer.py
[2024-12-17T14:28:17.600+0000] {processor.py:829} INFO - Processing file /opt/airflow/dags/bronze_layer.py for tasks to queue
[2024-12-17T14:28:17.602+0000] {logging_mixin.py:154} INFO - [2024-12-17T14:28:17.602+0000] {dagbag.py:536} INFO - Filling up the DagBag from /opt/airflow/dags/bronze_layer.py
[2024-12-17T14:28:18.235+0000] {processor.py:839} INFO - DAG(s) dict_keys(['Bronze_Layer']) retrieved from /opt/airflow/dags/bronze_layer.py
[2024-12-17T14:28:18.292+0000] {logging_mixin.py:154} INFO - [2024-12-17T14:28:18.291+0000] {dag.py:2941} INFO - Sync 1 DAGs
[2024-12-17T14:28:18.325+0000] {logging_mixin.py:154} INFO - [2024-12-17T14:28:18.325+0000] {dag.py:3722} INFO - Setting next_dagrun for Bronze_Layer to 2024-12-16T00:00:00+00:00, run_after=2024-12-17T00:00:00+00:00
[2024-12-17T14:28:18.822+0000] {logging_mixin.py:154} INFO - [2024-12-17T14:28:18.822+0000] {process_utils.py:259} INFO - Waiting up to 5 seconds for processes to exit...
