[2024-10-05T04:14:17.946+0000] {taskinstance.py:1157} INFO - Dependencies all met for dep_context=non-requeueable deps ti=<TaskInstance: sparking_flow.python_job scheduled__2024-10-04T00:00:00+00:00 [queued]>
[2024-10-05T04:14:17.958+0000] {taskinstance.py:1157} INFO - Dependencies all met for dep_context=requeueable deps ti=<TaskInstance: sparking_flow.python_job scheduled__2024-10-04T00:00:00+00:00 [queued]>
[2024-10-05T04:14:17.958+0000] {taskinstance.py:1359} INFO - Starting attempt 1 of 1
[2024-10-05T04:14:17.971+0000] {taskinstance.py:1380} INFO - Executing <Task(SparkSubmitOperator): python_job> on 2024-10-04 00:00:00+00:00
[2024-10-05T04:14:17.975+0000] {standard_task_runner.py:57} INFO - Started process 332 to run task
[2024-10-05T04:14:17.978+0000] {standard_task_runner.py:84} INFO - Running: ['***', 'tasks', 'run', 'sparking_flow', 'python_job', 'scheduled__2024-10-04T00:00:00+00:00', '--job-id', '116', '--raw', '--subdir', 'DAGS_FOLDER/spark_***.py', '--cfg-path', '/tmp/tmps3h5xo3p']
[2024-10-05T04:14:17.985+0000] {standard_task_runner.py:85} INFO - Job 116: Subtask python_job
[2024-10-05T04:14:18.036+0000] {task_command.py:415} INFO - Running <TaskInstance: sparking_flow.python_job scheduled__2024-10-04T00:00:00+00:00 [running]> on host 23041969bcc7
[2024-10-05T04:14:18.155+0000] {taskinstance.py:1660} INFO - Exporting env vars: AIRFLOW_CTX_DAG_OWNER='Yusuf Ganiyu' AIRFLOW_CTX_DAG_ID='sparking_flow' AIRFLOW_CTX_TASK_ID='python_job' AIRFLOW_CTX_EXECUTION_DATE='2024-10-04T00:00:00+00:00' AIRFLOW_CTX_TRY_NUMBER='1' AIRFLOW_CTX_DAG_RUN_ID='scheduled__2024-10-04T00:00:00+00:00'
[2024-10-05T04:14:18.166+0000] {base.py:73} INFO - Using connection ID 'spark-conn' for task execution.
[2024-10-05T04:14:18.168+0000] {spark_submit.py:403} INFO - Spark-Submit cmd: spark-submit --master spark://spark-master:7077 --name arrow-spark --deploy-mode client jobs/python/wordcountjob.py
[2024-10-05T04:14:18.276+0000] {spark_submit.py:579} INFO - /home/***/.local/lib/python3.11/site-packages/pyspark/bin/load-spark-env.sh: line 68: ps: command not found
[2024-10-05T04:14:24.674+0000] {spark_submit.py:579} INFO - 24/10/05 04:14:24 INFO SparkContext: Running Spark version 3.5.1
[2024-10-05T04:14:24.679+0000] {spark_submit.py:579} INFO - 24/10/05 04:14:24 INFO SparkContext: OS info Linux, 5.15.153.1-microsoft-standard-WSL2, amd64
[2024-10-05T04:14:24.680+0000] {spark_submit.py:579} INFO - 24/10/05 04:14:24 INFO SparkContext: Java version 11.0.24
[2024-10-05T04:14:24.772+0000] {spark_submit.py:579} INFO - 24/10/05 04:14:24 WARN NativeCodeLoader: Unable to load native-hadoop library for your platform... using builtin-java classes where applicable
[2024-10-05T04:14:24.927+0000] {spark_submit.py:579} INFO - 24/10/05 04:14:24 INFO ResourceUtils: ==============================================================
[2024-10-05T04:14:24.928+0000] {spark_submit.py:579} INFO - 24/10/05 04:14:24 INFO ResourceUtils: No custom resources configured for spark.driver.
[2024-10-05T04:14:24.929+0000] {spark_submit.py:579} INFO - 24/10/05 04:14:24 INFO ResourceUtils: ==============================================================
[2024-10-05T04:14:24.930+0000] {spark_submit.py:579} INFO - 24/10/05 04:14:24 INFO SparkContext: Submitted application: PythonWordCount
[2024-10-05T04:14:24.971+0000] {spark_submit.py:579} INFO - 24/10/05 04:14:24 INFO ResourceProfile: Default ResourceProfile created, executor resources: Map(memory -> name: memory, amount: 1024, script: , vendor: , offHeap -> name: offHeap, amount: 0, script: , vendor: ), task resources: Map(cpus -> name: cpus, amount: 1.0)
[2024-10-05T04:14:24.992+0000] {spark_submit.py:579} INFO - 24/10/05 04:14:24 INFO ResourceProfile: Limiting resource is cpu
[2024-10-05T04:14:24.993+0000] {spark_submit.py:579} INFO - 24/10/05 04:14:24 INFO ResourceProfileManager: Added ResourceProfile id: 0
[2024-10-05T04:14:25.083+0000] {spark_submit.py:579} INFO - 24/10/05 04:14:25 INFO SecurityManager: Changing view acls to: ***
[2024-10-05T04:14:25.083+0000] {spark_submit.py:579} INFO - 24/10/05 04:14:25 INFO SecurityManager: Changing modify acls to: ***
[2024-10-05T04:14:25.084+0000] {spark_submit.py:579} INFO - 24/10/05 04:14:25 INFO SecurityManager: Changing view acls groups to:
[2024-10-05T04:14:25.084+0000] {spark_submit.py:579} INFO - 24/10/05 04:14:25 INFO SecurityManager: Changing modify acls groups to:
[2024-10-05T04:14:25.085+0000] {spark_submit.py:579} INFO - 24/10/05 04:14:25 INFO SecurityManager: SecurityManager: authentication disabled; ui acls disabled; users with view permissions: ***; groups with view permissions: EMPTY; users with modify permissions: ***; groups with modify permissions: EMPTY
[2024-10-05T04:14:25.503+0000] {spark_submit.py:579} INFO - 24/10/05 04:14:25 INFO Utils: Successfully started service 'sparkDriver' on port 41915.
[2024-10-05T04:14:25.595+0000] {spark_submit.py:579} INFO - 24/10/05 04:14:25 INFO SparkEnv: Registering MapOutputTracker
[2024-10-05T04:14:25.678+0000] {spark_submit.py:579} INFO - 24/10/05 04:14:25 INFO SparkEnv: Registering BlockManagerMaster
[2024-10-05T04:14:25.747+0000] {spark_submit.py:579} INFO - 24/10/05 04:14:25 INFO BlockManagerMasterEndpoint: Using org.apache.spark.storage.DefaultTopologyMapper for getting topology information
[2024-10-05T04:14:25.748+0000] {spark_submit.py:579} INFO - 24/10/05 04:14:25 INFO BlockManagerMasterEndpoint: BlockManagerMasterEndpoint up
[2024-10-05T04:14:25.763+0000] {spark_submit.py:579} INFO - 24/10/05 04:14:25 INFO SparkEnv: Registering BlockManagerMasterHeartbeat
[2024-10-05T04:14:25.865+0000] {spark_submit.py:579} INFO - 24/10/05 04:14:25 INFO DiskBlockManager: Created local directory at /tmp/blockmgr-91705d24-b55a-4f1c-8a04-9b4f5bd4ea31
[2024-10-05T04:14:25.941+0000] {spark_submit.py:579} INFO - 24/10/05 04:14:25 INFO MemoryStore: MemoryStore started with capacity 434.4 MiB
[2024-10-05T04:14:26.027+0000] {spark_submit.py:579} INFO - 24/10/05 04:14:26 INFO SparkEnv: Registering OutputCommitCoordinator
[2024-10-05T04:14:26.732+0000] {spark_submit.py:579} INFO - 24/10/05 04:14:26 INFO JettyUtils: Start Jetty 0.0.0.0:4040 for SparkUI
[2024-10-05T04:14:27.032+0000] {spark_submit.py:579} INFO - 24/10/05 04:14:27 INFO Utils: Successfully started service 'SparkUI' on port 4040.
[2024-10-05T04:14:27.462+0000] {spark_submit.py:579} INFO - 24/10/05 04:14:27 INFO StandaloneAppClient$ClientEndpoint: Connecting to master spark://spark-master:7077...
[2024-10-05T04:14:27.585+0000] {spark_submit.py:579} INFO - 24/10/05 04:14:27 INFO TransportClientFactory: Successfully created connection to spark-master/172.20.0.7:7077 after 65 ms (0 ms spent in bootstraps)
[2024-10-05T04:14:27.870+0000] {spark_submit.py:579} INFO - 24/10/05 04:14:27 INFO StandaloneSchedulerBackend: Connected to Spark cluster with app ID app-20241005041427-0000
[2024-10-05T04:14:27.886+0000] {spark_submit.py:579} INFO - 24/10/05 04:14:27 INFO Utils: Successfully started service 'org.apache.spark.network.netty.NettyBlockTransferService' on port 38347.
[2024-10-05T04:14:27.888+0000] {spark_submit.py:579} INFO - 24/10/05 04:14:27 INFO NettyBlockTransferService: Server created on 23041969bcc7:38347
[2024-10-05T04:14:27.891+0000] {spark_submit.py:579} INFO - 24/10/05 04:14:27 INFO BlockManager: Using org.apache.spark.storage.RandomBlockReplicationPolicy for block replication policy
[2024-10-05T04:14:27.904+0000] {spark_submit.py:579} INFO - 24/10/05 04:14:27 INFO StandaloneAppClient$ClientEndpoint: Executor added: app-20241005041427-0000/0 on worker-20241005041402-172.20.0.4-33897 (172.20.0.4:33897) with 2 core(s)
[2024-10-05T04:14:27.910+0000] {spark_submit.py:579} INFO - 24/10/05 04:14:27 INFO BlockManagerMaster: Registering BlockManager BlockManagerId(driver, 23041969bcc7, 38347, None)
[2024-10-05T04:14:27.917+0000] {spark_submit.py:579} INFO - 24/10/05 04:14:27 INFO BlockManagerMasterEndpoint: Registering block manager 23041969bcc7:38347 with 434.4 MiB RAM, BlockManagerId(driver, 23041969bcc7, 38347, None)
[2024-10-05T04:14:27.922+0000] {spark_submit.py:579} INFO - 24/10/05 04:14:27 INFO StandaloneSchedulerBackend: Granted executor ID app-20241005041427-0000/0 on hostPort 172.20.0.4:33897 with 2 core(s), 1024.0 MiB RAM
[2024-10-05T04:14:27.923+0000] {spark_submit.py:579} INFO - 24/10/05 04:14:27 INFO BlockManagerMaster: Registered BlockManager BlockManagerId(driver, 23041969bcc7, 38347, None)
[2024-10-05T04:14:27.925+0000] {spark_submit.py:579} INFO - 24/10/05 04:14:27 INFO BlockManager: Initialized BlockManager: BlockManagerId(driver, 23041969bcc7, 38347, None)
[2024-10-05T04:14:28.282+0000] {spark_submit.py:579} INFO - 24/10/05 04:14:28 INFO StandaloneAppClient$ClientEndpoint: Executor updated: app-20241005041427-0000/0 is now RUNNING
[2024-10-05T04:14:28.792+0000] {spark_submit.py:579} INFO - 24/10/05 04:14:28 INFO StandaloneSchedulerBackend: SchedulerBackend is ready for scheduling beginning after reached minRegisteredResourcesRatio: 0.0
[2024-10-05T04:14:32.407+0000] {spark_submit.py:579} INFO - 24/10/05 04:14:32 INFO SparkContext: Starting job: collect at /opt/***/jobs/python/wordcountjob.py:11
[2024-10-05T04:14:32.516+0000] {spark_submit.py:579} INFO - 24/10/05 04:14:32 INFO DAGScheduler: Registering RDD 2 (reduceByKey at /opt/***/jobs/python/wordcountjob.py:9) as input to shuffle 0
[2024-10-05T04:14:32.603+0000] {spark_submit.py:579} INFO - 24/10/05 04:14:32 INFO DAGScheduler: Got job 0 (collect at /opt/***/jobs/python/wordcountjob.py:11) with 2 output partitions
[2024-10-05T04:14:32.609+0000] {spark_submit.py:579} INFO - 24/10/05 04:14:32 INFO DAGScheduler: Final stage: ResultStage 1 (collect at /opt/***/jobs/python/wordcountjob.py:11)
[2024-10-05T04:14:32.610+0000] {spark_submit.py:579} INFO - 24/10/05 04:14:32 INFO DAGScheduler: Parents of final stage: List(ShuffleMapStage 0)
[2024-10-05T04:14:32.622+0000] {spark_submit.py:579} INFO - 24/10/05 04:14:32 INFO DAGScheduler: Missing parents: List(ShuffleMapStage 0)
[2024-10-05T04:14:32.659+0000] {spark_submit.py:579} INFO - 24/10/05 04:14:32 INFO DAGScheduler: Submitting ShuffleMapStage 0 (PairwiseRDD[2] at reduceByKey at /opt/***/jobs/python/wordcountjob.py:9), which has no missing parents
[2024-10-05T04:14:33.027+0000] {spark_submit.py:579} INFO - 24/10/05 04:14:33 INFO MemoryStore: Block broadcast_0 stored as values in memory (estimated size 11.3 KiB, free 434.4 MiB)
[2024-10-05T04:14:33.117+0000] {spark_submit.py:579} INFO - 24/10/05 04:14:33 INFO MemoryStore: Block broadcast_0_piece0 stored as bytes in memory (estimated size 7.1 KiB, free 434.4 MiB)
[2024-10-05T04:14:33.128+0000] {spark_submit.py:579} INFO - 24/10/05 04:14:33 INFO BlockManagerInfo: Added broadcast_0_piece0 in memory on 23041969bcc7:38347 (size: 7.1 KiB, free: 434.4 MiB)
[2024-10-05T04:14:33.151+0000] {spark_submit.py:579} INFO - 24/10/05 04:14:33 INFO SparkContext: Created broadcast 0 from broadcast at DAGScheduler.scala:1585
[2024-10-05T04:14:33.178+0000] {spark_submit.py:579} INFO - 24/10/05 04:14:33 INFO DAGScheduler: Submitting 2 missing tasks from ShuffleMapStage 0 (PairwiseRDD[2] at reduceByKey at /opt/***/jobs/python/wordcountjob.py:9) (first 15 tasks are for partitions Vector(0, 1))
[2024-10-05T04:14:33.181+0000] {spark_submit.py:579} INFO - 24/10/05 04:14:33 INFO TaskSchedulerImpl: Adding task set 0.0 with 2 tasks resource profile 0
[2024-10-05T04:14:34.836+0000] {spark_submit.py:579} INFO - 24/10/05 04:14:34 INFO StandaloneSchedulerBackend$StandaloneDriverEndpoint: Registered executor NettyRpcEndpointRef(spark-client://Executor) (172.20.0.4:50172) with ID 0,  ResourceProfileId 0
[2024-10-05T04:14:34.972+0000] {spark_submit.py:579} INFO - 24/10/05 04:14:34 INFO BlockManagerMasterEndpoint: Registering block manager 172.20.0.4:45633 with 434.4 MiB RAM, BlockManagerId(0, 172.20.0.4, 45633, None)
[2024-10-05T04:14:35.119+0000] {spark_submit.py:579} INFO - 24/10/05 04:14:35 INFO TaskSetManager: Starting task 0.0 in stage 0.0 (TID 0) (172.20.0.4, executor 0, partition 0, PROCESS_LOCAL, 7655 bytes)
[2024-10-05T04:14:35.126+0000] {spark_submit.py:579} INFO - 24/10/05 04:14:35 INFO TaskSetManager: Starting task 1.0 in stage 0.0 (TID 1) (172.20.0.4, executor 0, partition 1, PROCESS_LOCAL, 7688 bytes)
[2024-10-05T04:14:35.680+0000] {spark_submit.py:579} INFO - 24/10/05 04:14:35 INFO BlockManagerInfo: Added broadcast_0_piece0 in memory on 172.20.0.4:45633 (size: 7.1 KiB, free: 434.4 MiB)
[2024-10-05T04:14:37.679+0000] {spark_submit.py:579} INFO - 24/10/05 04:14:37 INFO TaskSetManager: Finished task 0.0 in stage 0.0 (TID 0) in 2614 ms on 172.20.0.4 (executor 0) (1/2)
[2024-10-05T04:14:37.683+0000] {spark_submit.py:579} INFO - 24/10/05 04:14:37 INFO TaskSetManager: Finished task 1.0 in stage 0.0 (TID 1) in 2556 ms on 172.20.0.4 (executor 0) (2/2)
[2024-10-05T04:14:37.684+0000] {spark_submit.py:579} INFO - 24/10/05 04:14:37 INFO TaskSchedulerImpl: Removed TaskSet 0.0, whose tasks have all completed, from pool
[2024-10-05T04:14:37.691+0000] {spark_submit.py:579} INFO - 24/10/05 04:14:37 INFO PythonAccumulatorV2: Connected to AccumulatorServer at host: 127.0.0.1 port: 37967
[2024-10-05T04:14:37.710+0000] {spark_submit.py:579} INFO - 24/10/05 04:14:37 INFO DAGScheduler: ShuffleMapStage 0 (reduceByKey at /opt/***/jobs/python/wordcountjob.py:9) finished in 4.981 s
[2024-10-05T04:14:37.711+0000] {spark_submit.py:579} INFO - 24/10/05 04:14:37 INFO DAGScheduler: looking for newly runnable stages
[2024-10-05T04:14:37.712+0000] {spark_submit.py:579} INFO - 24/10/05 04:14:37 INFO DAGScheduler: running: Set()
[2024-10-05T04:14:37.712+0000] {spark_submit.py:579} INFO - 24/10/05 04:14:37 INFO DAGScheduler: waiting: Set(ResultStage 1)
[2024-10-05T04:14:37.713+0000] {spark_submit.py:579} INFO - 24/10/05 04:14:37 INFO DAGScheduler: failed: Set()
[2024-10-05T04:14:37.720+0000] {spark_submit.py:579} INFO - 24/10/05 04:14:37 INFO DAGScheduler: Submitting ResultStage 1 (PythonRDD[5] at collect at /opt/***/jobs/python/wordcountjob.py:11), which has no missing parents
[2024-10-05T04:14:37.748+0000] {spark_submit.py:579} INFO - 24/10/05 04:14:37 INFO MemoryStore: Block broadcast_1 stored as values in memory (estimated size 10.1 KiB, free 434.4 MiB)
[2024-10-05T04:14:37.749+0000] {spark_submit.py:579} INFO - 24/10/05 04:14:37 INFO MemoryStore: Block broadcast_1_piece0 stored as bytes in memory (estimated size 6.1 KiB, free 434.4 MiB)
[2024-10-05T04:14:37.753+0000] {spark_submit.py:579} INFO - 24/10/05 04:14:37 INFO BlockManagerInfo: Added broadcast_1_piece0 in memory on 23041969bcc7:38347 (size: 6.1 KiB, free: 434.4 MiB)
[2024-10-05T04:14:37.754+0000] {spark_submit.py:579} INFO - 24/10/05 04:14:37 INFO SparkContext: Created broadcast 1 from broadcast at DAGScheduler.scala:1585
[2024-10-05T04:14:37.757+0000] {spark_submit.py:579} INFO - 24/10/05 04:14:37 INFO DAGScheduler: Submitting 2 missing tasks from ResultStage 1 (PythonRDD[5] at collect at /opt/***/jobs/python/wordcountjob.py:11) (first 15 tasks are for partitions Vector(0, 1))
[2024-10-05T04:14:37.758+0000] {spark_submit.py:579} INFO - 24/10/05 04:14:37 INFO TaskSchedulerImpl: Adding task set 1.0 with 2 tasks resource profile 0
[2024-10-05T04:14:37.760+0000] {spark_submit.py:579} INFO - 24/10/05 04:14:37 INFO TaskSetManager: Starting task 0.0 in stage 1.0 (TID 2) (172.20.0.4, executor 0, partition 0, NODE_LOCAL, 7437 bytes)
[2024-10-05T04:14:37.761+0000] {spark_submit.py:579} INFO - 24/10/05 04:14:37 INFO TaskSetManager: Starting task 1.0 in stage 1.0 (TID 3) (172.20.0.4, executor 0, partition 1, NODE_LOCAL, 7437 bytes)
[2024-10-05T04:14:37.788+0000] {spark_submit.py:579} INFO - 24/10/05 04:14:37 INFO BlockManagerInfo: Added broadcast_1_piece0 in memory on 172.20.0.4:45633 (size: 6.1 KiB, free: 434.4 MiB)
[2024-10-05T04:14:37.887+0000] {spark_submit.py:579} INFO - 24/10/05 04:14:37 INFO MapOutputTrackerMasterEndpoint: Asked to send map output locations for shuffle 0 to 172.20.0.4:50172
[2024-10-05T04:14:38.351+0000] {spark_submit.py:579} INFO - 24/10/05 04:14:38 INFO TaskSetManager: Finished task 0.0 in stage 1.0 (TID 2) in 596 ms on 172.20.0.4 (executor 0) (1/2)
[2024-10-05T04:14:38.359+0000] {spark_submit.py:579} INFO - 24/10/05 04:14:38 INFO TaskSetManager: Finished task 1.0 in stage 1.0 (TID 3) in 599 ms on 172.20.0.4 (executor 0) (2/2)
[2024-10-05T04:14:38.363+0000] {spark_submit.py:579} INFO - 24/10/05 04:14:38 INFO TaskSchedulerImpl: Removed TaskSet 1.0, whose tasks have all completed, from pool
[2024-10-05T04:14:38.365+0000] {spark_submit.py:579} INFO - 24/10/05 04:14:38 INFO DAGScheduler: ResultStage 1 (collect at /opt/***/jobs/python/wordcountjob.py:11) finished in 0.630 s
[2024-10-05T04:14:38.371+0000] {spark_submit.py:579} INFO - 24/10/05 04:14:38 INFO DAGScheduler: Job 0 is finished. Cancelling potential speculative or zombie tasks for this job
[2024-10-05T04:14:38.372+0000] {spark_submit.py:579} INFO - 24/10/05 04:14:38 INFO TaskSchedulerImpl: Killing all running tasks in stage 1: Stage finished
[2024-10-05T04:14:38.377+0000] {spark_submit.py:579} INFO - 24/10/05 04:14:38 INFO DAGScheduler: Job 0 finished: collect at /opt/***/jobs/python/wordcountjob.py:11, took 5.966391 s
[2024-10-05T04:14:38.420+0000] {spark_submit.py:579} INFO - Python 1
[2024-10-05T04:14:38.421+0000] {spark_submit.py:579} INFO - Airflow 1
[2024-10-05T04:14:38.421+0000] {spark_submit.py:579} INFO - Docker 1
[2024-10-05T04:14:38.422+0000] {spark_submit.py:579} INFO - and 1
[2024-10-05T04:14:38.422+0000] {spark_submit.py:579} INFO - Yusuf 1
[2024-10-05T04:14:38.423+0000] {spark_submit.py:579} INFO - Hello 5
[2024-10-05T04:14:38.423+0000] {spark_submit.py:579} INFO - Spark 1
[2024-10-05T04:14:38.423+0000] {spark_submit.py:579} INFO - 24/10/05 04:14:38 INFO SparkContext: SparkContext is stopping with exitCode 0.
[2024-10-05T04:14:38.439+0000] {spark_submit.py:579} INFO - 24/10/05 04:14:38 INFO SparkUI: Stopped Spark web UI at http://23041969bcc7:4040
[2024-10-05T04:14:38.446+0000] {spark_submit.py:579} INFO - 24/10/05 04:14:38 INFO StandaloneSchedulerBackend: Shutting down all executors
[2024-10-05T04:14:38.447+0000] {spark_submit.py:579} INFO - 24/10/05 04:14:38 INFO StandaloneSchedulerBackend$StandaloneDriverEndpoint: Asking each executor to shut down
[2024-10-05T04:14:38.478+0000] {spark_submit.py:579} INFO - 24/10/05 04:14:38 INFO MapOutputTrackerMasterEndpoint: MapOutputTrackerMasterEndpoint stopped!
[2024-10-05T04:14:38.540+0000] {spark_submit.py:579} INFO - 24/10/05 04:14:38 INFO MemoryStore: MemoryStore cleared
[2024-10-05T04:14:38.541+0000] {spark_submit.py:579} INFO - 24/10/05 04:14:38 INFO BlockManager: BlockManager stopped
[2024-10-05T04:14:38.560+0000] {spark_submit.py:579} INFO - 24/10/05 04:14:38 INFO BlockManagerMaster: BlockManagerMaster stopped
[2024-10-05T04:14:38.568+0000] {spark_submit.py:579} INFO - 24/10/05 04:14:38 INFO OutputCommitCoordinator$OutputCommitCoordinatorEndpoint: OutputCommitCoordinator stopped!
[2024-10-05T04:14:38.595+0000] {spark_submit.py:579} INFO - 24/10/05 04:14:38 INFO SparkContext: Successfully stopped SparkContext
[2024-10-05T04:14:39.447+0000] {spark_submit.py:579} INFO - 24/10/05 04:14:39 INFO ShutdownHookManager: Shutdown hook called
[2024-10-05T04:14:39.449+0000] {spark_submit.py:579} INFO - 24/10/05 04:14:39 INFO ShutdownHookManager: Deleting directory /tmp/spark-e2e7ccf7-008b-4c2d-9b8a-94dfcb217c73
[2024-10-05T04:14:39.453+0000] {spark_submit.py:579} INFO - 24/10/05 04:14:39 INFO ShutdownHookManager: Deleting directory /tmp/spark-5b3c2bf7-05f4-4297-9fbd-7e7548152ee4
[2024-10-05T04:14:39.458+0000] {spark_submit.py:579} INFO - 24/10/05 04:14:39 INFO ShutdownHookManager: Deleting directory /tmp/spark-e2e7ccf7-008b-4c2d-9b8a-94dfcb217c73/pyspark-9a05e2d5-67d1-4fd3-8e31-ebfb7fb8c641
[2024-10-05T04:14:39.539+0000] {taskinstance.py:1398} INFO - Marking task as SUCCESS. dag_id=sparking_flow, task_id=python_job, execution_date=20241004T000000, start_date=20241005T041417, end_date=20241005T041439
[2024-10-05T04:14:39.595+0000] {local_task_job_runner.py:228} INFO - Task exited with return code 0
[2024-10-05T04:14:39.637+0000] {taskinstance.py:2776} INFO - 1 downstream tasks scheduled from follow-on schedule check
