[2024-10-25T15:15:47.398+0000] {taskinstance.py:1157} INFO - Dependencies all met for dep_context=non-requeueable deps ti=<TaskInstance: task_credits_clean.credits_cleaned manual__2024-10-25T15:10:24.593366+00:00 [queued]>
[2024-10-25T15:15:47.405+0000] {taskinstance.py:1157} INFO - Dependencies all met for dep_context=requeueable deps ti=<TaskInstance: task_credits_clean.credits_cleaned manual__2024-10-25T15:10:24.593366+00:00 [queued]>
[2024-10-25T15:15:47.406+0000] {taskinstance.py:1359} INFO - Starting attempt 2 of 2
[2024-10-25T15:15:47.417+0000] {taskinstance.py:1380} INFO - Executing <Task(SparkSubmitOperator): credits_cleaned> on 2024-10-25 15:10:24.593366+00:00
[2024-10-25T15:15:47.422+0000] {standard_task_runner.py:57} INFO - Started process 2432 to run task
[2024-10-25T15:15:47.425+0000] {standard_task_runner.py:84} INFO - Running: ['***', 'tasks', 'run', 'task_credits_clean', 'credits_cleaned', 'manual__2024-10-25T15:10:24.593366+00:00', '--job-id', '185', '--raw', '--subdir', 'DAGS_FOLDER/credits_test.py', '--cfg-path', '/tmp/tmpaof7946w']
[2024-10-25T15:15:47.427+0000] {standard_task_runner.py:85} INFO - Job 185: Subtask credits_cleaned
[2024-10-25T15:15:47.470+0000] {task_command.py:415} INFO - Running <TaskInstance: task_credits_clean.credits_cleaned manual__2024-10-25T15:10:24.593366+00:00 [running]> on host 84076e7a47fe
[2024-10-25T15:15:47.539+0000] {taskinstance.py:1660} INFO - Exporting env vars: AIRFLOW_CTX_DAG_OWNER='***' AIRFLOW_CTX_DAG_ID='task_credits_clean' AIRFLOW_CTX_TASK_ID='credits_cleaned' AIRFLOW_CTX_EXECUTION_DATE='2024-10-25T15:10:24.593366+00:00' AIRFLOW_CTX_TRY_NUMBER='2' AIRFLOW_CTX_DAG_RUN_ID='manual__2024-10-25T15:10:24.593366+00:00'
[2024-10-25T15:15:47.547+0000] {base.py:73} INFO - Using connection ID 'spark-conn' for task execution.
[2024-10-25T15:15:47.549+0000] {spark_submit.py:403} INFO - Spark-Submit cmd: spark-submit --master spark://spark-master:7077 --conf spark.sql.extensions=io.delta.sql.DeltaSparkSessionExtension --conf spark.sql.catalog.spark_catalog=org.apache.spark.sql.delta.catalog.DeltaCatalog --jars /opt/***/jars/hadoop-aws-3.3.4.jar,/opt/***/jars/s3-2.18.41.jar,/opt/***/jars/aws-java-sdk-1.12.367.jar,/opt/***/jars/delta-core_2.12-2.4.0.jar,/opt/***/jars/delta-storage-2.2.0.jar, --packages org.apache.hadoop:hadoop-aws:3.3.4 --num-executors 2 --total-executor-cores 2 --executor-cores 2 --executor-memory 2g --driver-memory 1g --name arrow-spark --deploy-mode client /opt/***/jobs/python/test_Credit.py s3a://lakehouse/bronze/credits.parquet s3a://lakehouse/sliver/credit
[2024-10-25T15:15:47.634+0000] {spark_submit.py:579} INFO - /home/***/.local/lib/python3.11/site-packages/pyspark/bin/load-spark-env.sh: line 68: ps: command not found
[2024-10-25T15:15:49.209+0000] {spark_submit.py:579} INFO - :: loading settings :: url = jar:file:/home/***/.local/lib/python3.11/site-packages/pyspark/jars/ivy-2.5.1.jar!/org/apache/ivy/core/settings/ivysettings.xml
[2024-10-25T15:15:49.390+0000] {spark_submit.py:579} INFO - Ivy Default Cache set to: /home/***/.ivy2/cache
[2024-10-25T15:15:49.391+0000] {spark_submit.py:579} INFO - The jars for the packages stored in: /home/***/.ivy2/jars
[2024-10-25T15:15:49.395+0000] {spark_submit.py:579} INFO - org.apache.hadoop#hadoop-aws added as a dependency
[2024-10-25T15:15:49.397+0000] {spark_submit.py:579} INFO - :: resolving dependencies :: org.apache.spark#spark-submit-parent-17bfc5da-9a72-4e7c-b828-d4a9445ce8da;1.0
[2024-10-25T15:15:49.397+0000] {spark_submit.py:579} INFO - confs: [default]
[2024-10-25T15:15:49.529+0000] {spark_submit.py:579} INFO - found org.apache.hadoop#hadoop-aws;3.3.4 in spark-list
[2024-10-25T15:15:49.562+0000] {spark_submit.py:579} INFO - found com.amazonaws#aws-java-sdk-bundle;1.12.262 in central
[2024-10-25T15:15:49.588+0000] {spark_submit.py:579} INFO - found org.wildfly.openssl#wildfly-openssl;1.0.7.Final in spark-list
[2024-10-25T15:15:49.615+0000] {spark_submit.py:579} INFO - :: resolution report :: resolve 211ms :: artifacts dl 8ms
[2024-10-25T15:15:49.616+0000] {spark_submit.py:579} INFO - :: modules in use:
[2024-10-25T15:15:49.617+0000] {spark_submit.py:579} INFO - com.amazonaws#aws-java-sdk-bundle;1.12.262 from central in [default]
[2024-10-25T15:15:49.617+0000] {spark_submit.py:579} INFO - org.apache.hadoop#hadoop-aws;3.3.4 from spark-list in [default]
[2024-10-25T15:15:49.618+0000] {spark_submit.py:579} INFO - org.wildfly.openssl#wildfly-openssl;1.0.7.Final from spark-list in [default]
[2024-10-25T15:15:49.619+0000] {spark_submit.py:579} INFO - ---------------------------------------------------------------------
[2024-10-25T15:15:49.619+0000] {spark_submit.py:579} INFO - |                  |            modules            ||   artifacts   |
[2024-10-25T15:15:49.620+0000] {spark_submit.py:579} INFO - |       conf       | number| search|dwnlded|evicted|| number|dwnlded|
[2024-10-25T15:15:49.620+0000] {spark_submit.py:579} INFO - ---------------------------------------------------------------------
[2024-10-25T15:15:49.621+0000] {spark_submit.py:579} INFO - |      default     |   3   |   0   |   0   |   0   ||   3   |   0   |
[2024-10-25T15:15:49.622+0000] {spark_submit.py:579} INFO - ---------------------------------------------------------------------
[2024-10-25T15:15:49.622+0000] {spark_submit.py:579} INFO - :: retrieving :: org.apache.spark#spark-submit-parent-17bfc5da-9a72-4e7c-b828-d4a9445ce8da
[2024-10-25T15:15:49.623+0000] {spark_submit.py:579} INFO - confs: [default]
[2024-10-25T15:15:49.631+0000] {spark_submit.py:579} INFO - 0 artifacts copied, 3 already retrieved (0kB/8ms)
[2024-10-25T15:15:49.850+0000] {spark_submit.py:579} INFO - 24/10/25 15:15:49 WARN NativeCodeLoader: Unable to load native-hadoop library for your platform... using builtin-java classes where applicable
[2024-10-25T15:15:51.162+0000] {spark_submit.py:579} INFO - 2024-10-25 15:15:51,161 INFO: Python version on driver: 3.11.5
[2024-10-25T15:15:51.162+0000] {spark_submit.py:579} INFO - 2024-10-25 15:15:51,162 INFO: Initializing Spark session...
[2024-10-25T15:15:51.300+0000] {spark_submit.py:579} INFO - 24/10/25 15:15:51 INFO SparkContext: Running Spark version 3.4.3
[2024-10-25T15:15:51.323+0000] {spark_submit.py:579} INFO - 24/10/25 15:15:51 INFO ResourceUtils: ==============================================================
[2024-10-25T15:15:51.324+0000] {spark_submit.py:579} INFO - 24/10/25 15:15:51 INFO ResourceUtils: No custom resources configured for spark.driver.
[2024-10-25T15:15:51.324+0000] {spark_submit.py:579} INFO - 24/10/25 15:15:51 INFO ResourceUtils: ==============================================================
[2024-10-25T15:15:51.325+0000] {spark_submit.py:579} INFO - 24/10/25 15:15:51 INFO SparkContext: Submitted application: CleanCredits
[2024-10-25T15:15:51.347+0000] {spark_submit.py:579} INFO - 24/10/25 15:15:51 INFO ResourceProfile: Default ResourceProfile created, executor resources: Map(cores -> name: cores, amount: 2, script: , vendor: , memory -> name: memory, amount: 2048, script: , vendor: , offHeap -> name: offHeap, amount: 0, script: , vendor: ), task resources: Map(cpus -> name: cpus, amount: 1.0)
[2024-10-25T15:15:51.359+0000] {spark_submit.py:579} INFO - 24/10/25 15:15:51 INFO ResourceProfile: Limiting resource is cpus at 2 tasks per executor
[2024-10-25T15:15:51.362+0000] {spark_submit.py:579} INFO - 24/10/25 15:15:51 INFO ResourceProfileManager: Added ResourceProfile id: 0
[2024-10-25T15:15:51.414+0000] {spark_submit.py:579} INFO - 24/10/25 15:15:51 INFO SecurityManager: Changing view acls to: ***
[2024-10-25T15:15:51.414+0000] {spark_submit.py:579} INFO - 24/10/25 15:15:51 INFO SecurityManager: Changing modify acls to: ***
[2024-10-25T15:15:51.415+0000] {spark_submit.py:579} INFO - 24/10/25 15:15:51 INFO SecurityManager: Changing view acls groups to:
[2024-10-25T15:15:51.416+0000] {spark_submit.py:579} INFO - 24/10/25 15:15:51 INFO SecurityManager: Changing modify acls groups to:
[2024-10-25T15:15:51.417+0000] {spark_submit.py:579} INFO - 24/10/25 15:15:51 INFO SecurityManager: SecurityManager: authentication disabled; ui acls disabled; users with view permissions: ***; groups with view permissions: EMPTY; users with modify permissions: ***; groups with modify permissions: EMPTY
[2024-10-25T15:15:51.681+0000] {spark_submit.py:579} INFO - 24/10/25 15:15:51 INFO Utils: Successfully started service 'sparkDriver' on port 46477.
[2024-10-25T15:15:51.709+0000] {spark_submit.py:579} INFO - 24/10/25 15:15:51 INFO SparkEnv: Registering MapOutputTracker
[2024-10-25T15:15:51.740+0000] {spark_submit.py:579} INFO - 24/10/25 15:15:51 INFO SparkEnv: Registering BlockManagerMaster
[2024-10-25T15:15:51.756+0000] {spark_submit.py:579} INFO - 24/10/25 15:15:51 INFO BlockManagerMasterEndpoint: Using org.apache.spark.storage.DefaultTopologyMapper for getting topology information
[2024-10-25T15:15:51.757+0000] {spark_submit.py:579} INFO - 24/10/25 15:15:51 INFO BlockManagerMasterEndpoint: BlockManagerMasterEndpoint up
[2024-10-25T15:15:51.761+0000] {spark_submit.py:579} INFO - 24/10/25 15:15:51 INFO SparkEnv: Registering BlockManagerMasterHeartbeat
[2024-10-25T15:15:51.778+0000] {spark_submit.py:579} INFO - 24/10/25 15:15:51 INFO DiskBlockManager: Created local directory at /tmp/blockmgr-1969b372-a69a-474c-b222-336d1a07ade5
[2024-10-25T15:15:51.792+0000] {spark_submit.py:579} INFO - 24/10/25 15:15:51 INFO MemoryStore: MemoryStore started with capacity 434.4 MiB
[2024-10-25T15:15:51.808+0000] {spark_submit.py:579} INFO - 24/10/25 15:15:51 INFO SparkEnv: Registering OutputCommitCoordinator
[2024-10-25T15:15:51.951+0000] {spark_submit.py:579} INFO - 24/10/25 15:15:51 INFO JettyUtils: Start Jetty 0.0.0.0:4040 for SparkUI
[2024-10-25T15:15:52.034+0000] {spark_submit.py:579} INFO - 24/10/25 15:15:52 INFO Utils: Successfully started service 'SparkUI' on port 4040.
[2024-10-25T15:15:52.089+0000] {spark_submit.py:579} INFO - 24/10/25 15:15:52 INFO SparkContext: Added JAR file:///opt/***/jars/hadoop-aws-3.3.4.jar at spark://84076e7a47fe:46477/jars/hadoop-aws-3.3.4.jar with timestamp 1729869351291
[2024-10-25T15:15:52.090+0000] {spark_submit.py:579} INFO - 24/10/25 15:15:52 INFO SparkContext: Added JAR file:///opt/***/jars/s3-2.18.41.jar at spark://84076e7a47fe:46477/jars/s3-2.18.41.jar with timestamp 1729869351291
[2024-10-25T15:15:52.091+0000] {spark_submit.py:579} INFO - 24/10/25 15:15:52 INFO SparkContext: Added JAR file:///opt/***/jars/aws-java-sdk-1.12.367.jar at spark://84076e7a47fe:46477/jars/aws-java-sdk-1.12.367.jar with timestamp 1729869351291
[2024-10-25T15:15:52.093+0000] {spark_submit.py:579} INFO - 24/10/25 15:15:52 INFO SparkContext: Added JAR file:///opt/***/jars/delta-core_2.12-2.4.0.jar at spark://84076e7a47fe:46477/jars/delta-core_2.12-2.4.0.jar with timestamp 1729869351291
[2024-10-25T15:15:52.094+0000] {spark_submit.py:579} INFO - 24/10/25 15:15:52 INFO SparkContext: Added JAR file:///opt/***/jars/delta-storage-2.2.0.jar at spark://84076e7a47fe:46477/jars/delta-storage-2.2.0.jar with timestamp 1729869351291
[2024-10-25T15:15:52.095+0000] {spark_submit.py:579} INFO - 24/10/25 15:15:52 INFO SparkContext: Added JAR file:///home/***/.ivy2/jars/org.apache.hadoop_hadoop-aws-3.3.4.jar at spark://84076e7a47fe:46477/jars/org.apache.hadoop_hadoop-aws-3.3.4.jar with timestamp 1729869351291
[2024-10-25T15:15:52.095+0000] {spark_submit.py:579} INFO - 24/10/25 15:15:52 INFO SparkContext: Added JAR file:///home/***/.ivy2/jars/com.amazonaws_aws-java-sdk-bundle-1.12.262.jar at spark://84076e7a47fe:46477/jars/com.amazonaws_aws-java-sdk-bundle-1.12.262.jar with timestamp 1729869351291
[2024-10-25T15:15:52.096+0000] {spark_submit.py:579} INFO - 24/10/25 15:15:52 INFO SparkContext: Added JAR file:///home/***/.ivy2/jars/org.wildfly.openssl_wildfly-openssl-1.0.7.Final.jar at spark://84076e7a47fe:46477/jars/org.wildfly.openssl_wildfly-openssl-1.0.7.Final.jar with timestamp 1729869351291
[2024-10-25T15:15:52.098+0000] {spark_submit.py:579} INFO - 24/10/25 15:15:52 INFO SparkContext: Added file file:///home/***/.ivy2/jars/org.apache.hadoop_hadoop-aws-3.3.4.jar at spark://84076e7a47fe:46477/files/org.apache.hadoop_hadoop-aws-3.3.4.jar with timestamp 1729869351291
[2024-10-25T15:15:52.100+0000] {spark_submit.py:579} INFO - 24/10/25 15:15:52 INFO Utils: Copying /home/***/.ivy2/jars/org.apache.hadoop_hadoop-aws-3.3.4.jar to /tmp/spark-7778af0d-898e-4f10-83b8-930f7402497d/userFiles-758ba948-577d-4d2a-bde4-d66bb5010921/org.apache.hadoop_hadoop-aws-3.3.4.jar
[2024-10-25T15:15:52.113+0000] {spark_submit.py:579} INFO - 24/10/25 15:15:52 INFO SparkContext: Added file file:///home/***/.ivy2/jars/com.amazonaws_aws-java-sdk-bundle-1.12.262.jar at spark://84076e7a47fe:46477/files/com.amazonaws_aws-java-sdk-bundle-1.12.262.jar with timestamp 1729869351291
[2024-10-25T15:15:52.114+0000] {spark_submit.py:579} INFO - 24/10/25 15:15:52 INFO Utils: Copying /home/***/.ivy2/jars/com.amazonaws_aws-java-sdk-bundle-1.12.262.jar to /tmp/spark-7778af0d-898e-4f10-83b8-930f7402497d/userFiles-758ba948-577d-4d2a-bde4-d66bb5010921/com.amazonaws_aws-java-sdk-bundle-1.12.262.jar
[2024-10-25T15:15:52.456+0000] {spark_submit.py:579} INFO - 24/10/25 15:15:52 INFO SparkContext: Added file file:///home/***/.ivy2/jars/org.wildfly.openssl_wildfly-openssl-1.0.7.Final.jar at spark://84076e7a47fe:46477/files/org.wildfly.openssl_wildfly-openssl-1.0.7.Final.jar with timestamp 1729869351291
[2024-10-25T15:15:52.457+0000] {spark_submit.py:579} INFO - 24/10/25 15:15:52 INFO Utils: Copying /home/***/.ivy2/jars/org.wildfly.openssl_wildfly-openssl-1.0.7.Final.jar to /tmp/spark-7778af0d-898e-4f10-83b8-930f7402497d/userFiles-758ba948-577d-4d2a-bde4-d66bb5010921/org.wildfly.openssl_wildfly-openssl-1.0.7.Final.jar
[2024-10-25T15:15:52.541+0000] {spark_submit.py:579} INFO - 24/10/25 15:15:52 INFO StandaloneAppClient$ClientEndpoint: Connecting to master spark://spark-master:7077...
[2024-10-25T15:15:52.589+0000] {spark_submit.py:579} INFO - 24/10/25 15:15:52 INFO TransportClientFactory: Successfully created connection to spark-master/172.18.0.7:7077 after 31 ms (0 ms spent in bootstraps)
[2024-10-25T15:15:52.690+0000] {spark_submit.py:579} INFO - 24/10/25 15:15:52 INFO StandaloneSchedulerBackend: Connected to Spark cluster with app ID app-20241025151552-0002
[2024-10-25T15:15:52.692+0000] {spark_submit.py:579} INFO - 24/10/25 15:15:52 INFO StandaloneAppClient$ClientEndpoint: Executor added: app-20241025151552-0002/0 on worker-20241025145345-172.18.0.4-43211 (172.18.0.4:43211) with 2 core(s)
[2024-10-25T15:15:52.695+0000] {spark_submit.py:579} INFO - 24/10/25 15:15:52 INFO StandaloneSchedulerBackend: Granted executor ID app-20241025151552-0002/0 on hostPort 172.18.0.4:43211 with 2 core(s), 2.0 GiB RAM
[2024-10-25T15:15:52.700+0000] {spark_submit.py:579} INFO - 24/10/25 15:15:52 INFO Utils: Successfully started service 'org.apache.spark.network.netty.NettyBlockTransferService' on port 34591.
[2024-10-25T15:15:52.701+0000] {spark_submit.py:579} INFO - 24/10/25 15:15:52 INFO NettyBlockTransferService: Server created on 84076e7a47fe:34591
[2024-10-25T15:15:52.702+0000] {spark_submit.py:579} INFO - 24/10/25 15:15:52 INFO BlockManager: Using org.apache.spark.storage.RandomBlockReplicationPolicy for block replication policy
[2024-10-25T15:15:52.711+0000] {spark_submit.py:579} INFO - 24/10/25 15:15:52 INFO BlockManagerMaster: Registering BlockManager BlockManagerId(driver, 84076e7a47fe, 34591, None)
[2024-10-25T15:15:52.717+0000] {spark_submit.py:579} INFO - 24/10/25 15:15:52 INFO BlockManagerMasterEndpoint: Registering block manager 84076e7a47fe:34591 with 434.4 MiB RAM, BlockManagerId(driver, 84076e7a47fe, 34591, None)
[2024-10-25T15:15:52.720+0000] {spark_submit.py:579} INFO - 24/10/25 15:15:52 INFO BlockManagerMaster: Registered BlockManager BlockManagerId(driver, 84076e7a47fe, 34591, None)
[2024-10-25T15:15:52.723+0000] {spark_submit.py:579} INFO - 24/10/25 15:15:52 INFO BlockManager: Initialized BlockManager: BlockManagerId(driver, 84076e7a47fe, 34591, None)
[2024-10-25T15:15:52.731+0000] {spark_submit.py:579} INFO - 24/10/25 15:15:52 INFO StandaloneAppClient$ClientEndpoint: Executor updated: app-20241025151552-0002/0 is now RUNNING
[2024-10-25T15:15:52.972+0000] {spark_submit.py:579} INFO - 24/10/25 15:15:52 INFO StandaloneSchedulerBackend: SchedulerBackend is ready for scheduling beginning after reached minRegisteredResourcesRatio: 0.0
[2024-10-25T15:15:53.271+0000] {spark_submit.py:579} INFO - 2024-10-25 15:15:53,270 INFO: Spark session initialized successfully.
[2024-10-25T15:15:53.271+0000] {spark_submit.py:579} INFO - 2024-10-25 15:15:53,270 INFO: Reading data from s3a://lakehouse/bronze/credits.parquet
[2024-10-25T15:15:53.281+0000] {spark_submit.py:579} INFO - 24/10/25 15:15:53 INFO SharedState: Setting hive.metastore.warehouse.dir ('null') to the value of spark.sql.warehouse.dir.
[2024-10-25T15:15:53.518+0000] {spark_submit.py:579} INFO - 24/10/25 15:15:53 WARN MetricsConfig: Cannot locate configuration: tried hadoop-metrics2-s3a-file-system.properties,hadoop-metrics2.properties
[2024-10-25T15:15:53.540+0000] {spark_submit.py:579} INFO - 24/10/25 15:15:53 INFO MetricsSystemImpl: Scheduled Metric snapshot period at 10 second(s).
[2024-10-25T15:15:53.541+0000] {spark_submit.py:579} INFO - 24/10/25 15:15:53 INFO MetricsSystemImpl: s3a-file-system metrics system started
[2024-10-25T15:15:54.710+0000] {spark_submit.py:579} INFO - 24/10/25 15:15:54 INFO SharedState: Warehouse path is 's3a://lakehouse/'.
[2024-10-25T15:15:55.311+0000] {spark_submit.py:579} INFO - 24/10/25 15:15:55 INFO StandaloneSchedulerBackend$StandaloneDriverEndpoint: Registered executor NettyRpcEndpointRef(spark-client://Executor) (172.18.0.4:60906) with ID 0,  ResourceProfileId 0
[2024-10-25T15:15:55.410+0000] {spark_submit.py:579} INFO - 24/10/25 15:15:55 INFO BlockManagerMasterEndpoint: Registering block manager 172.18.0.4:32783 with 1048.8 MiB RAM, BlockManagerId(0, 172.18.0.4, 32783, None)
[2024-10-25T15:15:56.260+0000] {spark_submit.py:579} INFO - 24/10/25 15:15:56 INFO InMemoryFileIndex: It took 106 ms to list leaf files for 1 paths.
[2024-10-25T15:15:58.308+0000] {spark_submit.py:579} INFO - root
[2024-10-25T15:15:58.309+0000] {spark_submit.py:579} INFO - |-- cast: string (nullable = true)
[2024-10-25T15:15:58.309+0000] {spark_submit.py:579} INFO - |-- crew: string (nullable = true)
[2024-10-25T15:15:58.310+0000] {spark_submit.py:579} INFO - |-- id: long (nullable = true)
[2024-10-25T15:15:58.310+0000] {spark_submit.py:579} INFO - 
[2024-10-25T15:15:58.311+0000] {spark_submit.py:579} INFO - 2024-10-25 15:15:58,308 INFO: None
[2024-10-25T15:15:58.311+0000] {spark_submit.py:579} INFO - 2024-10-25 15:15:58,308 INFO: Cleaning data...
[2024-10-25T15:15:58.697+0000] {spark_submit.py:579} INFO - 24/10/25 15:15:58 INFO FileSourceStrategy: Pushed Filters:
[2024-10-25T15:15:58.727+0000] {spark_submit.py:579} INFO - 24/10/25 15:15:58 INFO FileSourceStrategy: Post-Scan Filters:
[2024-10-25T15:15:59.407+0000] {spark_submit.py:579} INFO - 24/10/25 15:15:59 INFO CodeGenerator: Code generated in 308.100307 ms
[2024-10-25T15:15:59.544+0000] {spark_submit.py:579} INFO - 24/10/25 15:15:59 INFO MemoryStore: Block broadcast_0 stored as values in memory (estimated size 206.6 KiB, free 434.2 MiB)
[2024-10-25T15:15:59.611+0000] {spark_submit.py:579} INFO - 24/10/25 15:15:59 INFO MemoryStore: Block broadcast_0_piece0 stored as bytes in memory (estimated size 36.6 KiB, free 434.2 MiB)
[2024-10-25T15:15:59.616+0000] {spark_submit.py:579} INFO - 24/10/25 15:15:59 INFO BlockManagerInfo: Added broadcast_0_piece0 in memory on 84076e7a47fe:34591 (size: 36.6 KiB, free: 434.4 MiB)
[2024-10-25T15:15:59.623+0000] {spark_submit.py:579} INFO - 24/10/25 15:15:59 INFO SparkContext: Created broadcast 0 from javaToPython at NativeMethodAccessorImpl.java:0
[2024-10-25T15:15:59.648+0000] {spark_submit.py:579} INFO - 24/10/25 15:15:59 INFO FileSourceScanExec: Planning scan with bin packing, max size: 36317959 bytes, open cost is considered as scanning 4194304 bytes.
[2024-10-25T15:16:00.226+0000] {spark_submit.py:579} INFO - 24/10/25 15:16:00 INFO SparkContext: Starting job: runJob at PythonRDD.scala:179
[2024-10-25T15:16:00.242+0000] {spark_submit.py:579} INFO - 24/10/25 15:16:00 INFO DAGScheduler: Got job 0 (runJob at PythonRDD.scala:179) with 1 output partitions
[2024-10-25T15:16:00.242+0000] {spark_submit.py:579} INFO - 24/10/25 15:16:00 INFO DAGScheduler: Final stage: ResultStage 0 (runJob at PythonRDD.scala:179)
[2024-10-25T15:16:00.243+0000] {spark_submit.py:579} INFO - 24/10/25 15:16:00 INFO DAGScheduler: Parents of final stage: List()
[2024-10-25T15:16:00.247+0000] {spark_submit.py:579} INFO - 24/10/25 15:16:00 INFO DAGScheduler: Missing parents: List()
[2024-10-25T15:16:00.251+0000] {spark_submit.py:579} INFO - 24/10/25 15:16:00 INFO DAGScheduler: Submitting ResultStage 0 (PythonRDD[6] at RDD at PythonRDD.scala:53), which has no missing parents
[2024-10-25T15:16:00.314+0000] {spark_submit.py:579} INFO - 24/10/25 15:16:00 INFO MemoryStore: Block broadcast_1 stored as values in memory (estimated size 26.7 KiB, free 434.1 MiB)
[2024-10-25T15:16:00.323+0000] {spark_submit.py:579} INFO - 24/10/25 15:16:00 INFO MemoryStore: Block broadcast_1_piece0 stored as bytes in memory (estimated size 11.7 KiB, free 434.1 MiB)
[2024-10-25T15:16:00.324+0000] {spark_submit.py:579} INFO - 24/10/25 15:16:00 INFO BlockManagerInfo: Added broadcast_1_piece0 in memory on 84076e7a47fe:34591 (size: 11.7 KiB, free: 434.4 MiB)
[2024-10-25T15:16:00.325+0000] {spark_submit.py:579} INFO - 24/10/25 15:16:00 INFO SparkContext: Created broadcast 1 from broadcast at DAGScheduler.scala:1540
[2024-10-25T15:16:00.348+0000] {spark_submit.py:579} INFO - 24/10/25 15:16:00 INFO DAGScheduler: Submitting 1 missing tasks from ResultStage 0 (PythonRDD[6] at RDD at PythonRDD.scala:53) (first 15 tasks are for partitions Vector(0))
[2024-10-25T15:16:00.351+0000] {spark_submit.py:579} INFO - 24/10/25 15:16:00 INFO TaskSchedulerImpl: Adding task set 0.0 with 1 tasks resource profile 0
[2024-10-25T15:16:00.391+0000] {spark_submit.py:579} INFO - 24/10/25 15:16:00 INFO TaskSetManager: Starting task 0.0 in stage 0.0 (TID 0) (172.18.0.4, executor 0, partition 0, PROCESS_LOCAL, 7922 bytes)
[2024-10-25T15:16:00.635+0000] {spark_submit.py:579} INFO - 24/10/25 15:16:00 INFO BlockManagerInfo: Added broadcast_1_piece0 in memory on 172.18.0.4:32783 (size: 11.7 KiB, free: 1048.8 MiB)
[2024-10-25T15:16:01.650+0000] {spark_submit.py:579} INFO - 24/10/25 15:16:01 WARN TaskSetManager: Lost task 0.0 in stage 0.0 (TID 0) (172.18.0.4 executor 0): java.io.IOException: Cannot run program "python3.11": error=2, No such file or directory
[2024-10-25T15:16:01.651+0000] {spark_submit.py:579} INFO - at java.base/java.lang.ProcessBuilder.start(ProcessBuilder.java:1143)
[2024-10-25T15:16:01.651+0000] {spark_submit.py:579} INFO - at java.base/java.lang.ProcessBuilder.start(ProcessBuilder.java:1073)
[2024-10-25T15:16:01.651+0000] {spark_submit.py:579} INFO - at org.apache.spark.api.python.PythonWorkerFactory.startDaemon(PythonWorkerFactory.scala:222)
[2024-10-25T15:16:01.652+0000] {spark_submit.py:579} INFO - at org.apache.spark.api.python.PythonWorkerFactory.createThroughDaemon(PythonWorkerFactory.scala:134)
[2024-10-25T15:16:01.652+0000] {spark_submit.py:579} INFO - at org.apache.spark.api.python.PythonWorkerFactory.create(PythonWorkerFactory.scala:107)
[2024-10-25T15:16:01.652+0000] {spark_submit.py:579} INFO - at org.apache.spark.SparkEnv.createPythonWorker(SparkEnv.scala:124)
[2024-10-25T15:16:01.653+0000] {spark_submit.py:579} INFO - at org.apache.spark.api.python.BasePythonRunner.compute(PythonRunner.scala:166)
[2024-10-25T15:16:01.653+0000] {spark_submit.py:579} INFO - at org.apache.spark.api.python.PythonRDD.compute(PythonRDD.scala:65)
[2024-10-25T15:16:01.654+0000] {spark_submit.py:579} INFO - at org.apache.spark.rdd.RDD.computeOrReadCheckpoint(RDD.scala:367)
[2024-10-25T15:16:01.654+0000] {spark_submit.py:579} INFO - at org.apache.spark.rdd.RDD.iterator(RDD.scala:331)
[2024-10-25T15:16:01.655+0000] {spark_submit.py:579} INFO - at org.apache.spark.scheduler.ResultTask.runTask(ResultTask.scala:92)
[2024-10-25T15:16:01.656+0000] {spark_submit.py:579} INFO - at org.apache.spark.TaskContext.runTaskWithListeners(TaskContext.scala:161)
[2024-10-25T15:16:01.656+0000] {spark_submit.py:579} INFO - at org.apache.spark.scheduler.Task.run(Task.scala:139)
[2024-10-25T15:16:01.657+0000] {spark_submit.py:579} INFO - at org.apache.spark.executor.Executor$TaskRunner.$anonfun$run$3(Executor.scala:554)
[2024-10-25T15:16:01.658+0000] {spark_submit.py:579} INFO - at org.apache.spark.util.Utils$.tryWithSafeFinally(Utils.scala:1529)
[2024-10-25T15:16:01.658+0000] {spark_submit.py:579} INFO - at org.apache.spark.executor.Executor$TaskRunner.run(Executor.scala:557)
[2024-10-25T15:16:01.659+0000] {spark_submit.py:579} INFO - at java.base/java.util.concurrent.ThreadPoolExecutor.runWorker(ThreadPoolExecutor.java:1136)
[2024-10-25T15:16:01.660+0000] {spark_submit.py:579} INFO - at java.base/java.util.concurrent.ThreadPoolExecutor$Worker.run(ThreadPoolExecutor.java:635)
[2024-10-25T15:16:01.660+0000] {spark_submit.py:579} INFO - at java.base/java.lang.Thread.run(Thread.java:840)
[2024-10-25T15:16:01.661+0000] {spark_submit.py:579} INFO - Caused by: java.io.IOException: error=2, No such file or directory
[2024-10-25T15:16:01.662+0000] {spark_submit.py:579} INFO - at java.base/java.lang.ProcessImpl.forkAndExec(Native Method)
[2024-10-25T15:16:01.663+0000] {spark_submit.py:579} INFO - at java.base/java.lang.ProcessImpl.<init>(ProcessImpl.java:314)
[2024-10-25T15:16:01.665+0000] {spark_submit.py:579} INFO - at java.base/java.lang.ProcessImpl.start(ProcessImpl.java:244)
[2024-10-25T15:16:01.666+0000] {spark_submit.py:579} INFO - at java.base/java.lang.ProcessBuilder.start(ProcessBuilder.java:1110)
[2024-10-25T15:16:01.667+0000] {spark_submit.py:579} INFO - ... 18 more
[2024-10-25T15:16:01.668+0000] {spark_submit.py:579} INFO - 
[2024-10-25T15:16:01.668+0000] {spark_submit.py:579} INFO - 24/10/25 15:16:01 INFO TaskSetManager: Starting task 0.1 in stage 0.0 (TID 1) (172.18.0.4, executor 0, partition 0, PROCESS_LOCAL, 7922 bytes)
[2024-10-25T15:16:01.695+0000] {spark_submit.py:579} INFO - 24/10/25 15:16:01 INFO TaskSetManager: Lost task 0.1 in stage 0.0 (TID 1) on 172.18.0.4, executor 0: java.io.IOException (Cannot run program "python3.11": error=2, No such file or directory) [duplicate 1]
[2024-10-25T15:16:01.697+0000] {spark_submit.py:579} INFO - 24/10/25 15:16:01 INFO TaskSetManager: Starting task 0.2 in stage 0.0 (TID 2) (172.18.0.4, executor 0, partition 0, PROCESS_LOCAL, 7922 bytes)
[2024-10-25T15:16:01.724+0000] {spark_submit.py:579} INFO - 24/10/25 15:16:01 INFO TaskSetManager: Lost task 0.2 in stage 0.0 (TID 2) on 172.18.0.4, executor 0: java.io.IOException (Cannot run program "python3.11": error=2, No such file or directory) [duplicate 2]
[2024-10-25T15:16:01.727+0000] {spark_submit.py:579} INFO - 24/10/25 15:16:01 INFO TaskSetManager: Starting task 0.3 in stage 0.0 (TID 3) (172.18.0.4, executor 0, partition 0, PROCESS_LOCAL, 7922 bytes)
[2024-10-25T15:16:01.752+0000] {spark_submit.py:579} INFO - 24/10/25 15:16:01 INFO TaskSetManager: Lost task 0.3 in stage 0.0 (TID 3) on 172.18.0.4, executor 0: java.io.IOException (Cannot run program "python3.11": error=2, No such file or directory) [duplicate 3]
[2024-10-25T15:16:01.753+0000] {spark_submit.py:579} INFO - 24/10/25 15:16:01 ERROR TaskSetManager: Task 0 in stage 0.0 failed 4 times; aborting job
[2024-10-25T15:16:01.756+0000] {spark_submit.py:579} INFO - 24/10/25 15:16:01 INFO TaskSchedulerImpl: Removed TaskSet 0.0, whose tasks have all completed, from pool
[2024-10-25T15:16:01.758+0000] {spark_submit.py:579} INFO - 24/10/25 15:16:01 INFO TaskSchedulerImpl: Cancelling stage 0
[2024-10-25T15:16:01.758+0000] {spark_submit.py:579} INFO - 24/10/25 15:16:01 INFO TaskSchedulerImpl: Killing all running tasks in stage 0: Stage cancelled
[2024-10-25T15:16:01.760+0000] {spark_submit.py:579} INFO - 24/10/25 15:16:01 INFO DAGScheduler: ResultStage 0 (runJob at PythonRDD.scala:179) failed in 1.495 s due to Job aborted due to stage failure: Task 0 in stage 0.0 failed 4 times, most recent failure: Lost task 0.3 in stage 0.0 (TID 3) (172.18.0.4 executor 0): java.io.IOException: Cannot run program "python3.11": error=2, No such file or directory
[2024-10-25T15:16:01.761+0000] {spark_submit.py:579} INFO - at java.base/java.lang.ProcessBuilder.start(ProcessBuilder.java:1143)
[2024-10-25T15:16:01.761+0000] {spark_submit.py:579} INFO - at java.base/java.lang.ProcessBuilder.start(ProcessBuilder.java:1073)
[2024-10-25T15:16:01.762+0000] {spark_submit.py:579} INFO - at org.apache.spark.api.python.PythonWorkerFactory.startDaemon(PythonWorkerFactory.scala:222)
[2024-10-25T15:16:01.762+0000] {spark_submit.py:579} INFO - at org.apache.spark.api.python.PythonWorkerFactory.createThroughDaemon(PythonWorkerFactory.scala:134)
[2024-10-25T15:16:01.763+0000] {spark_submit.py:579} INFO - at org.apache.spark.api.python.PythonWorkerFactory.create(PythonWorkerFactory.scala:107)
[2024-10-25T15:16:01.763+0000] {spark_submit.py:579} INFO - at org.apache.spark.SparkEnv.createPythonWorker(SparkEnv.scala:124)
[2024-10-25T15:16:01.763+0000] {spark_submit.py:579} INFO - at org.apache.spark.api.python.BasePythonRunner.compute(PythonRunner.scala:166)
[2024-10-25T15:16:01.764+0000] {spark_submit.py:579} INFO - at org.apache.spark.api.python.PythonRDD.compute(PythonRDD.scala:65)
[2024-10-25T15:16:01.764+0000] {spark_submit.py:579} INFO - at org.apache.spark.rdd.RDD.computeOrReadCheckpoint(RDD.scala:367)
[2024-10-25T15:16:01.764+0000] {spark_submit.py:579} INFO - at org.apache.spark.rdd.RDD.iterator(RDD.scala:331)
[2024-10-25T15:16:01.765+0000] {spark_submit.py:579} INFO - at org.apache.spark.scheduler.ResultTask.runTask(ResultTask.scala:92)
[2024-10-25T15:16:01.765+0000] {spark_submit.py:579} INFO - at org.apache.spark.TaskContext.runTaskWithListeners(TaskContext.scala:161)
[2024-10-25T15:16:01.765+0000] {spark_submit.py:579} INFO - at org.apache.spark.scheduler.Task.run(Task.scala:139)
[2024-10-25T15:16:01.766+0000] {spark_submit.py:579} INFO - at org.apache.spark.executor.Executor$TaskRunner.$anonfun$run$3(Executor.scala:554)
[2024-10-25T15:16:01.766+0000] {spark_submit.py:579} INFO - at org.apache.spark.util.Utils$.tryWithSafeFinally(Utils.scala:1529)
[2024-10-25T15:16:01.766+0000] {spark_submit.py:579} INFO - at org.apache.spark.executor.Executor$TaskRunner.run(Executor.scala:557)
[2024-10-25T15:16:01.767+0000] {spark_submit.py:579} INFO - at java.base/java.util.concurrent.ThreadPoolExecutor.runWorker(ThreadPoolExecutor.java:1136)
[2024-10-25T15:16:01.767+0000] {spark_submit.py:579} INFO - at java.base/java.util.concurrent.ThreadPoolExecutor$Worker.run(ThreadPoolExecutor.java:635)
[2024-10-25T15:16:01.767+0000] {spark_submit.py:579} INFO - at java.base/java.lang.Thread.run(Thread.java:840)
[2024-10-25T15:16:01.767+0000] {spark_submit.py:579} INFO - Caused by: java.io.IOException: error=2, No such file or directory
[2024-10-25T15:16:01.768+0000] {spark_submit.py:579} INFO - at java.base/java.lang.ProcessImpl.forkAndExec(Native Method)
[2024-10-25T15:16:01.768+0000] {spark_submit.py:579} INFO - at java.base/java.lang.ProcessImpl.<init>(ProcessImpl.java:314)
[2024-10-25T15:16:01.768+0000] {spark_submit.py:579} INFO - at java.base/java.lang.ProcessImpl.start(ProcessImpl.java:244)
[2024-10-25T15:16:01.769+0000] {spark_submit.py:579} INFO - at java.base/java.lang.ProcessBuilder.start(ProcessBuilder.java:1110)
[2024-10-25T15:16:01.769+0000] {spark_submit.py:579} INFO - ... 18 more
[2024-10-25T15:16:01.769+0000] {spark_submit.py:579} INFO - 
[2024-10-25T15:16:01.769+0000] {spark_submit.py:579} INFO - Driver stacktrace:
[2024-10-25T15:16:01.770+0000] {spark_submit.py:579} INFO - 24/10/25 15:16:01 INFO DAGScheduler: Job 0 failed: runJob at PythonRDD.scala:179, took 1.538811 s
[2024-10-25T15:16:01.842+0000] {spark_submit.py:579} INFO - 2024-10-25 15:16:01,842 ERROR: Error during cleaning process: An error occurred while calling z:org.apache.spark.api.python.PythonRDD.runJob.
[2024-10-25T15:16:01.843+0000] {spark_submit.py:579} INFO - : org.apache.spark.SparkException: Job aborted due to stage failure: Task 0 in stage 0.0 failed 4 times, most recent failure: Lost task 0.3 in stage 0.0 (TID 3) (172.18.0.4 executor 0): java.io.IOException: Cannot run program "python3.11": error=2, No such file or directory
[2024-10-25T15:16:01.843+0000] {spark_submit.py:579} INFO - at java.base/java.lang.ProcessBuilder.start(ProcessBuilder.java:1143)
[2024-10-25T15:16:01.844+0000] {spark_submit.py:579} INFO - at java.base/java.lang.ProcessBuilder.start(ProcessBuilder.java:1073)
[2024-10-25T15:16:01.844+0000] {spark_submit.py:579} INFO - at org.apache.spark.api.python.PythonWorkerFactory.startDaemon(PythonWorkerFactory.scala:222)
[2024-10-25T15:16:01.844+0000] {spark_submit.py:579} INFO - at org.apache.spark.api.python.PythonWorkerFactory.createThroughDaemon(PythonWorkerFactory.scala:134)
[2024-10-25T15:16:01.844+0000] {spark_submit.py:579} INFO - at org.apache.spark.api.python.PythonWorkerFactory.create(PythonWorkerFactory.scala:107)
[2024-10-25T15:16:01.845+0000] {spark_submit.py:579} INFO - at org.apache.spark.SparkEnv.createPythonWorker(SparkEnv.scala:124)
[2024-10-25T15:16:01.845+0000] {spark_submit.py:579} INFO - at org.apache.spark.api.python.BasePythonRunner.compute(PythonRunner.scala:166)
[2024-10-25T15:16:01.845+0000] {spark_submit.py:579} INFO - at org.apache.spark.api.python.PythonRDD.compute(PythonRDD.scala:65)
[2024-10-25T15:16:01.845+0000] {spark_submit.py:579} INFO - at org.apache.spark.rdd.RDD.computeOrReadCheckpoint(RDD.scala:367)
[2024-10-25T15:16:01.846+0000] {spark_submit.py:579} INFO - at org.apache.spark.rdd.RDD.iterator(RDD.scala:331)
[2024-10-25T15:16:01.846+0000] {spark_submit.py:579} INFO - at org.apache.spark.scheduler.ResultTask.runTask(ResultTask.scala:92)
[2024-10-25T15:16:01.846+0000] {spark_submit.py:579} INFO - at org.apache.spark.TaskContext.runTaskWithListeners(TaskContext.scala:161)
[2024-10-25T15:16:01.847+0000] {spark_submit.py:579} INFO - at org.apache.spark.scheduler.Task.run(Task.scala:139)
[2024-10-25T15:16:01.847+0000] {spark_submit.py:579} INFO - at org.apache.spark.executor.Executor$TaskRunner.$anonfun$run$3(Executor.scala:554)
[2024-10-25T15:16:01.847+0000] {spark_submit.py:579} INFO - at org.apache.spark.util.Utils$.tryWithSafeFinally(Utils.scala:1529)
[2024-10-25T15:16:01.848+0000] {spark_submit.py:579} INFO - at org.apache.spark.executor.Executor$TaskRunner.run(Executor.scala:557)
[2024-10-25T15:16:01.848+0000] {spark_submit.py:579} INFO - at java.base/java.util.concurrent.ThreadPoolExecutor.runWorker(ThreadPoolExecutor.java:1136)
[2024-10-25T15:16:01.848+0000] {spark_submit.py:579} INFO - at java.base/java.util.concurrent.ThreadPoolExecutor$Worker.run(ThreadPoolExecutor.java:635)
[2024-10-25T15:16:01.849+0000] {spark_submit.py:579} INFO - at java.base/java.lang.Thread.run(Thread.java:840)
[2024-10-25T15:16:01.849+0000] {spark_submit.py:579} INFO - Caused by: java.io.IOException: error=2, No such file or directory
[2024-10-25T15:16:01.849+0000] {spark_submit.py:579} INFO - at java.base/java.lang.ProcessImpl.forkAndExec(Native Method)
[2024-10-25T15:16:01.850+0000] {spark_submit.py:579} INFO - at java.base/java.lang.ProcessImpl.<init>(ProcessImpl.java:314)
[2024-10-25T15:16:01.850+0000] {spark_submit.py:579} INFO - at java.base/java.lang.ProcessImpl.start(ProcessImpl.java:244)
[2024-10-25T15:16:01.851+0000] {spark_submit.py:579} INFO - at java.base/java.lang.ProcessBuilder.start(ProcessBuilder.java:1110)
[2024-10-25T15:16:01.851+0000] {spark_submit.py:579} INFO - ... 18 more
[2024-10-25T15:16:01.851+0000] {spark_submit.py:579} INFO - 
[2024-10-25T15:16:01.852+0000] {spark_submit.py:579} INFO - Driver stacktrace:
[2024-10-25T15:16:01.853+0000] {spark_submit.py:579} INFO - at org.apache.spark.scheduler.DAGScheduler.failJobAndIndependentStages(DAGScheduler.scala:2790)
[2024-10-25T15:16:01.853+0000] {spark_submit.py:579} INFO - at org.apache.spark.scheduler.DAGScheduler.$anonfun$abortStage$2(DAGScheduler.scala:2726)
[2024-10-25T15:16:01.854+0000] {spark_submit.py:579} INFO - at org.apache.spark.scheduler.DAGScheduler.$anonfun$abortStage$2$adapted(DAGScheduler.scala:2725)
[2024-10-25T15:16:01.854+0000] {spark_submit.py:579} INFO - at scala.collection.mutable.ResizableArray.foreach(ResizableArray.scala:62)
[2024-10-25T15:16:01.854+0000] {spark_submit.py:579} INFO - at scala.collection.mutable.ResizableArray.foreach$(ResizableArray.scala:55)
[2024-10-25T15:16:01.855+0000] {spark_submit.py:579} INFO - at scala.collection.mutable.ArrayBuffer.foreach(ArrayBuffer.scala:49)
[2024-10-25T15:16:01.855+0000] {spark_submit.py:579} INFO - at org.apache.spark.scheduler.DAGScheduler.abortStage(DAGScheduler.scala:2725)
[2024-10-25T15:16:01.855+0000] {spark_submit.py:579} INFO - at org.apache.spark.scheduler.DAGScheduler.$anonfun$handleTaskSetFailed$1(DAGScheduler.scala:1211)
[2024-10-25T15:16:01.855+0000] {spark_submit.py:579} INFO - at org.apache.spark.scheduler.DAGScheduler.$anonfun$handleTaskSetFailed$1$adapted(DAGScheduler.scala:1211)
[2024-10-25T15:16:01.855+0000] {spark_submit.py:579} INFO - at scala.Option.foreach(Option.scala:407)
[2024-10-25T15:16:01.856+0000] {spark_submit.py:579} INFO - at org.apache.spark.scheduler.DAGScheduler.handleTaskSetFailed(DAGScheduler.scala:1211)
[2024-10-25T15:16:01.856+0000] {spark_submit.py:579} INFO - at org.apache.spark.scheduler.DAGSchedulerEventProcessLoop.doOnReceive(DAGScheduler.scala:2989)
[2024-10-25T15:16:01.856+0000] {spark_submit.py:579} INFO - at org.apache.spark.scheduler.DAGSchedulerEventProcessLoop.onReceive(DAGScheduler.scala:2928)
[2024-10-25T15:16:01.856+0000] {spark_submit.py:579} INFO - at org.apache.spark.scheduler.DAGSchedulerEventProcessLoop.onReceive(DAGScheduler.scala:2917)
[2024-10-25T15:16:01.857+0000] {spark_submit.py:579} INFO - at org.apache.spark.util.EventLoop$$anon$1.run(EventLoop.scala:49)
[2024-10-25T15:16:01.857+0000] {spark_submit.py:579} INFO - at org.apache.spark.scheduler.DAGScheduler.runJob(DAGScheduler.scala:976)
[2024-10-25T15:16:01.857+0000] {spark_submit.py:579} INFO - at org.apache.spark.SparkContext.runJob(SparkContext.scala:2263)
[2024-10-25T15:16:01.857+0000] {spark_submit.py:579} INFO - at org.apache.spark.SparkContext.runJob(SparkContext.scala:2284)
[2024-10-25T15:16:01.858+0000] {spark_submit.py:579} INFO - at org.apache.spark.SparkContext.runJob(SparkContext.scala:2303)
[2024-10-25T15:16:01.858+0000] {spark_submit.py:579} INFO - at org.apache.spark.api.python.PythonRDD$.runJob(PythonRDD.scala:179)
[2024-10-25T15:16:01.858+0000] {spark_submit.py:579} INFO - at org.apache.spark.api.python.PythonRDD.runJob(PythonRDD.scala)
[2024-10-25T15:16:01.859+0000] {spark_submit.py:579} INFO - at java.base/jdk.internal.reflect.NativeMethodAccessorImpl.invoke0(Native Method)
[2024-10-25T15:16:01.859+0000] {spark_submit.py:579} INFO - at java.base/jdk.internal.reflect.NativeMethodAccessorImpl.invoke(NativeMethodAccessorImpl.java:62)
[2024-10-25T15:16:01.859+0000] {spark_submit.py:579} INFO - at java.base/jdk.internal.reflect.DelegatingMethodAccessorImpl.invoke(DelegatingMethodAccessorImpl.java:43)
[2024-10-25T15:16:01.860+0000] {spark_submit.py:579} INFO - at java.base/java.lang.reflect.Method.invoke(Method.java:566)
[2024-10-25T15:16:01.860+0000] {spark_submit.py:579} INFO - at py4j.reflection.MethodInvoker.invoke(MethodInvoker.java:244)
[2024-10-25T15:16:01.860+0000] {spark_submit.py:579} INFO - at py4j.reflection.ReflectionEngine.invoke(ReflectionEngine.java:374)
[2024-10-25T15:16:01.860+0000] {spark_submit.py:579} INFO - at py4j.Gateway.invoke(Gateway.java:282)
[2024-10-25T15:16:01.860+0000] {spark_submit.py:579} INFO - at py4j.commands.AbstractCommand.invokeMethod(AbstractCommand.java:132)
[2024-10-25T15:16:01.861+0000] {spark_submit.py:579} INFO - at py4j.commands.CallCommand.execute(CallCommand.java:79)
[2024-10-25T15:16:01.862+0000] {spark_submit.py:579} INFO - at py4j.ClientServerConnection.waitForCommands(ClientServerConnection.java:182)
[2024-10-25T15:16:01.862+0000] {spark_submit.py:579} INFO - at py4j.ClientServerConnection.run(ClientServerConnection.java:106)
[2024-10-25T15:16:01.862+0000] {spark_submit.py:579} INFO - at java.base/java.lang.Thread.run(Thread.java:829)
[2024-10-25T15:16:01.863+0000] {spark_submit.py:579} INFO - Caused by: java.io.IOException: Cannot run program "python3.11": error=2, No such file or directory
[2024-10-25T15:16:01.863+0000] {spark_submit.py:579} INFO - at java.base/java.lang.ProcessBuilder.start(ProcessBuilder.java:1143)
[2024-10-25T15:16:01.863+0000] {spark_submit.py:579} INFO - at java.base/java.lang.ProcessBuilder.start(ProcessBuilder.java:1073)
[2024-10-25T15:16:01.864+0000] {spark_submit.py:579} INFO - at org.apache.spark.api.python.PythonWorkerFactory.startDaemon(PythonWorkerFactory.scala:222)
[2024-10-25T15:16:01.864+0000] {spark_submit.py:579} INFO - at org.apache.spark.api.python.PythonWorkerFactory.createThroughDaemon(PythonWorkerFactory.scala:134)
[2024-10-25T15:16:01.865+0000] {spark_submit.py:579} INFO - at org.apache.spark.api.python.PythonWorkerFactory.create(PythonWorkerFactory.scala:107)
[2024-10-25T15:16:01.865+0000] {spark_submit.py:579} INFO - at org.apache.spark.SparkEnv.createPythonWorker(SparkEnv.scala:124)
[2024-10-25T15:16:01.866+0000] {spark_submit.py:579} INFO - at org.apache.spark.api.python.BasePythonRunner.compute(PythonRunner.scala:166)
[2024-10-25T15:16:01.867+0000] {spark_submit.py:579} INFO - at org.apache.spark.api.python.PythonRDD.compute(PythonRDD.scala:65)
[2024-10-25T15:16:01.867+0000] {spark_submit.py:579} INFO - at org.apache.spark.rdd.RDD.computeOrReadCheckpoint(RDD.scala:367)
[2024-10-25T15:16:01.868+0000] {spark_submit.py:579} INFO - at org.apache.spark.rdd.RDD.iterator(RDD.scala:331)
[2024-10-25T15:16:01.868+0000] {spark_submit.py:579} INFO - at org.apache.spark.scheduler.ResultTask.runTask(ResultTask.scala:92)
[2024-10-25T15:16:01.869+0000] {spark_submit.py:579} INFO - at org.apache.spark.TaskContext.runTaskWithListeners(TaskContext.scala:161)
[2024-10-25T15:16:01.869+0000] {spark_submit.py:579} INFO - at org.apache.spark.scheduler.Task.run(Task.scala:139)
[2024-10-25T15:16:01.870+0000] {spark_submit.py:579} INFO - at org.apache.spark.executor.Executor$TaskRunner.$anonfun$run$3(Executor.scala:554)
[2024-10-25T15:16:01.871+0000] {spark_submit.py:579} INFO - at org.apache.spark.util.Utils$.tryWithSafeFinally(Utils.scala:1529)
[2024-10-25T15:16:01.871+0000] {spark_submit.py:579} INFO - at org.apache.spark.executor.Executor$TaskRunner.run(Executor.scala:557)
[2024-10-25T15:16:01.871+0000] {spark_submit.py:579} INFO - at java.base/java.util.concurrent.ThreadPoolExecutor.runWorker(ThreadPoolExecutor.java:1136)
[2024-10-25T15:16:01.872+0000] {spark_submit.py:579} INFO - at java.base/java.util.concurrent.ThreadPoolExecutor$Worker.run(ThreadPoolExecutor.java:635)
[2024-10-25T15:16:01.872+0000] {spark_submit.py:579} INFO - at java.base/java.lang.Thread.run(Thread.java:840)
[2024-10-25T15:16:01.873+0000] {spark_submit.py:579} INFO - Caused by: java.io.IOException: error=2, No such file or directory
[2024-10-25T15:16:01.873+0000] {spark_submit.py:579} INFO - at java.base/java.lang.ProcessImpl.forkAndExec(Native Method)
[2024-10-25T15:16:01.874+0000] {spark_submit.py:579} INFO - at java.base/java.lang.ProcessImpl.<init>(ProcessImpl.java:314)
[2024-10-25T15:16:01.874+0000] {spark_submit.py:579} INFO - at java.base/java.lang.ProcessImpl.start(ProcessImpl.java:244)
[2024-10-25T15:16:01.875+0000] {spark_submit.py:579} INFO - at java.base/java.lang.ProcessBuilder.start(ProcessBuilder.java:1110)
[2024-10-25T15:16:01.876+0000] {spark_submit.py:579} INFO - ... 18 more
[2024-10-25T15:16:01.876+0000] {spark_submit.py:579} INFO - 
[2024-10-25T15:16:01.877+0000] {spark_submit.py:579} INFO - 2024-10-25 15:16:01,848 ERROR: Traceback (most recent call last):
[2024-10-25T15:16:01.877+0000] {spark_submit.py:579} INFO - File "/opt/***/jobs/python/test_Credit.py", line 196, in clean_credits
[2024-10-25T15:16:01.878+0000] {spark_submit.py:579} INFO - df_cleaned = processed_rdd.toDF()
[2024-10-25T15:16:01.879+0000] {spark_submit.py:579} INFO - ^^^^^^^^^^^^^^^^^^^^
[2024-10-25T15:16:01.879+0000] {spark_submit.py:579} INFO - File "/home/***/.local/lib/python3.11/site-packages/pyspark/python/lib/pyspark.zip/pyspark/sql/session.py", line 115, in toDF
[2024-10-25T15:16:01.880+0000] {spark_submit.py:579} INFO - return sparkSession.createDataFrame(self, schema, sampleRatio)
[2024-10-25T15:16:01.880+0000] {spark_submit.py:579} INFO - ^^^^^^^^^^^^^^^^^^^^^^^^^^^^^^^^^^^^^^^^^^^^^^^^^^^^^^^
[2024-10-25T15:16:01.880+0000] {spark_submit.py:579} INFO - File "/home/***/.local/lib/python3.11/site-packages/pyspark/python/lib/pyspark.zip/pyspark/sql/session.py", line 1276, in createDataFrame
[2024-10-25T15:16:01.881+0000] {spark_submit.py:579} INFO - return self._create_dataframe(
[2024-10-25T15:16:01.882+0000] {spark_submit.py:579} INFO - ^^^^^^^^^^^^^^^^^^^^^^^
[2024-10-25T15:16:01.883+0000] {spark_submit.py:579} INFO - File "/home/***/.local/lib/python3.11/site-packages/pyspark/python/lib/pyspark.zip/pyspark/sql/session.py", line 1316, in _create_dataframe
[2024-10-25T15:16:01.884+0000] {spark_submit.py:579} INFO - rdd, struct = self._createFromRDD(data.map(prepare), schema, samplingRatio)
[2024-10-25T15:16:01.884+0000] {spark_submit.py:579} INFO - ^^^^^^^^^^^^^^^^^^^^^^^^^^^^^^^^^^^^^^^^^^^^^^^^^^^^^^^^^^^^^
[2024-10-25T15:16:01.885+0000] {spark_submit.py:579} INFO - File "/home/***/.local/lib/python3.11/site-packages/pyspark/python/lib/pyspark.zip/pyspark/sql/session.py", line 931, in _createFromRDD
[2024-10-25T15:16:01.886+0000] {spark_submit.py:579} INFO - struct = self._inferSchema(rdd, samplingRatio, names=schema)
[2024-10-25T15:16:01.887+0000] {spark_submit.py:579} INFO - ^^^^^^^^^^^^^^^^^^^^^^^^^^^^^^^^^^^^^^^^^^^^^^^^^^^
[2024-10-25T15:16:01.888+0000] {spark_submit.py:579} INFO - File "/home/***/.local/lib/python3.11/site-packages/pyspark/python/lib/pyspark.zip/pyspark/sql/session.py", line 874, in _inferSchema
[2024-10-25T15:16:01.889+0000] {spark_submit.py:579} INFO - first = rdd.first()
[2024-10-25T15:16:01.890+0000] {spark_submit.py:579} INFO - ^^^^^^^^^^^
[2024-10-25T15:16:01.890+0000] {spark_submit.py:579} INFO - File "/home/***/.local/lib/python3.11/site-packages/pyspark/python/lib/pyspark.zip/pyspark/rdd.py", line 2869, in first
[2024-10-25T15:16:01.891+0000] {spark_submit.py:579} INFO - rs = self.take(1)
[2024-10-25T15:16:01.892+0000] {spark_submit.py:579} INFO - ^^^^^^^^^^^^
[2024-10-25T15:16:01.893+0000] {spark_submit.py:579} INFO - File "/home/***/.local/lib/python3.11/site-packages/pyspark/python/lib/pyspark.zip/pyspark/rdd.py", line 2836, in take
[2024-10-25T15:16:01.893+0000] {spark_submit.py:579} INFO - res = self.context.runJob(self, takeUpToNumLeft, p)
[2024-10-25T15:16:01.894+0000] {spark_submit.py:579} INFO - ^^^^^^^^^^^^^^^^^^^^^^^^^^^^^^^^^^^^^^^^^^^^^
[2024-10-25T15:16:01.895+0000] {spark_submit.py:579} INFO - File "/home/***/.local/lib/python3.11/site-packages/pyspark/python/lib/pyspark.zip/pyspark/context.py", line 2319, in runJob
[2024-10-25T15:16:01.895+0000] {spark_submit.py:579} INFO - sock_info = self._jvm.PythonRDD.runJob(self._jsc.sc(), mappedRDD._jrdd, partitions)
[2024-10-25T15:16:01.896+0000] {spark_submit.py:579} INFO - ^^^^^^^^^^^^^^^^^^^^^^^^^^^^^^^^^^^^^^^^^^^^^^^^^^^^^^^^^^^^^^^^^^^^^^^
[2024-10-25T15:16:01.897+0000] {spark_submit.py:579} INFO - File "/home/***/.local/lib/python3.11/site-packages/pyspark/python/lib/py4j-0.10.9.7-src.zip/py4j/java_gateway.py", line 1322, in __call__
[2024-10-25T15:16:01.898+0000] {spark_submit.py:579} INFO - return_value = get_return_value(
[2024-10-25T15:16:01.899+0000] {spark_submit.py:579} INFO - ^^^^^^^^^^^^^^^^^
[2024-10-25T15:16:01.899+0000] {spark_submit.py:579} INFO - File "/home/***/.local/lib/python3.11/site-packages/pyspark/python/lib/pyspark.zip/pyspark/errors/exceptions/captured.py", line 169, in deco
[2024-10-25T15:16:01.900+0000] {spark_submit.py:579} INFO - return f(*a, **kw)
[2024-10-25T15:16:01.900+0000] {spark_submit.py:579} INFO - ^^^^^^^^^^^
[2024-10-25T15:16:01.901+0000] {spark_submit.py:579} INFO - File "/home/***/.local/lib/python3.11/site-packages/pyspark/python/lib/py4j-0.10.9.7-src.zip/py4j/protocol.py", line 326, in get_return_value
[2024-10-25T15:16:01.901+0000] {spark_submit.py:579} INFO - raise Py4JJavaError(
[2024-10-25T15:16:01.902+0000] {spark_submit.py:579} INFO - py4j.protocol.Py4JJavaError: An error occurred while calling z:org.apache.spark.api.python.PythonRDD.runJob.
[2024-10-25T15:16:01.903+0000] {spark_submit.py:579} INFO - : org.apache.spark.SparkException: Job aborted due to stage failure: Task 0 in stage 0.0 failed 4 times, most recent failure: Lost task 0.3 in stage 0.0 (TID 3) (172.18.0.4 executor 0): java.io.IOException: Cannot run program "python3.11": error=2, No such file or directory
[2024-10-25T15:16:01.904+0000] {spark_submit.py:579} INFO - at java.base/java.lang.ProcessBuilder.start(ProcessBuilder.java:1143)
[2024-10-25T15:16:01.905+0000] {spark_submit.py:579} INFO - at java.base/java.lang.ProcessBuilder.start(ProcessBuilder.java:1073)
[2024-10-25T15:16:01.905+0000] {spark_submit.py:579} INFO - at org.apache.spark.api.python.PythonWorkerFactory.startDaemon(PythonWorkerFactory.scala:222)
[2024-10-25T15:16:01.906+0000] {spark_submit.py:579} INFO - at org.apache.spark.api.python.PythonWorkerFactory.createThroughDaemon(PythonWorkerFactory.scala:134)
[2024-10-25T15:16:01.906+0000] {spark_submit.py:579} INFO - at org.apache.spark.api.python.PythonWorkerFactory.create(PythonWorkerFactory.scala:107)
[2024-10-25T15:16:01.907+0000] {spark_submit.py:579} INFO - at org.apache.spark.SparkEnv.createPythonWorker(SparkEnv.scala:124)
[2024-10-25T15:16:01.907+0000] {spark_submit.py:579} INFO - at org.apache.spark.api.python.BasePythonRunner.compute(PythonRunner.scala:166)
[2024-10-25T15:16:01.908+0000] {spark_submit.py:579} INFO - at org.apache.spark.api.python.PythonRDD.compute(PythonRDD.scala:65)
[2024-10-25T15:16:01.908+0000] {spark_submit.py:579} INFO - at org.apache.spark.rdd.RDD.computeOrReadCheckpoint(RDD.scala:367)
[2024-10-25T15:16:01.909+0000] {spark_submit.py:579} INFO - at org.apache.spark.rdd.RDD.iterator(RDD.scala:331)
[2024-10-25T15:16:01.909+0000] {spark_submit.py:579} INFO - at org.apache.spark.scheduler.ResultTask.runTask(ResultTask.scala:92)
[2024-10-25T15:16:01.910+0000] {spark_submit.py:579} INFO - at org.apache.spark.TaskContext.runTaskWithListeners(TaskContext.scala:161)
[2024-10-25T15:16:01.910+0000] {spark_submit.py:579} INFO - at org.apache.spark.scheduler.Task.run(Task.scala:139)
[2024-10-25T15:16:01.911+0000] {spark_submit.py:579} INFO - at org.apache.spark.executor.Executor$TaskRunner.$anonfun$run$3(Executor.scala:554)
[2024-10-25T15:16:01.912+0000] {spark_submit.py:579} INFO - at org.apache.spark.util.Utils$.tryWithSafeFinally(Utils.scala:1529)
[2024-10-25T15:16:01.912+0000] {spark_submit.py:579} INFO - at org.apache.spark.executor.Executor$TaskRunner.run(Executor.scala:557)
[2024-10-25T15:16:01.913+0000] {spark_submit.py:579} INFO - at java.base/java.util.concurrent.ThreadPoolExecutor.runWorker(ThreadPoolExecutor.java:1136)
[2024-10-25T15:16:01.913+0000] {spark_submit.py:579} INFO - at java.base/java.util.concurrent.ThreadPoolExecutor$Worker.run(ThreadPoolExecutor.java:635)
[2024-10-25T15:16:01.914+0000] {spark_submit.py:579} INFO - at java.base/java.lang.Thread.run(Thread.java:840)
[2024-10-25T15:16:01.914+0000] {spark_submit.py:579} INFO - Caused by: java.io.IOException: error=2, No such file or directory
[2024-10-25T15:16:01.914+0000] {spark_submit.py:579} INFO - at java.base/java.lang.ProcessImpl.forkAndExec(Native Method)
[2024-10-25T15:16:01.915+0000] {spark_submit.py:579} INFO - at java.base/java.lang.ProcessImpl.<init>(ProcessImpl.java:314)
[2024-10-25T15:16:01.915+0000] {spark_submit.py:579} INFO - at java.base/java.lang.ProcessImpl.start(ProcessImpl.java:244)
[2024-10-25T15:16:01.916+0000] {spark_submit.py:579} INFO - at java.base/java.lang.ProcessBuilder.start(ProcessBuilder.java:1110)
[2024-10-25T15:16:01.916+0000] {spark_submit.py:579} INFO - ... 18 more
[2024-10-25T15:16:01.917+0000] {spark_submit.py:579} INFO - 
[2024-10-25T15:16:01.917+0000] {spark_submit.py:579} INFO - Driver stacktrace:
[2024-10-25T15:16:01.918+0000] {spark_submit.py:579} INFO - at org.apache.spark.scheduler.DAGScheduler.failJobAndIndependentStages(DAGScheduler.scala:2790)
[2024-10-25T15:16:01.918+0000] {spark_submit.py:579} INFO - at org.apache.spark.scheduler.DAGScheduler.$anonfun$abortStage$2(DAGScheduler.scala:2726)
[2024-10-25T15:16:01.919+0000] {spark_submit.py:579} INFO - at org.apache.spark.scheduler.DAGScheduler.$anonfun$abortStage$2$adapted(DAGScheduler.scala:2725)
[2024-10-25T15:16:01.919+0000] {spark_submit.py:579} INFO - at scala.collection.mutable.ResizableArray.foreach(ResizableArray.scala:62)
[2024-10-25T15:16:01.919+0000] {spark_submit.py:579} INFO - at scala.collection.mutable.ResizableArray.foreach$(ResizableArray.scala:55)
[2024-10-25T15:16:01.919+0000] {spark_submit.py:579} INFO - at scala.collection.mutable.ArrayBuffer.foreach(ArrayBuffer.scala:49)
[2024-10-25T15:16:01.920+0000] {spark_submit.py:579} INFO - at org.apache.spark.scheduler.DAGScheduler.abortStage(DAGScheduler.scala:2725)
[2024-10-25T15:16:01.920+0000] {spark_submit.py:579} INFO - at org.apache.spark.scheduler.DAGScheduler.$anonfun$handleTaskSetFailed$1(DAGScheduler.scala:1211)
[2024-10-25T15:16:01.920+0000] {spark_submit.py:579} INFO - at org.apache.spark.scheduler.DAGScheduler.$anonfun$handleTaskSetFailed$1$adapted(DAGScheduler.scala:1211)
[2024-10-25T15:16:01.921+0000] {spark_submit.py:579} INFO - at scala.Option.foreach(Option.scala:407)
[2024-10-25T15:16:01.921+0000] {spark_submit.py:579} INFO - at org.apache.spark.scheduler.DAGScheduler.handleTaskSetFailed(DAGScheduler.scala:1211)
[2024-10-25T15:16:01.921+0000] {spark_submit.py:579} INFO - at org.apache.spark.scheduler.DAGSchedulerEventProcessLoop.doOnReceive(DAGScheduler.scala:2989)
[2024-10-25T15:16:01.922+0000] {spark_submit.py:579} INFO - at org.apache.spark.scheduler.DAGSchedulerEventProcessLoop.onReceive(DAGScheduler.scala:2928)
[2024-10-25T15:16:01.922+0000] {spark_submit.py:579} INFO - at org.apache.spark.scheduler.DAGSchedulerEventProcessLoop.onReceive(DAGScheduler.scala:2917)
[2024-10-25T15:16:01.923+0000] {spark_submit.py:579} INFO - at org.apache.spark.util.EventLoop$$anon$1.run(EventLoop.scala:49)
[2024-10-25T15:16:01.923+0000] {spark_submit.py:579} INFO - at org.apache.spark.scheduler.DAGScheduler.runJob(DAGScheduler.scala:976)
[2024-10-25T15:16:01.924+0000] {spark_submit.py:579} INFO - at org.apache.spark.SparkContext.runJob(SparkContext.scala:2263)
[2024-10-25T15:16:01.924+0000] {spark_submit.py:579} INFO - at org.apache.spark.SparkContext.runJob(SparkContext.scala:2284)
[2024-10-25T15:16:01.924+0000] {spark_submit.py:579} INFO - at org.apache.spark.SparkContext.runJob(SparkContext.scala:2303)
[2024-10-25T15:16:01.925+0000] {spark_submit.py:579} INFO - at org.apache.spark.api.python.PythonRDD$.runJob(PythonRDD.scala:179)
[2024-10-25T15:16:01.925+0000] {spark_submit.py:579} INFO - at org.apache.spark.api.python.PythonRDD.runJob(PythonRDD.scala)
[2024-10-25T15:16:01.925+0000] {spark_submit.py:579} INFO - at java.base/jdk.internal.reflect.NativeMethodAccessorImpl.invoke0(Native Method)
[2024-10-25T15:16:01.926+0000] {spark_submit.py:579} INFO - at java.base/jdk.internal.reflect.NativeMethodAccessorImpl.invoke(NativeMethodAccessorImpl.java:62)
[2024-10-25T15:16:01.926+0000] {spark_submit.py:579} INFO - at java.base/jdk.internal.reflect.DelegatingMethodAccessorImpl.invoke(DelegatingMethodAccessorImpl.java:43)
[2024-10-25T15:16:01.926+0000] {spark_submit.py:579} INFO - at java.base/java.lang.reflect.Method.invoke(Method.java:566)
[2024-10-25T15:16:01.927+0000] {spark_submit.py:579} INFO - at py4j.reflection.MethodInvoker.invoke(MethodInvoker.java:244)
[2024-10-25T15:16:01.927+0000] {spark_submit.py:579} INFO - at py4j.reflection.ReflectionEngine.invoke(ReflectionEngine.java:374)
[2024-10-25T15:16:01.928+0000] {spark_submit.py:579} INFO - at py4j.Gateway.invoke(Gateway.java:282)
[2024-10-25T15:16:01.928+0000] {spark_submit.py:579} INFO - at py4j.commands.AbstractCommand.invokeMethod(AbstractCommand.java:132)
[2024-10-25T15:16:01.929+0000] {spark_submit.py:579} INFO - at py4j.commands.CallCommand.execute(CallCommand.java:79)
[2024-10-25T15:16:01.929+0000] {spark_submit.py:579} INFO - at py4j.ClientServerConnection.waitForCommands(ClientServerConnection.java:182)
[2024-10-25T15:16:01.930+0000] {spark_submit.py:579} INFO - at py4j.ClientServerConnection.run(ClientServerConnection.java:106)
[2024-10-25T15:16:01.930+0000] {spark_submit.py:579} INFO - at java.base/java.lang.Thread.run(Thread.java:829)
[2024-10-25T15:16:01.931+0000] {spark_submit.py:579} INFO - Caused by: java.io.IOException: Cannot run program "python3.11": error=2, No such file or directory
[2024-10-25T15:16:01.931+0000] {spark_submit.py:579} INFO - at java.base/java.lang.ProcessBuilder.start(ProcessBuilder.java:1143)
[2024-10-25T15:16:01.932+0000] {spark_submit.py:579} INFO - at java.base/java.lang.ProcessBuilder.start(ProcessBuilder.java:1073)
[2024-10-25T15:16:01.932+0000] {spark_submit.py:579} INFO - at org.apache.spark.api.python.PythonWorkerFactory.startDaemon(PythonWorkerFactory.scala:222)
[2024-10-25T15:16:01.933+0000] {spark_submit.py:579} INFO - at org.apache.spark.api.python.PythonWorkerFactory.createThroughDaemon(PythonWorkerFactory.scala:134)
[2024-10-25T15:16:01.934+0000] {spark_submit.py:579} INFO - at org.apache.spark.api.python.PythonWorkerFactory.create(PythonWorkerFactory.scala:107)
[2024-10-25T15:16:01.934+0000] {spark_submit.py:579} INFO - at org.apache.spark.SparkEnv.createPythonWorker(SparkEnv.scala:124)
[2024-10-25T15:16:01.935+0000] {spark_submit.py:579} INFO - at org.apache.spark.api.python.BasePythonRunner.compute(PythonRunner.scala:166)
[2024-10-25T15:16:01.936+0000] {spark_submit.py:579} INFO - at org.apache.spark.api.python.PythonRDD.compute(PythonRDD.scala:65)
[2024-10-25T15:16:01.936+0000] {spark_submit.py:579} INFO - at org.apache.spark.rdd.RDD.computeOrReadCheckpoint(RDD.scala:367)
[2024-10-25T15:16:01.937+0000] {spark_submit.py:579} INFO - at org.apache.spark.rdd.RDD.iterator(RDD.scala:331)
[2024-10-25T15:16:01.937+0000] {spark_submit.py:579} INFO - at org.apache.spark.scheduler.ResultTask.runTask(ResultTask.scala:92)
[2024-10-25T15:16:01.938+0000] {spark_submit.py:579} INFO - at org.apache.spark.TaskContext.runTaskWithListeners(TaskContext.scala:161)
[2024-10-25T15:16:01.939+0000] {spark_submit.py:579} INFO - at org.apache.spark.scheduler.Task.run(Task.scala:139)
[2024-10-25T15:16:01.939+0000] {spark_submit.py:579} INFO - at org.apache.spark.executor.Executor$TaskRunner.$anonfun$run$3(Executor.scala:554)
[2024-10-25T15:16:01.940+0000] {spark_submit.py:579} INFO - at org.apache.spark.util.Utils$.tryWithSafeFinally(Utils.scala:1529)
[2024-10-25T15:16:01.940+0000] {spark_submit.py:579} INFO - at org.apache.spark.executor.Executor$TaskRunner.run(Executor.scala:557)
[2024-10-25T15:16:01.941+0000] {spark_submit.py:579} INFO - at java.base/java.util.concurrent.ThreadPoolExecutor.runWorker(ThreadPoolExecutor.java:1136)
[2024-10-25T15:16:01.941+0000] {spark_submit.py:579} INFO - at java.base/java.util.concurrent.ThreadPoolExecutor$Worker.run(ThreadPoolExecutor.java:635)
[2024-10-25T15:16:01.942+0000] {spark_submit.py:579} INFO - at java.base/java.lang.Thread.run(Thread.java:840)
[2024-10-25T15:16:01.942+0000] {spark_submit.py:579} INFO - Caused by: java.io.IOException: error=2, No such file or directory
[2024-10-25T15:16:01.943+0000] {spark_submit.py:579} INFO - at java.base/java.lang.ProcessImpl.forkAndExec(Native Method)
[2024-10-25T15:16:01.943+0000] {spark_submit.py:579} INFO - at java.base/java.lang.ProcessImpl.<init>(ProcessImpl.java:314)
[2024-10-25T15:16:01.943+0000] {spark_submit.py:579} INFO - at java.base/java.lang.ProcessImpl.start(ProcessImpl.java:244)
[2024-10-25T15:16:01.944+0000] {spark_submit.py:579} INFO - at java.base/java.lang.ProcessBuilder.start(ProcessBuilder.java:1110)
[2024-10-25T15:16:01.944+0000] {spark_submit.py:579} INFO - ... 18 more
[2024-10-25T15:16:01.944+0000] {spark_submit.py:579} INFO - 
[2024-10-25T15:16:01.944+0000] {spark_submit.py:579} INFO - 
[2024-10-25T15:16:01.945+0000] {spark_submit.py:579} INFO - 24/10/25 15:16:01 INFO SparkContext: SparkContext is stopping with exitCode 0.
[2024-10-25T15:16:01.945+0000] {spark_submit.py:579} INFO - 24/10/25 15:16:01 INFO SparkUI: Stopped Spark web UI at http://84076e7a47fe:4040
[2024-10-25T15:16:01.945+0000] {spark_submit.py:579} INFO - 24/10/25 15:16:01 INFO StandaloneSchedulerBackend: Shutting down all executors
[2024-10-25T15:16:01.946+0000] {spark_submit.py:579} INFO - 24/10/25 15:16:01 INFO StandaloneSchedulerBackend$StandaloneDriverEndpoint: Asking each executor to shut down
[2024-10-25T15:16:01.946+0000] {spark_submit.py:579} INFO - 24/10/25 15:16:01 INFO MapOutputTrackerMasterEndpoint: MapOutputTrackerMasterEndpoint stopped!
[2024-10-25T15:16:01.946+0000] {spark_submit.py:579} INFO - 24/10/25 15:16:01 INFO MemoryStore: MemoryStore cleared
[2024-10-25T15:16:01.947+0000] {spark_submit.py:579} INFO - 24/10/25 15:16:01 INFO BlockManager: BlockManager stopped
[2024-10-25T15:16:01.947+0000] {spark_submit.py:579} INFO - 24/10/25 15:16:01 INFO BlockManagerMaster: BlockManagerMaster stopped
[2024-10-25T15:16:01.947+0000] {spark_submit.py:579} INFO - 24/10/25 15:16:01 INFO OutputCommitCoordinator$OutputCommitCoordinatorEndpoint: OutputCommitCoordinator stopped!
[2024-10-25T15:16:01.991+0000] {spark_submit.py:579} INFO - 24/10/25 15:16:01 INFO SparkContext: Successfully stopped SparkContext
[2024-10-25T15:16:02.018+0000] {spark_submit.py:579} INFO - 2024-10-25 15:16:02,017 INFO: Closing down clientserver connection
[2024-10-25T15:16:02.147+0000] {spark_submit.py:579} INFO - 24/10/25 15:16:02 INFO ShutdownHookManager: Shutdown hook called
[2024-10-25T15:16:02.148+0000] {spark_submit.py:579} INFO - 24/10/25 15:16:02 INFO ShutdownHookManager: Deleting directory /tmp/spark-1369c272-001f-469c-9e29-07bc2394810e
[2024-10-25T15:16:02.152+0000] {spark_submit.py:579} INFO - 24/10/25 15:16:02 INFO ShutdownHookManager: Deleting directory /tmp/spark-7778af0d-898e-4f10-83b8-930f7402497d
[2024-10-25T15:16:02.156+0000] {spark_submit.py:579} INFO - 24/10/25 15:16:02 INFO ShutdownHookManager: Deleting directory /tmp/spark-7778af0d-898e-4f10-83b8-930f7402497d/pyspark-16e7a24d-dfdd-4e20-8b54-e401e361753a
[2024-10-25T15:16:02.168+0000] {spark_submit.py:579} INFO - 24/10/25 15:16:02 INFO MetricsSystemImpl: Stopping s3a-file-system metrics system...
[2024-10-25T15:16:02.168+0000] {spark_submit.py:579} INFO - 24/10/25 15:16:02 INFO MetricsSystemImpl: s3a-file-system metrics system stopped.
[2024-10-25T15:16:02.169+0000] {spark_submit.py:579} INFO - 24/10/25 15:16:02 INFO MetricsSystemImpl: s3a-file-system metrics system shutdown complete.
[2024-10-25T15:16:02.237+0000] {taskinstance.py:1935} ERROR - Task failed with exception
Traceback (most recent call last):
  File "/home/airflow/.local/lib/python3.11/site-packages/airflow/providers/apache/spark/operators/spark_submit.py", line 174, in execute
    self._hook.submit(self.application)
  File "/home/airflow/.local/lib/python3.11/site-packages/airflow/providers/apache/spark/hooks/spark_submit.py", line 505, in submit
    raise AirflowException(
airflow.exceptions.AirflowException: Cannot execute: spark-submit --master spark://spark-master:7077 --conf spark.sql.extensions=io.delta.sql.DeltaSparkSessionExtension --conf spark.sql.catalog.spark_catalog=org.apache.spark.sql.delta.catalog.DeltaCatalog --jars /opt/***/jars/hadoop-aws-3.3.4.jar,/opt/***/jars/s3-2.18.41.jar,/opt/***/jars/aws-java-sdk-1.12.367.jar,/opt/***/jars/delta-core_2.12-2.4.0.jar,/opt/***/jars/delta-storage-2.2.0.jar, --packages org.apache.hadoop:hadoop-aws:3.3.4 --num-executors 2 --total-executor-cores 2 --executor-cores 2 --executor-memory 2g --driver-memory 1g --name arrow-spark --deploy-mode client /opt/***/jobs/python/test_Credit.py s3a://lakehouse/bronze/credits.parquet s3a://lakehouse/sliver/credit. Error code is: 1.
[2024-10-25T15:16:02.240+0000] {taskinstance.py:1398} INFO - Marking task as FAILED. dag_id=task_credits_clean, task_id=credits_cleaned, execution_date=20241025T151024, start_date=20241025T151547, end_date=20241025T151602
[2024-10-25T15:16:02.241+0000] {credits_test.py:15} ERROR - Task task_credits_clean__credits_cleaned__20241025 failed.
[2024-10-25T15:16:02.252+0000] {standard_task_runner.py:104} ERROR - Failed to execute job 185 for task credits_cleaned (Cannot execute: spark-submit --master spark://spark-master:7077 --conf spark.sql.extensions=io.delta.sql.DeltaSparkSessionExtension --conf spark.sql.catalog.spark_catalog=org.apache.spark.sql.delta.catalog.DeltaCatalog --jars /opt/***/jars/hadoop-aws-3.3.4.jar,/opt/***/jars/s3-2.18.41.jar,/opt/***/jars/aws-java-sdk-1.12.367.jar,/opt/***/jars/delta-core_2.12-2.4.0.jar,/opt/***/jars/delta-storage-2.2.0.jar, --packages org.apache.hadoop:hadoop-aws:3.3.4 --num-executors 2 --total-executor-cores 2 --executor-cores 2 --executor-memory 2g --driver-memory 1g --name arrow-spark --deploy-mode client /opt/***/jobs/python/test_Credit.py s3a://lakehouse/bronze/credits.parquet s3a://lakehouse/sliver/credit. Error code is: 1.; 2432)
[2024-10-25T15:16:02.286+0000] {local_task_job_runner.py:228} INFO - Task exited with return code 1
[2024-10-25T15:16:02.299+0000] {taskinstance.py:2776} INFO - 0 downstream tasks scheduled from follow-on schedule check
