[2024-10-26T01:01:10.279+0000] {processor.py:157} INFO - Started process (PID=234) to work on /opt/airflow/dags/sliver_layer.py
[2024-10-26T01:01:10.281+0000] {processor.py:829} INFO - Processing file /opt/airflow/dags/sliver_layer.py for tasks to queue
[2024-10-26T01:01:10.283+0000] {logging_mixin.py:151} INFO - [2024-10-26T01:01:10.282+0000] {dagbag.py:539} INFO - Filling up the DagBag from /opt/airflow/dags/sliver_layer.py
[2024-10-26T01:01:10.302+0000] {processor.py:839} INFO - DAG(s) dict_keys(['spark_processing_dag']) retrieved from /opt/airflow/dags/sliver_layer.py
[2024-10-26T01:01:10.315+0000] {logging_mixin.py:151} INFO - [2024-10-26T01:01:10.314+0000] {dag.py:2915} INFO - Sync 1 DAGs
[2024-10-26T01:01:10.338+0000] {logging_mixin.py:151} INFO - [2024-10-26T01:01:10.338+0000] {dag.py:3696} INFO - Setting next_dagrun for spark_processing_dag to 2024-10-25T00:00:00+00:00, run_after=2024-10-26T00:00:00+00:00
[2024-10-26T01:01:10.357+0000] {processor.py:179} INFO - Processing /opt/airflow/dags/sliver_layer.py took 0.080 seconds
[2024-10-26T01:01:41.274+0000] {processor.py:157} INFO - Started process (PID=275) to work on /opt/airflow/dags/sliver_layer.py
[2024-10-26T01:01:41.275+0000] {processor.py:829} INFO - Processing file /opt/airflow/dags/sliver_layer.py for tasks to queue
[2024-10-26T01:01:41.277+0000] {logging_mixin.py:151} INFO - [2024-10-26T01:01:41.277+0000] {dagbag.py:539} INFO - Filling up the DagBag from /opt/airflow/dags/sliver_layer.py
[2024-10-26T01:01:41.296+0000] {processor.py:839} INFO - DAG(s) dict_keys(['spark_processing_dag']) retrieved from /opt/airflow/dags/sliver_layer.py
[2024-10-26T01:01:41.327+0000] {logging_mixin.py:151} INFO - [2024-10-26T01:01:41.327+0000] {dag.py:2915} INFO - Sync 1 DAGs
[2024-10-26T01:01:41.350+0000] {logging_mixin.py:151} INFO - [2024-10-26T01:01:41.350+0000] {dag.py:3696} INFO - Setting next_dagrun for spark_processing_dag to 2024-10-25T00:00:00+00:00, run_after=2024-10-26T00:00:00+00:00
[2024-10-26T01:01:41.370+0000] {processor.py:179} INFO - Processing /opt/airflow/dags/sliver_layer.py took 0.099 seconds
[2024-10-26T01:02:12.970+0000] {processor.py:157} INFO - Started process (PID=654) to work on /opt/airflow/dags/sliver_layer.py
[2024-10-26T01:02:12.972+0000] {processor.py:829} INFO - Processing file /opt/airflow/dags/sliver_layer.py for tasks to queue
[2024-10-26T01:02:12.975+0000] {logging_mixin.py:151} INFO - [2024-10-26T01:02:12.974+0000] {dagbag.py:539} INFO - Filling up the DagBag from /opt/airflow/dags/sliver_layer.py
[2024-10-26T01:02:13.020+0000] {processor.py:839} INFO - DAG(s) dict_keys(['spark_processing_dag']) retrieved from /opt/airflow/dags/sliver_layer.py
[2024-10-26T01:02:13.074+0000] {logging_mixin.py:151} INFO - [2024-10-26T01:02:13.073+0000] {dag.py:2915} INFO - Sync 1 DAGs
[2024-10-26T01:02:13.102+0000] {logging_mixin.py:151} INFO - [2024-10-26T01:02:13.102+0000] {dag.py:3696} INFO - Setting next_dagrun for spark_processing_dag to 2024-10-25T00:00:00+00:00, run_after=2024-10-26T00:00:00+00:00
[2024-10-26T01:02:13.132+0000] {processor.py:179} INFO - Processing /opt/airflow/dags/sliver_layer.py took 0.166 seconds
[2024-10-26T01:02:46.390+0000] {processor.py:157} INFO - Started process (PID=717) to work on /opt/airflow/dags/sliver_layer.py
[2024-10-26T01:02:46.391+0000] {processor.py:829} INFO - Processing file /opt/airflow/dags/sliver_layer.py for tasks to queue
[2024-10-26T01:02:46.393+0000] {logging_mixin.py:151} INFO - [2024-10-26T01:02:46.393+0000] {dagbag.py:539} INFO - Filling up the DagBag from /opt/airflow/dags/sliver_layer.py
[2024-10-26T01:02:46.482+0000] {processor.py:839} INFO - DAG(s) dict_keys(['spark_processing_dag']) retrieved from /opt/airflow/dags/sliver_layer.py
[2024-10-26T01:02:46.578+0000] {logging_mixin.py:151} INFO - [2024-10-26T01:02:46.578+0000] {dag.py:2915} INFO - Sync 1 DAGs
[2024-10-26T01:02:46.603+0000] {logging_mixin.py:151} INFO - [2024-10-26T01:02:46.603+0000] {dag.py:3696} INFO - Setting next_dagrun for spark_processing_dag to 2024-10-25T00:00:00+00:00, run_after=2024-10-26T00:00:00+00:00
[2024-10-26T01:02:46.732+0000] {processor.py:179} INFO - Processing /opt/airflow/dags/sliver_layer.py took 0.344 seconds
[2024-10-26T01:03:16.783+0000] {processor.py:157} INFO - Started process (PID=805) to work on /opt/airflow/dags/sliver_layer.py
[2024-10-26T01:03:16.784+0000] {processor.py:829} INFO - Processing file /opt/airflow/dags/sliver_layer.py for tasks to queue
[2024-10-26T01:03:16.786+0000] {logging_mixin.py:151} INFO - [2024-10-26T01:03:16.786+0000] {dagbag.py:539} INFO - Filling up the DagBag from /opt/airflow/dags/sliver_layer.py
[2024-10-26T01:03:16.806+0000] {processor.py:839} INFO - DAG(s) dict_keys(['spark_processing_dag']) retrieved from /opt/airflow/dags/sliver_layer.py
[2024-10-26T01:03:16.845+0000] {logging_mixin.py:151} INFO - [2024-10-26T01:03:16.844+0000] {dag.py:2915} INFO - Sync 1 DAGs
[2024-10-26T01:03:16.871+0000] {logging_mixin.py:151} INFO - [2024-10-26T01:03:16.871+0000] {dag.py:3696} INFO - Setting next_dagrun for spark_processing_dag to 2024-10-25T00:00:00+00:00, run_after=2024-10-26T00:00:00+00:00
[2024-10-26T01:03:16.895+0000] {processor.py:179} INFO - Processing /opt/airflow/dags/sliver_layer.py took 0.115 seconds
[2024-10-26T01:03:47.389+0000] {processor.py:157} INFO - Started process (PID=945) to work on /opt/airflow/dags/sliver_layer.py
[2024-10-26T01:03:47.390+0000] {processor.py:829} INFO - Processing file /opt/airflow/dags/sliver_layer.py for tasks to queue
[2024-10-26T01:03:47.392+0000] {logging_mixin.py:151} INFO - [2024-10-26T01:03:47.392+0000] {dagbag.py:539} INFO - Filling up the DagBag from /opt/airflow/dags/sliver_layer.py
[2024-10-26T01:03:47.415+0000] {processor.py:839} INFO - DAG(s) dict_keys(['spark_processing_dag']) retrieved from /opt/airflow/dags/sliver_layer.py
[2024-10-26T01:03:47.449+0000] {logging_mixin.py:151} INFO - [2024-10-26T01:03:47.448+0000] {dag.py:2915} INFO - Sync 1 DAGs
[2024-10-26T01:03:47.472+0000] {logging_mixin.py:151} INFO - [2024-10-26T01:03:47.471+0000] {dag.py:3696} INFO - Setting next_dagrun for spark_processing_dag to 2024-10-25T00:00:00+00:00, run_after=2024-10-26T00:00:00+00:00
[2024-10-26T01:03:47.506+0000] {processor.py:179} INFO - Processing /opt/airflow/dags/sliver_layer.py took 0.120 seconds
[2024-10-26T01:04:18.205+0000] {processor.py:157} INFO - Started process (PID=1109) to work on /opt/airflow/dags/sliver_layer.py
[2024-10-26T01:04:18.206+0000] {processor.py:829} INFO - Processing file /opt/airflow/dags/sliver_layer.py for tasks to queue
[2024-10-26T01:04:18.209+0000] {logging_mixin.py:151} INFO - [2024-10-26T01:04:18.208+0000] {dagbag.py:539} INFO - Filling up the DagBag from /opt/airflow/dags/sliver_layer.py
[2024-10-26T01:04:18.230+0000] {processor.py:839} INFO - DAG(s) dict_keys(['spark_processing_dag']) retrieved from /opt/airflow/dags/sliver_layer.py
[2024-10-26T01:04:18.267+0000] {logging_mixin.py:151} INFO - [2024-10-26T01:04:18.266+0000] {dag.py:2915} INFO - Sync 1 DAGs
[2024-10-26T01:04:18.291+0000] {logging_mixin.py:151} INFO - [2024-10-26T01:04:18.291+0000] {dag.py:3696} INFO - Setting next_dagrun for spark_processing_dag to 2024-10-25T00:00:00+00:00, run_after=2024-10-26T00:00:00+00:00
[2024-10-26T01:04:18.316+0000] {processor.py:179} INFO - Processing /opt/airflow/dags/sliver_layer.py took 0.113 seconds
[2024-10-26T12:09:41.615+0000] {processor.py:157} INFO - Started process (PID=234) to work on /opt/airflow/dags/sliver_layer.py
[2024-10-26T12:09:41.616+0000] {processor.py:829} INFO - Processing file /opt/airflow/dags/sliver_layer.py for tasks to queue
[2024-10-26T12:09:41.618+0000] {logging_mixin.py:151} INFO - [2024-10-26T12:09:41.618+0000] {dagbag.py:539} INFO - Filling up the DagBag from /opt/airflow/dags/sliver_layer.py
[2024-10-26T12:09:41.643+0000] {processor.py:839} INFO - DAG(s) dict_keys(['spark_processing_dag']) retrieved from /opt/airflow/dags/sliver_layer.py
[2024-10-26T12:09:41.659+0000] {logging_mixin.py:151} INFO - [2024-10-26T12:09:41.658+0000] {dag.py:2915} INFO - Sync 1 DAGs
[2024-10-26T12:09:41.685+0000] {logging_mixin.py:151} INFO - [2024-10-26T12:09:41.685+0000] {dag.py:3696} INFO - Setting next_dagrun for spark_processing_dag to 2024-10-25T00:00:00+00:00, run_after=2024-10-26T00:00:00+00:00
[2024-10-26T12:09:41.705+0000] {processor.py:179} INFO - Processing /opt/airflow/dags/sliver_layer.py took 0.093 seconds
[2024-10-26T12:10:12.613+0000] {processor.py:157} INFO - Started process (PID=275) to work on /opt/airflow/dags/sliver_layer.py
[2024-10-26T12:10:12.614+0000] {processor.py:829} INFO - Processing file /opt/airflow/dags/sliver_layer.py for tasks to queue
[2024-10-26T12:10:12.616+0000] {logging_mixin.py:151} INFO - [2024-10-26T12:10:12.616+0000] {dagbag.py:539} INFO - Filling up the DagBag from /opt/airflow/dags/sliver_layer.py
[2024-10-26T12:10:12.635+0000] {processor.py:839} INFO - DAG(s) dict_keys(['spark_processing_dag']) retrieved from /opt/airflow/dags/sliver_layer.py
[2024-10-26T12:10:12.666+0000] {logging_mixin.py:151} INFO - [2024-10-26T12:10:12.665+0000] {dag.py:2915} INFO - Sync 1 DAGs
[2024-10-26T12:10:12.687+0000] {logging_mixin.py:151} INFO - [2024-10-26T12:10:12.687+0000] {dag.py:3696} INFO - Setting next_dagrun for spark_processing_dag to 2024-10-25T00:00:00+00:00, run_after=2024-10-26T00:00:00+00:00
[2024-10-26T12:10:12.706+0000] {processor.py:179} INFO - Processing /opt/airflow/dags/sliver_layer.py took 0.096 seconds
[2024-10-26T12:10:43.612+0000] {processor.py:157} INFO - Started process (PID=316) to work on /opt/airflow/dags/sliver_layer.py
[2024-10-26T12:10:43.613+0000] {processor.py:829} INFO - Processing file /opt/airflow/dags/sliver_layer.py for tasks to queue
[2024-10-26T12:10:43.615+0000] {logging_mixin.py:151} INFO - [2024-10-26T12:10:43.615+0000] {dagbag.py:539} INFO - Filling up the DagBag from /opt/airflow/dags/sliver_layer.py
[2024-10-26T12:10:43.637+0000] {processor.py:839} INFO - DAG(s) dict_keys(['spark_processing_dag']) retrieved from /opt/airflow/dags/sliver_layer.py
[2024-10-26T12:10:43.667+0000] {logging_mixin.py:151} INFO - [2024-10-26T12:10:43.666+0000] {dag.py:2915} INFO - Sync 1 DAGs
[2024-10-26T12:10:43.688+0000] {logging_mixin.py:151} INFO - [2024-10-26T12:10:43.688+0000] {dag.py:3696} INFO - Setting next_dagrun for spark_processing_dag to 2024-10-25T00:00:00+00:00, run_after=2024-10-26T00:00:00+00:00
[2024-10-26T12:10:43.708+0000] {processor.py:179} INFO - Processing /opt/airflow/dags/sliver_layer.py took 0.098 seconds
[2024-10-26T12:11:14.763+0000] {processor.py:157} INFO - Started process (PID=357) to work on /opt/airflow/dags/sliver_layer.py
[2024-10-26T12:11:14.764+0000] {processor.py:829} INFO - Processing file /opt/airflow/dags/sliver_layer.py for tasks to queue
[2024-10-26T12:11:14.766+0000] {logging_mixin.py:151} INFO - [2024-10-26T12:11:14.766+0000] {dagbag.py:539} INFO - Filling up the DagBag from /opt/airflow/dags/sliver_layer.py
[2024-10-26T12:11:14.788+0000] {processor.py:839} INFO - DAG(s) dict_keys(['spark_processing_dag']) retrieved from /opt/airflow/dags/sliver_layer.py
[2024-10-26T12:11:14.820+0000] {logging_mixin.py:151} INFO - [2024-10-26T12:11:14.819+0000] {dag.py:2915} INFO - Sync 1 DAGs
[2024-10-26T12:11:14.841+0000] {logging_mixin.py:151} INFO - [2024-10-26T12:11:14.841+0000] {dag.py:3696} INFO - Setting next_dagrun for spark_processing_dag to 2024-10-25T00:00:00+00:00, run_after=2024-10-26T00:00:00+00:00
[2024-10-26T12:11:14.863+0000] {processor.py:179} INFO - Processing /opt/airflow/dags/sliver_layer.py took 0.102 seconds
[2024-10-26T12:11:45.761+0000] {processor.py:157} INFO - Started process (PID=398) to work on /opt/airflow/dags/sliver_layer.py
[2024-10-26T12:11:45.762+0000] {processor.py:829} INFO - Processing file /opt/airflow/dags/sliver_layer.py for tasks to queue
[2024-10-26T12:11:45.764+0000] {logging_mixin.py:151} INFO - [2024-10-26T12:11:45.764+0000] {dagbag.py:539} INFO - Filling up the DagBag from /opt/airflow/dags/sliver_layer.py
[2024-10-26T12:11:45.784+0000] {processor.py:839} INFO - DAG(s) dict_keys(['spark_processing_dag']) retrieved from /opt/airflow/dags/sliver_layer.py
[2024-10-26T12:11:45.818+0000] {logging_mixin.py:151} INFO - [2024-10-26T12:11:45.817+0000] {dag.py:2915} INFO - Sync 1 DAGs
[2024-10-26T12:11:45.847+0000] {logging_mixin.py:151} INFO - [2024-10-26T12:11:45.847+0000] {dag.py:3696} INFO - Setting next_dagrun for spark_processing_dag to 2024-10-25T00:00:00+00:00, run_after=2024-10-26T00:00:00+00:00
[2024-10-26T12:11:45.867+0000] {processor.py:179} INFO - Processing /opt/airflow/dags/sliver_layer.py took 0.108 seconds
[2024-10-26T12:12:16.833+0000] {processor.py:157} INFO - Started process (PID=439) to work on /opt/airflow/dags/sliver_layer.py
[2024-10-26T12:12:16.834+0000] {processor.py:829} INFO - Processing file /opt/airflow/dags/sliver_layer.py for tasks to queue
[2024-10-26T12:12:16.837+0000] {logging_mixin.py:151} INFO - [2024-10-26T12:12:16.837+0000] {dagbag.py:539} INFO - Filling up the DagBag from /opt/airflow/dags/sliver_layer.py
[2024-10-26T12:12:16.857+0000] {processor.py:839} INFO - DAG(s) dict_keys(['spark_processing_dag']) retrieved from /opt/airflow/dags/sliver_layer.py
[2024-10-26T12:12:16.886+0000] {logging_mixin.py:151} INFO - [2024-10-26T12:12:16.886+0000] {dag.py:2915} INFO - Sync 1 DAGs
[2024-10-26T12:12:16.909+0000] {logging_mixin.py:151} INFO - [2024-10-26T12:12:16.909+0000] {dag.py:3696} INFO - Setting next_dagrun for spark_processing_dag to 2024-10-25T00:00:00+00:00, run_after=2024-10-26T00:00:00+00:00
[2024-10-26T12:12:16.928+0000] {processor.py:179} INFO - Processing /opt/airflow/dags/sliver_layer.py took 0.097 seconds
[2024-10-26T12:12:47.387+0000] {processor.py:157} INFO - Started process (PID=480) to work on /opt/airflow/dags/sliver_layer.py
[2024-10-26T12:12:47.388+0000] {processor.py:829} INFO - Processing file /opt/airflow/dags/sliver_layer.py for tasks to queue
[2024-10-26T12:12:47.390+0000] {logging_mixin.py:151} INFO - [2024-10-26T12:12:47.389+0000] {dagbag.py:539} INFO - Filling up the DagBag from /opt/airflow/dags/sliver_layer.py
[2024-10-26T12:12:47.408+0000] {processor.py:839} INFO - DAG(s) dict_keys(['spark_processing_dag']) retrieved from /opt/airflow/dags/sliver_layer.py
[2024-10-26T12:12:47.437+0000] {logging_mixin.py:151} INFO - [2024-10-26T12:12:47.437+0000] {dag.py:2915} INFO - Sync 1 DAGs
[2024-10-26T12:12:47.457+0000] {logging_mixin.py:151} INFO - [2024-10-26T12:12:47.457+0000] {dag.py:3696} INFO - Setting next_dagrun for spark_processing_dag to 2024-10-25T00:00:00+00:00, run_after=2024-10-26T00:00:00+00:00
[2024-10-26T12:12:47.476+0000] {processor.py:179} INFO - Processing /opt/airflow/dags/sliver_layer.py took 0.091 seconds
[2024-10-26T12:13:36.803+0000] {processor.py:157} INFO - Started process (PID=698) to work on /opt/airflow/dags/sliver_layer.py
[2024-10-26T12:13:36.805+0000] {processor.py:829} INFO - Processing file /opt/airflow/dags/sliver_layer.py for tasks to queue
[2024-10-26T12:13:36.810+0000] {logging_mixin.py:151} INFO - [2024-10-26T12:13:36.809+0000] {dagbag.py:539} INFO - Filling up the DagBag from /opt/airflow/dags/sliver_layer.py
[2024-10-26T12:13:36.879+0000] {processor.py:839} INFO - DAG(s) dict_keys(['spark_processing_dag']) retrieved from /opt/airflow/dags/sliver_layer.py
[2024-10-26T12:13:36.967+0000] {logging_mixin.py:151} INFO - [2024-10-26T12:13:36.965+0000] {dag.py:2915} INFO - Sync 1 DAGs
[2024-10-26T12:13:37.041+0000] {logging_mixin.py:151} INFO - [2024-10-26T12:13:37.040+0000] {dag.py:3696} INFO - Setting next_dagrun for spark_processing_dag to 2024-10-25T00:00:00+00:00, run_after=2024-10-26T00:00:00+00:00
[2024-10-26T12:13:37.090+0000] {processor.py:179} INFO - Processing /opt/airflow/dags/sliver_layer.py took 0.293 seconds
[2024-10-26T12:14:07.380+0000] {processor.py:157} INFO - Started process (PID=844) to work on /opt/airflow/dags/sliver_layer.py
[2024-10-26T12:14:07.381+0000] {processor.py:829} INFO - Processing file /opt/airflow/dags/sliver_layer.py for tasks to queue
[2024-10-26T12:14:07.384+0000] {logging_mixin.py:151} INFO - [2024-10-26T12:14:07.384+0000] {dagbag.py:539} INFO - Filling up the DagBag from /opt/airflow/dags/sliver_layer.py
[2024-10-26T12:14:07.404+0000] {processor.py:839} INFO - DAG(s) dict_keys(['spark_processing_dag']) retrieved from /opt/airflow/dags/sliver_layer.py
[2024-10-26T12:14:07.435+0000] {logging_mixin.py:151} INFO - [2024-10-26T12:14:07.434+0000] {dag.py:2915} INFO - Sync 1 DAGs
[2024-10-26T12:14:07.455+0000] {logging_mixin.py:151} INFO - [2024-10-26T12:14:07.455+0000] {dag.py:3696} INFO - Setting next_dagrun for spark_processing_dag to 2024-10-25T00:00:00+00:00, run_after=2024-10-26T00:00:00+00:00
[2024-10-26T12:14:07.475+0000] {processor.py:179} INFO - Processing /opt/airflow/dags/sliver_layer.py took 0.097 seconds
[2024-10-26T12:14:37.622+0000] {processor.py:157} INFO - Started process (PID=885) to work on /opt/airflow/dags/sliver_layer.py
[2024-10-26T12:14:37.623+0000] {processor.py:829} INFO - Processing file /opt/airflow/dags/sliver_layer.py for tasks to queue
[2024-10-26T12:14:37.625+0000] {logging_mixin.py:151} INFO - [2024-10-26T12:14:37.625+0000] {dagbag.py:539} INFO - Filling up the DagBag from /opt/airflow/dags/sliver_layer.py
[2024-10-26T12:14:37.644+0000] {processor.py:839} INFO - DAG(s) dict_keys(['spark_processing_dag']) retrieved from /opt/airflow/dags/sliver_layer.py
[2024-10-26T12:14:37.680+0000] {logging_mixin.py:151} INFO - [2024-10-26T12:14:37.680+0000] {dag.py:2915} INFO - Sync 1 DAGs
[2024-10-26T12:14:37.707+0000] {logging_mixin.py:151} INFO - [2024-10-26T12:14:37.706+0000] {dag.py:3696} INFO - Setting next_dagrun for spark_processing_dag to 2024-10-25T00:00:00+00:00, run_after=2024-10-26T00:00:00+00:00
[2024-10-26T12:14:37.739+0000] {processor.py:179} INFO - Processing /opt/airflow/dags/sliver_layer.py took 0.120 seconds
[2024-10-26T12:15:07.876+0000] {processor.py:157} INFO - Started process (PID=926) to work on /opt/airflow/dags/sliver_layer.py
[2024-10-26T12:15:07.877+0000] {processor.py:829} INFO - Processing file /opt/airflow/dags/sliver_layer.py for tasks to queue
[2024-10-26T12:15:07.880+0000] {logging_mixin.py:151} INFO - [2024-10-26T12:15:07.879+0000] {dagbag.py:539} INFO - Filling up the DagBag from /opt/airflow/dags/sliver_layer.py
[2024-10-26T12:15:07.898+0000] {processor.py:839} INFO - DAG(s) dict_keys(['spark_processing_dag']) retrieved from /opt/airflow/dags/sliver_layer.py
[2024-10-26T12:15:07.931+0000] {logging_mixin.py:151} INFO - [2024-10-26T12:15:07.930+0000] {dag.py:2915} INFO - Sync 1 DAGs
[2024-10-26T12:15:07.951+0000] {logging_mixin.py:151} INFO - [2024-10-26T12:15:07.951+0000] {dag.py:3696} INFO - Setting next_dagrun for spark_processing_dag to 2024-10-25T00:00:00+00:00, run_after=2024-10-26T00:00:00+00:00
[2024-10-26T12:15:07.971+0000] {processor.py:179} INFO - Processing /opt/airflow/dags/sliver_layer.py took 0.097 seconds
[2024-10-26T12:15:38.751+0000] {processor.py:157} INFO - Started process (PID=965) to work on /opt/airflow/dags/sliver_layer.py
[2024-10-26T12:15:38.752+0000] {processor.py:829} INFO - Processing file /opt/airflow/dags/sliver_layer.py for tasks to queue
[2024-10-26T12:15:38.755+0000] {logging_mixin.py:151} INFO - [2024-10-26T12:15:38.754+0000] {dagbag.py:539} INFO - Filling up the DagBag from /opt/airflow/dags/sliver_layer.py
[2024-10-26T12:15:38.774+0000] {processor.py:839} INFO - DAG(s) dict_keys(['spark_processing_dag']) retrieved from /opt/airflow/dags/sliver_layer.py
[2024-10-26T12:15:38.803+0000] {logging_mixin.py:151} INFO - [2024-10-26T12:15:38.802+0000] {dag.py:2915} INFO - Sync 1 DAGs
[2024-10-26T12:15:38.824+0000] {logging_mixin.py:151} INFO - [2024-10-26T12:15:38.823+0000] {dag.py:3696} INFO - Setting next_dagrun for spark_processing_dag to 2024-10-25T00:00:00+00:00, run_after=2024-10-26T00:00:00+00:00
[2024-10-26T12:15:38.843+0000] {processor.py:179} INFO - Processing /opt/airflow/dags/sliver_layer.py took 0.096 seconds
[2024-10-26T12:16:09.136+0000] {processor.py:157} INFO - Started process (PID=1008) to work on /opt/airflow/dags/sliver_layer.py
[2024-10-26T12:16:09.137+0000] {processor.py:829} INFO - Processing file /opt/airflow/dags/sliver_layer.py for tasks to queue
[2024-10-26T12:16:09.139+0000] {logging_mixin.py:151} INFO - [2024-10-26T12:16:09.138+0000] {dagbag.py:539} INFO - Filling up the DagBag from /opt/airflow/dags/sliver_layer.py
[2024-10-26T12:16:09.158+0000] {processor.py:839} INFO - DAG(s) dict_keys(['spark_processing_dag']) retrieved from /opt/airflow/dags/sliver_layer.py
[2024-10-26T12:16:09.188+0000] {logging_mixin.py:151} INFO - [2024-10-26T12:16:09.187+0000] {dag.py:2915} INFO - Sync 1 DAGs
[2024-10-26T12:16:09.207+0000] {logging_mixin.py:151} INFO - [2024-10-26T12:16:09.207+0000] {dag.py:3696} INFO - Setting next_dagrun for spark_processing_dag to 2024-10-25T00:00:00+00:00, run_after=2024-10-26T00:00:00+00:00
[2024-10-26T12:16:09.227+0000] {processor.py:179} INFO - Processing /opt/airflow/dags/sliver_layer.py took 0.094 seconds
[2024-10-26T12:16:39.641+0000] {processor.py:157} INFO - Started process (PID=1049) to work on /opt/airflow/dags/sliver_layer.py
[2024-10-26T12:16:39.642+0000] {processor.py:829} INFO - Processing file /opt/airflow/dags/sliver_layer.py for tasks to queue
[2024-10-26T12:16:39.644+0000] {logging_mixin.py:151} INFO - [2024-10-26T12:16:39.644+0000] {dagbag.py:539} INFO - Filling up the DagBag from /opt/airflow/dags/sliver_layer.py
[2024-10-26T12:16:39.668+0000] {processor.py:839} INFO - DAG(s) dict_keys(['spark_processing_dag']) retrieved from /opt/airflow/dags/sliver_layer.py
[2024-10-26T12:16:39.706+0000] {logging_mixin.py:151} INFO - [2024-10-26T12:16:39.705+0000] {dag.py:2915} INFO - Sync 1 DAGs
[2024-10-26T12:16:39.728+0000] {logging_mixin.py:151} INFO - [2024-10-26T12:16:39.728+0000] {dag.py:3696} INFO - Setting next_dagrun for spark_processing_dag to 2024-10-25T00:00:00+00:00, run_after=2024-10-26T00:00:00+00:00
[2024-10-26T12:16:39.748+0000] {processor.py:179} INFO - Processing /opt/airflow/dags/sliver_layer.py took 0.111 seconds
[2024-10-26T12:17:09.927+0000] {processor.py:157} INFO - Started process (PID=1095) to work on /opt/airflow/dags/sliver_layer.py
[2024-10-26T12:17:09.928+0000] {processor.py:829} INFO - Processing file /opt/airflow/dags/sliver_layer.py for tasks to queue
[2024-10-26T12:17:09.931+0000] {logging_mixin.py:151} INFO - [2024-10-26T12:17:09.930+0000] {dagbag.py:539} INFO - Filling up the DagBag from /opt/airflow/dags/sliver_layer.py
[2024-10-26T12:17:09.949+0000] {processor.py:839} INFO - DAG(s) dict_keys(['spark_processing_dag']) retrieved from /opt/airflow/dags/sliver_layer.py
[2024-10-26T12:17:09.978+0000] {logging_mixin.py:151} INFO - [2024-10-26T12:17:09.977+0000] {dag.py:2915} INFO - Sync 1 DAGs
[2024-10-26T12:17:09.998+0000] {logging_mixin.py:151} INFO - [2024-10-26T12:17:09.998+0000] {dag.py:3696} INFO - Setting next_dagrun for spark_processing_dag to 2024-10-25T00:00:00+00:00, run_after=2024-10-26T00:00:00+00:00
[2024-10-26T12:17:10.017+0000] {processor.py:179} INFO - Processing /opt/airflow/dags/sliver_layer.py took 0.092 seconds
[2024-10-26T12:17:40.189+0000] {processor.py:157} INFO - Started process (PID=1136) to work on /opt/airflow/dags/sliver_layer.py
[2024-10-26T12:17:40.190+0000] {processor.py:829} INFO - Processing file /opt/airflow/dags/sliver_layer.py for tasks to queue
[2024-10-26T12:17:40.192+0000] {logging_mixin.py:151} INFO - [2024-10-26T12:17:40.192+0000] {dagbag.py:539} INFO - Filling up the DagBag from /opt/airflow/dags/sliver_layer.py
[2024-10-26T12:17:40.213+0000] {processor.py:839} INFO - DAG(s) dict_keys(['spark_processing_dag']) retrieved from /opt/airflow/dags/sliver_layer.py
[2024-10-26T12:17:40.244+0000] {logging_mixin.py:151} INFO - [2024-10-26T12:17:40.243+0000] {dag.py:2915} INFO - Sync 1 DAGs
[2024-10-26T12:17:40.266+0000] {logging_mixin.py:151} INFO - [2024-10-26T12:17:40.266+0000] {dag.py:3696} INFO - Setting next_dagrun for spark_processing_dag to 2024-10-25T00:00:00+00:00, run_after=2024-10-26T00:00:00+00:00
[2024-10-26T12:17:40.286+0000] {processor.py:179} INFO - Processing /opt/airflow/dags/sliver_layer.py took 0.100 seconds
[2024-10-26T12:18:10.407+0000] {processor.py:157} INFO - Started process (PID=1177) to work on /opt/airflow/dags/sliver_layer.py
[2024-10-26T12:18:10.408+0000] {processor.py:829} INFO - Processing file /opt/airflow/dags/sliver_layer.py for tasks to queue
[2024-10-26T12:18:10.410+0000] {logging_mixin.py:151} INFO - [2024-10-26T12:18:10.409+0000] {dagbag.py:539} INFO - Filling up the DagBag from /opt/airflow/dags/sliver_layer.py
[2024-10-26T12:18:10.431+0000] {processor.py:839} INFO - DAG(s) dict_keys(['spark_processing_dag']) retrieved from /opt/airflow/dags/sliver_layer.py
[2024-10-26T12:18:10.458+0000] {logging_mixin.py:151} INFO - [2024-10-26T12:18:10.457+0000] {dag.py:2915} INFO - Sync 1 DAGs
[2024-10-26T12:18:10.477+0000] {logging_mixin.py:151} INFO - [2024-10-26T12:18:10.477+0000] {dag.py:3696} INFO - Setting next_dagrun for spark_processing_dag to 2024-10-25T00:00:00+00:00, run_after=2024-10-26T00:00:00+00:00
[2024-10-26T12:18:10.497+0000] {processor.py:179} INFO - Processing /opt/airflow/dags/sliver_layer.py took 0.096 seconds
[2024-10-26T12:18:40.539+0000] {processor.py:157} INFO - Started process (PID=1213) to work on /opt/airflow/dags/sliver_layer.py
[2024-10-26T12:18:40.543+0000] {processor.py:829} INFO - Processing file /opt/airflow/dags/sliver_layer.py for tasks to queue
[2024-10-26T12:18:40.550+0000] {logging_mixin.py:151} INFO - [2024-10-26T12:18:40.550+0000] {dagbag.py:539} INFO - Filling up the DagBag from /opt/airflow/dags/sliver_layer.py
[2024-10-26T12:18:40.568+0000] {processor.py:839} INFO - DAG(s) dict_keys(['spark_processing_dag']) retrieved from /opt/airflow/dags/sliver_layer.py
[2024-10-26T12:18:40.599+0000] {logging_mixin.py:151} INFO - [2024-10-26T12:18:40.598+0000] {dag.py:2915} INFO - Sync 1 DAGs
[2024-10-26T12:18:40.619+0000] {logging_mixin.py:151} INFO - [2024-10-26T12:18:40.619+0000] {dag.py:3696} INFO - Setting next_dagrun for spark_processing_dag to 2024-10-25T00:00:00+00:00, run_after=2024-10-26T00:00:00+00:00
[2024-10-26T12:18:40.640+0000] {processor.py:179} INFO - Processing /opt/airflow/dags/sliver_layer.py took 0.104 seconds
[2024-10-26T12:19:10.973+0000] {processor.py:157} INFO - Started process (PID=1448) to work on /opt/airflow/dags/sliver_layer.py
[2024-10-26T12:19:10.975+0000] {processor.py:829} INFO - Processing file /opt/airflow/dags/sliver_layer.py for tasks to queue
[2024-10-26T12:19:10.978+0000] {logging_mixin.py:151} INFO - [2024-10-26T12:19:10.978+0000] {dagbag.py:539} INFO - Filling up the DagBag from /opt/airflow/dags/sliver_layer.py
[2024-10-26T12:19:11.005+0000] {processor.py:839} INFO - DAG(s) dict_keys(['spark_processing_dag']) retrieved from /opt/airflow/dags/sliver_layer.py
[2024-10-26T12:19:11.044+0000] {logging_mixin.py:151} INFO - [2024-10-26T12:19:11.044+0000] {dag.py:2915} INFO - Sync 1 DAGs
[2024-10-26T12:19:11.067+0000] {logging_mixin.py:151} INFO - [2024-10-26T12:19:11.066+0000] {dag.py:3696} INFO - Setting next_dagrun for spark_processing_dag to 2024-10-25T00:00:00+00:00, run_after=2024-10-26T00:00:00+00:00
[2024-10-26T12:19:11.114+0000] {processor.py:179} INFO - Processing /opt/airflow/dags/sliver_layer.py took 0.144 seconds
[2024-10-26T12:19:41.581+0000] {processor.py:157} INFO - Started process (PID=1588) to work on /opt/airflow/dags/sliver_layer.py
[2024-10-26T12:19:41.582+0000] {processor.py:829} INFO - Processing file /opt/airflow/dags/sliver_layer.py for tasks to queue
[2024-10-26T12:19:41.584+0000] {logging_mixin.py:151} INFO - [2024-10-26T12:19:41.584+0000] {dagbag.py:539} INFO - Filling up the DagBag from /opt/airflow/dags/sliver_layer.py
[2024-10-26T12:19:41.606+0000] {processor.py:839} INFO - DAG(s) dict_keys(['spark_processing_dag']) retrieved from /opt/airflow/dags/sliver_layer.py
[2024-10-26T12:19:41.637+0000] {logging_mixin.py:151} INFO - [2024-10-26T12:19:41.636+0000] {dag.py:2915} INFO - Sync 1 DAGs
[2024-10-26T12:19:41.658+0000] {logging_mixin.py:151} INFO - [2024-10-26T12:19:41.658+0000] {dag.py:3696} INFO - Setting next_dagrun for spark_processing_dag to 2024-10-25T00:00:00+00:00, run_after=2024-10-26T00:00:00+00:00
[2024-10-26T12:19:41.679+0000] {processor.py:179} INFO - Processing /opt/airflow/dags/sliver_layer.py took 0.101 seconds
[2024-10-26T12:20:11.795+0000] {processor.py:157} INFO - Started process (PID=1629) to work on /opt/airflow/dags/sliver_layer.py
[2024-10-26T12:20:11.796+0000] {processor.py:829} INFO - Processing file /opt/airflow/dags/sliver_layer.py for tasks to queue
[2024-10-26T12:20:11.798+0000] {logging_mixin.py:151} INFO - [2024-10-26T12:20:11.798+0000] {dagbag.py:539} INFO - Filling up the DagBag from /opt/airflow/dags/sliver_layer.py
[2024-10-26T12:20:11.817+0000] {processor.py:839} INFO - DAG(s) dict_keys(['spark_processing_dag']) retrieved from /opt/airflow/dags/sliver_layer.py
[2024-10-26T12:20:11.848+0000] {logging_mixin.py:151} INFO - [2024-10-26T12:20:11.847+0000] {dag.py:2915} INFO - Sync 1 DAGs
[2024-10-26T12:20:11.875+0000] {logging_mixin.py:151} INFO - [2024-10-26T12:20:11.874+0000] {dag.py:3696} INFO - Setting next_dagrun for spark_processing_dag to 2024-10-25T00:00:00+00:00, run_after=2024-10-26T00:00:00+00:00
[2024-10-26T12:20:11.894+0000] {processor.py:179} INFO - Processing /opt/airflow/dags/sliver_layer.py took 0.101 seconds
[2024-10-26T12:20:41.979+0000] {processor.py:157} INFO - Started process (PID=1670) to work on /opt/airflow/dags/sliver_layer.py
[2024-10-26T12:20:41.980+0000] {processor.py:829} INFO - Processing file /opt/airflow/dags/sliver_layer.py for tasks to queue
[2024-10-26T12:20:41.982+0000] {logging_mixin.py:151} INFO - [2024-10-26T12:20:41.982+0000] {dagbag.py:539} INFO - Filling up the DagBag from /opt/airflow/dags/sliver_layer.py
[2024-10-26T12:20:42.012+0000] {processor.py:839} INFO - DAG(s) dict_keys(['spark_processing_dag']) retrieved from /opt/airflow/dags/sliver_layer.py
[2024-10-26T12:20:42.042+0000] {logging_mixin.py:151} INFO - [2024-10-26T12:20:42.042+0000] {dag.py:2915} INFO - Sync 1 DAGs
[2024-10-26T12:20:42.060+0000] {logging_mixin.py:151} INFO - [2024-10-26T12:20:42.060+0000] {dag.py:3696} INFO - Setting next_dagrun for spark_processing_dag to 2024-10-25T00:00:00+00:00, run_after=2024-10-26T00:00:00+00:00
[2024-10-26T12:20:42.079+0000] {processor.py:179} INFO - Processing /opt/airflow/dags/sliver_layer.py took 0.102 seconds
[2024-10-26T12:21:12.231+0000] {processor.py:157} INFO - Started process (PID=1706) to work on /opt/airflow/dags/sliver_layer.py
[2024-10-26T12:21:12.232+0000] {processor.py:829} INFO - Processing file /opt/airflow/dags/sliver_layer.py for tasks to queue
[2024-10-26T12:21:12.234+0000] {logging_mixin.py:151} INFO - [2024-10-26T12:21:12.234+0000] {dagbag.py:539} INFO - Filling up the DagBag from /opt/airflow/dags/sliver_layer.py
[2024-10-26T12:21:12.254+0000] {processor.py:839} INFO - DAG(s) dict_keys(['spark_processing_dag']) retrieved from /opt/airflow/dags/sliver_layer.py
[2024-10-26T12:21:12.284+0000] {logging_mixin.py:151} INFO - [2024-10-26T12:21:12.284+0000] {dag.py:2915} INFO - Sync 1 DAGs
[2024-10-26T12:21:12.303+0000] {logging_mixin.py:151} INFO - [2024-10-26T12:21:12.303+0000] {dag.py:3696} INFO - Setting next_dagrun for spark_processing_dag to 2024-10-25T00:00:00+00:00, run_after=2024-10-26T00:00:00+00:00
[2024-10-26T12:21:12.323+0000] {processor.py:179} INFO - Processing /opt/airflow/dags/sliver_layer.py took 0.094 seconds
[2024-10-26T12:21:42.429+0000] {processor.py:157} INFO - Started process (PID=1747) to work on /opt/airflow/dags/sliver_layer.py
[2024-10-26T12:21:42.430+0000] {processor.py:829} INFO - Processing file /opt/airflow/dags/sliver_layer.py for tasks to queue
[2024-10-26T12:21:42.432+0000] {logging_mixin.py:151} INFO - [2024-10-26T12:21:42.432+0000] {dagbag.py:539} INFO - Filling up the DagBag from /opt/airflow/dags/sliver_layer.py
[2024-10-26T12:21:42.452+0000] {processor.py:839} INFO - DAG(s) dict_keys(['spark_processing_dag']) retrieved from /opt/airflow/dags/sliver_layer.py
[2024-10-26T12:21:42.481+0000] {logging_mixin.py:151} INFO - [2024-10-26T12:21:42.481+0000] {dag.py:2915} INFO - Sync 1 DAGs
[2024-10-26T12:21:42.502+0000] {logging_mixin.py:151} INFO - [2024-10-26T12:21:42.502+0000] {dag.py:3696} INFO - Setting next_dagrun for spark_processing_dag to 2024-10-25T00:00:00+00:00, run_after=2024-10-26T00:00:00+00:00
[2024-10-26T12:21:42.523+0000] {processor.py:179} INFO - Processing /opt/airflow/dags/sliver_layer.py took 0.096 seconds
[2024-10-26T12:22:12.619+0000] {processor.py:157} INFO - Started process (PID=1788) to work on /opt/airflow/dags/sliver_layer.py
[2024-10-26T12:22:12.621+0000] {processor.py:829} INFO - Processing file /opt/airflow/dags/sliver_layer.py for tasks to queue
[2024-10-26T12:22:12.623+0000] {logging_mixin.py:151} INFO - [2024-10-26T12:22:12.622+0000] {dagbag.py:539} INFO - Filling up the DagBag from /opt/airflow/dags/sliver_layer.py
[2024-10-26T12:22:12.641+0000] {processor.py:839} INFO - DAG(s) dict_keys(['spark_processing_dag']) retrieved from /opt/airflow/dags/sliver_layer.py
[2024-10-26T12:22:12.672+0000] {logging_mixin.py:151} INFO - [2024-10-26T12:22:12.671+0000] {dag.py:2915} INFO - Sync 1 DAGs
[2024-10-26T12:22:12.693+0000] {logging_mixin.py:151} INFO - [2024-10-26T12:22:12.692+0000] {dag.py:3696} INFO - Setting next_dagrun for spark_processing_dag to 2024-10-25T00:00:00+00:00, run_after=2024-10-26T00:00:00+00:00
[2024-10-26T12:22:12.714+0000] {processor.py:179} INFO - Processing /opt/airflow/dags/sliver_layer.py took 0.097 seconds
[2024-10-26T12:22:42.896+0000] {processor.py:157} INFO - Started process (PID=1829) to work on /opt/airflow/dags/sliver_layer.py
[2024-10-26T12:22:42.898+0000] {processor.py:829} INFO - Processing file /opt/airflow/dags/sliver_layer.py for tasks to queue
[2024-10-26T12:22:42.899+0000] {logging_mixin.py:151} INFO - [2024-10-26T12:22:42.899+0000] {dagbag.py:539} INFO - Filling up the DagBag from /opt/airflow/dags/sliver_layer.py
[2024-10-26T12:22:42.922+0000] {processor.py:839} INFO - DAG(s) dict_keys(['spark_processing_dag']) retrieved from /opt/airflow/dags/sliver_layer.py
[2024-10-26T12:22:42.954+0000] {logging_mixin.py:151} INFO - [2024-10-26T12:22:42.954+0000] {dag.py:2915} INFO - Sync 1 DAGs
[2024-10-26T12:22:42.974+0000] {logging_mixin.py:151} INFO - [2024-10-26T12:22:42.974+0000] {dag.py:3696} INFO - Setting next_dagrun for spark_processing_dag to 2024-10-25T00:00:00+00:00, run_after=2024-10-26T00:00:00+00:00
[2024-10-26T12:22:43.007+0000] {processor.py:179} INFO - Processing /opt/airflow/dags/sliver_layer.py took 0.113 seconds
[2024-10-26T12:23:13.153+0000] {processor.py:157} INFO - Started process (PID=1870) to work on /opt/airflow/dags/sliver_layer.py
[2024-10-26T12:23:13.154+0000] {processor.py:829} INFO - Processing file /opt/airflow/dags/sliver_layer.py for tasks to queue
[2024-10-26T12:23:13.155+0000] {logging_mixin.py:151} INFO - [2024-10-26T12:23:13.155+0000] {dagbag.py:539} INFO - Filling up the DagBag from /opt/airflow/dags/sliver_layer.py
[2024-10-26T12:23:13.174+0000] {processor.py:839} INFO - DAG(s) dict_keys(['spark_processing_dag']) retrieved from /opt/airflow/dags/sliver_layer.py
[2024-10-26T12:23:13.205+0000] {logging_mixin.py:151} INFO - [2024-10-26T12:23:13.204+0000] {dag.py:2915} INFO - Sync 1 DAGs
[2024-10-26T12:23:13.225+0000] {logging_mixin.py:151} INFO - [2024-10-26T12:23:13.225+0000] {dag.py:3696} INFO - Setting next_dagrun for spark_processing_dag to 2024-10-25T00:00:00+00:00, run_after=2024-10-26T00:00:00+00:00
[2024-10-26T12:23:13.246+0000] {processor.py:179} INFO - Processing /opt/airflow/dags/sliver_layer.py took 0.096 seconds
[2024-10-26T12:23:43.424+0000] {processor.py:157} INFO - Started process (PID=1911) to work on /opt/airflow/dags/sliver_layer.py
[2024-10-26T12:23:43.425+0000] {processor.py:829} INFO - Processing file /opt/airflow/dags/sliver_layer.py for tasks to queue
[2024-10-26T12:23:43.428+0000] {logging_mixin.py:151} INFO - [2024-10-26T12:23:43.428+0000] {dagbag.py:539} INFO - Filling up the DagBag from /opt/airflow/dags/sliver_layer.py
[2024-10-26T12:23:43.452+0000] {processor.py:839} INFO - DAG(s) dict_keys(['spark_processing_dag']) retrieved from /opt/airflow/dags/sliver_layer.py
[2024-10-26T12:23:43.488+0000] {logging_mixin.py:151} INFO - [2024-10-26T12:23:43.487+0000] {dag.py:2915} INFO - Sync 1 DAGs
[2024-10-26T12:23:43.511+0000] {logging_mixin.py:151} INFO - [2024-10-26T12:23:43.511+0000] {dag.py:3696} INFO - Setting next_dagrun for spark_processing_dag to 2024-10-25T00:00:00+00:00, run_after=2024-10-26T00:00:00+00:00
[2024-10-26T12:23:43.534+0000] {processor.py:179} INFO - Processing /opt/airflow/dags/sliver_layer.py took 0.114 seconds
[2024-10-26T12:24:13.681+0000] {processor.py:157} INFO - Started process (PID=1952) to work on /opt/airflow/dags/sliver_layer.py
[2024-10-26T12:24:13.682+0000] {processor.py:829} INFO - Processing file /opt/airflow/dags/sliver_layer.py for tasks to queue
[2024-10-26T12:24:13.684+0000] {logging_mixin.py:151} INFO - [2024-10-26T12:24:13.684+0000] {dagbag.py:539} INFO - Filling up the DagBag from /opt/airflow/dags/sliver_layer.py
[2024-10-26T12:24:13.703+0000] {processor.py:839} INFO - DAG(s) dict_keys(['spark_processing_dag']) retrieved from /opt/airflow/dags/sliver_layer.py
[2024-10-26T12:24:13.733+0000] {logging_mixin.py:151} INFO - [2024-10-26T12:24:13.733+0000] {dag.py:2915} INFO - Sync 1 DAGs
[2024-10-26T12:24:13.753+0000] {logging_mixin.py:151} INFO - [2024-10-26T12:24:13.753+0000] {dag.py:3696} INFO - Setting next_dagrun for spark_processing_dag to 2024-10-25T00:00:00+00:00, run_after=2024-10-26T00:00:00+00:00
[2024-10-26T12:24:13.772+0000] {processor.py:179} INFO - Processing /opt/airflow/dags/sliver_layer.py took 0.093 seconds
[2024-10-26T12:24:43.907+0000] {processor.py:157} INFO - Started process (PID=1998) to work on /opt/airflow/dags/sliver_layer.py
[2024-10-26T12:24:43.907+0000] {processor.py:829} INFO - Processing file /opt/airflow/dags/sliver_layer.py for tasks to queue
[2024-10-26T12:24:43.909+0000] {logging_mixin.py:151} INFO - [2024-10-26T12:24:43.909+0000] {dagbag.py:539} INFO - Filling up the DagBag from /opt/airflow/dags/sliver_layer.py
[2024-10-26T12:24:43.928+0000] {processor.py:839} INFO - DAG(s) dict_keys(['spark_processing_dag']) retrieved from /opt/airflow/dags/sliver_layer.py
[2024-10-26T12:24:43.958+0000] {logging_mixin.py:151} INFO - [2024-10-26T12:24:43.958+0000] {dag.py:2915} INFO - Sync 1 DAGs
[2024-10-26T12:24:43.978+0000] {logging_mixin.py:151} INFO - [2024-10-26T12:24:43.978+0000] {dag.py:3696} INFO - Setting next_dagrun for spark_processing_dag to 2024-10-25T00:00:00+00:00, run_after=2024-10-26T00:00:00+00:00
[2024-10-26T12:24:43.998+0000] {processor.py:179} INFO - Processing /opt/airflow/dags/sliver_layer.py took 0.094 seconds
[2024-10-26T12:25:14.286+0000] {processor.py:157} INFO - Started process (PID=2214) to work on /opt/airflow/dags/sliver_layer.py
[2024-10-26T12:25:14.287+0000] {processor.py:829} INFO - Processing file /opt/airflow/dags/sliver_layer.py for tasks to queue
[2024-10-26T12:25:14.291+0000] {logging_mixin.py:151} INFO - [2024-10-26T12:25:14.290+0000] {dagbag.py:539} INFO - Filling up the DagBag from /opt/airflow/dags/sliver_layer.py
[2024-10-26T12:25:14.320+0000] {processor.py:839} INFO - DAG(s) dict_keys(['spark_processing_dag']) retrieved from /opt/airflow/dags/sliver_layer.py
[2024-10-26T12:25:14.365+0000] {logging_mixin.py:151} INFO - [2024-10-26T12:25:14.364+0000] {dag.py:2915} INFO - Sync 1 DAGs
[2024-10-26T12:25:14.394+0000] {logging_mixin.py:151} INFO - [2024-10-26T12:25:14.394+0000] {dag.py:3696} INFO - Setting next_dagrun for spark_processing_dag to 2024-10-25T00:00:00+00:00, run_after=2024-10-26T00:00:00+00:00
[2024-10-26T12:25:14.424+0000] {processor.py:179} INFO - Processing /opt/airflow/dags/sliver_layer.py took 0.143 seconds
[2024-10-26T12:25:51.233+0000] {processor.py:157} INFO - Started process (PID=2430) to work on /opt/airflow/dags/sliver_layer.py
[2024-10-26T12:25:51.234+0000] {processor.py:829} INFO - Processing file /opt/airflow/dags/sliver_layer.py for tasks to queue
[2024-10-26T12:25:51.237+0000] {logging_mixin.py:151} INFO - [2024-10-26T12:25:51.237+0000] {dagbag.py:539} INFO - Filling up the DagBag from /opt/airflow/dags/sliver_layer.py
[2024-10-26T12:25:51.264+0000] {processor.py:839} INFO - DAG(s) dict_keys(['spark_processing_dag']) retrieved from /opt/airflow/dags/sliver_layer.py
[2024-10-26T12:25:51.331+0000] {logging_mixin.py:151} INFO - [2024-10-26T12:25:51.330+0000] {dag.py:2915} INFO - Sync 1 DAGs
[2024-10-26T12:25:51.384+0000] {logging_mixin.py:151} INFO - [2024-10-26T12:25:51.384+0000] {dag.py:3696} INFO - Setting next_dagrun for spark_processing_dag to 2024-10-25T00:00:00+00:00, run_after=2024-10-26T00:00:00+00:00
[2024-10-26T12:25:51.433+0000] {processor.py:179} INFO - Processing /opt/airflow/dags/sliver_layer.py took 0.210 seconds
[2024-10-26T12:26:21.625+0000] {processor.py:157} INFO - Started process (PID=2648) to work on /opt/airflow/dags/sliver_layer.py
[2024-10-26T12:26:21.627+0000] {processor.py:829} INFO - Processing file /opt/airflow/dags/sliver_layer.py for tasks to queue
[2024-10-26T12:26:21.629+0000] {logging_mixin.py:151} INFO - [2024-10-26T12:26:21.629+0000] {dagbag.py:539} INFO - Filling up the DagBag from /opt/airflow/dags/sliver_layer.py
[2024-10-26T12:26:21.655+0000] {processor.py:839} INFO - DAG(s) dict_keys(['spark_processing_dag']) retrieved from /opt/airflow/dags/sliver_layer.py
[2024-10-26T12:26:21.692+0000] {logging_mixin.py:151} INFO - [2024-10-26T12:26:21.691+0000] {dag.py:2915} INFO - Sync 1 DAGs
[2024-10-26T12:26:21.725+0000] {logging_mixin.py:151} INFO - [2024-10-26T12:26:21.725+0000] {dag.py:3696} INFO - Setting next_dagrun for spark_processing_dag to 2024-10-25T00:00:00+00:00, run_after=2024-10-26T00:00:00+00:00
[2024-10-26T12:26:21.795+0000] {processor.py:179} INFO - Processing /opt/airflow/dags/sliver_layer.py took 0.175 seconds
[2024-10-26T12:26:51.998+0000] {processor.py:157} INFO - Started process (PID=2906) to work on /opt/airflow/dags/sliver_layer.py
[2024-10-26T12:26:51.999+0000] {processor.py:829} INFO - Processing file /opt/airflow/dags/sliver_layer.py for tasks to queue
[2024-10-26T12:26:52.002+0000] {logging_mixin.py:151} INFO - [2024-10-26T12:26:52.002+0000] {dagbag.py:539} INFO - Filling up the DagBag from /opt/airflow/dags/sliver_layer.py
[2024-10-26T12:26:52.023+0000] {processor.py:839} INFO - DAG(s) dict_keys(['spark_processing_dag']) retrieved from /opt/airflow/dags/sliver_layer.py
[2024-10-26T12:26:52.061+0000] {logging_mixin.py:151} INFO - [2024-10-26T12:26:52.060+0000] {dag.py:2915} INFO - Sync 1 DAGs
[2024-10-26T12:26:52.088+0000] {logging_mixin.py:151} INFO - [2024-10-26T12:26:52.088+0000] {dag.py:3696} INFO - Setting next_dagrun for spark_processing_dag to 2024-10-25T00:00:00+00:00, run_after=2024-10-26T00:00:00+00:00
[2024-10-26T12:26:52.154+0000] {processor.py:179} INFO - Processing /opt/airflow/dags/sliver_layer.py took 0.160 seconds
[2024-10-26T12:27:23.853+0000] {processor.py:157} INFO - Started process (PID=3009) to work on /opt/airflow/dags/sliver_layer.py
[2024-10-26T12:27:23.855+0000] {processor.py:829} INFO - Processing file /opt/airflow/dags/sliver_layer.py for tasks to queue
[2024-10-26T12:27:23.857+0000] {logging_mixin.py:151} INFO - [2024-10-26T12:27:23.857+0000] {dagbag.py:539} INFO - Filling up the DagBag from /opt/airflow/dags/sliver_layer.py
[2024-10-26T12:27:23.887+0000] {processor.py:839} INFO - DAG(s) dict_keys(['spark_processing_dag']) retrieved from /opt/airflow/dags/sliver_layer.py
[2024-10-26T12:27:23.927+0000] {logging_mixin.py:151} INFO - [2024-10-26T12:27:23.926+0000] {dag.py:2915} INFO - Sync 1 DAGs
[2024-10-26T12:27:23.954+0000] {logging_mixin.py:151} INFO - [2024-10-26T12:27:23.954+0000] {dag.py:3696} INFO - Setting next_dagrun for spark_processing_dag to 2024-10-25T00:00:00+00:00, run_after=2024-10-26T00:00:00+00:00
[2024-10-26T12:27:23.983+0000] {processor.py:179} INFO - Processing /opt/airflow/dags/sliver_layer.py took 0.134 seconds
[2024-10-26T12:27:54.278+0000] {processor.py:157} INFO - Started process (PID=3338) to work on /opt/airflow/dags/sliver_layer.py
[2024-10-26T12:27:54.279+0000] {processor.py:829} INFO - Processing file /opt/airflow/dags/sliver_layer.py for tasks to queue
[2024-10-26T12:27:54.282+0000] {logging_mixin.py:151} INFO - [2024-10-26T12:27:54.281+0000] {dagbag.py:539} INFO - Filling up the DagBag from /opt/airflow/dags/sliver_layer.py
[2024-10-26T12:27:54.316+0000] {processor.py:839} INFO - DAG(s) dict_keys(['spark_processing_dag']) retrieved from /opt/airflow/dags/sliver_layer.py
[2024-10-26T12:27:54.362+0000] {logging_mixin.py:151} INFO - [2024-10-26T12:27:54.361+0000] {dag.py:2915} INFO - Sync 1 DAGs
[2024-10-26T12:27:54.388+0000] {logging_mixin.py:151} INFO - [2024-10-26T12:27:54.388+0000] {dag.py:3696} INFO - Setting next_dagrun for spark_processing_dag to 2024-10-25T00:00:00+00:00, run_after=2024-10-26T00:00:00+00:00
[2024-10-26T12:27:54.447+0000] {processor.py:179} INFO - Processing /opt/airflow/dags/sliver_layer.py took 0.173 seconds
[2024-10-26T12:28:25.468+0000] {processor.py:157} INFO - Started process (PID=3645) to work on /opt/airflow/dags/sliver_layer.py
[2024-10-26T12:28:25.469+0000] {processor.py:829} INFO - Processing file /opt/airflow/dags/sliver_layer.py for tasks to queue
[2024-10-26T12:28:25.471+0000] {logging_mixin.py:151} INFO - [2024-10-26T12:28:25.470+0000] {dagbag.py:539} INFO - Filling up the DagBag from /opt/airflow/dags/sliver_layer.py
[2024-10-26T12:28:25.493+0000] {processor.py:839} INFO - DAG(s) dict_keys(['spark_processing_dag']) retrieved from /opt/airflow/dags/sliver_layer.py
[2024-10-26T12:28:25.527+0000] {logging_mixin.py:151} INFO - [2024-10-26T12:28:25.527+0000] {dag.py:2915} INFO - Sync 1 DAGs
[2024-10-26T12:28:25.557+0000] {logging_mixin.py:151} INFO - [2024-10-26T12:28:25.556+0000] {dag.py:3696} INFO - Setting next_dagrun for spark_processing_dag to 2024-10-25T00:00:00+00:00, run_after=2024-10-26T00:00:00+00:00
[2024-10-26T12:28:25.593+0000] {processor.py:179} INFO - Processing /opt/airflow/dags/sliver_layer.py took 0.128 seconds
[2024-10-26T12:28:55.905+0000] {processor.py:157} INFO - Started process (PID=3860) to work on /opt/airflow/dags/sliver_layer.py
[2024-10-26T12:28:55.906+0000] {processor.py:829} INFO - Processing file /opt/airflow/dags/sliver_layer.py for tasks to queue
[2024-10-26T12:28:55.908+0000] {logging_mixin.py:151} INFO - [2024-10-26T12:28:55.908+0000] {dagbag.py:539} INFO - Filling up the DagBag from /opt/airflow/dags/sliver_layer.py
[2024-10-26T12:28:55.931+0000] {processor.py:839} INFO - DAG(s) dict_keys(['spark_processing_dag']) retrieved from /opt/airflow/dags/sliver_layer.py
[2024-10-26T12:28:55.971+0000] {logging_mixin.py:151} INFO - [2024-10-26T12:28:55.971+0000] {dag.py:2915} INFO - Sync 1 DAGs
[2024-10-26T12:28:56.001+0000] {logging_mixin.py:151} INFO - [2024-10-26T12:28:56.000+0000] {dag.py:3696} INFO - Setting next_dagrun for spark_processing_dag to 2024-10-25T00:00:00+00:00, run_after=2024-10-26T00:00:00+00:00
[2024-10-26T12:28:56.031+0000] {processor.py:179} INFO - Processing /opt/airflow/dags/sliver_layer.py took 0.129 seconds
[2024-10-26T12:29:31.348+0000] {processor.py:157} INFO - Started process (PID=4045) to work on /opt/airflow/dags/sliver_layer.py
[2024-10-26T12:29:31.349+0000] {processor.py:829} INFO - Processing file /opt/airflow/dags/sliver_layer.py for tasks to queue
[2024-10-26T12:29:31.351+0000] {logging_mixin.py:151} INFO - [2024-10-26T12:29:31.351+0000] {dagbag.py:539} INFO - Filling up the DagBag from /opt/airflow/dags/sliver_layer.py
[2024-10-26T12:29:31.372+0000] {processor.py:839} INFO - DAG(s) dict_keys(['spark_processing_dag']) retrieved from /opt/airflow/dags/sliver_layer.py
[2024-10-26T12:29:31.408+0000] {logging_mixin.py:151} INFO - [2024-10-26T12:29:31.407+0000] {dag.py:2915} INFO - Sync 1 DAGs
[2024-10-26T12:29:31.430+0000] {logging_mixin.py:151} INFO - [2024-10-26T12:29:31.430+0000] {dag.py:3696} INFO - Setting next_dagrun for spark_processing_dag to 2024-10-25T00:00:00+00:00, run_after=2024-10-26T00:00:00+00:00
[2024-10-26T12:29:31.450+0000] {processor.py:179} INFO - Processing /opt/airflow/dags/sliver_layer.py took 0.105 seconds
[2024-10-26T12:30:01.517+0000] {processor.py:157} INFO - Started process (PID=4191) to work on /opt/airflow/dags/sliver_layer.py
[2024-10-26T12:30:01.518+0000] {processor.py:829} INFO - Processing file /opt/airflow/dags/sliver_layer.py for tasks to queue
[2024-10-26T12:30:01.520+0000] {logging_mixin.py:151} INFO - [2024-10-26T12:30:01.519+0000] {dagbag.py:539} INFO - Filling up the DagBag from /opt/airflow/dags/sliver_layer.py
[2024-10-26T12:30:01.538+0000] {processor.py:839} INFO - DAG(s) dict_keys(['spark_processing_dag']) retrieved from /opt/airflow/dags/sliver_layer.py
[2024-10-26T12:30:01.571+0000] {logging_mixin.py:151} INFO - [2024-10-26T12:30:01.570+0000] {dag.py:2915} INFO - Sync 1 DAGs
[2024-10-26T12:30:01.592+0000] {logging_mixin.py:151} INFO - [2024-10-26T12:30:01.592+0000] {dag.py:3696} INFO - Setting next_dagrun for spark_processing_dag to 2024-10-25T00:00:00+00:00, run_after=2024-10-26T00:00:00+00:00
[2024-10-26T12:30:01.624+0000] {processor.py:179} INFO - Processing /opt/airflow/dags/sliver_layer.py took 0.109 seconds
[2024-10-26T12:30:31.826+0000] {processor.py:157} INFO - Started process (PID=4229) to work on /opt/airflow/dags/sliver_layer.py
[2024-10-26T12:30:31.827+0000] {processor.py:829} INFO - Processing file /opt/airflow/dags/sliver_layer.py for tasks to queue
[2024-10-26T12:30:31.830+0000] {logging_mixin.py:151} INFO - [2024-10-26T12:30:31.830+0000] {dagbag.py:539} INFO - Filling up the DagBag from /opt/airflow/dags/sliver_layer.py
[2024-10-26T12:30:31.857+0000] {processor.py:839} INFO - DAG(s) dict_keys(['spark_processing_dag']) retrieved from /opt/airflow/dags/sliver_layer.py
[2024-10-26T12:30:31.894+0000] {logging_mixin.py:151} INFO - [2024-10-26T12:30:31.893+0000] {dag.py:2915} INFO - Sync 1 DAGs
[2024-10-26T12:30:31.946+0000] {logging_mixin.py:151} INFO - [2024-10-26T12:30:31.945+0000] {dag.py:3696} INFO - Setting next_dagrun for spark_processing_dag to 2024-10-25T00:00:00+00:00, run_after=2024-10-26T00:00:00+00:00
[2024-10-26T12:30:31.976+0000] {processor.py:179} INFO - Processing /opt/airflow/dags/sliver_layer.py took 0.154 seconds
[2024-10-26T12:31:03.382+0000] {processor.py:157} INFO - Started process (PID=4270) to work on /opt/airflow/dags/sliver_layer.py
[2024-10-26T12:31:03.383+0000] {processor.py:829} INFO - Processing file /opt/airflow/dags/sliver_layer.py for tasks to queue
[2024-10-26T12:31:03.385+0000] {logging_mixin.py:151} INFO - [2024-10-26T12:31:03.385+0000] {dagbag.py:539} INFO - Filling up the DagBag from /opt/airflow/dags/sliver_layer.py
[2024-10-26T12:31:03.438+0000] {processor.py:839} INFO - DAG(s) dict_keys(['spark_processing_dag']) retrieved from /opt/airflow/dags/sliver_layer.py
[2024-10-26T12:31:03.519+0000] {logging_mixin.py:151} INFO - [2024-10-26T12:31:03.518+0000] {dag.py:2915} INFO - Sync 1 DAGs
[2024-10-26T12:31:03.584+0000] {logging_mixin.py:151} INFO - [2024-10-26T12:31:03.584+0000] {dag.py:3696} INFO - Setting next_dagrun for spark_processing_dag to 2024-10-25T00:00:00+00:00, run_after=2024-10-26T00:00:00+00:00
[2024-10-26T12:31:03.616+0000] {processor.py:179} INFO - Processing /opt/airflow/dags/sliver_layer.py took 0.237 seconds
[2024-10-26T12:31:33.853+0000] {processor.py:157} INFO - Started process (PID=4309) to work on /opt/airflow/dags/sliver_layer.py
[2024-10-26T12:31:33.854+0000] {processor.py:829} INFO - Processing file /opt/airflow/dags/sliver_layer.py for tasks to queue
[2024-10-26T12:31:33.856+0000] {logging_mixin.py:151} INFO - [2024-10-26T12:31:33.855+0000] {dagbag.py:539} INFO - Filling up the DagBag from /opt/airflow/dags/sliver_layer.py
[2024-10-26T12:31:33.875+0000] {processor.py:839} INFO - DAG(s) dict_keys(['spark_processing_dag']) retrieved from /opt/airflow/dags/sliver_layer.py
[2024-10-26T12:31:33.906+0000] {logging_mixin.py:151} INFO - [2024-10-26T12:31:33.905+0000] {dag.py:2915} INFO - Sync 1 DAGs
[2024-10-26T12:31:33.927+0000] {logging_mixin.py:151} INFO - [2024-10-26T12:31:33.926+0000] {dag.py:3696} INFO - Setting next_dagrun for spark_processing_dag to 2024-10-25T00:00:00+00:00, run_after=2024-10-26T00:00:00+00:00
[2024-10-26T12:31:33.946+0000] {processor.py:179} INFO - Processing /opt/airflow/dags/sliver_layer.py took 0.096 seconds
[2024-10-26T12:32:04.146+0000] {processor.py:157} INFO - Started process (PID=4350) to work on /opt/airflow/dags/sliver_layer.py
[2024-10-26T12:32:04.146+0000] {processor.py:829} INFO - Processing file /opt/airflow/dags/sliver_layer.py for tasks to queue
[2024-10-26T12:32:04.148+0000] {logging_mixin.py:151} INFO - [2024-10-26T12:32:04.148+0000] {dagbag.py:539} INFO - Filling up the DagBag from /opt/airflow/dags/sliver_layer.py
[2024-10-26T12:32:04.168+0000] {processor.py:839} INFO - DAG(s) dict_keys(['spark_processing_dag']) retrieved from /opt/airflow/dags/sliver_layer.py
[2024-10-26T12:32:04.203+0000] {logging_mixin.py:151} INFO - [2024-10-26T12:32:04.202+0000] {dag.py:2915} INFO - Sync 1 DAGs
[2024-10-26T12:32:04.224+0000] {logging_mixin.py:151} INFO - [2024-10-26T12:32:04.224+0000] {dag.py:3696} INFO - Setting next_dagrun for spark_processing_dag to 2024-10-25T00:00:00+00:00, run_after=2024-10-26T00:00:00+00:00
[2024-10-26T12:32:04.243+0000] {processor.py:179} INFO - Processing /opt/airflow/dags/sliver_layer.py took 0.100 seconds
[2024-10-26T12:32:34.401+0000] {processor.py:157} INFO - Started process (PID=4391) to work on /opt/airflow/dags/sliver_layer.py
[2024-10-26T12:32:34.402+0000] {processor.py:829} INFO - Processing file /opt/airflow/dags/sliver_layer.py for tasks to queue
[2024-10-26T12:32:34.404+0000] {logging_mixin.py:151} INFO - [2024-10-26T12:32:34.404+0000] {dagbag.py:539} INFO - Filling up the DagBag from /opt/airflow/dags/sliver_layer.py
[2024-10-26T12:32:34.423+0000] {processor.py:839} INFO - DAG(s) dict_keys(['spark_processing_dag']) retrieved from /opt/airflow/dags/sliver_layer.py
[2024-10-26T12:32:34.461+0000] {logging_mixin.py:151} INFO - [2024-10-26T12:32:34.461+0000] {dag.py:2915} INFO - Sync 1 DAGs
[2024-10-26T12:32:34.483+0000] {logging_mixin.py:151} INFO - [2024-10-26T12:32:34.483+0000] {dag.py:3696} INFO - Setting next_dagrun for spark_processing_dag to 2024-10-25T00:00:00+00:00, run_after=2024-10-26T00:00:00+00:00
[2024-10-26T12:32:34.508+0000] {processor.py:179} INFO - Processing /opt/airflow/dags/sliver_layer.py took 0.110 seconds
[2024-10-26T12:33:04.648+0000] {processor.py:157} INFO - Started process (PID=4432) to work on /opt/airflow/dags/sliver_layer.py
[2024-10-26T12:33:04.649+0000] {processor.py:829} INFO - Processing file /opt/airflow/dags/sliver_layer.py for tasks to queue
[2024-10-26T12:33:04.652+0000] {logging_mixin.py:151} INFO - [2024-10-26T12:33:04.651+0000] {dagbag.py:539} INFO - Filling up the DagBag from /opt/airflow/dags/sliver_layer.py
[2024-10-26T12:33:04.688+0000] {processor.py:839} INFO - DAG(s) dict_keys(['spark_processing_dag']) retrieved from /opt/airflow/dags/sliver_layer.py
[2024-10-26T12:33:04.718+0000] {logging_mixin.py:151} INFO - [2024-10-26T12:33:04.718+0000] {dag.py:2915} INFO - Sync 1 DAGs
[2024-10-26T12:33:04.739+0000] {logging_mixin.py:151} INFO - [2024-10-26T12:33:04.739+0000] {dag.py:3696} INFO - Setting next_dagrun for spark_processing_dag to 2024-10-25T00:00:00+00:00, run_after=2024-10-26T00:00:00+00:00
[2024-10-26T12:33:04.758+0000] {processor.py:179} INFO - Processing /opt/airflow/dags/sliver_layer.py took 0.113 seconds
[2024-10-26T12:33:34.934+0000] {processor.py:157} INFO - Started process (PID=4473) to work on /opt/airflow/dags/sliver_layer.py
[2024-10-26T12:33:34.935+0000] {processor.py:829} INFO - Processing file /opt/airflow/dags/sliver_layer.py for tasks to queue
[2024-10-26T12:33:34.937+0000] {logging_mixin.py:151} INFO - [2024-10-26T12:33:34.936+0000] {dagbag.py:539} INFO - Filling up the DagBag from /opt/airflow/dags/sliver_layer.py
[2024-10-26T12:33:34.955+0000] {processor.py:839} INFO - DAG(s) dict_keys(['spark_processing_dag']) retrieved from /opt/airflow/dags/sliver_layer.py
[2024-10-26T12:33:34.987+0000] {logging_mixin.py:151} INFO - [2024-10-26T12:33:34.986+0000] {dag.py:2915} INFO - Sync 1 DAGs
[2024-10-26T12:33:35.007+0000] {logging_mixin.py:151} INFO - [2024-10-26T12:33:35.006+0000] {dag.py:3696} INFO - Setting next_dagrun for spark_processing_dag to 2024-10-25T00:00:00+00:00, run_after=2024-10-26T00:00:00+00:00
[2024-10-26T12:33:35.025+0000] {processor.py:179} INFO - Processing /opt/airflow/dags/sliver_layer.py took 0.093 seconds
[2024-10-26T12:34:05.181+0000] {processor.py:157} INFO - Started process (PID=4514) to work on /opt/airflow/dags/sliver_layer.py
[2024-10-26T12:34:05.182+0000] {processor.py:829} INFO - Processing file /opt/airflow/dags/sliver_layer.py for tasks to queue
[2024-10-26T12:34:05.184+0000] {logging_mixin.py:151} INFO - [2024-10-26T12:34:05.184+0000] {dagbag.py:539} INFO - Filling up the DagBag from /opt/airflow/dags/sliver_layer.py
[2024-10-26T12:34:05.207+0000] {processor.py:839} INFO - DAG(s) dict_keys(['spark_processing_dag']) retrieved from /opt/airflow/dags/sliver_layer.py
[2024-10-26T12:34:05.238+0000] {logging_mixin.py:151} INFO - [2024-10-26T12:34:05.238+0000] {dag.py:2915} INFO - Sync 1 DAGs
[2024-10-26T12:34:05.258+0000] {logging_mixin.py:151} INFO - [2024-10-26T12:34:05.258+0000] {dag.py:3696} INFO - Setting next_dagrun for spark_processing_dag to 2024-10-25T00:00:00+00:00, run_after=2024-10-26T00:00:00+00:00
[2024-10-26T12:34:05.280+0000] {processor.py:179} INFO - Processing /opt/airflow/dags/sliver_layer.py took 0.102 seconds
[2024-10-26T12:34:35.448+0000] {processor.py:157} INFO - Started process (PID=4555) to work on /opt/airflow/dags/sliver_layer.py
[2024-10-26T12:34:35.449+0000] {processor.py:829} INFO - Processing file /opt/airflow/dags/sliver_layer.py for tasks to queue
[2024-10-26T12:34:35.451+0000] {logging_mixin.py:151} INFO - [2024-10-26T12:34:35.451+0000] {dagbag.py:539} INFO - Filling up the DagBag from /opt/airflow/dags/sliver_layer.py
[2024-10-26T12:34:35.479+0000] {processor.py:839} INFO - DAG(s) dict_keys(['spark_processing_dag']) retrieved from /opt/airflow/dags/sliver_layer.py
[2024-10-26T12:34:35.519+0000] {logging_mixin.py:151} INFO - [2024-10-26T12:34:35.519+0000] {dag.py:2915} INFO - Sync 1 DAGs
[2024-10-26T12:34:35.539+0000] {logging_mixin.py:151} INFO - [2024-10-26T12:34:35.539+0000] {dag.py:3696} INFO - Setting next_dagrun for spark_processing_dag to 2024-10-25T00:00:00+00:00, run_after=2024-10-26T00:00:00+00:00
[2024-10-26T12:34:35.561+0000] {processor.py:179} INFO - Processing /opt/airflow/dags/sliver_layer.py took 0.116 seconds
[2024-10-26T12:35:06.236+0000] {processor.py:157} INFO - Started process (PID=4596) to work on /opt/airflow/dags/sliver_layer.py
[2024-10-26T12:35:06.238+0000] {processor.py:829} INFO - Processing file /opt/airflow/dags/sliver_layer.py for tasks to queue
[2024-10-26T12:35:06.240+0000] {logging_mixin.py:151} INFO - [2024-10-26T12:35:06.239+0000] {dagbag.py:539} INFO - Filling up the DagBag from /opt/airflow/dags/sliver_layer.py
[2024-10-26T12:35:06.260+0000] {processor.py:839} INFO - DAG(s) dict_keys(['spark_processing_dag']) retrieved from /opt/airflow/dags/sliver_layer.py
[2024-10-26T12:35:06.290+0000] {logging_mixin.py:151} INFO - [2024-10-26T12:35:06.290+0000] {dag.py:2915} INFO - Sync 1 DAGs
[2024-10-26T12:35:06.311+0000] {logging_mixin.py:151} INFO - [2024-10-26T12:35:06.311+0000] {dag.py:3696} INFO - Setting next_dagrun for spark_processing_dag to 2024-10-25T00:00:00+00:00, run_after=2024-10-26T00:00:00+00:00
[2024-10-26T12:35:06.330+0000] {processor.py:179} INFO - Processing /opt/airflow/dags/sliver_layer.py took 0.098 seconds
