[2024-10-25T12:28:09.433+0000] {taskinstance.py:1157} INFO - Dependencies all met for dep_context=non-requeueable deps ti=<TaskInstance: task_credits_clean.credits_cleaned manual__2024-10-25T12:28:07.855390+00:00 [queued]>
[2024-10-25T12:28:09.443+0000] {taskinstance.py:1157} INFO - Dependencies all met for dep_context=requeueable deps ti=<TaskInstance: task_credits_clean.credits_cleaned manual__2024-10-25T12:28:07.855390+00:00 [queued]>
[2024-10-25T12:28:09.444+0000] {taskinstance.py:1359} INFO - Starting attempt 1 of 2
[2024-10-25T12:28:09.456+0000] {taskinstance.py:1380} INFO - Executing <Task(SparkSubmitOperator): credits_cleaned> on 2024-10-25 12:28:07.855390+00:00
[2024-10-25T12:28:09.462+0000] {standard_task_runner.py:57} INFO - Started process 5076 to run task
[2024-10-25T12:28:09.465+0000] {standard_task_runner.py:84} INFO - Running: ['***', 'tasks', 'run', 'task_credits_clean', 'credits_cleaned', 'manual__2024-10-25T12:28:07.855390+00:00', '--job-id', '159', '--raw', '--subdir', 'DAGS_FOLDER/credits_test.py', '--cfg-path', '/tmp/tmpzm9cjy1b']
[2024-10-25T12:28:09.467+0000] {standard_task_runner.py:85} INFO - Job 159: Subtask credits_cleaned
[2024-10-25T12:28:09.515+0000] {task_command.py:415} INFO - Running <TaskInstance: task_credits_clean.credits_cleaned manual__2024-10-25T12:28:07.855390+00:00 [running]> on host 84076e7a47fe
[2024-10-25T12:28:09.596+0000] {taskinstance.py:1660} INFO - Exporting env vars: AIRFLOW_CTX_DAG_OWNER='***' AIRFLOW_CTX_DAG_ID='task_credits_clean' AIRFLOW_CTX_TASK_ID='credits_cleaned' AIRFLOW_CTX_EXECUTION_DATE='2024-10-25T12:28:07.855390+00:00' AIRFLOW_CTX_TRY_NUMBER='1' AIRFLOW_CTX_DAG_RUN_ID='manual__2024-10-25T12:28:07.855390+00:00'
[2024-10-25T12:28:09.607+0000] {base.py:73} INFO - Using connection ID 'spark-conn' for task execution.
[2024-10-25T12:28:09.609+0000] {spark_submit.py:403} INFO - Spark-Submit cmd: spark-submit --master spark://spark-master:7077 --conf spark.sql.extensions=io.delta.sql.DeltaSparkSessionExtension --conf spark.sql.catalog.spark_catalog=org.apache.spark.sql.delta.catalog.DeltaCatalog --jars /opt/***/jars/hadoop-aws-3.3.4.jar,/opt/***/jars/s3-2.18.41.jar,/opt/***/jars/aws-java-sdk-1.12.367.jar,/opt/***/jars/delta-core_2.12-2.4.0.jar,/opt/***/jars/delta-storage-2.2.0.jar, --packages org.apache.hadoop:hadoop-aws:3.3.4 --num-executors 2 --total-executor-cores 2 --executor-cores 2 --executor-memory 2g --driver-memory 1g --name arrow-spark --deploy-mode client /opt/***/jobs/python/test_Credit.py s3a://lakehouse/bronze/credits.parquet s3a://lakehouse/sliver/credit
[2024-10-25T12:28:09.702+0000] {spark_submit.py:579} INFO - /home/***/.local/lib/python3.11/site-packages/pyspark/bin/load-spark-env.sh: line 68: ps: command not found
[2024-10-25T12:28:11.589+0000] {spark_submit.py:579} INFO - :: loading settings :: url = jar:file:/home/***/.local/lib/python3.11/site-packages/pyspark/jars/ivy-2.5.1.jar!/org/apache/ivy/core/settings/ivysettings.xml
[2024-10-25T12:28:11.770+0000] {spark_submit.py:579} INFO - Ivy Default Cache set to: /home/***/.ivy2/cache
[2024-10-25T12:28:11.771+0000] {spark_submit.py:579} INFO - The jars for the packages stored in: /home/***/.ivy2/jars
[2024-10-25T12:28:11.777+0000] {spark_submit.py:579} INFO - org.apache.hadoop#hadoop-aws added as a dependency
[2024-10-25T12:28:11.779+0000] {spark_submit.py:579} INFO - :: resolving dependencies :: org.apache.spark#spark-submit-parent-4b10c44e-966b-4188-a631-d85440329827;1.0
[2024-10-25T12:28:11.780+0000] {spark_submit.py:579} INFO - confs: [default]
[2024-10-25T12:28:11.962+0000] {spark_submit.py:579} INFO - found org.apache.hadoop#hadoop-aws;3.3.4 in spark-list
[2024-10-25T12:28:12.001+0000] {spark_submit.py:579} INFO - found com.amazonaws#aws-java-sdk-bundle;1.12.262 in central
[2024-10-25T12:28:12.035+0000] {spark_submit.py:579} INFO - found org.wildfly.openssl#wildfly-openssl;1.0.7.Final in spark-list
[2024-10-25T12:28:12.070+0000] {spark_submit.py:579} INFO - :: resolution report :: resolve 279ms :: artifacts dl 11ms
[2024-10-25T12:28:12.071+0000] {spark_submit.py:579} INFO - :: modules in use:
[2024-10-25T12:28:12.071+0000] {spark_submit.py:579} INFO - com.amazonaws#aws-java-sdk-bundle;1.12.262 from central in [default]
[2024-10-25T12:28:12.072+0000] {spark_submit.py:579} INFO - org.apache.hadoop#hadoop-aws;3.3.4 from spark-list in [default]
[2024-10-25T12:28:12.073+0000] {spark_submit.py:579} INFO - org.wildfly.openssl#wildfly-openssl;1.0.7.Final from spark-list in [default]
[2024-10-25T12:28:12.074+0000] {spark_submit.py:579} INFO - ---------------------------------------------------------------------
[2024-10-25T12:28:12.075+0000] {spark_submit.py:579} INFO - |                  |            modules            ||   artifacts   |
[2024-10-25T12:28:12.075+0000] {spark_submit.py:579} INFO - |       conf       | number| search|dwnlded|evicted|| number|dwnlded|
[2024-10-25T12:28:12.076+0000] {spark_submit.py:579} INFO - ---------------------------------------------------------------------
[2024-10-25T12:28:12.077+0000] {spark_submit.py:579} INFO - |      default     |   3   |   0   |   0   |   0   ||   3   |   0   |
[2024-10-25T12:28:12.077+0000] {spark_submit.py:579} INFO - ---------------------------------------------------------------------
[2024-10-25T12:28:12.078+0000] {spark_submit.py:579} INFO - :: retrieving :: org.apache.spark#spark-submit-parent-4b10c44e-966b-4188-a631-d85440329827
[2024-10-25T12:28:12.079+0000] {spark_submit.py:579} INFO - confs: [default]
[2024-10-25T12:28:12.086+0000] {spark_submit.py:579} INFO - 0 artifacts copied, 3 already retrieved (0kB/7ms)
[2024-10-25T12:28:12.365+0000] {spark_submit.py:579} INFO - 24/10/25 12:28:12 WARN NativeCodeLoader: Unable to load native-hadoop library for your platform... using builtin-java classes where applicable
[2024-10-25T12:28:13.618+0000] {spark_submit.py:579} INFO - 2024-10-25 12:28:13,618 INFO: Initializing Spark session...
[2024-10-25T12:28:13.813+0000] {spark_submit.py:579} INFO - 24/10/25 12:28:13 INFO SparkContext: Running Spark version 3.4.3
[2024-10-25T12:28:13.853+0000] {spark_submit.py:579} INFO - 24/10/25 12:28:13 INFO ResourceUtils: ==============================================================
[2024-10-25T12:28:13.854+0000] {spark_submit.py:579} INFO - 24/10/25 12:28:13 INFO ResourceUtils: No custom resources configured for spark.driver.
[2024-10-25T12:28:13.855+0000] {spark_submit.py:579} INFO - 24/10/25 12:28:13 INFO ResourceUtils: ==============================================================
[2024-10-25T12:28:13.856+0000] {spark_submit.py:579} INFO - 24/10/25 12:28:13 INFO SparkContext: Submitted application: CleanCredits
[2024-10-25T12:28:13.891+0000] {spark_submit.py:579} INFO - 24/10/25 12:28:13 INFO ResourceProfile: Default ResourceProfile created, executor resources: Map(cores -> name: cores, amount: 2, script: , vendor: , memory -> name: memory, amount: 2048, script: , vendor: , offHeap -> name: offHeap, amount: 0, script: , vendor: ), task resources: Map(cpus -> name: cpus, amount: 1.0)
[2024-10-25T12:28:13.909+0000] {spark_submit.py:579} INFO - 24/10/25 12:28:13 INFO ResourceProfile: Limiting resource is cpus at 2 tasks per executor
[2024-10-25T12:28:13.912+0000] {spark_submit.py:579} INFO - 24/10/25 12:28:13 INFO ResourceProfileManager: Added ResourceProfile id: 0
[2024-10-25T12:28:13.982+0000] {spark_submit.py:579} INFO - 24/10/25 12:28:13 INFO SecurityManager: Changing view acls to: ***
[2024-10-25T12:28:13.983+0000] {spark_submit.py:579} INFO - 24/10/25 12:28:13 INFO SecurityManager: Changing modify acls to: ***
[2024-10-25T12:28:13.984+0000] {spark_submit.py:579} INFO - 24/10/25 12:28:13 INFO SecurityManager: Changing view acls groups to:
[2024-10-25T12:28:13.985+0000] {spark_submit.py:579} INFO - 24/10/25 12:28:13 INFO SecurityManager: Changing modify acls groups to:
[2024-10-25T12:28:13.985+0000] {spark_submit.py:579} INFO - 24/10/25 12:28:13 INFO SecurityManager: SecurityManager: authentication disabled; ui acls disabled; users with view permissions: ***; groups with view permissions: EMPTY; users with modify permissions: ***; groups with modify permissions: EMPTY
[2024-10-25T12:28:14.313+0000] {spark_submit.py:579} INFO - 24/10/25 12:28:14 INFO Utils: Successfully started service 'sparkDriver' on port 44689.
[2024-10-25T12:28:14.368+0000] {spark_submit.py:579} INFO - 24/10/25 12:28:14 INFO SparkEnv: Registering MapOutputTracker
[2024-10-25T12:28:14.410+0000] {spark_submit.py:579} INFO - 24/10/25 12:28:14 INFO SparkEnv: Registering BlockManagerMaster
[2024-10-25T12:28:14.431+0000] {spark_submit.py:579} INFO - 24/10/25 12:28:14 INFO BlockManagerMasterEndpoint: Using org.apache.spark.storage.DefaultTopologyMapper for getting topology information
[2024-10-25T12:28:14.432+0000] {spark_submit.py:579} INFO - 24/10/25 12:28:14 INFO BlockManagerMasterEndpoint: BlockManagerMasterEndpoint up
[2024-10-25T12:28:14.437+0000] {spark_submit.py:579} INFO - 24/10/25 12:28:14 INFO SparkEnv: Registering BlockManagerMasterHeartbeat
[2024-10-25T12:28:14.454+0000] {spark_submit.py:579} INFO - 24/10/25 12:28:14 INFO DiskBlockManager: Created local directory at /tmp/blockmgr-d480c728-41a9-487c-b4c2-72581412e4a5
[2024-10-25T12:28:14.469+0000] {spark_submit.py:579} INFO - 24/10/25 12:28:14 INFO MemoryStore: MemoryStore started with capacity 434.4 MiB
[2024-10-25T12:28:14.486+0000] {spark_submit.py:579} INFO - 24/10/25 12:28:14 INFO SparkEnv: Registering OutputCommitCoordinator
[2024-10-25T12:28:14.618+0000] {spark_submit.py:579} INFO - 24/10/25 12:28:14 INFO JettyUtils: Start Jetty 0.0.0.0:4040 for SparkUI
[2024-10-25T12:28:14.693+0000] {spark_submit.py:579} INFO - 24/10/25 12:28:14 INFO Utils: Successfully started service 'SparkUI' on port 4040.
[2024-10-25T12:28:14.736+0000] {spark_submit.py:579} INFO - 24/10/25 12:28:14 INFO SparkContext: Added JAR file:///opt/***/jars/hadoop-aws-3.3.4.jar at spark://84076e7a47fe:44689/jars/hadoop-aws-3.3.4.jar with timestamp 1729859293800
[2024-10-25T12:28:14.738+0000] {spark_submit.py:579} INFO - 24/10/25 12:28:14 INFO SparkContext: Added JAR file:///opt/***/jars/s3-2.18.41.jar at spark://84076e7a47fe:44689/jars/s3-2.18.41.jar with timestamp 1729859293800
[2024-10-25T12:28:14.740+0000] {spark_submit.py:579} INFO - 24/10/25 12:28:14 INFO SparkContext: Added JAR file:///opt/***/jars/aws-java-sdk-1.12.367.jar at spark://84076e7a47fe:44689/jars/aws-java-sdk-1.12.367.jar with timestamp 1729859293800
[2024-10-25T12:28:14.742+0000] {spark_submit.py:579} INFO - 24/10/25 12:28:14 INFO SparkContext: Added JAR file:///opt/***/jars/delta-core_2.12-2.4.0.jar at spark://84076e7a47fe:44689/jars/delta-core_2.12-2.4.0.jar with timestamp 1729859293800
[2024-10-25T12:28:14.744+0000] {spark_submit.py:579} INFO - 24/10/25 12:28:14 INFO SparkContext: Added JAR file:///opt/***/jars/delta-storage-2.2.0.jar at spark://84076e7a47fe:44689/jars/delta-storage-2.2.0.jar with timestamp 1729859293800
[2024-10-25T12:28:14.744+0000] {spark_submit.py:579} INFO - 24/10/25 12:28:14 INFO SparkContext: Added JAR file:///home/***/.ivy2/jars/org.apache.hadoop_hadoop-aws-3.3.4.jar at spark://84076e7a47fe:44689/jars/org.apache.hadoop_hadoop-aws-3.3.4.jar with timestamp 1729859293800
[2024-10-25T12:28:14.745+0000] {spark_submit.py:579} INFO - 24/10/25 12:28:14 INFO SparkContext: Added JAR file:///home/***/.ivy2/jars/com.amazonaws_aws-java-sdk-bundle-1.12.262.jar at spark://84076e7a47fe:44689/jars/com.amazonaws_aws-java-sdk-bundle-1.12.262.jar with timestamp 1729859293800
[2024-10-25T12:28:14.745+0000] {spark_submit.py:579} INFO - 24/10/25 12:28:14 INFO SparkContext: Added JAR file:///home/***/.ivy2/jars/org.wildfly.openssl_wildfly-openssl-1.0.7.Final.jar at spark://84076e7a47fe:44689/jars/org.wildfly.openssl_wildfly-openssl-1.0.7.Final.jar with timestamp 1729859293800
[2024-10-25T12:28:14.748+0000] {spark_submit.py:579} INFO - 24/10/25 12:28:14 INFO SparkContext: Added file file:///home/***/.ivy2/jars/org.apache.hadoop_hadoop-aws-3.3.4.jar at spark://84076e7a47fe:44689/files/org.apache.hadoop_hadoop-aws-3.3.4.jar with timestamp 1729859293800
[2024-10-25T12:28:14.750+0000] {spark_submit.py:579} INFO - 24/10/25 12:28:14 INFO Utils: Copying /home/***/.ivy2/jars/org.apache.hadoop_hadoop-aws-3.3.4.jar to /tmp/spark-da9712ce-5272-4604-9bde-559175ea0843/userFiles-f15b18a0-be4b-477a-9695-2f9f74dd611a/org.apache.hadoop_hadoop-aws-3.3.4.jar
[2024-10-25T12:28:14.762+0000] {spark_submit.py:579} INFO - 24/10/25 12:28:14 INFO SparkContext: Added file file:///home/***/.ivy2/jars/com.amazonaws_aws-java-sdk-bundle-1.12.262.jar at spark://84076e7a47fe:44689/files/com.amazonaws_aws-java-sdk-bundle-1.12.262.jar with timestamp 1729859293800
[2024-10-25T12:28:14.762+0000] {spark_submit.py:579} INFO - 24/10/25 12:28:14 INFO Utils: Copying /home/***/.ivy2/jars/com.amazonaws_aws-java-sdk-bundle-1.12.262.jar to /tmp/spark-da9712ce-5272-4604-9bde-559175ea0843/userFiles-f15b18a0-be4b-477a-9695-2f9f74dd611a/com.amazonaws_aws-java-sdk-bundle-1.12.262.jar
[2024-10-25T12:28:15.096+0000] {spark_submit.py:579} INFO - 24/10/25 12:28:15 INFO SparkContext: Added file file:///home/***/.ivy2/jars/org.wildfly.openssl_wildfly-openssl-1.0.7.Final.jar at spark://84076e7a47fe:44689/files/org.wildfly.openssl_wildfly-openssl-1.0.7.Final.jar with timestamp 1729859293800
[2024-10-25T12:28:15.097+0000] {spark_submit.py:579} INFO - 24/10/25 12:28:15 INFO Utils: Copying /home/***/.ivy2/jars/org.wildfly.openssl_wildfly-openssl-1.0.7.Final.jar to /tmp/spark-da9712ce-5272-4604-9bde-559175ea0843/userFiles-f15b18a0-be4b-477a-9695-2f9f74dd611a/org.wildfly.openssl_wildfly-openssl-1.0.7.Final.jar
[2024-10-25T12:28:15.185+0000] {spark_submit.py:579} INFO - 24/10/25 12:28:15 INFO StandaloneAppClient$ClientEndpoint: Connecting to master spark://spark-master:7077...
[2024-10-25T12:28:15.238+0000] {spark_submit.py:579} INFO - 24/10/25 12:28:15 INFO TransportClientFactory: Successfully created connection to spark-master/172.18.0.4:7077 after 33 ms (0 ms spent in bootstraps)
[2024-10-25T12:28:15.331+0000] {spark_submit.py:579} INFO - 24/10/25 12:28:15 INFO StandaloneSchedulerBackend: Connected to Spark cluster with app ID app-20241025122815-0009
[2024-10-25T12:28:15.336+0000] {spark_submit.py:579} INFO - 24/10/25 12:28:15 INFO StandaloneAppClient$ClientEndpoint: Executor added: app-20241025122815-0009/0 on worker-20241025115841-172.18.0.5-46301 (172.18.0.5:46301) with 2 core(s)
[2024-10-25T12:28:15.340+0000] {spark_submit.py:579} INFO - 24/10/25 12:28:15 INFO StandaloneSchedulerBackend: Granted executor ID app-20241025122815-0009/0 on hostPort 172.18.0.5:46301 with 2 core(s), 2.0 GiB RAM
[2024-10-25T12:28:15.344+0000] {spark_submit.py:579} INFO - 24/10/25 12:28:15 INFO Utils: Successfully started service 'org.apache.spark.network.netty.NettyBlockTransferService' on port 46465.
[2024-10-25T12:28:15.345+0000] {spark_submit.py:579} INFO - 24/10/25 12:28:15 INFO NettyBlockTransferService: Server created on 84076e7a47fe:46465
[2024-10-25T12:28:15.347+0000] {spark_submit.py:579} INFO - 24/10/25 12:28:15 INFO BlockManager: Using org.apache.spark.storage.RandomBlockReplicationPolicy for block replication policy
[2024-10-25T12:28:15.355+0000] {spark_submit.py:579} INFO - 24/10/25 12:28:15 INFO BlockManagerMaster: Registering BlockManager BlockManagerId(driver, 84076e7a47fe, 46465, None)
[2024-10-25T12:28:15.359+0000] {spark_submit.py:579} INFO - 24/10/25 12:28:15 INFO BlockManagerMasterEndpoint: Registering block manager 84076e7a47fe:46465 with 434.4 MiB RAM, BlockManagerId(driver, 84076e7a47fe, 46465, None)
[2024-10-25T12:28:15.363+0000] {spark_submit.py:579} INFO - 24/10/25 12:28:15 INFO BlockManagerMaster: Registered BlockManager BlockManagerId(driver, 84076e7a47fe, 46465, None)
[2024-10-25T12:28:15.364+0000] {spark_submit.py:579} INFO - 24/10/25 12:28:15 INFO BlockManager: Initialized BlockManager: BlockManagerId(driver, 84076e7a47fe, 46465, None)
[2024-10-25T12:28:15.403+0000] {spark_submit.py:579} INFO - 24/10/25 12:28:15 INFO StandaloneAppClient$ClientEndpoint: Executor updated: app-20241025122815-0009/0 is now RUNNING
[2024-10-25T12:28:15.595+0000] {spark_submit.py:579} INFO - 24/10/25 12:28:15 INFO StandaloneSchedulerBackend: SchedulerBackend is ready for scheduling beginning after reached minRegisteredResourcesRatio: 0.0
[2024-10-25T12:28:15.882+0000] {spark_submit.py:579} INFO - 2024-10-25 12:28:15,882 INFO: Spark session initialized successfully.
[2024-10-25T12:28:15.882+0000] {spark_submit.py:579} INFO - 2024-10-25 12:28:15,882 ERROR: Error during cleaning process: cannot access local variable 'df' where it is not associated with a value
[2024-10-25T12:28:15.884+0000] {spark_submit.py:579} INFO - 2024-10-25 12:28:15,884 ERROR: Traceback (most recent call last):
[2024-10-25T12:28:15.885+0000] {spark_submit.py:579} INFO - File "/opt/***/jobs/python/test_Credit.py", line 132, in clean_credits
[2024-10-25T12:28:15.885+0000] {spark_submit.py:579} INFO - logging.info(df.printSchema())
[2024-10-25T12:28:15.886+0000] {spark_submit.py:579} INFO - ^^
[2024-10-25T12:28:15.886+0000] {spark_submit.py:579} INFO - UnboundLocalError: cannot access local variable 'df' where it is not associated with a value
[2024-10-25T12:28:15.887+0000] {spark_submit.py:579} INFO - 
[2024-10-25T12:28:15.887+0000] {spark_submit.py:579} INFO - 24/10/25 12:28:15 INFO SparkContext: SparkContext is stopping with exitCode 0.
[2024-10-25T12:28:15.899+0000] {spark_submit.py:579} INFO - 24/10/25 12:28:15 INFO SparkUI: Stopped Spark web UI at http://84076e7a47fe:4040
[2024-10-25T12:28:15.905+0000] {spark_submit.py:579} INFO - 24/10/25 12:28:15 INFO StandaloneSchedulerBackend: Shutting down all executors
[2024-10-25T12:28:15.909+0000] {spark_submit.py:579} INFO - 24/10/25 12:28:15 INFO StandaloneSchedulerBackend$StandaloneDriverEndpoint: Asking each executor to shut down
[2024-10-25T12:28:15.931+0000] {spark_submit.py:579} INFO - 24/10/25 12:28:15 INFO MapOutputTrackerMasterEndpoint: MapOutputTrackerMasterEndpoint stopped!
[2024-10-25T12:28:15.946+0000] {spark_submit.py:579} INFO - 24/10/25 12:28:15 INFO MemoryStore: MemoryStore cleared
[2024-10-25T12:28:15.947+0000] {spark_submit.py:579} INFO - 24/10/25 12:28:15 INFO BlockManager: BlockManager stopped
[2024-10-25T12:28:15.953+0000] {spark_submit.py:579} INFO - 24/10/25 12:28:15 INFO BlockManagerMaster: BlockManagerMaster stopped
[2024-10-25T12:28:15.956+0000] {spark_submit.py:579} INFO - 24/10/25 12:28:15 INFO OutputCommitCoordinator$OutputCommitCoordinatorEndpoint: OutputCommitCoordinator stopped!
[2024-10-25T12:28:16.023+0000] {spark_submit.py:579} INFO - 24/10/25 12:28:16 INFO SparkContext: Successfully stopped SparkContext
[2024-10-25T12:28:16.130+0000] {spark_submit.py:579} INFO - 2024-10-25 12:28:16,130 INFO: Closing down clientserver connection
[2024-10-25T12:28:16.187+0000] {spark_submit.py:579} INFO - 24/10/25 12:28:16 INFO ShutdownHookManager: Shutdown hook called
[2024-10-25T12:28:16.188+0000] {spark_submit.py:579} INFO - 24/10/25 12:28:16 INFO ShutdownHookManager: Deleting directory /tmp/spark-da9712ce-5272-4604-9bde-559175ea0843
[2024-10-25T12:28:16.192+0000] {spark_submit.py:579} INFO - 24/10/25 12:28:16 INFO ShutdownHookManager: Deleting directory /tmp/spark-da9712ce-5272-4604-9bde-559175ea0843/pyspark-420c4ec8-5dc0-41d1-a891-1e7b2a6719c0
[2024-10-25T12:28:16.196+0000] {spark_submit.py:579} INFO - 24/10/25 12:28:16 INFO ShutdownHookManager: Deleting directory /tmp/spark-cdcac9e1-0824-4ef0-9b26-4b8bedbe61ad
[2024-10-25T12:28:16.244+0000] {taskinstance.py:1935} ERROR - Task failed with exception
Traceback (most recent call last):
  File "/home/airflow/.local/lib/python3.11/site-packages/airflow/providers/apache/spark/operators/spark_submit.py", line 174, in execute
    self._hook.submit(self.application)
  File "/home/airflow/.local/lib/python3.11/site-packages/airflow/providers/apache/spark/hooks/spark_submit.py", line 505, in submit
    raise AirflowException(
airflow.exceptions.AirflowException: Cannot execute: spark-submit --master spark://spark-master:7077 --conf spark.sql.extensions=io.delta.sql.DeltaSparkSessionExtension --conf spark.sql.catalog.spark_catalog=org.apache.spark.sql.delta.catalog.DeltaCatalog --jars /opt/***/jars/hadoop-aws-3.3.4.jar,/opt/***/jars/s3-2.18.41.jar,/opt/***/jars/aws-java-sdk-1.12.367.jar,/opt/***/jars/delta-core_2.12-2.4.0.jar,/opt/***/jars/delta-storage-2.2.0.jar, --packages org.apache.hadoop:hadoop-aws:3.3.4 --num-executors 2 --total-executor-cores 2 --executor-cores 2 --executor-memory 2g --driver-memory 1g --name arrow-spark --deploy-mode client /opt/***/jobs/python/test_Credit.py s3a://lakehouse/bronze/credits.parquet s3a://lakehouse/sliver/credit. Error code is: 1.
[2024-10-25T12:28:16.248+0000] {taskinstance.py:1398} INFO - Marking task as UP_FOR_RETRY. dag_id=task_credits_clean, task_id=credits_cleaned, execution_date=20241025T122807, start_date=20241025T122809, end_date=20241025T122816
[2024-10-25T12:28:16.259+0000] {standard_task_runner.py:104} ERROR - Failed to execute job 159 for task credits_cleaned (Cannot execute: spark-submit --master spark://spark-master:7077 --conf spark.sql.extensions=io.delta.sql.DeltaSparkSessionExtension --conf spark.sql.catalog.spark_catalog=org.apache.spark.sql.delta.catalog.DeltaCatalog --jars /opt/***/jars/hadoop-aws-3.3.4.jar,/opt/***/jars/s3-2.18.41.jar,/opt/***/jars/aws-java-sdk-1.12.367.jar,/opt/***/jars/delta-core_2.12-2.4.0.jar,/opt/***/jars/delta-storage-2.2.0.jar, --packages org.apache.hadoop:hadoop-aws:3.3.4 --num-executors 2 --total-executor-cores 2 --executor-cores 2 --executor-memory 2g --driver-memory 1g --name arrow-spark --deploy-mode client /opt/***/jobs/python/test_Credit.py s3a://lakehouse/bronze/credits.parquet s3a://lakehouse/sliver/credit. Error code is: 1.; 5076)
[2024-10-25T12:28:16.299+0000] {local_task_job_runner.py:228} INFO - Task exited with return code 1
[2024-10-25T12:28:16.314+0000] {taskinstance.py:2776} INFO - 0 downstream tasks scheduled from follow-on schedule check
