[2024-10-08T15:46:03.260+0000] {processor.py:157} INFO - Started process (PID=173) to work on /opt/airflow/dags/sliver_layer.py
[2024-10-08T15:46:03.261+0000] {processor.py:829} INFO - Processing file /opt/airflow/dags/sliver_layer.py for tasks to queue
[2024-10-08T15:46:03.264+0000] {logging_mixin.py:151} INFO - [2024-10-08T15:46:03.264+0000] {dagbag.py:539} INFO - Filling up the DagBag from /opt/airflow/dags/sliver_layer.py
[2024-10-08T15:46:03.284+0000] {processor.py:839} INFO - DAG(s) dict_keys(['spark_processing_dag']) retrieved from /opt/airflow/dags/sliver_layer.py
[2024-10-08T15:46:03.430+0000] {logging_mixin.py:151} INFO - [2024-10-08T15:46:03.430+0000] {manager.py:499} INFO - Created Permission View: %s
[2024-10-08T15:46:03.441+0000] {logging_mixin.py:151} INFO - [2024-10-08T15:46:03.441+0000] {manager.py:499} INFO - Created Permission View: %s
[2024-10-08T15:46:03.448+0000] {logging_mixin.py:151} INFO - [2024-10-08T15:46:03.448+0000] {manager.py:499} INFO - Created Permission View: %s
[2024-10-08T15:46:03.449+0000] {logging_mixin.py:151} INFO - [2024-10-08T15:46:03.449+0000] {security.py:708} INFO - Not syncing DAG-level permissions for DAG 'DAG:spark_processing_dag' as access control is unset.
[2024-10-08T15:46:03.450+0000] {logging_mixin.py:151} INFO - [2024-10-08T15:46:03.450+0000] {dag.py:2915} INFO - Sync 1 DAGs
[2024-10-08T15:46:03.459+0000] {logging_mixin.py:151} INFO - [2024-10-08T15:46:03.459+0000] {dag.py:2937} INFO - Creating ORM DAG for spark_processing_dag
[2024-10-08T15:46:03.470+0000] {logging_mixin.py:151} INFO - [2024-10-08T15:46:03.470+0000] {dag.py:3696} INFO - Setting next_dagrun for spark_processing_dag to 2024-10-07T00:00:00+00:00, run_after=2024-10-08T00:00:00+00:00
[2024-10-08T15:46:03.491+0000] {processor.py:179} INFO - Processing /opt/airflow/dags/sliver_layer.py took 0.234 seconds
[2024-10-08T15:46:34.017+0000] {processor.py:157} INFO - Started process (PID=189) to work on /opt/airflow/dags/sliver_layer.py
[2024-10-08T15:46:34.018+0000] {processor.py:829} INFO - Processing file /opt/airflow/dags/sliver_layer.py for tasks to queue
[2024-10-08T15:46:34.021+0000] {logging_mixin.py:151} INFO - [2024-10-08T15:46:34.021+0000] {dagbag.py:539} INFO - Filling up the DagBag from /opt/airflow/dags/sliver_layer.py
[2024-10-08T15:46:34.040+0000] {processor.py:839} INFO - DAG(s) dict_keys(['spark_processing_dag']) retrieved from /opt/airflow/dags/sliver_layer.py
[2024-10-08T15:46:34.072+0000] {logging_mixin.py:151} INFO - [2024-10-08T15:46:34.072+0000] {dag.py:2915} INFO - Sync 1 DAGs
[2024-10-08T15:46:34.091+0000] {logging_mixin.py:151} INFO - [2024-10-08T15:46:34.091+0000] {dag.py:3696} INFO - Setting next_dagrun for spark_processing_dag to 2024-10-07T00:00:00+00:00, run_after=2024-10-08T00:00:00+00:00
[2024-10-08T15:46:34.111+0000] {processor.py:179} INFO - Processing /opt/airflow/dags/sliver_layer.py took 0.097 seconds
[2024-10-08T15:47:04.389+0000] {processor.py:157} INFO - Started process (PID=205) to work on /opt/airflow/dags/sliver_layer.py
[2024-10-08T15:47:04.390+0000] {processor.py:829} INFO - Processing file /opt/airflow/dags/sliver_layer.py for tasks to queue
[2024-10-08T15:47:04.397+0000] {logging_mixin.py:151} INFO - [2024-10-08T15:47:04.396+0000] {dagbag.py:539} INFO - Filling up the DagBag from /opt/airflow/dags/sliver_layer.py
[2024-10-08T15:47:04.420+0000] {processor.py:839} INFO - DAG(s) dict_keys(['spark_processing_dag']) retrieved from /opt/airflow/dags/sliver_layer.py
[2024-10-08T15:47:04.456+0000] {logging_mixin.py:151} INFO - [2024-10-08T15:47:04.455+0000] {dag.py:2915} INFO - Sync 1 DAGs
[2024-10-08T15:47:04.480+0000] {logging_mixin.py:151} INFO - [2024-10-08T15:47:04.480+0000] {dag.py:3696} INFO - Setting next_dagrun for spark_processing_dag to 2024-10-07T00:00:00+00:00, run_after=2024-10-08T00:00:00+00:00
[2024-10-08T15:47:04.500+0000] {processor.py:179} INFO - Processing /opt/airflow/dags/sliver_layer.py took 0.115 seconds
[2024-10-08T15:47:34.756+0000] {processor.py:157} INFO - Started process (PID=221) to work on /opt/airflow/dags/sliver_layer.py
[2024-10-08T15:47:34.757+0000] {processor.py:829} INFO - Processing file /opt/airflow/dags/sliver_layer.py for tasks to queue
[2024-10-08T15:47:34.759+0000] {logging_mixin.py:151} INFO - [2024-10-08T15:47:34.759+0000] {dagbag.py:539} INFO - Filling up the DagBag from /opt/airflow/dags/sliver_layer.py
[2024-10-08T15:47:34.777+0000] {processor.py:839} INFO - DAG(s) dict_keys(['spark_processing_dag']) retrieved from /opt/airflow/dags/sliver_layer.py
[2024-10-08T15:47:34.816+0000] {logging_mixin.py:151} INFO - [2024-10-08T15:47:34.815+0000] {dag.py:2915} INFO - Sync 1 DAGs
[2024-10-08T15:47:34.838+0000] {logging_mixin.py:151} INFO - [2024-10-08T15:47:34.837+0000] {dag.py:3696} INFO - Setting next_dagrun for spark_processing_dag to 2024-10-07T00:00:00+00:00, run_after=2024-10-08T00:00:00+00:00
[2024-10-08T15:47:34.860+0000] {processor.py:179} INFO - Processing /opt/airflow/dags/sliver_layer.py took 0.107 seconds
[2024-10-08T15:48:05.217+0000] {processor.py:157} INFO - Started process (PID=237) to work on /opt/airflow/dags/sliver_layer.py
[2024-10-08T15:48:05.218+0000] {processor.py:829} INFO - Processing file /opt/airflow/dags/sliver_layer.py for tasks to queue
[2024-10-08T15:48:05.220+0000] {logging_mixin.py:151} INFO - [2024-10-08T15:48:05.220+0000] {dagbag.py:539} INFO - Filling up the DagBag from /opt/airflow/dags/sliver_layer.py
[2024-10-08T15:48:05.238+0000] {processor.py:839} INFO - DAG(s) dict_keys(['spark_processing_dag']) retrieved from /opt/airflow/dags/sliver_layer.py
[2024-10-08T15:48:05.270+0000] {logging_mixin.py:151} INFO - [2024-10-08T15:48:05.269+0000] {dag.py:2915} INFO - Sync 1 DAGs
[2024-10-08T15:48:05.293+0000] {logging_mixin.py:151} INFO - [2024-10-08T15:48:05.293+0000] {dag.py:3696} INFO - Setting next_dagrun for spark_processing_dag to 2024-10-07T00:00:00+00:00, run_after=2024-10-08T00:00:00+00:00
[2024-10-08T15:48:05.314+0000] {processor.py:179} INFO - Processing /opt/airflow/dags/sliver_layer.py took 0.101 seconds
[2024-10-08T15:48:35.569+0000] {processor.py:157} INFO - Started process (PID=354) to work on /opt/airflow/dags/sliver_layer.py
[2024-10-08T15:48:35.570+0000] {processor.py:829} INFO - Processing file /opt/airflow/dags/sliver_layer.py for tasks to queue
[2024-10-08T15:48:35.573+0000] {logging_mixin.py:151} INFO - [2024-10-08T15:48:35.573+0000] {dagbag.py:539} INFO - Filling up the DagBag from /opt/airflow/dags/sliver_layer.py
[2024-10-08T15:48:35.600+0000] {processor.py:839} INFO - DAG(s) dict_keys(['spark_processing_dag']) retrieved from /opt/airflow/dags/sliver_layer.py
[2024-10-08T15:48:35.641+0000] {logging_mixin.py:151} INFO - [2024-10-08T15:48:35.640+0000] {dag.py:2915} INFO - Sync 1 DAGs
[2024-10-08T15:48:35.672+0000] {logging_mixin.py:151} INFO - [2024-10-08T15:48:35.671+0000] {dag.py:3696} INFO - Setting next_dagrun for spark_processing_dag to 2024-10-08T00:00:00+00:00, run_after=2024-10-09T00:00:00+00:00
[2024-10-08T15:48:35.694+0000] {processor.py:179} INFO - Processing /opt/airflow/dags/sliver_layer.py took 0.129 seconds
[2024-10-08T15:49:05.993+0000] {processor.py:157} INFO - Started process (PID=370) to work on /opt/airflow/dags/sliver_layer.py
[2024-10-08T15:49:05.994+0000] {processor.py:829} INFO - Processing file /opt/airflow/dags/sliver_layer.py for tasks to queue
[2024-10-08T15:49:05.997+0000] {logging_mixin.py:151} INFO - [2024-10-08T15:49:05.997+0000] {dagbag.py:539} INFO - Filling up the DagBag from /opt/airflow/dags/sliver_layer.py
[2024-10-08T15:49:06.020+0000] {processor.py:839} INFO - DAG(s) dict_keys(['spark_processing_dag']) retrieved from /opt/airflow/dags/sliver_layer.py
[2024-10-08T15:49:06.064+0000] {logging_mixin.py:151} INFO - [2024-10-08T15:49:06.063+0000] {dag.py:2915} INFO - Sync 1 DAGs
[2024-10-08T15:49:06.110+0000] {logging_mixin.py:151} INFO - [2024-10-08T15:49:06.110+0000] {dag.py:3696} INFO - Setting next_dagrun for spark_processing_dag to 2024-10-08T00:00:00+00:00, run_after=2024-10-09T00:00:00+00:00
[2024-10-08T15:49:06.149+0000] {processor.py:179} INFO - Processing /opt/airflow/dags/sliver_layer.py took 0.159 seconds
[2024-10-08T15:49:36.404+0000] {processor.py:157} INFO - Started process (PID=386) to work on /opt/airflow/dags/sliver_layer.py
[2024-10-08T15:49:36.405+0000] {processor.py:829} INFO - Processing file /opt/airflow/dags/sliver_layer.py for tasks to queue
[2024-10-08T15:49:36.408+0000] {logging_mixin.py:151} INFO - [2024-10-08T15:49:36.407+0000] {dagbag.py:539} INFO - Filling up the DagBag from /opt/airflow/dags/sliver_layer.py
[2024-10-08T15:49:36.442+0000] {processor.py:839} INFO - DAG(s) dict_keys(['spark_processing_dag']) retrieved from /opt/airflow/dags/sliver_layer.py
[2024-10-08T15:49:36.481+0000] {logging_mixin.py:151} INFO - [2024-10-08T15:49:36.480+0000] {dag.py:2915} INFO - Sync 1 DAGs
[2024-10-08T15:49:36.520+0000] {logging_mixin.py:151} INFO - [2024-10-08T15:49:36.519+0000] {dag.py:3696} INFO - Setting next_dagrun for spark_processing_dag to 2024-10-08T00:00:00+00:00, run_after=2024-10-09T00:00:00+00:00
[2024-10-08T15:49:36.538+0000] {processor.py:179} INFO - Processing /opt/airflow/dags/sliver_layer.py took 0.137 seconds
[2024-10-08T15:50:06.777+0000] {processor.py:157} INFO - Started process (PID=402) to work on /opt/airflow/dags/sliver_layer.py
[2024-10-08T15:50:06.778+0000] {processor.py:829} INFO - Processing file /opt/airflow/dags/sliver_layer.py for tasks to queue
[2024-10-08T15:50:06.782+0000] {logging_mixin.py:151} INFO - [2024-10-08T15:50:06.781+0000] {dagbag.py:539} INFO - Filling up the DagBag from /opt/airflow/dags/sliver_layer.py
[2024-10-08T15:50:06.814+0000] {processor.py:839} INFO - DAG(s) dict_keys(['spark_processing_dag']) retrieved from /opt/airflow/dags/sliver_layer.py
[2024-10-08T15:50:06.862+0000] {logging_mixin.py:151} INFO - [2024-10-08T15:50:06.861+0000] {dag.py:2915} INFO - Sync 1 DAGs
[2024-10-08T15:50:06.894+0000] {logging_mixin.py:151} INFO - [2024-10-08T15:50:06.893+0000] {dag.py:3696} INFO - Setting next_dagrun for spark_processing_dag to 2024-10-08T00:00:00+00:00, run_after=2024-10-09T00:00:00+00:00
[2024-10-08T15:50:06.929+0000] {processor.py:179} INFO - Processing /opt/airflow/dags/sliver_layer.py took 0.156 seconds
[2024-10-08T15:50:37.186+0000] {processor.py:157} INFO - Started process (PID=550) to work on /opt/airflow/dags/sliver_layer.py
[2024-10-08T15:50:37.187+0000] {processor.py:829} INFO - Processing file /opt/airflow/dags/sliver_layer.py for tasks to queue
[2024-10-08T15:50:37.190+0000] {logging_mixin.py:151} INFO - [2024-10-08T15:50:37.189+0000] {dagbag.py:539} INFO - Filling up the DagBag from /opt/airflow/dags/sliver_layer.py
[2024-10-08T15:50:37.213+0000] {processor.py:839} INFO - DAG(s) dict_keys(['spark_processing_dag']) retrieved from /opt/airflow/dags/sliver_layer.py
[2024-10-08T15:50:37.253+0000] {logging_mixin.py:151} INFO - [2024-10-08T15:50:37.253+0000] {dag.py:2915} INFO - Sync 1 DAGs
[2024-10-08T15:50:37.279+0000] {logging_mixin.py:151} INFO - [2024-10-08T15:50:37.278+0000] {dag.py:3696} INFO - Setting next_dagrun for spark_processing_dag to 2024-10-08T00:00:00+00:00, run_after=2024-10-09T00:00:00+00:00
[2024-10-08T15:50:37.301+0000] {processor.py:179} INFO - Processing /opt/airflow/dags/sliver_layer.py took 0.118 seconds
[2024-10-08T15:51:07.678+0000] {processor.py:157} INFO - Started process (PID=586) to work on /opt/airflow/dags/sliver_layer.py
[2024-10-08T15:51:07.679+0000] {processor.py:829} INFO - Processing file /opt/airflow/dags/sliver_layer.py for tasks to queue
[2024-10-08T15:51:07.682+0000] {logging_mixin.py:151} INFO - [2024-10-08T15:51:07.681+0000] {dagbag.py:539} INFO - Filling up the DagBag from /opt/airflow/dags/sliver_layer.py
[2024-10-08T15:51:07.705+0000] {processor.py:839} INFO - DAG(s) dict_keys(['spark_processing_dag']) retrieved from /opt/airflow/dags/sliver_layer.py
[2024-10-08T15:51:07.828+0000] {logging_mixin.py:151} INFO - [2024-10-08T15:51:07.827+0000] {dag.py:2915} INFO - Sync 1 DAGs
[2024-10-08T15:51:07.898+0000] {logging_mixin.py:151} INFO - [2024-10-08T15:51:07.898+0000] {dag.py:3696} INFO - Setting next_dagrun for spark_processing_dag to 2024-10-08T00:00:00+00:00, run_after=2024-10-09T00:00:00+00:00
[2024-10-08T15:51:07.947+0000] {processor.py:179} INFO - Processing /opt/airflow/dags/sliver_layer.py took 0.271 seconds
