[2024-11-02T07:50:20.500+0000] {taskinstance.py:1157} INFO - Dependencies all met for dep_context=non-requeueable deps ti=<TaskInstance: mergeeeee.merge_id manual__2024-11-02T07:50:19.636259+00:00 [queued]>
[2024-11-02T07:50:20.509+0000] {taskinstance.py:1157} INFO - Dependencies all met for dep_context=requeueable deps ti=<TaskInstance: mergeeeee.merge_id manual__2024-11-02T07:50:19.636259+00:00 [queued]>
[2024-11-02T07:50:20.510+0000] {taskinstance.py:1359} INFO - Starting attempt 1 of 2
[2024-11-02T07:50:20.523+0000] {taskinstance.py:1380} INFO - Executing <Task(SparkSubmitOperator): merge_id> on 2024-11-02 07:50:19.636259+00:00
[2024-11-02T07:50:20.529+0000] {standard_task_runner.py:57} INFO - Started process 2262 to run task
[2024-11-02T07:50:20.531+0000] {standard_task_runner.py:84} INFO - Running: ['***', 'tasks', 'run', 'mergeeeee', 'merge_id', 'manual__2024-11-02T07:50:19.636259+00:00', '--job-id', '74', '--raw', '--subdir', 'DAGS_FOLDER/merge_hihi.py', '--cfg-path', '/tmp/tmp7bw_s2gw']
[2024-11-02T07:50:20.534+0000] {standard_task_runner.py:85} INFO - Job 74: Subtask merge_id
[2024-11-02T07:50:20.585+0000] {task_command.py:415} INFO - Running <TaskInstance: mergeeeee.merge_id manual__2024-11-02T07:50:19.636259+00:00 [running]> on host ee9b80364a9a
[2024-11-02T07:50:20.677+0000] {taskinstance.py:1660} INFO - Exporting env vars: AIRFLOW_CTX_DAG_OWNER='***' AIRFLOW_CTX_DAG_ID='mergeeeee' AIRFLOW_CTX_TASK_ID='merge_id' AIRFLOW_CTX_EXECUTION_DATE='2024-11-02T07:50:19.636259+00:00' AIRFLOW_CTX_TRY_NUMBER='1' AIRFLOW_CTX_DAG_RUN_ID='manual__2024-11-02T07:50:19.636259+00:00'
[2024-11-02T07:50:20.687+0000] {base.py:73} INFO - Using connection ID 'spark-conn' for task execution.
[2024-11-02T07:50:20.689+0000] {spark_submit.py:403} INFO - Spark-Submit cmd: spark-submit --master spark://master:7077 --conf spark.sql.extensions=io.delta.sql.DeltaSparkSessionExtension --conf spark.sql.catalog.spark_catalog=org.apache.spark.sql.delta.catalog.DeltaCatalog --jars /opt/***/jars/hadoop-aws-3.3.4.jar,/opt/***/jars/s3-2.18.41.jar,/opt/***/jars/aws-java-sdk-1.12.367.jar,/opt/***/jars/delta-core_2.12-2.4.0.jar,/opt/***/jars/delta-storage-2.2.0.jar, --packages org.apache.hadoop:hadoop-aws:3.3.4 --num-executors 2 --total-executor-cores 2 --executor-cores 2 --executor-memory 2g --driver-memory 1g --name arrow-spark --deploy-mode client /opt/***/jobs/python/test_merge.py s3a://lakehouse/bronze/keywords.parquet s3a://lakehouse/bronze/movies.parquet s3a://lakehouse/bronze/credits.parquet s3a://lakehouse/silver/merged_datas3a://lakehouse/gold/gold_data
[2024-11-02T07:50:20.785+0000] {spark_submit.py:579} INFO - /home/***/.local/lib/python3.11/site-packages/pyspark/bin/load-spark-env.sh: line 68: ps: command not found
[2024-11-02T07:50:23.038+0000] {spark_submit.py:579} INFO - :: loading settings :: url = jar:file:/home/***/.local/lib/python3.11/site-packages/pyspark/jars/ivy-2.5.1.jar!/org/apache/ivy/core/settings/ivysettings.xml
[2024-11-02T07:50:23.243+0000] {spark_submit.py:579} INFO - Ivy Default Cache set to: /home/***/.ivy2/cache
[2024-11-02T07:50:23.243+0000] {spark_submit.py:579} INFO - The jars for the packages stored in: /home/***/.ivy2/jars
[2024-11-02T07:50:23.251+0000] {spark_submit.py:579} INFO - org.apache.hadoop#hadoop-aws added as a dependency
[2024-11-02T07:50:23.252+0000] {spark_submit.py:579} INFO - :: resolving dependencies :: org.apache.spark#spark-submit-parent-85f7c44e-02a3-480e-b36b-687c8ae03013;1.0
[2024-11-02T07:50:23.253+0000] {spark_submit.py:579} INFO - confs: [default]
[2024-11-02T07:50:23.462+0000] {spark_submit.py:579} INFO - found org.apache.hadoop#hadoop-aws;3.3.4 in spark-list
[2024-11-02T07:50:23.514+0000] {spark_submit.py:579} INFO - found com.amazonaws#aws-java-sdk-bundle;1.12.262 in central
[2024-11-02T07:50:23.568+0000] {spark_submit.py:579} INFO - found org.wildfly.openssl#wildfly-openssl;1.0.7.Final in central
[2024-11-02T07:50:23.610+0000] {spark_submit.py:579} INFO - :: resolution report :: resolve 342ms :: artifacts dl 14ms
[2024-11-02T07:50:23.611+0000] {spark_submit.py:579} INFO - :: modules in use:
[2024-11-02T07:50:23.612+0000] {spark_submit.py:579} INFO - com.amazonaws#aws-java-sdk-bundle;1.12.262 from central in [default]
[2024-11-02T07:50:23.613+0000] {spark_submit.py:579} INFO - org.apache.hadoop#hadoop-aws;3.3.4 from spark-list in [default]
[2024-11-02T07:50:23.613+0000] {spark_submit.py:579} INFO - org.wildfly.openssl#wildfly-openssl;1.0.7.Final from central in [default]
[2024-11-02T07:50:23.614+0000] {spark_submit.py:579} INFO - ---------------------------------------------------------------------
[2024-11-02T07:50:23.615+0000] {spark_submit.py:579} INFO - |                  |            modules            ||   artifacts   |
[2024-11-02T07:50:23.616+0000] {spark_submit.py:579} INFO - |       conf       | number| search|dwnlded|evicted|| number|dwnlded|
[2024-11-02T07:50:23.617+0000] {spark_submit.py:579} INFO - ---------------------------------------------------------------------
[2024-11-02T07:50:23.617+0000] {spark_submit.py:579} INFO - |      default     |   3   |   0   |   0   |   0   ||   3   |   0   |
[2024-11-02T07:50:23.618+0000] {spark_submit.py:579} INFO - ---------------------------------------------------------------------
[2024-11-02T07:50:23.619+0000] {spark_submit.py:579} INFO - :: retrieving :: org.apache.spark#spark-submit-parent-85f7c44e-02a3-480e-b36b-687c8ae03013
[2024-11-02T07:50:23.620+0000] {spark_submit.py:579} INFO - confs: [default]
[2024-11-02T07:50:23.631+0000] {spark_submit.py:579} INFO - 0 artifacts copied, 3 already retrieved (0kB/12ms)
[2024-11-02T07:50:23.982+0000] {spark_submit.py:579} INFO - 24/11/02 07:50:23 WARN NativeCodeLoader: Unable to load native-hadoop library for your platform... using builtin-java classes where applicable
[2024-11-02T07:50:25.699+0000] {spark_submit.py:579} INFO - ERROR:root:Usage: spark-submit merge_data.py <keywords_path> <movies_path> <credits_path> <output_path>
[2024-11-02T07:50:25.848+0000] {spark_submit.py:579} INFO - 24/11/02 07:50:25 INFO ShutdownHookManager: Shutdown hook called
[2024-11-02T07:50:25.850+0000] {spark_submit.py:579} INFO - 24/11/02 07:50:25 INFO ShutdownHookManager: Deleting directory /tmp/spark-1fb2af4e-d587-4ffb-8e79-f21f2c729c07
[2024-11-02T07:50:25.902+0000] {taskinstance.py:1935} ERROR - Task failed with exception
Traceback (most recent call last):
  File "/home/airflow/.local/lib/python3.11/site-packages/airflow/providers/apache/spark/operators/spark_submit.py", line 174, in execute
    self._hook.submit(self.application)
  File "/home/airflow/.local/lib/python3.11/site-packages/airflow/providers/apache/spark/hooks/spark_submit.py", line 505, in submit
    raise AirflowException(
airflow.exceptions.AirflowException: Cannot execute: spark-submit --master spark://master:7077 --conf spark.sql.extensions=io.delta.sql.DeltaSparkSessionExtension --conf spark.sql.catalog.spark_catalog=org.apache.spark.sql.delta.catalog.DeltaCatalog --jars /opt/***/jars/hadoop-aws-3.3.4.jar,/opt/***/jars/s3-2.18.41.jar,/opt/***/jars/aws-java-sdk-1.12.367.jar,/opt/***/jars/delta-core_2.12-2.4.0.jar,/opt/***/jars/delta-storage-2.2.0.jar, --packages org.apache.hadoop:hadoop-aws:3.3.4 --num-executors 2 --total-executor-cores 2 --executor-cores 2 --executor-memory 2g --driver-memory 1g --name arrow-spark --deploy-mode client /opt/***/jobs/python/test_merge.py s3a://lakehouse/bronze/keywords.parquet s3a://lakehouse/bronze/movies.parquet s3a://lakehouse/bronze/credits.parquet s3a://lakehouse/silver/merged_datas3a://lakehouse/gold/gold_data. Error code is: 1.
[2024-11-02T07:50:25.906+0000] {taskinstance.py:1398} INFO - Marking task as UP_FOR_RETRY. dag_id=mergeeeee, task_id=merge_id, execution_date=20241102T075019, start_date=20241102T075020, end_date=20241102T075025
[2024-11-02T07:50:25.919+0000] {standard_task_runner.py:104} ERROR - Failed to execute job 74 for task merge_id (Cannot execute: spark-submit --master spark://master:7077 --conf spark.sql.extensions=io.delta.sql.DeltaSparkSessionExtension --conf spark.sql.catalog.spark_catalog=org.apache.spark.sql.delta.catalog.DeltaCatalog --jars /opt/***/jars/hadoop-aws-3.3.4.jar,/opt/***/jars/s3-2.18.41.jar,/opt/***/jars/aws-java-sdk-1.12.367.jar,/opt/***/jars/delta-core_2.12-2.4.0.jar,/opt/***/jars/delta-storage-2.2.0.jar, --packages org.apache.hadoop:hadoop-aws:3.3.4 --num-executors 2 --total-executor-cores 2 --executor-cores 2 --executor-memory 2g --driver-memory 1g --name arrow-spark --deploy-mode client /opt/***/jobs/python/test_merge.py s3a://lakehouse/bronze/keywords.parquet s3a://lakehouse/bronze/movies.parquet s3a://lakehouse/bronze/credits.parquet s3a://lakehouse/silver/merged_datas3a://lakehouse/gold/gold_data. Error code is: 1.; 2262)
[2024-11-02T07:50:25.960+0000] {local_task_job_runner.py:228} INFO - Task exited with return code 1
[2024-11-02T07:50:25.977+0000] {taskinstance.py:2776} INFO - 0 downstream tasks scheduled from follow-on schedule check
