[2025-01-23T03:31:12.842+0000] {taskinstance.py:1159} INFO - Dependencies all met for dep_context=non-requeueable deps ti=<TaskInstance: Silver_Layer.clean_keyword manual__2025-01-23T03:30:39.332909+00:00 [queued]>
[2025-01-23T03:31:12.853+0000] {taskinstance.py:1159} INFO - Dependencies all met for dep_context=requeueable deps ti=<TaskInstance: Silver_Layer.clean_keyword manual__2025-01-23T03:30:39.332909+00:00 [queued]>
[2025-01-23T03:31:12.854+0000] {taskinstance.py:1361} INFO - Starting attempt 2 of 3
[2025-01-23T03:31:12.868+0000] {taskinstance.py:1382} INFO - Executing <Task(SparkSubmitOperator): clean_keyword> on 2025-01-23 03:30:39.332909+00:00
[2025-01-23T03:31:12.873+0000] {standard_task_runner.py:57} INFO - Started process 6647 to run task
[2025-01-23T03:31:12.876+0000] {standard_task_runner.py:84} INFO - Running: ['***', 'tasks', 'run', 'Silver_Layer', 'clean_keyword', 'manual__2025-01-23T03:30:39.332909+00:00', '--job-id', '42', '--raw', '--subdir', 'DAGS_FOLDER/silver_layer.py', '--cfg-path', '/tmp/tmpk0v4zu61']
[2025-01-23T03:31:12.879+0000] {standard_task_runner.py:85} INFO - Job 42: Subtask clean_keyword
[2025-01-23T03:31:12.926+0000] {task_command.py:416} INFO - Running <TaskInstance: Silver_Layer.clean_keyword manual__2025-01-23T03:30:39.332909+00:00 [running]> on host 73fc507ad5e4
[2025-01-23T03:31:12.998+0000] {taskinstance.py:1662} INFO - Exporting env vars: AIRFLOW_CTX_DAG_OWNER='***' AIRFLOW_CTX_DAG_ID='Silver_Layer' AIRFLOW_CTX_TASK_ID='clean_keyword' AIRFLOW_CTX_EXECUTION_DATE='2025-01-23T03:30:39.332909+00:00' AIRFLOW_CTX_TRY_NUMBER='2' AIRFLOW_CTX_DAG_RUN_ID='manual__2025-01-23T03:30:39.332909+00:00'
[2025-01-23T03:31:13.007+0000] {base.py:73} INFO - Using connection ID 'spark-conn' for task execution.
[2025-01-23T03:31:13.009+0000] {spark_submit.py:403} INFO - Spark-Submit cmd: spark-submit --master spark://spark-master:7077 --conf spark.sql.extensions=io.delta.sql.DeltaSparkSessionExtension --conf spark.sql.catalog.spark_catalog=org.apache.spark.sql.delta.catalog.DeltaCatalog --jars /opt/***/jars/hadoop-aws-3.3.4.jar,/opt/***/jars/s3-2.18.41.jar,/opt/***/jars/aws-java-sdk-1.12.367.jar,/opt/***/jars/delta-core_2.12-2.2.0.jar,/opt/***/jars/delta-storage-2.2.0.jar --num-executors 2 --total-executor-cores 2 --executor-cores 2 --executor-memory 2g --driver-memory 1g --name arrow-spark --deploy-mode client /opt/***/jobs/python/processing_keyword.py s3a://lakehouse/bronze/keywords.parquet s3a://lakehouse/silver/keywords
[2025-01-23T03:31:13.163+0000] {spark_submit.py:579} INFO - /home/***/.local/lib/python3.9/site-packages/pyspark/bin/load-spark-env.sh: line 68: ps: command not found
[2025-01-23T03:31:14.905+0000] {spark_submit.py:579} INFO - 25/01/23 03:31:14 WARN NativeCodeLoader: Unable to load native-hadoop library for your platform... using builtin-java classes where applicable
[2025-01-23T03:31:16.118+0000] {spark_submit.py:579} INFO - 2025-01-23 03:31:16,118 INFO: Initializing Spark session...
[2025-01-23T03:31:16.244+0000] {spark_submit.py:579} INFO - 25/01/23 03:31:16 INFO SparkContext: Running Spark version 3.3.2
[2025-01-23T03:31:16.272+0000] {spark_submit.py:579} INFO - 25/01/23 03:31:16 INFO ResourceUtils: ==============================================================
[2025-01-23T03:31:16.273+0000] {spark_submit.py:579} INFO - 25/01/23 03:31:16 INFO ResourceUtils: No custom resources configured for spark.driver.
[2025-01-23T03:31:16.273+0000] {spark_submit.py:579} INFO - 25/01/23 03:31:16 INFO ResourceUtils: ==============================================================
[2025-01-23T03:31:16.274+0000] {spark_submit.py:579} INFO - 25/01/23 03:31:16 INFO SparkContext: Submitted application: CleanCredits
[2025-01-23T03:31:16.291+0000] {spark_submit.py:579} INFO - 25/01/23 03:31:16 INFO ResourceProfile: Default ResourceProfile created, executor resources: Map(cores -> name: cores, amount: 2, script: , vendor: , memory -> name: memory, amount: 2048, script: , vendor: , offHeap -> name: offHeap, amount: 0, script: , vendor: ), task resources: Map(cpus -> name: cpus, amount: 1.0)
[2025-01-23T03:31:16.306+0000] {spark_submit.py:579} INFO - 25/01/23 03:31:16 INFO ResourceProfile: Limiting resource is cpus at 2 tasks per executor
[2025-01-23T03:31:16.308+0000] {spark_submit.py:579} INFO - 25/01/23 03:31:16 INFO ResourceProfileManager: Added ResourceProfile id: 0
[2025-01-23T03:31:16.356+0000] {spark_submit.py:579} INFO - 25/01/23 03:31:16 INFO SecurityManager: Changing view acls to: ***
[2025-01-23T03:31:16.357+0000] {spark_submit.py:579} INFO - 25/01/23 03:31:16 INFO SecurityManager: Changing modify acls to: ***
[2025-01-23T03:31:16.358+0000] {spark_submit.py:579} INFO - 25/01/23 03:31:16 INFO SecurityManager: Changing view acls groups to:
[2025-01-23T03:31:16.358+0000] {spark_submit.py:579} INFO - 25/01/23 03:31:16 INFO SecurityManager: Changing modify acls groups to:
[2025-01-23T03:31:16.359+0000] {spark_submit.py:579} INFO - 25/01/23 03:31:16 INFO SecurityManager: SecurityManager: authentication disabled; ui acls disabled; users  with view permissions: Set(***); groups with view permissions: Set(); users  with modify permissions: Set(***); groups with modify permissions: Set()
[2025-01-23T03:31:16.600+0000] {spark_submit.py:579} INFO - 25/01/23 03:31:16 INFO Utils: Successfully started service 'sparkDriver' on port 38269.
[2025-01-23T03:31:16.629+0000] {spark_submit.py:579} INFO - 25/01/23 03:31:16 INFO SparkEnv: Registering MapOutputTracker
[2025-01-23T03:31:16.661+0000] {spark_submit.py:579} INFO - 25/01/23 03:31:16 INFO SparkEnv: Registering BlockManagerMaster
[2025-01-23T03:31:16.683+0000] {spark_submit.py:579} INFO - 25/01/23 03:31:16 INFO BlockManagerMasterEndpoint: Using org.apache.spark.storage.DefaultTopologyMapper for getting topology information
[2025-01-23T03:31:16.684+0000] {spark_submit.py:579} INFO - 25/01/23 03:31:16 INFO BlockManagerMasterEndpoint: BlockManagerMasterEndpoint up
[2025-01-23T03:31:16.688+0000] {spark_submit.py:579} INFO - 25/01/23 03:31:16 INFO SparkEnv: Registering BlockManagerMasterHeartbeat
[2025-01-23T03:31:16.705+0000] {spark_submit.py:579} INFO - 25/01/23 03:31:16 INFO DiskBlockManager: Created local directory at /tmp/blockmgr-1e03d776-764e-4ef5-863f-8afa8cd2c88a
[2025-01-23T03:31:16.719+0000] {spark_submit.py:579} INFO - 25/01/23 03:31:16 INFO MemoryStore: MemoryStore started with capacity 434.4 MiB
[2025-01-23T03:31:16.732+0000] {spark_submit.py:579} INFO - 25/01/23 03:31:16 INFO SparkEnv: Registering OutputCommitCoordinator
[2025-01-23T03:31:16.913+0000] {spark_submit.py:579} INFO - 25/01/23 03:31:16 INFO Utils: Successfully started service 'SparkUI' on port 4040.
[2025-01-23T03:31:16.948+0000] {spark_submit.py:579} INFO - 25/01/23 03:31:16 INFO SparkContext: Added JAR file:///opt/***/jars/hadoop-aws-3.3.4.jar at spark://73fc507ad5e4:38269/jars/hadoop-aws-3.3.4.jar with timestamp 1737603076233
[2025-01-23T03:31:16.949+0000] {spark_submit.py:579} INFO - 25/01/23 03:31:16 INFO SparkContext: Added JAR file:///opt/***/jars/s3-2.18.41.jar at spark://73fc507ad5e4:38269/jars/s3-2.18.41.jar with timestamp 1737603076233
[2025-01-23T03:31:16.950+0000] {spark_submit.py:579} INFO - 25/01/23 03:31:16 INFO SparkContext: Added JAR file:///opt/***/jars/aws-java-sdk-1.12.367.jar at spark://73fc507ad5e4:38269/jars/aws-java-sdk-1.12.367.jar with timestamp 1737603076233
[2025-01-23T03:31:16.951+0000] {spark_submit.py:579} INFO - 25/01/23 03:31:16 INFO SparkContext: Added JAR file:///opt/***/jars/delta-core_2.12-2.2.0.jar at spark://73fc507ad5e4:38269/jars/delta-core_2.12-2.2.0.jar with timestamp 1737603076233
[2025-01-23T03:31:16.951+0000] {spark_submit.py:579} INFO - 25/01/23 03:31:16 INFO SparkContext: Added JAR file:///opt/***/jars/delta-storage-2.2.0.jar at spark://73fc507ad5e4:38269/jars/delta-storage-2.2.0.jar with timestamp 1737603076233
[2025-01-23T03:31:17.039+0000] {spark_submit.py:579} INFO - 25/01/23 03:31:17 INFO StandaloneAppClient$ClientEndpoint: Connecting to master spark://spark-master:7077...
[2025-01-23T03:31:17.084+0000] {spark_submit.py:579} INFO - 25/01/23 03:31:17 INFO TransportClientFactory: Successfully created connection to spark-master/172.18.0.3:7077 after 27 ms (0 ms spent in bootstraps)
[2025-01-23T03:31:17.174+0000] {spark_submit.py:579} INFO - 25/01/23 03:31:17 INFO StandaloneSchedulerBackend: Connected to Spark cluster with app ID app-20250123033117-0005
[2025-01-23T03:31:17.176+0000] {spark_submit.py:579} INFO - 25/01/23 03:31:17 INFO StandaloneAppClient$ClientEndpoint: Executor added: app-20250123033117-0005/0 on worker-20250123013519-172.18.0.8-33309 (172.18.0.8:33309) with 2 core(s)
[2025-01-23T03:31:17.178+0000] {spark_submit.py:579} INFO - 25/01/23 03:31:17 INFO StandaloneSchedulerBackend: Granted executor ID app-20250123033117-0005/0 on hostPort 172.18.0.8:33309 with 2 core(s), 2.0 GiB RAM
[2025-01-23T03:31:17.183+0000] {spark_submit.py:579} INFO - 25/01/23 03:31:17 INFO Utils: Successfully started service 'org.apache.spark.network.netty.NettyBlockTransferService' on port 35905.
[2025-01-23T03:31:17.184+0000] {spark_submit.py:579} INFO - 25/01/23 03:31:17 INFO NettyBlockTransferService: Server created on 73fc507ad5e4:35905
[2025-01-23T03:31:17.186+0000] {spark_submit.py:579} INFO - 25/01/23 03:31:17 INFO BlockManager: Using org.apache.spark.storage.RandomBlockReplicationPolicy for block replication policy
[2025-01-23T03:31:17.195+0000] {spark_submit.py:579} INFO - 25/01/23 03:31:17 INFO BlockManagerMaster: Registering BlockManager BlockManagerId(driver, 73fc507ad5e4, 35905, None)
[2025-01-23T03:31:17.199+0000] {spark_submit.py:579} INFO - 25/01/23 03:31:17 INFO BlockManagerMasterEndpoint: Registering block manager 73fc507ad5e4:35905 with 434.4 MiB RAM, BlockManagerId(driver, 73fc507ad5e4, 35905, None)
[2025-01-23T03:31:17.202+0000] {spark_submit.py:579} INFO - 25/01/23 03:31:17 INFO BlockManagerMaster: Registered BlockManager BlockManagerId(driver, 73fc507ad5e4, 35905, None)
[2025-01-23T03:31:17.203+0000] {spark_submit.py:579} INFO - 25/01/23 03:31:17 INFO BlockManager: Initialized BlockManager: BlockManagerId(driver, 73fc507ad5e4, 35905, None)
[2025-01-23T03:31:17.241+0000] {spark_submit.py:579} INFO - 25/01/23 03:31:17 INFO StandaloneAppClient$ClientEndpoint: Executor updated: app-20250123033117-0005/0 is now RUNNING
[2025-01-23T03:31:17.482+0000] {spark_submit.py:579} INFO - 25/01/23 03:31:17 INFO StandaloneSchedulerBackend: SchedulerBackend is ready for scheduling beginning after reached minRegisteredResourcesRatio: 0.0
[2025-01-23T03:31:17.710+0000] {spark_submit.py:579} INFO - 2025-01-23 03:31:17,709 INFO: Spark session initialized successfully.
[2025-01-23T03:31:17.710+0000] {spark_submit.py:579} INFO - 2025-01-23 03:31:17,709 INFO: Reading data from s3a://lakehouse/bronze/keywords.parquet
[2025-01-23T03:31:17.716+0000] {spark_submit.py:579} INFO - 25/01/23 03:31:17 INFO SharedState: Setting hive.metastore.warehouse.dir ('null') to the value of spark.sql.warehouse.dir.
[2025-01-23T03:31:17.720+0000] {spark_submit.py:579} INFO - 25/01/23 03:31:17 INFO SharedState: Warehouse path is 'file:/opt/***/spark-warehouse'.
[2025-01-23T03:31:18.968+0000] {spark_submit.py:579} INFO - 2025-01-23 03:31:18,967 ERROR: Error during cleaning process: An error occurred while calling o46.load.
[2025-01-23T03:31:18.969+0000] {spark_submit.py:579} INFO - : java.lang.NoClassDefFoundError: com/amazonaws/AmazonClientException
[2025-01-23T03:31:18.969+0000] {spark_submit.py:579} INFO - at java.base/java.lang.Class.forName0(Native Method)
[2025-01-23T03:31:18.970+0000] {spark_submit.py:579} INFO - at java.base/java.lang.Class.forName(Class.java:398)
[2025-01-23T03:31:18.971+0000] {spark_submit.py:579} INFO - at org.apache.hadoop.conf.Configuration.getClassByNameOrNull(Configuration.java:2625)
[2025-01-23T03:31:18.971+0000] {spark_submit.py:579} INFO - at org.apache.hadoop.conf.Configuration.getClassByName(Configuration.java:2590)
[2025-01-23T03:31:18.971+0000] {spark_submit.py:579} INFO - at org.apache.hadoop.conf.Configuration.getClass(Configuration.java:2686)
[2025-01-23T03:31:18.971+0000] {spark_submit.py:579} INFO - at org.apache.hadoop.fs.FileSystem.getFileSystemClass(FileSystem.java:3431)
[2025-01-23T03:31:18.972+0000] {spark_submit.py:579} INFO - at org.apache.hadoop.fs.FileSystem.createFileSystem(FileSystem.java:3466)
[2025-01-23T03:31:18.972+0000] {spark_submit.py:579} INFO - at org.apache.hadoop.fs.FileSystem.access$300(FileSystem.java:174)
[2025-01-23T03:31:18.972+0000] {spark_submit.py:579} INFO - at org.apache.hadoop.fs.FileSystem$Cache.getInternal(FileSystem.java:3574)
[2025-01-23T03:31:18.973+0000] {spark_submit.py:579} INFO - at org.apache.hadoop.fs.FileSystem$Cache.get(FileSystem.java:3521)
[2025-01-23T03:31:18.973+0000] {spark_submit.py:579} INFO - at org.apache.hadoop.fs.FileSystem.get(FileSystem.java:540)
[2025-01-23T03:31:18.973+0000] {spark_submit.py:579} INFO - at org.apache.hadoop.fs.Path.getFileSystem(Path.java:365)
[2025-01-23T03:31:18.973+0000] {spark_submit.py:579} INFO - at org.apache.spark.sql.execution.streaming.FileStreamSink$.hasMetadata(FileStreamSink.scala:53)
[2025-01-23T03:31:18.974+0000] {spark_submit.py:579} INFO - at org.apache.spark.sql.execution.datasources.DataSource.resolveRelation(DataSource.scala:370)
[2025-01-23T03:31:18.975+0000] {spark_submit.py:579} INFO - at org.apache.spark.sql.DataFrameReader.loadV1Source(DataFrameReader.scala:228)
[2025-01-23T03:31:18.976+0000] {spark_submit.py:579} INFO - at org.apache.spark.sql.DataFrameReader.$anonfun$load$2(DataFrameReader.scala:210)
[2025-01-23T03:31:18.976+0000] {spark_submit.py:579} INFO - at scala.Option.getOrElse(Option.scala:189)
[2025-01-23T03:31:18.977+0000] {spark_submit.py:579} INFO - at org.apache.spark.sql.DataFrameReader.load(DataFrameReader.scala:210)
[2025-01-23T03:31:18.978+0000] {spark_submit.py:579} INFO - at org.apache.spark.sql.DataFrameReader.load(DataFrameReader.scala:185)
[2025-01-23T03:31:18.979+0000] {spark_submit.py:579} INFO - at java.base/jdk.internal.reflect.NativeMethodAccessorImpl.invoke0(Native Method)
[2025-01-23T03:31:18.980+0000] {spark_submit.py:579} INFO - at java.base/jdk.internal.reflect.NativeMethodAccessorImpl.invoke(NativeMethodAccessorImpl.java:62)
[2025-01-23T03:31:18.980+0000] {spark_submit.py:579} INFO - at java.base/jdk.internal.reflect.DelegatingMethodAccessorImpl.invoke(DelegatingMethodAccessorImpl.java:43)
[2025-01-23T03:31:18.981+0000] {spark_submit.py:579} INFO - at java.base/java.lang.reflect.Method.invoke(Method.java:566)
[2025-01-23T03:31:18.983+0000] {spark_submit.py:579} INFO - at py4j.reflection.MethodInvoker.invoke(MethodInvoker.java:244)
[2025-01-23T03:31:18.983+0000] {spark_submit.py:579} INFO - at py4j.reflection.ReflectionEngine.invoke(ReflectionEngine.java:357)
[2025-01-23T03:31:18.984+0000] {spark_submit.py:579} INFO - at py4j.Gateway.invoke(Gateway.java:282)
[2025-01-23T03:31:18.985+0000] {spark_submit.py:579} INFO - at py4j.commands.AbstractCommand.invokeMethod(AbstractCommand.java:132)
[2025-01-23T03:31:18.985+0000] {spark_submit.py:579} INFO - at py4j.commands.CallCommand.execute(CallCommand.java:79)
[2025-01-23T03:31:18.986+0000] {spark_submit.py:579} INFO - at py4j.ClientServerConnection.waitForCommands(ClientServerConnection.java:182)
[2025-01-23T03:31:18.987+0000] {spark_submit.py:579} INFO - at py4j.ClientServerConnection.run(ClientServerConnection.java:106)
[2025-01-23T03:31:18.988+0000] {spark_submit.py:579} INFO - at java.base/java.lang.Thread.run(Thread.java:829)
[2025-01-23T03:31:18.988+0000] {spark_submit.py:579} INFO - Caused by: java.lang.ClassNotFoundException: com.amazonaws.AmazonClientException
[2025-01-23T03:31:18.989+0000] {spark_submit.py:579} INFO - at java.base/java.net.URLClassLoader.findClass(URLClassLoader.java:476)
[2025-01-23T03:31:18.989+0000] {spark_submit.py:579} INFO - at java.base/java.lang.ClassLoader.loadClass(ClassLoader.java:594)
[2025-01-23T03:31:18.990+0000] {spark_submit.py:579} INFO - at java.base/java.lang.ClassLoader.loadClass(ClassLoader.java:527)
[2025-01-23T03:31:18.990+0000] {spark_submit.py:579} INFO - ... 31 more
[2025-01-23T03:31:18.991+0000] {spark_submit.py:579} INFO - 
[2025-01-23T03:31:18.992+0000] {spark_submit.py:579} INFO - 2025-01-23 03:31:18,972 ERROR: Traceback (most recent call last):
[2025-01-23T03:31:18.992+0000] {spark_submit.py:579} INFO - File "/opt/***/jobs/python/processing_keyword.py", line 55, in clean_keywords
[2025-01-23T03:31:18.993+0000] {spark_submit.py:579} INFO - df = spark.read.format("parquet").load(input_path)
[2025-01-23T03:31:18.993+0000] {spark_submit.py:579} INFO - File "/home/***/.local/lib/python3.9/site-packages/pyspark/python/lib/pyspark.zip/pyspark/sql/readwriter.py", line 177, in load
[2025-01-23T03:31:18.994+0000] {spark_submit.py:579} INFO - return self._df(self._jreader.load(path))
[2025-01-23T03:31:18.994+0000] {spark_submit.py:579} INFO - File "/home/***/.local/lib/python3.9/site-packages/pyspark/python/lib/py4j-0.10.9.5-src.zip/py4j/java_gateway.py", line 1321, in __call__
[2025-01-23T03:31:18.995+0000] {spark_submit.py:579} INFO - return_value = get_return_value(
[2025-01-23T03:31:18.995+0000] {spark_submit.py:579} INFO - File "/home/***/.local/lib/python3.9/site-packages/pyspark/python/lib/pyspark.zip/pyspark/sql/utils.py", line 190, in deco
[2025-01-23T03:31:18.996+0000] {spark_submit.py:579} INFO - return f(*a, **kw)
[2025-01-23T03:31:18.996+0000] {spark_submit.py:579} INFO - File "/home/***/.local/lib/python3.9/site-packages/pyspark/python/lib/py4j-0.10.9.5-src.zip/py4j/protocol.py", line 326, in get_return_value
[2025-01-23T03:31:18.997+0000] {spark_submit.py:579} INFO - raise Py4JJavaError(
[2025-01-23T03:31:18.998+0000] {spark_submit.py:579} INFO - py4j.protocol.Py4JJavaError: An error occurred while calling o46.load.
[2025-01-23T03:31:18.999+0000] {spark_submit.py:579} INFO - : java.lang.NoClassDefFoundError: com/amazonaws/AmazonClientException
[2025-01-23T03:31:19.000+0000] {spark_submit.py:579} INFO - at java.base/java.lang.Class.forName0(Native Method)
[2025-01-23T03:31:19.001+0000] {spark_submit.py:579} INFO - at java.base/java.lang.Class.forName(Class.java:398)
[2025-01-23T03:31:19.001+0000] {spark_submit.py:579} INFO - at org.apache.hadoop.conf.Configuration.getClassByNameOrNull(Configuration.java:2625)
[2025-01-23T03:31:19.002+0000] {spark_submit.py:579} INFO - at org.apache.hadoop.conf.Configuration.getClassByName(Configuration.java:2590)
[2025-01-23T03:31:19.002+0000] {spark_submit.py:579} INFO - at org.apache.hadoop.conf.Configuration.getClass(Configuration.java:2686)
[2025-01-23T03:31:19.003+0000] {spark_submit.py:579} INFO - at org.apache.hadoop.fs.FileSystem.getFileSystemClass(FileSystem.java:3431)
[2025-01-23T03:31:19.003+0000] {spark_submit.py:579} INFO - at org.apache.hadoop.fs.FileSystem.createFileSystem(FileSystem.java:3466)
[2025-01-23T03:31:19.005+0000] {spark_submit.py:579} INFO - at org.apache.hadoop.fs.FileSystem.access$300(FileSystem.java:174)
[2025-01-23T03:31:19.006+0000] {spark_submit.py:579} INFO - at org.apache.hadoop.fs.FileSystem$Cache.getInternal(FileSystem.java:3574)
[2025-01-23T03:31:19.008+0000] {spark_submit.py:579} INFO - at org.apache.hadoop.fs.FileSystem$Cache.get(FileSystem.java:3521)
[2025-01-23T03:31:19.008+0000] {spark_submit.py:579} INFO - at org.apache.hadoop.fs.FileSystem.get(FileSystem.java:540)
[2025-01-23T03:31:19.010+0000] {spark_submit.py:579} INFO - at org.apache.hadoop.fs.Path.getFileSystem(Path.java:365)
[2025-01-23T03:31:19.011+0000] {spark_submit.py:579} INFO - at org.apache.spark.sql.execution.streaming.FileStreamSink$.hasMetadata(FileStreamSink.scala:53)
[2025-01-23T03:31:19.013+0000] {spark_submit.py:579} INFO - at org.apache.spark.sql.execution.datasources.DataSource.resolveRelation(DataSource.scala:370)
[2025-01-23T03:31:19.014+0000] {spark_submit.py:579} INFO - at org.apache.spark.sql.DataFrameReader.loadV1Source(DataFrameReader.scala:228)
[2025-01-23T03:31:19.016+0000] {spark_submit.py:579} INFO - at org.apache.spark.sql.DataFrameReader.$anonfun$load$2(DataFrameReader.scala:210)
[2025-01-23T03:31:19.017+0000] {spark_submit.py:579} INFO - at scala.Option.getOrElse(Option.scala:189)
[2025-01-23T03:31:19.020+0000] {spark_submit.py:579} INFO - at org.apache.spark.sql.DataFrameReader.load(DataFrameReader.scala:210)
[2025-01-23T03:31:19.020+0000] {spark_submit.py:579} INFO - at org.apache.spark.sql.DataFrameReader.load(DataFrameReader.scala:185)
[2025-01-23T03:31:19.021+0000] {spark_submit.py:579} INFO - at java.base/jdk.internal.reflect.NativeMethodAccessorImpl.invoke0(Native Method)
[2025-01-23T03:31:19.022+0000] {spark_submit.py:579} INFO - at java.base/jdk.internal.reflect.NativeMethodAccessorImpl.invoke(NativeMethodAccessorImpl.java:62)
[2025-01-23T03:31:19.022+0000] {spark_submit.py:579} INFO - at java.base/jdk.internal.reflect.DelegatingMethodAccessorImpl.invoke(DelegatingMethodAccessorImpl.java:43)
[2025-01-23T03:31:19.026+0000] {spark_submit.py:579} INFO - at java.base/java.lang.reflect.Method.invoke(Method.java:566)
[2025-01-23T03:31:19.026+0000] {spark_submit.py:579} INFO - at py4j.reflection.MethodInvoker.invoke(MethodInvoker.java:244)
[2025-01-23T03:31:19.027+0000] {spark_submit.py:579} INFO - at py4j.reflection.ReflectionEngine.invoke(ReflectionEngine.java:357)
[2025-01-23T03:31:19.027+0000] {spark_submit.py:579} INFO - at py4j.Gateway.invoke(Gateway.java:282)
[2025-01-23T03:31:19.028+0000] {spark_submit.py:579} INFO - at py4j.commands.AbstractCommand.invokeMethod(AbstractCommand.java:132)
[2025-01-23T03:31:19.028+0000] {spark_submit.py:579} INFO - at py4j.commands.CallCommand.execute(CallCommand.java:79)
[2025-01-23T03:31:19.029+0000] {spark_submit.py:579} INFO - at py4j.ClientServerConnection.waitForCommands(ClientServerConnection.java:182)
[2025-01-23T03:31:19.031+0000] {spark_submit.py:579} INFO - at py4j.ClientServerConnection.run(ClientServerConnection.java:106)
[2025-01-23T03:31:19.032+0000] {spark_submit.py:579} INFO - at java.base/java.lang.Thread.run(Thread.java:829)
[2025-01-23T03:31:19.033+0000] {spark_submit.py:579} INFO - Caused by: java.lang.ClassNotFoundException: com.amazonaws.AmazonClientException
[2025-01-23T03:31:19.034+0000] {spark_submit.py:579} INFO - at java.base/java.net.URLClassLoader.findClass(URLClassLoader.java:476)
[2025-01-23T03:31:19.035+0000] {spark_submit.py:579} INFO - at java.base/java.lang.ClassLoader.loadClass(ClassLoader.java:594)
[2025-01-23T03:31:19.035+0000] {spark_submit.py:579} INFO - at java.base/java.lang.ClassLoader.loadClass(ClassLoader.java:527)
[2025-01-23T03:31:19.036+0000] {spark_submit.py:579} INFO - ... 31 more
[2025-01-23T03:31:19.036+0000] {spark_submit.py:579} INFO - 
[2025-01-23T03:31:19.036+0000] {spark_submit.py:579} INFO - 
[2025-01-23T03:31:19.037+0000] {spark_submit.py:579} INFO - 25/01/23 03:31:18 INFO SparkUI: Stopped Spark web UI at http://73fc507ad5e4:4040
[2025-01-23T03:31:19.037+0000] {spark_submit.py:579} INFO - 25/01/23 03:31:19 INFO StandaloneSchedulerBackend: Shutting down all executors
[2025-01-23T03:31:19.037+0000] {spark_submit.py:579} INFO - 25/01/23 03:31:19 INFO CoarseGrainedSchedulerBackend$DriverEndpoint: Asking each executor to shut down
[2025-01-23T03:31:19.042+0000] {spark_submit.py:579} INFO - 25/01/23 03:31:19 INFO MapOutputTrackerMasterEndpoint: MapOutputTrackerMasterEndpoint stopped!
[2025-01-23T03:31:19.055+0000] {spark_submit.py:579} INFO - 25/01/23 03:31:19 INFO MemoryStore: MemoryStore cleared
[2025-01-23T03:31:19.056+0000] {spark_submit.py:579} INFO - 25/01/23 03:31:19 INFO BlockManager: BlockManager stopped
[2025-01-23T03:31:19.062+0000] {spark_submit.py:579} INFO - 25/01/23 03:31:19 INFO BlockManagerMaster: BlockManagerMaster stopped
[2025-01-23T03:31:19.063+0000] {spark_submit.py:579} INFO - 25/01/23 03:31:19 INFO OutputCommitCoordinator$OutputCommitCoordinatorEndpoint: OutputCommitCoordinator stopped!
[2025-01-23T03:31:19.072+0000] {spark_submit.py:579} INFO - 25/01/23 03:31:19 INFO SparkContext: Successfully stopped SparkContext
[2025-01-23T03:31:19.513+0000] {spark_submit.py:579} INFO - 2025-01-23 03:31:19,513 INFO: Closing down clientserver connection
[2025-01-23T03:31:19.552+0000] {spark_submit.py:579} INFO - 25/01/23 03:31:19 INFO ShutdownHookManager: Shutdown hook called
[2025-01-23T03:31:19.552+0000] {spark_submit.py:579} INFO - 25/01/23 03:31:19 INFO ShutdownHookManager: Deleting directory /tmp/spark-07eb9f1d-b7df-411d-8864-729fd6bc1c73/pyspark-6bfe0cc8-92f1-4326-8cd9-2e8937460d27
[2025-01-23T03:31:19.556+0000] {spark_submit.py:579} INFO - 25/01/23 03:31:19 INFO ShutdownHookManager: Deleting directory /tmp/spark-031c9ed1-6fab-40d0-b027-cac766d5f495
[2025-01-23T03:31:19.560+0000] {spark_submit.py:579} INFO - 25/01/23 03:31:19 INFO ShutdownHookManager: Deleting directory /tmp/spark-07eb9f1d-b7df-411d-8864-729fd6bc1c73
[2025-01-23T03:31:19.602+0000] {taskinstance.py:1937} ERROR - Task failed with exception
Traceback (most recent call last):
  File "/home/airflow/.local/lib/python3.9/site-packages/airflow/providers/apache/spark/operators/spark_submit.py", line 174, in execute
    self._hook.submit(self.application)
  File "/home/airflow/.local/lib/python3.9/site-packages/airflow/providers/apache/spark/hooks/spark_submit.py", line 505, in submit
    raise AirflowException(
airflow.exceptions.AirflowException: Cannot execute: spark-submit --master spark://spark-master:7077 --conf spark.sql.extensions=io.delta.sql.DeltaSparkSessionExtension --conf spark.sql.catalog.spark_catalog=org.apache.spark.sql.delta.catalog.DeltaCatalog --jars /opt/***/jars/hadoop-aws-3.3.4.jar,/opt/***/jars/s3-2.18.41.jar,/opt/***/jars/aws-java-sdk-1.12.367.jar,/opt/***/jars/delta-core_2.12-2.2.0.jar,/opt/***/jars/delta-storage-2.2.0.jar --num-executors 2 --total-executor-cores 2 --executor-cores 2 --executor-memory 2g --driver-memory 1g --name arrow-spark --deploy-mode client /opt/***/jobs/python/processing_keyword.py s3a://lakehouse/bronze/keywords.parquet s3a://lakehouse/silver/keywords. Error code is: 1.
[2025-01-23T03:31:19.607+0000] {taskinstance.py:1400} INFO - Marking task as UP_FOR_RETRY. dag_id=Silver_Layer, task_id=clean_keyword, execution_date=20250123T033039, start_date=20250123T033112, end_date=20250123T033119
[2025-01-23T03:31:19.622+0000] {standard_task_runner.py:104} ERROR - Failed to execute job 42 for task clean_keyword (Cannot execute: spark-submit --master spark://spark-master:7077 --conf spark.sql.extensions=io.delta.sql.DeltaSparkSessionExtension --conf spark.sql.catalog.spark_catalog=org.apache.spark.sql.delta.catalog.DeltaCatalog --jars /opt/***/jars/hadoop-aws-3.3.4.jar,/opt/***/jars/s3-2.18.41.jar,/opt/***/jars/aws-java-sdk-1.12.367.jar,/opt/***/jars/delta-core_2.12-2.2.0.jar,/opt/***/jars/delta-storage-2.2.0.jar --num-executors 2 --total-executor-cores 2 --executor-cores 2 --executor-memory 2g --driver-memory 1g --name arrow-spark --deploy-mode client /opt/***/jobs/python/processing_keyword.py s3a://lakehouse/bronze/keywords.parquet s3a://lakehouse/silver/keywords. Error code is: 1.; 6647)
[2025-01-23T03:31:19.645+0000] {local_task_job_runner.py:228} INFO - Task exited with return code 1
[2025-01-23T03:31:19.693+0000] {taskinstance.py:2778} INFO - 0 downstream tasks scheduled from follow-on schedule check
