[2024-12-16T15:35:33.177+0000] {taskinstance.py:1159} INFO - Dependencies all met for dep_context=non-requeueable deps ti=<TaskInstance: All_Layer.clean_movies manual__2024-12-16T15:35:17.882823+00:00 [queued]>
[2024-12-16T15:35:33.197+0000] {taskinstance.py:1159} INFO - Dependencies all met for dep_context=requeueable deps ti=<TaskInstance: All_Layer.clean_movies manual__2024-12-16T15:35:17.882823+00:00 [queued]>
[2024-12-16T15:35:33.198+0000] {taskinstance.py:1361} INFO - Starting attempt 1 of 2
[2024-12-16T15:35:33.215+0000] {taskinstance.py:1382} INFO - Executing <Task(SparkSubmitOperator): clean_movies> on 2024-12-16 15:35:17.882823+00:00
[2024-12-16T15:35:33.223+0000] {standard_task_runner.py:57} INFO - Started process 16440 to run task
[2024-12-16T15:35:33.228+0000] {standard_task_runner.py:84} INFO - Running: ['***', 'tasks', 'run', 'All_Layer', 'clean_movies', 'manual__2024-12-16T15:35:17.882823+00:00', '--job-id', '331', '--raw', '--subdir', 'DAGS_FOLDER/All_Offi.py', '--cfg-path', '/tmp/tmpqyvicyzn']
[2024-12-16T15:35:33.231+0000] {standard_task_runner.py:85} INFO - Job 331: Subtask clean_movies
[2024-12-16T15:35:33.295+0000] {task_command.py:416} INFO - Running <TaskInstance: All_Layer.clean_movies manual__2024-12-16T15:35:17.882823+00:00 [running]> on host a2b73f6a4b3a
[2024-12-16T15:35:33.414+0000] {taskinstance.py:1662} INFO - Exporting env vars: AIRFLOW_CTX_DAG_OWNER='***' AIRFLOW_CTX_DAG_ID='All_Layer' AIRFLOW_CTX_TASK_ID='clean_movies' AIRFLOW_CTX_EXECUTION_DATE='2024-12-16T15:35:17.882823+00:00' AIRFLOW_CTX_TRY_NUMBER='1' AIRFLOW_CTX_DAG_RUN_ID='manual__2024-12-16T15:35:17.882823+00:00'
[2024-12-16T15:35:33.433+0000] {base.py:73} INFO - Using connection ID 'spark-conn' for task execution.
[2024-12-16T15:35:33.438+0000] {spark_submit.py:403} INFO - Spark-Submit cmd: spark-submit --master spark://spark-master:7077 --conf spark.sql.extensions=io.delta.sql.DeltaSparkSessionExtension --conf spark.sql.catalog.spark_catalog=org.apache.spark.sql.delta.catalog.DeltaCatalog --conf delta.enable-non-concurrent-writes=true --jars /opt/***/jars/hadoop-aws-3.3.4.jar,/opt/***/jars/s3-2.18.41.jar,/opt/***/jars/aws-java-sdk-1.12.367.jar,/opt/***/jars/delta-core_2.12-2.2.0.jar,/opt/***/jars/delta-storage-2.2.0.jar, --packages org.apache.hadoop:hadoop-aws:3.3.4 --num-executors 2 --total-executor-cores 2 --executor-cores 2 --executor-memory 2g --driver-memory 1g --name arrow-spark --deploy-mode client /opt/***/jobs/python/processing_movie.py s3a://lakehouse/bronze/movies.parquet s3a://lakehouse/silver/movies
[2024-12-16T15:35:33.667+0000] {spark_submit.py:579} INFO - /home/***/.local/lib/python3.9/site-packages/pyspark/bin/load-spark-env.sh: line 68: ps: command not found
[2024-12-16T15:35:37.559+0000] {spark_submit.py:579} INFO - Warning: Ignoring non-Spark config property: delta.enable-non-concurrent-writes
[2024-12-16T15:35:38.147+0000] {spark_submit.py:579} INFO - :: loading settings :: url = jar:file:/home/***/.local/lib/python3.9/site-packages/pyspark/jars/ivy-2.5.1.jar!/org/apache/ivy/core/settings/ivysettings.xml
[2024-12-16T15:35:38.457+0000] {spark_submit.py:579} INFO - Ivy Default Cache set to: /home/***/.ivy2/cache
[2024-12-16T15:35:38.460+0000] {spark_submit.py:579} INFO - The jars for the packages stored in: /home/***/.ivy2/jars
[2024-12-16T15:35:38.467+0000] {spark_submit.py:579} INFO - org.apache.hadoop#hadoop-aws added as a dependency
[2024-12-16T15:35:38.477+0000] {spark_submit.py:579} INFO - :: resolving dependencies :: org.apache.spark#spark-submit-parent-7d904a3a-0469-4857-a4ad-c4b016cd7027;1.0
[2024-12-16T15:35:38.478+0000] {spark_submit.py:579} INFO - confs: [default]
[2024-12-16T15:35:38.955+0000] {spark_submit.py:579} INFO - found org.apache.hadoop#hadoop-aws;3.3.4 in spark-list
[2024-12-16T15:35:39.119+0000] {spark_submit.py:579} INFO - found com.amazonaws#aws-java-sdk-bundle;1.12.262 in central
[2024-12-16T15:35:39.241+0000] {spark_submit.py:579} INFO - found org.wildfly.openssl#wildfly-openssl;1.0.7.Final in spark-list
[2024-12-16T15:35:39.423+0000] {spark_submit.py:579} INFO - :: resolution report :: resolve 883ms :: artifacts dl 21ms
[2024-12-16T15:35:39.424+0000] {spark_submit.py:579} INFO - :: modules in use:
[2024-12-16T15:35:39.438+0000] {spark_submit.py:579} INFO - com.amazonaws#aws-java-sdk-bundle;1.12.262 from central in [default]
[2024-12-16T15:35:39.439+0000] {spark_submit.py:579} INFO - org.apache.hadoop#hadoop-aws;3.3.4 from spark-list in [default]
[2024-12-16T15:35:39.440+0000] {spark_submit.py:579} INFO - org.wildfly.openssl#wildfly-openssl;1.0.7.Final from spark-list in [default]
[2024-12-16T15:35:39.443+0000] {spark_submit.py:579} INFO - ---------------------------------------------------------------------
[2024-12-16T15:35:39.443+0000] {spark_submit.py:579} INFO - |                  |            modules            ||   artifacts   |
[2024-12-16T15:35:39.444+0000] {spark_submit.py:579} INFO - |       conf       | number| search|dwnlded|evicted|| number|dwnlded|
[2024-12-16T15:35:39.444+0000] {spark_submit.py:579} INFO - ---------------------------------------------------------------------
[2024-12-16T15:35:39.445+0000] {spark_submit.py:579} INFO - |      default     |   3   |   0   |   0   |   0   ||   3   |   0   |
[2024-12-16T15:35:39.445+0000] {spark_submit.py:579} INFO - ---------------------------------------------------------------------
[2024-12-16T15:35:39.456+0000] {spark_submit.py:579} INFO - :: retrieving :: org.apache.spark#spark-submit-parent-7d904a3a-0469-4857-a4ad-c4b016cd7027
[2024-12-16T15:35:39.457+0000] {spark_submit.py:579} INFO - confs: [default]
[2024-12-16T15:35:39.477+0000] {spark_submit.py:579} INFO - 0 artifacts copied, 3 already retrieved (0kB/20ms)
[2024-12-16T15:35:40.299+0000] {spark_submit.py:579} INFO - 24/12/16 15:35:40 WARN NativeCodeLoader: Unable to load native-hadoop library for your platform... using builtin-java classes where applicable
[2024-12-16T15:35:42.452+0000] {spark_submit.py:579} INFO - 2024-12-16 15:35:42,451 INFO: Initializing Spark session...
[2024-12-16T15:35:42.655+0000] {spark_submit.py:579} INFO - 24/12/16 15:35:42 INFO SparkContext: Running Spark version 3.3.2
[2024-12-16T15:35:42.705+0000] {spark_submit.py:579} INFO - 24/12/16 15:35:42 INFO ResourceUtils: ==============================================================
[2024-12-16T15:35:42.707+0000] {spark_submit.py:579} INFO - 24/12/16 15:35:42 INFO ResourceUtils: No custom resources configured for spark.driver.
[2024-12-16T15:35:42.708+0000] {spark_submit.py:579} INFO - 24/12/16 15:35:42 INFO ResourceUtils: ==============================================================
[2024-12-16T15:35:42.709+0000] {spark_submit.py:579} INFO - 24/12/16 15:35:42 INFO SparkContext: Submitted application: CleanMovies
[2024-12-16T15:35:42.765+0000] {spark_submit.py:579} INFO - 24/12/16 15:35:42 INFO ResourceProfile: Default ResourceProfile created, executor resources: Map(cores -> name: cores, amount: 2, script: , vendor: , memory -> name: memory, amount: 2048, script: , vendor: , offHeap -> name: offHeap, amount: 0, script: , vendor: ), task resources: Map(cpus -> name: cpus, amount: 1.0)
[2024-12-16T15:35:42.790+0000] {spark_submit.py:579} INFO - 24/12/16 15:35:42 INFO ResourceProfile: Limiting resource is cpus at 2 tasks per executor
[2024-12-16T15:35:42.794+0000] {spark_submit.py:579} INFO - 24/12/16 15:35:42 INFO ResourceProfileManager: Added ResourceProfile id: 0
[2024-12-16T15:35:42.978+0000] {spark_submit.py:579} INFO - 24/12/16 15:35:42 INFO SecurityManager: Changing view acls to: ***
[2024-12-16T15:35:42.981+0000] {spark_submit.py:579} INFO - 24/12/16 15:35:42 INFO SecurityManager: Changing modify acls to: ***
[2024-12-16T15:35:42.991+0000] {spark_submit.py:579} INFO - 24/12/16 15:35:42 INFO SecurityManager: Changing view acls groups to:
[2024-12-16T15:35:42.992+0000] {spark_submit.py:579} INFO - 24/12/16 15:35:42 INFO SecurityManager: Changing modify acls groups to:
[2024-12-16T15:35:42.994+0000] {spark_submit.py:579} INFO - 24/12/16 15:35:42 INFO SecurityManager: SecurityManager: authentication disabled; ui acls disabled; users  with view permissions: Set(***); groups with view permissions: Set(); users  with modify permissions: Set(***); groups with modify permissions: Set()
[2024-12-16T15:35:44.187+0000] {spark_submit.py:579} INFO - 24/12/16 15:35:44 INFO Utils: Successfully started service 'sparkDriver' on port 46743.
[2024-12-16T15:35:44.243+0000] {spark_submit.py:579} INFO - 24/12/16 15:35:44 INFO SparkEnv: Registering MapOutputTracker
[2024-12-16T15:35:44.291+0000] {spark_submit.py:579} INFO - 24/12/16 15:35:44 INFO SparkEnv: Registering BlockManagerMaster
[2024-12-16T15:35:44.322+0000] {spark_submit.py:579} INFO - 24/12/16 15:35:44 INFO BlockManagerMasterEndpoint: Using org.apache.spark.storage.DefaultTopologyMapper for getting topology information
[2024-12-16T15:35:44.323+0000] {spark_submit.py:579} INFO - 24/12/16 15:35:44 INFO BlockManagerMasterEndpoint: BlockManagerMasterEndpoint up
[2024-12-16T15:35:44.328+0000] {spark_submit.py:579} INFO - 24/12/16 15:35:44 INFO SparkEnv: Registering BlockManagerMasterHeartbeat
[2024-12-16T15:35:44.358+0000] {spark_submit.py:579} INFO - 24/12/16 15:35:44 INFO DiskBlockManager: Created local directory at /tmp/blockmgr-a476b8d0-e7d6-4c55-9e4a-d0745796f759
[2024-12-16T15:35:44.400+0000] {spark_submit.py:579} INFO - 24/12/16 15:35:44 INFO MemoryStore: MemoryStore started with capacity 434.4 MiB
[2024-12-16T15:35:44.437+0000] {spark_submit.py:579} INFO - 24/12/16 15:35:44 INFO SparkEnv: Registering OutputCommitCoordinator
[2024-12-16T15:35:44.809+0000] {spark_submit.py:579} INFO - 24/12/16 15:35:44 WARN Utils: Service 'SparkUI' could not bind on port 4040. Attempting port 4041.
[2024-12-16T15:35:44.819+0000] {spark_submit.py:579} INFO - 24/12/16 15:35:44 WARN Utils: Service 'SparkUI' could not bind on port 4041. Attempting port 4042.
[2024-12-16T15:35:44.839+0000] {spark_submit.py:579} INFO - 24/12/16 15:35:44 INFO Utils: Successfully started service 'SparkUI' on port 4042.
[2024-12-16T15:35:44.982+0000] {spark_submit.py:579} INFO - 24/12/16 15:35:44 INFO SparkContext: Added JAR file:///opt/***/jars/hadoop-aws-3.3.4.jar at spark://a2b73f6a4b3a:46743/jars/hadoop-aws-3.3.4.jar with timestamp 1734363342639
[2024-12-16T15:35:44.986+0000] {spark_submit.py:579} INFO - 24/12/16 15:35:44 INFO SparkContext: Added JAR file:///opt/***/jars/s3-2.18.41.jar at spark://a2b73f6a4b3a:46743/jars/s3-2.18.41.jar with timestamp 1734363342639
[2024-12-16T15:35:44.987+0000] {spark_submit.py:579} INFO - 24/12/16 15:35:44 INFO SparkContext: Added JAR file:///opt/***/jars/aws-java-sdk-1.12.367.jar at spark://a2b73f6a4b3a:46743/jars/aws-java-sdk-1.12.367.jar with timestamp 1734363342639
[2024-12-16T15:35:44.989+0000] {spark_submit.py:579} INFO - 24/12/16 15:35:44 INFO SparkContext: Added JAR file:///opt/***/jars/delta-core_2.12-2.2.0.jar at spark://a2b73f6a4b3a:46743/jars/delta-core_2.12-2.2.0.jar with timestamp 1734363342639
[2024-12-16T15:35:44.997+0000] {spark_submit.py:579} INFO - 24/12/16 15:35:44 INFO SparkContext: Added JAR file:///opt/***/jars/delta-storage-2.2.0.jar at spark://a2b73f6a4b3a:46743/jars/delta-storage-2.2.0.jar with timestamp 1734363342639
[2024-12-16T15:35:45.000+0000] {spark_submit.py:579} INFO - 24/12/16 15:35:44 INFO SparkContext: Added JAR file:///home/***/.ivy2/jars/org.apache.hadoop_hadoop-aws-3.3.4.jar at spark://a2b73f6a4b3a:46743/jars/org.apache.hadoop_hadoop-aws-3.3.4.jar with timestamp 1734363342639
[2024-12-16T15:35:45.000+0000] {spark_submit.py:579} INFO - 24/12/16 15:35:44 INFO SparkContext: Added JAR file:///home/***/.ivy2/jars/com.amazonaws_aws-java-sdk-bundle-1.12.262.jar at spark://a2b73f6a4b3a:46743/jars/com.amazonaws_aws-java-sdk-bundle-1.12.262.jar with timestamp 1734363342639
[2024-12-16T15:35:45.001+0000] {spark_submit.py:579} INFO - 24/12/16 15:35:44 INFO SparkContext: Added JAR file:///home/***/.ivy2/jars/org.wildfly.openssl_wildfly-openssl-1.0.7.Final.jar at spark://a2b73f6a4b3a:46743/jars/org.wildfly.openssl_wildfly-openssl-1.0.7.Final.jar with timestamp 1734363342639
[2024-12-16T15:35:45.002+0000] {spark_submit.py:579} INFO - 24/12/16 15:35:44 INFO SparkContext: Added file file:///home/***/.ivy2/jars/org.apache.hadoop_hadoop-aws-3.3.4.jar at spark://a2b73f6a4b3a:46743/files/org.apache.hadoop_hadoop-aws-3.3.4.jar with timestamp 1734363342639
[2024-12-16T15:35:45.002+0000] {spark_submit.py:579} INFO - 24/12/16 15:35:44 INFO Utils: Copying /home/***/.ivy2/jars/org.apache.hadoop_hadoop-aws-3.3.4.jar to /tmp/spark-cf6bf974-c1b0-4c5e-944d-19ab68c491be/userFiles-79bf3ad7-9823-4654-8582-f58f25bc4f6e/org.apache.hadoop_hadoop-aws-3.3.4.jar
[2024-12-16T15:35:45.071+0000] {spark_submit.py:579} INFO - 24/12/16 15:35:45 INFO SparkContext: Added file file:///home/***/.ivy2/jars/com.amazonaws_aws-java-sdk-bundle-1.12.262.jar at spark://a2b73f6a4b3a:46743/files/com.amazonaws_aws-java-sdk-bundle-1.12.262.jar with timestamp 1734363342639
[2024-12-16T15:35:45.072+0000] {spark_submit.py:579} INFO - 24/12/16 15:35:45 INFO Utils: Copying /home/***/.ivy2/jars/com.amazonaws_aws-java-sdk-bundle-1.12.262.jar to /tmp/spark-cf6bf974-c1b0-4c5e-944d-19ab68c491be/userFiles-79bf3ad7-9823-4654-8582-f58f25bc4f6e/com.amazonaws_aws-java-sdk-bundle-1.12.262.jar
[2024-12-16T15:35:46.146+0000] {spark_submit.py:579} INFO - 24/12/16 15:35:46 INFO SparkContext: Added file file:///home/***/.ivy2/jars/org.wildfly.openssl_wildfly-openssl-1.0.7.Final.jar at spark://a2b73f6a4b3a:46743/files/org.wildfly.openssl_wildfly-openssl-1.0.7.Final.jar with timestamp 1734363342639
[2024-12-16T15:35:46.147+0000] {spark_submit.py:579} INFO - 24/12/16 15:35:46 INFO Utils: Copying /home/***/.ivy2/jars/org.wildfly.openssl_wildfly-openssl-1.0.7.Final.jar to /tmp/spark-cf6bf974-c1b0-4c5e-944d-19ab68c491be/userFiles-79bf3ad7-9823-4654-8582-f58f25bc4f6e/org.wildfly.openssl_wildfly-openssl-1.0.7.Final.jar
[2024-12-16T15:35:46.426+0000] {spark_submit.py:579} INFO - 24/12/16 15:35:46 INFO StandaloneAppClient$ClientEndpoint: Connecting to master spark://spark-master:7077...
[2024-12-16T15:35:46.530+0000] {spark_submit.py:579} INFO - 24/12/16 15:35:46 INFO TransportClientFactory: Successfully created connection to spark-master/172.18.0.5:7077 after 59 ms (0 ms spent in bootstraps)
[2024-12-16T15:35:46.738+0000] {spark_submit.py:579} INFO - 24/12/16 15:35:46 INFO StandaloneSchedulerBackend: Connected to Spark cluster with app ID app-20241216153546-0046
[2024-12-16T15:35:46.754+0000] {spark_submit.py:579} INFO - 24/12/16 15:35:46 INFO Utils: Successfully started service 'org.apache.spark.network.netty.NettyBlockTransferService' on port 36543.
[2024-12-16T15:35:46.755+0000] {spark_submit.py:579} INFO - 24/12/16 15:35:46 INFO NettyBlockTransferService: Server created on a2b73f6a4b3a:36543
[2024-12-16T15:35:46.757+0000] {spark_submit.py:579} INFO - 24/12/16 15:35:46 INFO BlockManager: Using org.apache.spark.storage.RandomBlockReplicationPolicy for block replication policy
[2024-12-16T15:35:46.767+0000] {spark_submit.py:579} INFO - 24/12/16 15:35:46 INFO BlockManagerMaster: Registering BlockManager BlockManagerId(driver, a2b73f6a4b3a, 36543, None)
[2024-12-16T15:35:46.773+0000] {spark_submit.py:579} INFO - 24/12/16 15:35:46 INFO BlockManagerMasterEndpoint: Registering block manager a2b73f6a4b3a:36543 with 434.4 MiB RAM, BlockManagerId(driver, a2b73f6a4b3a, 36543, None)
[2024-12-16T15:35:46.778+0000] {spark_submit.py:579} INFO - 24/12/16 15:35:46 INFO BlockManagerMaster: Registered BlockManager BlockManagerId(driver, a2b73f6a4b3a, 36543, None)
[2024-12-16T15:35:46.781+0000] {spark_submit.py:579} INFO - 24/12/16 15:35:46 INFO BlockManager: Initialized BlockManager: BlockManagerId(driver, a2b73f6a4b3a, 36543, None)
[2024-12-16T15:35:47.262+0000] {spark_submit.py:579} INFO - 24/12/16 15:35:47 INFO StandaloneSchedulerBackend: SchedulerBackend is ready for scheduling beginning after reached minRegisteredResourcesRatio: 0.0
[2024-12-16T15:35:47.730+0000] {spark_submit.py:579} INFO - 2024-12-16 15:35:47,730 INFO: Spark session initialized successfully.
[2024-12-16T15:35:47.731+0000] {spark_submit.py:579} INFO - 2024-12-16 15:35:47,730 INFO: Reading data from s3a://lakehouse/bronze/movies.parquet
[2024-12-16T15:35:47.743+0000] {spark_submit.py:579} INFO - 24/12/16 15:35:47 INFO SharedState: Setting hive.metastore.warehouse.dir ('null') to the value of spark.sql.warehouse.dir.
[2024-12-16T15:35:48.179+0000] {spark_submit.py:579} INFO - 24/12/16 15:35:48 WARN MetricsConfig: Cannot locate configuration: tried hadoop-metrics2-s3a-file-system.properties,hadoop-metrics2.properties
[2024-12-16T15:35:48.197+0000] {spark_submit.py:579} INFO - 24/12/16 15:35:48 INFO MetricsSystemImpl: Scheduled Metric snapshot period at 10 second(s).
[2024-12-16T15:35:48.201+0000] {spark_submit.py:579} INFO - 24/12/16 15:35:48 INFO MetricsSystemImpl: s3a-file-system metrics system started
[2024-12-16T15:35:50.801+0000] {spark_submit.py:579} INFO - 24/12/16 15:35:50 INFO SharedState: Warehouse path is 's3a://lakehouse/'.
[2024-12-16T15:35:53.937+0000] {spark_submit.py:579} INFO - 24/12/16 15:35:53 INFO InMemoryFileIndex: It took 182 ms to list leaf files for 1 paths.
[2024-12-16T15:35:57.500+0000] {spark_submit.py:579} INFO - 2024-12-16 15:35:57,500 INFO: Saving cleaned data to s3a://lakehouse/silver/movies
[2024-12-16T15:35:57.910+0000] {spark_submit.py:579} INFO - 24/12/16 15:35:57 WARN package: Truncated the string representation of a plan since it was too large. This behavior can be adjusted by setting 'spark.sql.debug.maxToStringFields'.
[2024-12-16T15:35:58.445+0000] {spark_submit.py:579} INFO - 24/12/16 15:35:58 INFO DeltaLog: Creating initial snapshot without metadata, because the directory is empty
[2024-12-16T15:35:58.659+0000] {spark_submit.py:579} INFO - 24/12/16 15:35:58 INFO InitialSnapshot: [tableId=afd99bab-d69b-4804-a991-2367b31885dd] Created snapshot InitialSnapshot(path=s3a://lakehouse/silver/movies/_delta_log, version=-1, metadata=Metadata(2d45e5f7-409b-4c2b-81c8-477c5bbe6681,null,null,Format(parquet,Map()),null,List(),Map(),Some(1734363358646)), logSegment=LogSegment(s3a://lakehouse/silver/movies/_delta_log,-1,List(),List(),None,-1), checksumOpt=None)
[2024-12-16T15:35:58.762+0000] {spark_submit.py:579} INFO - 24/12/16 15:35:58 INFO DeltaLog: No delta log found for the Delta table at s3a://lakehouse/silver/movies/_delta_log
[2024-12-16T15:35:58.763+0000] {spark_submit.py:579} INFO - 24/12/16 15:35:58 INFO InitialSnapshot: [tableId=2d45e5f7-409b-4c2b-81c8-477c5bbe6681] Created snapshot InitialSnapshot(path=s3a://lakehouse/silver/movies/_delta_log, version=-1, metadata=Metadata(b310d492-908a-47f5-b76a-b15f94ac4d1e,null,null,Format(parquet,Map()),null,List(),Map(),Some(1734363358763)), logSegment=LogSegment(s3a://lakehouse/silver/movies/_delta_log,-1,List(),List(),None,-1), checksumOpt=None)
[2024-12-16T15:35:58.816+0000] {spark_submit.py:579} INFO - 24/12/16 15:35:58 INFO OptimisticTransaction: [tableId=b310d492,txnId=7b0167fa] Updated metadata from - to Metadata(5cd78297-e004-4235-8638-882e0df6aed9,null,null,Format(parquet,Map()),{"type":"struct","fields":[{"name":"budget","type":"integer","nullable":true,"metadata":{}},{"name":"genres","type":"string","nullable":true,"metadata":{}},{"name":"genres_convert","type":"string","nullable":true,"metadata":{}},{"name":"id","type":"string","nullable":true,"metadata":{}},{"name":"imdb_id","type":"string","nullable":true,"metadata":{}},{"name":"original_language","type":"string","nullable":true,"metadata":{}},{"name":"original_title","type":"string","nullable":true,"metadata":{}},{"name":"overview","type":"string","nullable":true,"metadata":{}},{"name":"popularity","type":"string","nullable":true,"metadata":{}},{"name":"poster_path","type":"string","nullable":true,"metadata":{}},{"name":"release_date","type":"date","nullable":true,"metadata":{}},{"name":"revenue","type":"double","nullable":true,"metadata":{}},{"name":"status","type":"string","nullable":true,"metadata":{}},{"name":"tagline","type":"string","nullable":true,"metadata":{}},{"name":"time","type":"string","nullable":true,"metadata":{}},{"name":"title","type":"string","nullable":true,"metadata":{}},{"name":"vote_average","type":"double","nullable":true,"metadata":{}},{"name":"vote_count","type":"double","nullable":true,"metadata":{}}]},List(),Map(),Some(1734363358801))
[2024-12-16T15:35:59.310+0000] {spark_submit.py:579} INFO - 24/12/16 15:35:59 INFO FileSourceStrategy: Pushed Filters:
[2024-12-16T15:35:59.312+0000] {spark_submit.py:579} INFO - 24/12/16 15:35:59 INFO FileSourceStrategy: Post-Scan Filters:
[2024-12-16T15:35:59.314+0000] {spark_submit.py:579} INFO - 24/12/16 15:35:59 INFO FileSourceStrategy: Output Data Schema: struct<budget: string, genres: string, id: string, imdb_id: string, original_language: string ... 15 more fields>
[2024-12-16T15:35:59.409+0000] {spark_submit.py:579} INFO - 24/12/16 15:35:59 INFO DeltaParquetFileFormat: Using default output committer for Parquet: org.apache.parquet.hadoop.ParquetOutputCommitter
[2024-12-16T15:35:59.746+0000] {spark_submit.py:579} INFO - 24/12/16 15:35:59 INFO CodeGenerator: Code generated in 191.534889 ms
[2024-12-16T15:35:59.813+0000] {spark_submit.py:579} INFO - 24/12/16 15:35:59 INFO MemoryStore: Block broadcast_0 stored as values in memory (estimated size 208.3 KiB, free 434.2 MiB)
[2024-12-16T15:35:59.869+0000] {spark_submit.py:579} INFO - 24/12/16 15:35:59 INFO MemoryStore: Block broadcast_0_piece0 stored as bytes in memory (estimated size 36.6 KiB, free 434.2 MiB)
[2024-12-16T15:35:59.873+0000] {spark_submit.py:579} INFO - 24/12/16 15:35:59 INFO BlockManagerInfo: Added broadcast_0_piece0 in memory on a2b73f6a4b3a:36543 (size: 36.6 KiB, free: 434.4 MiB)
[2024-12-16T15:35:59.879+0000] {spark_submit.py:579} INFO - 24/12/16 15:35:59 INFO SparkContext: Created broadcast 0 from save at NativeMethodAccessorImpl.java:0
[2024-12-16T15:35:59.898+0000] {spark_submit.py:579} INFO - 24/12/16 15:35:59 INFO FileSourceScanExec: Planning scan with bin packing, max size: 10691623 bytes, open cost is considered as scanning 4194304 bytes.
[2024-12-16T15:36:00.194+0000] {spark_submit.py:579} INFO - 24/12/16 15:36:00 INFO SparkContext: Starting job: save at NativeMethodAccessorImpl.java:0
[2024-12-16T15:36:00.213+0000] {spark_submit.py:579} INFO - 24/12/16 15:36:00 INFO DAGScheduler: Got job 0 (save at NativeMethodAccessorImpl.java:0) with 2 output partitions
[2024-12-16T15:36:00.214+0000] {spark_submit.py:579} INFO - 24/12/16 15:36:00 INFO DAGScheduler: Final stage: ResultStage 0 (save at NativeMethodAccessorImpl.java:0)
[2024-12-16T15:36:00.215+0000] {spark_submit.py:579} INFO - 24/12/16 15:36:00 INFO DAGScheduler: Parents of final stage: List()
[2024-12-16T15:36:00.216+0000] {spark_submit.py:579} INFO - 24/12/16 15:36:00 INFO DAGScheduler: Missing parents: List()
[2024-12-16T15:36:00.221+0000] {spark_submit.py:579} INFO - 24/12/16 15:36:00 INFO DAGScheduler: Submitting ResultStage 0 (MapPartitionsRDD[3] at save at NativeMethodAccessorImpl.java:0), which has no missing parents
[2024-12-16T15:36:00.401+0000] {spark_submit.py:579} INFO - 24/12/16 15:36:00 INFO MemoryStore: Block broadcast_1 stored as values in memory (estimated size 381.9 KiB, free 433.8 MiB)
[2024-12-16T15:36:00.405+0000] {spark_submit.py:579} INFO - 24/12/16 15:36:00 INFO MemoryStore: Block broadcast_1_piece0 stored as bytes in memory (estimated size 133.0 KiB, free 433.7 MiB)
[2024-12-16T15:36:00.406+0000] {spark_submit.py:579} INFO - 24/12/16 15:36:00 INFO BlockManagerInfo: Added broadcast_1_piece0 in memory on a2b73f6a4b3a:36543 (size: 133.0 KiB, free: 434.2 MiB)
[2024-12-16T15:36:00.407+0000] {spark_submit.py:579} INFO - 24/12/16 15:36:00 INFO SparkContext: Created broadcast 1 from broadcast at DAGScheduler.scala:1513
[2024-12-16T15:36:00.430+0000] {spark_submit.py:579} INFO - 24/12/16 15:36:00 INFO DAGScheduler: Submitting 2 missing tasks from ResultStage 0 (MapPartitionsRDD[3] at save at NativeMethodAccessorImpl.java:0) (first 15 tasks are for partitions Vector(0, 1))
[2024-12-16T15:36:00.432+0000] {spark_submit.py:579} INFO - 24/12/16 15:36:00 INFO TaskSchedulerImpl: Adding task set 0.0 with 2 tasks resource profile 0
[2024-12-16T15:36:15.460+0000] {spark_submit.py:579} INFO - 24/12/16 15:36:15 WARN TaskSchedulerImpl: Initial job has not accepted any resources; check your cluster UI to ensure that workers are registered and have sufficient resources
[2024-12-16T15:36:30.470+0000] {spark_submit.py:579} INFO - 24/12/16 15:36:30 WARN TaskSchedulerImpl: Initial job has not accepted any resources; check your cluster UI to ensure that workers are registered and have sufficient resources
[2024-12-16T15:36:45.460+0000] {spark_submit.py:579} INFO - 24/12/16 15:36:45 WARN TaskSchedulerImpl: Initial job has not accepted any resources; check your cluster UI to ensure that workers are registered and have sufficient resources
[2024-12-16T15:37:00.460+0000] {spark_submit.py:579} INFO - 24/12/16 15:37:00 WARN TaskSchedulerImpl: Initial job has not accepted any resources; check your cluster UI to ensure that workers are registered and have sufficient resources
[2024-12-16T15:37:15.464+0000] {spark_submit.py:579} INFO - 24/12/16 15:37:15 WARN TaskSchedulerImpl: Initial job has not accepted any resources; check your cluster UI to ensure that workers are registered and have sufficient resources
[2024-12-16T15:37:30.459+0000] {spark_submit.py:579} INFO - 24/12/16 15:37:30 WARN TaskSchedulerImpl: Initial job has not accepted any resources; check your cluster UI to ensure that workers are registered and have sufficient resources
[2024-12-16T15:37:45.459+0000] {spark_submit.py:579} INFO - 24/12/16 15:37:45 WARN TaskSchedulerImpl: Initial job has not accepted any resources; check your cluster UI to ensure that workers are registered and have sufficient resources
[2024-12-16T15:37:52.816+0000] {spark_submit.py:579} INFO - 24/12/16 15:37:52 INFO StandaloneAppClient$ClientEndpoint: Executor added: app-20241216153546-0046/0 on worker-20241216141212-172.18.0.9-45515 (172.18.0.9:45515) with 2 core(s)
[2024-12-16T15:37:52.825+0000] {spark_submit.py:579} INFO - 24/12/16 15:37:52 INFO StandaloneSchedulerBackend: Granted executor ID app-20241216153546-0046/0 on hostPort 172.18.0.9:45515 with 2 core(s), 2.0 GiB RAM
[2024-12-16T15:37:53.043+0000] {spark_submit.py:579} INFO - 24/12/16 15:37:53 INFO StandaloneAppClient$ClientEndpoint: Executor updated: app-20241216153546-0046/0 is now RUNNING
[2024-12-16T15:37:55.114+0000] {spark_submit.py:579} INFO - 24/12/16 15:37:55 INFO CoarseGrainedSchedulerBackend$DriverEndpoint: Registered executor NettyRpcEndpointRef(spark-client://Executor) (172.18.0.9:56308) with ID 0,  ResourceProfileId 0
[2024-12-16T15:37:55.170+0000] {spark_submit.py:579} INFO - 24/12/16 15:37:55 INFO BlockManagerMasterEndpoint: Registering block manager 172.18.0.9:46141 with 1048.8 MiB RAM, BlockManagerId(0, 172.18.0.9, 46141, None)
[2024-12-16T15:37:56.869+0000] {spark_submit.py:579} INFO - 24/12/16 15:37:56 INFO TaskSetManager: Starting task 0.0 in stage 0.0 (TID 0) (172.18.0.9, executor 0, partition 0, PROCESS_LOCAL, 4912 bytes) taskResourceAssignments Map()
[2024-12-16T15:37:56.873+0000] {spark_submit.py:579} INFO - 24/12/16 15:37:56 INFO TaskSetManager: Starting task 1.0 in stage 0.0 (TID 1) (172.18.0.9, executor 0, partition 1, PROCESS_LOCAL, 4912 bytes) taskResourceAssignments Map()
[2024-12-16T15:37:57.066+0000] {spark_submit.py:579} INFO - 24/12/16 15:37:57 INFO BlockManagerInfo: Added broadcast_1_piece0 in memory on 172.18.0.9:46141 (size: 133.0 KiB, free: 1048.7 MiB)
[2024-12-16T15:37:58.110+0000] {spark_submit.py:579} INFO - 24/12/16 15:37:58 INFO BlockManagerInfo: Added broadcast_0_piece0 in memory on 172.18.0.9:46141 (size: 36.6 KiB, free: 1048.6 MiB)
[2024-12-16T15:37:59.464+0000] {spark_submit.py:579} INFO - 24/12/16 15:37:59 INFO TaskSetManager: Finished task 1.0 in stage 0.0 (TID 1) in 2590 ms on 172.18.0.9 (executor 0) (1/2)
[2024-12-16T15:38:02.878+0000] {spark_submit.py:579} INFO - 24/12/16 15:38:02 INFO TaskSetManager: Finished task 0.0 in stage 0.0 (TID 0) in 6020 ms on 172.18.0.9 (executor 0) (2/2)
[2024-12-16T15:38:02.880+0000] {spark_submit.py:579} INFO - 24/12/16 15:38:02 INFO TaskSchedulerImpl: Removed TaskSet 0.0, whose tasks have all completed, from pool
[2024-12-16T15:38:02.881+0000] {spark_submit.py:579} INFO - 24/12/16 15:38:02 INFO DAGScheduler: ResultStage 0 (save at NativeMethodAccessorImpl.java:0) finished in 122.640 s
[2024-12-16T15:38:02.885+0000] {spark_submit.py:579} INFO - 24/12/16 15:38:02 INFO DAGScheduler: Job 0 is finished. Cancelling potential speculative or zombie tasks for this job
[2024-12-16T15:38:02.885+0000] {spark_submit.py:579} INFO - 24/12/16 15:38:02 INFO TaskSchedulerImpl: Killing all running tasks in stage 0: Stage finished
[2024-12-16T15:38:02.887+0000] {spark_submit.py:579} INFO - 24/12/16 15:38:02 INFO DAGScheduler: Job 0 finished: save at NativeMethodAccessorImpl.java:0, took 122.696030 s
[2024-12-16T15:38:02.890+0000] {spark_submit.py:579} INFO - 24/12/16 15:38:02 INFO FileFormatWriter: Start to commit write Job 13c281bf-e95b-405b-a86b-d0b98f3b5b76.
[2024-12-16T15:38:02.892+0000] {spark_submit.py:579} INFO - 24/12/16 15:38:02 INFO FileFormatWriter: Write Job 13c281bf-e95b-405b-a86b-d0b98f3b5b76 committed. Elapsed time: 0 ms.
[2024-12-16T15:38:02.896+0000] {spark_submit.py:579} INFO - 24/12/16 15:38:02 INFO FileFormatWriter: Finished processing stats for write job 13c281bf-e95b-405b-a86b-d0b98f3b5b76.
[2024-12-16T15:38:03.825+0000] {spark_submit.py:579} INFO - 24/12/16 15:38:03 INFO BlockManagerInfo: Removed broadcast_1_piece0 on a2b73f6a4b3a:36543 in memory (size: 133.0 KiB, free: 434.4 MiB)
[2024-12-16T15:38:03.830+0000] {spark_submit.py:579} INFO - 24/12/16 15:38:03 INFO BlockManagerInfo: Removed broadcast_1_piece0 on 172.18.0.9:46141 in memory (size: 133.0 KiB, free: 1048.8 MiB)
[2024-12-16T15:38:04.099+0000] {spark_submit.py:579} INFO - 24/12/16 15:38:04 INFO CodeGenerator: Code generated in 164.600485 ms
[2024-12-16T15:38:04.170+0000] {spark_submit.py:579} INFO - 24/12/16 15:38:04 INFO SparkContext: Starting job: $anonfun$recordDeltaOperationInternal$1 at DatabricksLogging.scala:128
[2024-12-16T15:38:04.171+0000] {spark_submit.py:579} INFO - 24/12/16 15:38:04 INFO DAGScheduler: Job 1 finished: $anonfun$recordDeltaOperationInternal$1 at DatabricksLogging.scala:128, took 0.000365 s
[2024-12-16T15:38:04.223+0000] {spark_submit.py:579} INFO - 24/12/16 15:38:04 INFO OptimisticTransaction: [tableId=b310d492,txnId=7b0167fa] Attempting to commit version 0 with 4 actions with Serializable isolation level
[2024-12-16T15:38:04.454+0000] {spark_submit.py:579} INFO - 24/12/16 15:38:04 INFO DeltaLog: Creating a new snapshot v0 for commit version 0
[2024-12-16T15:38:04.455+0000] {spark_submit.py:579} INFO - 24/12/16 15:38:04 INFO DeltaLog: Loading version 0.
[2024-12-16T15:38:04.479+0000] {spark_submit.py:579} INFO - 24/12/16 15:38:04 INFO Snapshot: [tableId=b310d492-908a-47f5-b76a-b15f94ac4d1e] DELTA: Compute snapshot for version: 0
[2024-12-16T15:38:04.515+0000] {spark_submit.py:579} INFO - 24/12/16 15:38:04 INFO MemoryStore: Block broadcast_2 stored as values in memory (estimated size 204.7 KiB, free 434.0 MiB)
[2024-12-16T15:38:04.526+0000] {spark_submit.py:579} INFO - 24/12/16 15:38:04 INFO MemoryStore: Block broadcast_2_piece0 stored as bytes in memory (estimated size 35.6 KiB, free 433.9 MiB)
[2024-12-16T15:38:04.528+0000] {spark_submit.py:579} INFO - 24/12/16 15:38:04 INFO BlockManagerInfo: Added broadcast_2_piece0 in memory on a2b73f6a4b3a:36543 (size: 35.6 KiB, free: 434.3 MiB)
[2024-12-16T15:38:04.529+0000] {spark_submit.py:579} INFO - 24/12/16 15:38:04 INFO SparkContext: Created broadcast 2 from toString at String.java:2951
[2024-12-16T15:38:04.539+0000] {spark_submit.py:579} INFO - 24/12/16 15:38:04 INFO DeltaLogFileIndex: Created DeltaLogFileIndex(JSON, numFilesInSegment: 1, totalFileSize: 3718)
[2024-12-16T15:38:04.787+0000] {spark_submit.py:579} INFO - 24/12/16 15:38:04 INFO FileSourceStrategy: Pushed Filters:
[2024-12-16T15:38:04.788+0000] {spark_submit.py:579} INFO - 24/12/16 15:38:04 INFO FileSourceStrategy: Post-Scan Filters:
[2024-12-16T15:38:04.789+0000] {spark_submit.py:579} INFO - 24/12/16 15:38:04 INFO FileSourceStrategy: Output Data Schema: struct<txn: struct<appId: string, version: bigint, lastUpdated: bigint ... 1 more fields>, add: struct<path: string, partitionValues: map<string,string>, size: bigint, modificationTime: bigint, dataChange: boolean ... 5 more fields>, remove: struct<path: string, deletionTimestamp: bigint, dataChange: boolean, extendedFileMetadata: boolean, partitionValues: map<string,string> ... 5 more fields>, metaData: struct<id: string, name: string, description: string, format: struct<provider: string, options: map<string,string>>, schemaString: string ... 6 more fields>, protocol: struct<minReaderVersion: int, minWriterVersion: int> ... 5 more fields>
[2024-12-16T15:38:04.996+0000] {spark_submit.py:579} INFO - 24/12/16 15:38:04 INFO CodeGenerator: Code generated in 81.159707 ms
[2024-12-16T15:38:05.000+0000] {spark_submit.py:579} INFO - 24/12/16 15:38:05 INFO MemoryStore: Block broadcast_3 stored as values in memory (estimated size 205.0 KiB, free 433.7 MiB)
[2024-12-16T15:38:05.010+0000] {spark_submit.py:579} INFO - 24/12/16 15:38:05 INFO MemoryStore: Block broadcast_3_piece0 stored as bytes in memory (estimated size 35.7 KiB, free 433.7 MiB)
[2024-12-16T15:38:05.010+0000] {spark_submit.py:579} INFO - 24/12/16 15:38:05 INFO BlockManagerInfo: Added broadcast_3_piece0 in memory on a2b73f6a4b3a:36543 (size: 35.7 KiB, free: 434.3 MiB)
[2024-12-16T15:38:05.012+0000] {spark_submit.py:579} INFO - 24/12/16 15:38:05 INFO SparkContext: Created broadcast 3 from toString at String.java:2951
[2024-12-16T15:38:05.022+0000] {spark_submit.py:579} INFO - 24/12/16 15:38:05 INFO FileSourceScanExec: Planning scan with bin packing, max size: 4194304 bytes, open cost is considered as scanning 4194304 bytes.
[2024-12-16T15:38:05.069+0000] {spark_submit.py:579} INFO - 24/12/16 15:38:05 INFO DAGScheduler: Registering RDD 11 (toString at String.java:2951) as input to shuffle 0
[2024-12-16T15:38:05.074+0000] {spark_submit.py:579} INFO - 24/12/16 15:38:05 INFO DAGScheduler: Got map stage job 2 (toString at String.java:2951) with 1 output partitions
[2024-12-16T15:38:05.075+0000] {spark_submit.py:579} INFO - 24/12/16 15:38:05 INFO DAGScheduler: Final stage: ShuffleMapStage 1 (toString at String.java:2951)
[2024-12-16T15:38:05.076+0000] {spark_submit.py:579} INFO - 24/12/16 15:38:05 INFO DAGScheduler: Parents of final stage: List()
[2024-12-16T15:38:05.076+0000] {spark_submit.py:579} INFO - 24/12/16 15:38:05 INFO DAGScheduler: Missing parents: List()
[2024-12-16T15:38:05.082+0000] {spark_submit.py:579} INFO - 24/12/16 15:38:05 INFO DAGScheduler: Submitting ShuffleMapStage 1 (MapPartitionsRDD[11] at toString at String.java:2951), which has no missing parents
[2024-12-16T15:38:05.113+0000] {spark_submit.py:579} INFO - 24/12/16 15:38:05 INFO MemoryStore: Block broadcast_4 stored as values in memory (estimated size 124.3 KiB, free 433.6 MiB)
[2024-12-16T15:38:05.129+0000] {spark_submit.py:579} INFO - 24/12/16 15:38:05 INFO MemoryStore: Block broadcast_4_piece0 stored as bytes in memory (estimated size 35.1 KiB, free 433.5 MiB)
[2024-12-16T15:38:05.131+0000] {spark_submit.py:579} INFO - 24/12/16 15:38:05 INFO BlockManagerInfo: Added broadcast_4_piece0 in memory on a2b73f6a4b3a:36543 (size: 35.1 KiB, free: 434.3 MiB)
[2024-12-16T15:38:05.132+0000] {spark_submit.py:579} INFO - 24/12/16 15:38:05 INFO SparkContext: Created broadcast 4 from broadcast at DAGScheduler.scala:1513
[2024-12-16T15:38:05.133+0000] {spark_submit.py:579} INFO - 24/12/16 15:38:05 INFO DAGScheduler: Submitting 1 missing tasks from ShuffleMapStage 1 (MapPartitionsRDD[11] at toString at String.java:2951) (first 15 tasks are for partitions Vector(0))
[2024-12-16T15:38:05.134+0000] {spark_submit.py:579} INFO - 24/12/16 15:38:05 INFO TaskSchedulerImpl: Adding task set 1.0 with 1 tasks resource profile 0
[2024-12-16T15:38:05.136+0000] {spark_submit.py:579} INFO - 24/12/16 15:38:05 INFO TaskSetManager: Starting task 0.0 in stage 1.0 (TID 2) (172.18.0.9, executor 0, partition 0, PROCESS_LOCAL, 4930 bytes) taskResourceAssignments Map()
[2024-12-16T15:38:05.211+0000] {spark_submit.py:579} INFO - 24/12/16 15:38:05 INFO BlockManagerInfo: Added broadcast_4_piece0 in memory on 172.18.0.9:46141 (size: 35.1 KiB, free: 1048.7 MiB)
[2024-12-16T15:38:05.581+0000] {spark_submit.py:579} INFO - 24/12/16 15:38:05 INFO BlockManagerInfo: Added broadcast_3_piece0 in memory on 172.18.0.9:46141 (size: 35.7 KiB, free: 1048.7 MiB)
[2024-12-16T15:38:05.695+0000] {spark_submit.py:579} INFO - 24/12/16 15:38:05 INFO TaskSetManager: Finished task 0.0 in stage 1.0 (TID 2) in 560 ms on 172.18.0.9 (executor 0) (1/1)
[2024-12-16T15:38:05.696+0000] {spark_submit.py:579} INFO - 24/12/16 15:38:05 INFO TaskSchedulerImpl: Removed TaskSet 1.0, whose tasks have all completed, from pool
[2024-12-16T15:38:05.698+0000] {spark_submit.py:579} INFO - 24/12/16 15:38:05 INFO DAGScheduler: ShuffleMapStage 1 (toString at String.java:2951) finished in 0.609 s
[2024-12-16T15:38:05.699+0000] {spark_submit.py:579} INFO - 24/12/16 15:38:05 INFO DAGScheduler: looking for newly runnable stages
[2024-12-16T15:38:05.699+0000] {spark_submit.py:579} INFO - 24/12/16 15:38:05 INFO DAGScheduler: running: Set()
[2024-12-16T15:38:05.700+0000] {spark_submit.py:579} INFO - 24/12/16 15:38:05 INFO DAGScheduler: waiting: Set()
[2024-12-16T15:38:05.700+0000] {spark_submit.py:579} INFO - 24/12/16 15:38:05 INFO DAGScheduler: failed: Set()
[2024-12-16T15:38:05.912+0000] {spark_submit.py:579} INFO - 24/12/16 15:38:05 INFO BlockManagerInfo: Removed broadcast_4_piece0 on a2b73f6a4b3a:36543 in memory (size: 35.1 KiB, free: 434.3 MiB)
[2024-12-16T15:38:05.926+0000] {spark_submit.py:579} INFO - 24/12/16 15:38:05 INFO BlockManagerInfo: Removed broadcast_4_piece0 on 172.18.0.9:46141 in memory (size: 35.1 KiB, free: 1048.7 MiB)
[2024-12-16T15:38:05.983+0000] {spark_submit.py:579} INFO - 24/12/16 15:38:05 INFO CodeGenerator: Generated method too long to be JIT compiled: org.apache.spark.sql.catalyst.expressions.GeneratedClass$GeneratedIteratorForCodegenStage3.serializefromobject_doConsume_0$ is 14899 bytes
[2024-12-16T15:38:05.984+0000] {spark_submit.py:579} INFO - 24/12/16 15:38:05 INFO CodeGenerator: Code generated in 146.708417 ms
[2024-12-16T15:38:06.027+0000] {spark_submit.py:579} INFO - 24/12/16 15:38:06 INFO CodeGenerator: Code generated in 28.569351 ms
[2024-12-16T15:38:06.282+0000] {spark_submit.py:579} INFO - 24/12/16 15:38:06 INFO CodeGenerator: Code generated in 35.640934 ms
[2024-12-16T15:38:06.294+0000] {spark_submit.py:579} INFO - 24/12/16 15:38:06 INFO DAGScheduler: Registering RDD 21 (toString at String.java:2951) as input to shuffle 1
[2024-12-16T15:38:06.295+0000] {spark_submit.py:579} INFO - 24/12/16 15:38:06 INFO DAGScheduler: Got map stage job 3 (toString at String.java:2951) with 50 output partitions
[2024-12-16T15:38:06.297+0000] {spark_submit.py:579} INFO - 24/12/16 15:38:06 INFO DAGScheduler: Final stage: ShuffleMapStage 3 (toString at String.java:2951)
[2024-12-16T15:38:06.297+0000] {spark_submit.py:579} INFO - 24/12/16 15:38:06 INFO DAGScheduler: Parents of final stage: List(ShuffleMapStage 2)
[2024-12-16T15:38:06.298+0000] {spark_submit.py:579} INFO - 24/12/16 15:38:06 INFO DAGScheduler: Missing parents: List()
[2024-12-16T15:38:06.299+0000] {spark_submit.py:579} INFO - 24/12/16 15:38:06 INFO DAGScheduler: Submitting ShuffleMapStage 3 (MapPartitionsRDD[21] at toString at String.java:2951), which has no missing parents
[2024-12-16T15:38:06.392+0000] {spark_submit.py:579} INFO - 24/12/16 15:38:06 INFO MemoryStore: Block broadcast_5 stored as values in memory (estimated size 426.3 KiB, free 433.3 MiB)
[2024-12-16T15:38:06.402+0000] {spark_submit.py:579} INFO - 24/12/16 15:38:06 INFO MemoryStore: Block broadcast_5_piece0 stored as bytes in memory (estimated size 102.6 KiB, free 433.2 MiB)
[2024-12-16T15:38:06.403+0000] {spark_submit.py:579} INFO - 24/12/16 15:38:06 INFO BlockManagerInfo: Added broadcast_5_piece0 in memory on a2b73f6a4b3a:36543 (size: 102.6 KiB, free: 434.2 MiB)
[2024-12-16T15:38:06.405+0000] {spark_submit.py:579} INFO - 24/12/16 15:38:06 INFO SparkContext: Created broadcast 5 from broadcast at DAGScheduler.scala:1513
[2024-12-16T15:38:06.406+0000] {spark_submit.py:579} INFO - 24/12/16 15:38:06 INFO DAGScheduler: Submitting 50 missing tasks from ShuffleMapStage 3 (MapPartitionsRDD[21] at toString at String.java:2951) (first 15 tasks are for partitions Vector(0, 1, 2, 3, 4, 5, 6, 7, 8, 9, 10, 11, 12, 13, 14))
[2024-12-16T15:38:06.407+0000] {spark_submit.py:579} INFO - 24/12/16 15:38:06 INFO TaskSchedulerImpl: Adding task set 3.0 with 50 tasks resource profile 0
[2024-12-16T15:38:06.412+0000] {spark_submit.py:579} INFO - 24/12/16 15:38:06 INFO TaskSetManager: Starting task 42.0 in stage 3.0 (TID 3) (172.18.0.9, executor 0, partition 42, NODE_LOCAL, 4446 bytes) taskResourceAssignments Map()
[2024-12-16T15:38:06.413+0000] {spark_submit.py:579} INFO - 24/12/16 15:38:06 INFO TaskSetManager: Starting task 44.0 in stage 3.0 (TID 4) (172.18.0.9, executor 0, partition 44, NODE_LOCAL, 4446 bytes) taskResourceAssignments Map()
[2024-12-16T15:38:06.432+0000] {spark_submit.py:579} INFO - 24/12/16 15:38:06 INFO BlockManagerInfo: Added broadcast_5_piece0 in memory on 172.18.0.9:46141 (size: 102.6 KiB, free: 1048.6 MiB)
[2024-12-16T15:38:06.621+0000] {spark_submit.py:579} INFO - 24/12/16 15:38:06 INFO MapOutputTrackerMasterEndpoint: Asked to send map output locations for shuffle 0 to 172.18.0.9:56308
[2024-12-16T15:38:07.052+0000] {spark_submit.py:579} INFO - 24/12/16 15:38:07 INFO BlockManagerInfo: Added rdd_18_44 in memory on 172.18.0.9:46141 (size: 1183.0 B, free: 1048.6 MiB)
[2024-12-16T15:38:07.053+0000] {spark_submit.py:579} INFO - 24/12/16 15:38:07 INFO BlockManagerInfo: Added rdd_18_42 in memory on 172.18.0.9:46141 (size: 668.0 B, free: 1048.6 MiB)
[2024-12-16T15:38:07.218+0000] {spark_submit.py:579} INFO - 24/12/16 15:38:07 INFO TaskSetManager: Starting task 0.0 in stage 3.0 (TID 5) (172.18.0.9, executor 0, partition 0, PROCESS_LOCAL, 4446 bytes) taskResourceAssignments Map()
[2024-12-16T15:38:07.219+0000] {spark_submit.py:579} INFO - 24/12/16 15:38:07 INFO TaskSetManager: Finished task 44.0 in stage 3.0 (TID 4) in 806 ms on 172.18.0.9 (executor 0) (1/50)
[2024-12-16T15:38:07.222+0000] {spark_submit.py:579} INFO - 24/12/16 15:38:07 INFO TaskSetManager: Starting task 1.0 in stage 3.0 (TID 6) (172.18.0.9, executor 0, partition 1, PROCESS_LOCAL, 4446 bytes) taskResourceAssignments Map()
[2024-12-16T15:38:07.224+0000] {spark_submit.py:579} INFO - 24/12/16 15:38:07 INFO TaskSetManager: Finished task 42.0 in stage 3.0 (TID 3) in 812 ms on 172.18.0.9 (executor 0) (2/50)
[2024-12-16T15:38:07.289+0000] {spark_submit.py:579} INFO - 24/12/16 15:38:07 INFO BlockManagerInfo: Added rdd_18_1 in memory on 172.18.0.9:46141 (size: 46.0 B, free: 1048.6 MiB)
[2024-12-16T15:38:07.293+0000] {spark_submit.py:579} INFO - 24/12/16 15:38:07 INFO BlockManagerInfo: Added rdd_18_0 in memory on 172.18.0.9:46141 (size: 46.0 B, free: 1048.6 MiB)
[2024-12-16T15:38:07.329+0000] {spark_submit.py:579} INFO - 24/12/16 15:38:07 INFO TaskSetManager: Starting task 2.0 in stage 3.0 (TID 7) (172.18.0.9, executor 0, partition 2, PROCESS_LOCAL, 4446 bytes) taskResourceAssignments Map()
[2024-12-16T15:38:07.330+0000] {spark_submit.py:579} INFO - 24/12/16 15:38:07 INFO TaskSetManager: Finished task 0.0 in stage 3.0 (TID 5) in 111 ms on 172.18.0.9 (executor 0) (3/50)
[2024-12-16T15:38:07.331+0000] {spark_submit.py:579} INFO - 24/12/16 15:38:07 INFO TaskSetManager: Starting task 3.0 in stage 3.0 (TID 8) (172.18.0.9, executor 0, partition 3, PROCESS_LOCAL, 4446 bytes) taskResourceAssignments Map()
[2024-12-16T15:38:07.332+0000] {spark_submit.py:579} INFO - 24/12/16 15:38:07 INFO TaskSetManager: Finished task 1.0 in stage 3.0 (TID 6) in 111 ms on 172.18.0.9 (executor 0) (4/50)
[2024-12-16T15:38:07.394+0000] {spark_submit.py:579} INFO - 24/12/16 15:38:07 INFO BlockManagerInfo: Added rdd_18_2 in memory on 172.18.0.9:46141 (size: 46.0 B, free: 1048.6 MiB)
[2024-12-16T15:38:07.400+0000] {spark_submit.py:579} INFO - 24/12/16 15:38:07 INFO BlockManagerInfo: Added rdd_18_3 in memory on 172.18.0.9:46141 (size: 46.0 B, free: 1048.6 MiB)
[2024-12-16T15:38:07.429+0000] {spark_submit.py:579} INFO - 24/12/16 15:38:07 INFO TaskSetManager: Starting task 4.0 in stage 3.0 (TID 9) (172.18.0.9, executor 0, partition 4, PROCESS_LOCAL, 4446 bytes) taskResourceAssignments Map()
[2024-12-16T15:38:07.433+0000] {spark_submit.py:579} INFO - 24/12/16 15:38:07 INFO TaskSetManager: Finished task 2.0 in stage 3.0 (TID 7) in 102 ms on 172.18.0.9 (executor 0) (5/50)
[2024-12-16T15:38:07.439+0000] {spark_submit.py:579} INFO - 24/12/16 15:38:07 INFO TaskSetManager: Starting task 5.0 in stage 3.0 (TID 10) (172.18.0.9, executor 0, partition 5, PROCESS_LOCAL, 4446 bytes) taskResourceAssignments Map()
[2024-12-16T15:38:07.440+0000] {spark_submit.py:579} INFO - 24/12/16 15:38:07 INFO TaskSetManager: Finished task 3.0 in stage 3.0 (TID 8) in 109 ms on 172.18.0.9 (executor 0) (6/50)
[2024-12-16T15:38:07.495+0000] {spark_submit.py:579} INFO - 24/12/16 15:38:07 INFO BlockManagerInfo: Added rdd_18_4 in memory on 172.18.0.9:46141 (size: 46.0 B, free: 1048.6 MiB)
[2024-12-16T15:38:07.506+0000] {spark_submit.py:579} INFO - 24/12/16 15:38:07 INFO BlockManagerInfo: Added rdd_18_5 in memory on 172.18.0.9:46141 (size: 46.0 B, free: 1048.6 MiB)
[2024-12-16T15:38:07.526+0000] {spark_submit.py:579} INFO - 24/12/16 15:38:07 INFO TaskSetManager: Starting task 6.0 in stage 3.0 (TID 11) (172.18.0.9, executor 0, partition 6, PROCESS_LOCAL, 4446 bytes) taskResourceAssignments Map()
[2024-12-16T15:38:07.527+0000] {spark_submit.py:579} INFO - 24/12/16 15:38:07 INFO TaskSetManager: Finished task 4.0 in stage 3.0 (TID 9) in 98 ms on 172.18.0.9 (executor 0) (7/50)
[2024-12-16T15:38:07.548+0000] {spark_submit.py:579} INFO - 24/12/16 15:38:07 INFO TaskSetManager: Finished task 5.0 in stage 3.0 (TID 10) in 109 ms on 172.18.0.9 (executor 0) (8/50)
[2024-12-16T15:38:07.550+0000] {spark_submit.py:579} INFO - 24/12/16 15:38:07 INFO TaskSetManager: Starting task 7.0 in stage 3.0 (TID 12) (172.18.0.9, executor 0, partition 7, PROCESS_LOCAL, 4446 bytes) taskResourceAssignments Map()
[2024-12-16T15:38:07.591+0000] {spark_submit.py:579} INFO - 24/12/16 15:38:07 INFO BlockManagerInfo: Added rdd_18_6 in memory on 172.18.0.9:46141 (size: 46.0 B, free: 1048.6 MiB)
[2024-12-16T15:38:07.608+0000] {spark_submit.py:579} INFO - 24/12/16 15:38:07 INFO BlockManagerInfo: Added rdd_18_7 in memory on 172.18.0.9:46141 (size: 46.0 B, free: 1048.6 MiB)
[2024-12-16T15:38:07.622+0000] {spark_submit.py:579} INFO - 24/12/16 15:38:07 INFO TaskSetManager: Starting task 8.0 in stage 3.0 (TID 13) (172.18.0.9, executor 0, partition 8, PROCESS_LOCAL, 4446 bytes) taskResourceAssignments Map()
[2024-12-16T15:38:07.623+0000] {spark_submit.py:579} INFO - 24/12/16 15:38:07 INFO TaskSetManager: Finished task 6.0 in stage 3.0 (TID 11) in 99 ms on 172.18.0.9 (executor 0) (9/50)
[2024-12-16T15:38:07.645+0000] {spark_submit.py:579} INFO - 24/12/16 15:38:07 INFO TaskSetManager: Starting task 9.0 in stage 3.0 (TID 14) (172.18.0.9, executor 0, partition 9, PROCESS_LOCAL, 4446 bytes) taskResourceAssignments Map()
[2024-12-16T15:38:07.646+0000] {spark_submit.py:579} INFO - 24/12/16 15:38:07 INFO TaskSetManager: Finished task 7.0 in stage 3.0 (TID 12) in 96 ms on 172.18.0.9 (executor 0) (10/50)
[2024-12-16T15:38:07.688+0000] {spark_submit.py:579} INFO - 24/12/16 15:38:07 INFO BlockManagerInfo: Added rdd_18_8 in memory on 172.18.0.9:46141 (size: 46.0 B, free: 1048.6 MiB)
[2024-12-16T15:38:07.703+0000] {spark_submit.py:579} INFO - 24/12/16 15:38:07 INFO BlockManagerInfo: Added rdd_18_9 in memory on 172.18.0.9:46141 (size: 46.0 B, free: 1048.6 MiB)
[2024-12-16T15:38:07.719+0000] {spark_submit.py:579} INFO - 24/12/16 15:38:07 INFO TaskSetManager: Starting task 10.0 in stage 3.0 (TID 15) (172.18.0.9, executor 0, partition 10, PROCESS_LOCAL, 4446 bytes) taskResourceAssignments Map()
[2024-12-16T15:38:07.720+0000] {spark_submit.py:579} INFO - 24/12/16 15:38:07 INFO TaskSetManager: Finished task 8.0 in stage 3.0 (TID 13) in 98 ms on 172.18.0.9 (executor 0) (11/50)
[2024-12-16T15:38:07.737+0000] {spark_submit.py:579} INFO - 24/12/16 15:38:07 INFO TaskSetManager: Starting task 11.0 in stage 3.0 (TID 16) (172.18.0.9, executor 0, partition 11, PROCESS_LOCAL, 4446 bytes) taskResourceAssignments Map()
[2024-12-16T15:38:07.738+0000] {spark_submit.py:579} INFO - 24/12/16 15:38:07 INFO TaskSetManager: Finished task 9.0 in stage 3.0 (TID 14) in 93 ms on 172.18.0.9 (executor 0) (12/50)
[2024-12-16T15:38:07.784+0000] {spark_submit.py:579} INFO - 24/12/16 15:38:07 INFO BlockManagerInfo: Added rdd_18_10 in memory on 172.18.0.9:46141 (size: 46.0 B, free: 1048.6 MiB)
[2024-12-16T15:38:07.793+0000] {spark_submit.py:579} INFO - 24/12/16 15:38:07 INFO BlockManagerInfo: Added rdd_18_11 in memory on 172.18.0.9:46141 (size: 46.0 B, free: 1048.6 MiB)
[2024-12-16T15:38:07.814+0000] {spark_submit.py:579} INFO - 24/12/16 15:38:07 INFO TaskSetManager: Starting task 12.0 in stage 3.0 (TID 17) (172.18.0.9, executor 0, partition 12, PROCESS_LOCAL, 4446 bytes) taskResourceAssignments Map()
[2024-12-16T15:38:07.815+0000] {spark_submit.py:579} INFO - 24/12/16 15:38:07 INFO TaskSetManager: Finished task 10.0 in stage 3.0 (TID 15) in 96 ms on 172.18.0.9 (executor 0) (13/50)
[2024-12-16T15:38:07.826+0000] {spark_submit.py:579} INFO - 24/12/16 15:38:07 INFO TaskSetManager: Starting task 13.0 in stage 3.0 (TID 18) (172.18.0.9, executor 0, partition 13, PROCESS_LOCAL, 4446 bytes) taskResourceAssignments Map()
[2024-12-16T15:38:07.829+0000] {spark_submit.py:579} INFO - 24/12/16 15:38:07 INFO TaskSetManager: Finished task 11.0 in stage 3.0 (TID 16) in 91 ms on 172.18.0.9 (executor 0) (14/50)
[2024-12-16T15:38:07.878+0000] {spark_submit.py:579} INFO - 24/12/16 15:38:07 INFO BlockManagerInfo: Added rdd_18_12 in memory on 172.18.0.9:46141 (size: 46.0 B, free: 1048.6 MiB)
[2024-12-16T15:38:07.880+0000] {spark_submit.py:579} INFO - 24/12/16 15:38:07 INFO BlockManagerInfo: Added rdd_18_13 in memory on 172.18.0.9:46141 (size: 46.0 B, free: 1048.6 MiB)
[2024-12-16T15:38:07.921+0000] {spark_submit.py:579} INFO - 24/12/16 15:38:07 INFO TaskSetManager: Starting task 14.0 in stage 3.0 (TID 19) (172.18.0.9, executor 0, partition 14, PROCESS_LOCAL, 4446 bytes) taskResourceAssignments Map()
[2024-12-16T15:38:07.923+0000] {spark_submit.py:579} INFO - 24/12/16 15:38:07 INFO TaskSetManager: Finished task 13.0 in stage 3.0 (TID 18) in 95 ms on 172.18.0.9 (executor 0) (15/50)
[2024-12-16T15:38:07.925+0000] {spark_submit.py:579} INFO - 24/12/16 15:38:07 INFO TaskSetManager: Starting task 15.0 in stage 3.0 (TID 20) (172.18.0.9, executor 0, partition 15, PROCESS_LOCAL, 4446 bytes) taskResourceAssignments Map()
[2024-12-16T15:38:07.926+0000] {spark_submit.py:579} INFO - 24/12/16 15:38:07 INFO TaskSetManager: Finished task 12.0 in stage 3.0 (TID 17) in 111 ms on 172.18.0.9 (executor 0) (16/50)
[2024-12-16T15:38:07.969+0000] {spark_submit.py:579} INFO - 24/12/16 15:38:07 INFO BlockManagerInfo: Added rdd_18_15 in memory on 172.18.0.9:46141 (size: 46.0 B, free: 1048.6 MiB)
[2024-12-16T15:38:07.980+0000] {spark_submit.py:579} INFO - 24/12/16 15:38:07 INFO BlockManagerInfo: Added rdd_18_14 in memory on 172.18.0.9:46141 (size: 46.0 B, free: 1048.6 MiB)
[2024-12-16T15:38:07.995+0000] {spark_submit.py:579} INFO - 24/12/16 15:38:07 INFO TaskSetManager: Starting task 16.0 in stage 3.0 (TID 21) (172.18.0.9, executor 0, partition 16, PROCESS_LOCAL, 4446 bytes) taskResourceAssignments Map()
[2024-12-16T15:38:07.997+0000] {spark_submit.py:579} INFO - 24/12/16 15:38:07 INFO TaskSetManager: Finished task 15.0 in stage 3.0 (TID 20) in 73 ms on 172.18.0.9 (executor 0) (17/50)
[2024-12-16T15:38:08.003+0000] {spark_submit.py:579} INFO - 24/12/16 15:38:08 INFO TaskSetManager: Starting task 17.0 in stage 3.0 (TID 22) (172.18.0.9, executor 0, partition 17, PROCESS_LOCAL, 4446 bytes) taskResourceAssignments Map()
[2024-12-16T15:38:08.004+0000] {spark_submit.py:579} INFO - 24/12/16 15:38:08 INFO TaskSetManager: Finished task 14.0 in stage 3.0 (TID 19) in 85 ms on 172.18.0.9 (executor 0) (18/50)
[2024-12-16T15:38:08.037+0000] {spark_submit.py:579} INFO - 24/12/16 15:38:08 INFO BlockManagerInfo: Added rdd_18_16 in memory on 172.18.0.9:46141 (size: 46.0 B, free: 1048.6 MiB)
[2024-12-16T15:38:08.047+0000] {spark_submit.py:579} INFO - 24/12/16 15:38:08 INFO BlockManagerInfo: Added rdd_18_17 in memory on 172.18.0.9:46141 (size: 46.0 B, free: 1048.6 MiB)
[2024-12-16T15:38:08.062+0000] {spark_submit.py:579} INFO - 24/12/16 15:38:08 INFO TaskSetManager: Starting task 18.0 in stage 3.0 (TID 23) (172.18.0.9, executor 0, partition 18, PROCESS_LOCAL, 4446 bytes) taskResourceAssignments Map()
[2024-12-16T15:38:08.064+0000] {spark_submit.py:579} INFO - 24/12/16 15:38:08 INFO TaskSetManager: Finished task 16.0 in stage 3.0 (TID 21) in 68 ms on 172.18.0.9 (executor 0) (19/50)
[2024-12-16T15:38:08.080+0000] {spark_submit.py:579} INFO - 24/12/16 15:38:08 INFO TaskSetManager: Starting task 19.0 in stage 3.0 (TID 24) (172.18.0.9, executor 0, partition 19, PROCESS_LOCAL, 4446 bytes) taskResourceAssignments Map()
[2024-12-16T15:38:08.081+0000] {spark_submit.py:579} INFO - 24/12/16 15:38:08 INFO TaskSetManager: Finished task 17.0 in stage 3.0 (TID 22) in 76 ms on 172.18.0.9 (executor 0) (20/50)
[2024-12-16T15:38:08.116+0000] {spark_submit.py:579} INFO - 24/12/16 15:38:08 INFO BlockManagerInfo: Added rdd_18_18 in memory on 172.18.0.9:46141 (size: 46.0 B, free: 1048.6 MiB)
[2024-12-16T15:38:08.133+0000] {spark_submit.py:579} INFO - 24/12/16 15:38:08 INFO BlockManagerInfo: Added rdd_18_19 in memory on 172.18.0.9:46141 (size: 46.0 B, free: 1048.6 MiB)
[2024-12-16T15:38:08.149+0000] {spark_submit.py:579} INFO - 24/12/16 15:38:08 INFO TaskSetManager: Starting task 20.0 in stage 3.0 (TID 25) (172.18.0.9, executor 0, partition 20, PROCESS_LOCAL, 4446 bytes) taskResourceAssignments Map()
[2024-12-16T15:38:08.151+0000] {spark_submit.py:579} INFO - 24/12/16 15:38:08 INFO TaskSetManager: Finished task 18.0 in stage 3.0 (TID 23) in 88 ms on 172.18.0.9 (executor 0) (21/50)
[2024-12-16T15:38:08.162+0000] {spark_submit.py:579} INFO - 24/12/16 15:38:08 INFO TaskSetManager: Starting task 21.0 in stage 3.0 (TID 26) (172.18.0.9, executor 0, partition 21, PROCESS_LOCAL, 4446 bytes) taskResourceAssignments Map()
[2024-12-16T15:38:08.164+0000] {spark_submit.py:579} INFO - 24/12/16 15:38:08 INFO TaskSetManager: Finished task 19.0 in stage 3.0 (TID 24) in 85 ms on 172.18.0.9 (executor 0) (22/50)
[2024-12-16T15:38:08.204+0000] {spark_submit.py:579} INFO - 24/12/16 15:38:08 INFO BlockManagerInfo: Added rdd_18_20 in memory on 172.18.0.9:46141 (size: 46.0 B, free: 1048.6 MiB)
[2024-12-16T15:38:08.217+0000] {spark_submit.py:579} INFO - 24/12/16 15:38:08 INFO BlockManagerInfo: Added rdd_18_21 in memory on 172.18.0.9:46141 (size: 46.0 B, free: 1048.6 MiB)
[2024-12-16T15:38:08.228+0000] {spark_submit.py:579} INFO - 24/12/16 15:38:08 INFO TaskSetManager: Starting task 22.0 in stage 3.0 (TID 27) (172.18.0.9, executor 0, partition 22, PROCESS_LOCAL, 4446 bytes) taskResourceAssignments Map()
[2024-12-16T15:38:08.232+0000] {spark_submit.py:579} INFO - 24/12/16 15:38:08 INFO TaskSetManager: Finished task 20.0 in stage 3.0 (TID 25) in 80 ms on 172.18.0.9 (executor 0) (23/50)
[2024-12-16T15:38:08.246+0000] {spark_submit.py:579} INFO - 24/12/16 15:38:08 INFO TaskSetManager: Finished task 21.0 in stage 3.0 (TID 26) in 83 ms on 172.18.0.9 (executor 0) (24/50)
[2024-12-16T15:38:08.249+0000] {spark_submit.py:579} INFO - 24/12/16 15:38:08 INFO TaskSetManager: Starting task 23.0 in stage 3.0 (TID 28) (172.18.0.9, executor 0, partition 23, PROCESS_LOCAL, 4446 bytes) taskResourceAssignments Map()
[2024-12-16T15:38:08.278+0000] {spark_submit.py:579} INFO - 24/12/16 15:38:08 INFO BlockManagerInfo: Added rdd_18_22 in memory on 172.18.0.9:46141 (size: 46.0 B, free: 1048.6 MiB)
[2024-12-16T15:38:08.310+0000] {spark_submit.py:579} INFO - 24/12/16 15:38:08 INFO BlockManagerInfo: Added rdd_18_23 in memory on 172.18.0.9:46141 (size: 46.0 B, free: 1048.6 MiB)
[2024-12-16T15:38:08.312+0000] {spark_submit.py:579} INFO - 24/12/16 15:38:08 INFO TaskSetManager: Finished task 22.0 in stage 3.0 (TID 27) in 85 ms on 172.18.0.9 (executor 0) (25/50)
[2024-12-16T15:38:08.314+0000] {spark_submit.py:579} INFO - 24/12/16 15:38:08 INFO TaskSetManager: Starting task 24.0 in stage 3.0 (TID 29) (172.18.0.9, executor 0, partition 24, PROCESS_LOCAL, 4446 bytes) taskResourceAssignments Map()
[2024-12-16T15:38:08.358+0000] {spark_submit.py:579} INFO - 24/12/16 15:38:08 INFO BlockManagerInfo: Added rdd_18_24 in memory on 172.18.0.9:46141 (size: 46.0 B, free: 1048.6 MiB)
[2024-12-16T15:38:08.365+0000] {spark_submit.py:579} INFO - 24/12/16 15:38:08 INFO TaskSetManager: Starting task 25.0 in stage 3.0 (TID 30) (172.18.0.9, executor 0, partition 25, PROCESS_LOCAL, 4446 bytes) taskResourceAssignments Map()
[2024-12-16T15:38:08.366+0000] {spark_submit.py:579} INFO - 24/12/16 15:38:08 INFO TaskSetManager: Finished task 23.0 in stage 3.0 (TID 28) in 117 ms on 172.18.0.9 (executor 0) (26/50)
[2024-12-16T15:38:08.393+0000] {spark_submit.py:579} INFO - 24/12/16 15:38:08 INFO TaskSetManager: Starting task 26.0 in stage 3.0 (TID 31) (172.18.0.9, executor 0, partition 26, PROCESS_LOCAL, 4446 bytes) taskResourceAssignments Map()
[2024-12-16T15:38:08.395+0000] {spark_submit.py:579} INFO - 24/12/16 15:38:08 INFO TaskSetManager: Finished task 24.0 in stage 3.0 (TID 29) in 81 ms on 172.18.0.9 (executor 0) (27/50)
[2024-12-16T15:38:08.421+0000] {spark_submit.py:579} INFO - 24/12/16 15:38:08 INFO BlockManagerInfo: Added rdd_18_25 in memory on 172.18.0.9:46141 (size: 46.0 B, free: 1048.6 MiB)
[2024-12-16T15:38:08.438+0000] {spark_submit.py:579} INFO - 24/12/16 15:38:08 INFO BlockManagerInfo: Added rdd_18_26 in memory on 172.18.0.9:46141 (size: 46.0 B, free: 1048.6 MiB)
[2024-12-16T15:38:08.458+0000] {spark_submit.py:579} INFO - 24/12/16 15:38:08 INFO TaskSetManager: Starting task 27.0 in stage 3.0 (TID 32) (172.18.0.9, executor 0, partition 27, PROCESS_LOCAL, 4446 bytes) taskResourceAssignments Map()
[2024-12-16T15:38:08.463+0000] {spark_submit.py:579} INFO - 24/12/16 15:38:08 INFO TaskSetManager: Finished task 25.0 in stage 3.0 (TID 30) in 86 ms on 172.18.0.9 (executor 0) (28/50)
[2024-12-16T15:38:08.473+0000] {spark_submit.py:579} INFO - 24/12/16 15:38:08 INFO TaskSetManager: Finished task 26.0 in stage 3.0 (TID 31) in 79 ms on 172.18.0.9 (executor 0) (29/50)
[2024-12-16T15:38:08.474+0000] {spark_submit.py:579} INFO - 24/12/16 15:38:08 INFO TaskSetManager: Starting task 28.0 in stage 3.0 (TID 33) (172.18.0.9, executor 0, partition 28, PROCESS_LOCAL, 4446 bytes) taskResourceAssignments Map()
[2024-12-16T15:38:08.522+0000] {spark_submit.py:579} INFO - 24/12/16 15:38:08 INFO BlockManagerInfo: Added rdd_18_27 in memory on 172.18.0.9:46141 (size: 46.0 B, free: 1048.6 MiB)
[2024-12-16T15:38:08.526+0000] {spark_submit.py:579} INFO - 24/12/16 15:38:08 INFO BlockManagerInfo: Added rdd_18_28 in memory on 172.18.0.9:46141 (size: 46.0 B, free: 1048.6 MiB)
[2024-12-16T15:38:08.539+0000] {spark_submit.py:579} INFO - 24/12/16 15:38:08 INFO TaskSetManager: Starting task 29.0 in stage 3.0 (TID 34) (172.18.0.9, executor 0, partition 29, PROCESS_LOCAL, 4446 bytes) taskResourceAssignments Map()
[2024-12-16T15:38:08.547+0000] {spark_submit.py:579} INFO - 24/12/16 15:38:08 INFO TaskSetManager: Finished task 27.0 in stage 3.0 (TID 32) in 98 ms on 172.18.0.9 (executor 0) (30/50)
[2024-12-16T15:38:08.554+0000] {spark_submit.py:579} INFO - 24/12/16 15:38:08 INFO TaskSetManager: Starting task 30.0 in stage 3.0 (TID 35) (172.18.0.9, executor 0, partition 30, PROCESS_LOCAL, 4446 bytes) taskResourceAssignments Map()
[2024-12-16T15:38:08.559+0000] {spark_submit.py:579} INFO - 24/12/16 15:38:08 INFO TaskSetManager: Finished task 28.0 in stage 3.0 (TID 33) in 76 ms on 172.18.0.9 (executor 0) (31/50)
[2024-12-16T15:38:08.599+0000] {spark_submit.py:579} INFO - 24/12/16 15:38:08 INFO BlockManagerInfo: Added rdd_18_29 in memory on 172.18.0.9:46141 (size: 46.0 B, free: 1048.6 MiB)
[2024-12-16T15:38:08.616+0000] {spark_submit.py:579} INFO - 24/12/16 15:38:08 INFO BlockManagerInfo: Added rdd_18_30 in memory on 172.18.0.9:46141 (size: 46.0 B, free: 1048.6 MiB)
[2024-12-16T15:38:08.643+0000] {spark_submit.py:579} INFO - 24/12/16 15:38:08 INFO TaskSetManager: Starting task 31.0 in stage 3.0 (TID 36) (172.18.0.9, executor 0, partition 31, PROCESS_LOCAL, 4446 bytes) taskResourceAssignments Map()
[2024-12-16T15:38:08.645+0000] {spark_submit.py:579} INFO - 24/12/16 15:38:08 INFO TaskSetManager: Starting task 32.0 in stage 3.0 (TID 37) (172.18.0.9, executor 0, partition 32, PROCESS_LOCAL, 4446 bytes) taskResourceAssignments Map()
[2024-12-16T15:38:08.652+0000] {spark_submit.py:579} INFO - 24/12/16 15:38:08 INFO TaskSetManager: Finished task 30.0 in stage 3.0 (TID 35) in 90 ms on 172.18.0.9 (executor 0) (32/50)
[2024-12-16T15:38:08.653+0000] {spark_submit.py:579} INFO - 24/12/16 15:38:08 INFO TaskSetManager: Finished task 29.0 in stage 3.0 (TID 34) in 103 ms on 172.18.0.9 (executor 0) (33/50)
[2024-12-16T15:38:08.705+0000] {spark_submit.py:579} INFO - 24/12/16 15:38:08 INFO BlockManagerInfo: Added rdd_18_32 in memory on 172.18.0.9:46141 (size: 46.0 B, free: 1048.6 MiB)
[2024-12-16T15:38:08.714+0000] {spark_submit.py:579} INFO - 24/12/16 15:38:08 INFO BlockManagerInfo: Added rdd_18_31 in memory on 172.18.0.9:46141 (size: 46.0 B, free: 1048.6 MiB)
[2024-12-16T15:38:08.724+0000] {spark_submit.py:579} INFO - 24/12/16 15:38:08 INFO TaskSetManager: Starting task 33.0 in stage 3.0 (TID 38) (172.18.0.9, executor 0, partition 33, PROCESS_LOCAL, 4446 bytes) taskResourceAssignments Map()
[2024-12-16T15:38:08.725+0000] {spark_submit.py:579} INFO - 24/12/16 15:38:08 INFO TaskSetManager: Finished task 32.0 in stage 3.0 (TID 37) in 86 ms on 172.18.0.9 (executor 0) (34/50)
[2024-12-16T15:38:08.734+0000] {spark_submit.py:579} INFO - 24/12/16 15:38:08 INFO TaskSetManager: Starting task 34.0 in stage 3.0 (TID 39) (172.18.0.9, executor 0, partition 34, PROCESS_LOCAL, 4446 bytes) taskResourceAssignments Map()
[2024-12-16T15:38:08.735+0000] {spark_submit.py:579} INFO - 24/12/16 15:38:08 INFO TaskSetManager: Finished task 31.0 in stage 3.0 (TID 36) in 98 ms on 172.18.0.9 (executor 0) (35/50)
[2024-12-16T15:38:08.759+0000] {spark_submit.py:579} INFO - 24/12/16 15:38:08 INFO BlockManagerInfo: Added rdd_18_33 in memory on 172.18.0.9:46141 (size: 46.0 B, free: 1048.6 MiB)
[2024-12-16T15:38:08.768+0000] {spark_submit.py:579} INFO - 24/12/16 15:38:08 INFO BlockManagerInfo: Added rdd_18_34 in memory on 172.18.0.9:46141 (size: 46.0 B, free: 1048.6 MiB)
[2024-12-16T15:38:08.779+0000] {spark_submit.py:579} INFO - 24/12/16 15:38:08 INFO TaskSetManager: Starting task 35.0 in stage 3.0 (TID 40) (172.18.0.9, executor 0, partition 35, PROCESS_LOCAL, 4446 bytes) taskResourceAssignments Map()
[2024-12-16T15:38:08.780+0000] {spark_submit.py:579} INFO - 24/12/16 15:38:08 INFO TaskSetManager: Finished task 33.0 in stage 3.0 (TID 38) in 56 ms on 172.18.0.9 (executor 0) (36/50)
[2024-12-16T15:38:08.788+0000] {spark_submit.py:579} INFO - 24/12/16 15:38:08 INFO TaskSetManager: Starting task 36.0 in stage 3.0 (TID 41) (172.18.0.9, executor 0, partition 36, PROCESS_LOCAL, 4446 bytes) taskResourceAssignments Map()
[2024-12-16T15:38:08.789+0000] {spark_submit.py:579} INFO - 24/12/16 15:38:08 INFO TaskSetManager: Finished task 34.0 in stage 3.0 (TID 39) in 56 ms on 172.18.0.9 (executor 0) (37/50)
[2024-12-16T15:38:08.814+0000] {spark_submit.py:579} INFO - 24/12/16 15:38:08 INFO BlockManagerInfo: Added rdd_18_35 in memory on 172.18.0.9:46141 (size: 46.0 B, free: 1048.6 MiB)
[2024-12-16T15:38:08.822+0000] {spark_submit.py:579} INFO - 24/12/16 15:38:08 INFO BlockManagerInfo: Added rdd_18_36 in memory on 172.18.0.9:46141 (size: 46.0 B, free: 1048.6 MiB)
[2024-12-16T15:38:08.834+0000] {spark_submit.py:579} INFO - 24/12/16 15:38:08 INFO TaskSetManager: Starting task 37.0 in stage 3.0 (TID 42) (172.18.0.9, executor 0, partition 37, PROCESS_LOCAL, 4446 bytes) taskResourceAssignments Map()
[2024-12-16T15:38:08.836+0000] {spark_submit.py:579} INFO - 24/12/16 15:38:08 INFO TaskSetManager: Finished task 35.0 in stage 3.0 (TID 40) in 57 ms on 172.18.0.9 (executor 0) (38/50)
[2024-12-16T15:38:08.842+0000] {spark_submit.py:579} INFO - 24/12/16 15:38:08 INFO TaskSetManager: Starting task 38.0 in stage 3.0 (TID 43) (172.18.0.9, executor 0, partition 38, PROCESS_LOCAL, 4446 bytes) taskResourceAssignments Map()
[2024-12-16T15:38:08.844+0000] {spark_submit.py:579} INFO - 24/12/16 15:38:08 INFO TaskSetManager: Finished task 36.0 in stage 3.0 (TID 41) in 55 ms on 172.18.0.9 (executor 0) (39/50)
[2024-12-16T15:38:08.872+0000] {spark_submit.py:579} INFO - 24/12/16 15:38:08 INFO BlockManagerInfo: Added rdd_18_38 in memory on 172.18.0.9:46141 (size: 46.0 B, free: 1048.6 MiB)
[2024-12-16T15:38:08.875+0000] {spark_submit.py:579} INFO - 24/12/16 15:38:08 INFO BlockManagerInfo: Added rdd_18_37 in memory on 172.18.0.9:46141 (size: 46.0 B, free: 1048.6 MiB)
[2024-12-16T15:38:08.891+0000] {spark_submit.py:579} INFO - 24/12/16 15:38:08 INFO TaskSetManager: Starting task 39.0 in stage 3.0 (TID 44) (172.18.0.9, executor 0, partition 39, PROCESS_LOCAL, 4446 bytes) taskResourceAssignments Map()
[2024-12-16T15:38:08.892+0000] {spark_submit.py:579} INFO - 24/12/16 15:38:08 INFO TaskSetManager: Finished task 37.0 in stage 3.0 (TID 42) in 58 ms on 172.18.0.9 (executor 0) (40/50)
[2024-12-16T15:38:08.893+0000] {spark_submit.py:579} INFO - 24/12/16 15:38:08 INFO TaskSetManager: Finished task 38.0 in stage 3.0 (TID 43) in 51 ms on 172.18.0.9 (executor 0) (41/50)
[2024-12-16T15:38:08.894+0000] {spark_submit.py:579} INFO - 24/12/16 15:38:08 INFO TaskSetManager: Starting task 40.0 in stage 3.0 (TID 45) (172.18.0.9, executor 0, partition 40, PROCESS_LOCAL, 4446 bytes) taskResourceAssignments Map()
[2024-12-16T15:38:08.927+0000] {spark_submit.py:579} INFO - 24/12/16 15:38:08 INFO BlockManagerInfo: Added rdd_18_39 in memory on 172.18.0.9:46141 (size: 46.0 B, free: 1048.6 MiB)
[2024-12-16T15:38:08.928+0000] {spark_submit.py:579} INFO - 24/12/16 15:38:08 INFO BlockManagerInfo: Added rdd_18_40 in memory on 172.18.0.9:46141 (size: 46.0 B, free: 1048.6 MiB)
[2024-12-16T15:38:08.948+0000] {spark_submit.py:579} INFO - 24/12/16 15:38:08 INFO TaskSetManager: Starting task 41.0 in stage 3.0 (TID 46) (172.18.0.9, executor 0, partition 41, PROCESS_LOCAL, 4446 bytes) taskResourceAssignments Map()
[2024-12-16T15:38:08.948+0000] {spark_submit.py:579} INFO - 24/12/16 15:38:08 INFO TaskSetManager: Finished task 39.0 in stage 3.0 (TID 44) in 57 ms on 172.18.0.9 (executor 0) (42/50)
[2024-12-16T15:38:08.950+0000] {spark_submit.py:579} INFO - 24/12/16 15:38:08 INFO TaskSetManager: Finished task 40.0 in stage 3.0 (TID 45) in 56 ms on 172.18.0.9 (executor 0) (43/50)
[2024-12-16T15:38:08.951+0000] {spark_submit.py:579} INFO - 24/12/16 15:38:08 INFO TaskSetManager: Starting task 43.0 in stage 3.0 (TID 47) (172.18.0.9, executor 0, partition 43, PROCESS_LOCAL, 4446 bytes) taskResourceAssignments Map()
[2024-12-16T15:38:08.984+0000] {spark_submit.py:579} INFO - 24/12/16 15:38:08 INFO BlockManagerInfo: Added rdd_18_43 in memory on 172.18.0.9:46141 (size: 46.0 B, free: 1048.6 MiB)
[2024-12-16T15:38:08.985+0000] {spark_submit.py:579} INFO - 24/12/16 15:38:08 INFO BlockManagerInfo: Added rdd_18_41 in memory on 172.18.0.9:46141 (size: 46.0 B, free: 1048.6 MiB)
[2024-12-16T15:38:09.000+0000] {spark_submit.py:579} INFO - 24/12/16 15:38:09 INFO TaskSetManager: Starting task 45.0 in stage 3.0 (TID 48) (172.18.0.9, executor 0, partition 45, PROCESS_LOCAL, 4446 bytes) taskResourceAssignments Map()
[2024-12-16T15:38:09.002+0000] {spark_submit.py:579} INFO - 24/12/16 15:38:09 INFO TaskSetManager: Finished task 41.0 in stage 3.0 (TID 46) in 53 ms on 172.18.0.9 (executor 0) (44/50)
[2024-12-16T15:38:09.003+0000] {spark_submit.py:579} INFO - 24/12/16 15:38:09 INFO TaskSetManager: Finished task 43.0 in stage 3.0 (TID 47) in 51 ms on 172.18.0.9 (executor 0) (45/50)
[2024-12-16T15:38:09.003+0000] {spark_submit.py:579} INFO - 24/12/16 15:38:09 INFO TaskSetManager: Starting task 46.0 in stage 3.0 (TID 49) (172.18.0.9, executor 0, partition 46, PROCESS_LOCAL, 4446 bytes) taskResourceAssignments Map()
[2024-12-16T15:38:09.030+0000] {spark_submit.py:579} INFO - 24/12/16 15:38:09 INFO BlockManagerInfo: Added rdd_18_46 in memory on 172.18.0.9:46141 (size: 46.0 B, free: 1048.6 MiB)
[2024-12-16T15:38:09.034+0000] {spark_submit.py:579} INFO - 24/12/16 15:38:09 INFO BlockManagerInfo: Added rdd_18_45 in memory on 172.18.0.9:46141 (size: 46.0 B, free: 1048.6 MiB)
[2024-12-16T15:38:09.048+0000] {spark_submit.py:579} INFO - 24/12/16 15:38:09 INFO TaskSetManager: Starting task 47.0 in stage 3.0 (TID 50) (172.18.0.9, executor 0, partition 47, PROCESS_LOCAL, 4446 bytes) taskResourceAssignments Map()
[2024-12-16T15:38:09.049+0000] {spark_submit.py:579} INFO - 24/12/16 15:38:09 INFO TaskSetManager: Finished task 46.0 in stage 3.0 (TID 49) in 46 ms on 172.18.0.9 (executor 0) (46/50)
[2024-12-16T15:38:09.053+0000] {spark_submit.py:579} INFO - 24/12/16 15:38:09 INFO TaskSetManager: Finished task 45.0 in stage 3.0 (TID 48) in 53 ms on 172.18.0.9 (executor 0) (47/50)
[2024-12-16T15:38:09.054+0000] {spark_submit.py:579} INFO - 24/12/16 15:38:09 INFO TaskSetManager: Starting task 48.0 in stage 3.0 (TID 51) (172.18.0.9, executor 0, partition 48, PROCESS_LOCAL, 4446 bytes) taskResourceAssignments Map()
[2024-12-16T15:38:09.094+0000] {spark_submit.py:579} INFO - 24/12/16 15:38:09 INFO BlockManagerInfo: Added rdd_18_47 in memory on 172.18.0.9:46141 (size: 46.0 B, free: 1048.6 MiB)
[2024-12-16T15:38:09.100+0000] {spark_submit.py:579} INFO - 24/12/16 15:38:09 INFO BlockManagerInfo: Added rdd_18_48 in memory on 172.18.0.9:46141 (size: 46.0 B, free: 1048.6 MiB)
[2024-12-16T15:38:09.124+0000] {spark_submit.py:579} INFO - 24/12/16 15:38:09 INFO TaskSetManager: Finished task 48.0 in stage 3.0 (TID 51) in 71 ms on 172.18.0.9 (executor 0) (48/50)
[2024-12-16T15:38:09.126+0000] {spark_submit.py:579} INFO - 24/12/16 15:38:09 INFO TaskSetManager: Starting task 49.0 in stage 3.0 (TID 52) (172.18.0.9, executor 0, partition 49, PROCESS_LOCAL, 4446 bytes) taskResourceAssignments Map()
[2024-12-16T15:38:09.127+0000] {spark_submit.py:579} INFO - 24/12/16 15:38:09 INFO TaskSetManager: Finished task 47.0 in stage 3.0 (TID 50) in 80 ms on 172.18.0.9 (executor 0) (49/50)
[2024-12-16T15:38:09.201+0000] {spark_submit.py:579} INFO - 24/12/16 15:38:09 INFO BlockManagerInfo: Added rdd_18_49 in memory on 172.18.0.9:46141 (size: 46.0 B, free: 1048.6 MiB)
[2024-12-16T15:38:09.231+0000] {spark_submit.py:579} INFO - 24/12/16 15:38:09 INFO TaskSetManager: Finished task 49.0 in stage 3.0 (TID 52) in 106 ms on 172.18.0.9 (executor 0) (50/50)
[2024-12-16T15:38:09.232+0000] {spark_submit.py:579} INFO - 24/12/16 15:38:09 INFO TaskSchedulerImpl: Removed TaskSet 3.0, whose tasks have all completed, from pool
[2024-12-16T15:38:09.233+0000] {spark_submit.py:579} INFO - 24/12/16 15:38:09 INFO DAGScheduler: ShuffleMapStage 3 (toString at String.java:2951) finished in 2.919 s
[2024-12-16T15:38:09.234+0000] {spark_submit.py:579} INFO - 24/12/16 15:38:09 INFO DAGScheduler: looking for newly runnable stages
[2024-12-16T15:38:09.235+0000] {spark_submit.py:579} INFO - 24/12/16 15:38:09 INFO DAGScheduler: running: Set()
[2024-12-16T15:38:09.235+0000] {spark_submit.py:579} INFO - 24/12/16 15:38:09 INFO DAGScheduler: waiting: Set()
[2024-12-16T15:38:09.236+0000] {spark_submit.py:579} INFO - 24/12/16 15:38:09 INFO DAGScheduler: failed: Set()
[2024-12-16T15:38:09.274+0000] {spark_submit.py:579} INFO - 24/12/16 15:38:09 INFO SparkContext: Starting job: toString at String.java:2951
[2024-12-16T15:38:09.277+0000] {spark_submit.py:579} INFO - 24/12/16 15:38:09 INFO DAGScheduler: Got job 4 (toString at String.java:2951) with 1 output partitions
[2024-12-16T15:38:09.278+0000] {spark_submit.py:579} INFO - 24/12/16 15:38:09 INFO DAGScheduler: Final stage: ResultStage 6 (toString at String.java:2951)
[2024-12-16T15:38:09.280+0000] {spark_submit.py:579} INFO - 24/12/16 15:38:09 INFO DAGScheduler: Parents of final stage: List(ShuffleMapStage 5)
[2024-12-16T15:38:09.282+0000] {spark_submit.py:579} INFO - 24/12/16 15:38:09 INFO DAGScheduler: Missing parents: List()
[2024-12-16T15:38:09.283+0000] {spark_submit.py:579} INFO - 24/12/16 15:38:09 INFO DAGScheduler: Submitting ResultStage 6 (MapPartitionsRDD[24] at toString at String.java:2951), which has no missing parents
[2024-12-16T15:38:09.303+0000] {spark_submit.py:579} INFO - 24/12/16 15:38:09 INFO MemoryStore: Block broadcast_6 stored as values in memory (estimated size 372.3 KiB, free 432.8 MiB)
[2024-12-16T15:38:09.305+0000] {spark_submit.py:579} INFO - 24/12/16 15:38:09 INFO MemoryStore: Block broadcast_6_piece0 stored as bytes in memory (estimated size 91.6 KiB, free 432.7 MiB)
[2024-12-16T15:38:09.313+0000] {spark_submit.py:579} INFO - 24/12/16 15:38:09 INFO BlockManagerInfo: Added broadcast_6_piece0 in memory on a2b73f6a4b3a:36543 (size: 91.6 KiB, free: 434.1 MiB)
[2024-12-16T15:38:09.316+0000] {spark_submit.py:579} INFO - 24/12/16 15:38:09 INFO BlockManagerInfo: Removed broadcast_5_piece0 on a2b73f6a4b3a:36543 in memory (size: 102.6 KiB, free: 434.2 MiB)
[2024-12-16T15:38:09.316+0000] {spark_submit.py:579} INFO - 24/12/16 15:38:09 INFO SparkContext: Created broadcast 6 from broadcast at DAGScheduler.scala:1513
[2024-12-16T15:38:09.317+0000] {spark_submit.py:579} INFO - 24/12/16 15:38:09 INFO DAGScheduler: Submitting 1 missing tasks from ResultStage 6 (MapPartitionsRDD[24] at toString at String.java:2951) (first 15 tasks are for partitions Vector(0))
[2024-12-16T15:38:09.317+0000] {spark_submit.py:579} INFO - 24/12/16 15:38:09 INFO TaskSchedulerImpl: Adding task set 6.0 with 1 tasks resource profile 0
[2024-12-16T15:38:09.320+0000] {spark_submit.py:579} INFO - 24/12/16 15:38:09 INFO TaskSetManager: Starting task 0.0 in stage 6.0 (TID 53) (172.18.0.9, executor 0, partition 0, NODE_LOCAL, 4457 bytes) taskResourceAssignments Map()
[2024-12-16T15:38:09.330+0000] {spark_submit.py:579} INFO - 24/12/16 15:38:09 INFO BlockManagerInfo: Removed broadcast_5_piece0 on 172.18.0.9:46141 in memory (size: 102.6 KiB, free: 1048.7 MiB)
[2024-12-16T15:38:09.348+0000] {spark_submit.py:579} INFO - 24/12/16 15:38:09 INFO BlockManagerInfo: Added broadcast_6_piece0 in memory on 172.18.0.9:46141 (size: 91.6 KiB, free: 1048.6 MiB)
[2024-12-16T15:38:09.418+0000] {spark_submit.py:579} INFO - 24/12/16 15:38:09 INFO MapOutputTrackerMasterEndpoint: Asked to send map output locations for shuffle 1 to 172.18.0.9:56308
[2024-12-16T15:38:09.527+0000] {spark_submit.py:579} INFO - 24/12/16 15:38:09 INFO TaskSetManager: Finished task 0.0 in stage 6.0 (TID 53) in 208 ms on 172.18.0.9 (executor 0) (1/1)
[2024-12-16T15:38:09.528+0000] {spark_submit.py:579} INFO - 24/12/16 15:38:09 INFO TaskSchedulerImpl: Removed TaskSet 6.0, whose tasks have all completed, from pool
[2024-12-16T15:38:09.530+0000] {spark_submit.py:579} INFO - 24/12/16 15:38:09 INFO DAGScheduler: ResultStage 6 (toString at String.java:2951) finished in 0.246 s
[2024-12-16T15:38:09.536+0000] {spark_submit.py:579} INFO - 24/12/16 15:38:09 INFO DAGScheduler: Job 4 is finished. Cancelling potential speculative or zombie tasks for this job
[2024-12-16T15:38:09.538+0000] {spark_submit.py:579} INFO - 24/12/16 15:38:09 INFO TaskSchedulerImpl: Killing all running tasks in stage 6: Stage finished
[2024-12-16T15:38:09.539+0000] {spark_submit.py:579} INFO - 24/12/16 15:38:09 INFO DAGScheduler: Job 4 finished: toString at String.java:2951, took 0.256320 s
[2024-12-16T15:38:09.618+0000] {spark_submit.py:579} INFO - 24/12/16 15:38:09 INFO CodeGenerator: Code generated in 56.780429 ms
[2024-12-16T15:38:09.632+0000] {spark_submit.py:579} INFO - 24/12/16 15:38:09 INFO Snapshot: [tableId=b310d492-908a-47f5-b76a-b15f94ac4d1e] DELTA: Done
[2024-12-16T15:38:09.634+0000] {spark_submit.py:579} INFO - 24/12/16 15:38:09 INFO Snapshot: [tableId=b310d492-908a-47f5-b76a-b15f94ac4d1e] Created snapshot Snapshot(path=s3a://lakehouse/silver/movies/_delta_log, version=0, metadata=Metadata(5cd78297-e004-4235-8638-882e0df6aed9,null,null,Format(parquet,Map()),{"type":"struct","fields":[{"name":"budget","type":"integer","nullable":true,"metadata":{}},{"name":"genres","type":"string","nullable":true,"metadata":{}},{"name":"genres_convert","type":"string","nullable":true,"metadata":{}},{"name":"id","type":"string","nullable":true,"metadata":{}},{"name":"imdb_id","type":"string","nullable":true,"metadata":{}},{"name":"original_language","type":"string","nullable":true,"metadata":{}},{"name":"original_title","type":"string","nullable":true,"metadata":{}},{"name":"overview","type":"string","nullable":true,"metadata":{}},{"name":"popularity","type":"string","nullable":true,"metadata":{}},{"name":"poster_path","type":"string","nullable":true,"metadata":{}},{"name":"release_date","type":"date","nullable":true,"metadata":{}},{"name":"revenue","type":"double","nullable":true,"metadata":{}},{"name":"status","type":"string","nullable":true,"metadata":{}},{"name":"tagline","type":"string","nullable":true,"metadata":{}},{"name":"time","type":"string","nullable":true,"metadata":{}},{"name":"title","type":"string","nullable":true,"metadata":{}},{"name":"vote_average","type":"double","nullable":true,"metadata":{}},{"name":"vote_count","type":"double","nullable":true,"metadata":{}}]},List(),Map(),Some(1734363358801)), logSegment=LogSegment(s3a://lakehouse/silver/movies/_delta_log,0,WrappedArray(S3AFileStatus{path=s3a://lakehouse/silver/movies/_delta_log/00000000000000000000.json; isDirectory=false; length=3718; replication=1; blocksize=33554432; modification_time=1734363484391; access_time=0; owner=***; group=***; permission=rw-rw-rw-; isSymlink=false; hasAcl=false; isEncrypted=true; isErasureCoded=false} isEmptyDirectory=FALSE eTag=d0fd64e1dfc06589a0ed3b8afe9ffa07 versionId=null),List(),None,1734363484391), checksumOpt=None)
[2024-12-16T15:38:09.636+0000] {spark_submit.py:579} INFO - 24/12/16 15:38:09 INFO DeltaLog: Updated snapshot to Snapshot(path=s3a://lakehouse/silver/movies/_delta_log, version=0, metadata=Metadata(5cd78297-e004-4235-8638-882e0df6aed9,null,null,Format(parquet,Map()),{"type":"struct","fields":[{"name":"budget","type":"integer","nullable":true,"metadata":{}},{"name":"genres","type":"string","nullable":true,"metadata":{}},{"name":"genres_convert","type":"string","nullable":true,"metadata":{}},{"name":"id","type":"string","nullable":true,"metadata":{}},{"name":"imdb_id","type":"string","nullable":true,"metadata":{}},{"name":"original_language","type":"string","nullable":true,"metadata":{}},{"name":"original_title","type":"string","nullable":true,"metadata":{}},{"name":"overview","type":"string","nullable":true,"metadata":{}},{"name":"popularity","type":"string","nullable":true,"metadata":{}},{"name":"poster_path","type":"string","nullable":true,"metadata":{}},{"name":"release_date","type":"date","nullable":true,"metadata":{}},{"name":"revenue","type":"double","nullable":true,"metadata":{}},{"name":"status","type":"string","nullable":true,"metadata":{}},{"name":"tagline","type":"string","nullable":true,"metadata":{}},{"name":"time","type":"string","nullable":true,"metadata":{}},{"name":"title","type":"string","nullable":true,"metadata":{}},{"name":"vote_average","type":"double","nullable":true,"metadata":{}},{"name":"vote_count","type":"double","nullable":true,"metadata":{}}]},List(),Map(),Some(1734363358801)), logSegment=LogSegment(s3a://lakehouse/silver/movies/_delta_log,0,WrappedArray(S3AFileStatus{path=s3a://lakehouse/silver/movies/_delta_log/00000000000000000000.json; isDirectory=false; length=3718; replication=1; blocksize=33554432; modification_time=1734363484391; access_time=0; owner=***; group=***; permission=rw-rw-rw-; isSymlink=false; hasAcl=false; isEncrypted=true; isErasureCoded=false} isEmptyDirectory=FALSE eTag=d0fd64e1dfc06589a0ed3b8afe9ffa07 versionId=null),List(),None,1734363484391), checksumOpt=None)
[2024-12-16T15:38:09.681+0000] {spark_submit.py:579} INFO - 24/12/16 15:38:09 INFO OptimisticTransaction: [tableId=b310d492,txnId=7b0167fa] Committed delta #0 to s3a://lakehouse/silver/movies/_delta_log
[2024-12-16T15:38:09.689+0000] {spark_submit.py:579} INFO - 2024-12-16 15:38:09,688 INFO: Data cleaning and saving process completed successfully.
[2024-12-16T15:38:09.706+0000] {spark_submit.py:579} INFO - 24/12/16 15:38:09 INFO SparkUI: Stopped Spark web UI at http://a2b73f6a4b3a:4042
[2024-12-16T15:38:09.714+0000] {spark_submit.py:579} INFO - 24/12/16 15:38:09 INFO StandaloneSchedulerBackend: Shutting down all executors
[2024-12-16T15:38:09.715+0000] {spark_submit.py:579} INFO - 24/12/16 15:38:09 INFO CoarseGrainedSchedulerBackend$DriverEndpoint: Asking each executor to shut down
[2024-12-16T15:38:09.778+0000] {spark_submit.py:579} INFO - 24/12/16 15:38:09 INFO MapOutputTrackerMasterEndpoint: MapOutputTrackerMasterEndpoint stopped!
[2024-12-16T15:38:09.818+0000] {spark_submit.py:579} INFO - 24/12/16 15:38:09 INFO MemoryStore: MemoryStore cleared
[2024-12-16T15:38:09.821+0000] {spark_submit.py:579} INFO - 24/12/16 15:38:09 INFO BlockManager: BlockManager stopped
[2024-12-16T15:38:09.827+0000] {spark_submit.py:579} INFO - 24/12/16 15:38:09 INFO BlockManagerMaster: BlockManagerMaster stopped
[2024-12-16T15:38:09.832+0000] {spark_submit.py:579} INFO - 24/12/16 15:38:09 INFO OutputCommitCoordinator$OutputCommitCoordinatorEndpoint: OutputCommitCoordinator stopped!
[2024-12-16T15:38:09.870+0000] {spark_submit.py:579} INFO - 24/12/16 15:38:09 INFO SparkContext: Successfully stopped SparkContext
[2024-12-16T15:38:10.049+0000] {spark_submit.py:579} INFO - 2024-12-16 15:38:10,048 INFO: Closing down clientserver connection
[2024-12-16T15:38:10.095+0000] {spark_submit.py:579} INFO - 24/12/16 15:38:10 INFO ShutdownHookManager: Shutdown hook called
[2024-12-16T15:38:10.096+0000] {spark_submit.py:579} INFO - 24/12/16 15:38:10 INFO ShutdownHookManager: Deleting directory /tmp/spark-cf6bf974-c1b0-4c5e-944d-19ab68c491be/pyspark-74b653b4-a23f-4a9d-af23-9b4506ea47e1
[2024-12-16T15:38:10.101+0000] {spark_submit.py:579} INFO - 24/12/16 15:38:10 INFO ShutdownHookManager: Deleting directory /tmp/spark-cf6bf974-c1b0-4c5e-944d-19ab68c491be
[2024-12-16T15:38:10.104+0000] {spark_submit.py:579} INFO - 24/12/16 15:38:10 INFO ShutdownHookManager: Deleting directory /tmp/spark-188928b6-5db5-4265-88d2-941208e1e871
[2024-12-16T15:38:10.110+0000] {spark_submit.py:579} INFO - 24/12/16 15:38:10 INFO MetricsSystemImpl: Stopping s3a-file-system metrics system...
[2024-12-16T15:38:10.111+0000] {spark_submit.py:579} INFO - 24/12/16 15:38:10 INFO MetricsSystemImpl: s3a-file-system metrics system stopped.
[2024-12-16T15:38:10.111+0000] {spark_submit.py:579} INFO - 24/12/16 15:38:10 INFO MetricsSystemImpl: s3a-file-system metrics system shutdown complete.
[2024-12-16T15:38:10.181+0000] {taskinstance.py:1400} INFO - Marking task as SUCCESS. dag_id=All_Layer, task_id=clean_movies, execution_date=20241216T153517, start_date=20241216T153533, end_date=20241216T153810
[2024-12-16T15:38:10.228+0000] {local_task_job_runner.py:228} INFO - Task exited with return code 0
[2024-12-16T15:38:10.250+0000] {taskinstance.py:2778} INFO - 0 downstream tasks scheduled from follow-on schedule check
