[2024-10-05T04:14:16.840+0000] {taskinstance.py:1157} INFO - Dependencies all met for dep_context=non-requeueable deps ti=<TaskInstance: spark_processing_dag.silver_cleaned_keywords manual__2024-10-04T16:33:03.594037+00:00 [queued]>
[2024-10-05T04:14:16.849+0000] {taskinstance.py:1157} INFO - Dependencies all met for dep_context=requeueable deps ti=<TaskInstance: spark_processing_dag.silver_cleaned_keywords manual__2024-10-04T16:33:03.594037+00:00 [queued]>
[2024-10-05T04:14:16.850+0000] {taskinstance.py:1359} INFO - Starting attempt 2 of 2
[2024-10-05T04:14:16.863+0000] {taskinstance.py:1380} INFO - Executing <Task(SparkSubmitOperator): silver_cleaned_keywords> on 2024-10-04 16:33:03.594037+00:00
[2024-10-05T04:14:16.867+0000] {standard_task_runner.py:57} INFO - Started process 201 to run task
[2024-10-05T04:14:16.870+0000] {standard_task_runner.py:84} INFO - Running: ['***', 'tasks', 'run', 'spark_processing_dag', 'silver_cleaned_keywords', 'manual__2024-10-04T16:33:03.594037+00:00', '--job-id', '111', '--raw', '--subdir', 'DAGS_FOLDER/sliver_layer.py', '--cfg-path', '/tmp/tmps310edzp']
[2024-10-05T04:14:16.874+0000] {standard_task_runner.py:85} INFO - Job 111: Subtask silver_cleaned_keywords
[2024-10-05T04:14:16.944+0000] {task_command.py:415} INFO - Running <TaskInstance: spark_processing_dag.silver_cleaned_keywords manual__2024-10-04T16:33:03.594037+00:00 [running]> on host 23041969bcc7
[2024-10-05T04:14:17.037+0000] {taskinstance.py:1660} INFO - Exporting env vars: AIRFLOW_CTX_DAG_OWNER='***' AIRFLOW_CTX_DAG_ID='spark_processing_dag' AIRFLOW_CTX_TASK_ID='silver_cleaned_keywords' AIRFLOW_CTX_EXECUTION_DATE='2024-10-04T16:33:03.594037+00:00' AIRFLOW_CTX_TRY_NUMBER='2' AIRFLOW_CTX_DAG_RUN_ID='manual__2024-10-04T16:33:03.594037+00:00'
[2024-10-05T04:14:17.054+0000] {base.py:73} INFO - Using connection ID 'spark-conn' for task execution.
[2024-10-05T04:14:17.059+0000] {spark_submit.py:403} INFO - Spark-Submit cmd: spark-submit --master spark://spark-master:7077 --conf spark.sql.extensions=io.delta.sql.DeltaSparkSessionExtension --conf spark.sql.catalog.spark_catalog=org.apache.spark.sql.delta.catalog.DeltaCatalog --jars /opt/***/jars/hadoop-aws-3.3.4.jar,/opt/***/jars/s3-2.18.41.jar,/opt/***/jars/aws-java-sdk-1.12.367.jar,/opt/***/jars/delta-spark_2.13-3.2.1.jar,/opt/***/jars/mysql-connector-java-8.0.19.jar --packages org.apache.hadoop:hadoop-aws:3.3.4,io.delta:delta-spark_2.13:3.2.1 --num-executors 2 --total-executor-cores 2 --executor-cores 2 --executor-memory 2g --driver-memory 1g --name arrow-spark --deploy-mode client /opt/***/jobs/python/test_Key.py s3a://lakehouse/bronze/keywords.parquet s3a://lakehouse/silver
[2024-10-05T04:14:17.223+0000] {spark_submit.py:579} INFO - /home/***/.local/lib/python3.11/site-packages/pyspark/bin/load-spark-env.sh: line 68: ps: command not found
[2024-10-05T04:14:21.767+0000] {spark_submit.py:579} INFO - :: loading settings :: url = jar:file:/home/***/.local/lib/python3.11/site-packages/pyspark/jars/ivy-2.5.1.jar!/org/apache/ivy/core/settings/ivysettings.xml
[2024-10-05T04:14:22.023+0000] {spark_submit.py:579} INFO - Ivy Default Cache set to: /home/***/.ivy2/cache
[2024-10-05T04:14:22.024+0000] {spark_submit.py:579} INFO - The jars for the packages stored in: /home/***/.ivy2/jars
[2024-10-05T04:14:22.035+0000] {spark_submit.py:579} INFO - org.apache.hadoop#hadoop-aws added as a dependency
[2024-10-05T04:14:22.042+0000] {spark_submit.py:579} INFO - io.delta#delta-spark_2.13 added as a dependency
[2024-10-05T04:14:22.042+0000] {spark_submit.py:579} INFO - :: resolving dependencies :: org.apache.spark#spark-submit-parent-5b49dcbb-47f4-4db8-88ad-aa2d713dc380;1.0
[2024-10-05T04:14:22.043+0000] {spark_submit.py:579} INFO - confs: [default]
[2024-10-05T04:14:22.488+0000] {spark_submit.py:579} INFO - found org.apache.hadoop#hadoop-aws;3.3.4 in central
[2024-10-05T04:14:22.580+0000] {spark_submit.py:579} INFO - found com.amazonaws#aws-java-sdk-bundle;1.12.262 in central
[2024-10-05T04:14:22.606+0000] {spark_submit.py:579} INFO - found org.wildfly.openssl#wildfly-openssl;1.0.7.Final in central
[2024-10-05T04:14:22.631+0000] {spark_submit.py:579} INFO - found io.delta#delta-spark_2.13;3.2.1 in central
[2024-10-05T04:14:22.652+0000] {spark_submit.py:579} INFO - found io.delta#delta-storage;3.2.1 in central
[2024-10-05T04:14:22.673+0000] {spark_submit.py:579} INFO - found org.antlr#antlr4-runtime;4.9.3 in central
[2024-10-05T04:14:22.707+0000] {spark_submit.py:579} INFO - :: resolution report :: resolve 655ms :: artifacts dl 15ms
[2024-10-05T04:14:22.708+0000] {spark_submit.py:579} INFO - :: modules in use:
[2024-10-05T04:14:22.709+0000] {spark_submit.py:579} INFO - com.amazonaws#aws-java-sdk-bundle;1.12.262 from central in [default]
[2024-10-05T04:14:22.709+0000] {spark_submit.py:579} INFO - io.delta#delta-spark_2.13;3.2.1 from central in [default]
[2024-10-05T04:14:22.710+0000] {spark_submit.py:579} INFO - io.delta#delta-storage;3.2.1 from central in [default]
[2024-10-05T04:14:22.710+0000] {spark_submit.py:579} INFO - org.antlr#antlr4-runtime;4.9.3 from central in [default]
[2024-10-05T04:14:22.710+0000] {spark_submit.py:579} INFO - org.apache.hadoop#hadoop-aws;3.3.4 from central in [default]
[2024-10-05T04:14:22.711+0000] {spark_submit.py:579} INFO - org.wildfly.openssl#wildfly-openssl;1.0.7.Final from central in [default]
[2024-10-05T04:14:22.711+0000] {spark_submit.py:579} INFO - ---------------------------------------------------------------------
[2024-10-05T04:14:22.711+0000] {spark_submit.py:579} INFO - |                  |            modules            ||   artifacts   |
[2024-10-05T04:14:22.711+0000] {spark_submit.py:579} INFO - |       conf       | number| search|dwnlded|evicted|| number|dwnlded|
[2024-10-05T04:14:22.712+0000] {spark_submit.py:579} INFO - ---------------------------------------------------------------------
[2024-10-05T04:14:22.713+0000] {spark_submit.py:579} INFO - |      default     |   6   |   0   |   0   |   0   ||   6   |   0   |
[2024-10-05T04:14:22.713+0000] {spark_submit.py:579} INFO - ---------------------------------------------------------------------
[2024-10-05T04:14:22.720+0000] {spark_submit.py:579} INFO - :: retrieving :: org.apache.spark#spark-submit-parent-5b49dcbb-47f4-4db8-88ad-aa2d713dc380
[2024-10-05T04:14:22.721+0000] {spark_submit.py:579} INFO - confs: [default]
[2024-10-05T04:14:22.730+0000] {spark_submit.py:579} INFO - 0 artifacts copied, 6 already retrieved (0kB/8ms)
[2024-10-05T04:14:23.397+0000] {spark_submit.py:579} INFO - 24/10/05 04:14:23 WARN NativeCodeLoader: Unable to load native-hadoop library for your platform... using builtin-java classes where applicable
[2024-10-05T04:14:25.755+0000] {spark_submit.py:579} INFO - 24/10/05 04:14:25 INFO SparkContext: Running Spark version 3.5.1
[2024-10-05T04:14:25.757+0000] {spark_submit.py:579} INFO - 24/10/05 04:14:25 INFO SparkContext: OS info Linux, 5.15.153.1-microsoft-standard-WSL2, amd64
[2024-10-05T04:14:25.759+0000] {spark_submit.py:579} INFO - 24/10/05 04:14:25 INFO SparkContext: Java version 11.0.24
[2024-10-05T04:14:25.837+0000] {spark_submit.py:579} INFO - 24/10/05 04:14:25 INFO ResourceUtils: ==============================================================
[2024-10-05T04:14:25.838+0000] {spark_submit.py:579} INFO - 24/10/05 04:14:25 INFO ResourceUtils: No custom resources configured for spark.driver.
[2024-10-05T04:14:25.840+0000] {spark_submit.py:579} INFO - 24/10/05 04:14:25 INFO ResourceUtils: ==============================================================
[2024-10-05T04:14:25.841+0000] {spark_submit.py:579} INFO - 24/10/05 04:14:25 INFO SparkContext: Submitted application: CleanKeywords
[2024-10-05T04:14:25.899+0000] {spark_submit.py:579} INFO - 24/10/05 04:14:25 INFO ResourceProfile: Default ResourceProfile created, executor resources: Map(cores -> name: cores, amount: 2, script: , vendor: , memory -> name: memory, amount: 2048, script: , vendor: , offHeap -> name: offHeap, amount: 0, script: , vendor: ), task resources: Map(cpus -> name: cpus, amount: 1.0)
[2024-10-05T04:14:25.935+0000] {spark_submit.py:579} INFO - 24/10/05 04:14:25 INFO ResourceProfile: Limiting resource is cpus at 2 tasks per executor
[2024-10-05T04:14:25.939+0000] {spark_submit.py:579} INFO - 24/10/05 04:14:25 INFO ResourceProfileManager: Added ResourceProfile id: 0
[2024-10-05T04:14:26.103+0000] {spark_submit.py:579} INFO - 24/10/05 04:14:26 INFO SecurityManager: Changing view acls to: ***
[2024-10-05T04:14:26.104+0000] {spark_submit.py:579} INFO - 24/10/05 04:14:26 INFO SecurityManager: Changing modify acls to: ***
[2024-10-05T04:14:26.105+0000] {spark_submit.py:579} INFO - 24/10/05 04:14:26 INFO SecurityManager: Changing view acls groups to:
[2024-10-05T04:14:26.106+0000] {spark_submit.py:579} INFO - 24/10/05 04:14:26 INFO SecurityManager: Changing modify acls groups to:
[2024-10-05T04:14:26.107+0000] {spark_submit.py:579} INFO - 24/10/05 04:14:26 INFO SecurityManager: SecurityManager: authentication disabled; ui acls disabled; users with view permissions: ***; groups with view permissions: EMPTY; users with modify permissions: ***; groups with modify permissions: EMPTY
[2024-10-05T04:14:26.716+0000] {spark_submit.py:579} INFO - 24/10/05 04:14:26 INFO Utils: Successfully started service 'sparkDriver' on port 36339.
[2024-10-05T04:14:26.845+0000] {spark_submit.py:579} INFO - 24/10/05 04:14:26 INFO SparkEnv: Registering MapOutputTracker
[2024-10-05T04:14:26.973+0000] {spark_submit.py:579} INFO - 24/10/05 04:14:26 INFO SparkEnv: Registering BlockManagerMaster
[2024-10-05T04:14:27.019+0000] {spark_submit.py:579} INFO - 24/10/05 04:14:27 INFO BlockManagerMasterEndpoint: Using org.apache.spark.storage.DefaultTopologyMapper for getting topology information
[2024-10-05T04:14:27.021+0000] {spark_submit.py:579} INFO - 24/10/05 04:14:27 INFO BlockManagerMasterEndpoint: BlockManagerMasterEndpoint up
[2024-10-05T04:14:27.031+0000] {spark_submit.py:579} INFO - 24/10/05 04:14:27 INFO SparkEnv: Registering BlockManagerMasterHeartbeat
[2024-10-05T04:14:27.067+0000] {spark_submit.py:579} INFO - 24/10/05 04:14:27 INFO DiskBlockManager: Created local directory at /tmp/blockmgr-749d379f-0f4e-4fe2-8ad3-d264eba25807
[2024-10-05T04:14:27.092+0000] {spark_submit.py:579} INFO - 24/10/05 04:14:27 INFO MemoryStore: MemoryStore started with capacity 434.4 MiB
[2024-10-05T04:14:27.162+0000] {spark_submit.py:579} INFO - 24/10/05 04:14:27 INFO SparkEnv: Registering OutputCommitCoordinator
[2024-10-05T04:14:27.471+0000] {spark_submit.py:579} INFO - 24/10/05 04:14:27 INFO JettyUtils: Start Jetty 0.0.0.0:4040 for SparkUI
[2024-10-05T04:14:27.603+0000] {spark_submit.py:579} INFO - 24/10/05 04:14:27 WARN Utils: Service 'SparkUI' could not bind on port 4040. Attempting port 4041.
[2024-10-05T04:14:27.619+0000] {spark_submit.py:579} INFO - 24/10/05 04:14:27 INFO Utils: Successfully started service 'SparkUI' on port 4041.
[2024-10-05T04:14:27.771+0000] {spark_submit.py:579} INFO - 24/10/05 04:14:27 INFO SparkContext: Added JAR file:///opt/***/jars/hadoop-aws-3.3.4.jar at spark://23041969bcc7:36339/jars/hadoop-aws-3.3.4.jar with timestamp 1728101665742
[2024-10-05T04:14:27.776+0000] {spark_submit.py:579} INFO - 24/10/05 04:14:27 INFO SparkContext: Added JAR file:///opt/***/jars/s3-2.18.41.jar at spark://23041969bcc7:36339/jars/s3-2.18.41.jar with timestamp 1728101665742
[2024-10-05T04:14:27.778+0000] {spark_submit.py:579} INFO - 24/10/05 04:14:27 INFO SparkContext: Added JAR file:///opt/***/jars/aws-java-sdk-1.12.367.jar at spark://23041969bcc7:36339/jars/aws-java-sdk-1.12.367.jar with timestamp 1728101665742
[2024-10-05T04:14:27.781+0000] {spark_submit.py:579} INFO - 24/10/05 04:14:27 INFO SparkContext: Added JAR file:///opt/***/jars/delta-spark_2.13-3.2.1.jar at spark://23041969bcc7:36339/jars/delta-spark_2.13-3.2.1.jar with timestamp 1728101665742
[2024-10-05T04:14:27.783+0000] {spark_submit.py:579} INFO - 24/10/05 04:14:27 INFO SparkContext: Added JAR file:///opt/***/jars/mysql-connector-java-8.0.19.jar at spark://23041969bcc7:36339/jars/mysql-connector-java-8.0.19.jar with timestamp 1728101665742
[2024-10-05T04:14:27.785+0000] {spark_submit.py:579} INFO - 24/10/05 04:14:27 INFO SparkContext: Added JAR file:///home/***/.ivy2/jars/org.apache.hadoop_hadoop-aws-3.3.4.jar at spark://23041969bcc7:36339/jars/org.apache.hadoop_hadoop-aws-3.3.4.jar with timestamp 1728101665742
[2024-10-05T04:14:27.786+0000] {spark_submit.py:579} INFO - 24/10/05 04:14:27 INFO SparkContext: Added JAR file:///home/***/.ivy2/jars/io.delta_delta-spark_2.13-3.2.1.jar at spark://23041969bcc7:36339/jars/io.delta_delta-spark_2.13-3.2.1.jar with timestamp 1728101665742
[2024-10-05T04:14:27.787+0000] {spark_submit.py:579} INFO - 24/10/05 04:14:27 INFO SparkContext: Added JAR file:///home/***/.ivy2/jars/com.amazonaws_aws-java-sdk-bundle-1.12.262.jar at spark://23041969bcc7:36339/jars/com.amazonaws_aws-java-sdk-bundle-1.12.262.jar with timestamp 1728101665742
[2024-10-05T04:14:27.788+0000] {spark_submit.py:579} INFO - 24/10/05 04:14:27 INFO SparkContext: Added JAR file:///home/***/.ivy2/jars/org.wildfly.openssl_wildfly-openssl-1.0.7.Final.jar at spark://23041969bcc7:36339/jars/org.wildfly.openssl_wildfly-openssl-1.0.7.Final.jar with timestamp 1728101665742
[2024-10-05T04:14:27.788+0000] {spark_submit.py:579} INFO - 24/10/05 04:14:27 INFO SparkContext: Added JAR file:///home/***/.ivy2/jars/io.delta_delta-storage-3.2.1.jar at spark://23041969bcc7:36339/jars/io.delta_delta-storage-3.2.1.jar with timestamp 1728101665742
[2024-10-05T04:14:27.789+0000] {spark_submit.py:579} INFO - 24/10/05 04:14:27 INFO SparkContext: Added JAR file:///home/***/.ivy2/jars/org.antlr_antlr4-runtime-4.9.3.jar at spark://23041969bcc7:36339/jars/org.antlr_antlr4-runtime-4.9.3.jar with timestamp 1728101665742
[2024-10-05T04:14:27.805+0000] {spark_submit.py:579} INFO - 24/10/05 04:14:27 INFO SparkContext: Added file file:///home/***/.ivy2/jars/org.apache.hadoop_hadoop-aws-3.3.4.jar at spark://23041969bcc7:36339/files/org.apache.hadoop_hadoop-aws-3.3.4.jar with timestamp 1728101665742
[2024-10-05T04:14:27.809+0000] {spark_submit.py:579} INFO - 24/10/05 04:14:27 INFO Utils: Copying /home/***/.ivy2/jars/org.apache.hadoop_hadoop-aws-3.3.4.jar to /tmp/spark-fe1632b5-3735-448d-9d01-ff741c50c9ca/userFiles-38160530-2a09-49ce-8fdb-9a73f822acff/org.apache.hadoop_hadoop-aws-3.3.4.jar
[2024-10-05T04:14:27.853+0000] {spark_submit.py:579} INFO - 24/10/05 04:14:27 INFO SparkContext: Added file file:///home/***/.ivy2/jars/io.delta_delta-spark_2.13-3.2.1.jar at spark://23041969bcc7:36339/files/io.delta_delta-spark_2.13-3.2.1.jar with timestamp 1728101665742
[2024-10-05T04:14:27.854+0000] {spark_submit.py:579} INFO - 24/10/05 04:14:27 INFO Utils: Copying /home/***/.ivy2/jars/io.delta_delta-spark_2.13-3.2.1.jar to /tmp/spark-fe1632b5-3735-448d-9d01-ff741c50c9ca/userFiles-38160530-2a09-49ce-8fdb-9a73f822acff/io.delta_delta-spark_2.13-3.2.1.jar
[2024-10-05T04:14:27.898+0000] {spark_submit.py:579} INFO - 24/10/05 04:14:27 INFO SparkContext: Added file file:///home/***/.ivy2/jars/com.amazonaws_aws-java-sdk-bundle-1.12.262.jar at spark://23041969bcc7:36339/files/com.amazonaws_aws-java-sdk-bundle-1.12.262.jar with timestamp 1728101665742
[2024-10-05T04:14:27.898+0000] {spark_submit.py:579} INFO - 24/10/05 04:14:27 INFO Utils: Copying /home/***/.ivy2/jars/com.amazonaws_aws-java-sdk-bundle-1.12.262.jar to /tmp/spark-fe1632b5-3735-448d-9d01-ff741c50c9ca/userFiles-38160530-2a09-49ce-8fdb-9a73f822acff/com.amazonaws_aws-java-sdk-bundle-1.12.262.jar
[2024-10-05T04:14:32.663+0000] {spark_submit.py:579} INFO - 24/10/05 04:14:32 INFO SparkContext: Added file file:///home/***/.ivy2/jars/org.wildfly.openssl_wildfly-openssl-1.0.7.Final.jar at spark://23041969bcc7:36339/files/org.wildfly.openssl_wildfly-openssl-1.0.7.Final.jar with timestamp 1728101665742
[2024-10-05T04:14:32.666+0000] {spark_submit.py:579} INFO - 24/10/05 04:14:32 INFO Utils: Copying /home/***/.ivy2/jars/org.wildfly.openssl_wildfly-openssl-1.0.7.Final.jar to /tmp/spark-fe1632b5-3735-448d-9d01-ff741c50c9ca/userFiles-38160530-2a09-49ce-8fdb-9a73f822acff/org.wildfly.openssl_wildfly-openssl-1.0.7.Final.jar
[2024-10-05T04:14:32.684+0000] {spark_submit.py:579} INFO - 24/10/05 04:14:32 INFO SparkContext: Added file file:///home/***/.ivy2/jars/io.delta_delta-storage-3.2.1.jar at spark://23041969bcc7:36339/files/io.delta_delta-storage-3.2.1.jar with timestamp 1728101665742
[2024-10-05T04:14:32.687+0000] {spark_submit.py:579} INFO - 24/10/05 04:14:32 INFO Utils: Copying /home/***/.ivy2/jars/io.delta_delta-storage-3.2.1.jar to /tmp/spark-fe1632b5-3735-448d-9d01-ff741c50c9ca/userFiles-38160530-2a09-49ce-8fdb-9a73f822acff/io.delta_delta-storage-3.2.1.jar
[2024-10-05T04:14:32.704+0000] {spark_submit.py:579} INFO - 24/10/05 04:14:32 INFO SparkContext: Added file file:///home/***/.ivy2/jars/org.antlr_antlr4-runtime-4.9.3.jar at spark://23041969bcc7:36339/files/org.antlr_antlr4-runtime-4.9.3.jar with timestamp 1728101665742
[2024-10-05T04:14:32.711+0000] {spark_submit.py:579} INFO - 24/10/05 04:14:32 INFO Utils: Copying /home/***/.ivy2/jars/org.antlr_antlr4-runtime-4.9.3.jar to /tmp/spark-fe1632b5-3735-448d-9d01-ff741c50c9ca/userFiles-38160530-2a09-49ce-8fdb-9a73f822acff/org.antlr_antlr4-runtime-4.9.3.jar
[2024-10-05T04:14:33.043+0000] {spark_submit.py:579} INFO - 24/10/05 04:14:33 INFO StandaloneAppClient$ClientEndpoint: Connecting to master spark://spark-master:7077...
[2024-10-05T04:14:33.195+0000] {spark_submit.py:579} INFO - 24/10/05 04:14:33 INFO TransportClientFactory: Successfully created connection to spark-master/172.20.0.7:7077 after 88 ms (0 ms spent in bootstraps)
[2024-10-05T04:14:33.444+0000] {spark_submit.py:579} INFO - 24/10/05 04:14:33 INFO StandaloneSchedulerBackend: Connected to Spark cluster with app ID app-20241005041433-0001
[2024-10-05T04:14:33.475+0000] {spark_submit.py:579} INFO - 24/10/05 04:14:33 INFO Utils: Successfully started service 'org.apache.spark.network.netty.NettyBlockTransferService' on port 43711.
[2024-10-05T04:14:33.476+0000] {spark_submit.py:579} INFO - 24/10/05 04:14:33 INFO NettyBlockTransferService: Server created on 23041969bcc7:43711
[2024-10-05T04:14:33.483+0000] {spark_submit.py:579} INFO - 24/10/05 04:14:33 INFO BlockManager: Using org.apache.spark.storage.RandomBlockReplicationPolicy for block replication policy
[2024-10-05T04:14:33.496+0000] {spark_submit.py:579} INFO - 24/10/05 04:14:33 INFO BlockManagerMaster: Registering BlockManager BlockManagerId(driver, 23041969bcc7, 43711, None)
[2024-10-05T04:14:33.509+0000] {spark_submit.py:579} INFO - 24/10/05 04:14:33 INFO BlockManagerMasterEndpoint: Registering block manager 23041969bcc7:43711 with 434.4 MiB RAM, BlockManagerId(driver, 23041969bcc7, 43711, None)
[2024-10-05T04:14:33.516+0000] {spark_submit.py:579} INFO - 24/10/05 04:14:33 INFO BlockManagerMaster: Registered BlockManager BlockManagerId(driver, 23041969bcc7, 43711, None)
[2024-10-05T04:14:33.518+0000] {spark_submit.py:579} INFO - 24/10/05 04:14:33 INFO BlockManager: Initialized BlockManager: BlockManagerId(driver, 23041969bcc7, 43711, None)
[2024-10-05T04:14:34.041+0000] {spark_submit.py:579} INFO - 24/10/05 04:14:34 INFO StandaloneSchedulerBackend: SchedulerBackend is ready for scheduling beginning after reached minRegisteredResourcesRatio: 0.0
[2024-10-05T04:14:34.582+0000] {spark_submit.py:579} INFO - 24/10/05 04:14:34 WARN SparkSession: Cannot use io.delta.sql.DeltaSparkSessionExtension to configure session extensions.
[2024-10-05T04:14:34.583+0000] {spark_submit.py:579} INFO - java.lang.NoClassDefFoundError: scala/collection/IterableOnce
[2024-10-05T04:14:34.583+0000] {spark_submit.py:579} INFO - at java.base/java.lang.Class.getDeclaredConstructors0(Native Method)
[2024-10-05T04:14:34.583+0000] {spark_submit.py:579} INFO - at java.base/java.lang.Class.privateGetDeclaredConstructors(Class.java:3137)
[2024-10-05T04:14:34.584+0000] {spark_submit.py:579} INFO - at java.base/java.lang.Class.getConstructors(Class.java:1943)
[2024-10-05T04:14:34.584+0000] {spark_submit.py:579} INFO - at org.apache.spark.sql.catalyst.analysis.FunctionRegistryBase$.build(FunctionRegistry.scala:123)
[2024-10-05T04:14:34.584+0000] {spark_submit.py:579} INFO - at org.apache.spark.sql.delta.DeltaTableValueFunctions$.getTableValueFunctionInjection(DeltaTableValueFunctions.scala:58)
[2024-10-05T04:14:34.584+0000] {spark_submit.py:579} INFO - at io.delta.sql.DeltaSparkSessionExtension.$anonfun$apply$16(DeltaSparkSessionExtension.scala:174)
[2024-10-05T04:14:34.585+0000] {spark_submit.py:579} INFO - at io.delta.sql.DeltaSparkSessionExtension.$anonfun$apply$16$adapted(DeltaSparkSessionExtension.scala:172)
[2024-10-05T04:14:34.585+0000] {spark_submit.py:579} INFO - at scala.collection.immutable.List.foreach(List.scala:431)
[2024-10-05T04:14:34.585+0000] {spark_submit.py:579} INFO - at io.delta.sql.DeltaSparkSessionExtension.apply(DeltaSparkSessionExtension.scala:172)
[2024-10-05T04:14:34.585+0000] {spark_submit.py:579} INFO - at io.delta.sql.DeltaSparkSessionExtension.apply(DeltaSparkSessionExtension.scala:82)
[2024-10-05T04:14:34.586+0000] {spark_submit.py:579} INFO - at org.apache.spark.sql.SparkSession$.$anonfun$applyExtensions$2(SparkSession.scala:1370)
[2024-10-05T04:14:34.586+0000] {spark_submit.py:579} INFO - at org.apache.spark.sql.SparkSession$.$anonfun$applyExtensions$2$adapted(SparkSession.scala:1365)
[2024-10-05T04:14:34.586+0000] {spark_submit.py:579} INFO - at scala.collection.mutable.ResizableArray.foreach(ResizableArray.scala:62)
[2024-10-05T04:14:34.587+0000] {spark_submit.py:579} INFO - at scala.collection.mutable.ResizableArray.foreach$(ResizableArray.scala:55)
[2024-10-05T04:14:34.587+0000] {spark_submit.py:579} INFO - at scala.collection.mutable.ArrayBuffer.foreach(ArrayBuffer.scala:49)
[2024-10-05T04:14:34.587+0000] {spark_submit.py:579} INFO - at org.apache.spark.sql.SparkSession$.org$apache$spark$sql$SparkSession$$applyExtensions(SparkSession.scala:1365)
[2024-10-05T04:14:34.587+0000] {spark_submit.py:579} INFO - at org.apache.spark.sql.SparkSession.<init>(SparkSession.scala:105)
[2024-10-05T04:14:34.588+0000] {spark_submit.py:579} INFO - at java.base/jdk.internal.reflect.NativeConstructorAccessorImpl.newInstance0(Native Method)
[2024-10-05T04:14:34.588+0000] {spark_submit.py:579} INFO - at java.base/jdk.internal.reflect.NativeConstructorAccessorImpl.newInstance(NativeConstructorAccessorImpl.java:62)
[2024-10-05T04:14:34.588+0000] {spark_submit.py:579} INFO - at java.base/jdk.internal.reflect.DelegatingConstructorAccessorImpl.newInstance(DelegatingConstructorAccessorImpl.java:45)
[2024-10-05T04:14:34.589+0000] {spark_submit.py:579} INFO - at java.base/java.lang.reflect.Constructor.newInstance(Constructor.java:490)
[2024-10-05T04:14:34.589+0000] {spark_submit.py:579} INFO - at py4j.reflection.MethodInvoker.invoke(MethodInvoker.java:247)
[2024-10-05T04:14:34.589+0000] {spark_submit.py:579} INFO - at py4j.reflection.ReflectionEngine.invoke(ReflectionEngine.java:374)
[2024-10-05T04:14:34.589+0000] {spark_submit.py:579} INFO - at py4j.Gateway.invoke(Gateway.java:238)
[2024-10-05T04:14:34.590+0000] {spark_submit.py:579} INFO - at py4j.commands.ConstructorCommand.invokeConstructor(ConstructorCommand.java:80)
[2024-10-05T04:14:34.590+0000] {spark_submit.py:579} INFO - at py4j.commands.ConstructorCommand.execute(ConstructorCommand.java:69)
[2024-10-05T04:14:34.591+0000] {spark_submit.py:579} INFO - at py4j.ClientServerConnection.waitForCommands(ClientServerConnection.java:182)
[2024-10-05T04:14:34.591+0000] {spark_submit.py:579} INFO - at py4j.ClientServerConnection.run(ClientServerConnection.java:106)
[2024-10-05T04:14:34.591+0000] {spark_submit.py:579} INFO - at java.base/java.lang.Thread.run(Thread.java:829)
[2024-10-05T04:14:34.591+0000] {spark_submit.py:579} INFO - Caused by: java.lang.ClassNotFoundException: scala.collection.IterableOnce
[2024-10-05T04:14:34.592+0000] {spark_submit.py:579} INFO - at java.base/java.net.URLClassLoader.findClass(URLClassLoader.java:476)
[2024-10-05T04:14:34.592+0000] {spark_submit.py:579} INFO - at java.base/java.lang.ClassLoader.loadClass(ClassLoader.java:594)
[2024-10-05T04:14:34.592+0000] {spark_submit.py:579} INFO - at java.base/java.lang.ClassLoader.loadClass(ClassLoader.java:527)
[2024-10-05T04:14:34.593+0000] {spark_submit.py:579} INFO - ... 29 more
[2024-10-05T04:14:34.604+0000] {spark_submit.py:579} INFO - Reading data from s3a://lakehouse/bronze/keywords.parquet
[2024-10-05T04:14:34.617+0000] {spark_submit.py:579} INFO - 24/10/05 04:14:34 INFO SharedState: Setting hive.metastore.warehouse.dir ('null') to the value of spark.sql.warehouse.dir.
[2024-10-05T04:14:34.621+0000] {spark_submit.py:579} INFO - 24/10/05 04:14:34 INFO SharedState: Warehouse path is 'file:/opt/***/spark-warehouse'.
[2024-10-05T04:14:36.478+0000] {spark_submit.py:579} INFO - Error during cleaning process: An error occurred while calling o57.read.
[2024-10-05T04:14:36.478+0000] {spark_submit.py:579} INFO - : java.lang.NoClassDefFoundError: scala/collection/SeqOps
[2024-10-05T04:14:36.479+0000] {spark_submit.py:579} INFO - at io.delta.sql.parser.DeltaSqlParser.<init>(DeltaSqlParser.scala:76)
[2024-10-05T04:14:36.479+0000] {spark_submit.py:579} INFO - at io.delta.sql.DeltaSparkSessionExtension.$anonfun$apply$1(DeltaSparkSessionExtension.scala:85)
[2024-10-05T04:14:36.479+0000] {spark_submit.py:579} INFO - at org.apache.spark.sql.SparkSessionExtensions.$anonfun$buildParser$1(SparkSessionExtensions.scala:329)
[2024-10-05T04:14:36.480+0000] {spark_submit.py:579} INFO - at scala.collection.IndexedSeqOptimized.foldLeft(IndexedSeqOptimized.scala:60)
[2024-10-05T04:14:36.480+0000] {spark_submit.py:579} INFO - at scala.collection.IndexedSeqOptimized.foldLeft$(IndexedSeqOptimized.scala:68)
[2024-10-05T04:14:36.480+0000] {spark_submit.py:579} INFO - at scala.collection.mutable.ArrayBuffer.foldLeft(ArrayBuffer.scala:49)
[2024-10-05T04:14:36.481+0000] {spark_submit.py:579} INFO - at org.apache.spark.sql.SparkSessionExtensions.buildParser(SparkSessionExtensions.scala:328)
[2024-10-05T04:14:36.481+0000] {spark_submit.py:579} INFO - at org.apache.spark.sql.internal.BaseSessionStateBuilder.sqlParser$lzycompute(BaseSessionStateBuilder.scala:138)
[2024-10-05T04:14:36.482+0000] {spark_submit.py:579} INFO - at org.apache.spark.sql.internal.BaseSessionStateBuilder.sqlParser(BaseSessionStateBuilder.scala:137)
[2024-10-05T04:14:36.482+0000] {spark_submit.py:579} INFO - at org.apache.spark.sql.internal.BaseSessionStateBuilder.build(BaseSessionStateBuilder.scala:374)
[2024-10-05T04:14:36.483+0000] {spark_submit.py:579} INFO - at org.apache.spark.sql.SparkSession$.org$apache$spark$sql$SparkSession$$instantiateSessionState(SparkSession.scala:1319)
[2024-10-05T04:14:36.483+0000] {spark_submit.py:579} INFO - at org.apache.spark.sql.SparkSession.$anonfun$sessionState$2(SparkSession.scala:162)
[2024-10-05T04:14:36.483+0000] {spark_submit.py:579} INFO - at scala.Option.getOrElse(Option.scala:189)
[2024-10-05T04:14:36.484+0000] {spark_submit.py:579} INFO - at org.apache.spark.sql.SparkSession.sessionState$lzycompute(SparkSession.scala:160)
[2024-10-05T04:14:36.484+0000] {spark_submit.py:579} INFO - at org.apache.spark.sql.SparkSession.sessionState(SparkSession.scala:157)
[2024-10-05T04:14:36.484+0000] {spark_submit.py:579} INFO - at org.apache.spark.sql.DataFrameReader.<init>(DataFrameReader.scala:699)
[2024-10-05T04:14:36.484+0000] {spark_submit.py:579} INFO - at org.apache.spark.sql.SparkSession.read(SparkSession.scala:783)
[2024-10-05T04:14:36.485+0000] {spark_submit.py:579} INFO - at java.base/jdk.internal.reflect.NativeMethodAccessorImpl.invoke0(Native Method)
[2024-10-05T04:14:36.485+0000] {spark_submit.py:579} INFO - at java.base/jdk.internal.reflect.NativeMethodAccessorImpl.invoke(NativeMethodAccessorImpl.java:62)
[2024-10-05T04:14:36.485+0000] {spark_submit.py:579} INFO - at java.base/jdk.internal.reflect.DelegatingMethodAccessorImpl.invoke(DelegatingMethodAccessorImpl.java:43)
[2024-10-05T04:14:36.485+0000] {spark_submit.py:579} INFO - at java.base/java.lang.reflect.Method.invoke(Method.java:566)
[2024-10-05T04:14:36.486+0000] {spark_submit.py:579} INFO - at py4j.reflection.MethodInvoker.invoke(MethodInvoker.java:244)
[2024-10-05T04:14:36.486+0000] {spark_submit.py:579} INFO - at py4j.reflection.ReflectionEngine.invoke(ReflectionEngine.java:374)
[2024-10-05T04:14:36.486+0000] {spark_submit.py:579} INFO - at py4j.Gateway.invoke(Gateway.java:282)
[2024-10-05T04:14:36.486+0000] {spark_submit.py:579} INFO - at py4j.commands.AbstractCommand.invokeMethod(AbstractCommand.java:132)
[2024-10-05T04:14:36.486+0000] {spark_submit.py:579} INFO - at py4j.commands.CallCommand.execute(CallCommand.java:79)
[2024-10-05T04:14:36.487+0000] {spark_submit.py:579} INFO - at py4j.ClientServerConnection.waitForCommands(ClientServerConnection.java:182)
[2024-10-05T04:14:36.487+0000] {spark_submit.py:579} INFO - at py4j.ClientServerConnection.run(ClientServerConnection.java:106)
[2024-10-05T04:14:36.487+0000] {spark_submit.py:579} INFO - at java.base/java.lang.Thread.run(Thread.java:829)
[2024-10-05T04:14:36.487+0000] {spark_submit.py:579} INFO - Caused by: java.lang.ClassNotFoundException: scala.collection.SeqOps
[2024-10-05T04:14:36.488+0000] {spark_submit.py:579} INFO - at java.base/java.net.URLClassLoader.findClass(URLClassLoader.java:476)
[2024-10-05T04:14:36.488+0000] {spark_submit.py:579} INFO - at java.base/java.lang.ClassLoader.loadClass(ClassLoader.java:594)
[2024-10-05T04:14:36.488+0000] {spark_submit.py:579} INFO - at java.base/java.lang.ClassLoader.loadClass(ClassLoader.java:527)
[2024-10-05T04:14:36.488+0000] {spark_submit.py:579} INFO - ... 29 more
[2024-10-05T04:14:36.489+0000] {spark_submit.py:579} INFO - 
[2024-10-05T04:14:36.489+0000] {spark_submit.py:579} INFO - 24/10/05 04:14:36 INFO SparkContext: SparkContext is stopping with exitCode 0.
[2024-10-05T04:14:36.497+0000] {spark_submit.py:579} INFO - 24/10/05 04:14:36 INFO SparkUI: Stopped Spark web UI at http://23041969bcc7:4041
[2024-10-05T04:14:36.532+0000] {spark_submit.py:579} INFO - 24/10/05 04:14:36 INFO StandaloneSchedulerBackend: Shutting down all executors
[2024-10-05T04:14:36.538+0000] {spark_submit.py:579} INFO - 24/10/05 04:14:36 INFO StandaloneSchedulerBackend$StandaloneDriverEndpoint: Asking each executor to shut down
[2024-10-05T04:14:36.563+0000] {spark_submit.py:579} INFO - 24/10/05 04:14:36 INFO MapOutputTrackerMasterEndpoint: MapOutputTrackerMasterEndpoint stopped!
[2024-10-05T04:14:36.633+0000] {spark_submit.py:579} INFO - 24/10/05 04:14:36 INFO MemoryStore: MemoryStore cleared
[2024-10-05T04:14:36.634+0000] {spark_submit.py:579} INFO - 24/10/05 04:14:36 INFO BlockManager: BlockManager stopped
[2024-10-05T04:14:36.645+0000] {spark_submit.py:579} INFO - 24/10/05 04:14:36 INFO BlockManagerMaster: BlockManagerMaster stopped
[2024-10-05T04:14:36.649+0000] {spark_submit.py:579} INFO - 24/10/05 04:14:36 INFO OutputCommitCoordinator$OutputCommitCoordinatorEndpoint: OutputCommitCoordinator stopped!
[2024-10-05T04:14:36.699+0000] {spark_submit.py:579} INFO - 24/10/05 04:14:36 INFO SparkContext: Successfully stopped SparkContext
[2024-10-05T04:14:37.202+0000] {spark_submit.py:579} INFO - 24/10/05 04:14:37 INFO ShutdownHookManager: Shutdown hook called
[2024-10-05T04:14:37.206+0000] {spark_submit.py:579} INFO - 24/10/05 04:14:37 INFO ShutdownHookManager: Deleting directory /tmp/spark-fe1632b5-3735-448d-9d01-ff741c50c9ca
[2024-10-05T04:14:37.209+0000] {spark_submit.py:579} INFO - 24/10/05 04:14:37 INFO ShutdownHookManager: Deleting directory /tmp/spark-1341059f-1163-40a7-bc2f-40b337983e1b
[2024-10-05T04:14:37.216+0000] {spark_submit.py:579} INFO - 24/10/05 04:14:37 INFO ShutdownHookManager: Deleting directory /tmp/spark-fe1632b5-3735-448d-9d01-ff741c50c9ca/pyspark-28b6dd28-e6ba-4461-ac6e-4f8c54aaa3ac
[2024-10-05T04:14:37.275+0000] {taskinstance.py:1935} ERROR - Task failed with exception
Traceback (most recent call last):
  File "/home/airflow/.local/lib/python3.11/site-packages/airflow/providers/apache/spark/operators/spark_submit.py", line 174, in execute
    self._hook.submit(self.application)
  File "/home/airflow/.local/lib/python3.11/site-packages/airflow/providers/apache/spark/hooks/spark_submit.py", line 505, in submit
    raise AirflowException(
airflow.exceptions.AirflowException: Cannot execute: spark-submit --master spark://spark-master:7077 --conf spark.sql.extensions=io.delta.sql.DeltaSparkSessionExtension --conf spark.sql.catalog.spark_catalog=org.apache.spark.sql.delta.catalog.DeltaCatalog --jars /opt/***/jars/hadoop-aws-3.3.4.jar,/opt/***/jars/s3-2.18.41.jar,/opt/***/jars/aws-java-sdk-1.12.367.jar,/opt/***/jars/delta-spark_2.13-3.2.1.jar,/opt/***/jars/mysql-connector-java-8.0.19.jar --packages org.apache.hadoop:hadoop-aws:3.3.4,io.delta:delta-spark_2.13:3.2.1 --num-executors 2 --total-executor-cores 2 --executor-cores 2 --executor-memory 2g --driver-memory 1g --name arrow-spark --deploy-mode client /opt/***/jobs/python/test_Key.py s3a://lakehouse/bronze/keywords.parquet s3a://lakehouse/silver. Error code is: 1.
[2024-10-05T04:14:37.283+0000] {taskinstance.py:1398} INFO - Marking task as FAILED. dag_id=spark_processing_dag, task_id=silver_cleaned_keywords, execution_date=20241004T163303, start_date=20241005T041416, end_date=20241005T041437
[2024-10-05T04:14:37.283+0000] {sliver_layer.py:15} ERROR - Task spark_processing_dag__silver_cleaned_keywords__20241004 failed.
[2024-10-05T04:14:37.306+0000] {standard_task_runner.py:104} ERROR - Failed to execute job 111 for task silver_cleaned_keywords (Cannot execute: spark-submit --master spark://spark-master:7077 --conf spark.sql.extensions=io.delta.sql.DeltaSparkSessionExtension --conf spark.sql.catalog.spark_catalog=org.apache.spark.sql.delta.catalog.DeltaCatalog --jars /opt/***/jars/hadoop-aws-3.3.4.jar,/opt/***/jars/s3-2.18.41.jar,/opt/***/jars/aws-java-sdk-1.12.367.jar,/opt/***/jars/delta-spark_2.13-3.2.1.jar,/opt/***/jars/mysql-connector-java-8.0.19.jar --packages org.apache.hadoop:hadoop-aws:3.3.4,io.delta:delta-spark_2.13:3.2.1 --num-executors 2 --total-executor-cores 2 --executor-cores 2 --executor-memory 2g --driver-memory 1g --name arrow-spark --deploy-mode client /opt/***/jobs/python/test_Key.py s3a://lakehouse/bronze/keywords.parquet s3a://lakehouse/silver. Error code is: 1.; 201)
[2024-10-05T04:14:37.352+0000] {local_task_job_runner.py:228} INFO - Task exited with return code 1
[2024-10-05T04:14:37.395+0000] {taskinstance.py:2776} INFO - 0 downstream tasks scheduled from follow-on schedule check
