[2024-11-02T12:04:37.317+0000] {taskinstance.py:1157} INFO - Dependencies all met for dep_context=non-requeueable deps ti=<TaskInstance: task_credits_clean.credits_cleaned manual__2024-11-02T12:04:36.312968+00:00 [queued]>
[2024-11-02T12:04:37.326+0000] {taskinstance.py:1157} INFO - Dependencies all met for dep_context=requeueable deps ti=<TaskInstance: task_credits_clean.credits_cleaned manual__2024-11-02T12:04:36.312968+00:00 [queued]>
[2024-11-02T12:04:37.326+0000] {taskinstance.py:1359} INFO - Starting attempt 1 of 2
[2024-11-02T12:04:37.339+0000] {taskinstance.py:1380} INFO - Executing <Task(SparkSubmitOperator): credits_cleaned> on 2024-11-02 12:04:36.312968+00:00
[2024-11-02T12:04:37.344+0000] {standard_task_runner.py:57} INFO - Started process 4477 to run task
[2024-11-02T12:04:37.347+0000] {standard_task_runner.py:84} INFO - Running: ['***', 'tasks', 'run', 'task_credits_clean', 'credits_cleaned', 'manual__2024-11-02T12:04:36.312968+00:00', '--job-id', '115', '--raw', '--subdir', 'DAGS_FOLDER/credits_test.py', '--cfg-path', '/tmp/tmpbx1zayyr']
[2024-11-02T12:04:37.350+0000] {standard_task_runner.py:85} INFO - Job 115: Subtask credits_cleaned
[2024-11-02T12:04:37.400+0000] {task_command.py:415} INFO - Running <TaskInstance: task_credits_clean.credits_cleaned manual__2024-11-02T12:04:36.312968+00:00 [running]> on host ca8eb5e6736b
[2024-11-02T12:04:37.478+0000] {taskinstance.py:1660} INFO - Exporting env vars: AIRFLOW_CTX_DAG_OWNER='***' AIRFLOW_CTX_DAG_ID='task_credits_clean' AIRFLOW_CTX_TASK_ID='credits_cleaned' AIRFLOW_CTX_EXECUTION_DATE='2024-11-02T12:04:36.312968+00:00' AIRFLOW_CTX_TRY_NUMBER='1' AIRFLOW_CTX_DAG_RUN_ID='manual__2024-11-02T12:04:36.312968+00:00'
[2024-11-02T12:04:37.488+0000] {base.py:73} INFO - Using connection ID 'spark-conn' for task execution.
[2024-11-02T12:04:37.492+0000] {spark_submit.py:403} INFO - Spark-Submit cmd: spark-submit --master spark://master:7077 --conf spark.sql.extensions=io.delta.sql.DeltaSparkSessionExtension --conf spark.sql.catalog.spark_catalog=org.apache.spark.sql.delta.catalog.DeltaCatalog --jars /opt/***/jars/hadoop-aws-3.3.4.jar,/opt/***/jars/s3-2.18.41.jar,/opt/***/jars/aws-java-sdk-1.12.367.jar,/opt/***/jars/delta-core_2.12-2.4.0.jar,/opt/***/jars/delta-storage-2.2.0.jar, --packages org.apache.hadoop:hadoop-aws:3.3.4 --num-executors 2 --total-executor-cores 2 --executor-cores 2 --executor-memory 2g --driver-memory 1g --name arrow-spark --deploy-mode client /opt/***/jobs/python/test_Credit.py s3a://lakehouse/bronze/credits.parquet s3a://lakehouse/sliver/credit
[2024-11-02T12:04:37.590+0000] {spark_submit.py:579} INFO - /home/***/.local/lib/python3.11/site-packages/pyspark/bin/load-spark-env.sh: line 68: ps: command not found
[2024-11-02T12:04:39.722+0000] {spark_submit.py:579} INFO - :: loading settings :: url = jar:file:/home/***/.local/lib/python3.11/site-packages/pyspark/jars/ivy-2.5.1.jar!/org/apache/ivy/core/settings/ivysettings.xml
[2024-11-02T12:04:39.975+0000] {spark_submit.py:579} INFO - Ivy Default Cache set to: /home/***/.ivy2/cache
[2024-11-02T12:04:39.976+0000] {spark_submit.py:579} INFO - The jars for the packages stored in: /home/***/.ivy2/jars
[2024-11-02T12:04:39.987+0000] {spark_submit.py:579} INFO - org.apache.hadoop#hadoop-aws added as a dependency
[2024-11-02T12:04:39.989+0000] {spark_submit.py:579} INFO - :: resolving dependencies :: org.apache.spark#spark-submit-parent-884decac-4d7e-4e0a-8bca-448cbf71259b;1.0
[2024-11-02T12:04:39.990+0000] {spark_submit.py:579} INFO - confs: [default]
[2024-11-02T12:04:40.257+0000] {spark_submit.py:579} INFO - found org.apache.hadoop#hadoop-aws;3.3.4 in central
[2024-11-02T12:04:40.298+0000] {spark_submit.py:579} INFO - found com.amazonaws#aws-java-sdk-bundle;1.12.262 in central
[2024-11-02T12:04:40.335+0000] {spark_submit.py:579} INFO - found org.wildfly.openssl#wildfly-openssl;1.0.7.Final in central
[2024-11-02T12:04:40.370+0000] {spark_submit.py:579} INFO - :: resolution report :: resolve 366ms :: artifacts dl 15ms
[2024-11-02T12:04:40.371+0000] {spark_submit.py:579} INFO - :: modules in use:
[2024-11-02T12:04:40.373+0000] {spark_submit.py:579} INFO - com.amazonaws#aws-java-sdk-bundle;1.12.262 from central in [default]
[2024-11-02T12:04:40.374+0000] {spark_submit.py:579} INFO - org.apache.hadoop#hadoop-aws;3.3.4 from central in [default]
[2024-11-02T12:04:40.375+0000] {spark_submit.py:579} INFO - org.wildfly.openssl#wildfly-openssl;1.0.7.Final from central in [default]
[2024-11-02T12:04:40.376+0000] {spark_submit.py:579} INFO - ---------------------------------------------------------------------
[2024-11-02T12:04:40.377+0000] {spark_submit.py:579} INFO - |                  |            modules            ||   artifacts   |
[2024-11-02T12:04:40.378+0000] {spark_submit.py:579} INFO - |       conf       | number| search|dwnlded|evicted|| number|dwnlded|
[2024-11-02T12:04:40.380+0000] {spark_submit.py:579} INFO - ---------------------------------------------------------------------
[2024-11-02T12:04:40.382+0000] {spark_submit.py:579} INFO - |      default     |   3   |   0   |   0   |   0   ||   3   |   0   |
[2024-11-02T12:04:40.383+0000] {spark_submit.py:579} INFO - ---------------------------------------------------------------------
[2024-11-02T12:04:40.384+0000] {spark_submit.py:579} INFO - :: retrieving :: org.apache.spark#spark-submit-parent-884decac-4d7e-4e0a-8bca-448cbf71259b
[2024-11-02T12:04:40.387+0000] {spark_submit.py:579} INFO - confs: [default]
[2024-11-02T12:04:40.400+0000] {spark_submit.py:579} INFO - 0 artifacts copied, 3 already retrieved (0kB/19ms)
[2024-11-02T12:04:40.855+0000] {spark_submit.py:579} INFO - 24/11/02 12:04:40 WARN NativeCodeLoader: Unable to load native-hadoop library for your platform... using builtin-java classes where applicable
[2024-11-02T12:04:42.312+0000] {spark_submit.py:579} INFO - 2024-11-02 12:04:42,312 INFO: Python version on driver: 3.11.5
[2024-11-02T12:04:42.313+0000] {spark_submit.py:579} INFO - 2024-11-02 12:04:42,312 INFO: Initializing Spark session...
[2024-11-02T12:04:42.509+0000] {spark_submit.py:579} INFO - 24/11/02 12:04:42 INFO SparkContext: Running Spark version 3.4.3
[2024-11-02T12:04:42.553+0000] {spark_submit.py:579} INFO - 24/11/02 12:04:42 INFO ResourceUtils: ==============================================================
[2024-11-02T12:04:42.554+0000] {spark_submit.py:579} INFO - 24/11/02 12:04:42 INFO ResourceUtils: No custom resources configured for spark.driver.
[2024-11-02T12:04:42.554+0000] {spark_submit.py:579} INFO - 24/11/02 12:04:42 INFO ResourceUtils: ==============================================================
[2024-11-02T12:04:42.555+0000] {spark_submit.py:579} INFO - 24/11/02 12:04:42 INFO SparkContext: Submitted application: CleanCredits
[2024-11-02T12:04:42.595+0000] {spark_submit.py:579} INFO - 24/11/02 12:04:42 INFO ResourceProfile: Default ResourceProfile created, executor resources: Map(cores -> name: cores, amount: 2, script: , vendor: , memory -> name: memory, amount: 2048, script: , vendor: , offHeap -> name: offHeap, amount: 0, script: , vendor: ), task resources: Map(cpus -> name: cpus, amount: 1.0)
[2024-11-02T12:04:42.614+0000] {spark_submit.py:579} INFO - 24/11/02 12:04:42 INFO ResourceProfile: Limiting resource is cpus at 2 tasks per executor
[2024-11-02T12:04:42.618+0000] {spark_submit.py:579} INFO - 24/11/02 12:04:42 INFO ResourceProfileManager: Added ResourceProfile id: 0
[2024-11-02T12:04:42.709+0000] {spark_submit.py:579} INFO - 24/11/02 12:04:42 INFO SecurityManager: Changing view acls to: ***
[2024-11-02T12:04:42.710+0000] {spark_submit.py:579} INFO - 24/11/02 12:04:42 INFO SecurityManager: Changing modify acls to: ***
[2024-11-02T12:04:42.711+0000] {spark_submit.py:579} INFO - 24/11/02 12:04:42 INFO SecurityManager: Changing view acls groups to:
[2024-11-02T12:04:42.713+0000] {spark_submit.py:579} INFO - 24/11/02 12:04:42 INFO SecurityManager: Changing modify acls groups to:
[2024-11-02T12:04:42.714+0000] {spark_submit.py:579} INFO - 24/11/02 12:04:42 INFO SecurityManager: SecurityManager: authentication disabled; ui acls disabled; users with view permissions: ***; groups with view permissions: EMPTY; users with modify permissions: ***; groups with modify permissions: EMPTY
[2024-11-02T12:04:43.057+0000] {spark_submit.py:579} INFO - 24/11/02 12:04:43 INFO Utils: Successfully started service 'sparkDriver' on port 43563.
[2024-11-02T12:04:43.099+0000] {spark_submit.py:579} INFO - 24/11/02 12:04:43 INFO SparkEnv: Registering MapOutputTracker
[2024-11-02T12:04:43.151+0000] {spark_submit.py:579} INFO - 24/11/02 12:04:43 INFO SparkEnv: Registering BlockManagerMaster
[2024-11-02T12:04:43.176+0000] {spark_submit.py:579} INFO - 24/11/02 12:04:43 INFO BlockManagerMasterEndpoint: Using org.apache.spark.storage.DefaultTopologyMapper for getting topology information
[2024-11-02T12:04:43.177+0000] {spark_submit.py:579} INFO - 24/11/02 12:04:43 INFO BlockManagerMasterEndpoint: BlockManagerMasterEndpoint up
[2024-11-02T12:04:43.182+0000] {spark_submit.py:579} INFO - 24/11/02 12:04:43 INFO SparkEnv: Registering BlockManagerMasterHeartbeat
[2024-11-02T12:04:43.204+0000] {spark_submit.py:579} INFO - 24/11/02 12:04:43 INFO DiskBlockManager: Created local directory at /tmp/blockmgr-cf658e1b-ab45-408b-bb8a-91f81e3a444d
[2024-11-02T12:04:43.219+0000] {spark_submit.py:579} INFO - 24/11/02 12:04:43 INFO MemoryStore: MemoryStore started with capacity 434.4 MiB
[2024-11-02T12:04:43.236+0000] {spark_submit.py:579} INFO - 24/11/02 12:04:43 INFO SparkEnv: Registering OutputCommitCoordinator
[2024-11-02T12:04:43.365+0000] {spark_submit.py:579} INFO - 24/11/02 12:04:43 INFO JettyUtils: Start Jetty 0.0.0.0:4040 for SparkUI
[2024-11-02T12:04:43.427+0000] {spark_submit.py:579} INFO - 24/11/02 12:04:43 INFO Utils: Successfully started service 'SparkUI' on port 4040.
[2024-11-02T12:04:43.473+0000] {spark_submit.py:579} INFO - 24/11/02 12:04:43 INFO SparkContext: Added JAR file:///opt/***/jars/hadoop-aws-3.3.4.jar at spark://ca8eb5e6736b:43563/jars/hadoop-aws-3.3.4.jar with timestamp 1730549082495
[2024-11-02T12:04:43.475+0000] {spark_submit.py:579} INFO - 24/11/02 12:04:43 INFO SparkContext: Added JAR file:///opt/***/jars/s3-2.18.41.jar at spark://ca8eb5e6736b:43563/jars/s3-2.18.41.jar with timestamp 1730549082495
[2024-11-02T12:04:43.477+0000] {spark_submit.py:579} INFO - 24/11/02 12:04:43 INFO SparkContext: Added JAR file:///opt/***/jars/aws-java-sdk-1.12.367.jar at spark://ca8eb5e6736b:43563/jars/aws-java-sdk-1.12.367.jar with timestamp 1730549082495
[2024-11-02T12:04:43.479+0000] {spark_submit.py:579} INFO - 24/11/02 12:04:43 INFO SparkContext: Added JAR file:///opt/***/jars/delta-core_2.12-2.4.0.jar at spark://ca8eb5e6736b:43563/jars/delta-core_2.12-2.4.0.jar with timestamp 1730549082495
[2024-11-02T12:04:43.481+0000] {spark_submit.py:579} INFO - 24/11/02 12:04:43 INFO SparkContext: Added JAR file:///opt/***/jars/delta-storage-2.2.0.jar at spark://ca8eb5e6736b:43563/jars/delta-storage-2.2.0.jar with timestamp 1730549082495
[2024-11-02T12:04:43.482+0000] {spark_submit.py:579} INFO - 24/11/02 12:04:43 INFO SparkContext: Added JAR file:///home/***/.ivy2/jars/org.apache.hadoop_hadoop-aws-3.3.4.jar at spark://ca8eb5e6736b:43563/jars/org.apache.hadoop_hadoop-aws-3.3.4.jar with timestamp 1730549082495
[2024-11-02T12:04:43.483+0000] {spark_submit.py:579} INFO - 24/11/02 12:04:43 INFO SparkContext: Added JAR file:///home/***/.ivy2/jars/com.amazonaws_aws-java-sdk-bundle-1.12.262.jar at spark://ca8eb5e6736b:43563/jars/com.amazonaws_aws-java-sdk-bundle-1.12.262.jar with timestamp 1730549082495
[2024-11-02T12:04:43.484+0000] {spark_submit.py:579} INFO - 24/11/02 12:04:43 INFO SparkContext: Added JAR file:///home/***/.ivy2/jars/org.wildfly.openssl_wildfly-openssl-1.0.7.Final.jar at spark://ca8eb5e6736b:43563/jars/org.wildfly.openssl_wildfly-openssl-1.0.7.Final.jar with timestamp 1730549082495
[2024-11-02T12:04:43.487+0000] {spark_submit.py:579} INFO - 24/11/02 12:04:43 INFO SparkContext: Added file file:///home/***/.ivy2/jars/org.apache.hadoop_hadoop-aws-3.3.4.jar at spark://ca8eb5e6736b:43563/files/org.apache.hadoop_hadoop-aws-3.3.4.jar with timestamp 1730549082495
[2024-11-02T12:04:43.489+0000] {spark_submit.py:579} INFO - 24/11/02 12:04:43 INFO Utils: Copying /home/***/.ivy2/jars/org.apache.hadoop_hadoop-aws-3.3.4.jar to /tmp/spark-c17770ad-b5d1-41f4-ae0a-b855d07ae8f2/userFiles-598da534-9b25-48a7-80b6-5349bddc363e/org.apache.hadoop_hadoop-aws-3.3.4.jar
[2024-11-02T12:04:43.502+0000] {spark_submit.py:579} INFO - 24/11/02 12:04:43 INFO SparkContext: Added file file:///home/***/.ivy2/jars/com.amazonaws_aws-java-sdk-bundle-1.12.262.jar at spark://ca8eb5e6736b:43563/files/com.amazonaws_aws-java-sdk-bundle-1.12.262.jar with timestamp 1730549082495
[2024-11-02T12:04:43.502+0000] {spark_submit.py:579} INFO - 24/11/02 12:04:43 INFO Utils: Copying /home/***/.ivy2/jars/com.amazonaws_aws-java-sdk-bundle-1.12.262.jar to /tmp/spark-c17770ad-b5d1-41f4-ae0a-b855d07ae8f2/userFiles-598da534-9b25-48a7-80b6-5349bddc363e/com.amazonaws_aws-java-sdk-bundle-1.12.262.jar
[2024-11-02T12:04:43.935+0000] {spark_submit.py:579} INFO - 24/11/02 12:04:43 INFO SparkContext: Added file file:///home/***/.ivy2/jars/org.wildfly.openssl_wildfly-openssl-1.0.7.Final.jar at spark://ca8eb5e6736b:43563/files/org.wildfly.openssl_wildfly-openssl-1.0.7.Final.jar with timestamp 1730549082495
[2024-11-02T12:04:43.935+0000] {spark_submit.py:579} INFO - 24/11/02 12:04:43 INFO Utils: Copying /home/***/.ivy2/jars/org.wildfly.openssl_wildfly-openssl-1.0.7.Final.jar to /tmp/spark-c17770ad-b5d1-41f4-ae0a-b855d07ae8f2/userFiles-598da534-9b25-48a7-80b6-5349bddc363e/org.wildfly.openssl_wildfly-openssl-1.0.7.Final.jar
[2024-11-02T12:04:44.045+0000] {spark_submit.py:579} INFO - 24/11/02 12:04:44 INFO StandaloneAppClient$ClientEndpoint: Connecting to master spark://spark-master:7077...
[2024-11-02T12:04:44.093+0000] {spark_submit.py:579} INFO - 24/11/02 12:04:44 INFO TransportClientFactory: Successfully created connection to spark-master/172.19.0.4:7077 after 27 ms (0 ms spent in bootstraps)
[2024-11-02T12:04:44.186+0000] {spark_submit.py:579} INFO - 24/11/02 12:04:44 INFO StandaloneSchedulerBackend: Connected to Spark cluster with app ID app-20241102120444-0008
[2024-11-02T12:04:44.188+0000] {spark_submit.py:579} INFO - 24/11/02 12:04:44 INFO StandaloneAppClient$ClientEndpoint: Executor added: app-20241102120444-0008/0 on worker-20241102113808-172.19.0.5-42233 (172.19.0.5:42233) with 2 core(s)
[2024-11-02T12:04:44.191+0000] {spark_submit.py:579} INFO - 24/11/02 12:04:44 INFO StandaloneSchedulerBackend: Granted executor ID app-20241102120444-0008/0 on hostPort 172.19.0.5:42233 with 2 core(s), 2.0 GiB RAM
[2024-11-02T12:04:44.196+0000] {spark_submit.py:579} INFO - 24/11/02 12:04:44 INFO Utils: Successfully started service 'org.apache.spark.network.netty.NettyBlockTransferService' on port 45073.
[2024-11-02T12:04:44.197+0000] {spark_submit.py:579} INFO - 24/11/02 12:04:44 INFO NettyBlockTransferService: Server created on ca8eb5e6736b:45073
[2024-11-02T12:04:44.199+0000] {spark_submit.py:579} INFO - 24/11/02 12:04:44 INFO BlockManager: Using org.apache.spark.storage.RandomBlockReplicationPolicy for block replication policy
[2024-11-02T12:04:44.205+0000] {spark_submit.py:579} INFO - 24/11/02 12:04:44 INFO BlockManagerMaster: Registering BlockManager BlockManagerId(driver, ca8eb5e6736b, 45073, None)
[2024-11-02T12:04:44.209+0000] {spark_submit.py:579} INFO - 24/11/02 12:04:44 INFO BlockManagerMasterEndpoint: Registering block manager ca8eb5e6736b:45073 with 434.4 MiB RAM, BlockManagerId(driver, ca8eb5e6736b, 45073, None)
[2024-11-02T12:04:44.212+0000] {spark_submit.py:579} INFO - 24/11/02 12:04:44 INFO BlockManagerMaster: Registered BlockManager BlockManagerId(driver, ca8eb5e6736b, 45073, None)
[2024-11-02T12:04:44.214+0000] {spark_submit.py:579} INFO - 24/11/02 12:04:44 INFO BlockManager: Initialized BlockManager: BlockManagerId(driver, ca8eb5e6736b, 45073, None)
[2024-11-02T12:04:44.250+0000] {spark_submit.py:579} INFO - 24/11/02 12:04:44 INFO StandaloneAppClient$ClientEndpoint: Executor updated: app-20241102120444-0008/0 is now RUNNING
[2024-11-02T12:04:44.453+0000] {spark_submit.py:579} INFO - 24/11/02 12:04:44 INFO StandaloneSchedulerBackend: SchedulerBackend is ready for scheduling beginning after reached minRegisteredResourcesRatio: 0.0
[2024-11-02T12:04:44.784+0000] {spark_submit.py:579} INFO - 2024-11-02 12:04:44,784 INFO: Spark session initialized successfully.
[2024-11-02T12:04:44.785+0000] {spark_submit.py:579} INFO - 2024-11-02 12:04:44,784 INFO: Reading data from s3a://lakehouse/bronze/credits.parquet
[2024-11-02T12:04:44.793+0000] {spark_submit.py:579} INFO - 24/11/02 12:04:44 INFO SharedState: Setting hive.metastore.warehouse.dir ('null') to the value of spark.sql.warehouse.dir.
[2024-11-02T12:04:45.040+0000] {spark_submit.py:579} INFO - 24/11/02 12:04:45 WARN MetricsConfig: Cannot locate configuration: tried hadoop-metrics2-s3a-file-system.properties,hadoop-metrics2.properties
[2024-11-02T12:04:45.061+0000] {spark_submit.py:579} INFO - 24/11/02 12:04:45 INFO MetricsSystemImpl: Scheduled Metric snapshot period at 10 second(s).
[2024-11-02T12:04:45.062+0000] {spark_submit.py:579} INFO - 24/11/02 12:04:45 INFO MetricsSystemImpl: s3a-file-system metrics system started
[2024-11-02T12:04:46.483+0000] {spark_submit.py:579} INFO - 24/11/02 12:04:46 INFO SharedState: Warehouse path is 's3a://lakehouse/'.
[2024-11-02T12:04:47.171+0000] {spark_submit.py:579} INFO - 24/11/02 12:04:47 INFO StandaloneSchedulerBackend$StandaloneDriverEndpoint: Registered executor NettyRpcEndpointRef(spark-client://Executor) (172.19.0.5:35104) with ID 0,  ResourceProfileId 0
[2024-11-02T12:04:47.266+0000] {spark_submit.py:579} INFO - 24/11/02 12:04:47 INFO BlockManagerMasterEndpoint: Registering block manager 172.19.0.5:43555 with 1048.8 MiB RAM, BlockManagerId(0, 172.19.0.5, 43555, None)
[2024-11-02T12:04:48.099+0000] {spark_submit.py:579} INFO - 24/11/02 12:04:48 INFO InMemoryFileIndex: It took 102 ms to list leaf files for 1 paths.
[2024-11-02T12:04:48.694+0000] {spark_submit.py:579} INFO - 24/11/02 12:04:48 INFO SparkContext: Starting job: load at NativeMethodAccessorImpl.java:0
[2024-11-02T12:04:48.717+0000] {spark_submit.py:579} INFO - 24/11/02 12:04:48 INFO DAGScheduler: Got job 0 (load at NativeMethodAccessorImpl.java:0) with 1 output partitions
[2024-11-02T12:04:48.718+0000] {spark_submit.py:579} INFO - 24/11/02 12:04:48 INFO DAGScheduler: Final stage: ResultStage 0 (load at NativeMethodAccessorImpl.java:0)
[2024-11-02T12:04:48.718+0000] {spark_submit.py:579} INFO - 24/11/02 12:04:48 INFO DAGScheduler: Parents of final stage: List()
[2024-11-02T12:04:48.721+0000] {spark_submit.py:579} INFO - 24/11/02 12:04:48 INFO DAGScheduler: Missing parents: List()
[2024-11-02T12:04:48.728+0000] {spark_submit.py:579} INFO - 24/11/02 12:04:48 INFO DAGScheduler: Submitting ResultStage 0 (MapPartitionsRDD[1] at load at NativeMethodAccessorImpl.java:0), which has no missing parents
[2024-11-02T12:04:48.797+0000] {spark_submit.py:579} INFO - 24/11/02 12:04:48 INFO MemoryStore: Block broadcast_0 stored as values in memory (estimated size 106.9 KiB, free 434.3 MiB)
[2024-11-02T12:04:48.874+0000] {spark_submit.py:579} INFO - 24/11/02 12:04:48 INFO MemoryStore: Block broadcast_0_piece0 stored as bytes in memory (estimated size 38.9 KiB, free 434.3 MiB)
[2024-11-02T12:04:48.880+0000] {spark_submit.py:579} INFO - 24/11/02 12:04:48 INFO BlockManagerInfo: Added broadcast_0_piece0 in memory on ca8eb5e6736b:45073 (size: 38.9 KiB, free: 434.4 MiB)
[2024-11-02T12:04:48.886+0000] {spark_submit.py:579} INFO - 24/11/02 12:04:48 INFO SparkContext: Created broadcast 0 from broadcast at DAGScheduler.scala:1540
[2024-11-02T12:04:48.908+0000] {spark_submit.py:579} INFO - 24/11/02 12:04:48 INFO DAGScheduler: Submitting 1 missing tasks from ResultStage 0 (MapPartitionsRDD[1] at load at NativeMethodAccessorImpl.java:0) (first 15 tasks are for partitions Vector(0))
[2024-11-02T12:04:48.909+0000] {spark_submit.py:579} INFO - 24/11/02 12:04:48 INFO TaskSchedulerImpl: Adding task set 0.0 with 1 tasks resource profile 0
[2024-11-02T12:04:50.461+0000] {spark_submit.py:579} INFO - 24/11/02 12:04:50 INFO TaskSetManager: Starting task 0.0 in stage 0.0 (TID 0) (172.19.0.5, executor 0, partition 0, PROCESS_LOCAL, 7500 bytes)
[2024-11-02T12:04:50.698+0000] {spark_submit.py:579} INFO - 24/11/02 12:04:50 INFO BlockManagerInfo: Added broadcast_0_piece0 in memory on 172.19.0.5:43555 (size: 38.9 KiB, free: 1048.8 MiB)
[2024-11-02T12:04:50.865+0000] {spark_submit.py:579} INFO - 24/11/02 12:04:50 WARN TaskSetManager: Lost task 0.0 in stage 0.0 (TID 0) (172.19.0.5 executor 0): java.io.InvalidClassException: org.apache.spark.rdd.RDD; local class incompatible: stream classdesc serialVersionUID = -857609805308345919, local class serialVersionUID = -1432615955171021378
[2024-11-02T12:04:50.866+0000] {spark_submit.py:579} INFO - at java.base/java.io.ObjectStreamClass.initNonProxy(ObjectStreamClass.java:597)
[2024-11-02T12:04:50.866+0000] {spark_submit.py:579} INFO - at java.base/java.io.ObjectInputStream.readNonProxyDesc(ObjectInputStream.java:2051)
[2024-11-02T12:04:50.867+0000] {spark_submit.py:579} INFO - at java.base/java.io.ObjectInputStream.readClassDesc(ObjectInputStream.java:1898)
[2024-11-02T12:04:50.867+0000] {spark_submit.py:579} INFO - at java.base/java.io.ObjectInputStream.readNonProxyDesc(ObjectInputStream.java:2051)
[2024-11-02T12:04:50.868+0000] {spark_submit.py:579} INFO - at java.base/java.io.ObjectInputStream.readClassDesc(ObjectInputStream.java:1898)
[2024-11-02T12:04:50.869+0000] {spark_submit.py:579} INFO - at java.base/java.io.ObjectInputStream.readOrdinaryObject(ObjectInputStream.java:2224)
[2024-11-02T12:04:50.869+0000] {spark_submit.py:579} INFO - at java.base/java.io.ObjectInputStream.readObject0(ObjectInputStream.java:1733)
[2024-11-02T12:04:50.870+0000] {spark_submit.py:579} INFO - at java.base/java.io.ObjectInputStream$FieldValues.<init>(ObjectInputStream.java:2606)
[2024-11-02T12:04:50.871+0000] {spark_submit.py:579} INFO - at java.base/java.io.ObjectInputStream.readSerialData(ObjectInputStream.java:2457)
[2024-11-02T12:04:50.871+0000] {spark_submit.py:579} INFO - at java.base/java.io.ObjectInputStream.readOrdinaryObject(ObjectInputStream.java:2257)
[2024-11-02T12:04:50.872+0000] {spark_submit.py:579} INFO - at java.base/java.io.ObjectInputStream.readObject0(ObjectInputStream.java:1733)
[2024-11-02T12:04:50.873+0000] {spark_submit.py:579} INFO - at java.base/java.io.ObjectInputStream.readObject(ObjectInputStream.java:509)
[2024-11-02T12:04:50.873+0000] {spark_submit.py:579} INFO - at java.base/java.io.ObjectInputStream.readObject(ObjectInputStream.java:467)
[2024-11-02T12:04:50.874+0000] {spark_submit.py:579} INFO - at org.apache.spark.serializer.JavaDeserializationStream.readObject(JavaSerializer.scala:87)
[2024-11-02T12:04:50.875+0000] {spark_submit.py:579} INFO - at org.apache.spark.serializer.JavaSerializerInstance.deserialize(JavaSerializer.scala:129)
[2024-11-02T12:04:50.876+0000] {spark_submit.py:579} INFO - at org.apache.spark.scheduler.ResultTask.runTask(ResultTask.scala:85)
[2024-11-02T12:04:50.876+0000] {spark_submit.py:579} INFO - at org.apache.spark.TaskContext.runTaskWithListeners(TaskContext.scala:161)
[2024-11-02T12:04:50.877+0000] {spark_submit.py:579} INFO - at org.apache.spark.scheduler.Task.run(Task.scala:139)
[2024-11-02T12:04:50.877+0000] {spark_submit.py:579} INFO - at org.apache.spark.executor.Executor$TaskRunner.$anonfun$run$3(Executor.scala:554)
[2024-11-02T12:04:50.878+0000] {spark_submit.py:579} INFO - at org.apache.spark.util.Utils$.tryWithSafeFinally(Utils.scala:1529)
[2024-11-02T12:04:50.879+0000] {spark_submit.py:579} INFO - at org.apache.spark.executor.Executor$TaskRunner.run(Executor.scala:557)
[2024-11-02T12:04:50.880+0000] {spark_submit.py:579} INFO - at java.base/java.util.concurrent.ThreadPoolExecutor.runWorker(ThreadPoolExecutor.java:1136)
[2024-11-02T12:04:50.880+0000] {spark_submit.py:579} INFO - at java.base/java.util.concurrent.ThreadPoolExecutor$Worker.run(ThreadPoolExecutor.java:635)
[2024-11-02T12:04:50.881+0000] {spark_submit.py:579} INFO - at java.base/java.lang.Thread.run(Thread.java:840)
[2024-11-02T12:04:50.882+0000] {spark_submit.py:579} INFO - 
[2024-11-02T12:04:50.882+0000] {spark_submit.py:579} INFO - 24/11/02 12:04:50 INFO TaskSetManager: Starting task 0.1 in stage 0.0 (TID 1) (172.19.0.5, executor 0, partition 0, PROCESS_LOCAL, 7500 bytes)
[2024-11-02T12:04:50.893+0000] {spark_submit.py:579} INFO - 24/11/02 12:04:50 INFO TaskSetManager: Lost task 0.1 in stage 0.0 (TID 1) on 172.19.0.5, executor 0: java.io.InvalidClassException (org.apache.spark.rdd.RDD; local class incompatible: stream classdesc serialVersionUID = -857609805308345919, local class serialVersionUID = -1432615955171021378) [duplicate 1]
[2024-11-02T12:04:50.895+0000] {spark_submit.py:579} INFO - 24/11/02 12:04:50 INFO TaskSetManager: Starting task 0.2 in stage 0.0 (TID 2) (172.19.0.5, executor 0, partition 0, PROCESS_LOCAL, 7500 bytes)
[2024-11-02T12:04:50.912+0000] {spark_submit.py:579} INFO - 24/11/02 12:04:50 INFO TaskSetManager: Lost task 0.2 in stage 0.0 (TID 2) on 172.19.0.5, executor 0: java.io.InvalidClassException (org.apache.spark.rdd.RDD; local class incompatible: stream classdesc serialVersionUID = -857609805308345919, local class serialVersionUID = -1432615955171021378) [duplicate 2]
[2024-11-02T12:04:50.914+0000] {spark_submit.py:579} INFO - 24/11/02 12:04:50 INFO TaskSetManager: Starting task 0.3 in stage 0.0 (TID 3) (172.19.0.5, executor 0, partition 0, PROCESS_LOCAL, 7500 bytes)
[2024-11-02T12:04:50.932+0000] {spark_submit.py:579} INFO - 24/11/02 12:04:50 INFO TaskSetManager: Lost task 0.3 in stage 0.0 (TID 3) on 172.19.0.5, executor 0: java.io.InvalidClassException (org.apache.spark.rdd.RDD; local class incompatible: stream classdesc serialVersionUID = -857609805308345919, local class serialVersionUID = -1432615955171021378) [duplicate 3]
[2024-11-02T12:04:50.934+0000] {spark_submit.py:579} INFO - 24/11/02 12:04:50 ERROR TaskSetManager: Task 0 in stage 0.0 failed 4 times; aborting job
[2024-11-02T12:04:50.936+0000] {spark_submit.py:579} INFO - 24/11/02 12:04:50 INFO TaskSchedulerImpl: Removed TaskSet 0.0, whose tasks have all completed, from pool
[2024-11-02T12:04:50.939+0000] {spark_submit.py:579} INFO - 24/11/02 12:04:50 INFO TaskSchedulerImpl: Cancelling stage 0
[2024-11-02T12:04:50.939+0000] {spark_submit.py:579} INFO - 24/11/02 12:04:50 INFO TaskSchedulerImpl: Killing all running tasks in stage 0: Stage cancelled
[2024-11-02T12:04:50.942+0000] {spark_submit.py:579} INFO - 24/11/02 12:04:50 INFO DAGScheduler: ResultStage 0 (load at NativeMethodAccessorImpl.java:0) failed in 2.196 s due to Job aborted due to stage failure: Task 0 in stage 0.0 failed 4 times, most recent failure: Lost task 0.3 in stage 0.0 (TID 3) (172.19.0.5 executor 0): java.io.InvalidClassException: org.apache.spark.rdd.RDD; local class incompatible: stream classdesc serialVersionUID = -857609805308345919, local class serialVersionUID = -1432615955171021378
[2024-11-02T12:04:50.943+0000] {spark_submit.py:579} INFO - at java.base/java.io.ObjectStreamClass.initNonProxy(ObjectStreamClass.java:597)
[2024-11-02T12:04:50.943+0000] {spark_submit.py:579} INFO - at java.base/java.io.ObjectInputStream.readNonProxyDesc(ObjectInputStream.java:2051)
[2024-11-02T12:04:50.944+0000] {spark_submit.py:579} INFO - at java.base/java.io.ObjectInputStream.readClassDesc(ObjectInputStream.java:1898)
[2024-11-02T12:04:50.945+0000] {spark_submit.py:579} INFO - at java.base/java.io.ObjectInputStream.readNonProxyDesc(ObjectInputStream.java:2051)
[2024-11-02T12:04:50.945+0000] {spark_submit.py:579} INFO - at java.base/java.io.ObjectInputStream.readClassDesc(ObjectInputStream.java:1898)
[2024-11-02T12:04:50.946+0000] {spark_submit.py:579} INFO - at java.base/java.io.ObjectInputStream.readOrdinaryObject(ObjectInputStream.java:2224)
[2024-11-02T12:04:50.947+0000] {spark_submit.py:579} INFO - at java.base/java.io.ObjectInputStream.readObject0(ObjectInputStream.java:1733)
[2024-11-02T12:04:50.947+0000] {spark_submit.py:579} INFO - at java.base/java.io.ObjectInputStream$FieldValues.<init>(ObjectInputStream.java:2606)
[2024-11-02T12:04:50.948+0000] {spark_submit.py:579} INFO - at java.base/java.io.ObjectInputStream.readSerialData(ObjectInputStream.java:2457)
[2024-11-02T12:04:50.949+0000] {spark_submit.py:579} INFO - at java.base/java.io.ObjectInputStream.readOrdinaryObject(ObjectInputStream.java:2257)
[2024-11-02T12:04:50.949+0000] {spark_submit.py:579} INFO - at java.base/java.io.ObjectInputStream.readObject0(ObjectInputStream.java:1733)
[2024-11-02T12:04:50.950+0000] {spark_submit.py:579} INFO - at java.base/java.io.ObjectInputStream.readObject(ObjectInputStream.java:509)
[2024-11-02T12:04:50.951+0000] {spark_submit.py:579} INFO - at java.base/java.io.ObjectInputStream.readObject(ObjectInputStream.java:467)
[2024-11-02T12:04:50.951+0000] {spark_submit.py:579} INFO - at org.apache.spark.serializer.JavaDeserializationStream.readObject(JavaSerializer.scala:87)
[2024-11-02T12:04:50.952+0000] {spark_submit.py:579} INFO - at org.apache.spark.serializer.JavaSerializerInstance.deserialize(JavaSerializer.scala:129)
[2024-11-02T12:04:50.952+0000] {spark_submit.py:579} INFO - at org.apache.spark.scheduler.ResultTask.runTask(ResultTask.scala:85)
[2024-11-02T12:04:50.953+0000] {spark_submit.py:579} INFO - at org.apache.spark.TaskContext.runTaskWithListeners(TaskContext.scala:161)
[2024-11-02T12:04:50.953+0000] {spark_submit.py:579} INFO - at org.apache.spark.scheduler.Task.run(Task.scala:139)
[2024-11-02T12:04:50.954+0000] {spark_submit.py:579} INFO - at org.apache.spark.executor.Executor$TaskRunner.$anonfun$run$3(Executor.scala:554)
[2024-11-02T12:04:50.954+0000] {spark_submit.py:579} INFO - at org.apache.spark.util.Utils$.tryWithSafeFinally(Utils.scala:1529)
[2024-11-02T12:04:50.955+0000] {spark_submit.py:579} INFO - at org.apache.spark.executor.Executor$TaskRunner.run(Executor.scala:557)
[2024-11-02T12:04:50.955+0000] {spark_submit.py:579} INFO - at java.base/java.util.concurrent.ThreadPoolExecutor.runWorker(ThreadPoolExecutor.java:1136)
[2024-11-02T12:04:50.956+0000] {spark_submit.py:579} INFO - at java.base/java.util.concurrent.ThreadPoolExecutor$Worker.run(ThreadPoolExecutor.java:635)
[2024-11-02T12:04:50.956+0000] {spark_submit.py:579} INFO - at java.base/java.lang.Thread.run(Thread.java:840)
[2024-11-02T12:04:50.957+0000] {spark_submit.py:579} INFO - 
[2024-11-02T12:04:50.957+0000] {spark_submit.py:579} INFO - Driver stacktrace:
[2024-11-02T12:04:50.958+0000] {spark_submit.py:579} INFO - 24/11/02 12:04:50 INFO DAGScheduler: Job 0 failed: load at NativeMethodAccessorImpl.java:0, took 2.252910 s
[2024-11-02T12:04:51.117+0000] {spark_submit.py:579} INFO - 2024-11-02 12:04:51,116 ERROR: Error during cleaning process: An error occurred while calling o51.load.
[2024-11-02T12:04:51.117+0000] {spark_submit.py:579} INFO - : org.apache.spark.SparkException: Job aborted due to stage failure: Task 0 in stage 0.0 failed 4 times, most recent failure: Lost task 0.3 in stage 0.0 (TID 3) (172.19.0.5 executor 0): java.io.InvalidClassException: org.apache.spark.rdd.RDD; local class incompatible: stream classdesc serialVersionUID = -857609805308345919, local class serialVersionUID = -1432615955171021378
[2024-11-02T12:04:51.118+0000] {spark_submit.py:579} INFO - at java.base/java.io.ObjectStreamClass.initNonProxy(ObjectStreamClass.java:597)
[2024-11-02T12:04:51.118+0000] {spark_submit.py:579} INFO - at java.base/java.io.ObjectInputStream.readNonProxyDesc(ObjectInputStream.java:2051)
[2024-11-02T12:04:51.118+0000] {spark_submit.py:579} INFO - at java.base/java.io.ObjectInputStream.readClassDesc(ObjectInputStream.java:1898)
[2024-11-02T12:04:51.119+0000] {spark_submit.py:579} INFO - at java.base/java.io.ObjectInputStream.readNonProxyDesc(ObjectInputStream.java:2051)
[2024-11-02T12:04:51.119+0000] {spark_submit.py:579} INFO - at java.base/java.io.ObjectInputStream.readClassDesc(ObjectInputStream.java:1898)
[2024-11-02T12:04:51.120+0000] {spark_submit.py:579} INFO - at java.base/java.io.ObjectInputStream.readOrdinaryObject(ObjectInputStream.java:2224)
[2024-11-02T12:04:51.120+0000] {spark_submit.py:579} INFO - at java.base/java.io.ObjectInputStream.readObject0(ObjectInputStream.java:1733)
[2024-11-02T12:04:51.121+0000] {spark_submit.py:579} INFO - at java.base/java.io.ObjectInputStream$FieldValues.<init>(ObjectInputStream.java:2606)
[2024-11-02T12:04:51.121+0000] {spark_submit.py:579} INFO - at java.base/java.io.ObjectInputStream.readSerialData(ObjectInputStream.java:2457)
[2024-11-02T12:04:51.122+0000] {spark_submit.py:579} INFO - at java.base/java.io.ObjectInputStream.readOrdinaryObject(ObjectInputStream.java:2257)
[2024-11-02T12:04:51.123+0000] {spark_submit.py:579} INFO - at java.base/java.io.ObjectInputStream.readObject0(ObjectInputStream.java:1733)
[2024-11-02T12:04:51.123+0000] {spark_submit.py:579} INFO - at java.base/java.io.ObjectInputStream.readObject(ObjectInputStream.java:509)
[2024-11-02T12:04:51.124+0000] {spark_submit.py:579} INFO - at java.base/java.io.ObjectInputStream.readObject(ObjectInputStream.java:467)
[2024-11-02T12:04:51.124+0000] {spark_submit.py:579} INFO - at org.apache.spark.serializer.JavaDeserializationStream.readObject(JavaSerializer.scala:87)
[2024-11-02T12:04:51.125+0000] {spark_submit.py:579} INFO - at org.apache.spark.serializer.JavaSerializerInstance.deserialize(JavaSerializer.scala:129)
[2024-11-02T12:04:51.125+0000] {spark_submit.py:579} INFO - at org.apache.spark.scheduler.ResultTask.runTask(ResultTask.scala:85)
[2024-11-02T12:04:51.126+0000] {spark_submit.py:579} INFO - at org.apache.spark.TaskContext.runTaskWithListeners(TaskContext.scala:161)
[2024-11-02T12:04:51.126+0000] {spark_submit.py:579} INFO - at org.apache.spark.scheduler.Task.run(Task.scala:139)
[2024-11-02T12:04:51.126+0000] {spark_submit.py:579} INFO - at org.apache.spark.executor.Executor$TaskRunner.$anonfun$run$3(Executor.scala:554)
[2024-11-02T12:04:51.127+0000] {spark_submit.py:579} INFO - at org.apache.spark.util.Utils$.tryWithSafeFinally(Utils.scala:1529)
[2024-11-02T12:04:51.127+0000] {spark_submit.py:579} INFO - at org.apache.spark.executor.Executor$TaskRunner.run(Executor.scala:557)
[2024-11-02T12:04:51.127+0000] {spark_submit.py:579} INFO - at java.base/java.util.concurrent.ThreadPoolExecutor.runWorker(ThreadPoolExecutor.java:1136)
[2024-11-02T12:04:51.127+0000] {spark_submit.py:579} INFO - at java.base/java.util.concurrent.ThreadPoolExecutor$Worker.run(ThreadPoolExecutor.java:635)
[2024-11-02T12:04:51.128+0000] {spark_submit.py:579} INFO - at java.base/java.lang.Thread.run(Thread.java:840)
[2024-11-02T12:04:51.128+0000] {spark_submit.py:579} INFO - 
[2024-11-02T12:04:51.128+0000] {spark_submit.py:579} INFO - Driver stacktrace:
[2024-11-02T12:04:51.129+0000] {spark_submit.py:579} INFO - at org.apache.spark.scheduler.DAGScheduler.failJobAndIndependentStages(DAGScheduler.scala:2790)
[2024-11-02T12:04:51.129+0000] {spark_submit.py:579} INFO - at org.apache.spark.scheduler.DAGScheduler.$anonfun$abortStage$2(DAGScheduler.scala:2726)
[2024-11-02T12:04:51.129+0000] {spark_submit.py:579} INFO - at org.apache.spark.scheduler.DAGScheduler.$anonfun$abortStage$2$adapted(DAGScheduler.scala:2725)
[2024-11-02T12:04:51.129+0000] {spark_submit.py:579} INFO - at scala.collection.mutable.ResizableArray.foreach(ResizableArray.scala:62)
[2024-11-02T12:04:51.130+0000] {spark_submit.py:579} INFO - at scala.collection.mutable.ResizableArray.foreach$(ResizableArray.scala:55)
[2024-11-02T12:04:51.130+0000] {spark_submit.py:579} INFO - at scala.collection.mutable.ArrayBuffer.foreach(ArrayBuffer.scala:49)
[2024-11-02T12:04:51.130+0000] {spark_submit.py:579} INFO - at org.apache.spark.scheduler.DAGScheduler.abortStage(DAGScheduler.scala:2725)
[2024-11-02T12:04:51.131+0000] {spark_submit.py:579} INFO - at org.apache.spark.scheduler.DAGScheduler.$anonfun$handleTaskSetFailed$1(DAGScheduler.scala:1211)
[2024-11-02T12:04:51.131+0000] {spark_submit.py:579} INFO - at org.apache.spark.scheduler.DAGScheduler.$anonfun$handleTaskSetFailed$1$adapted(DAGScheduler.scala:1211)
[2024-11-02T12:04:51.131+0000] {spark_submit.py:579} INFO - at scala.Option.foreach(Option.scala:407)
[2024-11-02T12:04:51.131+0000] {spark_submit.py:579} INFO - at org.apache.spark.scheduler.DAGScheduler.handleTaskSetFailed(DAGScheduler.scala:1211)
[2024-11-02T12:04:51.132+0000] {spark_submit.py:579} INFO - at org.apache.spark.scheduler.DAGSchedulerEventProcessLoop.doOnReceive(DAGScheduler.scala:2989)
[2024-11-02T12:04:51.132+0000] {spark_submit.py:579} INFO - at org.apache.spark.scheduler.DAGSchedulerEventProcessLoop.onReceive(DAGScheduler.scala:2928)
[2024-11-02T12:04:51.133+0000] {spark_submit.py:579} INFO - at org.apache.spark.scheduler.DAGSchedulerEventProcessLoop.onReceive(DAGScheduler.scala:2917)
[2024-11-02T12:04:51.134+0000] {spark_submit.py:579} INFO - at org.apache.spark.util.EventLoop$$anon$1.run(EventLoop.scala:49)
[2024-11-02T12:04:51.134+0000] {spark_submit.py:579} INFO - at org.apache.spark.scheduler.DAGScheduler.runJob(DAGScheduler.scala:976)
[2024-11-02T12:04:51.135+0000] {spark_submit.py:579} INFO - at org.apache.spark.SparkContext.runJob(SparkContext.scala:2263)
[2024-11-02T12:04:51.136+0000] {spark_submit.py:579} INFO - at org.apache.spark.SparkContext.runJob(SparkContext.scala:2284)
[2024-11-02T12:04:51.136+0000] {spark_submit.py:579} INFO - at org.apache.spark.SparkContext.runJob(SparkContext.scala:2303)
[2024-11-02T12:04:51.137+0000] {spark_submit.py:579} INFO - at org.apache.spark.SparkContext.runJob(SparkContext.scala:2328)
[2024-11-02T12:04:51.137+0000] {spark_submit.py:579} INFO - at org.apache.spark.rdd.RDD.$anonfun$collect$1(RDD.scala:1022)
[2024-11-02T12:04:51.137+0000] {spark_submit.py:579} INFO - at org.apache.spark.rdd.RDDOperationScope$.withScope(RDDOperationScope.scala:151)
[2024-11-02T12:04:51.138+0000] {spark_submit.py:579} INFO - at org.apache.spark.rdd.RDDOperationScope$.withScope(RDDOperationScope.scala:112)
[2024-11-02T12:04:51.138+0000] {spark_submit.py:579} INFO - at org.apache.spark.rdd.RDD.withScope(RDD.scala:408)
[2024-11-02T12:04:51.138+0000] {spark_submit.py:579} INFO - at org.apache.spark.rdd.RDD.collect(RDD.scala:1021)
[2024-11-02T12:04:51.139+0000] {spark_submit.py:579} INFO - at org.apache.spark.sql.execution.datasources.SchemaMergeUtils$.mergeSchemasInParallel(SchemaMergeUtils.scala:73)
[2024-11-02T12:04:51.139+0000] {spark_submit.py:579} INFO - at org.apache.spark.sql.execution.datasources.parquet.ParquetFileFormat$.mergeSchemasInParallel(ParquetFileFormat.scala:476)
[2024-11-02T12:04:51.140+0000] {spark_submit.py:579} INFO - at org.apache.spark.sql.execution.datasources.parquet.ParquetUtils$.inferSchema(ParquetUtils.scala:132)
[2024-11-02T12:04:51.141+0000] {spark_submit.py:579} INFO - at org.apache.spark.sql.execution.datasources.parquet.ParquetFileFormat.inferSchema(ParquetFileFormat.scala:78)
[2024-11-02T12:04:51.141+0000] {spark_submit.py:579} INFO - at org.apache.spark.sql.execution.datasources.DataSource.$anonfun$getOrInferFileFormatSchema$11(DataSource.scala:208)
[2024-11-02T12:04:51.142+0000] {spark_submit.py:579} INFO - at scala.Option.orElse(Option.scala:447)
[2024-11-02T12:04:51.142+0000] {spark_submit.py:579} INFO - at org.apache.spark.sql.execution.datasources.DataSource.getOrInferFileFormatSchema(DataSource.scala:205)
[2024-11-02T12:04:51.142+0000] {spark_submit.py:579} INFO - at org.apache.spark.sql.execution.datasources.DataSource.resolveRelation(DataSource.scala:407)
[2024-11-02T12:04:51.143+0000] {spark_submit.py:579} INFO - at org.apache.spark.sql.DataFrameReader.loadV1Source(DataFrameReader.scala:229)
[2024-11-02T12:04:51.143+0000] {spark_submit.py:579} INFO - at org.apache.spark.sql.DataFrameReader.$anonfun$load$2(DataFrameReader.scala:211)
[2024-11-02T12:04:51.143+0000] {spark_submit.py:579} INFO - at scala.Option.getOrElse(Option.scala:189)
[2024-11-02T12:04:51.144+0000] {spark_submit.py:579} INFO - at org.apache.spark.sql.DataFrameReader.load(DataFrameReader.scala:211)
[2024-11-02T12:04:51.144+0000] {spark_submit.py:579} INFO - at org.apache.spark.sql.DataFrameReader.load(DataFrameReader.scala:186)
[2024-11-02T12:04:51.144+0000] {spark_submit.py:579} INFO - at java.base/jdk.internal.reflect.NativeMethodAccessorImpl.invoke0(Native Method)
[2024-11-02T12:04:51.144+0000] {spark_submit.py:579} INFO - at java.base/jdk.internal.reflect.NativeMethodAccessorImpl.invoke(NativeMethodAccessorImpl.java:62)
[2024-11-02T12:04:51.145+0000] {spark_submit.py:579} INFO - at java.base/jdk.internal.reflect.DelegatingMethodAccessorImpl.invoke(DelegatingMethodAccessorImpl.java:43)
[2024-11-02T12:04:51.145+0000] {spark_submit.py:579} INFO - at java.base/java.lang.reflect.Method.invoke(Method.java:566)
[2024-11-02T12:04:51.145+0000] {spark_submit.py:579} INFO - at py4j.reflection.MethodInvoker.invoke(MethodInvoker.java:244)
[2024-11-02T12:04:51.146+0000] {spark_submit.py:579} INFO - at py4j.reflection.ReflectionEngine.invoke(ReflectionEngine.java:374)
[2024-11-02T12:04:51.146+0000] {spark_submit.py:579} INFO - at py4j.Gateway.invoke(Gateway.java:282)
[2024-11-02T12:04:51.146+0000] {spark_submit.py:579} INFO - at py4j.commands.AbstractCommand.invokeMethod(AbstractCommand.java:132)
[2024-11-02T12:04:51.146+0000] {spark_submit.py:579} INFO - at py4j.commands.CallCommand.execute(CallCommand.java:79)
[2024-11-02T12:04:51.147+0000] {spark_submit.py:579} INFO - at py4j.ClientServerConnection.waitForCommands(ClientServerConnection.java:182)
[2024-11-02T12:04:51.147+0000] {spark_submit.py:579} INFO - at py4j.ClientServerConnection.run(ClientServerConnection.java:106)
[2024-11-02T12:04:51.147+0000] {spark_submit.py:579} INFO - at java.base/java.lang.Thread.run(Thread.java:829)
[2024-11-02T12:04:51.147+0000] {spark_submit.py:579} INFO - Caused by: java.io.InvalidClassException: org.apache.spark.rdd.RDD; local class incompatible: stream classdesc serialVersionUID = -857609805308345919, local class serialVersionUID = -1432615955171021378
[2024-11-02T12:04:51.148+0000] {spark_submit.py:579} INFO - at java.base/java.io.ObjectStreamClass.initNonProxy(ObjectStreamClass.java:597)
[2024-11-02T12:04:51.148+0000] {spark_submit.py:579} INFO - at java.base/java.io.ObjectInputStream.readNonProxyDesc(ObjectInputStream.java:2051)
[2024-11-02T12:04:51.148+0000] {spark_submit.py:579} INFO - at java.base/java.io.ObjectInputStream.readClassDesc(ObjectInputStream.java:1898)
[2024-11-02T12:04:51.149+0000] {spark_submit.py:579} INFO - at java.base/java.io.ObjectInputStream.readNonProxyDesc(ObjectInputStream.java:2051)
[2024-11-02T12:04:51.149+0000] {spark_submit.py:579} INFO - at java.base/java.io.ObjectInputStream.readClassDesc(ObjectInputStream.java:1898)
[2024-11-02T12:04:51.149+0000] {spark_submit.py:579} INFO - at java.base/java.io.ObjectInputStream.readOrdinaryObject(ObjectInputStream.java:2224)
[2024-11-02T12:04:51.150+0000] {spark_submit.py:579} INFO - at java.base/java.io.ObjectInputStream.readObject0(ObjectInputStream.java:1733)
[2024-11-02T12:04:51.150+0000] {spark_submit.py:579} INFO - at java.base/java.io.ObjectInputStream$FieldValues.<init>(ObjectInputStream.java:2606)
[2024-11-02T12:04:51.150+0000] {spark_submit.py:579} INFO - at java.base/java.io.ObjectInputStream.readSerialData(ObjectInputStream.java:2457)
[2024-11-02T12:04:51.151+0000] {spark_submit.py:579} INFO - at java.base/java.io.ObjectInputStream.readOrdinaryObject(ObjectInputStream.java:2257)
[2024-11-02T12:04:51.151+0000] {spark_submit.py:579} INFO - at java.base/java.io.ObjectInputStream.readObject0(ObjectInputStream.java:1733)
[2024-11-02T12:04:51.151+0000] {spark_submit.py:579} INFO - at java.base/java.io.ObjectInputStream.readObject(ObjectInputStream.java:509)
[2024-11-02T12:04:51.152+0000] {spark_submit.py:579} INFO - at java.base/java.io.ObjectInputStream.readObject(ObjectInputStream.java:467)
[2024-11-02T12:04:51.152+0000] {spark_submit.py:579} INFO - at org.apache.spark.serializer.JavaDeserializationStream.readObject(JavaSerializer.scala:87)
[2024-11-02T12:04:51.152+0000] {spark_submit.py:579} INFO - at org.apache.spark.serializer.JavaSerializerInstance.deserialize(JavaSerializer.scala:129)
[2024-11-02T12:04:51.152+0000] {spark_submit.py:579} INFO - at org.apache.spark.scheduler.ResultTask.runTask(ResultTask.scala:85)
[2024-11-02T12:04:51.153+0000] {spark_submit.py:579} INFO - at org.apache.spark.TaskContext.runTaskWithListeners(TaskContext.scala:161)
[2024-11-02T12:04:51.153+0000] {spark_submit.py:579} INFO - at org.apache.spark.scheduler.Task.run(Task.scala:139)
[2024-11-02T12:04:51.153+0000] {spark_submit.py:579} INFO - at org.apache.spark.executor.Executor$TaskRunner.$anonfun$run$3(Executor.scala:554)
[2024-11-02T12:04:51.153+0000] {spark_submit.py:579} INFO - at org.apache.spark.util.Utils$.tryWithSafeFinally(Utils.scala:1529)
[2024-11-02T12:04:51.154+0000] {spark_submit.py:579} INFO - at org.apache.spark.executor.Executor$TaskRunner.run(Executor.scala:557)
[2024-11-02T12:04:51.154+0000] {spark_submit.py:579} INFO - at java.base/java.util.concurrent.ThreadPoolExecutor.runWorker(ThreadPoolExecutor.java:1136)
[2024-11-02T12:04:51.154+0000] {spark_submit.py:579} INFO - at java.base/java.util.concurrent.ThreadPoolExecutor$Worker.run(ThreadPoolExecutor.java:635)
[2024-11-02T12:04:51.155+0000] {spark_submit.py:579} INFO - at java.base/java.lang.Thread.run(Thread.java:840)
[2024-11-02T12:04:51.155+0000] {spark_submit.py:579} INFO - 
[2024-11-02T12:04:51.177+0000] {spark_submit.py:579} INFO - 2024-11-02 12:04:51,177 ERROR: Traceback (most recent call last):
[2024-11-02T12:04:51.178+0000] {spark_submit.py:579} INFO - File "/opt/***/jobs/python/test_Credit.py", line 51, in clean_credits
[2024-11-02T12:04:51.178+0000] {spark_submit.py:579} INFO - df = spark.read.format("parquet").load(input_path)
[2024-11-02T12:04:51.178+0000] {spark_submit.py:579} INFO - ^^^^^^^^^^^^^^^^^^^^^^^^^^^^^^^^^^^^^^^^^^^^^
[2024-11-02T12:04:51.179+0000] {spark_submit.py:579} INFO - File "/home/***/.local/lib/python3.11/site-packages/pyspark/python/lib/pyspark.zip/pyspark/sql/readwriter.py", line 300, in load
[2024-11-02T12:04:51.179+0000] {spark_submit.py:579} INFO - return self._df(self._jreader.load(path))
[2024-11-02T12:04:51.179+0000] {spark_submit.py:579} INFO - ^^^^^^^^^^^^^^^^^^^^^^^^
[2024-11-02T12:04:51.180+0000] {spark_submit.py:579} INFO - File "/home/***/.local/lib/python3.11/site-packages/pyspark/python/lib/py4j-0.10.9.7-src.zip/py4j/java_gateway.py", line 1322, in __call__
[2024-11-02T12:04:51.180+0000] {spark_submit.py:579} INFO - return_value = get_return_value(
[2024-11-02T12:04:51.181+0000] {spark_submit.py:579} INFO - ^^^^^^^^^^^^^^^^^
[2024-11-02T12:04:51.181+0000] {spark_submit.py:579} INFO - File "/home/***/.local/lib/python3.11/site-packages/pyspark/python/lib/pyspark.zip/pyspark/errors/exceptions/captured.py", line 169, in deco
[2024-11-02T12:04:51.181+0000] {spark_submit.py:579} INFO - return f(*a, **kw)
[2024-11-02T12:04:51.182+0000] {spark_submit.py:579} INFO - ^^^^^^^^^^^
[2024-11-02T12:04:51.182+0000] {spark_submit.py:579} INFO - File "/home/***/.local/lib/python3.11/site-packages/pyspark/python/lib/py4j-0.10.9.7-src.zip/py4j/protocol.py", line 326, in get_return_value
[2024-11-02T12:04:51.182+0000] {spark_submit.py:579} INFO - raise Py4JJavaError(
[2024-11-02T12:04:51.183+0000] {spark_submit.py:579} INFO - py4j.protocol.Py4JJavaError: An error occurred while calling o51.load.
[2024-11-02T12:04:51.183+0000] {spark_submit.py:579} INFO - : org.apache.spark.SparkException: Job aborted due to stage failure: Task 0 in stage 0.0 failed 4 times, most recent failure: Lost task 0.3 in stage 0.0 (TID 3) (172.19.0.5 executor 0): java.io.InvalidClassException: org.apache.spark.rdd.RDD; local class incompatible: stream classdesc serialVersionUID = -857609805308345919, local class serialVersionUID = -1432615955171021378
[2024-11-02T12:04:51.183+0000] {spark_submit.py:579} INFO - at java.base/java.io.ObjectStreamClass.initNonProxy(ObjectStreamClass.java:597)
[2024-11-02T12:04:51.184+0000] {spark_submit.py:579} INFO - at java.base/java.io.ObjectInputStream.readNonProxyDesc(ObjectInputStream.java:2051)
[2024-11-02T12:04:51.184+0000] {spark_submit.py:579} INFO - at java.base/java.io.ObjectInputStream.readClassDesc(ObjectInputStream.java:1898)
[2024-11-02T12:04:51.185+0000] {spark_submit.py:579} INFO - at java.base/java.io.ObjectInputStream.readNonProxyDesc(ObjectInputStream.java:2051)
[2024-11-02T12:04:51.185+0000] {spark_submit.py:579} INFO - at java.base/java.io.ObjectInputStream.readClassDesc(ObjectInputStream.java:1898)
[2024-11-02T12:04:51.185+0000] {spark_submit.py:579} INFO - at java.base/java.io.ObjectInputStream.readOrdinaryObject(ObjectInputStream.java:2224)
[2024-11-02T12:04:51.186+0000] {spark_submit.py:579} INFO - at java.base/java.io.ObjectInputStream.readObject0(ObjectInputStream.java:1733)
[2024-11-02T12:04:51.186+0000] {spark_submit.py:579} INFO - at java.base/java.io.ObjectInputStream$FieldValues.<init>(ObjectInputStream.java:2606)
[2024-11-02T12:04:51.186+0000] {spark_submit.py:579} INFO - at java.base/java.io.ObjectInputStream.readSerialData(ObjectInputStream.java:2457)
[2024-11-02T12:04:51.187+0000] {spark_submit.py:579} INFO - at java.base/java.io.ObjectInputStream.readOrdinaryObject(ObjectInputStream.java:2257)
[2024-11-02T12:04:51.187+0000] {spark_submit.py:579} INFO - at java.base/java.io.ObjectInputStream.readObject0(ObjectInputStream.java:1733)
[2024-11-02T12:04:51.187+0000] {spark_submit.py:579} INFO - at java.base/java.io.ObjectInputStream.readObject(ObjectInputStream.java:509)
[2024-11-02T12:04:51.188+0000] {spark_submit.py:579} INFO - at java.base/java.io.ObjectInputStream.readObject(ObjectInputStream.java:467)
[2024-11-02T12:04:51.188+0000] {spark_submit.py:579} INFO - at org.apache.spark.serializer.JavaDeserializationStream.readObject(JavaSerializer.scala:87)
[2024-11-02T12:04:51.189+0000] {spark_submit.py:579} INFO - at org.apache.spark.serializer.JavaSerializerInstance.deserialize(JavaSerializer.scala:129)
[2024-11-02T12:04:51.189+0000] {spark_submit.py:579} INFO - at org.apache.spark.scheduler.ResultTask.runTask(ResultTask.scala:85)
[2024-11-02T12:04:51.190+0000] {spark_submit.py:579} INFO - at org.apache.spark.TaskContext.runTaskWithListeners(TaskContext.scala:161)
[2024-11-02T12:04:51.190+0000] {spark_submit.py:579} INFO - at org.apache.spark.scheduler.Task.run(Task.scala:139)
[2024-11-02T12:04:51.191+0000] {spark_submit.py:579} INFO - at org.apache.spark.executor.Executor$TaskRunner.$anonfun$run$3(Executor.scala:554)
[2024-11-02T12:04:51.191+0000] {spark_submit.py:579} INFO - at org.apache.spark.util.Utils$.tryWithSafeFinally(Utils.scala:1529)
[2024-11-02T12:04:51.192+0000] {spark_submit.py:579} INFO - at org.apache.spark.executor.Executor$TaskRunner.run(Executor.scala:557)
[2024-11-02T12:04:51.192+0000] {spark_submit.py:579} INFO - at java.base/java.util.concurrent.ThreadPoolExecutor.runWorker(ThreadPoolExecutor.java:1136)
[2024-11-02T12:04:51.193+0000] {spark_submit.py:579} INFO - at java.base/java.util.concurrent.ThreadPoolExecutor$Worker.run(ThreadPoolExecutor.java:635)
[2024-11-02T12:04:51.193+0000] {spark_submit.py:579} INFO - at java.base/java.lang.Thread.run(Thread.java:840)
[2024-11-02T12:04:51.194+0000] {spark_submit.py:579} INFO - 
[2024-11-02T12:04:51.194+0000] {spark_submit.py:579} INFO - Driver stacktrace:
[2024-11-02T12:04:51.194+0000] {spark_submit.py:579} INFO - at org.apache.spark.scheduler.DAGScheduler.failJobAndIndependentStages(DAGScheduler.scala:2790)
[2024-11-02T12:04:51.195+0000] {spark_submit.py:579} INFO - at org.apache.spark.scheduler.DAGScheduler.$anonfun$abortStage$2(DAGScheduler.scala:2726)
[2024-11-02T12:04:51.195+0000] {spark_submit.py:579} INFO - at org.apache.spark.scheduler.DAGScheduler.$anonfun$abortStage$2$adapted(DAGScheduler.scala:2725)
[2024-11-02T12:04:51.196+0000] {spark_submit.py:579} INFO - at scala.collection.mutable.ResizableArray.foreach(ResizableArray.scala:62)
[2024-11-02T12:04:51.197+0000] {spark_submit.py:579} INFO - at scala.collection.mutable.ResizableArray.foreach$(ResizableArray.scala:55)
[2024-11-02T12:04:51.197+0000] {spark_submit.py:579} INFO - at scala.collection.mutable.ArrayBuffer.foreach(ArrayBuffer.scala:49)
[2024-11-02T12:04:51.197+0000] {spark_submit.py:579} INFO - at org.apache.spark.scheduler.DAGScheduler.abortStage(DAGScheduler.scala:2725)
[2024-11-02T12:04:51.198+0000] {spark_submit.py:579} INFO - at org.apache.spark.scheduler.DAGScheduler.$anonfun$handleTaskSetFailed$1(DAGScheduler.scala:1211)
[2024-11-02T12:04:51.199+0000] {spark_submit.py:579} INFO - at org.apache.spark.scheduler.DAGScheduler.$anonfun$handleTaskSetFailed$1$adapted(DAGScheduler.scala:1211)
[2024-11-02T12:04:51.199+0000] {spark_submit.py:579} INFO - at scala.Option.foreach(Option.scala:407)
[2024-11-02T12:04:51.200+0000] {spark_submit.py:579} INFO - at org.apache.spark.scheduler.DAGScheduler.handleTaskSetFailed(DAGScheduler.scala:1211)
[2024-11-02T12:04:51.200+0000] {spark_submit.py:579} INFO - at org.apache.spark.scheduler.DAGSchedulerEventProcessLoop.doOnReceive(DAGScheduler.scala:2989)
[2024-11-02T12:04:51.201+0000] {spark_submit.py:579} INFO - at org.apache.spark.scheduler.DAGSchedulerEventProcessLoop.onReceive(DAGScheduler.scala:2928)
[2024-11-02T12:04:51.202+0000] {spark_submit.py:579} INFO - at org.apache.spark.scheduler.DAGSchedulerEventProcessLoop.onReceive(DAGScheduler.scala:2917)
[2024-11-02T12:04:51.203+0000] {spark_submit.py:579} INFO - at org.apache.spark.util.EventLoop$$anon$1.run(EventLoop.scala:49)
[2024-11-02T12:04:51.203+0000] {spark_submit.py:579} INFO - at org.apache.spark.scheduler.DAGScheduler.runJob(DAGScheduler.scala:976)
[2024-11-02T12:04:51.204+0000] {spark_submit.py:579} INFO - at org.apache.spark.SparkContext.runJob(SparkContext.scala:2263)
[2024-11-02T12:04:51.204+0000] {spark_submit.py:579} INFO - at org.apache.spark.SparkContext.runJob(SparkContext.scala:2284)
[2024-11-02T12:04:51.205+0000] {spark_submit.py:579} INFO - at org.apache.spark.SparkContext.runJob(SparkContext.scala:2303)
[2024-11-02T12:04:51.205+0000] {spark_submit.py:579} INFO - at org.apache.spark.SparkContext.runJob(SparkContext.scala:2328)
[2024-11-02T12:04:51.206+0000] {spark_submit.py:579} INFO - at org.apache.spark.rdd.RDD.$anonfun$collect$1(RDD.scala:1022)
[2024-11-02T12:04:51.206+0000] {spark_submit.py:579} INFO - at org.apache.spark.rdd.RDDOperationScope$.withScope(RDDOperationScope.scala:151)
[2024-11-02T12:04:51.206+0000] {spark_submit.py:579} INFO - at org.apache.spark.rdd.RDDOperationScope$.withScope(RDDOperationScope.scala:112)
[2024-11-02T12:04:51.206+0000] {spark_submit.py:579} INFO - at org.apache.spark.rdd.RDD.withScope(RDD.scala:408)
[2024-11-02T12:04:51.207+0000] {spark_submit.py:579} INFO - at org.apache.spark.rdd.RDD.collect(RDD.scala:1021)
[2024-11-02T12:04:51.208+0000] {spark_submit.py:579} INFO - at org.apache.spark.sql.execution.datasources.SchemaMergeUtils$.mergeSchemasInParallel(SchemaMergeUtils.scala:73)
[2024-11-02T12:04:51.208+0000] {spark_submit.py:579} INFO - at org.apache.spark.sql.execution.datasources.parquet.ParquetFileFormat$.mergeSchemasInParallel(ParquetFileFormat.scala:476)
[2024-11-02T12:04:51.209+0000] {spark_submit.py:579} INFO - at org.apache.spark.sql.execution.datasources.parquet.ParquetUtils$.inferSchema(ParquetUtils.scala:132)
[2024-11-02T12:04:51.210+0000] {spark_submit.py:579} INFO - at org.apache.spark.sql.execution.datasources.parquet.ParquetFileFormat.inferSchema(ParquetFileFormat.scala:78)
[2024-11-02T12:04:51.210+0000] {spark_submit.py:579} INFO - at org.apache.spark.sql.execution.datasources.DataSource.$anonfun$getOrInferFileFormatSchema$11(DataSource.scala:208)
[2024-11-02T12:04:51.211+0000] {spark_submit.py:579} INFO - at scala.Option.orElse(Option.scala:447)
[2024-11-02T12:04:51.211+0000] {spark_submit.py:579} INFO - at org.apache.spark.sql.execution.datasources.DataSource.getOrInferFileFormatSchema(DataSource.scala:205)
[2024-11-02T12:04:51.212+0000] {spark_submit.py:579} INFO - at org.apache.spark.sql.execution.datasources.DataSource.resolveRelation(DataSource.scala:407)
[2024-11-02T12:04:51.213+0000] {spark_submit.py:579} INFO - at org.apache.spark.sql.DataFrameReader.loadV1Source(DataFrameReader.scala:229)
[2024-11-02T12:04:51.214+0000] {spark_submit.py:579} INFO - at org.apache.spark.sql.DataFrameReader.$anonfun$load$2(DataFrameReader.scala:211)
[2024-11-02T12:04:51.214+0000] {spark_submit.py:579} INFO - at scala.Option.getOrElse(Option.scala:189)
[2024-11-02T12:04:51.215+0000] {spark_submit.py:579} INFO - at org.apache.spark.sql.DataFrameReader.load(DataFrameReader.scala:211)
[2024-11-02T12:04:51.216+0000] {spark_submit.py:579} INFO - at org.apache.spark.sql.DataFrameReader.load(DataFrameReader.scala:186)
[2024-11-02T12:04:51.216+0000] {spark_submit.py:579} INFO - at java.base/jdk.internal.reflect.NativeMethodAccessorImpl.invoke0(Native Method)
[2024-11-02T12:04:51.217+0000] {spark_submit.py:579} INFO - at java.base/jdk.internal.reflect.NativeMethodAccessorImpl.invoke(NativeMethodAccessorImpl.java:62)
[2024-11-02T12:04:51.218+0000] {spark_submit.py:579} INFO - at java.base/jdk.internal.reflect.DelegatingMethodAccessorImpl.invoke(DelegatingMethodAccessorImpl.java:43)
[2024-11-02T12:04:51.218+0000] {spark_submit.py:579} INFO - at java.base/java.lang.reflect.Method.invoke(Method.java:566)
[2024-11-02T12:04:51.219+0000] {spark_submit.py:579} INFO - at py4j.reflection.MethodInvoker.invoke(MethodInvoker.java:244)
[2024-11-02T12:04:51.220+0000] {spark_submit.py:579} INFO - at py4j.reflection.ReflectionEngine.invoke(ReflectionEngine.java:374)
[2024-11-02T12:04:51.220+0000] {spark_submit.py:579} INFO - at py4j.Gateway.invoke(Gateway.java:282)
[2024-11-02T12:04:51.221+0000] {spark_submit.py:579} INFO - at py4j.commands.AbstractCommand.invokeMethod(AbstractCommand.java:132)
[2024-11-02T12:04:51.222+0000] {spark_submit.py:579} INFO - at py4j.commands.CallCommand.execute(CallCommand.java:79)
[2024-11-02T12:04:51.222+0000] {spark_submit.py:579} INFO - at py4j.ClientServerConnection.waitForCommands(ClientServerConnection.java:182)
[2024-11-02T12:04:51.222+0000] {spark_submit.py:579} INFO - at py4j.ClientServerConnection.run(ClientServerConnection.java:106)
[2024-11-02T12:04:51.223+0000] {spark_submit.py:579} INFO - at java.base/java.lang.Thread.run(Thread.java:829)
[2024-11-02T12:04:51.224+0000] {spark_submit.py:579} INFO - Caused by: java.io.InvalidClassException: org.apache.spark.rdd.RDD; local class incompatible: stream classdesc serialVersionUID = -857609805308345919, local class serialVersionUID = -1432615955171021378
[2024-11-02T12:04:51.224+0000] {spark_submit.py:579} INFO - at java.base/java.io.ObjectStreamClass.initNonProxy(ObjectStreamClass.java:597)
[2024-11-02T12:04:51.225+0000] {spark_submit.py:579} INFO - at java.base/java.io.ObjectInputStream.readNonProxyDesc(ObjectInputStream.java:2051)
[2024-11-02T12:04:51.225+0000] {spark_submit.py:579} INFO - at java.base/java.io.ObjectInputStream.readClassDesc(ObjectInputStream.java:1898)
[2024-11-02T12:04:51.226+0000] {spark_submit.py:579} INFO - at java.base/java.io.ObjectInputStream.readNonProxyDesc(ObjectInputStream.java:2051)
[2024-11-02T12:04:51.227+0000] {spark_submit.py:579} INFO - at java.base/java.io.ObjectInputStream.readClassDesc(ObjectInputStream.java:1898)
[2024-11-02T12:04:51.227+0000] {spark_submit.py:579} INFO - at java.base/java.io.ObjectInputStream.readOrdinaryObject(ObjectInputStream.java:2224)
[2024-11-02T12:04:51.228+0000] {spark_submit.py:579} INFO - at java.base/java.io.ObjectInputStream.readObject0(ObjectInputStream.java:1733)
[2024-11-02T12:04:51.228+0000] {spark_submit.py:579} INFO - at java.base/java.io.ObjectInputStream$FieldValues.<init>(ObjectInputStream.java:2606)
[2024-11-02T12:04:51.229+0000] {spark_submit.py:579} INFO - at java.base/java.io.ObjectInputStream.readSerialData(ObjectInputStream.java:2457)
[2024-11-02T12:04:51.230+0000] {spark_submit.py:579} INFO - at java.base/java.io.ObjectInputStream.readOrdinaryObject(ObjectInputStream.java:2257)
[2024-11-02T12:04:51.230+0000] {spark_submit.py:579} INFO - at java.base/java.io.ObjectInputStream.readObject0(ObjectInputStream.java:1733)
[2024-11-02T12:04:51.231+0000] {spark_submit.py:579} INFO - at java.base/java.io.ObjectInputStream.readObject(ObjectInputStream.java:509)
[2024-11-02T12:04:51.232+0000] {spark_submit.py:579} INFO - at java.base/java.io.ObjectInputStream.readObject(ObjectInputStream.java:467)
[2024-11-02T12:04:51.233+0000] {spark_submit.py:579} INFO - at org.apache.spark.serializer.JavaDeserializationStream.readObject(JavaSerializer.scala:87)
[2024-11-02T12:04:51.234+0000] {spark_submit.py:579} INFO - at org.apache.spark.serializer.JavaSerializerInstance.deserialize(JavaSerializer.scala:129)
[2024-11-02T12:04:51.234+0000] {spark_submit.py:579} INFO - at org.apache.spark.scheduler.ResultTask.runTask(ResultTask.scala:85)
[2024-11-02T12:04:51.235+0000] {spark_submit.py:579} INFO - at org.apache.spark.TaskContext.runTaskWithListeners(TaskContext.scala:161)
[2024-11-02T12:04:51.235+0000] {spark_submit.py:579} INFO - at org.apache.spark.scheduler.Task.run(Task.scala:139)
[2024-11-02T12:04:51.236+0000] {spark_submit.py:579} INFO - at org.apache.spark.executor.Executor$TaskRunner.$anonfun$run$3(Executor.scala:554)
[2024-11-02T12:04:51.236+0000] {spark_submit.py:579} INFO - at org.apache.spark.util.Utils$.tryWithSafeFinally(Utils.scala:1529)
[2024-11-02T12:04:51.237+0000] {spark_submit.py:579} INFO - at org.apache.spark.executor.Executor$TaskRunner.run(Executor.scala:557)
[2024-11-02T12:04:51.237+0000] {spark_submit.py:579} INFO - at java.base/java.util.concurrent.ThreadPoolExecutor.runWorker(ThreadPoolExecutor.java:1136)
[2024-11-02T12:04:51.238+0000] {spark_submit.py:579} INFO - at java.base/java.util.concurrent.ThreadPoolExecutor$Worker.run(ThreadPoolExecutor.java:635)
[2024-11-02T12:04:51.238+0000] {spark_submit.py:579} INFO - at java.base/java.lang.Thread.run(Thread.java:840)
[2024-11-02T12:04:51.238+0000] {spark_submit.py:579} INFO - 
[2024-11-02T12:04:51.238+0000] {spark_submit.py:579} INFO - 
[2024-11-02T12:04:51.239+0000] {spark_submit.py:579} INFO - 24/11/02 12:04:51 INFO SparkContext: SparkContext is stopping with exitCode 0.
[2024-11-02T12:04:51.239+0000] {spark_submit.py:579} INFO - 24/11/02 12:04:51 INFO SparkUI: Stopped Spark web UI at http://ca8eb5e6736b:4040
[2024-11-02T12:04:51.239+0000] {spark_submit.py:579} INFO - 24/11/02 12:04:51 INFO StandaloneSchedulerBackend: Shutting down all executors
[2024-11-02T12:04:51.240+0000] {spark_submit.py:579} INFO - 24/11/02 12:04:51 INFO StandaloneSchedulerBackend$StandaloneDriverEndpoint: Asking each executor to shut down
[2024-11-02T12:04:51.240+0000] {spark_submit.py:579} INFO - 24/11/02 12:04:51 INFO MapOutputTrackerMasterEndpoint: MapOutputTrackerMasterEndpoint stopped!
[2024-11-02T12:04:51.246+0000] {spark_submit.py:579} INFO - 24/11/02 12:04:51 INFO MemoryStore: MemoryStore cleared
[2024-11-02T12:04:51.246+0000] {spark_submit.py:579} INFO - 24/11/02 12:04:51 INFO BlockManager: BlockManager stopped
[2024-11-02T12:04:51.253+0000] {spark_submit.py:579} INFO - 24/11/02 12:04:51 INFO BlockManagerMaster: BlockManagerMaster stopped
[2024-11-02T12:04:51.256+0000] {spark_submit.py:579} INFO - 24/11/02 12:04:51 INFO OutputCommitCoordinator$OutputCommitCoordinatorEndpoint: OutputCommitCoordinator stopped!
[2024-11-02T12:04:51.314+0000] {spark_submit.py:579} INFO - 24/11/02 12:04:51 INFO SparkContext: Successfully stopped SparkContext
[2024-11-02T12:04:51.497+0000] {spark_submit.py:579} INFO - 2024-11-02 12:04:51,497 INFO: Closing down clientserver connection
[2024-11-02T12:04:51.565+0000] {spark_submit.py:579} INFO - 24/11/02 12:04:51 INFO ShutdownHookManager: Shutdown hook called
[2024-11-02T12:04:51.567+0000] {spark_submit.py:579} INFO - 24/11/02 12:04:51 INFO ShutdownHookManager: Deleting directory /tmp/spark-c17770ad-b5d1-41f4-ae0a-b855d07ae8f2/pyspark-39215c66-1e9e-46cc-a36c-475fb3500712
[2024-11-02T12:04:51.572+0000] {spark_submit.py:579} INFO - 24/11/02 12:04:51 INFO ShutdownHookManager: Deleting directory /tmp/spark-c17770ad-b5d1-41f4-ae0a-b855d07ae8f2
[2024-11-02T12:04:51.577+0000] {spark_submit.py:579} INFO - 24/11/02 12:04:51 INFO ShutdownHookManager: Deleting directory /tmp/spark-1bc87363-056d-4a4a-b296-55e9a5ada6e4
[2024-11-02T12:04:51.584+0000] {spark_submit.py:579} INFO - 24/11/02 12:04:51 INFO MetricsSystemImpl: Stopping s3a-file-system metrics system...
[2024-11-02T12:04:51.585+0000] {spark_submit.py:579} INFO - 24/11/02 12:04:51 INFO MetricsSystemImpl: s3a-file-system metrics system stopped.
[2024-11-02T12:04:51.586+0000] {spark_submit.py:579} INFO - 24/11/02 12:04:51 INFO MetricsSystemImpl: s3a-file-system metrics system shutdown complete.
[2024-11-02T12:04:51.644+0000] {taskinstance.py:1935} ERROR - Task failed with exception
Traceback (most recent call last):
  File "/home/airflow/.local/lib/python3.11/site-packages/airflow/providers/apache/spark/operators/spark_submit.py", line 174, in execute
    self._hook.submit(self.application)
  File "/home/airflow/.local/lib/python3.11/site-packages/airflow/providers/apache/spark/hooks/spark_submit.py", line 505, in submit
    raise AirflowException(
airflow.exceptions.AirflowException: Cannot execute: spark-submit --master spark://master:7077 --conf spark.sql.extensions=io.delta.sql.DeltaSparkSessionExtension --conf spark.sql.catalog.spark_catalog=org.apache.spark.sql.delta.catalog.DeltaCatalog --jars /opt/***/jars/hadoop-aws-3.3.4.jar,/opt/***/jars/s3-2.18.41.jar,/opt/***/jars/aws-java-sdk-1.12.367.jar,/opt/***/jars/delta-core_2.12-2.4.0.jar,/opt/***/jars/delta-storage-2.2.0.jar, --packages org.apache.hadoop:hadoop-aws:3.3.4 --num-executors 2 --total-executor-cores 2 --executor-cores 2 --executor-memory 2g --driver-memory 1g --name arrow-spark --deploy-mode client /opt/***/jobs/python/test_Credit.py s3a://lakehouse/bronze/credits.parquet s3a://lakehouse/sliver/credit. Error code is: 1.
[2024-11-02T12:04:51.648+0000] {taskinstance.py:1398} INFO - Marking task as UP_FOR_RETRY. dag_id=task_credits_clean, task_id=credits_cleaned, execution_date=20241102T120436, start_date=20241102T120437, end_date=20241102T120451
[2024-11-02T12:04:51.661+0000] {standard_task_runner.py:104} ERROR - Failed to execute job 115 for task credits_cleaned (Cannot execute: spark-submit --master spark://master:7077 --conf spark.sql.extensions=io.delta.sql.DeltaSparkSessionExtension --conf spark.sql.catalog.spark_catalog=org.apache.spark.sql.delta.catalog.DeltaCatalog --jars /opt/***/jars/hadoop-aws-3.3.4.jar,/opt/***/jars/s3-2.18.41.jar,/opt/***/jars/aws-java-sdk-1.12.367.jar,/opt/***/jars/delta-core_2.12-2.4.0.jar,/opt/***/jars/delta-storage-2.2.0.jar, --packages org.apache.hadoop:hadoop-aws:3.3.4 --num-executors 2 --total-executor-cores 2 --executor-cores 2 --executor-memory 2g --driver-memory 1g --name arrow-spark --deploy-mode client /opt/***/jobs/python/test_Credit.py s3a://lakehouse/bronze/credits.parquet s3a://lakehouse/sliver/credit. Error code is: 1.; 4477)
[2024-11-02T12:04:51.676+0000] {local_task_job_runner.py:228} INFO - Task exited with return code 1
[2024-11-02T12:04:51.691+0000] {taskinstance.py:2776} INFO - 0 downstream tasks scheduled from follow-on schedule check
