[2024-10-04T13:16:49.212+0000] {taskinstance.py:1157} INFO - Dependencies all met for dep_context=non-requeueable deps ti=<TaskInstance: spark_processing_dag.silver_cleaned_keywords manual__2024-10-04T13:11:43.010250+00:00 [queued]>
[2024-10-04T13:16:49.220+0000] {taskinstance.py:1157} INFO - Dependencies all met for dep_context=requeueable deps ti=<TaskInstance: spark_processing_dag.silver_cleaned_keywords manual__2024-10-04T13:11:43.010250+00:00 [queued]>
[2024-10-04T13:16:49.221+0000] {taskinstance.py:1359} INFO - Starting attempt 2 of 2
[2024-10-04T13:16:49.232+0000] {taskinstance.py:1380} INFO - Executing <Task(SparkSubmitOperator): silver_cleaned_keywords> on 2024-10-04 13:11:43.010250+00:00
[2024-10-04T13:16:49.237+0000] {standard_task_runner.py:57} INFO - Started process 857 to run task
[2024-10-04T13:16:49.239+0000] {standard_task_runner.py:84} INFO - Running: ['***', 'tasks', 'run', 'spark_processing_dag', 'silver_cleaned_keywords', 'manual__2024-10-04T13:11:43.010250+00:00', '--job-id', '56', '--raw', '--subdir', 'DAGS_FOLDER/sliver_layer.py', '--cfg-path', '/tmp/tmp9ighyjif']
[2024-10-04T13:16:49.241+0000] {standard_task_runner.py:85} INFO - Job 56: Subtask silver_cleaned_keywords
[2024-10-04T13:16:49.284+0000] {task_command.py:415} INFO - Running <TaskInstance: spark_processing_dag.silver_cleaned_keywords manual__2024-10-04T13:11:43.010250+00:00 [running]> on host 5d3c8cf16fd2
[2024-10-04T13:16:49.344+0000] {taskinstance.py:1660} INFO - Exporting env vars: AIRFLOW_CTX_DAG_OWNER='***' AIRFLOW_CTX_DAG_ID='spark_processing_dag' AIRFLOW_CTX_TASK_ID='silver_cleaned_keywords' AIRFLOW_CTX_EXECUTION_DATE='2024-10-04T13:11:43.010250+00:00' AIRFLOW_CTX_TRY_NUMBER='2' AIRFLOW_CTX_DAG_RUN_ID='manual__2024-10-04T13:11:43.010250+00:00'
[2024-10-04T13:16:49.353+0000] {base.py:73} INFO - Using connection ID 'spark-conn' for task execution.
[2024-10-04T13:16:49.355+0000] {spark_submit.py:403} INFO - Spark-Submit cmd: spark-submit --master spark://spark-master:7077 --conf spark.sql.extensions=io.delta.sql.DeltaSparkSessionExtension --conf spark.sql.catalog.spark_catalog=org.apache.spark.sql.delta.catalog.DeltaCatalog --jars /opt/bitnami/spark/jars/hadoop-aws-3.3.4.jar,/opt/bitnami/spark/jars/s3-2.18.41.jar,/opt/bitnami/spark/jars/aws-java-sdk-1.12.367.jar,/opt/bitnami/spark/jars/delta-core_2.12-2.2.0.jar,/opt/bitnami/spark/jars/delta-storage-2.2.0.jar,/opt/bitnami/spark/jars/mysql-connector-java-8.0.19.jar --packages org.apache.hadoop:hadoop-aws:3.3.4 --num-executors 2 --total-executor-cores 2 --executor-cores 2 --executor-memory 2g --driver-memory 1g --name arrow-spark --deploy-mode client jobs/python/test_Key.py
[2024-10-04T13:16:49.430+0000] {spark_submit.py:579} INFO - /home/***/.local/lib/python3.11/site-packages/pyspark/bin/load-spark-env.sh: line 68: ps: command not found
[2024-10-04T13:16:50.834+0000] {spark_submit.py:579} INFO - :: loading settings :: url = jar:file:/home/***/.local/lib/python3.11/site-packages/pyspark/jars/ivy-2.5.1.jar!/org/apache/ivy/core/settings/ivysettings.xml
[2024-10-04T13:16:50.910+0000] {spark_submit.py:579} INFO - Ivy Default Cache set to: /home/***/.ivy2/cache
[2024-10-04T13:16:50.911+0000] {spark_submit.py:579} INFO - The jars for the packages stored in: /home/***/.ivy2/jars
[2024-10-04T13:16:50.915+0000] {spark_submit.py:579} INFO - org.apache.hadoop#hadoop-aws added as a dependency
[2024-10-04T13:16:50.916+0000] {spark_submit.py:579} INFO - :: resolving dependencies :: org.apache.spark#spark-submit-parent-7f4d1a9c-67e2-47ab-9c87-d640939e49c0;1.0
[2024-10-04T13:16:50.916+0000] {spark_submit.py:579} INFO - confs: [default]
[2024-10-04T13:16:51.023+0000] {spark_submit.py:579} INFO - found org.apache.hadoop#hadoop-aws;3.3.4 in central
[2024-10-04T13:16:51.039+0000] {spark_submit.py:579} INFO - found com.amazonaws#aws-java-sdk-bundle;1.12.262 in central
[2024-10-04T13:16:51.056+0000] {spark_submit.py:579} INFO - found org.wildfly.openssl#wildfly-openssl;1.0.7.Final in central
[2024-10-04T13:16:51.072+0000] {spark_submit.py:579} INFO - :: resolution report :: resolve 149ms :: artifacts dl 7ms
[2024-10-04T13:16:51.073+0000] {spark_submit.py:579} INFO - :: modules in use:
[2024-10-04T13:16:51.073+0000] {spark_submit.py:579} INFO - com.amazonaws#aws-java-sdk-bundle;1.12.262 from central in [default]
[2024-10-04T13:16:51.073+0000] {spark_submit.py:579} INFO - org.apache.hadoop#hadoop-aws;3.3.4 from central in [default]
[2024-10-04T13:16:51.074+0000] {spark_submit.py:579} INFO - org.wildfly.openssl#wildfly-openssl;1.0.7.Final from central in [default]
[2024-10-04T13:16:51.074+0000] {spark_submit.py:579} INFO - ---------------------------------------------------------------------
[2024-10-04T13:16:51.074+0000] {spark_submit.py:579} INFO - |                  |            modules            ||   artifacts   |
[2024-10-04T13:16:51.074+0000] {spark_submit.py:579} INFO - |       conf       | number| search|dwnlded|evicted|| number|dwnlded|
[2024-10-04T13:16:51.075+0000] {spark_submit.py:579} INFO - ---------------------------------------------------------------------
[2024-10-04T13:16:51.075+0000] {spark_submit.py:579} INFO - |      default     |   3   |   0   |   0   |   0   ||   3   |   0   |
[2024-10-04T13:16:51.075+0000] {spark_submit.py:579} INFO - ---------------------------------------------------------------------
[2024-10-04T13:16:51.075+0000] {spark_submit.py:579} INFO - :: retrieving :: org.apache.spark#spark-submit-parent-7f4d1a9c-67e2-47ab-9c87-d640939e49c0
[2024-10-04T13:16:51.076+0000] {spark_submit.py:579} INFO - confs: [default]
[2024-10-04T13:16:51.080+0000] {spark_submit.py:579} INFO - 0 artifacts copied, 3 already retrieved (0kB/4ms)
[2024-10-04T13:16:51.231+0000] {spark_submit.py:579} INFO - 24/10/04 13:16:51 WARN NativeCodeLoader: Unable to load native-hadoop library for your platform... using builtin-java classes where applicable
[2024-10-04T13:16:51.383+0000] {spark_submit.py:579} INFO - 24/10/04 13:16:51 WARN DependencyUtils: Local jar /opt/bitnami/spark/jars/hadoop-aws-3.3.4.jar does not exist, skipping.
[2024-10-04T13:16:51.383+0000] {spark_submit.py:579} INFO - 24/10/04 13:16:51 WARN DependencyUtils: Local jar /opt/bitnami/spark/jars/s3-2.18.41.jar does not exist, skipping.
[2024-10-04T13:16:51.384+0000] {spark_submit.py:579} INFO - 24/10/04 13:16:51 WARN DependencyUtils: Local jar /opt/bitnami/spark/jars/aws-java-sdk-1.12.367.jar does not exist, skipping.
[2024-10-04T13:16:51.384+0000] {spark_submit.py:579} INFO - 24/10/04 13:16:51 WARN DependencyUtils: Local jar /opt/bitnami/spark/jars/delta-core_2.12-2.2.0.jar does not exist, skipping.
[2024-10-04T13:16:51.384+0000] {spark_submit.py:579} INFO - 24/10/04 13:16:51 WARN DependencyUtils: Local jar /opt/bitnami/spark/jars/delta-storage-2.2.0.jar does not exist, skipping.
[2024-10-04T13:16:51.385+0000] {spark_submit.py:579} INFO - 24/10/04 13:16:51 WARN DependencyUtils: Local jar /opt/bitnami/spark/jars/mysql-connector-java-8.0.19.jar does not exist, skipping.
[2024-10-04T13:16:52.315+0000] {spark_submit.py:579} INFO - Usage: spark-submit clean_keywords.py <input_path> <output_path>
[2024-10-04T13:16:52.359+0000] {spark_submit.py:579} INFO - 24/10/04 13:16:52 INFO ShutdownHookManager: Shutdown hook called
[2024-10-04T13:16:52.360+0000] {spark_submit.py:579} INFO - 24/10/04 13:16:52 INFO ShutdownHookManager: Deleting directory /tmp/spark-c818b7a0-58af-43f5-a068-38bb1941b6f3
[2024-10-04T13:16:52.410+0000] {taskinstance.py:1935} ERROR - Task failed with exception
Traceback (most recent call last):
  File "/home/airflow/.local/lib/python3.11/site-packages/airflow/providers/apache/spark/operators/spark_submit.py", line 174, in execute
    self._hook.submit(self.application)
  File "/home/airflow/.local/lib/python3.11/site-packages/airflow/providers/apache/spark/hooks/spark_submit.py", line 505, in submit
    raise AirflowException(
airflow.exceptions.AirflowException: Cannot execute: spark-submit --master spark://spark-master:7077 --conf spark.sql.extensions=io.delta.sql.DeltaSparkSessionExtension --conf spark.sql.catalog.spark_catalog=org.apache.spark.sql.delta.catalog.DeltaCatalog --jars /opt/bitnami/spark/jars/hadoop-aws-3.3.4.jar,/opt/bitnami/spark/jars/s3-2.18.41.jar,/opt/bitnami/spark/jars/aws-java-sdk-1.12.367.jar,/opt/bitnami/spark/jars/delta-core_2.12-2.2.0.jar,/opt/bitnami/spark/jars/delta-storage-2.2.0.jar,/opt/bitnami/spark/jars/mysql-connector-java-8.0.19.jar --packages org.apache.hadoop:hadoop-aws:3.3.4 --num-executors 2 --total-executor-cores 2 --executor-cores 2 --executor-memory 2g --driver-memory 1g --name arrow-spark --deploy-mode client jobs/python/test_Key.py. Error code is: 1.
[2024-10-04T13:16:52.413+0000] {taskinstance.py:1398} INFO - Marking task as FAILED. dag_id=spark_processing_dag, task_id=silver_cleaned_keywords, execution_date=20241004T131143, start_date=20241004T131649, end_date=20241004T131652
[2024-10-04T13:16:52.414+0000] {sliver_layer.py:15} ERROR - Task spark_processing_dag__silver_cleaned_keywords__20241004 failed.
[2024-10-04T13:16:52.425+0000] {standard_task_runner.py:104} ERROR - Failed to execute job 56 for task silver_cleaned_keywords (Cannot execute: spark-submit --master spark://spark-master:7077 --conf spark.sql.extensions=io.delta.sql.DeltaSparkSessionExtension --conf spark.sql.catalog.spark_catalog=org.apache.spark.sql.delta.catalog.DeltaCatalog --jars /opt/bitnami/spark/jars/hadoop-aws-3.3.4.jar,/opt/bitnami/spark/jars/s3-2.18.41.jar,/opt/bitnami/spark/jars/aws-java-sdk-1.12.367.jar,/opt/bitnami/spark/jars/delta-core_2.12-2.2.0.jar,/opt/bitnami/spark/jars/delta-storage-2.2.0.jar,/opt/bitnami/spark/jars/mysql-connector-java-8.0.19.jar --packages org.apache.hadoop:hadoop-aws:3.3.4 --num-executors 2 --total-executor-cores 2 --executor-cores 2 --executor-memory 2g --driver-memory 1g --name arrow-spark --deploy-mode client jobs/python/test_Key.py. Error code is: 1.; 857)
[2024-10-04T13:16:52.467+0000] {local_task_job_runner.py:228} INFO - Task exited with return code 1
[2024-10-04T13:16:52.481+0000] {taskinstance.py:2776} INFO - 0 downstream tasks scheduled from follow-on schedule check
