[2024-11-02T01:15:52.653+0000] {taskinstance.py:1157} INFO - Dependencies all met for dep_context=non-requeueable deps ti=<TaskInstance: mergeeeee.merge_id manual__2024-11-02T01:15:50.943952+00:00 [queued]>
[2024-11-02T01:15:52.661+0000] {taskinstance.py:1157} INFO - Dependencies all met for dep_context=requeueable deps ti=<TaskInstance: mergeeeee.merge_id manual__2024-11-02T01:15:50.943952+00:00 [queued]>
[2024-11-02T01:15:52.662+0000] {taskinstance.py:1359} INFO - Starting attempt 1 of 2
[2024-11-02T01:15:52.675+0000] {taskinstance.py:1380} INFO - Executing <Task(SparkSubmitOperator): merge_id> on 2024-11-02 01:15:50.943952+00:00
[2024-11-02T01:15:52.680+0000] {standard_task_runner.py:57} INFO - Started process 10085 to run task
[2024-11-02T01:15:52.682+0000] {standard_task_runner.py:84} INFO - Running: ['***', 'tasks', 'run', 'mergeeeee', 'merge_id', 'manual__2024-11-02T01:15:50.943952+00:00', '--job-id', '59', '--raw', '--subdir', 'DAGS_FOLDER/merge_hihi.py', '--cfg-path', '/tmp/tmptz1b3x90']
[2024-11-02T01:15:52.685+0000] {standard_task_runner.py:85} INFO - Job 59: Subtask merge_id
[2024-11-02T01:15:52.744+0000] {task_command.py:415} INFO - Running <TaskInstance: mergeeeee.merge_id manual__2024-11-02T01:15:50.943952+00:00 [running]> on host ee9b80364a9a
[2024-11-02T01:15:52.827+0000] {taskinstance.py:1660} INFO - Exporting env vars: AIRFLOW_CTX_DAG_OWNER='***' AIRFLOW_CTX_DAG_ID='mergeeeee' AIRFLOW_CTX_TASK_ID='merge_id' AIRFLOW_CTX_EXECUTION_DATE='2024-11-02T01:15:50.943952+00:00' AIRFLOW_CTX_TRY_NUMBER='1' AIRFLOW_CTX_DAG_RUN_ID='manual__2024-11-02T01:15:50.943952+00:00'
[2024-11-02T01:15:52.837+0000] {base.py:73} INFO - Using connection ID 'spark-conn' for task execution.
[2024-11-02T01:15:52.839+0000] {spark_submit.py:403} INFO - Spark-Submit cmd: spark-submit --master spark://master:7077 --conf spark.sql.extensions=io.delta.sql.DeltaSparkSessionExtension --conf spark.sql.catalog.spark_catalog=org.apache.spark.sql.delta.catalog.DeltaCatalog --jars /opt/***/jars/hadoop-aws-3.3.4.jar,/opt/***/jars/s3-2.18.41.jar,/opt/***/jars/aws-java-sdk-1.12.367.jar,/opt/***/jars/delta-core_2.12-2.4.0.jar,/opt/***/jars/delta-storage-2.2.0.jar, --packages org.apache.hadoop:hadoop-aws:3.3.4 --num-executors 2 --total-executor-cores 2 --executor-cores 2 --executor-memory 2g --driver-memory 1g --name arrow-spark --deploy-mode client /opt/***/jobs/python/test_merge.py s3a://lakehouse/bronze/keywords.parquet s3a://lakehouse/bronze/movies.parquet s3a://lakehouse/bronze/credits.parquet s3a://lakehouse/silver/merged_data
[2024-11-02T01:15:52.929+0000] {spark_submit.py:579} INFO - /home/***/.local/lib/python3.11/site-packages/pyspark/bin/load-spark-env.sh: line 68: ps: command not found
[2024-11-02T01:15:54.726+0000] {spark_submit.py:579} INFO - :: loading settings :: url = jar:file:/home/***/.local/lib/python3.11/site-packages/pyspark/jars/ivy-2.5.1.jar!/org/apache/ivy/core/settings/ivysettings.xml
[2024-11-02T01:15:54.875+0000] {spark_submit.py:579} INFO - Ivy Default Cache set to: /home/***/.ivy2/cache
[2024-11-02T01:15:54.875+0000] {spark_submit.py:579} INFO - The jars for the packages stored in: /home/***/.ivy2/jars
[2024-11-02T01:15:54.882+0000] {spark_submit.py:579} INFO - org.apache.hadoop#hadoop-aws added as a dependency
[2024-11-02T01:15:54.883+0000] {spark_submit.py:579} INFO - :: resolving dependencies :: org.apache.spark#spark-submit-parent-ea25a510-643d-4858-af55-0c0a1f3a93aa;1.0
[2024-11-02T01:15:54.884+0000] {spark_submit.py:579} INFO - confs: [default]
[2024-11-02T01:15:55.050+0000] {spark_submit.py:579} INFO - found org.apache.hadoop#hadoop-aws;3.3.4 in spark-list
[2024-11-02T01:15:55.086+0000] {spark_submit.py:579} INFO - found com.amazonaws#aws-java-sdk-bundle;1.12.262 in central
[2024-11-02T01:15:55.116+0000] {spark_submit.py:579} INFO - found org.wildfly.openssl#wildfly-openssl;1.0.7.Final in central
[2024-11-02T01:15:55.140+0000] {spark_submit.py:579} INFO - :: resolution report :: resolve 249ms :: artifacts dl 8ms
[2024-11-02T01:15:55.141+0000] {spark_submit.py:579} INFO - :: modules in use:
[2024-11-02T01:15:55.142+0000] {spark_submit.py:579} INFO - com.amazonaws#aws-java-sdk-bundle;1.12.262 from central in [default]
[2024-11-02T01:15:55.143+0000] {spark_submit.py:579} INFO - org.apache.hadoop#hadoop-aws;3.3.4 from spark-list in [default]
[2024-11-02T01:15:55.144+0000] {spark_submit.py:579} INFO - org.wildfly.openssl#wildfly-openssl;1.0.7.Final from central in [default]
[2024-11-02T01:15:55.144+0000] {spark_submit.py:579} INFO - ---------------------------------------------------------------------
[2024-11-02T01:15:55.145+0000] {spark_submit.py:579} INFO - |                  |            modules            ||   artifacts   |
[2024-11-02T01:15:55.146+0000] {spark_submit.py:579} INFO - |       conf       | number| search|dwnlded|evicted|| number|dwnlded|
[2024-11-02T01:15:55.147+0000] {spark_submit.py:579} INFO - ---------------------------------------------------------------------
[2024-11-02T01:15:55.147+0000] {spark_submit.py:579} INFO - |      default     |   3   |   0   |   0   |   0   ||   3   |   0   |
[2024-11-02T01:15:55.148+0000] {spark_submit.py:579} INFO - ---------------------------------------------------------------------
[2024-11-02T01:15:55.149+0000] {spark_submit.py:579} INFO - :: retrieving :: org.apache.spark#spark-submit-parent-ea25a510-643d-4858-af55-0c0a1f3a93aa
[2024-11-02T01:15:55.150+0000] {spark_submit.py:579} INFO - confs: [default]
[2024-11-02T01:15:55.158+0000] {spark_submit.py:579} INFO - 0 artifacts copied, 3 already retrieved (0kB/8ms)
[2024-11-02T01:15:55.404+0000] {spark_submit.py:579} INFO - 24/11/02 01:15:55 WARN NativeCodeLoader: Unable to load native-hadoop library for your platform... using builtin-java classes where applicable
[2024-11-02T01:15:57.122+0000] {spark_submit.py:579} INFO - 24/11/02 01:15:57 INFO SparkContext: Running Spark version 3.4.3
[2024-11-02T01:15:57.151+0000] {spark_submit.py:579} INFO - 24/11/02 01:15:57 INFO ResourceUtils: ==============================================================
[2024-11-02T01:15:57.152+0000] {spark_submit.py:579} INFO - 24/11/02 01:15:57 INFO ResourceUtils: No custom resources configured for spark.driver.
[2024-11-02T01:15:57.152+0000] {spark_submit.py:579} INFO - 24/11/02 01:15:57 INFO ResourceUtils: ==============================================================
[2024-11-02T01:15:57.153+0000] {spark_submit.py:579} INFO - 24/11/02 01:15:57 INFO SparkContext: Submitted application: MergeData
[2024-11-02T01:15:57.179+0000] {spark_submit.py:579} INFO - 24/11/02 01:15:57 INFO ResourceProfile: Default ResourceProfile created, executor resources: Map(cores -> name: cores, amount: 2, script: , vendor: , memory -> name: memory, amount: 2048, script: , vendor: , offHeap -> name: offHeap, amount: 0, script: , vendor: ), task resources: Map(cpus -> name: cpus, amount: 1.0)
[2024-11-02T01:15:57.193+0000] {spark_submit.py:579} INFO - 24/11/02 01:15:57 INFO ResourceProfile: Limiting resource is cpus at 2 tasks per executor
[2024-11-02T01:15:57.195+0000] {spark_submit.py:579} INFO - 24/11/02 01:15:57 INFO ResourceProfileManager: Added ResourceProfile id: 0
[2024-11-02T01:15:57.257+0000] {spark_submit.py:579} INFO - 24/11/02 01:15:57 INFO SecurityManager: Changing view acls to: ***
[2024-11-02T01:15:57.258+0000] {spark_submit.py:579} INFO - 24/11/02 01:15:57 INFO SecurityManager: Changing modify acls to: ***
[2024-11-02T01:15:57.258+0000] {spark_submit.py:579} INFO - 24/11/02 01:15:57 INFO SecurityManager: Changing view acls groups to:
[2024-11-02T01:15:57.259+0000] {spark_submit.py:579} INFO - 24/11/02 01:15:57 INFO SecurityManager: Changing modify acls groups to:
[2024-11-02T01:15:57.260+0000] {spark_submit.py:579} INFO - 24/11/02 01:15:57 INFO SecurityManager: SecurityManager: authentication disabled; ui acls disabled; users with view permissions: ***; groups with view permissions: EMPTY; users with modify permissions: ***; groups with modify permissions: EMPTY
[2024-11-02T01:15:57.608+0000] {spark_submit.py:579} INFO - 24/11/02 01:15:57 INFO Utils: Successfully started service 'sparkDriver' on port 33857.
[2024-11-02T01:15:57.647+0000] {spark_submit.py:579} INFO - 24/11/02 01:15:57 INFO SparkEnv: Registering MapOutputTracker
[2024-11-02T01:15:57.689+0000] {spark_submit.py:579} INFO - 24/11/02 01:15:57 INFO SparkEnv: Registering BlockManagerMaster
[2024-11-02T01:15:57.710+0000] {spark_submit.py:579} INFO - 24/11/02 01:15:57 INFO BlockManagerMasterEndpoint: Using org.apache.spark.storage.DefaultTopologyMapper for getting topology information
[2024-11-02T01:15:57.711+0000] {spark_submit.py:579} INFO - 24/11/02 01:15:57 INFO BlockManagerMasterEndpoint: BlockManagerMasterEndpoint up
[2024-11-02T01:15:57.717+0000] {spark_submit.py:579} INFO - 24/11/02 01:15:57 INFO SparkEnv: Registering BlockManagerMasterHeartbeat
[2024-11-02T01:15:57.745+0000] {spark_submit.py:579} INFO - 24/11/02 01:15:57 INFO DiskBlockManager: Created local directory at /tmp/blockmgr-34cacd8f-1dba-46f2-945d-240ac58ffbe5
[2024-11-02T01:15:57.765+0000] {spark_submit.py:579} INFO - 24/11/02 01:15:57 INFO MemoryStore: MemoryStore started with capacity 434.4 MiB
[2024-11-02T01:15:57.786+0000] {spark_submit.py:579} INFO - 24/11/02 01:15:57 INFO SparkEnv: Registering OutputCommitCoordinator
[2024-11-02T01:15:57.959+0000] {spark_submit.py:579} INFO - 24/11/02 01:15:57 INFO JettyUtils: Start Jetty 0.0.0.0:4040 for SparkUI
[2024-11-02T01:15:58.057+0000] {spark_submit.py:579} INFO - 24/11/02 01:15:58 INFO Utils: Successfully started service 'SparkUI' on port 4040.
[2024-11-02T01:15:58.159+0000] {spark_submit.py:579} INFO - 24/11/02 01:15:58 INFO SparkContext: Added JAR file:///opt/***/jars/hadoop-aws-3.3.4.jar at spark://ee9b80364a9a:33857/jars/hadoop-aws-3.3.4.jar with timestamp 1730510157112
[2024-11-02T01:15:58.161+0000] {spark_submit.py:579} INFO - 24/11/02 01:15:58 INFO SparkContext: Added JAR file:///opt/***/jars/s3-2.18.41.jar at spark://ee9b80364a9a:33857/jars/s3-2.18.41.jar with timestamp 1730510157112
[2024-11-02T01:15:58.164+0000] {spark_submit.py:579} INFO - 24/11/02 01:15:58 INFO SparkContext: Added JAR file:///opt/***/jars/aws-java-sdk-1.12.367.jar at spark://ee9b80364a9a:33857/jars/aws-java-sdk-1.12.367.jar with timestamp 1730510157112
[2024-11-02T01:15:58.167+0000] {spark_submit.py:579} INFO - 24/11/02 01:15:58 INFO SparkContext: Added JAR file:///opt/***/jars/delta-core_2.12-2.4.0.jar at spark://ee9b80364a9a:33857/jars/delta-core_2.12-2.4.0.jar with timestamp 1730510157112
[2024-11-02T01:15:58.170+0000] {spark_submit.py:579} INFO - 24/11/02 01:15:58 INFO SparkContext: Added JAR file:///opt/***/jars/delta-storage-2.2.0.jar at spark://ee9b80364a9a:33857/jars/delta-storage-2.2.0.jar with timestamp 1730510157112
[2024-11-02T01:15:58.171+0000] {spark_submit.py:579} INFO - 24/11/02 01:15:58 INFO SparkContext: Added JAR file:///home/***/.ivy2/jars/org.apache.hadoop_hadoop-aws-3.3.4.jar at spark://ee9b80364a9a:33857/jars/org.apache.hadoop_hadoop-aws-3.3.4.jar with timestamp 1730510157112
[2024-11-02T01:15:58.171+0000] {spark_submit.py:579} INFO - 24/11/02 01:15:58 INFO SparkContext: Added JAR file:///home/***/.ivy2/jars/com.amazonaws_aws-java-sdk-bundle-1.12.262.jar at spark://ee9b80364a9a:33857/jars/com.amazonaws_aws-java-sdk-bundle-1.12.262.jar with timestamp 1730510157112
[2024-11-02T01:15:58.172+0000] {spark_submit.py:579} INFO - 24/11/02 01:15:58 INFO SparkContext: Added JAR file:///home/***/.ivy2/jars/org.wildfly.openssl_wildfly-openssl-1.0.7.Final.jar at spark://ee9b80364a9a:33857/jars/org.wildfly.openssl_wildfly-openssl-1.0.7.Final.jar with timestamp 1730510157112
[2024-11-02T01:15:58.176+0000] {spark_submit.py:579} INFO - 24/11/02 01:15:58 INFO SparkContext: Added file file:///home/***/.ivy2/jars/org.apache.hadoop_hadoop-aws-3.3.4.jar at spark://ee9b80364a9a:33857/files/org.apache.hadoop_hadoop-aws-3.3.4.jar with timestamp 1730510157112
[2024-11-02T01:15:58.180+0000] {spark_submit.py:579} INFO - 24/11/02 01:15:58 INFO Utils: Copying /home/***/.ivy2/jars/org.apache.hadoop_hadoop-aws-3.3.4.jar to /tmp/spark-12d8aa3c-b9cf-4b54-9b15-1d52e7b69508/userFiles-ac1df1e0-0c57-46cf-a7c0-56a018b01b3d/org.apache.hadoop_hadoop-aws-3.3.4.jar
[2024-11-02T01:15:58.195+0000] {spark_submit.py:579} INFO - 24/11/02 01:15:58 INFO SparkContext: Added file file:///home/***/.ivy2/jars/com.amazonaws_aws-java-sdk-bundle-1.12.262.jar at spark://ee9b80364a9a:33857/files/com.amazonaws_aws-java-sdk-bundle-1.12.262.jar with timestamp 1730510157112
[2024-11-02T01:15:58.196+0000] {spark_submit.py:579} INFO - 24/11/02 01:15:58 INFO Utils: Copying /home/***/.ivy2/jars/com.amazonaws_aws-java-sdk-bundle-1.12.262.jar to /tmp/spark-12d8aa3c-b9cf-4b54-9b15-1d52e7b69508/userFiles-ac1df1e0-0c57-46cf-a7c0-56a018b01b3d/com.amazonaws_aws-java-sdk-bundle-1.12.262.jar
[2024-11-02T01:15:58.533+0000] {spark_submit.py:579} INFO - 24/11/02 01:15:58 INFO SparkContext: Added file file:///home/***/.ivy2/jars/org.wildfly.openssl_wildfly-openssl-1.0.7.Final.jar at spark://ee9b80364a9a:33857/files/org.wildfly.openssl_wildfly-openssl-1.0.7.Final.jar with timestamp 1730510157112
[2024-11-02T01:15:58.533+0000] {spark_submit.py:579} INFO - 24/11/02 01:15:58 INFO Utils: Copying /home/***/.ivy2/jars/org.wildfly.openssl_wildfly-openssl-1.0.7.Final.jar to /tmp/spark-12d8aa3c-b9cf-4b54-9b15-1d52e7b69508/userFiles-ac1df1e0-0c57-46cf-a7c0-56a018b01b3d/org.wildfly.openssl_wildfly-openssl-1.0.7.Final.jar
[2024-11-02T01:15:58.680+0000] {spark_submit.py:579} INFO - 24/11/02 01:15:58 INFO StandaloneAppClient$ClientEndpoint: Connecting to master spark://spark-master:7077...
[2024-11-02T01:15:58.747+0000] {spark_submit.py:579} INFO - 24/11/02 01:15:58 INFO TransportClientFactory: Successfully created connection to spark-master/172.19.0.2:7077 after 38 ms (0 ms spent in bootstraps)
[2024-11-02T01:15:58.844+0000] {spark_submit.py:579} INFO - 24/11/02 01:15:58 INFO StandaloneSchedulerBackend: Connected to Spark cluster with app ID app-20241102011558-0031
[2024-11-02T01:15:58.846+0000] {spark_submit.py:579} INFO - 24/11/02 01:15:58 INFO StandaloneAppClient$ClientEndpoint: Executor added: app-20241102011558-0031/0 on worker-20241102003302-172.19.0.5-34939 (172.19.0.5:34939) with 2 core(s)
[2024-11-02T01:15:58.850+0000] {spark_submit.py:579} INFO - 24/11/02 01:15:58 INFO StandaloneSchedulerBackend: Granted executor ID app-20241102011558-0031/0 on hostPort 172.19.0.5:34939 with 2 core(s), 2.0 GiB RAM
[2024-11-02T01:15:58.855+0000] {spark_submit.py:579} INFO - 24/11/02 01:15:58 INFO Utils: Successfully started service 'org.apache.spark.network.netty.NettyBlockTransferService' on port 38733.
[2024-11-02T01:15:58.856+0000] {spark_submit.py:579} INFO - 24/11/02 01:15:58 INFO NettyBlockTransferService: Server created on ee9b80364a9a:38733
[2024-11-02T01:15:58.859+0000] {spark_submit.py:579} INFO - 24/11/02 01:15:58 INFO BlockManager: Using org.apache.spark.storage.RandomBlockReplicationPolicy for block replication policy
[2024-11-02T01:15:58.869+0000] {spark_submit.py:579} INFO - 24/11/02 01:15:58 INFO BlockManagerMaster: Registering BlockManager BlockManagerId(driver, ee9b80364a9a, 38733, None)
[2024-11-02T01:15:58.875+0000] {spark_submit.py:579} INFO - 24/11/02 01:15:58 INFO BlockManagerMasterEndpoint: Registering block manager ee9b80364a9a:38733 with 434.4 MiB RAM, BlockManagerId(driver, ee9b80364a9a, 38733, None)
[2024-11-02T01:15:58.879+0000] {spark_submit.py:579} INFO - 24/11/02 01:15:58 INFO StandaloneAppClient$ClientEndpoint: Executor updated: app-20241102011558-0031/0 is now RUNNING
[2024-11-02T01:15:58.880+0000] {spark_submit.py:579} INFO - 24/11/02 01:15:58 INFO BlockManagerMaster: Registered BlockManager BlockManagerId(driver, ee9b80364a9a, 38733, None)
[2024-11-02T01:15:58.883+0000] {spark_submit.py:579} INFO - 24/11/02 01:15:58 INFO BlockManager: Initialized BlockManager: BlockManagerId(driver, ee9b80364a9a, 38733, None)
[2024-11-02T01:15:59.153+0000] {spark_submit.py:579} INFO - 24/11/02 01:15:59 INFO StandaloneSchedulerBackend: SchedulerBackend is ready for scheduling beginning after reached minRegisteredResourcesRatio: 0.0
[2024-11-02T01:15:59.504+0000] {spark_submit.py:579} INFO - 24/11/02 01:15:59 INFO SharedState: Setting hive.metastore.warehouse.dir ('null') to the value of spark.sql.warehouse.dir.
[2024-11-02T01:15:59.515+0000] {spark_submit.py:579} INFO - 24/11/02 01:15:59 INFO SharedState: Warehouse path is 'file:/opt/***/spark-warehouse'.
[2024-11-02T01:16:01.066+0000] {spark_submit.py:579} INFO - 24/11/02 01:16:01 WARN MetricsConfig: Cannot locate configuration: tried hadoop-metrics2-s3a-file-system.properties,hadoop-metrics2.properties
[2024-11-02T01:16:01.087+0000] {spark_submit.py:579} INFO - 24/11/02 01:16:01 INFO MetricsSystemImpl: Scheduled Metric snapshot period at 10 second(s).
[2024-11-02T01:16:01.088+0000] {spark_submit.py:579} INFO - 24/11/02 01:16:01 INFO MetricsSystemImpl: s3a-file-system metrics system started
[2024-11-02T01:16:01.612+0000] {spark_submit.py:579} INFO - 24/11/02 01:16:01 INFO StandaloneSchedulerBackend$StandaloneDriverEndpoint: Registered executor NettyRpcEndpointRef(spark-client://Executor) (172.19.0.5:59380) with ID 0,  ResourceProfileId 0
[2024-11-02T01:16:01.705+0000] {spark_submit.py:579} INFO - 24/11/02 01:16:01 INFO BlockManagerMasterEndpoint: Registering block manager 172.19.0.5:40977 with 1048.8 MiB RAM, BlockManagerId(0, 172.19.0.5, 40977, None)
[2024-11-02T01:16:02.772+0000] {spark_submit.py:579} INFO - 24/11/02 01:16:02 INFO InMemoryFileIndex: It took 121 ms to list leaf files for 1 paths.
[2024-11-02T01:16:05.345+0000] {spark_submit.py:579} INFO - 24/11/02 01:16:05 INFO SparkContext: SparkContext is stopping with exitCode 0.
[2024-11-02T01:16:05.359+0000] {spark_submit.py:579} INFO - 24/11/02 01:16:05 INFO SparkUI: Stopped Spark web UI at http://ee9b80364a9a:4040
[2024-11-02T01:16:05.366+0000] {spark_submit.py:579} INFO - 24/11/02 01:16:05 INFO StandaloneSchedulerBackend: Shutting down all executors
[2024-11-02T01:16:05.367+0000] {spark_submit.py:579} INFO - 24/11/02 01:16:05 INFO StandaloneSchedulerBackend$StandaloneDriverEndpoint: Asking each executor to shut down
[2024-11-02T01:16:05.396+0000] {spark_submit.py:579} INFO - 24/11/02 01:16:05 INFO MapOutputTrackerMasterEndpoint: MapOutputTrackerMasterEndpoint stopped!
[2024-11-02T01:16:05.412+0000] {spark_submit.py:579} INFO - 24/11/02 01:16:05 INFO MemoryStore: MemoryStore cleared
[2024-11-02T01:16:05.413+0000] {spark_submit.py:579} INFO - 24/11/02 01:16:05 INFO BlockManager: BlockManager stopped
[2024-11-02T01:16:05.423+0000] {spark_submit.py:579} INFO - 24/11/02 01:16:05 INFO BlockManagerMaster: BlockManagerMaster stopped
[2024-11-02T01:16:05.426+0000] {spark_submit.py:579} INFO - 24/11/02 01:16:05 INFO OutputCommitCoordinator$OutputCommitCoordinatorEndpoint: OutputCommitCoordinator stopped!
[2024-11-02T01:16:05.509+0000] {spark_submit.py:579} INFO - 24/11/02 01:16:05 INFO SparkContext: Successfully stopped SparkContext
[2024-11-02T01:16:05.696+0000] {spark_submit.py:579} INFO - root
[2024-11-02T01:16:05.697+0000] {spark_submit.py:579} INFO - |-- id: string (nullable = true)
[2024-11-02T01:16:05.698+0000] {spark_submit.py:579} INFO - |-- keywords: string (nullable = true)
[2024-11-02T01:16:05.699+0000] {spark_submit.py:579} INFO - |-- keyword_convert: string (nullable = false)
[2024-11-02T01:16:05.699+0000] {spark_submit.py:579} INFO - 
[2024-11-02T01:16:05.738+0000] {spark_submit.py:579} INFO - 24/11/02 01:16:05 INFO SparkContext: Running Spark version 3.4.3
[2024-11-02T01:16:05.740+0000] {spark_submit.py:579} INFO - 24/11/02 01:16:05 INFO ResourceUtils: ==============================================================
[2024-11-02T01:16:05.741+0000] {spark_submit.py:579} INFO - 24/11/02 01:16:05 INFO ResourceUtils: No custom resources configured for spark.driver.
[2024-11-02T01:16:05.741+0000] {spark_submit.py:579} INFO - 24/11/02 01:16:05 INFO ResourceUtils: ==============================================================
[2024-11-02T01:16:05.742+0000] {spark_submit.py:579} INFO - 24/11/02 01:16:05 INFO SparkContext: Submitted application: MergeData
[2024-11-02T01:16:05.742+0000] {spark_submit.py:579} INFO - 24/11/02 01:16:05 INFO ResourceProfile: Default ResourceProfile created, executor resources: Map(cores -> name: cores, amount: 2, script: , vendor: , memory -> name: memory, amount: 2048, script: , vendor: , offHeap -> name: offHeap, amount: 0, script: , vendor: ), task resources: Map(cpus -> name: cpus, amount: 1.0)
[2024-11-02T01:16:05.743+0000] {spark_submit.py:579} INFO - 24/11/02 01:16:05 INFO ResourceProfile: Limiting resource is cpus at 2 tasks per executor
[2024-11-02T01:16:05.743+0000] {spark_submit.py:579} INFO - 24/11/02 01:16:05 INFO ResourceProfileManager: Added ResourceProfile id: 0
[2024-11-02T01:16:05.745+0000] {spark_submit.py:579} INFO - 24/11/02 01:16:05 INFO SecurityManager: Changing view acls to: ***
[2024-11-02T01:16:05.746+0000] {spark_submit.py:579} INFO - 24/11/02 01:16:05 INFO SecurityManager: Changing modify acls to: ***
[2024-11-02T01:16:05.746+0000] {spark_submit.py:579} INFO - 24/11/02 01:16:05 INFO SecurityManager: Changing view acls groups to:
[2024-11-02T01:16:05.747+0000] {spark_submit.py:579} INFO - 24/11/02 01:16:05 INFO SecurityManager: Changing modify acls groups to:
[2024-11-02T01:16:05.747+0000] {spark_submit.py:579} INFO - 24/11/02 01:16:05 INFO SecurityManager: SecurityManager: authentication disabled; ui acls disabled; users with view permissions: ***; groups with view permissions: EMPTY; users with modify permissions: ***; groups with modify permissions: EMPTY
[2024-11-02T01:16:05.763+0000] {spark_submit.py:579} INFO - 24/11/02 01:16:05 INFO Utils: Successfully started service 'sparkDriver' on port 42589.
[2024-11-02T01:16:05.768+0000] {spark_submit.py:579} INFO - 24/11/02 01:16:05 INFO SparkEnv: Registering MapOutputTracker
[2024-11-02T01:16:05.769+0000] {spark_submit.py:579} INFO - 24/11/02 01:16:05 INFO SparkEnv: Registering BlockManagerMaster
[2024-11-02T01:16:05.770+0000] {spark_submit.py:579} INFO - 24/11/02 01:16:05 INFO BlockManagerMasterEndpoint: Using org.apache.spark.storage.DefaultTopologyMapper for getting topology information
[2024-11-02T01:16:05.771+0000] {spark_submit.py:579} INFO - 24/11/02 01:16:05 INFO BlockManagerMasterEndpoint: BlockManagerMasterEndpoint up
[2024-11-02T01:16:05.771+0000] {spark_submit.py:579} INFO - 24/11/02 01:16:05 INFO SparkEnv: Registering BlockManagerMasterHeartbeat
[2024-11-02T01:16:05.773+0000] {spark_submit.py:579} INFO - 24/11/02 01:16:05 INFO DiskBlockManager: Created local directory at /tmp/blockmgr-6fb79fc3-940c-4421-9b6a-3b1636b2df57
[2024-11-02T01:16:05.774+0000] {spark_submit.py:579} INFO - 24/11/02 01:16:05 INFO MemoryStore: MemoryStore started with capacity 434.4 MiB
[2024-11-02T01:16:05.776+0000] {spark_submit.py:579} INFO - 24/11/02 01:16:05 INFO SparkEnv: Registering OutputCommitCoordinator
[2024-11-02T01:16:05.785+0000] {spark_submit.py:579} INFO - 24/11/02 01:16:05 INFO JettyUtils: Start Jetty 0.0.0.0:4040 for SparkUI
[2024-11-02T01:16:05.795+0000] {spark_submit.py:579} INFO - 24/11/02 01:16:05 INFO Utils: Successfully started service 'SparkUI' on port 4040.
[2024-11-02T01:16:05.805+0000] {spark_submit.py:579} INFO - 24/11/02 01:16:05 INFO SparkContext: Added JAR file:///opt/***/jars/hadoop-aws-3.3.4.jar at spark://ee9b80364a9a:42589/jars/hadoop-aws-3.3.4.jar with timestamp 1730510165738
[2024-11-02T01:16:05.806+0000] {spark_submit.py:579} INFO - 24/11/02 01:16:05 INFO SparkContext: Added JAR file:///opt/***/jars/s3-2.18.41.jar at spark://ee9b80364a9a:42589/jars/s3-2.18.41.jar with timestamp 1730510165738
[2024-11-02T01:16:05.807+0000] {spark_submit.py:579} INFO - 24/11/02 01:16:05 INFO SparkContext: Added JAR file:///opt/***/jars/aws-java-sdk-1.12.367.jar at spark://ee9b80364a9a:42589/jars/aws-java-sdk-1.12.367.jar with timestamp 1730510165738
[2024-11-02T01:16:05.808+0000] {spark_submit.py:579} INFO - 24/11/02 01:16:05 INFO SparkContext: Added JAR file:///opt/***/jars/delta-core_2.12-2.4.0.jar at spark://ee9b80364a9a:42589/jars/delta-core_2.12-2.4.0.jar with timestamp 1730510165738
[2024-11-02T01:16:05.809+0000] {spark_submit.py:579} INFO - 24/11/02 01:16:05 INFO SparkContext: Added JAR file:///opt/***/jars/delta-storage-2.2.0.jar at spark://ee9b80364a9a:42589/jars/delta-storage-2.2.0.jar with timestamp 1730510165738
[2024-11-02T01:16:05.809+0000] {spark_submit.py:579} INFO - 24/11/02 01:16:05 INFO SparkContext: Added JAR file:///home/***/.ivy2/jars/org.apache.hadoop_hadoop-aws-3.3.4.jar at spark://ee9b80364a9a:42589/jars/org.apache.hadoop_hadoop-aws-3.3.4.jar with timestamp 1730510165738
[2024-11-02T01:16:05.810+0000] {spark_submit.py:579} INFO - 24/11/02 01:16:05 INFO SparkContext: Added JAR file:///home/***/.ivy2/jars/com.amazonaws_aws-java-sdk-bundle-1.12.262.jar at spark://ee9b80364a9a:42589/jars/com.amazonaws_aws-java-sdk-bundle-1.12.262.jar with timestamp 1730510165738
[2024-11-02T01:16:05.810+0000] {spark_submit.py:579} INFO - 24/11/02 01:16:05 INFO SparkContext: Added JAR file:///home/***/.ivy2/jars/org.wildfly.openssl_wildfly-openssl-1.0.7.Final.jar at spark://ee9b80364a9a:42589/jars/org.wildfly.openssl_wildfly-openssl-1.0.7.Final.jar with timestamp 1730510165738
[2024-11-02T01:16:05.811+0000] {spark_submit.py:579} INFO - 24/11/02 01:16:05 INFO SparkContext: Added file file:///home/***/.ivy2/jars/org.apache.hadoop_hadoop-aws-3.3.4.jar at spark://ee9b80364a9a:42589/files/org.apache.hadoop_hadoop-aws-3.3.4.jar with timestamp 1730510165738
[2024-11-02T01:16:05.811+0000] {spark_submit.py:579} INFO - 24/11/02 01:16:05 INFO Utils: Copying /home/***/.ivy2/jars/org.apache.hadoop_hadoop-aws-3.3.4.jar to /tmp/spark-12d8aa3c-b9cf-4b54-9b15-1d52e7b69508/userFiles-bdd41ea7-69aa-4f11-a67d-3de83216376d/org.apache.hadoop_hadoop-aws-3.3.4.jar
[2024-11-02T01:16:05.816+0000] {spark_submit.py:579} INFO - 24/11/02 01:16:05 INFO SparkContext: Added file file:///home/***/.ivy2/jars/com.amazonaws_aws-java-sdk-bundle-1.12.262.jar at spark://ee9b80364a9a:42589/files/com.amazonaws_aws-java-sdk-bundle-1.12.262.jar with timestamp 1730510165738
[2024-11-02T01:16:05.817+0000] {spark_submit.py:579} INFO - 24/11/02 01:16:05 INFO Utils: Copying /home/***/.ivy2/jars/com.amazonaws_aws-java-sdk-bundle-1.12.262.jar to /tmp/spark-12d8aa3c-b9cf-4b54-9b15-1d52e7b69508/userFiles-bdd41ea7-69aa-4f11-a67d-3de83216376d/com.amazonaws_aws-java-sdk-bundle-1.12.262.jar
[2024-11-02T01:16:06.143+0000] {spark_submit.py:579} INFO - 24/11/02 01:16:06 INFO SparkContext: Added file file:///home/***/.ivy2/jars/org.wildfly.openssl_wildfly-openssl-1.0.7.Final.jar at spark://ee9b80364a9a:42589/files/org.wildfly.openssl_wildfly-openssl-1.0.7.Final.jar with timestamp 1730510165738
[2024-11-02T01:16:06.143+0000] {spark_submit.py:579} INFO - 24/11/02 01:16:06 INFO Utils: Copying /home/***/.ivy2/jars/org.wildfly.openssl_wildfly-openssl-1.0.7.Final.jar to /tmp/spark-12d8aa3c-b9cf-4b54-9b15-1d52e7b69508/userFiles-bdd41ea7-69aa-4f11-a67d-3de83216376d/org.wildfly.openssl_wildfly-openssl-1.0.7.Final.jar
[2024-11-02T01:16:06.161+0000] {spark_submit.py:579} INFO - 24/11/02 01:16:06 INFO StandaloneAppClient$ClientEndpoint: Connecting to master spark://spark-master:7077...
[2024-11-02T01:16:06.165+0000] {spark_submit.py:579} INFO - 24/11/02 01:16:06 INFO TransportClientFactory: Successfully created connection to spark-master/172.19.0.2:7077 after 2 ms (0 ms spent in bootstraps)
[2024-11-02T01:16:06.179+0000] {spark_submit.py:579} INFO - 24/11/02 01:16:06 INFO StandaloneSchedulerBackend: Connected to Spark cluster with app ID app-20241102011606-0032
[2024-11-02T01:16:06.180+0000] {spark_submit.py:579} INFO - 24/11/02 01:16:06 INFO StandaloneAppClient$ClientEndpoint: Executor added: app-20241102011606-0032/0 on worker-20241102003302-172.19.0.5-34939 (172.19.0.5:34939) with 2 core(s)
[2024-11-02T01:16:06.181+0000] {spark_submit.py:579} INFO - 24/11/02 01:16:06 INFO StandaloneSchedulerBackend: Granted executor ID app-20241102011606-0032/0 on hostPort 172.19.0.5:34939 with 2 core(s), 2.0 GiB RAM
[2024-11-02T01:16:06.184+0000] {spark_submit.py:579} INFO - 24/11/02 01:16:06 INFO Utils: Successfully started service 'org.apache.spark.network.netty.NettyBlockTransferService' on port 35581.
[2024-11-02T01:16:06.185+0000] {spark_submit.py:579} INFO - 24/11/02 01:16:06 INFO NettyBlockTransferService: Server created on ee9b80364a9a:35581
[2024-11-02T01:16:06.186+0000] {spark_submit.py:579} INFO - 24/11/02 01:16:06 INFO BlockManager: Using org.apache.spark.storage.RandomBlockReplicationPolicy for block replication policy
[2024-11-02T01:16:06.186+0000] {spark_submit.py:579} INFO - 24/11/02 01:16:06 INFO BlockManagerMaster: Registering BlockManager BlockManagerId(driver, ee9b80364a9a, 35581, None)
[2024-11-02T01:16:06.187+0000] {spark_submit.py:579} INFO - 24/11/02 01:16:06 INFO BlockManagerMasterEndpoint: Registering block manager ee9b80364a9a:35581 with 434.4 MiB RAM, BlockManagerId(driver, ee9b80364a9a, 35581, None)
[2024-11-02T01:16:06.188+0000] {spark_submit.py:579} INFO - 24/11/02 01:16:06 INFO BlockManagerMaster: Registered BlockManager BlockManagerId(driver, ee9b80364a9a, 35581, None)
[2024-11-02T01:16:06.189+0000] {spark_submit.py:579} INFO - 24/11/02 01:16:06 INFO BlockManager: Initialized BlockManager: BlockManagerId(driver, ee9b80364a9a, 35581, None)
[2024-11-02T01:16:06.205+0000] {spark_submit.py:579} INFO - 24/11/02 01:16:06 INFO StandaloneAppClient$ClientEndpoint: Executor updated: app-20241102011606-0032/0 is now RUNNING
[2024-11-02T01:16:06.224+0000] {spark_submit.py:579} INFO - 24/11/02 01:16:06 INFO StandaloneSchedulerBackend: SchedulerBackend is ready for scheduling beginning after reached minRegisteredResourcesRatio: 0.0
[2024-11-02T01:16:06.277+0000] {spark_submit.py:579} INFO - 24/11/02 01:16:06 INFO SharedState: Setting hive.metastore.warehouse.dir ('null') to the value of spark.sql.warehouse.dir.
[2024-11-02T01:16:06.279+0000] {spark_submit.py:579} INFO - 24/11/02 01:16:06 INFO SharedState: Warehouse path is 'file:/opt/***/spark-warehouse'.
[2024-11-02T01:16:06.350+0000] {spark_submit.py:579} INFO - 24/11/02 01:16:06 INFO InMemoryFileIndex: It took 19 ms to list leaf files for 1 paths.
[2024-11-02T01:16:06.916+0000] {spark_submit.py:579} INFO - 24/11/02 01:16:06 INFO SparkContext: Starting job: parquet at NativeMethodAccessorImpl.java:0
[2024-11-02T01:16:06.960+0000] {spark_submit.py:579} INFO - 24/11/02 01:16:06 INFO DAGScheduler: Got job 0 (parquet at NativeMethodAccessorImpl.java:0) with 1 output partitions
[2024-11-02T01:16:06.962+0000] {spark_submit.py:579} INFO - 24/11/02 01:16:06 INFO DAGScheduler: Final stage: ResultStage 0 (parquet at NativeMethodAccessorImpl.java:0)
[2024-11-02T01:16:06.963+0000] {spark_submit.py:579} INFO - 24/11/02 01:16:06 INFO DAGScheduler: Parents of final stage: List()
[2024-11-02T01:16:06.968+0000] {spark_submit.py:579} INFO - 24/11/02 01:16:06 INFO DAGScheduler: Missing parents: List()
[2024-11-02T01:16:06.981+0000] {spark_submit.py:579} INFO - 24/11/02 01:16:06 INFO DAGScheduler: Submitting ResultStage 0 (MapPartitionsRDD[1] at parquet at NativeMethodAccessorImpl.java:0), which has no missing parents
[2024-11-02T01:16:07.084+0000] {spark_submit.py:579} INFO - 24/11/02 01:16:07 INFO MemoryStore: Block broadcast_0 stored as values in memory (estimated size 106.8 KiB, free 434.3 MiB)
[2024-11-02T01:16:07.160+0000] {spark_submit.py:579} INFO - 24/11/02 01:16:07 INFO MemoryStore: Block broadcast_0_piece0 stored as bytes in memory (estimated size 38.8 KiB, free 434.3 MiB)
[2024-11-02T01:16:07.165+0000] {spark_submit.py:579} INFO - 24/11/02 01:16:07 INFO BlockManagerInfo: Added broadcast_0_piece0 in memory on ee9b80364a9a:35581 (size: 38.8 KiB, free: 434.4 MiB)
[2024-11-02T01:16:07.172+0000] {spark_submit.py:579} INFO - 24/11/02 01:16:07 INFO SparkContext: Created broadcast 0 from broadcast at DAGScheduler.scala:1540
[2024-11-02T01:16:07.196+0000] {spark_submit.py:579} INFO - 24/11/02 01:16:07 INFO DAGScheduler: Submitting 1 missing tasks from ResultStage 0 (MapPartitionsRDD[1] at parquet at NativeMethodAccessorImpl.java:0) (first 15 tasks are for partitions Vector(0))
[2024-11-02T01:16:07.198+0000] {spark_submit.py:579} INFO - 24/11/02 01:16:07 INFO TaskSchedulerImpl: Adding task set 0.0 with 1 tasks resource profile 0
[2024-11-02T01:16:09.042+0000] {spark_submit.py:579} INFO - 24/11/02 01:16:09 INFO StandaloneSchedulerBackend$StandaloneDriverEndpoint: Registered executor NettyRpcEndpointRef(spark-client://Executor) (172.19.0.5:51304) with ID 0,  ResourceProfileId 0
[2024-11-02T01:16:09.103+0000] {spark_submit.py:579} INFO - 24/11/02 01:16:09 INFO BlockManagerMasterEndpoint: Registering block manager 172.19.0.5:35665 with 1048.8 MiB RAM, BlockManagerId(0, 172.19.0.5, 35665, None)
[2024-11-02T01:16:11.614+0000] {spark_submit.py:579} INFO - 24/11/02 01:16:11 INFO TaskSetManager: Starting task 0.0 in stage 0.0 (TID 0) (172.19.0.5, executor 0, partition 0, PROCESS_LOCAL, 7499 bytes)
[2024-11-02T01:16:11.840+0000] {spark_submit.py:579} INFO - 24/11/02 01:16:11 INFO BlockManagerInfo: Added broadcast_0_piece0 in memory on 172.19.0.5:35665 (size: 38.8 KiB, free: 1048.8 MiB)
[2024-11-02T01:16:13.464+0000] {spark_submit.py:579} INFO - 24/11/02 01:16:13 INFO TaskSetManager: Finished task 0.0 in stage 0.0 (TID 0) in 1862 ms on 172.19.0.5 (executor 0) (1/1)
[2024-11-02T01:16:13.468+0000] {spark_submit.py:579} INFO - 24/11/02 01:16:13 INFO TaskSchedulerImpl: Removed TaskSet 0.0, whose tasks have all completed, from pool
[2024-11-02T01:16:13.480+0000] {spark_submit.py:579} INFO - 24/11/02 01:16:13 INFO DAGScheduler: ResultStage 0 (parquet at NativeMethodAccessorImpl.java:0) finished in 6.461 s
[2024-11-02T01:16:13.492+0000] {spark_submit.py:579} INFO - 24/11/02 01:16:13 INFO DAGScheduler: Job 0 is finished. Cancelling potential speculative or zombie tasks for this job
[2024-11-02T01:16:13.493+0000] {spark_submit.py:579} INFO - 24/11/02 01:16:13 INFO TaskSchedulerImpl: Killing all running tasks in stage 0: Stage finished
[2024-11-02T01:16:13.496+0000] {spark_submit.py:579} INFO - 24/11/02 01:16:13 INFO DAGScheduler: Job 0 finished: parquet at NativeMethodAccessorImpl.java:0, took 6.579457 s
[2024-11-02T01:16:13.730+0000] {spark_submit.py:579} INFO - 24/11/02 01:16:13 INFO BlockManagerInfo: Removed broadcast_0_piece0 on 172.19.0.5:35665 in memory (size: 38.8 KiB, free: 1048.8 MiB)
[2024-11-02T01:16:13.732+0000] {spark_submit.py:579} INFO - 24/11/02 01:16:13 INFO BlockManagerInfo: Removed broadcast_0_piece0 on ee9b80364a9a:35581 in memory (size: 38.8 KiB, free: 434.4 MiB)
[2024-11-02T01:16:14.392+0000] {spark_submit.py:579} INFO - 24/11/02 01:16:14 INFO SparkContext: SparkContext is stopping with exitCode 0.
[2024-11-02T01:16:14.396+0000] {spark_submit.py:579} INFO - 24/11/02 01:16:14 INFO SparkUI: Stopped Spark web UI at http://ee9b80364a9a:4040
[2024-11-02T01:16:14.398+0000] {spark_submit.py:579} INFO - 24/11/02 01:16:14 INFO StandaloneSchedulerBackend: Shutting down all executors
[2024-11-02T01:16:14.399+0000] {spark_submit.py:579} INFO - 24/11/02 01:16:14 INFO StandaloneSchedulerBackend$StandaloneDriverEndpoint: Asking each executor to shut down
[2024-11-02T01:16:14.405+0000] {spark_submit.py:579} INFO - 24/11/02 01:16:14 INFO MapOutputTrackerMasterEndpoint: MapOutputTrackerMasterEndpoint stopped!
[2024-11-02T01:16:14.417+0000] {spark_submit.py:579} INFO - 24/11/02 01:16:14 INFO MemoryStore: MemoryStore cleared
[2024-11-02T01:16:14.418+0000] {spark_submit.py:579} INFO - 24/11/02 01:16:14 INFO BlockManager: BlockManager stopped
[2024-11-02T01:16:14.418+0000] {spark_submit.py:579} INFO - 24/11/02 01:16:14 INFO BlockManagerMaster: BlockManagerMaster stopped
[2024-11-02T01:16:14.419+0000] {spark_submit.py:579} INFO - 24/11/02 01:16:14 INFO OutputCommitCoordinator$OutputCommitCoordinatorEndpoint: OutputCommitCoordinator stopped!
[2024-11-02T01:16:14.480+0000] {spark_submit.py:579} INFO - 24/11/02 01:16:14 INFO SparkContext: Successfully stopped SparkContext
[2024-11-02T01:16:14.763+0000] {spark_submit.py:579} INFO - 24/11/02 01:16:14 INFO SparkContext: Running Spark version 3.4.3
[2024-11-02T01:16:14.764+0000] {spark_submit.py:579} INFO - 24/11/02 01:16:14 INFO ResourceUtils: ==============================================================
[2024-11-02T01:16:14.764+0000] {spark_submit.py:579} INFO - 24/11/02 01:16:14 INFO ResourceUtils: No custom resources configured for spark.driver.
[2024-11-02T01:16:14.765+0000] {spark_submit.py:579} INFO - 24/11/02 01:16:14 INFO ResourceUtils: ==============================================================
[2024-11-02T01:16:14.765+0000] {spark_submit.py:579} INFO - 24/11/02 01:16:14 INFO SparkContext: Submitted application: MergeData
[2024-11-02T01:16:14.766+0000] {spark_submit.py:579} INFO - 24/11/02 01:16:14 INFO ResourceProfile: Default ResourceProfile created, executor resources: Map(cores -> name: cores, amount: 2, script: , vendor: , memory -> name: memory, amount: 2048, script: , vendor: , offHeap -> name: offHeap, amount: 0, script: , vendor: ), task resources: Map(cpus -> name: cpus, amount: 1.0)
[2024-11-02T01:16:14.766+0000] {spark_submit.py:579} INFO - 24/11/02 01:16:14 INFO ResourceProfile: Limiting resource is cpus at 2 tasks per executor
[2024-11-02T01:16:14.766+0000] {spark_submit.py:579} INFO - 24/11/02 01:16:14 INFO ResourceProfileManager: Added ResourceProfile id: 0
[2024-11-02T01:16:14.767+0000] {spark_submit.py:579} INFO - 24/11/02 01:16:14 INFO SecurityManager: Changing view acls to: ***
[2024-11-02T01:16:14.768+0000] {spark_submit.py:579} INFO - 24/11/02 01:16:14 INFO SecurityManager: Changing modify acls to: ***
[2024-11-02T01:16:14.768+0000] {spark_submit.py:579} INFO - 24/11/02 01:16:14 INFO SecurityManager: Changing view acls groups to:
[2024-11-02T01:16:14.769+0000] {spark_submit.py:579} INFO - 24/11/02 01:16:14 INFO SecurityManager: Changing modify acls groups to:
[2024-11-02T01:16:14.769+0000] {spark_submit.py:579} INFO - 24/11/02 01:16:14 INFO SecurityManager: SecurityManager: authentication disabled; ui acls disabled; users with view permissions: ***; groups with view permissions: EMPTY; users with modify permissions: ***; groups with modify permissions: EMPTY
[2024-11-02T01:16:14.784+0000] {spark_submit.py:579} INFO - 24/11/02 01:16:14 INFO Utils: Successfully started service 'sparkDriver' on port 36733.
[2024-11-02T01:16:14.787+0000] {spark_submit.py:579} INFO - 24/11/02 01:16:14 INFO SparkEnv: Registering MapOutputTracker
[2024-11-02T01:16:14.790+0000] {spark_submit.py:579} INFO - 24/11/02 01:16:14 INFO SparkEnv: Registering BlockManagerMaster
[2024-11-02T01:16:14.790+0000] {spark_submit.py:579} INFO - 24/11/02 01:16:14 INFO BlockManagerMasterEndpoint: Using org.apache.spark.storage.DefaultTopologyMapper for getting topology information
[2024-11-02T01:16:14.791+0000] {spark_submit.py:579} INFO - 24/11/02 01:16:14 INFO BlockManagerMasterEndpoint: BlockManagerMasterEndpoint up
[2024-11-02T01:16:14.791+0000] {spark_submit.py:579} INFO - 24/11/02 01:16:14 INFO SparkEnv: Registering BlockManagerMasterHeartbeat
[2024-11-02T01:16:14.793+0000] {spark_submit.py:579} INFO - 24/11/02 01:16:14 INFO DiskBlockManager: Created local directory at /tmp/blockmgr-9f5d7de3-cf2f-43b9-b71e-1abb6f6de7b2
[2024-11-02T01:16:14.794+0000] {spark_submit.py:579} INFO - 24/11/02 01:16:14 INFO MemoryStore: MemoryStore started with capacity 434.4 MiB
[2024-11-02T01:16:14.796+0000] {spark_submit.py:579} INFO - 24/11/02 01:16:14 INFO SparkEnv: Registering OutputCommitCoordinator
[2024-11-02T01:16:14.803+0000] {spark_submit.py:579} INFO - 24/11/02 01:16:14 INFO JettyUtils: Start Jetty 0.0.0.0:4040 for SparkUI
[2024-11-02T01:16:14.811+0000] {spark_submit.py:579} INFO - 24/11/02 01:16:14 INFO Utils: Successfully started service 'SparkUI' on port 4040.
[2024-11-02T01:16:14.821+0000] {spark_submit.py:579} INFO - 24/11/02 01:16:14 INFO SparkContext: Added JAR file:///opt/***/jars/hadoop-aws-3.3.4.jar at spark://ee9b80364a9a:36733/jars/hadoop-aws-3.3.4.jar with timestamp 1730510174762
[2024-11-02T01:16:14.822+0000] {spark_submit.py:579} INFO - 24/11/02 01:16:14 INFO SparkContext: Added JAR file:///opt/***/jars/s3-2.18.41.jar at spark://ee9b80364a9a:36733/jars/s3-2.18.41.jar with timestamp 1730510174762
[2024-11-02T01:16:14.823+0000] {spark_submit.py:579} INFO - 24/11/02 01:16:14 INFO SparkContext: Added JAR file:///opt/***/jars/aws-java-sdk-1.12.367.jar at spark://ee9b80364a9a:36733/jars/aws-java-sdk-1.12.367.jar with timestamp 1730510174762
[2024-11-02T01:16:14.823+0000] {spark_submit.py:579} INFO - 24/11/02 01:16:14 INFO SparkContext: Added JAR file:///opt/***/jars/delta-core_2.12-2.4.0.jar at spark://ee9b80364a9a:36733/jars/delta-core_2.12-2.4.0.jar with timestamp 1730510174762
[2024-11-02T01:16:14.824+0000] {spark_submit.py:579} INFO - 24/11/02 01:16:14 INFO SparkContext: Added JAR file:///opt/***/jars/delta-storage-2.2.0.jar at spark://ee9b80364a9a:36733/jars/delta-storage-2.2.0.jar with timestamp 1730510174762
[2024-11-02T01:16:14.825+0000] {spark_submit.py:579} INFO - 24/11/02 01:16:14 INFO SparkContext: Added JAR file:///home/***/.ivy2/jars/org.apache.hadoop_hadoop-aws-3.3.4.jar at spark://ee9b80364a9a:36733/jars/org.apache.hadoop_hadoop-aws-3.3.4.jar with timestamp 1730510174762
[2024-11-02T01:16:14.825+0000] {spark_submit.py:579} INFO - 24/11/02 01:16:14 INFO SparkContext: Added JAR file:///home/***/.ivy2/jars/com.amazonaws_aws-java-sdk-bundle-1.12.262.jar at spark://ee9b80364a9a:36733/jars/com.amazonaws_aws-java-sdk-bundle-1.12.262.jar with timestamp 1730510174762
[2024-11-02T01:16:14.826+0000] {spark_submit.py:579} INFO - 24/11/02 01:16:14 INFO SparkContext: Added JAR file:///home/***/.ivy2/jars/org.wildfly.openssl_wildfly-openssl-1.0.7.Final.jar at spark://ee9b80364a9a:36733/jars/org.wildfly.openssl_wildfly-openssl-1.0.7.Final.jar with timestamp 1730510174762
[2024-11-02T01:16:14.826+0000] {spark_submit.py:579} INFO - 24/11/02 01:16:14 INFO SparkContext: Added file file:///home/***/.ivy2/jars/org.apache.hadoop_hadoop-aws-3.3.4.jar at spark://ee9b80364a9a:36733/files/org.apache.hadoop_hadoop-aws-3.3.4.jar with timestamp 1730510174762
[2024-11-02T01:16:14.826+0000] {spark_submit.py:579} INFO - 24/11/02 01:16:14 INFO Utils: Copying /home/***/.ivy2/jars/org.apache.hadoop_hadoop-aws-3.3.4.jar to /tmp/spark-12d8aa3c-b9cf-4b54-9b15-1d52e7b69508/userFiles-35f1b0c2-ec14-451b-bbb2-3002d17c8a98/org.apache.hadoop_hadoop-aws-3.3.4.jar
[2024-11-02T01:16:14.832+0000] {spark_submit.py:579} INFO - 24/11/02 01:16:14 INFO SparkContext: Added file file:///home/***/.ivy2/jars/com.amazonaws_aws-java-sdk-bundle-1.12.262.jar at spark://ee9b80364a9a:36733/files/com.amazonaws_aws-java-sdk-bundle-1.12.262.jar with timestamp 1730510174762
[2024-11-02T01:16:14.832+0000] {spark_submit.py:579} INFO - 24/11/02 01:16:14 INFO Utils: Copying /home/***/.ivy2/jars/com.amazonaws_aws-java-sdk-bundle-1.12.262.jar to /tmp/spark-12d8aa3c-b9cf-4b54-9b15-1d52e7b69508/userFiles-35f1b0c2-ec14-451b-bbb2-3002d17c8a98/com.amazonaws_aws-java-sdk-bundle-1.12.262.jar
[2024-11-02T01:16:15.147+0000] {spark_submit.py:579} INFO - 24/11/02 01:16:15 INFO SparkContext: Added file file:///home/***/.ivy2/jars/org.wildfly.openssl_wildfly-openssl-1.0.7.Final.jar at spark://ee9b80364a9a:36733/files/org.wildfly.openssl_wildfly-openssl-1.0.7.Final.jar with timestamp 1730510174762
[2024-11-02T01:16:15.148+0000] {spark_submit.py:579} INFO - 24/11/02 01:16:15 INFO Utils: Copying /home/***/.ivy2/jars/org.wildfly.openssl_wildfly-openssl-1.0.7.Final.jar to /tmp/spark-12d8aa3c-b9cf-4b54-9b15-1d52e7b69508/userFiles-35f1b0c2-ec14-451b-bbb2-3002d17c8a98/org.wildfly.openssl_wildfly-openssl-1.0.7.Final.jar
[2024-11-02T01:16:15.161+0000] {spark_submit.py:579} INFO - 24/11/02 01:16:15 INFO StandaloneAppClient$ClientEndpoint: Connecting to master spark://spark-master:7077...
[2024-11-02T01:16:15.165+0000] {spark_submit.py:579} INFO - 24/11/02 01:16:15 INFO TransportClientFactory: Successfully created connection to spark-master/172.19.0.2:7077 after 1 ms (0 ms spent in bootstraps)
[2024-11-02T01:16:15.172+0000] {spark_submit.py:579} INFO - 24/11/02 01:16:15 INFO StandaloneSchedulerBackend: Connected to Spark cluster with app ID app-20241102011615-0033
[2024-11-02T01:16:15.173+0000] {spark_submit.py:579} INFO - 24/11/02 01:16:15 INFO StandaloneAppClient$ClientEndpoint: Executor added: app-20241102011615-0033/0 on worker-20241102003302-172.19.0.5-34939 (172.19.0.5:34939) with 2 core(s)
[2024-11-02T01:16:15.174+0000] {spark_submit.py:579} INFO - 24/11/02 01:16:15 INFO StandaloneSchedulerBackend: Granted executor ID app-20241102011615-0033/0 on hostPort 172.19.0.5:34939 with 2 core(s), 2.0 GiB RAM
[2024-11-02T01:16:15.175+0000] {spark_submit.py:579} INFO - 24/11/02 01:16:15 INFO Utils: Successfully started service 'org.apache.spark.network.netty.NettyBlockTransferService' on port 33037.
[2024-11-02T01:16:15.176+0000] {spark_submit.py:579} INFO - 24/11/02 01:16:15 INFO NettyBlockTransferService: Server created on ee9b80364a9a:33037
[2024-11-02T01:16:15.177+0000] {spark_submit.py:579} INFO - 24/11/02 01:16:15 INFO BlockManager: Using org.apache.spark.storage.RandomBlockReplicationPolicy for block replication policy
[2024-11-02T01:16:15.177+0000] {spark_submit.py:579} INFO - 24/11/02 01:16:15 INFO BlockManagerMaster: Registering BlockManager BlockManagerId(driver, ee9b80364a9a, 33037, None)
[2024-11-02T01:16:15.178+0000] {spark_submit.py:579} INFO - 24/11/02 01:16:15 INFO BlockManagerMasterEndpoint: Registering block manager ee9b80364a9a:33037 with 434.4 MiB RAM, BlockManagerId(driver, ee9b80364a9a, 33037, None)
[2024-11-02T01:16:15.178+0000] {spark_submit.py:579} INFO - 24/11/02 01:16:15 INFO BlockManagerMaster: Registered BlockManager BlockManagerId(driver, ee9b80364a9a, 33037, None)
[2024-11-02T01:16:15.179+0000] {spark_submit.py:579} INFO - 24/11/02 01:16:15 INFO BlockManager: Initialized BlockManager: BlockManagerId(driver, ee9b80364a9a, 33037, None)
[2024-11-02T01:16:15.195+0000] {spark_submit.py:579} INFO - 24/11/02 01:16:15 INFO StandaloneAppClient$ClientEndpoint: Executor updated: app-20241102011615-0033/0 is now RUNNING
[2024-11-02T01:16:15.206+0000] {spark_submit.py:579} INFO - 24/11/02 01:16:15 INFO StandaloneSchedulerBackend: SchedulerBackend is ready for scheduling beginning after reached minRegisteredResourcesRatio: 0.0
[2024-11-02T01:16:15.243+0000] {spark_submit.py:579} INFO - 24/11/02 01:16:15 INFO SharedState: Setting hive.metastore.warehouse.dir ('null') to the value of spark.sql.warehouse.dir.
[2024-11-02T01:16:15.244+0000] {spark_submit.py:579} INFO - 24/11/02 01:16:15 INFO SharedState: Warehouse path is 'file:/opt/***/spark-warehouse'.
[2024-11-02T01:16:15.285+0000] {spark_submit.py:579} INFO - 24/11/02 01:16:15 INFO InMemoryFileIndex: It took 11 ms to list leaf files for 1 paths.
[2024-11-02T01:16:15.323+0000] {spark_submit.py:579} INFO - 24/11/02 01:16:15 INFO SparkContext: Starting job: load at NativeMethodAccessorImpl.java:0
[2024-11-02T01:16:15.325+0000] {spark_submit.py:579} INFO - 24/11/02 01:16:15 INFO DAGScheduler: Got job 0 (load at NativeMethodAccessorImpl.java:0) with 1 output partitions
[2024-11-02T01:16:15.326+0000] {spark_submit.py:579} INFO - 24/11/02 01:16:15 INFO DAGScheduler: Final stage: ResultStage 0 (load at NativeMethodAccessorImpl.java:0)
[2024-11-02T01:16:15.327+0000] {spark_submit.py:579} INFO - 24/11/02 01:16:15 INFO DAGScheduler: Parents of final stage: List()
[2024-11-02T01:16:15.327+0000] {spark_submit.py:579} INFO - 24/11/02 01:16:15 INFO DAGScheduler: Missing parents: List()
[2024-11-02T01:16:15.328+0000] {spark_submit.py:579} INFO - 24/11/02 01:16:15 INFO DAGScheduler: Submitting ResultStage 0 (MapPartitionsRDD[1] at load at NativeMethodAccessorImpl.java:0), which has no missing parents
[2024-11-02T01:16:15.348+0000] {spark_submit.py:579} INFO - 24/11/02 01:16:15 INFO MemoryStore: Block broadcast_0 stored as values in memory (estimated size 106.8 KiB, free 434.3 MiB)
[2024-11-02T01:16:15.352+0000] {spark_submit.py:579} INFO - 24/11/02 01:16:15 INFO MemoryStore: Block broadcast_0_piece0 stored as bytes in memory (estimated size 38.8 KiB, free 434.3 MiB)
[2024-11-02T01:16:15.355+0000] {spark_submit.py:579} INFO - 24/11/02 01:16:15 INFO BlockManagerInfo: Added broadcast_0_piece0 in memory on ee9b80364a9a:33037 (size: 38.8 KiB, free: 434.4 MiB)
[2024-11-02T01:16:15.357+0000] {spark_submit.py:579} INFO - 24/11/02 01:16:15 INFO SparkContext: Created broadcast 0 from broadcast at DAGScheduler.scala:1540
[2024-11-02T01:16:15.359+0000] {spark_submit.py:579} INFO - 24/11/02 01:16:15 INFO DAGScheduler: Submitting 1 missing tasks from ResultStage 0 (MapPartitionsRDD[1] at load at NativeMethodAccessorImpl.java:0) (first 15 tasks are for partitions Vector(0))
[2024-11-02T01:16:15.360+0000] {spark_submit.py:579} INFO - 24/11/02 01:16:15 INFO TaskSchedulerImpl: Adding task set 0.0 with 1 tasks resource profile 0
[2024-11-02T01:16:17.585+0000] {spark_submit.py:579} INFO - 24/11/02 01:16:17 INFO StandaloneSchedulerBackend$StandaloneDriverEndpoint: Registered executor NettyRpcEndpointRef(spark-client://Executor) (172.19.0.5:39660) with ID 0,  ResourceProfileId 0
[2024-11-02T01:16:17.645+0000] {spark_submit.py:579} INFO - 24/11/02 01:16:17 INFO BlockManagerMasterEndpoint: Registering block manager 172.19.0.5:36327 with 1048.8 MiB RAM, BlockManagerId(0, 172.19.0.5, 36327, None)
[2024-11-02T01:16:20.355+0000] {spark_submit.py:579} INFO - 24/11/02 01:16:20 INFO TaskSetManager: Starting task 0.0 in stage 0.0 (TID 0) (172.19.0.5, executor 0, partition 0, PROCESS_LOCAL, 7500 bytes)
[2024-11-02T01:16:20.545+0000] {spark_submit.py:579} INFO - 24/11/02 01:16:20 INFO BlockManagerInfo: Added broadcast_0_piece0 in memory on 172.19.0.5:36327 (size: 38.8 KiB, free: 1048.8 MiB)
[2024-11-02T01:16:22.021+0000] {spark_submit.py:579} INFO - 24/11/02 01:16:22 INFO TaskSetManager: Finished task 0.0 in stage 0.0 (TID 0) in 1667 ms on 172.19.0.5 (executor 0) (1/1)
[2024-11-02T01:16:22.022+0000] {spark_submit.py:579} INFO - 24/11/02 01:16:22 INFO TaskSchedulerImpl: Removed TaskSet 0.0, whose tasks have all completed, from pool
[2024-11-02T01:16:22.022+0000] {spark_submit.py:579} INFO - 24/11/02 01:16:22 INFO DAGScheduler: ResultStage 0 (load at NativeMethodAccessorImpl.java:0) finished in 6.692 s
[2024-11-02T01:16:22.023+0000] {spark_submit.py:579} INFO - 24/11/02 01:16:22 INFO DAGScheduler: Job 0 is finished. Cancelling potential speculative or zombie tasks for this job
[2024-11-02T01:16:22.024+0000] {spark_submit.py:579} INFO - 24/11/02 01:16:22 INFO TaskSchedulerImpl: Killing all running tasks in stage 0: Stage finished
[2024-11-02T01:16:22.024+0000] {spark_submit.py:579} INFO - 24/11/02 01:16:22 INFO DAGScheduler: Job 0 finished: load at NativeMethodAccessorImpl.java:0, took 6.700002 s
[2024-11-02T01:16:22.257+0000] {spark_submit.py:579} INFO - 24/11/02 01:16:22 INFO SparkContext: SparkContext is stopping with exitCode 0.
[2024-11-02T01:16:22.260+0000] {spark_submit.py:579} INFO - 24/11/02 01:16:22 INFO BlockManagerInfo: Removed broadcast_0_piece0 on ee9b80364a9a:33037 in memory (size: 38.8 KiB, free: 434.4 MiB)
[2024-11-02T01:16:22.263+0000] {spark_submit.py:579} INFO - 24/11/02 01:16:22 INFO SparkUI: Stopped Spark web UI at http://ee9b80364a9a:4040
[2024-11-02T01:16:22.275+0000] {spark_submit.py:579} INFO - 24/11/02 01:16:22 INFO BlockManagerInfo: Removed broadcast_0_piece0 on 172.19.0.5:36327 in memory (size: 38.8 KiB, free: 1048.8 MiB)
[2024-11-02T01:16:22.283+0000] {spark_submit.py:579} INFO - 24/11/02 01:16:22 INFO StandaloneSchedulerBackend: Shutting down all executors
[2024-11-02T01:16:22.284+0000] {spark_submit.py:579} INFO - 24/11/02 01:16:22 INFO StandaloneSchedulerBackend$StandaloneDriverEndpoint: Asking each executor to shut down
[2024-11-02T01:16:22.288+0000] {spark_submit.py:579} INFO - 24/11/02 01:16:22 INFO MapOutputTrackerMasterEndpoint: MapOutputTrackerMasterEndpoint stopped!
[2024-11-02T01:16:22.299+0000] {spark_submit.py:579} INFO - 24/11/02 01:16:22 INFO MemoryStore: MemoryStore cleared
[2024-11-02T01:16:22.300+0000] {spark_submit.py:579} INFO - 24/11/02 01:16:22 INFO BlockManager: BlockManager stopped
[2024-11-02T01:16:22.301+0000] {spark_submit.py:579} INFO - 24/11/02 01:16:22 INFO BlockManagerMaster: BlockManagerMaster stopped
[2024-11-02T01:16:22.302+0000] {spark_submit.py:579} INFO - 24/11/02 01:16:22 INFO OutputCommitCoordinator$OutputCommitCoordinatorEndpoint: OutputCommitCoordinator stopped!
[2024-11-02T01:16:22.355+0000] {spark_submit.py:579} INFO - 24/11/02 01:16:22 INFO SparkContext: Successfully stopped SparkContext
[2024-11-02T01:16:22.783+0000] {spark_submit.py:579} INFO - ERROR:root:Error during merge process:
[2024-11-02T01:16:22.787+0000] {spark_submit.py:579} INFO - ERROR:root:Traceback (most recent call last):
[2024-11-02T01:16:22.788+0000] {spark_submit.py:579} INFO - File "/opt/***/jobs/python/test_merge.py", line 245, in merge_data
[2024-11-02T01:16:22.789+0000] {spark_submit.py:579} INFO - .withColumn('comb', concat_ws(" ", col('keyword_convert'), col('cast_names'), col('director'), col('genres_convert')))
[2024-11-02T01:16:22.789+0000] {spark_submit.py:579} INFO - ^^^^^^^^^^^^^^^^^^^^^^
[2024-11-02T01:16:22.790+0000] {spark_submit.py:579} INFO - File "/home/***/.local/lib/python3.11/site-packages/pyspark/python/lib/pyspark.zip/pyspark/sql/utils.py", line 160, in wrapped
[2024-11-02T01:16:22.791+0000] {spark_submit.py:579} INFO - return f(*args, **kwargs)
[2024-11-02T01:16:22.791+0000] {spark_submit.py:579} INFO - ^^^^^^^^^^^^^^^^^^
[2024-11-02T01:16:22.792+0000] {spark_submit.py:579} INFO - File "/home/***/.local/lib/python3.11/site-packages/pyspark/python/lib/pyspark.zip/pyspark/sql/functions.py", line 221, in col
[2024-11-02T01:16:22.793+0000] {spark_submit.py:579} INFO - return _invoke_function("col", col)
[2024-11-02T01:16:22.793+0000] {spark_submit.py:579} INFO - ^^^^^^^^^^^^^^^^^^^^^^^^^^^^
[2024-11-02T01:16:22.794+0000] {spark_submit.py:579} INFO - File "/home/***/.local/lib/python3.11/site-packages/pyspark/python/lib/pyspark.zip/pyspark/sql/functions.py", line 93, in _invoke_function
[2024-11-02T01:16:22.794+0000] {spark_submit.py:579} INFO - assert SparkContext._active_spark_context is not None
[2024-11-02T01:16:22.795+0000] {spark_submit.py:579} INFO - ^^^^^^^^^^^^^^^^^^^^^^^^^^^^^^^^^^^^^^^^^^^^^^
[2024-11-02T01:16:22.795+0000] {spark_submit.py:579} INFO - AssertionError
[2024-11-02T01:16:22.796+0000] {spark_submit.py:579} INFO - 
[2024-11-02T01:16:22.904+0000] {spark_submit.py:579} INFO - 24/11/02 01:16:22 INFO ShutdownHookManager: Shutdown hook called
[2024-11-02T01:16:22.905+0000] {spark_submit.py:579} INFO - 24/11/02 01:16:22 INFO ShutdownHookManager: Deleting directory /tmp/spark-12d8aa3c-b9cf-4b54-9b15-1d52e7b69508/pyspark-c5df1141-7c52-423a-93b8-39edd90c3543
[2024-11-02T01:16:22.910+0000] {spark_submit.py:579} INFO - 24/11/02 01:16:22 INFO ShutdownHookManager: Deleting directory /tmp/spark-12d8aa3c-b9cf-4b54-9b15-1d52e7b69508/pyspark-9d0ee8fd-fefd-4628-a257-4dcd21b5a543
[2024-11-02T01:16:22.914+0000] {spark_submit.py:579} INFO - 24/11/02 01:16:22 INFO ShutdownHookManager: Deleting directory /tmp/spark-12d8aa3c-b9cf-4b54-9b15-1d52e7b69508/pyspark-5d01e063-7c06-4b97-80b0-a407704ef6ea
[2024-11-02T01:16:22.918+0000] {spark_submit.py:579} INFO - 24/11/02 01:16:22 INFO ShutdownHookManager: Deleting directory /tmp/spark-e3d9be5e-7d91-43e4-b4ad-44d2440b9ccf
[2024-11-02T01:16:22.923+0000] {spark_submit.py:579} INFO - 24/11/02 01:16:22 INFO ShutdownHookManager: Deleting directory /tmp/spark-12d8aa3c-b9cf-4b54-9b15-1d52e7b69508
[2024-11-02T01:16:22.931+0000] {spark_submit.py:579} INFO - 24/11/02 01:16:22 INFO MetricsSystemImpl: Stopping s3a-file-system metrics system...
[2024-11-02T01:16:22.931+0000] {spark_submit.py:579} INFO - 24/11/02 01:16:22 INFO MetricsSystemImpl: s3a-file-system metrics system stopped.
[2024-11-02T01:16:22.932+0000] {spark_submit.py:579} INFO - 24/11/02 01:16:22 INFO MetricsSystemImpl: s3a-file-system metrics system shutdown complete.
[2024-11-02T01:16:23.009+0000] {taskinstance.py:1935} ERROR - Task failed with exception
Traceback (most recent call last):
  File "/home/airflow/.local/lib/python3.11/site-packages/airflow/providers/apache/spark/operators/spark_submit.py", line 174, in execute
    self._hook.submit(self.application)
  File "/home/airflow/.local/lib/python3.11/site-packages/airflow/providers/apache/spark/hooks/spark_submit.py", line 505, in submit
    raise AirflowException(
airflow.exceptions.AirflowException: Cannot execute: spark-submit --master spark://master:7077 --conf spark.sql.extensions=io.delta.sql.DeltaSparkSessionExtension --conf spark.sql.catalog.spark_catalog=org.apache.spark.sql.delta.catalog.DeltaCatalog --jars /opt/***/jars/hadoop-aws-3.3.4.jar,/opt/***/jars/s3-2.18.41.jar,/opt/***/jars/aws-java-sdk-1.12.367.jar,/opt/***/jars/delta-core_2.12-2.4.0.jar,/opt/***/jars/delta-storage-2.2.0.jar, --packages org.apache.hadoop:hadoop-aws:3.3.4 --num-executors 2 --total-executor-cores 2 --executor-cores 2 --executor-memory 2g --driver-memory 1g --name arrow-spark --deploy-mode client /opt/***/jobs/python/test_merge.py s3a://lakehouse/bronze/keywords.parquet s3a://lakehouse/bronze/movies.parquet s3a://lakehouse/bronze/credits.parquet s3a://lakehouse/silver/merged_data. Error code is: 1.
[2024-11-02T01:16:23.013+0000] {taskinstance.py:1398} INFO - Marking task as UP_FOR_RETRY. dag_id=mergeeeee, task_id=merge_id, execution_date=20241102T011550, start_date=20241102T011552, end_date=20241102T011623
[2024-11-02T01:16:23.027+0000] {standard_task_runner.py:104} ERROR - Failed to execute job 59 for task merge_id (Cannot execute: spark-submit --master spark://master:7077 --conf spark.sql.extensions=io.delta.sql.DeltaSparkSessionExtension --conf spark.sql.catalog.spark_catalog=org.apache.spark.sql.delta.catalog.DeltaCatalog --jars /opt/***/jars/hadoop-aws-3.3.4.jar,/opt/***/jars/s3-2.18.41.jar,/opt/***/jars/aws-java-sdk-1.12.367.jar,/opt/***/jars/delta-core_2.12-2.4.0.jar,/opt/***/jars/delta-storage-2.2.0.jar, --packages org.apache.hadoop:hadoop-aws:3.3.4 --num-executors 2 --total-executor-cores 2 --executor-cores 2 --executor-memory 2g --driver-memory 1g --name arrow-spark --deploy-mode client /opt/***/jobs/python/test_merge.py s3a://lakehouse/bronze/keywords.parquet s3a://lakehouse/bronze/movies.parquet s3a://lakehouse/bronze/credits.parquet s3a://lakehouse/silver/merged_data. Error code is: 1.; 10085)
[2024-11-02T01:16:23.049+0000] {local_task_job_runner.py:228} INFO - Task exited with return code 1
[2024-11-02T01:16:23.064+0000] {taskinstance.py:2776} INFO - 0 downstream tasks scheduled from follow-on schedule check
