[2024-12-15T16:46:54.012+0000] {processor.py:157} INFO - Started process (PID=199) to work on /opt/airflow/dags/silver_layer.py
[2024-12-15T16:46:54.014+0000] {processor.py:829} INFO - Processing file /opt/airflow/dags/silver_layer.py for tasks to queue
[2024-12-15T16:46:54.015+0000] {logging_mixin.py:154} INFO - [2024-12-15T16:46:54.015+0000] {dagbag.py:536} INFO - Filling up the DagBag from /opt/airflow/dags/silver_layer.py
[2024-12-15T16:46:54.057+0000] {processor.py:839} INFO - DAG(s) dict_keys(['Silver_Layer']) retrieved from /opt/airflow/dags/silver_layer.py
[2024-12-15T16:46:54.074+0000] {logging_mixin.py:154} INFO - [2024-12-15T16:46:54.073+0000] {dag.py:2941} INFO - Sync 1 DAGs
[2024-12-15T16:46:54.112+0000] {logging_mixin.py:154} INFO - [2024-12-15T16:46:54.112+0000] {dag.py:3722} INFO - Setting next_dagrun for Silver_Layer to 2024-12-14T00:00:00+00:00, run_after=2024-12-15T00:00:00+00:00
[2024-12-15T16:46:54.137+0000] {processor.py:179} INFO - Processing /opt/airflow/dags/silver_layer.py took 0.130 seconds
[2024-12-15T16:47:25.958+0000] {processor.py:157} INFO - Started process (PID=244) to work on /opt/airflow/dags/silver_layer.py
[2024-12-15T16:47:25.960+0000] {processor.py:829} INFO - Processing file /opt/airflow/dags/silver_layer.py for tasks to queue
[2024-12-15T16:47:25.961+0000] {logging_mixin.py:154} INFO - [2024-12-15T16:47:25.961+0000] {dagbag.py:536} INFO - Filling up the DagBag from /opt/airflow/dags/silver_layer.py
[2024-12-15T16:47:25.993+0000] {processor.py:839} INFO - DAG(s) dict_keys(['Silver_Layer']) retrieved from /opt/airflow/dags/silver_layer.py
[2024-12-15T16:47:26.047+0000] {logging_mixin.py:154} INFO - [2024-12-15T16:47:26.046+0000] {dag.py:2941} INFO - Sync 1 DAGs
[2024-12-15T16:47:26.079+0000] {logging_mixin.py:154} INFO - [2024-12-15T16:47:26.079+0000] {dag.py:3722} INFO - Setting next_dagrun for Silver_Layer to 2024-12-14T00:00:00+00:00, run_after=2024-12-15T00:00:00+00:00
[2024-12-15T16:47:26.102+0000] {processor.py:179} INFO - Processing /opt/airflow/dags/silver_layer.py took 0.148 seconds
[2024-12-15T16:47:57.696+0000] {processor.py:157} INFO - Started process (PID=425) to work on /opt/airflow/dags/silver_layer.py
[2024-12-15T16:47:57.703+0000] {processor.py:829} INFO - Processing file /opt/airflow/dags/silver_layer.py for tasks to queue
[2024-12-15T16:47:57.705+0000] {logging_mixin.py:154} INFO - [2024-12-15T16:47:57.705+0000] {dagbag.py:536} INFO - Filling up the DagBag from /opt/airflow/dags/silver_layer.py
[2024-12-15T16:47:57.759+0000] {processor.py:839} INFO - DAG(s) dict_keys(['Silver_Layer']) retrieved from /opt/airflow/dags/silver_layer.py
[2024-12-15T16:47:57.818+0000] {logging_mixin.py:154} INFO - [2024-12-15T16:47:57.817+0000] {dag.py:2941} INFO - Sync 1 DAGs
[2024-12-15T16:47:57.863+0000] {logging_mixin.py:154} INFO - [2024-12-15T16:47:57.862+0000] {dag.py:3722} INFO - Setting next_dagrun for Silver_Layer to 2024-12-14T00:00:00+00:00, run_after=2024-12-15T00:00:00+00:00
[2024-12-15T16:47:57.899+0000] {processor.py:179} INFO - Processing /opt/airflow/dags/silver_layer.py took 0.208 seconds
[2024-12-15T16:48:29.607+0000] {processor.py:157} INFO - Started process (PID=711) to work on /opt/airflow/dags/silver_layer.py
[2024-12-15T16:48:29.609+0000] {processor.py:829} INFO - Processing file /opt/airflow/dags/silver_layer.py for tasks to queue
[2024-12-15T16:48:29.610+0000] {logging_mixin.py:154} INFO - [2024-12-15T16:48:29.610+0000] {dagbag.py:536} INFO - Filling up the DagBag from /opt/airflow/dags/silver_layer.py
[2024-12-15T16:48:29.670+0000] {processor.py:839} INFO - DAG(s) dict_keys(['Silver_Layer']) retrieved from /opt/airflow/dags/silver_layer.py
[2024-12-15T16:48:29.745+0000] {logging_mixin.py:154} INFO - [2024-12-15T16:48:29.744+0000] {dag.py:2941} INFO - Sync 1 DAGs
[2024-12-15T16:48:29.795+0000] {logging_mixin.py:154} INFO - [2024-12-15T16:48:29.794+0000] {dag.py:3722} INFO - Setting next_dagrun for Silver_Layer to 2024-12-14T00:00:00+00:00, run_after=2024-12-15T00:00:00+00:00
[2024-12-15T16:48:29.841+0000] {processor.py:179} INFO - Processing /opt/airflow/dags/silver_layer.py took 0.238 seconds
[2024-12-15T16:49:01.188+0000] {processor.py:157} INFO - Started process (PID=754) to work on /opt/airflow/dags/silver_layer.py
[2024-12-15T16:49:01.190+0000] {processor.py:829} INFO - Processing file /opt/airflow/dags/silver_layer.py for tasks to queue
[2024-12-15T16:49:01.191+0000] {logging_mixin.py:154} INFO - [2024-12-15T16:49:01.191+0000] {dagbag.py:536} INFO - Filling up the DagBag from /opt/airflow/dags/silver_layer.py
[2024-12-15T16:49:01.216+0000] {processor.py:839} INFO - DAG(s) dict_keys(['Silver_Layer']) retrieved from /opt/airflow/dags/silver_layer.py
[2024-12-15T16:49:01.254+0000] {logging_mixin.py:154} INFO - [2024-12-15T16:49:01.254+0000] {dag.py:2941} INFO - Sync 1 DAGs
[2024-12-15T16:49:01.279+0000] {logging_mixin.py:154} INFO - [2024-12-15T16:49:01.278+0000] {dag.py:3722} INFO - Setting next_dagrun for Silver_Layer to 2024-12-14T00:00:00+00:00, run_after=2024-12-15T00:00:00+00:00
[2024-12-15T16:49:01.300+0000] {processor.py:179} INFO - Processing /opt/airflow/dags/silver_layer.py took 0.116 seconds
[2024-12-15T16:49:32.409+0000] {processor.py:157} INFO - Started process (PID=776) to work on /opt/airflow/dags/silver_layer.py
[2024-12-15T16:49:32.410+0000] {processor.py:829} INFO - Processing file /opt/airflow/dags/silver_layer.py for tasks to queue
[2024-12-15T16:49:32.411+0000] {logging_mixin.py:154} INFO - [2024-12-15T16:49:32.411+0000] {dagbag.py:536} INFO - Filling up the DagBag from /opt/airflow/dags/silver_layer.py
[2024-12-15T16:49:32.436+0000] {processor.py:839} INFO - DAG(s) dict_keys(['Silver_Layer']) retrieved from /opt/airflow/dags/silver_layer.py
[2024-12-15T16:49:32.485+0000] {logging_mixin.py:154} INFO - [2024-12-15T16:49:32.485+0000] {dag.py:2941} INFO - Sync 1 DAGs
[2024-12-15T16:49:32.510+0000] {logging_mixin.py:154} INFO - [2024-12-15T16:49:32.510+0000] {dag.py:3722} INFO - Setting next_dagrun for Silver_Layer to 2024-12-14T00:00:00+00:00, run_after=2024-12-15T00:00:00+00:00
[2024-12-15T16:49:32.532+0000] {processor.py:179} INFO - Processing /opt/airflow/dags/silver_layer.py took 0.126 seconds
[2024-12-15T16:50:03.669+0000] {processor.py:157} INFO - Started process (PID=798) to work on /opt/airflow/dags/silver_layer.py
[2024-12-15T16:50:03.671+0000] {processor.py:829} INFO - Processing file /opt/airflow/dags/silver_layer.py for tasks to queue
[2024-12-15T16:50:03.672+0000] {logging_mixin.py:154} INFO - [2024-12-15T16:50:03.671+0000] {dagbag.py:536} INFO - Filling up the DagBag from /opt/airflow/dags/silver_layer.py
[2024-12-15T16:50:03.695+0000] {processor.py:839} INFO - DAG(s) dict_keys(['Silver_Layer']) retrieved from /opt/airflow/dags/silver_layer.py
[2024-12-15T16:50:03.754+0000] {logging_mixin.py:154} INFO - [2024-12-15T16:50:03.753+0000] {dag.py:2941} INFO - Sync 1 DAGs
[2024-12-15T16:50:03.779+0000] {logging_mixin.py:154} INFO - [2024-12-15T16:50:03.779+0000] {dag.py:3722} INFO - Setting next_dagrun for Silver_Layer to 2024-12-14T00:00:00+00:00, run_after=2024-12-15T00:00:00+00:00
[2024-12-15T16:50:03.803+0000] {processor.py:179} INFO - Processing /opt/airflow/dags/silver_layer.py took 0.136 seconds
[2024-12-15T16:50:34.824+0000] {processor.py:157} INFO - Started process (PID=818) to work on /opt/airflow/dags/silver_layer.py
[2024-12-15T16:50:34.825+0000] {processor.py:829} INFO - Processing file /opt/airflow/dags/silver_layer.py for tasks to queue
[2024-12-15T16:50:34.826+0000] {logging_mixin.py:154} INFO - [2024-12-15T16:50:34.825+0000] {dagbag.py:536} INFO - Filling up the DagBag from /opt/airflow/dags/silver_layer.py
[2024-12-15T16:50:34.851+0000] {processor.py:839} INFO - DAG(s) dict_keys(['Silver_Layer']) retrieved from /opt/airflow/dags/silver_layer.py
[2024-12-15T16:50:34.896+0000] {logging_mixin.py:154} INFO - [2024-12-15T16:50:34.895+0000] {dag.py:2941} INFO - Sync 1 DAGs
[2024-12-15T16:50:34.929+0000] {logging_mixin.py:154} INFO - [2024-12-15T16:50:34.929+0000] {dag.py:3722} INFO - Setting next_dagrun for Silver_Layer to 2024-12-14T00:00:00+00:00, run_after=2024-12-15T00:00:00+00:00
[2024-12-15T16:50:34.955+0000] {processor.py:179} INFO - Processing /opt/airflow/dags/silver_layer.py took 0.135 seconds
[2024-12-15T16:51:06.290+0000] {processor.py:157} INFO - Started process (PID=842) to work on /opt/airflow/dags/silver_layer.py
[2024-12-15T16:51:06.291+0000] {processor.py:829} INFO - Processing file /opt/airflow/dags/silver_layer.py for tasks to queue
[2024-12-15T16:51:06.292+0000] {logging_mixin.py:154} INFO - [2024-12-15T16:51:06.292+0000] {dagbag.py:536} INFO - Filling up the DagBag from /opt/airflow/dags/silver_layer.py
[2024-12-15T16:51:06.323+0000] {processor.py:839} INFO - DAG(s) dict_keys(['Silver_Layer']) retrieved from /opt/airflow/dags/silver_layer.py
[2024-12-15T16:51:06.364+0000] {logging_mixin.py:154} INFO - [2024-12-15T16:51:06.364+0000] {dag.py:2941} INFO - Sync 1 DAGs
[2024-12-15T16:51:06.390+0000] {logging_mixin.py:154} INFO - [2024-12-15T16:51:06.390+0000] {dag.py:3722} INFO - Setting next_dagrun for Silver_Layer to 2024-12-14T00:00:00+00:00, run_after=2024-12-15T00:00:00+00:00
[2024-12-15T16:51:06.410+0000] {processor.py:179} INFO - Processing /opt/airflow/dags/silver_layer.py took 0.125 seconds
[2024-12-15T16:51:37.403+0000] {processor.py:157} INFO - Started process (PID=862) to work on /opt/airflow/dags/silver_layer.py
[2024-12-15T16:51:37.405+0000] {processor.py:829} INFO - Processing file /opt/airflow/dags/silver_layer.py for tasks to queue
[2024-12-15T16:51:37.406+0000] {logging_mixin.py:154} INFO - [2024-12-15T16:51:37.406+0000] {dagbag.py:536} INFO - Filling up the DagBag from /opt/airflow/dags/silver_layer.py
[2024-12-15T16:51:37.433+0000] {processor.py:839} INFO - DAG(s) dict_keys(['Silver_Layer']) retrieved from /opt/airflow/dags/silver_layer.py
[2024-12-15T16:51:37.476+0000] {logging_mixin.py:154} INFO - [2024-12-15T16:51:37.476+0000] {dag.py:2941} INFO - Sync 1 DAGs
[2024-12-15T16:51:37.499+0000] {logging_mixin.py:154} INFO - [2024-12-15T16:51:37.499+0000] {dag.py:3722} INFO - Setting next_dagrun for Silver_Layer to 2024-12-14T00:00:00+00:00, run_after=2024-12-15T00:00:00+00:00
[2024-12-15T16:51:37.521+0000] {processor.py:179} INFO - Processing /opt/airflow/dags/silver_layer.py took 0.121 seconds
[2024-12-15T16:52:08.830+0000] {processor.py:157} INFO - Started process (PID=884) to work on /opt/airflow/dags/silver_layer.py
[2024-12-15T16:52:08.831+0000] {processor.py:829} INFO - Processing file /opt/airflow/dags/silver_layer.py for tasks to queue
[2024-12-15T16:52:08.832+0000] {logging_mixin.py:154} INFO - [2024-12-15T16:52:08.832+0000] {dagbag.py:536} INFO - Filling up the DagBag from /opt/airflow/dags/silver_layer.py
[2024-12-15T16:52:08.859+0000] {processor.py:839} INFO - DAG(s) dict_keys(['Silver_Layer']) retrieved from /opt/airflow/dags/silver_layer.py
[2024-12-15T16:52:08.901+0000] {logging_mixin.py:154} INFO - [2024-12-15T16:52:08.900+0000] {dag.py:2941} INFO - Sync 1 DAGs
[2024-12-15T16:52:08.925+0000] {logging_mixin.py:154} INFO - [2024-12-15T16:52:08.924+0000] {dag.py:3722} INFO - Setting next_dagrun for Silver_Layer to 2024-12-14T00:00:00+00:00, run_after=2024-12-15T00:00:00+00:00
[2024-12-15T16:52:08.944+0000] {processor.py:179} INFO - Processing /opt/airflow/dags/silver_layer.py took 0.118 seconds
[2024-12-15T16:52:40.070+0000] {processor.py:157} INFO - Started process (PID=955) to work on /opt/airflow/dags/silver_layer.py
[2024-12-15T16:52:40.072+0000] {processor.py:829} INFO - Processing file /opt/airflow/dags/silver_layer.py for tasks to queue
[2024-12-15T16:52:40.073+0000] {logging_mixin.py:154} INFO - [2024-12-15T16:52:40.073+0000] {dagbag.py:536} INFO - Filling up the DagBag from /opt/airflow/dags/silver_layer.py
[2024-12-15T16:52:40.098+0000] {processor.py:839} INFO - DAG(s) dict_keys(['Silver_Layer']) retrieved from /opt/airflow/dags/silver_layer.py
[2024-12-15T16:52:40.145+0000] {logging_mixin.py:154} INFO - [2024-12-15T16:52:40.145+0000] {dag.py:2941} INFO - Sync 1 DAGs
[2024-12-15T16:52:40.170+0000] {logging_mixin.py:154} INFO - [2024-12-15T16:52:40.169+0000] {dag.py:3722} INFO - Setting next_dagrun for Silver_Layer to 2024-12-14T00:00:00+00:00, run_after=2024-12-15T00:00:00+00:00
[2024-12-15T16:52:40.188+0000] {processor.py:179} INFO - Processing /opt/airflow/dags/silver_layer.py took 0.121 seconds
[2024-12-15T16:53:11.391+0000] {processor.py:157} INFO - Started process (PID=979) to work on /opt/airflow/dags/silver_layer.py
[2024-12-15T16:53:11.393+0000] {processor.py:829} INFO - Processing file /opt/airflow/dags/silver_layer.py for tasks to queue
[2024-12-15T16:53:11.394+0000] {logging_mixin.py:154} INFO - [2024-12-15T16:53:11.394+0000] {dagbag.py:536} INFO - Filling up the DagBag from /opt/airflow/dags/silver_layer.py
[2024-12-15T16:53:11.433+0000] {processor.py:839} INFO - DAG(s) dict_keys(['Silver_Layer']) retrieved from /opt/airflow/dags/silver_layer.py
[2024-12-15T16:53:11.487+0000] {logging_mixin.py:154} INFO - [2024-12-15T16:53:11.487+0000] {dag.py:2941} INFO - Sync 1 DAGs
[2024-12-15T16:53:11.510+0000] {logging_mixin.py:154} INFO - [2024-12-15T16:53:11.510+0000] {dag.py:3722} INFO - Setting next_dagrun for Silver_Layer to 2024-12-14T00:00:00+00:00, run_after=2024-12-15T00:00:00+00:00
[2024-12-15T16:53:11.535+0000] {processor.py:179} INFO - Processing /opt/airflow/dags/silver_layer.py took 0.146 seconds
[2024-12-15T16:53:42.597+0000] {processor.py:157} INFO - Started process (PID=1001) to work on /opt/airflow/dags/silver_layer.py
[2024-12-15T16:53:42.599+0000] {processor.py:829} INFO - Processing file /opt/airflow/dags/silver_layer.py for tasks to queue
[2024-12-15T16:53:42.600+0000] {logging_mixin.py:154} INFO - [2024-12-15T16:53:42.600+0000] {dagbag.py:536} INFO - Filling up the DagBag from /opt/airflow/dags/silver_layer.py
[2024-12-15T16:53:42.640+0000] {processor.py:839} INFO - DAG(s) dict_keys(['Silver_Layer']) retrieved from /opt/airflow/dags/silver_layer.py
[2024-12-15T16:53:42.698+0000] {logging_mixin.py:154} INFO - [2024-12-15T16:53:42.698+0000] {dag.py:2941} INFO - Sync 1 DAGs
[2024-12-15T16:53:42.723+0000] {logging_mixin.py:154} INFO - [2024-12-15T16:53:42.722+0000] {dag.py:3722} INFO - Setting next_dagrun for Silver_Layer to 2024-12-14T00:00:00+00:00, run_after=2024-12-15T00:00:00+00:00
[2024-12-15T16:53:42.749+0000] {processor.py:179} INFO - Processing /opt/airflow/dags/silver_layer.py took 0.156 seconds
[2024-12-15T16:54:13.667+0000] {processor.py:157} INFO - Started process (PID=1021) to work on /opt/airflow/dags/silver_layer.py
[2024-12-15T16:54:13.668+0000] {processor.py:829} INFO - Processing file /opt/airflow/dags/silver_layer.py for tasks to queue
[2024-12-15T16:54:13.669+0000] {logging_mixin.py:154} INFO - [2024-12-15T16:54:13.669+0000] {dagbag.py:536} INFO - Filling up the DagBag from /opt/airflow/dags/silver_layer.py
[2024-12-15T16:54:13.693+0000] {processor.py:839} INFO - DAG(s) dict_keys(['Silver_Layer']) retrieved from /opt/airflow/dags/silver_layer.py
[2024-12-15T16:54:13.735+0000] {logging_mixin.py:154} INFO - [2024-12-15T16:54:13.735+0000] {dag.py:2941} INFO - Sync 1 DAGs
[2024-12-15T16:54:13.760+0000] {logging_mixin.py:154} INFO - [2024-12-15T16:54:13.759+0000] {dag.py:3722} INFO - Setting next_dagrun for Silver_Layer to 2024-12-14T00:00:00+00:00, run_after=2024-12-15T00:00:00+00:00
[2024-12-15T16:54:13.783+0000] {processor.py:179} INFO - Processing /opt/airflow/dags/silver_layer.py took 0.120 seconds
[2024-12-15T16:54:44.893+0000] {processor.py:157} INFO - Started process (PID=1043) to work on /opt/airflow/dags/silver_layer.py
[2024-12-15T16:54:44.894+0000] {processor.py:829} INFO - Processing file /opt/airflow/dags/silver_layer.py for tasks to queue
[2024-12-15T16:54:44.895+0000] {logging_mixin.py:154} INFO - [2024-12-15T16:54:44.895+0000] {dagbag.py:536} INFO - Filling up the DagBag from /opt/airflow/dags/silver_layer.py
[2024-12-15T16:54:44.925+0000] {processor.py:839} INFO - DAG(s) dict_keys(['Silver_Layer']) retrieved from /opt/airflow/dags/silver_layer.py
[2024-12-15T16:54:44.978+0000] {logging_mixin.py:154} INFO - [2024-12-15T16:54:44.977+0000] {dag.py:2941} INFO - Sync 1 DAGs
[2024-12-15T16:54:45.009+0000] {logging_mixin.py:154} INFO - [2024-12-15T16:54:45.009+0000] {dag.py:3722} INFO - Setting next_dagrun for Silver_Layer to 2024-12-14T00:00:00+00:00, run_after=2024-12-15T00:00:00+00:00
[2024-12-15T16:54:45.030+0000] {processor.py:179} INFO - Processing /opt/airflow/dags/silver_layer.py took 0.141 seconds
[2024-12-15T16:55:16.491+0000] {processor.py:157} INFO - Started process (PID=1065) to work on /opt/airflow/dags/silver_layer.py
[2024-12-15T16:55:16.492+0000] {processor.py:829} INFO - Processing file /opt/airflow/dags/silver_layer.py for tasks to queue
[2024-12-15T16:55:16.493+0000] {logging_mixin.py:154} INFO - [2024-12-15T16:55:16.493+0000] {dagbag.py:536} INFO - Filling up the DagBag from /opt/airflow/dags/silver_layer.py
[2024-12-15T16:55:16.524+0000] {processor.py:839} INFO - DAG(s) dict_keys(['Silver_Layer']) retrieved from /opt/airflow/dags/silver_layer.py
[2024-12-15T16:55:16.572+0000] {logging_mixin.py:154} INFO - [2024-12-15T16:55:16.571+0000] {dag.py:2941} INFO - Sync 1 DAGs
[2024-12-15T16:55:16.597+0000] {logging_mixin.py:154} INFO - [2024-12-15T16:55:16.597+0000] {dag.py:3722} INFO - Setting next_dagrun for Silver_Layer to 2024-12-14T00:00:00+00:00, run_after=2024-12-15T00:00:00+00:00
[2024-12-15T16:55:16.618+0000] {processor.py:179} INFO - Processing /opt/airflow/dags/silver_layer.py took 0.132 seconds
[2024-12-15T16:55:47.899+0000] {processor.py:157} INFO - Started process (PID=1179) to work on /opt/airflow/dags/silver_layer.py
[2024-12-15T16:55:47.900+0000] {processor.py:829} INFO - Processing file /opt/airflow/dags/silver_layer.py for tasks to queue
[2024-12-15T16:55:47.902+0000] {logging_mixin.py:154} INFO - [2024-12-15T16:55:47.902+0000] {dagbag.py:536} INFO - Filling up the DagBag from /opt/airflow/dags/silver_layer.py
[2024-12-15T16:55:47.940+0000] {processor.py:839} INFO - DAG(s) dict_keys(['Silver_Layer']) retrieved from /opt/airflow/dags/silver_layer.py
[2024-12-15T16:55:47.999+0000] {logging_mixin.py:154} INFO - [2024-12-15T16:55:47.999+0000] {dag.py:2941} INFO - Sync 1 DAGs
[2024-12-15T16:55:48.024+0000] {logging_mixin.py:154} INFO - [2024-12-15T16:55:48.023+0000] {dag.py:3722} INFO - Setting next_dagrun for Silver_Layer to 2024-12-14T00:00:00+00:00, run_after=2024-12-15T00:00:00+00:00
[2024-12-15T16:55:48.048+0000] {processor.py:179} INFO - Processing /opt/airflow/dags/silver_layer.py took 0.153 seconds
[2024-12-15T16:56:20.264+0000] {processor.py:157} INFO - Started process (PID=1404) to work on /opt/airflow/dags/silver_layer.py
[2024-12-15T16:56:20.266+0000] {processor.py:829} INFO - Processing file /opt/airflow/dags/silver_layer.py for tasks to queue
[2024-12-15T16:56:20.269+0000] {logging_mixin.py:154} INFO - [2024-12-15T16:56:20.268+0000] {dagbag.py:536} INFO - Filling up the DagBag from /opt/airflow/dags/silver_layer.py
[2024-12-15T16:56:20.318+0000] {processor.py:839} INFO - DAG(s) dict_keys(['Silver_Layer']) retrieved from /opt/airflow/dags/silver_layer.py
[2024-12-15T16:56:20.381+0000] {logging_mixin.py:154} INFO - [2024-12-15T16:56:20.381+0000] {dag.py:2941} INFO - Sync 1 DAGs
[2024-12-15T16:56:20.408+0000] {logging_mixin.py:154} INFO - [2024-12-15T16:56:20.408+0000] {dag.py:3722} INFO - Setting next_dagrun for Silver_Layer to 2024-12-14T00:00:00+00:00, run_after=2024-12-15T00:00:00+00:00
[2024-12-15T16:56:20.432+0000] {processor.py:179} INFO - Processing /opt/airflow/dags/silver_layer.py took 0.176 seconds
[2024-12-15T16:56:52.189+0000] {processor.py:157} INFO - Started process (PID=1694) to work on /opt/airflow/dags/silver_layer.py
[2024-12-15T16:56:52.208+0000] {processor.py:829} INFO - Processing file /opt/airflow/dags/silver_layer.py for tasks to queue
[2024-12-15T16:56:52.212+0000] {logging_mixin.py:154} INFO - [2024-12-15T16:56:52.211+0000] {dagbag.py:536} INFO - Filling up the DagBag from /opt/airflow/dags/silver_layer.py
[2024-12-15T16:56:52.253+0000] {processor.py:839} INFO - DAG(s) dict_keys(['Silver_Layer']) retrieved from /opt/airflow/dags/silver_layer.py
[2024-12-15T16:56:52.329+0000] {logging_mixin.py:154} INFO - [2024-12-15T16:56:52.328+0000] {dag.py:2941} INFO - Sync 1 DAGs
[2024-12-15T16:56:52.383+0000] {logging_mixin.py:154} INFO - [2024-12-15T16:56:52.382+0000] {dag.py:3722} INFO - Setting next_dagrun for Silver_Layer to 2024-12-14T00:00:00+00:00, run_after=2024-12-15T00:00:00+00:00
[2024-12-15T16:56:52.431+0000] {processor.py:179} INFO - Processing /opt/airflow/dags/silver_layer.py took 0.251 seconds
[2024-12-15T16:57:23.651+0000] {processor.py:157} INFO - Started process (PID=1716) to work on /opt/airflow/dags/silver_layer.py
[2024-12-15T16:57:23.652+0000] {processor.py:829} INFO - Processing file /opt/airflow/dags/silver_layer.py for tasks to queue
[2024-12-15T16:57:23.654+0000] {logging_mixin.py:154} INFO - [2024-12-15T16:57:23.653+0000] {dagbag.py:536} INFO - Filling up the DagBag from /opt/airflow/dags/silver_layer.py
[2024-12-15T16:57:23.695+0000] {processor.py:839} INFO - DAG(s) dict_keys(['Silver_Layer']) retrieved from /opt/airflow/dags/silver_layer.py
[2024-12-15T16:57:23.748+0000] {logging_mixin.py:154} INFO - [2024-12-15T16:57:23.748+0000] {dag.py:2941} INFO - Sync 1 DAGs
[2024-12-15T16:57:23.776+0000] {logging_mixin.py:154} INFO - [2024-12-15T16:57:23.776+0000] {dag.py:3722} INFO - Setting next_dagrun for Silver_Layer to 2024-12-14T00:00:00+00:00, run_after=2024-12-15T00:00:00+00:00
[2024-12-15T16:57:23.796+0000] {processor.py:179} INFO - Processing /opt/airflow/dags/silver_layer.py took 0.150 seconds
[2024-12-15T16:57:55.060+0000] {processor.py:157} INFO - Started process (PID=1975) to work on /opt/airflow/dags/silver_layer.py
[2024-12-15T16:57:55.062+0000] {processor.py:829} INFO - Processing file /opt/airflow/dags/silver_layer.py for tasks to queue
[2024-12-15T16:57:55.064+0000] {logging_mixin.py:154} INFO - [2024-12-15T16:57:55.064+0000] {dagbag.py:536} INFO - Filling up the DagBag from /opt/airflow/dags/silver_layer.py
[2024-12-15T16:57:55.092+0000] {processor.py:839} INFO - DAG(s) dict_keys(['Silver_Layer']) retrieved from /opt/airflow/dags/silver_layer.py
[2024-12-15T16:57:55.139+0000] {logging_mixin.py:154} INFO - [2024-12-15T16:57:55.139+0000] {dag.py:2941} INFO - Sync 1 DAGs
[2024-12-15T16:57:55.165+0000] {logging_mixin.py:154} INFO - [2024-12-15T16:57:55.165+0000] {dag.py:3722} INFO - Setting next_dagrun for Silver_Layer to 2024-12-14T00:00:00+00:00, run_after=2024-12-15T00:00:00+00:00
[2024-12-15T16:57:55.188+0000] {processor.py:179} INFO - Processing /opt/airflow/dags/silver_layer.py took 0.132 seconds
[2024-12-15T16:58:26.385+0000] {processor.py:157} INFO - Started process (PID=2272) to work on /opt/airflow/dags/silver_layer.py
[2024-12-15T16:58:26.386+0000] {processor.py:829} INFO - Processing file /opt/airflow/dags/silver_layer.py for tasks to queue
[2024-12-15T16:58:26.388+0000] {logging_mixin.py:154} INFO - [2024-12-15T16:58:26.388+0000] {dagbag.py:536} INFO - Filling up the DagBag from /opt/airflow/dags/silver_layer.py
[2024-12-15T16:58:26.426+0000] {processor.py:839} INFO - DAG(s) dict_keys(['Silver_Layer']) retrieved from /opt/airflow/dags/silver_layer.py
[2024-12-15T16:58:26.480+0000] {logging_mixin.py:154} INFO - [2024-12-15T16:58:26.479+0000] {dag.py:2941} INFO - Sync 1 DAGs
[2024-12-15T16:58:26.512+0000] {logging_mixin.py:154} INFO - [2024-12-15T16:58:26.511+0000] {dag.py:3722} INFO - Setting next_dagrun for Silver_Layer to 2024-12-14T00:00:00+00:00, run_after=2024-12-15T00:00:00+00:00
[2024-12-15T16:58:26.535+0000] {processor.py:179} INFO - Processing /opt/airflow/dags/silver_layer.py took 0.155 seconds
[2024-12-15T16:58:57.604+0000] {processor.py:157} INFO - Started process (PID=2358) to work on /opt/airflow/dags/silver_layer.py
[2024-12-15T16:58:57.606+0000] {processor.py:829} INFO - Processing file /opt/airflow/dags/silver_layer.py for tasks to queue
[2024-12-15T16:58:57.607+0000] {logging_mixin.py:154} INFO - [2024-12-15T16:58:57.607+0000] {dagbag.py:536} INFO - Filling up the DagBag from /opt/airflow/dags/silver_layer.py
[2024-12-15T16:58:57.636+0000] {processor.py:839} INFO - DAG(s) dict_keys(['Silver_Layer']) retrieved from /opt/airflow/dags/silver_layer.py
[2024-12-15T16:58:57.687+0000] {logging_mixin.py:154} INFO - [2024-12-15T16:58:57.687+0000] {dag.py:2941} INFO - Sync 1 DAGs
[2024-12-15T16:58:57.718+0000] {logging_mixin.py:154} INFO - [2024-12-15T16:58:57.717+0000] {dag.py:3722} INFO - Setting next_dagrun for Silver_Layer to 2024-12-14T00:00:00+00:00, run_after=2024-12-15T00:00:00+00:00
[2024-12-15T16:58:57.739+0000] {processor.py:179} INFO - Processing /opt/airflow/dags/silver_layer.py took 0.138 seconds
[2024-12-15T16:59:29.092+0000] {processor.py:157} INFO - Started process (PID=2542) to work on /opt/airflow/dags/silver_layer.py
[2024-12-15T16:59:29.093+0000] {processor.py:829} INFO - Processing file /opt/airflow/dags/silver_layer.py for tasks to queue
[2024-12-15T16:59:29.094+0000] {logging_mixin.py:154} INFO - [2024-12-15T16:59:29.094+0000] {dagbag.py:536} INFO - Filling up the DagBag from /opt/airflow/dags/silver_layer.py
[2024-12-15T16:59:29.117+0000] {processor.py:839} INFO - DAG(s) dict_keys(['Silver_Layer']) retrieved from /opt/airflow/dags/silver_layer.py
[2024-12-15T16:59:29.161+0000] {logging_mixin.py:154} INFO - [2024-12-15T16:59:29.161+0000] {dag.py:2941} INFO - Sync 1 DAGs
[2024-12-15T16:59:29.191+0000] {logging_mixin.py:154} INFO - [2024-12-15T16:59:29.191+0000] {dag.py:3722} INFO - Setting next_dagrun for Silver_Layer to 2024-12-14T00:00:00+00:00, run_after=2024-12-15T00:00:00+00:00
[2024-12-15T16:59:29.214+0000] {processor.py:179} INFO - Processing /opt/airflow/dags/silver_layer.py took 0.126 seconds
[2024-12-15T17:00:00.356+0000] {processor.py:157} INFO - Started process (PID=2654) to work on /opt/airflow/dags/silver_layer.py
[2024-12-15T17:00:00.358+0000] {processor.py:829} INFO - Processing file /opt/airflow/dags/silver_layer.py for tasks to queue
[2024-12-15T17:00:00.359+0000] {logging_mixin.py:154} INFO - [2024-12-15T17:00:00.359+0000] {dagbag.py:536} INFO - Filling up the DagBag from /opt/airflow/dags/silver_layer.py
[2024-12-15T17:00:00.402+0000] {processor.py:839} INFO - DAG(s) dict_keys(['Silver_Layer']) retrieved from /opt/airflow/dags/silver_layer.py
[2024-12-15T17:00:00.451+0000] {logging_mixin.py:154} INFO - [2024-12-15T17:00:00.451+0000] {dag.py:2941} INFO - Sync 1 DAGs
[2024-12-15T17:00:00.476+0000] {logging_mixin.py:154} INFO - [2024-12-15T17:00:00.476+0000] {dag.py:3722} INFO - Setting next_dagrun for Silver_Layer to 2024-12-14T00:00:00+00:00, run_after=2024-12-15T00:00:00+00:00
[2024-12-15T17:00:00.497+0000] {processor.py:179} INFO - Processing /opt/airflow/dags/silver_layer.py took 0.144 seconds
[2024-12-15T17:00:31.984+0000] {processor.py:157} INFO - Started process (PID=2674) to work on /opt/airflow/dags/silver_layer.py
[2024-12-15T17:00:31.985+0000] {processor.py:829} INFO - Processing file /opt/airflow/dags/silver_layer.py for tasks to queue
[2024-12-15T17:00:31.986+0000] {logging_mixin.py:154} INFO - [2024-12-15T17:00:31.985+0000] {dagbag.py:536} INFO - Filling up the DagBag from /opt/airflow/dags/silver_layer.py
[2024-12-15T17:00:32.017+0000] {processor.py:839} INFO - DAG(s) dict_keys(['Silver_Layer']) retrieved from /opt/airflow/dags/silver_layer.py
[2024-12-15T17:00:32.070+0000] {logging_mixin.py:154} INFO - [2024-12-15T17:00:32.070+0000] {dag.py:2941} INFO - Sync 1 DAGs
[2024-12-15T17:00:32.096+0000] {logging_mixin.py:154} INFO - [2024-12-15T17:00:32.096+0000] {dag.py:3722} INFO - Setting next_dagrun for Silver_Layer to 2024-12-14T00:00:00+00:00, run_after=2024-12-15T00:00:00+00:00
[2024-12-15T17:00:32.123+0000] {processor.py:179} INFO - Processing /opt/airflow/dags/silver_layer.py took 0.143 seconds
[2024-12-15T17:01:03.409+0000] {processor.py:157} INFO - Started process (PID=2698) to work on /opt/airflow/dags/silver_layer.py
[2024-12-15T17:01:03.411+0000] {processor.py:829} INFO - Processing file /opt/airflow/dags/silver_layer.py for tasks to queue
[2024-12-15T17:01:03.412+0000] {logging_mixin.py:154} INFO - [2024-12-15T17:01:03.412+0000] {dagbag.py:536} INFO - Filling up the DagBag from /opt/airflow/dags/silver_layer.py
[2024-12-15T17:01:03.440+0000] {processor.py:839} INFO - DAG(s) dict_keys(['Silver_Layer']) retrieved from /opt/airflow/dags/silver_layer.py
[2024-12-15T17:01:03.480+0000] {logging_mixin.py:154} INFO - [2024-12-15T17:01:03.480+0000] {dag.py:2941} INFO - Sync 1 DAGs
[2024-12-15T17:01:03.504+0000] {logging_mixin.py:154} INFO - [2024-12-15T17:01:03.504+0000] {dag.py:3722} INFO - Setting next_dagrun for Silver_Layer to 2024-12-14T00:00:00+00:00, run_after=2024-12-15T00:00:00+00:00
[2024-12-15T17:01:03.530+0000] {processor.py:179} INFO - Processing /opt/airflow/dags/silver_layer.py took 0.124 seconds
[2024-12-15T17:01:34.677+0000] {processor.py:157} INFO - Started process (PID=2720) to work on /opt/airflow/dags/silver_layer.py
[2024-12-15T17:01:34.678+0000] {processor.py:829} INFO - Processing file /opt/airflow/dags/silver_layer.py for tasks to queue
[2024-12-15T17:01:34.679+0000] {logging_mixin.py:154} INFO - [2024-12-15T17:01:34.679+0000] {dagbag.py:536} INFO - Filling up the DagBag from /opt/airflow/dags/silver_layer.py
[2024-12-15T17:01:34.708+0000] {processor.py:839} INFO - DAG(s) dict_keys(['Silver_Layer']) retrieved from /opt/airflow/dags/silver_layer.py
[2024-12-15T17:01:34.766+0000] {logging_mixin.py:154} INFO - [2024-12-15T17:01:34.766+0000] {dag.py:2941} INFO - Sync 1 DAGs
[2024-12-15T17:01:34.791+0000] {logging_mixin.py:154} INFO - [2024-12-15T17:01:34.791+0000] {dag.py:3722} INFO - Setting next_dagrun for Silver_Layer to 2024-12-14T00:00:00+00:00, run_after=2024-12-15T00:00:00+00:00
[2024-12-15T17:01:34.814+0000] {processor.py:179} INFO - Processing /opt/airflow/dags/silver_layer.py took 0.141 seconds
[2024-12-15T17:02:06.142+0000] {processor.py:157} INFO - Started process (PID=2742) to work on /opt/airflow/dags/silver_layer.py
[2024-12-15T17:02:06.144+0000] {processor.py:829} INFO - Processing file /opt/airflow/dags/silver_layer.py for tasks to queue
[2024-12-15T17:02:06.145+0000] {logging_mixin.py:154} INFO - [2024-12-15T17:02:06.145+0000] {dagbag.py:536} INFO - Filling up the DagBag from /opt/airflow/dags/silver_layer.py
[2024-12-15T17:02:06.171+0000] {processor.py:839} INFO - DAG(s) dict_keys(['Silver_Layer']) retrieved from /opt/airflow/dags/silver_layer.py
[2024-12-15T17:02:06.211+0000] {logging_mixin.py:154} INFO - [2024-12-15T17:02:06.211+0000] {dag.py:2941} INFO - Sync 1 DAGs
[2024-12-15T17:02:06.236+0000] {logging_mixin.py:154} INFO - [2024-12-15T17:02:06.236+0000] {dag.py:3722} INFO - Setting next_dagrun for Silver_Layer to 2024-12-14T00:00:00+00:00, run_after=2024-12-15T00:00:00+00:00
[2024-12-15T17:02:06.259+0000] {processor.py:179} INFO - Processing /opt/airflow/dags/silver_layer.py took 0.120 seconds
[2024-12-15T17:02:37.420+0000] {processor.py:157} INFO - Started process (PID=2764) to work on /opt/airflow/dags/silver_layer.py
[2024-12-15T17:02:37.421+0000] {processor.py:829} INFO - Processing file /opt/airflow/dags/silver_layer.py for tasks to queue
[2024-12-15T17:02:37.423+0000] {logging_mixin.py:154} INFO - [2024-12-15T17:02:37.423+0000] {dagbag.py:536} INFO - Filling up the DagBag from /opt/airflow/dags/silver_layer.py
[2024-12-15T17:02:37.457+0000] {processor.py:839} INFO - DAG(s) dict_keys(['Silver_Layer']) retrieved from /opt/airflow/dags/silver_layer.py
[2024-12-15T17:02:37.518+0000] {logging_mixin.py:154} INFO - [2024-12-15T17:02:37.518+0000] {dag.py:2941} INFO - Sync 1 DAGs
[2024-12-15T17:02:37.545+0000] {logging_mixin.py:154} INFO - [2024-12-15T17:02:37.544+0000] {dag.py:3722} INFO - Setting next_dagrun for Silver_Layer to 2024-12-14T00:00:00+00:00, run_after=2024-12-15T00:00:00+00:00
[2024-12-15T17:02:37.570+0000] {processor.py:179} INFO - Processing /opt/airflow/dags/silver_layer.py took 0.154 seconds
[2024-12-15T17:03:08.475+0000] {processor.py:157} INFO - Started process (PID=2784) to work on /opt/airflow/dags/silver_layer.py
[2024-12-15T17:03:08.476+0000] {processor.py:829} INFO - Processing file /opt/airflow/dags/silver_layer.py for tasks to queue
[2024-12-15T17:03:08.478+0000] {logging_mixin.py:154} INFO - [2024-12-15T17:03:08.477+0000] {dagbag.py:536} INFO - Filling up the DagBag from /opt/airflow/dags/silver_layer.py
[2024-12-15T17:03:08.502+0000] {processor.py:839} INFO - DAG(s) dict_keys(['Silver_Layer']) retrieved from /opt/airflow/dags/silver_layer.py
[2024-12-15T17:03:08.564+0000] {logging_mixin.py:154} INFO - [2024-12-15T17:03:08.564+0000] {dag.py:2941} INFO - Sync 1 DAGs
[2024-12-15T17:03:08.592+0000] {logging_mixin.py:154} INFO - [2024-12-15T17:03:08.592+0000] {dag.py:3722} INFO - Setting next_dagrun for Silver_Layer to 2024-12-14T00:00:00+00:00, run_after=2024-12-15T00:00:00+00:00
[2024-12-15T17:03:08.618+0000] {processor.py:179} INFO - Processing /opt/airflow/dags/silver_layer.py took 0.148 seconds
[2024-12-15T17:03:39.842+0000] {processor.py:157} INFO - Started process (PID=2808) to work on /opt/airflow/dags/silver_layer.py
[2024-12-15T17:03:39.843+0000] {processor.py:829} INFO - Processing file /opt/airflow/dags/silver_layer.py for tasks to queue
[2024-12-15T17:03:39.844+0000] {logging_mixin.py:154} INFO - [2024-12-15T17:03:39.844+0000] {dagbag.py:536} INFO - Filling up the DagBag from /opt/airflow/dags/silver_layer.py
[2024-12-15T17:03:39.873+0000] {processor.py:839} INFO - DAG(s) dict_keys(['Silver_Layer']) retrieved from /opt/airflow/dags/silver_layer.py
[2024-12-15T17:03:39.912+0000] {logging_mixin.py:154} INFO - [2024-12-15T17:03:39.912+0000] {dag.py:2941} INFO - Sync 1 DAGs
[2024-12-15T17:03:39.936+0000] {logging_mixin.py:154} INFO - [2024-12-15T17:03:39.936+0000] {dag.py:3722} INFO - Setting next_dagrun for Silver_Layer to 2024-12-14T00:00:00+00:00, run_after=2024-12-15T00:00:00+00:00
[2024-12-15T17:03:39.962+0000] {processor.py:179} INFO - Processing /opt/airflow/dags/silver_layer.py took 0.124 seconds
[2024-12-15T17:04:11.017+0000] {processor.py:157} INFO - Started process (PID=2830) to work on /opt/airflow/dags/silver_layer.py
[2024-12-15T17:04:11.019+0000] {processor.py:829} INFO - Processing file /opt/airflow/dags/silver_layer.py for tasks to queue
[2024-12-15T17:04:11.020+0000] {logging_mixin.py:154} INFO - [2024-12-15T17:04:11.020+0000] {dagbag.py:536} INFO - Filling up the DagBag from /opt/airflow/dags/silver_layer.py
[2024-12-15T17:04:11.048+0000] {processor.py:839} INFO - DAG(s) dict_keys(['Silver_Layer']) retrieved from /opt/airflow/dags/silver_layer.py
[2024-12-15T17:04:11.101+0000] {logging_mixin.py:154} INFO - [2024-12-15T17:04:11.100+0000] {dag.py:2941} INFO - Sync 1 DAGs
[2024-12-15T17:04:11.128+0000] {logging_mixin.py:154} INFO - [2024-12-15T17:04:11.128+0000] {dag.py:3722} INFO - Setting next_dagrun for Silver_Layer to 2024-12-14T00:00:00+00:00, run_after=2024-12-15T00:00:00+00:00
[2024-12-15T17:04:11.157+0000] {processor.py:179} INFO - Processing /opt/airflow/dags/silver_layer.py took 0.142 seconds
[2024-12-15T17:04:42.260+0000] {processor.py:157} INFO - Started process (PID=2852) to work on /opt/airflow/dags/silver_layer.py
[2024-12-15T17:04:42.262+0000] {processor.py:829} INFO - Processing file /opt/airflow/dags/silver_layer.py for tasks to queue
[2024-12-15T17:04:42.264+0000] {logging_mixin.py:154} INFO - [2024-12-15T17:04:42.263+0000] {dagbag.py:536} INFO - Filling up the DagBag from /opt/airflow/dags/silver_layer.py
[2024-12-15T17:04:42.292+0000] {processor.py:839} INFO - DAG(s) dict_keys(['Silver_Layer']) retrieved from /opt/airflow/dags/silver_layer.py
[2024-12-15T17:04:42.344+0000] {logging_mixin.py:154} INFO - [2024-12-15T17:04:42.344+0000] {dag.py:2941} INFO - Sync 1 DAGs
[2024-12-15T17:04:42.367+0000] {logging_mixin.py:154} INFO - [2024-12-15T17:04:42.367+0000] {dag.py:3722} INFO - Setting next_dagrun for Silver_Layer to 2024-12-14T00:00:00+00:00, run_after=2024-12-15T00:00:00+00:00
[2024-12-15T17:04:42.390+0000] {processor.py:179} INFO - Processing /opt/airflow/dags/silver_layer.py took 0.133 seconds
[2024-12-15T17:05:13.285+0000] {processor.py:157} INFO - Started process (PID=2872) to work on /opt/airflow/dags/silver_layer.py
[2024-12-15T17:05:13.286+0000] {processor.py:829} INFO - Processing file /opt/airflow/dags/silver_layer.py for tasks to queue
[2024-12-15T17:05:13.287+0000] {logging_mixin.py:154} INFO - [2024-12-15T17:05:13.287+0000] {dagbag.py:536} INFO - Filling up the DagBag from /opt/airflow/dags/silver_layer.py
[2024-12-15T17:05:13.314+0000] {processor.py:839} INFO - DAG(s) dict_keys(['Silver_Layer']) retrieved from /opt/airflow/dags/silver_layer.py
[2024-12-15T17:05:13.355+0000] {logging_mixin.py:154} INFO - [2024-12-15T17:05:13.354+0000] {dag.py:2941} INFO - Sync 1 DAGs
[2024-12-15T17:05:13.381+0000] {logging_mixin.py:154} INFO - [2024-12-15T17:05:13.381+0000] {dag.py:3722} INFO - Setting next_dagrun for Silver_Layer to 2024-12-14T00:00:00+00:00, run_after=2024-12-15T00:00:00+00:00
[2024-12-15T17:05:13.401+0000] {processor.py:179} INFO - Processing /opt/airflow/dags/silver_layer.py took 0.119 seconds
[2024-12-15T17:05:44.556+0000] {processor.py:157} INFO - Started process (PID=2894) to work on /opt/airflow/dags/silver_layer.py
[2024-12-15T17:05:44.557+0000] {processor.py:829} INFO - Processing file /opt/airflow/dags/silver_layer.py for tasks to queue
[2024-12-15T17:05:44.558+0000] {logging_mixin.py:154} INFO - [2024-12-15T17:05:44.558+0000] {dagbag.py:536} INFO - Filling up the DagBag from /opt/airflow/dags/silver_layer.py
[2024-12-15T17:05:44.587+0000] {processor.py:839} INFO - DAG(s) dict_keys(['Silver_Layer']) retrieved from /opt/airflow/dags/silver_layer.py
[2024-12-15T17:05:44.639+0000] {logging_mixin.py:154} INFO - [2024-12-15T17:05:44.639+0000] {dag.py:2941} INFO - Sync 1 DAGs
[2024-12-15T17:05:44.666+0000] {logging_mixin.py:154} INFO - [2024-12-15T17:05:44.666+0000] {dag.py:3722} INFO - Setting next_dagrun for Silver_Layer to 2024-12-14T00:00:00+00:00, run_after=2024-12-15T00:00:00+00:00
[2024-12-15T17:05:44.688+0000] {processor.py:179} INFO - Processing /opt/airflow/dags/silver_layer.py took 0.135 seconds
[2024-12-15T17:06:16.115+0000] {processor.py:157} INFO - Started process (PID=2918) to work on /opt/airflow/dags/silver_layer.py
[2024-12-15T17:06:16.117+0000] {processor.py:829} INFO - Processing file /opt/airflow/dags/silver_layer.py for tasks to queue
[2024-12-15T17:06:16.118+0000] {logging_mixin.py:154} INFO - [2024-12-15T17:06:16.117+0000] {dagbag.py:536} INFO - Filling up the DagBag from /opt/airflow/dags/silver_layer.py
[2024-12-15T17:06:16.142+0000] {processor.py:839} INFO - DAG(s) dict_keys(['Silver_Layer']) retrieved from /opt/airflow/dags/silver_layer.py
[2024-12-15T17:06:16.195+0000] {logging_mixin.py:154} INFO - [2024-12-15T17:06:16.194+0000] {dag.py:2941} INFO - Sync 1 DAGs
[2024-12-15T17:06:16.225+0000] {logging_mixin.py:154} INFO - [2024-12-15T17:06:16.225+0000] {dag.py:3722} INFO - Setting next_dagrun for Silver_Layer to 2024-12-14T00:00:00+00:00, run_after=2024-12-15T00:00:00+00:00
[2024-12-15T17:06:16.256+0000] {processor.py:179} INFO - Processing /opt/airflow/dags/silver_layer.py took 0.145 seconds
[2024-12-15T17:06:47.366+0000] {processor.py:157} INFO - Started process (PID=2940) to work on /opt/airflow/dags/silver_layer.py
[2024-12-15T17:06:47.367+0000] {processor.py:829} INFO - Processing file /opt/airflow/dags/silver_layer.py for tasks to queue
[2024-12-15T17:06:47.368+0000] {logging_mixin.py:154} INFO - [2024-12-15T17:06:47.368+0000] {dagbag.py:536} INFO - Filling up the DagBag from /opt/airflow/dags/silver_layer.py
[2024-12-15T17:06:47.403+0000] {processor.py:839} INFO - DAG(s) dict_keys(['Silver_Layer']) retrieved from /opt/airflow/dags/silver_layer.py
[2024-12-15T17:06:47.461+0000] {logging_mixin.py:154} INFO - [2024-12-15T17:06:47.461+0000] {dag.py:2941} INFO - Sync 1 DAGs
[2024-12-15T17:06:47.483+0000] {logging_mixin.py:154} INFO - [2024-12-15T17:06:47.483+0000] {dag.py:3722} INFO - Setting next_dagrun for Silver_Layer to 2024-12-14T00:00:00+00:00, run_after=2024-12-15T00:00:00+00:00
[2024-12-15T17:06:47.507+0000] {processor.py:179} INFO - Processing /opt/airflow/dags/silver_layer.py took 0.145 seconds
[2024-12-15T17:07:18.937+0000] {processor.py:157} INFO - Started process (PID=2960) to work on /opt/airflow/dags/silver_layer.py
[2024-12-15T17:07:18.939+0000] {processor.py:829} INFO - Processing file /opt/airflow/dags/silver_layer.py for tasks to queue
[2024-12-15T17:07:18.940+0000] {logging_mixin.py:154} INFO - [2024-12-15T17:07:18.940+0000] {dagbag.py:536} INFO - Filling up the DagBag from /opt/airflow/dags/silver_layer.py
[2024-12-15T17:07:18.976+0000] {processor.py:839} INFO - DAG(s) dict_keys(['Silver_Layer']) retrieved from /opt/airflow/dags/silver_layer.py
[2024-12-15T17:07:19.026+0000] {logging_mixin.py:154} INFO - [2024-12-15T17:07:19.026+0000] {dag.py:2941} INFO - Sync 1 DAGs
[2024-12-15T17:07:19.055+0000] {logging_mixin.py:154} INFO - [2024-12-15T17:07:19.055+0000] {dag.py:3722} INFO - Setting next_dagrun for Silver_Layer to 2024-12-14T00:00:00+00:00, run_after=2024-12-15T00:00:00+00:00
[2024-12-15T17:07:19.079+0000] {processor.py:179} INFO - Processing /opt/airflow/dags/silver_layer.py took 0.146 seconds
[2024-12-15T17:09:18.095+0000] {processor.py:157} INFO - Started process (PID=198) to work on /opt/airflow/dags/silver_layer.py
[2024-12-15T17:09:18.097+0000] {processor.py:829} INFO - Processing file /opt/airflow/dags/silver_layer.py for tasks to queue
[2024-12-15T17:09:18.098+0000] {logging_mixin.py:154} INFO - [2024-12-15T17:09:18.097+0000] {dagbag.py:536} INFO - Filling up the DagBag from /opt/airflow/dags/silver_layer.py
[2024-12-15T17:09:18.124+0000] {processor.py:839} INFO - DAG(s) dict_keys(['Silver_Layer']) retrieved from /opt/airflow/dags/silver_layer.py
[2024-12-15T17:09:18.137+0000] {logging_mixin.py:154} INFO - [2024-12-15T17:09:18.137+0000] {dag.py:2941} INFO - Sync 1 DAGs
[2024-12-15T17:09:18.171+0000] {logging_mixin.py:154} INFO - [2024-12-15T17:09:18.171+0000] {dag.py:3722} INFO - Setting next_dagrun for Silver_Layer to 2024-12-14T00:00:00+00:00, run_after=2024-12-15T00:00:00+00:00
[2024-12-15T17:09:18.202+0000] {processor.py:179} INFO - Processing /opt/airflow/dags/silver_layer.py took 0.109 seconds
[2024-12-15T17:09:49.302+0000] {processor.py:157} INFO - Started process (PID=220) to work on /opt/airflow/dags/silver_layer.py
[2024-12-15T17:09:49.304+0000] {processor.py:829} INFO - Processing file /opt/airflow/dags/silver_layer.py for tasks to queue
[2024-12-15T17:09:49.305+0000] {logging_mixin.py:154} INFO - [2024-12-15T17:09:49.304+0000] {dagbag.py:536} INFO - Filling up the DagBag from /opt/airflow/dags/silver_layer.py
[2024-12-15T17:09:49.327+0000] {processor.py:839} INFO - DAG(s) dict_keys(['Silver_Layer']) retrieved from /opt/airflow/dags/silver_layer.py
[2024-12-15T17:09:49.372+0000] {logging_mixin.py:154} INFO - [2024-12-15T17:09:49.372+0000] {dag.py:2941} INFO - Sync 1 DAGs
[2024-12-15T17:09:49.393+0000] {logging_mixin.py:154} INFO - [2024-12-15T17:09:49.393+0000] {dag.py:3722} INFO - Setting next_dagrun for Silver_Layer to 2024-12-14T00:00:00+00:00, run_after=2024-12-15T00:00:00+00:00
[2024-12-15T17:09:49.413+0000] {processor.py:179} INFO - Processing /opt/airflow/dags/silver_layer.py took 0.113 seconds
[2024-12-15T17:10:20.530+0000] {processor.py:157} INFO - Started process (PID=242) to work on /opt/airflow/dags/silver_layer.py
[2024-12-15T17:10:20.531+0000] {processor.py:829} INFO - Processing file /opt/airflow/dags/silver_layer.py for tasks to queue
[2024-12-15T17:10:20.532+0000] {logging_mixin.py:154} INFO - [2024-12-15T17:10:20.532+0000] {dagbag.py:536} INFO - Filling up the DagBag from /opt/airflow/dags/silver_layer.py
[2024-12-15T17:10:20.554+0000] {processor.py:839} INFO - DAG(s) dict_keys(['Silver_Layer']) retrieved from /opt/airflow/dags/silver_layer.py
[2024-12-15T17:10:20.605+0000] {logging_mixin.py:154} INFO - [2024-12-15T17:10:20.605+0000] {dag.py:2941} INFO - Sync 1 DAGs
[2024-12-15T17:10:20.626+0000] {logging_mixin.py:154} INFO - [2024-12-15T17:10:20.626+0000] {dag.py:3722} INFO - Setting next_dagrun for Silver_Layer to 2024-12-14T00:00:00+00:00, run_after=2024-12-15T00:00:00+00:00
[2024-12-15T17:10:20.648+0000] {processor.py:179} INFO - Processing /opt/airflow/dags/silver_layer.py took 0.121 seconds
[2024-12-15T17:10:51.805+0000] {processor.py:157} INFO - Started process (PID=264) to work on /opt/airflow/dags/silver_layer.py
[2024-12-15T17:10:51.806+0000] {processor.py:829} INFO - Processing file /opt/airflow/dags/silver_layer.py for tasks to queue
[2024-12-15T17:10:51.808+0000] {logging_mixin.py:154} INFO - [2024-12-15T17:10:51.807+0000] {dagbag.py:536} INFO - Filling up the DagBag from /opt/airflow/dags/silver_layer.py
[2024-12-15T17:10:51.847+0000] {processor.py:839} INFO - DAG(s) dict_keys(['Silver_Layer']) retrieved from /opt/airflow/dags/silver_layer.py
[2024-12-15T17:10:51.906+0000] {logging_mixin.py:154} INFO - [2024-12-15T17:10:51.906+0000] {dag.py:2941} INFO - Sync 1 DAGs
[2024-12-15T17:10:51.929+0000] {logging_mixin.py:154} INFO - [2024-12-15T17:10:51.929+0000] {dag.py:3722} INFO - Setting next_dagrun for Silver_Layer to 2024-12-14T00:00:00+00:00, run_after=2024-12-15T00:00:00+00:00
[2024-12-15T17:10:51.952+0000] {processor.py:179} INFO - Processing /opt/airflow/dags/silver_layer.py took 0.151 seconds
[2024-12-15T17:11:22.998+0000] {processor.py:157} INFO - Started process (PID=286) to work on /opt/airflow/dags/silver_layer.py
[2024-12-15T17:11:22.999+0000] {processor.py:829} INFO - Processing file /opt/airflow/dags/silver_layer.py for tasks to queue
[2024-12-15T17:11:23.000+0000] {logging_mixin.py:154} INFO - [2024-12-15T17:11:23.000+0000] {dagbag.py:536} INFO - Filling up the DagBag from /opt/airflow/dags/silver_layer.py
[2024-12-15T17:11:23.027+0000] {processor.py:839} INFO - DAG(s) dict_keys(['Silver_Layer']) retrieved from /opt/airflow/dags/silver_layer.py
[2024-12-15T17:11:23.068+0000] {logging_mixin.py:154} INFO - [2024-12-15T17:11:23.068+0000] {dag.py:2941} INFO - Sync 1 DAGs
[2024-12-15T17:11:23.090+0000] {logging_mixin.py:154} INFO - [2024-12-15T17:11:23.089+0000] {dag.py:3722} INFO - Setting next_dagrun for Silver_Layer to 2024-12-14T00:00:00+00:00, run_after=2024-12-15T00:00:00+00:00
[2024-12-15T17:11:23.112+0000] {processor.py:179} INFO - Processing /opt/airflow/dags/silver_layer.py took 0.117 seconds
[2024-12-15T17:11:54.222+0000] {processor.py:157} INFO - Started process (PID=308) to work on /opt/airflow/dags/silver_layer.py
[2024-12-15T17:11:54.223+0000] {processor.py:829} INFO - Processing file /opt/airflow/dags/silver_layer.py for tasks to queue
[2024-12-15T17:11:54.224+0000] {logging_mixin.py:154} INFO - [2024-12-15T17:11:54.224+0000] {dagbag.py:536} INFO - Filling up the DagBag from /opt/airflow/dags/silver_layer.py
[2024-12-15T17:11:54.247+0000] {processor.py:839} INFO - DAG(s) dict_keys(['Silver_Layer']) retrieved from /opt/airflow/dags/silver_layer.py
[2024-12-15T17:11:54.300+0000] {logging_mixin.py:154} INFO - [2024-12-15T17:11:54.300+0000] {dag.py:2941} INFO - Sync 1 DAGs
[2024-12-15T17:11:54.326+0000] {logging_mixin.py:154} INFO - [2024-12-15T17:11:54.325+0000] {dag.py:3722} INFO - Setting next_dagrun for Silver_Layer to 2024-12-14T00:00:00+00:00, run_after=2024-12-15T00:00:00+00:00
[2024-12-15T17:11:54.347+0000] {processor.py:179} INFO - Processing /opt/airflow/dags/silver_layer.py took 0.128 seconds
[2024-12-15T17:12:25.445+0000] {processor.py:157} INFO - Started process (PID=330) to work on /opt/airflow/dags/silver_layer.py
[2024-12-15T17:12:25.447+0000] {processor.py:829} INFO - Processing file /opt/airflow/dags/silver_layer.py for tasks to queue
[2024-12-15T17:12:25.448+0000] {logging_mixin.py:154} INFO - [2024-12-15T17:12:25.448+0000] {dagbag.py:536} INFO - Filling up the DagBag from /opt/airflow/dags/silver_layer.py
[2024-12-15T17:12:25.487+0000] {processor.py:839} INFO - DAG(s) dict_keys(['Silver_Layer']) retrieved from /opt/airflow/dags/silver_layer.py
[2024-12-15T17:12:25.548+0000] {logging_mixin.py:154} INFO - [2024-12-15T17:12:25.547+0000] {dag.py:2941} INFO - Sync 1 DAGs
[2024-12-15T17:12:25.578+0000] {logging_mixin.py:154} INFO - [2024-12-15T17:12:25.578+0000] {dag.py:3722} INFO - Setting next_dagrun for Silver_Layer to 2024-12-14T00:00:00+00:00, run_after=2024-12-15T00:00:00+00:00
[2024-12-15T17:12:25.597+0000] {processor.py:179} INFO - Processing /opt/airflow/dags/silver_layer.py took 0.156 seconds
[2024-12-15T17:12:56.715+0000] {processor.py:157} INFO - Started process (PID=352) to work on /opt/airflow/dags/silver_layer.py
[2024-12-15T17:12:56.716+0000] {processor.py:829} INFO - Processing file /opt/airflow/dags/silver_layer.py for tasks to queue
[2024-12-15T17:12:56.718+0000] {logging_mixin.py:154} INFO - [2024-12-15T17:12:56.717+0000] {dagbag.py:536} INFO - Filling up the DagBag from /opt/airflow/dags/silver_layer.py
[2024-12-15T17:12:56.758+0000] {processor.py:839} INFO - DAG(s) dict_keys(['Silver_Layer']) retrieved from /opt/airflow/dags/silver_layer.py
[2024-12-15T17:12:56.811+0000] {logging_mixin.py:154} INFO - [2024-12-15T17:12:56.811+0000] {dag.py:2941} INFO - Sync 1 DAGs
[2024-12-15T17:12:56.834+0000] {logging_mixin.py:154} INFO - [2024-12-15T17:12:56.834+0000] {dag.py:3722} INFO - Setting next_dagrun for Silver_Layer to 2024-12-14T00:00:00+00:00, run_after=2024-12-15T00:00:00+00:00
[2024-12-15T17:12:56.857+0000] {processor.py:179} INFO - Processing /opt/airflow/dags/silver_layer.py took 0.146 seconds
[2024-12-15T17:13:27.758+0000] {processor.py:157} INFO - Started process (PID=372) to work on /opt/airflow/dags/silver_layer.py
[2024-12-15T17:13:27.760+0000] {processor.py:829} INFO - Processing file /opt/airflow/dags/silver_layer.py for tasks to queue
[2024-12-15T17:13:27.761+0000] {logging_mixin.py:154} INFO - [2024-12-15T17:13:27.761+0000] {dagbag.py:536} INFO - Filling up the DagBag from /opt/airflow/dags/silver_layer.py
[2024-12-15T17:13:27.785+0000] {processor.py:839} INFO - DAG(s) dict_keys(['Silver_Layer']) retrieved from /opt/airflow/dags/silver_layer.py
[2024-12-15T17:13:27.840+0000] {logging_mixin.py:154} INFO - [2024-12-15T17:13:27.839+0000] {dag.py:2941} INFO - Sync 1 DAGs
[2024-12-15T17:13:27.866+0000] {logging_mixin.py:154} INFO - [2024-12-15T17:13:27.865+0000] {dag.py:3722} INFO - Setting next_dagrun for Silver_Layer to 2024-12-14T00:00:00+00:00, run_after=2024-12-15T00:00:00+00:00
[2024-12-15T17:13:27.892+0000] {processor.py:179} INFO - Processing /opt/airflow/dags/silver_layer.py took 0.138 seconds
[2024-12-15T17:13:59.102+0000] {processor.py:157} INFO - Started process (PID=396) to work on /opt/airflow/dags/silver_layer.py
[2024-12-15T17:13:59.104+0000] {processor.py:829} INFO - Processing file /opt/airflow/dags/silver_layer.py for tasks to queue
[2024-12-15T17:13:59.105+0000] {logging_mixin.py:154} INFO - [2024-12-15T17:13:59.105+0000] {dagbag.py:536} INFO - Filling up the DagBag from /opt/airflow/dags/silver_layer.py
[2024-12-15T17:13:59.141+0000] {processor.py:839} INFO - DAG(s) dict_keys(['Silver_Layer']) retrieved from /opt/airflow/dags/silver_layer.py
[2024-12-15T17:13:59.199+0000] {logging_mixin.py:154} INFO - [2024-12-15T17:13:59.199+0000] {dag.py:2941} INFO - Sync 1 DAGs
[2024-12-15T17:13:59.221+0000] {logging_mixin.py:154} INFO - [2024-12-15T17:13:59.221+0000] {dag.py:3722} INFO - Setting next_dagrun for Silver_Layer to 2024-12-14T00:00:00+00:00, run_after=2024-12-15T00:00:00+00:00
[2024-12-15T17:13:59.247+0000] {processor.py:179} INFO - Processing /opt/airflow/dags/silver_layer.py took 0.148 seconds
[2024-12-15T17:14:30.504+0000] {processor.py:157} INFO - Started process (PID=418) to work on /opt/airflow/dags/silver_layer.py
[2024-12-15T17:14:30.506+0000] {processor.py:829} INFO - Processing file /opt/airflow/dags/silver_layer.py for tasks to queue
[2024-12-15T17:14:30.507+0000] {logging_mixin.py:154} INFO - [2024-12-15T17:14:30.507+0000] {dagbag.py:536} INFO - Filling up the DagBag from /opt/airflow/dags/silver_layer.py
[2024-12-15T17:14:30.535+0000] {processor.py:839} INFO - DAG(s) dict_keys(['Silver_Layer']) retrieved from /opt/airflow/dags/silver_layer.py
[2024-12-15T17:14:30.590+0000] {logging_mixin.py:154} INFO - [2024-12-15T17:14:30.590+0000] {dag.py:2941} INFO - Sync 1 DAGs
[2024-12-15T17:14:30.613+0000] {logging_mixin.py:154} INFO - [2024-12-15T17:14:30.613+0000] {dag.py:3722} INFO - Setting next_dagrun for Silver_Layer to 2024-12-14T00:00:00+00:00, run_after=2024-12-15T00:00:00+00:00
[2024-12-15T17:14:30.635+0000] {processor.py:179} INFO - Processing /opt/airflow/dags/silver_layer.py took 0.135 seconds
[2024-12-15T17:15:01.689+0000] {processor.py:157} INFO - Started process (PID=440) to work on /opt/airflow/dags/silver_layer.py
[2024-12-15T17:15:01.690+0000] {processor.py:829} INFO - Processing file /opt/airflow/dags/silver_layer.py for tasks to queue
[2024-12-15T17:15:01.691+0000] {logging_mixin.py:154} INFO - [2024-12-15T17:15:01.691+0000] {dagbag.py:536} INFO - Filling up the DagBag from /opt/airflow/dags/silver_layer.py
[2024-12-15T17:15:01.714+0000] {processor.py:839} INFO - DAG(s) dict_keys(['Silver_Layer']) retrieved from /opt/airflow/dags/silver_layer.py
[2024-12-15T17:15:01.767+0000] {logging_mixin.py:154} INFO - [2024-12-15T17:15:01.767+0000] {dag.py:2941} INFO - Sync 1 DAGs
[2024-12-15T17:15:01.793+0000] {logging_mixin.py:154} INFO - [2024-12-15T17:15:01.793+0000] {dag.py:3722} INFO - Setting next_dagrun for Silver_Layer to 2024-12-14T00:00:00+00:00, run_after=2024-12-15T00:00:00+00:00
[2024-12-15T17:15:01.816+0000] {processor.py:179} INFO - Processing /opt/airflow/dags/silver_layer.py took 0.131 seconds
[2024-12-15T17:15:32.989+0000] {processor.py:157} INFO - Started process (PID=462) to work on /opt/airflow/dags/silver_layer.py
[2024-12-15T17:15:32.991+0000] {processor.py:829} INFO - Processing file /opt/airflow/dags/silver_layer.py for tasks to queue
[2024-12-15T17:15:32.992+0000] {logging_mixin.py:154} INFO - [2024-12-15T17:15:32.991+0000] {dagbag.py:536} INFO - Filling up the DagBag from /opt/airflow/dags/silver_layer.py
[2024-12-15T17:15:33.018+0000] {processor.py:839} INFO - DAG(s) dict_keys(['Silver_Layer']) retrieved from /opt/airflow/dags/silver_layer.py
[2024-12-15T17:15:33.071+0000] {logging_mixin.py:154} INFO - [2024-12-15T17:15:33.070+0000] {dag.py:2941} INFO - Sync 1 DAGs
[2024-12-15T17:15:33.093+0000] {logging_mixin.py:154} INFO - [2024-12-15T17:15:33.093+0000] {dag.py:3722} INFO - Setting next_dagrun for Silver_Layer to 2024-12-14T00:00:00+00:00, run_after=2024-12-15T00:00:00+00:00
[2024-12-15T17:15:33.117+0000] {processor.py:179} INFO - Processing /opt/airflow/dags/silver_layer.py took 0.131 seconds
[2024-12-15T17:16:04.256+0000] {processor.py:157} INFO - Started process (PID=484) to work on /opt/airflow/dags/silver_layer.py
[2024-12-15T17:16:04.258+0000] {processor.py:829} INFO - Processing file /opt/airflow/dags/silver_layer.py for tasks to queue
[2024-12-15T17:16:04.259+0000] {logging_mixin.py:154} INFO - [2024-12-15T17:16:04.258+0000] {dagbag.py:536} INFO - Filling up the DagBag from /opt/airflow/dags/silver_layer.py
[2024-12-15T17:16:04.282+0000] {processor.py:839} INFO - DAG(s) dict_keys(['Silver_Layer']) retrieved from /opt/airflow/dags/silver_layer.py
[2024-12-15T17:16:04.342+0000] {logging_mixin.py:154} INFO - [2024-12-15T17:16:04.342+0000] {dag.py:2941} INFO - Sync 1 DAGs
[2024-12-15T17:16:04.367+0000] {logging_mixin.py:154} INFO - [2024-12-15T17:16:04.367+0000] {dag.py:3722} INFO - Setting next_dagrun for Silver_Layer to 2024-12-14T00:00:00+00:00, run_after=2024-12-15T00:00:00+00:00
[2024-12-15T17:16:04.392+0000] {processor.py:179} INFO - Processing /opt/airflow/dags/silver_layer.py took 0.138 seconds
[2024-12-15T17:16:35.631+0000] {processor.py:157} INFO - Started process (PID=506) to work on /opt/airflow/dags/silver_layer.py
[2024-12-15T17:16:35.632+0000] {processor.py:829} INFO - Processing file /opt/airflow/dags/silver_layer.py for tasks to queue
[2024-12-15T17:16:35.634+0000] {logging_mixin.py:154} INFO - [2024-12-15T17:16:35.634+0000] {dagbag.py:536} INFO - Filling up the DagBag from /opt/airflow/dags/silver_layer.py
[2024-12-15T17:16:35.668+0000] {processor.py:839} INFO - DAG(s) dict_keys(['Silver_Layer']) retrieved from /opt/airflow/dags/silver_layer.py
[2024-12-15T17:16:35.725+0000] {logging_mixin.py:154} INFO - [2024-12-15T17:16:35.725+0000] {dag.py:2941} INFO - Sync 1 DAGs
[2024-12-15T17:16:35.746+0000] {logging_mixin.py:154} INFO - [2024-12-15T17:16:35.746+0000] {dag.py:3722} INFO - Setting next_dagrun for Silver_Layer to 2024-12-14T00:00:00+00:00, run_after=2024-12-15T00:00:00+00:00
[2024-12-15T17:16:35.769+0000] {processor.py:179} INFO - Processing /opt/airflow/dags/silver_layer.py took 0.141 seconds
[2024-12-15T17:17:06.955+0000] {processor.py:157} INFO - Started process (PID=528) to work on /opt/airflow/dags/silver_layer.py
[2024-12-15T17:17:06.956+0000] {processor.py:829} INFO - Processing file /opt/airflow/dags/silver_layer.py for tasks to queue
[2024-12-15T17:17:06.957+0000] {logging_mixin.py:154} INFO - [2024-12-15T17:17:06.957+0000] {dagbag.py:536} INFO - Filling up the DagBag from /opt/airflow/dags/silver_layer.py
[2024-12-15T17:17:06.980+0000] {processor.py:839} INFO - DAG(s) dict_keys(['Silver_Layer']) retrieved from /opt/airflow/dags/silver_layer.py
[2024-12-15T17:17:07.024+0000] {logging_mixin.py:154} INFO - [2024-12-15T17:17:07.024+0000] {dag.py:2941} INFO - Sync 1 DAGs
[2024-12-15T17:17:07.050+0000] {logging_mixin.py:154} INFO - [2024-12-15T17:17:07.050+0000] {dag.py:3722} INFO - Setting next_dagrun for Silver_Layer to 2024-12-14T00:00:00+00:00, run_after=2024-12-15T00:00:00+00:00
[2024-12-15T17:17:07.076+0000] {processor.py:179} INFO - Processing /opt/airflow/dags/silver_layer.py took 0.123 seconds
[2024-12-15T17:17:38.021+0000] {processor.py:157} INFO - Started process (PID=548) to work on /opt/airflow/dags/silver_layer.py
[2024-12-15T17:17:38.022+0000] {processor.py:829} INFO - Processing file /opt/airflow/dags/silver_layer.py for tasks to queue
[2024-12-15T17:17:38.024+0000] {logging_mixin.py:154} INFO - [2024-12-15T17:17:38.023+0000] {dagbag.py:536} INFO - Filling up the DagBag from /opt/airflow/dags/silver_layer.py
[2024-12-15T17:17:38.052+0000] {processor.py:839} INFO - DAG(s) dict_keys(['Silver_Layer']) retrieved from /opt/airflow/dags/silver_layer.py
[2024-12-15T17:17:38.117+0000] {logging_mixin.py:154} INFO - [2024-12-15T17:17:38.116+0000] {dag.py:2941} INFO - Sync 1 DAGs
[2024-12-15T17:17:38.145+0000] {logging_mixin.py:154} INFO - [2024-12-15T17:17:38.145+0000] {dag.py:3722} INFO - Setting next_dagrun for Silver_Layer to 2024-12-14T00:00:00+00:00, run_after=2024-12-15T00:00:00+00:00
[2024-12-15T17:17:38.170+0000] {processor.py:179} INFO - Processing /opt/airflow/dags/silver_layer.py took 0.154 seconds
[2024-12-15T17:18:09.353+0000] {processor.py:157} INFO - Started process (PID=572) to work on /opt/airflow/dags/silver_layer.py
[2024-12-15T17:18:09.354+0000] {processor.py:829} INFO - Processing file /opt/airflow/dags/silver_layer.py for tasks to queue
[2024-12-15T17:18:09.355+0000] {logging_mixin.py:154} INFO - [2024-12-15T17:18:09.355+0000] {dagbag.py:536} INFO - Filling up the DagBag from /opt/airflow/dags/silver_layer.py
[2024-12-15T17:18:09.383+0000] {processor.py:839} INFO - DAG(s) dict_keys(['Silver_Layer']) retrieved from /opt/airflow/dags/silver_layer.py
[2024-12-15T17:18:09.437+0000] {logging_mixin.py:154} INFO - [2024-12-15T17:18:09.437+0000] {dag.py:2941} INFO - Sync 1 DAGs
[2024-12-15T17:18:09.460+0000] {logging_mixin.py:154} INFO - [2024-12-15T17:18:09.460+0000] {dag.py:3722} INFO - Setting next_dagrun for Silver_Layer to 2024-12-14T00:00:00+00:00, run_after=2024-12-15T00:00:00+00:00
[2024-12-15T17:18:09.482+0000] {processor.py:179} INFO - Processing /opt/airflow/dags/silver_layer.py took 0.132 seconds
[2024-12-15T17:18:40.566+0000] {processor.py:157} INFO - Started process (PID=594) to work on /opt/airflow/dags/silver_layer.py
[2024-12-15T17:18:40.568+0000] {processor.py:829} INFO - Processing file /opt/airflow/dags/silver_layer.py for tasks to queue
[2024-12-15T17:18:40.570+0000] {logging_mixin.py:154} INFO - [2024-12-15T17:18:40.569+0000] {dagbag.py:536} INFO - Filling up the DagBag from /opt/airflow/dags/silver_layer.py
[2024-12-15T17:18:40.606+0000] {processor.py:839} INFO - DAG(s) dict_keys(['Silver_Layer']) retrieved from /opt/airflow/dags/silver_layer.py
[2024-12-15T17:18:40.666+0000] {logging_mixin.py:154} INFO - [2024-12-15T17:18:40.666+0000] {dag.py:2941} INFO - Sync 1 DAGs
[2024-12-15T17:18:40.693+0000] {logging_mixin.py:154} INFO - [2024-12-15T17:18:40.693+0000] {dag.py:3722} INFO - Setting next_dagrun for Silver_Layer to 2024-12-14T00:00:00+00:00, run_after=2024-12-15T00:00:00+00:00
[2024-12-15T17:18:40.713+0000] {processor.py:179} INFO - Processing /opt/airflow/dags/silver_layer.py took 0.152 seconds
[2024-12-15T17:19:11.723+0000] {processor.py:157} INFO - Started process (PID=616) to work on /opt/airflow/dags/silver_layer.py
[2024-12-15T17:19:11.724+0000] {processor.py:829} INFO - Processing file /opt/airflow/dags/silver_layer.py for tasks to queue
[2024-12-15T17:19:11.725+0000] {logging_mixin.py:154} INFO - [2024-12-15T17:19:11.725+0000] {dagbag.py:536} INFO - Filling up the DagBag from /opt/airflow/dags/silver_layer.py
[2024-12-15T17:19:11.749+0000] {processor.py:839} INFO - DAG(s) dict_keys(['Silver_Layer']) retrieved from /opt/airflow/dags/silver_layer.py
[2024-12-15T17:19:11.804+0000] {logging_mixin.py:154} INFO - [2024-12-15T17:19:11.804+0000] {dag.py:2941} INFO - Sync 1 DAGs
[2024-12-15T17:19:11.826+0000] {logging_mixin.py:154} INFO - [2024-12-15T17:19:11.826+0000] {dag.py:3722} INFO - Setting next_dagrun for Silver_Layer to 2024-12-14T00:00:00+00:00, run_after=2024-12-15T00:00:00+00:00
[2024-12-15T17:19:11.848+0000] {processor.py:179} INFO - Processing /opt/airflow/dags/silver_layer.py took 0.128 seconds
[2024-12-15T17:19:42.918+0000] {processor.py:157} INFO - Started process (PID=636) to work on /opt/airflow/dags/silver_layer.py
[2024-12-15T17:19:42.920+0000] {processor.py:829} INFO - Processing file /opt/airflow/dags/silver_layer.py for tasks to queue
[2024-12-15T17:19:42.921+0000] {logging_mixin.py:154} INFO - [2024-12-15T17:19:42.921+0000] {dagbag.py:536} INFO - Filling up the DagBag from /opt/airflow/dags/silver_layer.py
[2024-12-15T17:19:42.948+0000] {processor.py:839} INFO - DAG(s) dict_keys(['Silver_Layer']) retrieved from /opt/airflow/dags/silver_layer.py
[2024-12-15T17:19:43.006+0000] {logging_mixin.py:154} INFO - [2024-12-15T17:19:43.006+0000] {dag.py:2941} INFO - Sync 1 DAGs
[2024-12-15T17:19:43.031+0000] {logging_mixin.py:154} INFO - [2024-12-15T17:19:43.030+0000] {dag.py:3722} INFO - Setting next_dagrun for Silver_Layer to 2024-12-14T00:00:00+00:00, run_after=2024-12-15T00:00:00+00:00
[2024-12-15T17:19:43.056+0000] {processor.py:179} INFO - Processing /opt/airflow/dags/silver_layer.py took 0.142 seconds
[2024-12-15T17:20:14.235+0000] {processor.py:157} INFO - Started process (PID=660) to work on /opt/airflow/dags/silver_layer.py
[2024-12-15T17:20:14.237+0000] {processor.py:829} INFO - Processing file /opt/airflow/dags/silver_layer.py for tasks to queue
[2024-12-15T17:20:14.239+0000] {logging_mixin.py:154} INFO - [2024-12-15T17:20:14.238+0000] {dagbag.py:536} INFO - Filling up the DagBag from /opt/airflow/dags/silver_layer.py
[2024-12-15T17:20:14.272+0000] {processor.py:839} INFO - DAG(s) dict_keys(['Silver_Layer']) retrieved from /opt/airflow/dags/silver_layer.py
[2024-12-15T17:20:14.321+0000] {logging_mixin.py:154} INFO - [2024-12-15T17:20:14.321+0000] {dag.py:2941} INFO - Sync 1 DAGs
[2024-12-15T17:20:14.344+0000] {logging_mixin.py:154} INFO - [2024-12-15T17:20:14.344+0000] {dag.py:3722} INFO - Setting next_dagrun for Silver_Layer to 2024-12-14T00:00:00+00:00, run_after=2024-12-15T00:00:00+00:00
[2024-12-15T17:20:14.365+0000] {processor.py:179} INFO - Processing /opt/airflow/dags/silver_layer.py took 0.134 seconds
[2024-12-15T17:20:45.403+0000] {processor.py:157} INFO - Started process (PID=682) to work on /opt/airflow/dags/silver_layer.py
[2024-12-15T17:20:45.404+0000] {processor.py:829} INFO - Processing file /opt/airflow/dags/silver_layer.py for tasks to queue
[2024-12-15T17:20:45.405+0000] {logging_mixin.py:154} INFO - [2024-12-15T17:20:45.405+0000] {dagbag.py:536} INFO - Filling up the DagBag from /opt/airflow/dags/silver_layer.py
[2024-12-15T17:20:45.437+0000] {processor.py:839} INFO - DAG(s) dict_keys(['Silver_Layer']) retrieved from /opt/airflow/dags/silver_layer.py
[2024-12-15T17:20:45.485+0000] {logging_mixin.py:154} INFO - [2024-12-15T17:20:45.485+0000] {dag.py:2941} INFO - Sync 1 DAGs
[2024-12-15T17:20:45.507+0000] {logging_mixin.py:154} INFO - [2024-12-15T17:20:45.507+0000] {dag.py:3722} INFO - Setting next_dagrun for Silver_Layer to 2024-12-14T00:00:00+00:00, run_after=2024-12-15T00:00:00+00:00
[2024-12-15T17:20:45.530+0000] {processor.py:179} INFO - Processing /opt/airflow/dags/silver_layer.py took 0.130 seconds
[2024-12-15T17:21:16.608+0000] {processor.py:157} INFO - Started process (PID=704) to work on /opt/airflow/dags/silver_layer.py
[2024-12-15T17:21:16.610+0000] {processor.py:829} INFO - Processing file /opt/airflow/dags/silver_layer.py for tasks to queue
[2024-12-15T17:21:16.612+0000] {logging_mixin.py:154} INFO - [2024-12-15T17:21:16.611+0000] {dagbag.py:536} INFO - Filling up the DagBag from /opt/airflow/dags/silver_layer.py
[2024-12-15T17:21:16.638+0000] {processor.py:839} INFO - DAG(s) dict_keys(['Silver_Layer']) retrieved from /opt/airflow/dags/silver_layer.py
[2024-12-15T17:21:16.690+0000] {logging_mixin.py:154} INFO - [2024-12-15T17:21:16.690+0000] {dag.py:2941} INFO - Sync 1 DAGs
[2024-12-15T17:21:16.711+0000] {logging_mixin.py:154} INFO - [2024-12-15T17:21:16.711+0000] {dag.py:3722} INFO - Setting next_dagrun for Silver_Layer to 2024-12-14T00:00:00+00:00, run_after=2024-12-15T00:00:00+00:00
[2024-12-15T17:21:16.732+0000] {processor.py:179} INFO - Processing /opt/airflow/dags/silver_layer.py took 0.127 seconds
[2024-12-15T17:21:47.769+0000] {processor.py:157} INFO - Started process (PID=726) to work on /opt/airflow/dags/silver_layer.py
[2024-12-15T17:21:47.770+0000] {processor.py:829} INFO - Processing file /opt/airflow/dags/silver_layer.py for tasks to queue
[2024-12-15T17:21:47.771+0000] {logging_mixin.py:154} INFO - [2024-12-15T17:21:47.770+0000] {dagbag.py:536} INFO - Filling up the DagBag from /opt/airflow/dags/silver_layer.py
[2024-12-15T17:21:47.795+0000] {processor.py:839} INFO - DAG(s) dict_keys(['Silver_Layer']) retrieved from /opt/airflow/dags/silver_layer.py
[2024-12-15T17:21:47.838+0000] {logging_mixin.py:154} INFO - [2024-12-15T17:21:47.837+0000] {dag.py:2941} INFO - Sync 1 DAGs
[2024-12-15T17:21:47.860+0000] {logging_mixin.py:154} INFO - [2024-12-15T17:21:47.860+0000] {dag.py:3722} INFO - Setting next_dagrun for Silver_Layer to 2024-12-14T00:00:00+00:00, run_after=2024-12-15T00:00:00+00:00
[2024-12-15T17:21:47.882+0000] {processor.py:179} INFO - Processing /opt/airflow/dags/silver_layer.py took 0.116 seconds
[2024-12-15T17:22:19.080+0000] {processor.py:157} INFO - Started process (PID=748) to work on /opt/airflow/dags/silver_layer.py
[2024-12-15T17:22:19.082+0000] {processor.py:829} INFO - Processing file /opt/airflow/dags/silver_layer.py for tasks to queue
[2024-12-15T17:22:19.083+0000] {logging_mixin.py:154} INFO - [2024-12-15T17:22:19.083+0000] {dagbag.py:536} INFO - Filling up the DagBag from /opt/airflow/dags/silver_layer.py
[2024-12-15T17:22:19.177+0000] {processor.py:839} INFO - DAG(s) dict_keys(['Silver_Layer']) retrieved from /opt/airflow/dags/silver_layer.py
[2024-12-15T17:22:19.226+0000] {logging_mixin.py:154} INFO - [2024-12-15T17:22:19.226+0000] {dag.py:2941} INFO - Sync 1 DAGs
[2024-12-15T17:22:19.249+0000] {logging_mixin.py:154} INFO - [2024-12-15T17:22:19.249+0000] {dag.py:3722} INFO - Setting next_dagrun for Silver_Layer to 2024-12-14T00:00:00+00:00, run_after=2024-12-15T00:00:00+00:00
[2024-12-15T17:22:19.272+0000] {processor.py:179} INFO - Processing /opt/airflow/dags/silver_layer.py took 0.195 seconds
[2024-12-15T17:22:50.371+0000] {processor.py:157} INFO - Started process (PID=770) to work on /opt/airflow/dags/silver_layer.py
[2024-12-15T17:22:50.373+0000] {processor.py:829} INFO - Processing file /opt/airflow/dags/silver_layer.py for tasks to queue
[2024-12-15T17:22:50.374+0000] {logging_mixin.py:154} INFO - [2024-12-15T17:22:50.374+0000] {dagbag.py:536} INFO - Filling up the DagBag from /opt/airflow/dags/silver_layer.py
[2024-12-15T17:22:50.399+0000] {processor.py:839} INFO - DAG(s) dict_keys(['Silver_Layer']) retrieved from /opt/airflow/dags/silver_layer.py
[2024-12-15T17:22:50.450+0000] {logging_mixin.py:154} INFO - [2024-12-15T17:22:50.450+0000] {dag.py:2941} INFO - Sync 1 DAGs
[2024-12-15T17:22:50.474+0000] {logging_mixin.py:154} INFO - [2024-12-15T17:22:50.474+0000] {dag.py:3722} INFO - Setting next_dagrun for Silver_Layer to 2024-12-14T00:00:00+00:00, run_after=2024-12-15T00:00:00+00:00
[2024-12-15T17:22:50.498+0000] {processor.py:179} INFO - Processing /opt/airflow/dags/silver_layer.py took 0.130 seconds
[2024-12-15T17:23:21.533+0000] {processor.py:157} INFO - Started process (PID=792) to work on /opt/airflow/dags/silver_layer.py
[2024-12-15T17:23:21.535+0000] {processor.py:829} INFO - Processing file /opt/airflow/dags/silver_layer.py for tasks to queue
[2024-12-15T17:23:21.536+0000] {logging_mixin.py:154} INFO - [2024-12-15T17:23:21.536+0000] {dagbag.py:536} INFO - Filling up the DagBag from /opt/airflow/dags/silver_layer.py
[2024-12-15T17:23:21.576+0000] {processor.py:839} INFO - DAG(s) dict_keys(['Silver_Layer']) retrieved from /opt/airflow/dags/silver_layer.py
[2024-12-15T17:23:21.634+0000] {logging_mixin.py:154} INFO - [2024-12-15T17:23:21.634+0000] {dag.py:2941} INFO - Sync 1 DAGs
[2024-12-15T17:23:21.658+0000] {logging_mixin.py:154} INFO - [2024-12-15T17:23:21.658+0000] {dag.py:3722} INFO - Setting next_dagrun for Silver_Layer to 2024-12-14T00:00:00+00:00, run_after=2024-12-15T00:00:00+00:00
[2024-12-15T17:23:21.685+0000] {processor.py:179} INFO - Processing /opt/airflow/dags/silver_layer.py took 0.156 seconds
[2024-12-15T17:23:52.742+0000] {processor.py:157} INFO - Started process (PID=814) to work on /opt/airflow/dags/silver_layer.py
[2024-12-15T17:23:52.743+0000] {processor.py:829} INFO - Processing file /opt/airflow/dags/silver_layer.py for tasks to queue
[2024-12-15T17:23:52.744+0000] {logging_mixin.py:154} INFO - [2024-12-15T17:23:52.744+0000] {dagbag.py:536} INFO - Filling up the DagBag from /opt/airflow/dags/silver_layer.py
[2024-12-15T17:23:52.766+0000] {processor.py:839} INFO - DAG(s) dict_keys(['Silver_Layer']) retrieved from /opt/airflow/dags/silver_layer.py
[2024-12-15T17:23:52.815+0000] {logging_mixin.py:154} INFO - [2024-12-15T17:23:52.815+0000] {dag.py:2941} INFO - Sync 1 DAGs
[2024-12-15T17:23:52.839+0000] {logging_mixin.py:154} INFO - [2024-12-15T17:23:52.838+0000] {dag.py:3722} INFO - Setting next_dagrun for Silver_Layer to 2024-12-14T00:00:00+00:00, run_after=2024-12-15T00:00:00+00:00
[2024-12-15T17:23:52.864+0000] {processor.py:179} INFO - Processing /opt/airflow/dags/silver_layer.py took 0.125 seconds
[2024-12-15T17:24:24.142+0000] {processor.py:157} INFO - Started process (PID=836) to work on /opt/airflow/dags/silver_layer.py
[2024-12-15T17:24:24.144+0000] {processor.py:829} INFO - Processing file /opt/airflow/dags/silver_layer.py for tasks to queue
[2024-12-15T17:24:24.145+0000] {logging_mixin.py:154} INFO - [2024-12-15T17:24:24.144+0000] {dagbag.py:536} INFO - Filling up the DagBag from /opt/airflow/dags/silver_layer.py
[2024-12-15T17:24:24.184+0000] {processor.py:839} INFO - DAG(s) dict_keys(['Silver_Layer']) retrieved from /opt/airflow/dags/silver_layer.py
[2024-12-15T17:24:24.248+0000] {logging_mixin.py:154} INFO - [2024-12-15T17:24:24.248+0000] {dag.py:2941} INFO - Sync 1 DAGs
[2024-12-15T17:24:24.276+0000] {logging_mixin.py:154} INFO - [2024-12-15T17:24:24.275+0000] {dag.py:3722} INFO - Setting next_dagrun for Silver_Layer to 2024-12-14T00:00:00+00:00, run_after=2024-12-15T00:00:00+00:00
[2024-12-15T17:24:24.301+0000] {processor.py:179} INFO - Processing /opt/airflow/dags/silver_layer.py took 0.162 seconds
[2024-12-15T17:24:55.693+0000] {processor.py:157} INFO - Started process (PID=858) to work on /opt/airflow/dags/silver_layer.py
[2024-12-15T17:24:55.694+0000] {processor.py:829} INFO - Processing file /opt/airflow/dags/silver_layer.py for tasks to queue
[2024-12-15T17:24:55.695+0000] {logging_mixin.py:154} INFO - [2024-12-15T17:24:55.695+0000] {dagbag.py:536} INFO - Filling up the DagBag from /opt/airflow/dags/silver_layer.py
[2024-12-15T17:24:55.725+0000] {processor.py:839} INFO - DAG(s) dict_keys(['Silver_Layer']) retrieved from /opt/airflow/dags/silver_layer.py
[2024-12-15T17:24:55.774+0000] {logging_mixin.py:154} INFO - [2024-12-15T17:24:55.773+0000] {dag.py:2941} INFO - Sync 1 DAGs
[2024-12-15T17:24:55.799+0000] {logging_mixin.py:154} INFO - [2024-12-15T17:24:55.799+0000] {dag.py:3722} INFO - Setting next_dagrun for Silver_Layer to 2024-12-14T00:00:00+00:00, run_after=2024-12-15T00:00:00+00:00
[2024-12-15T17:24:55.825+0000] {processor.py:179} INFO - Processing /opt/airflow/dags/silver_layer.py took 0.136 seconds
[2024-12-15T17:25:26.846+0000] {processor.py:157} INFO - Started process (PID=880) to work on /opt/airflow/dags/silver_layer.py
[2024-12-15T17:25:26.847+0000] {processor.py:829} INFO - Processing file /opt/airflow/dags/silver_layer.py for tasks to queue
[2024-12-15T17:25:26.848+0000] {logging_mixin.py:154} INFO - [2024-12-15T17:25:26.848+0000] {dagbag.py:536} INFO - Filling up the DagBag from /opt/airflow/dags/silver_layer.py
[2024-12-15T17:25:26.869+0000] {processor.py:839} INFO - DAG(s) dict_keys(['Silver_Layer']) retrieved from /opt/airflow/dags/silver_layer.py
[2024-12-15T17:25:26.923+0000] {logging_mixin.py:154} INFO - [2024-12-15T17:25:26.923+0000] {dag.py:2941} INFO - Sync 1 DAGs
[2024-12-15T17:25:26.946+0000] {logging_mixin.py:154} INFO - [2024-12-15T17:25:26.946+0000] {dag.py:3722} INFO - Setting next_dagrun for Silver_Layer to 2024-12-14T00:00:00+00:00, run_after=2024-12-15T00:00:00+00:00
[2024-12-15T17:25:26.969+0000] {processor.py:179} INFO - Processing /opt/airflow/dags/silver_layer.py took 0.126 seconds
[2024-12-15T17:25:58.065+0000] {processor.py:157} INFO - Started process (PID=902) to work on /opt/airflow/dags/silver_layer.py
[2024-12-15T17:25:58.067+0000] {processor.py:829} INFO - Processing file /opt/airflow/dags/silver_layer.py for tasks to queue
[2024-12-15T17:25:58.068+0000] {logging_mixin.py:154} INFO - [2024-12-15T17:25:58.068+0000] {dagbag.py:536} INFO - Filling up the DagBag from /opt/airflow/dags/silver_layer.py
[2024-12-15T17:25:58.108+0000] {processor.py:839} INFO - DAG(s) dict_keys(['Silver_Layer']) retrieved from /opt/airflow/dags/silver_layer.py
[2024-12-15T17:25:58.160+0000] {logging_mixin.py:154} INFO - [2024-12-15T17:25:58.160+0000] {dag.py:2941} INFO - Sync 1 DAGs
[2024-12-15T17:25:58.184+0000] {logging_mixin.py:154} INFO - [2024-12-15T17:25:58.184+0000] {dag.py:3722} INFO - Setting next_dagrun for Silver_Layer to 2024-12-14T00:00:00+00:00, run_after=2024-12-15T00:00:00+00:00
[2024-12-15T17:25:58.208+0000] {processor.py:179} INFO - Processing /opt/airflow/dags/silver_layer.py took 0.146 seconds
[2024-12-15T17:26:29.340+0000] {processor.py:157} INFO - Started process (PID=924) to work on /opt/airflow/dags/silver_layer.py
[2024-12-15T17:26:29.342+0000] {processor.py:829} INFO - Processing file /opt/airflow/dags/silver_layer.py for tasks to queue
[2024-12-15T17:26:29.343+0000] {logging_mixin.py:154} INFO - [2024-12-15T17:26:29.343+0000] {dagbag.py:536} INFO - Filling up the DagBag from /opt/airflow/dags/silver_layer.py
[2024-12-15T17:26:29.387+0000] {processor.py:839} INFO - DAG(s) dict_keys(['Silver_Layer']) retrieved from /opt/airflow/dags/silver_layer.py
[2024-12-15T17:26:29.432+0000] {logging_mixin.py:154} INFO - [2024-12-15T17:26:29.432+0000] {dag.py:2941} INFO - Sync 1 DAGs
[2024-12-15T17:26:29.457+0000] {logging_mixin.py:154} INFO - [2024-12-15T17:26:29.457+0000] {dag.py:3722} INFO - Setting next_dagrun for Silver_Layer to 2024-12-14T00:00:00+00:00, run_after=2024-12-15T00:00:00+00:00
[2024-12-15T17:26:29.483+0000] {processor.py:179} INFO - Processing /opt/airflow/dags/silver_layer.py took 0.145 seconds
[2024-12-15T17:27:00.545+0000] {processor.py:157} INFO - Started process (PID=946) to work on /opt/airflow/dags/silver_layer.py
[2024-12-15T17:27:00.547+0000] {processor.py:829} INFO - Processing file /opt/airflow/dags/silver_layer.py for tasks to queue
[2024-12-15T17:27:00.548+0000] {logging_mixin.py:154} INFO - [2024-12-15T17:27:00.547+0000] {dagbag.py:536} INFO - Filling up the DagBag from /opt/airflow/dags/silver_layer.py
[2024-12-15T17:27:00.571+0000] {processor.py:839} INFO - DAG(s) dict_keys(['Silver_Layer']) retrieved from /opt/airflow/dags/silver_layer.py
[2024-12-15T17:27:00.625+0000] {logging_mixin.py:154} INFO - [2024-12-15T17:27:00.625+0000] {dag.py:2941} INFO - Sync 1 DAGs
[2024-12-15T17:27:00.648+0000] {logging_mixin.py:154} INFO - [2024-12-15T17:27:00.648+0000] {dag.py:3722} INFO - Setting next_dagrun for Silver_Layer to 2024-12-14T00:00:00+00:00, run_after=2024-12-15T00:00:00+00:00
[2024-12-15T17:27:00.671+0000] {processor.py:179} INFO - Processing /opt/airflow/dags/silver_layer.py took 0.128 seconds
[2024-12-15T17:27:31.741+0000] {processor.py:157} INFO - Started process (PID=968) to work on /opt/airflow/dags/silver_layer.py
[2024-12-15T17:27:31.742+0000] {processor.py:829} INFO - Processing file /opt/airflow/dags/silver_layer.py for tasks to queue
[2024-12-15T17:27:31.744+0000] {logging_mixin.py:154} INFO - [2024-12-15T17:27:31.743+0000] {dagbag.py:536} INFO - Filling up the DagBag from /opt/airflow/dags/silver_layer.py
[2024-12-15T17:27:31.764+0000] {processor.py:839} INFO - DAG(s) dict_keys(['Silver_Layer']) retrieved from /opt/airflow/dags/silver_layer.py
[2024-12-15T17:27:31.828+0000] {logging_mixin.py:154} INFO - [2024-12-15T17:27:31.828+0000] {dag.py:2941} INFO - Sync 1 DAGs
[2024-12-15T17:27:31.861+0000] {logging_mixin.py:154} INFO - [2024-12-15T17:27:31.861+0000] {dag.py:3722} INFO - Setting next_dagrun for Silver_Layer to 2024-12-14T00:00:00+00:00, run_after=2024-12-15T00:00:00+00:00
[2024-12-15T17:27:31.887+0000] {processor.py:179} INFO - Processing /opt/airflow/dags/silver_layer.py took 0.149 seconds
[2024-12-15T17:28:02.864+0000] {processor.py:157} INFO - Started process (PID=988) to work on /opt/airflow/dags/silver_layer.py
[2024-12-15T17:28:02.865+0000] {processor.py:829} INFO - Processing file /opt/airflow/dags/silver_layer.py for tasks to queue
[2024-12-15T17:28:02.866+0000] {logging_mixin.py:154} INFO - [2024-12-15T17:28:02.865+0000] {dagbag.py:536} INFO - Filling up the DagBag from /opt/airflow/dags/silver_layer.py
[2024-12-15T17:28:02.894+0000] {processor.py:839} INFO - DAG(s) dict_keys(['Silver_Layer']) retrieved from /opt/airflow/dags/silver_layer.py
[2024-12-15T17:28:02.938+0000] {logging_mixin.py:154} INFO - [2024-12-15T17:28:02.937+0000] {dag.py:2941} INFO - Sync 1 DAGs
[2024-12-15T17:28:02.968+0000] {logging_mixin.py:154} INFO - [2024-12-15T17:28:02.968+0000] {dag.py:3722} INFO - Setting next_dagrun for Silver_Layer to 2024-12-14T00:00:00+00:00, run_after=2024-12-15T00:00:00+00:00
[2024-12-15T17:28:02.995+0000] {processor.py:179} INFO - Processing /opt/airflow/dags/silver_layer.py took 0.136 seconds
[2024-12-15T17:28:34.272+0000] {processor.py:157} INFO - Started process (PID=1010) to work on /opt/airflow/dags/silver_layer.py
[2024-12-15T17:28:34.274+0000] {processor.py:829} INFO - Processing file /opt/airflow/dags/silver_layer.py for tasks to queue
[2024-12-15T17:28:34.275+0000] {logging_mixin.py:154} INFO - [2024-12-15T17:28:34.274+0000] {dagbag.py:536} INFO - Filling up the DagBag from /opt/airflow/dags/silver_layer.py
[2024-12-15T17:28:34.313+0000] {processor.py:839} INFO - DAG(s) dict_keys(['Silver_Layer']) retrieved from /opt/airflow/dags/silver_layer.py
[2024-12-15T17:28:34.371+0000] {logging_mixin.py:154} INFO - [2024-12-15T17:28:34.371+0000] {dag.py:2941} INFO - Sync 1 DAGs
[2024-12-15T17:28:34.407+0000] {logging_mixin.py:154} INFO - [2024-12-15T17:28:34.407+0000] {dag.py:3722} INFO - Setting next_dagrun for Silver_Layer to 2024-12-14T00:00:00+00:00, run_after=2024-12-15T00:00:00+00:00
[2024-12-15T17:28:34.436+0000] {processor.py:179} INFO - Processing /opt/airflow/dags/silver_layer.py took 0.170 seconds
[2024-12-15T17:29:05.663+0000] {processor.py:157} INFO - Started process (PID=1034) to work on /opt/airflow/dags/silver_layer.py
[2024-12-15T17:29:05.664+0000] {processor.py:829} INFO - Processing file /opt/airflow/dags/silver_layer.py for tasks to queue
[2024-12-15T17:29:05.665+0000] {logging_mixin.py:154} INFO - [2024-12-15T17:29:05.665+0000] {dagbag.py:536} INFO - Filling up the DagBag from /opt/airflow/dags/silver_layer.py
[2024-12-15T17:29:05.687+0000] {processor.py:839} INFO - DAG(s) dict_keys(['Silver_Layer']) retrieved from /opt/airflow/dags/silver_layer.py
[2024-12-15T17:29:05.731+0000] {logging_mixin.py:154} INFO - [2024-12-15T17:29:05.731+0000] {dag.py:2941} INFO - Sync 1 DAGs
[2024-12-15T17:29:05.753+0000] {logging_mixin.py:154} INFO - [2024-12-15T17:29:05.753+0000] {dag.py:3722} INFO - Setting next_dagrun for Silver_Layer to 2024-12-14T00:00:00+00:00, run_after=2024-12-15T00:00:00+00:00
[2024-12-15T17:29:05.777+0000] {processor.py:179} INFO - Processing /opt/airflow/dags/silver_layer.py took 0.117 seconds
[2024-12-15T17:29:37.061+0000] {processor.py:157} INFO - Started process (PID=1056) to work on /opt/airflow/dags/silver_layer.py
[2024-12-15T17:29:37.062+0000] {processor.py:829} INFO - Processing file /opt/airflow/dags/silver_layer.py for tasks to queue
[2024-12-15T17:29:37.063+0000] {logging_mixin.py:154} INFO - [2024-12-15T17:29:37.063+0000] {dagbag.py:536} INFO - Filling up the DagBag from /opt/airflow/dags/silver_layer.py
[2024-12-15T17:29:37.092+0000] {processor.py:839} INFO - DAG(s) dict_keys(['Silver_Layer']) retrieved from /opt/airflow/dags/silver_layer.py
[2024-12-15T17:29:37.140+0000] {logging_mixin.py:154} INFO - [2024-12-15T17:29:37.140+0000] {dag.py:2941} INFO - Sync 1 DAGs
[2024-12-15T17:29:37.163+0000] {logging_mixin.py:154} INFO - [2024-12-15T17:29:37.162+0000] {dag.py:3722} INFO - Setting next_dagrun for Silver_Layer to 2024-12-14T00:00:00+00:00, run_after=2024-12-15T00:00:00+00:00
[2024-12-15T17:29:37.188+0000] {processor.py:179} INFO - Processing /opt/airflow/dags/silver_layer.py took 0.130 seconds
[2024-12-15T17:30:08.296+0000] {processor.py:157} INFO - Started process (PID=1078) to work on /opt/airflow/dags/silver_layer.py
[2024-12-15T17:30:08.297+0000] {processor.py:829} INFO - Processing file /opt/airflow/dags/silver_layer.py for tasks to queue
[2024-12-15T17:30:08.298+0000] {logging_mixin.py:154} INFO - [2024-12-15T17:30:08.297+0000] {dagbag.py:536} INFO - Filling up the DagBag from /opt/airflow/dags/silver_layer.py
[2024-12-15T17:30:08.326+0000] {processor.py:839} INFO - DAG(s) dict_keys(['Silver_Layer']) retrieved from /opt/airflow/dags/silver_layer.py
[2024-12-15T17:30:08.377+0000] {logging_mixin.py:154} INFO - [2024-12-15T17:30:08.377+0000] {dag.py:2941} INFO - Sync 1 DAGs
[2024-12-15T17:30:08.402+0000] {logging_mixin.py:154} INFO - [2024-12-15T17:30:08.402+0000] {dag.py:3722} INFO - Setting next_dagrun for Silver_Layer to 2024-12-14T00:00:00+00:00, run_after=2024-12-15T00:00:00+00:00
[2024-12-15T17:30:08.426+0000] {processor.py:179} INFO - Processing /opt/airflow/dags/silver_layer.py took 0.134 seconds
[2024-12-15T17:30:39.505+0000] {processor.py:157} INFO - Started process (PID=1100) to work on /opt/airflow/dags/silver_layer.py
[2024-12-15T17:30:39.506+0000] {processor.py:829} INFO - Processing file /opt/airflow/dags/silver_layer.py for tasks to queue
[2024-12-15T17:30:39.507+0000] {logging_mixin.py:154} INFO - [2024-12-15T17:30:39.507+0000] {dagbag.py:536} INFO - Filling up the DagBag from /opt/airflow/dags/silver_layer.py
[2024-12-15T17:30:39.529+0000] {processor.py:839} INFO - DAG(s) dict_keys(['Silver_Layer']) retrieved from /opt/airflow/dags/silver_layer.py
[2024-12-15T17:30:39.577+0000] {logging_mixin.py:154} INFO - [2024-12-15T17:30:39.577+0000] {dag.py:2941} INFO - Sync 1 DAGs
[2024-12-15T17:30:39.600+0000] {logging_mixin.py:154} INFO - [2024-12-15T17:30:39.600+0000] {dag.py:3722} INFO - Setting next_dagrun for Silver_Layer to 2024-12-14T00:00:00+00:00, run_after=2024-12-15T00:00:00+00:00
[2024-12-15T17:30:39.623+0000] {processor.py:179} INFO - Processing /opt/airflow/dags/silver_layer.py took 0.122 seconds
[2024-12-15T17:31:10.986+0000] {processor.py:157} INFO - Started process (PID=1120) to work on /opt/airflow/dags/silver_layer.py
[2024-12-15T17:31:10.987+0000] {processor.py:829} INFO - Processing file /opt/airflow/dags/silver_layer.py for tasks to queue
[2024-12-15T17:31:10.989+0000] {logging_mixin.py:154} INFO - [2024-12-15T17:31:10.988+0000] {dagbag.py:536} INFO - Filling up the DagBag from /opt/airflow/dags/silver_layer.py
[2024-12-15T17:31:11.015+0000] {processor.py:839} INFO - DAG(s) dict_keys(['Silver_Layer']) retrieved from /opt/airflow/dags/silver_layer.py
[2024-12-15T17:31:11.062+0000] {logging_mixin.py:154} INFO - [2024-12-15T17:31:11.062+0000] {dag.py:2941} INFO - Sync 1 DAGs
[2024-12-15T17:31:11.091+0000] {logging_mixin.py:154} INFO - [2024-12-15T17:31:11.091+0000] {dag.py:3722} INFO - Setting next_dagrun for Silver_Layer to 2024-12-14T00:00:00+00:00, run_after=2024-12-15T00:00:00+00:00
[2024-12-15T17:31:11.117+0000] {processor.py:179} INFO - Processing /opt/airflow/dags/silver_layer.py took 0.135 seconds
[2024-12-15T17:31:42.322+0000] {processor.py:157} INFO - Started process (PID=1144) to work on /opt/airflow/dags/silver_layer.py
[2024-12-15T17:31:42.324+0000] {processor.py:829} INFO - Processing file /opt/airflow/dags/silver_layer.py for tasks to queue
[2024-12-15T17:31:42.325+0000] {logging_mixin.py:154} INFO - [2024-12-15T17:31:42.325+0000] {dagbag.py:536} INFO - Filling up the DagBag from /opt/airflow/dags/silver_layer.py
[2024-12-15T17:31:42.351+0000] {processor.py:839} INFO - DAG(s) dict_keys(['Silver_Layer']) retrieved from /opt/airflow/dags/silver_layer.py
[2024-12-15T17:31:42.392+0000] {logging_mixin.py:154} INFO - [2024-12-15T17:31:42.392+0000] {dag.py:2941} INFO - Sync 1 DAGs
[2024-12-15T17:31:42.422+0000] {logging_mixin.py:154} INFO - [2024-12-15T17:31:42.422+0000] {dag.py:3722} INFO - Setting next_dagrun for Silver_Layer to 2024-12-14T00:00:00+00:00, run_after=2024-12-15T00:00:00+00:00
[2024-12-15T17:31:42.448+0000] {processor.py:179} INFO - Processing /opt/airflow/dags/silver_layer.py took 0.129 seconds
[2024-12-15T17:32:13.664+0000] {processor.py:157} INFO - Started process (PID=1166) to work on /opt/airflow/dags/silver_layer.py
[2024-12-15T17:32:13.666+0000] {processor.py:829} INFO - Processing file /opt/airflow/dags/silver_layer.py for tasks to queue
[2024-12-15T17:32:13.667+0000] {logging_mixin.py:154} INFO - [2024-12-15T17:32:13.667+0000] {dagbag.py:536} INFO - Filling up the DagBag from /opt/airflow/dags/silver_layer.py
[2024-12-15T17:32:13.694+0000] {processor.py:839} INFO - DAG(s) dict_keys(['Silver_Layer']) retrieved from /opt/airflow/dags/silver_layer.py
[2024-12-15T17:32:13.743+0000] {logging_mixin.py:154} INFO - [2024-12-15T17:32:13.743+0000] {dag.py:2941} INFO - Sync 1 DAGs
[2024-12-15T17:32:13.774+0000] {logging_mixin.py:154} INFO - [2024-12-15T17:32:13.774+0000] {dag.py:3722} INFO - Setting next_dagrun for Silver_Layer to 2024-12-14T00:00:00+00:00, run_after=2024-12-15T00:00:00+00:00
[2024-12-15T17:32:13.803+0000] {processor.py:179} INFO - Processing /opt/airflow/dags/silver_layer.py took 0.142 seconds
[2024-12-15T17:32:44.897+0000] {processor.py:157} INFO - Started process (PID=1188) to work on /opt/airflow/dags/silver_layer.py
[2024-12-15T17:32:44.898+0000] {processor.py:829} INFO - Processing file /opt/airflow/dags/silver_layer.py for tasks to queue
[2024-12-15T17:32:44.900+0000] {logging_mixin.py:154} INFO - [2024-12-15T17:32:44.899+0000] {dagbag.py:536} INFO - Filling up the DagBag from /opt/airflow/dags/silver_layer.py
[2024-12-15T17:32:44.932+0000] {processor.py:839} INFO - DAG(s) dict_keys(['Silver_Layer']) retrieved from /opt/airflow/dags/silver_layer.py
[2024-12-15T17:32:44.992+0000] {logging_mixin.py:154} INFO - [2024-12-15T17:32:44.992+0000] {dag.py:2941} INFO - Sync 1 DAGs
[2024-12-15T17:32:45.028+0000] {logging_mixin.py:154} INFO - [2024-12-15T17:32:45.028+0000] {dag.py:3722} INFO - Setting next_dagrun for Silver_Layer to 2024-12-14T00:00:00+00:00, run_after=2024-12-15T00:00:00+00:00
[2024-12-15T17:32:45.057+0000] {processor.py:179} INFO - Processing /opt/airflow/dags/silver_layer.py took 0.164 seconds
[2024-12-15T17:33:16.276+0000] {processor.py:157} INFO - Started process (PID=1210) to work on /opt/airflow/dags/silver_layer.py
[2024-12-15T17:33:16.277+0000] {processor.py:829} INFO - Processing file /opt/airflow/dags/silver_layer.py for tasks to queue
[2024-12-15T17:33:16.278+0000] {logging_mixin.py:154} INFO - [2024-12-15T17:33:16.278+0000] {dagbag.py:536} INFO - Filling up the DagBag from /opt/airflow/dags/silver_layer.py
[2024-12-15T17:33:16.320+0000] {processor.py:839} INFO - DAG(s) dict_keys(['Silver_Layer']) retrieved from /opt/airflow/dags/silver_layer.py
[2024-12-15T17:33:16.382+0000] {logging_mixin.py:154} INFO - [2024-12-15T17:33:16.382+0000] {dag.py:2941} INFO - Sync 1 DAGs
[2024-12-15T17:33:16.413+0000] {logging_mixin.py:154} INFO - [2024-12-15T17:33:16.412+0000] {dag.py:3722} INFO - Setting next_dagrun for Silver_Layer to 2024-12-14T00:00:00+00:00, run_after=2024-12-15T00:00:00+00:00
[2024-12-15T17:33:16.432+0000] {processor.py:179} INFO - Processing /opt/airflow/dags/silver_layer.py took 0.161 seconds
[2024-12-15T17:33:47.537+0000] {processor.py:157} INFO - Started process (PID=1232) to work on /opt/airflow/dags/silver_layer.py
[2024-12-15T17:33:47.539+0000] {processor.py:829} INFO - Processing file /opt/airflow/dags/silver_layer.py for tasks to queue
[2024-12-15T17:33:47.542+0000] {logging_mixin.py:154} INFO - [2024-12-15T17:33:47.541+0000] {dagbag.py:536} INFO - Filling up the DagBag from /opt/airflow/dags/silver_layer.py
[2024-12-15T17:33:47.580+0000] {processor.py:839} INFO - DAG(s) dict_keys(['Silver_Layer']) retrieved from /opt/airflow/dags/silver_layer.py
[2024-12-15T17:33:47.652+0000] {logging_mixin.py:154} INFO - [2024-12-15T17:33:47.651+0000] {dag.py:2941} INFO - Sync 1 DAGs
[2024-12-15T17:33:47.674+0000] {logging_mixin.py:154} INFO - [2024-12-15T17:33:47.674+0000] {dag.py:3722} INFO - Setting next_dagrun for Silver_Layer to 2024-12-14T00:00:00+00:00, run_after=2024-12-15T00:00:00+00:00
[2024-12-15T17:33:47.698+0000] {processor.py:179} INFO - Processing /opt/airflow/dags/silver_layer.py took 0.165 seconds
[2024-12-15T17:34:19.273+0000] {processor.py:157} INFO - Started process (PID=1254) to work on /opt/airflow/dags/silver_layer.py
[2024-12-15T17:34:19.275+0000] {processor.py:829} INFO - Processing file /opt/airflow/dags/silver_layer.py for tasks to queue
[2024-12-15T17:34:19.276+0000] {logging_mixin.py:154} INFO - [2024-12-15T17:34:19.276+0000] {dagbag.py:536} INFO - Filling up the DagBag from /opt/airflow/dags/silver_layer.py
[2024-12-15T17:34:19.314+0000] {processor.py:839} INFO - DAG(s) dict_keys(['Silver_Layer']) retrieved from /opt/airflow/dags/silver_layer.py
[2024-12-15T17:34:19.383+0000] {logging_mixin.py:154} INFO - [2024-12-15T17:34:19.383+0000] {dag.py:2941} INFO - Sync 1 DAGs
[2024-12-15T17:34:19.409+0000] {logging_mixin.py:154} INFO - [2024-12-15T17:34:19.409+0000] {dag.py:3722} INFO - Setting next_dagrun for Silver_Layer to 2024-12-14T00:00:00+00:00, run_after=2024-12-15T00:00:00+00:00
[2024-12-15T17:34:19.440+0000] {processor.py:179} INFO - Processing /opt/airflow/dags/silver_layer.py took 0.171 seconds
[2024-12-15T17:34:49.853+0000] {processor.py:157} INFO - Started process (PID=1276) to work on /opt/airflow/dags/silver_layer.py
[2024-12-15T17:34:49.854+0000] {processor.py:829} INFO - Processing file /opt/airflow/dags/silver_layer.py for tasks to queue
[2024-12-15T17:34:49.856+0000] {logging_mixin.py:154} INFO - [2024-12-15T17:34:49.856+0000] {dagbag.py:536} INFO - Filling up the DagBag from /opt/airflow/dags/silver_layer.py
[2024-12-15T17:34:49.884+0000] {processor.py:839} INFO - DAG(s) dict_keys(['Silver_Layer']) retrieved from /opt/airflow/dags/silver_layer.py
[2024-12-15T17:34:49.939+0000] {logging_mixin.py:154} INFO - [2024-12-15T17:34:49.939+0000] {dag.py:2941} INFO - Sync 1 DAGs
[2024-12-15T17:34:49.963+0000] {logging_mixin.py:154} INFO - [2024-12-15T17:34:49.963+0000] {dag.py:3722} INFO - Setting next_dagrun for Silver_Layer to 2024-12-14T00:00:00+00:00, run_after=2024-12-15T00:00:00+00:00
[2024-12-15T17:34:49.985+0000] {processor.py:179} INFO - Processing /opt/airflow/dags/silver_layer.py took 0.136 seconds
