[2025-01-26T13:58:41.572+0000] {processor.py:157} INFO - Started process (PID=211) to work on /opt/airflow/dags/bronze_layer.py
[2025-01-26T13:58:41.574+0000] {processor.py:829} INFO - Processing file /opt/airflow/dags/bronze_layer.py for tasks to queue
[2025-01-26T13:58:41.576+0000] {logging_mixin.py:154} INFO - [2025-01-26T13:58:41.575+0000] {dagbag.py:536} INFO - Filling up the DagBag from /opt/airflow/dags/bronze_layer.py
[2025-01-26T13:58:42.233+0000] {processor.py:839} INFO - DAG(s) dict_keys(['Bronze_Layer']) retrieved from /opt/airflow/dags/bronze_layer.py
[2025-01-26T13:58:42.244+0000] {logging_mixin.py:154} INFO - [2025-01-26T13:58:42.244+0000] {dag.py:2941} INFO - Sync 1 DAGs
[2025-01-26T13:58:42.265+0000] {logging_mixin.py:154} INFO - [2025-01-26T13:58:42.265+0000] {dag.py:3722} INFO - Setting next_dagrun for Bronze_Layer to 2025-01-25T00:00:00+00:00, run_after=2025-01-26T00:00:00+00:00
[2025-01-26T13:58:42.285+0000] {processor.py:179} INFO - Processing /opt/airflow/dags/bronze_layer.py took 0.717 seconds
[2025-01-26T13:59:16.371+0000] {processor.py:157} INFO - Started process (PID=433) to work on /opt/airflow/dags/bronze_layer.py
[2025-01-26T13:59:16.372+0000] {processor.py:829} INFO - Processing file /opt/airflow/dags/bronze_layer.py for tasks to queue
[2025-01-26T13:59:16.375+0000] {logging_mixin.py:154} INFO - [2025-01-26T13:59:16.374+0000] {dagbag.py:536} INFO - Filling up the DagBag from /opt/airflow/dags/bronze_layer.py
[2025-01-26T13:59:17.379+0000] {processor.py:839} INFO - DAG(s) dict_keys(['Bronze_Layer']) retrieved from /opt/airflow/dags/bronze_layer.py
[2025-01-26T13:59:17.411+0000] {logging_mixin.py:154} INFO - [2025-01-26T13:59:17.411+0000] {dag.py:2941} INFO - Sync 1 DAGs
[2025-01-26T13:59:17.452+0000] {logging_mixin.py:154} INFO - [2025-01-26T13:59:17.452+0000] {dag.py:3722} INFO - Setting next_dagrun for Bronze_Layer to 2025-01-25T00:00:00+00:00, run_after=2025-01-26T00:00:00+00:00
[2025-01-26T13:59:17.516+0000] {processor.py:179} INFO - Processing /opt/airflow/dags/bronze_layer.py took 1.148 seconds
[2025-01-26T13:59:56.268+0000] {processor.py:157} INFO - Started process (PID=1280) to work on /opt/airflow/dags/bronze_layer.py
[2025-01-26T13:59:56.271+0000] {processor.py:829} INFO - Processing file /opt/airflow/dags/bronze_layer.py for tasks to queue
[2025-01-26T13:59:56.272+0000] {logging_mixin.py:154} INFO - [2025-01-26T13:59:56.271+0000] {dagbag.py:536} INFO - Filling up the DagBag from /opt/airflow/dags/bronze_layer.py
[2025-01-26T13:59:58.119+0000] {processor.py:839} INFO - DAG(s) dict_keys(['Bronze_Layer']) retrieved from /opt/airflow/dags/bronze_layer.py
[2025-01-26T13:59:58.305+0000] {logging_mixin.py:154} INFO - [2025-01-26T13:59:58.304+0000] {dag.py:2941} INFO - Sync 1 DAGs
[2025-01-26T13:59:58.395+0000] {logging_mixin.py:154} INFO - [2025-01-26T13:59:58.395+0000] {dag.py:3722} INFO - Setting next_dagrun for Bronze_Layer to 2025-01-25T00:00:00+00:00, run_after=2025-01-26T00:00:00+00:00
[2025-01-26T13:59:58.468+0000] {processor.py:179} INFO - Processing /opt/airflow/dags/bronze_layer.py took 2.204 seconds
[2025-01-26T14:00:28.721+0000] {processor.py:157} INFO - Started process (PID=1480) to work on /opt/airflow/dags/bronze_layer.py
[2025-01-26T14:00:28.722+0000] {processor.py:829} INFO - Processing file /opt/airflow/dags/bronze_layer.py for tasks to queue
[2025-01-26T14:00:28.723+0000] {logging_mixin.py:154} INFO - [2025-01-26T14:00:28.723+0000] {dagbag.py:536} INFO - Filling up the DagBag from /opt/airflow/dags/bronze_layer.py
[2025-01-26T14:00:29.451+0000] {processor.py:839} INFO - DAG(s) dict_keys(['Bronze_Layer']) retrieved from /opt/airflow/dags/bronze_layer.py
[2025-01-26T14:00:29.474+0000] {logging_mixin.py:154} INFO - [2025-01-26T14:00:29.474+0000] {dag.py:2941} INFO - Sync 1 DAGs
[2025-01-26T14:00:29.503+0000] {logging_mixin.py:154} INFO - [2025-01-26T14:00:29.503+0000] {dag.py:3722} INFO - Setting next_dagrun for Bronze_Layer to 2025-01-25T00:00:00+00:00, run_after=2025-01-26T00:00:00+00:00
[2025-01-26T14:00:29.528+0000] {processor.py:179} INFO - Processing /opt/airflow/dags/bronze_layer.py took 0.811 seconds
[2025-01-26T14:00:59.823+0000] {processor.py:157} INFO - Started process (PID=1573) to work on /opt/airflow/dags/bronze_layer.py
[2025-01-26T14:00:59.824+0000] {processor.py:829} INFO - Processing file /opt/airflow/dags/bronze_layer.py for tasks to queue
[2025-01-26T14:00:59.825+0000] {logging_mixin.py:154} INFO - [2025-01-26T14:00:59.825+0000] {dagbag.py:536} INFO - Filling up the DagBag from /opt/airflow/dags/bronze_layer.py
[2025-01-26T14:01:00.337+0000] {processor.py:839} INFO - DAG(s) dict_keys(['Bronze_Layer']) retrieved from /opt/airflow/dags/bronze_layer.py
[2025-01-26T14:01:00.358+0000] {logging_mixin.py:154} INFO - [2025-01-26T14:01:00.357+0000] {dag.py:2941} INFO - Sync 1 DAGs
[2025-01-26T14:01:00.377+0000] {logging_mixin.py:154} INFO - [2025-01-26T14:01:00.376+0000] {dag.py:3722} INFO - Setting next_dagrun for Bronze_Layer to 2025-01-25T00:00:00+00:00, run_after=2025-01-26T00:00:00+00:00
[2025-01-26T14:01:00.398+0000] {processor.py:179} INFO - Processing /opt/airflow/dags/bronze_layer.py took 0.577 seconds
[2025-01-26T14:01:31.264+0000] {processor.py:157} INFO - Started process (PID=1704) to work on /opt/airflow/dags/bronze_layer.py
[2025-01-26T14:01:31.265+0000] {processor.py:829} INFO - Processing file /opt/airflow/dags/bronze_layer.py for tasks to queue
[2025-01-26T14:01:31.266+0000] {logging_mixin.py:154} INFO - [2025-01-26T14:01:31.266+0000] {dagbag.py:536} INFO - Filling up the DagBag from /opt/airflow/dags/bronze_layer.py
[2025-01-26T14:01:31.832+0000] {processor.py:839} INFO - DAG(s) dict_keys(['Bronze_Layer']) retrieved from /opt/airflow/dags/bronze_layer.py
[2025-01-26T14:01:31.858+0000] {logging_mixin.py:154} INFO - [2025-01-26T14:01:31.857+0000] {dag.py:2941} INFO - Sync 1 DAGs
[2025-01-26T14:01:31.884+0000] {logging_mixin.py:154} INFO - [2025-01-26T14:01:31.884+0000] {dag.py:3722} INFO - Setting next_dagrun for Bronze_Layer to 2025-01-25T00:00:00+00:00, run_after=2025-01-26T00:00:00+00:00
[2025-01-26T14:01:31.903+0000] {processor.py:179} INFO - Processing /opt/airflow/dags/bronze_layer.py took 0.641 seconds
[2025-01-26T14:02:02.662+0000] {processor.py:157} INFO - Started process (PID=1919) to work on /opt/airflow/dags/bronze_layer.py
[2025-01-26T14:02:02.663+0000] {processor.py:829} INFO - Processing file /opt/airflow/dags/bronze_layer.py for tasks to queue
[2025-01-26T14:02:02.664+0000] {logging_mixin.py:154} INFO - [2025-01-26T14:02:02.664+0000] {dagbag.py:536} INFO - Filling up the DagBag from /opt/airflow/dags/bronze_layer.py
[2025-01-26T14:02:03.257+0000] {processor.py:839} INFO - DAG(s) dict_keys(['Bronze_Layer']) retrieved from /opt/airflow/dags/bronze_layer.py
[2025-01-26T14:02:03.280+0000] {logging_mixin.py:154} INFO - [2025-01-26T14:02:03.279+0000] {dag.py:2941} INFO - Sync 1 DAGs
[2025-01-26T14:02:03.307+0000] {logging_mixin.py:154} INFO - [2025-01-26T14:02:03.307+0000] {dag.py:3722} INFO - Setting next_dagrun for Bronze_Layer to 2025-01-25T00:00:00+00:00, run_after=2025-01-26T00:00:00+00:00
[2025-01-26T14:02:03.336+0000] {processor.py:179} INFO - Processing /opt/airflow/dags/bronze_layer.py took 0.677 seconds
[2025-01-26T14:02:34.087+0000] {processor.py:157} INFO - Started process (PID=2131) to work on /opt/airflow/dags/bronze_layer.py
[2025-01-26T14:02:34.088+0000] {processor.py:829} INFO - Processing file /opt/airflow/dags/bronze_layer.py for tasks to queue
[2025-01-26T14:02:34.090+0000] {logging_mixin.py:154} INFO - [2025-01-26T14:02:34.089+0000] {dagbag.py:536} INFO - Filling up the DagBag from /opt/airflow/dags/bronze_layer.py
[2025-01-26T14:02:34.947+0000] {processor.py:839} INFO - DAG(s) dict_keys(['Bronze_Layer']) retrieved from /opt/airflow/dags/bronze_layer.py
[2025-01-26T14:02:34.975+0000] {logging_mixin.py:154} INFO - [2025-01-26T14:02:34.974+0000] {dag.py:2941} INFO - Sync 1 DAGs
[2025-01-26T14:02:35.001+0000] {logging_mixin.py:154} INFO - [2025-01-26T14:02:35.000+0000] {dag.py:3722} INFO - Setting next_dagrun for Bronze_Layer to 2025-01-25T00:00:00+00:00, run_after=2025-01-26T00:00:00+00:00
[2025-01-26T14:02:35.021+0000] {processor.py:179} INFO - Processing /opt/airflow/dags/bronze_layer.py took 0.939 seconds
[2025-01-26T14:03:05.818+0000] {processor.py:157} INFO - Started process (PID=2426) to work on /opt/airflow/dags/bronze_layer.py
[2025-01-26T14:03:05.819+0000] {processor.py:829} INFO - Processing file /opt/airflow/dags/bronze_layer.py for tasks to queue
[2025-01-26T14:03:05.821+0000] {logging_mixin.py:154} INFO - [2025-01-26T14:03:05.821+0000] {dagbag.py:536} INFO - Filling up the DagBag from /opt/airflow/dags/bronze_layer.py
[2025-01-26T14:03:06.587+0000] {processor.py:839} INFO - DAG(s) dict_keys(['Bronze_Layer']) retrieved from /opt/airflow/dags/bronze_layer.py
[2025-01-26T14:03:06.619+0000] {logging_mixin.py:154} INFO - [2025-01-26T14:03:06.618+0000] {dag.py:2941} INFO - Sync 1 DAGs
[2025-01-26T14:03:06.644+0000] {logging_mixin.py:154} INFO - [2025-01-26T14:03:06.644+0000] {dag.py:3722} INFO - Setting next_dagrun for Bronze_Layer to 2025-01-25T00:00:00+00:00, run_after=2025-01-26T00:00:00+00:00
[2025-01-26T14:03:06.690+0000] {processor.py:179} INFO - Processing /opt/airflow/dags/bronze_layer.py took 0.876 seconds
[2025-01-26T14:03:37.227+0000] {processor.py:157} INFO - Started process (PID=2538) to work on /opt/airflow/dags/bronze_layer.py
[2025-01-26T14:03:37.228+0000] {processor.py:829} INFO - Processing file /opt/airflow/dags/bronze_layer.py for tasks to queue
[2025-01-26T14:03:37.230+0000] {logging_mixin.py:154} INFO - [2025-01-26T14:03:37.229+0000] {dagbag.py:536} INFO - Filling up the DagBag from /opt/airflow/dags/bronze_layer.py
[2025-01-26T14:03:37.758+0000] {processor.py:839} INFO - DAG(s) dict_keys(['Bronze_Layer']) retrieved from /opt/airflow/dags/bronze_layer.py
[2025-01-26T14:03:37.784+0000] {logging_mixin.py:154} INFO - [2025-01-26T14:03:37.783+0000] {dag.py:2941} INFO - Sync 1 DAGs
[2025-01-26T14:03:37.805+0000] {logging_mixin.py:154} INFO - [2025-01-26T14:03:37.805+0000] {dag.py:3722} INFO - Setting next_dagrun for Bronze_Layer to 2025-01-25T00:00:00+00:00, run_after=2025-01-26T00:00:00+00:00
[2025-01-26T14:03:37.822+0000] {processor.py:179} INFO - Processing /opt/airflow/dags/bronze_layer.py took 0.599 seconds
[2025-01-26T14:04:08.775+0000] {processor.py:157} INFO - Started process (PID=2734) to work on /opt/airflow/dags/bronze_layer.py
[2025-01-26T14:04:08.776+0000] {processor.py:829} INFO - Processing file /opt/airflow/dags/bronze_layer.py for tasks to queue
[2025-01-26T14:04:08.778+0000] {logging_mixin.py:154} INFO - [2025-01-26T14:04:08.778+0000] {dagbag.py:536} INFO - Filling up the DagBag from /opt/airflow/dags/bronze_layer.py
[2025-01-26T14:04:09.401+0000] {processor.py:839} INFO - DAG(s) dict_keys(['Bronze_Layer']) retrieved from /opt/airflow/dags/bronze_layer.py
[2025-01-26T14:04:09.424+0000] {logging_mixin.py:154} INFO - [2025-01-26T14:04:09.424+0000] {dag.py:2941} INFO - Sync 1 DAGs
[2025-01-26T14:04:09.448+0000] {logging_mixin.py:154} INFO - [2025-01-26T14:04:09.448+0000] {dag.py:3722} INFO - Setting next_dagrun for Bronze_Layer to 2025-01-25T00:00:00+00:00, run_after=2025-01-26T00:00:00+00:00
[2025-01-26T14:04:09.469+0000] {processor.py:179} INFO - Processing /opt/airflow/dags/bronze_layer.py took 0.701 seconds
[2025-01-26T14:04:40.007+0000] {processor.py:157} INFO - Started process (PID=2774) to work on /opt/airflow/dags/bronze_layer.py
[2025-01-26T14:04:40.008+0000] {processor.py:829} INFO - Processing file /opt/airflow/dags/bronze_layer.py for tasks to queue
[2025-01-26T14:04:40.010+0000] {logging_mixin.py:154} INFO - [2025-01-26T14:04:40.009+0000] {dagbag.py:536} INFO - Filling up the DagBag from /opt/airflow/dags/bronze_layer.py
[2025-01-26T14:04:40.644+0000] {processor.py:839} INFO - DAG(s) dict_keys(['Bronze_Layer']) retrieved from /opt/airflow/dags/bronze_layer.py
[2025-01-26T14:04:40.669+0000] {logging_mixin.py:154} INFO - [2025-01-26T14:04:40.668+0000] {dag.py:2941} INFO - Sync 1 DAGs
[2025-01-26T14:04:40.694+0000] {logging_mixin.py:154} INFO - [2025-01-26T14:04:40.694+0000] {dag.py:3722} INFO - Setting next_dagrun for Bronze_Layer to 2025-01-25T00:00:00+00:00, run_after=2025-01-26T00:00:00+00:00
[2025-01-26T14:04:40.721+0000] {processor.py:179} INFO - Processing /opt/airflow/dags/bronze_layer.py took 0.718 seconds
[2025-01-26T14:05:11.251+0000] {processor.py:157} INFO - Started process (PID=2901) to work on /opt/airflow/dags/bronze_layer.py
[2025-01-26T14:05:11.252+0000] {processor.py:829} INFO - Processing file /opt/airflow/dags/bronze_layer.py for tasks to queue
[2025-01-26T14:05:11.253+0000] {logging_mixin.py:154} INFO - [2025-01-26T14:05:11.253+0000] {dagbag.py:536} INFO - Filling up the DagBag from /opt/airflow/dags/bronze_layer.py
[2025-01-26T14:05:11.928+0000] {processor.py:839} INFO - DAG(s) dict_keys(['Bronze_Layer']) retrieved from /opt/airflow/dags/bronze_layer.py
[2025-01-26T14:05:11.970+0000] {logging_mixin.py:154} INFO - [2025-01-26T14:05:11.969+0000] {dag.py:2941} INFO - Sync 1 DAGs
[2025-01-26T14:05:12.008+0000] {logging_mixin.py:154} INFO - [2025-01-26T14:05:12.007+0000] {dag.py:3722} INFO - Setting next_dagrun for Bronze_Layer to 2025-01-25T00:00:00+00:00, run_after=2025-01-26T00:00:00+00:00
[2025-01-26T14:05:12.045+0000] {processor.py:179} INFO - Processing /opt/airflow/dags/bronze_layer.py took 0.800 seconds
[2025-01-26T14:05:42.554+0000] {processor.py:157} INFO - Started process (PID=2939) to work on /opt/airflow/dags/bronze_layer.py
[2025-01-26T14:05:42.555+0000] {processor.py:829} INFO - Processing file /opt/airflow/dags/bronze_layer.py for tasks to queue
[2025-01-26T14:05:42.556+0000] {logging_mixin.py:154} INFO - [2025-01-26T14:05:42.555+0000] {dagbag.py:536} INFO - Filling up the DagBag from /opt/airflow/dags/bronze_layer.py
[2025-01-26T14:05:43.055+0000] {processor.py:839} INFO - DAG(s) dict_keys(['Bronze_Layer']) retrieved from /opt/airflow/dags/bronze_layer.py
[2025-01-26T14:05:43.077+0000] {logging_mixin.py:154} INFO - [2025-01-26T14:05:43.076+0000] {dag.py:2941} INFO - Sync 1 DAGs
[2025-01-26T14:05:43.099+0000] {logging_mixin.py:154} INFO - [2025-01-26T14:05:43.098+0000] {dag.py:3722} INFO - Setting next_dagrun for Bronze_Layer to 2025-01-25T00:00:00+00:00, run_after=2025-01-26T00:00:00+00:00
[2025-01-26T14:05:43.121+0000] {processor.py:179} INFO - Processing /opt/airflow/dags/bronze_layer.py took 0.570 seconds
[2025-01-26T14:06:13.857+0000] {processor.py:157} INFO - Started process (PID=2977) to work on /opt/airflow/dags/bronze_layer.py
[2025-01-26T14:06:13.858+0000] {processor.py:829} INFO - Processing file /opt/airflow/dags/bronze_layer.py for tasks to queue
[2025-01-26T14:06:13.859+0000] {logging_mixin.py:154} INFO - [2025-01-26T14:06:13.859+0000] {dagbag.py:536} INFO - Filling up the DagBag from /opt/airflow/dags/bronze_layer.py
[2025-01-26T14:06:14.336+0000] {processor.py:839} INFO - DAG(s) dict_keys(['Bronze_Layer']) retrieved from /opt/airflow/dags/bronze_layer.py
[2025-01-26T14:06:14.360+0000] {logging_mixin.py:154} INFO - [2025-01-26T14:06:14.360+0000] {dag.py:2941} INFO - Sync 1 DAGs
[2025-01-26T14:06:14.384+0000] {logging_mixin.py:154} INFO - [2025-01-26T14:06:14.383+0000] {dag.py:3722} INFO - Setting next_dagrun for Bronze_Layer to 2025-01-25T00:00:00+00:00, run_after=2025-01-26T00:00:00+00:00
[2025-01-26T14:06:14.406+0000] {processor.py:179} INFO - Processing /opt/airflow/dags/bronze_layer.py took 0.552 seconds
[2025-01-26T14:06:44.987+0000] {processor.py:157} INFO - Started process (PID=3015) to work on /opt/airflow/dags/bronze_layer.py
[2025-01-26T14:06:44.988+0000] {processor.py:829} INFO - Processing file /opt/airflow/dags/bronze_layer.py for tasks to queue
[2025-01-26T14:06:44.989+0000] {logging_mixin.py:154} INFO - [2025-01-26T14:06:44.989+0000] {dagbag.py:536} INFO - Filling up the DagBag from /opt/airflow/dags/bronze_layer.py
[2025-01-26T14:06:45.436+0000] {processor.py:839} INFO - DAG(s) dict_keys(['Bronze_Layer']) retrieved from /opt/airflow/dags/bronze_layer.py
[2025-01-26T14:06:45.459+0000] {logging_mixin.py:154} INFO - [2025-01-26T14:06:45.458+0000] {dag.py:2941} INFO - Sync 1 DAGs
[2025-01-26T14:06:45.478+0000] {logging_mixin.py:154} INFO - [2025-01-26T14:06:45.477+0000] {dag.py:3722} INFO - Setting next_dagrun for Bronze_Layer to 2025-01-25T00:00:00+00:00, run_after=2025-01-26T00:00:00+00:00
[2025-01-26T14:06:45.497+0000] {processor.py:179} INFO - Processing /opt/airflow/dags/bronze_layer.py took 0.513 seconds
[2025-01-26T14:07:15.714+0000] {processor.py:157} INFO - Started process (PID=3053) to work on /opt/airflow/dags/bronze_layer.py
[2025-01-26T14:07:15.715+0000] {processor.py:829} INFO - Processing file /opt/airflow/dags/bronze_layer.py for tasks to queue
[2025-01-26T14:07:15.715+0000] {logging_mixin.py:154} INFO - [2025-01-26T14:07:15.715+0000] {dagbag.py:536} INFO - Filling up the DagBag from /opt/airflow/dags/bronze_layer.py
[2025-01-26T14:07:16.147+0000] {processor.py:839} INFO - DAG(s) dict_keys(['Bronze_Layer']) retrieved from /opt/airflow/dags/bronze_layer.py
[2025-01-26T14:07:16.168+0000] {logging_mixin.py:154} INFO - [2025-01-26T14:07:16.167+0000] {dag.py:2941} INFO - Sync 1 DAGs
[2025-01-26T14:07:16.187+0000] {logging_mixin.py:154} INFO - [2025-01-26T14:07:16.187+0000] {dag.py:3722} INFO - Setting next_dagrun for Bronze_Layer to 2025-01-25T00:00:00+00:00, run_after=2025-01-26T00:00:00+00:00
[2025-01-26T14:07:16.206+0000] {processor.py:179} INFO - Processing /opt/airflow/dags/bronze_layer.py took 0.495 seconds
[2025-01-26T14:07:46.815+0000] {processor.py:157} INFO - Started process (PID=3089) to work on /opt/airflow/dags/bronze_layer.py
[2025-01-26T14:07:46.816+0000] {processor.py:829} INFO - Processing file /opt/airflow/dags/bronze_layer.py for tasks to queue
[2025-01-26T14:07:46.817+0000] {logging_mixin.py:154} INFO - [2025-01-26T14:07:46.817+0000] {dagbag.py:536} INFO - Filling up the DagBag from /opt/airflow/dags/bronze_layer.py
[2025-01-26T14:07:47.314+0000] {processor.py:839} INFO - DAG(s) dict_keys(['Bronze_Layer']) retrieved from /opt/airflow/dags/bronze_layer.py
[2025-01-26T14:07:47.334+0000] {logging_mixin.py:154} INFO - [2025-01-26T14:07:47.334+0000] {dag.py:2941} INFO - Sync 1 DAGs
[2025-01-26T14:07:47.355+0000] {logging_mixin.py:154} INFO - [2025-01-26T14:07:47.355+0000] {dag.py:3722} INFO - Setting next_dagrun for Bronze_Layer to 2025-01-25T00:00:00+00:00, run_after=2025-01-26T00:00:00+00:00
[2025-01-26T14:07:47.375+0000] {processor.py:179} INFO - Processing /opt/airflow/dags/bronze_layer.py took 0.563 seconds
[2025-01-26T14:08:18.037+0000] {processor.py:157} INFO - Started process (PID=3129) to work on /opt/airflow/dags/bronze_layer.py
[2025-01-26T14:08:18.038+0000] {processor.py:829} INFO - Processing file /opt/airflow/dags/bronze_layer.py for tasks to queue
[2025-01-26T14:08:18.039+0000] {logging_mixin.py:154} INFO - [2025-01-26T14:08:18.038+0000] {dagbag.py:536} INFO - Filling up the DagBag from /opt/airflow/dags/bronze_layer.py
[2025-01-26T14:08:18.558+0000] {processor.py:839} INFO - DAG(s) dict_keys(['Bronze_Layer']) retrieved from /opt/airflow/dags/bronze_layer.py
[2025-01-26T14:08:18.580+0000] {logging_mixin.py:154} INFO - [2025-01-26T14:08:18.579+0000] {dag.py:2941} INFO - Sync 1 DAGs
[2025-01-26T14:08:18.602+0000] {logging_mixin.py:154} INFO - [2025-01-26T14:08:18.602+0000] {dag.py:3722} INFO - Setting next_dagrun for Bronze_Layer to 2025-01-25T00:00:00+00:00, run_after=2025-01-26T00:00:00+00:00
[2025-01-26T14:08:18.619+0000] {processor.py:179} INFO - Processing /opt/airflow/dags/bronze_layer.py took 0.586 seconds
[2025-01-26T14:08:49.001+0000] {processor.py:157} INFO - Started process (PID=3167) to work on /opt/airflow/dags/bronze_layer.py
[2025-01-26T14:08:49.002+0000] {processor.py:829} INFO - Processing file /opt/airflow/dags/bronze_layer.py for tasks to queue
[2025-01-26T14:08:49.003+0000] {logging_mixin.py:154} INFO - [2025-01-26T14:08:49.003+0000] {dagbag.py:536} INFO - Filling up the DagBag from /opt/airflow/dags/bronze_layer.py
[2025-01-26T14:08:49.444+0000] {processor.py:839} INFO - DAG(s) dict_keys(['Bronze_Layer']) retrieved from /opt/airflow/dags/bronze_layer.py
[2025-01-26T14:08:49.464+0000] {logging_mixin.py:154} INFO - [2025-01-26T14:08:49.464+0000] {dag.py:2941} INFO - Sync 1 DAGs
[2025-01-26T14:08:49.483+0000] {logging_mixin.py:154} INFO - [2025-01-26T14:08:49.483+0000] {dag.py:3722} INFO - Setting next_dagrun for Bronze_Layer to 2025-01-25T00:00:00+00:00, run_after=2025-01-26T00:00:00+00:00
[2025-01-26T14:08:49.502+0000] {processor.py:179} INFO - Processing /opt/airflow/dags/bronze_layer.py took 0.504 seconds
[2025-01-26T14:09:20.198+0000] {processor.py:157} INFO - Started process (PID=3205) to work on /opt/airflow/dags/bronze_layer.py
[2025-01-26T14:09:20.199+0000] {processor.py:829} INFO - Processing file /opt/airflow/dags/bronze_layer.py for tasks to queue
[2025-01-26T14:09:20.200+0000] {logging_mixin.py:154} INFO - [2025-01-26T14:09:20.200+0000] {dagbag.py:536} INFO - Filling up the DagBag from /opt/airflow/dags/bronze_layer.py
[2025-01-26T14:09:20.645+0000] {processor.py:839} INFO - DAG(s) dict_keys(['Bronze_Layer']) retrieved from /opt/airflow/dags/bronze_layer.py
[2025-01-26T14:09:20.666+0000] {logging_mixin.py:154} INFO - [2025-01-26T14:09:20.666+0000] {dag.py:2941} INFO - Sync 1 DAGs
[2025-01-26T14:09:20.684+0000] {logging_mixin.py:154} INFO - [2025-01-26T14:09:20.684+0000] {dag.py:3722} INFO - Setting next_dagrun for Bronze_Layer to 2025-01-25T00:00:00+00:00, run_after=2025-01-26T00:00:00+00:00
[2025-01-26T14:09:20.702+0000] {processor.py:179} INFO - Processing /opt/airflow/dags/bronze_layer.py took 0.507 seconds
[2025-01-26T14:09:51.373+0000] {processor.py:157} INFO - Started process (PID=3241) to work on /opt/airflow/dags/bronze_layer.py
[2025-01-26T14:09:51.374+0000] {processor.py:829} INFO - Processing file /opt/airflow/dags/bronze_layer.py for tasks to queue
[2025-01-26T14:09:51.375+0000] {logging_mixin.py:154} INFO - [2025-01-26T14:09:51.374+0000] {dagbag.py:536} INFO - Filling up the DagBag from /opt/airflow/dags/bronze_layer.py
[2025-01-26T14:09:51.828+0000] {processor.py:839} INFO - DAG(s) dict_keys(['Bronze_Layer']) retrieved from /opt/airflow/dags/bronze_layer.py
[2025-01-26T14:09:51.851+0000] {logging_mixin.py:154} INFO - [2025-01-26T14:09:51.851+0000] {dag.py:2941} INFO - Sync 1 DAGs
[2025-01-26T14:09:51.873+0000] {logging_mixin.py:154} INFO - [2025-01-26T14:09:51.873+0000] {dag.py:3722} INFO - Setting next_dagrun for Bronze_Layer to 2025-01-25T00:00:00+00:00, run_after=2025-01-26T00:00:00+00:00
[2025-01-26T14:09:51.893+0000] {processor.py:179} INFO - Processing /opt/airflow/dags/bronze_layer.py took 0.523 seconds
[2025-01-26T14:10:22.620+0000] {processor.py:157} INFO - Started process (PID=3276) to work on /opt/airflow/dags/bronze_layer.py
[2025-01-26T14:10:22.621+0000] {processor.py:829} INFO - Processing file /opt/airflow/dags/bronze_layer.py for tasks to queue
[2025-01-26T14:10:22.622+0000] {logging_mixin.py:154} INFO - [2025-01-26T14:10:22.622+0000] {dagbag.py:536} INFO - Filling up the DagBag from /opt/airflow/dags/bronze_layer.py
[2025-01-26T14:10:23.103+0000] {processor.py:839} INFO - DAG(s) dict_keys(['Bronze_Layer']) retrieved from /opt/airflow/dags/bronze_layer.py
[2025-01-26T14:10:23.126+0000] {logging_mixin.py:154} INFO - [2025-01-26T14:10:23.126+0000] {dag.py:2941} INFO - Sync 1 DAGs
[2025-01-26T14:10:23.147+0000] {logging_mixin.py:154} INFO - [2025-01-26T14:10:23.146+0000] {dag.py:3722} INFO - Setting next_dagrun for Bronze_Layer to 2025-01-25T00:00:00+00:00, run_after=2025-01-26T00:00:00+00:00
[2025-01-26T14:10:23.167+0000] {processor.py:179} INFO - Processing /opt/airflow/dags/bronze_layer.py took 0.550 seconds
[2025-01-26T14:10:53.549+0000] {processor.py:157} INFO - Started process (PID=3319) to work on /opt/airflow/dags/bronze_layer.py
[2025-01-26T14:10:53.550+0000] {processor.py:829} INFO - Processing file /opt/airflow/dags/bronze_layer.py for tasks to queue
[2025-01-26T14:10:53.551+0000] {logging_mixin.py:154} INFO - [2025-01-26T14:10:53.551+0000] {dagbag.py:536} INFO - Filling up the DagBag from /opt/airflow/dags/bronze_layer.py
[2025-01-26T14:10:54.075+0000] {processor.py:839} INFO - DAG(s) dict_keys(['Bronze_Layer']) retrieved from /opt/airflow/dags/bronze_layer.py
[2025-01-26T14:10:54.095+0000] {logging_mixin.py:154} INFO - [2025-01-26T14:10:54.095+0000] {dag.py:2941} INFO - Sync 1 DAGs
[2025-01-26T14:10:54.116+0000] {logging_mixin.py:154} INFO - [2025-01-26T14:10:54.116+0000] {dag.py:3722} INFO - Setting next_dagrun for Bronze_Layer to 2025-01-25T00:00:00+00:00, run_after=2025-01-26T00:00:00+00:00
[2025-01-26T14:10:54.135+0000] {processor.py:179} INFO - Processing /opt/airflow/dags/bronze_layer.py took 0.590 seconds
[2025-01-26T14:11:24.915+0000] {processor.py:157} INFO - Started process (PID=3360) to work on /opt/airflow/dags/bronze_layer.py
[2025-01-26T14:11:24.916+0000] {processor.py:829} INFO - Processing file /opt/airflow/dags/bronze_layer.py for tasks to queue
[2025-01-26T14:11:24.917+0000] {logging_mixin.py:154} INFO - [2025-01-26T14:11:24.917+0000] {dagbag.py:536} INFO - Filling up the DagBag from /opt/airflow/dags/bronze_layer.py
[2025-01-26T14:11:25.428+0000] {processor.py:839} INFO - DAG(s) dict_keys(['Bronze_Layer']) retrieved from /opt/airflow/dags/bronze_layer.py
[2025-01-26T14:11:25.447+0000] {logging_mixin.py:154} INFO - [2025-01-26T14:11:25.447+0000] {dag.py:2941} INFO - Sync 1 DAGs
[2025-01-26T14:11:25.467+0000] {logging_mixin.py:154} INFO - [2025-01-26T14:11:25.467+0000] {dag.py:3722} INFO - Setting next_dagrun for Bronze_Layer to 2025-01-25T00:00:00+00:00, run_after=2025-01-26T00:00:00+00:00
[2025-01-26T14:11:25.488+0000] {processor.py:179} INFO - Processing /opt/airflow/dags/bronze_layer.py took 0.576 seconds
[2025-01-26T14:11:55.604+0000] {processor.py:157} INFO - Started process (PID=3397) to work on /opt/airflow/dags/bronze_layer.py
[2025-01-26T14:11:55.605+0000] {processor.py:829} INFO - Processing file /opt/airflow/dags/bronze_layer.py for tasks to queue
[2025-01-26T14:11:55.606+0000] {logging_mixin.py:154} INFO - [2025-01-26T14:11:55.606+0000] {dagbag.py:536} INFO - Filling up the DagBag from /opt/airflow/dags/bronze_layer.py
[2025-01-26T14:11:56.148+0000] {processor.py:839} INFO - DAG(s) dict_keys(['Bronze_Layer']) retrieved from /opt/airflow/dags/bronze_layer.py
[2025-01-26T14:11:56.170+0000] {logging_mixin.py:154} INFO - [2025-01-26T14:11:56.170+0000] {dag.py:2941} INFO - Sync 1 DAGs
[2025-01-26T14:11:56.191+0000] {logging_mixin.py:154} INFO - [2025-01-26T14:11:56.191+0000] {dag.py:3722} INFO - Setting next_dagrun for Bronze_Layer to 2025-01-25T00:00:00+00:00, run_after=2025-01-26T00:00:00+00:00
[2025-01-26T14:11:56.212+0000] {processor.py:179} INFO - Processing /opt/airflow/dags/bronze_layer.py took 0.612 seconds
[2025-01-26T14:12:26.358+0000] {processor.py:157} INFO - Started process (PID=3435) to work on /opt/airflow/dags/bronze_layer.py
[2025-01-26T14:12:26.359+0000] {processor.py:829} INFO - Processing file /opt/airflow/dags/bronze_layer.py for tasks to queue
[2025-01-26T14:12:26.360+0000] {logging_mixin.py:154} INFO - [2025-01-26T14:12:26.359+0000] {dagbag.py:536} INFO - Filling up the DagBag from /opt/airflow/dags/bronze_layer.py
[2025-01-26T14:12:26.838+0000] {processor.py:839} INFO - DAG(s) dict_keys(['Bronze_Layer']) retrieved from /opt/airflow/dags/bronze_layer.py
[2025-01-26T14:12:26.866+0000] {logging_mixin.py:154} INFO - [2025-01-26T14:12:26.865+0000] {dag.py:2941} INFO - Sync 1 DAGs
[2025-01-26T14:12:26.891+0000] {logging_mixin.py:154} INFO - [2025-01-26T14:12:26.891+0000] {dag.py:3722} INFO - Setting next_dagrun for Bronze_Layer to 2025-01-25T00:00:00+00:00, run_after=2025-01-26T00:00:00+00:00
[2025-01-26T14:12:26.910+0000] {processor.py:179} INFO - Processing /opt/airflow/dags/bronze_layer.py took 0.556 seconds
[2025-01-26T14:12:57.094+0000] {processor.py:157} INFO - Started process (PID=3473) to work on /opt/airflow/dags/bronze_layer.py
[2025-01-26T14:12:57.095+0000] {processor.py:829} INFO - Processing file /opt/airflow/dags/bronze_layer.py for tasks to queue
[2025-01-26T14:12:57.096+0000] {logging_mixin.py:154} INFO - [2025-01-26T14:12:57.096+0000] {dagbag.py:536} INFO - Filling up the DagBag from /opt/airflow/dags/bronze_layer.py
[2025-01-26T14:12:57.677+0000] {processor.py:839} INFO - DAG(s) dict_keys(['Bronze_Layer']) retrieved from /opt/airflow/dags/bronze_layer.py
[2025-01-26T14:12:57.701+0000] {logging_mixin.py:154} INFO - [2025-01-26T14:12:57.701+0000] {dag.py:2941} INFO - Sync 1 DAGs
[2025-01-26T14:12:57.725+0000] {logging_mixin.py:154} INFO - [2025-01-26T14:12:57.725+0000] {dag.py:3722} INFO - Setting next_dagrun for Bronze_Layer to 2025-01-25T00:00:00+00:00, run_after=2025-01-26T00:00:00+00:00
[2025-01-26T14:12:57.746+0000] {processor.py:179} INFO - Processing /opt/airflow/dags/bronze_layer.py took 0.656 seconds
[2025-01-26T14:13:27.901+0000] {processor.py:157} INFO - Started process (PID=3511) to work on /opt/airflow/dags/bronze_layer.py
[2025-01-26T14:13:27.902+0000] {processor.py:829} INFO - Processing file /opt/airflow/dags/bronze_layer.py for tasks to queue
[2025-01-26T14:13:27.903+0000] {logging_mixin.py:154} INFO - [2025-01-26T14:13:27.903+0000] {dagbag.py:536} INFO - Filling up the DagBag from /opt/airflow/dags/bronze_layer.py
[2025-01-26T14:13:28.387+0000] {processor.py:839} INFO - DAG(s) dict_keys(['Bronze_Layer']) retrieved from /opt/airflow/dags/bronze_layer.py
[2025-01-26T14:13:28.408+0000] {logging_mixin.py:154} INFO - [2025-01-26T14:13:28.407+0000] {dag.py:2941} INFO - Sync 1 DAGs
[2025-01-26T14:13:28.430+0000] {logging_mixin.py:154} INFO - [2025-01-26T14:13:28.430+0000] {dag.py:3722} INFO - Setting next_dagrun for Bronze_Layer to 2025-01-25T00:00:00+00:00, run_after=2025-01-26T00:00:00+00:00
[2025-01-26T14:13:28.450+0000] {processor.py:179} INFO - Processing /opt/airflow/dags/bronze_layer.py took 0.552 seconds
[2025-01-26T14:13:58.901+0000] {processor.py:157} INFO - Started process (PID=3549) to work on /opt/airflow/dags/bronze_layer.py
[2025-01-26T14:13:58.903+0000] {processor.py:829} INFO - Processing file /opt/airflow/dags/bronze_layer.py for tasks to queue
[2025-01-26T14:13:58.905+0000] {logging_mixin.py:154} INFO - [2025-01-26T14:13:58.904+0000] {dagbag.py:536} INFO - Filling up the DagBag from /opt/airflow/dags/bronze_layer.py
[2025-01-26T14:13:59.462+0000] {processor.py:839} INFO - DAG(s) dict_keys(['Bronze_Layer']) retrieved from /opt/airflow/dags/bronze_layer.py
[2025-01-26T14:13:59.482+0000] {logging_mixin.py:154} INFO - [2025-01-26T14:13:59.481+0000] {dag.py:2941} INFO - Sync 1 DAGs
[2025-01-26T14:13:59.503+0000] {logging_mixin.py:154} INFO - [2025-01-26T14:13:59.502+0000] {dag.py:3722} INFO - Setting next_dagrun for Bronze_Layer to 2025-01-25T00:00:00+00:00, run_after=2025-01-26T00:00:00+00:00
[2025-01-26T14:13:59.532+0000] {processor.py:179} INFO - Processing /opt/airflow/dags/bronze_layer.py took 0.638 seconds
[2025-01-26T14:14:29.754+0000] {processor.py:157} INFO - Started process (PID=3587) to work on /opt/airflow/dags/bronze_layer.py
[2025-01-26T14:14:29.756+0000] {processor.py:829} INFO - Processing file /opt/airflow/dags/bronze_layer.py for tasks to queue
[2025-01-26T14:14:29.757+0000] {logging_mixin.py:154} INFO - [2025-01-26T14:14:29.756+0000] {dagbag.py:536} INFO - Filling up the DagBag from /opt/airflow/dags/bronze_layer.py
[2025-01-26T14:14:30.254+0000] {processor.py:839} INFO - DAG(s) dict_keys(['Bronze_Layer']) retrieved from /opt/airflow/dags/bronze_layer.py
[2025-01-26T14:14:30.278+0000] {logging_mixin.py:154} INFO - [2025-01-26T14:14:30.278+0000] {dag.py:2941} INFO - Sync 1 DAGs
[2025-01-26T14:14:30.301+0000] {logging_mixin.py:154} INFO - [2025-01-26T14:14:30.300+0000] {dag.py:3722} INFO - Setting next_dagrun for Bronze_Layer to 2025-01-25T00:00:00+00:00, run_after=2025-01-26T00:00:00+00:00
[2025-01-26T14:14:30.321+0000] {processor.py:179} INFO - Processing /opt/airflow/dags/bronze_layer.py took 0.570 seconds
[2025-01-26T14:15:00.571+0000] {processor.py:157} INFO - Started process (PID=3625) to work on /opt/airflow/dags/bronze_layer.py
[2025-01-26T14:15:00.572+0000] {processor.py:829} INFO - Processing file /opt/airflow/dags/bronze_layer.py for tasks to queue
[2025-01-26T14:15:00.574+0000] {logging_mixin.py:154} INFO - [2025-01-26T14:15:00.573+0000] {dagbag.py:536} INFO - Filling up the DagBag from /opt/airflow/dags/bronze_layer.py
[2025-01-26T14:15:01.180+0000] {processor.py:839} INFO - DAG(s) dict_keys(['Bronze_Layer']) retrieved from /opt/airflow/dags/bronze_layer.py
[2025-01-26T14:15:01.204+0000] {logging_mixin.py:154} INFO - [2025-01-26T14:15:01.204+0000] {dag.py:2941} INFO - Sync 1 DAGs
[2025-01-26T14:15:01.230+0000] {logging_mixin.py:154} INFO - [2025-01-26T14:15:01.229+0000] {dag.py:3722} INFO - Setting next_dagrun for Bronze_Layer to 2025-01-25T00:00:00+00:00, run_after=2025-01-26T00:00:00+00:00
[2025-01-26T14:15:01.252+0000] {processor.py:179} INFO - Processing /opt/airflow/dags/bronze_layer.py took 0.686 seconds
[2025-01-26T14:15:31.404+0000] {processor.py:157} INFO - Started process (PID=3663) to work on /opt/airflow/dags/bronze_layer.py
[2025-01-26T14:15:31.405+0000] {processor.py:829} INFO - Processing file /opt/airflow/dags/bronze_layer.py for tasks to queue
[2025-01-26T14:15:31.406+0000] {logging_mixin.py:154} INFO - [2025-01-26T14:15:31.406+0000] {dagbag.py:536} INFO - Filling up the DagBag from /opt/airflow/dags/bronze_layer.py
[2025-01-26T14:15:31.910+0000] {processor.py:839} INFO - DAG(s) dict_keys(['Bronze_Layer']) retrieved from /opt/airflow/dags/bronze_layer.py
[2025-01-26T14:15:31.936+0000] {logging_mixin.py:154} INFO - [2025-01-26T14:15:31.936+0000] {dag.py:2941} INFO - Sync 1 DAGs
[2025-01-26T14:15:31.961+0000] {logging_mixin.py:154} INFO - [2025-01-26T14:15:31.961+0000] {dag.py:3722} INFO - Setting next_dagrun for Bronze_Layer to 2025-01-25T00:00:00+00:00, run_after=2025-01-26T00:00:00+00:00
[2025-01-26T14:15:31.979+0000] {processor.py:179} INFO - Processing /opt/airflow/dags/bronze_layer.py took 0.577 seconds
[2025-01-26T14:16:02.296+0000] {processor.py:157} INFO - Started process (PID=3707) to work on /opt/airflow/dags/bronze_layer.py
[2025-01-26T14:16:02.297+0000] {processor.py:829} INFO - Processing file /opt/airflow/dags/bronze_layer.py for tasks to queue
[2025-01-26T14:16:02.298+0000] {logging_mixin.py:154} INFO - [2025-01-26T14:16:02.298+0000] {dagbag.py:536} INFO - Filling up the DagBag from /opt/airflow/dags/bronze_layer.py
[2025-01-26T14:16:02.784+0000] {processor.py:839} INFO - DAG(s) dict_keys(['Bronze_Layer']) retrieved from /opt/airflow/dags/bronze_layer.py
[2025-01-26T14:16:02.804+0000] {logging_mixin.py:154} INFO - [2025-01-26T14:16:02.803+0000] {dag.py:2941} INFO - Sync 1 DAGs
[2025-01-26T14:16:02.825+0000] {logging_mixin.py:154} INFO - [2025-01-26T14:16:02.825+0000] {dag.py:3722} INFO - Setting next_dagrun for Bronze_Layer to 2025-01-25T00:00:00+00:00, run_after=2025-01-26T00:00:00+00:00
[2025-01-26T14:16:02.842+0000] {processor.py:179} INFO - Processing /opt/airflow/dags/bronze_layer.py took 0.549 seconds
[2025-01-26T14:16:33.565+0000] {processor.py:157} INFO - Started process (PID=3747) to work on /opt/airflow/dags/bronze_layer.py
[2025-01-26T14:16:33.567+0000] {processor.py:829} INFO - Processing file /opt/airflow/dags/bronze_layer.py for tasks to queue
[2025-01-26T14:16:33.568+0000] {logging_mixin.py:154} INFO - [2025-01-26T14:16:33.568+0000] {dagbag.py:536} INFO - Filling up the DagBag from /opt/airflow/dags/bronze_layer.py
[2025-01-26T14:16:34.176+0000] {processor.py:839} INFO - DAG(s) dict_keys(['Bronze_Layer']) retrieved from /opt/airflow/dags/bronze_layer.py
[2025-01-26T14:16:34.201+0000] {logging_mixin.py:154} INFO - [2025-01-26T14:16:34.200+0000] {dag.py:2941} INFO - Sync 1 DAGs
[2025-01-26T14:16:34.225+0000] {logging_mixin.py:154} INFO - [2025-01-26T14:16:34.225+0000] {dag.py:3722} INFO - Setting next_dagrun for Bronze_Layer to 2025-01-25T00:00:00+00:00, run_after=2025-01-26T00:00:00+00:00
[2025-01-26T14:16:34.245+0000] {processor.py:179} INFO - Processing /opt/airflow/dags/bronze_layer.py took 0.683 seconds
[2025-01-26T14:17:05.106+0000] {processor.py:157} INFO - Started process (PID=3790) to work on /opt/airflow/dags/bronze_layer.py
[2025-01-26T14:17:05.108+0000] {processor.py:829} INFO - Processing file /opt/airflow/dags/bronze_layer.py for tasks to queue
[2025-01-26T14:17:05.109+0000] {logging_mixin.py:154} INFO - [2025-01-26T14:17:05.109+0000] {dagbag.py:536} INFO - Filling up the DagBag from /opt/airflow/dags/bronze_layer.py
[2025-01-26T14:17:05.667+0000] {processor.py:839} INFO - DAG(s) dict_keys(['Bronze_Layer']) retrieved from /opt/airflow/dags/bronze_layer.py
[2025-01-26T14:17:05.690+0000] {logging_mixin.py:154} INFO - [2025-01-26T14:17:05.689+0000] {dag.py:2941} INFO - Sync 1 DAGs
[2025-01-26T14:17:05.711+0000] {logging_mixin.py:154} INFO - [2025-01-26T14:17:05.711+0000] {dag.py:3722} INFO - Setting next_dagrun for Bronze_Layer to 2025-01-25T00:00:00+00:00, run_after=2025-01-26T00:00:00+00:00
[2025-01-26T14:17:05.731+0000] {processor.py:179} INFO - Processing /opt/airflow/dags/bronze_layer.py took 0.629 seconds
[2025-01-26T14:17:36.070+0000] {processor.py:157} INFO - Started process (PID=3828) to work on /opt/airflow/dags/bronze_layer.py
[2025-01-26T14:17:36.071+0000] {processor.py:829} INFO - Processing file /opt/airflow/dags/bronze_layer.py for tasks to queue
[2025-01-26T14:17:36.072+0000] {logging_mixin.py:154} INFO - [2025-01-26T14:17:36.072+0000] {dagbag.py:536} INFO - Filling up the DagBag from /opt/airflow/dags/bronze_layer.py
[2025-01-26T14:17:36.600+0000] {processor.py:839} INFO - DAG(s) dict_keys(['Bronze_Layer']) retrieved from /opt/airflow/dags/bronze_layer.py
[2025-01-26T14:17:36.622+0000] {logging_mixin.py:154} INFO - [2025-01-26T14:17:36.622+0000] {dag.py:2941} INFO - Sync 1 DAGs
[2025-01-26T14:17:36.650+0000] {logging_mixin.py:154} INFO - [2025-01-26T14:17:36.650+0000] {dag.py:3722} INFO - Setting next_dagrun for Bronze_Layer to 2025-01-25T00:00:00+00:00, run_after=2025-01-26T00:00:00+00:00
[2025-01-26T14:17:36.669+0000] {processor.py:179} INFO - Processing /opt/airflow/dags/bronze_layer.py took 0.602 seconds
[2025-01-26T14:18:07.455+0000] {processor.py:157} INFO - Started process (PID=3866) to work on /opt/airflow/dags/bronze_layer.py
[2025-01-26T14:18:07.456+0000] {processor.py:829} INFO - Processing file /opt/airflow/dags/bronze_layer.py for tasks to queue
[2025-01-26T14:18:07.457+0000] {logging_mixin.py:154} INFO - [2025-01-26T14:18:07.457+0000] {dagbag.py:536} INFO - Filling up the DagBag from /opt/airflow/dags/bronze_layer.py
[2025-01-26T14:18:07.966+0000] {processor.py:839} INFO - DAG(s) dict_keys(['Bronze_Layer']) retrieved from /opt/airflow/dags/bronze_layer.py
[2025-01-26T14:18:07.989+0000] {logging_mixin.py:154} INFO - [2025-01-26T14:18:07.988+0000] {dag.py:2941} INFO - Sync 1 DAGs
[2025-01-26T14:18:08.013+0000] {logging_mixin.py:154} INFO - [2025-01-26T14:18:08.013+0000] {dag.py:3722} INFO - Setting next_dagrun for Bronze_Layer to 2025-01-25T00:00:00+00:00, run_after=2025-01-26T00:00:00+00:00
[2025-01-26T14:18:08.032+0000] {processor.py:179} INFO - Processing /opt/airflow/dags/bronze_layer.py took 0.580 seconds
[2025-01-26T14:18:38.735+0000] {processor.py:157} INFO - Started process (PID=3904) to work on /opt/airflow/dags/bronze_layer.py
[2025-01-26T14:18:38.736+0000] {processor.py:829} INFO - Processing file /opt/airflow/dags/bronze_layer.py for tasks to queue
[2025-01-26T14:18:38.738+0000] {logging_mixin.py:154} INFO - [2025-01-26T14:18:38.737+0000] {dagbag.py:536} INFO - Filling up the DagBag from /opt/airflow/dags/bronze_layer.py
[2025-01-26T14:18:39.189+0000] {processor.py:839} INFO - DAG(s) dict_keys(['Bronze_Layer']) retrieved from /opt/airflow/dags/bronze_layer.py
[2025-01-26T14:18:39.208+0000] {logging_mixin.py:154} INFO - [2025-01-26T14:18:39.207+0000] {dag.py:2941} INFO - Sync 1 DAGs
[2025-01-26T14:18:39.226+0000] {logging_mixin.py:154} INFO - [2025-01-26T14:18:39.226+0000] {dag.py:3722} INFO - Setting next_dagrun for Bronze_Layer to 2025-01-25T00:00:00+00:00, run_after=2025-01-26T00:00:00+00:00
[2025-01-26T14:18:39.244+0000] {processor.py:179} INFO - Processing /opt/airflow/dags/bronze_layer.py took 0.511 seconds
[2025-01-26T14:19:09.434+0000] {processor.py:157} INFO - Started process (PID=3942) to work on /opt/airflow/dags/bronze_layer.py
[2025-01-26T14:19:09.435+0000] {processor.py:829} INFO - Processing file /opt/airflow/dags/bronze_layer.py for tasks to queue
[2025-01-26T14:19:09.436+0000] {logging_mixin.py:154} INFO - [2025-01-26T14:19:09.436+0000] {dagbag.py:536} INFO - Filling up the DagBag from /opt/airflow/dags/bronze_layer.py
[2025-01-26T14:19:09.946+0000] {processor.py:839} INFO - DAG(s) dict_keys(['Bronze_Layer']) retrieved from /opt/airflow/dags/bronze_layer.py
[2025-01-26T14:19:09.966+0000] {logging_mixin.py:154} INFO - [2025-01-26T14:19:09.966+0000] {dag.py:2941} INFO - Sync 1 DAGs
[2025-01-26T14:19:09.984+0000] {logging_mixin.py:154} INFO - [2025-01-26T14:19:09.983+0000] {dag.py:3722} INFO - Setting next_dagrun for Bronze_Layer to 2025-01-25T00:00:00+00:00, run_after=2025-01-26T00:00:00+00:00
[2025-01-26T14:19:10.001+0000] {processor.py:179} INFO - Processing /opt/airflow/dags/bronze_layer.py took 0.570 seconds
[2025-01-26T14:19:40.130+0000] {processor.py:157} INFO - Started process (PID=3980) to work on /opt/airflow/dags/bronze_layer.py
[2025-01-26T14:19:40.131+0000] {processor.py:829} INFO - Processing file /opt/airflow/dags/bronze_layer.py for tasks to queue
[2025-01-26T14:19:40.133+0000] {logging_mixin.py:154} INFO - [2025-01-26T14:19:40.132+0000] {dagbag.py:536} INFO - Filling up the DagBag from /opt/airflow/dags/bronze_layer.py
[2025-01-26T14:19:40.626+0000] {processor.py:839} INFO - DAG(s) dict_keys(['Bronze_Layer']) retrieved from /opt/airflow/dags/bronze_layer.py
[2025-01-26T14:19:40.648+0000] {logging_mixin.py:154} INFO - [2025-01-26T14:19:40.648+0000] {dag.py:2941} INFO - Sync 1 DAGs
[2025-01-26T14:19:40.670+0000] {logging_mixin.py:154} INFO - [2025-01-26T14:19:40.670+0000] {dag.py:3722} INFO - Setting next_dagrun for Bronze_Layer to 2025-01-25T00:00:00+00:00, run_after=2025-01-26T00:00:00+00:00
[2025-01-26T14:19:40.692+0000] {processor.py:179} INFO - Processing /opt/airflow/dags/bronze_layer.py took 0.565 seconds
[2025-01-26T14:20:11.480+0000] {processor.py:157} INFO - Started process (PID=4018) to work on /opt/airflow/dags/bronze_layer.py
[2025-01-26T14:20:11.481+0000] {processor.py:829} INFO - Processing file /opt/airflow/dags/bronze_layer.py for tasks to queue
[2025-01-26T14:20:11.482+0000] {logging_mixin.py:154} INFO - [2025-01-26T14:20:11.482+0000] {dagbag.py:536} INFO - Filling up the DagBag from /opt/airflow/dags/bronze_layer.py
[2025-01-26T14:20:11.986+0000] {processor.py:839} INFO - DAG(s) dict_keys(['Bronze_Layer']) retrieved from /opt/airflow/dags/bronze_layer.py
[2025-01-26T14:20:12.006+0000] {logging_mixin.py:154} INFO - [2025-01-26T14:20:12.005+0000] {dag.py:2941} INFO - Sync 1 DAGs
[2025-01-26T14:20:12.023+0000] {logging_mixin.py:154} INFO - [2025-01-26T14:20:12.022+0000] {dag.py:3722} INFO - Setting next_dagrun for Bronze_Layer to 2025-01-25T00:00:00+00:00, run_after=2025-01-26T00:00:00+00:00
[2025-01-26T14:20:12.042+0000] {processor.py:179} INFO - Processing /opt/airflow/dags/bronze_layer.py took 0.565 seconds
[2025-01-26T14:20:42.315+0000] {processor.py:157} INFO - Started process (PID=4056) to work on /opt/airflow/dags/bronze_layer.py
[2025-01-26T14:20:42.316+0000] {processor.py:829} INFO - Processing file /opt/airflow/dags/bronze_layer.py for tasks to queue
[2025-01-26T14:20:42.317+0000] {logging_mixin.py:154} INFO - [2025-01-26T14:20:42.317+0000] {dagbag.py:536} INFO - Filling up the DagBag from /opt/airflow/dags/bronze_layer.py
[2025-01-26T14:20:42.748+0000] {processor.py:839} INFO - DAG(s) dict_keys(['Bronze_Layer']) retrieved from /opt/airflow/dags/bronze_layer.py
[2025-01-26T14:20:42.769+0000] {logging_mixin.py:154} INFO - [2025-01-26T14:20:42.769+0000] {dag.py:2941} INFO - Sync 1 DAGs
[2025-01-26T14:20:42.786+0000] {logging_mixin.py:154} INFO - [2025-01-26T14:20:42.786+0000] {dag.py:3722} INFO - Setting next_dagrun for Bronze_Layer to 2025-01-25T00:00:00+00:00, run_after=2025-01-26T00:00:00+00:00
[2025-01-26T14:20:42.806+0000] {processor.py:179} INFO - Processing /opt/airflow/dags/bronze_layer.py took 0.493 seconds
[2025-01-26T14:21:12.888+0000] {processor.py:157} INFO - Started process (PID=4094) to work on /opt/airflow/dags/bronze_layer.py
[2025-01-26T14:21:12.890+0000] {processor.py:829} INFO - Processing file /opt/airflow/dags/bronze_layer.py for tasks to queue
[2025-01-26T14:21:12.891+0000] {logging_mixin.py:154} INFO - [2025-01-26T14:21:12.890+0000] {dagbag.py:536} INFO - Filling up the DagBag from /opt/airflow/dags/bronze_layer.py
[2025-01-26T14:21:13.328+0000] {processor.py:839} INFO - DAG(s) dict_keys(['Bronze_Layer']) retrieved from /opt/airflow/dags/bronze_layer.py
[2025-01-26T14:21:13.348+0000] {logging_mixin.py:154} INFO - [2025-01-26T14:21:13.348+0000] {dag.py:2941} INFO - Sync 1 DAGs
[2025-01-26T14:21:13.367+0000] {logging_mixin.py:154} INFO - [2025-01-26T14:21:13.366+0000] {dag.py:3722} INFO - Setting next_dagrun for Bronze_Layer to 2025-01-25T00:00:00+00:00, run_after=2025-01-26T00:00:00+00:00
[2025-01-26T14:21:13.398+0000] {processor.py:179} INFO - Processing /opt/airflow/dags/bronze_layer.py took 0.513 seconds
[2025-01-26T14:21:44.071+0000] {processor.py:157} INFO - Started process (PID=4130) to work on /opt/airflow/dags/bronze_layer.py
[2025-01-26T14:21:44.072+0000] {processor.py:829} INFO - Processing file /opt/airflow/dags/bronze_layer.py for tasks to queue
[2025-01-26T14:21:44.073+0000] {logging_mixin.py:154} INFO - [2025-01-26T14:21:44.072+0000] {dagbag.py:536} INFO - Filling up the DagBag from /opt/airflow/dags/bronze_layer.py
[2025-01-26T14:21:44.544+0000] {processor.py:839} INFO - DAG(s) dict_keys(['Bronze_Layer']) retrieved from /opt/airflow/dags/bronze_layer.py
[2025-01-26T14:21:44.564+0000] {logging_mixin.py:154} INFO - [2025-01-26T14:21:44.563+0000] {dag.py:2941} INFO - Sync 1 DAGs
[2025-01-26T14:21:44.584+0000] {logging_mixin.py:154} INFO - [2025-01-26T14:21:44.584+0000] {dag.py:3722} INFO - Setting next_dagrun for Bronze_Layer to 2025-01-25T00:00:00+00:00, run_after=2025-01-26T00:00:00+00:00
[2025-01-26T14:21:44.613+0000] {processor.py:179} INFO - Processing /opt/airflow/dags/bronze_layer.py took 0.546 seconds
[2025-01-26T14:22:14.698+0000] {processor.py:157} INFO - Started process (PID=4165) to work on /opt/airflow/dags/bronze_layer.py
[2025-01-26T14:22:14.699+0000] {processor.py:829} INFO - Processing file /opt/airflow/dags/bronze_layer.py for tasks to queue
[2025-01-26T14:22:14.700+0000] {logging_mixin.py:154} INFO - [2025-01-26T14:22:14.700+0000] {dagbag.py:536} INFO - Filling up the DagBag from /opt/airflow/dags/bronze_layer.py
[2025-01-26T14:22:15.203+0000] {processor.py:839} INFO - DAG(s) dict_keys(['Bronze_Layer']) retrieved from /opt/airflow/dags/bronze_layer.py
[2025-01-26T14:22:15.228+0000] {logging_mixin.py:154} INFO - [2025-01-26T14:22:15.227+0000] {dag.py:2941} INFO - Sync 1 DAGs
[2025-01-26T14:22:15.256+0000] {logging_mixin.py:154} INFO - [2025-01-26T14:22:15.256+0000] {dag.py:3722} INFO - Setting next_dagrun for Bronze_Layer to 2025-01-25T00:00:00+00:00, run_after=2025-01-26T00:00:00+00:00
[2025-01-26T14:22:15.280+0000] {processor.py:179} INFO - Processing /opt/airflow/dags/bronze_layer.py took 0.584 seconds
[2025-01-26T14:22:45.597+0000] {processor.py:157} INFO - Started process (PID=4203) to work on /opt/airflow/dags/bronze_layer.py
[2025-01-26T14:22:45.598+0000] {processor.py:829} INFO - Processing file /opt/airflow/dags/bronze_layer.py for tasks to queue
[2025-01-26T14:22:45.599+0000] {logging_mixin.py:154} INFO - [2025-01-26T14:22:45.598+0000] {dagbag.py:536} INFO - Filling up the DagBag from /opt/airflow/dags/bronze_layer.py
[2025-01-26T14:22:45.955+0000] {processor.py:839} INFO - DAG(s) dict_keys(['Bronze_Layer']) retrieved from /opt/airflow/dags/bronze_layer.py
[2025-01-26T14:22:45.977+0000] {logging_mixin.py:154} INFO - [2025-01-26T14:22:45.976+0000] {dag.py:2941} INFO - Sync 1 DAGs
[2025-01-26T14:22:46.000+0000] {logging_mixin.py:154} INFO - [2025-01-26T14:22:46.000+0000] {dag.py:3722} INFO - Setting next_dagrun for Bronze_Layer to 2025-01-25T00:00:00+00:00, run_after=2025-01-26T00:00:00+00:00
[2025-01-26T14:22:46.031+0000] {processor.py:179} INFO - Processing /opt/airflow/dags/bronze_layer.py took 0.437 seconds
[2025-01-26T14:23:16.104+0000] {processor.py:157} INFO - Started process (PID=4239) to work on /opt/airflow/dags/bronze_layer.py
[2025-01-26T14:23:16.105+0000] {processor.py:829} INFO - Processing file /opt/airflow/dags/bronze_layer.py for tasks to queue
[2025-01-26T14:23:16.106+0000] {logging_mixin.py:154} INFO - [2025-01-26T14:23:16.106+0000] {dagbag.py:536} INFO - Filling up the DagBag from /opt/airflow/dags/bronze_layer.py
[2025-01-26T14:23:16.496+0000] {processor.py:839} INFO - DAG(s) dict_keys(['Bronze_Layer']) retrieved from /opt/airflow/dags/bronze_layer.py
[2025-01-26T14:23:16.520+0000] {logging_mixin.py:154} INFO - [2025-01-26T14:23:16.520+0000] {dag.py:2941} INFO - Sync 1 DAGs
[2025-01-26T14:23:16.541+0000] {logging_mixin.py:154} INFO - [2025-01-26T14:23:16.541+0000] {dag.py:3722} INFO - Setting next_dagrun for Bronze_Layer to 2025-01-25T00:00:00+00:00, run_after=2025-01-26T00:00:00+00:00
[2025-01-26T14:23:16.563+0000] {processor.py:179} INFO - Processing /opt/airflow/dags/bronze_layer.py took 0.463 seconds
[2025-01-26T14:23:46.700+0000] {processor.py:157} INFO - Started process (PID=4276) to work on /opt/airflow/dags/bronze_layer.py
[2025-01-26T14:23:46.701+0000] {processor.py:829} INFO - Processing file /opt/airflow/dags/bronze_layer.py for tasks to queue
[2025-01-26T14:23:46.702+0000] {logging_mixin.py:154} INFO - [2025-01-26T14:23:46.702+0000] {dagbag.py:536} INFO - Filling up the DagBag from /opt/airflow/dags/bronze_layer.py
[2025-01-26T14:23:47.078+0000] {processor.py:839} INFO - DAG(s) dict_keys(['Bronze_Layer']) retrieved from /opt/airflow/dags/bronze_layer.py
[2025-01-26T14:23:47.102+0000] {logging_mixin.py:154} INFO - [2025-01-26T14:23:47.101+0000] {dag.py:2941} INFO - Sync 1 DAGs
[2025-01-26T14:23:47.126+0000] {logging_mixin.py:154} INFO - [2025-01-26T14:23:47.125+0000] {dag.py:3722} INFO - Setting next_dagrun for Bronze_Layer to 2025-01-25T00:00:00+00:00, run_after=2025-01-26T00:00:00+00:00
[2025-01-26T14:23:47.157+0000] {processor.py:179} INFO - Processing /opt/airflow/dags/bronze_layer.py took 0.460 seconds
[2025-01-26T14:24:17.864+0000] {processor.py:157} INFO - Started process (PID=4314) to work on /opt/airflow/dags/bronze_layer.py
[2025-01-26T14:24:17.865+0000] {processor.py:829} INFO - Processing file /opt/airflow/dags/bronze_layer.py for tasks to queue
[2025-01-26T14:24:17.867+0000] {logging_mixin.py:154} INFO - [2025-01-26T14:24:17.866+0000] {dagbag.py:536} INFO - Filling up the DagBag from /opt/airflow/dags/bronze_layer.py
[2025-01-26T14:24:18.286+0000] {processor.py:839} INFO - DAG(s) dict_keys(['Bronze_Layer']) retrieved from /opt/airflow/dags/bronze_layer.py
[2025-01-26T14:24:18.308+0000] {logging_mixin.py:154} INFO - [2025-01-26T14:24:18.307+0000] {dag.py:2941} INFO - Sync 1 DAGs
[2025-01-26T14:24:18.332+0000] {logging_mixin.py:154} INFO - [2025-01-26T14:24:18.332+0000] {dag.py:3722} INFO - Setting next_dagrun for Bronze_Layer to 2025-01-25T00:00:00+00:00, run_after=2025-01-26T00:00:00+00:00
[2025-01-26T14:24:18.351+0000] {processor.py:179} INFO - Processing /opt/airflow/dags/bronze_layer.py took 0.490 seconds
[2025-01-26T14:24:48.465+0000] {processor.py:157} INFO - Started process (PID=4352) to work on /opt/airflow/dags/bronze_layer.py
[2025-01-26T14:24:48.466+0000] {processor.py:829} INFO - Processing file /opt/airflow/dags/bronze_layer.py for tasks to queue
[2025-01-26T14:24:48.467+0000] {logging_mixin.py:154} INFO - [2025-01-26T14:24:48.467+0000] {dagbag.py:536} INFO - Filling up the DagBag from /opt/airflow/dags/bronze_layer.py
[2025-01-26T14:24:48.854+0000] {processor.py:839} INFO - DAG(s) dict_keys(['Bronze_Layer']) retrieved from /opt/airflow/dags/bronze_layer.py
[2025-01-26T14:24:48.878+0000] {logging_mixin.py:154} INFO - [2025-01-26T14:24:48.877+0000] {dag.py:2941} INFO - Sync 1 DAGs
[2025-01-26T14:24:48.900+0000] {logging_mixin.py:154} INFO - [2025-01-26T14:24:48.900+0000] {dag.py:3722} INFO - Setting next_dagrun for Bronze_Layer to 2025-01-25T00:00:00+00:00, run_after=2025-01-26T00:00:00+00:00
[2025-01-26T14:24:48.919+0000] {processor.py:179} INFO - Processing /opt/airflow/dags/bronze_layer.py took 0.458 seconds
[2025-01-26T14:25:18.965+0000] {processor.py:157} INFO - Started process (PID=4387) to work on /opt/airflow/dags/bronze_layer.py
[2025-01-26T14:25:18.966+0000] {processor.py:829} INFO - Processing file /opt/airflow/dags/bronze_layer.py for tasks to queue
[2025-01-26T14:25:18.967+0000] {logging_mixin.py:154} INFO - [2025-01-26T14:25:18.967+0000] {dagbag.py:536} INFO - Filling up the DagBag from /opt/airflow/dags/bronze_layer.py
[2025-01-26T14:25:19.321+0000] {processor.py:839} INFO - DAG(s) dict_keys(['Bronze_Layer']) retrieved from /opt/airflow/dags/bronze_layer.py
[2025-01-26T14:25:19.344+0000] {logging_mixin.py:154} INFO - [2025-01-26T14:25:19.343+0000] {dag.py:2941} INFO - Sync 1 DAGs
[2025-01-26T14:25:19.368+0000] {logging_mixin.py:154} INFO - [2025-01-26T14:25:19.368+0000] {dag.py:3722} INFO - Setting next_dagrun for Bronze_Layer to 2025-01-25T00:00:00+00:00, run_after=2025-01-26T00:00:00+00:00
[2025-01-26T14:25:19.391+0000] {processor.py:179} INFO - Processing /opt/airflow/dags/bronze_layer.py took 0.428 seconds
[2025-01-26T14:25:49.539+0000] {processor.py:157} INFO - Started process (PID=4425) to work on /opt/airflow/dags/bronze_layer.py
[2025-01-26T14:25:49.540+0000] {processor.py:829} INFO - Processing file /opt/airflow/dags/bronze_layer.py for tasks to queue
[2025-01-26T14:25:49.541+0000] {logging_mixin.py:154} INFO - [2025-01-26T14:25:49.541+0000] {dagbag.py:536} INFO - Filling up the DagBag from /opt/airflow/dags/bronze_layer.py
[2025-01-26T14:25:49.943+0000] {processor.py:839} INFO - DAG(s) dict_keys(['Bronze_Layer']) retrieved from /opt/airflow/dags/bronze_layer.py
[2025-01-26T14:25:49.967+0000] {logging_mixin.py:154} INFO - [2025-01-26T14:25:49.967+0000] {dag.py:2941} INFO - Sync 1 DAGs
[2025-01-26T14:25:49.993+0000] {logging_mixin.py:154} INFO - [2025-01-26T14:25:49.993+0000] {dag.py:3722} INFO - Setting next_dagrun for Bronze_Layer to 2025-01-25T00:00:00+00:00, run_after=2025-01-26T00:00:00+00:00
[2025-01-26T14:25:50.023+0000] {processor.py:179} INFO - Processing /opt/airflow/dags/bronze_layer.py took 0.487 seconds
[2025-01-26T14:26:20.155+0000] {processor.py:157} INFO - Started process (PID=4463) to work on /opt/airflow/dags/bronze_layer.py
[2025-01-26T14:26:20.156+0000] {processor.py:829} INFO - Processing file /opt/airflow/dags/bronze_layer.py for tasks to queue
[2025-01-26T14:26:20.157+0000] {logging_mixin.py:154} INFO - [2025-01-26T14:26:20.157+0000] {dagbag.py:536} INFO - Filling up the DagBag from /opt/airflow/dags/bronze_layer.py
[2025-01-26T14:26:20.480+0000] {processor.py:839} INFO - DAG(s) dict_keys(['Bronze_Layer']) retrieved from /opt/airflow/dags/bronze_layer.py
[2025-01-26T14:26:20.501+0000] {logging_mixin.py:154} INFO - [2025-01-26T14:26:20.501+0000] {dag.py:2941} INFO - Sync 1 DAGs
[2025-01-26T14:26:20.520+0000] {logging_mixin.py:154} INFO - [2025-01-26T14:26:20.520+0000] {dag.py:3722} INFO - Setting next_dagrun for Bronze_Layer to 2025-01-25T00:00:00+00:00, run_after=2025-01-26T00:00:00+00:00
[2025-01-26T14:26:20.539+0000] {processor.py:179} INFO - Processing /opt/airflow/dags/bronze_layer.py took 0.387 seconds
[2025-01-26T14:26:50.767+0000] {processor.py:157} INFO - Started process (PID=4501) to work on /opt/airflow/dags/bronze_layer.py
[2025-01-26T14:26:50.768+0000] {processor.py:829} INFO - Processing file /opt/airflow/dags/bronze_layer.py for tasks to queue
[2025-01-26T14:26:50.769+0000] {logging_mixin.py:154} INFO - [2025-01-26T14:26:50.769+0000] {dagbag.py:536} INFO - Filling up the DagBag from /opt/airflow/dags/bronze_layer.py
[2025-01-26T14:26:51.101+0000] {processor.py:839} INFO - DAG(s) dict_keys(['Bronze_Layer']) retrieved from /opt/airflow/dags/bronze_layer.py
[2025-01-26T14:26:51.124+0000] {logging_mixin.py:154} INFO - [2025-01-26T14:26:51.123+0000] {dag.py:2941} INFO - Sync 1 DAGs
[2025-01-26T14:26:51.145+0000] {logging_mixin.py:154} INFO - [2025-01-26T14:26:51.144+0000] {dag.py:3722} INFO - Setting next_dagrun for Bronze_Layer to 2025-01-25T00:00:00+00:00, run_after=2025-01-26T00:00:00+00:00
[2025-01-26T14:26:51.164+0000] {processor.py:179} INFO - Processing /opt/airflow/dags/bronze_layer.py took 0.399 seconds
[2025-01-26T14:27:21.429+0000] {processor.py:157} INFO - Started process (PID=4539) to work on /opt/airflow/dags/bronze_layer.py
[2025-01-26T14:27:21.430+0000] {processor.py:829} INFO - Processing file /opt/airflow/dags/bronze_layer.py for tasks to queue
[2025-01-26T14:27:21.431+0000] {logging_mixin.py:154} INFO - [2025-01-26T14:27:21.430+0000] {dagbag.py:536} INFO - Filling up the DagBag from /opt/airflow/dags/bronze_layer.py
[2025-01-26T14:27:21.813+0000] {processor.py:839} INFO - DAG(s) dict_keys(['Bronze_Layer']) retrieved from /opt/airflow/dags/bronze_layer.py
[2025-01-26T14:27:21.840+0000] {logging_mixin.py:154} INFO - [2025-01-26T14:27:21.840+0000] {dag.py:2941} INFO - Sync 1 DAGs
[2025-01-26T14:27:21.862+0000] {logging_mixin.py:154} INFO - [2025-01-26T14:27:21.861+0000] {dag.py:3722} INFO - Setting next_dagrun for Bronze_Layer to 2025-01-25T00:00:00+00:00, run_after=2025-01-26T00:00:00+00:00
[2025-01-26T14:27:21.883+0000] {processor.py:179} INFO - Processing /opt/airflow/dags/bronze_layer.py took 0.457 seconds
[2025-01-26T14:27:51.968+0000] {processor.py:157} INFO - Started process (PID=4574) to work on /opt/airflow/dags/bronze_layer.py
[2025-01-26T14:27:51.969+0000] {processor.py:829} INFO - Processing file /opt/airflow/dags/bronze_layer.py for tasks to queue
[2025-01-26T14:27:51.970+0000] {logging_mixin.py:154} INFO - [2025-01-26T14:27:51.970+0000] {dagbag.py:536} INFO - Filling up the DagBag from /opt/airflow/dags/bronze_layer.py
[2025-01-26T14:27:52.349+0000] {processor.py:839} INFO - DAG(s) dict_keys(['Bronze_Layer']) retrieved from /opt/airflow/dags/bronze_layer.py
[2025-01-26T14:27:52.374+0000] {logging_mixin.py:154} INFO - [2025-01-26T14:27:52.373+0000] {dag.py:2941} INFO - Sync 1 DAGs
[2025-01-26T14:27:52.400+0000] {logging_mixin.py:154} INFO - [2025-01-26T14:27:52.400+0000] {dag.py:3722} INFO - Setting next_dagrun for Bronze_Layer to 2025-01-25T00:00:00+00:00, run_after=2025-01-26T00:00:00+00:00
[2025-01-26T14:27:52.420+0000] {processor.py:179} INFO - Processing /opt/airflow/dags/bronze_layer.py took 0.455 seconds
[2025-01-26T14:28:22.579+0000] {processor.py:157} INFO - Started process (PID=4612) to work on /opt/airflow/dags/bronze_layer.py
[2025-01-26T14:28:22.580+0000] {processor.py:829} INFO - Processing file /opt/airflow/dags/bronze_layer.py for tasks to queue
[2025-01-26T14:28:22.581+0000] {logging_mixin.py:154} INFO - [2025-01-26T14:28:22.581+0000] {dagbag.py:536} INFO - Filling up the DagBag from /opt/airflow/dags/bronze_layer.py
[2025-01-26T14:28:22.940+0000] {processor.py:839} INFO - DAG(s) dict_keys(['Bronze_Layer']) retrieved from /opt/airflow/dags/bronze_layer.py
[2025-01-26T14:28:22.964+0000] {logging_mixin.py:154} INFO - [2025-01-26T14:28:22.963+0000] {dag.py:2941} INFO - Sync 1 DAGs
[2025-01-26T14:28:22.989+0000] {logging_mixin.py:154} INFO - [2025-01-26T14:28:22.988+0000] {dag.py:3722} INFO - Setting next_dagrun for Bronze_Layer to 2025-01-25T00:00:00+00:00, run_after=2025-01-26T00:00:00+00:00
[2025-01-26T14:28:23.010+0000] {processor.py:179} INFO - Processing /opt/airflow/dags/bronze_layer.py took 0.433 seconds
[2025-01-26T14:28:54.302+0000] {processor.py:157} INFO - Started process (PID=4659) to work on /opt/airflow/dags/bronze_layer.py
[2025-01-26T14:28:54.303+0000] {processor.py:829} INFO - Processing file /opt/airflow/dags/bronze_layer.py for tasks to queue
[2025-01-26T14:28:54.304+0000] {logging_mixin.py:154} INFO - [2025-01-26T14:28:54.303+0000] {dagbag.py:536} INFO - Filling up the DagBag from /opt/airflow/dags/bronze_layer.py
[2025-01-26T14:28:54.624+0000] {processor.py:839} INFO - DAG(s) dict_keys(['Bronze_Layer']) retrieved from /opt/airflow/dags/bronze_layer.py
[2025-01-26T14:28:54.646+0000] {logging_mixin.py:154} INFO - [2025-01-26T14:28:54.646+0000] {dag.py:2941} INFO - Sync 1 DAGs
[2025-01-26T14:28:54.665+0000] {logging_mixin.py:154} INFO - [2025-01-26T14:28:54.665+0000] {dag.py:3722} INFO - Setting next_dagrun for Bronze_Layer to 2025-01-25T00:00:00+00:00, run_after=2025-01-26T00:00:00+00:00
[2025-01-26T14:28:54.694+0000] {processor.py:179} INFO - Processing /opt/airflow/dags/bronze_layer.py took 0.395 seconds
[2025-01-26T14:29:24.862+0000] {processor.py:157} INFO - Started process (PID=4697) to work on /opt/airflow/dags/bronze_layer.py
[2025-01-26T14:29:24.863+0000] {processor.py:829} INFO - Processing file /opt/airflow/dags/bronze_layer.py for tasks to queue
[2025-01-26T14:29:24.864+0000] {logging_mixin.py:154} INFO - [2025-01-26T14:29:24.863+0000] {dagbag.py:536} INFO - Filling up the DagBag from /opt/airflow/dags/bronze_layer.py
[2025-01-26T14:29:25.171+0000] {processor.py:839} INFO - DAG(s) dict_keys(['Bronze_Layer']) retrieved from /opt/airflow/dags/bronze_layer.py
[2025-01-26T14:29:25.192+0000] {logging_mixin.py:154} INFO - [2025-01-26T14:29:25.191+0000] {dag.py:2941} INFO - Sync 1 DAGs
[2025-01-26T14:29:25.211+0000] {logging_mixin.py:154} INFO - [2025-01-26T14:29:25.210+0000] {dag.py:3722} INFO - Setting next_dagrun for Bronze_Layer to 2025-01-25T00:00:00+00:00, run_after=2025-01-26T00:00:00+00:00
[2025-01-26T14:29:25.228+0000] {processor.py:179} INFO - Processing /opt/airflow/dags/bronze_layer.py took 0.369 seconds
[2025-01-26T14:29:55.450+0000] {processor.py:157} INFO - Started process (PID=4735) to work on /opt/airflow/dags/bronze_layer.py
[2025-01-26T14:29:55.451+0000] {processor.py:829} INFO - Processing file /opt/airflow/dags/bronze_layer.py for tasks to queue
[2025-01-26T14:29:55.452+0000] {logging_mixin.py:154} INFO - [2025-01-26T14:29:55.452+0000] {dagbag.py:536} INFO - Filling up the DagBag from /opt/airflow/dags/bronze_layer.py
[2025-01-26T14:29:55.828+0000] {processor.py:839} INFO - DAG(s) dict_keys(['Bronze_Layer']) retrieved from /opt/airflow/dags/bronze_layer.py
[2025-01-26T14:29:55.850+0000] {logging_mixin.py:154} INFO - [2025-01-26T14:29:55.850+0000] {dag.py:2941} INFO - Sync 1 DAGs
[2025-01-26T14:29:55.870+0000] {logging_mixin.py:154} INFO - [2025-01-26T14:29:55.870+0000] {dag.py:3722} INFO - Setting next_dagrun for Bronze_Layer to 2025-01-25T00:00:00+00:00, run_after=2025-01-26T00:00:00+00:00
[2025-01-26T14:29:55.889+0000] {processor.py:179} INFO - Processing /opt/airflow/dags/bronze_layer.py took 0.442 seconds
[2025-01-26T14:30:26.689+0000] {processor.py:157} INFO - Started process (PID=4773) to work on /opt/airflow/dags/bronze_layer.py
[2025-01-26T14:30:26.690+0000] {processor.py:829} INFO - Processing file /opt/airflow/dags/bronze_layer.py for tasks to queue
[2025-01-26T14:30:26.691+0000] {logging_mixin.py:154} INFO - [2025-01-26T14:30:26.691+0000] {dagbag.py:536} INFO - Filling up the DagBag from /opt/airflow/dags/bronze_layer.py
[2025-01-26T14:30:27.017+0000] {processor.py:839} INFO - DAG(s) dict_keys(['Bronze_Layer']) retrieved from /opt/airflow/dags/bronze_layer.py
[2025-01-26T14:30:27.041+0000] {logging_mixin.py:154} INFO - [2025-01-26T14:30:27.040+0000] {dag.py:2941} INFO - Sync 1 DAGs
[2025-01-26T14:30:27.064+0000] {logging_mixin.py:154} INFO - [2025-01-26T14:30:27.063+0000] {dag.py:3722} INFO - Setting next_dagrun for Bronze_Layer to 2025-01-25T00:00:00+00:00, run_after=2025-01-26T00:00:00+00:00
[2025-01-26T14:30:27.084+0000] {processor.py:179} INFO - Processing /opt/airflow/dags/bronze_layer.py took 0.398 seconds
[2025-01-26T14:30:57.196+0000] {processor.py:157} INFO - Started process (PID=4809) to work on /opt/airflow/dags/bronze_layer.py
[2025-01-26T14:30:57.197+0000] {processor.py:829} INFO - Processing file /opt/airflow/dags/bronze_layer.py for tasks to queue
[2025-01-26T14:30:57.199+0000] {logging_mixin.py:154} INFO - [2025-01-26T14:30:57.198+0000] {dagbag.py:536} INFO - Filling up the DagBag from /opt/airflow/dags/bronze_layer.py
[2025-01-26T14:30:57.550+0000] {processor.py:839} INFO - DAG(s) dict_keys(['Bronze_Layer']) retrieved from /opt/airflow/dags/bronze_layer.py
[2025-01-26T14:30:57.573+0000] {logging_mixin.py:154} INFO - [2025-01-26T14:30:57.573+0000] {dag.py:2941} INFO - Sync 1 DAGs
[2025-01-26T14:30:57.593+0000] {logging_mixin.py:154} INFO - [2025-01-26T14:30:57.593+0000] {dag.py:3722} INFO - Setting next_dagrun for Bronze_Layer to 2025-01-25T00:00:00+00:00, run_after=2025-01-26T00:00:00+00:00
[2025-01-26T14:30:57.612+0000] {processor.py:179} INFO - Processing /opt/airflow/dags/bronze_layer.py took 0.420 seconds
[2025-01-26T14:31:28.416+0000] {processor.py:157} INFO - Started process (PID=4849) to work on /opt/airflow/dags/bronze_layer.py
[2025-01-26T14:31:28.416+0000] {processor.py:829} INFO - Processing file /opt/airflow/dags/bronze_layer.py for tasks to queue
[2025-01-26T14:31:28.417+0000] {logging_mixin.py:154} INFO - [2025-01-26T14:31:28.417+0000] {dagbag.py:536} INFO - Filling up the DagBag from /opt/airflow/dags/bronze_layer.py
[2025-01-26T14:31:28.752+0000] {processor.py:839} INFO - DAG(s) dict_keys(['Bronze_Layer']) retrieved from /opt/airflow/dags/bronze_layer.py
[2025-01-26T14:31:28.773+0000] {logging_mixin.py:154} INFO - [2025-01-26T14:31:28.773+0000] {dag.py:2941} INFO - Sync 1 DAGs
[2025-01-26T14:31:28.791+0000] {logging_mixin.py:154} INFO - [2025-01-26T14:31:28.791+0000] {dag.py:3722} INFO - Setting next_dagrun for Bronze_Layer to 2025-01-25T00:00:00+00:00, run_after=2025-01-26T00:00:00+00:00
[2025-01-26T14:31:28.808+0000] {processor.py:179} INFO - Processing /opt/airflow/dags/bronze_layer.py took 0.395 seconds
