[2024-10-11T13:59:21.171+0000] {taskinstance.py:1157} INFO - Dependencies all met for dep_context=non-requeueable deps ti=<TaskInstance: spark_processing_dag.silver_cleaned_keywords manual__2024-10-11T13:59:20.049020+00:00 [queued]>
[2024-10-11T13:59:21.180+0000] {taskinstance.py:1157} INFO - Dependencies all met for dep_context=requeueable deps ti=<TaskInstance: spark_processing_dag.silver_cleaned_keywords manual__2024-10-11T13:59:20.049020+00:00 [queued]>
[2024-10-11T13:59:21.181+0000] {taskinstance.py:1359} INFO - Starting attempt 1 of 2
[2024-10-11T13:59:21.193+0000] {taskinstance.py:1380} INFO - Executing <Task(SparkSubmitOperator): silver_cleaned_keywords> on 2024-10-11 13:59:20.049020+00:00
[2024-10-11T13:59:21.198+0000] {standard_task_runner.py:57} INFO - Started process 829 to run task
[2024-10-11T13:59:21.203+0000] {standard_task_runner.py:84} INFO - Running: ['***', 'tasks', 'run', 'spark_processing_dag', 'silver_cleaned_keywords', 'manual__2024-10-11T13:59:20.049020+00:00', '--job-id', '37', '--raw', '--subdir', 'DAGS_FOLDER/sliver_layer.py', '--cfg-path', '/tmp/tmpvr8obxp3']
[2024-10-11T13:59:21.212+0000] {standard_task_runner.py:85} INFO - Job 37: Subtask silver_cleaned_keywords
[2024-10-11T13:59:21.289+0000] {task_command.py:415} INFO - Running <TaskInstance: spark_processing_dag.silver_cleaned_keywords manual__2024-10-11T13:59:20.049020+00:00 [running]> on host 84076e7a47fe
[2024-10-11T13:59:21.375+0000] {taskinstance.py:1660} INFO - Exporting env vars: AIRFLOW_CTX_DAG_OWNER='***' AIRFLOW_CTX_DAG_ID='spark_processing_dag' AIRFLOW_CTX_TASK_ID='silver_cleaned_keywords' AIRFLOW_CTX_EXECUTION_DATE='2024-10-11T13:59:20.049020+00:00' AIRFLOW_CTX_TRY_NUMBER='1' AIRFLOW_CTX_DAG_RUN_ID='manual__2024-10-11T13:59:20.049020+00:00'
[2024-10-11T13:59:21.387+0000] {base.py:73} INFO - Using connection ID 'spark-conn' for task execution.
[2024-10-11T13:59:21.390+0000] {spark_submit.py:403} INFO - Spark-Submit cmd: spark-submit --master spark://spark-master:7077 --conf spark.sql.extensions=io.delta.sql.DeltaSparkSessionExtension --conf spark.sql.catalog.spark_catalog=org.apache.spark.sql.delta.catalog.DeltaCatalog --jars /opt/***/jars/hadoop-aws-3.3.4.jar,/opt/***/jars/s3-2.18.41.jar,/opt/***/jars/aws-java-sdk-1.12.367.jar,/opt/***/jars/delta-core_2.12-2.4.0.jar,/opt/***/jars/delta-storage-2.2.0.jar, --packages org.apache.hadoop:hadoop-aws:3.3.4 --num-executors 2 --total-executor-cores 2 --executor-cores 2 --executor-memory 2g --driver-memory 1g --name arrow-spark --deploy-mode client /opt/***/jobs/python/test_Key.py s3a://lakehouse/bronze/keywords.parquet s3a://lakehouse/silver
[2024-10-11T13:59:21.517+0000] {spark_submit.py:579} INFO - /home/***/.local/lib/python3.11/site-packages/pyspark/bin/load-spark-env.sh: line 68: ps: command not found
[2024-10-11T13:59:23.429+0000] {spark_submit.py:579} INFO - :: loading settings :: url = jar:file:/home/***/.local/lib/python3.11/site-packages/pyspark/jars/ivy-2.5.1.jar!/org/apache/ivy/core/settings/ivysettings.xml
[2024-10-11T13:59:23.610+0000] {spark_submit.py:579} INFO - Ivy Default Cache set to: /home/***/.ivy2/cache
[2024-10-11T13:59:23.611+0000] {spark_submit.py:579} INFO - The jars for the packages stored in: /home/***/.ivy2/jars
[2024-10-11T13:59:23.617+0000] {spark_submit.py:579} INFO - org.apache.hadoop#hadoop-aws added as a dependency
[2024-10-11T13:59:23.618+0000] {spark_submit.py:579} INFO - :: resolving dependencies :: org.apache.spark#spark-submit-parent-c5121a2a-82a5-4c2a-9fc4-c96808511aba;1.0
[2024-10-11T13:59:23.619+0000] {spark_submit.py:579} INFO - confs: [default]
[2024-10-11T13:59:23.781+0000] {spark_submit.py:579} INFO - found org.apache.hadoop#hadoop-aws;3.3.4 in central
[2024-10-11T13:59:23.813+0000] {spark_submit.py:579} INFO - found com.amazonaws#aws-java-sdk-bundle;1.12.262 in central
[2024-10-11T13:59:23.841+0000] {spark_submit.py:579} INFO - found org.wildfly.openssl#wildfly-openssl;1.0.7.Final in central
[2024-10-11T13:59:23.871+0000] {spark_submit.py:579} INFO - :: resolution report :: resolve 239ms :: artifacts dl 14ms
[2024-10-11T13:59:23.873+0000] {spark_submit.py:579} INFO - :: modules in use:
[2024-10-11T13:59:23.874+0000] {spark_submit.py:579} INFO - com.amazonaws#aws-java-sdk-bundle;1.12.262 from central in [default]
[2024-10-11T13:59:23.875+0000] {spark_submit.py:579} INFO - org.apache.hadoop#hadoop-aws;3.3.4 from central in [default]
[2024-10-11T13:59:23.875+0000] {spark_submit.py:579} INFO - org.wildfly.openssl#wildfly-openssl;1.0.7.Final from central in [default]
[2024-10-11T13:59:23.876+0000] {spark_submit.py:579} INFO - ---------------------------------------------------------------------
[2024-10-11T13:59:23.877+0000] {spark_submit.py:579} INFO - |                  |            modules            ||   artifacts   |
[2024-10-11T13:59:23.878+0000] {spark_submit.py:579} INFO - |       conf       | number| search|dwnlded|evicted|| number|dwnlded|
[2024-10-11T13:59:23.879+0000] {spark_submit.py:579} INFO - ---------------------------------------------------------------------
[2024-10-11T13:59:23.880+0000] {spark_submit.py:579} INFO - |      default     |   3   |   0   |   0   |   0   ||   3   |   0   |
[2024-10-11T13:59:23.881+0000] {spark_submit.py:579} INFO - ---------------------------------------------------------------------
[2024-10-11T13:59:23.881+0000] {spark_submit.py:579} INFO - :: retrieving :: org.apache.spark#spark-submit-parent-c5121a2a-82a5-4c2a-9fc4-c96808511aba
[2024-10-11T13:59:23.882+0000] {spark_submit.py:579} INFO - confs: [default]
[2024-10-11T13:59:23.887+0000] {spark_submit.py:579} INFO - 0 artifacts copied, 3 already retrieved (0kB/6ms)
[2024-10-11T13:59:24.148+0000] {spark_submit.py:579} INFO - 24/10/11 13:59:24 WARN NativeCodeLoader: Unable to load native-hadoop library for your platform... using builtin-java classes where applicable
[2024-10-11T13:59:25.642+0000] {spark_submit.py:579} INFO - 2024-10-11 13:59:25,642 INFO: Initializing Spark session...
[2024-10-11T13:59:25.789+0000] {spark_submit.py:579} INFO - 24/10/11 13:59:25 INFO SparkContext: Running Spark version 3.4.3
[2024-10-11T13:59:25.815+0000] {spark_submit.py:579} INFO - 24/10/11 13:59:25 INFO ResourceUtils: ==============================================================
[2024-10-11T13:59:25.815+0000] {spark_submit.py:579} INFO - 24/10/11 13:59:25 INFO ResourceUtils: No custom resources configured for spark.driver.
[2024-10-11T13:59:25.816+0000] {spark_submit.py:579} INFO - 24/10/11 13:59:25 INFO ResourceUtils: ==============================================================
[2024-10-11T13:59:25.816+0000] {spark_submit.py:579} INFO - 24/10/11 13:59:25 INFO SparkContext: Submitted application: CleanKeywords
[2024-10-11T13:59:25.839+0000] {spark_submit.py:579} INFO - 24/10/11 13:59:25 INFO ResourceProfile: Default ResourceProfile created, executor resources: Map(cores -> name: cores, amount: 2, script: , vendor: , memory -> name: memory, amount: 2048, script: , vendor: , offHeap -> name: offHeap, amount: 0, script: , vendor: ), task resources: Map(cpus -> name: cpus, amount: 1.0)
[2024-10-11T13:59:25.852+0000] {spark_submit.py:579} INFO - 24/10/11 13:59:25 INFO ResourceProfile: Limiting resource is cpus at 2 tasks per executor
[2024-10-11T13:59:25.853+0000] {spark_submit.py:579} INFO - 24/10/11 13:59:25 INFO ResourceProfileManager: Added ResourceProfile id: 0
[2024-10-11T13:59:25.912+0000] {spark_submit.py:579} INFO - 24/10/11 13:59:25 INFO SecurityManager: Changing view acls to: ***
[2024-10-11T13:59:25.913+0000] {spark_submit.py:579} INFO - 24/10/11 13:59:25 INFO SecurityManager: Changing modify acls to: ***
[2024-10-11T13:59:25.914+0000] {spark_submit.py:579} INFO - 24/10/11 13:59:25 INFO SecurityManager: Changing view acls groups to:
[2024-10-11T13:59:25.915+0000] {spark_submit.py:579} INFO - 24/10/11 13:59:25 INFO SecurityManager: Changing modify acls groups to:
[2024-10-11T13:59:25.915+0000] {spark_submit.py:579} INFO - 24/10/11 13:59:25 INFO SecurityManager: SecurityManager: authentication disabled; ui acls disabled; users with view permissions: ***; groups with view permissions: EMPTY; users with modify permissions: ***; groups with modify permissions: EMPTY
[2024-10-11T13:59:26.231+0000] {spark_submit.py:579} INFO - 24/10/11 13:59:26 INFO Utils: Successfully started service 'sparkDriver' on port 33413.
[2024-10-11T13:59:26.281+0000] {spark_submit.py:579} INFO - 24/10/11 13:59:26 INFO SparkEnv: Registering MapOutputTracker
[2024-10-11T13:59:26.333+0000] {spark_submit.py:579} INFO - 24/10/11 13:59:26 INFO SparkEnv: Registering BlockManagerMaster
[2024-10-11T13:59:26.356+0000] {spark_submit.py:579} INFO - 24/10/11 13:59:26 INFO BlockManagerMasterEndpoint: Using org.apache.spark.storage.DefaultTopologyMapper for getting topology information
[2024-10-11T13:59:26.358+0000] {spark_submit.py:579} INFO - 24/10/11 13:59:26 INFO BlockManagerMasterEndpoint: BlockManagerMasterEndpoint up
[2024-10-11T13:59:26.363+0000] {spark_submit.py:579} INFO - 24/10/11 13:59:26 INFO SparkEnv: Registering BlockManagerMasterHeartbeat
[2024-10-11T13:59:26.396+0000] {spark_submit.py:579} INFO - 24/10/11 13:59:26 INFO DiskBlockManager: Created local directory at /tmp/blockmgr-c51ca4b3-1bcb-4bd5-b0cd-592781fa9534
[2024-10-11T13:59:26.423+0000] {spark_submit.py:579} INFO - 24/10/11 13:59:26 INFO MemoryStore: MemoryStore started with capacity 434.4 MiB
[2024-10-11T13:59:26.447+0000] {spark_submit.py:579} INFO - 24/10/11 13:59:26 INFO SparkEnv: Registering OutputCommitCoordinator
[2024-10-11T13:59:26.630+0000] {spark_submit.py:579} INFO - 24/10/11 13:59:26 INFO JettyUtils: Start Jetty 0.0.0.0:4040 for SparkUI
[2024-10-11T13:59:26.734+0000] {spark_submit.py:579} INFO - 24/10/11 13:59:26 INFO Utils: Successfully started service 'SparkUI' on port 4040.
[2024-10-11T13:59:26.783+0000] {spark_submit.py:579} INFO - 24/10/11 13:59:26 INFO SparkContext: Added JAR file:///opt/***/jars/hadoop-aws-3.3.4.jar at spark://84076e7a47fe:33413/jars/hadoop-aws-3.3.4.jar with timestamp 1728655165781
[2024-10-11T13:59:26.784+0000] {spark_submit.py:579} INFO - 24/10/11 13:59:26 INFO SparkContext: Added JAR file:///opt/***/jars/s3-2.18.41.jar at spark://84076e7a47fe:33413/jars/s3-2.18.41.jar with timestamp 1728655165781
[2024-10-11T13:59:26.786+0000] {spark_submit.py:579} INFO - 24/10/11 13:59:26 INFO SparkContext: Added JAR file:///opt/***/jars/aws-java-sdk-1.12.367.jar at spark://84076e7a47fe:33413/jars/aws-java-sdk-1.12.367.jar with timestamp 1728655165781
[2024-10-11T13:59:26.788+0000] {spark_submit.py:579} INFO - 24/10/11 13:59:26 INFO SparkContext: Added JAR file:///opt/***/jars/delta-core_2.12-2.4.0.jar at spark://84076e7a47fe:33413/jars/delta-core_2.12-2.4.0.jar with timestamp 1728655165781
[2024-10-11T13:59:26.791+0000] {spark_submit.py:579} INFO - 24/10/11 13:59:26 INFO SparkContext: Added JAR file:///opt/***/jars/delta-storage-2.2.0.jar at spark://84076e7a47fe:33413/jars/delta-storage-2.2.0.jar with timestamp 1728655165781
[2024-10-11T13:59:26.791+0000] {spark_submit.py:579} INFO - 24/10/11 13:59:26 INFO SparkContext: Added JAR file:///home/***/.ivy2/jars/org.apache.hadoop_hadoop-aws-3.3.4.jar at spark://84076e7a47fe:33413/jars/org.apache.hadoop_hadoop-aws-3.3.4.jar with timestamp 1728655165781
[2024-10-11T13:59:26.792+0000] {spark_submit.py:579} INFO - 24/10/11 13:59:26 INFO SparkContext: Added JAR file:///home/***/.ivy2/jars/com.amazonaws_aws-java-sdk-bundle-1.12.262.jar at spark://84076e7a47fe:33413/jars/com.amazonaws_aws-java-sdk-bundle-1.12.262.jar with timestamp 1728655165781
[2024-10-11T13:59:26.792+0000] {spark_submit.py:579} INFO - 24/10/11 13:59:26 INFO SparkContext: Added JAR file:///home/***/.ivy2/jars/org.wildfly.openssl_wildfly-openssl-1.0.7.Final.jar at spark://84076e7a47fe:33413/jars/org.wildfly.openssl_wildfly-openssl-1.0.7.Final.jar with timestamp 1728655165781
[2024-10-11T13:59:26.795+0000] {spark_submit.py:579} INFO - 24/10/11 13:59:26 INFO SparkContext: Added file file:///home/***/.ivy2/jars/org.apache.hadoop_hadoop-aws-3.3.4.jar at spark://84076e7a47fe:33413/files/org.apache.hadoop_hadoop-aws-3.3.4.jar with timestamp 1728655165781
[2024-10-11T13:59:26.797+0000] {spark_submit.py:579} INFO - 24/10/11 13:59:26 INFO Utils: Copying /home/***/.ivy2/jars/org.apache.hadoop_hadoop-aws-3.3.4.jar to /tmp/spark-416798db-00bc-4919-b958-16bbb19405a6/userFiles-03acedbf-8405-4670-beed-4eb93826d0f2/org.apache.hadoop_hadoop-aws-3.3.4.jar
[2024-10-11T13:59:26.817+0000] {spark_submit.py:579} INFO - 24/10/11 13:59:26 INFO SparkContext: Added file file:///home/***/.ivy2/jars/com.amazonaws_aws-java-sdk-bundle-1.12.262.jar at spark://84076e7a47fe:33413/files/com.amazonaws_aws-java-sdk-bundle-1.12.262.jar with timestamp 1728655165781
[2024-10-11T13:59:26.818+0000] {spark_submit.py:579} INFO - 24/10/11 13:59:26 INFO Utils: Copying /home/***/.ivy2/jars/com.amazonaws_aws-java-sdk-bundle-1.12.262.jar to /tmp/spark-416798db-00bc-4919-b958-16bbb19405a6/userFiles-03acedbf-8405-4670-beed-4eb93826d0f2/com.amazonaws_aws-java-sdk-bundle-1.12.262.jar
[2024-10-11T13:59:27.546+0000] {spark_submit.py:579} INFO - 24/10/11 13:59:27 INFO SparkContext: Added file file:///home/***/.ivy2/jars/org.wildfly.openssl_wildfly-openssl-1.0.7.Final.jar at spark://84076e7a47fe:33413/files/org.wildfly.openssl_wildfly-openssl-1.0.7.Final.jar with timestamp 1728655165781
[2024-10-11T13:59:27.546+0000] {spark_submit.py:579} INFO - 24/10/11 13:59:27 INFO Utils: Copying /home/***/.ivy2/jars/org.wildfly.openssl_wildfly-openssl-1.0.7.Final.jar to /tmp/spark-416798db-00bc-4919-b958-16bbb19405a6/userFiles-03acedbf-8405-4670-beed-4eb93826d0f2/org.wildfly.openssl_wildfly-openssl-1.0.7.Final.jar
[2024-10-11T13:59:27.634+0000] {spark_submit.py:579} INFO - 24/10/11 13:59:27 INFO StandaloneAppClient$ClientEndpoint: Connecting to master spark://spark-master:7077...
[2024-10-11T13:59:27.679+0000] {spark_submit.py:579} INFO - 24/10/11 13:59:27 INFO TransportClientFactory: Successfully created connection to spark-master/172.18.0.4:7077 after 27 ms (0 ms spent in bootstraps)
[2024-10-11T13:59:27.783+0000] {spark_submit.py:579} INFO - 24/10/11 13:59:27 INFO StandaloneSchedulerBackend: Connected to Spark cluster with app ID app-20241011135927-0002
[2024-10-11T13:59:27.785+0000] {spark_submit.py:579} INFO - 24/10/11 13:59:27 INFO StandaloneAppClient$ClientEndpoint: Executor added: app-20241011135927-0002/0 on worker-20241011135506-172.18.0.6-44653 (172.18.0.6:44653) with 2 core(s)
[2024-10-11T13:59:27.789+0000] {spark_submit.py:579} INFO - 24/10/11 13:59:27 INFO StandaloneSchedulerBackend: Granted executor ID app-20241011135927-0002/0 on hostPort 172.18.0.6:44653 with 2 core(s), 2.0 GiB RAM
[2024-10-11T13:59:27.795+0000] {spark_submit.py:579} INFO - 24/10/11 13:59:27 INFO Utils: Successfully started service 'org.apache.spark.network.netty.NettyBlockTransferService' on port 42653.
[2024-10-11T13:59:27.796+0000] {spark_submit.py:579} INFO - 24/10/11 13:59:27 INFO NettyBlockTransferService: Server created on 84076e7a47fe:42653
[2024-10-11T13:59:27.799+0000] {spark_submit.py:579} INFO - 24/10/11 13:59:27 INFO BlockManager: Using org.apache.spark.storage.RandomBlockReplicationPolicy for block replication policy
[2024-10-11T13:59:27.814+0000] {spark_submit.py:579} INFO - 24/10/11 13:59:27 INFO BlockManagerMaster: Registering BlockManager BlockManagerId(driver, 84076e7a47fe, 42653, None)
[2024-10-11T13:59:27.821+0000] {spark_submit.py:579} INFO - 24/10/11 13:59:27 INFO BlockManagerMasterEndpoint: Registering block manager 84076e7a47fe:42653 with 434.4 MiB RAM, BlockManagerId(driver, 84076e7a47fe, 42653, None)
[2024-10-11T13:59:27.822+0000] {spark_submit.py:579} INFO - 24/10/11 13:59:27 INFO StandaloneAppClient$ClientEndpoint: Executor updated: app-20241011135927-0002/0 is now RUNNING
[2024-10-11T13:59:27.826+0000] {spark_submit.py:579} INFO - 24/10/11 13:59:27 INFO BlockManagerMaster: Registered BlockManager BlockManagerId(driver, 84076e7a47fe, 42653, None)
[2024-10-11T13:59:27.828+0000] {spark_submit.py:579} INFO - 24/10/11 13:59:27 INFO BlockManager: Initialized BlockManager: BlockManagerId(driver, 84076e7a47fe, 42653, None)
[2024-10-11T13:59:28.103+0000] {spark_submit.py:579} INFO - 24/10/11 13:59:28 INFO StandaloneSchedulerBackend: SchedulerBackend is ready for scheduling beginning after reached minRegisteredResourcesRatio: 0.0
[2024-10-11T13:59:28.399+0000] {spark_submit.py:579} INFO - 2024-10-11 13:59:28,398 INFO: Spark session initialized successfully.
[2024-10-11T13:59:28.400+0000] {spark_submit.py:579} INFO - 2024-10-11 13:59:28,399 INFO: Reading data from s3a://lakehouse/bronze/keywords.parquet
[2024-10-11T13:59:28.409+0000] {spark_submit.py:579} INFO - 24/10/11 13:59:28 INFO SharedState: Setting hive.metastore.warehouse.dir ('null') to the value of spark.sql.warehouse.dir.
[2024-10-11T13:59:28.666+0000] {spark_submit.py:579} INFO - 24/10/11 13:59:28 WARN MetricsConfig: Cannot locate configuration: tried hadoop-metrics2-s3a-file-system.properties,hadoop-metrics2.properties
[2024-10-11T13:59:28.688+0000] {spark_submit.py:579} INFO - 24/10/11 13:59:28 INFO MetricsSystemImpl: Scheduled Metric snapshot period at 10 second(s).
[2024-10-11T13:59:28.689+0000] {spark_submit.py:579} INFO - 24/10/11 13:59:28 INFO MetricsSystemImpl: s3a-file-system metrics system started
[2024-10-11T13:59:29.866+0000] {spark_submit.py:579} INFO - 24/10/11 13:59:29 INFO SharedState: Warehouse path is 's3a://lakehouse/'.
[2024-10-11T13:59:30.499+0000] {spark_submit.py:579} INFO - 24/10/11 13:59:30 INFO StandaloneSchedulerBackend$StandaloneDriverEndpoint: Registered executor NettyRpcEndpointRef(spark-client://Executor) (172.18.0.6:37752) with ID 0,  ResourceProfileId 0
[2024-10-11T13:59:30.583+0000] {spark_submit.py:579} INFO - 24/10/11 13:59:30 INFO BlockManagerMasterEndpoint: Registering block manager 172.18.0.6:36267 with 1048.8 MiB RAM, BlockManagerId(0, 172.18.0.6, 36267, None)
[2024-10-11T13:59:31.482+0000] {spark_submit.py:579} INFO - 24/10/11 13:59:31 INFO InMemoryFileIndex: It took 93 ms to list leaf files for 1 paths.
[2024-10-11T13:59:33.713+0000] {spark_submit.py:579} INFO - 2024-10-11 13:59:33,713 INFO: Cleaning data...
[2024-10-11T13:59:33.803+0000] {spark_submit.py:579} INFO - 2024-10-11 13:59:33,803 INFO: Saving cleaned data to s3a://lakehouse/silver
[2024-10-11T13:59:35.054+0000] {spark_submit.py:579} INFO - 24/10/11 13:59:35 INFO DeltaLog: Creating initial snapshot without metadata, because the directory is empty
[2024-10-11T13:59:35.180+0000] {spark_submit.py:579} INFO - 24/10/11 13:59:35 INFO InitialSnapshot: [tableId=65fd0757-6fac-4e15-9b7e-46f8ea3239c6] Created snapshot InitialSnapshot(path=s3a://lakehouse/silver/_delta_log, version=-1, metadata=Metadata(2564fb1b-9d36-4b21-b873-4e188719bf7d,null,null,Format(parquet,Map()),null,List(),Map(),Some(1728655175169)), logSegment=LogSegment(s3a://lakehouse/silver/_delta_log,-1,List(),None,-1), checksumOpt=None)
[2024-10-11T13:59:35.288+0000] {spark_submit.py:579} INFO - 24/10/11 13:59:35 INFO DeltaLog: No delta log found for the Delta table at s3a://lakehouse/silver/_delta_log
[2024-10-11T13:59:35.289+0000] {spark_submit.py:579} INFO - 24/10/11 13:59:35 INFO InitialSnapshot: [tableId=2564fb1b-9d36-4b21-b873-4e188719bf7d] Created snapshot InitialSnapshot(path=s3a://lakehouse/silver/_delta_log, version=-1, metadata=Metadata(8b89f3fd-f1b8-4989-840d-f4c983aa87c9,null,null,Format(parquet,Map()),null,List(),Map(),Some(1728655175288)), logSegment=LogSegment(s3a://lakehouse/silver/_delta_log,-1,List(),None,-1), checksumOpt=None)
[2024-10-11T13:59:35.388+0000] {spark_submit.py:579} INFO - 24/10/11 13:59:35 INFO OptimisticTransaction: [tableId=8b89f3fd,txnId=56fbf5c4] Updated metadata from - to Metadata(42e57ff1-f304-4e49-8405-baba63358fe8,null,null,Format(parquet,Map()),{"type":"struct","fields":[{"name":"id","type":"string","nullable":true,"metadata":{}},{"name":"keywords","type":"string","nullable":true,"metadata":{}}]},List(),Map(),Some(1728655175373))
[2024-10-11T13:59:35.969+0000] {spark_submit.py:579} INFO - 24/10/11 13:59:35 INFO FileSourceStrategy: Pushed Filters: IsNotNull(keywords)
[2024-10-11T13:59:35.970+0000] {spark_submit.py:579} INFO - 24/10/11 13:59:35 INFO FileSourceStrategy: Post-Scan Filters: isnotnull(keywords#1)
[2024-10-11T13:59:36.128+0000] {spark_submit.py:579} INFO - 24/10/11 13:59:36 INFO ParquetUtils: Using default output committer for Parquet: org.apache.parquet.hadoop.ParquetOutputCommitter
[2024-10-11T13:59:36.216+0000] {spark_submit.py:579} INFO - 24/10/11 13:59:36 INFO HashAggregateExec: spark.sql.codegen.aggregate.map.twolevel.enabled is set to true, but current version of codegened fast hashmap does not support this aggregate.
[2024-10-11T13:59:36.566+0000] {spark_submit.py:579} INFO - 24/10/11 13:59:36 INFO CodeGenerator: Code generated in 277.33611 ms
[2024-10-11T13:59:36.622+0000] {spark_submit.py:579} INFO - 24/10/11 13:59:36 INFO MemoryStore: Block broadcast_0 stored as values in memory (estimated size 204.8 KiB, free 434.2 MiB)
[2024-10-11T13:59:36.686+0000] {spark_submit.py:579} INFO - 24/10/11 13:59:36 INFO MemoryStore: Block broadcast_0_piece0 stored as bytes in memory (estimated size 36.0 KiB, free 434.2 MiB)
[2024-10-11T13:59:36.690+0000] {spark_submit.py:579} INFO - 24/10/11 13:59:36 INFO BlockManagerInfo: Added broadcast_0_piece0 in memory on 84076e7a47fe:42653 (size: 36.0 KiB, free: 434.4 MiB)
[2024-10-11T13:59:36.697+0000] {spark_submit.py:579} INFO - 24/10/11 13:59:36 INFO SparkContext: Created broadcast 0 from save at NativeMethodAccessorImpl.java:0
[2024-10-11T13:59:36.722+0000] {spark_submit.py:579} INFO - 24/10/11 13:59:36 INFO FileSourceScanExec: Planning scan with bin packing, max size: 5213123 bytes, open cost is considered as scanning 4194304 bytes.
[2024-10-11T13:59:36.943+0000] {spark_submit.py:579} INFO - 24/10/11 13:59:36 INFO DAGScheduler: Registering RDD 3 (save at NativeMethodAccessorImpl.java:0) as input to shuffle 0
[2024-10-11T13:59:36.949+0000] {spark_submit.py:579} INFO - 24/10/11 13:59:36 INFO DAGScheduler: Got map stage job 0 (save at NativeMethodAccessorImpl.java:0) with 2 output partitions
[2024-10-11T13:59:36.950+0000] {spark_submit.py:579} INFO - 24/10/11 13:59:36 INFO DAGScheduler: Final stage: ShuffleMapStage 0 (save at NativeMethodAccessorImpl.java:0)
[2024-10-11T13:59:36.950+0000] {spark_submit.py:579} INFO - 24/10/11 13:59:36 INFO DAGScheduler: Parents of final stage: List()
[2024-10-11T13:59:36.952+0000] {spark_submit.py:579} INFO - 24/10/11 13:59:36 INFO DAGScheduler: Missing parents: List()
[2024-10-11T13:59:36.955+0000] {spark_submit.py:579} INFO - 24/10/11 13:59:36 INFO DAGScheduler: Submitting ShuffleMapStage 0 (MapPartitionsRDD[3] at save at NativeMethodAccessorImpl.java:0), which has no missing parents
[2024-10-11T13:59:36.989+0000] {spark_submit.py:579} INFO - 24/10/11 13:59:36 INFO MemoryStore: Block broadcast_1 stored as values in memory (estimated size 31.3 KiB, free 434.1 MiB)
[2024-10-11T13:59:36.999+0000] {spark_submit.py:579} INFO - 24/10/11 13:59:36 INFO MemoryStore: Block broadcast_1_piece0 stored as bytes in memory (estimated size 14.7 KiB, free 434.1 MiB)
[2024-10-11T13:59:37.001+0000] {spark_submit.py:579} INFO - 24/10/11 13:59:37 INFO BlockManagerInfo: Added broadcast_1_piece0 in memory on 84076e7a47fe:42653 (size: 14.7 KiB, free: 434.4 MiB)
[2024-10-11T13:59:37.002+0000] {spark_submit.py:579} INFO - 24/10/11 13:59:37 INFO SparkContext: Created broadcast 1 from broadcast at DAGScheduler.scala:1540
[2024-10-11T13:59:37.026+0000] {spark_submit.py:579} INFO - 24/10/11 13:59:37 INFO DAGScheduler: Submitting 2 missing tasks from ShuffleMapStage 0 (MapPartitionsRDD[3] at save at NativeMethodAccessorImpl.java:0) (first 15 tasks are for partitions Vector(0, 1))
[2024-10-11T13:59:37.027+0000] {spark_submit.py:579} INFO - 24/10/11 13:59:37 INFO TaskSchedulerImpl: Adding task set 0.0 with 2 tasks resource profile 0
[2024-10-11T13:59:37.061+0000] {spark_submit.py:579} INFO - 24/10/11 13:59:37 INFO TaskSetManager: Starting task 0.0 in stage 0.0 (TID 0) (172.18.0.6, executor 0, partition 0, PROCESS_LOCAL, 7912 bytes)
[2024-10-11T13:59:37.065+0000] {spark_submit.py:579} INFO - 24/10/11 13:59:37 INFO TaskSetManager: Starting task 1.0 in stage 0.0 (TID 1) (172.18.0.6, executor 0, partition 1, PROCESS_LOCAL, 7912 bytes)
[2024-10-11T13:59:37.315+0000] {spark_submit.py:579} INFO - 24/10/11 13:59:37 INFO BlockManagerInfo: Added broadcast_1_piece0 in memory on 172.18.0.6:36267 (size: 14.7 KiB, free: 1048.8 MiB)
[2024-10-11T13:59:38.540+0000] {spark_submit.py:579} INFO - 24/10/11 13:59:38 INFO BlockManagerInfo: Added broadcast_0_piece0 in memory on 172.18.0.6:36267 (size: 36.0 KiB, free: 1048.8 MiB)
[2024-10-11T13:59:40.812+0000] {spark_submit.py:579} INFO - 24/10/11 13:59:40 INFO TaskSetManager: Finished task 1.0 in stage 0.0 (TID 1) in 3746 ms on 172.18.0.6 (executor 0) (1/2)
[2024-10-11T13:59:40.941+0000] {spark_submit.py:579} INFO - 24/10/11 13:59:40 INFO TaskSetManager: Finished task 0.0 in stage 0.0 (TID 0) in 3890 ms on 172.18.0.6 (executor 0) (2/2)
[2024-10-11T13:59:40.943+0000] {spark_submit.py:579} INFO - 24/10/11 13:59:40 INFO TaskSchedulerImpl: Removed TaskSet 0.0, whose tasks have all completed, from pool
[2024-10-11T13:59:40.945+0000] {spark_submit.py:579} INFO - 24/10/11 13:59:40 INFO DAGScheduler: ShuffleMapStage 0 (save at NativeMethodAccessorImpl.java:0) finished in 3.973 s
[2024-10-11T13:59:40.947+0000] {spark_submit.py:579} INFO - 24/10/11 13:59:40 INFO DAGScheduler: looking for newly runnable stages
[2024-10-11T13:59:40.948+0000] {spark_submit.py:579} INFO - 24/10/11 13:59:40 INFO DAGScheduler: running: Set()
[2024-10-11T13:59:40.948+0000] {spark_submit.py:579} INFO - 24/10/11 13:59:40 INFO DAGScheduler: waiting: Set()
[2024-10-11T13:59:40.949+0000] {spark_submit.py:579} INFO - 24/10/11 13:59:40 INFO DAGScheduler: failed: Set()
[2024-10-11T13:59:40.978+0000] {spark_submit.py:579} INFO - 24/10/11 13:59:40 INFO ShufflePartitionsUtil: For shuffle(0), advisory target size: 67108864, actual target size 1590224, minimum partition size: 1048576
[2024-10-11T13:59:41.015+0000] {spark_submit.py:579} INFO - 24/10/11 13:59:41 INFO HashAggregateExec: spark.sql.codegen.aggregate.map.twolevel.enabled is set to true, but current version of codegened fast hashmap does not support this aggregate.
[2024-10-11T13:59:41.045+0000] {spark_submit.py:579} INFO - 24/10/11 13:59:41 INFO CodeGenerator: Code generated in 23.896876 ms
[2024-10-11T13:59:41.145+0000] {spark_submit.py:579} INFO - 24/10/11 13:59:41 INFO SparkContext: Starting job: save at NativeMethodAccessorImpl.java:0
[2024-10-11T13:59:41.149+0000] {spark_submit.py:579} INFO - 24/10/11 13:59:41 INFO DAGScheduler: Got job 1 (save at NativeMethodAccessorImpl.java:0) with 2 output partitions
[2024-10-11T13:59:41.150+0000] {spark_submit.py:579} INFO - 24/10/11 13:59:41 INFO DAGScheduler: Final stage: ResultStage 2 (save at NativeMethodAccessorImpl.java:0)
[2024-10-11T13:59:41.152+0000] {spark_submit.py:579} INFO - 24/10/11 13:59:41 INFO DAGScheduler: Parents of final stage: List(ShuffleMapStage 1)
[2024-10-11T13:59:41.153+0000] {spark_submit.py:579} INFO - 24/10/11 13:59:41 INFO DAGScheduler: Missing parents: List()
[2024-10-11T13:59:41.156+0000] {spark_submit.py:579} INFO - 24/10/11 13:59:41 INFO DAGScheduler: Submitting ResultStage 2 (MapPartitionsRDD[5] at save at NativeMethodAccessorImpl.java:0), which has no missing parents
[2024-10-11T13:59:41.171+0000] {spark_submit.py:579} INFO - 24/10/11 13:59:41 INFO BlockManagerInfo: Removed broadcast_1_piece0 on 84076e7a47fe:42653 in memory (size: 14.7 KiB, free: 434.4 MiB)
[2024-10-11T13:59:41.172+0000] {spark_submit.py:579} INFO - 24/10/11 13:59:41 INFO BlockManagerInfo: Removed broadcast_1_piece0 on 172.18.0.6:36267 in memory (size: 14.7 KiB, free: 1048.8 MiB)
[2024-10-11T13:59:41.205+0000] {spark_submit.py:579} INFO - 24/10/11 13:59:41 INFO MemoryStore: Block broadcast_2 stored as values in memory (estimated size 357.9 KiB, free 433.8 MiB)
[2024-10-11T13:59:41.209+0000] {spark_submit.py:579} INFO - 24/10/11 13:59:41 INFO MemoryStore: Block broadcast_2_piece0 stored as bytes in memory (estimated size 131.5 KiB, free 433.7 MiB)
[2024-10-11T13:59:41.211+0000] {spark_submit.py:579} INFO - 24/10/11 13:59:41 INFO BlockManagerInfo: Added broadcast_2_piece0 in memory on 84076e7a47fe:42653 (size: 131.5 KiB, free: 434.2 MiB)
[2024-10-11T13:59:41.212+0000] {spark_submit.py:579} INFO - 24/10/11 13:59:41 INFO SparkContext: Created broadcast 2 from broadcast at DAGScheduler.scala:1540
[2024-10-11T13:59:41.214+0000] {spark_submit.py:579} INFO - 24/10/11 13:59:41 INFO DAGScheduler: Submitting 2 missing tasks from ResultStage 2 (MapPartitionsRDD[5] at save at NativeMethodAccessorImpl.java:0) (first 15 tasks are for partitions Vector(0, 1))
[2024-10-11T13:59:41.215+0000] {spark_submit.py:579} INFO - 24/10/11 13:59:41 INFO TaskSchedulerImpl: Adding task set 2.0 with 2 tasks resource profile 0
[2024-10-11T13:59:41.231+0000] {spark_submit.py:579} INFO - 24/10/11 13:59:41 INFO TaskSetManager: Starting task 0.0 in stage 2.0 (TID 2) (172.18.0.6, executor 0, partition 0, NODE_LOCAL, 7367 bytes)
[2024-10-11T13:59:41.232+0000] {spark_submit.py:579} INFO - 24/10/11 13:59:41 INFO TaskSetManager: Starting task 1.0 in stage 2.0 (TID 3) (172.18.0.6, executor 0, partition 1, NODE_LOCAL, 7367 bytes)
[2024-10-11T13:59:41.272+0000] {spark_submit.py:579} INFO - 24/10/11 13:59:41 INFO BlockManagerInfo: Added broadcast_2_piece0 in memory on 172.18.0.6:36267 (size: 131.5 KiB, free: 1048.6 MiB)
[2024-10-11T13:59:41.504+0000] {spark_submit.py:579} INFO - 24/10/11 13:59:41 INFO MapOutputTrackerMasterEndpoint: Asked to send map output locations for shuffle 0 to 172.18.0.6:37752
[2024-10-11T13:59:44.645+0000] {spark_submit.py:579} INFO - 24/10/11 13:59:44 INFO TaskSetManager: Finished task 0.0 in stage 2.0 (TID 2) in 3425 ms on 172.18.0.6 (executor 0) (1/2)
[2024-10-11T13:59:44.645+0000] {spark_submit.py:579} INFO - 24/10/11 13:59:44 INFO TaskSetManager: Finished task 1.0 in stage 2.0 (TID 3) in 3414 ms on 172.18.0.6 (executor 0) (2/2)
[2024-10-11T13:59:44.646+0000] {spark_submit.py:579} INFO - 24/10/11 13:59:44 INFO TaskSchedulerImpl: Removed TaskSet 2.0, whose tasks have all completed, from pool
[2024-10-11T13:59:44.649+0000] {spark_submit.py:579} INFO - 24/10/11 13:59:44 INFO DAGScheduler: ResultStage 2 (save at NativeMethodAccessorImpl.java:0) finished in 3.470 s
[2024-10-11T13:59:44.652+0000] {spark_submit.py:579} INFO - 24/10/11 13:59:44 INFO DAGScheduler: Job 1 is finished. Cancelling potential speculative or zombie tasks for this job
[2024-10-11T13:59:44.653+0000] {spark_submit.py:579} INFO - 24/10/11 13:59:44 INFO TaskSchedulerImpl: Killing all running tasks in stage 2: Stage finished
[2024-10-11T13:59:44.656+0000] {spark_submit.py:579} INFO - 24/10/11 13:59:44 INFO DAGScheduler: Job 1 finished: save at NativeMethodAccessorImpl.java:0, took 3.509824 s
[2024-10-11T13:59:44.661+0000] {spark_submit.py:579} INFO - 24/10/11 13:59:44 INFO FileFormatWriter: Start to commit write Job ef6bc548-0186-411a-8e95-dacb0eb5d5a4.
[2024-10-11T13:59:44.664+0000] {spark_submit.py:579} INFO - 24/10/11 13:59:44 INFO FileFormatWriter: Write Job ef6bc548-0186-411a-8e95-dacb0eb5d5a4 committed. Elapsed time: 1 ms.
[2024-10-11T13:59:44.671+0000] {spark_submit.py:579} INFO - 24/10/11 13:59:44 INFO FileFormatWriter: Finished processing stats for write job ef6bc548-0186-411a-8e95-dacb0eb5d5a4.
[2024-10-11T13:59:45.191+0000] {spark_submit.py:579} INFO - 24/10/11 13:59:45 INFO BlockManagerInfo: Removed broadcast_2_piece0 on 84076e7a47fe:42653 in memory (size: 131.5 KiB, free: 434.4 MiB)
[2024-10-11T13:59:45.193+0000] {spark_submit.py:579} INFO - 24/10/11 13:59:45 INFO BlockManagerInfo: Removed broadcast_2_piece0 on 172.18.0.6:36267 in memory (size: 131.5 KiB, free: 1048.8 MiB)
[2024-10-11T13:59:46.132+0000] {spark_submit.py:579} INFO - 24/10/11 13:59:46 INFO CodeGenerator: Code generated in 225.985164 ms
[2024-10-11T13:59:46.194+0000] {spark_submit.py:579} INFO - 24/10/11 13:59:46 INFO SparkContext: Starting job: $anonfun$recordDeltaOperationInternal$1 at DatabricksLogging.scala:128
[2024-10-11T13:59:46.195+0000] {spark_submit.py:579} INFO - 24/10/11 13:59:46 INFO DAGScheduler: Job 2 finished: $anonfun$recordDeltaOperationInternal$1 at DatabricksLogging.scala:128, took 0.000315 s
[2024-10-11T13:59:46.260+0000] {spark_submit.py:579} INFO - 24/10/11 13:59:46 INFO OptimisticTransaction: [tableId=8b89f3fd,txnId=56fbf5c4] Attempting to commit version 0 with 5 actions with Serializable isolation level
[2024-10-11T13:59:46.522+0000] {spark_submit.py:579} INFO - 24/10/11 13:59:46 INFO DeltaLog: Creating a new snapshot v0 for commit version 0
[2024-10-11T13:59:46.523+0000] {spark_submit.py:579} INFO - 24/10/11 13:59:46 INFO DeltaLog: Loading version 0.
[2024-10-11T13:59:46.539+0000] {spark_submit.py:579} INFO - 24/10/11 13:59:46 INFO DeltaLogFileIndex: Created DeltaLogFileIndex(JSON, numFilesInSegment: 1, totalFileSize: 1630)
[2024-10-11T13:59:46.688+0000] {spark_submit.py:579} INFO - 24/10/11 13:59:46 INFO FileSourceStrategy: Pushed Filters:
[2024-10-11T13:59:46.689+0000] {spark_submit.py:579} INFO - 24/10/11 13:59:46 INFO FileSourceStrategy: Post-Scan Filters:
[2024-10-11T13:59:46.741+0000] {spark_submit.py:579} INFO - 24/10/11 13:59:46 INFO CodeGenerator: Code generated in 32.928897 ms
[2024-10-11T13:59:46.745+0000] {spark_submit.py:579} INFO - 24/10/11 13:59:46 INFO MemoryStore: Block broadcast_3 stored as values in memory (estimated size 205.1 KiB, free 434.0 MiB)
[2024-10-11T13:59:46.757+0000] {spark_submit.py:579} INFO - 24/10/11 13:59:46 INFO MemoryStore: Block broadcast_3_piece0 stored as bytes in memory (estimated size 36.1 KiB, free 433.9 MiB)
[2024-10-11T13:59:46.758+0000] {spark_submit.py:579} INFO - 24/10/11 13:59:46 INFO BlockManagerInfo: Added broadcast_3_piece0 in memory on 84076e7a47fe:42653 (size: 36.1 KiB, free: 434.3 MiB)
[2024-10-11T13:59:46.759+0000] {spark_submit.py:579} INFO - 24/10/11 13:59:46 INFO SparkContext: Created broadcast 3 from toString at String.java:2951
[2024-10-11T13:59:46.772+0000] {spark_submit.py:579} INFO - 24/10/11 13:59:46 INFO FileSourceScanExec: Planning scan with bin packing, max size: 4194304 bytes, open cost is considered as scanning 4194304 bytes.
[2024-10-11T13:59:46.803+0000] {spark_submit.py:579} INFO - 24/10/11 13:59:46 INFO SparkContext: Starting job: toString at String.java:2951
[2024-10-11T13:59:46.804+0000] {spark_submit.py:579} INFO - 24/10/11 13:59:46 INFO DAGScheduler: Got job 3 (toString at String.java:2951) with 1 output partitions
[2024-10-11T13:59:46.804+0000] {spark_submit.py:579} INFO - 24/10/11 13:59:46 INFO DAGScheduler: Final stage: ResultStage 3 (toString at String.java:2951)
[2024-10-11T13:59:46.805+0000] {spark_submit.py:579} INFO - 24/10/11 13:59:46 INFO DAGScheduler: Parents of final stage: List()
[2024-10-11T13:59:46.805+0000] {spark_submit.py:579} INFO - 24/10/11 13:59:46 INFO DAGScheduler: Missing parents: List()
[2024-10-11T13:59:46.806+0000] {spark_submit.py:579} INFO - 24/10/11 13:59:46 INFO DAGScheduler: Submitting ResultStage 3 (MapPartitionsRDD[13] at toString at String.java:2951), which has no missing parents
[2024-10-11T13:59:46.808+0000] {spark_submit.py:579} INFO - 24/10/11 13:59:46 INFO MemoryStore: Block broadcast_4 stored as values in memory (estimated size 50.4 KiB, free 433.9 MiB)
[2024-10-11T13:59:46.815+0000] {spark_submit.py:579} INFO - 24/10/11 13:59:46 INFO MemoryStore: Block broadcast_4_piece0 stored as bytes in memory (estimated size 15.5 KiB, free 433.9 MiB)
[2024-10-11T13:59:46.816+0000] {spark_submit.py:579} INFO - 24/10/11 13:59:46 INFO BlockManagerInfo: Added broadcast_4_piece0 in memory on 84076e7a47fe:42653 (size: 15.5 KiB, free: 434.3 MiB)
[2024-10-11T13:59:46.817+0000] {spark_submit.py:579} INFO - 24/10/11 13:59:46 INFO SparkContext: Created broadcast 4 from broadcast at DAGScheduler.scala:1540
[2024-10-11T13:59:46.818+0000] {spark_submit.py:579} INFO - 24/10/11 13:59:46 INFO DAGScheduler: Submitting 1 missing tasks from ResultStage 3 (MapPartitionsRDD[13] at toString at String.java:2951) (first 15 tasks are for partitions Vector(0))
[2024-10-11T13:59:46.818+0000] {spark_submit.py:579} INFO - 24/10/11 13:59:46 INFO TaskSchedulerImpl: Adding task set 3.0 with 1 tasks resource profile 0
[2024-10-11T13:59:46.820+0000] {spark_submit.py:579} INFO - 24/10/11 13:59:46 INFO TaskSetManager: Starting task 0.0 in stage 3.0 (TID 4) (172.18.0.6, executor 0, partition 0, PROCESS_LOCAL, 7943 bytes)
[2024-10-11T13:59:46.848+0000] {spark_submit.py:579} INFO - 24/10/11 13:59:46 INFO BlockManagerInfo: Added broadcast_4_piece0 in memory on 172.18.0.6:36267 (size: 15.5 KiB, free: 1048.7 MiB)
[2024-10-11T13:59:47.065+0000] {spark_submit.py:579} INFO - 24/10/11 13:59:47 INFO BlockManagerInfo: Added broadcast_3_piece0 in memory on 172.18.0.6:36267 (size: 36.1 KiB, free: 1048.7 MiB)
[2024-10-11T13:59:47.130+0000] {spark_submit.py:579} INFO - 24/10/11 13:59:47 INFO TaskSetManager: Finished task 0.0 in stage 3.0 (TID 4) in 311 ms on 172.18.0.6 (executor 0) (1/1)
[2024-10-11T13:59:47.131+0000] {spark_submit.py:579} INFO - 24/10/11 13:59:47 INFO TaskSchedulerImpl: Removed TaskSet 3.0, whose tasks have all completed, from pool
[2024-10-11T13:59:47.132+0000] {spark_submit.py:579} INFO - 24/10/11 13:59:47 INFO DAGScheduler: ResultStage 3 (toString at String.java:2951) finished in 0.325 s
[2024-10-11T13:59:47.132+0000] {spark_submit.py:579} INFO - 24/10/11 13:59:47 INFO DAGScheduler: Job 3 is finished. Cancelling potential speculative or zombie tasks for this job
[2024-10-11T13:59:47.133+0000] {spark_submit.py:579} INFO - 24/10/11 13:59:47 INFO TaskSchedulerImpl: Killing all running tasks in stage 3: Stage finished
[2024-10-11T13:59:47.134+0000] {spark_submit.py:579} INFO - 24/10/11 13:59:47 INFO DAGScheduler: Job 3 finished: toString at String.java:2951, took 0.329837 s
[2024-10-11T13:59:47.185+0000] {spark_submit.py:579} INFO - 24/10/11 13:59:47 INFO CodeGenerator: Code generated in 27.643073 ms
[2024-10-11T13:59:47.192+0000] {spark_submit.py:579} INFO - 24/10/11 13:59:47 INFO Snapshot: [tableId=8b89f3fd-f1b8-4989-840d-f4c983aa87c9] Created snapshot Snapshot(path=s3a://lakehouse/silver/_delta_log, version=0, metadata=Metadata(42e57ff1-f304-4e49-8405-baba63358fe8,null,null,Format(parquet,Map()),{"type":"struct","fields":[{"name":"id","type":"string","nullable":true,"metadata":{}},{"name":"keywords","type":"string","nullable":true,"metadata":{}}]},List(),Map(),Some(1728655175373)), logSegment=LogSegment(s3a://lakehouse/silver/_delta_log,0,WrappedArray(S3AFileStatus{path=s3a://lakehouse/silver/_delta_log/00000000000000000000.json; isDirectory=false; length=1630; replication=1; blocksize=33554432; modification_time=1728655186462; access_time=0; owner=***; group=***; permission=rw-rw-rw-; isSymlink=false; hasAcl=false; isEncrypted=true; isErasureCoded=false} isEmptyDirectory=FALSE eTag=b03d98402a653956c7384e30f31b26a2 versionId=null),None,1728655186462), checksumOpt=None)
[2024-10-11T13:59:47.193+0000] {spark_submit.py:579} INFO - 24/10/11 13:59:47 INFO DeltaLog: Updated snapshot to Snapshot(path=s3a://lakehouse/silver/_delta_log, version=0, metadata=Metadata(42e57ff1-f304-4e49-8405-baba63358fe8,null,null,Format(parquet,Map()),{"type":"struct","fields":[{"name":"id","type":"string","nullable":true,"metadata":{}},{"name":"keywords","type":"string","nullable":true,"metadata":{}}]},List(),Map(),Some(1728655175373)), logSegment=LogSegment(s3a://lakehouse/silver/_delta_log,0,WrappedArray(S3AFileStatus{path=s3a://lakehouse/silver/_delta_log/00000000000000000000.json; isDirectory=false; length=1630; replication=1; blocksize=33554432; modification_time=1728655186462; access_time=0; owner=***; group=***; permission=rw-rw-rw-; isSymlink=false; hasAcl=false; isEncrypted=true; isErasureCoded=false} isEmptyDirectory=FALSE eTag=b03d98402a653956c7384e30f31b26a2 versionId=null),None,1728655186462), checksumOpt=None)
[2024-10-11T13:59:47.195+0000] {spark_submit.py:579} INFO - 24/10/11 13:59:47 INFO Snapshot: [tableId=42e57ff1-f304-4e49-8405-baba63358fe8] DELTA: Compute snapshot for version: 0
[2024-10-11T13:59:47.213+0000] {spark_submit.py:579} INFO - 24/10/11 13:59:47 INFO MemoryStore: Block broadcast_5 stored as values in memory (estimated size 204.8 KiB, free 433.7 MiB)
[2024-10-11T13:59:47.226+0000] {spark_submit.py:579} INFO - 24/10/11 13:59:47 INFO BlockManagerInfo: Removed broadcast_4_piece0 on 84076e7a47fe:42653 in memory (size: 15.5 KiB, free: 434.3 MiB)
[2024-10-11T13:59:47.229+0000] {spark_submit.py:579} INFO - 24/10/11 13:59:47 INFO MemoryStore: Block broadcast_5_piece0 stored as bytes in memory (estimated size 36.1 KiB, free 433.7 MiB)
[2024-10-11T13:59:47.230+0000] {spark_submit.py:579} INFO - 24/10/11 13:59:47 INFO BlockManagerInfo: Added broadcast_5_piece0 in memory on 84076e7a47fe:42653 (size: 36.1 KiB, free: 434.3 MiB)
[2024-10-11T13:59:47.231+0000] {spark_submit.py:579} INFO - 24/10/11 13:59:47 INFO BlockManagerInfo: Removed broadcast_4_piece0 on 172.18.0.6:36267 in memory (size: 15.5 KiB, free: 1048.7 MiB)
[2024-10-11T13:59:47.232+0000] {spark_submit.py:579} INFO - 24/10/11 13:59:47 INFO SparkContext: Created broadcast 5 from $anonfun$recordDeltaOperationInternal$1 at DatabricksLogging.scala:128
[2024-10-11T13:59:47.446+0000] {spark_submit.py:579} INFO - 24/10/11 13:59:47 INFO BlockManagerInfo: Removed broadcast_3_piece0 on 84076e7a47fe:42653 in memory (size: 36.1 KiB, free: 434.3 MiB)
[2024-10-11T13:59:47.447+0000] {spark_submit.py:579} INFO - 24/10/11 13:59:47 INFO BlockManagerInfo: Removed broadcast_3_piece0 on 172.18.0.6:36267 in memory (size: 36.1 KiB, free: 1048.8 MiB)
[2024-10-11T13:59:47.629+0000] {spark_submit.py:579} INFO - 24/10/11 13:59:47 INFO FileSourceStrategy: Pushed Filters:
[2024-10-11T13:59:47.630+0000] {spark_submit.py:579} INFO - 24/10/11 13:59:47 INFO FileSourceStrategy: Post-Scan Filters:
[2024-10-11T13:59:47.660+0000] {spark_submit.py:579} INFO - 24/10/11 13:59:47 WARN package: Truncated the string representation of a plan since it was too large. This behavior can be adjusted by setting 'spark.sql.debug.maxToStringFields'.
[2024-10-11T13:59:47.806+0000] {spark_submit.py:579} INFO - 24/10/11 13:59:47 INFO CodeGenerator: Code generated in 70.805342 ms
[2024-10-11T13:59:47.810+0000] {spark_submit.py:579} INFO - 24/10/11 13:59:47 INFO MemoryStore: Block broadcast_6 stored as values in memory (estimated size 205.1 KiB, free 433.7 MiB)
[2024-10-11T13:59:47.822+0000] {spark_submit.py:579} INFO - 24/10/11 13:59:47 INFO MemoryStore: Block broadcast_6_piece0 stored as bytes in memory (estimated size 36.1 KiB, free 433.7 MiB)
[2024-10-11T13:59:47.823+0000] {spark_submit.py:579} INFO - 24/10/11 13:59:47 INFO BlockManagerInfo: Added broadcast_6_piece0 in memory on 84076e7a47fe:42653 (size: 36.1 KiB, free: 434.3 MiB)
[2024-10-11T13:59:47.825+0000] {spark_submit.py:579} INFO - 24/10/11 13:59:47 INFO SparkContext: Created broadcast 6 from $anonfun$recordDeltaOperationInternal$1 at DatabricksLogging.scala:128
[2024-10-11T13:59:47.826+0000] {spark_submit.py:579} INFO - 24/10/11 13:59:47 INFO FileSourceScanExec: Planning scan with bin packing, max size: 4194304 bytes, open cost is considered as scanning 4194304 bytes.
[2024-10-11T13:59:47.854+0000] {spark_submit.py:579} INFO - 24/10/11 13:59:47 INFO DAGScheduler: Registering RDD 17 ($anonfun$recordDeltaOperationInternal$1 at DatabricksLogging.scala:128) as input to shuffle 1
[2024-10-11T13:59:47.855+0000] {spark_submit.py:579} INFO - 24/10/11 13:59:47 INFO DAGScheduler: Got map stage job 4 ($anonfun$recordDeltaOperationInternal$1 at DatabricksLogging.scala:128) with 1 output partitions
[2024-10-11T13:59:47.856+0000] {spark_submit.py:579} INFO - 24/10/11 13:59:47 INFO DAGScheduler: Final stage: ShuffleMapStage 4 ($anonfun$recordDeltaOperationInternal$1 at DatabricksLogging.scala:128)
[2024-10-11T13:59:47.856+0000] {spark_submit.py:579} INFO - 24/10/11 13:59:47 INFO DAGScheduler: Parents of final stage: List()
[2024-10-11T13:59:47.858+0000] {spark_submit.py:579} INFO - 24/10/11 13:59:47 INFO DAGScheduler: Missing parents: List()
[2024-10-11T13:59:47.859+0000] {spark_submit.py:579} INFO - 24/10/11 13:59:47 INFO DAGScheduler: Submitting ShuffleMapStage 4 (MapPartitionsRDD[17] at $anonfun$recordDeltaOperationInternal$1 at DatabricksLogging.scala:128), which has no missing parents
[2024-10-11T13:59:47.871+0000] {spark_submit.py:579} INFO - 24/10/11 13:59:47 INFO MemoryStore: Block broadcast_7 stored as values in memory (estimated size 138.3 KiB, free 433.6 MiB)
[2024-10-11T13:59:47.879+0000] {spark_submit.py:579} INFO - 24/10/11 13:59:47 INFO MemoryStore: Block broadcast_7_piece0 stored as bytes in memory (estimated size 39.0 KiB, free 433.5 MiB)
[2024-10-11T13:59:47.881+0000] {spark_submit.py:579} INFO - 24/10/11 13:59:47 INFO BlockManagerInfo: Added broadcast_7_piece0 in memory on 84076e7a47fe:42653 (size: 39.0 KiB, free: 434.3 MiB)
[2024-10-11T13:59:47.882+0000] {spark_submit.py:579} INFO - 24/10/11 13:59:47 INFO SparkContext: Created broadcast 7 from broadcast at DAGScheduler.scala:1540
[2024-10-11T13:59:47.883+0000] {spark_submit.py:579} INFO - 24/10/11 13:59:47 INFO DAGScheduler: Submitting 1 missing tasks from ShuffleMapStage 4 (MapPartitionsRDD[17] at $anonfun$recordDeltaOperationInternal$1 at DatabricksLogging.scala:128) (first 15 tasks are for partitions Vector(0))
[2024-10-11T13:59:47.884+0000] {spark_submit.py:579} INFO - 24/10/11 13:59:47 INFO TaskSchedulerImpl: Adding task set 4.0 with 1 tasks resource profile 0
[2024-10-11T13:59:47.886+0000] {spark_submit.py:579} INFO - 24/10/11 13:59:47 INFO TaskSetManager: Starting task 0.0 in stage 4.0 (TID 5) (172.18.0.6, executor 0, partition 0, PROCESS_LOCAL, 7932 bytes)
[2024-10-11T13:59:47.912+0000] {spark_submit.py:579} INFO - 24/10/11 13:59:47 INFO BlockManagerInfo: Added broadcast_7_piece0 in memory on 172.18.0.6:36267 (size: 39.0 KiB, free: 1048.7 MiB)
[2024-10-11T13:59:48.205+0000] {spark_submit.py:579} INFO - 24/10/11 13:59:48 INFO BlockManagerInfo: Added broadcast_6_piece0 in memory on 172.18.0.6:36267 (size: 36.1 KiB, free: 1048.7 MiB)
[2024-10-11T13:59:48.243+0000] {spark_submit.py:579} INFO - 24/10/11 13:59:48 INFO TaskSetManager: Finished task 0.0 in stage 4.0 (TID 5) in 358 ms on 172.18.0.6 (executor 0) (1/1)
[2024-10-11T13:59:48.244+0000] {spark_submit.py:579} INFO - 24/10/11 13:59:48 INFO TaskSchedulerImpl: Removed TaskSet 4.0, whose tasks have all completed, from pool
[2024-10-11T13:59:48.244+0000] {spark_submit.py:579} INFO - 24/10/11 13:59:48 INFO DAGScheduler: ShuffleMapStage 4 ($anonfun$recordDeltaOperationInternal$1 at DatabricksLogging.scala:128) finished in 0.384 s
[2024-10-11T13:59:48.245+0000] {spark_submit.py:579} INFO - 24/10/11 13:59:48 INFO DAGScheduler: looking for newly runnable stages
[2024-10-11T13:59:48.246+0000] {spark_submit.py:579} INFO - 24/10/11 13:59:48 INFO DAGScheduler: running: Set()
[2024-10-11T13:59:48.246+0000] {spark_submit.py:579} INFO - 24/10/11 13:59:48 INFO DAGScheduler: waiting: Set()
[2024-10-11T13:59:48.247+0000] {spark_submit.py:579} INFO - 24/10/11 13:59:48 INFO DAGScheduler: failed: Set()
[2024-10-11T13:59:48.305+0000] {spark_submit.py:579} INFO - 24/10/11 13:59:48 INFO BlockManagerInfo: Removed broadcast_7_piece0 on 84076e7a47fe:42653 in memory (size: 39.0 KiB, free: 434.3 MiB)
[2024-10-11T13:59:48.308+0000] {spark_submit.py:579} INFO - 24/10/11 13:59:48 INFO BlockManagerInfo: Removed broadcast_7_piece0 on 172.18.0.6:36267 in memory (size: 39.0 KiB, free: 1048.7 MiB)
[2024-10-11T13:59:48.539+0000] {spark_submit.py:579} INFO - 24/10/11 13:59:48 INFO CodeGenerator: Generated method too long to be JIT compiled: org.apache.spark.sql.catalyst.expressions.GeneratedClass$GeneratedIteratorForCodegenStage3.serializefromobject_doConsume_0$ is 19938 bytes
[2024-10-11T13:59:48.539+0000] {spark_submit.py:579} INFO - 24/10/11 13:59:48 INFO CodeGenerator: Code generated in 193.333137 ms
[2024-10-11T13:59:48.614+0000] {spark_submit.py:579} INFO - 24/10/11 13:59:48 INFO CodeGenerator: Code generated in 48.196204 ms
[2024-10-11T13:59:48.941+0000] {spark_submit.py:579} INFO - 24/10/11 13:59:48 INFO CodeGenerator: Code generated in 52.94821 ms
[2024-10-11T13:59:48.956+0000] {spark_submit.py:579} INFO - 24/10/11 13:59:48 INFO DAGScheduler: Registering RDD 27 ($anonfun$recordDeltaOperationInternal$1 at DatabricksLogging.scala:128) as input to shuffle 2
[2024-10-11T13:59:48.956+0000] {spark_submit.py:579} INFO - 24/10/11 13:59:48 INFO DAGScheduler: Got map stage job 5 ($anonfun$recordDeltaOperationInternal$1 at DatabricksLogging.scala:128) with 50 output partitions
[2024-10-11T13:59:48.957+0000] {spark_submit.py:579} INFO - 24/10/11 13:59:48 INFO DAGScheduler: Final stage: ShuffleMapStage 6 ($anonfun$recordDeltaOperationInternal$1 at DatabricksLogging.scala:128)
[2024-10-11T13:59:48.957+0000] {spark_submit.py:579} INFO - 24/10/11 13:59:48 INFO DAGScheduler: Parents of final stage: List(ShuffleMapStage 5)
[2024-10-11T13:59:48.963+0000] {spark_submit.py:579} INFO - 24/10/11 13:59:48 INFO DAGScheduler: Missing parents: List()
[2024-10-11T13:59:48.964+0000] {spark_submit.py:579} INFO - 24/10/11 13:59:48 INFO DAGScheduler: Submitting ShuffleMapStage 6 (MapPartitionsRDD[27] at $anonfun$recordDeltaOperationInternal$1 at DatabricksLogging.scala:128), which has no missing parents
[2024-10-11T13:59:49.099+0000] {spark_submit.py:579} INFO - 24/10/11 13:59:49 INFO MemoryStore: Block broadcast_8 stored as values in memory (estimated size 517.0 KiB, free 433.2 MiB)
[2024-10-11T13:59:49.103+0000] {spark_submit.py:579} INFO - 24/10/11 13:59:49 INFO MemoryStore: Block broadcast_8_piece0 stored as bytes in memory (estimated size 123.4 KiB, free 433.1 MiB)
[2024-10-11T13:59:49.104+0000] {spark_submit.py:579} INFO - 24/10/11 13:59:49 INFO BlockManagerInfo: Added broadcast_8_piece0 in memory on 84076e7a47fe:42653 (size: 123.4 KiB, free: 434.2 MiB)
[2024-10-11T13:59:49.105+0000] {spark_submit.py:579} INFO - 24/10/11 13:59:49 INFO SparkContext: Created broadcast 8 from broadcast at DAGScheduler.scala:1540
[2024-10-11T13:59:49.106+0000] {spark_submit.py:579} INFO - 24/10/11 13:59:49 INFO DAGScheduler: Submitting 50 missing tasks from ShuffleMapStage 6 (MapPartitionsRDD[27] at $anonfun$recordDeltaOperationInternal$1 at DatabricksLogging.scala:128) (first 15 tasks are for partitions Vector(0, 1, 2, 3, 4, 5, 6, 7, 8, 9, 10, 11, 12, 13, 14))
[2024-10-11T13:59:49.107+0000] {spark_submit.py:579} INFO - 24/10/11 13:59:49 INFO TaskSchedulerImpl: Adding task set 6.0 with 50 tasks resource profile 0
[2024-10-11T13:59:49.108+0000] {spark_submit.py:579} INFO - 24/10/11 13:59:49 INFO TaskSetManager: Starting task 18.0 in stage 6.0 (TID 6) (172.18.0.6, executor 0, partition 18, NODE_LOCAL, 7356 bytes)
[2024-10-11T13:59:49.109+0000] {spark_submit.py:579} INFO - 24/10/11 13:59:49 INFO TaskSetManager: Starting task 42.0 in stage 6.0 (TID 7) (172.18.0.6, executor 0, partition 42, NODE_LOCAL, 7356 bytes)
[2024-10-11T13:59:49.138+0000] {spark_submit.py:579} INFO - 24/10/11 13:59:49 INFO BlockManagerInfo: Added broadcast_8_piece0 in memory on 172.18.0.6:36267 (size: 123.4 KiB, free: 1048.6 MiB)
[2024-10-11T13:59:49.273+0000] {spark_submit.py:579} INFO - 24/10/11 13:59:49 INFO MapOutputTrackerMasterEndpoint: Asked to send map output locations for shuffle 1 to 172.18.0.6:37752
[2024-10-11T13:59:50.012+0000] {spark_submit.py:579} INFO - 24/10/11 13:59:50 INFO BlockManagerInfo: Added rdd_24_42 in memory on 172.18.0.6:36267 (size: 451.0 B, free: 1048.6 MiB)
[2024-10-11T13:59:50.012+0000] {spark_submit.py:579} INFO - 24/10/11 13:59:50 INFO BlockManagerInfo: Added rdd_24_18 in memory on 172.18.0.6:36267 (size: 463.0 B, free: 1048.6 MiB)
[2024-10-11T13:59:50.259+0000] {spark_submit.py:579} INFO - 24/10/11 13:59:50 INFO TaskSetManager: Starting task 47.0 in stage 6.0 (TID 8) (172.18.0.6, executor 0, partition 47, NODE_LOCAL, 7356 bytes)
[2024-10-11T13:59:50.261+0000] {spark_submit.py:579} INFO - 24/10/11 13:59:50 INFO TaskSetManager: Finished task 42.0 in stage 6.0 (TID 7) in 1152 ms on 172.18.0.6 (executor 0) (1/50)
[2024-10-11T13:59:50.263+0000] {spark_submit.py:579} INFO - 24/10/11 13:59:50 INFO TaskSetManager: Starting task 0.0 in stage 6.0 (TID 9) (172.18.0.6, executor 0, partition 0, PROCESS_LOCAL, 7356 bytes)
[2024-10-11T13:59:50.264+0000] {spark_submit.py:579} INFO - 24/10/11 13:59:50 INFO TaskSetManager: Finished task 18.0 in stage 6.0 (TID 6) in 1156 ms on 172.18.0.6 (executor 0) (2/50)
[2024-10-11T13:59:50.360+0000] {spark_submit.py:579} INFO - 24/10/11 13:59:50 INFO BlockManagerInfo: Added rdd_24_0 in memory on 172.18.0.6:36267 (size: 46.0 B, free: 1048.6 MiB)
[2024-10-11T13:59:50.370+0000] {spark_submit.py:579} INFO - 24/10/11 13:59:50 INFO BlockManagerInfo: Added rdd_24_47 in memory on 172.18.0.6:36267 (size: 459.0 B, free: 1048.6 MiB)
[2024-10-11T13:59:50.403+0000] {spark_submit.py:579} INFO - 24/10/11 13:59:50 INFO TaskSetManager: Starting task 1.0 in stage 6.0 (TID 10) (172.18.0.6, executor 0, partition 1, PROCESS_LOCAL, 7356 bytes)
[2024-10-11T13:59:50.404+0000] {spark_submit.py:579} INFO - 24/10/11 13:59:50 INFO TaskSetManager: Finished task 0.0 in stage 6.0 (TID 9) in 141 ms on 172.18.0.6 (executor 0) (3/50)
[2024-10-11T13:59:50.420+0000] {spark_submit.py:579} INFO - 24/10/11 13:59:50 INFO TaskSetManager: Starting task 2.0 in stage 6.0 (TID 11) (172.18.0.6, executor 0, partition 2, PROCESS_LOCAL, 7356 bytes)
[2024-10-11T13:59:50.421+0000] {spark_submit.py:579} INFO - 24/10/11 13:59:50 INFO TaskSetManager: Finished task 47.0 in stage 6.0 (TID 8) in 163 ms on 172.18.0.6 (executor 0) (4/50)
[2024-10-11T13:59:50.531+0000] {spark_submit.py:579} INFO - 24/10/11 13:59:50 INFO BlockManagerInfo: Added rdd_24_2 in memory on 172.18.0.6:36267 (size: 46.0 B, free: 1048.6 MiB)
[2024-10-11T13:59:50.533+0000] {spark_submit.py:579} INFO - 24/10/11 13:59:50 INFO BlockManagerInfo: Added rdd_24_1 in memory on 172.18.0.6:36267 (size: 46.0 B, free: 1048.6 MiB)
[2024-10-11T13:59:50.573+0000] {spark_submit.py:579} INFO - 24/10/11 13:59:50 INFO TaskSetManager: Starting task 3.0 in stage 6.0 (TID 12) (172.18.0.6, executor 0, partition 3, PROCESS_LOCAL, 7356 bytes)
[2024-10-11T13:59:50.580+0000] {spark_submit.py:579} INFO - 24/10/11 13:59:50 INFO TaskSetManager: Finished task 1.0 in stage 6.0 (TID 10) in 172 ms on 172.18.0.6 (executor 0) (5/50)
[2024-10-11T13:59:50.581+0000] {spark_submit.py:579} INFO - 24/10/11 13:59:50 INFO TaskSetManager: Starting task 4.0 in stage 6.0 (TID 13) (172.18.0.6, executor 0, partition 4, PROCESS_LOCAL, 7356 bytes)
[2024-10-11T13:59:50.582+0000] {spark_submit.py:579} INFO - 24/10/11 13:59:50 INFO TaskSetManager: Finished task 2.0 in stage 6.0 (TID 11) in 162 ms on 172.18.0.6 (executor 0) (6/50)
[2024-10-11T13:59:50.634+0000] {spark_submit.py:579} INFO - 24/10/11 13:59:50 INFO BlockManagerInfo: Added rdd_24_3 in memory on 172.18.0.6:36267 (size: 46.0 B, free: 1048.6 MiB)
[2024-10-11T13:59:50.643+0000] {spark_submit.py:579} INFO - 24/10/11 13:59:50 INFO BlockManagerInfo: Added rdd_24_4 in memory on 172.18.0.6:36267 (size: 46.0 B, free: 1048.6 MiB)
[2024-10-11T13:59:50.666+0000] {spark_submit.py:579} INFO - 24/10/11 13:59:50 INFO TaskSetManager: Starting task 5.0 in stage 6.0 (TID 14) (172.18.0.6, executor 0, partition 5, PROCESS_LOCAL, 7356 bytes)
[2024-10-11T13:59:50.667+0000] {spark_submit.py:579} INFO - 24/10/11 13:59:50 INFO TaskSetManager: Finished task 3.0 in stage 6.0 (TID 12) in 94 ms on 172.18.0.6 (executor 0) (7/50)
[2024-10-11T13:59:50.673+0000] {spark_submit.py:579} INFO - 24/10/11 13:59:50 INFO TaskSetManager: Starting task 6.0 in stage 6.0 (TID 15) (172.18.0.6, executor 0, partition 6, PROCESS_LOCAL, 7356 bytes)
[2024-10-11T13:59:50.674+0000] {spark_submit.py:579} INFO - 24/10/11 13:59:50 INFO TaskSetManager: Finished task 4.0 in stage 6.0 (TID 13) in 93 ms on 172.18.0.6 (executor 0) (8/50)
[2024-10-11T13:59:50.731+0000] {spark_submit.py:579} INFO - 24/10/11 13:59:50 INFO BlockManagerInfo: Added rdd_24_5 in memory on 172.18.0.6:36267 (size: 46.0 B, free: 1048.6 MiB)
[2024-10-11T13:59:50.732+0000] {spark_submit.py:579} INFO - 24/10/11 13:59:50 INFO BlockManagerInfo: Added rdd_24_6 in memory on 172.18.0.6:36267 (size: 46.0 B, free: 1048.6 MiB)
[2024-10-11T13:59:50.760+0000] {spark_submit.py:579} INFO - 24/10/11 13:59:50 INFO TaskSetManager: Starting task 7.0 in stage 6.0 (TID 16) (172.18.0.6, executor 0, partition 7, PROCESS_LOCAL, 7356 bytes)
[2024-10-11T13:59:50.760+0000] {spark_submit.py:579} INFO - 24/10/11 13:59:50 INFO TaskSetManager: Finished task 6.0 in stage 6.0 (TID 15) in 88 ms on 172.18.0.6 (executor 0) (9/50)
[2024-10-11T13:59:50.762+0000] {spark_submit.py:579} INFO - 24/10/11 13:59:50 INFO TaskSetManager: Starting task 8.0 in stage 6.0 (TID 17) (172.18.0.6, executor 0, partition 8, PROCESS_LOCAL, 7356 bytes)
[2024-10-11T13:59:50.762+0000] {spark_submit.py:579} INFO - 24/10/11 13:59:50 INFO TaskSetManager: Finished task 5.0 in stage 6.0 (TID 14) in 97 ms on 172.18.0.6 (executor 0) (10/50)
[2024-10-11T13:59:50.824+0000] {spark_submit.py:579} INFO - 24/10/11 13:59:50 INFO BlockManagerInfo: Added rdd_24_8 in memory on 172.18.0.6:36267 (size: 46.0 B, free: 1048.6 MiB)
[2024-10-11T13:59:50.828+0000] {spark_submit.py:579} INFO - 24/10/11 13:59:50 INFO BlockManagerInfo: Added rdd_24_7 in memory on 172.18.0.6:36267 (size: 46.0 B, free: 1048.6 MiB)
[2024-10-11T13:59:50.856+0000] {spark_submit.py:579} INFO - 24/10/11 13:59:50 INFO TaskSetManager: Starting task 9.0 in stage 6.0 (TID 18) (172.18.0.6, executor 0, partition 9, PROCESS_LOCAL, 7356 bytes)
[2024-10-11T13:59:50.858+0000] {spark_submit.py:579} INFO - 24/10/11 13:59:50 INFO TaskSetManager: Finished task 8.0 in stage 6.0 (TID 17) in 96 ms on 172.18.0.6 (executor 0) (11/50)
[2024-10-11T13:59:50.862+0000] {spark_submit.py:579} INFO - 24/10/11 13:59:50 INFO TaskSetManager: Starting task 10.0 in stage 6.0 (TID 19) (172.18.0.6, executor 0, partition 10, PROCESS_LOCAL, 7356 bytes)
[2024-10-11T13:59:50.863+0000] {spark_submit.py:579} INFO - 24/10/11 13:59:50 INFO TaskSetManager: Finished task 7.0 in stage 6.0 (TID 16) in 104 ms on 172.18.0.6 (executor 0) (12/50)
[2024-10-11T13:59:50.924+0000] {spark_submit.py:579} INFO - 24/10/11 13:59:50 INFO BlockManagerInfo: Added rdd_24_9 in memory on 172.18.0.6:36267 (size: 46.0 B, free: 1048.6 MiB)
[2024-10-11T13:59:50.925+0000] {spark_submit.py:579} INFO - 24/10/11 13:59:50 INFO BlockManagerInfo: Added rdd_24_10 in memory on 172.18.0.6:36267 (size: 46.0 B, free: 1048.6 MiB)
[2024-10-11T13:59:50.969+0000] {spark_submit.py:579} INFO - 24/10/11 13:59:50 INFO TaskSetManager: Starting task 11.0 in stage 6.0 (TID 20) (172.18.0.6, executor 0, partition 11, PROCESS_LOCAL, 7356 bytes)
[2024-10-11T13:59:50.970+0000] {spark_submit.py:579} INFO - 24/10/11 13:59:50 INFO TaskSetManager: Finished task 9.0 in stage 6.0 (TID 18) in 115 ms on 172.18.0.6 (executor 0) (13/50)
[2024-10-11T13:59:50.973+0000] {spark_submit.py:579} INFO - 24/10/11 13:59:50 INFO TaskSetManager: Starting task 12.0 in stage 6.0 (TID 21) (172.18.0.6, executor 0, partition 12, PROCESS_LOCAL, 7356 bytes)
[2024-10-11T13:59:50.974+0000] {spark_submit.py:579} INFO - 24/10/11 13:59:50 INFO TaskSetManager: Finished task 10.0 in stage 6.0 (TID 19) in 111 ms on 172.18.0.6 (executor 0) (14/50)
[2024-10-11T13:59:51.035+0000] {spark_submit.py:579} INFO - 24/10/11 13:59:51 INFO BlockManagerInfo: Added rdd_24_11 in memory on 172.18.0.6:36267 (size: 46.0 B, free: 1048.6 MiB)
[2024-10-11T13:59:51.038+0000] {spark_submit.py:579} INFO - 24/10/11 13:59:51 INFO BlockManagerInfo: Added rdd_24_12 in memory on 172.18.0.6:36267 (size: 46.0 B, free: 1048.6 MiB)
[2024-10-11T13:59:51.062+0000] {spark_submit.py:579} INFO - 24/10/11 13:59:51 INFO TaskSetManager: Starting task 13.0 in stage 6.0 (TID 22) (172.18.0.6, executor 0, partition 13, PROCESS_LOCAL, 7356 bytes)
[2024-10-11T13:59:51.063+0000] {spark_submit.py:579} INFO - 24/10/11 13:59:51 INFO TaskSetManager: Finished task 11.0 in stage 6.0 (TID 20) in 94 ms on 172.18.0.6 (executor 0) (15/50)
[2024-10-11T13:59:51.069+0000] {spark_submit.py:579} INFO - 24/10/11 13:59:51 INFO TaskSetManager: Starting task 14.0 in stage 6.0 (TID 23) (172.18.0.6, executor 0, partition 14, PROCESS_LOCAL, 7356 bytes)
[2024-10-11T13:59:51.070+0000] {spark_submit.py:579} INFO - 24/10/11 13:59:51 INFO TaskSetManager: Finished task 12.0 in stage 6.0 (TID 21) in 97 ms on 172.18.0.6 (executor 0) (16/50)
[2024-10-11T13:59:51.113+0000] {spark_submit.py:579} INFO - 24/10/11 13:59:51 INFO BlockManagerInfo: Added rdd_24_13 in memory on 172.18.0.6:36267 (size: 46.0 B, free: 1048.6 MiB)
[2024-10-11T13:59:51.122+0000] {spark_submit.py:579} INFO - 24/10/11 13:59:51 INFO BlockManagerInfo: Added rdd_24_14 in memory on 172.18.0.6:36267 (size: 46.0 B, free: 1048.6 MiB)
[2024-10-11T13:59:51.142+0000] {spark_submit.py:579} INFO - 24/10/11 13:59:51 INFO TaskSetManager: Starting task 15.0 in stage 6.0 (TID 24) (172.18.0.6, executor 0, partition 15, PROCESS_LOCAL, 7356 bytes)
[2024-10-11T13:59:51.143+0000] {spark_submit.py:579} INFO - 24/10/11 13:59:51 INFO TaskSetManager: Finished task 13.0 in stage 6.0 (TID 22) in 81 ms on 172.18.0.6 (executor 0) (17/50)
[2024-10-11T13:59:51.152+0000] {spark_submit.py:579} INFO - 24/10/11 13:59:51 INFO TaskSetManager: Starting task 16.0 in stage 6.0 (TID 25) (172.18.0.6, executor 0, partition 16, PROCESS_LOCAL, 7356 bytes)
[2024-10-11T13:59:51.153+0000] {spark_submit.py:579} INFO - 24/10/11 13:59:51 INFO TaskSetManager: Finished task 14.0 in stage 6.0 (TID 23) in 85 ms on 172.18.0.6 (executor 0) (18/50)
[2024-10-11T13:59:51.197+0000] {spark_submit.py:579} INFO - 24/10/11 13:59:51 INFO BlockManagerInfo: Added rdd_24_15 in memory on 172.18.0.6:36267 (size: 46.0 B, free: 1048.6 MiB)
[2024-10-11T13:59:51.206+0000] {spark_submit.py:579} INFO - 24/10/11 13:59:51 INFO BlockManagerInfo: Added rdd_24_16 in memory on 172.18.0.6:36267 (size: 46.0 B, free: 1048.6 MiB)
[2024-10-11T13:59:51.231+0000] {spark_submit.py:579} INFO - 24/10/11 13:59:51 INFO TaskSetManager: Starting task 17.0 in stage 6.0 (TID 26) (172.18.0.6, executor 0, partition 17, PROCESS_LOCAL, 7356 bytes)
[2024-10-11T13:59:51.232+0000] {spark_submit.py:579} INFO - 24/10/11 13:59:51 INFO TaskSetManager: Finished task 15.0 in stage 6.0 (TID 24) in 89 ms on 172.18.0.6 (executor 0) (19/50)
[2024-10-11T13:59:51.241+0000] {spark_submit.py:579} INFO - 24/10/11 13:59:51 INFO TaskSetManager: Starting task 19.0 in stage 6.0 (TID 27) (172.18.0.6, executor 0, partition 19, PROCESS_LOCAL, 7356 bytes)
[2024-10-11T13:59:51.241+0000] {spark_submit.py:579} INFO - 24/10/11 13:59:51 INFO TaskSetManager: Finished task 16.0 in stage 6.0 (TID 25) in 89 ms on 172.18.0.6 (executor 0) (20/50)
[2024-10-11T13:59:51.290+0000] {spark_submit.py:579} INFO - 24/10/11 13:59:51 INFO BlockManagerInfo: Added rdd_24_17 in memory on 172.18.0.6:36267 (size: 46.0 B, free: 1048.6 MiB)
[2024-10-11T13:59:51.295+0000] {spark_submit.py:579} INFO - 24/10/11 13:59:51 INFO BlockManagerInfo: Added rdd_24_19 in memory on 172.18.0.6:36267 (size: 46.0 B, free: 1048.6 MiB)
[2024-10-11T13:59:51.315+0000] {spark_submit.py:579} INFO - 24/10/11 13:59:51 INFO TaskSetManager: Starting task 20.0 in stage 6.0 (TID 28) (172.18.0.6, executor 0, partition 20, PROCESS_LOCAL, 7356 bytes)
[2024-10-11T13:59:51.316+0000] {spark_submit.py:579} INFO - 24/10/11 13:59:51 INFO TaskSetManager: Finished task 17.0 in stage 6.0 (TID 26) in 86 ms on 172.18.0.6 (executor 0) (21/50)
[2024-10-11T13:59:51.320+0000] {spark_submit.py:579} INFO - 24/10/11 13:59:51 INFO TaskSetManager: Starting task 21.0 in stage 6.0 (TID 29) (172.18.0.6, executor 0, partition 21, PROCESS_LOCAL, 7356 bytes)
[2024-10-11T13:59:51.321+0000] {spark_submit.py:579} INFO - 24/10/11 13:59:51 INFO TaskSetManager: Finished task 19.0 in stage 6.0 (TID 27) in 81 ms on 172.18.0.6 (executor 0) (22/50)
[2024-10-11T13:59:51.368+0000] {spark_submit.py:579} INFO - 24/10/11 13:59:51 INFO BlockManagerInfo: Added rdd_24_20 in memory on 172.18.0.6:36267 (size: 46.0 B, free: 1048.6 MiB)
[2024-10-11T13:59:51.379+0000] {spark_submit.py:579} INFO - 24/10/11 13:59:51 INFO BlockManagerInfo: Added rdd_24_21 in memory on 172.18.0.6:36267 (size: 46.0 B, free: 1048.6 MiB)
[2024-10-11T13:59:51.395+0000] {spark_submit.py:579} INFO - 24/10/11 13:59:51 INFO TaskSetManager: Starting task 22.0 in stage 6.0 (TID 30) (172.18.0.6, executor 0, partition 22, PROCESS_LOCAL, 7356 bytes)
[2024-10-11T13:59:51.396+0000] {spark_submit.py:579} INFO - 24/10/11 13:59:51 INFO TaskSetManager: Finished task 20.0 in stage 6.0 (TID 28) in 80 ms on 172.18.0.6 (executor 0) (23/50)
[2024-10-11T13:59:51.406+0000] {spark_submit.py:579} INFO - 24/10/11 13:59:51 INFO TaskSetManager: Starting task 23.0 in stage 6.0 (TID 31) (172.18.0.6, executor 0, partition 23, PROCESS_LOCAL, 7356 bytes)
[2024-10-11T13:59:51.406+0000] {spark_submit.py:579} INFO - 24/10/11 13:59:51 INFO TaskSetManager: Finished task 21.0 in stage 6.0 (TID 29) in 86 ms on 172.18.0.6 (executor 0) (24/50)
[2024-10-11T13:59:51.457+0000] {spark_submit.py:579} INFO - 24/10/11 13:59:51 INFO BlockManagerInfo: Added rdd_24_22 in memory on 172.18.0.6:36267 (size: 46.0 B, free: 1048.6 MiB)
[2024-10-11T13:59:51.475+0000] {spark_submit.py:579} INFO - 24/10/11 13:59:51 INFO BlockManagerInfo: Added rdd_24_23 in memory on 172.18.0.6:36267 (size: 46.0 B, free: 1048.6 MiB)
[2024-10-11T13:59:51.491+0000] {spark_submit.py:579} INFO - 24/10/11 13:59:51 INFO TaskSetManager: Starting task 24.0 in stage 6.0 (TID 32) (172.18.0.6, executor 0, partition 24, PROCESS_LOCAL, 7356 bytes)
[2024-10-11T13:59:51.492+0000] {spark_submit.py:579} INFO - 24/10/11 13:59:51 INFO TaskSetManager: Finished task 22.0 in stage 6.0 (TID 30) in 98 ms on 172.18.0.6 (executor 0) (25/50)
[2024-10-11T13:59:51.519+0000] {spark_submit.py:579} INFO - 24/10/11 13:59:51 INFO TaskSetManager: Starting task 25.0 in stage 6.0 (TID 33) (172.18.0.6, executor 0, partition 25, PROCESS_LOCAL, 7356 bytes)
[2024-10-11T13:59:51.520+0000] {spark_submit.py:579} INFO - 24/10/11 13:59:51 INFO TaskSetManager: Finished task 23.0 in stage 6.0 (TID 31) in 115 ms on 172.18.0.6 (executor 0) (26/50)
[2024-10-11T13:59:51.556+0000] {spark_submit.py:579} INFO - 24/10/11 13:59:51 INFO BlockManagerInfo: Added rdd_24_24 in memory on 172.18.0.6:36267 (size: 46.0 B, free: 1048.6 MiB)
[2024-10-11T13:59:51.570+0000] {spark_submit.py:579} INFO - 24/10/11 13:59:51 INFO BlockManagerInfo: Added rdd_24_25 in memory on 172.18.0.6:36267 (size: 46.0 B, free: 1048.6 MiB)
[2024-10-11T13:59:51.580+0000] {spark_submit.py:579} INFO - 24/10/11 13:59:51 INFO TaskSetManager: Starting task 26.0 in stage 6.0 (TID 34) (172.18.0.6, executor 0, partition 26, PROCESS_LOCAL, 7356 bytes)
[2024-10-11T13:59:51.581+0000] {spark_submit.py:579} INFO - 24/10/11 13:59:51 INFO TaskSetManager: Finished task 24.0 in stage 6.0 (TID 32) in 90 ms on 172.18.0.6 (executor 0) (27/50)
[2024-10-11T13:59:51.597+0000] {spark_submit.py:579} INFO - 24/10/11 13:59:51 INFO TaskSetManager: Starting task 27.0 in stage 6.0 (TID 35) (172.18.0.6, executor 0, partition 27, PROCESS_LOCAL, 7356 bytes)
[2024-10-11T13:59:51.598+0000] {spark_submit.py:579} INFO - 24/10/11 13:59:51 INFO TaskSetManager: Finished task 25.0 in stage 6.0 (TID 33) in 80 ms on 172.18.0.6 (executor 0) (28/50)
[2024-10-11T13:59:51.628+0000] {spark_submit.py:579} INFO - 24/10/11 13:59:51 INFO BlockManagerInfo: Added rdd_24_26 in memory on 172.18.0.6:36267 (size: 46.0 B, free: 1048.6 MiB)
[2024-10-11T13:59:51.656+0000] {spark_submit.py:579} INFO - 24/10/11 13:59:51 INFO TaskSetManager: Starting task 28.0 in stage 6.0 (TID 36) (172.18.0.6, executor 0, partition 28, PROCESS_LOCAL, 7356 bytes)
[2024-10-11T13:59:51.657+0000] {spark_submit.py:579} INFO - 24/10/11 13:59:51 INFO TaskSetManager: Finished task 26.0 in stage 6.0 (TID 34) in 78 ms on 172.18.0.6 (executor 0) (29/50)
[2024-10-11T13:59:51.660+0000] {spark_submit.py:579} INFO - 24/10/11 13:59:51 INFO BlockManagerInfo: Added rdd_24_27 in memory on 172.18.0.6:36267 (size: 46.0 B, free: 1048.6 MiB)
[2024-10-11T13:59:51.685+0000] {spark_submit.py:579} INFO - 24/10/11 13:59:51 INFO TaskSetManager: Starting task 29.0 in stage 6.0 (TID 37) (172.18.0.6, executor 0, partition 29, PROCESS_LOCAL, 7356 bytes)
[2024-10-11T13:59:51.686+0000] {spark_submit.py:579} INFO - 24/10/11 13:59:51 INFO TaskSetManager: Finished task 27.0 in stage 6.0 (TID 35) in 88 ms on 172.18.0.6 (executor 0) (30/50)
[2024-10-11T13:59:51.717+0000] {spark_submit.py:579} INFO - 24/10/11 13:59:51 INFO BlockManagerInfo: Added rdd_24_28 in memory on 172.18.0.6:36267 (size: 46.0 B, free: 1048.6 MiB)
[2024-10-11T13:59:51.741+0000] {spark_submit.py:579} INFO - 24/10/11 13:59:51 INFO TaskSetManager: Starting task 30.0 in stage 6.0 (TID 38) (172.18.0.6, executor 0, partition 30, PROCESS_LOCAL, 7356 bytes)
[2024-10-11T13:59:51.742+0000] {spark_submit.py:579} INFO - 24/10/11 13:59:51 INFO TaskSetManager: Finished task 28.0 in stage 6.0 (TID 36) in 85 ms on 172.18.0.6 (executor 0) (31/50)
[2024-10-11T13:59:51.744+0000] {spark_submit.py:579} INFO - 24/10/11 13:59:51 INFO BlockManagerInfo: Added rdd_24_29 in memory on 172.18.0.6:36267 (size: 46.0 B, free: 1048.6 MiB)
[2024-10-11T13:59:51.769+0000] {spark_submit.py:579} INFO - 24/10/11 13:59:51 INFO TaskSetManager: Starting task 31.0 in stage 6.0 (TID 39) (172.18.0.6, executor 0, partition 31, PROCESS_LOCAL, 7356 bytes)
[2024-10-11T13:59:51.770+0000] {spark_submit.py:579} INFO - 24/10/11 13:59:51 INFO TaskSetManager: Finished task 29.0 in stage 6.0 (TID 37) in 85 ms on 172.18.0.6 (executor 0) (32/50)
[2024-10-11T13:59:51.790+0000] {spark_submit.py:579} INFO - 24/10/11 13:59:51 INFO BlockManagerInfo: Added rdd_24_30 in memory on 172.18.0.6:36267 (size: 46.0 B, free: 1048.6 MiB)
[2024-10-11T13:59:51.814+0000] {spark_submit.py:579} INFO - 24/10/11 13:59:51 INFO TaskSetManager: Starting task 32.0 in stage 6.0 (TID 40) (172.18.0.6, executor 0, partition 32, PROCESS_LOCAL, 7356 bytes)
[2024-10-11T13:59:51.815+0000] {spark_submit.py:579} INFO - 24/10/11 13:59:51 INFO TaskSetManager: Finished task 30.0 in stage 6.0 (TID 38) in 74 ms on 172.18.0.6 (executor 0) (33/50)
[2024-10-11T13:59:51.818+0000] {spark_submit.py:579} INFO - 24/10/11 13:59:51 INFO BlockManagerInfo: Added rdd_24_31 in memory on 172.18.0.6:36267 (size: 46.0 B, free: 1048.6 MiB)
[2024-10-11T13:59:51.842+0000] {spark_submit.py:579} INFO - 24/10/11 13:59:51 INFO TaskSetManager: Starting task 33.0 in stage 6.0 (TID 41) (172.18.0.6, executor 0, partition 33, PROCESS_LOCAL, 7356 bytes)
[2024-10-11T13:59:51.843+0000] {spark_submit.py:579} INFO - 24/10/11 13:59:51 INFO TaskSetManager: Finished task 31.0 in stage 6.0 (TID 39) in 75 ms on 172.18.0.6 (executor 0) (34/50)
[2024-10-11T13:59:51.863+0000] {spark_submit.py:579} INFO - 24/10/11 13:59:51 INFO BlockManagerInfo: Added rdd_24_32 in memory on 172.18.0.6:36267 (size: 46.0 B, free: 1048.6 MiB)
[2024-10-11T13:59:51.885+0000] {spark_submit.py:579} INFO - 24/10/11 13:59:51 INFO TaskSetManager: Starting task 34.0 in stage 6.0 (TID 42) (172.18.0.6, executor 0, partition 34, PROCESS_LOCAL, 7356 bytes)
[2024-10-11T13:59:51.886+0000] {spark_submit.py:579} INFO - 24/10/11 13:59:51 INFO TaskSetManager: Finished task 32.0 in stage 6.0 (TID 40) in 73 ms on 172.18.0.6 (executor 0) (35/50)
[2024-10-11T13:59:51.887+0000] {spark_submit.py:579} INFO - 24/10/11 13:59:51 INFO BlockManagerInfo: Added rdd_24_33 in memory on 172.18.0.6:36267 (size: 46.0 B, free: 1048.6 MiB)
[2024-10-11T13:59:51.916+0000] {spark_submit.py:579} INFO - 24/10/11 13:59:51 INFO TaskSetManager: Starting task 35.0 in stage 6.0 (TID 43) (172.18.0.6, executor 0, partition 35, PROCESS_LOCAL, 7356 bytes)
[2024-10-11T13:59:51.917+0000] {spark_submit.py:579} INFO - 24/10/11 13:59:51 INFO TaskSetManager: Finished task 33.0 in stage 6.0 (TID 41) in 74 ms on 172.18.0.6 (executor 0) (36/50)
[2024-10-11T13:59:51.944+0000] {spark_submit.py:579} INFO - 24/10/11 13:59:51 INFO BlockManagerInfo: Added rdd_24_34 in memory on 172.18.0.6:36267 (size: 46.0 B, free: 1048.6 MiB)
[2024-10-11T13:59:51.970+0000] {spark_submit.py:579} INFO - 24/10/11 13:59:51 INFO TaskSetManager: Starting task 36.0 in stage 6.0 (TID 44) (172.18.0.6, executor 0, partition 36, PROCESS_LOCAL, 7356 bytes)
[2024-10-11T13:59:51.971+0000] {spark_submit.py:579} INFO - 24/10/11 13:59:51 INFO TaskSetManager: Finished task 34.0 in stage 6.0 (TID 42) in 86 ms on 172.18.0.6 (executor 0) (37/50)
[2024-10-11T13:59:51.974+0000] {spark_submit.py:579} INFO - 24/10/11 13:59:51 INFO BlockManagerInfo: Added rdd_24_35 in memory on 172.18.0.6:36267 (size: 46.0 B, free: 1048.6 MiB)
[2024-10-11T13:59:51.998+0000] {spark_submit.py:579} INFO - 24/10/11 13:59:51 INFO TaskSetManager: Starting task 37.0 in stage 6.0 (TID 45) (172.18.0.6, executor 0, partition 37, PROCESS_LOCAL, 7356 bytes)
[2024-10-11T13:59:51.999+0000] {spark_submit.py:579} INFO - 24/10/11 13:59:51 INFO TaskSetManager: Finished task 35.0 in stage 6.0 (TID 43) in 84 ms on 172.18.0.6 (executor 0) (38/50)
[2024-10-11T13:59:52.020+0000] {spark_submit.py:579} INFO - 24/10/11 13:59:52 INFO BlockManagerInfo: Added rdd_24_36 in memory on 172.18.0.6:36267 (size: 46.0 B, free: 1048.6 MiB)
[2024-10-11T13:59:52.048+0000] {spark_submit.py:579} INFO - 24/10/11 13:59:52 INFO TaskSetManager: Starting task 38.0 in stage 6.0 (TID 46) (172.18.0.6, executor 0, partition 38, PROCESS_LOCAL, 7356 bytes)
[2024-10-11T13:59:52.049+0000] {spark_submit.py:579} INFO - 24/10/11 13:59:52 INFO TaskSetManager: Finished task 36.0 in stage 6.0 (TID 44) in 78 ms on 172.18.0.6 (executor 0) (39/50)
[2024-10-11T13:59:52.049+0000] {spark_submit.py:579} INFO - 24/10/11 13:59:52 INFO BlockManagerInfo: Added rdd_24_37 in memory on 172.18.0.6:36267 (size: 46.0 B, free: 1048.6 MiB)
[2024-10-11T13:59:52.077+0000] {spark_submit.py:579} INFO - 24/10/11 13:59:52 INFO TaskSetManager: Starting task 39.0 in stage 6.0 (TID 47) (172.18.0.6, executor 0, partition 39, PROCESS_LOCAL, 7356 bytes)
[2024-10-11T13:59:52.078+0000] {spark_submit.py:579} INFO - 24/10/11 13:59:52 INFO TaskSetManager: Finished task 37.0 in stage 6.0 (TID 45) in 80 ms on 172.18.0.6 (executor 0) (40/50)
[2024-10-11T13:59:52.104+0000] {spark_submit.py:579} INFO - 24/10/11 13:59:52 INFO BlockManagerInfo: Added rdd_24_38 in memory on 172.18.0.6:36267 (size: 46.0 B, free: 1048.6 MiB)
[2024-10-11T13:59:52.129+0000] {spark_submit.py:579} INFO - 24/10/11 13:59:52 INFO TaskSetManager: Starting task 40.0 in stage 6.0 (TID 48) (172.18.0.6, executor 0, partition 40, PROCESS_LOCAL, 7356 bytes)
[2024-10-11T13:59:52.130+0000] {spark_submit.py:579} INFO - 24/10/11 13:59:52 INFO TaskSetManager: Finished task 38.0 in stage 6.0 (TID 46) in 82 ms on 172.18.0.6 (executor 0) (41/50)
[2024-10-11T13:59:52.132+0000] {spark_submit.py:579} INFO - 24/10/11 13:59:52 INFO BlockManagerInfo: Added rdd_24_39 in memory on 172.18.0.6:36267 (size: 46.0 B, free: 1048.6 MiB)
[2024-10-11T13:59:52.158+0000] {spark_submit.py:579} INFO - 24/10/11 13:59:52 INFO TaskSetManager: Starting task 41.0 in stage 6.0 (TID 49) (172.18.0.6, executor 0, partition 41, PROCESS_LOCAL, 7356 bytes)
[2024-10-11T13:59:52.159+0000] {spark_submit.py:579} INFO - 24/10/11 13:59:52 INFO TaskSetManager: Finished task 39.0 in stage 6.0 (TID 47) in 82 ms on 172.18.0.6 (executor 0) (42/50)
[2024-10-11T13:59:52.192+0000] {spark_submit.py:579} INFO - 24/10/11 13:59:52 INFO BlockManagerInfo: Added rdd_24_40 in memory on 172.18.0.6:36267 (size: 46.0 B, free: 1048.6 MiB)
[2024-10-11T13:59:52.216+0000] {spark_submit.py:579} INFO - 24/10/11 13:59:52 INFO TaskSetManager: Starting task 43.0 in stage 6.0 (TID 50) (172.18.0.6, executor 0, partition 43, PROCESS_LOCAL, 7356 bytes)
[2024-10-11T13:59:52.217+0000] {spark_submit.py:579} INFO - 24/10/11 13:59:52 INFO TaskSetManager: Finished task 40.0 in stage 6.0 (TID 48) in 88 ms on 172.18.0.6 (executor 0) (43/50)
[2024-10-11T13:59:52.217+0000] {spark_submit.py:579} INFO - 24/10/11 13:59:52 INFO BlockManagerInfo: Added rdd_24_41 in memory on 172.18.0.6:36267 (size: 46.0 B, free: 1048.6 MiB)
[2024-10-11T13:59:52.246+0000] {spark_submit.py:579} INFO - 24/10/11 13:59:52 INFO TaskSetManager: Starting task 44.0 in stage 6.0 (TID 51) (172.18.0.6, executor 0, partition 44, PROCESS_LOCAL, 7356 bytes)
[2024-10-11T13:59:52.246+0000] {spark_submit.py:579} INFO - 24/10/11 13:59:52 INFO TaskSetManager: Finished task 41.0 in stage 6.0 (TID 49) in 88 ms on 172.18.0.6 (executor 0) (44/50)
[2024-10-11T13:59:52.265+0000] {spark_submit.py:579} INFO - 24/10/11 13:59:52 INFO BlockManagerInfo: Added rdd_24_43 in memory on 172.18.0.6:36267 (size: 46.0 B, free: 1048.6 MiB)
[2024-10-11T13:59:52.292+0000] {spark_submit.py:579} INFO - 24/10/11 13:59:52 INFO TaskSetManager: Starting task 45.0 in stage 6.0 (TID 52) (172.18.0.6, executor 0, partition 45, PROCESS_LOCAL, 7356 bytes)
[2024-10-11T13:59:52.293+0000] {spark_submit.py:579} INFO - 24/10/11 13:59:52 INFO TaskSetManager: Finished task 43.0 in stage 6.0 (TID 50) in 77 ms on 172.18.0.6 (executor 0) (45/50)
[2024-10-11T13:59:52.294+0000] {spark_submit.py:579} INFO - 24/10/11 13:59:52 INFO BlockManagerInfo: Added rdd_24_44 in memory on 172.18.0.6:36267 (size: 46.0 B, free: 1048.6 MiB)
[2024-10-11T13:59:52.317+0000] {spark_submit.py:579} INFO - 24/10/11 13:59:52 INFO TaskSetManager: Starting task 46.0 in stage 6.0 (TID 53) (172.18.0.6, executor 0, partition 46, PROCESS_LOCAL, 7356 bytes)
[2024-10-11T13:59:52.318+0000] {spark_submit.py:579} INFO - 24/10/11 13:59:52 INFO TaskSetManager: Finished task 44.0 in stage 6.0 (TID 51) in 73 ms on 172.18.0.6 (executor 0) (46/50)
[2024-10-11T13:59:52.336+0000] {spark_submit.py:579} INFO - 24/10/11 13:59:52 INFO BlockManagerInfo: Added rdd_24_45 in memory on 172.18.0.6:36267 (size: 46.0 B, free: 1048.6 MiB)
[2024-10-11T13:59:52.359+0000] {spark_submit.py:579} INFO - 24/10/11 13:59:52 INFO TaskSetManager: Starting task 48.0 in stage 6.0 (TID 54) (172.18.0.6, executor 0, partition 48, PROCESS_LOCAL, 7356 bytes)
[2024-10-11T13:59:52.360+0000] {spark_submit.py:579} INFO - 24/10/11 13:59:52 INFO TaskSetManager: Finished task 45.0 in stage 6.0 (TID 52) in 68 ms on 172.18.0.6 (executor 0) (47/50)
[2024-10-11T13:59:52.362+0000] {spark_submit.py:579} INFO - 24/10/11 13:59:52 INFO BlockManagerInfo: Added rdd_24_46 in memory on 172.18.0.6:36267 (size: 46.0 B, free: 1048.6 MiB)
[2024-10-11T13:59:52.385+0000] {spark_submit.py:579} INFO - 24/10/11 13:59:52 INFO TaskSetManager: Starting task 49.0 in stage 6.0 (TID 55) (172.18.0.6, executor 0, partition 49, PROCESS_LOCAL, 7356 bytes)
[2024-10-11T13:59:52.386+0000] {spark_submit.py:579} INFO - 24/10/11 13:59:52 INFO TaskSetManager: Finished task 46.0 in stage 6.0 (TID 53) in 69 ms on 172.18.0.6 (executor 0) (48/50)
[2024-10-11T13:59:52.403+0000] {spark_submit.py:579} INFO - 24/10/11 13:59:52 INFO BlockManagerInfo: Added rdd_24_48 in memory on 172.18.0.6:36267 (size: 46.0 B, free: 1048.6 MiB)
[2024-10-11T13:59:52.435+0000] {spark_submit.py:579} INFO - 24/10/11 13:59:52 INFO TaskSetManager: Finished task 48.0 in stage 6.0 (TID 54) in 76 ms on 172.18.0.6 (executor 0) (49/50)
[2024-10-11T13:59:52.436+0000] {spark_submit.py:579} INFO - 24/10/11 13:59:52 INFO BlockManagerInfo: Added rdd_24_49 in memory on 172.18.0.6:36267 (size: 46.0 B, free: 1048.6 MiB)
[2024-10-11T13:59:52.458+0000] {spark_submit.py:579} INFO - 24/10/11 13:59:52 INFO TaskSetManager: Finished task 49.0 in stage 6.0 (TID 55) in 73 ms on 172.18.0.6 (executor 0) (50/50)
[2024-10-11T13:59:52.459+0000] {spark_submit.py:579} INFO - 24/10/11 13:59:52 INFO TaskSchedulerImpl: Removed TaskSet 6.0, whose tasks have all completed, from pool
[2024-10-11T13:59:52.459+0000] {spark_submit.py:579} INFO - 24/10/11 13:59:52 INFO DAGScheduler: ShuffleMapStage 6 ($anonfun$recordDeltaOperationInternal$1 at DatabricksLogging.scala:128) finished in 3.490 s
[2024-10-11T13:59:52.460+0000] {spark_submit.py:579} INFO - 24/10/11 13:59:52 INFO DAGScheduler: looking for newly runnable stages
[2024-10-11T13:59:52.461+0000] {spark_submit.py:579} INFO - 24/10/11 13:59:52 INFO DAGScheduler: running: Set()
[2024-10-11T13:59:52.461+0000] {spark_submit.py:579} INFO - 24/10/11 13:59:52 INFO DAGScheduler: waiting: Set()
[2024-10-11T13:59:52.462+0000] {spark_submit.py:579} INFO - 24/10/11 13:59:52 INFO DAGScheduler: failed: Set()
[2024-10-11T13:59:52.493+0000] {spark_submit.py:579} INFO - 24/10/11 13:59:52 INFO SparkContext: Starting job: $anonfun$recordDeltaOperationInternal$1 at DatabricksLogging.scala:128
[2024-10-11T13:59:52.495+0000] {spark_submit.py:579} INFO - 24/10/11 13:59:52 INFO DAGScheduler: Got job 6 ($anonfun$recordDeltaOperationInternal$1 at DatabricksLogging.scala:128) with 1 output partitions
[2024-10-11T13:59:52.496+0000] {spark_submit.py:579} INFO - 24/10/11 13:59:52 INFO DAGScheduler: Final stage: ResultStage 9 ($anonfun$recordDeltaOperationInternal$1 at DatabricksLogging.scala:128)
[2024-10-11T13:59:52.497+0000] {spark_submit.py:579} INFO - 24/10/11 13:59:52 INFO DAGScheduler: Parents of final stage: List(ShuffleMapStage 8)
[2024-10-11T13:59:52.497+0000] {spark_submit.py:579} INFO - 24/10/11 13:59:52 INFO DAGScheduler: Missing parents: List()
[2024-10-11T13:59:52.498+0000] {spark_submit.py:579} INFO - 24/10/11 13:59:52 INFO DAGScheduler: Submitting ResultStage 9 (MapPartitionsRDD[30] at $anonfun$recordDeltaOperationInternal$1 at DatabricksLogging.scala:128), which has no missing parents
[2024-10-11T13:59:52.502+0000] {spark_submit.py:579} INFO - 24/10/11 13:59:52 INFO MemoryStore: Block broadcast_9 stored as values in memory (estimated size 452.2 KiB, free 432.6 MiB)
[2024-10-11T13:59:52.505+0000] {spark_submit.py:579} INFO - 24/10/11 13:59:52 INFO MemoryStore: Block broadcast_9_piece0 stored as bytes in memory (estimated size 108.1 KiB, free 432.5 MiB)
[2024-10-11T13:59:52.506+0000] {spark_submit.py:579} INFO - 24/10/11 13:59:52 INFO BlockManagerInfo: Added broadcast_9_piece0 in memory on 84076e7a47fe:42653 (size: 108.1 KiB, free: 434.1 MiB)
[2024-10-11T13:59:52.507+0000] {spark_submit.py:579} INFO - 24/10/11 13:59:52 INFO SparkContext: Created broadcast 9 from broadcast at DAGScheduler.scala:1540
[2024-10-11T13:59:52.508+0000] {spark_submit.py:579} INFO - 24/10/11 13:59:52 INFO DAGScheduler: Submitting 1 missing tasks from ResultStage 9 (MapPartitionsRDD[30] at $anonfun$recordDeltaOperationInternal$1 at DatabricksLogging.scala:128) (first 15 tasks are for partitions Vector(0))
[2024-10-11T13:59:52.508+0000] {spark_submit.py:579} INFO - 24/10/11 13:59:52 INFO TaskSchedulerImpl: Adding task set 9.0 with 1 tasks resource profile 0
[2024-10-11T13:59:52.509+0000] {spark_submit.py:579} INFO - 24/10/11 13:59:52 INFO TaskSetManager: Starting task 0.0 in stage 9.0 (TID 56) (172.18.0.6, executor 0, partition 0, NODE_LOCAL, 7367 bytes)
[2024-10-11T13:59:52.524+0000] {spark_submit.py:579} INFO - 24/10/11 13:59:52 INFO BlockManagerInfo: Added broadcast_9_piece0 in memory on 172.18.0.6:36267 (size: 108.1 KiB, free: 1048.5 MiB)
[2024-10-11T13:59:52.538+0000] {spark_submit.py:579} INFO - 24/10/11 13:59:52 INFO MapOutputTrackerMasterEndpoint: Asked to send map output locations for shuffle 2 to 172.18.0.6:37752
[2024-10-11T13:59:52.607+0000] {spark_submit.py:579} INFO - 24/10/11 13:59:52 INFO TaskSetManager: Finished task 0.0 in stage 9.0 (TID 56) in 97 ms on 172.18.0.6 (executor 0) (1/1)
[2024-10-11T13:59:52.607+0000] {spark_submit.py:579} INFO - 24/10/11 13:59:52 INFO TaskSchedulerImpl: Removed TaskSet 9.0, whose tasks have all completed, from pool
[2024-10-11T13:59:52.608+0000] {spark_submit.py:579} INFO - 24/10/11 13:59:52 INFO DAGScheduler: ResultStage 9 ($anonfun$recordDeltaOperationInternal$1 at DatabricksLogging.scala:128) finished in 0.109 s
[2024-10-11T13:59:52.609+0000] {spark_submit.py:579} INFO - 24/10/11 13:59:52 INFO DAGScheduler: Job 6 is finished. Cancelling potential speculative or zombie tasks for this job
[2024-10-11T13:59:52.609+0000] {spark_submit.py:579} INFO - 24/10/11 13:59:52 INFO TaskSchedulerImpl: Killing all running tasks in stage 9: Stage finished
[2024-10-11T13:59:52.610+0000] {spark_submit.py:579} INFO - 24/10/11 13:59:52 INFO DAGScheduler: Job 6 finished: $anonfun$recordDeltaOperationInternal$1 at DatabricksLogging.scala:128, took 0.115340 s
[2024-10-11T13:59:52.670+0000] {spark_submit.py:579} INFO - 24/10/11 13:59:52 INFO CodeGenerator: Code generated in 43.145526 ms
[2024-10-11T13:59:52.671+0000] {spark_submit.py:579} INFO - 24/10/11 13:59:52 INFO BlockManagerInfo: Removed broadcast_8_piece0 on 84076e7a47fe:42653 in memory (size: 123.4 KiB, free: 434.2 MiB)
[2024-10-11T13:59:52.672+0000] {spark_submit.py:579} INFO - 24/10/11 13:59:52 INFO BlockManagerInfo: Removed broadcast_8_piece0 on 172.18.0.6:36267 in memory (size: 123.4 KiB, free: 1048.6 MiB)
[2024-10-11T13:59:52.675+0000] {spark_submit.py:579} INFO - 24/10/11 13:59:52 INFO Snapshot: [tableId=42e57ff1-f304-4e49-8405-baba63358fe8] DELTA: Done
[2024-10-11T13:59:52.682+0000] {spark_submit.py:579} INFO - 24/10/11 13:59:52 INFO BlockManagerInfo: Removed broadcast_9_piece0 on 84076e7a47fe:42653 in memory (size: 108.1 KiB, free: 434.3 MiB)
[2024-10-11T13:59:52.684+0000] {spark_submit.py:579} INFO - 24/10/11 13:59:52 INFO BlockManagerInfo: Removed broadcast_9_piece0 on 172.18.0.6:36267 in memory (size: 108.1 KiB, free: 1048.7 MiB)
[2024-10-11T13:59:52.701+0000] {spark_submit.py:579} INFO - 24/10/11 13:59:52 INFO OptimisticTransaction: [tableId=8b89f3fd,txnId=56fbf5c4] Committed delta #0 to s3a://lakehouse/silver/_delta_log
[2024-10-11T13:59:52.716+0000] {spark_submit.py:579} INFO - 2024-10-11 13:59:52,716 INFO: Data cleaning and saving process completed successfully.
[2024-10-11T13:59:52.717+0000] {spark_submit.py:579} INFO - 24/10/11 13:59:52 INFO SparkContext: SparkContext is stopping with exitCode 0.
[2024-10-11T13:59:52.735+0000] {spark_submit.py:579} INFO - 24/10/11 13:59:52 INFO SparkUI: Stopped Spark web UI at http://84076e7a47fe:4040
[2024-10-11T13:59:52.744+0000] {spark_submit.py:579} INFO - 24/10/11 13:59:52 INFO StandaloneSchedulerBackend: Shutting down all executors
[2024-10-11T13:59:52.745+0000] {spark_submit.py:579} INFO - 24/10/11 13:59:52 INFO StandaloneSchedulerBackend$StandaloneDriverEndpoint: Asking each executor to shut down
[2024-10-11T13:59:52.778+0000] {spark_submit.py:579} INFO - 24/10/11 13:59:52 INFO MapOutputTrackerMasterEndpoint: MapOutputTrackerMasterEndpoint stopped!
[2024-10-11T13:59:52.814+0000] {spark_submit.py:579} INFO - 24/10/11 13:59:52 INFO MemoryStore: MemoryStore cleared
[2024-10-11T13:59:52.814+0000] {spark_submit.py:579} INFO - 24/10/11 13:59:52 INFO BlockManager: BlockManager stopped
[2024-10-11T13:59:52.820+0000] {spark_submit.py:579} INFO - 24/10/11 13:59:52 INFO BlockManagerMaster: BlockManagerMaster stopped
[2024-10-11T13:59:52.827+0000] {spark_submit.py:579} INFO - 24/10/11 13:59:52 INFO OutputCommitCoordinator$OutputCommitCoordinatorEndpoint: OutputCommitCoordinator stopped!
[2024-10-11T13:59:52.893+0000] {spark_submit.py:579} INFO - 24/10/11 13:59:52 INFO SparkContext: Successfully stopped SparkContext
[2024-10-11T13:59:53.174+0000] {spark_submit.py:579} INFO - 2024-10-11 13:59:53,174 INFO: Closing down clientserver connection
[2024-10-11T13:59:53.268+0000] {spark_submit.py:579} INFO - 24/10/11 13:59:53 INFO ShutdownHookManager: Shutdown hook called
[2024-10-11T13:59:53.269+0000] {spark_submit.py:579} INFO - 24/10/11 13:59:53 INFO ShutdownHookManager: Deleting directory /tmp/spark-a44a04c0-5f80-4771-aea5-f1951bed55b5
[2024-10-11T13:59:53.276+0000] {spark_submit.py:579} INFO - 24/10/11 13:59:53 INFO ShutdownHookManager: Deleting directory /tmp/spark-416798db-00bc-4919-b958-16bbb19405a6/pyspark-807ace39-d303-4c29-8a29-e92a2ef35606
[2024-10-11T13:59:53.283+0000] {spark_submit.py:579} INFO - 24/10/11 13:59:53 INFO ShutdownHookManager: Deleting directory /tmp/spark-416798db-00bc-4919-b958-16bbb19405a6
[2024-10-11T13:59:53.300+0000] {spark_submit.py:579} INFO - 24/10/11 13:59:53 INFO MetricsSystemImpl: Stopping s3a-file-system metrics system...
[2024-10-11T13:59:53.300+0000] {spark_submit.py:579} INFO - 24/10/11 13:59:53 INFO MetricsSystemImpl: s3a-file-system metrics system stopped.
[2024-10-11T13:59:53.301+0000] {spark_submit.py:579} INFO - 24/10/11 13:59:53 INFO MetricsSystemImpl: s3a-file-system metrics system shutdown complete.
[2024-10-11T13:59:53.390+0000] {taskinstance.py:1398} INFO - Marking task as SUCCESS. dag_id=spark_processing_dag, task_id=silver_cleaned_keywords, execution_date=20241011T135920, start_date=20241011T135921, end_date=20241011T135953
[2024-10-11T13:59:53.439+0000] {local_task_job_runner.py:228} INFO - Task exited with return code 0
[2024-10-11T13:59:53.452+0000] {taskinstance.py:2776} INFO - 0 downstream tasks scheduled from follow-on schedule check
