[2024-10-25T12:09:20.241+0000] {taskinstance.py:1157} INFO - Dependencies all met for dep_context=non-requeueable deps ti=<TaskInstance: task_credits_clean.credits_cleaned manual__2024-10-25T12:09:18.586804+00:00 [queued]>
[2024-10-25T12:09:20.249+0000] {taskinstance.py:1157} INFO - Dependencies all met for dep_context=requeueable deps ti=<TaskInstance: task_credits_clean.credits_cleaned manual__2024-10-25T12:09:18.586804+00:00 [queued]>
[2024-10-25T12:09:20.250+0000] {taskinstance.py:1359} INFO - Starting attempt 1 of 2
[2024-10-25T12:09:20.262+0000] {taskinstance.py:1380} INFO - Executing <Task(SparkSubmitOperator): credits_cleaned> on 2024-10-25 12:09:18.586804+00:00
[2024-10-25T12:09:20.268+0000] {standard_task_runner.py:57} INFO - Started process 2024 to run task
[2024-10-25T12:09:20.271+0000] {standard_task_runner.py:84} INFO - Running: ['***', 'tasks', 'run', 'task_credits_clean', 'credits_cleaned', 'manual__2024-10-25T12:09:18.586804+00:00', '--job-id', '154', '--raw', '--subdir', 'DAGS_FOLDER/credits_test.py', '--cfg-path', '/tmp/tmpgolw6d67']
[2024-10-25T12:09:20.275+0000] {standard_task_runner.py:85} INFO - Job 154: Subtask credits_cleaned
[2024-10-25T12:09:20.333+0000] {task_command.py:415} INFO - Running <TaskInstance: task_credits_clean.credits_cleaned manual__2024-10-25T12:09:18.586804+00:00 [running]> on host 84076e7a47fe
[2024-10-25T12:09:20.427+0000] {taskinstance.py:1660} INFO - Exporting env vars: AIRFLOW_CTX_DAG_OWNER='***' AIRFLOW_CTX_DAG_ID='task_credits_clean' AIRFLOW_CTX_TASK_ID='credits_cleaned' AIRFLOW_CTX_EXECUTION_DATE='2024-10-25T12:09:18.586804+00:00' AIRFLOW_CTX_TRY_NUMBER='1' AIRFLOW_CTX_DAG_RUN_ID='manual__2024-10-25T12:09:18.586804+00:00'
[2024-10-25T12:09:20.440+0000] {base.py:73} INFO - Using connection ID 'spark-conn' for task execution.
[2024-10-25T12:09:20.442+0000] {spark_submit.py:403} INFO - Spark-Submit cmd: spark-submit --master spark://spark-master:7077 --conf spark.sql.extensions=io.delta.sql.DeltaSparkSessionExtension --conf spark.sql.catalog.spark_catalog=org.apache.spark.sql.delta.catalog.DeltaCatalog --jars /opt/***/jars/hadoop-aws-3.3.4.jar,/opt/***/jars/s3-2.18.41.jar,/opt/***/jars/aws-java-sdk-1.12.367.jar,/opt/***/jars/delta-core_2.12-2.4.0.jar,/opt/***/jars/delta-storage-2.2.0.jar, --packages org.apache.hadoop:hadoop-aws:3.3.4 --num-executors 2 --total-executor-cores 2 --executor-cores 2 --executor-memory 2g --driver-memory 1g --name arrow-spark --deploy-mode client /opt/***/jobs/python/test_Credit.py s3a://lakehouse/bronze/credits.parquet s3a://lakehouse/sliver/credit
[2024-10-25T12:09:20.539+0000] {spark_submit.py:579} INFO - /home/***/.local/lib/python3.11/site-packages/pyspark/bin/load-spark-env.sh: line 68: ps: command not found
[2024-10-25T12:09:22.954+0000] {spark_submit.py:579} INFO - :: loading settings :: url = jar:file:/home/***/.local/lib/python3.11/site-packages/pyspark/jars/ivy-2.5.1.jar!/org/apache/ivy/core/settings/ivysettings.xml
[2024-10-25T12:09:23.100+0000] {spark_submit.py:579} INFO - Ivy Default Cache set to: /home/***/.ivy2/cache
[2024-10-25T12:09:23.101+0000] {spark_submit.py:579} INFO - The jars for the packages stored in: /home/***/.ivy2/jars
[2024-10-25T12:09:23.108+0000] {spark_submit.py:579} INFO - org.apache.hadoop#hadoop-aws added as a dependency
[2024-10-25T12:09:23.110+0000] {spark_submit.py:579} INFO - :: resolving dependencies :: org.apache.spark#spark-submit-parent-6c36ecfe-7a11-4b63-82c4-01b13c223a87;1.0
[2024-10-25T12:09:23.110+0000] {spark_submit.py:579} INFO - confs: [default]
[2024-10-25T12:09:23.323+0000] {spark_submit.py:579} INFO - found org.apache.hadoop#hadoop-aws;3.3.4 in spark-list
[2024-10-25T12:09:23.372+0000] {spark_submit.py:579} INFO - found com.amazonaws#aws-java-sdk-bundle;1.12.262 in central
[2024-10-25T12:09:23.409+0000] {spark_submit.py:579} INFO - found org.wildfly.openssl#wildfly-openssl;1.0.7.Final in spark-list
[2024-10-25T12:09:23.440+0000] {spark_submit.py:579} INFO - :: resolution report :: resolve 320ms :: artifacts dl 10ms
[2024-10-25T12:09:23.441+0000] {spark_submit.py:579} INFO - :: modules in use:
[2024-10-25T12:09:23.441+0000] {spark_submit.py:579} INFO - com.amazonaws#aws-java-sdk-bundle;1.12.262 from central in [default]
[2024-10-25T12:09:23.442+0000] {spark_submit.py:579} INFO - org.apache.hadoop#hadoop-aws;3.3.4 from spark-list in [default]
[2024-10-25T12:09:23.443+0000] {spark_submit.py:579} INFO - org.wildfly.openssl#wildfly-openssl;1.0.7.Final from spark-list in [default]
[2024-10-25T12:09:23.444+0000] {spark_submit.py:579} INFO - ---------------------------------------------------------------------
[2024-10-25T12:09:23.445+0000] {spark_submit.py:579} INFO - |                  |            modules            ||   artifacts   |
[2024-10-25T12:09:23.446+0000] {spark_submit.py:579} INFO - |       conf       | number| search|dwnlded|evicted|| number|dwnlded|
[2024-10-25T12:09:23.447+0000] {spark_submit.py:579} INFO - ---------------------------------------------------------------------
[2024-10-25T12:09:23.448+0000] {spark_submit.py:579} INFO - |      default     |   3   |   0   |   0   |   0   ||   3   |   0   |
[2024-10-25T12:09:23.449+0000] {spark_submit.py:579} INFO - ---------------------------------------------------------------------
[2024-10-25T12:09:23.450+0000] {spark_submit.py:579} INFO - :: retrieving :: org.apache.spark#spark-submit-parent-6c36ecfe-7a11-4b63-82c4-01b13c223a87
[2024-10-25T12:09:23.451+0000] {spark_submit.py:579} INFO - confs: [default]
[2024-10-25T12:09:23.458+0000] {spark_submit.py:579} INFO - 0 artifacts copied, 3 already retrieved (0kB/10ms)
[2024-10-25T12:09:23.795+0000] {spark_submit.py:579} INFO - 24/10/25 12:09:23 WARN NativeCodeLoader: Unable to load native-hadoop library for your platform... using builtin-java classes where applicable
[2024-10-25T12:09:25.270+0000] {spark_submit.py:579} INFO - 2024-10-25 12:09:25,269 INFO: Initializing Spark session...
[2024-10-25T12:09:25.441+0000] {spark_submit.py:579} INFO - 24/10/25 12:09:25 INFO SparkContext: Running Spark version 3.4.3
[2024-10-25T12:09:25.484+0000] {spark_submit.py:579} INFO - 24/10/25 12:09:25 INFO ResourceUtils: ==============================================================
[2024-10-25T12:09:25.484+0000] {spark_submit.py:579} INFO - 24/10/25 12:09:25 INFO ResourceUtils: No custom resources configured for spark.driver.
[2024-10-25T12:09:25.485+0000] {spark_submit.py:579} INFO - 24/10/25 12:09:25 INFO ResourceUtils: ==============================================================
[2024-10-25T12:09:25.486+0000] {spark_submit.py:579} INFO - 24/10/25 12:09:25 INFO SparkContext: Submitted application: CleanCredits
[2024-10-25T12:09:25.515+0000] {spark_submit.py:579} INFO - 24/10/25 12:09:25 INFO ResourceProfile: Default ResourceProfile created, executor resources: Map(cores -> name: cores, amount: 2, script: , vendor: , memory -> name: memory, amount: 2048, script: , vendor: , offHeap -> name: offHeap, amount: 0, script: , vendor: ), task resources: Map(cpus -> name: cpus, amount: 1.0)
[2024-10-25T12:09:25.532+0000] {spark_submit.py:579} INFO - 24/10/25 12:09:25 INFO ResourceProfile: Limiting resource is cpus at 2 tasks per executor
[2024-10-25T12:09:25.535+0000] {spark_submit.py:579} INFO - 24/10/25 12:09:25 INFO ResourceProfileManager: Added ResourceProfile id: 0
[2024-10-25T12:09:25.631+0000] {spark_submit.py:579} INFO - 24/10/25 12:09:25 INFO SecurityManager: Changing view acls to: ***
[2024-10-25T12:09:25.633+0000] {spark_submit.py:579} INFO - 24/10/25 12:09:25 INFO SecurityManager: Changing modify acls to: ***
[2024-10-25T12:09:25.635+0000] {spark_submit.py:579} INFO - 24/10/25 12:09:25 INFO SecurityManager: Changing view acls groups to:
[2024-10-25T12:09:25.636+0000] {spark_submit.py:579} INFO - 24/10/25 12:09:25 INFO SecurityManager: Changing modify acls groups to:
[2024-10-25T12:09:25.637+0000] {spark_submit.py:579} INFO - 24/10/25 12:09:25 INFO SecurityManager: SecurityManager: authentication disabled; ui acls disabled; users with view permissions: ***; groups with view permissions: EMPTY; users with modify permissions: ***; groups with modify permissions: EMPTY
[2024-10-25T12:09:26.039+0000] {spark_submit.py:579} INFO - 24/10/25 12:09:26 INFO Utils: Successfully started service 'sparkDriver' on port 39973.
[2024-10-25T12:09:26.091+0000] {spark_submit.py:579} INFO - 24/10/25 12:09:26 INFO SparkEnv: Registering MapOutputTracker
[2024-10-25T12:09:26.140+0000] {spark_submit.py:579} INFO - 24/10/25 12:09:26 INFO SparkEnv: Registering BlockManagerMaster
[2024-10-25T12:09:26.163+0000] {spark_submit.py:579} INFO - 24/10/25 12:09:26 INFO BlockManagerMasterEndpoint: Using org.apache.spark.storage.DefaultTopologyMapper for getting topology information
[2024-10-25T12:09:26.164+0000] {spark_submit.py:579} INFO - 24/10/25 12:09:26 INFO BlockManagerMasterEndpoint: BlockManagerMasterEndpoint up
[2024-10-25T12:09:26.170+0000] {spark_submit.py:579} INFO - 24/10/25 12:09:26 INFO SparkEnv: Registering BlockManagerMasterHeartbeat
[2024-10-25T12:09:26.195+0000] {spark_submit.py:579} INFO - 24/10/25 12:09:26 INFO DiskBlockManager: Created local directory at /tmp/blockmgr-10bd11a1-9d9c-49f7-a0bf-d71eb80bc253
[2024-10-25T12:09:26.219+0000] {spark_submit.py:579} INFO - 24/10/25 12:09:26 INFO MemoryStore: MemoryStore started with capacity 434.4 MiB
[2024-10-25T12:09:26.239+0000] {spark_submit.py:579} INFO - 24/10/25 12:09:26 INFO SparkEnv: Registering OutputCommitCoordinator
[2024-10-25T12:09:26.423+0000] {spark_submit.py:579} INFO - 24/10/25 12:09:26 INFO JettyUtils: Start Jetty 0.0.0.0:4040 for SparkUI
[2024-10-25T12:09:26.513+0000] {spark_submit.py:579} INFO - 24/10/25 12:09:26 WARN Utils: Service 'SparkUI' could not bind on port 4040. Attempting port 4041.
[2024-10-25T12:09:26.538+0000] {spark_submit.py:579} INFO - 24/10/25 12:09:26 INFO Utils: Successfully started service 'SparkUI' on port 4041.
[2024-10-25T12:09:26.587+0000] {spark_submit.py:579} INFO - 24/10/25 12:09:26 INFO SparkContext: Added JAR file:///opt/***/jars/hadoop-aws-3.3.4.jar at spark://84076e7a47fe:39973/jars/hadoop-aws-3.3.4.jar with timestamp 1729858165430
[2024-10-25T12:09:26.589+0000] {spark_submit.py:579} INFO - 24/10/25 12:09:26 INFO SparkContext: Added JAR file:///opt/***/jars/s3-2.18.41.jar at spark://84076e7a47fe:39973/jars/s3-2.18.41.jar with timestamp 1729858165430
[2024-10-25T12:09:26.591+0000] {spark_submit.py:579} INFO - 24/10/25 12:09:26 INFO SparkContext: Added JAR file:///opt/***/jars/aws-java-sdk-1.12.367.jar at spark://84076e7a47fe:39973/jars/aws-java-sdk-1.12.367.jar with timestamp 1729858165430
[2024-10-25T12:09:26.593+0000] {spark_submit.py:579} INFO - 24/10/25 12:09:26 INFO SparkContext: Added JAR file:///opt/***/jars/delta-core_2.12-2.4.0.jar at spark://84076e7a47fe:39973/jars/delta-core_2.12-2.4.0.jar with timestamp 1729858165430
[2024-10-25T12:09:26.594+0000] {spark_submit.py:579} INFO - 24/10/25 12:09:26 INFO SparkContext: Added JAR file:///opt/***/jars/delta-storage-2.2.0.jar at spark://84076e7a47fe:39973/jars/delta-storage-2.2.0.jar with timestamp 1729858165430
[2024-10-25T12:09:26.595+0000] {spark_submit.py:579} INFO - 24/10/25 12:09:26 INFO SparkContext: Added JAR file:///home/***/.ivy2/jars/org.apache.hadoop_hadoop-aws-3.3.4.jar at spark://84076e7a47fe:39973/jars/org.apache.hadoop_hadoop-aws-3.3.4.jar with timestamp 1729858165430
[2024-10-25T12:09:26.596+0000] {spark_submit.py:579} INFO - 24/10/25 12:09:26 INFO SparkContext: Added JAR file:///home/***/.ivy2/jars/com.amazonaws_aws-java-sdk-bundle-1.12.262.jar at spark://84076e7a47fe:39973/jars/com.amazonaws_aws-java-sdk-bundle-1.12.262.jar with timestamp 1729858165430
[2024-10-25T12:09:26.596+0000] {spark_submit.py:579} INFO - 24/10/25 12:09:26 INFO SparkContext: Added JAR file:///home/***/.ivy2/jars/org.wildfly.openssl_wildfly-openssl-1.0.7.Final.jar at spark://84076e7a47fe:39973/jars/org.wildfly.openssl_wildfly-openssl-1.0.7.Final.jar with timestamp 1729858165430
[2024-10-25T12:09:26.599+0000] {spark_submit.py:579} INFO - 24/10/25 12:09:26 INFO SparkContext: Added file file:///home/***/.ivy2/jars/org.apache.hadoop_hadoop-aws-3.3.4.jar at spark://84076e7a47fe:39973/files/org.apache.hadoop_hadoop-aws-3.3.4.jar with timestamp 1729858165430
[2024-10-25T12:09:26.601+0000] {spark_submit.py:579} INFO - 24/10/25 12:09:26 INFO Utils: Copying /home/***/.ivy2/jars/org.apache.hadoop_hadoop-aws-3.3.4.jar to /tmp/spark-9700bd18-8354-4b22-b048-a6cc6db55001/userFiles-17dd0417-ce0e-4e1e-97b7-0a91c49e27c9/org.apache.hadoop_hadoop-aws-3.3.4.jar
[2024-10-25T12:09:26.614+0000] {spark_submit.py:579} INFO - 24/10/25 12:09:26 INFO SparkContext: Added file file:///home/***/.ivy2/jars/com.amazonaws_aws-java-sdk-bundle-1.12.262.jar at spark://84076e7a47fe:39973/files/com.amazonaws_aws-java-sdk-bundle-1.12.262.jar with timestamp 1729858165430
[2024-10-25T12:09:26.615+0000] {spark_submit.py:579} INFO - 24/10/25 12:09:26 INFO Utils: Copying /home/***/.ivy2/jars/com.amazonaws_aws-java-sdk-bundle-1.12.262.jar to /tmp/spark-9700bd18-8354-4b22-b048-a6cc6db55001/userFiles-17dd0417-ce0e-4e1e-97b7-0a91c49e27c9/com.amazonaws_aws-java-sdk-bundle-1.12.262.jar
[2024-10-25T12:09:26.995+0000] {spark_submit.py:579} INFO - 24/10/25 12:09:26 INFO SparkContext: Added file file:///home/***/.ivy2/jars/org.wildfly.openssl_wildfly-openssl-1.0.7.Final.jar at spark://84076e7a47fe:39973/files/org.wildfly.openssl_wildfly-openssl-1.0.7.Final.jar with timestamp 1729858165430
[2024-10-25T12:09:26.996+0000] {spark_submit.py:579} INFO - 24/10/25 12:09:26 INFO Utils: Copying /home/***/.ivy2/jars/org.wildfly.openssl_wildfly-openssl-1.0.7.Final.jar to /tmp/spark-9700bd18-8354-4b22-b048-a6cc6db55001/userFiles-17dd0417-ce0e-4e1e-97b7-0a91c49e27c9/org.wildfly.openssl_wildfly-openssl-1.0.7.Final.jar
[2024-10-25T12:09:27.107+0000] {spark_submit.py:579} INFO - 24/10/25 12:09:27 INFO StandaloneAppClient$ClientEndpoint: Connecting to master spark://spark-master:7077...
[2024-10-25T12:09:27.168+0000] {spark_submit.py:579} INFO - 24/10/25 12:09:27 INFO TransportClientFactory: Successfully created connection to spark-master/172.18.0.4:7077 after 37 ms (0 ms spent in bootstraps)
[2024-10-25T12:09:27.320+0000] {spark_submit.py:579} INFO - 24/10/25 12:09:27 INFO StandaloneSchedulerBackend: Connected to Spark cluster with app ID app-20241025120927-0004
[2024-10-25T12:09:27.332+0000] {spark_submit.py:579} INFO - 24/10/25 12:09:27 INFO Utils: Successfully started service 'org.apache.spark.network.netty.NettyBlockTransferService' on port 44717.
[2024-10-25T12:09:27.333+0000] {spark_submit.py:579} INFO - 24/10/25 12:09:27 INFO NettyBlockTransferService: Server created on 84076e7a47fe:44717
[2024-10-25T12:09:27.336+0000] {spark_submit.py:579} INFO - 24/10/25 12:09:27 INFO BlockManager: Using org.apache.spark.storage.RandomBlockReplicationPolicy for block replication policy
[2024-10-25T12:09:27.346+0000] {spark_submit.py:579} INFO - 24/10/25 12:09:27 INFO BlockManagerMaster: Registering BlockManager BlockManagerId(driver, 84076e7a47fe, 44717, None)
[2024-10-25T12:09:27.351+0000] {spark_submit.py:579} INFO - 24/10/25 12:09:27 INFO BlockManagerMasterEndpoint: Registering block manager 84076e7a47fe:44717 with 434.4 MiB RAM, BlockManagerId(driver, 84076e7a47fe, 44717, None)
[2024-10-25T12:09:27.354+0000] {spark_submit.py:579} INFO - 24/10/25 12:09:27 INFO BlockManagerMaster: Registered BlockManager BlockManagerId(driver, 84076e7a47fe, 44717, None)
[2024-10-25T12:09:27.357+0000] {spark_submit.py:579} INFO - 24/10/25 12:09:27 INFO BlockManager: Initialized BlockManager: BlockManagerId(driver, 84076e7a47fe, 44717, None)
[2024-10-25T12:09:27.689+0000] {spark_submit.py:579} INFO - 24/10/25 12:09:27 INFO StandaloneSchedulerBackend: SchedulerBackend is ready for scheduling beginning after reached minRegisteredResourcesRatio: 0.0
[2024-10-25T12:09:28.029+0000] {spark_submit.py:579} INFO - 2024-10-25 12:09:28,029 INFO: Spark session initialized successfully.
[2024-10-25T12:09:28.030+0000] {spark_submit.py:579} INFO - 2024-10-25 12:09:28,029 INFO: Reading data from s3a://lakehouse/bronze/credits.parquet
[2024-10-25T12:09:28.039+0000] {spark_submit.py:579} INFO - 24/10/25 12:09:28 INFO SharedState: Setting hive.metastore.warehouse.dir ('null') to the value of spark.sql.warehouse.dir.
[2024-10-25T12:09:28.332+0000] {spark_submit.py:579} INFO - 24/10/25 12:09:28 WARN MetricsConfig: Cannot locate configuration: tried hadoop-metrics2-s3a-file-system.properties,hadoop-metrics2.properties
[2024-10-25T12:09:28.367+0000] {spark_submit.py:579} INFO - 24/10/25 12:09:28 INFO MetricsSystemImpl: Scheduled Metric snapshot period at 10 second(s).
[2024-10-25T12:09:28.368+0000] {spark_submit.py:579} INFO - 24/10/25 12:09:28 INFO MetricsSystemImpl: s3a-file-system metrics system started
[2024-10-25T12:09:29.815+0000] {spark_submit.py:579} INFO - 24/10/25 12:09:29 INFO SharedState: Warehouse path is 's3a://lakehouse/'.
[2024-10-25T12:09:31.572+0000] {spark_submit.py:579} INFO - 24/10/25 12:09:31 INFO InMemoryFileIndex: It took 107 ms to list leaf files for 1 paths.
[2024-10-25T12:09:34.095+0000] {spark_submit.py:579} INFO - 2024-10-25 12:09:34,095 INFO: Cleaning data...
[2024-10-25T12:09:34.185+0000] {spark_submit.py:579} INFO - 2024-10-25 12:09:34,185 INFO: Saving cleaned data to s3a://lakehouse/sliver/credit
[2024-10-25T12:09:35.147+0000] {spark_submit.py:579} INFO - 24/10/25 12:09:35 INFO DeltaLog: Creating initial snapshot without metadata, because the directory is empty
[2024-10-25T12:09:35.357+0000] {spark_submit.py:579} INFO - 24/10/25 12:09:35 INFO InitialSnapshot: [tableId=b5cc87ff-97d4-450e-a050-c87b6d66cd74] Created snapshot InitialSnapshot(path=s3a://lakehouse/sliver/credit/_delta_log, version=-1, metadata=Metadata(55306abc-b519-4da0-bcbf-aec7464ea6fe,null,null,Format(parquet,Map()),null,List(),Map(),Some(1729858175345)), logSegment=LogSegment(s3a://lakehouse/sliver/credit/_delta_log,-1,List(),None,-1), checksumOpt=None)
[2024-10-25T12:09:35.542+0000] {spark_submit.py:579} INFO - 24/10/25 12:09:35 INFO DeltaLog: No delta log found for the Delta table at s3a://lakehouse/sliver/credit/_delta_log
[2024-10-25T12:09:35.544+0000] {spark_submit.py:579} INFO - 24/10/25 12:09:35 INFO InitialSnapshot: [tableId=55306abc-b519-4da0-bcbf-aec7464ea6fe] Created snapshot InitialSnapshot(path=s3a://lakehouse/sliver/credit/_delta_log, version=-1, metadata=Metadata(76f1acd0-16e6-43bb-a850-cf7ceb12fae5,null,null,Format(parquet,Map()),null,List(),Map(),Some(1729858175543)), logSegment=LogSegment(s3a://lakehouse/sliver/credit/_delta_log,-1,List(),None,-1), checksumOpt=None)
[2024-10-25T12:09:35.817+0000] {spark_submit.py:579} INFO - 24/10/25 12:09:35 INFO OptimisticTransaction: [tableId=76f1acd0,txnId=cd41c106] Updated metadata from - to Metadata(d17f3a5d-e938-4173-9064-bbaf4e6c6d3d,null,null,Format(parquet,Map()),{"type":"struct","fields":[{"name":"cast","type":"string","nullable":true,"metadata":{}},{"name":"crew","type":"string","nullable":true,"metadata":{}},{"name":"id","type":"string","nullable":true,"metadata":{}}]},List(),Map(),Some(1729858175790))
[2024-10-25T12:09:36.374+0000] {spark_submit.py:579} INFO - 24/10/25 12:09:36 INFO FileSourceStrategy: Pushed Filters: IsNotNull(cast)
[2024-10-25T12:09:36.375+0000] {spark_submit.py:579} INFO - 24/10/25 12:09:36 INFO FileSourceStrategy: Post-Scan Filters: isnotnull(cast#0)
[2024-10-25T12:09:36.545+0000] {spark_submit.py:579} INFO - 24/10/25 12:09:36 INFO ParquetUtils: Using default output committer for Parquet: org.apache.parquet.hadoop.ParquetOutputCommitter
[2024-10-25T12:09:36.761+0000] {spark_submit.py:579} INFO - 24/10/25 12:09:36 INFO HashAggregateExec: spark.sql.codegen.aggregate.map.twolevel.enabled is set to true, but current version of codegened fast hashmap does not support this aggregate.
[2024-10-25T12:09:37.185+0000] {spark_submit.py:579} INFO - 24/10/25 12:09:37 INFO CodeGenerator: Code generated in 348.941276 ms
[2024-10-25T12:09:37.251+0000] {spark_submit.py:579} INFO - 24/10/25 12:09:37 INFO MemoryStore: Block broadcast_0 stored as values in memory (estimated size 206.8 KiB, free 434.2 MiB)
[2024-10-25T12:09:37.341+0000] {spark_submit.py:579} INFO - 24/10/25 12:09:37 INFO MemoryStore: Block broadcast_0_piece0 stored as bytes in memory (estimated size 36.6 KiB, free 434.2 MiB)
[2024-10-25T12:09:37.345+0000] {spark_submit.py:579} INFO - 24/10/25 12:09:37 INFO BlockManagerInfo: Added broadcast_0_piece0 in memory on 84076e7a47fe:44717 (size: 36.6 KiB, free: 434.4 MiB)
[2024-10-25T12:09:37.352+0000] {spark_submit.py:579} INFO - 24/10/25 12:09:37 INFO SparkContext: Created broadcast 0 from save at NativeMethodAccessorImpl.java:0
[2024-10-25T12:09:37.370+0000] {spark_submit.py:579} INFO - 24/10/25 12:09:37 INFO FileSourceScanExec: Planning scan with bin packing, max size: 36317959 bytes, open cost is considered as scanning 4194304 bytes.
[2024-10-25T12:09:37.642+0000] {spark_submit.py:579} INFO - 24/10/25 12:09:37 INFO DAGScheduler: Registering RDD 3 (save at NativeMethodAccessorImpl.java:0) as input to shuffle 0
[2024-10-25T12:09:37.651+0000] {spark_submit.py:579} INFO - 24/10/25 12:09:37 INFO DAGScheduler: Got map stage job 0 (save at NativeMethodAccessorImpl.java:0) with 2 output partitions
[2024-10-25T12:09:37.652+0000] {spark_submit.py:579} INFO - 24/10/25 12:09:37 INFO DAGScheduler: Final stage: ShuffleMapStage 0 (save at NativeMethodAccessorImpl.java:0)
[2024-10-25T12:09:37.653+0000] {spark_submit.py:579} INFO - 24/10/25 12:09:37 INFO DAGScheduler: Parents of final stage: List()
[2024-10-25T12:09:37.657+0000] {spark_submit.py:579} INFO - 24/10/25 12:09:37 INFO DAGScheduler: Missing parents: List()
[2024-10-25T12:09:37.666+0000] {spark_submit.py:579} INFO - 24/10/25 12:09:37 INFO DAGScheduler: Submitting ShuffleMapStage 0 (MapPartitionsRDD[3] at save at NativeMethodAccessorImpl.java:0), which has no missing parents
[2024-10-25T12:09:37.740+0000] {spark_submit.py:579} INFO - 24/10/25 12:09:37 INFO MemoryStore: Block broadcast_1 stored as values in memory (estimated size 32.6 KiB, free 434.1 MiB)
[2024-10-25T12:09:37.755+0000] {spark_submit.py:579} INFO - 24/10/25 12:09:37 INFO MemoryStore: Block broadcast_1_piece0 stored as bytes in memory (estimated size 14.3 KiB, free 434.1 MiB)
[2024-10-25T12:09:37.756+0000] {spark_submit.py:579} INFO - 24/10/25 12:09:37 INFO BlockManagerInfo: Added broadcast_1_piece0 in memory on 84076e7a47fe:44717 (size: 14.3 KiB, free: 434.4 MiB)
[2024-10-25T12:09:37.758+0000] {spark_submit.py:579} INFO - 24/10/25 12:09:37 INFO SparkContext: Created broadcast 1 from broadcast at DAGScheduler.scala:1540
[2024-10-25T12:09:37.789+0000] {spark_submit.py:579} INFO - 24/10/25 12:09:37 INFO DAGScheduler: Submitting 2 missing tasks from ShuffleMapStage 0 (MapPartitionsRDD[3] at save at NativeMethodAccessorImpl.java:0) (first 15 tasks are for partitions Vector(0, 1))
[2024-10-25T12:09:37.791+0000] {spark_submit.py:579} INFO - 24/10/25 12:09:37 INFO TaskSchedulerImpl: Adding task set 0.0 with 2 tasks resource profile 0
[2024-10-25T12:09:42.395+0000] {spark_submit.py:579} INFO - 24/10/25 12:09:42 INFO StandaloneAppClient$ClientEndpoint: Executor added: app-20241025120927-0004/0 on worker-20241025115841-172.18.0.5-46301 (172.18.0.5:46301) with 2 core(s)
[2024-10-25T12:09:42.398+0000] {spark_submit.py:579} INFO - 24/10/25 12:09:42 INFO StandaloneSchedulerBackend: Granted executor ID app-20241025120927-0004/0 on hostPort 172.18.0.5:46301 with 2 core(s), 2.0 GiB RAM
[2024-10-25T12:09:42.462+0000] {spark_submit.py:579} INFO - 24/10/25 12:09:42 INFO StandaloneAppClient$ClientEndpoint: Executor updated: app-20241025120927-0004/0 is now RUNNING
[2024-10-25T12:09:45.153+0000] {spark_submit.py:579} INFO - 24/10/25 12:09:45 INFO StandaloneSchedulerBackend$StandaloneDriverEndpoint: Registered executor NettyRpcEndpointRef(spark-client://Executor) (172.18.0.5:48306) with ID 0,  ResourceProfileId 0
[2024-10-25T12:09:45.215+0000] {spark_submit.py:579} INFO - 24/10/25 12:09:45 INFO BlockManagerMasterEndpoint: Registering block manager 172.18.0.5:41745 with 1048.8 MiB RAM, BlockManagerId(0, 172.18.0.5, 41745, None)
[2024-10-25T12:09:47.582+0000] {spark_submit.py:579} INFO - 24/10/25 12:09:47 INFO TaskSetManager: Starting task 0.0 in stage 0.0 (TID 0) (172.18.0.5, executor 0, partition 0, PROCESS_LOCAL, 7911 bytes)
[2024-10-25T12:09:47.586+0000] {spark_submit.py:579} INFO - 24/10/25 12:09:47 INFO TaskSetManager: Starting task 1.0 in stage 0.0 (TID 1) (172.18.0.5, executor 0, partition 1, PROCESS_LOCAL, 7911 bytes)
[2024-10-25T12:09:47.865+0000] {spark_submit.py:579} INFO - 24/10/25 12:09:47 INFO BlockManagerInfo: Added broadcast_1_piece0 in memory on 172.18.0.5:41745 (size: 14.3 KiB, free: 1048.8 MiB)
[2024-10-25T12:09:48.900+0000] {spark_submit.py:579} INFO - 24/10/25 12:09:48 INFO BlockManagerInfo: Added broadcast_0_piece0 in memory on 172.18.0.5:41745 (size: 36.6 KiB, free: 1048.8 MiB)
[2024-10-25T12:09:50.384+0000] {spark_submit.py:579} INFO - 24/10/25 12:09:50 INFO TaskSetManager: Finished task 1.0 in stage 0.0 (TID 1) in 2796 ms on 172.18.0.5 (executor 0) (1/2)
[2024-10-25T12:09:51.031+0000] {spark_submit.py:579} INFO - 24/10/25 12:09:51 WARN TaskSetManager: Lost task 0.0 in stage 0.0 (TID 0) (172.18.0.5 executor 0): org.apache.spark.SparkException: Parquet column cannot be converted in file s3a://lakehouse/bronze/credits.parquet. Column: [id], Expected: string, Found: INT64.
[2024-10-25T12:09:51.032+0000] {spark_submit.py:579} INFO - at org.apache.spark.sql.errors.QueryExecutionErrors$.unsupportedSchemaColumnConvertError(QueryExecutionErrors.scala:868)
[2024-10-25T12:09:51.032+0000] {spark_submit.py:579} INFO - at org.apache.spark.sql.execution.datasources.FileScanRDD$$anon$1.nextIterator(FileScanRDD.scala:301)
[2024-10-25T12:09:51.032+0000] {spark_submit.py:579} INFO - at org.apache.spark.sql.execution.datasources.FileScanRDD$$anon$1.hasNext(FileScanRDD.scala:125)
[2024-10-25T12:09:51.033+0000] {spark_submit.py:579} INFO - at org.apache.spark.sql.execution.FileSourceScanExec$$anon$1.hasNext(DataSourceScanExec.scala:594)
[2024-10-25T12:09:51.033+0000] {spark_submit.py:579} INFO - at org.apache.spark.sql.catalyst.expressions.GeneratedClass$GeneratedIteratorForCodegenStage1.columnartorow_nextBatch_0$(Unknown Source)
[2024-10-25T12:09:51.034+0000] {spark_submit.py:579} INFO - at org.apache.spark.sql.catalyst.expressions.GeneratedClass$GeneratedIteratorForCodegenStage1.hashAgg_doAggregateWithKeys_0$(Unknown Source)
[2024-10-25T12:09:51.034+0000] {spark_submit.py:579} INFO - at org.apache.spark.sql.catalyst.expressions.GeneratedClass$GeneratedIteratorForCodegenStage1.processNext(Unknown Source)
[2024-10-25T12:09:51.035+0000] {spark_submit.py:579} INFO - at org.apache.spark.sql.execution.BufferedRowIterator.hasNext(BufferedRowIterator.java:43)
[2024-10-25T12:09:51.035+0000] {spark_submit.py:579} INFO - at org.apache.spark.sql.execution.WholeStageCodegenExec$$anon$1.hasNext(WholeStageCodegenExec.scala:760)
[2024-10-25T12:09:51.036+0000] {spark_submit.py:579} INFO - at scala.collection.Iterator$$anon$10.hasNext(Iterator.scala:460)
[2024-10-25T12:09:51.036+0000] {spark_submit.py:579} INFO - at org.apache.spark.shuffle.sort.BypassMergeSortShuffleWriter.write(BypassMergeSortShuffleWriter.java:140)
[2024-10-25T12:09:51.037+0000] {spark_submit.py:579} INFO - at org.apache.spark.shuffle.ShuffleWriteProcessor.write(ShuffleWriteProcessor.scala:59)
[2024-10-25T12:09:51.038+0000] {spark_submit.py:579} INFO - at org.apache.spark.scheduler.ShuffleMapTask.runTask(ShuffleMapTask.scala:101)
[2024-10-25T12:09:51.038+0000] {spark_submit.py:579} INFO - at org.apache.spark.scheduler.ShuffleMapTask.runTask(ShuffleMapTask.scala:53)
[2024-10-25T12:09:51.038+0000] {spark_submit.py:579} INFO - at org.apache.spark.TaskContext.runTaskWithListeners(TaskContext.scala:161)
[2024-10-25T12:09:51.039+0000] {spark_submit.py:579} INFO - at org.apache.spark.scheduler.Task.run(Task.scala:139)
[2024-10-25T12:09:51.040+0000] {spark_submit.py:579} INFO - at org.apache.spark.executor.Executor$TaskRunner.$anonfun$run$3(Executor.scala:554)
[2024-10-25T12:09:51.041+0000] {spark_submit.py:579} INFO - at org.apache.spark.util.Utils$.tryWithSafeFinally(Utils.scala:1529)
[2024-10-25T12:09:51.041+0000] {spark_submit.py:579} INFO - at org.apache.spark.executor.Executor$TaskRunner.run(Executor.scala:557)
[2024-10-25T12:09:51.042+0000] {spark_submit.py:579} INFO - at java.base/java.util.concurrent.ThreadPoolExecutor.runWorker(ThreadPoolExecutor.java:1136)
[2024-10-25T12:09:51.042+0000] {spark_submit.py:579} INFO - at java.base/java.util.concurrent.ThreadPoolExecutor$Worker.run(ThreadPoolExecutor.java:635)
[2024-10-25T12:09:51.043+0000] {spark_submit.py:579} INFO - at java.base/java.lang.Thread.run(Thread.java:840)
[2024-10-25T12:09:51.043+0000] {spark_submit.py:579} INFO - Caused by: org.apache.spark.sql.execution.datasources.SchemaColumnConvertNotSupportedException: column: [id], physicalType: INT64, logicalType: string
[2024-10-25T12:09:51.044+0000] {spark_submit.py:579} INFO - at org.apache.spark.sql.execution.datasources.parquet.ParquetVectorUpdaterFactory.constructConvertNotSupportedException(ParquetVectorUpdaterFactory.java:1136)
[2024-10-25T12:09:51.044+0000] {spark_submit.py:579} INFO - at org.apache.spark.sql.execution.datasources.parquet.ParquetVectorUpdaterFactory.getUpdater(ParquetVectorUpdaterFactory.java:199)
[2024-10-25T12:09:51.044+0000] {spark_submit.py:579} INFO - at org.apache.spark.sql.execution.datasources.parquet.VectorizedColumnReader.readBatch(VectorizedColumnReader.java:175)
[2024-10-25T12:09:51.045+0000] {spark_submit.py:579} INFO - at org.apache.spark.sql.execution.datasources.parquet.VectorizedParquetRecordReader.nextBatch(VectorizedParquetRecordReader.java:328)
[2024-10-25T12:09:51.045+0000] {spark_submit.py:579} INFO - at org.apache.spark.sql.execution.datasources.parquet.VectorizedParquetRecordReader.nextKeyValue(VectorizedParquetRecordReader.java:219)
[2024-10-25T12:09:51.045+0000] {spark_submit.py:579} INFO - at org.apache.spark.sql.execution.datasources.RecordReaderIterator.hasNext(RecordReaderIterator.scala:39)
[2024-10-25T12:09:51.046+0000] {spark_submit.py:579} INFO - at org.apache.spark.sql.execution.datasources.FileScanRDD$$anon$1.hasNext(FileScanRDD.scala:125)
[2024-10-25T12:09:51.046+0000] {spark_submit.py:579} INFO - at org.apache.spark.sql.execution.datasources.FileScanRDD$$anon$1.nextIterator(FileScanRDD.scala:297)
[2024-10-25T12:09:51.046+0000] {spark_submit.py:579} INFO - ... 20 more
[2024-10-25T12:09:51.046+0000] {spark_submit.py:579} INFO - 
[2024-10-25T12:09:51.047+0000] {spark_submit.py:579} INFO - 24/10/25 12:09:51 INFO TaskSetManager: Starting task 0.1 in stage 0.0 (TID 2) (172.18.0.5, executor 0, partition 0, PROCESS_LOCAL, 7911 bytes)
[2024-10-25T12:09:51.392+0000] {spark_submit.py:579} INFO - 24/10/25 12:09:51 INFO TaskSetManager: Lost task 0.1 in stage 0.0 (TID 2) on 172.18.0.5, executor 0: org.apache.spark.SparkException (Parquet column cannot be converted in file s3a://lakehouse/bronze/credits.parquet. Column: [id], Expected: string, Found: INT64.) [duplicate 1]
[2024-10-25T12:09:51.394+0000] {spark_submit.py:579} INFO - 24/10/25 12:09:51 INFO TaskSetManager: Starting task 0.2 in stage 0.0 (TID 3) (172.18.0.5, executor 0, partition 0, PROCESS_LOCAL, 7911 bytes)
[2024-10-25T12:09:51.750+0000] {spark_submit.py:579} INFO - 24/10/25 12:09:51 INFO TaskSetManager: Lost task 0.2 in stage 0.0 (TID 3) on 172.18.0.5, executor 0: org.apache.spark.SparkException (Parquet column cannot be converted in file s3a://lakehouse/bronze/credits.parquet. Column: [id], Expected: string, Found: INT64.) [duplicate 2]
[2024-10-25T12:09:51.751+0000] {spark_submit.py:579} INFO - 24/10/25 12:09:51 INFO TaskSetManager: Starting task 0.3 in stage 0.0 (TID 4) (172.18.0.5, executor 0, partition 0, PROCESS_LOCAL, 7911 bytes)
[2024-10-25T12:09:52.039+0000] {spark_submit.py:579} INFO - 24/10/25 12:09:52 INFO TaskSetManager: Lost task 0.3 in stage 0.0 (TID 4) on 172.18.0.5, executor 0: org.apache.spark.SparkException (Parquet column cannot be converted in file s3a://lakehouse/bronze/credits.parquet. Column: [id], Expected: string, Found: INT64.) [duplicate 3]
[2024-10-25T12:09:52.040+0000] {spark_submit.py:579} INFO - 24/10/25 12:09:52 ERROR TaskSetManager: Task 0 in stage 0.0 failed 4 times; aborting job
[2024-10-25T12:09:52.042+0000] {spark_submit.py:579} INFO - 24/10/25 12:09:52 INFO TaskSchedulerImpl: Removed TaskSet 0.0, whose tasks have all completed, from pool
[2024-10-25T12:09:52.044+0000] {spark_submit.py:579} INFO - 24/10/25 12:09:52 INFO TaskSchedulerImpl: Cancelling stage 0
[2024-10-25T12:09:52.044+0000] {spark_submit.py:579} INFO - 24/10/25 12:09:52 INFO TaskSchedulerImpl: Killing all running tasks in stage 0: Stage cancelled
[2024-10-25T12:09:52.046+0000] {spark_submit.py:579} INFO - 24/10/25 12:09:52 INFO DAGScheduler: ShuffleMapStage 0 (save at NativeMethodAccessorImpl.java:0) failed in 14.350 s due to Job aborted due to stage failure: Task 0 in stage 0.0 failed 4 times, most recent failure: Lost task 0.3 in stage 0.0 (TID 4) (172.18.0.5 executor 0): org.apache.spark.SparkException: Parquet column cannot be converted in file s3a://lakehouse/bronze/credits.parquet. Column: [id], Expected: string, Found: INT64.
[2024-10-25T12:09:52.046+0000] {spark_submit.py:579} INFO - at org.apache.spark.sql.errors.QueryExecutionErrors$.unsupportedSchemaColumnConvertError(QueryExecutionErrors.scala:868)
[2024-10-25T12:09:52.047+0000] {spark_submit.py:579} INFO - at org.apache.spark.sql.execution.datasources.FileScanRDD$$anon$1.nextIterator(FileScanRDD.scala:301)
[2024-10-25T12:09:52.047+0000] {spark_submit.py:579} INFO - at org.apache.spark.sql.execution.datasources.FileScanRDD$$anon$1.hasNext(FileScanRDD.scala:125)
[2024-10-25T12:09:52.047+0000] {spark_submit.py:579} INFO - at org.apache.spark.sql.execution.FileSourceScanExec$$anon$1.hasNext(DataSourceScanExec.scala:594)
[2024-10-25T12:09:52.048+0000] {spark_submit.py:579} INFO - at org.apache.spark.sql.catalyst.expressions.GeneratedClass$GeneratedIteratorForCodegenStage1.columnartorow_nextBatch_0$(Unknown Source)
[2024-10-25T12:09:52.048+0000] {spark_submit.py:579} INFO - at org.apache.spark.sql.catalyst.expressions.GeneratedClass$GeneratedIteratorForCodegenStage1.hashAgg_doAggregateWithKeys_0$(Unknown Source)
[2024-10-25T12:09:52.048+0000] {spark_submit.py:579} INFO - at org.apache.spark.sql.catalyst.expressions.GeneratedClass$GeneratedIteratorForCodegenStage1.processNext(Unknown Source)
[2024-10-25T12:09:52.049+0000] {spark_submit.py:579} INFO - at org.apache.spark.sql.execution.BufferedRowIterator.hasNext(BufferedRowIterator.java:43)
[2024-10-25T12:09:52.049+0000] {spark_submit.py:579} INFO - at org.apache.spark.sql.execution.WholeStageCodegenExec$$anon$1.hasNext(WholeStageCodegenExec.scala:760)
[2024-10-25T12:09:52.050+0000] {spark_submit.py:579} INFO - at scala.collection.Iterator$$anon$10.hasNext(Iterator.scala:460)
[2024-10-25T12:09:52.050+0000] {spark_submit.py:579} INFO - at org.apache.spark.shuffle.sort.BypassMergeSortShuffleWriter.write(BypassMergeSortShuffleWriter.java:140)
[2024-10-25T12:09:52.050+0000] {spark_submit.py:579} INFO - at org.apache.spark.shuffle.ShuffleWriteProcessor.write(ShuffleWriteProcessor.scala:59)
[2024-10-25T12:09:52.050+0000] {spark_submit.py:579} INFO - at org.apache.spark.scheduler.ShuffleMapTask.runTask(ShuffleMapTask.scala:101)
[2024-10-25T12:09:52.051+0000] {spark_submit.py:579} INFO - at org.apache.spark.scheduler.ShuffleMapTask.runTask(ShuffleMapTask.scala:53)
[2024-10-25T12:09:52.051+0000] {spark_submit.py:579} INFO - at org.apache.spark.TaskContext.runTaskWithListeners(TaskContext.scala:161)
[2024-10-25T12:09:52.051+0000] {spark_submit.py:579} INFO - at org.apache.spark.scheduler.Task.run(Task.scala:139)
[2024-10-25T12:09:52.051+0000] {spark_submit.py:579} INFO - at org.apache.spark.executor.Executor$TaskRunner.$anonfun$run$3(Executor.scala:554)
[2024-10-25T12:09:52.052+0000] {spark_submit.py:579} INFO - at org.apache.spark.util.Utils$.tryWithSafeFinally(Utils.scala:1529)
[2024-10-25T12:09:52.052+0000] {spark_submit.py:579} INFO - at org.apache.spark.executor.Executor$TaskRunner.run(Executor.scala:557)
[2024-10-25T12:09:52.053+0000] {spark_submit.py:579} INFO - at java.base/java.util.concurrent.ThreadPoolExecutor.runWorker(ThreadPoolExecutor.java:1136)
[2024-10-25T12:09:52.053+0000] {spark_submit.py:579} INFO - at java.base/java.util.concurrent.ThreadPoolExecutor$Worker.run(ThreadPoolExecutor.java:635)
[2024-10-25T12:09:52.054+0000] {spark_submit.py:579} INFO - at java.base/java.lang.Thread.run(Thread.java:840)
[2024-10-25T12:09:52.054+0000] {spark_submit.py:579} INFO - Caused by: org.apache.spark.sql.execution.datasources.SchemaColumnConvertNotSupportedException: column: [id], physicalType: INT64, logicalType: string
[2024-10-25T12:09:52.055+0000] {spark_submit.py:579} INFO - at org.apache.spark.sql.execution.datasources.parquet.ParquetVectorUpdaterFactory.constructConvertNotSupportedException(ParquetVectorUpdaterFactory.java:1136)
[2024-10-25T12:09:52.055+0000] {spark_submit.py:579} INFO - at org.apache.spark.sql.execution.datasources.parquet.ParquetVectorUpdaterFactory.getUpdater(ParquetVectorUpdaterFactory.java:199)
[2024-10-25T12:09:52.055+0000] {spark_submit.py:579} INFO - at org.apache.spark.sql.execution.datasources.parquet.VectorizedColumnReader.readBatch(VectorizedColumnReader.java:175)
[2024-10-25T12:09:52.056+0000] {spark_submit.py:579} INFO - at org.apache.spark.sql.execution.datasources.parquet.VectorizedParquetRecordReader.nextBatch(VectorizedParquetRecordReader.java:328)
[2024-10-25T12:09:52.056+0000] {spark_submit.py:579} INFO - at org.apache.spark.sql.execution.datasources.parquet.VectorizedParquetRecordReader.nextKeyValue(VectorizedParquetRecordReader.java:219)
[2024-10-25T12:09:52.057+0000] {spark_submit.py:579} INFO - at org.apache.spark.sql.execution.datasources.RecordReaderIterator.hasNext(RecordReaderIterator.scala:39)
[2024-10-25T12:09:52.057+0000] {spark_submit.py:579} INFO - at org.apache.spark.sql.execution.datasources.FileScanRDD$$anon$1.hasNext(FileScanRDD.scala:125)
[2024-10-25T12:09:52.057+0000] {spark_submit.py:579} INFO - at org.apache.spark.sql.execution.datasources.FileScanRDD$$anon$1.nextIterator(FileScanRDD.scala:297)
[2024-10-25T12:09:52.058+0000] {spark_submit.py:579} INFO - ... 20 more
[2024-10-25T12:09:52.058+0000] {spark_submit.py:579} INFO - 
[2024-10-25T12:09:52.058+0000] {spark_submit.py:579} INFO - Driver stacktrace:
[2024-10-25T12:09:52.293+0000] {spark_submit.py:579} INFO - 24/10/25 12:09:52 INFO BlockManagerInfo: Removed broadcast_1_piece0 on 84076e7a47fe:44717 in memory (size: 14.3 KiB, free: 434.4 MiB)
[2024-10-25T12:09:52.296+0000] {spark_submit.py:579} INFO - 24/10/25 12:09:52 INFO BlockManagerInfo: Removed broadcast_1_piece0 on 172.18.0.5:41745 in memory (size: 14.3 KiB, free: 1048.8 MiB)
[2024-10-25T12:09:52.349+0000] {spark_submit.py:579} INFO - 2024-10-25 12:09:52,349 ERROR: Error during cleaning process: An error occurred while calling o68.save.
[2024-10-25T12:09:52.350+0000] {spark_submit.py:579} INFO - : org.apache.spark.SparkException: Job aborted due to stage failure: Task 0 in stage 0.0 failed 4 times, most recent failure: Lost task 0.3 in stage 0.0 (TID 4) (172.18.0.5 executor 0): org.apache.spark.SparkException: Parquet column cannot be converted in file s3a://lakehouse/bronze/credits.parquet. Column: [id], Expected: string, Found: INT64.
[2024-10-25T12:09:52.350+0000] {spark_submit.py:579} INFO - at org.apache.spark.sql.errors.QueryExecutionErrors$.unsupportedSchemaColumnConvertError(QueryExecutionErrors.scala:868)
[2024-10-25T12:09:52.351+0000] {spark_submit.py:579} INFO - at org.apache.spark.sql.execution.datasources.FileScanRDD$$anon$1.nextIterator(FileScanRDD.scala:301)
[2024-10-25T12:09:52.351+0000] {spark_submit.py:579} INFO - at org.apache.spark.sql.execution.datasources.FileScanRDD$$anon$1.hasNext(FileScanRDD.scala:125)
[2024-10-25T12:09:52.351+0000] {spark_submit.py:579} INFO - at org.apache.spark.sql.execution.FileSourceScanExec$$anon$1.hasNext(DataSourceScanExec.scala:594)
[2024-10-25T12:09:52.352+0000] {spark_submit.py:579} INFO - at org.apache.spark.sql.catalyst.expressions.GeneratedClass$GeneratedIteratorForCodegenStage1.columnartorow_nextBatch_0$(Unknown Source)
[2024-10-25T12:09:52.352+0000] {spark_submit.py:579} INFO - at org.apache.spark.sql.catalyst.expressions.GeneratedClass$GeneratedIteratorForCodegenStage1.hashAgg_doAggregateWithKeys_0$(Unknown Source)
[2024-10-25T12:09:52.352+0000] {spark_submit.py:579} INFO - at org.apache.spark.sql.catalyst.expressions.GeneratedClass$GeneratedIteratorForCodegenStage1.processNext(Unknown Source)
[2024-10-25T12:09:52.353+0000] {spark_submit.py:579} INFO - at org.apache.spark.sql.execution.BufferedRowIterator.hasNext(BufferedRowIterator.java:43)
[2024-10-25T12:09:52.353+0000] {spark_submit.py:579} INFO - at org.apache.spark.sql.execution.WholeStageCodegenExec$$anon$1.hasNext(WholeStageCodegenExec.scala:760)
[2024-10-25T12:09:52.354+0000] {spark_submit.py:579} INFO - at scala.collection.Iterator$$anon$10.hasNext(Iterator.scala:460)
[2024-10-25T12:09:52.354+0000] {spark_submit.py:579} INFO - at org.apache.spark.shuffle.sort.BypassMergeSortShuffleWriter.write(BypassMergeSortShuffleWriter.java:140)
[2024-10-25T12:09:52.354+0000] {spark_submit.py:579} INFO - at org.apache.spark.shuffle.ShuffleWriteProcessor.write(ShuffleWriteProcessor.scala:59)
[2024-10-25T12:09:52.355+0000] {spark_submit.py:579} INFO - at org.apache.spark.scheduler.ShuffleMapTask.runTask(ShuffleMapTask.scala:101)
[2024-10-25T12:09:52.355+0000] {spark_submit.py:579} INFO - at org.apache.spark.scheduler.ShuffleMapTask.runTask(ShuffleMapTask.scala:53)
[2024-10-25T12:09:52.355+0000] {spark_submit.py:579} INFO - at org.apache.spark.TaskContext.runTaskWithListeners(TaskContext.scala:161)
[2024-10-25T12:09:52.356+0000] {spark_submit.py:579} INFO - at org.apache.spark.scheduler.Task.run(Task.scala:139)
[2024-10-25T12:09:52.356+0000] {spark_submit.py:579} INFO - at org.apache.spark.executor.Executor$TaskRunner.$anonfun$run$3(Executor.scala:554)
[2024-10-25T12:09:52.356+0000] {spark_submit.py:579} INFO - at org.apache.spark.util.Utils$.tryWithSafeFinally(Utils.scala:1529)
[2024-10-25T12:09:52.357+0000] {spark_submit.py:579} INFO - at org.apache.spark.executor.Executor$TaskRunner.run(Executor.scala:557)
[2024-10-25T12:09:52.357+0000] {spark_submit.py:579} INFO - at java.base/java.util.concurrent.ThreadPoolExecutor.runWorker(ThreadPoolExecutor.java:1136)
[2024-10-25T12:09:52.357+0000] {spark_submit.py:579} INFO - at java.base/java.util.concurrent.ThreadPoolExecutor$Worker.run(ThreadPoolExecutor.java:635)
[2024-10-25T12:09:52.357+0000] {spark_submit.py:579} INFO - at java.base/java.lang.Thread.run(Thread.java:840)
[2024-10-25T12:09:52.358+0000] {spark_submit.py:579} INFO - Caused by: org.apache.spark.sql.execution.datasources.SchemaColumnConvertNotSupportedException: column: [id], physicalType: INT64, logicalType: string
[2024-10-25T12:09:52.358+0000] {spark_submit.py:579} INFO - at org.apache.spark.sql.execution.datasources.parquet.ParquetVectorUpdaterFactory.constructConvertNotSupportedException(ParquetVectorUpdaterFactory.java:1136)
[2024-10-25T12:09:52.358+0000] {spark_submit.py:579} INFO - at org.apache.spark.sql.execution.datasources.parquet.ParquetVectorUpdaterFactory.getUpdater(ParquetVectorUpdaterFactory.java:199)
[2024-10-25T12:09:52.359+0000] {spark_submit.py:579} INFO - at org.apache.spark.sql.execution.datasources.parquet.VectorizedColumnReader.readBatch(VectorizedColumnReader.java:175)
[2024-10-25T12:09:52.359+0000] {spark_submit.py:579} INFO - at org.apache.spark.sql.execution.datasources.parquet.VectorizedParquetRecordReader.nextBatch(VectorizedParquetRecordReader.java:328)
[2024-10-25T12:09:52.359+0000] {spark_submit.py:579} INFO - at org.apache.spark.sql.execution.datasources.parquet.VectorizedParquetRecordReader.nextKeyValue(VectorizedParquetRecordReader.java:219)
[2024-10-25T12:09:52.359+0000] {spark_submit.py:579} INFO - at org.apache.spark.sql.execution.datasources.RecordReaderIterator.hasNext(RecordReaderIterator.scala:39)
[2024-10-25T12:09:52.360+0000] {spark_submit.py:579} INFO - at org.apache.spark.sql.execution.datasources.FileScanRDD$$anon$1.hasNext(FileScanRDD.scala:125)
[2024-10-25T12:09:52.360+0000] {spark_submit.py:579} INFO - at org.apache.spark.sql.execution.datasources.FileScanRDD$$anon$1.nextIterator(FileScanRDD.scala:297)
[2024-10-25T12:09:52.360+0000] {spark_submit.py:579} INFO - ... 20 more
[2024-10-25T12:09:52.360+0000] {spark_submit.py:579} INFO - 
[2024-10-25T12:09:52.361+0000] {spark_submit.py:579} INFO - Driver stacktrace:
[2024-10-25T12:09:52.361+0000] {spark_submit.py:579} INFO - at org.apache.spark.scheduler.DAGScheduler.failJobAndIndependentStages(DAGScheduler.scala:2790)
[2024-10-25T12:09:52.361+0000] {spark_submit.py:579} INFO - at org.apache.spark.scheduler.DAGScheduler.$anonfun$abortStage$2(DAGScheduler.scala:2726)
[2024-10-25T12:09:52.361+0000] {spark_submit.py:579} INFO - at org.apache.spark.scheduler.DAGScheduler.$anonfun$abortStage$2$adapted(DAGScheduler.scala:2725)
[2024-10-25T12:09:52.362+0000] {spark_submit.py:579} INFO - at scala.collection.mutable.ResizableArray.foreach(ResizableArray.scala:62)
[2024-10-25T12:09:52.362+0000] {spark_submit.py:579} INFO - at scala.collection.mutable.ResizableArray.foreach$(ResizableArray.scala:55)
[2024-10-25T12:09:52.362+0000] {spark_submit.py:579} INFO - at scala.collection.mutable.ArrayBuffer.foreach(ArrayBuffer.scala:49)
[2024-10-25T12:09:52.363+0000] {spark_submit.py:579} INFO - at org.apache.spark.scheduler.DAGScheduler.abortStage(DAGScheduler.scala:2725)
[2024-10-25T12:09:52.363+0000] {spark_submit.py:579} INFO - at org.apache.spark.scheduler.DAGScheduler.$anonfun$handleTaskSetFailed$1(DAGScheduler.scala:1211)
[2024-10-25T12:09:52.363+0000] {spark_submit.py:579} INFO - at org.apache.spark.scheduler.DAGScheduler.$anonfun$handleTaskSetFailed$1$adapted(DAGScheduler.scala:1211)
[2024-10-25T12:09:52.364+0000] {spark_submit.py:579} INFO - at scala.Option.foreach(Option.scala:407)
[2024-10-25T12:09:52.364+0000] {spark_submit.py:579} INFO - at org.apache.spark.scheduler.DAGScheduler.handleTaskSetFailed(DAGScheduler.scala:1211)
[2024-10-25T12:09:52.364+0000] {spark_submit.py:579} INFO - at org.apache.spark.scheduler.DAGSchedulerEventProcessLoop.doOnReceive(DAGScheduler.scala:2989)
[2024-10-25T12:09:52.364+0000] {spark_submit.py:579} INFO - at org.apache.spark.scheduler.DAGSchedulerEventProcessLoop.onReceive(DAGScheduler.scala:2928)
[2024-10-25T12:09:52.365+0000] {spark_submit.py:579} INFO - at org.apache.spark.scheduler.DAGSchedulerEventProcessLoop.onReceive(DAGScheduler.scala:2917)
[2024-10-25T12:09:52.365+0000] {spark_submit.py:579} INFO - at org.apache.spark.util.EventLoop$$anon$1.run(EventLoop.scala:49)
[2024-10-25T12:09:52.365+0000] {spark_submit.py:579} INFO - Caused by: org.apache.spark.SparkException: Parquet column cannot be converted in file s3a://lakehouse/bronze/credits.parquet. Column: [id], Expected: string, Found: INT64.
[2024-10-25T12:09:52.365+0000] {spark_submit.py:579} INFO - at org.apache.spark.sql.errors.QueryExecutionErrors$.unsupportedSchemaColumnConvertError(QueryExecutionErrors.scala:868)
[2024-10-25T12:09:52.366+0000] {spark_submit.py:579} INFO - at org.apache.spark.sql.execution.datasources.FileScanRDD$$anon$1.nextIterator(FileScanRDD.scala:301)
[2024-10-25T12:09:52.366+0000] {spark_submit.py:579} INFO - at org.apache.spark.sql.execution.datasources.FileScanRDD$$anon$1.hasNext(FileScanRDD.scala:125)
[2024-10-25T12:09:52.366+0000] {spark_submit.py:579} INFO - at org.apache.spark.sql.execution.FileSourceScanExec$$anon$1.hasNext(DataSourceScanExec.scala:594)
[2024-10-25T12:09:52.366+0000] {spark_submit.py:579} INFO - at org.apache.spark.sql.catalyst.expressions.GeneratedClass$GeneratedIteratorForCodegenStage1.columnartorow_nextBatch_0$(Unknown Source)
[2024-10-25T12:09:52.367+0000] {spark_submit.py:579} INFO - at org.apache.spark.sql.catalyst.expressions.GeneratedClass$GeneratedIteratorForCodegenStage1.hashAgg_doAggregateWithKeys_0$(Unknown Source)
[2024-10-25T12:09:52.367+0000] {spark_submit.py:579} INFO - at org.apache.spark.sql.catalyst.expressions.GeneratedClass$GeneratedIteratorForCodegenStage1.processNext(Unknown Source)
[2024-10-25T12:09:52.367+0000] {spark_submit.py:579} INFO - at org.apache.spark.sql.execution.BufferedRowIterator.hasNext(BufferedRowIterator.java:43)
[2024-10-25T12:09:52.367+0000] {spark_submit.py:579} INFO - at org.apache.spark.sql.execution.WholeStageCodegenExec$$anon$1.hasNext(WholeStageCodegenExec.scala:760)
[2024-10-25T12:09:52.368+0000] {spark_submit.py:579} INFO - at scala.collection.Iterator$$anon$10.hasNext(Iterator.scala:460)
[2024-10-25T12:09:52.368+0000] {spark_submit.py:579} INFO - at org.apache.spark.shuffle.sort.BypassMergeSortShuffleWriter.write(BypassMergeSortShuffleWriter.java:140)
[2024-10-25T12:09:52.368+0000] {spark_submit.py:579} INFO - at org.apache.spark.shuffle.ShuffleWriteProcessor.write(ShuffleWriteProcessor.scala:59)
[2024-10-25T12:09:52.368+0000] {spark_submit.py:579} INFO - at org.apache.spark.scheduler.ShuffleMapTask.runTask(ShuffleMapTask.scala:101)
[2024-10-25T12:09:52.369+0000] {spark_submit.py:579} INFO - at org.apache.spark.scheduler.ShuffleMapTask.runTask(ShuffleMapTask.scala:53)
[2024-10-25T12:09:52.369+0000] {spark_submit.py:579} INFO - at org.apache.spark.TaskContext.runTaskWithListeners(TaskContext.scala:161)
[2024-10-25T12:09:52.369+0000] {spark_submit.py:579} INFO - at org.apache.spark.scheduler.Task.run(Task.scala:139)
[2024-10-25T12:09:52.370+0000] {spark_submit.py:579} INFO - at org.apache.spark.executor.Executor$TaskRunner.$anonfun$run$3(Executor.scala:554)
[2024-10-25T12:09:52.370+0000] {spark_submit.py:579} INFO - at org.apache.spark.util.Utils$.tryWithSafeFinally(Utils.scala:1529)
[2024-10-25T12:09:52.370+0000] {spark_submit.py:579} INFO - at org.apache.spark.executor.Executor$TaskRunner.run(Executor.scala:557)
[2024-10-25T12:09:52.370+0000] {spark_submit.py:579} INFO - at java.base/java.util.concurrent.ThreadPoolExecutor.runWorker(ThreadPoolExecutor.java:1136)
[2024-10-25T12:09:52.371+0000] {spark_submit.py:579} INFO - at java.base/java.util.concurrent.ThreadPoolExecutor$Worker.run(ThreadPoolExecutor.java:635)
[2024-10-25T12:09:52.371+0000] {spark_submit.py:579} INFO - at java.base/java.lang.Thread.run(Thread.java:840)
[2024-10-25T12:09:52.371+0000] {spark_submit.py:579} INFO - Caused by: org.apache.spark.sql.execution.datasources.SchemaColumnConvertNotSupportedException: column: [id], physicalType: INT64, logicalType: string
[2024-10-25T12:09:52.371+0000] {spark_submit.py:579} INFO - at org.apache.spark.sql.execution.datasources.parquet.ParquetVectorUpdaterFactory.constructConvertNotSupportedException(ParquetVectorUpdaterFactory.java:1136)
[2024-10-25T12:09:52.372+0000] {spark_submit.py:579} INFO - at org.apache.spark.sql.execution.datasources.parquet.ParquetVectorUpdaterFactory.getUpdater(ParquetVectorUpdaterFactory.java:199)
[2024-10-25T12:09:52.372+0000] {spark_submit.py:579} INFO - at org.apache.spark.sql.execution.datasources.parquet.VectorizedColumnReader.readBatch(VectorizedColumnReader.java:175)
[2024-10-25T12:09:52.372+0000] {spark_submit.py:579} INFO - at org.apache.spark.sql.execution.datasources.parquet.VectorizedParquetRecordReader.nextBatch(VectorizedParquetRecordReader.java:328)
[2024-10-25T12:09:52.372+0000] {spark_submit.py:579} INFO - at org.apache.spark.sql.execution.datasources.parquet.VectorizedParquetRecordReader.nextKeyValue(VectorizedParquetRecordReader.java:219)
[2024-10-25T12:09:52.373+0000] {spark_submit.py:579} INFO - at org.apache.spark.sql.execution.datasources.RecordReaderIterator.hasNext(RecordReaderIterator.scala:39)
[2024-10-25T12:09:52.373+0000] {spark_submit.py:579} INFO - at org.apache.spark.sql.execution.datasources.FileScanRDD$$anon$1.hasNext(FileScanRDD.scala:125)
[2024-10-25T12:09:52.373+0000] {spark_submit.py:579} INFO - at org.apache.spark.sql.execution.datasources.FileScanRDD$$anon$1.nextIterator(FileScanRDD.scala:297)
[2024-10-25T12:09:52.373+0000] {spark_submit.py:579} INFO - ... 20 more
[2024-10-25T12:09:52.374+0000] {spark_submit.py:579} INFO - 
[2024-10-25T12:09:52.400+0000] {spark_submit.py:579} INFO - 2024-10-25 12:09:52,399 ERROR: Traceback (most recent call last):
[2024-10-25T12:09:52.400+0000] {spark_submit.py:579} INFO - File "/opt/***/jobs/python/test_Credit.py", line 144, in clean_credits
[2024-10-25T12:09:52.401+0000] {spark_submit.py:579} INFO - df_cleaned.write.format("delta").mode("overwrite").option('overwriteSchema', 'true').save(output_path)
[2024-10-25T12:09:52.401+0000] {spark_submit.py:579} INFO - File "/home/***/.local/lib/python3.11/site-packages/pyspark/python/lib/pyspark.zip/pyspark/sql/readwriter.py", line 1398, in save
[2024-10-25T12:09:52.402+0000] {spark_submit.py:579} INFO - self._jwrite.save(path)
[2024-10-25T12:09:52.402+0000] {spark_submit.py:579} INFO - File "/home/***/.local/lib/python3.11/site-packages/pyspark/python/lib/py4j-0.10.9.7-src.zip/py4j/java_gateway.py", line 1322, in __call__
[2024-10-25T12:09:52.402+0000] {spark_submit.py:579} INFO - return_value = get_return_value(
[2024-10-25T12:09:52.403+0000] {spark_submit.py:579} INFO - ^^^^^^^^^^^^^^^^^
[2024-10-25T12:09:52.403+0000] {spark_submit.py:579} INFO - File "/home/***/.local/lib/python3.11/site-packages/pyspark/python/lib/pyspark.zip/pyspark/errors/exceptions/captured.py", line 169, in deco
[2024-10-25T12:09:52.404+0000] {spark_submit.py:579} INFO - return f(*a, **kw)
[2024-10-25T12:09:52.404+0000] {spark_submit.py:579} INFO - ^^^^^^^^^^^
[2024-10-25T12:09:52.404+0000] {spark_submit.py:579} INFO - File "/home/***/.local/lib/python3.11/site-packages/pyspark/python/lib/py4j-0.10.9.7-src.zip/py4j/protocol.py", line 326, in get_return_value
[2024-10-25T12:09:52.405+0000] {spark_submit.py:579} INFO - raise Py4JJavaError(
[2024-10-25T12:09:52.405+0000] {spark_submit.py:579} INFO - py4j.protocol.Py4JJavaError: An error occurred while calling o68.save.
[2024-10-25T12:09:52.405+0000] {spark_submit.py:579} INFO - : org.apache.spark.SparkException: Job aborted due to stage failure: Task 0 in stage 0.0 failed 4 times, most recent failure: Lost task 0.3 in stage 0.0 (TID 4) (172.18.0.5 executor 0): org.apache.spark.SparkException: Parquet column cannot be converted in file s3a://lakehouse/bronze/credits.parquet. Column: [id], Expected: string, Found: INT64.
[2024-10-25T12:09:52.406+0000] {spark_submit.py:579} INFO - at org.apache.spark.sql.errors.QueryExecutionErrors$.unsupportedSchemaColumnConvertError(QueryExecutionErrors.scala:868)
[2024-10-25T12:09:52.406+0000] {spark_submit.py:579} INFO - at org.apache.spark.sql.execution.datasources.FileScanRDD$$anon$1.nextIterator(FileScanRDD.scala:301)
[2024-10-25T12:09:52.406+0000] {spark_submit.py:579} INFO - at org.apache.spark.sql.execution.datasources.FileScanRDD$$anon$1.hasNext(FileScanRDD.scala:125)
[2024-10-25T12:09:52.407+0000] {spark_submit.py:579} INFO - at org.apache.spark.sql.execution.FileSourceScanExec$$anon$1.hasNext(DataSourceScanExec.scala:594)
[2024-10-25T12:09:52.407+0000] {spark_submit.py:579} INFO - at org.apache.spark.sql.catalyst.expressions.GeneratedClass$GeneratedIteratorForCodegenStage1.columnartorow_nextBatch_0$(Unknown Source)
[2024-10-25T12:09:52.407+0000] {spark_submit.py:579} INFO - at org.apache.spark.sql.catalyst.expressions.GeneratedClass$GeneratedIteratorForCodegenStage1.hashAgg_doAggregateWithKeys_0$(Unknown Source)
[2024-10-25T12:09:52.408+0000] {spark_submit.py:579} INFO - at org.apache.spark.sql.catalyst.expressions.GeneratedClass$GeneratedIteratorForCodegenStage1.processNext(Unknown Source)
[2024-10-25T12:09:52.408+0000] {spark_submit.py:579} INFO - at org.apache.spark.sql.execution.BufferedRowIterator.hasNext(BufferedRowIterator.java:43)
[2024-10-25T12:09:52.409+0000] {spark_submit.py:579} INFO - at org.apache.spark.sql.execution.WholeStageCodegenExec$$anon$1.hasNext(WholeStageCodegenExec.scala:760)
[2024-10-25T12:09:52.409+0000] {spark_submit.py:579} INFO - at scala.collection.Iterator$$anon$10.hasNext(Iterator.scala:460)
[2024-10-25T12:09:52.410+0000] {spark_submit.py:579} INFO - at org.apache.spark.shuffle.sort.BypassMergeSortShuffleWriter.write(BypassMergeSortShuffleWriter.java:140)
[2024-10-25T12:09:52.410+0000] {spark_submit.py:579} INFO - at org.apache.spark.shuffle.ShuffleWriteProcessor.write(ShuffleWriteProcessor.scala:59)
[2024-10-25T12:09:52.410+0000] {spark_submit.py:579} INFO - at org.apache.spark.scheduler.ShuffleMapTask.runTask(ShuffleMapTask.scala:101)
[2024-10-25T12:09:52.411+0000] {spark_submit.py:579} INFO - at org.apache.spark.scheduler.ShuffleMapTask.runTask(ShuffleMapTask.scala:53)
[2024-10-25T12:09:52.411+0000] {spark_submit.py:579} INFO - at org.apache.spark.TaskContext.runTaskWithListeners(TaskContext.scala:161)
[2024-10-25T12:09:52.412+0000] {spark_submit.py:579} INFO - at org.apache.spark.scheduler.Task.run(Task.scala:139)
[2024-10-25T12:09:52.412+0000] {spark_submit.py:579} INFO - at org.apache.spark.executor.Executor$TaskRunner.$anonfun$run$3(Executor.scala:554)
[2024-10-25T12:09:52.412+0000] {spark_submit.py:579} INFO - at org.apache.spark.util.Utils$.tryWithSafeFinally(Utils.scala:1529)
[2024-10-25T12:09:52.413+0000] {spark_submit.py:579} INFO - at org.apache.spark.executor.Executor$TaskRunner.run(Executor.scala:557)
[2024-10-25T12:09:52.413+0000] {spark_submit.py:579} INFO - at java.base/java.util.concurrent.ThreadPoolExecutor.runWorker(ThreadPoolExecutor.java:1136)
[2024-10-25T12:09:52.413+0000] {spark_submit.py:579} INFO - at java.base/java.util.concurrent.ThreadPoolExecutor$Worker.run(ThreadPoolExecutor.java:635)
[2024-10-25T12:09:52.414+0000] {spark_submit.py:579} INFO - at java.base/java.lang.Thread.run(Thread.java:840)
[2024-10-25T12:09:52.414+0000] {spark_submit.py:579} INFO - Caused by: org.apache.spark.sql.execution.datasources.SchemaColumnConvertNotSupportedException: column: [id], physicalType: INT64, logicalType: string
[2024-10-25T12:09:52.414+0000] {spark_submit.py:579} INFO - at org.apache.spark.sql.execution.datasources.parquet.ParquetVectorUpdaterFactory.constructConvertNotSupportedException(ParquetVectorUpdaterFactory.java:1136)
[2024-10-25T12:09:52.414+0000] {spark_submit.py:579} INFO - at org.apache.spark.sql.execution.datasources.parquet.ParquetVectorUpdaterFactory.getUpdater(ParquetVectorUpdaterFactory.java:199)
[2024-10-25T12:09:52.415+0000] {spark_submit.py:579} INFO - at org.apache.spark.sql.execution.datasources.parquet.VectorizedColumnReader.readBatch(VectorizedColumnReader.java:175)
[2024-10-25T12:09:52.415+0000] {spark_submit.py:579} INFO - at org.apache.spark.sql.execution.datasources.parquet.VectorizedParquetRecordReader.nextBatch(VectorizedParquetRecordReader.java:328)
[2024-10-25T12:09:52.415+0000] {spark_submit.py:579} INFO - at org.apache.spark.sql.execution.datasources.parquet.VectorizedParquetRecordReader.nextKeyValue(VectorizedParquetRecordReader.java:219)
[2024-10-25T12:09:52.415+0000] {spark_submit.py:579} INFO - at org.apache.spark.sql.execution.datasources.RecordReaderIterator.hasNext(RecordReaderIterator.scala:39)
[2024-10-25T12:09:52.416+0000] {spark_submit.py:579} INFO - at org.apache.spark.sql.execution.datasources.FileScanRDD$$anon$1.hasNext(FileScanRDD.scala:125)
[2024-10-25T12:09:52.416+0000] {spark_submit.py:579} INFO - at org.apache.spark.sql.execution.datasources.FileScanRDD$$anon$1.nextIterator(FileScanRDD.scala:297)
[2024-10-25T12:09:52.416+0000] {spark_submit.py:579} INFO - ... 20 more
[2024-10-25T12:09:52.417+0000] {spark_submit.py:579} INFO - 
[2024-10-25T12:09:52.417+0000] {spark_submit.py:579} INFO - Driver stacktrace:
[2024-10-25T12:09:52.417+0000] {spark_submit.py:579} INFO - at org.apache.spark.scheduler.DAGScheduler.failJobAndIndependentStages(DAGScheduler.scala:2790)
[2024-10-25T12:09:52.418+0000] {spark_submit.py:579} INFO - at org.apache.spark.scheduler.DAGScheduler.$anonfun$abortStage$2(DAGScheduler.scala:2726)
[2024-10-25T12:09:52.418+0000] {spark_submit.py:579} INFO - at org.apache.spark.scheduler.DAGScheduler.$anonfun$abortStage$2$adapted(DAGScheduler.scala:2725)
[2024-10-25T12:09:52.418+0000] {spark_submit.py:579} INFO - at scala.collection.mutable.ResizableArray.foreach(ResizableArray.scala:62)
[2024-10-25T12:09:52.419+0000] {spark_submit.py:579} INFO - at scala.collection.mutable.ResizableArray.foreach$(ResizableArray.scala:55)
[2024-10-25T12:09:52.419+0000] {spark_submit.py:579} INFO - at scala.collection.mutable.ArrayBuffer.foreach(ArrayBuffer.scala:49)
[2024-10-25T12:09:52.419+0000] {spark_submit.py:579} INFO - at org.apache.spark.scheduler.DAGScheduler.abortStage(DAGScheduler.scala:2725)
[2024-10-25T12:09:52.420+0000] {spark_submit.py:579} INFO - at org.apache.spark.scheduler.DAGScheduler.$anonfun$handleTaskSetFailed$1(DAGScheduler.scala:1211)
[2024-10-25T12:09:52.420+0000] {spark_submit.py:579} INFO - at org.apache.spark.scheduler.DAGScheduler.$anonfun$handleTaskSetFailed$1$adapted(DAGScheduler.scala:1211)
[2024-10-25T12:09:52.420+0000] {spark_submit.py:579} INFO - at scala.Option.foreach(Option.scala:407)
[2024-10-25T12:09:52.420+0000] {spark_submit.py:579} INFO - at org.apache.spark.scheduler.DAGScheduler.handleTaskSetFailed(DAGScheduler.scala:1211)
[2024-10-25T12:09:52.421+0000] {spark_submit.py:579} INFO - at org.apache.spark.scheduler.DAGSchedulerEventProcessLoop.doOnReceive(DAGScheduler.scala:2989)
[2024-10-25T12:09:52.421+0000] {spark_submit.py:579} INFO - at org.apache.spark.scheduler.DAGSchedulerEventProcessLoop.onReceive(DAGScheduler.scala:2928)
[2024-10-25T12:09:52.422+0000] {spark_submit.py:579} INFO - at org.apache.spark.scheduler.DAGSchedulerEventProcessLoop.onReceive(DAGScheduler.scala:2917)
[2024-10-25T12:09:52.422+0000] {spark_submit.py:579} INFO - at org.apache.spark.util.EventLoop$$anon$1.run(EventLoop.scala:49)
[2024-10-25T12:09:52.423+0000] {spark_submit.py:579} INFO - Caused by: org.apache.spark.SparkException: Parquet column cannot be converted in file s3a://lakehouse/bronze/credits.parquet. Column: [id], Expected: string, Found: INT64.
[2024-10-25T12:09:52.423+0000] {spark_submit.py:579} INFO - at org.apache.spark.sql.errors.QueryExecutionErrors$.unsupportedSchemaColumnConvertError(QueryExecutionErrors.scala:868)
[2024-10-25T12:09:52.424+0000] {spark_submit.py:579} INFO - at org.apache.spark.sql.execution.datasources.FileScanRDD$$anon$1.nextIterator(FileScanRDD.scala:301)
[2024-10-25T12:09:52.424+0000] {spark_submit.py:579} INFO - at org.apache.spark.sql.execution.datasources.FileScanRDD$$anon$1.hasNext(FileScanRDD.scala:125)
[2024-10-25T12:09:52.425+0000] {spark_submit.py:579} INFO - at org.apache.spark.sql.execution.FileSourceScanExec$$anon$1.hasNext(DataSourceScanExec.scala:594)
[2024-10-25T12:09:52.425+0000] {spark_submit.py:579} INFO - at org.apache.spark.sql.catalyst.expressions.GeneratedClass$GeneratedIteratorForCodegenStage1.columnartorow_nextBatch_0$(Unknown Source)
[2024-10-25T12:09:52.426+0000] {spark_submit.py:579} INFO - at org.apache.spark.sql.catalyst.expressions.GeneratedClass$GeneratedIteratorForCodegenStage1.hashAgg_doAggregateWithKeys_0$(Unknown Source)
[2024-10-25T12:09:52.426+0000] {spark_submit.py:579} INFO - at org.apache.spark.sql.catalyst.expressions.GeneratedClass$GeneratedIteratorForCodegenStage1.processNext(Unknown Source)
[2024-10-25T12:09:52.427+0000] {spark_submit.py:579} INFO - at org.apache.spark.sql.execution.BufferedRowIterator.hasNext(BufferedRowIterator.java:43)
[2024-10-25T12:09:52.427+0000] {spark_submit.py:579} INFO - at org.apache.spark.sql.execution.WholeStageCodegenExec$$anon$1.hasNext(WholeStageCodegenExec.scala:760)
[2024-10-25T12:09:52.428+0000] {spark_submit.py:579} INFO - at scala.collection.Iterator$$anon$10.hasNext(Iterator.scala:460)
[2024-10-25T12:09:52.429+0000] {spark_submit.py:579} INFO - at org.apache.spark.shuffle.sort.BypassMergeSortShuffleWriter.write(BypassMergeSortShuffleWriter.java:140)
[2024-10-25T12:09:52.429+0000] {spark_submit.py:579} INFO - at org.apache.spark.shuffle.ShuffleWriteProcessor.write(ShuffleWriteProcessor.scala:59)
[2024-10-25T12:09:52.429+0000] {spark_submit.py:579} INFO - at org.apache.spark.scheduler.ShuffleMapTask.runTask(ShuffleMapTask.scala:101)
[2024-10-25T12:09:52.430+0000] {spark_submit.py:579} INFO - at org.apache.spark.scheduler.ShuffleMapTask.runTask(ShuffleMapTask.scala:53)
[2024-10-25T12:09:52.430+0000] {spark_submit.py:579} INFO - at org.apache.spark.TaskContext.runTaskWithListeners(TaskContext.scala:161)
[2024-10-25T12:09:52.431+0000] {spark_submit.py:579} INFO - at org.apache.spark.scheduler.Task.run(Task.scala:139)
[2024-10-25T12:09:52.431+0000] {spark_submit.py:579} INFO - at org.apache.spark.executor.Executor$TaskRunner.$anonfun$run$3(Executor.scala:554)
[2024-10-25T12:09:52.431+0000] {spark_submit.py:579} INFO - at org.apache.spark.util.Utils$.tryWithSafeFinally(Utils.scala:1529)
[2024-10-25T12:09:52.432+0000] {spark_submit.py:579} INFO - at org.apache.spark.executor.Executor$TaskRunner.run(Executor.scala:557)
[2024-10-25T12:09:52.432+0000] {spark_submit.py:579} INFO - at java.base/java.util.concurrent.ThreadPoolExecutor.runWorker(ThreadPoolExecutor.java:1136)
[2024-10-25T12:09:52.432+0000] {spark_submit.py:579} INFO - at java.base/java.util.concurrent.ThreadPoolExecutor$Worker.run(ThreadPoolExecutor.java:635)
[2024-10-25T12:09:52.432+0000] {spark_submit.py:579} INFO - at java.base/java.lang.Thread.run(Thread.java:840)
[2024-10-25T12:09:52.433+0000] {spark_submit.py:579} INFO - Caused by: org.apache.spark.sql.execution.datasources.SchemaColumnConvertNotSupportedException: column: [id], physicalType: INT64, logicalType: string
[2024-10-25T12:09:52.433+0000] {spark_submit.py:579} INFO - at org.apache.spark.sql.execution.datasources.parquet.ParquetVectorUpdaterFactory.constructConvertNotSupportedException(ParquetVectorUpdaterFactory.java:1136)
[2024-10-25T12:09:52.434+0000] {spark_submit.py:579} INFO - at org.apache.spark.sql.execution.datasources.parquet.ParquetVectorUpdaterFactory.getUpdater(ParquetVectorUpdaterFactory.java:199)
[2024-10-25T12:09:52.434+0000] {spark_submit.py:579} INFO - at org.apache.spark.sql.execution.datasources.parquet.VectorizedColumnReader.readBatch(VectorizedColumnReader.java:175)
[2024-10-25T12:09:52.435+0000] {spark_submit.py:579} INFO - at org.apache.spark.sql.execution.datasources.parquet.VectorizedParquetRecordReader.nextBatch(VectorizedParquetRecordReader.java:328)
[2024-10-25T12:09:52.436+0000] {spark_submit.py:579} INFO - at org.apache.spark.sql.execution.datasources.parquet.VectorizedParquetRecordReader.nextKeyValue(VectorizedParquetRecordReader.java:219)
[2024-10-25T12:09:52.436+0000] {spark_submit.py:579} INFO - at org.apache.spark.sql.execution.datasources.RecordReaderIterator.hasNext(RecordReaderIterator.scala:39)
[2024-10-25T12:09:52.436+0000] {spark_submit.py:579} INFO - at org.apache.spark.sql.execution.datasources.FileScanRDD$$anon$1.hasNext(FileScanRDD.scala:125)
[2024-10-25T12:09:52.437+0000] {spark_submit.py:579} INFO - at org.apache.spark.sql.execution.datasources.FileScanRDD$$anon$1.nextIterator(FileScanRDD.scala:297)
[2024-10-25T12:09:52.437+0000] {spark_submit.py:579} INFO - ... 20 more
[2024-10-25T12:09:52.438+0000] {spark_submit.py:579} INFO - 
[2024-10-25T12:09:52.439+0000] {spark_submit.py:579} INFO - 
[2024-10-25T12:09:52.439+0000] {spark_submit.py:579} INFO - 24/10/25 12:09:52 INFO SparkContext: SparkContext is stopping with exitCode 0.
[2024-10-25T12:09:52.440+0000] {spark_submit.py:579} INFO - 24/10/25 12:09:52 INFO SparkUI: Stopped Spark web UI at http://84076e7a47fe:4041
[2024-10-25T12:09:52.440+0000] {spark_submit.py:579} INFO - 24/10/25 12:09:52 INFO StandaloneSchedulerBackend: Shutting down all executors
[2024-10-25T12:09:52.441+0000] {spark_submit.py:579} INFO - 24/10/25 12:09:52 INFO StandaloneSchedulerBackend$StandaloneDriverEndpoint: Asking each executor to shut down
[2024-10-25T12:09:52.443+0000] {spark_submit.py:579} INFO - 24/10/25 12:09:52 INFO MapOutputTrackerMasterEndpoint: MapOutputTrackerMasterEndpoint stopped!
[2024-10-25T12:09:52.457+0000] {spark_submit.py:579} INFO - 24/10/25 12:09:52 INFO MemoryStore: MemoryStore cleared
[2024-10-25T12:09:52.457+0000] {spark_submit.py:579} INFO - 24/10/25 12:09:52 INFO BlockManager: BlockManager stopped
[2024-10-25T12:09:52.461+0000] {spark_submit.py:579} INFO - 24/10/25 12:09:52 INFO BlockManagerMaster: BlockManagerMaster stopped
[2024-10-25T12:09:52.465+0000] {spark_submit.py:579} INFO - 24/10/25 12:09:52 INFO OutputCommitCoordinator$OutputCommitCoordinatorEndpoint: OutputCommitCoordinator stopped!
[2024-10-25T12:09:52.519+0000] {spark_submit.py:579} INFO - 24/10/25 12:09:52 INFO SparkContext: Successfully stopped SparkContext
[2024-10-25T12:09:52.749+0000] {spark_submit.py:579} INFO - 2024-10-25 12:09:52,749 INFO: Closing down clientserver connection
[2024-10-25T12:09:52.814+0000] {spark_submit.py:579} INFO - 24/10/25 12:09:52 INFO ShutdownHookManager: Shutdown hook called
[2024-10-25T12:09:52.816+0000] {spark_submit.py:579} INFO - 24/10/25 12:09:52 INFO ShutdownHookManager: Deleting directory /tmp/spark-9700bd18-8354-4b22-b048-a6cc6db55001/pyspark-c40d61ed-0f0a-4efa-aac9-31f76e4f553c
[2024-10-25T12:09:52.821+0000] {spark_submit.py:579} INFO - 24/10/25 12:09:52 INFO ShutdownHookManager: Deleting directory /tmp/spark-9700bd18-8354-4b22-b048-a6cc6db55001
[2024-10-25T12:09:52.825+0000] {spark_submit.py:579} INFO - 24/10/25 12:09:52 INFO ShutdownHookManager: Deleting directory /tmp/spark-a79bde99-c268-4e1f-88fc-8d0010a564ee
[2024-10-25T12:09:52.833+0000] {spark_submit.py:579} INFO - 24/10/25 12:09:52 INFO MetricsSystemImpl: Stopping s3a-file-system metrics system...
[2024-10-25T12:09:52.834+0000] {spark_submit.py:579} INFO - 24/10/25 12:09:52 INFO MetricsSystemImpl: s3a-file-system metrics system stopped.
[2024-10-25T12:09:52.835+0000] {spark_submit.py:579} INFO - 24/10/25 12:09:52 INFO MetricsSystemImpl: s3a-file-system metrics system shutdown complete.
[2024-10-25T12:09:52.915+0000] {taskinstance.py:1935} ERROR - Task failed with exception
Traceback (most recent call last):
  File "/home/airflow/.local/lib/python3.11/site-packages/airflow/providers/apache/spark/operators/spark_submit.py", line 174, in execute
    self._hook.submit(self.application)
  File "/home/airflow/.local/lib/python3.11/site-packages/airflow/providers/apache/spark/hooks/spark_submit.py", line 505, in submit
    raise AirflowException(
airflow.exceptions.AirflowException: Cannot execute: spark-submit --master spark://spark-master:7077 --conf spark.sql.extensions=io.delta.sql.DeltaSparkSessionExtension --conf spark.sql.catalog.spark_catalog=org.apache.spark.sql.delta.catalog.DeltaCatalog --jars /opt/***/jars/hadoop-aws-3.3.4.jar,/opt/***/jars/s3-2.18.41.jar,/opt/***/jars/aws-java-sdk-1.12.367.jar,/opt/***/jars/delta-core_2.12-2.4.0.jar,/opt/***/jars/delta-storage-2.2.0.jar, --packages org.apache.hadoop:hadoop-aws:3.3.4 --num-executors 2 --total-executor-cores 2 --executor-cores 2 --executor-memory 2g --driver-memory 1g --name arrow-spark --deploy-mode client /opt/***/jobs/python/test_Credit.py s3a://lakehouse/bronze/credits.parquet s3a://lakehouse/sliver/credit. Error code is: 1.
[2024-10-25T12:09:52.919+0000] {taskinstance.py:1398} INFO - Marking task as UP_FOR_RETRY. dag_id=task_credits_clean, task_id=credits_cleaned, execution_date=20241025T120918, start_date=20241025T120920, end_date=20241025T120952
[2024-10-25T12:09:52.931+0000] {standard_task_runner.py:104} ERROR - Failed to execute job 154 for task credits_cleaned (Cannot execute: spark-submit --master spark://spark-master:7077 --conf spark.sql.extensions=io.delta.sql.DeltaSparkSessionExtension --conf spark.sql.catalog.spark_catalog=org.apache.spark.sql.delta.catalog.DeltaCatalog --jars /opt/***/jars/hadoop-aws-3.3.4.jar,/opt/***/jars/s3-2.18.41.jar,/opt/***/jars/aws-java-sdk-1.12.367.jar,/opt/***/jars/delta-core_2.12-2.4.0.jar,/opt/***/jars/delta-storage-2.2.0.jar, --packages org.apache.hadoop:hadoop-aws:3.3.4 --num-executors 2 --total-executor-cores 2 --executor-cores 2 --executor-memory 2g --driver-memory 1g --name arrow-spark --deploy-mode client /opt/***/jobs/python/test_Credit.py s3a://lakehouse/bronze/credits.parquet s3a://lakehouse/sliver/credit. Error code is: 1.; 2024)
[2024-10-25T12:09:52.967+0000] {local_task_job_runner.py:228} INFO - Task exited with return code 1
[2024-10-25T12:09:52.981+0000] {taskinstance.py:2776} INFO - 0 downstream tasks scheduled from follow-on schedule check
