[2024-11-02T09:03:46.029+0000] {taskinstance.py:1157} INFO - Dependencies all met for dep_context=non-requeueable deps ti=<TaskInstance: task_credits_clean.credits_cleaned manual__2024-11-02T09:01:23.635095+00:00 [queued]>
[2024-11-02T09:03:46.037+0000] {taskinstance.py:1157} INFO - Dependencies all met for dep_context=requeueable deps ti=<TaskInstance: task_credits_clean.credits_cleaned manual__2024-11-02T09:01:23.635095+00:00 [queued]>
[2024-11-02T09:03:46.038+0000] {taskinstance.py:1359} INFO - Starting attempt 2 of 3
[2024-11-02T09:03:46.050+0000] {taskinstance.py:1380} INFO - Executing <Task(SparkSubmitOperator): credits_cleaned> on 2024-11-02 09:01:23.635095+00:00
[2024-11-02T09:03:46.055+0000] {standard_task_runner.py:57} INFO - Started process 14461 to run task
[2024-11-02T09:03:46.058+0000] {standard_task_runner.py:84} INFO - Running: ['***', 'tasks', 'run', 'task_credits_clean', 'credits_cleaned', 'manual__2024-11-02T09:01:23.635095+00:00', '--job-id', '93', '--raw', '--subdir', 'DAGS_FOLDER/credits_test.py', '--cfg-path', '/tmp/tmpxc04nom4']
[2024-11-02T09:03:46.060+0000] {standard_task_runner.py:85} INFO - Job 93: Subtask credits_cleaned
[2024-11-02T09:03:46.103+0000] {task_command.py:415} INFO - Running <TaskInstance: task_credits_clean.credits_cleaned manual__2024-11-02T09:01:23.635095+00:00 [running]> on host ee9b80364a9a
[2024-11-02T09:03:46.179+0000] {taskinstance.py:1660} INFO - Exporting env vars: AIRFLOW_CTX_DAG_OWNER='***' AIRFLOW_CTX_DAG_ID='task_credits_clean' AIRFLOW_CTX_TASK_ID='credits_cleaned' AIRFLOW_CTX_EXECUTION_DATE='2024-11-02T09:01:23.635095+00:00' AIRFLOW_CTX_TRY_NUMBER='2' AIRFLOW_CTX_DAG_RUN_ID='manual__2024-11-02T09:01:23.635095+00:00'
[2024-11-02T09:03:46.188+0000] {base.py:73} INFO - Using connection ID 'spark-conn' for task execution.
[2024-11-02T09:03:46.190+0000] {spark_submit.py:403} INFO - Spark-Submit cmd: spark-submit --master spark://master:7077 --conf spark.sql.extensions=io.delta.sql.DeltaSparkSessionExtension --conf spark.sql.catalog.spark_catalog=org.apache.spark.sql.delta.catalog.DeltaCatalog --jars /opt/***/jars/hadoop-aws-3.3.4.jar,/opt/***/jars/s3-2.18.41.jar,/opt/***/jars/aws-java-sdk-1.12.367.jar,/opt/***/jars/delta-core_2.12-2.4.0.jar,/opt/***/jars/delta-storage-2.2.0.jar, --packages org.apache.hadoop:hadoop-aws:3.3.4 --num-executors 2 --total-executor-cores 2 --executor-cores 2 --executor-memory 2g --driver-memory 1g --name arrow-spark --deploy-mode client /opt/***/jobs/python/test_Credit.py s3a://lakehouse/bronze/credits.parquet s3a://lakehouse/sliver/credit
[2024-11-02T09:03:46.279+0000] {spark_submit.py:579} INFO - /home/***/.local/lib/python3.11/site-packages/pyspark/bin/load-spark-env.sh: line 68: ps: command not found
[2024-11-02T09:03:47.933+0000] {spark_submit.py:579} INFO - :: loading settings :: url = jar:file:/home/***/.local/lib/python3.11/site-packages/pyspark/jars/ivy-2.5.1.jar!/org/apache/ivy/core/settings/ivysettings.xml
[2024-11-02T09:03:48.087+0000] {spark_submit.py:579} INFO - Ivy Default Cache set to: /home/***/.ivy2/cache
[2024-11-02T09:03:48.088+0000] {spark_submit.py:579} INFO - The jars for the packages stored in: /home/***/.ivy2/jars
[2024-11-02T09:03:48.094+0000] {spark_submit.py:579} INFO - org.apache.hadoop#hadoop-aws added as a dependency
[2024-11-02T09:03:48.095+0000] {spark_submit.py:579} INFO - :: resolving dependencies :: org.apache.spark#spark-submit-parent-abcc3493-6bdc-45a3-a99f-14988327f716;1.0
[2024-11-02T09:03:48.096+0000] {spark_submit.py:579} INFO - confs: [default]
[2024-11-02T09:03:48.255+0000] {spark_submit.py:579} INFO - found org.apache.hadoop#hadoop-aws;3.3.4 in spark-list
[2024-11-02T09:03:48.287+0000] {spark_submit.py:579} INFO - found com.amazonaws#aws-java-sdk-bundle;1.12.262 in central
[2024-11-02T09:03:48.321+0000] {spark_submit.py:579} INFO - found org.wildfly.openssl#wildfly-openssl;1.0.7.Final in spark-list
[2024-11-02T09:03:48.346+0000] {spark_submit.py:579} INFO - :: resolution report :: resolve 242ms :: artifacts dl 9ms
[2024-11-02T09:03:48.347+0000] {spark_submit.py:579} INFO - :: modules in use:
[2024-11-02T09:03:48.348+0000] {spark_submit.py:579} INFO - com.amazonaws#aws-java-sdk-bundle;1.12.262 from central in [default]
[2024-11-02T09:03:48.348+0000] {spark_submit.py:579} INFO - org.apache.hadoop#hadoop-aws;3.3.4 from spark-list in [default]
[2024-11-02T09:03:48.349+0000] {spark_submit.py:579} INFO - org.wildfly.openssl#wildfly-openssl;1.0.7.Final from spark-list in [default]
[2024-11-02T09:03:48.349+0000] {spark_submit.py:579} INFO - ---------------------------------------------------------------------
[2024-11-02T09:03:48.350+0000] {spark_submit.py:579} INFO - |                  |            modules            ||   artifacts   |
[2024-11-02T09:03:48.351+0000] {spark_submit.py:579} INFO - |       conf       | number| search|dwnlded|evicted|| number|dwnlded|
[2024-11-02T09:03:48.352+0000] {spark_submit.py:579} INFO - ---------------------------------------------------------------------
[2024-11-02T09:03:48.352+0000] {spark_submit.py:579} INFO - |      default     |   3   |   0   |   0   |   0   ||   3   |   0   |
[2024-11-02T09:03:48.353+0000] {spark_submit.py:579} INFO - ---------------------------------------------------------------------
[2024-11-02T09:03:48.354+0000] {spark_submit.py:579} INFO - :: retrieving :: org.apache.spark#spark-submit-parent-abcc3493-6bdc-45a3-a99f-14988327f716
[2024-11-02T09:03:48.354+0000] {spark_submit.py:579} INFO - confs: [default]
[2024-11-02T09:03:48.360+0000] {spark_submit.py:579} INFO - 0 artifacts copied, 3 already retrieved (0kB/7ms)
[2024-11-02T09:03:48.574+0000] {spark_submit.py:579} INFO - 24/11/02 09:03:48 WARN NativeCodeLoader: Unable to load native-hadoop library for your platform... using builtin-java classes where applicable
[2024-11-02T09:03:49.819+0000] {spark_submit.py:579} INFO - 2024-11-02 09:03:49,819 INFO: Python version on driver: 3.11.5
[2024-11-02T09:03:49.820+0000] {spark_submit.py:579} INFO - 2024-11-02 09:03:49,819 INFO: Initializing Spark session...
[2024-11-02T09:03:49.976+0000] {spark_submit.py:579} INFO - 24/11/02 09:03:49 INFO SparkContext: Running Spark version 3.4.3
[2024-11-02T09:03:50.008+0000] {spark_submit.py:579} INFO - 24/11/02 09:03:50 INFO ResourceUtils: ==============================================================
[2024-11-02T09:03:50.009+0000] {spark_submit.py:579} INFO - 24/11/02 09:03:50 INFO ResourceUtils: No custom resources configured for spark.driver.
[2024-11-02T09:03:50.009+0000] {spark_submit.py:579} INFO - 24/11/02 09:03:50 INFO ResourceUtils: ==============================================================
[2024-11-02T09:03:50.010+0000] {spark_submit.py:579} INFO - 24/11/02 09:03:50 INFO SparkContext: Submitted application: CleanCredits
[2024-11-02T09:03:50.040+0000] {spark_submit.py:579} INFO - 24/11/02 09:03:50 INFO ResourceProfile: Default ResourceProfile created, executor resources: Map(cores -> name: cores, amount: 2, script: , vendor: , memory -> name: memory, amount: 2048, script: , vendor: , offHeap -> name: offHeap, amount: 0, script: , vendor: ), task resources: Map(cpus -> name: cpus, amount: 1.0)
[2024-11-02T09:03:50.056+0000] {spark_submit.py:579} INFO - 24/11/02 09:03:50 INFO ResourceProfile: Limiting resource is cpus at 2 tasks per executor
[2024-11-02T09:03:50.059+0000] {spark_submit.py:579} INFO - 24/11/02 09:03:50 INFO ResourceProfileManager: Added ResourceProfile id: 0
[2024-11-02T09:03:50.125+0000] {spark_submit.py:579} INFO - 24/11/02 09:03:50 INFO SecurityManager: Changing view acls to: ***
[2024-11-02T09:03:50.126+0000] {spark_submit.py:579} INFO - 24/11/02 09:03:50 INFO SecurityManager: Changing modify acls to: ***
[2024-11-02T09:03:50.127+0000] {spark_submit.py:579} INFO - 24/11/02 09:03:50 INFO SecurityManager: Changing view acls groups to:
[2024-11-02T09:03:50.127+0000] {spark_submit.py:579} INFO - 24/11/02 09:03:50 INFO SecurityManager: Changing modify acls groups to:
[2024-11-02T09:03:50.128+0000] {spark_submit.py:579} INFO - 24/11/02 09:03:50 INFO SecurityManager: SecurityManager: authentication disabled; ui acls disabled; users with view permissions: ***; groups with view permissions: EMPTY; users with modify permissions: ***; groups with modify permissions: EMPTY
[2024-11-02T09:03:50.386+0000] {spark_submit.py:579} INFO - 24/11/02 09:03:50 INFO Utils: Successfully started service 'sparkDriver' on port 41315.
[2024-11-02T09:03:50.416+0000] {spark_submit.py:579} INFO - 24/11/02 09:03:50 INFO SparkEnv: Registering MapOutputTracker
[2024-11-02T09:03:50.453+0000] {spark_submit.py:579} INFO - 24/11/02 09:03:50 INFO SparkEnv: Registering BlockManagerMaster
[2024-11-02T09:03:50.474+0000] {spark_submit.py:579} INFO - 24/11/02 09:03:50 INFO BlockManagerMasterEndpoint: Using org.apache.spark.storage.DefaultTopologyMapper for getting topology information
[2024-11-02T09:03:50.475+0000] {spark_submit.py:579} INFO - 24/11/02 09:03:50 INFO BlockManagerMasterEndpoint: BlockManagerMasterEndpoint up
[2024-11-02T09:03:50.480+0000] {spark_submit.py:579} INFO - 24/11/02 09:03:50 INFO SparkEnv: Registering BlockManagerMasterHeartbeat
[2024-11-02T09:03:50.503+0000] {spark_submit.py:579} INFO - 24/11/02 09:03:50 INFO DiskBlockManager: Created local directory at /tmp/blockmgr-e5884183-60d4-40c7-8abd-e720482ca0f0
[2024-11-02T09:03:50.520+0000] {spark_submit.py:579} INFO - 24/11/02 09:03:50 INFO MemoryStore: MemoryStore started with capacity 434.4 MiB
[2024-11-02T09:03:50.539+0000] {spark_submit.py:579} INFO - 24/11/02 09:03:50 INFO SparkEnv: Registering OutputCommitCoordinator
[2024-11-02T09:03:50.681+0000] {spark_submit.py:579} INFO - 24/11/02 09:03:50 INFO JettyUtils: Start Jetty 0.0.0.0:4040 for SparkUI
[2024-11-02T09:03:50.755+0000] {spark_submit.py:579} INFO - 24/11/02 09:03:50 INFO Utils: Successfully started service 'SparkUI' on port 4040.
[2024-11-02T09:03:50.796+0000] {spark_submit.py:579} INFO - 24/11/02 09:03:50 INFO SparkContext: Added JAR file:///opt/***/jars/hadoop-aws-3.3.4.jar at spark://ee9b80364a9a:41315/jars/hadoop-aws-3.3.4.jar with timestamp 1730538229966
[2024-11-02T09:03:50.798+0000] {spark_submit.py:579} INFO - 24/11/02 09:03:50 INFO SparkContext: Added JAR file:///opt/***/jars/s3-2.18.41.jar at spark://ee9b80364a9a:41315/jars/s3-2.18.41.jar with timestamp 1730538229966
[2024-11-02T09:03:50.799+0000] {spark_submit.py:579} INFO - 24/11/02 09:03:50 INFO SparkContext: Added JAR file:///opt/***/jars/aws-java-sdk-1.12.367.jar at spark://ee9b80364a9a:41315/jars/aws-java-sdk-1.12.367.jar with timestamp 1730538229966
[2024-11-02T09:03:50.800+0000] {spark_submit.py:579} INFO - 24/11/02 09:03:50 INFO SparkContext: Added JAR file:///opt/***/jars/delta-core_2.12-2.4.0.jar at spark://ee9b80364a9a:41315/jars/delta-core_2.12-2.4.0.jar with timestamp 1730538229966
[2024-11-02T09:03:50.802+0000] {spark_submit.py:579} INFO - 24/11/02 09:03:50 INFO SparkContext: Added JAR file:///opt/***/jars/delta-storage-2.2.0.jar at spark://ee9b80364a9a:41315/jars/delta-storage-2.2.0.jar with timestamp 1730538229966
[2024-11-02T09:03:50.802+0000] {spark_submit.py:579} INFO - 24/11/02 09:03:50 INFO SparkContext: Added JAR file:///home/***/.ivy2/jars/org.apache.hadoop_hadoop-aws-3.3.4.jar at spark://ee9b80364a9a:41315/jars/org.apache.hadoop_hadoop-aws-3.3.4.jar with timestamp 1730538229966
[2024-11-02T09:03:50.803+0000] {spark_submit.py:579} INFO - 24/11/02 09:03:50 INFO SparkContext: Added JAR file:///home/***/.ivy2/jars/com.amazonaws_aws-java-sdk-bundle-1.12.262.jar at spark://ee9b80364a9a:41315/jars/com.amazonaws_aws-java-sdk-bundle-1.12.262.jar with timestamp 1730538229966
[2024-11-02T09:03:50.803+0000] {spark_submit.py:579} INFO - 24/11/02 09:03:50 INFO SparkContext: Added JAR file:///home/***/.ivy2/jars/org.wildfly.openssl_wildfly-openssl-1.0.7.Final.jar at spark://ee9b80364a9a:41315/jars/org.wildfly.openssl_wildfly-openssl-1.0.7.Final.jar with timestamp 1730538229966
[2024-11-02T09:03:50.813+0000] {spark_submit.py:579} INFO - 24/11/02 09:03:50 INFO SparkContext: Added file file:///home/***/.ivy2/jars/org.apache.hadoop_hadoop-aws-3.3.4.jar at spark://ee9b80364a9a:41315/files/org.apache.hadoop_hadoop-aws-3.3.4.jar with timestamp 1730538229966
[2024-11-02T09:03:50.814+0000] {spark_submit.py:579} INFO - 24/11/02 09:03:50 INFO Utils: Copying /home/***/.ivy2/jars/org.apache.hadoop_hadoop-aws-3.3.4.jar to /tmp/spark-0efcd16f-8937-4945-9659-5cd43180079c/userFiles-9b248429-a882-4c54-b1fd-c2708645536c/org.apache.hadoop_hadoop-aws-3.3.4.jar
[2024-11-02T09:03:50.826+0000] {spark_submit.py:579} INFO - 24/11/02 09:03:50 INFO SparkContext: Added file file:///home/***/.ivy2/jars/com.amazonaws_aws-java-sdk-bundle-1.12.262.jar at spark://ee9b80364a9a:41315/files/com.amazonaws_aws-java-sdk-bundle-1.12.262.jar with timestamp 1730538229966
[2024-11-02T09:03:50.827+0000] {spark_submit.py:579} INFO - 24/11/02 09:03:50 INFO Utils: Copying /home/***/.ivy2/jars/com.amazonaws_aws-java-sdk-bundle-1.12.262.jar to /tmp/spark-0efcd16f-8937-4945-9659-5cd43180079c/userFiles-9b248429-a882-4c54-b1fd-c2708645536c/com.amazonaws_aws-java-sdk-bundle-1.12.262.jar
[2024-11-02T09:03:51.149+0000] {spark_submit.py:579} INFO - 24/11/02 09:03:51 INFO SparkContext: Added file file:///home/***/.ivy2/jars/org.wildfly.openssl_wildfly-openssl-1.0.7.Final.jar at spark://ee9b80364a9a:41315/files/org.wildfly.openssl_wildfly-openssl-1.0.7.Final.jar with timestamp 1730538229966
[2024-11-02T09:03:51.150+0000] {spark_submit.py:579} INFO - 24/11/02 09:03:51 INFO Utils: Copying /home/***/.ivy2/jars/org.wildfly.openssl_wildfly-openssl-1.0.7.Final.jar to /tmp/spark-0efcd16f-8937-4945-9659-5cd43180079c/userFiles-9b248429-a882-4c54-b1fd-c2708645536c/org.wildfly.openssl_wildfly-openssl-1.0.7.Final.jar
[2024-11-02T09:03:51.268+0000] {spark_submit.py:579} INFO - 24/11/02 09:03:51 INFO StandaloneAppClient$ClientEndpoint: Connecting to master spark://spark-master:7077...
[2024-11-02T09:03:51.318+0000] {spark_submit.py:579} INFO - 24/11/02 09:03:51 INFO TransportClientFactory: Successfully created connection to spark-master/172.19.0.3:7077 after 31 ms (0 ms spent in bootstraps)
[2024-11-02T09:03:51.419+0000] {spark_submit.py:579} INFO - 24/11/02 09:03:51 INFO StandaloneSchedulerBackend: Connected to Spark cluster with app ID app-20241102090351-0017
[2024-11-02T09:03:51.422+0000] {spark_submit.py:579} INFO - 24/11/02 09:03:51 INFO StandaloneAppClient$ClientEndpoint: Executor added: app-20241102090351-0017/0 on worker-20241102073252-172.19.0.5-33911 (172.19.0.5:33911) with 2 core(s)
[2024-11-02T09:03:51.425+0000] {spark_submit.py:579} INFO - 24/11/02 09:03:51 INFO StandaloneSchedulerBackend: Granted executor ID app-20241102090351-0017/0 on hostPort 172.19.0.5:33911 with 2 core(s), 2.0 GiB RAM
[2024-11-02T09:03:51.431+0000] {spark_submit.py:579} INFO - 24/11/02 09:03:51 INFO Utils: Successfully started service 'org.apache.spark.network.netty.NettyBlockTransferService' on port 36413.
[2024-11-02T09:03:51.431+0000] {spark_submit.py:579} INFO - 24/11/02 09:03:51 INFO NettyBlockTransferService: Server created on ee9b80364a9a:36413
[2024-11-02T09:03:51.433+0000] {spark_submit.py:579} INFO - 24/11/02 09:03:51 INFO BlockManager: Using org.apache.spark.storage.RandomBlockReplicationPolicy for block replication policy
[2024-11-02T09:03:51.440+0000] {spark_submit.py:579} INFO - 24/11/02 09:03:51 INFO BlockManagerMaster: Registering BlockManager BlockManagerId(driver, ee9b80364a9a, 36413, None)
[2024-11-02T09:03:51.446+0000] {spark_submit.py:579} INFO - 24/11/02 09:03:51 INFO BlockManagerMasterEndpoint: Registering block manager ee9b80364a9a:36413 with 434.4 MiB RAM, BlockManagerId(driver, ee9b80364a9a, 36413, None)
[2024-11-02T09:03:51.452+0000] {spark_submit.py:579} INFO - 24/11/02 09:03:51 INFO BlockManagerMaster: Registered BlockManager BlockManagerId(driver, ee9b80364a9a, 36413, None)
[2024-11-02T09:03:51.454+0000] {spark_submit.py:579} INFO - 24/11/02 09:03:51 INFO BlockManager: Initialized BlockManager: BlockManagerId(driver, ee9b80364a9a, 36413, None)
[2024-11-02T09:03:51.471+0000] {spark_submit.py:579} INFO - 24/11/02 09:03:51 INFO StandaloneAppClient$ClientEndpoint: Executor updated: app-20241102090351-0017/0 is now RUNNING
[2024-11-02T09:03:51.751+0000] {spark_submit.py:579} INFO - 24/11/02 09:03:51 INFO StandaloneSchedulerBackend: SchedulerBackend is ready for scheduling beginning after reached minRegisteredResourcesRatio: 0.0
[2024-11-02T09:03:52.095+0000] {spark_submit.py:579} INFO - 2024-11-02 09:03:52,095 INFO: Spark session initialized successfully.
[2024-11-02T09:03:52.096+0000] {spark_submit.py:579} INFO - 2024-11-02 09:03:52,095 INFO: Reading data from s3a://lakehouse/bronze/credits.parquet
[2024-11-02T09:03:52.104+0000] {spark_submit.py:579} INFO - 24/11/02 09:03:52 INFO SharedState: Setting hive.metastore.warehouse.dir ('null') to the value of spark.sql.warehouse.dir.
[2024-11-02T09:03:52.340+0000] {spark_submit.py:579} INFO - 24/11/02 09:03:52 WARN MetricsConfig: Cannot locate configuration: tried hadoop-metrics2-s3a-file-system.properties,hadoop-metrics2.properties
[2024-11-02T09:03:52.364+0000] {spark_submit.py:579} INFO - 24/11/02 09:03:52 INFO MetricsSystemImpl: Scheduled Metric snapshot period at 10 second(s).
[2024-11-02T09:03:52.365+0000] {spark_submit.py:579} INFO - 24/11/02 09:03:52 INFO MetricsSystemImpl: s3a-file-system metrics system started
[2024-11-02T09:03:53.812+0000] {spark_submit.py:579} INFO - 24/11/02 09:03:53 INFO SharedState: Warehouse path is 's3a://lakehouse/'.
[2024-11-02T09:03:54.375+0000] {spark_submit.py:579} INFO - 24/11/02 09:03:54 INFO StandaloneSchedulerBackend$StandaloneDriverEndpoint: Registered executor NettyRpcEndpointRef(spark-client://Executor) (172.19.0.5:32992) with ID 0,  ResourceProfileId 0
[2024-11-02T09:03:54.471+0000] {spark_submit.py:579} INFO - 24/11/02 09:03:54 INFO BlockManagerMasterEndpoint: Registering block manager 172.19.0.5:34767 with 1048.8 MiB RAM, BlockManagerId(0, 172.19.0.5, 34767, None)
[2024-11-02T09:03:55.532+0000] {spark_submit.py:579} INFO - 24/11/02 09:03:55 INFO InMemoryFileIndex: It took 131 ms to list leaf files for 1 paths.
[2024-11-02T09:03:56.062+0000] {spark_submit.py:579} INFO - 24/11/02 09:03:56 INFO SparkContext: Starting job: load at NativeMethodAccessorImpl.java:0
[2024-11-02T09:03:56.090+0000] {spark_submit.py:579} INFO - 24/11/02 09:03:56 INFO DAGScheduler: Got job 0 (load at NativeMethodAccessorImpl.java:0) with 1 output partitions
[2024-11-02T09:03:56.091+0000] {spark_submit.py:579} INFO - 24/11/02 09:03:56 INFO DAGScheduler: Final stage: ResultStage 0 (load at NativeMethodAccessorImpl.java:0)
[2024-11-02T09:03:56.092+0000] {spark_submit.py:579} INFO - 24/11/02 09:03:56 INFO DAGScheduler: Parents of final stage: List()
[2024-11-02T09:03:56.096+0000] {spark_submit.py:579} INFO - 24/11/02 09:03:56 INFO DAGScheduler: Missing parents: List()
[2024-11-02T09:03:56.105+0000] {spark_submit.py:579} INFO - 24/11/02 09:03:56 INFO DAGScheduler: Submitting ResultStage 0 (MapPartitionsRDD[1] at load at NativeMethodAccessorImpl.java:0), which has no missing parents
[2024-11-02T09:03:56.183+0000] {spark_submit.py:579} INFO - 24/11/02 09:03:56 INFO MemoryStore: Block broadcast_0 stored as values in memory (estimated size 106.9 KiB, free 434.3 MiB)
[2024-11-02T09:03:56.276+0000] {spark_submit.py:579} INFO - 24/11/02 09:03:56 INFO MemoryStore: Block broadcast_0_piece0 stored as bytes in memory (estimated size 38.9 KiB, free 434.3 MiB)
[2024-11-02T09:03:56.283+0000] {spark_submit.py:579} INFO - 24/11/02 09:03:56 INFO BlockManagerInfo: Added broadcast_0_piece0 in memory on ee9b80364a9a:36413 (size: 38.9 KiB, free: 434.4 MiB)
[2024-11-02T09:03:56.291+0000] {spark_submit.py:579} INFO - 24/11/02 09:03:56 INFO SparkContext: Created broadcast 0 from broadcast at DAGScheduler.scala:1540
[2024-11-02T09:03:56.323+0000] {spark_submit.py:579} INFO - 24/11/02 09:03:56 INFO DAGScheduler: Submitting 1 missing tasks from ResultStage 0 (MapPartitionsRDD[1] at load at NativeMethodAccessorImpl.java:0) (first 15 tasks are for partitions Vector(0))
[2024-11-02T09:03:56.325+0000] {spark_submit.py:579} INFO - 24/11/02 09:03:56 INFO TaskSchedulerImpl: Adding task set 0.0 with 1 tasks resource profile 0
[2024-11-02T09:04:05.533+0000] {spark_submit.py:579} INFO - 24/11/02 09:04:05 INFO TaskSetManager: Starting task 0.0 in stage 0.0 (TID 0) (172.19.0.5, executor 0, partition 0, PROCESS_LOCAL, 7500 bytes)
[2024-11-02T09:04:05.781+0000] {spark_submit.py:579} INFO - 24/11/02 09:04:05 INFO BlockManagerInfo: Added broadcast_0_piece0 in memory on 172.19.0.5:34767 (size: 38.9 KiB, free: 1048.8 MiB)
[2024-11-02T09:04:07.303+0000] {spark_submit.py:579} INFO - 24/11/02 09:04:07 INFO TaskSetManager: Finished task 0.0 in stage 0.0 (TID 0) in 1781 ms on 172.19.0.5 (executor 0) (1/1)
[2024-11-02T09:04:07.305+0000] {spark_submit.py:579} INFO - 24/11/02 09:04:07 INFO TaskSchedulerImpl: Removed TaskSet 0.0, whose tasks have all completed, from pool
[2024-11-02T09:04:07.313+0000] {spark_submit.py:579} INFO - 24/11/02 09:04:07 INFO DAGScheduler: ResultStage 0 (load at NativeMethodAccessorImpl.java:0) finished in 11.184 s
[2024-11-02T09:04:07.318+0000] {spark_submit.py:579} INFO - 24/11/02 09:04:07 INFO DAGScheduler: Job 0 is finished. Cancelling potential speculative or zombie tasks for this job
[2024-11-02T09:04:07.318+0000] {spark_submit.py:579} INFO - 24/11/02 09:04:07 INFO TaskSchedulerImpl: Killing all running tasks in stage 0: Stage finished
[2024-11-02T09:04:07.321+0000] {spark_submit.py:579} INFO - 24/11/02 09:04:07 INFO DAGScheduler: Job 0 finished: load at NativeMethodAccessorImpl.java:0, took 11.257683 s
[2024-11-02T09:04:07.523+0000] {spark_submit.py:579} INFO - 24/11/02 09:04:07 INFO BlockManagerInfo: Removed broadcast_0_piece0 on ee9b80364a9a:36413 in memory (size: 38.9 KiB, free: 434.4 MiB)
[2024-11-02T09:04:07.532+0000] {spark_submit.py:579} INFO - 24/11/02 09:04:07 INFO BlockManagerInfo: Removed broadcast_0_piece0 on 172.19.0.5:34767 in memory (size: 38.9 KiB, free: 1048.8 MiB)
[2024-11-02T09:04:09.285+0000] {spark_submit.py:579} INFO - 2024-11-02 09:04:09,285 ERROR: Error during cleaning process: Column is not iterable
[2024-11-02T09:04:09.422+0000] {spark_submit.py:579} INFO - 2024-11-02 09:04:09,288 ERROR: Traceback (most recent call last):
[2024-11-02T09:04:09.423+0000] {spark_submit.py:579} INFO - File "/opt/***/jobs/python/test_Credit.py", line 185, in clean_credits
[2024-11-02T09:04:09.423+0000] {spark_submit.py:579} INFO - filter(col("crew_json"), col("crew_json.job") == "Director"), 1
[2024-11-02T09:04:09.424+0000] {spark_submit.py:579} INFO - ^^^^^^^^^^^^^^^^^^^^^^^^^^^^^^^^^^^^^^^^^^^^^^^^^^^^^^^^^^^^
[2024-11-02T09:04:09.424+0000] {spark_submit.py:579} INFO - File "/home/***/.local/lib/python3.11/site-packages/pyspark/python/lib/pyspark.zip/pyspark/sql/column.py", line 710, in __iter__
[2024-11-02T09:04:09.425+0000] {spark_submit.py:579} INFO - raise TypeError("Column is not iterable")
[2024-11-02T09:04:09.425+0000] {spark_submit.py:579} INFO - TypeError: Column is not iterable
[2024-11-02T09:04:09.425+0000] {spark_submit.py:579} INFO - 
[2024-11-02T09:04:09.426+0000] {spark_submit.py:579} INFO - 24/11/02 09:04:09 INFO SparkContext: SparkContext is stopping with exitCode 0.
[2024-11-02T09:04:09.426+0000] {spark_submit.py:579} INFO - 24/11/02 09:04:09 INFO SparkUI: Stopped Spark web UI at http://ee9b80364a9a:4040
[2024-11-02T09:04:09.427+0000] {spark_submit.py:579} INFO - 24/11/02 09:04:09 INFO StandaloneSchedulerBackend: Shutting down all executors
[2024-11-02T09:04:09.428+0000] {spark_submit.py:579} INFO - 24/11/02 09:04:09 INFO StandaloneSchedulerBackend$StandaloneDriverEndpoint: Asking each executor to shut down
[2024-11-02T09:04:09.428+0000] {spark_submit.py:579} INFO - 24/11/02 09:04:09 INFO MapOutputTrackerMasterEndpoint: MapOutputTrackerMasterEndpoint stopped!
[2024-11-02T09:04:09.487+0000] {spark_submit.py:579} INFO - 24/11/02 09:04:09 INFO MemoryStore: MemoryStore cleared
[2024-11-02T09:04:09.488+0000] {spark_submit.py:579} INFO - 24/11/02 09:04:09 INFO BlockManager: BlockManager stopped
[2024-11-02T09:04:09.495+0000] {spark_submit.py:579} INFO - 24/11/02 09:04:09 INFO BlockManagerMaster: BlockManagerMaster stopped
[2024-11-02T09:04:09.501+0000] {spark_submit.py:579} INFO - 24/11/02 09:04:09 INFO OutputCommitCoordinator$OutputCommitCoordinatorEndpoint: OutputCommitCoordinator stopped!
[2024-11-02T09:04:09.561+0000] {spark_submit.py:579} INFO - 24/11/02 09:04:09 INFO SparkContext: Successfully stopped SparkContext
[2024-11-02T09:04:09.998+0000] {spark_submit.py:579} INFO - 2024-11-02 09:04:09,998 INFO: Closing down clientserver connection
[2024-11-02T09:04:10.075+0000] {spark_submit.py:579} INFO - 24/11/02 09:04:10 INFO ShutdownHookManager: Shutdown hook called
[2024-11-02T09:04:10.076+0000] {spark_submit.py:579} INFO - 24/11/02 09:04:10 INFO ShutdownHookManager: Deleting directory /tmp/spark-658bfd68-1750-40fd-b031-43e3b80154c8
[2024-11-02T09:04:10.636+0000] {spark_submit.py:579} INFO - 24/11/02 09:04:10 INFO ShutdownHookManager: Deleting directory /tmp/spark-0efcd16f-8937-4945-9659-5cd43180079c/pyspark-2517947f-544b-4107-8239-234a022d56f9
[2024-11-02T09:04:11.716+0000] {spark_submit.py:579} INFO - 24/11/02 09:04:11 INFO ShutdownHookManager: Deleting directory /tmp/spark-0efcd16f-8937-4945-9659-5cd43180079c
[2024-11-02T09:04:11.724+0000] {spark_submit.py:579} INFO - 24/11/02 09:04:11 INFO MetricsSystemImpl: Stopping s3a-file-system metrics system...
[2024-11-02T09:04:11.725+0000] {spark_submit.py:579} INFO - 24/11/02 09:04:11 INFO MetricsSystemImpl: s3a-file-system metrics system stopped.
[2024-11-02T09:04:11.726+0000] {spark_submit.py:579} INFO - 24/11/02 09:04:11 INFO MetricsSystemImpl: s3a-file-system metrics system shutdown complete.
[2024-11-02T09:04:11.799+0000] {taskinstance.py:1935} ERROR - Task failed with exception
Traceback (most recent call last):
  File "/home/airflow/.local/lib/python3.11/site-packages/airflow/providers/apache/spark/operators/spark_submit.py", line 174, in execute
    self._hook.submit(self.application)
  File "/home/airflow/.local/lib/python3.11/site-packages/airflow/providers/apache/spark/hooks/spark_submit.py", line 505, in submit
    raise AirflowException(
airflow.exceptions.AirflowException: Cannot execute: spark-submit --master spark://master:7077 --conf spark.sql.extensions=io.delta.sql.DeltaSparkSessionExtension --conf spark.sql.catalog.spark_catalog=org.apache.spark.sql.delta.catalog.DeltaCatalog --jars /opt/***/jars/hadoop-aws-3.3.4.jar,/opt/***/jars/s3-2.18.41.jar,/opt/***/jars/aws-java-sdk-1.12.367.jar,/opt/***/jars/delta-core_2.12-2.4.0.jar,/opt/***/jars/delta-storage-2.2.0.jar, --packages org.apache.hadoop:hadoop-aws:3.3.4 --num-executors 2 --total-executor-cores 2 --executor-cores 2 --executor-memory 2g --driver-memory 1g --name arrow-spark --deploy-mode client /opt/***/jobs/python/test_Credit.py s3a://lakehouse/bronze/credits.parquet s3a://lakehouse/sliver/credit. Error code is: 1.
[2024-11-02T09:04:11.803+0000] {taskinstance.py:1398} INFO - Marking task as UP_FOR_RETRY. dag_id=task_credits_clean, task_id=credits_cleaned, execution_date=20241102T090123, start_date=20241102T090346, end_date=20241102T090411
[2024-11-02T09:04:16.840+0000] {standard_task_runner.py:104} ERROR - Failed to execute job 93 for task credits_cleaned (Cannot execute: spark-submit --master spark://master:7077 --conf spark.sql.extensions=io.delta.sql.DeltaSparkSessionExtension --conf spark.sql.catalog.spark_catalog=org.apache.spark.sql.delta.catalog.DeltaCatalog --jars /opt/***/jars/hadoop-aws-3.3.4.jar,/opt/***/jars/s3-2.18.41.jar,/opt/***/jars/aws-java-sdk-1.12.367.jar,/opt/***/jars/delta-core_2.12-2.4.0.jar,/opt/***/jars/delta-storage-2.2.0.jar, --packages org.apache.hadoop:hadoop-aws:3.3.4 --num-executors 2 --total-executor-cores 2 --executor-cores 2 --executor-memory 2g --driver-memory 1g --name arrow-spark --deploy-mode client /opt/***/jobs/python/test_Credit.py s3a://lakehouse/bronze/credits.parquet s3a://lakehouse/sliver/credit. Error code is: 1.; 14461)
[2024-11-02T09:04:17.106+0000] {local_task_job_runner.py:228} INFO - Task exited with return code 1
[2024-11-02T09:04:17.121+0000] {taskinstance.py:2776} INFO - 0 downstream tasks scheduled from follow-on schedule check
