[2024-11-14T16:47:39.448+0000] {taskinstance.py:1159} INFO - Dependencies all met for dep_context=non-requeueable deps ti=<TaskInstance: mergeeeee.merge_id manual__2024-11-14T16:47:38.599757+00:00 [queued]>
[2024-11-14T16:47:39.460+0000] {taskinstance.py:1159} INFO - Dependencies all met for dep_context=requeueable deps ti=<TaskInstance: mergeeeee.merge_id manual__2024-11-14T16:47:38.599757+00:00 [queued]>
[2024-11-14T16:47:39.461+0000] {taskinstance.py:1361} INFO - Starting attempt 1 of 2
[2024-11-14T16:47:39.479+0000] {taskinstance.py:1382} INFO - Executing <Task(SparkSubmitOperator): merge_id> on 2024-11-14 16:47:38.599757+00:00
[2024-11-14T16:47:39.485+0000] {standard_task_runner.py:57} INFO - Started process 10284 to run task
[2024-11-14T16:47:39.487+0000] {standard_task_runner.py:84} INFO - Running: ['***', 'tasks', 'run', 'mergeeeee', 'merge_id', 'manual__2024-11-14T16:47:38.599757+00:00', '--job-id', '280', '--raw', '--subdir', 'DAGS_FOLDER/merge_hihi.py', '--cfg-path', '/tmp/tmp5rkdxvff']
[2024-11-14T16:47:39.489+0000] {standard_task_runner.py:85} INFO - Job 280: Subtask merge_id
[2024-11-14T16:47:39.544+0000] {task_command.py:416} INFO - Running <TaskInstance: mergeeeee.merge_id manual__2024-11-14T16:47:38.599757+00:00 [running]> on host 7ea45ba85247
[2024-11-14T16:47:39.638+0000] {taskinstance.py:1662} INFO - Exporting env vars: AIRFLOW_CTX_DAG_OWNER='***' AIRFLOW_CTX_DAG_ID='mergeeeee' AIRFLOW_CTX_TASK_ID='merge_id' AIRFLOW_CTX_EXECUTION_DATE='2024-11-14T16:47:38.599757+00:00' AIRFLOW_CTX_TRY_NUMBER='1' AIRFLOW_CTX_DAG_RUN_ID='manual__2024-11-14T16:47:38.599757+00:00'
[2024-11-14T16:47:39.650+0000] {base.py:73} INFO - Using connection ID 'spark-conn' for task execution.
[2024-11-14T16:47:39.653+0000] {spark_submit.py:403} INFO - Spark-Submit cmd: spark-submit --master spark://spark-master:7077 --conf spark.sql.extensions=io.delta.sql.DeltaSparkSessionExtension --conf spark.sql.catalog.spark_catalog=org.apache.spark.sql.delta.catalog.DeltaCatalog --jars /opt/***/jars/hadoop-aws-3.3.4.jar,/opt/***/jars/s3-2.18.41.jar,/opt/***/jars/aws-java-sdk-1.12.367.jar,/opt/***/jars/delta-core_2.12-2.2.0.jar,/opt/***/jars/delta-storage-2.2.0.jar, --packages org.apache.hadoop:hadoop-aws:3.3.4 --num-executors 2 --total-executor-cores 2 --executor-cores 2 --executor-memory 2g --driver-memory 1g --name arrow-spark --deploy-mode client /opt/***/jobs/python/test_merge.py s3a://lakehouse/bronze/keywords.parquet s3a://lakehouse/bronze/movies.parquet s3a://lakehouse/bronze/credits.parquet s3a://lakehouse/merge_data-movies/merged_data s3a://lakehouse/gold/gold_data
[2024-11-14T16:47:39.850+0000] {spark_submit.py:579} INFO - /home/***/.local/lib/python3.9/site-packages/pyspark/bin/load-spark-env.sh: line 68: ps: command not found
[2024-11-14T16:47:42.299+0000] {spark_submit.py:579} INFO - :: loading settings :: url = jar:file:/home/***/.local/lib/python3.9/site-packages/pyspark/jars/ivy-2.5.1.jar!/org/apache/ivy/core/settings/ivysettings.xml
[2024-11-14T16:47:42.440+0000] {spark_submit.py:579} INFO - Ivy Default Cache set to: /home/***/.ivy2/cache
[2024-11-14T16:47:42.441+0000] {spark_submit.py:579} INFO - The jars for the packages stored in: /home/***/.ivy2/jars
[2024-11-14T16:47:42.448+0000] {spark_submit.py:579} INFO - org.apache.hadoop#hadoop-aws added as a dependency
[2024-11-14T16:47:42.450+0000] {spark_submit.py:579} INFO - :: resolving dependencies :: org.apache.spark#spark-submit-parent-9f02b762-2638-4034-8da8-56bdad527fa6;1.0
[2024-11-14T16:47:42.451+0000] {spark_submit.py:579} INFO - confs: [default]
[2024-11-14T16:47:42.607+0000] {spark_submit.py:579} INFO - found org.apache.hadoop#hadoop-aws;3.3.4 in spark-list
[2024-11-14T16:47:42.639+0000] {spark_submit.py:579} INFO - found com.amazonaws#aws-java-sdk-bundle;1.12.262 in central
[2024-11-14T16:47:42.668+0000] {spark_submit.py:579} INFO - found org.wildfly.openssl#wildfly-openssl;1.0.7.Final in central
[2024-11-14T16:47:42.702+0000] {spark_submit.py:579} INFO - :: resolution report :: resolve 236ms :: artifacts dl 15ms
[2024-11-14T16:47:42.702+0000] {spark_submit.py:579} INFO - :: modules in use:
[2024-11-14T16:47:42.703+0000] {spark_submit.py:579} INFO - com.amazonaws#aws-java-sdk-bundle;1.12.262 from central in [default]
[2024-11-14T16:47:42.704+0000] {spark_submit.py:579} INFO - org.apache.hadoop#hadoop-aws;3.3.4 from spark-list in [default]
[2024-11-14T16:47:42.705+0000] {spark_submit.py:579} INFO - org.wildfly.openssl#wildfly-openssl;1.0.7.Final from central in [default]
[2024-11-14T16:47:42.706+0000] {spark_submit.py:579} INFO - ---------------------------------------------------------------------
[2024-11-14T16:47:42.707+0000] {spark_submit.py:579} INFO - |                  |            modules            ||   artifacts   |
[2024-11-14T16:47:42.707+0000] {spark_submit.py:579} INFO - |       conf       | number| search|dwnlded|evicted|| number|dwnlded|
[2024-11-14T16:47:42.708+0000] {spark_submit.py:579} INFO - ---------------------------------------------------------------------
[2024-11-14T16:47:42.709+0000] {spark_submit.py:579} INFO - |      default     |   3   |   0   |   0   |   0   ||   3   |   0   |
[2024-11-14T16:47:42.710+0000] {spark_submit.py:579} INFO - ---------------------------------------------------------------------
[2024-11-14T16:47:42.711+0000] {spark_submit.py:579} INFO - :: retrieving :: org.apache.spark#spark-submit-parent-9f02b762-2638-4034-8da8-56bdad527fa6
[2024-11-14T16:47:42.712+0000] {spark_submit.py:579} INFO - confs: [default]
[2024-11-14T16:47:42.718+0000] {spark_submit.py:579} INFO - 0 artifacts copied, 3 already retrieved (0kB/9ms)
[2024-11-14T16:47:42.981+0000] {spark_submit.py:579} INFO - 24/11/14 16:47:42 WARN NativeCodeLoader: Unable to load native-hadoop library for your platform... using builtin-java classes where applicable
[2024-11-14T16:47:44.903+0000] {spark_submit.py:579} INFO - 24/11/14 16:47:44 INFO SparkContext: Running Spark version 3.3.2
[2024-11-14T16:47:44.943+0000] {spark_submit.py:579} INFO - 24/11/14 16:47:44 INFO ResourceUtils: ==============================================================
[2024-11-14T16:47:44.944+0000] {spark_submit.py:579} INFO - 24/11/14 16:47:44 INFO ResourceUtils: No custom resources configured for spark.driver.
[2024-11-14T16:47:44.944+0000] {spark_submit.py:579} INFO - 24/11/14 16:47:44 INFO ResourceUtils: ==============================================================
[2024-11-14T16:47:44.945+0000] {spark_submit.py:579} INFO - 24/11/14 16:47:44 INFO SparkContext: Submitted application: MergeData
[2024-11-14T16:47:44.979+0000] {spark_submit.py:579} INFO - 24/11/14 16:47:44 INFO ResourceProfile: Default ResourceProfile created, executor resources: Map(cores -> name: cores, amount: 2, script: , vendor: , memory -> name: memory, amount: 2048, script: , vendor: , offHeap -> name: offHeap, amount: 0, script: , vendor: ), task resources: Map(cpus -> name: cpus, amount: 1.0)
[2024-11-14T16:47:44.997+0000] {spark_submit.py:579} INFO - 24/11/14 16:47:44 INFO ResourceProfile: Limiting resource is cpus at 2 tasks per executor
[2024-11-14T16:47:45.000+0000] {spark_submit.py:579} INFO - 24/11/14 16:47:45 INFO ResourceProfileManager: Added ResourceProfile id: 0
[2024-11-14T16:47:45.069+0000] {spark_submit.py:579} INFO - 24/11/14 16:47:45 INFO SecurityManager: Changing view acls to: ***
[2024-11-14T16:47:45.070+0000] {spark_submit.py:579} INFO - 24/11/14 16:47:45 INFO SecurityManager: Changing modify acls to: ***
[2024-11-14T16:47:45.071+0000] {spark_submit.py:579} INFO - 24/11/14 16:47:45 INFO SecurityManager: Changing view acls groups to:
[2024-11-14T16:47:45.072+0000] {spark_submit.py:579} INFO - 24/11/14 16:47:45 INFO SecurityManager: Changing modify acls groups to:
[2024-11-14T16:47:45.074+0000] {spark_submit.py:579} INFO - 24/11/14 16:47:45 INFO SecurityManager: SecurityManager: authentication disabled; ui acls disabled; users  with view permissions: Set(***); groups with view permissions: Set(); users  with modify permissions: Set(***); groups with modify permissions: Set()
[2024-11-14T16:47:45.466+0000] {spark_submit.py:579} INFO - 24/11/14 16:47:45 INFO Utils: Successfully started service 'sparkDriver' on port 35693.
[2024-11-14T16:47:45.510+0000] {spark_submit.py:579} INFO - 24/11/14 16:47:45 INFO SparkEnv: Registering MapOutputTracker
[2024-11-14T16:47:45.558+0000] {spark_submit.py:579} INFO - 24/11/14 16:47:45 INFO SparkEnv: Registering BlockManagerMaster
[2024-11-14T16:47:45.587+0000] {spark_submit.py:579} INFO - 24/11/14 16:47:45 INFO BlockManagerMasterEndpoint: Using org.apache.spark.storage.DefaultTopologyMapper for getting topology information
[2024-11-14T16:47:45.588+0000] {spark_submit.py:579} INFO - 24/11/14 16:47:45 INFO BlockManagerMasterEndpoint: BlockManagerMasterEndpoint up
[2024-11-14T16:47:45.593+0000] {spark_submit.py:579} INFO - 24/11/14 16:47:45 INFO SparkEnv: Registering BlockManagerMasterHeartbeat
[2024-11-14T16:47:45.628+0000] {spark_submit.py:579} INFO - 24/11/14 16:47:45 INFO DiskBlockManager: Created local directory at /tmp/blockmgr-c7c114ea-bf74-4b07-b888-2f9bb84068e9
[2024-11-14T16:47:45.653+0000] {spark_submit.py:579} INFO - 24/11/14 16:47:45 INFO MemoryStore: MemoryStore started with capacity 434.4 MiB
[2024-11-14T16:47:45.676+0000] {spark_submit.py:579} INFO - 24/11/14 16:47:45 INFO SparkEnv: Registering OutputCommitCoordinator
[2024-11-14T16:47:45.936+0000] {spark_submit.py:579} INFO - 24/11/14 16:47:45 INFO Utils: Successfully started service 'SparkUI' on port 4040.
[2024-11-14T16:47:45.984+0000] {spark_submit.py:579} INFO - 24/11/14 16:47:45 INFO SparkContext: Added JAR file:///opt/***/jars/hadoop-aws-3.3.4.jar at spark://7ea45ba85247:35693/jars/hadoop-aws-3.3.4.jar with timestamp 1731602864892
[2024-11-14T16:47:45.985+0000] {spark_submit.py:579} INFO - 24/11/14 16:47:45 INFO SparkContext: Added JAR file:///opt/***/jars/s3-2.18.41.jar at spark://7ea45ba85247:35693/jars/s3-2.18.41.jar with timestamp 1731602864892
[2024-11-14T16:47:45.987+0000] {spark_submit.py:579} INFO - 24/11/14 16:47:45 INFO SparkContext: Added JAR file:///opt/***/jars/aws-java-sdk-1.12.367.jar at spark://7ea45ba85247:35693/jars/aws-java-sdk-1.12.367.jar with timestamp 1731602864892
[2024-11-14T16:47:45.988+0000] {spark_submit.py:579} INFO - 24/11/14 16:47:45 INFO SparkContext: Added JAR file:///opt/***/jars/delta-core_2.12-2.2.0.jar at spark://7ea45ba85247:35693/jars/delta-core_2.12-2.2.0.jar with timestamp 1731602864892
[2024-11-14T16:47:45.989+0000] {spark_submit.py:579} INFO - 24/11/14 16:47:45 INFO SparkContext: Added JAR file:///opt/***/jars/delta-storage-2.2.0.jar at spark://7ea45ba85247:35693/jars/delta-storage-2.2.0.jar with timestamp 1731602864892
[2024-11-14T16:47:45.990+0000] {spark_submit.py:579} INFO - 24/11/14 16:47:45 INFO SparkContext: Added JAR file:///home/***/.ivy2/jars/org.apache.hadoop_hadoop-aws-3.3.4.jar at spark://7ea45ba85247:35693/jars/org.apache.hadoop_hadoop-aws-3.3.4.jar with timestamp 1731602864892
[2024-11-14T16:47:45.991+0000] {spark_submit.py:579} INFO - 24/11/14 16:47:45 INFO SparkContext: Added JAR file:///home/***/.ivy2/jars/com.amazonaws_aws-java-sdk-bundle-1.12.262.jar at spark://7ea45ba85247:35693/jars/com.amazonaws_aws-java-sdk-bundle-1.12.262.jar with timestamp 1731602864892
[2024-11-14T16:47:45.991+0000] {spark_submit.py:579} INFO - 24/11/14 16:47:45 INFO SparkContext: Added JAR file:///home/***/.ivy2/jars/org.wildfly.openssl_wildfly-openssl-1.0.7.Final.jar at spark://7ea45ba85247:35693/jars/org.wildfly.openssl_wildfly-openssl-1.0.7.Final.jar with timestamp 1731602864892
[2024-11-14T16:47:45.993+0000] {spark_submit.py:579} INFO - 24/11/14 16:47:45 INFO SparkContext: Added file file:///home/***/.ivy2/jars/org.apache.hadoop_hadoop-aws-3.3.4.jar at spark://7ea45ba85247:35693/files/org.apache.hadoop_hadoop-aws-3.3.4.jar with timestamp 1731602864892
[2024-11-14T16:47:45.995+0000] {spark_submit.py:579} INFO - 24/11/14 16:47:45 INFO Utils: Copying /home/***/.ivy2/jars/org.apache.hadoop_hadoop-aws-3.3.4.jar to /tmp/spark-043387ff-a1a6-4cbf-9439-f64bf5ab7e2f/userFiles-80842d04-ac85-4de6-aa7e-68f0cf80d203/org.apache.hadoop_hadoop-aws-3.3.4.jar
[2024-11-14T16:47:46.012+0000] {spark_submit.py:579} INFO - 24/11/14 16:47:46 INFO SparkContext: Added file file:///home/***/.ivy2/jars/com.amazonaws_aws-java-sdk-bundle-1.12.262.jar at spark://7ea45ba85247:35693/files/com.amazonaws_aws-java-sdk-bundle-1.12.262.jar with timestamp 1731602864892
[2024-11-14T16:47:46.013+0000] {spark_submit.py:579} INFO - 24/11/14 16:47:46 INFO Utils: Copying /home/***/.ivy2/jars/com.amazonaws_aws-java-sdk-bundle-1.12.262.jar to /tmp/spark-043387ff-a1a6-4cbf-9439-f64bf5ab7e2f/userFiles-80842d04-ac85-4de6-aa7e-68f0cf80d203/com.amazonaws_aws-java-sdk-bundle-1.12.262.jar
[2024-11-14T16:47:46.343+0000] {spark_submit.py:579} INFO - 24/11/14 16:47:46 INFO SparkContext: Added file file:///home/***/.ivy2/jars/org.wildfly.openssl_wildfly-openssl-1.0.7.Final.jar at spark://7ea45ba85247:35693/files/org.wildfly.openssl_wildfly-openssl-1.0.7.Final.jar with timestamp 1731602864892
[2024-11-14T16:47:46.344+0000] {spark_submit.py:579} INFO - 24/11/14 16:47:46 INFO Utils: Copying /home/***/.ivy2/jars/org.wildfly.openssl_wildfly-openssl-1.0.7.Final.jar to /tmp/spark-043387ff-a1a6-4cbf-9439-f64bf5ab7e2f/userFiles-80842d04-ac85-4de6-aa7e-68f0cf80d203/org.wildfly.openssl_wildfly-openssl-1.0.7.Final.jar
[2024-11-14T16:47:46.460+0000] {spark_submit.py:579} INFO - 24/11/14 16:47:46 INFO StandaloneAppClient$ClientEndpoint: Connecting to master spark://spark-master:7077...
[2024-11-14T16:47:46.514+0000] {spark_submit.py:579} INFO - 24/11/14 16:47:46 INFO TransportClientFactory: Successfully created connection to spark-master/172.21.0.3:7077 after 35 ms (0 ms spent in bootstraps)
[2024-11-14T16:47:46.642+0000] {spark_submit.py:579} INFO - 24/11/14 16:47:46 INFO StandaloneSchedulerBackend: Connected to Spark cluster with app ID app-20241114164746-0014
[2024-11-14T16:47:46.645+0000] {spark_submit.py:579} INFO - 24/11/14 16:47:46 INFO StandaloneAppClient$ClientEndpoint: Executor added: app-20241114164746-0014/0 on worker-20241114153331-172.21.0.8-42023 (172.21.0.8:42023) with 2 core(s)
[2024-11-14T16:47:46.648+0000] {spark_submit.py:579} INFO - 24/11/14 16:47:46 INFO StandaloneSchedulerBackend: Granted executor ID app-20241114164746-0014/0 on hostPort 172.21.0.8:42023 with 2 core(s), 2.0 GiB RAM
[2024-11-14T16:47:46.653+0000] {spark_submit.py:579} INFO - 24/11/14 16:47:46 INFO Utils: Successfully started service 'org.apache.spark.network.netty.NettyBlockTransferService' on port 33941.
[2024-11-14T16:47:46.653+0000] {spark_submit.py:579} INFO - 24/11/14 16:47:46 INFO NettyBlockTransferService: Server created on 7ea45ba85247:33941
[2024-11-14T16:47:46.655+0000] {spark_submit.py:579} INFO - 24/11/14 16:47:46 INFO BlockManager: Using org.apache.spark.storage.RandomBlockReplicationPolicy for block replication policy
[2024-11-14T16:47:46.667+0000] {spark_submit.py:579} INFO - 24/11/14 16:47:46 INFO BlockManagerMaster: Registering BlockManager BlockManagerId(driver, 7ea45ba85247, 33941, None)
[2024-11-14T16:47:46.672+0000] {spark_submit.py:579} INFO - 24/11/14 16:47:46 INFO BlockManagerMasterEndpoint: Registering block manager 7ea45ba85247:33941 with 434.4 MiB RAM, BlockManagerId(driver, 7ea45ba85247, 33941, None)
[2024-11-14T16:47:46.675+0000] {spark_submit.py:579} INFO - 24/11/14 16:47:46 INFO BlockManagerMaster: Registered BlockManager BlockManagerId(driver, 7ea45ba85247, 33941, None)
[2024-11-14T16:47:46.677+0000] {spark_submit.py:579} INFO - 24/11/14 16:47:46 INFO BlockManager: Initialized BlockManager: BlockManagerId(driver, 7ea45ba85247, 33941, None)
[2024-11-14T16:47:46.717+0000] {spark_submit.py:579} INFO - 24/11/14 16:47:46 INFO StandaloneAppClient$ClientEndpoint: Executor updated: app-20241114164746-0014/0 is now RUNNING
[2024-11-14T16:47:46.930+0000] {spark_submit.py:579} INFO - 24/11/14 16:47:46 INFO StandaloneSchedulerBackend: SchedulerBackend is ready for scheduling beginning after reached minRegisteredResourcesRatio: 0.0
[2024-11-14T16:47:47.243+0000] {spark_submit.py:579} INFO - 24/11/14 16:47:47 INFO SharedState: Setting hive.metastore.warehouse.dir ('null') to the value of spark.sql.warehouse.dir.
[2024-11-14T16:47:47.248+0000] {spark_submit.py:579} INFO - 24/11/14 16:47:47 INFO SharedState: Warehouse path is 'file:/opt/***/spark-warehouse'.
[2024-11-14T16:47:49.080+0000] {spark_submit.py:579} INFO - 24/11/14 16:47:49 WARN MetricsConfig: Cannot locate configuration: tried hadoop-metrics2-s3a-file-system.properties,hadoop-metrics2.properties
[2024-11-14T16:47:49.105+0000] {spark_submit.py:579} INFO - 24/11/14 16:47:49 INFO MetricsSystemImpl: Scheduled Metric snapshot period at 10 second(s).
[2024-11-14T16:47:49.106+0000] {spark_submit.py:579} INFO - 24/11/14 16:47:49 INFO MetricsSystemImpl: s3a-file-system metrics system started
[2024-11-14T16:47:50.208+0000] {spark_submit.py:579} INFO - 24/11/14 16:47:50 INFO CoarseGrainedSchedulerBackend$DriverEndpoint: Registered executor NettyRpcEndpointRef(spark-client://Executor) (172.21.0.8:46962) with ID 0,  ResourceProfileId 0
[2024-11-14T16:47:50.300+0000] {spark_submit.py:579} INFO - 24/11/14 16:47:50 INFO BlockManagerMasterEndpoint: Registering block manager 172.21.0.8:35411 with 1048.8 MiB RAM, BlockManagerId(0, 172.21.0.8, 35411, None)
[2024-11-14T16:47:51.133+0000] {spark_submit.py:579} INFO - 24/11/14 16:47:51 INFO InMemoryFileIndex: It took 99 ms to list leaf files for 1 paths.
[2024-11-14T16:47:51.813+0000] {spark_submit.py:579} INFO - 24/11/14 16:47:51 INFO SparkContext: Starting job: load at NativeMethodAccessorImpl.java:0
[2024-11-14T16:47:51.842+0000] {spark_submit.py:579} INFO - 24/11/14 16:47:51 INFO DAGScheduler: Got job 0 (load at NativeMethodAccessorImpl.java:0) with 1 output partitions
[2024-11-14T16:47:51.842+0000] {spark_submit.py:579} INFO - 24/11/14 16:47:51 INFO DAGScheduler: Final stage: ResultStage 0 (load at NativeMethodAccessorImpl.java:0)
[2024-11-14T16:47:51.843+0000] {spark_submit.py:579} INFO - 24/11/14 16:47:51 INFO DAGScheduler: Parents of final stage: List()
[2024-11-14T16:47:51.846+0000] {spark_submit.py:579} INFO - 24/11/14 16:47:51 INFO DAGScheduler: Missing parents: List()
[2024-11-14T16:47:51.856+0000] {spark_submit.py:579} INFO - 24/11/14 16:47:51 INFO DAGScheduler: Submitting ResultStage 0 (MapPartitionsRDD[1] at load at NativeMethodAccessorImpl.java:0), which has no missing parents
[2024-11-14T16:47:51.964+0000] {spark_submit.py:579} INFO - 24/11/14 16:47:51 INFO MemoryStore: Block broadcast_0 stored as values in memory (estimated size 106.1 KiB, free 434.3 MiB)
[2024-11-14T16:47:52.044+0000] {spark_submit.py:579} INFO - 24/11/14 16:47:52 INFO MemoryStore: Block broadcast_0_piece0 stored as bytes in memory (estimated size 38.3 KiB, free 434.3 MiB)
[2024-11-14T16:47:52.049+0000] {spark_submit.py:579} INFO - 24/11/14 16:47:52 INFO BlockManagerInfo: Added broadcast_0_piece0 in memory on 7ea45ba85247:33941 (size: 38.3 KiB, free: 434.4 MiB)
[2024-11-14T16:47:52.054+0000] {spark_submit.py:579} INFO - 24/11/14 16:47:52 INFO SparkContext: Created broadcast 0 from broadcast at DAGScheduler.scala:1513
[2024-11-14T16:47:52.084+0000] {spark_submit.py:579} INFO - 24/11/14 16:47:52 INFO DAGScheduler: Submitting 1 missing tasks from ResultStage 0 (MapPartitionsRDD[1] at load at NativeMethodAccessorImpl.java:0) (first 15 tasks are for partitions Vector(0))
[2024-11-14T16:47:52.085+0000] {spark_submit.py:579} INFO - 24/11/14 16:47:52 INFO TaskSchedulerImpl: Adding task set 0.0 with 1 tasks resource profile 0
[2024-11-14T16:47:53.310+0000] {spark_submit.py:579} INFO - 24/11/14 16:47:53 INFO TaskSetManager: Starting task 0.0 in stage 0.0 (TID 0) (172.21.0.8, executor 0, partition 0, PROCESS_LOCAL, 4591 bytes) taskResourceAssignments Map()
[2024-11-14T16:47:53.576+0000] {spark_submit.py:579} INFO - 24/11/14 16:47:53 INFO BlockManagerInfo: Added broadcast_0_piece0 in memory on 172.21.0.8:35411 (size: 38.3 KiB, free: 1048.8 MiB)
[2024-11-14T16:47:55.306+0000] {spark_submit.py:579} INFO - 24/11/14 16:47:55 INFO TaskSetManager: Finished task 0.0 in stage 0.0 (TID 0) in 2015 ms on 172.21.0.8 (executor 0) (1/1)
[2024-11-14T16:47:55.309+0000] {spark_submit.py:579} INFO - 24/11/14 16:47:55 INFO TaskSchedulerImpl: Removed TaskSet 0.0, whose tasks have all completed, from pool
[2024-11-14T16:47:55.324+0000] {spark_submit.py:579} INFO - 24/11/14 16:47:55 INFO DAGScheduler: ResultStage 0 (load at NativeMethodAccessorImpl.java:0) finished in 3.445 s
[2024-11-14T16:47:55.332+0000] {spark_submit.py:579} INFO - 24/11/14 16:47:55 INFO DAGScheduler: Job 0 is finished. Cancelling potential speculative or zombie tasks for this job
[2024-11-14T16:47:55.332+0000] {spark_submit.py:579} INFO - 24/11/14 16:47:55 INFO TaskSchedulerImpl: Killing all running tasks in stage 0: Stage finished
[2024-11-14T16:47:55.336+0000] {spark_submit.py:579} INFO - 24/11/14 16:47:55 INFO DAGScheduler: Job 0 finished: load at NativeMethodAccessorImpl.java:0, took 3.522273 s
[2024-11-14T16:47:55.948+0000] {spark_submit.py:579} INFO - 24/11/14 16:47:55 INFO BlockManagerInfo: Removed broadcast_0_piece0 on 7ea45ba85247:33941 in memory (size: 38.3 KiB, free: 434.4 MiB)
[2024-11-14T16:47:55.961+0000] {spark_submit.py:579} INFO - 24/11/14 16:47:55 INFO BlockManagerInfo: Removed broadcast_0_piece0 on 172.21.0.8:35411 in memory (size: 38.3 KiB, free: 1048.8 MiB)
[2024-11-14T16:47:58.015+0000] {spark_submit.py:579} INFO - ERROR:root:Error during merge process: clean_movies() missing 1 required positional argument: 'output_path'
[2024-11-14T16:47:58.017+0000] {spark_submit.py:579} INFO - ERROR:root:Traceback (most recent call last):
[2024-11-14T16:47:58.018+0000] {spark_submit.py:579} INFO - File "/opt/***/jobs/python/test_merge.py", line 217, in merge_data
[2024-11-14T16:47:58.019+0000] {spark_submit.py:579} INFO - movies_df=clean_movies(movies_path)
[2024-11-14T16:47:58.020+0000] {spark_submit.py:579} INFO - TypeError: clean_movies() missing 1 required positional argument: 'output_path'
[2024-11-14T16:47:58.021+0000] {spark_submit.py:579} INFO - 
[2024-11-14T16:47:58.137+0000] {spark_submit.py:579} INFO - 24/11/14 16:47:58 INFO SparkContext: Invoking stop() from shutdown hook
[2024-11-14T16:47:58.151+0000] {spark_submit.py:579} INFO - 24/11/14 16:47:58 INFO SparkUI: Stopped Spark web UI at http://7ea45ba85247:4040
[2024-11-14T16:47:58.158+0000] {spark_submit.py:579} INFO - 24/11/14 16:47:58 INFO StandaloneSchedulerBackend: Shutting down all executors
[2024-11-14T16:47:58.159+0000] {spark_submit.py:579} INFO - 24/11/14 16:47:58 INFO CoarseGrainedSchedulerBackend$DriverEndpoint: Asking each executor to shut down
[2024-11-14T16:47:58.193+0000] {spark_submit.py:579} INFO - 24/11/14 16:47:58 INFO MapOutputTrackerMasterEndpoint: MapOutputTrackerMasterEndpoint stopped!
[2024-11-14T16:47:58.212+0000] {spark_submit.py:579} INFO - 24/11/14 16:47:58 INFO MemoryStore: MemoryStore cleared
[2024-11-14T16:47:58.213+0000] {spark_submit.py:579} INFO - 24/11/14 16:47:58 INFO BlockManager: BlockManager stopped
[2024-11-14T16:47:58.217+0000] {spark_submit.py:579} INFO - 24/11/14 16:47:58 INFO BlockManagerMaster: BlockManagerMaster stopped
[2024-11-14T16:47:58.221+0000] {spark_submit.py:579} INFO - 24/11/14 16:47:58 INFO OutputCommitCoordinator$OutputCommitCoordinatorEndpoint: OutputCommitCoordinator stopped!
[2024-11-14T16:47:58.278+0000] {spark_submit.py:579} INFO - 24/11/14 16:47:58 INFO SparkContext: Successfully stopped SparkContext
[2024-11-14T16:47:58.279+0000] {spark_submit.py:579} INFO - 24/11/14 16:47:58 INFO ShutdownHookManager: Shutdown hook called
[2024-11-14T16:47:58.280+0000] {spark_submit.py:579} INFO - 24/11/14 16:47:58 INFO ShutdownHookManager: Deleting directory /tmp/spark-5877628b-67c2-44b1-a5c2-597c860a9766
[2024-11-14T16:47:58.284+0000] {spark_submit.py:579} INFO - 24/11/14 16:47:58 INFO ShutdownHookManager: Deleting directory /tmp/spark-043387ff-a1a6-4cbf-9439-f64bf5ab7e2f/pyspark-4d25a8ac-debc-4529-83a5-d17baa3938f8
[2024-11-14T16:47:58.288+0000] {spark_submit.py:579} INFO - 24/11/14 16:47:58 INFO ShutdownHookManager: Deleting directory /tmp/spark-043387ff-a1a6-4cbf-9439-f64bf5ab7e2f
[2024-11-14T16:47:58.298+0000] {spark_submit.py:579} INFO - 24/11/14 16:47:58 INFO MetricsSystemImpl: Stopping s3a-file-system metrics system...
[2024-11-14T16:47:58.300+0000] {spark_submit.py:579} INFO - 24/11/14 16:47:58 INFO MetricsSystemImpl: s3a-file-system metrics system stopped.
[2024-11-14T16:47:58.301+0000] {spark_submit.py:579} INFO - 24/11/14 16:47:58 INFO MetricsSystemImpl: s3a-file-system metrics system shutdown complete.
[2024-11-14T16:47:58.366+0000] {taskinstance.py:1937} ERROR - Task failed with exception
Traceback (most recent call last):
  File "/home/airflow/.local/lib/python3.9/site-packages/airflow/providers/apache/spark/operators/spark_submit.py", line 174, in execute
    self._hook.submit(self.application)
  File "/home/airflow/.local/lib/python3.9/site-packages/airflow/providers/apache/spark/hooks/spark_submit.py", line 505, in submit
    raise AirflowException(
airflow.exceptions.AirflowException: Cannot execute: spark-submit --master spark://spark-master:7077 --conf spark.sql.extensions=io.delta.sql.DeltaSparkSessionExtension --conf spark.sql.catalog.spark_catalog=org.apache.spark.sql.delta.catalog.DeltaCatalog --jars /opt/***/jars/hadoop-aws-3.3.4.jar,/opt/***/jars/s3-2.18.41.jar,/opt/***/jars/aws-java-sdk-1.12.367.jar,/opt/***/jars/delta-core_2.12-2.2.0.jar,/opt/***/jars/delta-storage-2.2.0.jar, --packages org.apache.hadoop:hadoop-aws:3.3.4 --num-executors 2 --total-executor-cores 2 --executor-cores 2 --executor-memory 2g --driver-memory 1g --name arrow-spark --deploy-mode client /opt/***/jobs/python/test_merge.py s3a://lakehouse/bronze/keywords.parquet s3a://lakehouse/bronze/movies.parquet s3a://lakehouse/bronze/credits.parquet s3a://lakehouse/merge_data-movies/merged_data s3a://lakehouse/gold/gold_data. Error code is: 1.
[2024-11-14T16:47:58.373+0000] {taskinstance.py:1400} INFO - Marking task as UP_FOR_RETRY. dag_id=mergeeeee, task_id=merge_id, execution_date=20241114T164738, start_date=20241114T164739, end_date=20241114T164758
[2024-11-14T16:47:58.387+0000] {standard_task_runner.py:104} ERROR - Failed to execute job 280 for task merge_id (Cannot execute: spark-submit --master spark://spark-master:7077 --conf spark.sql.extensions=io.delta.sql.DeltaSparkSessionExtension --conf spark.sql.catalog.spark_catalog=org.apache.spark.sql.delta.catalog.DeltaCatalog --jars /opt/***/jars/hadoop-aws-3.3.4.jar,/opt/***/jars/s3-2.18.41.jar,/opt/***/jars/aws-java-sdk-1.12.367.jar,/opt/***/jars/delta-core_2.12-2.2.0.jar,/opt/***/jars/delta-storage-2.2.0.jar, --packages org.apache.hadoop:hadoop-aws:3.3.4 --num-executors 2 --total-executor-cores 2 --executor-cores 2 --executor-memory 2g --driver-memory 1g --name arrow-spark --deploy-mode client /opt/***/jobs/python/test_merge.py s3a://lakehouse/bronze/keywords.parquet s3a://lakehouse/bronze/movies.parquet s3a://lakehouse/bronze/credits.parquet s3a://lakehouse/merge_data-movies/merged_data s3a://lakehouse/gold/gold_data. Error code is: 1.; 10284)
[2024-11-14T16:47:58.420+0000] {local_task_job_runner.py:228} INFO - Task exited with return code 1
[2024-11-14T16:47:58.446+0000] {taskinstance.py:2778} INFO - 0 downstream tasks scheduled from follow-on schedule check
