[2024-10-05T16:41:02.264+0000] {taskinstance.py:1157} INFO - Dependencies all met for dep_context=non-requeueable deps ti=<TaskInstance: spark_processing_dag.silver_cleaned_keywords scheduled__2024-10-04T00:00:00+00:00 [queued]>
[2024-10-05T16:41:02.271+0000] {taskinstance.py:1157} INFO - Dependencies all met for dep_context=requeueable deps ti=<TaskInstance: spark_processing_dag.silver_cleaned_keywords scheduled__2024-10-04T00:00:00+00:00 [queued]>
[2024-10-05T16:41:02.272+0000] {taskinstance.py:1359} INFO - Starting attempt 8 of 8
[2024-10-05T16:41:02.282+0000] {taskinstance.py:1380} INFO - Executing <Task(SparkSubmitOperator): silver_cleaned_keywords> on 2024-10-04 00:00:00+00:00
[2024-10-05T16:41:02.286+0000] {standard_task_runner.py:57} INFO - Started process 806 to run task
[2024-10-05T16:41:02.289+0000] {standard_task_runner.py:84} INFO - Running: ['***', 'tasks', 'run', 'spark_processing_dag', 'silver_cleaned_keywords', 'scheduled__2024-10-04T00:00:00+00:00', '--job-id', '192', '--raw', '--subdir', 'DAGS_FOLDER/sliver_layer.py', '--cfg-path', '/tmp/tmp_924urki']
[2024-10-05T16:41:02.291+0000] {standard_task_runner.py:85} INFO - Job 192: Subtask silver_cleaned_keywords
[2024-10-05T16:41:02.331+0000] {task_command.py:415} INFO - Running <TaskInstance: spark_processing_dag.silver_cleaned_keywords scheduled__2024-10-04T00:00:00+00:00 [running]> on host 8cc963156206
[2024-10-05T16:41:02.389+0000] {taskinstance.py:1660} INFO - Exporting env vars: AIRFLOW_CTX_DAG_OWNER='***' AIRFLOW_CTX_DAG_ID='spark_processing_dag' AIRFLOW_CTX_TASK_ID='silver_cleaned_keywords' AIRFLOW_CTX_EXECUTION_DATE='2024-10-04T00:00:00+00:00' AIRFLOW_CTX_TRY_NUMBER='8' AIRFLOW_CTX_DAG_RUN_ID='scheduled__2024-10-04T00:00:00+00:00'
[2024-10-05T16:41:02.397+0000] {base.py:73} INFO - Using connection ID 'spark-conn' for task execution.
[2024-10-05T16:41:02.400+0000] {spark_submit.py:403} INFO - Spark-Submit cmd: spark-submit --master spark://spark-master:7077 --conf spark.sql.extensions=io.delta.sql.DeltaSparkSessionExtension --conf spark.sql.catalog.spark_catalog=org.apache.spark.sql.delta.catalog.DeltaCatalog --conf spark.delta.logStore.class=org.apache.spark.sql.delta.storage.S3SingleDriverLogStore --jars /opt/***/jars/hadoop-aws-3.3.4.jar,/opt/***/jars/s3-2.18.41.jar,/opt/***/jars/aws-java-sdk-1.12.367.jar,/opt/***/jars/delta-core_2.12-2.2.0.jar,/opt/***/jars/delta-storage-2.2.0.jar --packages org.apache.hadoop:hadoop-aws:3.3.4 --num-executors 2 --total-executor-cores 2 --executor-cores 2 --executor-memory 2g --driver-memory 1g --name arrow-spark --deploy-mode client /opt/***/jobs/python/test_Key.py s3a://lakehouse/bronze/keywords.parquet s3a://lakehouse/silver
[2024-10-05T16:41:02.486+0000] {spark_submit.py:579} INFO - /home/***/.local/lib/python3.11/site-packages/pyspark/bin/load-spark-env.sh: line 68: ps: command not found
[2024-10-05T16:41:03.955+0000] {spark_submit.py:579} INFO - :: loading settings :: url = jar:file:/home/***/.local/lib/python3.11/site-packages/pyspark/jars/ivy-2.5.1.jar!/org/apache/ivy/core/settings/ivysettings.xml
[2024-10-05T16:41:04.036+0000] {spark_submit.py:579} INFO - Ivy Default Cache set to: /home/***/.ivy2/cache
[2024-10-05T16:41:04.037+0000] {spark_submit.py:579} INFO - The jars for the packages stored in: /home/***/.ivy2/jars
[2024-10-05T16:41:04.042+0000] {spark_submit.py:579} INFO - org.apache.hadoop#hadoop-aws added as a dependency
[2024-10-05T16:41:04.043+0000] {spark_submit.py:579} INFO - :: resolving dependencies :: org.apache.spark#spark-submit-parent-2d9579e2-d90e-46ce-9b33-7fd5e159ab86;1.0
[2024-10-05T16:41:04.043+0000] {spark_submit.py:579} INFO - confs: [default]
[2024-10-05T16:41:04.162+0000] {spark_submit.py:579} INFO - found org.apache.hadoop#hadoop-aws;3.3.4 in central
[2024-10-05T16:41:04.187+0000] {spark_submit.py:579} INFO - found com.amazonaws#aws-java-sdk-bundle;1.12.262 in central
[2024-10-05T16:41:04.210+0000] {spark_submit.py:579} INFO - found org.wildfly.openssl#wildfly-openssl;1.0.7.Final in central
[2024-10-05T16:41:04.234+0000] {spark_submit.py:579} INFO - :: resolution report :: resolve 181ms :: artifacts dl 9ms
[2024-10-05T16:41:04.234+0000] {spark_submit.py:579} INFO - :: modules in use:
[2024-10-05T16:41:04.235+0000] {spark_submit.py:579} INFO - com.amazonaws#aws-java-sdk-bundle;1.12.262 from central in [default]
[2024-10-05T16:41:04.235+0000] {spark_submit.py:579} INFO - org.apache.hadoop#hadoop-aws;3.3.4 from central in [default]
[2024-10-05T16:41:04.236+0000] {spark_submit.py:579} INFO - org.wildfly.openssl#wildfly-openssl;1.0.7.Final from central in [default]
[2024-10-05T16:41:04.236+0000] {spark_submit.py:579} INFO - ---------------------------------------------------------------------
[2024-10-05T16:41:04.237+0000] {spark_submit.py:579} INFO - |                  |            modules            ||   artifacts   |
[2024-10-05T16:41:04.237+0000] {spark_submit.py:579} INFO - |       conf       | number| search|dwnlded|evicted|| number|dwnlded|
[2024-10-05T16:41:04.237+0000] {spark_submit.py:579} INFO - ---------------------------------------------------------------------
[2024-10-05T16:41:04.237+0000] {spark_submit.py:579} INFO - |      default     |   3   |   0   |   0   |   0   ||   3   |   0   |
[2024-10-05T16:41:04.238+0000] {spark_submit.py:579} INFO - ---------------------------------------------------------------------
[2024-10-05T16:41:04.239+0000] {spark_submit.py:579} INFO - :: retrieving :: org.apache.spark#spark-submit-parent-2d9579e2-d90e-46ce-9b33-7fd5e159ab86
[2024-10-05T16:41:04.239+0000] {spark_submit.py:579} INFO - confs: [default]
[2024-10-05T16:41:04.245+0000] {spark_submit.py:579} INFO - 0 artifacts copied, 3 already retrieved (0kB/6ms)
[2024-10-05T16:41:04.436+0000] {spark_submit.py:579} INFO - 24/10/05 16:41:04 WARN NativeCodeLoader: Unable to load native-hadoop library for your platform... using builtin-java classes where applicable
[2024-10-05T16:41:05.670+0000] {spark_submit.py:579} INFO - 24/10/05 16:41:05 INFO SparkContext: Running Spark version 3.5.1
[2024-10-05T16:41:05.671+0000] {spark_submit.py:579} INFO - 24/10/05 16:41:05 INFO SparkContext: OS info Linux, 5.15.153.1-microsoft-standard-WSL2, amd64
[2024-10-05T16:41:05.671+0000] {spark_submit.py:579} INFO - 24/10/05 16:41:05 INFO SparkContext: Java version 11.0.24
[2024-10-05T16:41:05.691+0000] {spark_submit.py:579} INFO - 24/10/05 16:41:05 INFO ResourceUtils: ==============================================================
[2024-10-05T16:41:05.691+0000] {spark_submit.py:579} INFO - 24/10/05 16:41:05 INFO ResourceUtils: No custom resources configured for spark.driver.
[2024-10-05T16:41:05.692+0000] {spark_submit.py:579} INFO - 24/10/05 16:41:05 INFO ResourceUtils: ==============================================================
[2024-10-05T16:41:05.692+0000] {spark_submit.py:579} INFO - 24/10/05 16:41:05 INFO SparkContext: Submitted application: CleanKeywords
[2024-10-05T16:41:05.712+0000] {spark_submit.py:579} INFO - 24/10/05 16:41:05 INFO ResourceProfile: Default ResourceProfile created, executor resources: Map(cores -> name: cores, amount: 2, script: , vendor: , memory -> name: memory, amount: 2048, script: , vendor: , offHeap -> name: offHeap, amount: 0, script: , vendor: ), task resources: Map(cpus -> name: cpus, amount: 1.0)
[2024-10-05T16:41:05.724+0000] {spark_submit.py:579} INFO - 24/10/05 16:41:05 INFO ResourceProfile: Limiting resource is cpus at 2 tasks per executor
[2024-10-05T16:41:05.726+0000] {spark_submit.py:579} INFO - 24/10/05 16:41:05 INFO ResourceProfileManager: Added ResourceProfile id: 0
[2024-10-05T16:41:05.769+0000] {spark_submit.py:579} INFO - 24/10/05 16:41:05 INFO SecurityManager: Changing view acls to: ***
[2024-10-05T16:41:05.770+0000] {spark_submit.py:579} INFO - 24/10/05 16:41:05 INFO SecurityManager: Changing modify acls to: ***
[2024-10-05T16:41:05.771+0000] {spark_submit.py:579} INFO - 24/10/05 16:41:05 INFO SecurityManager: Changing view acls groups to:
[2024-10-05T16:41:05.771+0000] {spark_submit.py:579} INFO - 24/10/05 16:41:05 INFO SecurityManager: Changing modify acls groups to:
[2024-10-05T16:41:05.772+0000] {spark_submit.py:579} INFO - 24/10/05 16:41:05 INFO SecurityManager: SecurityManager: authentication disabled; ui acls disabled; users with view permissions: ***; groups with view permissions: EMPTY; users with modify permissions: ***; groups with modify permissions: EMPTY
[2024-10-05T16:41:06.000+0000] {spark_submit.py:579} INFO - 24/10/05 16:41:05 INFO Utils: Successfully started service 'sparkDriver' on port 44819.
[2024-10-05T16:41:06.042+0000] {spark_submit.py:579} INFO - 24/10/05 16:41:06 INFO SparkEnv: Registering MapOutputTracker
[2024-10-05T16:41:06.080+0000] {spark_submit.py:579} INFO - 24/10/05 16:41:06 INFO SparkEnv: Registering BlockManagerMaster
[2024-10-05T16:41:06.096+0000] {spark_submit.py:579} INFO - 24/10/05 16:41:06 INFO BlockManagerMasterEndpoint: Using org.apache.spark.storage.DefaultTopologyMapper for getting topology information
[2024-10-05T16:41:06.097+0000] {spark_submit.py:579} INFO - 24/10/05 16:41:06 INFO BlockManagerMasterEndpoint: BlockManagerMasterEndpoint up
[2024-10-05T16:41:06.101+0000] {spark_submit.py:579} INFO - 24/10/05 16:41:06 INFO SparkEnv: Registering BlockManagerMasterHeartbeat
[2024-10-05T16:41:06.122+0000] {spark_submit.py:579} INFO - 24/10/05 16:41:06 INFO DiskBlockManager: Created local directory at /tmp/blockmgr-d75d42f3-088b-4fff-8729-e044a9e3ed4f
[2024-10-05T16:41:06.135+0000] {spark_submit.py:579} INFO - 24/10/05 16:41:06 INFO MemoryStore: MemoryStore started with capacity 434.4 MiB
[2024-10-05T16:41:06.154+0000] {spark_submit.py:579} INFO - 24/10/05 16:41:06 INFO SparkEnv: Registering OutputCommitCoordinator
[2024-10-05T16:41:06.322+0000] {spark_submit.py:579} INFO - 24/10/05 16:41:06 INFO JettyUtils: Start Jetty 0.0.0.0:4040 for SparkUI
[2024-10-05T16:41:06.371+0000] {spark_submit.py:579} INFO - 24/10/05 16:41:06 INFO Utils: Successfully started service 'SparkUI' on port 4040.
[2024-10-05T16:41:06.404+0000] {spark_submit.py:579} INFO - 24/10/05 16:41:06 INFO SparkContext: Added JAR file:///opt/***/jars/hadoop-aws-3.3.4.jar at spark://8cc963156206:44819/jars/hadoop-aws-3.3.4.jar with timestamp 1728146465662
[2024-10-05T16:41:06.406+0000] {spark_submit.py:579} INFO - 24/10/05 16:41:06 INFO SparkContext: Added JAR file:///opt/***/jars/s3-2.18.41.jar at spark://8cc963156206:44819/jars/s3-2.18.41.jar with timestamp 1728146465662
[2024-10-05T16:41:06.408+0000] {spark_submit.py:579} INFO - 24/10/05 16:41:06 INFO SparkContext: Added JAR file:///opt/***/jars/aws-java-sdk-1.12.367.jar at spark://8cc963156206:44819/jars/aws-java-sdk-1.12.367.jar with timestamp 1728146465662
[2024-10-05T16:41:06.409+0000] {spark_submit.py:579} INFO - 24/10/05 16:41:06 INFO SparkContext: Added JAR file:///opt/***/jars/delta-core_2.12-2.2.0.jar at spark://8cc963156206:44819/jars/delta-core_2.12-2.2.0.jar with timestamp 1728146465662
[2024-10-05T16:41:06.410+0000] {spark_submit.py:579} INFO - 24/10/05 16:41:06 INFO SparkContext: Added JAR file:///opt/***/jars/delta-storage-2.2.0.jar at spark://8cc963156206:44819/jars/delta-storage-2.2.0.jar with timestamp 1728146465662
[2024-10-05T16:41:06.411+0000] {spark_submit.py:579} INFO - 24/10/05 16:41:06 INFO SparkContext: Added JAR file:///home/***/.ivy2/jars/org.apache.hadoop_hadoop-aws-3.3.4.jar at spark://8cc963156206:44819/jars/org.apache.hadoop_hadoop-aws-3.3.4.jar with timestamp 1728146465662
[2024-10-05T16:41:06.412+0000] {spark_submit.py:579} INFO - 24/10/05 16:41:06 INFO SparkContext: Added JAR file:///home/***/.ivy2/jars/com.amazonaws_aws-java-sdk-bundle-1.12.262.jar at spark://8cc963156206:44819/jars/com.amazonaws_aws-java-sdk-bundle-1.12.262.jar with timestamp 1728146465662
[2024-10-05T16:41:06.412+0000] {spark_submit.py:579} INFO - 24/10/05 16:41:06 INFO SparkContext: Added JAR file:///home/***/.ivy2/jars/org.wildfly.openssl_wildfly-openssl-1.0.7.Final.jar at spark://8cc963156206:44819/jars/org.wildfly.openssl_wildfly-openssl-1.0.7.Final.jar with timestamp 1728146465662
[2024-10-05T16:41:06.414+0000] {spark_submit.py:579} INFO - 24/10/05 16:41:06 INFO SparkContext: Added file file:///home/***/.ivy2/jars/org.apache.hadoop_hadoop-aws-3.3.4.jar at spark://8cc963156206:44819/files/org.apache.hadoop_hadoop-aws-3.3.4.jar with timestamp 1728146465662
[2024-10-05T16:41:06.415+0000] {spark_submit.py:579} INFO - 24/10/05 16:41:06 INFO Utils: Copying /home/***/.ivy2/jars/org.apache.hadoop_hadoop-aws-3.3.4.jar to /tmp/spark-693bb046-43bf-44ad-a72a-36f46adb8d87/userFiles-96b1c6b1-ab15-427c-9772-467b989d7187/org.apache.hadoop_hadoop-aws-3.3.4.jar
[2024-10-05T16:41:06.425+0000] {spark_submit.py:579} INFO - 24/10/05 16:41:06 INFO SparkContext: Added file file:///home/***/.ivy2/jars/com.amazonaws_aws-java-sdk-bundle-1.12.262.jar at spark://8cc963156206:44819/files/com.amazonaws_aws-java-sdk-bundle-1.12.262.jar with timestamp 1728146465662
[2024-10-05T16:41:06.425+0000] {spark_submit.py:579} INFO - 24/10/05 16:41:06 INFO Utils: Copying /home/***/.ivy2/jars/com.amazonaws_aws-java-sdk-bundle-1.12.262.jar to /tmp/spark-693bb046-43bf-44ad-a72a-36f46adb8d87/userFiles-96b1c6b1-ab15-427c-9772-467b989d7187/com.amazonaws_aws-java-sdk-bundle-1.12.262.jar
[2024-10-05T16:41:06.637+0000] {spark_submit.py:579} INFO - 24/10/05 16:41:06 INFO SparkContext: Added file file:///home/***/.ivy2/jars/org.wildfly.openssl_wildfly-openssl-1.0.7.Final.jar at spark://8cc963156206:44819/files/org.wildfly.openssl_wildfly-openssl-1.0.7.Final.jar with timestamp 1728146465662
[2024-10-05T16:41:06.638+0000] {spark_submit.py:579} INFO - 24/10/05 16:41:06 INFO Utils: Copying /home/***/.ivy2/jars/org.wildfly.openssl_wildfly-openssl-1.0.7.Final.jar to /tmp/spark-693bb046-43bf-44ad-a72a-36f46adb8d87/userFiles-96b1c6b1-ab15-427c-9772-467b989d7187/org.wildfly.openssl_wildfly-openssl-1.0.7.Final.jar
[2024-10-05T16:41:06.731+0000] {spark_submit.py:579} INFO - 24/10/05 16:41:06 INFO StandaloneAppClient$ClientEndpoint: Connecting to master spark://spark-master:7077...
[2024-10-05T16:41:06.784+0000] {spark_submit.py:579} INFO - 24/10/05 16:41:06 INFO TransportClientFactory: Successfully created connection to spark-master/172.20.0.4:7077 after 35 ms (0 ms spent in bootstraps)
[2024-10-05T16:41:26.733+0000] {spark_submit.py:579} INFO - 24/10/05 16:41:26 INFO StandaloneAppClient$ClientEndpoint: Connecting to master spark://spark-master:7077...
[2024-10-05T16:41:46.729+0000] {spark_submit.py:579} INFO - 24/10/05 16:41:46 INFO StandaloneAppClient$ClientEndpoint: Connecting to master spark://spark-master:7077...
[2024-10-05T16:42:06.730+0000] {spark_submit.py:579} INFO - 24/10/05 16:42:06 WARN StandaloneSchedulerBackend: Application ID is not initialized yet.
[2024-10-05T16:42:06.731+0000] {spark_submit.py:579} INFO - 24/10/05 16:42:06 ERROR StandaloneSchedulerBackend: Application has been killed. Reason: All masters are unresponsive! Giving up.
[2024-10-05T16:42:06.749+0000] {spark_submit.py:579} INFO - 24/10/05 16:42:06 INFO Utils: Successfully started service 'org.apache.spark.network.netty.NettyBlockTransferService' on port 38827.
[2024-10-05T16:42:06.750+0000] {spark_submit.py:579} INFO - 24/10/05 16:42:06 INFO NettyBlockTransferService: Server created on 8cc963156206:38827
[2024-10-05T16:42:06.752+0000] {spark_submit.py:579} INFO - 24/10/05 16:42:06 INFO BlockManager: Using org.apache.spark.storage.RandomBlockReplicationPolicy for block replication policy
[2024-10-05T16:42:06.763+0000] {spark_submit.py:579} INFO - 24/10/05 16:42:06 INFO BlockManagerMaster: Registering BlockManager BlockManagerId(driver, 8cc963156206, 38827, None)
[2024-10-05T16:42:06.774+0000] {spark_submit.py:579} INFO - 24/10/05 16:42:06 INFO BlockManagerMasterEndpoint: Registering block manager 8cc963156206:38827 with 434.4 MiB RAM, BlockManagerId(driver, 8cc963156206, 38827, None)
[2024-10-05T16:42:06.778+0000] {spark_submit.py:579} INFO - 24/10/05 16:42:06 INFO BlockManagerMaster: Registered BlockManager BlockManagerId(driver, 8cc963156206, 38827, None)
[2024-10-05T16:42:06.780+0000] {spark_submit.py:579} INFO - 24/10/05 16:42:06 INFO BlockManager: Initialized BlockManager: BlockManagerId(driver, 8cc963156206, 38827, None)
[2024-10-05T16:42:07.163+0000] {spark_submit.py:579} INFO - 24/10/05 16:42:07 INFO StandaloneSchedulerBackend: SchedulerBackend is ready for scheduling beginning after reached minRegisteredResourcesRatio: 0.0
[2024-10-05T16:42:07.568+0000] {spark_submit.py:579} INFO - Reading data from s3a://lakehouse/bronze/keywords.parquet
[2024-10-05T16:42:07.587+0000] {spark_submit.py:579} INFO - 24/10/05 16:42:07 INFO SharedState: Setting hive.metastore.warehouse.dir ('null') to the value of spark.sql.warehouse.dir.
[2024-10-05T16:42:07.661+0000] {spark_submit.py:579} INFO - 24/10/05 16:42:07 INFO SparkContext: SparkContext is stopping with exitCode 0.
[2024-10-05T16:42:07.699+0000] {spark_submit.py:579} INFO - 24/10/05 16:42:07 INFO SparkUI: Stopped Spark web UI at http://8cc963156206:4040
[2024-10-05T16:42:07.726+0000] {spark_submit.py:579} INFO - 24/10/05 16:42:07 INFO StandaloneSchedulerBackend: Shutting down all executors
[2024-10-05T16:42:07.732+0000] {spark_submit.py:579} INFO - 24/10/05 16:42:07 INFO StandaloneSchedulerBackend$StandaloneDriverEndpoint: Asking each executor to shut down
[2024-10-05T16:42:07.742+0000] {spark_submit.py:579} INFO - 24/10/05 16:42:07 WARN StandaloneAppClient$ClientEndpoint: Drop UnregisterApplication(null) because has not yet connected to master
[2024-10-05T16:42:07.773+0000] {spark_submit.py:579} INFO - 24/10/05 16:42:07 INFO MapOutputTrackerMasterEndpoint: MapOutputTrackerMasterEndpoint stopped!
[2024-10-05T16:42:07.806+0000] {spark_submit.py:579} INFO - 24/10/05 16:42:07 INFO MemoryStore: MemoryStore cleared
[2024-10-05T16:42:07.806+0000] {spark_submit.py:579} INFO - 24/10/05 16:42:07 INFO BlockManager: BlockManager stopped
[2024-10-05T16:42:07.818+0000] {spark_submit.py:579} INFO - 24/10/05 16:42:07 INFO BlockManagerMaster: BlockManagerMaster stopped
[2024-10-05T16:42:07.821+0000] {spark_submit.py:579} INFO - 24/10/05 16:42:07 INFO OutputCommitCoordinator$OutputCommitCoordinatorEndpoint: OutputCommitCoordinator stopped!
[2024-10-05T16:42:07.895+0000] {spark_submit.py:579} INFO - 24/10/05 16:42:07 INFO SparkContext: Successfully stopped SparkContext
[2024-10-05T16:42:08.076+0000] {spark_submit.py:579} INFO - 24/10/05 16:42:08 WARN MetricsConfig: Cannot locate configuration: tried hadoop-metrics2-s3a-file-system.properties,hadoop-metrics2.properties
[2024-10-05T16:42:08.111+0000] {spark_submit.py:579} INFO - 24/10/05 16:42:08 INFO MetricsSystemImpl: Scheduled Metric snapshot period at 10 second(s).
[2024-10-05T16:42:08.111+0000] {spark_submit.py:579} INFO - 24/10/05 16:42:08 INFO MetricsSystemImpl: s3a-file-system metrics system started
[2024-10-05T16:42:09.326+0000] {spark_submit.py:579} INFO - 24/10/05 16:42:09 INFO SharedState: Warehouse path is 's3a://lakehouse/'.
[2024-10-05T16:42:09.387+0000] {spark_submit.py:579} INFO - Error during cleaning process: An error occurred while calling o53.read.
[2024-10-05T16:42:09.387+0000] {spark_submit.py:579} INFO - : java.lang.IllegalStateException: LiveListenerBus is stopped.
[2024-10-05T16:42:09.388+0000] {spark_submit.py:579} INFO - at org.apache.spark.scheduler.LiveListenerBus.addToQueue(LiveListenerBus.scala:92)
[2024-10-05T16:42:09.388+0000] {spark_submit.py:579} INFO - at org.apache.spark.scheduler.LiveListenerBus.addToStatusQueue(LiveListenerBus.scala:75)
[2024-10-05T16:42:09.388+0000] {spark_submit.py:579} INFO - at org.apache.spark.sql.internal.SharedState.<init>(SharedState.scala:115)
[2024-10-05T16:42:09.389+0000] {spark_submit.py:579} INFO - at org.apache.spark.sql.SparkSession.$anonfun$sharedState$1(SparkSession.scala:143)
[2024-10-05T16:42:09.389+0000] {spark_submit.py:579} INFO - at scala.Option.getOrElse(Option.scala:189)
[2024-10-05T16:42:09.389+0000] {spark_submit.py:579} INFO - at org.apache.spark.sql.SparkSession.sharedState$lzycompute(SparkSession.scala:143)
[2024-10-05T16:42:09.389+0000] {spark_submit.py:579} INFO - at org.apache.spark.sql.SparkSession.sharedState(SparkSession.scala:142)
[2024-10-05T16:42:09.390+0000] {spark_submit.py:579} INFO - at org.apache.spark.sql.SparkSession.$anonfun$sessionState$2(SparkSession.scala:162)
[2024-10-05T16:42:09.390+0000] {spark_submit.py:579} INFO - at scala.Option.getOrElse(Option.scala:189)
[2024-10-05T16:42:09.390+0000] {spark_submit.py:579} INFO - at org.apache.spark.sql.SparkSession.sessionState$lzycompute(SparkSession.scala:160)
[2024-10-05T16:42:09.391+0000] {spark_submit.py:579} INFO - at org.apache.spark.sql.SparkSession.sessionState(SparkSession.scala:157)
[2024-10-05T16:42:09.391+0000] {spark_submit.py:579} INFO - at org.apache.spark.sql.DataFrameReader.<init>(DataFrameReader.scala:699)
[2024-10-05T16:42:09.391+0000] {spark_submit.py:579} INFO - at org.apache.spark.sql.SparkSession.read(SparkSession.scala:783)
[2024-10-05T16:42:09.391+0000] {spark_submit.py:579} INFO - at java.base/jdk.internal.reflect.NativeMethodAccessorImpl.invoke0(Native Method)
[2024-10-05T16:42:09.392+0000] {spark_submit.py:579} INFO - at java.base/jdk.internal.reflect.NativeMethodAccessorImpl.invoke(NativeMethodAccessorImpl.java:62)
[2024-10-05T16:42:09.392+0000] {spark_submit.py:579} INFO - at java.base/jdk.internal.reflect.DelegatingMethodAccessorImpl.invoke(DelegatingMethodAccessorImpl.java:43)
[2024-10-05T16:42:09.392+0000] {spark_submit.py:579} INFO - at java.base/java.lang.reflect.Method.invoke(Method.java:566)
[2024-10-05T16:42:09.393+0000] {spark_submit.py:579} INFO - at py4j.reflection.MethodInvoker.invoke(MethodInvoker.java:244)
[2024-10-05T16:42:09.393+0000] {spark_submit.py:579} INFO - at py4j.reflection.ReflectionEngine.invoke(ReflectionEngine.java:374)
[2024-10-05T16:42:09.393+0000] {spark_submit.py:579} INFO - at py4j.Gateway.invoke(Gateway.java:282)
[2024-10-05T16:42:09.393+0000] {spark_submit.py:579} INFO - at py4j.commands.AbstractCommand.invokeMethod(AbstractCommand.java:132)
[2024-10-05T16:42:09.394+0000] {spark_submit.py:579} INFO - at py4j.commands.CallCommand.execute(CallCommand.java:79)
[2024-10-05T16:42:09.394+0000] {spark_submit.py:579} INFO - at py4j.ClientServerConnection.waitForCommands(ClientServerConnection.java:182)
[2024-10-05T16:42:09.394+0000] {spark_submit.py:579} INFO - at py4j.ClientServerConnection.run(ClientServerConnection.java:106)
[2024-10-05T16:42:09.395+0000] {spark_submit.py:579} INFO - at java.base/java.lang.Thread.run(Thread.java:829)
[2024-10-05T16:42:09.395+0000] {spark_submit.py:579} INFO - 
[2024-10-05T16:42:09.395+0000] {spark_submit.py:579} INFO - 24/10/05 16:42:09 INFO SparkContext: SparkContext is stopping with exitCode 0.
[2024-10-05T16:42:09.395+0000] {spark_submit.py:579} INFO - 24/10/05 16:42:09 INFO SparkContext: SparkContext already stopped.
[2024-10-05T16:42:09.777+0000] {spark_submit.py:579} INFO - 24/10/05 16:42:09 INFO ShutdownHookManager: Shutdown hook called
[2024-10-05T16:42:09.778+0000] {spark_submit.py:579} INFO - 24/10/05 16:42:09 INFO ShutdownHookManager: Deleting directory /tmp/spark-693bb046-43bf-44ad-a72a-36f46adb8d87
[2024-10-05T16:42:09.782+0000] {spark_submit.py:579} INFO - 24/10/05 16:42:09 INFO ShutdownHookManager: Deleting directory /tmp/spark-693bb046-43bf-44ad-a72a-36f46adb8d87/pyspark-1fe68776-1f22-4372-bdc7-f0184c9be221
[2024-10-05T16:42:09.786+0000] {spark_submit.py:579} INFO - 24/10/05 16:42:09 INFO ShutdownHookManager: Deleting directory /tmp/spark-102df0dd-2a74-40ad-85de-6311ca28511c
[2024-10-05T16:42:09.795+0000] {spark_submit.py:579} INFO - 24/10/05 16:42:09 INFO MetricsSystemImpl: Stopping s3a-file-system metrics system...
[2024-10-05T16:42:09.796+0000] {spark_submit.py:579} INFO - 24/10/05 16:42:09 INFO MetricsSystemImpl: s3a-file-system metrics system stopped.
[2024-10-05T16:42:09.796+0000] {spark_submit.py:579} INFO - 24/10/05 16:42:09 INFO MetricsSystemImpl: s3a-file-system metrics system shutdown complete.
[2024-10-05T16:42:09.849+0000] {taskinstance.py:1935} ERROR - Task failed with exception
Traceback (most recent call last):
  File "/home/airflow/.local/lib/python3.11/site-packages/airflow/providers/apache/spark/operators/spark_submit.py", line 174, in execute
    self._hook.submit(self.application)
  File "/home/airflow/.local/lib/python3.11/site-packages/airflow/providers/apache/spark/hooks/spark_submit.py", line 505, in submit
    raise AirflowException(
airflow.exceptions.AirflowException: Cannot execute: spark-submit --master spark://spark-master:7077 --conf spark.sql.extensions=io.delta.sql.DeltaSparkSessionExtension --conf spark.sql.catalog.spark_catalog=org.apache.spark.sql.delta.catalog.DeltaCatalog --conf spark.delta.logStore.class=org.apache.spark.sql.delta.storage.S3SingleDriverLogStore --jars /opt/***/jars/hadoop-aws-3.3.4.jar,/opt/***/jars/s3-2.18.41.jar,/opt/***/jars/aws-java-sdk-1.12.367.jar,/opt/***/jars/delta-core_2.12-2.2.0.jar,/opt/***/jars/delta-storage-2.2.0.jar --packages org.apache.hadoop:hadoop-aws:3.3.4 --num-executors 2 --total-executor-cores 2 --executor-cores 2 --executor-memory 2g --driver-memory 1g --name arrow-spark --deploy-mode client /opt/***/jobs/python/test_Key.py s3a://lakehouse/bronze/keywords.parquet s3a://lakehouse/silver. Error code is: 1.
[2024-10-05T16:42:09.854+0000] {taskinstance.py:1398} INFO - Marking task as FAILED. dag_id=spark_processing_dag, task_id=silver_cleaned_keywords, execution_date=20241004T000000, start_date=20241005T164102, end_date=20241005T164209
[2024-10-05T16:42:09.854+0000] {sliver_layer.py:15} ERROR - Task spark_processing_dag__silver_cleaned_keywords__20241004 failed.
[2024-10-05T16:42:09.870+0000] {standard_task_runner.py:104} ERROR - Failed to execute job 192 for task silver_cleaned_keywords (Cannot execute: spark-submit --master spark://spark-master:7077 --conf spark.sql.extensions=io.delta.sql.DeltaSparkSessionExtension --conf spark.sql.catalog.spark_catalog=org.apache.spark.sql.delta.catalog.DeltaCatalog --conf spark.delta.logStore.class=org.apache.spark.sql.delta.storage.S3SingleDriverLogStore --jars /opt/***/jars/hadoop-aws-3.3.4.jar,/opt/***/jars/s3-2.18.41.jar,/opt/***/jars/aws-java-sdk-1.12.367.jar,/opt/***/jars/delta-core_2.12-2.2.0.jar,/opt/***/jars/delta-storage-2.2.0.jar --packages org.apache.hadoop:hadoop-aws:3.3.4 --num-executors 2 --total-executor-cores 2 --executor-cores 2 --executor-memory 2g --driver-memory 1g --name arrow-spark --deploy-mode client /opt/***/jobs/python/test_Key.py s3a://lakehouse/bronze/keywords.parquet s3a://lakehouse/silver. Error code is: 1.; 806)
[2024-10-05T16:42:09.899+0000] {local_task_job_runner.py:228} INFO - Task exited with return code 1
[2024-10-05T16:42:09.917+0000] {taskinstance.py:2776} INFO - 0 downstream tasks scheduled from follow-on schedule check
