[2024-10-05T04:19:37.968+0000] {taskinstance.py:1157} INFO - Dependencies all met for dep_context=non-requeueable deps ti=<TaskInstance: spark_processing_dag.silver_cleaned_keywords scheduled__2024-10-04T00:00:00+00:00 [queued]>
[2024-10-05T04:19:37.974+0000] {taskinstance.py:1157} INFO - Dependencies all met for dep_context=requeueable deps ti=<TaskInstance: spark_processing_dag.silver_cleaned_keywords scheduled__2024-10-04T00:00:00+00:00 [queued]>
[2024-10-05T04:19:37.975+0000] {taskinstance.py:1359} INFO - Starting attempt 2 of 2
[2024-10-05T04:19:37.986+0000] {taskinstance.py:1380} INFO - Executing <Task(SparkSubmitOperator): silver_cleaned_keywords> on 2024-10-04 00:00:00+00:00
[2024-10-05T04:19:37.990+0000] {standard_task_runner.py:57} INFO - Started process 1084 to run task
[2024-10-05T04:19:37.992+0000] {standard_task_runner.py:84} INFO - Running: ['***', 'tasks', 'run', 'spark_processing_dag', 'silver_cleaned_keywords', 'scheduled__2024-10-04T00:00:00+00:00', '--job-id', '123', '--raw', '--subdir', 'DAGS_FOLDER/sliver_layer.py', '--cfg-path', '/tmp/tmpe283mwsh']
[2024-10-05T04:19:37.995+0000] {standard_task_runner.py:85} INFO - Job 123: Subtask silver_cleaned_keywords
[2024-10-05T04:19:38.036+0000] {task_command.py:415} INFO - Running <TaskInstance: spark_processing_dag.silver_cleaned_keywords scheduled__2024-10-04T00:00:00+00:00 [running]> on host 23041969bcc7
[2024-10-05T04:19:38.096+0000] {taskinstance.py:1660} INFO - Exporting env vars: AIRFLOW_CTX_DAG_OWNER='***' AIRFLOW_CTX_DAG_ID='spark_processing_dag' AIRFLOW_CTX_TASK_ID='silver_cleaned_keywords' AIRFLOW_CTX_EXECUTION_DATE='2024-10-04T00:00:00+00:00' AIRFLOW_CTX_TRY_NUMBER='2' AIRFLOW_CTX_DAG_RUN_ID='scheduled__2024-10-04T00:00:00+00:00'
[2024-10-05T04:19:38.107+0000] {base.py:73} INFO - Using connection ID 'spark-conn' for task execution.
[2024-10-05T04:19:38.109+0000] {spark_submit.py:403} INFO - Spark-Submit cmd: spark-submit --master spark://spark-master:7077 --conf spark.sql.extensions=io.delta.sql.DeltaSparkSessionExtension --conf spark.sql.catalog.spark_catalog=org.apache.spark.sql.delta.catalog.DeltaCatalog --jars /opt/***/jars/hadoop-aws-3.3.4.jar,/opt/***/jars/s3-2.18.41.jar,/opt/***/jars/aws-java-sdk-1.12.367.jar,/opt/***/jars/delta-spark_2.13-3.2.1.jar,/opt/***/jars/mysql-connector-java-8.0.19.jar --packages org.apache.hadoop:hadoop-aws:3.3.4,io.delta:delta-spark_2.13:3.2.1 --num-executors 2 --total-executor-cores 2 --executor-cores 2 --executor-memory 2g --driver-memory 1g --name arrow-spark --deploy-mode client /opt/***/jobs/python/test_Key.py s3a://lakehouse/bronze/keywords.parquet s3a://lakehouse/silver
[2024-10-05T04:19:38.250+0000] {spark_submit.py:579} INFO - /home/***/.local/lib/python3.11/site-packages/pyspark/bin/load-spark-env.sh: line 68: ps: command not found
[2024-10-05T04:19:39.752+0000] {spark_submit.py:579} INFO - :: loading settings :: url = jar:file:/home/***/.local/lib/python3.11/site-packages/pyspark/jars/ivy-2.5.1.jar!/org/apache/ivy/core/settings/ivysettings.xml
[2024-10-05T04:19:39.850+0000] {spark_submit.py:579} INFO - Ivy Default Cache set to: /home/***/.ivy2/cache
[2024-10-05T04:19:39.851+0000] {spark_submit.py:579} INFO - The jars for the packages stored in: /home/***/.ivy2/jars
[2024-10-05T04:19:39.856+0000] {spark_submit.py:579} INFO - org.apache.hadoop#hadoop-aws added as a dependency
[2024-10-05T04:19:39.856+0000] {spark_submit.py:579} INFO - io.delta#delta-spark_2.13 added as a dependency
[2024-10-05T04:19:39.857+0000] {spark_submit.py:579} INFO - :: resolving dependencies :: org.apache.spark#spark-submit-parent-01adb05c-0152-4e7f-969d-fc58199f5d32;1.0
[2024-10-05T04:19:39.857+0000] {spark_submit.py:579} INFO - confs: [default]
[2024-10-05T04:19:39.985+0000] {spark_submit.py:579} INFO - found org.apache.hadoop#hadoop-aws;3.3.4 in spark-list
[2024-10-05T04:19:40.008+0000] {spark_submit.py:579} INFO - found com.amazonaws#aws-java-sdk-bundle;1.12.262 in central
[2024-10-05T04:19:40.027+0000] {spark_submit.py:579} INFO - found org.wildfly.openssl#wildfly-openssl;1.0.7.Final in central
[2024-10-05T04:19:40.041+0000] {spark_submit.py:579} INFO - found io.delta#delta-spark_2.13;3.2.1 in central
[2024-10-05T04:19:40.054+0000] {spark_submit.py:579} INFO - found io.delta#delta-storage;3.2.1 in central
[2024-10-05T04:19:40.065+0000] {spark_submit.py:579} INFO - found org.antlr#antlr4-runtime;4.9.3 in central
[2024-10-05T04:19:40.084+0000] {spark_submit.py:579} INFO - :: resolution report :: resolve 219ms :: artifacts dl 9ms
[2024-10-05T04:19:40.085+0000] {spark_submit.py:579} INFO - :: modules in use:
[2024-10-05T04:19:40.085+0000] {spark_submit.py:579} INFO - com.amazonaws#aws-java-sdk-bundle;1.12.262 from central in [default]
[2024-10-05T04:19:40.085+0000] {spark_submit.py:579} INFO - io.delta#delta-spark_2.13;3.2.1 from central in [default]
[2024-10-05T04:19:40.086+0000] {spark_submit.py:579} INFO - io.delta#delta-storage;3.2.1 from central in [default]
[2024-10-05T04:19:40.086+0000] {spark_submit.py:579} INFO - org.antlr#antlr4-runtime;4.9.3 from central in [default]
[2024-10-05T04:19:40.087+0000] {spark_submit.py:579} INFO - org.apache.hadoop#hadoop-aws;3.3.4 from spark-list in [default]
[2024-10-05T04:19:40.087+0000] {spark_submit.py:579} INFO - org.wildfly.openssl#wildfly-openssl;1.0.7.Final from central in [default]
[2024-10-05T04:19:40.087+0000] {spark_submit.py:579} INFO - ---------------------------------------------------------------------
[2024-10-05T04:19:40.088+0000] {spark_submit.py:579} INFO - |                  |            modules            ||   artifacts   |
[2024-10-05T04:19:40.088+0000] {spark_submit.py:579} INFO - |       conf       | number| search|dwnlded|evicted|| number|dwnlded|
[2024-10-05T04:19:40.088+0000] {spark_submit.py:579} INFO - ---------------------------------------------------------------------
[2024-10-05T04:19:40.088+0000] {spark_submit.py:579} INFO - |      default     |   6   |   0   |   0   |   0   ||   6   |   0   |
[2024-10-05T04:19:40.089+0000] {spark_submit.py:579} INFO - ---------------------------------------------------------------------
[2024-10-05T04:19:40.092+0000] {spark_submit.py:579} INFO - :: retrieving :: org.apache.spark#spark-submit-parent-01adb05c-0152-4e7f-969d-fc58199f5d32
[2024-10-05T04:19:40.092+0000] {spark_submit.py:579} INFO - confs: [default]
[2024-10-05T04:19:40.097+0000] {spark_submit.py:579} INFO - 0 artifacts copied, 6 already retrieved (0kB/5ms)
[2024-10-05T04:19:40.275+0000] {spark_submit.py:579} INFO - 24/10/05 04:19:40 WARN NativeCodeLoader: Unable to load native-hadoop library for your platform... using builtin-java classes where applicable
[2024-10-05T04:19:41.880+0000] {spark_submit.py:579} INFO - 24/10/05 04:19:41 INFO SparkContext: Running Spark version 3.5.1
[2024-10-05T04:19:41.883+0000] {spark_submit.py:579} INFO - 24/10/05 04:19:41 INFO SparkContext: OS info Linux, 5.15.153.1-microsoft-standard-WSL2, amd64
[2024-10-05T04:19:41.883+0000] {spark_submit.py:579} INFO - 24/10/05 04:19:41 INFO SparkContext: Java version 11.0.24
[2024-10-05T04:19:41.921+0000] {spark_submit.py:579} INFO - 24/10/05 04:19:41 INFO ResourceUtils: ==============================================================
[2024-10-05T04:19:41.922+0000] {spark_submit.py:579} INFO - 24/10/05 04:19:41 INFO ResourceUtils: No custom resources configured for spark.driver.
[2024-10-05T04:19:41.922+0000] {spark_submit.py:579} INFO - 24/10/05 04:19:41 INFO ResourceUtils: ==============================================================
[2024-10-05T04:19:41.922+0000] {spark_submit.py:579} INFO - 24/10/05 04:19:41 INFO SparkContext: Submitted application: CleanKeywords
[2024-10-05T04:19:41.967+0000] {spark_submit.py:579} INFO - 24/10/05 04:19:41 INFO ResourceProfile: Default ResourceProfile created, executor resources: Map(cores -> name: cores, amount: 2, script: , vendor: , memory -> name: memory, amount: 2048, script: , vendor: , offHeap -> name: offHeap, amount: 0, script: , vendor: ), task resources: Map(cpus -> name: cpus, amount: 1.0)
[2024-10-05T04:19:41.995+0000] {spark_submit.py:579} INFO - 24/10/05 04:19:41 INFO ResourceProfile: Limiting resource is cpus at 2 tasks per executor
[2024-10-05T04:19:42.001+0000] {spark_submit.py:579} INFO - 24/10/05 04:19:42 INFO ResourceProfileManager: Added ResourceProfile id: 0
[2024-10-05T04:19:42.098+0000] {spark_submit.py:579} INFO - 24/10/05 04:19:42 INFO SecurityManager: Changing view acls to: ***
[2024-10-05T04:19:42.099+0000] {spark_submit.py:579} INFO - 24/10/05 04:19:42 INFO SecurityManager: Changing modify acls to: ***
[2024-10-05T04:19:42.100+0000] {spark_submit.py:579} INFO - 24/10/05 04:19:42 INFO SecurityManager: Changing view acls groups to:
[2024-10-05T04:19:42.101+0000] {spark_submit.py:579} INFO - 24/10/05 04:19:42 INFO SecurityManager: Changing modify acls groups to:
[2024-10-05T04:19:42.106+0000] {spark_submit.py:579} INFO - 24/10/05 04:19:42 INFO SecurityManager: SecurityManager: authentication disabled; ui acls disabled; users with view permissions: ***; groups with view permissions: EMPTY; users with modify permissions: ***; groups with modify permissions: EMPTY
[2024-10-05T04:19:42.433+0000] {spark_submit.py:579} INFO - 24/10/05 04:19:42 INFO Utils: Successfully started service 'sparkDriver' on port 35041.
[2024-10-05T04:19:42.471+0000] {spark_submit.py:579} INFO - 24/10/05 04:19:42 INFO SparkEnv: Registering MapOutputTracker
[2024-10-05T04:19:42.512+0000] {spark_submit.py:579} INFO - 24/10/05 04:19:42 INFO SparkEnv: Registering BlockManagerMaster
[2024-10-05T04:19:42.534+0000] {spark_submit.py:579} INFO - 24/10/05 04:19:42 INFO BlockManagerMasterEndpoint: Using org.apache.spark.storage.DefaultTopologyMapper for getting topology information
[2024-10-05T04:19:42.534+0000] {spark_submit.py:579} INFO - 24/10/05 04:19:42 INFO BlockManagerMasterEndpoint: BlockManagerMasterEndpoint up
[2024-10-05T04:19:42.538+0000] {spark_submit.py:579} INFO - 24/10/05 04:19:42 INFO SparkEnv: Registering BlockManagerMasterHeartbeat
[2024-10-05T04:19:42.564+0000] {spark_submit.py:579} INFO - 24/10/05 04:19:42 INFO DiskBlockManager: Created local directory at /tmp/blockmgr-af6f4805-a79d-4b09-8553-9ed7cf0eab74
[2024-10-05T04:19:42.578+0000] {spark_submit.py:579} INFO - 24/10/05 04:19:42 INFO MemoryStore: MemoryStore started with capacity 434.4 MiB
[2024-10-05T04:19:42.596+0000] {spark_submit.py:579} INFO - 24/10/05 04:19:42 INFO SparkEnv: Registering OutputCommitCoordinator
[2024-10-05T04:19:42.741+0000] {spark_submit.py:579} INFO - 24/10/05 04:19:42 INFO JettyUtils: Start Jetty 0.0.0.0:4040 for SparkUI
[2024-10-05T04:19:42.809+0000] {spark_submit.py:579} INFO - 24/10/05 04:19:42 INFO Utils: Successfully started service 'SparkUI' on port 4040.
[2024-10-05T04:19:42.851+0000] {spark_submit.py:579} INFO - 24/10/05 04:19:42 INFO SparkContext: Added JAR file:///opt/***/jars/hadoop-aws-3.3.4.jar at spark://23041969bcc7:35041/jars/hadoop-aws-3.3.4.jar with timestamp 1728101981863
[2024-10-05T04:19:42.852+0000] {spark_submit.py:579} INFO - 24/10/05 04:19:42 INFO SparkContext: Added JAR file:///opt/***/jars/s3-2.18.41.jar at spark://23041969bcc7:35041/jars/s3-2.18.41.jar with timestamp 1728101981863
[2024-10-05T04:19:42.854+0000] {spark_submit.py:579} INFO - 24/10/05 04:19:42 INFO SparkContext: Added JAR file:///opt/***/jars/aws-java-sdk-1.12.367.jar at spark://23041969bcc7:35041/jars/aws-java-sdk-1.12.367.jar with timestamp 1728101981863
[2024-10-05T04:19:42.855+0000] {spark_submit.py:579} INFO - 24/10/05 04:19:42 INFO SparkContext: Added JAR file:///opt/***/jars/delta-spark_2.13-3.2.1.jar at spark://23041969bcc7:35041/jars/delta-spark_2.13-3.2.1.jar with timestamp 1728101981863
[2024-10-05T04:19:42.857+0000] {spark_submit.py:579} INFO - 24/10/05 04:19:42 INFO SparkContext: Added JAR file:///opt/***/jars/mysql-connector-java-8.0.19.jar at spark://23041969bcc7:35041/jars/mysql-connector-java-8.0.19.jar with timestamp 1728101981863
[2024-10-05T04:19:42.857+0000] {spark_submit.py:579} INFO - 24/10/05 04:19:42 INFO SparkContext: Added JAR file:///home/***/.ivy2/jars/org.apache.hadoop_hadoop-aws-3.3.4.jar at spark://23041969bcc7:35041/jars/org.apache.hadoop_hadoop-aws-3.3.4.jar with timestamp 1728101981863
[2024-10-05T04:19:42.858+0000] {spark_submit.py:579} INFO - 24/10/05 04:19:42 INFO SparkContext: Added JAR file:///home/***/.ivy2/jars/io.delta_delta-spark_2.13-3.2.1.jar at spark://23041969bcc7:35041/jars/io.delta_delta-spark_2.13-3.2.1.jar with timestamp 1728101981863
[2024-10-05T04:19:42.858+0000] {spark_submit.py:579} INFO - 24/10/05 04:19:42 INFO SparkContext: Added JAR file:///home/***/.ivy2/jars/com.amazonaws_aws-java-sdk-bundle-1.12.262.jar at spark://23041969bcc7:35041/jars/com.amazonaws_aws-java-sdk-bundle-1.12.262.jar with timestamp 1728101981863
[2024-10-05T04:19:42.859+0000] {spark_submit.py:579} INFO - 24/10/05 04:19:42 INFO SparkContext: Added JAR file:///home/***/.ivy2/jars/org.wildfly.openssl_wildfly-openssl-1.0.7.Final.jar at spark://23041969bcc7:35041/jars/org.wildfly.openssl_wildfly-openssl-1.0.7.Final.jar with timestamp 1728101981863
[2024-10-05T04:19:42.859+0000] {spark_submit.py:579} INFO - 24/10/05 04:19:42 INFO SparkContext: Added JAR file:///home/***/.ivy2/jars/io.delta_delta-storage-3.2.1.jar at spark://23041969bcc7:35041/jars/io.delta_delta-storage-3.2.1.jar with timestamp 1728101981863
[2024-10-05T04:19:42.859+0000] {spark_submit.py:579} INFO - 24/10/05 04:19:42 INFO SparkContext: Added JAR file:///home/***/.ivy2/jars/org.antlr_antlr4-runtime-4.9.3.jar at spark://23041969bcc7:35041/jars/org.antlr_antlr4-runtime-4.9.3.jar with timestamp 1728101981863
[2024-10-05T04:19:42.861+0000] {spark_submit.py:579} INFO - 24/10/05 04:19:42 INFO SparkContext: Added file file:///home/***/.ivy2/jars/org.apache.hadoop_hadoop-aws-3.3.4.jar at spark://23041969bcc7:35041/files/org.apache.hadoop_hadoop-aws-3.3.4.jar with timestamp 1728101981863
[2024-10-05T04:19:42.863+0000] {spark_submit.py:579} INFO - 24/10/05 04:19:42 INFO Utils: Copying /home/***/.ivy2/jars/org.apache.hadoop_hadoop-aws-3.3.4.jar to /tmp/spark-4c0f7363-f559-4522-870e-59c6122ae122/userFiles-0ce166d1-ec4c-42bc-bd50-adf8fc7f87a0/org.apache.hadoop_hadoop-aws-3.3.4.jar
[2024-10-05T04:19:42.884+0000] {spark_submit.py:579} INFO - 24/10/05 04:19:42 INFO SparkContext: Added file file:///home/***/.ivy2/jars/io.delta_delta-spark_2.13-3.2.1.jar at spark://23041969bcc7:35041/files/io.delta_delta-spark_2.13-3.2.1.jar with timestamp 1728101981863
[2024-10-05T04:19:42.885+0000] {spark_submit.py:579} INFO - 24/10/05 04:19:42 INFO Utils: Copying /home/***/.ivy2/jars/io.delta_delta-spark_2.13-3.2.1.jar to /tmp/spark-4c0f7363-f559-4522-870e-59c6122ae122/userFiles-0ce166d1-ec4c-42bc-bd50-adf8fc7f87a0/io.delta_delta-spark_2.13-3.2.1.jar
[2024-10-05T04:19:42.914+0000] {spark_submit.py:579} INFO - 24/10/05 04:19:42 INFO SparkContext: Added file file:///home/***/.ivy2/jars/com.amazonaws_aws-java-sdk-bundle-1.12.262.jar at spark://23041969bcc7:35041/files/com.amazonaws_aws-java-sdk-bundle-1.12.262.jar with timestamp 1728101981863
[2024-10-05T04:19:42.914+0000] {spark_submit.py:579} INFO - 24/10/05 04:19:42 INFO Utils: Copying /home/***/.ivy2/jars/com.amazonaws_aws-java-sdk-bundle-1.12.262.jar to /tmp/spark-4c0f7363-f559-4522-870e-59c6122ae122/userFiles-0ce166d1-ec4c-42bc-bd50-adf8fc7f87a0/com.amazonaws_aws-java-sdk-bundle-1.12.262.jar
[2024-10-05T04:19:43.903+0000] {spark_submit.py:579} INFO - 24/10/05 04:19:43 INFO SparkContext: Added file file:///home/***/.ivy2/jars/org.wildfly.openssl_wildfly-openssl-1.0.7.Final.jar at spark://23041969bcc7:35041/files/org.wildfly.openssl_wildfly-openssl-1.0.7.Final.jar with timestamp 1728101981863
[2024-10-05T04:19:43.904+0000] {spark_submit.py:579} INFO - 24/10/05 04:19:43 INFO Utils: Copying /home/***/.ivy2/jars/org.wildfly.openssl_wildfly-openssl-1.0.7.Final.jar to /tmp/spark-4c0f7363-f559-4522-870e-59c6122ae122/userFiles-0ce166d1-ec4c-42bc-bd50-adf8fc7f87a0/org.wildfly.openssl_wildfly-openssl-1.0.7.Final.jar
[2024-10-05T04:19:43.909+0000] {spark_submit.py:579} INFO - 24/10/05 04:19:43 INFO SparkContext: Added file file:///home/***/.ivy2/jars/io.delta_delta-storage-3.2.1.jar at spark://23041969bcc7:35041/files/io.delta_delta-storage-3.2.1.jar with timestamp 1728101981863
[2024-10-05T04:19:43.910+0000] {spark_submit.py:579} INFO - 24/10/05 04:19:43 INFO Utils: Copying /home/***/.ivy2/jars/io.delta_delta-storage-3.2.1.jar to /tmp/spark-4c0f7363-f559-4522-870e-59c6122ae122/userFiles-0ce166d1-ec4c-42bc-bd50-adf8fc7f87a0/io.delta_delta-storage-3.2.1.jar
[2024-10-05T04:19:43.914+0000] {spark_submit.py:579} INFO - 24/10/05 04:19:43 INFO SparkContext: Added file file:///home/***/.ivy2/jars/org.antlr_antlr4-runtime-4.9.3.jar at spark://23041969bcc7:35041/files/org.antlr_antlr4-runtime-4.9.3.jar with timestamp 1728101981863
[2024-10-05T04:19:43.915+0000] {spark_submit.py:579} INFO - 24/10/05 04:19:43 INFO Utils: Copying /home/***/.ivy2/jars/org.antlr_antlr4-runtime-4.9.3.jar to /tmp/spark-4c0f7363-f559-4522-870e-59c6122ae122/userFiles-0ce166d1-ec4c-42bc-bd50-adf8fc7f87a0/org.antlr_antlr4-runtime-4.9.3.jar
[2024-10-05T04:19:43.991+0000] {spark_submit.py:579} INFO - 24/10/05 04:19:43 INFO StandaloneAppClient$ClientEndpoint: Connecting to master spark://spark-master:7077...
[2024-10-05T04:19:44.042+0000] {spark_submit.py:579} INFO - 24/10/05 04:19:44 INFO TransportClientFactory: Successfully created connection to spark-master/172.20.0.7:7077 after 34 ms (0 ms spent in bootstraps)
[2024-10-05T04:19:44.123+0000] {spark_submit.py:579} INFO - 24/10/05 04:19:44 INFO StandaloneSchedulerBackend: Connected to Spark cluster with app ID app-20241005041944-0004
[2024-10-05T04:19:44.127+0000] {spark_submit.py:579} INFO - 24/10/05 04:19:44 INFO StandaloneAppClient$ClientEndpoint: Executor added: app-20241005041944-0004/0 on worker-20241005041402-172.20.0.4-33897 (172.20.0.4:33897) with 2 core(s)
[2024-10-05T04:19:44.129+0000] {spark_submit.py:579} INFO - 24/10/05 04:19:44 INFO StandaloneSchedulerBackend: Granted executor ID app-20241005041944-0004/0 on hostPort 172.20.0.4:33897 with 2 core(s), 2.0 GiB RAM
[2024-10-05T04:19:44.136+0000] {spark_submit.py:579} INFO - 24/10/05 04:19:44 INFO Utils: Successfully started service 'org.apache.spark.network.netty.NettyBlockTransferService' on port 37201.
[2024-10-05T04:19:44.137+0000] {spark_submit.py:579} INFO - 24/10/05 04:19:44 INFO NettyBlockTransferService: Server created on 23041969bcc7:37201
[2024-10-05T04:19:44.138+0000] {spark_submit.py:579} INFO - 24/10/05 04:19:44 INFO BlockManager: Using org.apache.spark.storage.RandomBlockReplicationPolicy for block replication policy
[2024-10-05T04:19:44.144+0000] {spark_submit.py:579} INFO - 24/10/05 04:19:44 INFO BlockManagerMaster: Registering BlockManager BlockManagerId(driver, 23041969bcc7, 37201, None)
[2024-10-05T04:19:44.149+0000] {spark_submit.py:579} INFO - 24/10/05 04:19:44 INFO BlockManagerMasterEndpoint: Registering block manager 23041969bcc7:37201 with 434.4 MiB RAM, BlockManagerId(driver, 23041969bcc7, 37201, None)
[2024-10-05T04:19:44.152+0000] {spark_submit.py:579} INFO - 24/10/05 04:19:44 INFO BlockManagerMaster: Registered BlockManager BlockManagerId(driver, 23041969bcc7, 37201, None)
[2024-10-05T04:19:44.154+0000] {spark_submit.py:579} INFO - 24/10/05 04:19:44 INFO BlockManager: Initialized BlockManager: BlockManagerId(driver, 23041969bcc7, 37201, None)
[2024-10-05T04:19:44.270+0000] {spark_submit.py:579} INFO - 24/10/05 04:19:44 INFO StandaloneAppClient$ClientEndpoint: Executor updated: app-20241005041944-0004/0 is now RUNNING
[2024-10-05T04:19:44.358+0000] {spark_submit.py:579} INFO - 24/10/05 04:19:44 INFO StandaloneSchedulerBackend: SchedulerBackend is ready for scheduling beginning after reached minRegisteredResourcesRatio: 0.0
[2024-10-05T04:19:44.676+0000] {spark_submit.py:579} INFO - 24/10/05 04:19:44 WARN SparkSession: Cannot use io.delta.sql.DeltaSparkSessionExtension to configure session extensions.
[2024-10-05T04:19:44.677+0000] {spark_submit.py:579} INFO - java.lang.NoClassDefFoundError: scala/collection/IterableOnce
[2024-10-05T04:19:44.677+0000] {spark_submit.py:579} INFO - at java.base/java.lang.Class.getDeclaredConstructors0(Native Method)
[2024-10-05T04:19:44.678+0000] {spark_submit.py:579} INFO - at java.base/java.lang.Class.privateGetDeclaredConstructors(Class.java:3137)
[2024-10-05T04:19:44.678+0000] {spark_submit.py:579} INFO - at java.base/java.lang.Class.getConstructors(Class.java:1943)
[2024-10-05T04:19:44.678+0000] {spark_submit.py:579} INFO - at org.apache.spark.sql.catalyst.analysis.FunctionRegistryBase$.build(FunctionRegistry.scala:123)
[2024-10-05T04:19:44.678+0000] {spark_submit.py:579} INFO - at org.apache.spark.sql.delta.DeltaTableValueFunctions$.getTableValueFunctionInjection(DeltaTableValueFunctions.scala:58)
[2024-10-05T04:19:44.679+0000] {spark_submit.py:579} INFO - at io.delta.sql.DeltaSparkSessionExtension.$anonfun$apply$16(DeltaSparkSessionExtension.scala:174)
[2024-10-05T04:19:44.679+0000] {spark_submit.py:579} INFO - at io.delta.sql.DeltaSparkSessionExtension.$anonfun$apply$16$adapted(DeltaSparkSessionExtension.scala:172)
[2024-10-05T04:19:44.679+0000] {spark_submit.py:579} INFO - at scala.collection.immutable.List.foreach(List.scala:431)
[2024-10-05T04:19:44.679+0000] {spark_submit.py:579} INFO - at io.delta.sql.DeltaSparkSessionExtension.apply(DeltaSparkSessionExtension.scala:172)
[2024-10-05T04:19:44.679+0000] {spark_submit.py:579} INFO - at io.delta.sql.DeltaSparkSessionExtension.apply(DeltaSparkSessionExtension.scala:82)
[2024-10-05T04:19:44.680+0000] {spark_submit.py:579} INFO - at org.apache.spark.sql.SparkSession$.$anonfun$applyExtensions$2(SparkSession.scala:1370)
[2024-10-05T04:19:44.680+0000] {spark_submit.py:579} INFO - at org.apache.spark.sql.SparkSession$.$anonfun$applyExtensions$2$adapted(SparkSession.scala:1365)
[2024-10-05T04:19:44.680+0000] {spark_submit.py:579} INFO - at scala.collection.mutable.ResizableArray.foreach(ResizableArray.scala:62)
[2024-10-05T04:19:44.680+0000] {spark_submit.py:579} INFO - at scala.collection.mutable.ResizableArray.foreach$(ResizableArray.scala:55)
[2024-10-05T04:19:44.680+0000] {spark_submit.py:579} INFO - at scala.collection.mutable.ArrayBuffer.foreach(ArrayBuffer.scala:49)
[2024-10-05T04:19:44.680+0000] {spark_submit.py:579} INFO - at org.apache.spark.sql.SparkSession$.org$apache$spark$sql$SparkSession$$applyExtensions(SparkSession.scala:1365)
[2024-10-05T04:19:44.681+0000] {spark_submit.py:579} INFO - at org.apache.spark.sql.SparkSession.<init>(SparkSession.scala:105)
[2024-10-05T04:19:44.681+0000] {spark_submit.py:579} INFO - at java.base/jdk.internal.reflect.NativeConstructorAccessorImpl.newInstance0(Native Method)
[2024-10-05T04:19:44.681+0000] {spark_submit.py:579} INFO - at java.base/jdk.internal.reflect.NativeConstructorAccessorImpl.newInstance(NativeConstructorAccessorImpl.java:62)
[2024-10-05T04:19:44.682+0000] {spark_submit.py:579} INFO - at java.base/jdk.internal.reflect.DelegatingConstructorAccessorImpl.newInstance(DelegatingConstructorAccessorImpl.java:45)
[2024-10-05T04:19:44.682+0000] {spark_submit.py:579} INFO - at java.base/java.lang.reflect.Constructor.newInstance(Constructor.java:490)
[2024-10-05T04:19:44.682+0000] {spark_submit.py:579} INFO - at py4j.reflection.MethodInvoker.invoke(MethodInvoker.java:247)
[2024-10-05T04:19:44.682+0000] {spark_submit.py:579} INFO - at py4j.reflection.ReflectionEngine.invoke(ReflectionEngine.java:374)
[2024-10-05T04:19:44.683+0000] {spark_submit.py:579} INFO - at py4j.Gateway.invoke(Gateway.java:238)
[2024-10-05T04:19:44.683+0000] {spark_submit.py:579} INFO - at py4j.commands.ConstructorCommand.invokeConstructor(ConstructorCommand.java:80)
[2024-10-05T04:19:44.683+0000] {spark_submit.py:579} INFO - at py4j.commands.ConstructorCommand.execute(ConstructorCommand.java:69)
[2024-10-05T04:19:44.683+0000] {spark_submit.py:579} INFO - at py4j.ClientServerConnection.waitForCommands(ClientServerConnection.java:182)
[2024-10-05T04:19:44.684+0000] {spark_submit.py:579} INFO - at py4j.ClientServerConnection.run(ClientServerConnection.java:106)
[2024-10-05T04:19:44.684+0000] {spark_submit.py:579} INFO - at java.base/java.lang.Thread.run(Thread.java:829)
[2024-10-05T04:19:44.684+0000] {spark_submit.py:579} INFO - Caused by: java.lang.ClassNotFoundException: scala.collection.IterableOnce
[2024-10-05T04:19:44.684+0000] {spark_submit.py:579} INFO - at java.base/java.net.URLClassLoader.findClass(URLClassLoader.java:476)
[2024-10-05T04:19:44.684+0000] {spark_submit.py:579} INFO - at java.base/java.lang.ClassLoader.loadClass(ClassLoader.java:594)
[2024-10-05T04:19:44.685+0000] {spark_submit.py:579} INFO - at java.base/java.lang.ClassLoader.loadClass(ClassLoader.java:527)
[2024-10-05T04:19:44.685+0000] {spark_submit.py:579} INFO - ... 29 more
[2024-10-05T04:19:44.685+0000] {spark_submit.py:579} INFO - Reading data from s3a://lakehouse/bronze/keywords.parquet
[2024-10-05T04:19:44.691+0000] {spark_submit.py:579} INFO - 24/10/05 04:19:44 INFO SharedState: Setting hive.metastore.warehouse.dir ('null') to the value of spark.sql.warehouse.dir.
[2024-10-05T04:19:44.693+0000] {spark_submit.py:579} INFO - 24/10/05 04:19:44 INFO SharedState: Warehouse path is 'file:/opt/***/spark-warehouse'.
[2024-10-05T04:19:45.740+0000] {spark_submit.py:579} INFO - Error during cleaning process: An error occurred while calling o57.read.
[2024-10-05T04:19:45.740+0000] {spark_submit.py:579} INFO - : java.lang.NoClassDefFoundError: scala/collection/SeqOps
[2024-10-05T04:19:45.741+0000] {spark_submit.py:579} INFO - at io.delta.sql.parser.DeltaSqlParser.<init>(DeltaSqlParser.scala:76)
[2024-10-05T04:19:45.741+0000] {spark_submit.py:579} INFO - at io.delta.sql.DeltaSparkSessionExtension.$anonfun$apply$1(DeltaSparkSessionExtension.scala:85)
[2024-10-05T04:19:45.741+0000] {spark_submit.py:579} INFO - at org.apache.spark.sql.SparkSessionExtensions.$anonfun$buildParser$1(SparkSessionExtensions.scala:329)
[2024-10-05T04:19:45.742+0000] {spark_submit.py:579} INFO - at scala.collection.IndexedSeqOptimized.foldLeft(IndexedSeqOptimized.scala:60)
[2024-10-05T04:19:45.742+0000] {spark_submit.py:579} INFO - at scala.collection.IndexedSeqOptimized.foldLeft$(IndexedSeqOptimized.scala:68)
[2024-10-05T04:19:45.742+0000] {spark_submit.py:579} INFO - at scala.collection.mutable.ArrayBuffer.foldLeft(ArrayBuffer.scala:49)
[2024-10-05T04:19:45.743+0000] {spark_submit.py:579} INFO - at org.apache.spark.sql.SparkSessionExtensions.buildParser(SparkSessionExtensions.scala:328)
[2024-10-05T04:19:45.743+0000] {spark_submit.py:579} INFO - at org.apache.spark.sql.internal.BaseSessionStateBuilder.sqlParser$lzycompute(BaseSessionStateBuilder.scala:138)
[2024-10-05T04:19:45.743+0000] {spark_submit.py:579} INFO - at org.apache.spark.sql.internal.BaseSessionStateBuilder.sqlParser(BaseSessionStateBuilder.scala:137)
[2024-10-05T04:19:45.744+0000] {spark_submit.py:579} INFO - at org.apache.spark.sql.internal.BaseSessionStateBuilder.build(BaseSessionStateBuilder.scala:374)
[2024-10-05T04:19:45.744+0000] {spark_submit.py:579} INFO - at org.apache.spark.sql.SparkSession$.org$apache$spark$sql$SparkSession$$instantiateSessionState(SparkSession.scala:1319)
[2024-10-05T04:19:45.744+0000] {spark_submit.py:579} INFO - at org.apache.spark.sql.SparkSession.$anonfun$sessionState$2(SparkSession.scala:162)
[2024-10-05T04:19:45.745+0000] {spark_submit.py:579} INFO - at scala.Option.getOrElse(Option.scala:189)
[2024-10-05T04:19:45.745+0000] {spark_submit.py:579} INFO - at org.apache.spark.sql.SparkSession.sessionState$lzycompute(SparkSession.scala:160)
[2024-10-05T04:19:45.745+0000] {spark_submit.py:579} INFO - at org.apache.spark.sql.SparkSession.sessionState(SparkSession.scala:157)
[2024-10-05T04:19:45.745+0000] {spark_submit.py:579} INFO - at org.apache.spark.sql.DataFrameReader.<init>(DataFrameReader.scala:699)
[2024-10-05T04:19:45.746+0000] {spark_submit.py:579} INFO - at org.apache.spark.sql.SparkSession.read(SparkSession.scala:783)
[2024-10-05T04:19:45.746+0000] {spark_submit.py:579} INFO - at java.base/jdk.internal.reflect.NativeMethodAccessorImpl.invoke0(Native Method)
[2024-10-05T04:19:45.746+0000] {spark_submit.py:579} INFO - at java.base/jdk.internal.reflect.NativeMethodAccessorImpl.invoke(NativeMethodAccessorImpl.java:62)
[2024-10-05T04:19:45.746+0000] {spark_submit.py:579} INFO - at java.base/jdk.internal.reflect.DelegatingMethodAccessorImpl.invoke(DelegatingMethodAccessorImpl.java:43)
[2024-10-05T04:19:45.746+0000] {spark_submit.py:579} INFO - at java.base/java.lang.reflect.Method.invoke(Method.java:566)
[2024-10-05T04:19:45.747+0000] {spark_submit.py:579} INFO - at py4j.reflection.MethodInvoker.invoke(MethodInvoker.java:244)
[2024-10-05T04:19:45.747+0000] {spark_submit.py:579} INFO - at py4j.reflection.ReflectionEngine.invoke(ReflectionEngine.java:374)
[2024-10-05T04:19:45.747+0000] {spark_submit.py:579} INFO - at py4j.Gateway.invoke(Gateway.java:282)
[2024-10-05T04:19:45.748+0000] {spark_submit.py:579} INFO - at py4j.commands.AbstractCommand.invokeMethod(AbstractCommand.java:132)
[2024-10-05T04:19:45.748+0000] {spark_submit.py:579} INFO - at py4j.commands.CallCommand.execute(CallCommand.java:79)
[2024-10-05T04:19:45.748+0000] {spark_submit.py:579} INFO - at py4j.ClientServerConnection.waitForCommands(ClientServerConnection.java:182)
[2024-10-05T04:19:45.748+0000] {spark_submit.py:579} INFO - at py4j.ClientServerConnection.run(ClientServerConnection.java:106)
[2024-10-05T04:19:45.749+0000] {spark_submit.py:579} INFO - at java.base/java.lang.Thread.run(Thread.java:829)
[2024-10-05T04:19:45.749+0000] {spark_submit.py:579} INFO - Caused by: java.lang.ClassNotFoundException: scala.collection.SeqOps
[2024-10-05T04:19:45.749+0000] {spark_submit.py:579} INFO - at java.base/java.net.URLClassLoader.findClass(URLClassLoader.java:476)
[2024-10-05T04:19:45.750+0000] {spark_submit.py:579} INFO - at java.base/java.lang.ClassLoader.loadClass(ClassLoader.java:594)
[2024-10-05T04:19:45.750+0000] {spark_submit.py:579} INFO - at java.base/java.lang.ClassLoader.loadClass(ClassLoader.java:527)
[2024-10-05T04:19:45.750+0000] {spark_submit.py:579} INFO - ... 29 more
[2024-10-05T04:19:45.750+0000] {spark_submit.py:579} INFO - 
[2024-10-05T04:19:45.751+0000] {spark_submit.py:579} INFO - 24/10/05 04:19:45 INFO SparkContext: SparkContext is stopping with exitCode 0.
[2024-10-05T04:19:45.752+0000] {spark_submit.py:579} INFO - 24/10/05 04:19:45 INFO SparkUI: Stopped Spark web UI at http://23041969bcc7:4040
[2024-10-05T04:19:45.757+0000] {spark_submit.py:579} INFO - 24/10/05 04:19:45 INFO StandaloneSchedulerBackend: Shutting down all executors
[2024-10-05T04:19:45.760+0000] {spark_submit.py:579} INFO - 24/10/05 04:19:45 INFO StandaloneSchedulerBackend$StandaloneDriverEndpoint: Asking each executor to shut down
[2024-10-05T04:19:45.778+0000] {spark_submit.py:579} INFO - 24/10/05 04:19:45 INFO MapOutputTrackerMasterEndpoint: MapOutputTrackerMasterEndpoint stopped!
[2024-10-05T04:19:45.790+0000] {spark_submit.py:579} INFO - 24/10/05 04:19:45 INFO MemoryStore: MemoryStore cleared
[2024-10-05T04:19:45.791+0000] {spark_submit.py:579} INFO - 24/10/05 04:19:45 INFO BlockManager: BlockManager stopped
[2024-10-05T04:19:45.797+0000] {spark_submit.py:579} INFO - 24/10/05 04:19:45 INFO BlockManagerMaster: BlockManagerMaster stopped
[2024-10-05T04:19:45.800+0000] {spark_submit.py:579} INFO - 24/10/05 04:19:45 INFO OutputCommitCoordinator$OutputCommitCoordinatorEndpoint: OutputCommitCoordinator stopped!
[2024-10-05T04:19:45.837+0000] {spark_submit.py:579} INFO - 24/10/05 04:19:45 INFO SparkContext: Successfully stopped SparkContext
[2024-10-05T04:19:45.953+0000] {spark_submit.py:579} INFO - 24/10/05 04:19:45 INFO ShutdownHookManager: Shutdown hook called
[2024-10-05T04:19:45.954+0000] {spark_submit.py:579} INFO - 24/10/05 04:19:45 INFO ShutdownHookManager: Deleting directory /tmp/spark-3e4b49dd-fd1d-4c6a-af92-59e7aaebd9fb
[2024-10-05T04:19:45.957+0000] {spark_submit.py:579} INFO - 24/10/05 04:19:45 INFO ShutdownHookManager: Deleting directory /tmp/spark-4c0f7363-f559-4522-870e-59c6122ae122/pyspark-40a73cd3-b168-428e-944d-c44cb9e17056
[2024-10-05T04:19:45.961+0000] {spark_submit.py:579} INFO - 24/10/05 04:19:45 INFO ShutdownHookManager: Deleting directory /tmp/spark-4c0f7363-f559-4522-870e-59c6122ae122
[2024-10-05T04:19:46.007+0000] {taskinstance.py:1935} ERROR - Task failed with exception
Traceback (most recent call last):
  File "/home/airflow/.local/lib/python3.11/site-packages/airflow/providers/apache/spark/operators/spark_submit.py", line 174, in execute
    self._hook.submit(self.application)
  File "/home/airflow/.local/lib/python3.11/site-packages/airflow/providers/apache/spark/hooks/spark_submit.py", line 505, in submit
    raise AirflowException(
airflow.exceptions.AirflowException: Cannot execute: spark-submit --master spark://spark-master:7077 --conf spark.sql.extensions=io.delta.sql.DeltaSparkSessionExtension --conf spark.sql.catalog.spark_catalog=org.apache.spark.sql.delta.catalog.DeltaCatalog --jars /opt/***/jars/hadoop-aws-3.3.4.jar,/opt/***/jars/s3-2.18.41.jar,/opt/***/jars/aws-java-sdk-1.12.367.jar,/opt/***/jars/delta-spark_2.13-3.2.1.jar,/opt/***/jars/mysql-connector-java-8.0.19.jar --packages org.apache.hadoop:hadoop-aws:3.3.4,io.delta:delta-spark_2.13:3.2.1 --num-executors 2 --total-executor-cores 2 --executor-cores 2 --executor-memory 2g --driver-memory 1g --name arrow-spark --deploy-mode client /opt/***/jobs/python/test_Key.py s3a://lakehouse/bronze/keywords.parquet s3a://lakehouse/silver. Error code is: 1.
[2024-10-05T04:19:46.012+0000] {taskinstance.py:1398} INFO - Marking task as FAILED. dag_id=spark_processing_dag, task_id=silver_cleaned_keywords, execution_date=20241004T000000, start_date=20241005T041937, end_date=20241005T041946
[2024-10-05T04:19:46.013+0000] {sliver_layer.py:15} ERROR - Task spark_processing_dag__silver_cleaned_keywords__20241004 failed.
[2024-10-05T04:19:46.029+0000] {standard_task_runner.py:104} ERROR - Failed to execute job 123 for task silver_cleaned_keywords (Cannot execute: spark-submit --master spark://spark-master:7077 --conf spark.sql.extensions=io.delta.sql.DeltaSparkSessionExtension --conf spark.sql.catalog.spark_catalog=org.apache.spark.sql.delta.catalog.DeltaCatalog --jars /opt/***/jars/hadoop-aws-3.3.4.jar,/opt/***/jars/s3-2.18.41.jar,/opt/***/jars/aws-java-sdk-1.12.367.jar,/opt/***/jars/delta-spark_2.13-3.2.1.jar,/opt/***/jars/mysql-connector-java-8.0.19.jar --packages org.apache.hadoop:hadoop-aws:3.3.4,io.delta:delta-spark_2.13:3.2.1 --num-executors 2 --total-executor-cores 2 --executor-cores 2 --executor-memory 2g --driver-memory 1g --name arrow-spark --deploy-mode client /opt/***/jobs/python/test_Key.py s3a://lakehouse/bronze/keywords.parquet s3a://lakehouse/silver. Error code is: 1.; 1084)
[2024-10-05T04:19:46.058+0000] {local_task_job_runner.py:228} INFO - Task exited with return code 1
[2024-10-05T04:19:46.075+0000] {taskinstance.py:2776} INFO - 0 downstream tasks scheduled from follow-on schedule check
[2024-10-05T06:33:34.448+0000] {taskinstance.py:1157} INFO - Dependencies all met for dep_context=non-requeueable deps ti=<TaskInstance: spark_processing_dag.silver_cleaned_keywords scheduled__2024-10-04T00:00:00+00:00 [queued]>
[2024-10-05T06:33:34.458+0000] {taskinstance.py:1157} INFO - Dependencies all met for dep_context=requeueable deps ti=<TaskInstance: spark_processing_dag.silver_cleaned_keywords scheduled__2024-10-04T00:00:00+00:00 [queued]>
[2024-10-05T06:33:34.459+0000] {taskinstance.py:1359} INFO - Starting attempt 2 of 3
[2024-10-05T06:33:34.471+0000] {taskinstance.py:1380} INFO - Executing <Task(SparkSubmitOperator): silver_cleaned_keywords> on 2024-10-04 00:00:00+00:00
[2024-10-05T06:33:34.475+0000] {standard_task_runner.py:57} INFO - Started process 911 to run task
[2024-10-05T06:33:34.479+0000] {standard_task_runner.py:84} INFO - Running: ['***', 'tasks', 'run', 'spark_processing_dag', 'silver_cleaned_keywords', 'scheduled__2024-10-04T00:00:00+00:00', '--job-id', '147', '--raw', '--subdir', 'DAGS_FOLDER/sliver_layer.py', '--cfg-path', '/tmp/tmp6ys1oq0q']
[2024-10-05T06:33:34.482+0000] {standard_task_runner.py:85} INFO - Job 147: Subtask silver_cleaned_keywords
[2024-10-05T06:33:34.527+0000] {task_command.py:415} INFO - Running <TaskInstance: spark_processing_dag.silver_cleaned_keywords scheduled__2024-10-04T00:00:00+00:00 [running]> on host 5d09c913dd59
[2024-10-05T06:33:34.592+0000] {taskinstance.py:1660} INFO - Exporting env vars: AIRFLOW_CTX_DAG_OWNER='***' AIRFLOW_CTX_DAG_ID='spark_processing_dag' AIRFLOW_CTX_TASK_ID='silver_cleaned_keywords' AIRFLOW_CTX_EXECUTION_DATE='2024-10-04T00:00:00+00:00' AIRFLOW_CTX_TRY_NUMBER='2' AIRFLOW_CTX_DAG_RUN_ID='scheduled__2024-10-04T00:00:00+00:00'
[2024-10-05T06:33:34.601+0000] {base.py:73} INFO - Using connection ID 'spark-conn' for task execution.
[2024-10-05T06:33:34.603+0000] {spark_submit.py:403} INFO - Spark-Submit cmd: spark-submit --master spark://spark-master:7077 --conf spark.sql.extensions=io.delta.sql.DeltaSparkSessionExtension --conf spark.sql.catalog.spark_catalog=org.apache.spark.sql.delta.catalog.DeltaCatalog --conf spark.delta.logStore.class=org.apache.spark.sql.delta.storage.S3SingleDriverLogStore --jars /opt/***/jars/hadoop-aws-3.3.4.jar,/opt/***/jars/s3-2.18.41.jar,/opt/***/jars/aws-java-sdk-1.12.367.jar,/opt/***/jars/delta-core_2.12-2.4.0.jar,/opt/***/jars/delta-storage-2.2.0.jar --packages org.apache.hadoop:hadoop-aws:3.3.4 --num-executors 2 --total-executor-cores 2 --executor-cores 2 --executor-memory 2g --driver-memory 1g --name arrow-spark --deploy-mode client /opt/***/jobs/python/test_Key.py s3a://lakehouse/bronze/keywords.parquet s3a://lakehouse/silver
[2024-10-05T06:33:34.680+0000] {spark_submit.py:579} INFO - /home/***/.local/lib/python3.11/site-packages/pyspark/bin/load-spark-env.sh: line 68: ps: command not found
[2024-10-05T06:33:36.335+0000] {spark_submit.py:579} INFO - :: loading settings :: url = jar:file:/home/***/.local/lib/python3.11/site-packages/pyspark/jars/ivy-2.5.1.jar!/org/apache/ivy/core/settings/ivysettings.xml
[2024-10-05T06:33:36.467+0000] {spark_submit.py:579} INFO - Ivy Default Cache set to: /home/***/.ivy2/cache
[2024-10-05T06:33:36.468+0000] {spark_submit.py:579} INFO - The jars for the packages stored in: /home/***/.ivy2/jars
[2024-10-05T06:33:36.475+0000] {spark_submit.py:579} INFO - org.apache.hadoop#hadoop-aws added as a dependency
[2024-10-05T06:33:36.477+0000] {spark_submit.py:579} INFO - :: resolving dependencies :: org.apache.spark#spark-submit-parent-abec3b8f-092f-4f25-b7c4-a71e89a78508;1.0
[2024-10-05T06:33:36.477+0000] {spark_submit.py:579} INFO - confs: [default]
[2024-10-05T06:33:36.632+0000] {spark_submit.py:579} INFO - found org.apache.hadoop#hadoop-aws;3.3.4 in central
[2024-10-05T06:33:36.657+0000] {spark_submit.py:579} INFO - found com.amazonaws#aws-java-sdk-bundle;1.12.262 in central
[2024-10-05T06:33:36.681+0000] {spark_submit.py:579} INFO - found org.wildfly.openssl#wildfly-openssl;1.0.7.Final in central
[2024-10-05T06:33:36.703+0000] {spark_submit.py:579} INFO - :: resolution report :: resolve 218ms :: artifacts dl 8ms
[2024-10-05T06:33:36.704+0000] {spark_submit.py:579} INFO - :: modules in use:
[2024-10-05T06:33:36.704+0000] {spark_submit.py:579} INFO - com.amazonaws#aws-java-sdk-bundle;1.12.262 from central in [default]
[2024-10-05T06:33:36.705+0000] {spark_submit.py:579} INFO - org.apache.hadoop#hadoop-aws;3.3.4 from central in [default]
[2024-10-05T06:33:36.705+0000] {spark_submit.py:579} INFO - org.wildfly.openssl#wildfly-openssl;1.0.7.Final from central in [default]
[2024-10-05T06:33:36.705+0000] {spark_submit.py:579} INFO - ---------------------------------------------------------------------
[2024-10-05T06:33:36.706+0000] {spark_submit.py:579} INFO - |                  |            modules            ||   artifacts   |
[2024-10-05T06:33:36.706+0000] {spark_submit.py:579} INFO - |       conf       | number| search|dwnlded|evicted|| number|dwnlded|
[2024-10-05T06:33:36.706+0000] {spark_submit.py:579} INFO - ---------------------------------------------------------------------
[2024-10-05T06:33:36.707+0000] {spark_submit.py:579} INFO - |      default     |   3   |   0   |   0   |   0   ||   3   |   0   |
[2024-10-05T06:33:36.707+0000] {spark_submit.py:579} INFO - ---------------------------------------------------------------------
[2024-10-05T06:33:36.709+0000] {spark_submit.py:579} INFO - :: retrieving :: org.apache.spark#spark-submit-parent-abec3b8f-092f-4f25-b7c4-a71e89a78508
[2024-10-05T06:33:36.709+0000] {spark_submit.py:579} INFO - confs: [default]
[2024-10-05T06:33:36.714+0000] {spark_submit.py:579} INFO - 0 artifacts copied, 3 already retrieved (0kB/5ms)
[2024-10-05T06:33:36.905+0000] {spark_submit.py:579} INFO - 24/10/05 06:33:36 WARN NativeCodeLoader: Unable to load native-hadoop library for your platform... using builtin-java classes where applicable
[2024-10-05T06:33:38.381+0000] {spark_submit.py:579} INFO - 24/10/05 06:33:38 INFO SparkContext: Running Spark version 3.5.1
[2024-10-05T06:33:38.382+0000] {spark_submit.py:579} INFO - 24/10/05 06:33:38 INFO SparkContext: OS info Linux, 5.15.153.1-microsoft-standard-WSL2, amd64
[2024-10-05T06:33:38.383+0000] {spark_submit.py:579} INFO - 24/10/05 06:33:38 INFO SparkContext: Java version 11.0.24
[2024-10-05T06:33:38.409+0000] {spark_submit.py:579} INFO - 24/10/05 06:33:38 INFO ResourceUtils: ==============================================================
[2024-10-05T06:33:38.410+0000] {spark_submit.py:579} INFO - 24/10/05 06:33:38 INFO ResourceUtils: No custom resources configured for spark.driver.
[2024-10-05T06:33:38.411+0000] {spark_submit.py:579} INFO - 24/10/05 06:33:38 INFO ResourceUtils: ==============================================================
[2024-10-05T06:33:38.412+0000] {spark_submit.py:579} INFO - 24/10/05 06:33:38 INFO SparkContext: Submitted application: CleanKeywords
[2024-10-05T06:33:38.453+0000] {spark_submit.py:579} INFO - 24/10/05 06:33:38 INFO ResourceProfile: Default ResourceProfile created, executor resources: Map(cores -> name: cores, amount: 2, script: , vendor: , memory -> name: memory, amount: 2048, script: , vendor: , offHeap -> name: offHeap, amount: 0, script: , vendor: ), task resources: Map(cpus -> name: cpus, amount: 1.0)
[2024-10-05T06:33:38.469+0000] {spark_submit.py:579} INFO - 24/10/05 06:33:38 INFO ResourceProfile: Limiting resource is cpus at 2 tasks per executor
[2024-10-05T06:33:38.472+0000] {spark_submit.py:579} INFO - 24/10/05 06:33:38 INFO ResourceProfileManager: Added ResourceProfile id: 0
[2024-10-05T06:33:38.546+0000] {spark_submit.py:579} INFO - 24/10/05 06:33:38 INFO SecurityManager: Changing view acls to: ***
[2024-10-05T06:33:38.547+0000] {spark_submit.py:579} INFO - 24/10/05 06:33:38 INFO SecurityManager: Changing modify acls to: ***
[2024-10-05T06:33:38.548+0000] {spark_submit.py:579} INFO - 24/10/05 06:33:38 INFO SecurityManager: Changing view acls groups to:
[2024-10-05T06:33:38.548+0000] {spark_submit.py:579} INFO - 24/10/05 06:33:38 INFO SecurityManager: Changing modify acls groups to:
[2024-10-05T06:33:38.549+0000] {spark_submit.py:579} INFO - 24/10/05 06:33:38 INFO SecurityManager: SecurityManager: authentication disabled; ui acls disabled; users with view permissions: ***; groups with view permissions: EMPTY; users with modify permissions: ***; groups with modify permissions: EMPTY
[2024-10-05T06:33:38.784+0000] {spark_submit.py:579} INFO - 24/10/05 06:33:38 INFO Utils: Successfully started service 'sparkDriver' on port 34811.
[2024-10-05T06:33:38.815+0000] {spark_submit.py:579} INFO - 24/10/05 06:33:38 INFO SparkEnv: Registering MapOutputTracker
[2024-10-05T06:33:38.851+0000] {spark_submit.py:579} INFO - 24/10/05 06:33:38 INFO SparkEnv: Registering BlockManagerMaster
[2024-10-05T06:33:38.874+0000] {spark_submit.py:579} INFO - 24/10/05 06:33:38 INFO BlockManagerMasterEndpoint: Using org.apache.spark.storage.DefaultTopologyMapper for getting topology information
[2024-10-05T06:33:38.874+0000] {spark_submit.py:579} INFO - 24/10/05 06:33:38 INFO BlockManagerMasterEndpoint: BlockManagerMasterEndpoint up
[2024-10-05T06:33:38.878+0000] {spark_submit.py:579} INFO - 24/10/05 06:33:38 INFO SparkEnv: Registering BlockManagerMasterHeartbeat
[2024-10-05T06:33:38.903+0000] {spark_submit.py:579} INFO - 24/10/05 06:33:38 INFO DiskBlockManager: Created local directory at /tmp/blockmgr-214d1821-a8e4-44ec-8919-d44751f4c9ee
[2024-10-05T06:33:38.914+0000] {spark_submit.py:579} INFO - 24/10/05 06:33:38 INFO MemoryStore: MemoryStore started with capacity 434.4 MiB
[2024-10-05T06:33:38.930+0000] {spark_submit.py:579} INFO - 24/10/05 06:33:38 INFO SparkEnv: Registering OutputCommitCoordinator
[2024-10-05T06:33:39.051+0000] {spark_submit.py:579} INFO - 24/10/05 06:33:39 INFO JettyUtils: Start Jetty 0.0.0.0:4040 for SparkUI
[2024-10-05T06:33:39.111+0000] {spark_submit.py:579} INFO - 24/10/05 06:33:39 INFO Utils: Successfully started service 'SparkUI' on port 4040.
[2024-10-05T06:33:39.146+0000] {spark_submit.py:579} INFO - 24/10/05 06:33:39 INFO SparkContext: Added JAR file:///opt/***/jars/hadoop-aws-3.3.4.jar at spark://5d09c913dd59:34811/jars/hadoop-aws-3.3.4.jar with timestamp 1728110018370
[2024-10-05T06:33:39.148+0000] {spark_submit.py:579} INFO - 24/10/05 06:33:39 INFO SparkContext: Added JAR file:///opt/***/jars/s3-2.18.41.jar at spark://5d09c913dd59:34811/jars/s3-2.18.41.jar with timestamp 1728110018370
[2024-10-05T06:33:39.150+0000] {spark_submit.py:579} INFO - 24/10/05 06:33:39 INFO SparkContext: Added JAR file:///opt/***/jars/aws-java-sdk-1.12.367.jar at spark://5d09c913dd59:34811/jars/aws-java-sdk-1.12.367.jar with timestamp 1728110018370
[2024-10-05T06:33:39.152+0000] {spark_submit.py:579} INFO - 24/10/05 06:33:39 INFO SparkContext: Added JAR file:///opt/***/jars/delta-core_2.12-2.4.0.jar at spark://5d09c913dd59:34811/jars/delta-core_2.12-2.4.0.jar with timestamp 1728110018370
[2024-10-05T06:33:39.154+0000] {spark_submit.py:579} INFO - 24/10/05 06:33:39 INFO SparkContext: Added JAR file:///opt/***/jars/delta-storage-2.2.0.jar at spark://5d09c913dd59:34811/jars/delta-storage-2.2.0.jar with timestamp 1728110018370
[2024-10-05T06:33:39.155+0000] {spark_submit.py:579} INFO - 24/10/05 06:33:39 INFO SparkContext: Added JAR file:///home/***/.ivy2/jars/org.apache.hadoop_hadoop-aws-3.3.4.jar at spark://5d09c913dd59:34811/jars/org.apache.hadoop_hadoop-aws-3.3.4.jar with timestamp 1728110018370
[2024-10-05T06:33:39.155+0000] {spark_submit.py:579} INFO - 24/10/05 06:33:39 INFO SparkContext: Added JAR file:///home/***/.ivy2/jars/com.amazonaws_aws-java-sdk-bundle-1.12.262.jar at spark://5d09c913dd59:34811/jars/com.amazonaws_aws-java-sdk-bundle-1.12.262.jar with timestamp 1728110018370
[2024-10-05T06:33:39.155+0000] {spark_submit.py:579} INFO - 24/10/05 06:33:39 INFO SparkContext: Added JAR file:///home/***/.ivy2/jars/org.wildfly.openssl_wildfly-openssl-1.0.7.Final.jar at spark://5d09c913dd59:34811/jars/org.wildfly.openssl_wildfly-openssl-1.0.7.Final.jar with timestamp 1728110018370
[2024-10-05T06:33:39.157+0000] {spark_submit.py:579} INFO - 24/10/05 06:33:39 INFO SparkContext: Added file file:///home/***/.ivy2/jars/org.apache.hadoop_hadoop-aws-3.3.4.jar at spark://5d09c913dd59:34811/files/org.apache.hadoop_hadoop-aws-3.3.4.jar with timestamp 1728110018370
[2024-10-05T06:33:39.159+0000] {spark_submit.py:579} INFO - 24/10/05 06:33:39 INFO Utils: Copying /home/***/.ivy2/jars/org.apache.hadoop_hadoop-aws-3.3.4.jar to /tmp/spark-36476a73-1014-4359-9a38-955e11578096/userFiles-3ba42727-434a-4e2d-805c-3074cc218e4b/org.apache.hadoop_hadoop-aws-3.3.4.jar
[2024-10-05T06:33:39.168+0000] {spark_submit.py:579} INFO - 24/10/05 06:33:39 INFO SparkContext: Added file file:///home/***/.ivy2/jars/com.amazonaws_aws-java-sdk-bundle-1.12.262.jar at spark://5d09c913dd59:34811/files/com.amazonaws_aws-java-sdk-bundle-1.12.262.jar with timestamp 1728110018370
[2024-10-05T06:33:39.168+0000] {spark_submit.py:579} INFO - 24/10/05 06:33:39 INFO Utils: Copying /home/***/.ivy2/jars/com.amazonaws_aws-java-sdk-bundle-1.12.262.jar to /tmp/spark-36476a73-1014-4359-9a38-955e11578096/userFiles-3ba42727-434a-4e2d-805c-3074cc218e4b/com.amazonaws_aws-java-sdk-bundle-1.12.262.jar
[2024-10-05T06:33:39.409+0000] {spark_submit.py:579} INFO - 24/10/05 06:33:39 INFO SparkContext: Added file file:///home/***/.ivy2/jars/org.wildfly.openssl_wildfly-openssl-1.0.7.Final.jar at spark://5d09c913dd59:34811/files/org.wildfly.openssl_wildfly-openssl-1.0.7.Final.jar with timestamp 1728110018370
[2024-10-05T06:33:39.410+0000] {spark_submit.py:579} INFO - 24/10/05 06:33:39 INFO Utils: Copying /home/***/.ivy2/jars/org.wildfly.openssl_wildfly-openssl-1.0.7.Final.jar to /tmp/spark-36476a73-1014-4359-9a38-955e11578096/userFiles-3ba42727-434a-4e2d-805c-3074cc218e4b/org.wildfly.openssl_wildfly-openssl-1.0.7.Final.jar
[2024-10-05T06:33:39.522+0000] {spark_submit.py:579} INFO - 24/10/05 06:33:39 INFO StandaloneAppClient$ClientEndpoint: Connecting to master spark://spark-master:7077...
[2024-10-05T06:33:39.581+0000] {spark_submit.py:579} INFO - 24/10/05 06:33:39 INFO TransportClientFactory: Successfully created connection to spark-master/172.20.0.4:7077 after 35 ms (0 ms spent in bootstraps)
[2024-10-05T06:33:39.740+0000] {spark_submit.py:579} INFO - 24/10/05 06:33:39 INFO StandaloneSchedulerBackend: Connected to Spark cluster with app ID app-20241005063339-0000
[2024-10-05T06:33:39.753+0000] {spark_submit.py:579} INFO - 24/10/05 06:33:39 INFO Utils: Successfully started service 'org.apache.spark.network.netty.NettyBlockTransferService' on port 45733.
[2024-10-05T06:33:39.754+0000] {spark_submit.py:579} INFO - 24/10/05 06:33:39 INFO NettyBlockTransferService: Server created on 5d09c913dd59:45733
[2024-10-05T06:33:39.757+0000] {spark_submit.py:579} INFO - 24/10/05 06:33:39 INFO BlockManager: Using org.apache.spark.storage.RandomBlockReplicationPolicy for block replication policy
[2024-10-05T06:33:39.767+0000] {spark_submit.py:579} INFO - 24/10/05 06:33:39 INFO BlockManagerMaster: Registering BlockManager BlockManagerId(driver, 5d09c913dd59, 45733, None)
[2024-10-05T06:33:39.771+0000] {spark_submit.py:579} INFO - 24/10/05 06:33:39 INFO StandaloneAppClient$ClientEndpoint: Executor added: app-20241005063339-0000/0 on worker-20241005061807-172.20.0.7-36081 (172.20.0.7:36081) with 2 core(s)
[2024-10-05T06:33:39.772+0000] {spark_submit.py:579} INFO - 24/10/05 06:33:39 INFO BlockManagerMasterEndpoint: Registering block manager 5d09c913dd59:45733 with 434.4 MiB RAM, BlockManagerId(driver, 5d09c913dd59, 45733, None)
[2024-10-05T06:33:39.775+0000] {spark_submit.py:579} INFO - 24/10/05 06:33:39 INFO StandaloneSchedulerBackend: Granted executor ID app-20241005063339-0000/0 on hostPort 172.20.0.7:36081 with 2 core(s), 2.0 GiB RAM
[2024-10-05T06:33:39.777+0000] {spark_submit.py:579} INFO - 24/10/05 06:33:39 INFO BlockManagerMaster: Registered BlockManager BlockManagerId(driver, 5d09c913dd59, 45733, None)
[2024-10-05T06:33:39.778+0000] {spark_submit.py:579} INFO - 24/10/05 06:33:39 INFO BlockManager: Initialized BlockManager: BlockManagerId(driver, 5d09c913dd59, 45733, None)
[2024-10-05T06:33:40.004+0000] {spark_submit.py:579} INFO - 24/10/05 06:33:40 INFO StandaloneAppClient$ClientEndpoint: Executor updated: app-20241005063339-0000/0 is now RUNNING
[2024-10-05T06:33:40.076+0000] {spark_submit.py:579} INFO - 24/10/05 06:33:40 INFO StandaloneSchedulerBackend: SchedulerBackend is ready for scheduling beginning after reached minRegisteredResourcesRatio: 0.0
[2024-10-05T06:33:40.365+0000] {spark_submit.py:579} INFO - Reading data from s3a://lakehouse/bronze/keywords.parquet
[2024-10-05T06:33:40.376+0000] {spark_submit.py:579} INFO - 24/10/05 06:33:40 INFO SharedState: Setting hive.metastore.warehouse.dir ('null') to the value of spark.sql.warehouse.dir.
[2024-10-05T06:33:40.725+0000] {spark_submit.py:579} INFO - 24/10/05 06:33:40 WARN MetricsConfig: Cannot locate configuration: tried hadoop-metrics2-s3a-file-system.properties,hadoop-metrics2.properties
[2024-10-05T06:33:40.771+0000] {spark_submit.py:579} INFO - 24/10/05 06:33:40 INFO MetricsSystemImpl: Scheduled Metric snapshot period at 10 second(s).
[2024-10-05T06:33:40.773+0000] {spark_submit.py:579} INFO - 24/10/05 06:33:40 INFO MetricsSystemImpl: s3a-file-system metrics system started
[2024-10-05T06:33:42.137+0000] {spark_submit.py:579} INFO - 24/10/05 06:33:42 INFO SharedState: Warehouse path is 's3a://lakehouse/'.
[2024-10-05T06:33:42.878+0000] {spark_submit.py:579} INFO - 24/10/05 06:33:42 INFO StandaloneSchedulerBackend$StandaloneDriverEndpoint: Registered executor NettyRpcEndpointRef(spark-client://Executor) (172.20.0.7:46512) with ID 0,  ResourceProfileId 0
[2024-10-05T06:33:43.021+0000] {spark_submit.py:579} INFO - 24/10/05 06:33:43 INFO BlockManagerMasterEndpoint: Registering block manager 172.20.0.7:41769 with 1048.8 MiB RAM, BlockManagerId(0, 172.20.0.7, 41769, None)
[2024-10-05T06:33:44.310+0000] {spark_submit.py:579} INFO - 24/10/05 06:33:44 INFO InMemoryFileIndex: It took 143 ms to list leaf files for 1 paths.
[2024-10-05T06:33:45.819+0000] {spark_submit.py:579} INFO - Cleaning data...
[2024-10-05T06:33:46.012+0000] {spark_submit.py:579} INFO - Saving cleaned data to s3a://lakehouse/silver
[2024-10-05T06:33:47.177+0000] {spark_submit.py:579} INFO - 24/10/05 06:33:47 INFO DeltaLog: Creating initial snapshot without metadata, because the directory is empty
[2024-10-05T06:33:48.287+0000] {spark_submit.py:579} INFO - 24/10/05 06:33:48 INFO InitialSnapshot: [tableId=36c480c0-a50d-42d9-bba2-dc62ad6b0bbe] Created snapshot InitialSnapshot(path=s3a://lakehouse/silver/_delta_log, version=-1, metadata=Metadata(984a1345-7875-4c33-96bc-0bb0977cb8ab,null,null,Format(parquet,Map()),null,List(),Map(),Some(1728110028277)), logSegment=LogSegment(s3a://lakehouse/silver/_delta_log,-1,List(),None,-1), checksumOpt=None)
[2024-10-05T06:33:48.391+0000] {spark_submit.py:579} INFO - 24/10/05 06:33:48 INFO DeltaLog: No delta log found for the Delta table at s3a://lakehouse/silver/_delta_log
[2024-10-05T06:33:48.392+0000] {spark_submit.py:579} INFO - 24/10/05 06:33:48 INFO InitialSnapshot: [tableId=984a1345-7875-4c33-96bc-0bb0977cb8ab] Created snapshot InitialSnapshot(path=s3a://lakehouse/silver/_delta_log, version=-1, metadata=Metadata(cf19e14e-f8ac-4ee4-a2ff-bdade35f5c8f,null,null,Format(parquet,Map()),null,List(),Map(),Some(1728110028392)), logSegment=LogSegment(s3a://lakehouse/silver/_delta_log,-1,List(),None,-1), checksumOpt=None)
[2024-10-05T06:33:48.530+0000] {spark_submit.py:579} INFO - 24/10/05 06:33:48 INFO OptimisticTransaction: [tableId=cf19e14e,txnId=341e5597] Updated metadata from - to Metadata(49e034d2-8616-4068-bef8-cadfb4543481,null,null,Format(parquet,Map()),{"type":"struct","fields":[{"name":"id","type":"string","nullable":true,"metadata":{}},{"name":"keywords","type":"string","nullable":true,"metadata":{}}]},List(),Map(),Some(1728110028514))
[2024-10-05T06:33:48.760+0000] {spark_submit.py:579} INFO - Error during cleaning process: An error occurred while calling o71.save.
[2024-10-05T06:33:48.760+0000] {spark_submit.py:579} INFO - : java.lang.NoSuchMethodError: 'scala.collection.Seq org.apache.spark.sql.types.StructType.toAttributes()'
[2024-10-05T06:33:48.761+0000] {spark_submit.py:579} INFO - at org.apache.spark.sql.delta.files.TransactionalWrite.getStatsSchema(TransactionalWrite.scala:262)
[2024-10-05T06:33:48.761+0000] {spark_submit.py:579} INFO - at org.apache.spark.sql.delta.files.TransactionalWrite.getStatsSchema$(TransactionalWrite.scala:252)
[2024-10-05T06:33:48.761+0000] {spark_submit.py:579} INFO - at org.apache.spark.sql.delta.OptimisticTransaction.getStatsSchema(OptimisticTransaction.scala:137)
[2024-10-05T06:33:48.762+0000] {spark_submit.py:579} INFO - at org.apache.spark.sql.delta.files.TransactionalWrite.getOptionalStatsTrackerAndStatsCollection(TransactionalWrite.scala:294)
[2024-10-05T06:33:48.762+0000] {spark_submit.py:579} INFO - at org.apache.spark.sql.delta.files.TransactionalWrite.getOptionalStatsTrackerAndStatsCollection$(TransactionalWrite.scala:286)
[2024-10-05T06:33:48.762+0000] {spark_submit.py:579} INFO - at org.apache.spark.sql.delta.OptimisticTransaction.getOptionalStatsTrackerAndStatsCollection(OptimisticTransaction.scala:137)
[2024-10-05T06:33:48.762+0000] {spark_submit.py:579} INFO - at org.apache.spark.sql.delta.files.TransactionalWrite.writeFiles(TransactionalWrite.scala:352)
[2024-10-05T06:33:48.763+0000] {spark_submit.py:579} INFO - at org.apache.spark.sql.delta.files.TransactionalWrite.writeFiles$(TransactionalWrite.scala:332)
[2024-10-05T06:33:48.763+0000] {spark_submit.py:579} INFO - at org.apache.spark.sql.delta.OptimisticTransaction.writeFiles(OptimisticTransaction.scala:137)
[2024-10-05T06:33:48.763+0000] {spark_submit.py:579} INFO - at org.apache.spark.sql.delta.files.TransactionalWrite.writeFiles(TransactionalWrite.scala:214)
[2024-10-05T06:33:48.764+0000] {spark_submit.py:579} INFO - at org.apache.spark.sql.delta.files.TransactionalWrite.writeFiles$(TransactionalWrite.scala:211)
[2024-10-05T06:33:48.764+0000] {spark_submit.py:579} INFO - at org.apache.spark.sql.delta.OptimisticTransaction.writeFiles(OptimisticTransaction.scala:137)
[2024-10-05T06:33:48.764+0000] {spark_submit.py:579} INFO - at org.apache.spark.sql.delta.commands.WriteIntoDelta.write(WriteIntoDelta.scala:335)
[2024-10-05T06:33:48.764+0000] {spark_submit.py:579} INFO - at org.apache.spark.sql.delta.commands.WriteIntoDelta.$anonfun$run$1(WriteIntoDelta.scala:98)
[2024-10-05T06:33:48.764+0000] {spark_submit.py:579} INFO - at org.apache.spark.sql.delta.commands.WriteIntoDelta.$anonfun$run$1$adapted(WriteIntoDelta.scala:93)
[2024-10-05T06:33:48.765+0000] {spark_submit.py:579} INFO - at org.apache.spark.sql.delta.DeltaLog.withNewTransaction(DeltaLog.scala:229)
[2024-10-05T06:33:48.765+0000] {spark_submit.py:579} INFO - at org.apache.spark.sql.delta.commands.WriteIntoDelta.run(WriteIntoDelta.scala:93)
[2024-10-05T06:33:48.765+0000] {spark_submit.py:579} INFO - at org.apache.spark.sql.delta.sources.DeltaDataSource.createRelation(DeltaDataSource.scala:180)
[2024-10-05T06:33:48.765+0000] {spark_submit.py:579} INFO - at org.apache.spark.sql.execution.datasources.SaveIntoDataSourceCommand.run(SaveIntoDataSourceCommand.scala:48)
[2024-10-05T06:33:48.766+0000] {spark_submit.py:579} INFO - at org.apache.spark.sql.execution.command.ExecutedCommandExec.sideEffectResult$lzycompute(commands.scala:75)
[2024-10-05T06:33:48.766+0000] {spark_submit.py:579} INFO - at org.apache.spark.sql.execution.command.ExecutedCommandExec.sideEffectResult(commands.scala:73)
[2024-10-05T06:33:48.766+0000] {spark_submit.py:579} INFO - at org.apache.spark.sql.execution.command.ExecutedCommandExec.executeCollect(commands.scala:84)
[2024-10-05T06:33:48.766+0000] {spark_submit.py:579} INFO - at org.apache.spark.sql.execution.QueryExecution$$anonfun$eagerlyExecuteCommands$1.$anonfun$applyOrElse$1(QueryExecution.scala:107)
[2024-10-05T06:33:48.766+0000] {spark_submit.py:579} INFO - at org.apache.spark.sql.execution.SQLExecution$.$anonfun$withNewExecutionId$6(SQLExecution.scala:125)
[2024-10-05T06:33:48.767+0000] {spark_submit.py:579} INFO - at org.apache.spark.sql.execution.SQLExecution$.withSQLConfPropagated(SQLExecution.scala:201)
[2024-10-05T06:33:48.767+0000] {spark_submit.py:579} INFO - at org.apache.spark.sql.execution.SQLExecution$.$anonfun$withNewExecutionId$1(SQLExecution.scala:108)
[2024-10-05T06:33:48.767+0000] {spark_submit.py:579} INFO - at org.apache.spark.sql.SparkSession.withActive(SparkSession.scala:900)
[2024-10-05T06:33:48.767+0000] {spark_submit.py:579} INFO - at org.apache.spark.sql.execution.SQLExecution$.withNewExecutionId(SQLExecution.scala:66)
[2024-10-05T06:33:48.768+0000] {spark_submit.py:579} INFO - at org.apache.spark.sql.execution.QueryExecution$$anonfun$eagerlyExecuteCommands$1.applyOrElse(QueryExecution.scala:107)
[2024-10-05T06:33:48.768+0000] {spark_submit.py:579} INFO - at org.apache.spark.sql.execution.QueryExecution$$anonfun$eagerlyExecuteCommands$1.applyOrElse(QueryExecution.scala:98)
[2024-10-05T06:33:48.768+0000] {spark_submit.py:579} INFO - at org.apache.spark.sql.catalyst.trees.TreeNode.$anonfun$transformDownWithPruning$1(TreeNode.scala:461)
[2024-10-05T06:33:48.768+0000] {spark_submit.py:579} INFO - at org.apache.spark.sql.catalyst.trees.CurrentOrigin$.withOrigin(origin.scala:76)
[2024-10-05T06:33:48.769+0000] {spark_submit.py:579} INFO - at org.apache.spark.sql.catalyst.trees.TreeNode.transformDownWithPruning(TreeNode.scala:461)
[2024-10-05T06:33:48.769+0000] {spark_submit.py:579} INFO - at org.apache.spark.sql.catalyst.plans.logical.LogicalPlan.org$apache$spark$sql$catalyst$plans$logical$AnalysisHelper$$super$transformDownWithPruning(LogicalPlan.scala:32)
[2024-10-05T06:33:48.769+0000] {spark_submit.py:579} INFO - at org.apache.spark.sql.catalyst.plans.logical.AnalysisHelper.transformDownWithPruning(AnalysisHelper.scala:267)
[2024-10-05T06:33:48.769+0000] {spark_submit.py:579} INFO - at org.apache.spark.sql.catalyst.plans.logical.AnalysisHelper.transformDownWithPruning$(AnalysisHelper.scala:263)
[2024-10-05T06:33:48.769+0000] {spark_submit.py:579} INFO - at org.apache.spark.sql.catalyst.plans.logical.LogicalPlan.transformDownWithPruning(LogicalPlan.scala:32)
[2024-10-05T06:33:48.770+0000] {spark_submit.py:579} INFO - at org.apache.spark.sql.catalyst.plans.logical.LogicalPlan.transformDownWithPruning(LogicalPlan.scala:32)
[2024-10-05T06:33:48.770+0000] {spark_submit.py:579} INFO - at org.apache.spark.sql.catalyst.trees.TreeNode.transformDown(TreeNode.scala:437)
[2024-10-05T06:33:48.770+0000] {spark_submit.py:579} INFO - at org.apache.spark.sql.execution.QueryExecution.eagerlyExecuteCommands(QueryExecution.scala:98)
[2024-10-05T06:33:48.771+0000] {spark_submit.py:579} INFO - at org.apache.spark.sql.execution.QueryExecution.commandExecuted$lzycompute(QueryExecution.scala:85)
[2024-10-05T06:33:48.771+0000] {spark_submit.py:579} INFO - at org.apache.spark.sql.execution.QueryExecution.commandExecuted(QueryExecution.scala:83)
[2024-10-05T06:33:48.771+0000] {spark_submit.py:579} INFO - at org.apache.spark.sql.execution.QueryExecution.assertCommandExecuted(QueryExecution.scala:142)
[2024-10-05T06:33:48.772+0000] {spark_submit.py:579} INFO - at org.apache.spark.sql.DataFrameWriter.runCommand(DataFrameWriter.scala:859)
[2024-10-05T06:33:48.772+0000] {spark_submit.py:579} INFO - at org.apache.spark.sql.DataFrameWriter.saveToV1Source(DataFrameWriter.scala:388)
[2024-10-05T06:33:48.772+0000] {spark_submit.py:579} INFO - at org.apache.spark.sql.DataFrameWriter.saveInternal(DataFrameWriter.scala:304)
[2024-10-05T06:33:48.772+0000] {spark_submit.py:579} INFO - at org.apache.spark.sql.DataFrameWriter.save(DataFrameWriter.scala:240)
[2024-10-05T06:33:48.773+0000] {spark_submit.py:579} INFO - at java.base/jdk.internal.reflect.NativeMethodAccessorImpl.invoke0(Native Method)
[2024-10-05T06:33:48.773+0000] {spark_submit.py:579} INFO - at java.base/jdk.internal.reflect.NativeMethodAccessorImpl.invoke(NativeMethodAccessorImpl.java:62)
[2024-10-05T06:33:48.773+0000] {spark_submit.py:579} INFO - at java.base/jdk.internal.reflect.DelegatingMethodAccessorImpl.invoke(DelegatingMethodAccessorImpl.java:43)
[2024-10-05T06:33:48.773+0000] {spark_submit.py:579} INFO - at java.base/java.lang.reflect.Method.invoke(Method.java:566)
[2024-10-05T06:33:48.773+0000] {spark_submit.py:579} INFO - at py4j.reflection.MethodInvoker.invoke(MethodInvoker.java:244)
[2024-10-05T06:33:48.774+0000] {spark_submit.py:579} INFO - at py4j.reflection.ReflectionEngine.invoke(ReflectionEngine.java:374)
[2024-10-05T06:33:48.774+0000] {spark_submit.py:579} INFO - at py4j.Gateway.invoke(Gateway.java:282)
[2024-10-05T06:33:48.774+0000] {spark_submit.py:579} INFO - at py4j.commands.AbstractCommand.invokeMethod(AbstractCommand.java:132)
[2024-10-05T06:33:48.774+0000] {spark_submit.py:579} INFO - at py4j.commands.CallCommand.execute(CallCommand.java:79)
[2024-10-05T06:33:48.775+0000] {spark_submit.py:579} INFO - at py4j.ClientServerConnection.waitForCommands(ClientServerConnection.java:182)
[2024-10-05T06:33:48.775+0000] {spark_submit.py:579} INFO - at py4j.ClientServerConnection.run(ClientServerConnection.java:106)
[2024-10-05T06:33:48.775+0000] {spark_submit.py:579} INFO - at java.base/java.lang.Thread.run(Thread.java:829)
[2024-10-05T06:33:48.775+0000] {spark_submit.py:579} INFO - 
[2024-10-05T06:33:48.776+0000] {spark_submit.py:579} INFO - 24/10/05 06:33:48 INFO SparkContext: SparkContext is stopping with exitCode 0.
[2024-10-05T06:33:48.776+0000] {spark_submit.py:579} INFO - 24/10/05 06:33:48 INFO SparkUI: Stopped Spark web UI at http://5d09c913dd59:4040
[2024-10-05T06:33:48.777+0000] {spark_submit.py:579} INFO - 24/10/05 06:33:48 INFO StandaloneSchedulerBackend: Shutting down all executors
[2024-10-05T06:33:48.778+0000] {spark_submit.py:579} INFO - 24/10/05 06:33:48 INFO StandaloneSchedulerBackend$StandaloneDriverEndpoint: Asking each executor to shut down
[2024-10-05T06:33:48.801+0000] {spark_submit.py:579} INFO - 24/10/05 06:33:48 INFO MapOutputTrackerMasterEndpoint: MapOutputTrackerMasterEndpoint stopped!
[2024-10-05T06:33:48.837+0000] {spark_submit.py:579} INFO - 24/10/05 06:33:48 INFO MemoryStore: MemoryStore cleared
[2024-10-05T06:33:48.837+0000] {spark_submit.py:579} INFO - 24/10/05 06:33:48 INFO BlockManager: BlockManager stopped
[2024-10-05T06:33:48.846+0000] {spark_submit.py:579} INFO - 24/10/05 06:33:48 INFO BlockManagerMaster: BlockManagerMaster stopped
[2024-10-05T06:33:48.849+0000] {spark_submit.py:579} INFO - 24/10/05 06:33:48 INFO OutputCommitCoordinator$OutputCommitCoordinatorEndpoint: OutputCommitCoordinator stopped!
[2024-10-05T06:33:48.889+0000] {spark_submit.py:579} INFO - 24/10/05 06:33:48 INFO SparkContext: Successfully stopped SparkContext
[2024-10-05T06:33:49.190+0000] {spark_submit.py:579} INFO - 24/10/05 06:33:49 INFO ShutdownHookManager: Shutdown hook called
[2024-10-05T06:33:49.191+0000] {spark_submit.py:579} INFO - 24/10/05 06:33:49 INFO ShutdownHookManager: Deleting directory /tmp/spark-36476a73-1014-4359-9a38-955e11578096
[2024-10-05T06:33:49.195+0000] {spark_submit.py:579} INFO - 24/10/05 06:33:49 INFO ShutdownHookManager: Deleting directory /tmp/spark-f940628a-ab5c-4e4d-83f3-a67ef5503994
[2024-10-05T06:33:49.199+0000] {spark_submit.py:579} INFO - 24/10/05 06:33:49 INFO ShutdownHookManager: Deleting directory /tmp/spark-36476a73-1014-4359-9a38-955e11578096/pyspark-65573c84-39ae-48d8-a8a5-e8577fbfc0a2
[2024-10-05T06:33:49.208+0000] {spark_submit.py:579} INFO - 24/10/05 06:33:49 INFO MetricsSystemImpl: Stopping s3a-file-system metrics system...
[2024-10-05T06:33:49.208+0000] {spark_submit.py:579} INFO - 24/10/05 06:33:49 INFO MetricsSystemImpl: s3a-file-system metrics system stopped.
[2024-10-05T06:33:49.209+0000] {spark_submit.py:579} INFO - 24/10/05 06:33:49 INFO MetricsSystemImpl: s3a-file-system metrics system shutdown complete.
[2024-10-05T06:33:49.259+0000] {taskinstance.py:1935} ERROR - Task failed with exception
Traceback (most recent call last):
  File "/home/airflow/.local/lib/python3.11/site-packages/airflow/providers/apache/spark/operators/spark_submit.py", line 174, in execute
    self._hook.submit(self.application)
  File "/home/airflow/.local/lib/python3.11/site-packages/airflow/providers/apache/spark/hooks/spark_submit.py", line 505, in submit
    raise AirflowException(
airflow.exceptions.AirflowException: Cannot execute: spark-submit --master spark://spark-master:7077 --conf spark.sql.extensions=io.delta.sql.DeltaSparkSessionExtension --conf spark.sql.catalog.spark_catalog=org.apache.spark.sql.delta.catalog.DeltaCatalog --conf spark.delta.logStore.class=org.apache.spark.sql.delta.storage.S3SingleDriverLogStore --jars /opt/***/jars/hadoop-aws-3.3.4.jar,/opt/***/jars/s3-2.18.41.jar,/opt/***/jars/aws-java-sdk-1.12.367.jar,/opt/***/jars/delta-core_2.12-2.4.0.jar,/opt/***/jars/delta-storage-2.2.0.jar --packages org.apache.hadoop:hadoop-aws:3.3.4 --num-executors 2 --total-executor-cores 2 --executor-cores 2 --executor-memory 2g --driver-memory 1g --name arrow-spark --deploy-mode client /opt/***/jobs/python/test_Key.py s3a://lakehouse/bronze/keywords.parquet s3a://lakehouse/silver. Error code is: 1.
[2024-10-05T06:33:49.264+0000] {taskinstance.py:1398} INFO - Marking task as UP_FOR_RETRY. dag_id=spark_processing_dag, task_id=silver_cleaned_keywords, execution_date=20241004T000000, start_date=20241005T063334, end_date=20241005T063349
[2024-10-05T06:33:49.276+0000] {standard_task_runner.py:104} ERROR - Failed to execute job 147 for task silver_cleaned_keywords (Cannot execute: spark-submit --master spark://spark-master:7077 --conf spark.sql.extensions=io.delta.sql.DeltaSparkSessionExtension --conf spark.sql.catalog.spark_catalog=org.apache.spark.sql.delta.catalog.DeltaCatalog --conf spark.delta.logStore.class=org.apache.spark.sql.delta.storage.S3SingleDriverLogStore --jars /opt/***/jars/hadoop-aws-3.3.4.jar,/opt/***/jars/s3-2.18.41.jar,/opt/***/jars/aws-java-sdk-1.12.367.jar,/opt/***/jars/delta-core_2.12-2.4.0.jar,/opt/***/jars/delta-storage-2.2.0.jar --packages org.apache.hadoop:hadoop-aws:3.3.4 --num-executors 2 --total-executor-cores 2 --executor-cores 2 --executor-memory 2g --driver-memory 1g --name arrow-spark --deploy-mode client /opt/***/jobs/python/test_Key.py s3a://lakehouse/bronze/keywords.parquet s3a://lakehouse/silver. Error code is: 1.; 911)
[2024-10-05T06:33:49.319+0000] {local_task_job_runner.py:228} INFO - Task exited with return code 1
[2024-10-05T06:33:49.335+0000] {taskinstance.py:2776} INFO - 0 downstream tasks scheduled from follow-on schedule check
