[2024-10-05T17:33:33.961+0000] {taskinstance.py:1157} INFO - Dependencies all met for dep_context=non-requeueable deps ti=<TaskInstance: spark_processing_dag.silver_cleaned_keywords scheduled__2024-10-04T00:00:00+00:00 [queued]>
[2024-10-05T17:33:33.969+0000] {taskinstance.py:1157} INFO - Dependencies all met for dep_context=requeueable deps ti=<TaskInstance: spark_processing_dag.silver_cleaned_keywords scheduled__2024-10-04T00:00:00+00:00 [queued]>
[2024-10-05T17:33:33.970+0000] {taskinstance.py:1359} INFO - Starting attempt 13 of 14
[2024-10-05T17:33:33.981+0000] {taskinstance.py:1380} INFO - Executing <Task(SparkSubmitOperator): silver_cleaned_keywords> on 2024-10-04 00:00:00+00:00
[2024-10-05T17:33:33.985+0000] {standard_task_runner.py:57} INFO - Started process 561 to run task
[2024-10-05T17:33:33.988+0000] {standard_task_runner.py:84} INFO - Running: ['***', 'tasks', 'run', 'spark_processing_dag', 'silver_cleaned_keywords', 'scheduled__2024-10-04T00:00:00+00:00', '--job-id', '201', '--raw', '--subdir', 'DAGS_FOLDER/sliver_layer.py', '--cfg-path', '/tmp/tmpooo273ix']
[2024-10-05T17:33:33.991+0000] {standard_task_runner.py:85} INFO - Job 201: Subtask silver_cleaned_keywords
[2024-10-05T17:33:34.038+0000] {task_command.py:415} INFO - Running <TaskInstance: spark_processing_dag.silver_cleaned_keywords scheduled__2024-10-04T00:00:00+00:00 [running]> on host b8bb5f5afab6
[2024-10-05T17:33:34.108+0000] {taskinstance.py:1660} INFO - Exporting env vars: AIRFLOW_CTX_DAG_OWNER='***' AIRFLOW_CTX_DAG_ID='spark_processing_dag' AIRFLOW_CTX_TASK_ID='silver_cleaned_keywords' AIRFLOW_CTX_EXECUTION_DATE='2024-10-04T00:00:00+00:00' AIRFLOW_CTX_TRY_NUMBER='13' AIRFLOW_CTX_DAG_RUN_ID='scheduled__2024-10-04T00:00:00+00:00'
[2024-10-05T17:33:34.119+0000] {base.py:73} INFO - Using connection ID 'spark-conn' for task execution.
[2024-10-05T17:33:34.122+0000] {spark_submit.py:403} INFO - Spark-Submit cmd: spark-submit --master spark://spark-master:7077 --conf spark.sql.extensions=io.delta.sql.DeltaSparkSessionExtension --conf spark.sql.catalog.spark_catalog=org.apache.spark.sql.delta.catalog.DeltaCatalog --conf spark.delta.logStore.class=org.apache.spark.sql.delta.storage.S3SingleDriverLogStore --jars /opt/***/jars/hadoop-aws-3.3.4.jar,/opt/***/jars/s3-2.18.41.jar,/opt/***/jars/aws-java-sdk-1.12.367.jar,/opt/***/jars/delta-core_2.12-2.2.0.jar,/opt/***/jars/delta-storage-2.2.0.jar, --packages org.apache.hadoop:hadoop-aws:3.3.4 --num-executors 2 --total-executor-cores 2 --executor-cores 2 --executor-memory 2g --driver-memory 1g --name arrow-spark --deploy-mode client /opt/***/jobs/python/test_Key.py s3a://lakehouse/bronze/keywords.parquet s3a://lakehouse/silver
[2024-10-05T17:33:34.208+0000] {spark_submit.py:579} INFO - /home/***/.local/lib/python3.11/site-packages/pyspark/bin/load-spark-env.sh: line 68: ps: command not found
[2024-10-05T17:33:35.677+0000] {spark_submit.py:579} INFO - :: loading settings :: url = jar:file:/home/***/.local/lib/python3.11/site-packages/pyspark/jars/ivy-2.5.1.jar!/org/apache/ivy/core/settings/ivysettings.xml
[2024-10-05T17:33:35.765+0000] {spark_submit.py:579} INFO - Ivy Default Cache set to: /home/***/.ivy2/cache
[2024-10-05T17:33:35.766+0000] {spark_submit.py:579} INFO - The jars for the packages stored in: /home/***/.ivy2/jars
[2024-10-05T17:33:35.770+0000] {spark_submit.py:579} INFO - org.apache.hadoop#hadoop-aws added as a dependency
[2024-10-05T17:33:35.771+0000] {spark_submit.py:579} INFO - :: resolving dependencies :: org.apache.spark#spark-submit-parent-78981bfc-6c37-4d28-a788-8357cbd4a9cd;1.0
[2024-10-05T17:33:35.772+0000] {spark_submit.py:579} INFO - confs: [default]
[2024-10-05T17:33:35.930+0000] {spark_submit.py:579} INFO - found org.apache.hadoop#hadoop-aws;3.3.4 in central
[2024-10-05T17:33:35.955+0000] {spark_submit.py:579} INFO - found com.amazonaws#aws-java-sdk-bundle;1.12.262 in central
[2024-10-05T17:33:35.987+0000] {spark_submit.py:579} INFO - found org.wildfly.openssl#wildfly-openssl;1.0.7.Final in central
[2024-10-05T17:33:36.012+0000] {spark_submit.py:579} INFO - :: resolution report :: resolve 231ms :: artifacts dl 10ms
[2024-10-05T17:33:36.013+0000] {spark_submit.py:579} INFO - :: modules in use:
[2024-10-05T17:33:36.014+0000] {spark_submit.py:579} INFO - com.amazonaws#aws-java-sdk-bundle;1.12.262 from central in [default]
[2024-10-05T17:33:36.014+0000] {spark_submit.py:579} INFO - org.apache.hadoop#hadoop-aws;3.3.4 from central in [default]
[2024-10-05T17:33:36.014+0000] {spark_submit.py:579} INFO - org.wildfly.openssl#wildfly-openssl;1.0.7.Final from central in [default]
[2024-10-05T17:33:36.014+0000] {spark_submit.py:579} INFO - ---------------------------------------------------------------------
[2024-10-05T17:33:36.015+0000] {spark_submit.py:579} INFO - |                  |            modules            ||   artifacts   |
[2024-10-05T17:33:36.015+0000] {spark_submit.py:579} INFO - |       conf       | number| search|dwnlded|evicted|| number|dwnlded|
[2024-10-05T17:33:36.015+0000] {spark_submit.py:579} INFO - ---------------------------------------------------------------------
[2024-10-05T17:33:36.015+0000] {spark_submit.py:579} INFO - |      default     |   3   |   0   |   0   |   0   ||   3   |   0   |
[2024-10-05T17:33:36.015+0000] {spark_submit.py:579} INFO - ---------------------------------------------------------------------
[2024-10-05T17:33:36.019+0000] {spark_submit.py:579} INFO - :: retrieving :: org.apache.spark#spark-submit-parent-78981bfc-6c37-4d28-a788-8357cbd4a9cd
[2024-10-05T17:33:36.019+0000] {spark_submit.py:579} INFO - confs: [default]
[2024-10-05T17:33:36.023+0000] {spark_submit.py:579} INFO - 0 artifacts copied, 3 already retrieved (0kB/5ms)
[2024-10-05T17:33:36.202+0000] {spark_submit.py:579} INFO - 24/10/05 17:33:36 WARN NativeCodeLoader: Unable to load native-hadoop library for your platform... using builtin-java classes where applicable
[2024-10-05T17:33:37.491+0000] {spark_submit.py:579} INFO - 24/10/05 17:33:37 INFO SparkContext: Running Spark version 3.5.1
[2024-10-05T17:33:37.492+0000] {spark_submit.py:579} INFO - 24/10/05 17:33:37 INFO SparkContext: OS info Linux, 5.15.153.1-microsoft-standard-WSL2, amd64
[2024-10-05T17:33:37.493+0000] {spark_submit.py:579} INFO - 24/10/05 17:33:37 INFO SparkContext: Java version 11.0.24
[2024-10-05T17:33:37.539+0000] {spark_submit.py:579} INFO - 24/10/05 17:33:37 INFO ResourceUtils: ==============================================================
[2024-10-05T17:33:37.540+0000] {spark_submit.py:579} INFO - 24/10/05 17:33:37 INFO ResourceUtils: No custom resources configured for spark.driver.
[2024-10-05T17:33:37.540+0000] {spark_submit.py:579} INFO - 24/10/05 17:33:37 INFO ResourceUtils: ==============================================================
[2024-10-05T17:33:37.541+0000] {spark_submit.py:579} INFO - 24/10/05 17:33:37 INFO SparkContext: Submitted application: CleanKeywords
[2024-10-05T17:33:37.574+0000] {spark_submit.py:579} INFO - 24/10/05 17:33:37 INFO ResourceProfile: Default ResourceProfile created, executor resources: Map(cores -> name: cores, amount: 2, script: , vendor: , memory -> name: memory, amount: 2048, script: , vendor: , offHeap -> name: offHeap, amount: 0, script: , vendor: ), task resources: Map(cpus -> name: cpus, amount: 1.0)
[2024-10-05T17:33:37.595+0000] {spark_submit.py:579} INFO - 24/10/05 17:33:37 INFO ResourceProfile: Limiting resource is cpus at 2 tasks per executor
[2024-10-05T17:33:37.597+0000] {spark_submit.py:579} INFO - 24/10/05 17:33:37 INFO ResourceProfileManager: Added ResourceProfile id: 0
[2024-10-05T17:33:37.674+0000] {spark_submit.py:579} INFO - 24/10/05 17:33:37 INFO SecurityManager: Changing view acls to: ***
[2024-10-05T17:33:37.675+0000] {spark_submit.py:579} INFO - 24/10/05 17:33:37 INFO SecurityManager: Changing modify acls to: ***
[2024-10-05T17:33:37.676+0000] {spark_submit.py:579} INFO - 24/10/05 17:33:37 INFO SecurityManager: Changing view acls groups to:
[2024-10-05T17:33:37.676+0000] {spark_submit.py:579} INFO - 24/10/05 17:33:37 INFO SecurityManager: Changing modify acls groups to:
[2024-10-05T17:33:37.677+0000] {spark_submit.py:579} INFO - 24/10/05 17:33:37 INFO SecurityManager: SecurityManager: authentication disabled; ui acls disabled; users with view permissions: ***; groups with view permissions: EMPTY; users with modify permissions: ***; groups with modify permissions: EMPTY
[2024-10-05T17:33:37.910+0000] {spark_submit.py:579} INFO - 24/10/05 17:33:37 INFO Utils: Successfully started service 'sparkDriver' on port 37043.
[2024-10-05T17:33:37.943+0000] {spark_submit.py:579} INFO - 24/10/05 17:33:37 INFO SparkEnv: Registering MapOutputTracker
[2024-10-05T17:33:37.977+0000] {spark_submit.py:579} INFO - 24/10/05 17:33:37 INFO SparkEnv: Registering BlockManagerMaster
[2024-10-05T17:33:37.994+0000] {spark_submit.py:579} INFO - 24/10/05 17:33:37 INFO BlockManagerMasterEndpoint: Using org.apache.spark.storage.DefaultTopologyMapper for getting topology information
[2024-10-05T17:33:37.995+0000] {spark_submit.py:579} INFO - 24/10/05 17:33:37 INFO BlockManagerMasterEndpoint: BlockManagerMasterEndpoint up
[2024-10-05T17:33:37.999+0000] {spark_submit.py:579} INFO - 24/10/05 17:33:37 INFO SparkEnv: Registering BlockManagerMasterHeartbeat
[2024-10-05T17:33:38.017+0000] {spark_submit.py:579} INFO - 24/10/05 17:33:38 INFO DiskBlockManager: Created local directory at /tmp/blockmgr-11fbf017-801c-4e73-81be-377079cb6375
[2024-10-05T17:33:38.031+0000] {spark_submit.py:579} INFO - 24/10/05 17:33:38 INFO MemoryStore: MemoryStore started with capacity 434.4 MiB
[2024-10-05T17:33:38.047+0000] {spark_submit.py:579} INFO - 24/10/05 17:33:38 INFO SparkEnv: Registering OutputCommitCoordinator
[2024-10-05T17:33:38.166+0000] {spark_submit.py:579} INFO - 24/10/05 17:33:38 INFO JettyUtils: Start Jetty 0.0.0.0:4040 for SparkUI
[2024-10-05T17:33:38.217+0000] {spark_submit.py:579} INFO - 24/10/05 17:33:38 INFO Utils: Successfully started service 'SparkUI' on port 4040.
[2024-10-05T17:33:38.252+0000] {spark_submit.py:579} INFO - 24/10/05 17:33:38 INFO SparkContext: Added JAR file:///opt/***/jars/hadoop-aws-3.3.4.jar at spark://b8bb5f5afab6:37043/jars/hadoop-aws-3.3.4.jar with timestamp 1728149617481
[2024-10-05T17:33:38.254+0000] {spark_submit.py:579} INFO - 24/10/05 17:33:38 INFO SparkContext: Added JAR file:///opt/***/jars/s3-2.18.41.jar at spark://b8bb5f5afab6:37043/jars/s3-2.18.41.jar with timestamp 1728149617481
[2024-10-05T17:33:38.255+0000] {spark_submit.py:579} INFO - 24/10/05 17:33:38 INFO SparkContext: Added JAR file:///opt/***/jars/aws-java-sdk-1.12.367.jar at spark://b8bb5f5afab6:37043/jars/aws-java-sdk-1.12.367.jar with timestamp 1728149617481
[2024-10-05T17:33:38.256+0000] {spark_submit.py:579} INFO - 24/10/05 17:33:38 INFO SparkContext: Added JAR file:///opt/***/jars/delta-core_2.12-2.2.0.jar at spark://b8bb5f5afab6:37043/jars/delta-core_2.12-2.2.0.jar with timestamp 1728149617481
[2024-10-05T17:33:38.258+0000] {spark_submit.py:579} INFO - 24/10/05 17:33:38 INFO SparkContext: Added JAR file:///opt/***/jars/delta-storage-2.2.0.jar at spark://b8bb5f5afab6:37043/jars/delta-storage-2.2.0.jar with timestamp 1728149617481
[2024-10-05T17:33:38.258+0000] {spark_submit.py:579} INFO - 24/10/05 17:33:38 INFO SparkContext: Added JAR file:///home/***/.ivy2/jars/org.apache.hadoop_hadoop-aws-3.3.4.jar at spark://b8bb5f5afab6:37043/jars/org.apache.hadoop_hadoop-aws-3.3.4.jar with timestamp 1728149617481
[2024-10-05T17:33:38.259+0000] {spark_submit.py:579} INFO - 24/10/05 17:33:38 INFO SparkContext: Added JAR file:///home/***/.ivy2/jars/com.amazonaws_aws-java-sdk-bundle-1.12.262.jar at spark://b8bb5f5afab6:37043/jars/com.amazonaws_aws-java-sdk-bundle-1.12.262.jar with timestamp 1728149617481
[2024-10-05T17:33:38.259+0000] {spark_submit.py:579} INFO - 24/10/05 17:33:38 INFO SparkContext: Added JAR file:///home/***/.ivy2/jars/org.wildfly.openssl_wildfly-openssl-1.0.7.Final.jar at spark://b8bb5f5afab6:37043/jars/org.wildfly.openssl_wildfly-openssl-1.0.7.Final.jar with timestamp 1728149617481
[2024-10-05T17:33:38.262+0000] {spark_submit.py:579} INFO - 24/10/05 17:33:38 INFO SparkContext: Added file file:///home/***/.ivy2/jars/org.apache.hadoop_hadoop-aws-3.3.4.jar at spark://b8bb5f5afab6:37043/files/org.apache.hadoop_hadoop-aws-3.3.4.jar with timestamp 1728149617481
[2024-10-05T17:33:38.263+0000] {spark_submit.py:579} INFO - 24/10/05 17:33:38 INFO Utils: Copying /home/***/.ivy2/jars/org.apache.hadoop_hadoop-aws-3.3.4.jar to /tmp/spark-93bcbffb-0f84-4d55-a0df-03e1640039d5/userFiles-9c48d5fa-fab0-4725-91d1-aa00cbf7d1ae/org.apache.hadoop_hadoop-aws-3.3.4.jar
[2024-10-05T17:33:38.274+0000] {spark_submit.py:579} INFO - 24/10/05 17:33:38 INFO SparkContext: Added file file:///home/***/.ivy2/jars/com.amazonaws_aws-java-sdk-bundle-1.12.262.jar at spark://b8bb5f5afab6:37043/files/com.amazonaws_aws-java-sdk-bundle-1.12.262.jar with timestamp 1728149617481
[2024-10-05T17:33:38.274+0000] {spark_submit.py:579} INFO - 24/10/05 17:33:38 INFO Utils: Copying /home/***/.ivy2/jars/com.amazonaws_aws-java-sdk-bundle-1.12.262.jar to /tmp/spark-93bcbffb-0f84-4d55-a0df-03e1640039d5/userFiles-9c48d5fa-fab0-4725-91d1-aa00cbf7d1ae/com.amazonaws_aws-java-sdk-bundle-1.12.262.jar
[2024-10-05T17:33:38.665+0000] {spark_submit.py:579} INFO - 24/10/05 17:33:38 INFO SparkContext: Added file file:///home/***/.ivy2/jars/org.wildfly.openssl_wildfly-openssl-1.0.7.Final.jar at spark://b8bb5f5afab6:37043/files/org.wildfly.openssl_wildfly-openssl-1.0.7.Final.jar with timestamp 1728149617481
[2024-10-05T17:33:38.666+0000] {spark_submit.py:579} INFO - 24/10/05 17:33:38 INFO Utils: Copying /home/***/.ivy2/jars/org.wildfly.openssl_wildfly-openssl-1.0.7.Final.jar to /tmp/spark-93bcbffb-0f84-4d55-a0df-03e1640039d5/userFiles-9c48d5fa-fab0-4725-91d1-aa00cbf7d1ae/org.wildfly.openssl_wildfly-openssl-1.0.7.Final.jar
[2024-10-05T17:33:38.793+0000] {spark_submit.py:579} INFO - 24/10/05 17:33:38 INFO StandaloneAppClient$ClientEndpoint: Connecting to master spark://spark-master:7077...
[2024-10-05T17:33:38.837+0000] {spark_submit.py:579} INFO - 24/10/05 17:33:38 INFO TransportClientFactory: Successfully created connection to spark-master/172.20.0.4:7077 after 27 ms (0 ms spent in bootstraps)
[2024-10-05T17:33:38.936+0000] {spark_submit.py:579} INFO - 24/10/05 17:33:38 INFO StandaloneSchedulerBackend: Connected to Spark cluster with app ID app-20241005173338-0001
[2024-10-05T17:33:38.938+0000] {spark_submit.py:579} INFO - 24/10/05 17:33:38 INFO StandaloneAppClient$ClientEndpoint: Executor added: app-20241005173338-0001/0 on worker-20241005172800-172.20.0.7-35235 (172.20.0.7:35235) with 2 core(s)
[2024-10-05T17:33:38.942+0000] {spark_submit.py:579} INFO - 24/10/05 17:33:38 INFO StandaloneSchedulerBackend: Granted executor ID app-20241005173338-0001/0 on hostPort 172.20.0.7:35235 with 2 core(s), 2.0 GiB RAM
[2024-10-05T17:33:38.950+0000] {spark_submit.py:579} INFO - 24/10/05 17:33:38 INFO Utils: Successfully started service 'org.apache.spark.network.netty.NettyBlockTransferService' on port 45505.
[2024-10-05T17:33:38.951+0000] {spark_submit.py:579} INFO - 24/10/05 17:33:38 INFO NettyBlockTransferService: Server created on b8bb5f5afab6:45505
[2024-10-05T17:33:38.953+0000] {spark_submit.py:579} INFO - 24/10/05 17:33:38 INFO BlockManager: Using org.apache.spark.storage.RandomBlockReplicationPolicy for block replication policy
[2024-10-05T17:33:38.960+0000] {spark_submit.py:579} INFO - 24/10/05 17:33:38 INFO BlockManagerMaster: Registering BlockManager BlockManagerId(driver, b8bb5f5afab6, 45505, None)
[2024-10-05T17:33:38.966+0000] {spark_submit.py:579} INFO - 24/10/05 17:33:38 INFO BlockManagerMasterEndpoint: Registering block manager b8bb5f5afab6:45505 with 434.4 MiB RAM, BlockManagerId(driver, b8bb5f5afab6, 45505, None)
[2024-10-05T17:33:38.971+0000] {spark_submit.py:579} INFO - 24/10/05 17:33:38 INFO BlockManagerMaster: Registered BlockManager BlockManagerId(driver, b8bb5f5afab6, 45505, None)
[2024-10-05T17:33:38.973+0000] {spark_submit.py:579} INFO - 24/10/05 17:33:38 INFO BlockManager: Initialized BlockManager: BlockManagerId(driver, b8bb5f5afab6, 45505, None)
[2024-10-05T17:33:38.990+0000] {spark_submit.py:579} INFO - 24/10/05 17:33:38 INFO StandaloneAppClient$ClientEndpoint: Executor updated: app-20241005173338-0001/0 is now RUNNING
[2024-10-05T17:33:39.260+0000] {spark_submit.py:579} INFO - 24/10/05 17:33:39 INFO StandaloneSchedulerBackend: SchedulerBackend is ready for scheduling beginning after reached minRegisteredResourcesRatio: 0.0
[2024-10-05T17:33:39.494+0000] {spark_submit.py:579} INFO - Reading data from s3a://lakehouse/bronze/keywords.parquet
[2024-10-05T17:33:39.500+0000] {spark_submit.py:579} INFO - 24/10/05 17:33:39 INFO SharedState: Setting hive.metastore.warehouse.dir ('null') to the value of spark.sql.warehouse.dir.
[2024-10-05T17:33:39.743+0000] {spark_submit.py:579} INFO - 24/10/05 17:33:39 WARN MetricsConfig: Cannot locate configuration: tried hadoop-metrics2-s3a-file-system.properties,hadoop-metrics2.properties
[2024-10-05T17:33:39.774+0000] {spark_submit.py:579} INFO - 24/10/05 17:33:39 INFO MetricsSystemImpl: Scheduled Metric snapshot period at 10 second(s).
[2024-10-05T17:33:39.775+0000] {spark_submit.py:579} INFO - 24/10/05 17:33:39 INFO MetricsSystemImpl: s3a-file-system metrics system started
[2024-10-05T17:33:40.843+0000] {spark_submit.py:579} INFO - 24/10/05 17:33:40 INFO SharedState: Warehouse path is 's3a://lakehouse/'.
[2024-10-05T17:33:41.635+0000] {spark_submit.py:579} INFO - 24/10/05 17:33:41 INFO StandaloneSchedulerBackend$StandaloneDriverEndpoint: Registered executor NettyRpcEndpointRef(spark-client://Executor) (172.20.0.7:48474) with ID 0,  ResourceProfileId 0
[2024-10-05T17:33:41.727+0000] {spark_submit.py:579} INFO - 24/10/05 17:33:41 INFO BlockManagerMasterEndpoint: Registering block manager 172.20.0.7:41607 with 1048.8 MiB RAM, BlockManagerId(0, 172.20.0.7, 41607, None)
[2024-10-05T17:33:42.362+0000] {spark_submit.py:579} INFO - 24/10/05 17:33:42 INFO InMemoryFileIndex: It took 83 ms to list leaf files for 1 paths.
[2024-10-05T17:33:43.252+0000] {spark_submit.py:579} INFO - Cleaning data...
[2024-10-05T17:33:43.369+0000] {spark_submit.py:579} INFO - Saving cleaned data to s3a://lakehouse/silver
[2024-10-05T17:33:43.671+0000] {spark_submit.py:579} INFO - Error during cleaning process:
[2024-10-05T17:33:43.672+0000] {spark_submit.py:579} INFO - [PARSE_SYNTAX_ERROR] Syntax error at or near ':'.(line 1, pos 3)
[2024-10-05T17:33:43.672+0000] {spark_submit.py:579} INFO - 
[2024-10-05T17:33:43.673+0000] {spark_submit.py:579} INFO - == SQL ==
[2024-10-05T17:33:43.673+0000] {spark_submit.py:579} INFO - s3a://lakehouse/silver/hihi
[2024-10-05T17:33:43.673+0000] {spark_submit.py:579} INFO - ---^^^
[2024-10-05T17:33:43.674+0000] {spark_submit.py:579} INFO - 
[2024-10-05T17:33:43.674+0000] {spark_submit.py:579} INFO - 24/10/05 17:33:43 INFO SparkContext: SparkContext is stopping with exitCode 0.
[2024-10-05T17:33:43.683+0000] {spark_submit.py:579} INFO - 24/10/05 17:33:43 INFO SparkUI: Stopped Spark web UI at http://b8bb5f5afab6:4040
[2024-10-05T17:33:43.689+0000] {spark_submit.py:579} INFO - 24/10/05 17:33:43 INFO StandaloneSchedulerBackend: Shutting down all executors
[2024-10-05T17:33:43.690+0000] {spark_submit.py:579} INFO - 24/10/05 17:33:43 INFO StandaloneSchedulerBackend$StandaloneDriverEndpoint: Asking each executor to shut down
[2024-10-05T17:33:43.714+0000] {spark_submit.py:579} INFO - 24/10/05 17:33:43 INFO MapOutputTrackerMasterEndpoint: MapOutputTrackerMasterEndpoint stopped!
[2024-10-05T17:33:43.746+0000] {spark_submit.py:579} INFO - 24/10/05 17:33:43 INFO MemoryStore: MemoryStore cleared
[2024-10-05T17:33:43.748+0000] {spark_submit.py:579} INFO - 24/10/05 17:33:43 INFO BlockManager: BlockManager stopped
[2024-10-05T17:33:43.758+0000] {spark_submit.py:579} INFO - 24/10/05 17:33:43 INFO BlockManagerMaster: BlockManagerMaster stopped
[2024-10-05T17:33:43.767+0000] {spark_submit.py:579} INFO - 24/10/05 17:33:43 INFO OutputCommitCoordinator$OutputCommitCoordinatorEndpoint: OutputCommitCoordinator stopped!
[2024-10-05T17:33:43.819+0000] {spark_submit.py:579} INFO - 24/10/05 17:33:43 INFO SparkContext: Successfully stopped SparkContext
[2024-10-05T17:33:44.354+0000] {spark_submit.py:579} INFO - 24/10/05 17:33:44 INFO ShutdownHookManager: Shutdown hook called
[2024-10-05T17:33:44.354+0000] {spark_submit.py:579} INFO - 24/10/05 17:33:44 INFO ShutdownHookManager: Deleting directory /tmp/spark-93bcbffb-0f84-4d55-a0df-03e1640039d5
[2024-10-05T17:33:44.357+0000] {spark_submit.py:579} INFO - 24/10/05 17:33:44 INFO ShutdownHookManager: Deleting directory /tmp/spark-e5356283-b764-4299-9339-15b7be8da293
[2024-10-05T17:33:44.360+0000] {spark_submit.py:579} INFO - 24/10/05 17:33:44 INFO ShutdownHookManager: Deleting directory /tmp/spark-93bcbffb-0f84-4d55-a0df-03e1640039d5/pyspark-ff8db491-94fd-48ff-a4da-39fd18c69289
[2024-10-05T17:33:44.367+0000] {spark_submit.py:579} INFO - 24/10/05 17:33:44 INFO MetricsSystemImpl: Stopping s3a-file-system metrics system...
[2024-10-05T17:33:44.367+0000] {spark_submit.py:579} INFO - 24/10/05 17:33:44 INFO MetricsSystemImpl: s3a-file-system metrics system stopped.
[2024-10-05T17:33:44.367+0000] {spark_submit.py:579} INFO - 24/10/05 17:33:44 INFO MetricsSystemImpl: s3a-file-system metrics system shutdown complete.
[2024-10-05T17:33:44.410+0000] {taskinstance.py:1935} ERROR - Task failed with exception
Traceback (most recent call last):
  File "/home/airflow/.local/lib/python3.11/site-packages/airflow/providers/apache/spark/operators/spark_submit.py", line 174, in execute
    self._hook.submit(self.application)
  File "/home/airflow/.local/lib/python3.11/site-packages/airflow/providers/apache/spark/hooks/spark_submit.py", line 505, in submit
    raise AirflowException(
airflow.exceptions.AirflowException: Cannot execute: spark-submit --master spark://spark-master:7077 --conf spark.sql.extensions=io.delta.sql.DeltaSparkSessionExtension --conf spark.sql.catalog.spark_catalog=org.apache.spark.sql.delta.catalog.DeltaCatalog --conf spark.delta.logStore.class=org.apache.spark.sql.delta.storage.S3SingleDriverLogStore --jars /opt/***/jars/hadoop-aws-3.3.4.jar,/opt/***/jars/s3-2.18.41.jar,/opt/***/jars/aws-java-sdk-1.12.367.jar,/opt/***/jars/delta-core_2.12-2.2.0.jar,/opt/***/jars/delta-storage-2.2.0.jar, --packages org.apache.hadoop:hadoop-aws:3.3.4 --num-executors 2 --total-executor-cores 2 --executor-cores 2 --executor-memory 2g --driver-memory 1g --name arrow-spark --deploy-mode client /opt/***/jobs/python/test_Key.py s3a://lakehouse/bronze/keywords.parquet s3a://lakehouse/silver. Error code is: 1.
[2024-10-05T17:33:44.414+0000] {taskinstance.py:1398} INFO - Marking task as UP_FOR_RETRY. dag_id=spark_processing_dag, task_id=silver_cleaned_keywords, execution_date=20241004T000000, start_date=20241005T173333, end_date=20241005T173344
[2024-10-05T17:33:44.425+0000] {standard_task_runner.py:104} ERROR - Failed to execute job 201 for task silver_cleaned_keywords (Cannot execute: spark-submit --master spark://spark-master:7077 --conf spark.sql.extensions=io.delta.sql.DeltaSparkSessionExtension --conf spark.sql.catalog.spark_catalog=org.apache.spark.sql.delta.catalog.DeltaCatalog --conf spark.delta.logStore.class=org.apache.spark.sql.delta.storage.S3SingleDriverLogStore --jars /opt/***/jars/hadoop-aws-3.3.4.jar,/opt/***/jars/s3-2.18.41.jar,/opt/***/jars/aws-java-sdk-1.12.367.jar,/opt/***/jars/delta-core_2.12-2.2.0.jar,/opt/***/jars/delta-storage-2.2.0.jar, --packages org.apache.hadoop:hadoop-aws:3.3.4 --num-executors 2 --total-executor-cores 2 --executor-cores 2 --executor-memory 2g --driver-memory 1g --name arrow-spark --deploy-mode client /opt/***/jobs/python/test_Key.py s3a://lakehouse/bronze/keywords.parquet s3a://lakehouse/silver. Error code is: 1.; 561)
[2024-10-05T17:33:44.446+0000] {local_task_job_runner.py:228} INFO - Task exited with return code 1
[2024-10-05T17:33:44.458+0000] {taskinstance.py:2776} INFO - 0 downstream tasks scheduled from follow-on schedule check
