[2024-10-05T17:19:17.223+0000] {taskinstance.py:1157} INFO - Dependencies all met for dep_context=non-requeueable deps ti=<TaskInstance: spark_processing_dag.silver_cleaned_keywords scheduled__2024-10-04T00:00:00+00:00 [queued]>
[2024-10-05T17:19:17.233+0000] {taskinstance.py:1157} INFO - Dependencies all met for dep_context=requeueable deps ti=<TaskInstance: spark_processing_dag.silver_cleaned_keywords scheduled__2024-10-04T00:00:00+00:00 [queued]>
[2024-10-05T17:19:17.233+0000] {taskinstance.py:1359} INFO - Starting attempt 11 of 12
[2024-10-05T17:19:17.243+0000] {taskinstance.py:1380} INFO - Executing <Task(SparkSubmitOperator): silver_cleaned_keywords> on 2024-10-04 00:00:00+00:00
[2024-10-05T17:19:17.247+0000] {standard_task_runner.py:57} INFO - Started process 198 to run task
[2024-10-05T17:19:17.249+0000] {standard_task_runner.py:84} INFO - Running: ['***', 'tasks', 'run', 'spark_processing_dag', 'silver_cleaned_keywords', 'scheduled__2024-10-04T00:00:00+00:00', '--job-id', '198', '--raw', '--subdir', 'DAGS_FOLDER/sliver_layer.py', '--cfg-path', '/tmp/tmphm9vpwu5']
[2024-10-05T17:19:17.252+0000] {standard_task_runner.py:85} INFO - Job 198: Subtask silver_cleaned_keywords
[2024-10-05T17:19:17.292+0000] {task_command.py:415} INFO - Running <TaskInstance: spark_processing_dag.silver_cleaned_keywords scheduled__2024-10-04T00:00:00+00:00 [running]> on host 272b7a44a22a
[2024-10-05T17:19:17.355+0000] {taskinstance.py:1660} INFO - Exporting env vars: AIRFLOW_CTX_DAG_OWNER='***' AIRFLOW_CTX_DAG_ID='spark_processing_dag' AIRFLOW_CTX_TASK_ID='silver_cleaned_keywords' AIRFLOW_CTX_EXECUTION_DATE='2024-10-04T00:00:00+00:00' AIRFLOW_CTX_TRY_NUMBER='11' AIRFLOW_CTX_DAG_RUN_ID='scheduled__2024-10-04T00:00:00+00:00'
[2024-10-05T17:19:17.364+0000] {base.py:73} INFO - Using connection ID 'spark-conn' for task execution.
[2024-10-05T17:19:17.366+0000] {spark_submit.py:403} INFO - Spark-Submit cmd: spark-submit --master spark://spark-master:7077 --conf spark.sql.extensions=io.delta.sql.DeltaSparkSessionExtension --conf spark.sql.catalog.spark_catalog=org.apache.spark.sql.delta.catalog.DeltaCatalog --conf spark.delta.logStore.class=org.apache.spark.sql.delta.storage.S3SingleDriverLogStore --jars /opt/***/jars/hadoop-aws-3.3.4.jar,/opt/***/jars/s3-2.18.41.jar,/opt/***/jars/aws-java-sdk-1.12.367.jar,/opt/***/jars/delta-core_2.12-2.2.0.jar,/opt/***/jars/delta-storage-2.2.0.jar, --packages org.apache.hadoop:hadoop-aws:3.3.4 --num-executors 2 --total-executor-cores 2 --executor-cores 2 --executor-memory 2g --driver-memory 1g --name arrow-spark --deploy-mode client /opt/***/jobs/python/test_Key.py s3a://lakehouse/bronze/keywords.parquet s3a://lakehouse/silver
[2024-10-05T17:19:17.440+0000] {spark_submit.py:579} INFO - /home/***/.local/lib/python3.11/site-packages/pyspark/bin/load-spark-env.sh: line 68: ps: command not found
[2024-10-05T17:19:18.888+0000] {spark_submit.py:579} INFO - :: loading settings :: url = jar:file:/home/***/.local/lib/python3.11/site-packages/pyspark/jars/ivy-2.5.1.jar!/org/apache/ivy/core/settings/ivysettings.xml
[2024-10-05T17:19:18.995+0000] {spark_submit.py:579} INFO - Ivy Default Cache set to: /home/***/.ivy2/cache
[2024-10-05T17:19:18.996+0000] {spark_submit.py:579} INFO - The jars for the packages stored in: /home/***/.ivy2/jars
[2024-10-05T17:19:19.004+0000] {spark_submit.py:579} INFO - org.apache.hadoop#hadoop-aws added as a dependency
[2024-10-05T17:19:19.007+0000] {spark_submit.py:579} INFO - :: resolving dependencies :: org.apache.spark#spark-submit-parent-5a62b21b-a7a4-4b85-baf7-aa7e6f915b60;1.0
[2024-10-05T17:19:19.017+0000] {spark_submit.py:579} INFO - confs: [default]
[2024-10-05T17:19:23.782+0000] {spark_submit.py:579} INFO - found org.apache.hadoop#hadoop-aws;3.3.4 in central
[2024-10-05T17:19:25.629+0000] {spark_submit.py:579} INFO - found com.amazonaws#aws-java-sdk-bundle;1.12.262 in central
[2024-10-05T17:19:28.886+0000] {spark_submit.py:579} INFO - found org.wildfly.openssl#wildfly-openssl;1.0.7.Final in central
[2024-10-05T17:19:29.088+0000] {spark_submit.py:579} INFO - downloading https://repo1.maven.org/maven2/org/apache/hadoop/hadoop-aws/3.3.4/hadoop-aws-3.3.4.jar ...
[2024-10-05T17:19:29.873+0000] {spark_submit.py:579} INFO - [SUCCESSFUL ] org.apache.hadoop#hadoop-aws;3.3.4!hadoop-aws.jar (979ms)
[2024-10-05T17:19:30.066+0000] {spark_submit.py:579} INFO - downloading https://repo1.maven.org/maven2/com/amazonaws/aws-java-sdk-bundle/1.12.262/aws-java-sdk-bundle-1.12.262.jar ...
[2024-10-05T17:24:57.632+0000] {spark_submit.py:579} INFO - [SUCCESSFUL ] com.amazonaws#aws-java-sdk-bundle;1.12.262!aws-java-sdk-bundle.jar (327757ms)
[2024-10-05T17:24:57.827+0000] {spark_submit.py:579} INFO - downloading https://repo1.maven.org/maven2/org/wildfly/openssl/wildfly-openssl/1.0.7.Final/wildfly-openssl-1.0.7.Final.jar ...
[2024-10-05T17:24:58.078+0000] {spark_submit.py:579} INFO - [SUCCESSFUL ] org.wildfly.openssl#wildfly-openssl;1.0.7.Final!wildfly-openssl.jar (445ms)
[2024-10-05T17:24:58.079+0000] {spark_submit.py:579} INFO - :: resolution report :: resolve 9885ms :: artifacts dl 329187ms
[2024-10-05T17:24:58.079+0000] {spark_submit.py:579} INFO - :: modules in use:
[2024-10-05T17:24:58.080+0000] {spark_submit.py:579} INFO - com.amazonaws#aws-java-sdk-bundle;1.12.262 from central in [default]
[2024-10-05T17:24:58.080+0000] {spark_submit.py:579} INFO - org.apache.hadoop#hadoop-aws;3.3.4 from central in [default]
[2024-10-05T17:24:58.080+0000] {spark_submit.py:579} INFO - org.wildfly.openssl#wildfly-openssl;1.0.7.Final from central in [default]
[2024-10-05T17:24:58.081+0000] {spark_submit.py:579} INFO - ---------------------------------------------------------------------
[2024-10-05T17:24:58.081+0000] {spark_submit.py:579} INFO - |                  |            modules            ||   artifacts   |
[2024-10-05T17:24:58.082+0000] {spark_submit.py:579} INFO - |       conf       | number| search|dwnlded|evicted|| number|dwnlded|
[2024-10-05T17:24:58.082+0000] {spark_submit.py:579} INFO - ---------------------------------------------------------------------
[2024-10-05T17:24:58.082+0000] {spark_submit.py:579} INFO - |      default     |   3   |   3   |   3   |   0   ||   3   |   3   |
[2024-10-05T17:24:58.083+0000] {spark_submit.py:579} INFO - ---------------------------------------------------------------------
[2024-10-05T17:24:58.088+0000] {spark_submit.py:579} INFO - :: retrieving :: org.apache.spark#spark-submit-parent-5a62b21b-a7a4-4b85-baf7-aa7e6f915b60
[2024-10-05T17:24:58.089+0000] {spark_submit.py:579} INFO - confs: [default]
[2024-10-05T17:24:58.409+0000] {spark_submit.py:579} INFO - 3 artifacts copied, 0 already retrieved (275421kB/320ms)
[2024-10-05T17:24:58.598+0000] {spark_submit.py:579} INFO - 24/10/05 17:24:58 WARN NativeCodeLoader: Unable to load native-hadoop library for your platform... using builtin-java classes where applicable
[2024-10-05T17:24:59.962+0000] {spark_submit.py:579} INFO - 24/10/05 17:24:59 INFO SparkContext: Running Spark version 3.5.1
[2024-10-05T17:24:59.962+0000] {spark_submit.py:579} INFO - 24/10/05 17:24:59 INFO SparkContext: OS info Linux, 5.15.153.1-microsoft-standard-WSL2, amd64
[2024-10-05T17:24:59.963+0000] {spark_submit.py:579} INFO - 24/10/05 17:24:59 INFO SparkContext: Java version 11.0.24
[2024-10-05T17:24:59.983+0000] {spark_submit.py:579} INFO - 24/10/05 17:24:59 INFO ResourceUtils: ==============================================================
[2024-10-05T17:24:59.984+0000] {spark_submit.py:579} INFO - 24/10/05 17:24:59 INFO ResourceUtils: No custom resources configured for spark.driver.
[2024-10-05T17:24:59.984+0000] {spark_submit.py:579} INFO - 24/10/05 17:24:59 INFO ResourceUtils: ==============================================================
[2024-10-05T17:24:59.985+0000] {spark_submit.py:579} INFO - 24/10/05 17:24:59 INFO SparkContext: Submitted application: CleanKeywords
[2024-10-05T17:25:00.006+0000] {spark_submit.py:579} INFO - 24/10/05 17:25:00 INFO ResourceProfile: Default ResourceProfile created, executor resources: Map(cores -> name: cores, amount: 2, script: , vendor: , memory -> name: memory, amount: 2048, script: , vendor: , offHeap -> name: offHeap, amount: 0, script: , vendor: ), task resources: Map(cpus -> name: cpus, amount: 1.0)
[2024-10-05T17:25:00.019+0000] {spark_submit.py:579} INFO - 24/10/05 17:25:00 INFO ResourceProfile: Limiting resource is cpus at 2 tasks per executor
[2024-10-05T17:25:00.021+0000] {spark_submit.py:579} INFO - 24/10/05 17:25:00 INFO ResourceProfileManager: Added ResourceProfile id: 0
[2024-10-05T17:25:00.086+0000] {spark_submit.py:579} INFO - 24/10/05 17:25:00 INFO SecurityManager: Changing view acls to: ***
[2024-10-05T17:25:00.087+0000] {spark_submit.py:579} INFO - 24/10/05 17:25:00 INFO SecurityManager: Changing modify acls to: ***
[2024-10-05T17:25:00.087+0000] {spark_submit.py:579} INFO - 24/10/05 17:25:00 INFO SecurityManager: Changing view acls groups to:
[2024-10-05T17:25:00.088+0000] {spark_submit.py:579} INFO - 24/10/05 17:25:00 INFO SecurityManager: Changing modify acls groups to:
[2024-10-05T17:25:00.088+0000] {spark_submit.py:579} INFO - 24/10/05 17:25:00 INFO SecurityManager: SecurityManager: authentication disabled; ui acls disabled; users with view permissions: ***; groups with view permissions: EMPTY; users with modify permissions: ***; groups with modify permissions: EMPTY
[2024-10-05T17:25:00.314+0000] {spark_submit.py:579} INFO - 24/10/05 17:25:00 INFO Utils: Successfully started service 'sparkDriver' on port 40797.
[2024-10-05T17:25:00.356+0000] {spark_submit.py:579} INFO - 24/10/05 17:25:00 INFO SparkEnv: Registering MapOutputTracker
[2024-10-05T17:25:00.396+0000] {spark_submit.py:579} INFO - 24/10/05 17:25:00 INFO SparkEnv: Registering BlockManagerMaster
[2024-10-05T17:25:00.412+0000] {spark_submit.py:579} INFO - 24/10/05 17:25:00 INFO BlockManagerMasterEndpoint: Using org.apache.spark.storage.DefaultTopologyMapper for getting topology information
[2024-10-05T17:25:00.412+0000] {spark_submit.py:579} INFO - 24/10/05 17:25:00 INFO BlockManagerMasterEndpoint: BlockManagerMasterEndpoint up
[2024-10-05T17:25:00.423+0000] {spark_submit.py:579} INFO - 24/10/05 17:25:00 INFO SparkEnv: Registering BlockManagerMasterHeartbeat
[2024-10-05T17:25:00.441+0000] {spark_submit.py:579} INFO - 24/10/05 17:25:00 INFO DiskBlockManager: Created local directory at /tmp/blockmgr-b8464803-437f-4fc4-936c-6ab1e664b50c
[2024-10-05T17:25:00.452+0000] {spark_submit.py:579} INFO - 24/10/05 17:25:00 INFO MemoryStore: MemoryStore started with capacity 434.4 MiB
[2024-10-05T17:25:00.468+0000] {spark_submit.py:579} INFO - 24/10/05 17:25:00 INFO SparkEnv: Registering OutputCommitCoordinator
[2024-10-05T17:25:00.577+0000] {spark_submit.py:579} INFO - 24/10/05 17:25:00 INFO JettyUtils: Start Jetty 0.0.0.0:4040 for SparkUI
[2024-10-05T17:25:00.635+0000] {spark_submit.py:579} INFO - 24/10/05 17:25:00 INFO Utils: Successfully started service 'SparkUI' on port 4040.
[2024-10-05T17:25:00.671+0000] {spark_submit.py:579} INFO - 24/10/05 17:25:00 INFO SparkContext: Added JAR file:///opt/***/jars/hadoop-aws-3.3.4.jar at spark://272b7a44a22a:40797/jars/hadoop-aws-3.3.4.jar with timestamp 1728149099951
[2024-10-05T17:25:00.672+0000] {spark_submit.py:579} INFO - 24/10/05 17:25:00 INFO SparkContext: Added JAR file:///opt/***/jars/s3-2.18.41.jar at spark://272b7a44a22a:40797/jars/s3-2.18.41.jar with timestamp 1728149099951
[2024-10-05T17:25:00.674+0000] {spark_submit.py:579} INFO - 24/10/05 17:25:00 INFO SparkContext: Added JAR file:///opt/***/jars/aws-java-sdk-1.12.367.jar at spark://272b7a44a22a:40797/jars/aws-java-sdk-1.12.367.jar with timestamp 1728149099951
[2024-10-05T17:25:00.675+0000] {spark_submit.py:579} INFO - 24/10/05 17:25:00 INFO SparkContext: Added JAR file:///opt/***/jars/delta-core_2.12-2.2.0.jar at spark://272b7a44a22a:40797/jars/delta-core_2.12-2.2.0.jar with timestamp 1728149099951
[2024-10-05T17:25:00.677+0000] {spark_submit.py:579} INFO - 24/10/05 17:25:00 INFO SparkContext: Added JAR file:///opt/***/jars/delta-storage-2.2.0.jar at spark://272b7a44a22a:40797/jars/delta-storage-2.2.0.jar with timestamp 1728149099951
[2024-10-05T17:25:00.677+0000] {spark_submit.py:579} INFO - 24/10/05 17:25:00 INFO SparkContext: Added JAR file:///home/***/.ivy2/jars/org.apache.hadoop_hadoop-aws-3.3.4.jar at spark://272b7a44a22a:40797/jars/org.apache.hadoop_hadoop-aws-3.3.4.jar with timestamp 1728149099951
[2024-10-05T17:25:00.678+0000] {spark_submit.py:579} INFO - 24/10/05 17:25:00 INFO SparkContext: Added JAR file:///home/***/.ivy2/jars/com.amazonaws_aws-java-sdk-bundle-1.12.262.jar at spark://272b7a44a22a:40797/jars/com.amazonaws_aws-java-sdk-bundle-1.12.262.jar with timestamp 1728149099951
[2024-10-05T17:25:00.678+0000] {spark_submit.py:579} INFO - 24/10/05 17:25:00 INFO SparkContext: Added JAR file:///home/***/.ivy2/jars/org.wildfly.openssl_wildfly-openssl-1.0.7.Final.jar at spark://272b7a44a22a:40797/jars/org.wildfly.openssl_wildfly-openssl-1.0.7.Final.jar with timestamp 1728149099951
[2024-10-05T17:25:00.682+0000] {spark_submit.py:579} INFO - 24/10/05 17:25:00 INFO SparkContext: Added file file:///home/***/.ivy2/jars/org.apache.hadoop_hadoop-aws-3.3.4.jar at spark://272b7a44a22a:40797/files/org.apache.hadoop_hadoop-aws-3.3.4.jar with timestamp 1728149099951
[2024-10-05T17:25:00.683+0000] {spark_submit.py:579} INFO - 24/10/05 17:25:00 INFO Utils: Copying /home/***/.ivy2/jars/org.apache.hadoop_hadoop-aws-3.3.4.jar to /tmp/spark-ac3ae2eb-9a6f-4efa-aa9d-ed33c1a87ecd/userFiles-21a76ad5-7cb0-4b8c-a368-81b306364194/org.apache.hadoop_hadoop-aws-3.3.4.jar
[2024-10-05T17:25:00.694+0000] {spark_submit.py:579} INFO - 24/10/05 17:25:00 INFO SparkContext: Added file file:///home/***/.ivy2/jars/com.amazonaws_aws-java-sdk-bundle-1.12.262.jar at spark://272b7a44a22a:40797/files/com.amazonaws_aws-java-sdk-bundle-1.12.262.jar with timestamp 1728149099951
[2024-10-05T17:25:00.695+0000] {spark_submit.py:579} INFO - 24/10/05 17:25:00 INFO Utils: Copying /home/***/.ivy2/jars/com.amazonaws_aws-java-sdk-bundle-1.12.262.jar to /tmp/spark-ac3ae2eb-9a6f-4efa-aa9d-ed33c1a87ecd/userFiles-21a76ad5-7cb0-4b8c-a368-81b306364194/com.amazonaws_aws-java-sdk-bundle-1.12.262.jar
[2024-10-05T17:25:00.912+0000] {spark_submit.py:579} INFO - 24/10/05 17:25:00 INFO SparkContext: Added file file:///home/***/.ivy2/jars/org.wildfly.openssl_wildfly-openssl-1.0.7.Final.jar at spark://272b7a44a22a:40797/files/org.wildfly.openssl_wildfly-openssl-1.0.7.Final.jar with timestamp 1728149099951
[2024-10-05T17:25:00.913+0000] {spark_submit.py:579} INFO - 24/10/05 17:25:00 INFO Utils: Copying /home/***/.ivy2/jars/org.wildfly.openssl_wildfly-openssl-1.0.7.Final.jar to /tmp/spark-ac3ae2eb-9a6f-4efa-aa9d-ed33c1a87ecd/userFiles-21a76ad5-7cb0-4b8c-a368-81b306364194/org.wildfly.openssl_wildfly-openssl-1.0.7.Final.jar
[2024-10-05T17:25:00.985+0000] {spark_submit.py:579} INFO - 24/10/05 17:25:00 INFO StandaloneAppClient$ClientEndpoint: Connecting to master spark://spark-master:7077...
[2024-10-05T17:25:01.040+0000] {spark_submit.py:579} INFO - 24/10/05 17:25:01 INFO TransportClientFactory: Successfully created connection to spark-master/172.20.0.5:7077 after 25 ms (0 ms spent in bootstraps)
[2024-10-05T17:25:20.987+0000] {spark_submit.py:579} INFO - 24/10/05 17:25:20 INFO StandaloneAppClient$ClientEndpoint: Connecting to master spark://spark-master:7077...
[2024-10-05T17:25:40.986+0000] {spark_submit.py:579} INFO - 24/10/05 17:25:40 INFO StandaloneAppClient$ClientEndpoint: Connecting to master spark://spark-master:7077...
[2024-10-05T17:26:00.988+0000] {spark_submit.py:579} INFO - 24/10/05 17:26:00 ERROR StandaloneSchedulerBackend: Application has been killed. Reason: All masters are unresponsive! Giving up.
[2024-10-05T17:26:00.990+0000] {spark_submit.py:579} INFO - 24/10/05 17:26:00 WARN StandaloneSchedulerBackend: Application ID is not initialized yet.
[2024-10-05T17:26:01.004+0000] {spark_submit.py:579} INFO - 24/10/05 17:26:01 INFO Utils: Successfully started service 'org.apache.spark.network.netty.NettyBlockTransferService' on port 33835.
[2024-10-05T17:26:01.005+0000] {spark_submit.py:579} INFO - 24/10/05 17:26:01 INFO NettyBlockTransferService: Server created on 272b7a44a22a:33835
[2024-10-05T17:26:01.007+0000] {spark_submit.py:579} INFO - 24/10/05 17:26:01 INFO BlockManager: Using org.apache.spark.storage.RandomBlockReplicationPolicy for block replication policy
[2024-10-05T17:26:01.013+0000] {spark_submit.py:579} INFO - 24/10/05 17:26:01 INFO BlockManagerMaster: Registering BlockManager BlockManagerId(driver, 272b7a44a22a, 33835, None)
[2024-10-05T17:26:01.016+0000] {spark_submit.py:579} INFO - 24/10/05 17:26:01 INFO BlockManagerMasterEndpoint: Registering block manager 272b7a44a22a:33835 with 434.4 MiB RAM, BlockManagerId(driver, 272b7a44a22a, 33835, None)
[2024-10-05T17:26:01.018+0000] {spark_submit.py:579} INFO - 24/10/05 17:26:01 INFO BlockManagerMaster: Registered BlockManager BlockManagerId(driver, 272b7a44a22a, 33835, None)
[2024-10-05T17:26:01.020+0000] {spark_submit.py:579} INFO - 24/10/05 17:26:01 INFO BlockManager: Initialized BlockManager: BlockManagerId(driver, 272b7a44a22a, 33835, None)
[2024-10-05T17:26:01.214+0000] {spark_submit.py:579} INFO - 24/10/05 17:26:01 INFO StandaloneSchedulerBackend: SchedulerBackend is ready for scheduling beginning after reached minRegisteredResourcesRatio: 0.0
[2024-10-05T17:26:01.470+0000] {spark_submit.py:579} INFO - Reading data from s3a://lakehouse/bronze/keywords.parquet
[2024-10-05T17:26:01.471+0000] {spark_submit.py:579} INFO - 24/10/05 17:26:01 INFO SparkContext: SparkContext is stopping with exitCode 0.
[2024-10-05T17:26:01.479+0000] {spark_submit.py:579} INFO - 24/10/05 17:26:01 INFO SharedState: Setting hive.metastore.warehouse.dir ('null') to the value of spark.sql.warehouse.dir.
[2024-10-05T17:26:01.484+0000] {spark_submit.py:579} INFO - 24/10/05 17:26:01 INFO SparkUI: Stopped Spark web UI at http://272b7a44a22a:4040
[2024-10-05T17:26:01.493+0000] {spark_submit.py:579} INFO - 24/10/05 17:26:01 INFO StandaloneSchedulerBackend: Shutting down all executors
[2024-10-05T17:26:01.497+0000] {spark_submit.py:579} INFO - 24/10/05 17:26:01 INFO StandaloneSchedulerBackend$StandaloneDriverEndpoint: Asking each executor to shut down
[2024-10-05T17:26:01.503+0000] {spark_submit.py:579} INFO - 24/10/05 17:26:01 WARN StandaloneAppClient$ClientEndpoint: Drop UnregisterApplication(null) because has not yet connected to master
[2024-10-05T17:26:01.517+0000] {spark_submit.py:579} INFO - 24/10/05 17:26:01 INFO MapOutputTrackerMasterEndpoint: MapOutputTrackerMasterEndpoint stopped!
[2024-10-05T17:26:01.531+0000] {spark_submit.py:579} INFO - 24/10/05 17:26:01 INFO MemoryStore: MemoryStore cleared
[2024-10-05T17:26:01.531+0000] {spark_submit.py:579} INFO - 24/10/05 17:26:01 INFO BlockManager: BlockManager stopped
[2024-10-05T17:26:01.537+0000] {spark_submit.py:579} INFO - 24/10/05 17:26:01 INFO BlockManagerMaster: BlockManagerMaster stopped
[2024-10-05T17:26:01.540+0000] {spark_submit.py:579} INFO - 24/10/05 17:26:01 INFO OutputCommitCoordinator$OutputCommitCoordinatorEndpoint: OutputCommitCoordinator stopped!
[2024-10-05T17:26:01.579+0000] {spark_submit.py:579} INFO - 24/10/05 17:26:01 INFO SparkContext: Successfully stopped SparkContext
[2024-10-05T17:26:01.700+0000] {spark_submit.py:579} INFO - 24/10/05 17:26:01 WARN MetricsConfig: Cannot locate configuration: tried hadoop-metrics2-s3a-file-system.properties,hadoop-metrics2.properties
[2024-10-05T17:26:01.720+0000] {spark_submit.py:579} INFO - 24/10/05 17:26:01 INFO MetricsSystemImpl: Scheduled Metric snapshot period at 10 second(s).
[2024-10-05T17:26:01.720+0000] {spark_submit.py:579} INFO - 24/10/05 17:26:01 INFO MetricsSystemImpl: s3a-file-system metrics system started
[2024-10-05T17:26:02.424+0000] {spark_submit.py:579} INFO - 24/10/05 17:26:02 INFO SharedState: Warehouse path is 's3a://lakehouse/'.
[2024-10-05T17:26:02.476+0000] {spark_submit.py:579} INFO - Error during cleaning process: An error occurred while calling o53.read.
[2024-10-05T17:26:02.476+0000] {spark_submit.py:579} INFO - : java.lang.IllegalStateException: LiveListenerBus is stopped.
[2024-10-05T17:26:02.477+0000] {spark_submit.py:579} INFO - at org.apache.spark.scheduler.LiveListenerBus.addToQueue(LiveListenerBus.scala:92)
[2024-10-05T17:26:02.477+0000] {spark_submit.py:579} INFO - at org.apache.spark.scheduler.LiveListenerBus.addToStatusQueue(LiveListenerBus.scala:75)
[2024-10-05T17:26:02.477+0000] {spark_submit.py:579} INFO - at org.apache.spark.sql.internal.SharedState.<init>(SharedState.scala:115)
[2024-10-05T17:26:02.477+0000] {spark_submit.py:579} INFO - at org.apache.spark.sql.SparkSession.$anonfun$sharedState$1(SparkSession.scala:143)
[2024-10-05T17:26:02.478+0000] {spark_submit.py:579} INFO - at scala.Option.getOrElse(Option.scala:189)
[2024-10-05T17:26:02.478+0000] {spark_submit.py:579} INFO - at org.apache.spark.sql.SparkSession.sharedState$lzycompute(SparkSession.scala:143)
[2024-10-05T17:26:02.479+0000] {spark_submit.py:579} INFO - at org.apache.spark.sql.SparkSession.sharedState(SparkSession.scala:142)
[2024-10-05T17:26:02.479+0000] {spark_submit.py:579} INFO - at org.apache.spark.sql.SparkSession.$anonfun$sessionState$2(SparkSession.scala:162)
[2024-10-05T17:26:02.479+0000] {spark_submit.py:579} INFO - at scala.Option.getOrElse(Option.scala:189)
[2024-10-05T17:26:02.480+0000] {spark_submit.py:579} INFO - at org.apache.spark.sql.SparkSession.sessionState$lzycompute(SparkSession.scala:160)
[2024-10-05T17:26:02.480+0000] {spark_submit.py:579} INFO - at org.apache.spark.sql.SparkSession.sessionState(SparkSession.scala:157)
[2024-10-05T17:26:02.480+0000] {spark_submit.py:579} INFO - at org.apache.spark.sql.DataFrameReader.<init>(DataFrameReader.scala:699)
[2024-10-05T17:26:02.480+0000] {spark_submit.py:579} INFO - at org.apache.spark.sql.SparkSession.read(SparkSession.scala:783)
[2024-10-05T17:26:02.481+0000] {spark_submit.py:579} INFO - at java.base/jdk.internal.reflect.NativeMethodAccessorImpl.invoke0(Native Method)
[2024-10-05T17:26:02.481+0000] {spark_submit.py:579} INFO - at java.base/jdk.internal.reflect.NativeMethodAccessorImpl.invoke(NativeMethodAccessorImpl.java:62)
[2024-10-05T17:26:02.481+0000] {spark_submit.py:579} INFO - at java.base/jdk.internal.reflect.DelegatingMethodAccessorImpl.invoke(DelegatingMethodAccessorImpl.java:43)
[2024-10-05T17:26:02.481+0000] {spark_submit.py:579} INFO - at java.base/java.lang.reflect.Method.invoke(Method.java:566)
[2024-10-05T17:26:02.482+0000] {spark_submit.py:579} INFO - at py4j.reflection.MethodInvoker.invoke(MethodInvoker.java:244)
[2024-10-05T17:26:02.482+0000] {spark_submit.py:579} INFO - at py4j.reflection.ReflectionEngine.invoke(ReflectionEngine.java:374)
[2024-10-05T17:26:02.482+0000] {spark_submit.py:579} INFO - at py4j.Gateway.invoke(Gateway.java:282)
[2024-10-05T17:26:02.482+0000] {spark_submit.py:579} INFO - at py4j.commands.AbstractCommand.invokeMethod(AbstractCommand.java:132)
[2024-10-05T17:26:02.483+0000] {spark_submit.py:579} INFO - at py4j.commands.CallCommand.execute(CallCommand.java:79)
[2024-10-05T17:26:02.483+0000] {spark_submit.py:579} INFO - at py4j.ClientServerConnection.waitForCommands(ClientServerConnection.java:182)
[2024-10-05T17:26:02.483+0000] {spark_submit.py:579} INFO - at py4j.ClientServerConnection.run(ClientServerConnection.java:106)
[2024-10-05T17:26:02.484+0000] {spark_submit.py:579} INFO - at java.base/java.lang.Thread.run(Thread.java:829)
[2024-10-05T17:26:02.484+0000] {spark_submit.py:579} INFO - 
[2024-10-05T17:26:02.484+0000] {spark_submit.py:579} INFO - 24/10/05 17:26:02 INFO SparkContext: SparkContext is stopping with exitCode 0.
[2024-10-05T17:26:02.484+0000] {spark_submit.py:579} INFO - 24/10/05 17:26:02 INFO SparkContext: SparkContext already stopped.
[2024-10-05T17:26:02.823+0000] {spark_submit.py:579} INFO - 24/10/05 17:26:02 INFO ShutdownHookManager: Shutdown hook called
[2024-10-05T17:26:02.823+0000] {spark_submit.py:579} INFO - 24/10/05 17:26:02 INFO ShutdownHookManager: Deleting directory /tmp/spark-ac3ae2eb-9a6f-4efa-aa9d-ed33c1a87ecd
[2024-10-05T17:26:02.828+0000] {spark_submit.py:579} INFO - 24/10/05 17:26:02 INFO ShutdownHookManager: Deleting directory /tmp/spark-0c7484b0-2fcc-44a6-9f37-3ca7d5092fee
[2024-10-05T17:26:02.832+0000] {spark_submit.py:579} INFO - 24/10/05 17:26:02 INFO ShutdownHookManager: Deleting directory /tmp/spark-ac3ae2eb-9a6f-4efa-aa9d-ed33c1a87ecd/pyspark-2a7a2c6d-da80-4068-9280-4200cb2ef136
[2024-10-05T17:26:02.841+0000] {spark_submit.py:579} INFO - 24/10/05 17:26:02 INFO MetricsSystemImpl: Stopping s3a-file-system metrics system...
[2024-10-05T17:26:02.841+0000] {spark_submit.py:579} INFO - 24/10/05 17:26:02 INFO MetricsSystemImpl: s3a-file-system metrics system stopped.
[2024-10-05T17:26:02.842+0000] {spark_submit.py:579} INFO - 24/10/05 17:26:02 INFO MetricsSystemImpl: s3a-file-system metrics system shutdown complete.
[2024-10-05T17:26:02.906+0000] {taskinstance.py:1935} ERROR - Task failed with exception
Traceback (most recent call last):
  File "/home/airflow/.local/lib/python3.11/site-packages/airflow/providers/apache/spark/operators/spark_submit.py", line 174, in execute
    self._hook.submit(self.application)
  File "/home/airflow/.local/lib/python3.11/site-packages/airflow/providers/apache/spark/hooks/spark_submit.py", line 505, in submit
    raise AirflowException(
airflow.exceptions.AirflowException: Cannot execute: spark-submit --master spark://spark-master:7077 --conf spark.sql.extensions=io.delta.sql.DeltaSparkSessionExtension --conf spark.sql.catalog.spark_catalog=org.apache.spark.sql.delta.catalog.DeltaCatalog --conf spark.delta.logStore.class=org.apache.spark.sql.delta.storage.S3SingleDriverLogStore --jars /opt/***/jars/hadoop-aws-3.3.4.jar,/opt/***/jars/s3-2.18.41.jar,/opt/***/jars/aws-java-sdk-1.12.367.jar,/opt/***/jars/delta-core_2.12-2.2.0.jar,/opt/***/jars/delta-storage-2.2.0.jar, --packages org.apache.hadoop:hadoop-aws:3.3.4 --num-executors 2 --total-executor-cores 2 --executor-cores 2 --executor-memory 2g --driver-memory 1g --name arrow-spark --deploy-mode client /opt/***/jobs/python/test_Key.py s3a://lakehouse/bronze/keywords.parquet s3a://lakehouse/silver. Error code is: 1.
[2024-10-05T17:26:02.911+0000] {taskinstance.py:1398} INFO - Marking task as UP_FOR_RETRY. dag_id=spark_processing_dag, task_id=silver_cleaned_keywords, execution_date=20241004T000000, start_date=20241005T171917, end_date=20241005T172602
[2024-10-05T17:26:02.925+0000] {standard_task_runner.py:104} ERROR - Failed to execute job 198 for task silver_cleaned_keywords (Cannot execute: spark-submit --master spark://spark-master:7077 --conf spark.sql.extensions=io.delta.sql.DeltaSparkSessionExtension --conf spark.sql.catalog.spark_catalog=org.apache.spark.sql.delta.catalog.DeltaCatalog --conf spark.delta.logStore.class=org.apache.spark.sql.delta.storage.S3SingleDriverLogStore --jars /opt/***/jars/hadoop-aws-3.3.4.jar,/opt/***/jars/s3-2.18.41.jar,/opt/***/jars/aws-java-sdk-1.12.367.jar,/opt/***/jars/delta-core_2.12-2.2.0.jar,/opt/***/jars/delta-storage-2.2.0.jar, --packages org.apache.hadoop:hadoop-aws:3.3.4 --num-executors 2 --total-executor-cores 2 --executor-cores 2 --executor-memory 2g --driver-memory 1g --name arrow-spark --deploy-mode client /opt/***/jobs/python/test_Key.py s3a://lakehouse/bronze/keywords.parquet s3a://lakehouse/silver. Error code is: 1.; 198)
[2024-10-05T17:26:02.951+0000] {local_task_job_runner.py:228} INFO - Task exited with return code 1
[2024-10-05T17:26:02.965+0000] {taskinstance.py:2776} INFO - 0 downstream tasks scheduled from follow-on schedule check
