[2024-10-05T06:41:12.772+0000] {taskinstance.py:1157} INFO - Dependencies all met for dep_context=non-requeueable deps ti=<TaskInstance: spark_processing_dag.silver_cleaned_keywords scheduled__2024-10-04T00:00:00+00:00 [queued]>
[2024-10-05T06:41:12.781+0000] {taskinstance.py:1157} INFO - Dependencies all met for dep_context=requeueable deps ti=<TaskInstance: spark_processing_dag.silver_cleaned_keywords scheduled__2024-10-04T00:00:00+00:00 [queued]>
[2024-10-05T06:41:12.782+0000] {taskinstance.py:1359} INFO - Starting attempt 5 of 6
[2024-10-05T06:41:12.796+0000] {taskinstance.py:1380} INFO - Executing <Task(SparkSubmitOperator): silver_cleaned_keywords> on 2024-10-04 00:00:00+00:00
[2024-10-05T06:41:12.801+0000] {standard_task_runner.py:57} INFO - Started process 1891 to run task
[2024-10-05T06:41:12.803+0000] {standard_task_runner.py:84} INFO - Running: ['***', 'tasks', 'run', 'spark_processing_dag', 'silver_cleaned_keywords', 'scheduled__2024-10-04T00:00:00+00:00', '--job-id', '151', '--raw', '--subdir', 'DAGS_FOLDER/sliver_layer.py', '--cfg-path', '/tmp/tmp49_8ckrx']
[2024-10-05T06:41:12.806+0000] {standard_task_runner.py:85} INFO - Job 151: Subtask silver_cleaned_keywords
[2024-10-05T06:41:12.849+0000] {task_command.py:415} INFO - Running <TaskInstance: spark_processing_dag.silver_cleaned_keywords scheduled__2024-10-04T00:00:00+00:00 [running]> on host 5d09c913dd59
[2024-10-05T06:41:12.916+0000] {taskinstance.py:1660} INFO - Exporting env vars: AIRFLOW_CTX_DAG_OWNER='***' AIRFLOW_CTX_DAG_ID='spark_processing_dag' AIRFLOW_CTX_TASK_ID='silver_cleaned_keywords' AIRFLOW_CTX_EXECUTION_DATE='2024-10-04T00:00:00+00:00' AIRFLOW_CTX_TRY_NUMBER='5' AIRFLOW_CTX_DAG_RUN_ID='scheduled__2024-10-04T00:00:00+00:00'
[2024-10-05T06:41:12.926+0000] {base.py:73} INFO - Using connection ID 'spark-conn' for task execution.
[2024-10-05T06:41:12.929+0000] {spark_submit.py:403} INFO - Spark-Submit cmd: spark-submit --master spark://spark-master:7077 --conf spark.sql.extensions=io.delta.sql.DeltaSparkSessionExtension --conf spark.sql.catalog.spark_catalog=org.apache.spark.sql.delta.catalog.DeltaCatalog --conf spark.delta.logStore.class=org.apache.spark.sql.delta.storage.S3SingleDriverLogStore --jars /opt/***/jars/hadoop-aws-3.3.4.jar,/opt/***/jars/s3-2.18.41.jar,/opt/***/jars/aws-java-sdk-1.12.367.jar,/opt/***/jars/delta-core_2.12-2.4.0.jar,/opt/***/jars/delta-spark_2.13-3.2.1.jar,/opt/***/jars/delta-storage-2.2.0.jar --packages org.apache.hadoop:hadoop-aws:3.3.4 --num-executors 2 --total-executor-cores 2 --executor-cores 2 --executor-memory 2g --driver-memory 1g --name arrow-spark --deploy-mode client /opt/***/jobs/python/test_Key.py s3a://lakehouse/bronze/keywords.parquet s3a://lakehouse/silver
[2024-10-05T06:41:13.009+0000] {spark_submit.py:579} INFO - /home/***/.local/lib/python3.11/site-packages/pyspark/bin/load-spark-env.sh: line 68: ps: command not found
[2024-10-05T06:41:14.712+0000] {spark_submit.py:579} INFO - :: loading settings :: url = jar:file:/home/***/.local/lib/python3.11/site-packages/pyspark/jars/ivy-2.5.1.jar!/org/apache/ivy/core/settings/ivysettings.xml
[2024-10-05T06:41:14.814+0000] {spark_submit.py:579} INFO - Ivy Default Cache set to: /home/***/.ivy2/cache
[2024-10-05T06:41:14.815+0000] {spark_submit.py:579} INFO - The jars for the packages stored in: /home/***/.ivy2/jars
[2024-10-05T06:41:14.821+0000] {spark_submit.py:579} INFO - org.apache.hadoop#hadoop-aws added as a dependency
[2024-10-05T06:41:14.822+0000] {spark_submit.py:579} INFO - :: resolving dependencies :: org.apache.spark#spark-submit-parent-2896c5f0-2112-4827-b586-de6ce750f961;1.0
[2024-10-05T06:41:14.823+0000] {spark_submit.py:579} INFO - confs: [default]
[2024-10-05T06:41:14.967+0000] {spark_submit.py:579} INFO - found org.apache.hadoop#hadoop-aws;3.3.4 in central
[2024-10-05T06:41:14.991+0000] {spark_submit.py:579} INFO - found com.amazonaws#aws-java-sdk-bundle;1.12.262 in central
[2024-10-05T06:41:15.015+0000] {spark_submit.py:579} INFO - found org.wildfly.openssl#wildfly-openssl;1.0.7.Final in central
[2024-10-05T06:41:15.034+0000] {spark_submit.py:579} INFO - :: resolution report :: resolve 203ms :: artifacts dl 9ms
[2024-10-05T06:41:15.034+0000] {spark_submit.py:579} INFO - :: modules in use:
[2024-10-05T06:41:15.035+0000] {spark_submit.py:579} INFO - com.amazonaws#aws-java-sdk-bundle;1.12.262 from central in [default]
[2024-10-05T06:41:15.035+0000] {spark_submit.py:579} INFO - org.apache.hadoop#hadoop-aws;3.3.4 from central in [default]
[2024-10-05T06:41:15.035+0000] {spark_submit.py:579} INFO - org.wildfly.openssl#wildfly-openssl;1.0.7.Final from central in [default]
[2024-10-05T06:41:15.035+0000] {spark_submit.py:579} INFO - ---------------------------------------------------------------------
[2024-10-05T06:41:15.036+0000] {spark_submit.py:579} INFO - |                  |            modules            ||   artifacts   |
[2024-10-05T06:41:15.036+0000] {spark_submit.py:579} INFO - |       conf       | number| search|dwnlded|evicted|| number|dwnlded|
[2024-10-05T06:41:15.036+0000] {spark_submit.py:579} INFO - ---------------------------------------------------------------------
[2024-10-05T06:41:15.036+0000] {spark_submit.py:579} INFO - |      default     |   3   |   0   |   0   |   0   ||   3   |   0   |
[2024-10-05T06:41:15.037+0000] {spark_submit.py:579} INFO - ---------------------------------------------------------------------
[2024-10-05T06:41:15.038+0000] {spark_submit.py:579} INFO - :: retrieving :: org.apache.spark#spark-submit-parent-2896c5f0-2112-4827-b586-de6ce750f961
[2024-10-05T06:41:15.038+0000] {spark_submit.py:579} INFO - confs: [default]
[2024-10-05T06:41:15.042+0000] {spark_submit.py:579} INFO - 0 artifacts copied, 3 already retrieved (0kB/4ms)
[2024-10-05T06:41:15.209+0000] {spark_submit.py:579} INFO - 24/10/05 06:41:15 WARN NativeCodeLoader: Unable to load native-hadoop library for your platform... using builtin-java classes where applicable
[2024-10-05T06:41:16.674+0000] {spark_submit.py:579} INFO - 24/10/05 06:41:16 INFO SparkContext: Running Spark version 3.5.1
[2024-10-05T06:41:16.675+0000] {spark_submit.py:579} INFO - 24/10/05 06:41:16 INFO SparkContext: OS info Linux, 5.15.153.1-microsoft-standard-WSL2, amd64
[2024-10-05T06:41:16.676+0000] {spark_submit.py:579} INFO - 24/10/05 06:41:16 INFO SparkContext: Java version 11.0.24
[2024-10-05T06:41:16.707+0000] {spark_submit.py:579} INFO - 24/10/05 06:41:16 INFO ResourceUtils: ==============================================================
[2024-10-05T06:41:16.707+0000] {spark_submit.py:579} INFO - 24/10/05 06:41:16 INFO ResourceUtils: No custom resources configured for spark.driver.
[2024-10-05T06:41:16.708+0000] {spark_submit.py:579} INFO - 24/10/05 06:41:16 INFO ResourceUtils: ==============================================================
[2024-10-05T06:41:16.708+0000] {spark_submit.py:579} INFO - 24/10/05 06:41:16 INFO SparkContext: Submitted application: CleanKeywords
[2024-10-05T06:41:16.732+0000] {spark_submit.py:579} INFO - 24/10/05 06:41:16 INFO ResourceProfile: Default ResourceProfile created, executor resources: Map(cores -> name: cores, amount: 2, script: , vendor: , memory -> name: memory, amount: 2048, script: , vendor: , offHeap -> name: offHeap, amount: 0, script: , vendor: ), task resources: Map(cpus -> name: cpus, amount: 1.0)
[2024-10-05T06:41:16.747+0000] {spark_submit.py:579} INFO - 24/10/05 06:41:16 INFO ResourceProfile: Limiting resource is cpus at 2 tasks per executor
[2024-10-05T06:41:16.749+0000] {spark_submit.py:579} INFO - 24/10/05 06:41:16 INFO ResourceProfileManager: Added ResourceProfile id: 0
[2024-10-05T06:41:16.798+0000] {spark_submit.py:579} INFO - 24/10/05 06:41:16 INFO SecurityManager: Changing view acls to: ***
[2024-10-05T06:41:16.799+0000] {spark_submit.py:579} INFO - 24/10/05 06:41:16 INFO SecurityManager: Changing modify acls to: ***
[2024-10-05T06:41:16.799+0000] {spark_submit.py:579} INFO - 24/10/05 06:41:16 INFO SecurityManager: Changing view acls groups to:
[2024-10-05T06:41:16.801+0000] {spark_submit.py:579} INFO - 24/10/05 06:41:16 INFO SecurityManager: Changing modify acls groups to:
[2024-10-05T06:41:16.801+0000] {spark_submit.py:579} INFO - 24/10/05 06:41:16 INFO SecurityManager: SecurityManager: authentication disabled; ui acls disabled; users with view permissions: ***; groups with view permissions: EMPTY; users with modify permissions: ***; groups with modify permissions: EMPTY
[2024-10-05T06:41:17.061+0000] {spark_submit.py:579} INFO - 24/10/05 06:41:17 INFO Utils: Successfully started service 'sparkDriver' on port 37463.
[2024-10-05T06:41:17.091+0000] {spark_submit.py:579} INFO - 24/10/05 06:41:17 INFO SparkEnv: Registering MapOutputTracker
[2024-10-05T06:41:17.123+0000] {spark_submit.py:579} INFO - 24/10/05 06:41:17 INFO SparkEnv: Registering BlockManagerMaster
[2024-10-05T06:41:17.142+0000] {spark_submit.py:579} INFO - 24/10/05 06:41:17 INFO BlockManagerMasterEndpoint: Using org.apache.spark.storage.DefaultTopologyMapper for getting topology information
[2024-10-05T06:41:17.143+0000] {spark_submit.py:579} INFO - 24/10/05 06:41:17 INFO BlockManagerMasterEndpoint: BlockManagerMasterEndpoint up
[2024-10-05T06:41:17.147+0000] {spark_submit.py:579} INFO - 24/10/05 06:41:17 INFO SparkEnv: Registering BlockManagerMasterHeartbeat
[2024-10-05T06:41:17.164+0000] {spark_submit.py:579} INFO - 24/10/05 06:41:17 INFO DiskBlockManager: Created local directory at /tmp/blockmgr-fc2250f5-9726-4cc1-9006-bf702dc1e5fb
[2024-10-05T06:41:17.176+0000] {spark_submit.py:579} INFO - 24/10/05 06:41:17 INFO MemoryStore: MemoryStore started with capacity 434.4 MiB
[2024-10-05T06:41:17.190+0000] {spark_submit.py:579} INFO - 24/10/05 06:41:17 INFO SparkEnv: Registering OutputCommitCoordinator
[2024-10-05T06:41:17.298+0000] {spark_submit.py:579} INFO - 24/10/05 06:41:17 INFO JettyUtils: Start Jetty 0.0.0.0:4040 for SparkUI
[2024-10-05T06:41:17.353+0000] {spark_submit.py:579} INFO - 24/10/05 06:41:17 INFO Utils: Successfully started service 'SparkUI' on port 4040.
[2024-10-05T06:41:17.390+0000] {spark_submit.py:579} INFO - 24/10/05 06:41:17 INFO SparkContext: Added JAR file:///opt/***/jars/hadoop-aws-3.3.4.jar at spark://5d09c913dd59:37463/jars/hadoop-aws-3.3.4.jar with timestamp 1728110476663
[2024-10-05T06:41:17.392+0000] {spark_submit.py:579} INFO - 24/10/05 06:41:17 INFO SparkContext: Added JAR file:///opt/***/jars/s3-2.18.41.jar at spark://5d09c913dd59:37463/jars/s3-2.18.41.jar with timestamp 1728110476663
[2024-10-05T06:41:17.394+0000] {spark_submit.py:579} INFO - 24/10/05 06:41:17 INFO SparkContext: Added JAR file:///opt/***/jars/aws-java-sdk-1.12.367.jar at spark://5d09c913dd59:37463/jars/aws-java-sdk-1.12.367.jar with timestamp 1728110476663
[2024-10-05T06:41:17.396+0000] {spark_submit.py:579} INFO - 24/10/05 06:41:17 INFO SparkContext: Added JAR file:///opt/***/jars/delta-core_2.12-2.4.0.jar at spark://5d09c913dd59:37463/jars/delta-core_2.12-2.4.0.jar with timestamp 1728110476663
[2024-10-05T06:41:17.397+0000] {spark_submit.py:579} INFO - 24/10/05 06:41:17 INFO SparkContext: Added JAR file:///opt/***/jars/delta-spark_2.13-3.2.1.jar at spark://5d09c913dd59:37463/jars/delta-spark_2.13-3.2.1.jar with timestamp 1728110476663
[2024-10-05T06:41:17.399+0000] {spark_submit.py:579} INFO - 24/10/05 06:41:17 INFO SparkContext: Added JAR file:///opt/***/jars/delta-storage-2.2.0.jar at spark://5d09c913dd59:37463/jars/delta-storage-2.2.0.jar with timestamp 1728110476663
[2024-10-05T06:41:17.399+0000] {spark_submit.py:579} INFO - 24/10/05 06:41:17 INFO SparkContext: Added JAR file:///home/***/.ivy2/jars/org.apache.hadoop_hadoop-aws-3.3.4.jar at spark://5d09c913dd59:37463/jars/org.apache.hadoop_hadoop-aws-3.3.4.jar with timestamp 1728110476663
[2024-10-05T06:41:17.400+0000] {spark_submit.py:579} INFO - 24/10/05 06:41:17 INFO SparkContext: Added JAR file:///home/***/.ivy2/jars/com.amazonaws_aws-java-sdk-bundle-1.12.262.jar at spark://5d09c913dd59:37463/jars/com.amazonaws_aws-java-sdk-bundle-1.12.262.jar with timestamp 1728110476663
[2024-10-05T06:41:17.400+0000] {spark_submit.py:579} INFO - 24/10/05 06:41:17 INFO SparkContext: Added JAR file:///home/***/.ivy2/jars/org.wildfly.openssl_wildfly-openssl-1.0.7.Final.jar at spark://5d09c913dd59:37463/jars/org.wildfly.openssl_wildfly-openssl-1.0.7.Final.jar with timestamp 1728110476663
[2024-10-05T06:41:17.403+0000] {spark_submit.py:579} INFO - 24/10/05 06:41:17 INFO SparkContext: Added file file:///home/***/.ivy2/jars/org.apache.hadoop_hadoop-aws-3.3.4.jar at spark://5d09c913dd59:37463/files/org.apache.hadoop_hadoop-aws-3.3.4.jar with timestamp 1728110476663
[2024-10-05T06:41:17.405+0000] {spark_submit.py:579} INFO - 24/10/05 06:41:17 INFO Utils: Copying /home/***/.ivy2/jars/org.apache.hadoop_hadoop-aws-3.3.4.jar to /tmp/spark-04c257bb-bdb1-462d-a572-21bdb7e294ba/userFiles-cf623bb9-63ab-4b81-90a9-bfb263649f92/org.apache.hadoop_hadoop-aws-3.3.4.jar
[2024-10-05T06:41:17.415+0000] {spark_submit.py:579} INFO - 24/10/05 06:41:17 INFO SparkContext: Added file file:///home/***/.ivy2/jars/com.amazonaws_aws-java-sdk-bundle-1.12.262.jar at spark://5d09c913dd59:37463/files/com.amazonaws_aws-java-sdk-bundle-1.12.262.jar with timestamp 1728110476663
[2024-10-05T06:41:17.416+0000] {spark_submit.py:579} INFO - 24/10/05 06:41:17 INFO Utils: Copying /home/***/.ivy2/jars/com.amazonaws_aws-java-sdk-bundle-1.12.262.jar to /tmp/spark-04c257bb-bdb1-462d-a572-21bdb7e294ba/userFiles-cf623bb9-63ab-4b81-90a9-bfb263649f92/com.amazonaws_aws-java-sdk-bundle-1.12.262.jar
[2024-10-05T06:41:17.595+0000] {spark_submit.py:579} INFO - 24/10/05 06:41:17 INFO SparkContext: Added file file:///home/***/.ivy2/jars/org.wildfly.openssl_wildfly-openssl-1.0.7.Final.jar at spark://5d09c913dd59:37463/files/org.wildfly.openssl_wildfly-openssl-1.0.7.Final.jar with timestamp 1728110476663
[2024-10-05T06:41:17.596+0000] {spark_submit.py:579} INFO - 24/10/05 06:41:17 INFO Utils: Copying /home/***/.ivy2/jars/org.wildfly.openssl_wildfly-openssl-1.0.7.Final.jar to /tmp/spark-04c257bb-bdb1-462d-a572-21bdb7e294ba/userFiles-cf623bb9-63ab-4b81-90a9-bfb263649f92/org.wildfly.openssl_wildfly-openssl-1.0.7.Final.jar
[2024-10-05T06:41:17.665+0000] {spark_submit.py:579} INFO - 24/10/05 06:41:17 INFO StandaloneAppClient$ClientEndpoint: Connecting to master spark://spark-master:7077...
[2024-10-05T06:41:17.703+0000] {spark_submit.py:579} INFO - 24/10/05 06:41:17 INFO TransportClientFactory: Successfully created connection to spark-master/172.20.0.4:7077 after 22 ms (0 ms spent in bootstraps)
[2024-10-05T06:41:17.779+0000] {spark_submit.py:579} INFO - 24/10/05 06:41:17 INFO StandaloneSchedulerBackend: Connected to Spark cluster with app ID app-20241005064117-0004
[2024-10-05T06:41:17.782+0000] {spark_submit.py:579} INFO - 24/10/05 06:41:17 INFO StandaloneAppClient$ClientEndpoint: Executor added: app-20241005064117-0004/0 on worker-20241005061807-172.20.0.7-36081 (172.20.0.7:36081) with 2 core(s)
[2024-10-05T06:41:17.785+0000] {spark_submit.py:579} INFO - 24/10/05 06:41:17 INFO StandaloneSchedulerBackend: Granted executor ID app-20241005064117-0004/0 on hostPort 172.20.0.7:36081 with 2 core(s), 2.0 GiB RAM
[2024-10-05T06:41:17.791+0000] {spark_submit.py:579} INFO - 24/10/05 06:41:17 INFO Utils: Successfully started service 'org.apache.spark.network.netty.NettyBlockTransferService' on port 39629.
[2024-10-05T06:41:17.792+0000] {spark_submit.py:579} INFO - 24/10/05 06:41:17 INFO NettyBlockTransferService: Server created on 5d09c913dd59:39629
[2024-10-05T06:41:17.793+0000] {spark_submit.py:579} INFO - 24/10/05 06:41:17 INFO BlockManager: Using org.apache.spark.storage.RandomBlockReplicationPolicy for block replication policy
[2024-10-05T06:41:17.800+0000] {spark_submit.py:579} INFO - 24/10/05 06:41:17 INFO BlockManagerMaster: Registering BlockManager BlockManagerId(driver, 5d09c913dd59, 39629, None)
[2024-10-05T06:41:17.804+0000] {spark_submit.py:579} INFO - 24/10/05 06:41:17 INFO BlockManagerMasterEndpoint: Registering block manager 5d09c913dd59:39629 with 434.4 MiB RAM, BlockManagerId(driver, 5d09c913dd59, 39629, None)
[2024-10-05T06:41:17.807+0000] {spark_submit.py:579} INFO - 24/10/05 06:41:17 INFO BlockManagerMaster: Registered BlockManager BlockManagerId(driver, 5d09c913dd59, 39629, None)
[2024-10-05T06:41:17.809+0000] {spark_submit.py:579} INFO - 24/10/05 06:41:17 INFO BlockManager: Initialized BlockManager: BlockManagerId(driver, 5d09c913dd59, 39629, None)
[2024-10-05T06:41:17.818+0000] {spark_submit.py:579} INFO - 24/10/05 06:41:17 INFO StandaloneAppClient$ClientEndpoint: Executor updated: app-20241005064117-0004/0 is now RUNNING
[2024-10-05T06:41:18.113+0000] {spark_submit.py:579} INFO - 24/10/05 06:41:18 INFO StandaloneSchedulerBackend: SchedulerBackend is ready for scheduling beginning after reached minRegisteredResourcesRatio: 0.0
[2024-10-05T06:41:18.554+0000] {spark_submit.py:579} INFO - Reading data from s3a://lakehouse/bronze/keywords.parquet
[2024-10-05T06:41:18.563+0000] {spark_submit.py:579} INFO - 24/10/05 06:41:18 INFO SharedState: Setting hive.metastore.warehouse.dir ('null') to the value of spark.sql.warehouse.dir.
[2024-10-05T06:41:18.767+0000] {spark_submit.py:579} INFO - 24/10/05 06:41:18 WARN MetricsConfig: Cannot locate configuration: tried hadoop-metrics2-s3a-file-system.properties,hadoop-metrics2.properties
[2024-10-05T06:41:18.789+0000] {spark_submit.py:579} INFO - 24/10/05 06:41:18 INFO MetricsSystemImpl: Scheduled Metric snapshot period at 10 second(s).
[2024-10-05T06:41:18.790+0000] {spark_submit.py:579} INFO - 24/10/05 06:41:18 INFO MetricsSystemImpl: s3a-file-system metrics system started
[2024-10-05T06:41:19.842+0000] {spark_submit.py:579} INFO - 24/10/05 06:41:19 INFO SharedState: Warehouse path is 's3a://lakehouse/'.
[2024-10-05T06:41:20.404+0000] {spark_submit.py:579} INFO - 24/10/05 06:41:20 INFO StandaloneSchedulerBackend$StandaloneDriverEndpoint: Registered executor NettyRpcEndpointRef(spark-client://Executor) (172.20.0.7:52300) with ID 0,  ResourceProfileId 0
[2024-10-05T06:41:20.482+0000] {spark_submit.py:579} INFO - 24/10/05 06:41:20 INFO BlockManagerMasterEndpoint: Registering block manager 172.20.0.7:41385 with 1048.8 MiB RAM, BlockManagerId(0, 172.20.0.7, 41385, None)
[2024-10-05T06:41:21.487+0000] {spark_submit.py:579} INFO - 24/10/05 06:41:21 INFO InMemoryFileIndex: It took 78 ms to list leaf files for 1 paths.
[2024-10-05T06:41:22.505+0000] {spark_submit.py:579} INFO - Cleaning data...
[2024-10-05T06:41:22.630+0000] {spark_submit.py:579} INFO - Saving cleaned data to s3a://lakehouse/silver
[2024-10-05T06:41:23.568+0000] {spark_submit.py:579} INFO - 24/10/05 06:41:23 INFO DeltaLog: Creating initial snapshot without metadata, because the directory is empty
[2024-10-05T06:41:24.780+0000] {spark_submit.py:579} INFO - 24/10/05 06:41:24 INFO InitialSnapshot: [tableId=22d20fd6-af7d-42fe-8d71-ad4e8cf9b3db] Created snapshot InitialSnapshot(path=s3a://lakehouse/silver/_delta_log, version=-1, metadata=Metadata(25eae381-787a-45b3-8dcf-148717cc359a,null,null,Format(parquet,Map()),null,List(),Map(),Some(1728110484769)), logSegment=LogSegment(s3a://lakehouse/silver/_delta_log,-1,List(),None,-1), checksumOpt=None)
[2024-10-05T06:41:24.942+0000] {spark_submit.py:579} INFO - 24/10/05 06:41:24 INFO DeltaLog: No delta log found for the Delta table at s3a://lakehouse/silver/_delta_log
[2024-10-05T06:41:24.943+0000] {spark_submit.py:579} INFO - 24/10/05 06:41:24 INFO InitialSnapshot: [tableId=25eae381-787a-45b3-8dcf-148717cc359a] Created snapshot InitialSnapshot(path=s3a://lakehouse/silver/_delta_log, version=-1, metadata=Metadata(6098daa7-7f38-410e-ab49-5559e357fbbd,null,null,Format(parquet,Map()),null,List(),Map(),Some(1728110484943)), logSegment=LogSegment(s3a://lakehouse/silver/_delta_log,-1,List(),None,-1), checksumOpt=None)
[2024-10-05T06:41:25.133+0000] {spark_submit.py:579} INFO - 24/10/05 06:41:25 INFO OptimisticTransaction: [tableId=6098daa7,txnId=ba426492] Updated metadata from - to Metadata(dc4f70c3-0762-466d-aed2-86164de6591f,null,null,Format(parquet,Map()),{"type":"struct","fields":[{"name":"id","type":"string","nullable":true,"metadata":{}},{"name":"keywords","type":"string","nullable":true,"metadata":{}}]},List(),Map(),Some(1728110485120))
[2024-10-05T06:41:25.190+0000] {spark_submit.py:579} INFO - Error during cleaning process: An error occurred while calling o71.save.
[2024-10-05T06:41:25.190+0000] {spark_submit.py:579} INFO - : java.lang.NoSuchMethodError: 'scala.collection.Seq org.apache.spark.sql.types.StructType.toAttributes()'
[2024-10-05T06:41:25.191+0000] {spark_submit.py:579} INFO - at org.apache.spark.sql.delta.files.TransactionalWrite.getStatsSchema(TransactionalWrite.scala:262)
[2024-10-05T06:41:25.191+0000] {spark_submit.py:579} INFO - at org.apache.spark.sql.delta.files.TransactionalWrite.getStatsSchema$(TransactionalWrite.scala:252)
[2024-10-05T06:41:25.192+0000] {spark_submit.py:579} INFO - at org.apache.spark.sql.delta.OptimisticTransaction.getStatsSchema(OptimisticTransaction.scala:137)
[2024-10-05T06:41:25.192+0000] {spark_submit.py:579} INFO - at org.apache.spark.sql.delta.files.TransactionalWrite.getOptionalStatsTrackerAndStatsCollection(TransactionalWrite.scala:294)
[2024-10-05T06:41:25.192+0000] {spark_submit.py:579} INFO - at org.apache.spark.sql.delta.files.TransactionalWrite.getOptionalStatsTrackerAndStatsCollection$(TransactionalWrite.scala:286)
[2024-10-05T06:41:25.192+0000] {spark_submit.py:579} INFO - at org.apache.spark.sql.delta.OptimisticTransaction.getOptionalStatsTrackerAndStatsCollection(OptimisticTransaction.scala:137)
[2024-10-05T06:41:25.193+0000] {spark_submit.py:579} INFO - at org.apache.spark.sql.delta.files.TransactionalWrite.writeFiles(TransactionalWrite.scala:352)
[2024-10-05T06:41:25.193+0000] {spark_submit.py:579} INFO - at org.apache.spark.sql.delta.files.TransactionalWrite.writeFiles$(TransactionalWrite.scala:332)
[2024-10-05T06:41:25.193+0000] {spark_submit.py:579} INFO - at org.apache.spark.sql.delta.OptimisticTransaction.writeFiles(OptimisticTransaction.scala:137)
[2024-10-05T06:41:25.193+0000] {spark_submit.py:579} INFO - at org.apache.spark.sql.delta.files.TransactionalWrite.writeFiles(TransactionalWrite.scala:214)
[2024-10-05T06:41:25.193+0000] {spark_submit.py:579} INFO - at org.apache.spark.sql.delta.files.TransactionalWrite.writeFiles$(TransactionalWrite.scala:211)
[2024-10-05T06:41:25.194+0000] {spark_submit.py:579} INFO - at org.apache.spark.sql.delta.OptimisticTransaction.writeFiles(OptimisticTransaction.scala:137)
[2024-10-05T06:41:25.194+0000] {spark_submit.py:579} INFO - at org.apache.spark.sql.delta.commands.WriteIntoDelta.write(WriteIntoDelta.scala:335)
[2024-10-05T06:41:25.194+0000] {spark_submit.py:579} INFO - at org.apache.spark.sql.delta.commands.WriteIntoDelta.$anonfun$run$1(WriteIntoDelta.scala:98)
[2024-10-05T06:41:25.194+0000] {spark_submit.py:579} INFO - at org.apache.spark.sql.delta.commands.WriteIntoDelta.$anonfun$run$1$adapted(WriteIntoDelta.scala:93)
[2024-10-05T06:41:25.194+0000] {spark_submit.py:579} INFO - at org.apache.spark.sql.delta.DeltaLog.withNewTransaction(DeltaLog.scala:229)
[2024-10-05T06:41:25.194+0000] {spark_submit.py:579} INFO - at org.apache.spark.sql.delta.commands.WriteIntoDelta.run(WriteIntoDelta.scala:93)
[2024-10-05T06:41:25.195+0000] {spark_submit.py:579} INFO - at org.apache.spark.sql.delta.sources.DeltaDataSource.createRelation(DeltaDataSource.scala:180)
[2024-10-05T06:41:25.195+0000] {spark_submit.py:579} INFO - at org.apache.spark.sql.execution.datasources.SaveIntoDataSourceCommand.run(SaveIntoDataSourceCommand.scala:48)
[2024-10-05T06:41:25.195+0000] {spark_submit.py:579} INFO - at org.apache.spark.sql.execution.command.ExecutedCommandExec.sideEffectResult$lzycompute(commands.scala:75)
[2024-10-05T06:41:25.195+0000] {spark_submit.py:579} INFO - at org.apache.spark.sql.execution.command.ExecutedCommandExec.sideEffectResult(commands.scala:73)
[2024-10-05T06:41:25.196+0000] {spark_submit.py:579} INFO - at org.apache.spark.sql.execution.command.ExecutedCommandExec.executeCollect(commands.scala:84)
[2024-10-05T06:41:25.196+0000] {spark_submit.py:579} INFO - at org.apache.spark.sql.execution.QueryExecution$$anonfun$eagerlyExecuteCommands$1.$anonfun$applyOrElse$1(QueryExecution.scala:107)
[2024-10-05T06:41:25.196+0000] {spark_submit.py:579} INFO - at org.apache.spark.sql.execution.SQLExecution$.$anonfun$withNewExecutionId$6(SQLExecution.scala:125)
[2024-10-05T06:41:25.196+0000] {spark_submit.py:579} INFO - at org.apache.spark.sql.execution.SQLExecution$.withSQLConfPropagated(SQLExecution.scala:201)
[2024-10-05T06:41:25.197+0000] {spark_submit.py:579} INFO - at org.apache.spark.sql.execution.SQLExecution$.$anonfun$withNewExecutionId$1(SQLExecution.scala:108)
[2024-10-05T06:41:25.197+0000] {spark_submit.py:579} INFO - at org.apache.spark.sql.SparkSession.withActive(SparkSession.scala:900)
[2024-10-05T06:41:25.197+0000] {spark_submit.py:579} INFO - at org.apache.spark.sql.execution.SQLExecution$.withNewExecutionId(SQLExecution.scala:66)
[2024-10-05T06:41:25.197+0000] {spark_submit.py:579} INFO - at org.apache.spark.sql.execution.QueryExecution$$anonfun$eagerlyExecuteCommands$1.applyOrElse(QueryExecution.scala:107)
[2024-10-05T06:41:25.198+0000] {spark_submit.py:579} INFO - at org.apache.spark.sql.execution.QueryExecution$$anonfun$eagerlyExecuteCommands$1.applyOrElse(QueryExecution.scala:98)
[2024-10-05T06:41:25.198+0000] {spark_submit.py:579} INFO - at org.apache.spark.sql.catalyst.trees.TreeNode.$anonfun$transformDownWithPruning$1(TreeNode.scala:461)
[2024-10-05T06:41:25.198+0000] {spark_submit.py:579} INFO - at org.apache.spark.sql.catalyst.trees.CurrentOrigin$.withOrigin(origin.scala:76)
[2024-10-05T06:41:25.198+0000] {spark_submit.py:579} INFO - at org.apache.spark.sql.catalyst.trees.TreeNode.transformDownWithPruning(TreeNode.scala:461)
[2024-10-05T06:41:25.199+0000] {spark_submit.py:579} INFO - at org.apache.spark.sql.catalyst.plans.logical.LogicalPlan.org$apache$spark$sql$catalyst$plans$logical$AnalysisHelper$$super$transformDownWithPruning(LogicalPlan.scala:32)
[2024-10-05T06:41:25.199+0000] {spark_submit.py:579} INFO - at org.apache.spark.sql.catalyst.plans.logical.AnalysisHelper.transformDownWithPruning(AnalysisHelper.scala:267)
[2024-10-05T06:41:25.199+0000] {spark_submit.py:579} INFO - at org.apache.spark.sql.catalyst.plans.logical.AnalysisHelper.transformDownWithPruning$(AnalysisHelper.scala:263)
[2024-10-05T06:41:25.200+0000] {spark_submit.py:579} INFO - at org.apache.spark.sql.catalyst.plans.logical.LogicalPlan.transformDownWithPruning(LogicalPlan.scala:32)
[2024-10-05T06:41:25.200+0000] {spark_submit.py:579} INFO - at org.apache.spark.sql.catalyst.plans.logical.LogicalPlan.transformDownWithPruning(LogicalPlan.scala:32)
[2024-10-05T06:41:25.201+0000] {spark_submit.py:579} INFO - at org.apache.spark.sql.catalyst.trees.TreeNode.transformDown(TreeNode.scala:437)
[2024-10-05T06:41:25.201+0000] {spark_submit.py:579} INFO - at org.apache.spark.sql.execution.QueryExecution.eagerlyExecuteCommands(QueryExecution.scala:98)
[2024-10-05T06:41:25.201+0000] {spark_submit.py:579} INFO - at org.apache.spark.sql.execution.QueryExecution.commandExecuted$lzycompute(QueryExecution.scala:85)
[2024-10-05T06:41:25.201+0000] {spark_submit.py:579} INFO - at org.apache.spark.sql.execution.QueryExecution.commandExecuted(QueryExecution.scala:83)
[2024-10-05T06:41:25.202+0000] {spark_submit.py:579} INFO - at org.apache.spark.sql.execution.QueryExecution.assertCommandExecuted(QueryExecution.scala:142)
[2024-10-05T06:41:25.202+0000] {spark_submit.py:579} INFO - at org.apache.spark.sql.DataFrameWriter.runCommand(DataFrameWriter.scala:859)
[2024-10-05T06:41:25.202+0000] {spark_submit.py:579} INFO - at org.apache.spark.sql.DataFrameWriter.saveToV1Source(DataFrameWriter.scala:388)
[2024-10-05T06:41:25.203+0000] {spark_submit.py:579} INFO - at org.apache.spark.sql.DataFrameWriter.saveInternal(DataFrameWriter.scala:304)
[2024-10-05T06:41:25.203+0000] {spark_submit.py:579} INFO - at org.apache.spark.sql.DataFrameWriter.save(DataFrameWriter.scala:240)
[2024-10-05T06:41:25.203+0000] {spark_submit.py:579} INFO - at java.base/jdk.internal.reflect.NativeMethodAccessorImpl.invoke0(Native Method)
[2024-10-05T06:41:25.204+0000] {spark_submit.py:579} INFO - at java.base/jdk.internal.reflect.NativeMethodAccessorImpl.invoke(NativeMethodAccessorImpl.java:62)
[2024-10-05T06:41:25.204+0000] {spark_submit.py:579} INFO - at java.base/jdk.internal.reflect.DelegatingMethodAccessorImpl.invoke(DelegatingMethodAccessorImpl.java:43)
[2024-10-05T06:41:25.204+0000] {spark_submit.py:579} INFO - at java.base/java.lang.reflect.Method.invoke(Method.java:566)
[2024-10-05T06:41:25.205+0000] {spark_submit.py:579} INFO - at py4j.reflection.MethodInvoker.invoke(MethodInvoker.java:244)
[2024-10-05T06:41:25.205+0000] {spark_submit.py:579} INFO - at py4j.reflection.ReflectionEngine.invoke(ReflectionEngine.java:374)
[2024-10-05T06:41:25.205+0000] {spark_submit.py:579} INFO - at py4j.Gateway.invoke(Gateway.java:282)
[2024-10-05T06:41:25.206+0000] {spark_submit.py:579} INFO - at py4j.commands.AbstractCommand.invokeMethod(AbstractCommand.java:132)
[2024-10-05T06:41:25.206+0000] {spark_submit.py:579} INFO - at py4j.commands.CallCommand.execute(CallCommand.java:79)
[2024-10-05T06:41:25.206+0000] {spark_submit.py:579} INFO - at py4j.ClientServerConnection.waitForCommands(ClientServerConnection.java:182)
[2024-10-05T06:41:25.207+0000] {spark_submit.py:579} INFO - at py4j.ClientServerConnection.run(ClientServerConnection.java:106)
[2024-10-05T06:41:25.207+0000] {spark_submit.py:579} INFO - at java.base/java.lang.Thread.run(Thread.java:829)
[2024-10-05T06:41:25.207+0000] {spark_submit.py:579} INFO - 
[2024-10-05T06:41:25.208+0000] {spark_submit.py:579} INFO - 24/10/05 06:41:25 INFO SparkContext: SparkContext is stopping with exitCode 0.
[2024-10-05T06:41:25.208+0000] {spark_submit.py:579} INFO - 24/10/05 06:41:25 INFO SparkUI: Stopped Spark web UI at http://5d09c913dd59:4040
[2024-10-05T06:41:25.209+0000] {spark_submit.py:579} INFO - 24/10/05 06:41:25 INFO StandaloneSchedulerBackend: Shutting down all executors
[2024-10-05T06:41:25.210+0000] {spark_submit.py:579} INFO - 24/10/05 06:41:25 INFO StandaloneSchedulerBackend$StandaloneDriverEndpoint: Asking each executor to shut down
[2024-10-05T06:41:25.232+0000] {spark_submit.py:579} INFO - 24/10/05 06:41:25 INFO MapOutputTrackerMasterEndpoint: MapOutputTrackerMasterEndpoint stopped!
[2024-10-05T06:41:25.259+0000] {spark_submit.py:579} INFO - 24/10/05 06:41:25 INFO MemoryStore: MemoryStore cleared
[2024-10-05T06:41:25.260+0000] {spark_submit.py:579} INFO - 24/10/05 06:41:25 INFO BlockManager: BlockManager stopped
[2024-10-05T06:41:25.268+0000] {spark_submit.py:579} INFO - 24/10/05 06:41:25 INFO BlockManagerMaster: BlockManagerMaster stopped
[2024-10-05T06:41:25.271+0000] {spark_submit.py:579} INFO - 24/10/05 06:41:25 INFO OutputCommitCoordinator$OutputCommitCoordinatorEndpoint: OutputCommitCoordinator stopped!
[2024-10-05T06:41:25.311+0000] {spark_submit.py:579} INFO - 24/10/05 06:41:25 INFO SparkContext: Successfully stopped SparkContext
[2024-10-05T06:41:25.733+0000] {spark_submit.py:579} INFO - 24/10/05 06:41:25 INFO ShutdownHookManager: Shutdown hook called
[2024-10-05T06:41:25.734+0000] {spark_submit.py:579} INFO - 24/10/05 06:41:25 INFO ShutdownHookManager: Deleting directory /tmp/spark-04c257bb-bdb1-462d-a572-21bdb7e294ba/pyspark-c40c1183-f921-43b0-a5f4-c94c4ef95bb7
[2024-10-05T06:41:25.738+0000] {spark_submit.py:579} INFO - 24/10/05 06:41:25 INFO ShutdownHookManager: Deleting directory /tmp/spark-e821f8f6-087a-4b1d-88b8-297fde5f4bf7
[2024-10-05T06:41:25.743+0000] {spark_submit.py:579} INFO - 24/10/05 06:41:25 INFO ShutdownHookManager: Deleting directory /tmp/spark-04c257bb-bdb1-462d-a572-21bdb7e294ba
[2024-10-05T06:41:25.750+0000] {spark_submit.py:579} INFO - 24/10/05 06:41:25 INFO MetricsSystemImpl: Stopping s3a-file-system metrics system...
[2024-10-05T06:41:25.751+0000] {spark_submit.py:579} INFO - 24/10/05 06:41:25 INFO MetricsSystemImpl: s3a-file-system metrics system stopped.
[2024-10-05T06:41:25.751+0000] {spark_submit.py:579} INFO - 24/10/05 06:41:25 INFO MetricsSystemImpl: s3a-file-system metrics system shutdown complete.
[2024-10-05T06:41:25.806+0000] {taskinstance.py:1935} ERROR - Task failed with exception
Traceback (most recent call last):
  File "/home/airflow/.local/lib/python3.11/site-packages/airflow/providers/apache/spark/operators/spark_submit.py", line 174, in execute
    self._hook.submit(self.application)
  File "/home/airflow/.local/lib/python3.11/site-packages/airflow/providers/apache/spark/hooks/spark_submit.py", line 505, in submit
    raise AirflowException(
airflow.exceptions.AirflowException: Cannot execute: spark-submit --master spark://spark-master:7077 --conf spark.sql.extensions=io.delta.sql.DeltaSparkSessionExtension --conf spark.sql.catalog.spark_catalog=org.apache.spark.sql.delta.catalog.DeltaCatalog --conf spark.delta.logStore.class=org.apache.spark.sql.delta.storage.S3SingleDriverLogStore --jars /opt/***/jars/hadoop-aws-3.3.4.jar,/opt/***/jars/s3-2.18.41.jar,/opt/***/jars/aws-java-sdk-1.12.367.jar,/opt/***/jars/delta-core_2.12-2.4.0.jar,/opt/***/jars/delta-spark_2.13-3.2.1.jar,/opt/***/jars/delta-storage-2.2.0.jar --packages org.apache.hadoop:hadoop-aws:3.3.4 --num-executors 2 --total-executor-cores 2 --executor-cores 2 --executor-memory 2g --driver-memory 1g --name arrow-spark --deploy-mode client /opt/***/jobs/python/test_Key.py s3a://lakehouse/bronze/keywords.parquet s3a://lakehouse/silver. Error code is: 1.
[2024-10-05T06:41:25.810+0000] {taskinstance.py:1398} INFO - Marking task as UP_FOR_RETRY. dag_id=spark_processing_dag, task_id=silver_cleaned_keywords, execution_date=20241004T000000, start_date=20241005T064112, end_date=20241005T064125
[2024-10-05T06:41:25.824+0000] {standard_task_runner.py:104} ERROR - Failed to execute job 151 for task silver_cleaned_keywords (Cannot execute: spark-submit --master spark://spark-master:7077 --conf spark.sql.extensions=io.delta.sql.DeltaSparkSessionExtension --conf spark.sql.catalog.spark_catalog=org.apache.spark.sql.delta.catalog.DeltaCatalog --conf spark.delta.logStore.class=org.apache.spark.sql.delta.storage.S3SingleDriverLogStore --jars /opt/***/jars/hadoop-aws-3.3.4.jar,/opt/***/jars/s3-2.18.41.jar,/opt/***/jars/aws-java-sdk-1.12.367.jar,/opt/***/jars/delta-core_2.12-2.4.0.jar,/opt/***/jars/delta-spark_2.13-3.2.1.jar,/opt/***/jars/delta-storage-2.2.0.jar --packages org.apache.hadoop:hadoop-aws:3.3.4 --num-executors 2 --total-executor-cores 2 --executor-cores 2 --executor-memory 2g --driver-memory 1g --name arrow-spark --deploy-mode client /opt/***/jobs/python/test_Key.py s3a://lakehouse/bronze/keywords.parquet s3a://lakehouse/silver. Error code is: 1.; 1891)
[2024-10-05T06:41:25.851+0000] {local_task_job_runner.py:228} INFO - Task exited with return code 1
[2024-10-05T06:41:25.865+0000] {taskinstance.py:2776} INFO - 0 downstream tasks scheduled from follow-on schedule check
