[2024-10-05T11:02:56.751+0000] {taskinstance.py:1157} INFO - Dependencies all met for dep_context=non-requeueable deps ti=<TaskInstance: spark_processing_dag.silver_cleaned_keywords manual__2024-10-05T11:02:55.512310+00:00 [queued]>
[2024-10-05T11:02:56.759+0000] {taskinstance.py:1157} INFO - Dependencies all met for dep_context=requeueable deps ti=<TaskInstance: spark_processing_dag.silver_cleaned_keywords manual__2024-10-05T11:02:55.512310+00:00 [queued]>
[2024-10-05T11:02:56.760+0000] {taskinstance.py:1359} INFO - Starting attempt 1 of 2
[2024-10-05T11:02:56.770+0000] {taskinstance.py:1380} INFO - Executing <Task(SparkSubmitOperator): silver_cleaned_keywords> on 2024-10-05 11:02:55.512310+00:00
[2024-10-05T11:02:56.774+0000] {standard_task_runner.py:57} INFO - Started process 199 to run task
[2024-10-05T11:02:56.776+0000] {standard_task_runner.py:84} INFO - Running: ['***', 'tasks', 'run', 'spark_processing_dag', 'silver_cleaned_keywords', 'manual__2024-10-05T11:02:55.512310+00:00', '--job-id', '187', '--raw', '--subdir', 'DAGS_FOLDER/sliver_layer.py', '--cfg-path', '/tmp/tmptthbab2l']
[2024-10-05T11:02:56.779+0000] {standard_task_runner.py:85} INFO - Job 187: Subtask silver_cleaned_keywords
[2024-10-05T11:02:56.822+0000] {task_command.py:415} INFO - Running <TaskInstance: spark_processing_dag.silver_cleaned_keywords manual__2024-10-05T11:02:55.512310+00:00 [running]> on host 8cc963156206
[2024-10-05T11:02:56.881+0000] {taskinstance.py:1660} INFO - Exporting env vars: AIRFLOW_CTX_DAG_OWNER='***' AIRFLOW_CTX_DAG_ID='spark_processing_dag' AIRFLOW_CTX_TASK_ID='silver_cleaned_keywords' AIRFLOW_CTX_EXECUTION_DATE='2024-10-05T11:02:55.512310+00:00' AIRFLOW_CTX_TRY_NUMBER='1' AIRFLOW_CTX_DAG_RUN_ID='manual__2024-10-05T11:02:55.512310+00:00'
[2024-10-05T11:02:56.889+0000] {base.py:73} INFO - Using connection ID 'spark-conn' for task execution.
[2024-10-05T11:02:56.891+0000] {spark_submit.py:403} INFO - Spark-Submit cmd: spark-submit --master spark://spark-master:7077 --conf spark.sql.extensions=io.delta.sql.DeltaSparkSessionExtension --conf spark.sql.catalog.spark_catalog=org.apache.spark.sql.delta.catalog.DeltaCatalog --conf spark.delta.logStore.class=org.apache.spark.sql.delta.storage.S3SingleDriverLogStore --jars /opt/***/jars/hadoop-aws-3.3.4.jar,/opt/***/jars/s3-2.18.41.jar,/opt/***/jars/aws-java-sdk-1.12.367.jar,/opt/***/jars/delta-core_2.12-2.2.0.jar,/opt/***/jars/delta-storage-2.2.0.jar --packages org.apache.hadoop:hadoop-aws:3.3.4 --num-executors 2 --total-executor-cores 2 --executor-cores 2 --executor-memory 2g --driver-memory 1g --name arrow-spark --deploy-mode client /opt/***/jobs/python/test_Key.py s3a://lakehouse/bronze/keywords.parquet s3a://lakehouse/silver
[2024-10-05T11:02:56.965+0000] {spark_submit.py:579} INFO - /home/***/.local/lib/python3.11/site-packages/pyspark/bin/load-spark-env.sh: line 68: ps: command not found
[2024-10-05T11:02:58.693+0000] {spark_submit.py:579} INFO - :: loading settings :: url = jar:file:/home/***/.local/lib/python3.11/site-packages/pyspark/jars/ivy-2.5.1.jar!/org/apache/ivy/core/settings/ivysettings.xml
[2024-10-05T11:02:58.799+0000] {spark_submit.py:579} INFO - Ivy Default Cache set to: /home/***/.ivy2/cache
[2024-10-05T11:02:58.799+0000] {spark_submit.py:579} INFO - The jars for the packages stored in: /home/***/.ivy2/jars
[2024-10-05T11:02:58.804+0000] {spark_submit.py:579} INFO - org.apache.hadoop#hadoop-aws added as a dependency
[2024-10-05T11:02:58.806+0000] {spark_submit.py:579} INFO - :: resolving dependencies :: org.apache.spark#spark-submit-parent-044c1e93-075b-4ae5-bd5b-8492ba8f5178;1.0
[2024-10-05T11:02:58.806+0000] {spark_submit.py:579} INFO - confs: [default]
[2024-10-05T11:03:03.626+0000] {spark_submit.py:579} INFO - found org.apache.hadoop#hadoop-aws;3.3.4 in central
[2024-10-05T11:03:05.401+0000] {spark_submit.py:579} INFO - found com.amazonaws#aws-java-sdk-bundle;1.12.262 in central
[2024-10-05T11:03:08.688+0000] {spark_submit.py:579} INFO - found org.wildfly.openssl#wildfly-openssl;1.0.7.Final in central
[2024-10-05T11:03:08.888+0000] {spark_submit.py:579} INFO - downloading https://repo1.maven.org/maven2/org/apache/hadoop/hadoop-aws/3.3.4/hadoop-aws-3.3.4.jar ...
[2024-10-05T11:03:09.666+0000] {spark_submit.py:579} INFO - [SUCCESSFUL ] org.apache.hadoop#hadoop-aws;3.3.4!hadoop-aws.jar (971ms)
[2024-10-05T11:03:09.859+0000] {spark_submit.py:579} INFO - downloading https://repo1.maven.org/maven2/com/amazonaws/aws-java-sdk-bundle/1.12.262/aws-java-sdk-bundle-1.12.262.jar ...
[2024-10-05T11:04:24.834+0000] {spark_submit.py:579} INFO - [SUCCESSFUL ] com.amazonaws#aws-java-sdk-bundle;1.12.262!aws-java-sdk-bundle.jar (75166ms)
[2024-10-05T11:04:25.026+0000] {spark_submit.py:579} INFO - downloading https://repo1.maven.org/maven2/org/wildfly/openssl/wildfly-openssl/1.0.7.Final/wildfly-openssl-1.0.7.Final.jar ...
[2024-10-05T11:04:25.292+0000] {spark_submit.py:579} INFO - [SUCCESSFUL ] org.wildfly.openssl#wildfly-openssl;1.0.7.Final!wildfly-openssl.jar (457ms)
[2024-10-05T11:04:25.293+0000] {spark_submit.py:579} INFO - :: resolution report :: resolve 9889ms :: artifacts dl 76599ms
[2024-10-05T11:04:25.294+0000] {spark_submit.py:579} INFO - :: modules in use:
[2024-10-05T11:04:25.294+0000] {spark_submit.py:579} INFO - com.amazonaws#aws-java-sdk-bundle;1.12.262 from central in [default]
[2024-10-05T11:04:25.294+0000] {spark_submit.py:579} INFO - org.apache.hadoop#hadoop-aws;3.3.4 from central in [default]
[2024-10-05T11:04:25.294+0000] {spark_submit.py:579} INFO - org.wildfly.openssl#wildfly-openssl;1.0.7.Final from central in [default]
[2024-10-05T11:04:25.295+0000] {spark_submit.py:579} INFO - ---------------------------------------------------------------------
[2024-10-05T11:04:25.295+0000] {spark_submit.py:579} INFO - |                  |            modules            ||   artifacts   |
[2024-10-05T11:04:25.295+0000] {spark_submit.py:579} INFO - |       conf       | number| search|dwnlded|evicted|| number|dwnlded|
[2024-10-05T11:04:25.296+0000] {spark_submit.py:579} INFO - ---------------------------------------------------------------------
[2024-10-05T11:04:25.296+0000] {spark_submit.py:579} INFO - |      default     |   3   |   3   |   3   |   0   ||   3   |   3   |
[2024-10-05T11:04:25.296+0000] {spark_submit.py:579} INFO - ---------------------------------------------------------------------
[2024-10-05T11:04:25.300+0000] {spark_submit.py:579} INFO - :: retrieving :: org.apache.spark#spark-submit-parent-044c1e93-075b-4ae5-bd5b-8492ba8f5178
[2024-10-05T11:04:25.301+0000] {spark_submit.py:579} INFO - confs: [default]
[2024-10-05T11:04:25.802+0000] {spark_submit.py:579} INFO - 3 artifacts copied, 0 already retrieved (275421kB/502ms)
[2024-10-05T11:04:26.006+0000] {spark_submit.py:579} INFO - 24/10/05 11:04:26 WARN NativeCodeLoader: Unable to load native-hadoop library for your platform... using builtin-java classes where applicable
[2024-10-05T11:04:27.483+0000] {spark_submit.py:579} INFO - 24/10/05 11:04:27 INFO SparkContext: Running Spark version 3.5.1
[2024-10-05T11:04:27.484+0000] {spark_submit.py:579} INFO - 24/10/05 11:04:27 INFO SparkContext: OS info Linux, 5.15.153.1-microsoft-standard-WSL2, amd64
[2024-10-05T11:04:27.484+0000] {spark_submit.py:579} INFO - 24/10/05 11:04:27 INFO SparkContext: Java version 11.0.24
[2024-10-05T11:04:27.511+0000] {spark_submit.py:579} INFO - 24/10/05 11:04:27 INFO ResourceUtils: ==============================================================
[2024-10-05T11:04:27.512+0000] {spark_submit.py:579} INFO - 24/10/05 11:04:27 INFO ResourceUtils: No custom resources configured for spark.driver.
[2024-10-05T11:04:27.512+0000] {spark_submit.py:579} INFO - 24/10/05 11:04:27 INFO ResourceUtils: ==============================================================
[2024-10-05T11:04:27.513+0000] {spark_submit.py:579} INFO - 24/10/05 11:04:27 INFO SparkContext: Submitted application: CleanKeywords
[2024-10-05T11:04:27.534+0000] {spark_submit.py:579} INFO - 24/10/05 11:04:27 INFO ResourceProfile: Default ResourceProfile created, executor resources: Map(cores -> name: cores, amount: 2, script: , vendor: , memory -> name: memory, amount: 2048, script: , vendor: , offHeap -> name: offHeap, amount: 0, script: , vendor: ), task resources: Map(cpus -> name: cpus, amount: 1.0)
[2024-10-05T11:04:27.547+0000] {spark_submit.py:579} INFO - 24/10/05 11:04:27 INFO ResourceProfile: Limiting resource is cpus at 2 tasks per executor
[2024-10-05T11:04:27.549+0000] {spark_submit.py:579} INFO - 24/10/05 11:04:27 INFO ResourceProfileManager: Added ResourceProfile id: 0
[2024-10-05T11:04:27.598+0000] {spark_submit.py:579} INFO - 24/10/05 11:04:27 INFO SecurityManager: Changing view acls to: ***
[2024-10-05T11:04:27.598+0000] {spark_submit.py:579} INFO - 24/10/05 11:04:27 INFO SecurityManager: Changing modify acls to: ***
[2024-10-05T11:04:27.599+0000] {spark_submit.py:579} INFO - 24/10/05 11:04:27 INFO SecurityManager: Changing view acls groups to:
[2024-10-05T11:04:27.599+0000] {spark_submit.py:579} INFO - 24/10/05 11:04:27 INFO SecurityManager: Changing modify acls groups to:
[2024-10-05T11:04:27.600+0000] {spark_submit.py:579} INFO - 24/10/05 11:04:27 INFO SecurityManager: SecurityManager: authentication disabled; ui acls disabled; users with view permissions: ***; groups with view permissions: EMPTY; users with modify permissions: ***; groups with modify permissions: EMPTY
[2024-10-05T11:04:27.799+0000] {spark_submit.py:579} INFO - 24/10/05 11:04:27 INFO Utils: Successfully started service 'sparkDriver' on port 45493.
[2024-10-05T11:04:27.828+0000] {spark_submit.py:579} INFO - 24/10/05 11:04:27 INFO SparkEnv: Registering MapOutputTracker
[2024-10-05T11:04:27.863+0000] {spark_submit.py:579} INFO - 24/10/05 11:04:27 INFO SparkEnv: Registering BlockManagerMaster
[2024-10-05T11:04:27.878+0000] {spark_submit.py:579} INFO - 24/10/05 11:04:27 INFO BlockManagerMasterEndpoint: Using org.apache.spark.storage.DefaultTopologyMapper for getting topology information
[2024-10-05T11:04:27.879+0000] {spark_submit.py:579} INFO - 24/10/05 11:04:27 INFO BlockManagerMasterEndpoint: BlockManagerMasterEndpoint up
[2024-10-05T11:04:27.884+0000] {spark_submit.py:579} INFO - 24/10/05 11:04:27 INFO SparkEnv: Registering BlockManagerMasterHeartbeat
[2024-10-05T11:04:27.925+0000] {spark_submit.py:579} INFO - 24/10/05 11:04:27 INFO DiskBlockManager: Created local directory at /tmp/blockmgr-5c90b543-62f1-4ad3-bc18-47a002cdec1a
[2024-10-05T11:04:27.943+0000] {spark_submit.py:579} INFO - 24/10/05 11:04:27 INFO MemoryStore: MemoryStore started with capacity 434.4 MiB
[2024-10-05T11:04:27.965+0000] {spark_submit.py:579} INFO - 24/10/05 11:04:27 INFO SparkEnv: Registering OutputCommitCoordinator
[2024-10-05T11:04:28.147+0000] {spark_submit.py:579} INFO - 24/10/05 11:04:28 INFO JettyUtils: Start Jetty 0.0.0.0:4040 for SparkUI
[2024-10-05T11:04:28.206+0000] {spark_submit.py:579} INFO - 24/10/05 11:04:28 INFO Utils: Successfully started service 'SparkUI' on port 4040.
[2024-10-05T11:04:28.242+0000] {spark_submit.py:579} INFO - 24/10/05 11:04:28 INFO SparkContext: Added JAR file:///opt/***/jars/hadoop-aws-3.3.4.jar at spark://8cc963156206:45493/jars/hadoop-aws-3.3.4.jar with timestamp 1728126267473
[2024-10-05T11:04:28.243+0000] {spark_submit.py:579} INFO - 24/10/05 11:04:28 INFO SparkContext: Added JAR file:///opt/***/jars/s3-2.18.41.jar at spark://8cc963156206:45493/jars/s3-2.18.41.jar with timestamp 1728126267473
[2024-10-05T11:04:28.244+0000] {spark_submit.py:579} INFO - 24/10/05 11:04:28 INFO SparkContext: Added JAR file:///opt/***/jars/aws-java-sdk-1.12.367.jar at spark://8cc963156206:45493/jars/aws-java-sdk-1.12.367.jar with timestamp 1728126267473
[2024-10-05T11:04:28.246+0000] {spark_submit.py:579} INFO - 24/10/05 11:04:28 INFO SparkContext: Added JAR file:///opt/***/jars/delta-core_2.12-2.2.0.jar at spark://8cc963156206:45493/jars/delta-core_2.12-2.2.0.jar with timestamp 1728126267473
[2024-10-05T11:04:28.247+0000] {spark_submit.py:579} INFO - 24/10/05 11:04:28 INFO SparkContext: Added JAR file:///opt/***/jars/delta-storage-2.2.0.jar at spark://8cc963156206:45493/jars/delta-storage-2.2.0.jar with timestamp 1728126267473
[2024-10-05T11:04:28.247+0000] {spark_submit.py:579} INFO - 24/10/05 11:04:28 INFO SparkContext: Added JAR file:///home/***/.ivy2/jars/org.apache.hadoop_hadoop-aws-3.3.4.jar at spark://8cc963156206:45493/jars/org.apache.hadoop_hadoop-aws-3.3.4.jar with timestamp 1728126267473
[2024-10-05T11:04:28.248+0000] {spark_submit.py:579} INFO - 24/10/05 11:04:28 INFO SparkContext: Added JAR file:///home/***/.ivy2/jars/com.amazonaws_aws-java-sdk-bundle-1.12.262.jar at spark://8cc963156206:45493/jars/com.amazonaws_aws-java-sdk-bundle-1.12.262.jar with timestamp 1728126267473
[2024-10-05T11:04:28.248+0000] {spark_submit.py:579} INFO - 24/10/05 11:04:28 INFO SparkContext: Added JAR file:///home/***/.ivy2/jars/org.wildfly.openssl_wildfly-openssl-1.0.7.Final.jar at spark://8cc963156206:45493/jars/org.wildfly.openssl_wildfly-openssl-1.0.7.Final.jar with timestamp 1728126267473
[2024-10-05T11:04:28.251+0000] {spark_submit.py:579} INFO - 24/10/05 11:04:28 INFO SparkContext: Added file file:///home/***/.ivy2/jars/org.apache.hadoop_hadoop-aws-3.3.4.jar at spark://8cc963156206:45493/files/org.apache.hadoop_hadoop-aws-3.3.4.jar with timestamp 1728126267473
[2024-10-05T11:04:28.253+0000] {spark_submit.py:579} INFO - 24/10/05 11:04:28 INFO Utils: Copying /home/***/.ivy2/jars/org.apache.hadoop_hadoop-aws-3.3.4.jar to /tmp/spark-740c7bf4-32f2-4039-be97-ee037b056be9/userFiles-8ce9b4a8-2d6f-40fd-8b7c-0ce124dc2a95/org.apache.hadoop_hadoop-aws-3.3.4.jar
[2024-10-05T11:04:28.266+0000] {spark_submit.py:579} INFO - 24/10/05 11:04:28 INFO SparkContext: Added file file:///home/***/.ivy2/jars/com.amazonaws_aws-java-sdk-bundle-1.12.262.jar at spark://8cc963156206:45493/files/com.amazonaws_aws-java-sdk-bundle-1.12.262.jar with timestamp 1728126267473
[2024-10-05T11:04:28.266+0000] {spark_submit.py:579} INFO - 24/10/05 11:04:28 INFO Utils: Copying /home/***/.ivy2/jars/com.amazonaws_aws-java-sdk-bundle-1.12.262.jar to /tmp/spark-740c7bf4-32f2-4039-be97-ee037b056be9/userFiles-8ce9b4a8-2d6f-40fd-8b7c-0ce124dc2a95/com.amazonaws_aws-java-sdk-bundle-1.12.262.jar
[2024-10-05T11:04:28.662+0000] {spark_submit.py:579} INFO - 24/10/05 11:04:28 INFO SparkContext: Added file file:///home/***/.ivy2/jars/org.wildfly.openssl_wildfly-openssl-1.0.7.Final.jar at spark://8cc963156206:45493/files/org.wildfly.openssl_wildfly-openssl-1.0.7.Final.jar with timestamp 1728126267473
[2024-10-05T11:04:28.663+0000] {spark_submit.py:579} INFO - 24/10/05 11:04:28 INFO Utils: Copying /home/***/.ivy2/jars/org.wildfly.openssl_wildfly-openssl-1.0.7.Final.jar to /tmp/spark-740c7bf4-32f2-4039-be97-ee037b056be9/userFiles-8ce9b4a8-2d6f-40fd-8b7c-0ce124dc2a95/org.wildfly.openssl_wildfly-openssl-1.0.7.Final.jar
[2024-10-05T11:04:28.739+0000] {spark_submit.py:579} INFO - 24/10/05 11:04:28 INFO StandaloneAppClient$ClientEndpoint: Connecting to master spark://spark-master:7077...
[2024-10-05T11:04:28.796+0000] {spark_submit.py:579} INFO - 24/10/05 11:04:28 INFO TransportClientFactory: Successfully created connection to spark-master/172.20.0.3:7077 after 40 ms (0 ms spent in bootstraps)
[2024-10-05T11:04:48.739+0000] {spark_submit.py:579} INFO - 24/10/05 11:04:48 INFO StandaloneAppClient$ClientEndpoint: Connecting to master spark://spark-master:7077...
[2024-10-05T11:05:08.738+0000] {spark_submit.py:579} INFO - 24/10/05 11:05:08 INFO StandaloneAppClient$ClientEndpoint: Connecting to master spark://spark-master:7077...
[2024-10-05T11:05:28.740+0000] {spark_submit.py:579} INFO - 24/10/05 11:05:28 WARN StandaloneSchedulerBackend: Application ID is not initialized yet.
[2024-10-05T11:05:28.740+0000] {spark_submit.py:579} INFO - 24/10/05 11:05:28 ERROR StandaloneSchedulerBackend: Application has been killed. Reason: All masters are unresponsive! Giving up.
[2024-10-05T11:05:28.753+0000] {spark_submit.py:579} INFO - 24/10/05 11:05:28 INFO Utils: Successfully started service 'org.apache.spark.network.netty.NettyBlockTransferService' on port 42593.
[2024-10-05T11:05:28.753+0000] {spark_submit.py:579} INFO - 24/10/05 11:05:28 INFO NettyBlockTransferService: Server created on 8cc963156206:42593
[2024-10-05T11:05:28.756+0000] {spark_submit.py:579} INFO - 24/10/05 11:05:28 INFO BlockManager: Using org.apache.spark.storage.RandomBlockReplicationPolicy for block replication policy
[2024-10-05T11:05:28.763+0000] {spark_submit.py:579} INFO - 24/10/05 11:05:28 INFO BlockManagerMaster: Registering BlockManager BlockManagerId(driver, 8cc963156206, 42593, None)
[2024-10-05T11:05:28.767+0000] {spark_submit.py:579} INFO - 24/10/05 11:05:28 INFO BlockManagerMasterEndpoint: Registering block manager 8cc963156206:42593 with 434.4 MiB RAM, BlockManagerId(driver, 8cc963156206, 42593, None)
[2024-10-05T11:05:28.770+0000] {spark_submit.py:579} INFO - 24/10/05 11:05:28 INFO BlockManagerMaster: Registered BlockManager BlockManagerId(driver, 8cc963156206, 42593, None)
[2024-10-05T11:05:28.771+0000] {spark_submit.py:579} INFO - 24/10/05 11:05:28 INFO BlockManager: Initialized BlockManager: BlockManagerId(driver, 8cc963156206, 42593, None)
[2024-10-05T11:05:28.994+0000] {spark_submit.py:579} INFO - 24/10/05 11:05:28 INFO StandaloneSchedulerBackend: SchedulerBackend is ready for scheduling beginning after reached minRegisteredResourcesRatio: 0.0
[2024-10-05T11:05:29.299+0000] {spark_submit.py:579} INFO - Reading data from s3a://lakehouse/bronze/keywords.parquet
[2024-10-05T11:05:29.301+0000] {spark_submit.py:579} INFO - 24/10/05 11:05:29 INFO SparkContext: SparkContext is stopping with exitCode 0.
[2024-10-05T11:05:29.307+0000] {spark_submit.py:579} INFO - 24/10/05 11:05:29 INFO SharedState: Setting hive.metastore.warehouse.dir ('null') to the value of spark.sql.warehouse.dir.
[2024-10-05T11:05:29.310+0000] {spark_submit.py:579} INFO - 24/10/05 11:05:29 INFO SparkUI: Stopped Spark web UI at http://8cc963156206:4040
[2024-10-05T11:05:29.315+0000] {spark_submit.py:579} INFO - 24/10/05 11:05:29 INFO StandaloneSchedulerBackend: Shutting down all executors
[2024-10-05T11:05:29.319+0000] {spark_submit.py:579} INFO - 24/10/05 11:05:29 INFO StandaloneSchedulerBackend$StandaloneDriverEndpoint: Asking each executor to shut down
[2024-10-05T11:05:29.324+0000] {spark_submit.py:579} INFO - 24/10/05 11:05:29 WARN StandaloneAppClient$ClientEndpoint: Drop UnregisterApplication(null) because has not yet connected to master
[2024-10-05T11:05:29.333+0000] {spark_submit.py:579} INFO - 24/10/05 11:05:29 INFO MapOutputTrackerMasterEndpoint: MapOutputTrackerMasterEndpoint stopped!
[2024-10-05T11:05:29.345+0000] {spark_submit.py:579} INFO - 24/10/05 11:05:29 INFO MemoryStore: MemoryStore cleared
[2024-10-05T11:05:29.346+0000] {spark_submit.py:579} INFO - 24/10/05 11:05:29 INFO BlockManager: BlockManager stopped
[2024-10-05T11:05:29.352+0000] {spark_submit.py:579} INFO - 24/10/05 11:05:29 INFO BlockManagerMaster: BlockManagerMaster stopped
[2024-10-05T11:05:29.354+0000] {spark_submit.py:579} INFO - 24/10/05 11:05:29 INFO OutputCommitCoordinator$OutputCommitCoordinatorEndpoint: OutputCommitCoordinator stopped!
[2024-10-05T11:05:29.393+0000] {spark_submit.py:579} INFO - 24/10/05 11:05:29 INFO SparkContext: Successfully stopped SparkContext
[2024-10-05T11:05:29.502+0000] {spark_submit.py:579} INFO - 24/10/05 11:05:29 WARN MetricsConfig: Cannot locate configuration: tried hadoop-metrics2-s3a-file-system.properties,hadoop-metrics2.properties
[2024-10-05T11:05:29.518+0000] {spark_submit.py:579} INFO - 24/10/05 11:05:29 INFO MetricsSystemImpl: Scheduled Metric snapshot period at 10 second(s).
[2024-10-05T11:05:29.519+0000] {spark_submit.py:579} INFO - 24/10/05 11:05:29 INFO MetricsSystemImpl: s3a-file-system metrics system started
[2024-10-05T11:05:30.370+0000] {spark_submit.py:579} INFO - 24/10/05 11:05:30 INFO SharedState: Warehouse path is 's3a://lakehouse/'.
[2024-10-05T11:05:30.436+0000] {spark_submit.py:579} INFO - Error during cleaning process: An error occurred while calling o53.read.
[2024-10-05T11:05:30.437+0000] {spark_submit.py:579} INFO - : java.lang.IllegalStateException: LiveListenerBus is stopped.
[2024-10-05T11:05:30.437+0000] {spark_submit.py:579} INFO - at org.apache.spark.scheduler.LiveListenerBus.addToQueue(LiveListenerBus.scala:92)
[2024-10-05T11:05:30.437+0000] {spark_submit.py:579} INFO - at org.apache.spark.scheduler.LiveListenerBus.addToStatusQueue(LiveListenerBus.scala:75)
[2024-10-05T11:05:30.437+0000] {spark_submit.py:579} INFO - at org.apache.spark.sql.internal.SharedState.<init>(SharedState.scala:115)
[2024-10-05T11:05:30.438+0000] {spark_submit.py:579} INFO - at org.apache.spark.sql.SparkSession.$anonfun$sharedState$1(SparkSession.scala:143)
[2024-10-05T11:05:30.438+0000] {spark_submit.py:579} INFO - at scala.Option.getOrElse(Option.scala:189)
[2024-10-05T11:05:30.438+0000] {spark_submit.py:579} INFO - at org.apache.spark.sql.SparkSession.sharedState$lzycompute(SparkSession.scala:143)
[2024-10-05T11:05:30.438+0000] {spark_submit.py:579} INFO - at org.apache.spark.sql.SparkSession.sharedState(SparkSession.scala:142)
[2024-10-05T11:05:30.438+0000] {spark_submit.py:579} INFO - at org.apache.spark.sql.SparkSession.$anonfun$sessionState$2(SparkSession.scala:162)
[2024-10-05T11:05:30.438+0000] {spark_submit.py:579} INFO - at scala.Option.getOrElse(Option.scala:189)
[2024-10-05T11:05:30.439+0000] {spark_submit.py:579} INFO - at org.apache.spark.sql.SparkSession.sessionState$lzycompute(SparkSession.scala:160)
[2024-10-05T11:05:30.439+0000] {spark_submit.py:579} INFO - at org.apache.spark.sql.SparkSession.sessionState(SparkSession.scala:157)
[2024-10-05T11:05:30.439+0000] {spark_submit.py:579} INFO - at org.apache.spark.sql.DataFrameReader.<init>(DataFrameReader.scala:699)
[2024-10-05T11:05:30.439+0000] {spark_submit.py:579} INFO - at org.apache.spark.sql.SparkSession.read(SparkSession.scala:783)
[2024-10-05T11:05:30.439+0000] {spark_submit.py:579} INFO - at java.base/jdk.internal.reflect.NativeMethodAccessorImpl.invoke0(Native Method)
[2024-10-05T11:05:30.440+0000] {spark_submit.py:579} INFO - at java.base/jdk.internal.reflect.NativeMethodAccessorImpl.invoke(NativeMethodAccessorImpl.java:62)
[2024-10-05T11:05:30.440+0000] {spark_submit.py:579} INFO - at java.base/jdk.internal.reflect.DelegatingMethodAccessorImpl.invoke(DelegatingMethodAccessorImpl.java:43)
[2024-10-05T11:05:30.440+0000] {spark_submit.py:579} INFO - at java.base/java.lang.reflect.Method.invoke(Method.java:566)
[2024-10-05T11:05:30.440+0000] {spark_submit.py:579} INFO - at py4j.reflection.MethodInvoker.invoke(MethodInvoker.java:244)
[2024-10-05T11:05:30.440+0000] {spark_submit.py:579} INFO - at py4j.reflection.ReflectionEngine.invoke(ReflectionEngine.java:374)
[2024-10-05T11:05:30.440+0000] {spark_submit.py:579} INFO - at py4j.Gateway.invoke(Gateway.java:282)
[2024-10-05T11:05:30.441+0000] {spark_submit.py:579} INFO - at py4j.commands.AbstractCommand.invokeMethod(AbstractCommand.java:132)
[2024-10-05T11:05:30.441+0000] {spark_submit.py:579} INFO - at py4j.commands.CallCommand.execute(CallCommand.java:79)
[2024-10-05T11:05:30.441+0000] {spark_submit.py:579} INFO - at py4j.ClientServerConnection.waitForCommands(ClientServerConnection.java:182)
[2024-10-05T11:05:30.441+0000] {spark_submit.py:579} INFO - at py4j.ClientServerConnection.run(ClientServerConnection.java:106)
[2024-10-05T11:05:30.441+0000] {spark_submit.py:579} INFO - at java.base/java.lang.Thread.run(Thread.java:829)
[2024-10-05T11:05:30.441+0000] {spark_submit.py:579} INFO - 
[2024-10-05T11:05:30.442+0000] {spark_submit.py:579} INFO - 24/10/05 11:05:30 INFO SparkContext: SparkContext is stopping with exitCode 0.
[2024-10-05T11:05:30.442+0000] {spark_submit.py:579} INFO - 24/10/05 11:05:30 INFO SparkContext: SparkContext already stopped.
[2024-10-05T11:05:30.586+0000] {spark_submit.py:579} INFO - 24/10/05 11:05:30 INFO ShutdownHookManager: Shutdown hook called
[2024-10-05T11:05:30.587+0000] {spark_submit.py:579} INFO - 24/10/05 11:05:30 INFO ShutdownHookManager: Deleting directory /tmp/spark-740c7bf4-32f2-4039-be97-ee037b056be9
[2024-10-05T11:05:30.591+0000] {spark_submit.py:579} INFO - 24/10/05 11:05:30 INFO ShutdownHookManager: Deleting directory /tmp/spark-79217d62-977a-43db-81ff-3c232d6cd173
[2024-10-05T11:05:30.594+0000] {spark_submit.py:579} INFO - 24/10/05 11:05:30 INFO ShutdownHookManager: Deleting directory /tmp/spark-740c7bf4-32f2-4039-be97-ee037b056be9/pyspark-bf9956be-5ce4-4762-a7f4-c59376145a87
[2024-10-05T11:05:30.605+0000] {spark_submit.py:579} INFO - 24/10/05 11:05:30 INFO MetricsSystemImpl: Stopping s3a-file-system metrics system...
[2024-10-05T11:05:30.605+0000] {spark_submit.py:579} INFO - 24/10/05 11:05:30 INFO MetricsSystemImpl: s3a-file-system metrics system stopped.
[2024-10-05T11:05:30.606+0000] {spark_submit.py:579} INFO - 24/10/05 11:05:30 INFO MetricsSystemImpl: s3a-file-system metrics system shutdown complete.
[2024-10-05T11:05:30.658+0000] {taskinstance.py:1935} ERROR - Task failed with exception
Traceback (most recent call last):
  File "/home/airflow/.local/lib/python3.11/site-packages/airflow/providers/apache/spark/operators/spark_submit.py", line 174, in execute
    self._hook.submit(self.application)
  File "/home/airflow/.local/lib/python3.11/site-packages/airflow/providers/apache/spark/hooks/spark_submit.py", line 505, in submit
    raise AirflowException(
airflow.exceptions.AirflowException: Cannot execute: spark-submit --master spark://spark-master:7077 --conf spark.sql.extensions=io.delta.sql.DeltaSparkSessionExtension --conf spark.sql.catalog.spark_catalog=org.apache.spark.sql.delta.catalog.DeltaCatalog --conf spark.delta.logStore.class=org.apache.spark.sql.delta.storage.S3SingleDriverLogStore --jars /opt/***/jars/hadoop-aws-3.3.4.jar,/opt/***/jars/s3-2.18.41.jar,/opt/***/jars/aws-java-sdk-1.12.367.jar,/opt/***/jars/delta-core_2.12-2.2.0.jar,/opt/***/jars/delta-storage-2.2.0.jar --packages org.apache.hadoop:hadoop-aws:3.3.4 --num-executors 2 --total-executor-cores 2 --executor-cores 2 --executor-memory 2g --driver-memory 1g --name arrow-spark --deploy-mode client /opt/***/jobs/python/test_Key.py s3a://lakehouse/bronze/keywords.parquet s3a://lakehouse/silver. Error code is: 1.
[2024-10-05T11:05:30.664+0000] {taskinstance.py:1398} INFO - Marking task as UP_FOR_RETRY. dag_id=spark_processing_dag, task_id=silver_cleaned_keywords, execution_date=20241005T110255, start_date=20241005T110256, end_date=20241005T110530
[2024-10-05T11:05:30.678+0000] {standard_task_runner.py:104} ERROR - Failed to execute job 187 for task silver_cleaned_keywords (Cannot execute: spark-submit --master spark://spark-master:7077 --conf spark.sql.extensions=io.delta.sql.DeltaSparkSessionExtension --conf spark.sql.catalog.spark_catalog=org.apache.spark.sql.delta.catalog.DeltaCatalog --conf spark.delta.logStore.class=org.apache.spark.sql.delta.storage.S3SingleDriverLogStore --jars /opt/***/jars/hadoop-aws-3.3.4.jar,/opt/***/jars/s3-2.18.41.jar,/opt/***/jars/aws-java-sdk-1.12.367.jar,/opt/***/jars/delta-core_2.12-2.2.0.jar,/opt/***/jars/delta-storage-2.2.0.jar --packages org.apache.hadoop:hadoop-aws:3.3.4 --num-executors 2 --total-executor-cores 2 --executor-cores 2 --executor-memory 2g --driver-memory 1g --name arrow-spark --deploy-mode client /opt/***/jobs/python/test_Key.py s3a://lakehouse/bronze/keywords.parquet s3a://lakehouse/silver. Error code is: 1.; 199)
[2024-10-05T11:05:30.714+0000] {local_task_job_runner.py:228} INFO - Task exited with return code 1
[2024-10-05T11:05:30.728+0000] {taskinstance.py:2776} INFO - 0 downstream tasks scheduled from follow-on schedule check
