[2025-01-23T03:26:28.407+0000] {taskinstance.py:1159} INFO - Dependencies all met for dep_context=non-requeueable deps ti=<TaskInstance: Silver_Layer.clean_review manual__2025-01-23T03:25:01.530211+00:00 [queued]>
[2025-01-23T03:26:28.419+0000] {taskinstance.py:1159} INFO - Dependencies all met for dep_context=requeueable deps ti=<TaskInstance: Silver_Layer.clean_review manual__2025-01-23T03:25:01.530211+00:00 [queued]>
[2025-01-23T03:26:28.420+0000] {taskinstance.py:1361} INFO - Starting attempt 1 of 2
[2025-01-23T03:26:28.436+0000] {taskinstance.py:1382} INFO - Executing <Task(SparkSubmitOperator): clean_review> on 2025-01-23 03:25:01.530211+00:00
[2025-01-23T03:26:28.440+0000] {standard_task_runner.py:57} INFO - Started process 5500 to run task
[2025-01-23T03:26:28.442+0000] {standard_task_runner.py:84} INFO - Running: ['***', 'tasks', 'run', 'Silver_Layer', 'clean_review', 'manual__2025-01-23T03:25:01.530211+00:00', '--job-id', '36', '--raw', '--subdir', 'DAGS_FOLDER/silver_layer.py', '--cfg-path', '/tmp/tmpvpsxpamd']
[2025-01-23T03:26:28.445+0000] {standard_task_runner.py:85} INFO - Job 36: Subtask clean_review
[2025-01-23T03:26:28.507+0000] {task_command.py:416} INFO - Running <TaskInstance: Silver_Layer.clean_review manual__2025-01-23T03:25:01.530211+00:00 [running]> on host 73fc507ad5e4
[2025-01-23T03:26:28.594+0000] {taskinstance.py:1662} INFO - Exporting env vars: AIRFLOW_CTX_DAG_OWNER='***' AIRFLOW_CTX_DAG_ID='Silver_Layer' AIRFLOW_CTX_TASK_ID='clean_review' AIRFLOW_CTX_EXECUTION_DATE='2025-01-23T03:25:01.530211+00:00' AIRFLOW_CTX_TRY_NUMBER='1' AIRFLOW_CTX_DAG_RUN_ID='manual__2025-01-23T03:25:01.530211+00:00'
[2025-01-23T03:26:28.604+0000] {base.py:73} INFO - Using connection ID 'spark-conn' for task execution.
[2025-01-23T03:26:28.607+0000] {spark_submit.py:403} INFO - Spark-Submit cmd: spark-submit --master spark://spark-master:7077 --conf spark.sql.extensions=io.delta.sql.DeltaSparkSessionExtension --conf spark.sql.catalog.spark_catalog=org.apache.spark.sql.delta.catalog.DeltaCatalog --jars /opt/***/jars/hadoop-aws-3.3.4.jar,/opt/***/jars/s3-2.18.41.jar,/opt/***/jars/aws-java-sdk-1.12.367.jar,/opt/***/jars/delta-core_2.12-2.2.0.jar,/opt/***/jars/delta-storage-2.2.0.jar, --packages org.apache.hadoop:hadoop-aws:3.3.4 --num-executors 2 --total-executor-cores 2 --executor-cores 2 --executor-memory 2g --driver-memory 1g --name arrow-spark --deploy-mode client /opt/***/jobs/python/processing_review.py s3a://lakehouse/bronze/review.parquet s3a://lakehouse/silver/review
[2025-01-23T03:26:28.789+0000] {spark_submit.py:579} INFO - /home/***/.local/lib/python3.9/site-packages/pyspark/bin/load-spark-env.sh: line 68: ps: command not found
[2025-01-23T03:26:30.386+0000] {spark_submit.py:579} INFO - :: loading settings :: url = jar:file:/home/***/.local/lib/python3.9/site-packages/pyspark/jars/ivy-2.5.1.jar!/org/apache/ivy/core/settings/ivysettings.xml
[2025-01-23T03:26:30.516+0000] {spark_submit.py:579} INFO - Ivy Default Cache set to: /home/***/.ivy2/cache
[2025-01-23T03:26:30.517+0000] {spark_submit.py:579} INFO - The jars for the packages stored in: /home/***/.ivy2/jars
[2025-01-23T03:26:30.523+0000] {spark_submit.py:579} INFO - org.apache.hadoop#hadoop-aws added as a dependency
[2025-01-23T03:26:30.525+0000] {spark_submit.py:579} INFO - :: resolving dependencies :: org.apache.spark#spark-submit-parent-cf38a389-eaad-4d75-8c7c-b9faad59ae73;1.0
[2025-01-23T03:26:30.526+0000] {spark_submit.py:579} INFO - confs: [default]
[2025-01-23T03:26:30.687+0000] {spark_submit.py:579} INFO - found org.apache.hadoop#hadoop-aws;3.3.4 in central
[2025-01-23T03:26:30.717+0000] {spark_submit.py:579} INFO - found com.amazonaws#aws-java-sdk-bundle;1.12.262 in central
[2025-01-23T03:26:30.741+0000] {spark_submit.py:579} INFO - found org.wildfly.openssl#wildfly-openssl;1.0.7.Final in central
[2025-01-23T03:26:30.761+0000] {spark_submit.py:579} INFO - :: resolution report :: resolve 229ms :: artifacts dl 7ms
[2025-01-23T03:26:30.762+0000] {spark_submit.py:579} INFO - :: modules in use:
[2025-01-23T03:26:30.762+0000] {spark_submit.py:579} INFO - com.amazonaws#aws-java-sdk-bundle;1.12.262 from central in [default]
[2025-01-23T03:26:30.762+0000] {spark_submit.py:579} INFO - org.apache.hadoop#hadoop-aws;3.3.4 from central in [default]
[2025-01-23T03:26:30.763+0000] {spark_submit.py:579} INFO - org.wildfly.openssl#wildfly-openssl;1.0.7.Final from central in [default]
[2025-01-23T03:26:30.763+0000] {spark_submit.py:579} INFO - ---------------------------------------------------------------------
[2025-01-23T03:26:30.763+0000] {spark_submit.py:579} INFO - |                  |            modules            ||   artifacts   |
[2025-01-23T03:26:30.764+0000] {spark_submit.py:579} INFO - |       conf       | number| search|dwnlded|evicted|| number|dwnlded|
[2025-01-23T03:26:30.764+0000] {spark_submit.py:579} INFO - ---------------------------------------------------------------------
[2025-01-23T03:26:30.764+0000] {spark_submit.py:579} INFO - |      default     |   3   |   0   |   0   |   0   ||   3   |   0   |
[2025-01-23T03:26:30.764+0000] {spark_submit.py:579} INFO - ---------------------------------------------------------------------
[2025-01-23T03:26:30.765+0000] {spark_submit.py:579} INFO - :: retrieving :: org.apache.spark#spark-submit-parent-cf38a389-eaad-4d75-8c7c-b9faad59ae73
[2025-01-23T03:26:30.765+0000] {spark_submit.py:579} INFO - confs: [default]
[2025-01-23T03:26:30.769+0000] {spark_submit.py:579} INFO - 0 artifacts copied, 3 already retrieved (0kB/4ms)
[2025-01-23T03:26:31.014+0000] {spark_submit.py:579} INFO - 25/01/23 03:26:31 WARN NativeCodeLoader: Unable to load native-hadoop library for your platform... using builtin-java classes where applicable
[2025-01-23T03:26:32.200+0000] {spark_submit.py:579} INFO - 2025-01-23 03:26:32,200 INFO: Initializing Spark session...
[2025-01-23T03:26:32.381+0000] {spark_submit.py:579} INFO - 25/01/23 03:26:32 INFO SparkContext: Running Spark version 3.3.2
[2025-01-23T03:26:32.409+0000] {spark_submit.py:579} INFO - 25/01/23 03:26:32 INFO ResourceUtils: ==============================================================
[2025-01-23T03:26:32.409+0000] {spark_submit.py:579} INFO - 25/01/23 03:26:32 INFO ResourceUtils: No custom resources configured for spark.driver.
[2025-01-23T03:26:32.410+0000] {spark_submit.py:579} INFO - 25/01/23 03:26:32 INFO ResourceUtils: ==============================================================
[2025-01-23T03:26:32.411+0000] {spark_submit.py:579} INFO - 25/01/23 03:26:32 INFO SparkContext: Submitted application: CleanReview
[2025-01-23T03:26:32.435+0000] {spark_submit.py:579} INFO - 25/01/23 03:26:32 INFO ResourceProfile: Default ResourceProfile created, executor resources: Map(cores -> name: cores, amount: 2, script: , vendor: , memory -> name: memory, amount: 2048, script: , vendor: , offHeap -> name: offHeap, amount: 0, script: , vendor: ), task resources: Map(cpus -> name: cpus, amount: 1.0)
[2025-01-23T03:26:32.448+0000] {spark_submit.py:579} INFO - 25/01/23 03:26:32 INFO ResourceProfile: Limiting resource is cpus at 2 tasks per executor
[2025-01-23T03:26:32.450+0000] {spark_submit.py:579} INFO - 25/01/23 03:26:32 INFO ResourceProfileManager: Added ResourceProfile id: 0
[2025-01-23T03:26:32.498+0000] {spark_submit.py:579} INFO - 25/01/23 03:26:32 INFO SecurityManager: Changing view acls to: ***
[2025-01-23T03:26:32.500+0000] {spark_submit.py:579} INFO - 25/01/23 03:26:32 INFO SecurityManager: Changing modify acls to: ***
[2025-01-23T03:26:32.500+0000] {spark_submit.py:579} INFO - 25/01/23 03:26:32 INFO SecurityManager: Changing view acls groups to:
[2025-01-23T03:26:32.502+0000] {spark_submit.py:579} INFO - 25/01/23 03:26:32 INFO SecurityManager: Changing modify acls groups to:
[2025-01-23T03:26:32.503+0000] {spark_submit.py:579} INFO - 25/01/23 03:26:32 INFO SecurityManager: SecurityManager: authentication disabled; ui acls disabled; users  with view permissions: Set(***); groups with view permissions: Set(); users  with modify permissions: Set(***); groups with modify permissions: Set()
[2025-01-23T03:26:32.795+0000] {spark_submit.py:579} INFO - 25/01/23 03:26:32 INFO Utils: Successfully started service 'sparkDriver' on port 32921.
[2025-01-23T03:26:32.821+0000] {spark_submit.py:579} INFO - 25/01/23 03:26:32 INFO SparkEnv: Registering MapOutputTracker
[2025-01-23T03:26:32.850+0000] {spark_submit.py:579} INFO - 25/01/23 03:26:32 INFO SparkEnv: Registering BlockManagerMaster
[2025-01-23T03:26:32.867+0000] {spark_submit.py:579} INFO - 25/01/23 03:26:32 INFO BlockManagerMasterEndpoint: Using org.apache.spark.storage.DefaultTopologyMapper for getting topology information
[2025-01-23T03:26:32.868+0000] {spark_submit.py:579} INFO - 25/01/23 03:26:32 INFO BlockManagerMasterEndpoint: BlockManagerMasterEndpoint up
[2025-01-23T03:26:32.873+0000] {spark_submit.py:579} INFO - 25/01/23 03:26:32 INFO SparkEnv: Registering BlockManagerMasterHeartbeat
[2025-01-23T03:26:32.890+0000] {spark_submit.py:579} INFO - 25/01/23 03:26:32 INFO DiskBlockManager: Created local directory at /tmp/blockmgr-33787cfb-446f-46bc-8fe2-f92a85a2a061
[2025-01-23T03:26:32.907+0000] {spark_submit.py:579} INFO - 25/01/23 03:26:32 INFO MemoryStore: MemoryStore started with capacity 434.4 MiB
[2025-01-23T03:26:32.924+0000] {spark_submit.py:579} INFO - 25/01/23 03:26:32 INFO SparkEnv: Registering OutputCommitCoordinator
[2025-01-23T03:26:33.156+0000] {spark_submit.py:579} INFO - 25/01/23 03:26:33 INFO Utils: Successfully started service 'SparkUI' on port 4040.
[2025-01-23T03:26:33.196+0000] {spark_submit.py:579} INFO - 25/01/23 03:26:33 INFO SparkContext: Added JAR file:///opt/***/jars/hadoop-aws-3.3.4.jar at spark://73fc507ad5e4:32921/jars/hadoop-aws-3.3.4.jar with timestamp 1737602792360
[2025-01-23T03:26:33.197+0000] {spark_submit.py:579} INFO - 25/01/23 03:26:33 INFO SparkContext: Added JAR file:///opt/***/jars/s3-2.18.41.jar at spark://73fc507ad5e4:32921/jars/s3-2.18.41.jar with timestamp 1737602792360
[2025-01-23T03:26:33.198+0000] {spark_submit.py:579} INFO - 25/01/23 03:26:33 INFO SparkContext: Added JAR file:///opt/***/jars/aws-java-sdk-1.12.367.jar at spark://73fc507ad5e4:32921/jars/aws-java-sdk-1.12.367.jar with timestamp 1737602792360
[2025-01-23T03:26:33.200+0000] {spark_submit.py:579} INFO - 25/01/23 03:26:33 INFO SparkContext: Added JAR file:///opt/***/jars/delta-core_2.12-2.2.0.jar at spark://73fc507ad5e4:32921/jars/delta-core_2.12-2.2.0.jar with timestamp 1737602792360
[2025-01-23T03:26:33.201+0000] {spark_submit.py:579} INFO - 25/01/23 03:26:33 INFO SparkContext: Added JAR file:///opt/***/jars/delta-storage-2.2.0.jar at spark://73fc507ad5e4:32921/jars/delta-storage-2.2.0.jar with timestamp 1737602792360
[2025-01-23T03:26:33.202+0000] {spark_submit.py:579} INFO - 25/01/23 03:26:33 INFO SparkContext: Added JAR file:///home/***/.ivy2/jars/org.apache.hadoop_hadoop-aws-3.3.4.jar at spark://73fc507ad5e4:32921/jars/org.apache.hadoop_hadoop-aws-3.3.4.jar with timestamp 1737602792360
[2025-01-23T03:26:33.202+0000] {spark_submit.py:579} INFO - 25/01/23 03:26:33 INFO SparkContext: Added JAR file:///home/***/.ivy2/jars/com.amazonaws_aws-java-sdk-bundle-1.12.262.jar at spark://73fc507ad5e4:32921/jars/com.amazonaws_aws-java-sdk-bundle-1.12.262.jar with timestamp 1737602792360
[2025-01-23T03:26:33.203+0000] {spark_submit.py:579} INFO - 25/01/23 03:26:33 INFO SparkContext: Added JAR file:///home/***/.ivy2/jars/org.wildfly.openssl_wildfly-openssl-1.0.7.Final.jar at spark://73fc507ad5e4:32921/jars/org.wildfly.openssl_wildfly-openssl-1.0.7.Final.jar with timestamp 1737602792360
[2025-01-23T03:26:33.205+0000] {spark_submit.py:579} INFO - 25/01/23 03:26:33 INFO SparkContext: Added file file:///home/***/.ivy2/jars/org.apache.hadoop_hadoop-aws-3.3.4.jar at spark://73fc507ad5e4:32921/files/org.apache.hadoop_hadoop-aws-3.3.4.jar with timestamp 1737602792360
[2025-01-23T03:26:33.207+0000] {spark_submit.py:579} INFO - 25/01/23 03:26:33 INFO Utils: Copying /home/***/.ivy2/jars/org.apache.hadoop_hadoop-aws-3.3.4.jar to /tmp/spark-67c97be2-2cfd-4695-bafa-98ad51849d2d/userFiles-3dc9f6d9-be83-4d12-9d12-38ef05368724/org.apache.hadoop_hadoop-aws-3.3.4.jar
[2025-01-23T03:26:33.218+0000] {spark_submit.py:579} INFO - 25/01/23 03:26:33 INFO SparkContext: Added file file:///home/***/.ivy2/jars/com.amazonaws_aws-java-sdk-bundle-1.12.262.jar at spark://73fc507ad5e4:32921/files/com.amazonaws_aws-java-sdk-bundle-1.12.262.jar with timestamp 1737602792360
[2025-01-23T03:26:33.219+0000] {spark_submit.py:579} INFO - 25/01/23 03:26:33 INFO Utils: Copying /home/***/.ivy2/jars/com.amazonaws_aws-java-sdk-bundle-1.12.262.jar to /tmp/spark-67c97be2-2cfd-4695-bafa-98ad51849d2d/userFiles-3dc9f6d9-be83-4d12-9d12-38ef05368724/com.amazonaws_aws-java-sdk-bundle-1.12.262.jar
[2025-01-23T03:26:33.427+0000] {spark_submit.py:579} INFO - 25/01/23 03:26:33 INFO SparkContext: Added file file:///home/***/.ivy2/jars/org.wildfly.openssl_wildfly-openssl-1.0.7.Final.jar at spark://73fc507ad5e4:32921/files/org.wildfly.openssl_wildfly-openssl-1.0.7.Final.jar with timestamp 1737602792360
[2025-01-23T03:26:33.427+0000] {spark_submit.py:579} INFO - 25/01/23 03:26:33 INFO Utils: Copying /home/***/.ivy2/jars/org.wildfly.openssl_wildfly-openssl-1.0.7.Final.jar to /tmp/spark-67c97be2-2cfd-4695-bafa-98ad51849d2d/userFiles-3dc9f6d9-be83-4d12-9d12-38ef05368724/org.wildfly.openssl_wildfly-openssl-1.0.7.Final.jar
[2025-01-23T03:26:33.520+0000] {spark_submit.py:579} INFO - 25/01/23 03:26:33 INFO StandaloneAppClient$ClientEndpoint: Connecting to master spark://spark-master:7077...
[2025-01-23T03:26:33.562+0000] {spark_submit.py:579} INFO - 25/01/23 03:26:33 INFO TransportClientFactory: Successfully created connection to spark-master/172.18.0.3:7077 after 25 ms (0 ms spent in bootstraps)
[2025-01-23T03:26:33.663+0000] {spark_submit.py:579} INFO - 25/01/23 03:26:33 INFO StandaloneSchedulerBackend: Connected to Spark cluster with app ID app-20250123032633-0002
[2025-01-23T03:26:33.665+0000] {spark_submit.py:579} INFO - 25/01/23 03:26:33 INFO StandaloneAppClient$ClientEndpoint: Executor added: app-20250123032633-0002/0 on worker-20250123013519-172.18.0.8-33309 (172.18.0.8:33309) with 2 core(s)
[2025-01-23T03:26:33.668+0000] {spark_submit.py:579} INFO - 25/01/23 03:26:33 INFO StandaloneSchedulerBackend: Granted executor ID app-20250123032633-0002/0 on hostPort 172.18.0.8:33309 with 2 core(s), 2.0 GiB RAM
[2025-01-23T03:26:33.674+0000] {spark_submit.py:579} INFO - 25/01/23 03:26:33 INFO Utils: Successfully started service 'org.apache.spark.network.netty.NettyBlockTransferService' on port 45295.
[2025-01-23T03:26:33.674+0000] {spark_submit.py:579} INFO - 25/01/23 03:26:33 INFO NettyBlockTransferService: Server created on 73fc507ad5e4:45295
[2025-01-23T03:26:33.677+0000] {spark_submit.py:579} INFO - 25/01/23 03:26:33 INFO BlockManager: Using org.apache.spark.storage.RandomBlockReplicationPolicy for block replication policy
[2025-01-23T03:26:33.687+0000] {spark_submit.py:579} INFO - 25/01/23 03:26:33 INFO BlockManagerMaster: Registering BlockManager BlockManagerId(driver, 73fc507ad5e4, 45295, None)
[2025-01-23T03:26:33.691+0000] {spark_submit.py:579} INFO - 25/01/23 03:26:33 INFO BlockManagerMasterEndpoint: Registering block manager 73fc507ad5e4:45295 with 434.4 MiB RAM, BlockManagerId(driver, 73fc507ad5e4, 45295, None)
[2025-01-23T03:26:33.695+0000] {spark_submit.py:579} INFO - 25/01/23 03:26:33 INFO BlockManagerMaster: Registered BlockManager BlockManagerId(driver, 73fc507ad5e4, 45295, None)
[2025-01-23T03:26:33.697+0000] {spark_submit.py:579} INFO - 25/01/23 03:26:33 INFO BlockManager: Initialized BlockManager: BlockManagerId(driver, 73fc507ad5e4, 45295, None)
[2025-01-23T03:26:33.738+0000] {spark_submit.py:579} INFO - 25/01/23 03:26:33 INFO StandaloneAppClient$ClientEndpoint: Executor updated: app-20250123032633-0002/0 is now RUNNING
[2025-01-23T03:26:33.950+0000] {spark_submit.py:579} INFO - 25/01/23 03:26:33 INFO StandaloneSchedulerBackend: SchedulerBackend is ready for scheduling beginning after reached minRegisteredResourcesRatio: 0.0
[2025-01-23T03:26:34.214+0000] {spark_submit.py:579} INFO - 2025-01-23 03:26:34,214 INFO: Spark session initialized successfully.
[2025-01-23T03:26:34.215+0000] {spark_submit.py:579} INFO - 2025-01-23 03:26:34,214 INFO: Reading data from s3a://lakehouse/bronze/review.parquet
[2025-01-23T03:26:34.224+0000] {spark_submit.py:579} INFO - 25/01/23 03:26:34 INFO SharedState: Setting hive.metastore.warehouse.dir ('null') to the value of spark.sql.warehouse.dir.
[2025-01-23T03:26:34.450+0000] {spark_submit.py:579} INFO - 25/01/23 03:26:34 WARN MetricsConfig: Cannot locate configuration: tried hadoop-metrics2-s3a-file-system.properties,hadoop-metrics2.properties
[2025-01-23T03:26:34.470+0000] {spark_submit.py:579} INFO - 25/01/23 03:26:34 INFO MetricsSystemImpl: Scheduled Metric snapshot period at 10 second(s).
[2025-01-23T03:26:34.471+0000] {spark_submit.py:579} INFO - 25/01/23 03:26:34 INFO MetricsSystemImpl: s3a-file-system metrics system started
[2025-01-23T03:26:35.605+0000] {spark_submit.py:579} INFO - 25/01/23 03:26:35 INFO SharedState: Warehouse path is 's3a://lakehouse/'.
[2025-01-23T03:26:36.581+0000] {spark_submit.py:579} INFO - 25/01/23 03:26:36 INFO CoarseGrainedSchedulerBackend$DriverEndpoint: Registered executor NettyRpcEndpointRef(spark-client://Executor) (172.18.0.8:57850) with ID 0,  ResourceProfileId 0
[2025-01-23T03:26:36.649+0000] {spark_submit.py:579} INFO - 25/01/23 03:26:36 INFO BlockManagerMasterEndpoint: Registering block manager 172.18.0.8:37263 with 1048.8 MiB RAM, BlockManagerId(0, 172.18.0.8, 37263, None)
[2025-01-23T03:26:37.040+0000] {spark_submit.py:579} INFO - 25/01/23 03:26:37 INFO InMemoryFileIndex: It took 76 ms to list leaf files for 1 paths.
[2025-01-23T03:26:38.998+0000] {spark_submit.py:579} INFO - 2025-01-23 03:26:38,998 INFO: Cleaning data...
[2025-01-23T03:26:39.143+0000] {spark_submit.py:579} INFO - 2025-01-23 03:26:39,142 INFO: Saving cleaned data to s3a://lakehouse/silver/review
[2025-01-23T03:26:39.991+0000] {spark_submit.py:579} INFO - 25/01/23 03:26:39 INFO DeltaLog: Creating initial snapshot without metadata, because the directory is empty
[2025-01-23T03:26:40.184+0000] {spark_submit.py:579} INFO - 25/01/23 03:26:40 INFO InitialSnapshot: [tableId=fc86e12d-ca18-4eef-9b47-53d00b473dd8] Created snapshot InitialSnapshot(path=s3a://lakehouse/silver/review/_delta_log, version=-1, metadata=Metadata(aef41c30-e66a-42b2-a3d7-204048cdd438,null,null,Format(parquet,Map()),null,List(),Map(),Some(1737602800170)), logSegment=LogSegment(s3a://lakehouse/silver/review/_delta_log,-1,List(),List(),None,-1), checksumOpt=None)
[2025-01-23T03:26:40.292+0000] {spark_submit.py:579} INFO - 25/01/23 03:26:40 INFO DeltaLog: No delta log found for the Delta table at s3a://lakehouse/silver/review/_delta_log
[2025-01-23T03:26:40.293+0000] {spark_submit.py:579} INFO - 25/01/23 03:26:40 INFO InitialSnapshot: [tableId=aef41c30-e66a-42b2-a3d7-204048cdd438] Created snapshot InitialSnapshot(path=s3a://lakehouse/silver/review/_delta_log, version=-1, metadata=Metadata(2d0b5496-1697-4300-b2fe-0c1be513f22e,null,null,Format(parquet,Map()),null,List(),Map(),Some(1737602800292)), logSegment=LogSegment(s3a://lakehouse/silver/review/_delta_log,-1,List(),List(),None,-1), checksumOpt=None)
[2025-01-23T03:26:40.325+0000] {spark_submit.py:579} INFO - 25/01/23 03:26:40 INFO OptimisticTransaction: [tableId=2d0b5496,txnId=4a22566f] Updated metadata from - to Metadata(37ae586e-9d4c-4b67-bd51-f56ef8243cae,null,null,Format(parquet,Map()),{"type":"struct","fields":[{"name":"review","type":"string","nullable":true,"metadata":{}},{"name":"sentiment","type":"string","nullable":true,"metadata":{}}]},List(),Map(),Some(1737602800313))
[2025-01-23T03:26:40.755+0000] {spark_submit.py:579} INFO - 25/01/23 03:26:40 INFO FileSourceStrategy: Pushed Filters:
[2025-01-23T03:26:40.756+0000] {spark_submit.py:579} INFO - 25/01/23 03:26:40 INFO FileSourceStrategy: Post-Scan Filters: atleastnnonnulls(2, review#0, sentiment#1)
[2025-01-23T03:26:40.757+0000] {spark_submit.py:579} INFO - 25/01/23 03:26:40 INFO FileSourceStrategy: Output Data Schema: struct<review: string, sentiment: string>
[2025-01-23T03:26:40.862+0000] {spark_submit.py:579} INFO - 25/01/23 03:26:40 INFO DeltaParquetFileFormat: Using default output committer for Parquet: org.apache.parquet.hadoop.ParquetOutputCommitter
[2025-01-23T03:26:40.955+0000] {spark_submit.py:579} INFO - 25/01/23 03:26:40 INFO HashAggregateExec: spark.sql.codegen.aggregate.map.twolevel.enabled is set to true, but current version of codegened fast hashmap does not support this aggregate.
[2025-01-23T03:26:41.212+0000] {spark_submit.py:579} INFO - 25/01/23 03:26:41 INFO CodeGenerator: Code generated in 190.556053 ms
[2025-01-23T03:26:41.280+0000] {spark_submit.py:579} INFO - 25/01/23 03:26:41 INFO MemoryStore: Block broadcast_0 stored as values in memory (estimated size 206.3 KiB, free 434.2 MiB)
[2025-01-23T03:26:41.358+0000] {spark_submit.py:579} INFO - 25/01/23 03:26:41 INFO MemoryStore: Block broadcast_0_piece0 stored as bytes in memory (estimated size 36.2 KiB, free 434.2 MiB)
[2025-01-23T03:26:41.362+0000] {spark_submit.py:579} INFO - 25/01/23 03:26:41 INFO BlockManagerInfo: Added broadcast_0_piece0 in memory on 73fc507ad5e4:45295 (size: 36.2 KiB, free: 434.4 MiB)
[2025-01-23T03:26:41.367+0000] {spark_submit.py:579} INFO - 25/01/23 03:26:41 INFO SparkContext: Created broadcast 0 from save at NativeMethodAccessorImpl.java:0
[2025-01-23T03:26:41.401+0000] {spark_submit.py:579} INFO - 25/01/23 03:26:41 INFO FileSourceScanExec: Planning scan with bin packing, max size: 23437026 bytes, open cost is considered as scanning 4194304 bytes.
[2025-01-23T03:26:41.683+0000] {spark_submit.py:579} INFO - 25/01/23 03:26:41 INFO DAGScheduler: Registering RDD 3 (save at NativeMethodAccessorImpl.java:0) as input to shuffle 0
[2025-01-23T03:26:41.693+0000] {spark_submit.py:579} INFO - 25/01/23 03:26:41 INFO DAGScheduler: Got map stage job 0 (save at NativeMethodAccessorImpl.java:0) with 2 output partitions
[2025-01-23T03:26:41.694+0000] {spark_submit.py:579} INFO - 25/01/23 03:26:41 INFO DAGScheduler: Final stage: ShuffleMapStage 0 (save at NativeMethodAccessorImpl.java:0)
[2025-01-23T03:26:41.695+0000] {spark_submit.py:579} INFO - 25/01/23 03:26:41 INFO DAGScheduler: Parents of final stage: List()
[2025-01-23T03:26:41.696+0000] {spark_submit.py:579} INFO - 25/01/23 03:26:41 INFO DAGScheduler: Missing parents: List()
[2025-01-23T03:26:41.702+0000] {spark_submit.py:579} INFO - 25/01/23 03:26:41 INFO DAGScheduler: Submitting ShuffleMapStage 0 (MapPartitionsRDD[3] at save at NativeMethodAccessorImpl.java:0), which has no missing parents
[2025-01-23T03:26:41.753+0000] {spark_submit.py:579} INFO - 25/01/23 03:26:41 INFO MemoryStore: Block broadcast_1 stored as values in memory (estimated size 26.0 KiB, free 434.1 MiB)
[2025-01-23T03:26:41.775+0000] {spark_submit.py:579} INFO - 25/01/23 03:26:41 INFO MemoryStore: Block broadcast_1_piece0 stored as bytes in memory (estimated size 11.3 KiB, free 434.1 MiB)
[2025-01-23T03:26:41.776+0000] {spark_submit.py:579} INFO - 25/01/23 03:26:41 INFO BlockManagerInfo: Added broadcast_1_piece0 in memory on 73fc507ad5e4:45295 (size: 11.3 KiB, free: 434.4 MiB)
[2025-01-23T03:26:41.779+0000] {spark_submit.py:579} INFO - 25/01/23 03:26:41 INFO SparkContext: Created broadcast 1 from broadcast at DAGScheduler.scala:1513
[2025-01-23T03:26:41.802+0000] {spark_submit.py:579} INFO - 25/01/23 03:26:41 INFO DAGScheduler: Submitting 2 missing tasks from ShuffleMapStage 0 (MapPartitionsRDD[3] at save at NativeMethodAccessorImpl.java:0) (first 15 tasks are for partitions Vector(0, 1))
[2025-01-23T03:26:41.804+0000] {spark_submit.py:579} INFO - 25/01/23 03:26:41 INFO TaskSchedulerImpl: Adding task set 0.0 with 2 tasks resource profile 0
[2025-01-23T03:26:41.863+0000] {spark_submit.py:579} INFO - 25/01/23 03:26:41 INFO TaskSetManager: Starting task 0.0 in stage 0.0 (TID 0) (172.18.0.8, executor 0, partition 0, PROCESS_LOCAL, 4901 bytes) taskResourceAssignments Map()
[2025-01-23T03:26:41.867+0000] {spark_submit.py:579} INFO - 25/01/23 03:26:41 INFO TaskSetManager: Starting task 1.0 in stage 0.0 (TID 1) (172.18.0.8, executor 0, partition 1, PROCESS_LOCAL, 4901 bytes) taskResourceAssignments Map()
[2025-01-23T03:26:42.121+0000] {spark_submit.py:579} INFO - 25/01/23 03:26:42 INFO BlockManagerInfo: Added broadcast_1_piece0 in memory on 172.18.0.8:37263 (size: 11.3 KiB, free: 1048.8 MiB)
[2025-01-23T03:26:42.907+0000] {spark_submit.py:579} INFO - 25/01/23 03:26:42 INFO BlockManagerInfo: Added broadcast_0_piece0 in memory on 172.18.0.8:37263 (size: 36.2 KiB, free: 1048.8 MiB)
[2025-01-23T03:26:44.080+0000] {spark_submit.py:579} INFO - 25/01/23 03:26:44 INFO TaskSetManager: Finished task 1.0 in stage 0.0 (TID 1) in 2211 ms on 172.18.0.8 (executor 0) (1/2)
[2025-01-23T03:26:45.427+0000] {spark_submit.py:579} INFO - 25/01/23 03:26:45 INFO TaskSetManager: Finished task 0.0 in stage 0.0 (TID 0) in 3577 ms on 172.18.0.8 (executor 0) (2/2)
[2025-01-23T03:26:45.437+0000] {spark_submit.py:579} INFO - 25/01/23 03:26:45 INFO TaskSchedulerImpl: Removed TaskSet 0.0, whose tasks have all completed, from pool
[2025-01-23T03:26:45.438+0000] {spark_submit.py:579} INFO - 25/01/23 03:26:45 INFO DAGScheduler: ShuffleMapStage 0 (save at NativeMethodAccessorImpl.java:0) finished in 3.707 s
[2025-01-23T03:26:45.443+0000] {spark_submit.py:579} INFO - 25/01/23 03:26:45 INFO DAGScheduler: looking for newly runnable stages
[2025-01-23T03:26:45.444+0000] {spark_submit.py:579} INFO - 25/01/23 03:26:45 INFO DAGScheduler: running: Set()
[2025-01-23T03:26:45.445+0000] {spark_submit.py:579} INFO - 25/01/23 03:26:45 INFO DAGScheduler: waiting: Set()
[2025-01-23T03:26:45.446+0000] {spark_submit.py:579} INFO - 25/01/23 03:26:45 INFO DAGScheduler: failed: Set()
[2025-01-23T03:26:45.485+0000] {spark_submit.py:579} INFO - 25/01/23 03:26:45 INFO ShufflePartitionsUtil: For shuffle(0), advisory target size: 67108864, actual target size 23459326, minimum partition size: 1048576
[2025-01-23T03:26:45.530+0000] {spark_submit.py:579} INFO - 25/01/23 03:26:45 INFO HashAggregateExec: spark.sql.codegen.aggregate.map.twolevel.enabled is set to true, but current version of codegened fast hashmap does not support this aggregate.
[2025-01-23T03:26:45.572+0000] {spark_submit.py:579} INFO - 25/01/23 03:26:45 INFO CodeGenerator: Code generated in 29.462103 ms
[2025-01-23T03:26:45.730+0000] {spark_submit.py:579} INFO - 25/01/23 03:26:45 INFO SparkContext: Starting job: save at NativeMethodAccessorImpl.java:0
[2025-01-23T03:26:45.734+0000] {spark_submit.py:579} INFO - 25/01/23 03:26:45 INFO DAGScheduler: Got job 1 (save at NativeMethodAccessorImpl.java:0) with 2 output partitions
[2025-01-23T03:26:45.735+0000] {spark_submit.py:579} INFO - 25/01/23 03:26:45 INFO DAGScheduler: Final stage: ResultStage 2 (save at NativeMethodAccessorImpl.java:0)
[2025-01-23T03:26:45.736+0000] {spark_submit.py:579} INFO - 25/01/23 03:26:45 INFO DAGScheduler: Parents of final stage: List(ShuffleMapStage 1)
[2025-01-23T03:26:45.736+0000] {spark_submit.py:579} INFO - 25/01/23 03:26:45 INFO DAGScheduler: Missing parents: List()
[2025-01-23T03:26:45.740+0000] {spark_submit.py:579} INFO - 25/01/23 03:26:45 INFO DAGScheduler: Submitting ResultStage 2 (MapPartitionsRDD[5] at save at NativeMethodAccessorImpl.java:0), which has no missing parents
[2025-01-23T03:26:45.800+0000] {spark_submit.py:579} INFO - 25/01/23 03:26:45 INFO MemoryStore: Block broadcast_2 stored as values in memory (estimated size 352.9 KiB, free 433.8 MiB)
[2025-01-23T03:26:45.808+0000] {spark_submit.py:579} INFO - 25/01/23 03:26:45 INFO MemoryStore: Block broadcast_2_piece0 stored as bytes in memory (estimated size 127.6 KiB, free 433.7 MiB)
[2025-01-23T03:26:45.811+0000] {spark_submit.py:579} INFO - 25/01/23 03:26:45 INFO BlockManagerInfo: Added broadcast_2_piece0 in memory on 73fc507ad5e4:45295 (size: 127.6 KiB, free: 434.2 MiB)
[2025-01-23T03:26:45.812+0000] {spark_submit.py:579} INFO - 25/01/23 03:26:45 INFO SparkContext: Created broadcast 2 from broadcast at DAGScheduler.scala:1513
[2025-01-23T03:26:45.819+0000] {spark_submit.py:579} INFO - 25/01/23 03:26:45 INFO DAGScheduler: Submitting 2 missing tasks from ResultStage 2 (MapPartitionsRDD[5] at save at NativeMethodAccessorImpl.java:0) (first 15 tasks are for partitions Vector(0, 1))
[2025-01-23T03:26:45.820+0000] {spark_submit.py:579} INFO - 25/01/23 03:26:45 INFO TaskSchedulerImpl: Adding task set 2.0 with 2 tasks resource profile 0
[2025-01-23T03:26:45.825+0000] {spark_submit.py:579} INFO - 25/01/23 03:26:45 INFO BlockManagerInfo: Removed broadcast_1_piece0 on 73fc507ad5e4:45295 in memory (size: 11.3 KiB, free: 434.2 MiB)
[2025-01-23T03:26:45.830+0000] {spark_submit.py:579} INFO - 25/01/23 03:26:45 INFO TaskSetManager: Starting task 0.0 in stage 2.0 (TID 2) (172.18.0.8, executor 0, partition 0, NODE_LOCAL, 4457 bytes) taskResourceAssignments Map()
[2025-01-23T03:26:45.831+0000] {spark_submit.py:579} INFO - 25/01/23 03:26:45 INFO TaskSetManager: Starting task 1.0 in stage 2.0 (TID 3) (172.18.0.8, executor 0, partition 1, NODE_LOCAL, 4457 bytes) taskResourceAssignments Map()
[2025-01-23T03:26:45.854+0000] {spark_submit.py:579} INFO - 25/01/23 03:26:45 INFO BlockManagerInfo: Removed broadcast_1_piece0 on 172.18.0.8:37263 in memory (size: 11.3 KiB, free: 1048.8 MiB)
[2025-01-23T03:26:45.907+0000] {spark_submit.py:579} INFO - 25/01/23 03:26:45 INFO BlockManagerInfo: Added broadcast_2_piece0 in memory on 172.18.0.8:37263 (size: 127.6 KiB, free: 1048.6 MiB)
[2025-01-23T03:26:46.139+0000] {spark_submit.py:579} INFO - 25/01/23 03:26:46 INFO MapOutputTrackerMasterEndpoint: Asked to send map output locations for shuffle 0 to 172.18.0.8:57850
[2025-01-23T03:26:48.860+0000] {spark_submit.py:579} INFO - 25/01/23 03:26:48 INFO TaskSetManager: Finished task 0.0 in stage 2.0 (TID 2) in 3034 ms on 172.18.0.8 (executor 0) (1/2)
[2025-01-23T03:26:48.861+0000] {spark_submit.py:579} INFO - 25/01/23 03:26:48 INFO TaskSetManager: Finished task 1.0 in stage 2.0 (TID 3) in 3030 ms on 172.18.0.8 (executor 0) (2/2)
[2025-01-23T03:26:48.861+0000] {spark_submit.py:579} INFO - 25/01/23 03:26:48 INFO TaskSchedulerImpl: Removed TaskSet 2.0, whose tasks have all completed, from pool
[2025-01-23T03:26:48.863+0000] {spark_submit.py:579} INFO - 25/01/23 03:26:48 INFO DAGScheduler: ResultStage 2 (save at NativeMethodAccessorImpl.java:0) finished in 3.107 s
[2025-01-23T03:26:48.865+0000] {spark_submit.py:579} INFO - 25/01/23 03:26:48 INFO DAGScheduler: Job 1 is finished. Cancelling potential speculative or zombie tasks for this job
[2025-01-23T03:26:48.865+0000] {spark_submit.py:579} INFO - 25/01/23 03:26:48 INFO TaskSchedulerImpl: Killing all running tasks in stage 2: Stage finished
[2025-01-23T03:26:48.867+0000] {spark_submit.py:579} INFO - 25/01/23 03:26:48 INFO DAGScheduler: Job 1 finished: save at NativeMethodAccessorImpl.java:0, took 3.136276 s
[2025-01-23T03:26:48.870+0000] {spark_submit.py:579} INFO - 25/01/23 03:26:48 INFO FileFormatWriter: Start to commit write Job cf4d6cf0-67db-4ac8-ac9d-b6c001c844f8.
[2025-01-23T03:26:48.872+0000] {spark_submit.py:579} INFO - 25/01/23 03:26:48 INFO FileFormatWriter: Write Job cf4d6cf0-67db-4ac8-ac9d-b6c001c844f8 committed. Elapsed time: 1 ms.
[2025-01-23T03:26:48.875+0000] {spark_submit.py:579} INFO - 25/01/23 03:26:48 INFO FileFormatWriter: Finished processing stats for write job cf4d6cf0-67db-4ac8-ac9d-b6c001c844f8.
[2025-01-23T03:26:49.415+0000] {spark_submit.py:579} INFO - 25/01/23 03:26:49 INFO BlockManagerInfo: Removed broadcast_2_piece0 on 73fc507ad5e4:45295 in memory (size: 127.6 KiB, free: 434.4 MiB)
[2025-01-23T03:26:49.418+0000] {spark_submit.py:579} INFO - 25/01/23 03:26:49 INFO BlockManagerInfo: Removed broadcast_2_piece0 on 172.18.0.8:37263 in memory (size: 127.6 KiB, free: 1048.8 MiB)
[2025-01-23T03:26:50.069+0000] {spark_submit.py:579} INFO - 25/01/23 03:26:50 INFO CodeGenerator: Code generated in 146.310126 ms
[2025-01-23T03:26:50.123+0000] {spark_submit.py:579} INFO - 25/01/23 03:26:50 INFO SparkContext: Starting job: $anonfun$recordDeltaOperationInternal$1 at DatabricksLogging.scala:128
[2025-01-23T03:26:50.123+0000] {spark_submit.py:579} INFO - 25/01/23 03:26:50 INFO DAGScheduler: Job 2 finished: $anonfun$recordDeltaOperationInternal$1 at DatabricksLogging.scala:128, took 0.000341 s
[2025-01-23T03:26:50.182+0000] {spark_submit.py:579} INFO - 25/01/23 03:26:50 INFO OptimisticTransaction: [tableId=2d0b5496,txnId=4a22566f] Attempting to commit version 0 with 5 actions with Serializable isolation level
[2025-01-23T03:26:50.475+0000] {spark_submit.py:579} INFO - 25/01/23 03:26:50 INFO DeltaLog: Creating a new snapshot v0 for commit version 0
[2025-01-23T03:26:50.475+0000] {spark_submit.py:579} INFO - 25/01/23 03:26:50 INFO DeltaLog: Loading version 0.
[2025-01-23T03:26:50.488+0000] {spark_submit.py:579} INFO - 25/01/23 03:26:50 INFO Snapshot: [tableId=2d0b5496-1697-4300-b2fe-0c1be513f22e] DELTA: Compute snapshot for version: 0
[2025-01-23T03:26:50.525+0000] {spark_submit.py:579} INFO - 25/01/23 03:26:50 INFO MemoryStore: Block broadcast_3 stored as values in memory (estimated size 204.6 KiB, free 434.0 MiB)
[2025-01-23T03:26:50.543+0000] {spark_submit.py:579} INFO - 25/01/23 03:26:50 INFO MemoryStore: Block broadcast_3_piece0 stored as bytes in memory (estimated size 35.6 KiB, free 433.9 MiB)
[2025-01-23T03:26:50.544+0000] {spark_submit.py:579} INFO - 25/01/23 03:26:50 INFO BlockManagerInfo: Added broadcast_3_piece0 in memory on 73fc507ad5e4:45295 (size: 35.6 KiB, free: 434.3 MiB)
[2025-01-23T03:26:50.546+0000] {spark_submit.py:579} INFO - 25/01/23 03:26:50 INFO SparkContext: Created broadcast 3 from toString at String.java:2951
[2025-01-23T03:26:50.554+0000] {spark_submit.py:579} INFO - 25/01/23 03:26:50 INFO DeltaLogFileIndex: Created DeltaLogFileIndex(JSON, numFilesInSegment: 1, totalFileSize: 1689)
[2025-01-23T03:26:50.833+0000] {spark_submit.py:579} INFO - 25/01/23 03:26:50 INFO FileSourceStrategy: Pushed Filters:
[2025-01-23T03:26:50.834+0000] {spark_submit.py:579} INFO - 25/01/23 03:26:50 INFO FileSourceStrategy: Post-Scan Filters:
[2025-01-23T03:26:50.835+0000] {spark_submit.py:579} INFO - 25/01/23 03:26:50 INFO FileSourceStrategy: Output Data Schema: struct<txn: struct<appId: string, version: bigint, lastUpdated: bigint ... 1 more fields>, add: struct<path: string, partitionValues: map<string,string>, size: bigint, modificationTime: bigint, dataChange: boolean ... 5 more fields>, remove: struct<path: string, deletionTimestamp: bigint, dataChange: boolean, extendedFileMetadata: boolean, partitionValues: map<string,string> ... 5 more fields>, metaData: struct<id: string, name: string, description: string, format: struct<provider: string, options: map<string,string>>, schemaString: string ... 6 more fields>, protocol: struct<minReaderVersion: int, minWriterVersion: int> ... 5 more fields>
[2025-01-23T03:26:50.846+0000] {spark_submit.py:579} INFO - 25/01/23 03:26:50 WARN package: Truncated the string representation of a plan since it was too large. This behavior can be adjusted by setting 'spark.sql.debug.maxToStringFields'.
[2025-01-23T03:26:50.990+0000] {spark_submit.py:579} INFO - 25/01/23 03:26:50 INFO CodeGenerator: Code generated in 82.037019 ms
[2025-01-23T03:26:50.993+0000] {spark_submit.py:579} INFO - 25/01/23 03:26:50 INFO MemoryStore: Block broadcast_4 stored as values in memory (estimated size 204.9 KiB, free 433.7 MiB)
[2025-01-23T03:26:51.013+0000] {spark_submit.py:579} INFO - 25/01/23 03:26:51 INFO MemoryStore: Block broadcast_4_piece0 stored as bytes in memory (estimated size 35.6 KiB, free 433.7 MiB)
[2025-01-23T03:26:51.014+0000] {spark_submit.py:579} INFO - 25/01/23 03:26:51 INFO BlockManagerInfo: Added broadcast_4_piece0 in memory on 73fc507ad5e4:45295 (size: 35.6 KiB, free: 434.3 MiB)
[2025-01-23T03:26:51.015+0000] {spark_submit.py:579} INFO - 25/01/23 03:26:51 INFO SparkContext: Created broadcast 4 from toString at String.java:2951
[2025-01-23T03:26:51.030+0000] {spark_submit.py:579} INFO - 25/01/23 03:26:51 INFO FileSourceScanExec: Planning scan with bin packing, max size: 4194304 bytes, open cost is considered as scanning 4194304 bytes.
[2025-01-23T03:26:51.073+0000] {spark_submit.py:579} INFO - 25/01/23 03:26:51 INFO DAGScheduler: Registering RDD 13 (toString at String.java:2951) as input to shuffle 1
[2025-01-23T03:26:51.074+0000] {spark_submit.py:579} INFO - 25/01/23 03:26:51 INFO DAGScheduler: Got map stage job 3 (toString at String.java:2951) with 1 output partitions
[2025-01-23T03:26:51.075+0000] {spark_submit.py:579} INFO - 25/01/23 03:26:51 INFO DAGScheduler: Final stage: ShuffleMapStage 3 (toString at String.java:2951)
[2025-01-23T03:26:51.075+0000] {spark_submit.py:579} INFO - 25/01/23 03:26:51 INFO DAGScheduler: Parents of final stage: List()
[2025-01-23T03:26:51.075+0000] {spark_submit.py:579} INFO - 25/01/23 03:26:51 INFO DAGScheduler: Missing parents: List()
[2025-01-23T03:26:51.076+0000] {spark_submit.py:579} INFO - 25/01/23 03:26:51 INFO DAGScheduler: Submitting ShuffleMapStage 3 (MapPartitionsRDD[13] at toString at String.java:2951), which has no missing parents
[2025-01-23T03:26:51.090+0000] {spark_submit.py:579} INFO - 25/01/23 03:26:51 INFO MemoryStore: Block broadcast_5 stored as values in memory (estimated size 124.3 KiB, free 433.6 MiB)
[2025-01-23T03:26:51.097+0000] {spark_submit.py:579} INFO - 25/01/23 03:26:51 INFO MemoryStore: Block broadcast_5_piece0 stored as bytes in memory (estimated size 35.2 KiB, free 433.5 MiB)
[2025-01-23T03:26:51.098+0000] {spark_submit.py:579} INFO - 25/01/23 03:26:51 INFO BlockManagerInfo: Added broadcast_5_piece0 in memory on 73fc507ad5e4:45295 (size: 35.2 KiB, free: 434.3 MiB)
[2025-01-23T03:26:51.099+0000] {spark_submit.py:579} INFO - 25/01/23 03:26:51 INFO SparkContext: Created broadcast 5 from broadcast at DAGScheduler.scala:1513
[2025-01-23T03:26:51.100+0000] {spark_submit.py:579} INFO - 25/01/23 03:26:51 INFO DAGScheduler: Submitting 1 missing tasks from ShuffleMapStage 3 (MapPartitionsRDD[13] at toString at String.java:2951) (first 15 tasks are for partitions Vector(0))
[2025-01-23T03:26:51.100+0000] {spark_submit.py:579} INFO - 25/01/23 03:26:51 INFO TaskSchedulerImpl: Adding task set 3.0 with 1 tasks resource profile 0
[2025-01-23T03:26:51.101+0000] {spark_submit.py:579} INFO - 25/01/23 03:26:51 INFO TaskSetManager: Starting task 0.0 in stage 3.0 (TID 4) (172.18.0.8, executor 0, partition 0, PROCESS_LOCAL, 4930 bytes) taskResourceAssignments Map()
[2025-01-23T03:26:51.120+0000] {spark_submit.py:579} INFO - 25/01/23 03:26:51 INFO BlockManagerInfo: Added broadcast_5_piece0 in memory on 172.18.0.8:37263 (size: 35.2 KiB, free: 1048.7 MiB)
[2025-01-23T03:26:51.469+0000] {spark_submit.py:579} INFO - 25/01/23 03:26:51 INFO BlockManagerInfo: Added broadcast_4_piece0 in memory on 172.18.0.8:37263 (size: 35.6 KiB, free: 1048.7 MiB)
[2025-01-23T03:26:51.534+0000] {spark_submit.py:579} INFO - 25/01/23 03:26:51 INFO TaskSetManager: Finished task 0.0 in stage 3.0 (TID 4) in 433 ms on 172.18.0.8 (executor 0) (1/1)
[2025-01-23T03:26:51.535+0000] {spark_submit.py:579} INFO - 25/01/23 03:26:51 INFO TaskSchedulerImpl: Removed TaskSet 3.0, whose tasks have all completed, from pool
[2025-01-23T03:26:51.536+0000] {spark_submit.py:579} INFO - 25/01/23 03:26:51 INFO DAGScheduler: ShuffleMapStage 3 (toString at String.java:2951) finished in 0.459 s
[2025-01-23T03:26:51.536+0000] {spark_submit.py:579} INFO - 25/01/23 03:26:51 INFO DAGScheduler: looking for newly runnable stages
[2025-01-23T03:26:51.537+0000] {spark_submit.py:579} INFO - 25/01/23 03:26:51 INFO DAGScheduler: running: Set()
[2025-01-23T03:26:51.537+0000] {spark_submit.py:579} INFO - 25/01/23 03:26:51 INFO DAGScheduler: waiting: Set()
[2025-01-23T03:26:51.538+0000] {spark_submit.py:579} INFO - 25/01/23 03:26:51 INFO DAGScheduler: failed: Set()
[2025-01-23T03:26:51.605+0000] {spark_submit.py:579} INFO - 25/01/23 03:26:51 INFO BlockManagerInfo: Removed broadcast_5_piece0 on 73fc507ad5e4:45295 in memory (size: 35.2 KiB, free: 434.3 MiB)
[2025-01-23T03:26:51.608+0000] {spark_submit.py:579} INFO - 25/01/23 03:26:51 INFO BlockManagerInfo: Removed broadcast_5_piece0 on 172.18.0.8:37263 in memory (size: 35.2 KiB, free: 1048.7 MiB)
[2025-01-23T03:26:51.756+0000] {spark_submit.py:579} INFO - 25/01/23 03:26:51 INFO CodeGenerator: Generated method too long to be JIT compiled: org.apache.spark.sql.catalyst.expressions.GeneratedClass$GeneratedIteratorForCodegenStage3.serializefromobject_doConsume_0$ is 14899 bytes
[2025-01-23T03:26:51.757+0000] {spark_submit.py:579} INFO - 25/01/23 03:26:51 INFO CodeGenerator: Code generated in 128.528406 ms
[2025-01-23T03:26:51.800+0000] {spark_submit.py:579} INFO - 25/01/23 03:26:51 INFO CodeGenerator: Code generated in 30.048495 ms
[2025-01-23T03:26:51.999+0000] {spark_submit.py:579} INFO - 25/01/23 03:26:51 INFO CodeGenerator: Code generated in 29.824146 ms
[2025-01-23T03:26:52.007+0000] {spark_submit.py:579} INFO - 25/01/23 03:26:52 INFO DAGScheduler: Registering RDD 23 (toString at String.java:2951) as input to shuffle 2
[2025-01-23T03:26:52.008+0000] {spark_submit.py:579} INFO - 25/01/23 03:26:52 INFO DAGScheduler: Got map stage job 4 (toString at String.java:2951) with 50 output partitions
[2025-01-23T03:26:52.009+0000] {spark_submit.py:579} INFO - 25/01/23 03:26:52 INFO DAGScheduler: Final stage: ShuffleMapStage 5 (toString at String.java:2951)
[2025-01-23T03:26:52.009+0000] {spark_submit.py:579} INFO - 25/01/23 03:26:52 INFO DAGScheduler: Parents of final stage: List(ShuffleMapStage 4)
[2025-01-23T03:26:52.030+0000] {spark_submit.py:579} INFO - 25/01/23 03:26:52 INFO DAGScheduler: Missing parents: List()
[2025-01-23T03:26:52.032+0000] {spark_submit.py:579} INFO - 25/01/23 03:26:52 INFO DAGScheduler: Submitting ShuffleMapStage 5 (MapPartitionsRDD[23] at toString at String.java:2951), which has no missing parents
[2025-01-23T03:26:52.124+0000] {spark_submit.py:579} INFO - 25/01/23 03:26:52 INFO MemoryStore: Block broadcast_6 stored as values in memory (estimated size 426.2 KiB, free 433.3 MiB)
[2025-01-23T03:26:52.127+0000] {spark_submit.py:579} INFO - 25/01/23 03:26:52 INFO MemoryStore: Block broadcast_6_piece0 stored as bytes in memory (estimated size 102.6 KiB, free 433.2 MiB)
[2025-01-23T03:26:52.129+0000] {spark_submit.py:579} INFO - 25/01/23 03:26:52 INFO BlockManagerInfo: Added broadcast_6_piece0 in memory on 73fc507ad5e4:45295 (size: 102.6 KiB, free: 434.2 MiB)
[2025-01-23T03:26:52.129+0000] {spark_submit.py:579} INFO - 25/01/23 03:26:52 INFO SparkContext: Created broadcast 6 from broadcast at DAGScheduler.scala:1513
[2025-01-23T03:26:52.130+0000] {spark_submit.py:579} INFO - 25/01/23 03:26:52 INFO DAGScheduler: Submitting 50 missing tasks from ShuffleMapStage 5 (MapPartitionsRDD[23] at toString at String.java:2951) (first 15 tasks are for partitions Vector(0, 1, 2, 3, 4, 5, 6, 7, 8, 9, 10, 11, 12, 13, 14))
[2025-01-23T03:26:52.131+0000] {spark_submit.py:579} INFO - 25/01/23 03:26:52 INFO TaskSchedulerImpl: Adding task set 5.0 with 50 tasks resource profile 0
[2025-01-23T03:26:52.133+0000] {spark_submit.py:579} INFO - 25/01/23 03:26:52 INFO TaskSetManager: Starting task 19.0 in stage 5.0 (TID 5) (172.18.0.8, executor 0, partition 19, NODE_LOCAL, 4446 bytes) taskResourceAssignments Map()
[2025-01-23T03:26:52.134+0000] {spark_submit.py:579} INFO - 25/01/23 03:26:52 INFO TaskSetManager: Starting task 25.0 in stage 5.0 (TID 6) (172.18.0.8, executor 0, partition 25, NODE_LOCAL, 4446 bytes) taskResourceAssignments Map()
[2025-01-23T03:26:52.149+0000] {spark_submit.py:579} INFO - 25/01/23 03:26:52 INFO BlockManagerInfo: Added broadcast_6_piece0 in memory on 172.18.0.8:37263 (size: 102.6 KiB, free: 1048.6 MiB)
[2025-01-23T03:26:52.275+0000] {spark_submit.py:579} INFO - 25/01/23 03:26:52 INFO MapOutputTrackerMasterEndpoint: Asked to send map output locations for shuffle 1 to 172.18.0.8:57850
[2025-01-23T03:26:52.678+0000] {spark_submit.py:579} INFO - 25/01/23 03:26:52 INFO BlockManagerInfo: Added rdd_20_25 in memory on 172.18.0.8:37263 (size: 479.0 B, free: 1048.6 MiB)
[2025-01-23T03:26:52.680+0000] {spark_submit.py:579} INFO - 25/01/23 03:26:52 INFO BlockManagerInfo: Added rdd_20_19 in memory on 172.18.0.8:37263 (size: 477.0 B, free: 1048.6 MiB)
[2025-01-23T03:26:52.829+0000] {spark_submit.py:579} INFO - 25/01/23 03:26:52 INFO TaskSetManager: Starting task 42.0 in stage 5.0 (TID 7) (172.18.0.8, executor 0, partition 42, NODE_LOCAL, 4446 bytes) taskResourceAssignments Map()
[2025-01-23T03:26:52.830+0000] {spark_submit.py:579} INFO - 25/01/23 03:26:52 INFO TaskSetManager: Finished task 19.0 in stage 5.0 (TID 5) in 698 ms on 172.18.0.8 (executor 0) (1/50)
[2025-01-23T03:26:52.832+0000] {spark_submit.py:579} INFO - 25/01/23 03:26:52 INFO TaskSetManager: Starting task 0.0 in stage 5.0 (TID 8) (172.18.0.8, executor 0, partition 0, PROCESS_LOCAL, 4446 bytes) taskResourceAssignments Map()
[2025-01-23T03:26:52.835+0000] {spark_submit.py:579} INFO - 25/01/23 03:26:52 INFO TaskSetManager: Finished task 25.0 in stage 5.0 (TID 6) in 700 ms on 172.18.0.8 (executor 0) (2/50)
[2025-01-23T03:26:52.898+0000] {spark_submit.py:579} INFO - 25/01/23 03:26:52 INFO BlockManagerInfo: Added rdd_20_0 in memory on 172.18.0.8:37263 (size: 46.0 B, free: 1048.6 MiB)
[2025-01-23T03:26:52.937+0000] {spark_submit.py:579} INFO - 25/01/23 03:26:52 INFO TaskSetManager: Starting task 1.0 in stage 5.0 (TID 9) (172.18.0.8, executor 0, partition 1, PROCESS_LOCAL, 4446 bytes) taskResourceAssignments Map()
[2025-01-23T03:26:52.939+0000] {spark_submit.py:579} INFO - 25/01/23 03:26:52 INFO TaskSetManager: Finished task 0.0 in stage 5.0 (TID 8) in 104 ms on 172.18.0.8 (executor 0) (3/50)
[2025-01-23T03:26:53.006+0000] {spark_submit.py:579} INFO - 25/01/23 03:26:53 INFO BlockManagerInfo: Added rdd_20_1 in memory on 172.18.0.8:37263 (size: 46.0 B, free: 1048.6 MiB)
[2025-01-23T03:26:53.043+0000] {spark_submit.py:579} INFO - 25/01/23 03:26:53 INFO TaskSetManager: Starting task 2.0 in stage 5.0 (TID 10) (172.18.0.8, executor 0, partition 2, PROCESS_LOCAL, 4446 bytes) taskResourceAssignments Map()
[2025-01-23T03:26:53.046+0000] {spark_submit.py:579} INFO - 25/01/23 03:26:53 INFO TaskSetManager: Finished task 1.0 in stage 5.0 (TID 9) in 108 ms on 172.18.0.8 (executor 0) (4/50)
[2025-01-23T03:26:53.129+0000] {spark_submit.py:579} INFO - 25/01/23 03:26:53 INFO BlockManagerInfo: Added rdd_20_2 in memory on 172.18.0.8:37263 (size: 46.0 B, free: 1048.6 MiB)
[2025-01-23T03:26:53.154+0000] {spark_submit.py:579} INFO - 25/01/23 03:26:53 INFO BlockManagerInfo: Added rdd_20_42 in memory on 172.18.0.8:37263 (size: 448.0 B, free: 1048.6 MiB)
[2025-01-23T03:26:53.164+0000] {spark_submit.py:579} INFO - 25/01/23 03:26:53 INFO TaskSetManager: Starting task 3.0 in stage 5.0 (TID 11) (172.18.0.8, executor 0, partition 3, PROCESS_LOCAL, 4446 bytes) taskResourceAssignments Map()
[2025-01-23T03:26:53.165+0000] {spark_submit.py:579} INFO - 25/01/23 03:26:53 INFO TaskSetManager: Finished task 2.0 in stage 5.0 (TID 10) in 123 ms on 172.18.0.8 (executor 0) (5/50)
[2025-01-23T03:26:53.193+0000] {spark_submit.py:579} INFO - 25/01/23 03:26:53 INFO TaskSetManager: Starting task 4.0 in stage 5.0 (TID 12) (172.18.0.8, executor 0, partition 4, PROCESS_LOCAL, 4446 bytes) taskResourceAssignments Map()
[2025-01-23T03:26:53.194+0000] {spark_submit.py:579} INFO - 25/01/23 03:26:53 INFO TaskSetManager: Finished task 42.0 in stage 5.0 (TID 7) in 364 ms on 172.18.0.8 (executor 0) (6/50)
[2025-01-23T03:26:53.223+0000] {spark_submit.py:579} INFO - 25/01/23 03:26:53 INFO BlockManagerInfo: Added rdd_20_3 in memory on 172.18.0.8:37263 (size: 46.0 B, free: 1048.6 MiB)
[2025-01-23T03:26:53.251+0000] {spark_submit.py:579} INFO - 25/01/23 03:26:53 INFO BlockManagerInfo: Added rdd_20_4 in memory on 172.18.0.8:37263 (size: 46.0 B, free: 1048.6 MiB)
[2025-01-23T03:26:53.257+0000] {spark_submit.py:579} INFO - 25/01/23 03:26:53 INFO TaskSetManager: Starting task 5.0 in stage 5.0 (TID 13) (172.18.0.8, executor 0, partition 5, PROCESS_LOCAL, 4446 bytes) taskResourceAssignments Map()
[2025-01-23T03:26:53.260+0000] {spark_submit.py:579} INFO - 25/01/23 03:26:53 INFO TaskSetManager: Finished task 3.0 in stage 5.0 (TID 11) in 94 ms on 172.18.0.8 (executor 0) (7/50)
[2025-01-23T03:26:53.280+0000] {spark_submit.py:579} INFO - 25/01/23 03:26:53 INFO TaskSetManager: Starting task 6.0 in stage 5.0 (TID 14) (172.18.0.8, executor 0, partition 6, PROCESS_LOCAL, 4446 bytes) taskResourceAssignments Map()
[2025-01-23T03:26:53.282+0000] {spark_submit.py:579} INFO - 25/01/23 03:26:53 INFO TaskSetManager: Finished task 4.0 in stage 5.0 (TID 12) in 89 ms on 172.18.0.8 (executor 0) (8/50)
[2025-01-23T03:26:53.319+0000] {spark_submit.py:579} INFO - 25/01/23 03:26:53 INFO BlockManagerInfo: Added rdd_20_5 in memory on 172.18.0.8:37263 (size: 46.0 B, free: 1048.6 MiB)
[2025-01-23T03:26:53.330+0000] {spark_submit.py:579} INFO - 25/01/23 03:26:53 INFO BlockManagerInfo: Added rdd_20_6 in memory on 172.18.0.8:37263 (size: 46.0 B, free: 1048.6 MiB)
[2025-01-23T03:26:53.353+0000] {spark_submit.py:579} INFO - 25/01/23 03:26:53 INFO TaskSetManager: Starting task 7.0 in stage 5.0 (TID 15) (172.18.0.8, executor 0, partition 7, PROCESS_LOCAL, 4446 bytes) taskResourceAssignments Map()
[2025-01-23T03:26:53.354+0000] {spark_submit.py:579} INFO - 25/01/23 03:26:53 INFO TaskSetManager: Finished task 5.0 in stage 5.0 (TID 13) in 98 ms on 172.18.0.8 (executor 0) (9/50)
[2025-01-23T03:26:53.356+0000] {spark_submit.py:579} INFO - 25/01/23 03:26:53 INFO TaskSetManager: Starting task 8.0 in stage 5.0 (TID 16) (172.18.0.8, executor 0, partition 8, PROCESS_LOCAL, 4446 bytes) taskResourceAssignments Map()
[2025-01-23T03:26:53.357+0000] {spark_submit.py:579} INFO - 25/01/23 03:26:53 INFO TaskSetManager: Finished task 6.0 in stage 5.0 (TID 14) in 76 ms on 172.18.0.8 (executor 0) (10/50)
[2025-01-23T03:26:53.404+0000] {spark_submit.py:579} INFO - 25/01/23 03:26:53 INFO BlockManagerInfo: Added rdd_20_8 in memory on 172.18.0.8:37263 (size: 46.0 B, free: 1048.6 MiB)
[2025-01-23T03:26:53.413+0000] {spark_submit.py:579} INFO - 25/01/23 03:26:53 INFO BlockManagerInfo: Added rdd_20_7 in memory on 172.18.0.8:37263 (size: 46.0 B, free: 1048.6 MiB)
[2025-01-23T03:26:53.441+0000] {spark_submit.py:579} INFO - 25/01/23 03:26:53 INFO TaskSetManager: Starting task 9.0 in stage 5.0 (TID 17) (172.18.0.8, executor 0, partition 9, PROCESS_LOCAL, 4446 bytes) taskResourceAssignments Map()
[2025-01-23T03:26:53.442+0000] {spark_submit.py:579} INFO - 25/01/23 03:26:53 INFO TaskSetManager: Finished task 8.0 in stage 5.0 (TID 16) in 86 ms on 172.18.0.8 (executor 0) (11/50)
[2025-01-23T03:26:53.451+0000] {spark_submit.py:579} INFO - 25/01/23 03:26:53 INFO TaskSetManager: Starting task 10.0 in stage 5.0 (TID 18) (172.18.0.8, executor 0, partition 10, PROCESS_LOCAL, 4446 bytes) taskResourceAssignments Map()
[2025-01-23T03:26:53.452+0000] {spark_submit.py:579} INFO - 25/01/23 03:26:53 INFO TaskSetManager: Finished task 7.0 in stage 5.0 (TID 15) in 99 ms on 172.18.0.8 (executor 0) (12/50)
[2025-01-23T03:26:53.497+0000] {spark_submit.py:579} INFO - 25/01/23 03:26:53 INFO BlockManagerInfo: Added rdd_20_9 in memory on 172.18.0.8:37263 (size: 46.0 B, free: 1048.6 MiB)
[2025-01-23T03:26:53.503+0000] {spark_submit.py:579} INFO - 25/01/23 03:26:53 INFO BlockManagerInfo: Added rdd_20_10 in memory on 172.18.0.8:37263 (size: 46.0 B, free: 1048.6 MiB)
[2025-01-23T03:26:53.525+0000] {spark_submit.py:579} INFO - 25/01/23 03:26:53 INFO TaskSetManager: Starting task 11.0 in stage 5.0 (TID 19) (172.18.0.8, executor 0, partition 11, PROCESS_LOCAL, 4446 bytes) taskResourceAssignments Map()
[2025-01-23T03:26:53.525+0000] {spark_submit.py:579} INFO - 25/01/23 03:26:53 INFO TaskSetManager: Finished task 10.0 in stage 5.0 (TID 18) in 75 ms on 172.18.0.8 (executor 0) (13/50)
[2025-01-23T03:26:53.527+0000] {spark_submit.py:579} INFO - 25/01/23 03:26:53 INFO TaskSetManager: Starting task 12.0 in stage 5.0 (TID 20) (172.18.0.8, executor 0, partition 12, PROCESS_LOCAL, 4446 bytes) taskResourceAssignments Map()
[2025-01-23T03:26:53.527+0000] {spark_submit.py:579} INFO - 25/01/23 03:26:53 INFO TaskSetManager: Finished task 9.0 in stage 5.0 (TID 17) in 87 ms on 172.18.0.8 (executor 0) (14/50)
[2025-01-23T03:26:53.570+0000] {spark_submit.py:579} INFO - 25/01/23 03:26:53 INFO BlockManagerInfo: Added rdd_20_11 in memory on 172.18.0.8:37263 (size: 46.0 B, free: 1048.6 MiB)
[2025-01-23T03:26:53.579+0000] {spark_submit.py:579} INFO - 25/01/23 03:26:53 INFO BlockManagerInfo: Added rdd_20_12 in memory on 172.18.0.8:37263 (size: 46.0 B, free: 1048.6 MiB)
[2025-01-23T03:26:53.599+0000] {spark_submit.py:579} INFO - 25/01/23 03:26:53 INFO TaskSetManager: Starting task 13.0 in stage 5.0 (TID 21) (172.18.0.8, executor 0, partition 13, PROCESS_LOCAL, 4446 bytes) taskResourceAssignments Map()
[2025-01-23T03:26:53.600+0000] {spark_submit.py:579} INFO - 25/01/23 03:26:53 INFO TaskSetManager: Finished task 11.0 in stage 5.0 (TID 19) in 75 ms on 172.18.0.8 (executor 0) (15/50)
[2025-01-23T03:26:53.609+0000] {spark_submit.py:579} INFO - 25/01/23 03:26:53 INFO TaskSetManager: Starting task 14.0 in stage 5.0 (TID 22) (172.18.0.8, executor 0, partition 14, PROCESS_LOCAL, 4446 bytes) taskResourceAssignments Map()
[2025-01-23T03:26:53.612+0000] {spark_submit.py:579} INFO - 25/01/23 03:26:53 INFO TaskSetManager: Finished task 12.0 in stage 5.0 (TID 20) in 83 ms on 172.18.0.8 (executor 0) (16/50)
[2025-01-23T03:26:53.651+0000] {spark_submit.py:579} INFO - 25/01/23 03:26:53 INFO BlockManagerInfo: Added rdd_20_13 in memory on 172.18.0.8:37263 (size: 46.0 B, free: 1048.6 MiB)
[2025-01-23T03:26:53.662+0000] {spark_submit.py:579} INFO - 25/01/23 03:26:53 INFO BlockManagerInfo: Added rdd_20_14 in memory on 172.18.0.8:37263 (size: 46.0 B, free: 1048.6 MiB)
[2025-01-23T03:26:53.681+0000] {spark_submit.py:579} INFO - 25/01/23 03:26:53 INFO TaskSetManager: Starting task 15.0 in stage 5.0 (TID 23) (172.18.0.8, executor 0, partition 15, PROCESS_LOCAL, 4446 bytes) taskResourceAssignments Map()
[2025-01-23T03:26:53.682+0000] {spark_submit.py:579} INFO - 25/01/23 03:26:53 INFO TaskSetManager: Finished task 13.0 in stage 5.0 (TID 21) in 82 ms on 172.18.0.8 (executor 0) (17/50)
[2025-01-23T03:26:53.695+0000] {spark_submit.py:579} INFO - 25/01/23 03:26:53 INFO TaskSetManager: Starting task 16.0 in stage 5.0 (TID 24) (172.18.0.8, executor 0, partition 16, PROCESS_LOCAL, 4446 bytes) taskResourceAssignments Map()
[2025-01-23T03:26:53.696+0000] {spark_submit.py:579} INFO - 25/01/23 03:26:53 INFO TaskSetManager: Finished task 14.0 in stage 5.0 (TID 22) in 87 ms on 172.18.0.8 (executor 0) (18/50)
[2025-01-23T03:26:53.731+0000] {spark_submit.py:579} INFO - 25/01/23 03:26:53 INFO BlockManagerInfo: Added rdd_20_15 in memory on 172.18.0.8:37263 (size: 46.0 B, free: 1048.6 MiB)
[2025-01-23T03:26:53.741+0000] {spark_submit.py:579} INFO - 25/01/23 03:26:53 INFO BlockManagerInfo: Added rdd_20_16 in memory on 172.18.0.8:37263 (size: 46.0 B, free: 1048.6 MiB)
[2025-01-23T03:26:53.757+0000] {spark_submit.py:579} INFO - 25/01/23 03:26:53 INFO TaskSetManager: Starting task 17.0 in stage 5.0 (TID 25) (172.18.0.8, executor 0, partition 17, PROCESS_LOCAL, 4446 bytes) taskResourceAssignments Map()
[2025-01-23T03:26:53.758+0000] {spark_submit.py:579} INFO - 25/01/23 03:26:53 INFO TaskSetManager: Finished task 15.0 in stage 5.0 (TID 23) in 78 ms on 172.18.0.8 (executor 0) (19/50)
[2025-01-23T03:26:53.768+0000] {spark_submit.py:579} INFO - 25/01/23 03:26:53 INFO TaskSetManager: Starting task 18.0 in stage 5.0 (TID 26) (172.18.0.8, executor 0, partition 18, PROCESS_LOCAL, 4446 bytes) taskResourceAssignments Map()
[2025-01-23T03:26:53.770+0000] {spark_submit.py:579} INFO - 25/01/23 03:26:53 INFO TaskSetManager: Finished task 16.0 in stage 5.0 (TID 24) in 74 ms on 172.18.0.8 (executor 0) (20/50)
[2025-01-23T03:26:53.809+0000] {spark_submit.py:579} INFO - 25/01/23 03:26:53 INFO BlockManagerInfo: Added rdd_20_17 in memory on 172.18.0.8:37263 (size: 46.0 B, free: 1048.6 MiB)
[2025-01-23T03:26:53.823+0000] {spark_submit.py:579} INFO - 25/01/23 03:26:53 INFO BlockManagerInfo: Added rdd_20_18 in memory on 172.18.0.8:37263 (size: 46.0 B, free: 1048.6 MiB)
[2025-01-23T03:26:53.831+0000] {spark_submit.py:579} INFO - 25/01/23 03:26:53 INFO TaskSetManager: Starting task 20.0 in stage 5.0 (TID 27) (172.18.0.8, executor 0, partition 20, PROCESS_LOCAL, 4446 bytes) taskResourceAssignments Map()
[2025-01-23T03:26:53.832+0000] {spark_submit.py:579} INFO - 25/01/23 03:26:53 INFO TaskSetManager: Finished task 17.0 in stage 5.0 (TID 25) in 75 ms on 172.18.0.8 (executor 0) (21/50)
[2025-01-23T03:26:53.845+0000] {spark_submit.py:579} INFO - 25/01/23 03:26:53 INFO TaskSetManager: Starting task 21.0 in stage 5.0 (TID 28) (172.18.0.8, executor 0, partition 21, PROCESS_LOCAL, 4446 bytes) taskResourceAssignments Map()
[2025-01-23T03:26:53.846+0000] {spark_submit.py:579} INFO - 25/01/23 03:26:53 INFO TaskSetManager: Finished task 18.0 in stage 5.0 (TID 26) in 78 ms on 172.18.0.8 (executor 0) (22/50)
[2025-01-23T03:26:53.879+0000] {spark_submit.py:579} INFO - 25/01/23 03:26:53 INFO BlockManagerInfo: Added rdd_20_20 in memory on 172.18.0.8:37263 (size: 46.0 B, free: 1048.6 MiB)
[2025-01-23T03:26:53.903+0000] {spark_submit.py:579} INFO - 25/01/23 03:26:53 INFO BlockManagerInfo: Added rdd_20_21 in memory on 172.18.0.8:37263 (size: 46.0 B, free: 1048.6 MiB)
[2025-01-23T03:26:53.924+0000] {spark_submit.py:579} INFO - 25/01/23 03:26:53 INFO TaskSetManager: Finished task 20.0 in stage 5.0 (TID 27) in 94 ms on 172.18.0.8 (executor 0) (23/50)
[2025-01-23T03:26:53.925+0000] {spark_submit.py:579} INFO - 25/01/23 03:26:53 INFO TaskSetManager: Starting task 22.0 in stage 5.0 (TID 29) (172.18.0.8, executor 0, partition 22, PROCESS_LOCAL, 4446 bytes) taskResourceAssignments Map()
[2025-01-23T03:26:53.950+0000] {spark_submit.py:579} INFO - 25/01/23 03:26:53 INFO TaskSetManager: Starting task 23.0 in stage 5.0 (TID 30) (172.18.0.8, executor 0, partition 23, PROCESS_LOCAL, 4446 bytes) taskResourceAssignments Map()
[2025-01-23T03:26:53.951+0000] {spark_submit.py:579} INFO - 25/01/23 03:26:53 INFO TaskSetManager: Finished task 21.0 in stage 5.0 (TID 28) in 105 ms on 172.18.0.8 (executor 0) (24/50)
[2025-01-23T03:26:54.007+0000] {spark_submit.py:579} INFO - 25/01/23 03:26:54 INFO BlockManagerInfo: Added rdd_20_22 in memory on 172.18.0.8:37263 (size: 46.0 B, free: 1048.6 MiB)
[2025-01-23T03:26:54.015+0000] {spark_submit.py:579} INFO - 25/01/23 03:26:54 INFO BlockManagerInfo: Added rdd_20_23 in memory on 172.18.0.8:37263 (size: 46.0 B, free: 1048.6 MiB)
[2025-01-23T03:26:54.033+0000] {spark_submit.py:579} INFO - 25/01/23 03:26:54 INFO TaskSetManager: Finished task 22.0 in stage 5.0 (TID 29) in 106 ms on 172.18.0.8 (executor 0) (25/50)
[2025-01-23T03:26:54.033+0000] {spark_submit.py:579} INFO - 25/01/23 03:26:54 INFO TaskSetManager: Starting task 24.0 in stage 5.0 (TID 31) (172.18.0.8, executor 0, partition 24, PROCESS_LOCAL, 4446 bytes) taskResourceAssignments Map()
[2025-01-23T03:26:54.039+0000] {spark_submit.py:579} INFO - 25/01/23 03:26:54 INFO TaskSetManager: Starting task 26.0 in stage 5.0 (TID 32) (172.18.0.8, executor 0, partition 26, PROCESS_LOCAL, 4446 bytes) taskResourceAssignments Map()
[2025-01-23T03:26:54.040+0000] {spark_submit.py:579} INFO - 25/01/23 03:26:54 INFO TaskSetManager: Finished task 23.0 in stage 5.0 (TID 30) in 89 ms on 172.18.0.8 (executor 0) (26/50)
[2025-01-23T03:26:54.086+0000] {spark_submit.py:579} INFO - 25/01/23 03:26:54 INFO BlockManagerInfo: Added rdd_20_26 in memory on 172.18.0.8:37263 (size: 46.0 B, free: 1048.6 MiB)
[2025-01-23T03:26:54.087+0000] {spark_submit.py:579} INFO - 25/01/23 03:26:54 INFO BlockManagerInfo: Added rdd_20_24 in memory on 172.18.0.8:37263 (size: 46.0 B, free: 1048.6 MiB)
[2025-01-23T03:26:54.114+0000] {spark_submit.py:579} INFO - 25/01/23 03:26:54 INFO TaskSetManager: Starting task 27.0 in stage 5.0 (TID 33) (172.18.0.8, executor 0, partition 27, PROCESS_LOCAL, 4446 bytes) taskResourceAssignments Map()
[2025-01-23T03:26:54.116+0000] {spark_submit.py:579} INFO - 25/01/23 03:26:54 INFO TaskSetManager: Finished task 26.0 in stage 5.0 (TID 32) in 75 ms on 172.18.0.8 (executor 0) (27/50)
[2025-01-23T03:26:54.116+0000] {spark_submit.py:579} INFO - 25/01/23 03:26:54 INFO TaskSetManager: Starting task 28.0 in stage 5.0 (TID 34) (172.18.0.8, executor 0, partition 28, PROCESS_LOCAL, 4446 bytes) taskResourceAssignments Map()
[2025-01-23T03:26:54.117+0000] {spark_submit.py:579} INFO - 25/01/23 03:26:54 INFO TaskSetManager: Finished task 24.0 in stage 5.0 (TID 31) in 84 ms on 172.18.0.8 (executor 0) (28/50)
[2025-01-23T03:26:54.166+0000] {spark_submit.py:579} INFO - 25/01/23 03:26:54 INFO BlockManagerInfo: Added rdd_20_27 in memory on 172.18.0.8:37263 (size: 46.0 B, free: 1048.6 MiB)
[2025-01-23T03:26:54.177+0000] {spark_submit.py:579} INFO - 25/01/23 03:26:54 INFO BlockManagerInfo: Added rdd_20_28 in memory on 172.18.0.8:37263 (size: 46.0 B, free: 1048.6 MiB)
[2025-01-23T03:26:54.194+0000] {spark_submit.py:579} INFO - 25/01/23 03:26:54 INFO TaskSetManager: Starting task 29.0 in stage 5.0 (TID 35) (172.18.0.8, executor 0, partition 29, PROCESS_LOCAL, 4446 bytes) taskResourceAssignments Map()
[2025-01-23T03:26:54.195+0000] {spark_submit.py:579} INFO - 25/01/23 03:26:54 INFO TaskSetManager: Finished task 27.0 in stage 5.0 (TID 33) in 82 ms on 172.18.0.8 (executor 0) (29/50)
[2025-01-23T03:26:54.205+0000] {spark_submit.py:579} INFO - 25/01/23 03:26:54 INFO TaskSetManager: Starting task 30.0 in stage 5.0 (TID 36) (172.18.0.8, executor 0, partition 30, PROCESS_LOCAL, 4446 bytes) taskResourceAssignments Map()
[2025-01-23T03:26:54.207+0000] {spark_submit.py:579} INFO - 25/01/23 03:26:54 INFO TaskSetManager: Finished task 28.0 in stage 5.0 (TID 34) in 91 ms on 172.18.0.8 (executor 0) (30/50)
[2025-01-23T03:26:54.238+0000] {spark_submit.py:579} INFO - 25/01/23 03:26:54 INFO BlockManagerInfo: Added rdd_20_29 in memory on 172.18.0.8:37263 (size: 46.0 B, free: 1048.6 MiB)
[2025-01-23T03:26:54.247+0000] {spark_submit.py:579} INFO - 25/01/23 03:26:54 INFO BlockManagerInfo: Added rdd_20_30 in memory on 172.18.0.8:37263 (size: 46.0 B, free: 1048.6 MiB)
[2025-01-23T03:26:54.258+0000] {spark_submit.py:579} INFO - 25/01/23 03:26:54 INFO TaskSetManager: Starting task 31.0 in stage 5.0 (TID 37) (172.18.0.8, executor 0, partition 31, PROCESS_LOCAL, 4446 bytes) taskResourceAssignments Map()
[2025-01-23T03:26:54.259+0000] {spark_submit.py:579} INFO - 25/01/23 03:26:54 INFO TaskSetManager: Finished task 29.0 in stage 5.0 (TID 35) in 66 ms on 172.18.0.8 (executor 0) (31/50)
[2025-01-23T03:26:54.271+0000] {spark_submit.py:579} INFO - 25/01/23 03:26:54 INFO TaskSetManager: Starting task 32.0 in stage 5.0 (TID 38) (172.18.0.8, executor 0, partition 32, PROCESS_LOCAL, 4446 bytes) taskResourceAssignments Map()
[2025-01-23T03:26:54.273+0000] {spark_submit.py:579} INFO - 25/01/23 03:26:54 INFO TaskSetManager: Finished task 30.0 in stage 5.0 (TID 36) in 66 ms on 172.18.0.8 (executor 0) (32/50)
[2025-01-23T03:26:54.302+0000] {spark_submit.py:579} INFO - 25/01/23 03:26:54 INFO BlockManagerInfo: Added rdd_20_31 in memory on 172.18.0.8:37263 (size: 46.0 B, free: 1048.6 MiB)
[2025-01-23T03:26:54.317+0000] {spark_submit.py:579} INFO - 25/01/23 03:26:54 INFO BlockManagerInfo: Added rdd_20_32 in memory on 172.18.0.8:37263 (size: 46.0 B, free: 1048.6 MiB)
[2025-01-23T03:26:54.325+0000] {spark_submit.py:579} INFO - 25/01/23 03:26:54 INFO TaskSetManager: Starting task 33.0 in stage 5.0 (TID 39) (172.18.0.8, executor 0, partition 33, PROCESS_LOCAL, 4446 bytes) taskResourceAssignments Map()
[2025-01-23T03:26:54.326+0000] {spark_submit.py:579} INFO - 25/01/23 03:26:54 INFO TaskSetManager: Finished task 31.0 in stage 5.0 (TID 37) in 68 ms on 172.18.0.8 (executor 0) (33/50)
[2025-01-23T03:26:54.344+0000] {spark_submit.py:579} INFO - 25/01/23 03:26:54 INFO TaskSetManager: Starting task 34.0 in stage 5.0 (TID 40) (172.18.0.8, executor 0, partition 34, PROCESS_LOCAL, 4446 bytes) taskResourceAssignments Map()
[2025-01-23T03:26:54.346+0000] {spark_submit.py:579} INFO - 25/01/23 03:26:54 INFO TaskSetManager: Finished task 32.0 in stage 5.0 (TID 38) in 75 ms on 172.18.0.8 (executor 0) (34/50)
[2025-01-23T03:26:54.376+0000] {spark_submit.py:579} INFO - 25/01/23 03:26:54 INFO BlockManagerInfo: Added rdd_20_33 in memory on 172.18.0.8:37263 (size: 46.0 B, free: 1048.6 MiB)
[2025-01-23T03:26:54.399+0000] {spark_submit.py:579} INFO - 25/01/23 03:26:54 INFO BlockManagerInfo: Added rdd_20_34 in memory on 172.18.0.8:37263 (size: 46.0 B, free: 1048.6 MiB)
[2025-01-23T03:26:54.404+0000] {spark_submit.py:579} INFO - 25/01/23 03:26:54 INFO TaskSetManager: Starting task 35.0 in stage 5.0 (TID 41) (172.18.0.8, executor 0, partition 35, PROCESS_LOCAL, 4446 bytes) taskResourceAssignments Map()
[2025-01-23T03:26:54.405+0000] {spark_submit.py:579} INFO - 25/01/23 03:26:54 INFO TaskSetManager: Finished task 33.0 in stage 5.0 (TID 39) in 79 ms on 172.18.0.8 (executor 0) (35/50)
[2025-01-23T03:26:54.423+0000] {spark_submit.py:579} INFO - 25/01/23 03:26:54 INFO TaskSetManager: Starting task 36.0 in stage 5.0 (TID 42) (172.18.0.8, executor 0, partition 36, PROCESS_LOCAL, 4446 bytes) taskResourceAssignments Map()
[2025-01-23T03:26:54.424+0000] {spark_submit.py:579} INFO - 25/01/23 03:26:54 INFO TaskSetManager: Finished task 34.0 in stage 5.0 (TID 40) in 79 ms on 172.18.0.8 (executor 0) (36/50)
[2025-01-23T03:26:54.461+0000] {spark_submit.py:579} INFO - 25/01/23 03:26:54 INFO BlockManagerInfo: Added rdd_20_35 in memory on 172.18.0.8:37263 (size: 46.0 B, free: 1048.6 MiB)
[2025-01-23T03:26:54.468+0000] {spark_submit.py:579} INFO - 25/01/23 03:26:54 INFO BlockManagerInfo: Added rdd_20_36 in memory on 172.18.0.8:37263 (size: 46.0 B, free: 1048.6 MiB)
[2025-01-23T03:26:54.488+0000] {spark_submit.py:579} INFO - 25/01/23 03:26:54 INFO TaskSetManager: Starting task 37.0 in stage 5.0 (TID 43) (172.18.0.8, executor 0, partition 37, PROCESS_LOCAL, 4446 bytes) taskResourceAssignments Map()
[2025-01-23T03:26:54.489+0000] {spark_submit.py:579} INFO - 25/01/23 03:26:54 INFO TaskSetManager: Finished task 35.0 in stage 5.0 (TID 41) in 86 ms on 172.18.0.8 (executor 0) (37/50)
[2025-01-23T03:26:54.493+0000] {spark_submit.py:579} INFO - 25/01/23 03:26:54 INFO TaskSetManager: Starting task 38.0 in stage 5.0 (TID 44) (172.18.0.8, executor 0, partition 38, PROCESS_LOCAL, 4446 bytes) taskResourceAssignments Map()
[2025-01-23T03:26:54.494+0000] {spark_submit.py:579} INFO - 25/01/23 03:26:54 INFO TaskSetManager: Finished task 36.0 in stage 5.0 (TID 42) in 72 ms on 172.18.0.8 (executor 0) (38/50)
[2025-01-23T03:26:54.536+0000] {spark_submit.py:579} INFO - 25/01/23 03:26:54 INFO BlockManagerInfo: Added rdd_20_37 in memory on 172.18.0.8:37263 (size: 46.0 B, free: 1048.6 MiB)
[2025-01-23T03:26:54.547+0000] {spark_submit.py:579} INFO - 25/01/23 03:26:54 INFO BlockManagerInfo: Added rdd_20_38 in memory on 172.18.0.8:37263 (size: 46.0 B, free: 1048.6 MiB)
[2025-01-23T03:26:54.565+0000] {spark_submit.py:579} INFO - 25/01/23 03:26:54 INFO TaskSetManager: Starting task 39.0 in stage 5.0 (TID 45) (172.18.0.8, executor 0, partition 39, PROCESS_LOCAL, 4446 bytes) taskResourceAssignments Map()
[2025-01-23T03:26:54.567+0000] {spark_submit.py:579} INFO - 25/01/23 03:26:54 INFO TaskSetManager: Finished task 37.0 in stage 5.0 (TID 43) in 77 ms on 172.18.0.8 (executor 0) (39/50)
[2025-01-23T03:26:54.583+0000] {spark_submit.py:579} INFO - 25/01/23 03:26:54 INFO TaskSetManager: Starting task 40.0 in stage 5.0 (TID 46) (172.18.0.8, executor 0, partition 40, PROCESS_LOCAL, 4446 bytes) taskResourceAssignments Map()
[2025-01-23T03:26:54.587+0000] {spark_submit.py:579} INFO - 25/01/23 03:26:54 INFO TaskSetManager: Finished task 38.0 in stage 5.0 (TID 44) in 92 ms on 172.18.0.8 (executor 0) (40/50)
[2025-01-23T03:26:54.615+0000] {spark_submit.py:579} INFO - 25/01/23 03:26:54 INFO BlockManagerInfo: Added rdd_20_39 in memory on 172.18.0.8:37263 (size: 46.0 B, free: 1048.6 MiB)
[2025-01-23T03:26:54.629+0000] {spark_submit.py:579} INFO - 25/01/23 03:26:54 INFO BlockManagerInfo: Added rdd_20_40 in memory on 172.18.0.8:37263 (size: 46.0 B, free: 1048.6 MiB)
[2025-01-23T03:26:54.639+0000] {spark_submit.py:579} INFO - 25/01/23 03:26:54 INFO TaskSetManager: Starting task 41.0 in stage 5.0 (TID 47) (172.18.0.8, executor 0, partition 41, PROCESS_LOCAL, 4446 bytes) taskResourceAssignments Map()
[2025-01-23T03:26:54.641+0000] {spark_submit.py:579} INFO - 25/01/23 03:26:54 INFO TaskSetManager: Finished task 39.0 in stage 5.0 (TID 45) in 76 ms on 172.18.0.8 (executor 0) (41/50)
[2025-01-23T03:26:54.654+0000] {spark_submit.py:579} INFO - 25/01/23 03:26:54 INFO TaskSetManager: Starting task 43.0 in stage 5.0 (TID 48) (172.18.0.8, executor 0, partition 43, PROCESS_LOCAL, 4446 bytes) taskResourceAssignments Map()
[2025-01-23T03:26:54.655+0000] {spark_submit.py:579} INFO - 25/01/23 03:26:54 INFO TaskSetManager: Finished task 40.0 in stage 5.0 (TID 46) in 72 ms on 172.18.0.8 (executor 0) (42/50)
[2025-01-23T03:26:54.682+0000] {spark_submit.py:579} INFO - 25/01/23 03:26:54 INFO BlockManagerInfo: Added rdd_20_41 in memory on 172.18.0.8:37263 (size: 46.0 B, free: 1048.6 MiB)
[2025-01-23T03:26:54.692+0000] {spark_submit.py:579} INFO - 25/01/23 03:26:54 INFO BlockManagerInfo: Added rdd_20_43 in memory on 172.18.0.8:37263 (size: 46.0 B, free: 1048.6 MiB)
[2025-01-23T03:26:54.706+0000] {spark_submit.py:579} INFO - 25/01/23 03:26:54 INFO TaskSetManager: Starting task 44.0 in stage 5.0 (TID 49) (172.18.0.8, executor 0, partition 44, PROCESS_LOCAL, 4446 bytes) taskResourceAssignments Map()
[2025-01-23T03:26:54.707+0000] {spark_submit.py:579} INFO - 25/01/23 03:26:54 INFO TaskSetManager: Finished task 41.0 in stage 5.0 (TID 47) in 68 ms on 172.18.0.8 (executor 0) (43/50)
[2025-01-23T03:26:54.715+0000] {spark_submit.py:579} INFO - 25/01/23 03:26:54 INFO TaskSetManager: Starting task 45.0 in stage 5.0 (TID 50) (172.18.0.8, executor 0, partition 45, PROCESS_LOCAL, 4446 bytes) taskResourceAssignments Map()
[2025-01-23T03:26:54.717+0000] {spark_submit.py:579} INFO - 25/01/23 03:26:54 INFO TaskSetManager: Finished task 43.0 in stage 5.0 (TID 48) in 62 ms on 172.18.0.8 (executor 0) (44/50)
[2025-01-23T03:26:54.744+0000] {spark_submit.py:579} INFO - 25/01/23 03:26:54 INFO BlockManagerInfo: Added rdd_20_44 in memory on 172.18.0.8:37263 (size: 46.0 B, free: 1048.6 MiB)
[2025-01-23T03:26:54.748+0000] {spark_submit.py:579} INFO - 25/01/23 03:26:54 INFO BlockManagerInfo: Added rdd_20_45 in memory on 172.18.0.8:37263 (size: 46.0 B, free: 1048.6 MiB)
[2025-01-23T03:26:54.761+0000] {spark_submit.py:579} INFO - 25/01/23 03:26:54 INFO TaskSetManager: Starting task 46.0 in stage 5.0 (TID 51) (172.18.0.8, executor 0, partition 46, PROCESS_LOCAL, 4446 bytes) taskResourceAssignments Map()
[2025-01-23T03:26:54.763+0000] {spark_submit.py:579} INFO - 25/01/23 03:26:54 INFO TaskSetManager: Finished task 44.0 in stage 5.0 (TID 49) in 56 ms on 172.18.0.8 (executor 0) (45/50)
[2025-01-23T03:26:54.771+0000] {spark_submit.py:579} INFO - 25/01/23 03:26:54 INFO TaskSetManager: Starting task 47.0 in stage 5.0 (TID 52) (172.18.0.8, executor 0, partition 47, PROCESS_LOCAL, 4446 bytes) taskResourceAssignments Map()
[2025-01-23T03:26:54.772+0000] {spark_submit.py:579} INFO - 25/01/23 03:26:54 INFO TaskSetManager: Finished task 45.0 in stage 5.0 (TID 50) in 57 ms on 172.18.0.8 (executor 0) (46/50)
[2025-01-23T03:26:54.797+0000] {spark_submit.py:579} INFO - 25/01/23 03:26:54 INFO BlockManagerInfo: Added rdd_20_46 in memory on 172.18.0.8:37263 (size: 46.0 B, free: 1048.6 MiB)
[2025-01-23T03:26:54.807+0000] {spark_submit.py:579} INFO - 25/01/23 03:26:54 INFO BlockManagerInfo: Added rdd_20_47 in memory on 172.18.0.8:37263 (size: 46.0 B, free: 1048.6 MiB)
[2025-01-23T03:26:54.819+0000] {spark_submit.py:579} INFO - 25/01/23 03:26:54 INFO TaskSetManager: Starting task 48.0 in stage 5.0 (TID 53) (172.18.0.8, executor 0, partition 48, PROCESS_LOCAL, 4446 bytes) taskResourceAssignments Map()
[2025-01-23T03:26:54.820+0000] {spark_submit.py:579} INFO - 25/01/23 03:26:54 INFO TaskSetManager: Finished task 46.0 in stage 5.0 (TID 51) in 59 ms on 172.18.0.8 (executor 0) (47/50)
[2025-01-23T03:26:54.830+0000] {spark_submit.py:579} INFO - 25/01/23 03:26:54 INFO TaskSetManager: Starting task 49.0 in stage 5.0 (TID 54) (172.18.0.8, executor 0, partition 49, PROCESS_LOCAL, 4446 bytes) taskResourceAssignments Map()
[2025-01-23T03:26:54.831+0000] {spark_submit.py:579} INFO - 25/01/23 03:26:54 INFO TaskSetManager: Finished task 47.0 in stage 5.0 (TID 52) in 61 ms on 172.18.0.8 (executor 0) (48/50)
[2025-01-23T03:26:54.849+0000] {spark_submit.py:579} INFO - 25/01/23 03:26:54 INFO BlockManagerInfo: Added rdd_20_48 in memory on 172.18.0.8:37263 (size: 46.0 B, free: 1048.6 MiB)
[2025-01-23T03:26:54.864+0000] {spark_submit.py:579} INFO - 25/01/23 03:26:54 INFO TaskSetManager: Finished task 48.0 in stage 5.0 (TID 53) in 45 ms on 172.18.0.8 (executor 0) (49/50)
[2025-01-23T03:26:54.866+0000] {spark_submit.py:579} INFO - 25/01/23 03:26:54 INFO BlockManagerInfo: Added rdd_20_49 in memory on 172.18.0.8:37263 (size: 46.0 B, free: 1048.6 MiB)
[2025-01-23T03:26:54.887+0000] {spark_submit.py:579} INFO - 25/01/23 03:26:54 INFO TaskSetManager: Finished task 49.0 in stage 5.0 (TID 54) in 57 ms on 172.18.0.8 (executor 0) (50/50)
[2025-01-23T03:26:54.888+0000] {spark_submit.py:579} INFO - 25/01/23 03:26:54 INFO TaskSchedulerImpl: Removed TaskSet 5.0, whose tasks have all completed, from pool
[2025-01-23T03:26:54.888+0000] {spark_submit.py:579} INFO - 25/01/23 03:26:54 INFO DAGScheduler: ShuffleMapStage 5 (toString at String.java:2951) finished in 2.850 s
[2025-01-23T03:26:54.889+0000] {spark_submit.py:579} INFO - 25/01/23 03:26:54 INFO DAGScheduler: looking for newly runnable stages
[2025-01-23T03:26:54.889+0000] {spark_submit.py:579} INFO - 25/01/23 03:26:54 INFO DAGScheduler: running: Set()
[2025-01-23T03:26:54.890+0000] {spark_submit.py:579} INFO - 25/01/23 03:26:54 INFO DAGScheduler: waiting: Set()
[2025-01-23T03:26:54.890+0000] {spark_submit.py:579} INFO - 25/01/23 03:26:54 INFO DAGScheduler: failed: Set()
[2025-01-23T03:26:54.943+0000] {spark_submit.py:579} INFO - 25/01/23 03:26:54 INFO BlockManagerInfo: Removed broadcast_6_piece0 on 172.18.0.8:37263 in memory (size: 102.6 KiB, free: 1048.7 MiB)
[2025-01-23T03:26:54.947+0000] {spark_submit.py:579} INFO - 25/01/23 03:26:54 INFO SparkContext: Starting job: toString at String.java:2951
[2025-01-23T03:26:54.949+0000] {spark_submit.py:579} INFO - 25/01/23 03:26:54 INFO DAGScheduler: Got job 5 (toString at String.java:2951) with 1 output partitions
[2025-01-23T03:26:54.950+0000] {spark_submit.py:579} INFO - 25/01/23 03:26:54 INFO DAGScheduler: Final stage: ResultStage 8 (toString at String.java:2951)
[2025-01-23T03:26:54.950+0000] {spark_submit.py:579} INFO - 25/01/23 03:26:54 INFO DAGScheduler: Parents of final stage: List(ShuffleMapStage 7)
[2025-01-23T03:26:54.951+0000] {spark_submit.py:579} INFO - 25/01/23 03:26:54 INFO DAGScheduler: Missing parents: List()
[2025-01-23T03:26:54.952+0000] {spark_submit.py:579} INFO - 25/01/23 03:26:54 INFO DAGScheduler: Submitting ResultStage 8 (MapPartitionsRDD[26] at toString at String.java:2951), which has no missing parents
[2025-01-23T03:26:54.958+0000] {spark_submit.py:579} INFO - 25/01/23 03:26:54 INFO BlockManagerInfo: Removed broadcast_6_piece0 on 73fc507ad5e4:45295 in memory (size: 102.6 KiB, free: 434.3 MiB)
[2025-01-23T03:26:54.959+0000] {spark_submit.py:579} INFO - 25/01/23 03:26:54 INFO MemoryStore: Block broadcast_7 stored as values in memory (estimated size 372.3 KiB, free 433.3 MiB)
[2025-01-23T03:26:54.966+0000] {spark_submit.py:579} INFO - 25/01/23 03:26:54 INFO MemoryStore: Block broadcast_7_piece0 stored as bytes in memory (estimated size 91.6 KiB, free 433.2 MiB)
[2025-01-23T03:26:54.968+0000] {spark_submit.py:579} INFO - 25/01/23 03:26:54 INFO BlockManagerInfo: Added broadcast_7_piece0 in memory on 73fc507ad5e4:45295 (size: 91.6 KiB, free: 434.2 MiB)
[2025-01-23T03:26:54.969+0000] {spark_submit.py:579} INFO - 25/01/23 03:26:54 INFO SparkContext: Created broadcast 7 from broadcast at DAGScheduler.scala:1513
[2025-01-23T03:26:54.970+0000] {spark_submit.py:579} INFO - 25/01/23 03:26:54 INFO DAGScheduler: Submitting 1 missing tasks from ResultStage 8 (MapPartitionsRDD[26] at toString at String.java:2951) (first 15 tasks are for partitions Vector(0))
[2025-01-23T03:26:54.970+0000] {spark_submit.py:579} INFO - 25/01/23 03:26:54 INFO TaskSchedulerImpl: Adding task set 8.0 with 1 tasks resource profile 0
[2025-01-23T03:26:54.972+0000] {spark_submit.py:579} INFO - 25/01/23 03:26:54 INFO TaskSetManager: Starting task 0.0 in stage 8.0 (TID 55) (172.18.0.8, executor 0, partition 0, NODE_LOCAL, 4457 bytes) taskResourceAssignments Map()
[2025-01-23T03:26:55.010+0000] {spark_submit.py:579} INFO - 25/01/23 03:26:55 INFO BlockManagerInfo: Added broadcast_7_piece0 in memory on 172.18.0.8:37263 (size: 91.6 KiB, free: 1048.6 MiB)
[2025-01-23T03:26:55.094+0000] {spark_submit.py:579} INFO - 25/01/23 03:26:55 INFO MapOutputTrackerMasterEndpoint: Asked to send map output locations for shuffle 2 to 172.18.0.8:57850
[2025-01-23T03:26:55.232+0000] {spark_submit.py:579} INFO - 25/01/23 03:26:55 INFO TaskSetManager: Finished task 0.0 in stage 8.0 (TID 55) in 260 ms on 172.18.0.8 (executor 0) (1/1)
[2025-01-23T03:26:55.232+0000] {spark_submit.py:579} INFO - 25/01/23 03:26:55 INFO TaskSchedulerImpl: Removed TaskSet 8.0, whose tasks have all completed, from pool
[2025-01-23T03:26:55.233+0000] {spark_submit.py:579} INFO - 25/01/23 03:26:55 INFO DAGScheduler: ResultStage 8 (toString at String.java:2951) finished in 0.279 s
[2025-01-23T03:26:55.235+0000] {spark_submit.py:579} INFO - 25/01/23 03:26:55 INFO DAGScheduler: Job 5 is finished. Cancelling potential speculative or zombie tasks for this job
[2025-01-23T03:26:55.236+0000] {spark_submit.py:579} INFO - 25/01/23 03:26:55 INFO TaskSchedulerImpl: Killing all running tasks in stage 8: Stage finished
[2025-01-23T03:26:55.239+0000] {spark_submit.py:579} INFO - 25/01/23 03:26:55 INFO DAGScheduler: Job 5 finished: toString at String.java:2951, took 0.288072 s
[2025-01-23T03:26:55.295+0000] {spark_submit.py:579} INFO - 25/01/23 03:26:55 INFO CodeGenerator: Code generated in 33.373533 ms
[2025-01-23T03:26:55.305+0000] {spark_submit.py:579} INFO - 25/01/23 03:26:55 INFO Snapshot: [tableId=2d0b5496-1697-4300-b2fe-0c1be513f22e] DELTA: Done
[2025-01-23T03:26:55.306+0000] {spark_submit.py:579} INFO - 25/01/23 03:26:55 INFO Snapshot: [tableId=2d0b5496-1697-4300-b2fe-0c1be513f22e] Created snapshot Snapshot(path=s3a://lakehouse/silver/review/_delta_log, version=0, metadata=Metadata(37ae586e-9d4c-4b67-bd51-f56ef8243cae,null,null,Format(parquet,Map()),{"type":"struct","fields":[{"name":"review","type":"string","nullable":true,"metadata":{}},{"name":"sentiment","type":"string","nullable":true,"metadata":{}}]},List(),Map(),Some(1737602800313)), logSegment=LogSegment(s3a://lakehouse/silver/review/_delta_log,0,WrappedArray(S3AFileStatus{path=s3a://lakehouse/silver/review/_delta_log/00000000000000000000.json; isDirectory=false; length=1689; replication=1; blocksize=33554432; modification_time=1737602810425; access_time=0; owner=***; group=***; permission=rw-rw-rw-; isSymlink=false; hasAcl=false; isEncrypted=true; isErasureCoded=false} isEmptyDirectory=FALSE eTag=9d23f6b841383048229ec5a0c350b6ca versionId=null),List(),None,1737602810425), checksumOpt=None)
[2025-01-23T03:26:55.306+0000] {spark_submit.py:579} INFO - 25/01/23 03:26:55 INFO DeltaLog: Updated snapshot to Snapshot(path=s3a://lakehouse/silver/review/_delta_log, version=0, metadata=Metadata(37ae586e-9d4c-4b67-bd51-f56ef8243cae,null,null,Format(parquet,Map()),{"type":"struct","fields":[{"name":"review","type":"string","nullable":true,"metadata":{}},{"name":"sentiment","type":"string","nullable":true,"metadata":{}}]},List(),Map(),Some(1737602800313)), logSegment=LogSegment(s3a://lakehouse/silver/review/_delta_log,0,WrappedArray(S3AFileStatus{path=s3a://lakehouse/silver/review/_delta_log/00000000000000000000.json; isDirectory=false; length=1689; replication=1; blocksize=33554432; modification_time=1737602810425; access_time=0; owner=***; group=***; permission=rw-rw-rw-; isSymlink=false; hasAcl=false; isEncrypted=true; isErasureCoded=false} isEmptyDirectory=FALSE eTag=9d23f6b841383048229ec5a0c350b6ca versionId=null),List(),None,1737602810425), checksumOpt=None)
[2025-01-23T03:26:55.334+0000] {spark_submit.py:579} INFO - 25/01/23 03:26:55 INFO OptimisticTransaction: [tableId=2d0b5496,txnId=4a22566f] Committed delta #0 to s3a://lakehouse/silver/review/_delta_log
[2025-01-23T03:26:55.342+0000] {spark_submit.py:579} INFO - 2025-01-23 03:26:55,342 INFO: Data cleaning and saving process completed successfully.
[2025-01-23T03:26:55.353+0000] {spark_submit.py:579} INFO - 25/01/23 03:26:55 INFO SparkUI: Stopped Spark web UI at http://73fc507ad5e4:4040
[2025-01-23T03:26:55.358+0000] {spark_submit.py:579} INFO - 25/01/23 03:26:55 INFO StandaloneSchedulerBackend: Shutting down all executors
[2025-01-23T03:26:55.359+0000] {spark_submit.py:579} INFO - 25/01/23 03:26:55 INFO CoarseGrainedSchedulerBackend$DriverEndpoint: Asking each executor to shut down
[2025-01-23T03:26:55.389+0000] {spark_submit.py:579} INFO - 25/01/23 03:26:55 INFO MapOutputTrackerMasterEndpoint: MapOutputTrackerMasterEndpoint stopped!
[2025-01-23T03:26:55.447+0000] {spark_submit.py:579} INFO - 25/01/23 03:26:55 INFO MemoryStore: MemoryStore cleared
[2025-01-23T03:26:55.448+0000] {spark_submit.py:579} INFO - 25/01/23 03:26:55 INFO BlockManager: BlockManager stopped
[2025-01-23T03:26:55.457+0000] {spark_submit.py:579} INFO - 25/01/23 03:26:55 INFO BlockManagerMaster: BlockManagerMaster stopped
[2025-01-23T03:26:55.464+0000] {spark_submit.py:579} INFO - 25/01/23 03:26:55 INFO OutputCommitCoordinator$OutputCommitCoordinatorEndpoint: OutputCommitCoordinator stopped!
[2025-01-23T03:26:55.520+0000] {spark_submit.py:579} INFO - 25/01/23 03:26:55 INFO SparkContext: Successfully stopped SparkContext
[2025-01-23T03:26:56.016+0000] {spark_submit.py:579} INFO - 2025-01-23 03:26:56,015 INFO: Closing down clientserver connection
[2025-01-23T03:26:56.053+0000] {spark_submit.py:579} INFO - 25/01/23 03:26:56 INFO ShutdownHookManager: Shutdown hook called
[2025-01-23T03:26:56.053+0000] {spark_submit.py:579} INFO - 25/01/23 03:26:56 INFO ShutdownHookManager: Deleting directory /tmp/spark-67c97be2-2cfd-4695-bafa-98ad51849d2d/pyspark-2669c74e-3735-4a4c-b169-2ca98ba89c78
[2025-01-23T03:26:56.056+0000] {spark_submit.py:579} INFO - 25/01/23 03:26:56 INFO ShutdownHookManager: Deleting directory /tmp/spark-67c97be2-2cfd-4695-bafa-98ad51849d2d
[2025-01-23T03:26:56.060+0000] {spark_submit.py:579} INFO - 25/01/23 03:26:56 INFO ShutdownHookManager: Deleting directory /tmp/spark-72179e27-6a47-4551-8cd8-71faac8a3fb5
[2025-01-23T03:26:56.068+0000] {spark_submit.py:579} INFO - 25/01/23 03:26:56 INFO MetricsSystemImpl: Stopping s3a-file-system metrics system...
[2025-01-23T03:26:56.069+0000] {spark_submit.py:579} INFO - 25/01/23 03:26:56 INFO MetricsSystemImpl: s3a-file-system metrics system stopped.
[2025-01-23T03:26:56.069+0000] {spark_submit.py:579} INFO - 25/01/23 03:26:56 INFO MetricsSystemImpl: s3a-file-system metrics system shutdown complete.
[2025-01-23T03:26:56.126+0000] {taskinstance.py:1400} INFO - Marking task as SUCCESS. dag_id=Silver_Layer, task_id=clean_review, execution_date=20250123T032501, start_date=20250123T032628, end_date=20250123T032656
[2025-01-23T03:26:56.151+0000] {local_task_job_runner.py:228} INFO - Task exited with return code 0
[2025-01-23T03:26:56.174+0000] {taskinstance.py:2778} INFO - 1 downstream tasks scheduled from follow-on schedule check
