[2024-10-06T06:10:25.831+0000] {taskinstance.py:1157} INFO - Dependencies all met for dep_context=non-requeueable deps ti=<TaskInstance: spark_processing_dag.silver_cleaned_keywords manual__2024-10-06T06:10:24.591235+00:00 [queued]>
[2024-10-06T06:10:25.842+0000] {taskinstance.py:1157} INFO - Dependencies all met for dep_context=requeueable deps ti=<TaskInstance: spark_processing_dag.silver_cleaned_keywords manual__2024-10-06T06:10:24.591235+00:00 [queued]>
[2024-10-06T06:10:25.843+0000] {taskinstance.py:1359} INFO - Starting attempt 1 of 2
[2024-10-06T06:10:25.860+0000] {taskinstance.py:1380} INFO - Executing <Task(SparkSubmitOperator): silver_cleaned_keywords> on 2024-10-06 06:10:24.591235+00:00
[2024-10-06T06:10:25.864+0000] {standard_task_runner.py:57} INFO - Started process 3992 to run task
[2024-10-06T06:10:25.870+0000] {standard_task_runner.py:84} INFO - Running: ['***', 'tasks', 'run', 'spark_processing_dag', 'silver_cleaned_keywords', 'manual__2024-10-06T06:10:24.591235+00:00', '--job-id', '245', '--raw', '--subdir', 'DAGS_FOLDER/sliver_layer.py', '--cfg-path', '/tmp/tmphr8gotio']
[2024-10-06T06:10:25.872+0000] {standard_task_runner.py:85} INFO - Job 245: Subtask silver_cleaned_keywords
[2024-10-06T06:10:25.924+0000] {task_command.py:415} INFO - Running <TaskInstance: spark_processing_dag.silver_cleaned_keywords manual__2024-10-06T06:10:24.591235+00:00 [running]> on host b8bb5f5afab6
[2024-10-06T06:10:26.003+0000] {taskinstance.py:1660} INFO - Exporting env vars: AIRFLOW_CTX_DAG_OWNER='***' AIRFLOW_CTX_DAG_ID='spark_processing_dag' AIRFLOW_CTX_TASK_ID='silver_cleaned_keywords' AIRFLOW_CTX_EXECUTION_DATE='2024-10-06T06:10:24.591235+00:00' AIRFLOW_CTX_TRY_NUMBER='1' AIRFLOW_CTX_DAG_RUN_ID='manual__2024-10-06T06:10:24.591235+00:00'
[2024-10-06T06:10:26.014+0000] {base.py:73} INFO - Using connection ID 'spark-conn' for task execution.
[2024-10-06T06:10:26.016+0000] {spark_submit.py:403} INFO - Spark-Submit cmd: spark-submit --master spark://spark-master:7077 --conf spark.sql.extensions=io.delta.sql.DeltaSparkSessionExtension --conf spark.sql.catalog.spark_catalog=org.apache.spark.sql.delta.catalog.DeltaCatalog --jars /opt/***/jars/hadoop-aws-3.3.4.jar,/opt/***/jars/s3-2.18.41.jar,/opt/***/jars/aws-java-sdk-1.12.367.jar,/opt/***/jars/delta-core_2.12-2.4.0.jar,/opt/***/jars/delta-storage-2.2.0.jar, --packages org.apache.hadoop:hadoop-aws:3.3.4 --num-executors 2 --total-executor-cores 2 --executor-cores 2 --executor-memory 2g --driver-memory 1g --name arrow-spark --deploy-mode client /opt/***/jobs/python/test_Key.py s3a://lakehouse/bronze/keywords.parquet s3a://lakehouse/silver
[2024-10-06T06:10:26.115+0000] {spark_submit.py:579} INFO - /home/***/.local/lib/python3.11/site-packages/pyspark/bin/load-spark-env.sh: line 68: ps: command not found
[2024-10-06T06:10:27.853+0000] {spark_submit.py:579} INFO - :: loading settings :: url = jar:file:/home/***/.local/lib/python3.11/site-packages/pyspark/jars/ivy-2.5.1.jar!/org/apache/ivy/core/settings/ivysettings.xml
[2024-10-06T06:10:28.007+0000] {spark_submit.py:579} INFO - Ivy Default Cache set to: /home/***/.ivy2/cache
[2024-10-06T06:10:28.009+0000] {spark_submit.py:579} INFO - The jars for the packages stored in: /home/***/.ivy2/jars
[2024-10-06T06:10:28.014+0000] {spark_submit.py:579} INFO - org.apache.hadoop#hadoop-aws added as a dependency
[2024-10-06T06:10:28.016+0000] {spark_submit.py:579} INFO - :: resolving dependencies :: org.apache.spark#spark-submit-parent-cc9f3389-6080-44d7-bccd-0a82929b3e5f;1.0
[2024-10-06T06:10:28.016+0000] {spark_submit.py:579} INFO - confs: [default]
[2024-10-06T06:10:28.258+0000] {spark_submit.py:579} INFO - found org.apache.hadoop#hadoop-aws;3.3.4 in central
[2024-10-06T06:10:28.293+0000] {spark_submit.py:579} INFO - found com.amazonaws#aws-java-sdk-bundle;1.12.262 in central
[2024-10-06T06:10:28.320+0000] {spark_submit.py:579} INFO - found org.wildfly.openssl#wildfly-openssl;1.0.7.Final in central
[2024-10-06T06:10:28.348+0000] {spark_submit.py:579} INFO - :: resolution report :: resolve 320ms :: artifacts dl 12ms
[2024-10-06T06:10:28.349+0000] {spark_submit.py:579} INFO - :: modules in use:
[2024-10-06T06:10:28.350+0000] {spark_submit.py:579} INFO - com.amazonaws#aws-java-sdk-bundle;1.12.262 from central in [default]
[2024-10-06T06:10:28.350+0000] {spark_submit.py:579} INFO - org.apache.hadoop#hadoop-aws;3.3.4 from central in [default]
[2024-10-06T06:10:28.350+0000] {spark_submit.py:579} INFO - org.wildfly.openssl#wildfly-openssl;1.0.7.Final from central in [default]
[2024-10-06T06:10:28.351+0000] {spark_submit.py:579} INFO - ---------------------------------------------------------------------
[2024-10-06T06:10:28.354+0000] {spark_submit.py:579} INFO - |                  |            modules            ||   artifacts   |
[2024-10-06T06:10:28.354+0000] {spark_submit.py:579} INFO - |       conf       | number| search|dwnlded|evicted|| number|dwnlded|
[2024-10-06T06:10:28.355+0000] {spark_submit.py:579} INFO - ---------------------------------------------------------------------
[2024-10-06T06:10:28.355+0000] {spark_submit.py:579} INFO - |      default     |   3   |   0   |   0   |   0   ||   3   |   0   |
[2024-10-06T06:10:28.355+0000] {spark_submit.py:579} INFO - ---------------------------------------------------------------------
[2024-10-06T06:10:28.356+0000] {spark_submit.py:579} INFO - :: retrieving :: org.apache.spark#spark-submit-parent-cc9f3389-6080-44d7-bccd-0a82929b3e5f
[2024-10-06T06:10:28.356+0000] {spark_submit.py:579} INFO - confs: [default]
[2024-10-06T06:10:28.363+0000] {spark_submit.py:579} INFO - 0 artifacts copied, 3 already retrieved (0kB/7ms)
[2024-10-06T06:10:28.593+0000] {spark_submit.py:579} INFO - 24/10/06 06:10:28 WARN NativeCodeLoader: Unable to load native-hadoop library for your platform... using builtin-java classes where applicable
[2024-10-06T06:10:30.218+0000] {spark_submit.py:579} INFO - 24/10/06 06:10:30 INFO SparkContext: Running Spark version 3.5.1
[2024-10-06T06:10:30.219+0000] {spark_submit.py:579} INFO - 24/10/06 06:10:30 INFO SparkContext: OS info Linux, 5.15.153.1-microsoft-standard-WSL2, amd64
[2024-10-06T06:10:30.220+0000] {spark_submit.py:579} INFO - 24/10/06 06:10:30 INFO SparkContext: Java version 11.0.24
[2024-10-06T06:10:30.241+0000] {spark_submit.py:579} INFO - 24/10/06 06:10:30 INFO ResourceUtils: ==============================================================
[2024-10-06T06:10:30.241+0000] {spark_submit.py:579} INFO - 24/10/06 06:10:30 INFO ResourceUtils: No custom resources configured for spark.driver.
[2024-10-06T06:10:30.242+0000] {spark_submit.py:579} INFO - 24/10/06 06:10:30 INFO ResourceUtils: ==============================================================
[2024-10-06T06:10:30.242+0000] {spark_submit.py:579} INFO - 24/10/06 06:10:30 INFO SparkContext: Submitted application: CleanKeywords
[2024-10-06T06:10:30.270+0000] {spark_submit.py:579} INFO - 24/10/06 06:10:30 INFO ResourceProfile: Default ResourceProfile created, executor resources: Map(cores -> name: cores, amount: 2, script: , vendor: , memory -> name: memory, amount: 2048, script: , vendor: , offHeap -> name: offHeap, amount: 0, script: , vendor: ), task resources: Map(cpus -> name: cpus, amount: 1.0)
[2024-10-06T06:10:30.287+0000] {spark_submit.py:579} INFO - 24/10/06 06:10:30 INFO ResourceProfile: Limiting resource is cpus at 2 tasks per executor
[2024-10-06T06:10:30.290+0000] {spark_submit.py:579} INFO - 24/10/06 06:10:30 INFO ResourceProfileManager: Added ResourceProfile id: 0
[2024-10-06T06:10:30.360+0000] {spark_submit.py:579} INFO - 24/10/06 06:10:30 INFO SecurityManager: Changing view acls to: ***
[2024-10-06T06:10:30.361+0000] {spark_submit.py:579} INFO - 24/10/06 06:10:30 INFO SecurityManager: Changing modify acls to: ***
[2024-10-06T06:10:30.362+0000] {spark_submit.py:579} INFO - 24/10/06 06:10:30 INFO SecurityManager: Changing view acls groups to:
[2024-10-06T06:10:30.362+0000] {spark_submit.py:579} INFO - 24/10/06 06:10:30 INFO SecurityManager: Changing modify acls groups to:
[2024-10-06T06:10:30.363+0000] {spark_submit.py:579} INFO - 24/10/06 06:10:30 INFO SecurityManager: SecurityManager: authentication disabled; ui acls disabled; users with view permissions: ***; groups with view permissions: EMPTY; users with modify permissions: ***; groups with modify permissions: EMPTY
[2024-10-06T06:10:30.624+0000] {spark_submit.py:579} INFO - 24/10/06 06:10:30 INFO Utils: Successfully started service 'sparkDriver' on port 37597.
[2024-10-06T06:10:30.654+0000] {spark_submit.py:579} INFO - 24/10/06 06:10:30 INFO SparkEnv: Registering MapOutputTracker
[2024-10-06T06:10:30.693+0000] {spark_submit.py:579} INFO - 24/10/06 06:10:30 INFO SparkEnv: Registering BlockManagerMaster
[2024-10-06T06:10:30.715+0000] {spark_submit.py:579} INFO - 24/10/06 06:10:30 INFO BlockManagerMasterEndpoint: Using org.apache.spark.storage.DefaultTopologyMapper for getting topology information
[2024-10-06T06:10:30.716+0000] {spark_submit.py:579} INFO - 24/10/06 06:10:30 INFO BlockManagerMasterEndpoint: BlockManagerMasterEndpoint up
[2024-10-06T06:10:30.725+0000] {spark_submit.py:579} INFO - 24/10/06 06:10:30 INFO SparkEnv: Registering BlockManagerMasterHeartbeat
[2024-10-06T06:10:30.760+0000] {spark_submit.py:579} INFO - 24/10/06 06:10:30 INFO DiskBlockManager: Created local directory at /tmp/blockmgr-da3b839d-51bf-40b4-aa89-571f32dc93a0
[2024-10-06T06:10:30.783+0000] {spark_submit.py:579} INFO - 24/10/06 06:10:30 INFO MemoryStore: MemoryStore started with capacity 434.4 MiB
[2024-10-06T06:10:30.811+0000] {spark_submit.py:579} INFO - 24/10/06 06:10:30 INFO SparkEnv: Registering OutputCommitCoordinator
[2024-10-06T06:10:31.006+0000] {spark_submit.py:579} INFO - 24/10/06 06:10:31 INFO JettyUtils: Start Jetty 0.0.0.0:4040 for SparkUI
[2024-10-06T06:10:31.074+0000] {spark_submit.py:579} INFO - 24/10/06 06:10:31 INFO Utils: Successfully started service 'SparkUI' on port 4040.
[2024-10-06T06:10:31.120+0000] {spark_submit.py:579} INFO - 24/10/06 06:10:31 INFO SparkContext: Added JAR file:///opt/***/jars/hadoop-aws-3.3.4.jar at spark://b8bb5f5afab6:37597/jars/hadoop-aws-3.3.4.jar with timestamp 1728195030207
[2024-10-06T06:10:31.122+0000] {spark_submit.py:579} INFO - 24/10/06 06:10:31 INFO SparkContext: Added JAR file:///opt/***/jars/s3-2.18.41.jar at spark://b8bb5f5afab6:37597/jars/s3-2.18.41.jar with timestamp 1728195030207
[2024-10-06T06:10:31.123+0000] {spark_submit.py:579} INFO - 24/10/06 06:10:31 INFO SparkContext: Added JAR file:///opt/***/jars/aws-java-sdk-1.12.367.jar at spark://b8bb5f5afab6:37597/jars/aws-java-sdk-1.12.367.jar with timestamp 1728195030207
[2024-10-06T06:10:31.125+0000] {spark_submit.py:579} INFO - 24/10/06 06:10:31 INFO SparkContext: Added JAR file:///opt/***/jars/delta-core_2.12-2.4.0.jar at spark://b8bb5f5afab6:37597/jars/delta-core_2.12-2.4.0.jar with timestamp 1728195030207
[2024-10-06T06:10:31.126+0000] {spark_submit.py:579} INFO - 24/10/06 06:10:31 INFO SparkContext: Added JAR file:///opt/***/jars/delta-storage-2.2.0.jar at spark://b8bb5f5afab6:37597/jars/delta-storage-2.2.0.jar with timestamp 1728195030207
[2024-10-06T06:10:31.127+0000] {spark_submit.py:579} INFO - 24/10/06 06:10:31 INFO SparkContext: Added JAR file:///home/***/.ivy2/jars/org.apache.hadoop_hadoop-aws-3.3.4.jar at spark://b8bb5f5afab6:37597/jars/org.apache.hadoop_hadoop-aws-3.3.4.jar with timestamp 1728195030207
[2024-10-06T06:10:31.129+0000] {spark_submit.py:579} INFO - 24/10/06 06:10:31 INFO SparkContext: Added JAR file:///home/***/.ivy2/jars/com.amazonaws_aws-java-sdk-bundle-1.12.262.jar at spark://b8bb5f5afab6:37597/jars/com.amazonaws_aws-java-sdk-bundle-1.12.262.jar with timestamp 1728195030207
[2024-10-06T06:10:31.129+0000] {spark_submit.py:579} INFO - 24/10/06 06:10:31 INFO SparkContext: Added JAR file:///home/***/.ivy2/jars/org.wildfly.openssl_wildfly-openssl-1.0.7.Final.jar at spark://b8bb5f5afab6:37597/jars/org.wildfly.openssl_wildfly-openssl-1.0.7.Final.jar with timestamp 1728195030207
[2024-10-06T06:10:31.133+0000] {spark_submit.py:579} INFO - 24/10/06 06:10:31 INFO SparkContext: Added file file:///home/***/.ivy2/jars/org.apache.hadoop_hadoop-aws-3.3.4.jar at spark://b8bb5f5afab6:37597/files/org.apache.hadoop_hadoop-aws-3.3.4.jar with timestamp 1728195030207
[2024-10-06T06:10:31.136+0000] {spark_submit.py:579} INFO - 24/10/06 06:10:31 INFO Utils: Copying /home/***/.ivy2/jars/org.apache.hadoop_hadoop-aws-3.3.4.jar to /tmp/spark-772742d0-d526-4530-a86e-699315c16835/userFiles-8f296f88-30d1-458d-8d63-b4c1d497821a/org.apache.hadoop_hadoop-aws-3.3.4.jar
[2024-10-06T06:10:31.151+0000] {spark_submit.py:579} INFO - 24/10/06 06:10:31 INFO SparkContext: Added file file:///home/***/.ivy2/jars/com.amazonaws_aws-java-sdk-bundle-1.12.262.jar at spark://b8bb5f5afab6:37597/files/com.amazonaws_aws-java-sdk-bundle-1.12.262.jar with timestamp 1728195030207
[2024-10-06T06:10:31.151+0000] {spark_submit.py:579} INFO - 24/10/06 06:10:31 INFO Utils: Copying /home/***/.ivy2/jars/com.amazonaws_aws-java-sdk-bundle-1.12.262.jar to /tmp/spark-772742d0-d526-4530-a86e-699315c16835/userFiles-8f296f88-30d1-458d-8d63-b4c1d497821a/com.amazonaws_aws-java-sdk-bundle-1.12.262.jar
[2024-10-06T06:10:31.470+0000] {spark_submit.py:579} INFO - 24/10/06 06:10:31 INFO SparkContext: Added file file:///home/***/.ivy2/jars/org.wildfly.openssl_wildfly-openssl-1.0.7.Final.jar at spark://b8bb5f5afab6:37597/files/org.wildfly.openssl_wildfly-openssl-1.0.7.Final.jar with timestamp 1728195030207
[2024-10-06T06:10:31.470+0000] {spark_submit.py:579} INFO - 24/10/06 06:10:31 INFO Utils: Copying /home/***/.ivy2/jars/org.wildfly.openssl_wildfly-openssl-1.0.7.Final.jar to /tmp/spark-772742d0-d526-4530-a86e-699315c16835/userFiles-8f296f88-30d1-458d-8d63-b4c1d497821a/org.wildfly.openssl_wildfly-openssl-1.0.7.Final.jar
[2024-10-06T06:10:31.559+0000] {spark_submit.py:579} INFO - 24/10/06 06:10:31 INFO StandaloneAppClient$ClientEndpoint: Connecting to master spark://spark-master:7077...
[2024-10-06T06:10:31.610+0000] {spark_submit.py:579} INFO - 24/10/06 06:10:31 INFO TransportClientFactory: Successfully created connection to spark-master/172.20.0.2:7077 after 29 ms (0 ms spent in bootstraps)
[2024-10-06T06:10:31.695+0000] {spark_submit.py:579} INFO - 24/10/06 06:10:31 INFO StandaloneSchedulerBackend: Connected to Spark cluster with app ID app-20241006061031-0011
[2024-10-06T06:10:31.697+0000] {spark_submit.py:579} INFO - 24/10/06 06:10:31 INFO StandaloneAppClient$ClientEndpoint: Executor added: app-20241006061031-0011/0 on worker-20241006050918-172.20.0.5-33597 (172.20.0.5:33597) with 2 core(s)
[2024-10-06T06:10:31.700+0000] {spark_submit.py:579} INFO - 24/10/06 06:10:31 INFO StandaloneSchedulerBackend: Granted executor ID app-20241006061031-0011/0 on hostPort 172.20.0.5:33597 with 2 core(s), 2.0 GiB RAM
[2024-10-06T06:10:31.708+0000] {spark_submit.py:579} INFO - 24/10/06 06:10:31 INFO Utils: Successfully started service 'org.apache.spark.network.netty.NettyBlockTransferService' on port 37005.
[2024-10-06T06:10:31.709+0000] {spark_submit.py:579} INFO - 24/10/06 06:10:31 INFO NettyBlockTransferService: Server created on b8bb5f5afab6:37005
[2024-10-06T06:10:31.711+0000] {spark_submit.py:579} INFO - 24/10/06 06:10:31 INFO BlockManager: Using org.apache.spark.storage.RandomBlockReplicationPolicy for block replication policy
[2024-10-06T06:10:31.719+0000] {spark_submit.py:579} INFO - 24/10/06 06:10:31 INFO BlockManagerMaster: Registering BlockManager BlockManagerId(driver, b8bb5f5afab6, 37005, None)
[2024-10-06T06:10:31.724+0000] {spark_submit.py:579} INFO - 24/10/06 06:10:31 INFO BlockManagerMasterEndpoint: Registering block manager b8bb5f5afab6:37005 with 434.4 MiB RAM, BlockManagerId(driver, b8bb5f5afab6, 37005, None)
[2024-10-06T06:10:31.729+0000] {spark_submit.py:579} INFO - 24/10/06 06:10:31 INFO BlockManagerMaster: Registered BlockManager BlockManagerId(driver, b8bb5f5afab6, 37005, None)
[2024-10-06T06:10:31.731+0000] {spark_submit.py:579} INFO - 24/10/06 06:10:31 INFO BlockManager: Initialized BlockManager: BlockManagerId(driver, b8bb5f5afab6, 37005, None)
[2024-10-06T06:10:31.906+0000] {spark_submit.py:579} INFO - 24/10/06 06:10:31 INFO StandaloneAppClient$ClientEndpoint: Executor updated: app-20241006061031-0011/0 is now RUNNING
[2024-10-06T06:10:32.052+0000] {spark_submit.py:579} INFO - 24/10/06 06:10:32 INFO StandaloneSchedulerBackend: SchedulerBackend is ready for scheduling beginning after reached minRegisteredResourcesRatio: 0.0
[2024-10-06T06:10:32.360+0000] {spark_submit.py:579} INFO - Reading data from s3a://lakehouse/bronze/keywords.parquet
[2024-10-06T06:10:32.371+0000] {spark_submit.py:579} INFO - 24/10/06 06:10:32 INFO SharedState: Setting hive.metastore.warehouse.dir ('null') to the value of spark.sql.warehouse.dir.
[2024-10-06T06:10:32.377+0000] {spark_submit.py:579} INFO - 24/10/06 06:10:32 INFO SharedState: Warehouse path is 'file:/opt/***/spark-warehouse'.
[2024-10-06T06:10:33.858+0000] {spark_submit.py:579} INFO - 24/10/06 06:10:33 WARN MetricsConfig: Cannot locate configuration: tried hadoop-metrics2-s3a-file-system.properties,hadoop-metrics2.properties
[2024-10-06T06:10:33.876+0000] {spark_submit.py:579} INFO - 24/10/06 06:10:33 INFO MetricsSystemImpl: Scheduled Metric snapshot period at 10 second(s).
[2024-10-06T06:10:33.876+0000] {spark_submit.py:579} INFO - 24/10/06 06:10:33 INFO MetricsSystemImpl: s3a-file-system metrics system started
[2024-10-06T06:10:34.567+0000] {spark_submit.py:579} INFO - 24/10/06 06:10:34 INFO StandaloneSchedulerBackend$StandaloneDriverEndpoint: Registered executor NettyRpcEndpointRef(spark-client://Executor) (172.20.0.5:59446) with ID 0,  ResourceProfileId 0
[2024-10-06T06:10:34.657+0000] {spark_submit.py:579} INFO - 24/10/06 06:10:34 INFO BlockManagerMasterEndpoint: Registering block manager 172.20.0.5:40913 with 1048.8 MiB RAM, BlockManagerId(0, 172.20.0.5, 40913, None)
[2024-10-06T06:23:06.729+0000] {spark_submit.py:579} INFO - 24/10/06 06:23:06 WARN FileStreamSink: Assume no metadata directory. Error while looking for metadata directory in the path: s3a://lakehouse/bronze/keywords.parquet.
[2024-10-06T06:23:06.731+0000] {spark_submit.py:579} INFO - org.apache.hadoop.fs.s3a.AWSClientIOException: getFileStatus on s3a://lakehouse/bronze/keywords.parquet: com.amazonaws.SdkClientException: Unable to execute HTTP request: lakehouse.minio: Name or service not known: Unable to execute HTTP request: lakehouse.minio: Name or service not known
[2024-10-06T06:23:06.731+0000] {spark_submit.py:579} INFO - at org.apache.hadoop.fs.s3a.S3AUtils.translateException(S3AUtils.java:214)
[2024-10-06T06:23:06.731+0000] {spark_submit.py:579} INFO - at org.apache.hadoop.fs.s3a.S3AUtils.translateException(S3AUtils.java:175)
[2024-10-06T06:23:06.732+0000] {spark_submit.py:579} INFO - at org.apache.hadoop.fs.s3a.S3AFileSystem.s3GetFileStatus(S3AFileSystem.java:3861)
[2024-10-06T06:23:06.732+0000] {spark_submit.py:579} INFO - at org.apache.hadoop.fs.s3a.S3AFileSystem.innerGetFileStatus(S3AFileSystem.java:3688)
[2024-10-06T06:23:06.732+0000] {spark_submit.py:579} INFO - at org.apache.hadoop.fs.s3a.S3AFileSystem.lambda$isDirectory$35(S3AFileSystem.java:4724)
[2024-10-06T06:23:06.733+0000] {spark_submit.py:579} INFO - at org.apache.hadoop.fs.statistics.impl.IOStatisticsBinding.lambda$trackDurationOfOperation$5(IOStatisticsBinding.java:499)
[2024-10-06T06:23:06.733+0000] {spark_submit.py:579} INFO - at org.apache.hadoop.fs.statistics.impl.IOStatisticsBinding.trackDuration(IOStatisticsBinding.java:444)
[2024-10-06T06:23:06.733+0000] {spark_submit.py:579} INFO - at org.apache.hadoop.fs.s3a.S3AFileSystem.trackDurationAndSpan(S3AFileSystem.java:2337)
[2024-10-06T06:23:06.733+0000] {spark_submit.py:579} INFO - at org.apache.hadoop.fs.s3a.S3AFileSystem.trackDurationAndSpan(S3AFileSystem.java:2356)
[2024-10-06T06:23:06.733+0000] {spark_submit.py:579} INFO - at org.apache.hadoop.fs.s3a.S3AFileSystem.isDirectory(S3AFileSystem.java:4722)
[2024-10-06T06:23:06.734+0000] {spark_submit.py:579} INFO - at org.apache.spark.sql.execution.streaming.FileStreamSink$.hasMetadata(FileStreamSink.scala:54)
[2024-10-06T06:23:06.734+0000] {spark_submit.py:579} INFO - at org.apache.spark.sql.execution.datasources.DataSource.resolveRelation(DataSource.scala:366)
[2024-10-06T06:23:06.734+0000] {spark_submit.py:579} INFO - at org.apache.spark.sql.DataFrameReader.loadV1Source(DataFrameReader.scala:229)
[2024-10-06T06:23:06.734+0000] {spark_submit.py:579} INFO - at org.apache.spark.sql.DataFrameReader.$anonfun$load$2(DataFrameReader.scala:211)
[2024-10-06T06:23:06.735+0000] {spark_submit.py:579} INFO - at scala.Option.getOrElse(Option.scala:189)
[2024-10-06T06:23:06.735+0000] {spark_submit.py:579} INFO - at org.apache.spark.sql.DataFrameReader.load(DataFrameReader.scala:211)
[2024-10-06T06:23:06.735+0000] {spark_submit.py:579} INFO - at org.apache.spark.sql.DataFrameReader.load(DataFrameReader.scala:186)
[2024-10-06T06:23:06.735+0000] {spark_submit.py:579} INFO - at java.base/jdk.internal.reflect.NativeMethodAccessorImpl.invoke0(Native Method)
[2024-10-06T06:23:06.735+0000] {spark_submit.py:579} INFO - at java.base/jdk.internal.reflect.NativeMethodAccessorImpl.invoke(NativeMethodAccessorImpl.java:62)
[2024-10-06T06:23:06.736+0000] {spark_submit.py:579} INFO - at java.base/jdk.internal.reflect.DelegatingMethodAccessorImpl.invoke(DelegatingMethodAccessorImpl.java:43)
[2024-10-06T06:23:06.736+0000] {spark_submit.py:579} INFO - at java.base/java.lang.reflect.Method.invoke(Method.java:566)
[2024-10-06T06:23:06.736+0000] {spark_submit.py:579} INFO - at py4j.reflection.MethodInvoker.invoke(MethodInvoker.java:244)
[2024-10-06T06:23:06.736+0000] {spark_submit.py:579} INFO - at py4j.reflection.ReflectionEngine.invoke(ReflectionEngine.java:374)
[2024-10-06T06:23:06.736+0000] {spark_submit.py:579} INFO - at py4j.Gateway.invoke(Gateway.java:282)
[2024-10-06T06:23:06.736+0000] {spark_submit.py:579} INFO - at py4j.commands.AbstractCommand.invokeMethod(AbstractCommand.java:132)
[2024-10-06T06:23:06.737+0000] {spark_submit.py:579} INFO - at py4j.commands.CallCommand.execute(CallCommand.java:79)
[2024-10-06T06:23:06.737+0000] {spark_submit.py:579} INFO - at py4j.ClientServerConnection.waitForCommands(ClientServerConnection.java:182)
[2024-10-06T06:23:06.737+0000] {spark_submit.py:579} INFO - at py4j.ClientServerConnection.run(ClientServerConnection.java:106)
[2024-10-06T06:23:06.737+0000] {spark_submit.py:579} INFO - at java.base/java.lang.Thread.run(Thread.java:829)
[2024-10-06T06:23:06.737+0000] {spark_submit.py:579} INFO - Caused by: com.amazonaws.SdkClientException: Unable to execute HTTP request: lakehouse.minio: Name or service not known
[2024-10-06T06:23:06.737+0000] {spark_submit.py:579} INFO - at com.amazonaws.http.AmazonHttpClient$RequestExecutor.handleRetryableException(AmazonHttpClient.java:1219)
[2024-10-06T06:23:06.738+0000] {spark_submit.py:579} INFO - at com.amazonaws.http.AmazonHttpClient$RequestExecutor.executeHelper(AmazonHttpClient.java:1165)
[2024-10-06T06:23:06.738+0000] {spark_submit.py:579} INFO - at com.amazonaws.http.AmazonHttpClient$RequestExecutor.doExecute(AmazonHttpClient.java:814)
[2024-10-06T06:23:06.738+0000] {spark_submit.py:579} INFO - at com.amazonaws.http.AmazonHttpClient$RequestExecutor.executeWithTimer(AmazonHttpClient.java:781)
[2024-10-06T06:23:06.738+0000] {spark_submit.py:579} INFO - at com.amazonaws.http.AmazonHttpClient$RequestExecutor.execute(AmazonHttpClient.java:755)
[2024-10-06T06:23:06.738+0000] {spark_submit.py:579} INFO - at com.amazonaws.http.AmazonHttpClient$RequestExecutor.access$500(AmazonHttpClient.java:715)
[2024-10-06T06:23:06.739+0000] {spark_submit.py:579} INFO - at com.amazonaws.http.AmazonHttpClient$RequestExecutionBuilderImpl.execute(AmazonHttpClient.java:697)
[2024-10-06T06:23:06.739+0000] {spark_submit.py:579} INFO - at com.amazonaws.http.AmazonHttpClient.execute(AmazonHttpClient.java:561)
[2024-10-06T06:23:06.739+0000] {spark_submit.py:579} INFO - at com.amazonaws.http.AmazonHttpClient.execute(AmazonHttpClient.java:541)
[2024-10-06T06:23:06.739+0000] {spark_submit.py:579} INFO - at com.amazonaws.services.s3.AmazonS3Client.invoke(AmazonS3Client.java:5456)
[2024-10-06T06:23:06.739+0000] {spark_submit.py:579} INFO - at com.amazonaws.services.s3.AmazonS3Client.invoke(AmazonS3Client.java:5403)
[2024-10-06T06:23:06.740+0000] {spark_submit.py:579} INFO - at com.amazonaws.services.s3.AmazonS3Client.invoke(AmazonS3Client.java:5397)
[2024-10-06T06:23:06.741+0000] {spark_submit.py:579} INFO - at com.amazonaws.services.s3.AmazonS3Client.listObjectsV2(AmazonS3Client.java:971)
[2024-10-06T06:23:06.741+0000] {spark_submit.py:579} INFO - at org.apache.hadoop.fs.s3a.S3AFileSystem.lambda$listObjects$11(S3AFileSystem.java:2595)
[2024-10-06T06:23:06.741+0000] {spark_submit.py:579} INFO - at org.apache.hadoop.fs.statistics.impl.IOStatisticsBinding.lambda$trackDurationOfOperation$5(IOStatisticsBinding.java:499)
[2024-10-06T06:23:06.741+0000] {spark_submit.py:579} INFO - at org.apache.hadoop.fs.s3a.Invoker.retryUntranslated(Invoker.java:414)
[2024-10-06T06:23:06.742+0000] {spark_submit.py:579} INFO - at org.apache.hadoop.fs.s3a.Invoker.retryUntranslated(Invoker.java:377)
[2024-10-06T06:23:06.742+0000] {spark_submit.py:579} INFO - at org.apache.hadoop.fs.s3a.S3AFileSystem.listObjects(S3AFileSystem.java:2586)
[2024-10-06T06:23:06.742+0000] {spark_submit.py:579} INFO - at org.apache.hadoop.fs.s3a.S3AFileSystem.s3GetFileStatus(S3AFileSystem.java:3832)
[2024-10-06T06:23:06.742+0000] {spark_submit.py:579} INFO - ... 26 more
[2024-10-06T06:23:06.743+0000] {spark_submit.py:579} INFO - Caused by: java.net.UnknownHostException: lakehouse.minio: Name or service not known
[2024-10-06T06:23:06.743+0000] {spark_submit.py:579} INFO - at java.base/java.net.Inet6AddressImpl.lookupAllHostAddr(Native Method)
[2024-10-06T06:23:06.743+0000] {spark_submit.py:579} INFO - at java.base/java.net.InetAddress$PlatformNameService.lookupAllHostAddr(InetAddress.java:930)
[2024-10-06T06:23:06.744+0000] {spark_submit.py:579} INFO - at java.base/java.net.InetAddress.getAddressesFromNameService(InetAddress.java:1543)
[2024-10-06T06:23:06.744+0000] {spark_submit.py:579} INFO - at java.base/java.net.InetAddress$NameServiceAddresses.get(InetAddress.java:848)
[2024-10-06T06:23:06.744+0000] {spark_submit.py:579} INFO - at java.base/java.net.InetAddress.getAllByName0(InetAddress.java:1533)
[2024-10-06T06:23:06.744+0000] {spark_submit.py:579} INFO - at java.base/java.net.InetAddress.getAllByName(InetAddress.java:1386)
[2024-10-06T06:23:06.744+0000] {spark_submit.py:579} INFO - at java.base/java.net.InetAddress.getAllByName(InetAddress.java:1307)
[2024-10-06T06:23:06.745+0000] {spark_submit.py:579} INFO - at com.amazonaws.SystemDefaultDnsResolver.resolve(SystemDefaultDnsResolver.java:27)
[2024-10-06T06:23:06.745+0000] {spark_submit.py:579} INFO - at com.amazonaws.http.DelegatingDnsResolver.resolve(DelegatingDnsResolver.java:38)
[2024-10-06T06:23:06.745+0000] {spark_submit.py:579} INFO - at com.amazonaws.thirdparty.apache.http.impl.conn.DefaultHttpClientConnectionOperator.connect(DefaultHttpClientConnectionOperator.java:112)
[2024-10-06T06:23:06.746+0000] {spark_submit.py:579} INFO - at com.amazonaws.thirdparty.apache.http.impl.conn.PoolingHttpClientConnectionManager.connect(PoolingHttpClientConnectionManager.java:376)
[2024-10-06T06:23:06.746+0000] {spark_submit.py:579} INFO - at jdk.internal.reflect.GeneratedMethodAccessor21.invoke(Unknown Source)
[2024-10-06T06:23:06.746+0000] {spark_submit.py:579} INFO - at java.base/jdk.internal.reflect.DelegatingMethodAccessorImpl.invoke(DelegatingMethodAccessorImpl.java:43)
[2024-10-06T06:23:06.747+0000] {spark_submit.py:579} INFO - at java.base/java.lang.reflect.Method.invoke(Method.java:566)
[2024-10-06T06:23:06.747+0000] {spark_submit.py:579} INFO - at com.amazonaws.http.conn.ClientConnectionManagerFactory$Handler.invoke(ClientConnectionManagerFactory.java:76)
[2024-10-06T06:23:06.747+0000] {spark_submit.py:579} INFO - at com.amazonaws.http.conn.$Proxy33.connect(Unknown Source)
[2024-10-06T06:23:06.748+0000] {spark_submit.py:579} INFO - at com.amazonaws.thirdparty.apache.http.impl.execchain.MainClientExec.establishRoute(MainClientExec.java:393)
[2024-10-06T06:23:06.748+0000] {spark_submit.py:579} INFO - at com.amazonaws.thirdparty.apache.http.impl.execchain.MainClientExec.execute(MainClientExec.java:236)
[2024-10-06T06:23:06.748+0000] {spark_submit.py:579} INFO - at com.amazonaws.thirdparty.apache.http.impl.execchain.ProtocolExec.execute(ProtocolExec.java:186)
[2024-10-06T06:23:06.749+0000] {spark_submit.py:579} INFO - at com.amazonaws.thirdparty.apache.http.impl.client.InternalHttpClient.doExecute(InternalHttpClient.java:185)
[2024-10-06T06:23:06.749+0000] {spark_submit.py:579} INFO - at com.amazonaws.thirdparty.apache.http.impl.client.CloseableHttpClient.execute(CloseableHttpClient.java:83)
[2024-10-06T06:23:06.750+0000] {spark_submit.py:579} INFO - at com.amazonaws.thirdparty.apache.http.impl.client.CloseableHttpClient.execute(CloseableHttpClient.java:56)
[2024-10-06T06:23:06.750+0000] {spark_submit.py:579} INFO - at com.amazonaws.http.apache.client.impl.SdkHttpClient.execute(SdkHttpClient.java:72)
[2024-10-06T06:23:06.750+0000] {spark_submit.py:579} INFO - at com.amazonaws.http.AmazonHttpClient$RequestExecutor.executeOneRequest(AmazonHttpClient.java:1346)
[2024-10-06T06:23:06.751+0000] {spark_submit.py:579} INFO - at com.amazonaws.http.AmazonHttpClient$RequestExecutor.executeHelper(AmazonHttpClient.java:1157)
[2024-10-06T06:23:06.751+0000] {spark_submit.py:579} INFO - ... 43 more
[2024-10-06T06:25:11.561+0000] {spark_submit.py:579} INFO - Error during cleaning process: An error occurred while calling o51.load.
[2024-10-06T06:25:11.561+0000] {spark_submit.py:579} INFO - : org.apache.hadoop.fs.s3a.AWSClientIOException: getFileStatus on s3a://lakehouse/bronze/keywords.parquet: com.amazonaws.SdkClientException: Unable to execute HTTP request: lakehouse.minio: Name or service not known: Unable to execute HTTP request: lakehouse.minio: Name or service not known
[2024-10-06T06:25:11.562+0000] {spark_submit.py:579} INFO - at org.apache.hadoop.fs.s3a.S3AUtils.translateException(S3AUtils.java:214)
[2024-10-06T06:25:11.562+0000] {spark_submit.py:579} INFO - at org.apache.hadoop.fs.s3a.S3AUtils.translateException(S3AUtils.java:175)
[2024-10-06T06:25:11.563+0000] {spark_submit.py:579} INFO - at org.apache.hadoop.fs.s3a.S3AFileSystem.s3GetFileStatus(S3AFileSystem.java:3799)
[2024-10-06T06:25:11.563+0000] {spark_submit.py:579} INFO - at org.apache.hadoop.fs.s3a.S3AFileSystem.innerGetFileStatus(S3AFileSystem.java:3688)
[2024-10-06T06:25:11.564+0000] {spark_submit.py:579} INFO - at org.apache.hadoop.fs.s3a.S3AFileSystem.lambda$exists$34(S3AFileSystem.java:4703)
[2024-10-06T06:25:11.564+0000] {spark_submit.py:579} INFO - at org.apache.hadoop.fs.statistics.impl.IOStatisticsBinding.lambda$trackDurationOfOperation$5(IOStatisticsBinding.java:499)
[2024-10-06T06:25:11.565+0000] {spark_submit.py:579} INFO - at org.apache.hadoop.fs.statistics.impl.IOStatisticsBinding.trackDuration(IOStatisticsBinding.java:444)
[2024-10-06T06:25:11.565+0000] {spark_submit.py:579} INFO - at org.apache.hadoop.fs.s3a.S3AFileSystem.trackDurationAndSpan(S3AFileSystem.java:2337)
[2024-10-06T06:25:11.565+0000] {spark_submit.py:579} INFO - at org.apache.hadoop.fs.s3a.S3AFileSystem.trackDurationAndSpan(S3AFileSystem.java:2356)
[2024-10-06T06:25:11.566+0000] {spark_submit.py:579} INFO - at org.apache.hadoop.fs.s3a.S3AFileSystem.exists(S3AFileSystem.java:4701)
[2024-10-06T06:25:11.566+0000] {spark_submit.py:579} INFO - at org.apache.spark.sql.execution.datasources.DataSource$.$anonfun$checkAndGlobPathIfNecessary$4(DataSource.scala:756)
[2024-10-06T06:25:11.567+0000] {spark_submit.py:579} INFO - at org.apache.spark.sql.execution.datasources.DataSource$.$anonfun$checkAndGlobPathIfNecessary$4$adapted(DataSource.scala:754)
[2024-10-06T06:25:11.567+0000] {spark_submit.py:579} INFO - at org.apache.spark.util.ThreadUtils$.$anonfun$parmap$2(ThreadUtils.scala:384)
[2024-10-06T06:25:11.567+0000] {spark_submit.py:579} INFO - at scala.concurrent.Future$.$anonfun$apply$1(Future.scala:659)
[2024-10-06T06:25:11.568+0000] {spark_submit.py:579} INFO - at scala.util.Success.$anonfun$map$1(Try.scala:255)
[2024-10-06T06:25:11.568+0000] {spark_submit.py:579} INFO - at scala.util.Success.map(Try.scala:213)
[2024-10-06T06:25:11.569+0000] {spark_submit.py:579} INFO - at scala.concurrent.Future.$anonfun$map$1(Future.scala:292)
[2024-10-06T06:25:11.569+0000] {spark_submit.py:579} INFO - at scala.concurrent.impl.Promise.liftedTree1$1(Promise.scala:33)
[2024-10-06T06:25:11.569+0000] {spark_submit.py:579} INFO - at scala.concurrent.impl.Promise.$anonfun$transform$1(Promise.scala:33)
[2024-10-06T06:25:11.570+0000] {spark_submit.py:579} INFO - at scala.concurrent.impl.CallbackRunnable.run(Promise.scala:64)
[2024-10-06T06:25:11.570+0000] {spark_submit.py:579} INFO - at java.base/java.util.concurrent.ForkJoinTask$RunnableExecuteAction.exec(ForkJoinTask.java:1426)
[2024-10-06T06:25:11.571+0000] {spark_submit.py:579} INFO - at java.base/java.util.concurrent.ForkJoinTask.doExec(ForkJoinTask.java:290)
[2024-10-06T06:25:11.571+0000] {spark_submit.py:579} INFO - at java.base/java.util.concurrent.ForkJoinPool$WorkQueue.topLevelExec(ForkJoinPool.java:1020)
[2024-10-06T06:25:11.571+0000] {spark_submit.py:579} INFO - at java.base/java.util.concurrent.ForkJoinPool.scan(ForkJoinPool.java:1656)
[2024-10-06T06:25:11.572+0000] {spark_submit.py:579} INFO - at java.base/java.util.concurrent.ForkJoinPool.runWorker(ForkJoinPool.java:1594)
[2024-10-06T06:25:11.572+0000] {spark_submit.py:579} INFO - at java.base/java.util.concurrent.ForkJoinWorkerThread.run(ForkJoinWorkerThread.java:183)
[2024-10-06T06:25:11.573+0000] {spark_submit.py:579} INFO - Caused by: com.amazonaws.SdkClientException: Unable to execute HTTP request: lakehouse.minio: Name or service not known
[2024-10-06T06:25:11.573+0000] {spark_submit.py:579} INFO - at com.amazonaws.http.AmazonHttpClient$RequestExecutor.handleRetryableException(AmazonHttpClient.java:1219)
[2024-10-06T06:25:11.574+0000] {spark_submit.py:579} INFO - at com.amazonaws.http.AmazonHttpClient$RequestExecutor.executeHelper(AmazonHttpClient.java:1165)
[2024-10-06T06:25:11.574+0000] {spark_submit.py:579} INFO - at com.amazonaws.http.AmazonHttpClient$RequestExecutor.doExecute(AmazonHttpClient.java:814)
[2024-10-06T06:25:11.575+0000] {spark_submit.py:579} INFO - at com.amazonaws.http.AmazonHttpClient$RequestExecutor.executeWithTimer(AmazonHttpClient.java:781)
[2024-10-06T06:25:11.575+0000] {spark_submit.py:579} INFO - at com.amazonaws.http.AmazonHttpClient$RequestExecutor.execute(AmazonHttpClient.java:755)
[2024-10-06T06:25:11.575+0000] {spark_submit.py:579} INFO - at com.amazonaws.http.AmazonHttpClient$RequestExecutor.access$500(AmazonHttpClient.java:715)
[2024-10-06T06:25:11.576+0000] {spark_submit.py:579} INFO - at com.amazonaws.http.AmazonHttpClient$RequestExecutionBuilderImpl.execute(AmazonHttpClient.java:697)
[2024-10-06T06:25:11.576+0000] {spark_submit.py:579} INFO - at com.amazonaws.http.AmazonHttpClient.execute(AmazonHttpClient.java:561)
[2024-10-06T06:25:11.576+0000] {spark_submit.py:579} INFO - at com.amazonaws.http.AmazonHttpClient.execute(AmazonHttpClient.java:541)
[2024-10-06T06:25:11.577+0000] {spark_submit.py:579} INFO - at com.amazonaws.services.s3.AmazonS3Client.invoke(AmazonS3Client.java:5456)
[2024-10-06T06:25:11.577+0000] {spark_submit.py:579} INFO - at com.amazonaws.services.s3.AmazonS3Client.invoke(AmazonS3Client.java:5403)
[2024-10-06T06:25:11.578+0000] {spark_submit.py:579} INFO - at com.amazonaws.services.s3.AmazonS3Client.getObjectMetadata(AmazonS3Client.java:1372)
[2024-10-06T06:25:11.578+0000] {spark_submit.py:579} INFO - at org.apache.hadoop.fs.s3a.S3AFileSystem.lambda$getObjectMetadata$10(S3AFileSystem.java:2545)
[2024-10-06T06:25:11.579+0000] {spark_submit.py:579} INFO - at org.apache.hadoop.fs.s3a.Invoker.retryUntranslated(Invoker.java:414)
[2024-10-06T06:25:11.579+0000] {spark_submit.py:579} INFO - at org.apache.hadoop.fs.s3a.Invoker.retryUntranslated(Invoker.java:377)
[2024-10-06T06:25:11.579+0000] {spark_submit.py:579} INFO - at org.apache.hadoop.fs.s3a.S3AFileSystem.getObjectMetadata(S3AFileSystem.java:2533)
[2024-10-06T06:25:11.580+0000] {spark_submit.py:579} INFO - at org.apache.hadoop.fs.s3a.S3AFileSystem.getObjectMetadata(S3AFileSystem.java:2513)
[2024-10-06T06:25:11.580+0000] {spark_submit.py:579} INFO - at org.apache.hadoop.fs.s3a.S3AFileSystem.s3GetFileStatus(S3AFileSystem.java:3776)
[2024-10-06T06:25:11.581+0000] {spark_submit.py:579} INFO - ... 23 more
[2024-10-06T06:25:11.581+0000] {spark_submit.py:579} INFO - Caused by: java.net.UnknownHostException: lakehouse.minio: Name or service not known
[2024-10-06T06:25:11.581+0000] {spark_submit.py:579} INFO - at java.base/java.net.Inet6AddressImpl.lookupAllHostAddr(Native Method)
[2024-10-06T06:25:11.582+0000] {spark_submit.py:579} INFO - at java.base/java.net.InetAddress$PlatformNameService.lookupAllHostAddr(InetAddress.java:930)
[2024-10-06T06:25:11.582+0000] {spark_submit.py:579} INFO - at java.base/java.net.InetAddress.getAddressesFromNameService(InetAddress.java:1543)
[2024-10-06T06:25:11.582+0000] {spark_submit.py:579} INFO - at java.base/java.net.InetAddress$NameServiceAddresses.get(InetAddress.java:848)
[2024-10-06T06:25:11.583+0000] {spark_submit.py:579} INFO - at java.base/java.net.InetAddress.getAllByName0(InetAddress.java:1533)
[2024-10-06T06:25:11.583+0000] {spark_submit.py:579} INFO - at java.base/java.net.InetAddress.getAllByName(InetAddress.java:1386)
[2024-10-06T06:25:11.583+0000] {spark_submit.py:579} INFO - at java.base/java.net.InetAddress.getAllByName(InetAddress.java:1307)
[2024-10-06T06:25:11.584+0000] {spark_submit.py:579} INFO - at com.amazonaws.SystemDefaultDnsResolver.resolve(SystemDefaultDnsResolver.java:27)
[2024-10-06T06:25:11.584+0000] {spark_submit.py:579} INFO - at com.amazonaws.http.DelegatingDnsResolver.resolve(DelegatingDnsResolver.java:38)
[2024-10-06T06:25:11.584+0000] {spark_submit.py:579} INFO - at com.amazonaws.thirdparty.apache.http.impl.conn.DefaultHttpClientConnectionOperator.connect(DefaultHttpClientConnectionOperator.java:112)
[2024-10-06T06:25:11.585+0000] {spark_submit.py:579} INFO - at com.amazonaws.thirdparty.apache.http.impl.conn.PoolingHttpClientConnectionManager.connect(PoolingHttpClientConnectionManager.java:376)
[2024-10-06T06:25:11.585+0000] {spark_submit.py:579} INFO - at jdk.internal.reflect.GeneratedMethodAccessor21.invoke(Unknown Source)
[2024-10-06T06:25:11.585+0000] {spark_submit.py:579} INFO - at java.base/jdk.internal.reflect.DelegatingMethodAccessorImpl.invoke(DelegatingMethodAccessorImpl.java:43)
[2024-10-06T06:25:11.585+0000] {spark_submit.py:579} INFO - at java.base/java.lang.reflect.Method.invoke(Method.java:566)
[2024-10-06T06:25:11.586+0000] {spark_submit.py:579} INFO - at com.amazonaws.http.conn.ClientConnectionManagerFactory$Handler.invoke(ClientConnectionManagerFactory.java:76)
[2024-10-06T06:25:11.586+0000] {spark_submit.py:579} INFO - at com.amazonaws.http.conn.$Proxy33.connect(Unknown Source)
[2024-10-06T06:25:11.586+0000] {spark_submit.py:579} INFO - at com.amazonaws.thirdparty.apache.http.impl.execchain.MainClientExec.establishRoute(MainClientExec.java:393)
[2024-10-06T06:25:11.587+0000] {spark_submit.py:579} INFO - at com.amazonaws.thirdparty.apache.http.impl.execchain.MainClientExec.execute(MainClientExec.java:236)
[2024-10-06T06:25:11.587+0000] {spark_submit.py:579} INFO - at com.amazonaws.thirdparty.apache.http.impl.execchain.ProtocolExec.execute(ProtocolExec.java:186)
[2024-10-06T06:25:11.587+0000] {spark_submit.py:579} INFO - at com.amazonaws.thirdparty.apache.http.impl.client.InternalHttpClient.doExecute(InternalHttpClient.java:185)
[2024-10-06T06:25:11.588+0000] {spark_submit.py:579} INFO - at com.amazonaws.thirdparty.apache.http.impl.client.CloseableHttpClient.execute(CloseableHttpClient.java:83)
[2024-10-06T06:25:11.588+0000] {spark_submit.py:579} INFO - at com.amazonaws.thirdparty.apache.http.impl.client.CloseableHttpClient.execute(CloseableHttpClient.java:56)
[2024-10-06T06:25:11.588+0000] {spark_submit.py:579} INFO - at com.amazonaws.http.apache.client.impl.SdkHttpClient.execute(SdkHttpClient.java:72)
[2024-10-06T06:25:11.589+0000] {spark_submit.py:579} INFO - at com.amazonaws.http.AmazonHttpClient$RequestExecutor.executeOneRequest(AmazonHttpClient.java:1346)
[2024-10-06T06:25:11.589+0000] {spark_submit.py:579} INFO - at com.amazonaws.http.AmazonHttpClient$RequestExecutor.executeHelper(AmazonHttpClient.java:1157)
[2024-10-06T06:25:11.589+0000] {spark_submit.py:579} INFO - ... 39 more
[2024-10-06T06:25:11.590+0000] {spark_submit.py:579} INFO - 
[2024-10-06T06:25:11.590+0000] {spark_submit.py:579} INFO - 24/10/06 06:25:11 INFO SparkContext: SparkContext is stopping with exitCode 0.
[2024-10-06T06:25:11.590+0000] {spark_submit.py:579} INFO - 24/10/06 06:25:11 INFO SparkUI: Stopped Spark web UI at http://b8bb5f5afab6:4040
[2024-10-06T06:25:11.592+0000] {spark_submit.py:579} INFO - 24/10/06 06:25:11 INFO StandaloneSchedulerBackend: Shutting down all executors
[2024-10-06T06:25:11.594+0000] {spark_submit.py:579} INFO - 24/10/06 06:25:11 INFO StandaloneSchedulerBackend$StandaloneDriverEndpoint: Asking each executor to shut down
[2024-10-06T06:25:11.651+0000] {spark_submit.py:579} INFO - 24/10/06 06:25:11 INFO MapOutputTrackerMasterEndpoint: MapOutputTrackerMasterEndpoint stopped!
[2024-10-06T06:25:11.666+0000] {spark_submit.py:579} INFO - 24/10/06 06:25:11 INFO MemoryStore: MemoryStore cleared
[2024-10-06T06:25:11.666+0000] {spark_submit.py:579} INFO - 24/10/06 06:25:11 INFO BlockManager: BlockManager stopped
[2024-10-06T06:25:11.673+0000] {spark_submit.py:579} INFO - 24/10/06 06:25:11 INFO BlockManagerMaster: BlockManagerMaster stopped
[2024-10-06T06:25:11.676+0000] {spark_submit.py:579} INFO - 24/10/06 06:25:11 INFO OutputCommitCoordinator$OutputCommitCoordinatorEndpoint: OutputCommitCoordinator stopped!
[2024-10-06T06:25:11.712+0000] {spark_submit.py:579} INFO - 24/10/06 06:25:11 INFO SparkContext: Successfully stopped SparkContext
[2024-10-06T06:25:11.780+0000] {spark_submit.py:579} INFO - 24/10/06 06:25:11 INFO ShutdownHookManager: Shutdown hook called
[2024-10-06T06:25:11.781+0000] {spark_submit.py:579} INFO - 24/10/06 06:25:11 INFO ShutdownHookManager: Deleting directory /tmp/spark-772742d0-d526-4530-a86e-699315c16835/pyspark-f78ec53c-f03d-4db6-a165-5bce2c6f2634
[2024-10-06T06:25:11.784+0000] {spark_submit.py:579} INFO - 24/10/06 06:25:11 INFO ShutdownHookManager: Deleting directory /tmp/spark-772742d0-d526-4530-a86e-699315c16835
[2024-10-06T06:25:11.788+0000] {spark_submit.py:579} INFO - 24/10/06 06:25:11 INFO ShutdownHookManager: Deleting directory /tmp/spark-e1140e23-38f6-4f23-872c-1ef4199f9fba
[2024-10-06T06:25:11.797+0000] {spark_submit.py:579} INFO - 24/10/06 06:25:11 INFO MetricsSystemImpl: Stopping s3a-file-system metrics system...
[2024-10-06T06:25:11.798+0000] {spark_submit.py:579} INFO - 24/10/06 06:25:11 INFO MetricsSystemImpl: s3a-file-system metrics system stopped.
[2024-10-06T06:25:11.798+0000] {spark_submit.py:579} INFO - 24/10/06 06:25:11 INFO MetricsSystemImpl: s3a-file-system metrics system shutdown complete.
[2024-10-06T06:25:11.844+0000] {taskinstance.py:1935} ERROR - Task failed with exception
Traceback (most recent call last):
  File "/home/airflow/.local/lib/python3.11/site-packages/airflow/providers/apache/spark/operators/spark_submit.py", line 174, in execute
    self._hook.submit(self.application)
  File "/home/airflow/.local/lib/python3.11/site-packages/airflow/providers/apache/spark/hooks/spark_submit.py", line 505, in submit
    raise AirflowException(
airflow.exceptions.AirflowException: Cannot execute: spark-submit --master spark://spark-master:7077 --conf spark.sql.extensions=io.delta.sql.DeltaSparkSessionExtension --conf spark.sql.catalog.spark_catalog=org.apache.spark.sql.delta.catalog.DeltaCatalog --jars /opt/***/jars/hadoop-aws-3.3.4.jar,/opt/***/jars/s3-2.18.41.jar,/opt/***/jars/aws-java-sdk-1.12.367.jar,/opt/***/jars/delta-core_2.12-2.4.0.jar,/opt/***/jars/delta-storage-2.2.0.jar, --packages org.apache.hadoop:hadoop-aws:3.3.4 --num-executors 2 --total-executor-cores 2 --executor-cores 2 --executor-memory 2g --driver-memory 1g --name arrow-spark --deploy-mode client /opt/***/jobs/python/test_Key.py s3a://lakehouse/bronze/keywords.parquet s3a://lakehouse/silver. Error code is: 1.
[2024-10-06T06:25:11.851+0000] {taskinstance.py:1398} INFO - Marking task as UP_FOR_RETRY. dag_id=spark_processing_dag, task_id=silver_cleaned_keywords, execution_date=20241006T061024, start_date=20241006T061025, end_date=20241006T062511
[2024-10-06T06:25:11.865+0000] {standard_task_runner.py:104} ERROR - Failed to execute job 245 for task silver_cleaned_keywords (Cannot execute: spark-submit --master spark://spark-master:7077 --conf spark.sql.extensions=io.delta.sql.DeltaSparkSessionExtension --conf spark.sql.catalog.spark_catalog=org.apache.spark.sql.delta.catalog.DeltaCatalog --jars /opt/***/jars/hadoop-aws-3.3.4.jar,/opt/***/jars/s3-2.18.41.jar,/opt/***/jars/aws-java-sdk-1.12.367.jar,/opt/***/jars/delta-core_2.12-2.4.0.jar,/opt/***/jars/delta-storage-2.2.0.jar, --packages org.apache.hadoop:hadoop-aws:3.3.4 --num-executors 2 --total-executor-cores 2 --executor-cores 2 --executor-memory 2g --driver-memory 1g --name arrow-spark --deploy-mode client /opt/***/jobs/python/test_Key.py s3a://lakehouse/bronze/keywords.parquet s3a://lakehouse/silver. Error code is: 1.; 3992)
[2024-10-06T06:25:11.886+0000] {local_task_job_runner.py:228} INFO - Task exited with return code 1
[2024-10-06T06:25:11.902+0000] {taskinstance.py:2776} INFO - 0 downstream tasks scheduled from follow-on schedule check
