[2024-10-06T06:30:12.768+0000] {taskinstance.py:1157} INFO - Dependencies all met for dep_context=non-requeueable deps ti=<TaskInstance: spark_processing_dag.silver_cleaned_keywords manual__2024-10-06T06:10:24.591235+00:00 [queued]>
[2024-10-06T06:30:12.775+0000] {taskinstance.py:1157} INFO - Dependencies all met for dep_context=requeueable deps ti=<TaskInstance: spark_processing_dag.silver_cleaned_keywords manual__2024-10-06T06:10:24.591235+00:00 [queued]>
[2024-10-06T06:30:12.776+0000] {taskinstance.py:1359} INFO - Starting attempt 2 of 2
[2024-10-06T06:30:12.786+0000] {taskinstance.py:1380} INFO - Executing <Task(SparkSubmitOperator): silver_cleaned_keywords> on 2024-10-06 06:10:24.591235+00:00
[2024-10-06T06:30:12.791+0000] {standard_task_runner.py:57} INFO - Started process 4790 to run task
[2024-10-06T06:30:12.793+0000] {standard_task_runner.py:84} INFO - Running: ['***', 'tasks', 'run', 'spark_processing_dag', 'silver_cleaned_keywords', 'manual__2024-10-06T06:10:24.591235+00:00', '--job-id', '246', '--raw', '--subdir', 'DAGS_FOLDER/sliver_layer.py', '--cfg-path', '/tmp/tmplt37wi31']
[2024-10-06T06:30:12.796+0000] {standard_task_runner.py:85} INFO - Job 246: Subtask silver_cleaned_keywords
[2024-10-06T06:30:12.837+0000] {task_command.py:415} INFO - Running <TaskInstance: spark_processing_dag.silver_cleaned_keywords manual__2024-10-06T06:10:24.591235+00:00 [running]> on host b8bb5f5afab6
[2024-10-06T06:30:12.902+0000] {taskinstance.py:1660} INFO - Exporting env vars: AIRFLOW_CTX_DAG_OWNER='***' AIRFLOW_CTX_DAG_ID='spark_processing_dag' AIRFLOW_CTX_TASK_ID='silver_cleaned_keywords' AIRFLOW_CTX_EXECUTION_DATE='2024-10-06T06:10:24.591235+00:00' AIRFLOW_CTX_TRY_NUMBER='2' AIRFLOW_CTX_DAG_RUN_ID='manual__2024-10-06T06:10:24.591235+00:00'
[2024-10-06T06:30:12.910+0000] {base.py:73} INFO - Using connection ID 'spark-conn' for task execution.
[2024-10-06T06:30:12.912+0000] {spark_submit.py:403} INFO - Spark-Submit cmd: spark-submit --master spark://spark-master:7077 --conf spark.sql.extensions=io.delta.sql.DeltaSparkSessionExtension --conf spark.sql.catalog.spark_catalog=org.apache.spark.sql.delta.catalog.DeltaCatalog --jars /opt/***/jars/hadoop-aws-3.3.4.jar,/opt/***/jars/s3-2.18.41.jar,/opt/***/jars/aws-java-sdk-1.12.367.jar,/opt/***/jars/delta-core_2.12-2.4.0.jar,/opt/***/jars/delta-storage-2.2.0.jar, --packages org.apache.hadoop:hadoop-aws:3.3.4 --num-executors 2 --total-executor-cores 2 --executor-cores 2 --executor-memory 2g --driver-memory 1g --name arrow-spark --deploy-mode client /opt/***/jobs/python/test_Key.py s3a://lakehouse/bronze/keywords.parquet s3a://lakehouse/silver
[2024-10-06T06:30:12.995+0000] {spark_submit.py:579} INFO - /home/***/.local/lib/python3.11/site-packages/pyspark/bin/load-spark-env.sh: line 68: ps: command not found
[2024-10-06T06:30:14.455+0000] {spark_submit.py:579} INFO - :: loading settings :: url = jar:file:/home/***/.local/lib/python3.11/site-packages/pyspark/jars/ivy-2.5.1.jar!/org/apache/ivy/core/settings/ivysettings.xml
[2024-10-06T06:30:14.544+0000] {spark_submit.py:579} INFO - Ivy Default Cache set to: /home/***/.ivy2/cache
[2024-10-06T06:30:14.545+0000] {spark_submit.py:579} INFO - The jars for the packages stored in: /home/***/.ivy2/jars
[2024-10-06T06:30:14.549+0000] {spark_submit.py:579} INFO - org.apache.hadoop#hadoop-aws added as a dependency
[2024-10-06T06:30:14.550+0000] {spark_submit.py:579} INFO - :: resolving dependencies :: org.apache.spark#spark-submit-parent-a755decd-b495-41ee-b10c-e5c373f6f553;1.0
[2024-10-06T06:30:14.551+0000] {spark_submit.py:579} INFO - confs: [default]
[2024-10-06T06:30:14.704+0000] {spark_submit.py:579} INFO - found org.apache.hadoop#hadoop-aws;3.3.4 in central
[2024-10-06T06:30:14.725+0000] {spark_submit.py:579} INFO - found com.amazonaws#aws-java-sdk-bundle;1.12.262 in central
[2024-10-06T06:30:14.742+0000] {spark_submit.py:579} INFO - found org.wildfly.openssl#wildfly-openssl;1.0.7.Final in central
[2024-10-06T06:30:14.760+0000] {spark_submit.py:579} INFO - :: resolution report :: resolve 202ms :: artifacts dl 7ms
[2024-10-06T06:30:14.760+0000] {spark_submit.py:579} INFO - :: modules in use:
[2024-10-06T06:30:14.761+0000] {spark_submit.py:579} INFO - com.amazonaws#aws-java-sdk-bundle;1.12.262 from central in [default]
[2024-10-06T06:30:14.761+0000] {spark_submit.py:579} INFO - org.apache.hadoop#hadoop-aws;3.3.4 from central in [default]
[2024-10-06T06:30:14.762+0000] {spark_submit.py:579} INFO - org.wildfly.openssl#wildfly-openssl;1.0.7.Final from central in [default]
[2024-10-06T06:30:14.762+0000] {spark_submit.py:579} INFO - ---------------------------------------------------------------------
[2024-10-06T06:30:14.762+0000] {spark_submit.py:579} INFO - |                  |            modules            ||   artifacts   |
[2024-10-06T06:30:14.762+0000] {spark_submit.py:579} INFO - |       conf       | number| search|dwnlded|evicted|| number|dwnlded|
[2024-10-06T06:30:14.762+0000] {spark_submit.py:579} INFO - ---------------------------------------------------------------------
[2024-10-06T06:30:14.763+0000] {spark_submit.py:579} INFO - |      default     |   3   |   0   |   0   |   0   ||   3   |   0   |
[2024-10-06T06:30:14.763+0000] {spark_submit.py:579} INFO - ---------------------------------------------------------------------
[2024-10-06T06:30:14.764+0000] {spark_submit.py:579} INFO - :: retrieving :: org.apache.spark#spark-submit-parent-a755decd-b495-41ee-b10c-e5c373f6f553
[2024-10-06T06:30:14.765+0000] {spark_submit.py:579} INFO - confs: [default]
[2024-10-06T06:30:14.770+0000] {spark_submit.py:579} INFO - 0 artifacts copied, 3 already retrieved (0kB/5ms)
[2024-10-06T06:30:14.947+0000] {spark_submit.py:579} INFO - 24/10/06 06:30:14 WARN NativeCodeLoader: Unable to load native-hadoop library for your platform... using builtin-java classes where applicable
[2024-10-06T06:30:16.316+0000] {spark_submit.py:579} INFO - 24/10/06 06:30:16 INFO SparkContext: Running Spark version 3.5.1
[2024-10-06T06:30:16.317+0000] {spark_submit.py:579} INFO - 24/10/06 06:30:16 INFO SparkContext: OS info Linux, 5.15.153.1-microsoft-standard-WSL2, amd64
[2024-10-06T06:30:16.318+0000] {spark_submit.py:579} INFO - 24/10/06 06:30:16 INFO SparkContext: Java version 11.0.24
[2024-10-06T06:30:16.338+0000] {spark_submit.py:579} INFO - 24/10/06 06:30:16 INFO ResourceUtils: ==============================================================
[2024-10-06T06:30:16.339+0000] {spark_submit.py:579} INFO - 24/10/06 06:30:16 INFO ResourceUtils: No custom resources configured for spark.driver.
[2024-10-06T06:30:16.339+0000] {spark_submit.py:579} INFO - 24/10/06 06:30:16 INFO ResourceUtils: ==============================================================
[2024-10-06T06:30:16.340+0000] {spark_submit.py:579} INFO - 24/10/06 06:30:16 INFO SparkContext: Submitted application: CleanKeywords
[2024-10-06T06:30:16.360+0000] {spark_submit.py:579} INFO - 24/10/06 06:30:16 INFO ResourceProfile: Default ResourceProfile created, executor resources: Map(cores -> name: cores, amount: 2, script: , vendor: , memory -> name: memory, amount: 2048, script: , vendor: , offHeap -> name: offHeap, amount: 0, script: , vendor: ), task resources: Map(cpus -> name: cpus, amount: 1.0)
[2024-10-06T06:30:16.375+0000] {spark_submit.py:579} INFO - 24/10/06 06:30:16 INFO ResourceProfile: Limiting resource is cpus at 2 tasks per executor
[2024-10-06T06:30:16.377+0000] {spark_submit.py:579} INFO - 24/10/06 06:30:16 INFO ResourceProfileManager: Added ResourceProfile id: 0
[2024-10-06T06:30:16.433+0000] {spark_submit.py:579} INFO - 24/10/06 06:30:16 INFO SecurityManager: Changing view acls to: ***
[2024-10-06T06:30:16.434+0000] {spark_submit.py:579} INFO - 24/10/06 06:30:16 INFO SecurityManager: Changing modify acls to: ***
[2024-10-06T06:30:16.434+0000] {spark_submit.py:579} INFO - 24/10/06 06:30:16 INFO SecurityManager: Changing view acls groups to:
[2024-10-06T06:30:16.435+0000] {spark_submit.py:579} INFO - 24/10/06 06:30:16 INFO SecurityManager: Changing modify acls groups to:
[2024-10-06T06:30:16.436+0000] {spark_submit.py:579} INFO - 24/10/06 06:30:16 INFO SecurityManager: SecurityManager: authentication disabled; ui acls disabled; users with view permissions: ***; groups with view permissions: EMPTY; users with modify permissions: ***; groups with modify permissions: EMPTY
[2024-10-06T06:30:16.664+0000] {spark_submit.py:579} INFO - 24/10/06 06:30:16 INFO Utils: Successfully started service 'sparkDriver' on port 40619.
[2024-10-06T06:30:16.698+0000] {spark_submit.py:579} INFO - 24/10/06 06:30:16 INFO SparkEnv: Registering MapOutputTracker
[2024-10-06T06:30:16.729+0000] {spark_submit.py:579} INFO - 24/10/06 06:30:16 INFO SparkEnv: Registering BlockManagerMaster
[2024-10-06T06:30:16.743+0000] {spark_submit.py:579} INFO - 24/10/06 06:30:16 INFO BlockManagerMasterEndpoint: Using org.apache.spark.storage.DefaultTopologyMapper for getting topology information
[2024-10-06T06:30:16.744+0000] {spark_submit.py:579} INFO - 24/10/06 06:30:16 INFO BlockManagerMasterEndpoint: BlockManagerMasterEndpoint up
[2024-10-06T06:30:16.748+0000] {spark_submit.py:579} INFO - 24/10/06 06:30:16 INFO SparkEnv: Registering BlockManagerMasterHeartbeat
[2024-10-06T06:30:16.766+0000] {spark_submit.py:579} INFO - 24/10/06 06:30:16 INFO DiskBlockManager: Created local directory at /tmp/blockmgr-984f2fbc-061e-4bcf-ab7b-d58c871ad883
[2024-10-06T06:30:16.784+0000] {spark_submit.py:579} INFO - 24/10/06 06:30:16 INFO MemoryStore: MemoryStore started with capacity 434.4 MiB
[2024-10-06T06:30:16.800+0000] {spark_submit.py:579} INFO - 24/10/06 06:30:16 INFO SparkEnv: Registering OutputCommitCoordinator
[2024-10-06T06:30:16.921+0000] {spark_submit.py:579} INFO - 24/10/06 06:30:16 INFO JettyUtils: Start Jetty 0.0.0.0:4040 for SparkUI
[2024-10-06T06:30:16.974+0000] {spark_submit.py:579} INFO - 24/10/06 06:30:16 INFO Utils: Successfully started service 'SparkUI' on port 4040.
[2024-10-06T06:30:17.008+0000] {spark_submit.py:579} INFO - 24/10/06 06:30:17 INFO SparkContext: Added JAR file:///opt/***/jars/hadoop-aws-3.3.4.jar at spark://b8bb5f5afab6:40619/jars/hadoop-aws-3.3.4.jar with timestamp 1728196216308
[2024-10-06T06:30:17.010+0000] {spark_submit.py:579} INFO - 24/10/06 06:30:17 INFO SparkContext: Added JAR file:///opt/***/jars/s3-2.18.41.jar at spark://b8bb5f5afab6:40619/jars/s3-2.18.41.jar with timestamp 1728196216308
[2024-10-06T06:30:17.012+0000] {spark_submit.py:579} INFO - 24/10/06 06:30:17 INFO SparkContext: Added JAR file:///opt/***/jars/aws-java-sdk-1.12.367.jar at spark://b8bb5f5afab6:40619/jars/aws-java-sdk-1.12.367.jar with timestamp 1728196216308
[2024-10-06T06:30:17.014+0000] {spark_submit.py:579} INFO - 24/10/06 06:30:17 INFO SparkContext: Added JAR file:///opt/***/jars/delta-core_2.12-2.4.0.jar at spark://b8bb5f5afab6:40619/jars/delta-core_2.12-2.4.0.jar with timestamp 1728196216308
[2024-10-06T06:30:17.015+0000] {spark_submit.py:579} INFO - 24/10/06 06:30:17 INFO SparkContext: Added JAR file:///opt/***/jars/delta-storage-2.2.0.jar at spark://b8bb5f5afab6:40619/jars/delta-storage-2.2.0.jar with timestamp 1728196216308
[2024-10-06T06:30:17.016+0000] {spark_submit.py:579} INFO - 24/10/06 06:30:17 INFO SparkContext: Added JAR file:///home/***/.ivy2/jars/org.apache.hadoop_hadoop-aws-3.3.4.jar at spark://b8bb5f5afab6:40619/jars/org.apache.hadoop_hadoop-aws-3.3.4.jar with timestamp 1728196216308
[2024-10-06T06:30:17.017+0000] {spark_submit.py:579} INFO - 24/10/06 06:30:17 INFO SparkContext: Added JAR file:///home/***/.ivy2/jars/com.amazonaws_aws-java-sdk-bundle-1.12.262.jar at spark://b8bb5f5afab6:40619/jars/com.amazonaws_aws-java-sdk-bundle-1.12.262.jar with timestamp 1728196216308
[2024-10-06T06:30:17.017+0000] {spark_submit.py:579} INFO - 24/10/06 06:30:17 INFO SparkContext: Added JAR file:///home/***/.ivy2/jars/org.wildfly.openssl_wildfly-openssl-1.0.7.Final.jar at spark://b8bb5f5afab6:40619/jars/org.wildfly.openssl_wildfly-openssl-1.0.7.Final.jar with timestamp 1728196216308
[2024-10-06T06:30:17.019+0000] {spark_submit.py:579} INFO - 24/10/06 06:30:17 INFO SparkContext: Added file file:///home/***/.ivy2/jars/org.apache.hadoop_hadoop-aws-3.3.4.jar at spark://b8bb5f5afab6:40619/files/org.apache.hadoop_hadoop-aws-3.3.4.jar with timestamp 1728196216308
[2024-10-06T06:30:17.021+0000] {spark_submit.py:579} INFO - 24/10/06 06:30:17 INFO Utils: Copying /home/***/.ivy2/jars/org.apache.hadoop_hadoop-aws-3.3.4.jar to /tmp/spark-f6832e80-d530-4890-9cbd-fae5473dd1cf/userFiles-fe0f9a5f-1ecb-4953-8af6-5d4a7a836a43/org.apache.hadoop_hadoop-aws-3.3.4.jar
[2024-10-06T06:30:17.034+0000] {spark_submit.py:579} INFO - 24/10/06 06:30:17 INFO SparkContext: Added file file:///home/***/.ivy2/jars/com.amazonaws_aws-java-sdk-bundle-1.12.262.jar at spark://b8bb5f5afab6:40619/files/com.amazonaws_aws-java-sdk-bundle-1.12.262.jar with timestamp 1728196216308
[2024-10-06T06:30:17.035+0000] {spark_submit.py:579} INFO - 24/10/06 06:30:17 INFO Utils: Copying /home/***/.ivy2/jars/com.amazonaws_aws-java-sdk-bundle-1.12.262.jar to /tmp/spark-f6832e80-d530-4890-9cbd-fae5473dd1cf/userFiles-fe0f9a5f-1ecb-4953-8af6-5d4a7a836a43/com.amazonaws_aws-java-sdk-bundle-1.12.262.jar
[2024-10-06T06:30:17.423+0000] {spark_submit.py:579} INFO - 24/10/06 06:30:17 INFO SparkContext: Added file file:///home/***/.ivy2/jars/org.wildfly.openssl_wildfly-openssl-1.0.7.Final.jar at spark://b8bb5f5afab6:40619/files/org.wildfly.openssl_wildfly-openssl-1.0.7.Final.jar with timestamp 1728196216308
[2024-10-06T06:30:17.424+0000] {spark_submit.py:579} INFO - 24/10/06 06:30:17 INFO Utils: Copying /home/***/.ivy2/jars/org.wildfly.openssl_wildfly-openssl-1.0.7.Final.jar to /tmp/spark-f6832e80-d530-4890-9cbd-fae5473dd1cf/userFiles-fe0f9a5f-1ecb-4953-8af6-5d4a7a836a43/org.wildfly.openssl_wildfly-openssl-1.0.7.Final.jar
[2024-10-06T06:30:17.520+0000] {spark_submit.py:579} INFO - 24/10/06 06:30:17 INFO StandaloneAppClient$ClientEndpoint: Connecting to master spark://spark-master:7077...
[2024-10-06T06:30:17.557+0000] {spark_submit.py:579} INFO - 24/10/06 06:30:17 INFO TransportClientFactory: Successfully created connection to spark-master/172.20.0.2:7077 after 21 ms (0 ms spent in bootstraps)
[2024-10-06T06:30:17.638+0000] {spark_submit.py:579} INFO - 24/10/06 06:30:17 INFO StandaloneSchedulerBackend: Connected to Spark cluster with app ID app-20241006063017-0012
[2024-10-06T06:30:17.640+0000] {spark_submit.py:579} INFO - 24/10/06 06:30:17 INFO StandaloneAppClient$ClientEndpoint: Executor added: app-20241006063017-0012/0 on worker-20241006050918-172.20.0.5-33597 (172.20.0.5:33597) with 2 core(s)
[2024-10-06T06:30:17.642+0000] {spark_submit.py:579} INFO - 24/10/06 06:30:17 INFO StandaloneSchedulerBackend: Granted executor ID app-20241006063017-0012/0 on hostPort 172.20.0.5:33597 with 2 core(s), 2.0 GiB RAM
[2024-10-06T06:30:17.650+0000] {spark_submit.py:579} INFO - 24/10/06 06:30:17 INFO Utils: Successfully started service 'org.apache.spark.network.netty.NettyBlockTransferService' on port 34505.
[2024-10-06T06:30:17.651+0000] {spark_submit.py:579} INFO - 24/10/06 06:30:17 INFO NettyBlockTransferService: Server created on b8bb5f5afab6:34505
[2024-10-06T06:30:17.653+0000] {spark_submit.py:579} INFO - 24/10/06 06:30:17 INFO BlockManager: Using org.apache.spark.storage.RandomBlockReplicationPolicy for block replication policy
[2024-10-06T06:30:17.662+0000] {spark_submit.py:579} INFO - 24/10/06 06:30:17 INFO BlockManagerMaster: Registering BlockManager BlockManagerId(driver, b8bb5f5afab6, 34505, None)
[2024-10-06T06:30:17.666+0000] {spark_submit.py:579} INFO - 24/10/06 06:30:17 INFO BlockManagerMasterEndpoint: Registering block manager b8bb5f5afab6:34505 with 434.4 MiB RAM, BlockManagerId(driver, b8bb5f5afab6, 34505, None)
[2024-10-06T06:30:17.669+0000] {spark_submit.py:579} INFO - 24/10/06 06:30:17 INFO BlockManagerMaster: Registered BlockManager BlockManagerId(driver, b8bb5f5afab6, 34505, None)
[2024-10-06T06:30:17.670+0000] {spark_submit.py:579} INFO - 24/10/06 06:30:17 INFO BlockManager: Initialized BlockManager: BlockManagerId(driver, b8bb5f5afab6, 34505, None)
[2024-10-06T06:30:17.695+0000] {spark_submit.py:579} INFO - 24/10/06 06:30:17 INFO StandaloneAppClient$ClientEndpoint: Executor updated: app-20241006063017-0012/0 is now RUNNING
[2024-10-06T06:30:17.874+0000] {spark_submit.py:579} INFO - 24/10/06 06:30:17 INFO StandaloneSchedulerBackend: SchedulerBackend is ready for scheduling beginning after reached minRegisteredResourcesRatio: 0.0
[2024-10-06T06:30:18.212+0000] {spark_submit.py:579} INFO - Reading data from s3a://lakehouse/bronze/keywords.parquet
[2024-10-06T06:30:18.220+0000] {spark_submit.py:579} INFO - 24/10/06 06:30:18 INFO SharedState: Setting hive.metastore.warehouse.dir ('null') to the value of spark.sql.warehouse.dir.
[2024-10-06T06:30:18.222+0000] {spark_submit.py:579} INFO - 24/10/06 06:30:18 INFO SharedState: Warehouse path is 'file:/opt/***/spark-warehouse'.
[2024-10-06T06:30:19.758+0000] {spark_submit.py:579} INFO - 24/10/06 06:30:19 WARN MetricsConfig: Cannot locate configuration: tried hadoop-metrics2-s3a-file-system.properties,hadoop-metrics2.properties
[2024-10-06T06:30:19.796+0000] {spark_submit.py:579} INFO - 24/10/06 06:30:19 INFO MetricsSystemImpl: Scheduled Metric snapshot period at 10 second(s).
[2024-10-06T06:30:19.797+0000] {spark_submit.py:579} INFO - 24/10/06 06:30:19 INFO MetricsSystemImpl: s3a-file-system metrics system started
[2024-10-06T06:30:20.272+0000] {spark_submit.py:579} INFO - 24/10/06 06:30:20 INFO StandaloneSchedulerBackend$StandaloneDriverEndpoint: Registered executor NettyRpcEndpointRef(spark-client://Executor) (172.20.0.5:45022) with ID 0,  ResourceProfileId 0
[2024-10-06T06:30:20.343+0000] {spark_submit.py:579} INFO - 24/10/06 06:30:20 INFO BlockManagerMasterEndpoint: Registering block manager 172.20.0.5:33351 with 1048.8 MiB RAM, BlockManagerId(0, 172.20.0.5, 33351, None)
[2024-10-06T06:46:52.855+0000] {local_task_job_runner.py:294} WARNING - State of this instance has been externally set to failed. Terminating instance.
[2024-10-06T06:46:52.863+0000] {process_utils.py:131} INFO - Sending 15 to group 4790. PIDs of all processes in the group: [4791, 4843, 4790]
[2024-10-06T06:46:52.864+0000] {process_utils.py:86} INFO - Sending the signal 15 to group 4790
[2024-10-06T06:46:52.865+0000] {taskinstance.py:1630} ERROR - Received SIGTERM. Terminating subprocesses.
[2024-10-06T06:46:52.866+0000] {spark_submit.py:705} INFO - Sending kill signal to spark-submit
[2024-10-06T06:46:52.918+0000] {process_utils.py:79} INFO - Process psutil.Process(pid=4791, status='terminated', started='06:30:12') (4791) terminated with exit code None
[2024-10-06T06:46:52.919+0000] {process_utils.py:79} INFO - Process psutil.Process(pid=4843, status='terminated', started='06:30:14') (4843) terminated with exit code None
[2024-10-06T06:46:52.919+0000] {process_utils.py:79} INFO - Process psutil.Process(pid=4790, status='terminated', exitcode=0, started='06:30:12') (4790) terminated with exit code 0
