[2024-10-11T17:57:54.768+0000] {taskinstance.py:1157} INFO - Dependencies all met for dep_context=non-requeueable deps ti=<TaskInstance: spark_processing_dag1111.silver_cleaned_movies manual__2024-10-11T17:57:53.541991+00:00 [queued]>
[2024-10-11T17:57:54.776+0000] {taskinstance.py:1157} INFO - Dependencies all met for dep_context=requeueable deps ti=<TaskInstance: spark_processing_dag1111.silver_cleaned_movies manual__2024-10-11T17:57:53.541991+00:00 [queued]>
[2024-10-11T17:57:54.776+0000] {taskinstance.py:1359} INFO - Starting attempt 1 of 2
[2024-10-11T17:57:54.791+0000] {taskinstance.py:1380} INFO - Executing <Task(SparkSubmitOperator): silver_cleaned_movies> on 2024-10-11 17:57:53.541991+00:00
[2024-10-11T17:57:54.797+0000] {standard_task_runner.py:57} INFO - Started process 22076 to run task
[2024-10-11T17:57:54.800+0000] {standard_task_runner.py:84} INFO - Running: ['***', 'tasks', 'run', 'spark_processing_dag1111', 'silver_cleaned_movies', 'manual__2024-10-11T17:57:53.541991+00:00', '--job-id', '67', '--raw', '--subdir', 'DAGS_FOLDER/movie.py', '--cfg-path', '/tmp/tmpqux_czoo']
[2024-10-11T17:57:54.802+0000] {standard_task_runner.py:85} INFO - Job 67: Subtask silver_cleaned_movies
[2024-10-11T17:57:54.848+0000] {task_command.py:415} INFO - Running <TaskInstance: spark_processing_dag1111.silver_cleaned_movies manual__2024-10-11T17:57:53.541991+00:00 [running]> on host 84076e7a47fe
[2024-10-11T17:57:54.919+0000] {taskinstance.py:1660} INFO - Exporting env vars: AIRFLOW_CTX_DAG_OWNER='***' AIRFLOW_CTX_DAG_ID='spark_processing_dag1111' AIRFLOW_CTX_TASK_ID='silver_cleaned_movies' AIRFLOW_CTX_EXECUTION_DATE='2024-10-11T17:57:53.541991+00:00' AIRFLOW_CTX_TRY_NUMBER='1' AIRFLOW_CTX_DAG_RUN_ID='manual__2024-10-11T17:57:53.541991+00:00'
[2024-10-11T17:57:54.928+0000] {base.py:73} INFO - Using connection ID 'spark-conn' for task execution.
[2024-10-11T17:57:54.930+0000] {spark_submit.py:403} INFO - Spark-Submit cmd: spark-submit --master spark://spark-master:7077 --conf spark.sql.extensions=io.delta.sql.DeltaSparkSessionExtension --conf spark.sql.catalog.spark_catalog=org.apache.spark.sql.delta.catalog.DeltaCatalog --jars /opt/***/jars/hadoop-aws-3.3.4.jar,/opt/***/jars/s3-2.18.41.jar,/opt/***/jars/aws-java-sdk-1.12.367.jar,/opt/***/jars/delta-core_2.12-2.4.0.jar,/opt/***/jars/delta-storage-2.2.0.jar, --packages org.apache.hadoop:hadoop-aws:3.3.4 --num-executors 2 --total-executor-cores 2 --executor-cores 2 --executor-memory 2g --driver-memory 1g --name arrow-spark --deploy-mode client /opt/***/jobs/python/test_movies.py s3a://lakehouse/bronze/movies.parquet s3a://lakehouse/silver
[2024-10-11T17:57:55.015+0000] {spark_submit.py:579} INFO - /home/***/.local/lib/python3.11/site-packages/pyspark/bin/load-spark-env.sh: line 68: ps: command not found
[2024-10-11T17:57:56.904+0000] {spark_submit.py:579} INFO - :: loading settings :: url = jar:file:/home/***/.local/lib/python3.11/site-packages/pyspark/jars/ivy-2.5.1.jar!/org/apache/ivy/core/settings/ivysettings.xml
[2024-10-11T17:57:57.087+0000] {spark_submit.py:579} INFO - Ivy Default Cache set to: /home/***/.ivy2/cache
[2024-10-11T17:57:57.088+0000] {spark_submit.py:579} INFO - The jars for the packages stored in: /home/***/.ivy2/jars
[2024-10-11T17:57:57.099+0000] {spark_submit.py:579} INFO - org.apache.hadoop#hadoop-aws added as a dependency
[2024-10-11T17:57:57.101+0000] {spark_submit.py:579} INFO - :: resolving dependencies :: org.apache.spark#spark-submit-parent-4582ec40-c279-41b5-b1bf-e8fd01cfb200;1.0
[2024-10-11T17:57:57.101+0000] {spark_submit.py:579} INFO - confs: [default]
[2024-10-11T17:57:57.295+0000] {spark_submit.py:579} INFO - found org.apache.hadoop#hadoop-aws;3.3.4 in spark-list
[2024-10-11T17:57:57.350+0000] {spark_submit.py:579} INFO - found com.amazonaws#aws-java-sdk-bundle;1.12.262 in central
[2024-10-11T17:57:57.398+0000] {spark_submit.py:579} INFO - found org.wildfly.openssl#wildfly-openssl;1.0.7.Final in central
[2024-10-11T17:57:57.432+0000] {spark_submit.py:579} INFO - :: resolution report :: resolve 318ms :: artifacts dl 14ms
[2024-10-11T17:57:57.433+0000] {spark_submit.py:579} INFO - :: modules in use:
[2024-10-11T17:57:57.434+0000] {spark_submit.py:579} INFO - com.amazonaws#aws-java-sdk-bundle;1.12.262 from central in [default]
[2024-10-11T17:57:57.435+0000] {spark_submit.py:579} INFO - org.apache.hadoop#hadoop-aws;3.3.4 from spark-list in [default]
[2024-10-11T17:57:57.436+0000] {spark_submit.py:579} INFO - org.wildfly.openssl#wildfly-openssl;1.0.7.Final from central in [default]
[2024-10-11T17:57:57.436+0000] {spark_submit.py:579} INFO - ---------------------------------------------------------------------
[2024-10-11T17:57:57.437+0000] {spark_submit.py:579} INFO - |                  |            modules            ||   artifacts   |
[2024-10-11T17:57:57.438+0000] {spark_submit.py:579} INFO - |       conf       | number| search|dwnlded|evicted|| number|dwnlded|
[2024-10-11T17:57:57.438+0000] {spark_submit.py:579} INFO - ---------------------------------------------------------------------
[2024-10-11T17:57:57.439+0000] {spark_submit.py:579} INFO - |      default     |   3   |   0   |   0   |   0   ||   3   |   0   |
[2024-10-11T17:57:57.440+0000] {spark_submit.py:579} INFO - ---------------------------------------------------------------------
[2024-10-11T17:57:57.441+0000] {spark_submit.py:579} INFO - :: retrieving :: org.apache.spark#spark-submit-parent-4582ec40-c279-41b5-b1bf-e8fd01cfb200
[2024-10-11T17:57:57.442+0000] {spark_submit.py:579} INFO - confs: [default]
[2024-10-11T17:57:57.451+0000] {spark_submit.py:579} INFO - 0 artifacts copied, 3 already retrieved (0kB/10ms)
[2024-10-11T17:57:57.707+0000] {spark_submit.py:579} INFO - 24/10/11 17:57:57 WARN NativeCodeLoader: Unable to load native-hadoop library for your platform... using builtin-java classes where applicable
[2024-10-11T17:57:59.327+0000] {spark_submit.py:579} INFO - Traceback (most recent call last):
[2024-10-11T17:57:59.328+0000] {spark_submit.py:579} INFO - File "/opt/***/jobs/python/test_movies.py", line 10, in <module>
[2024-10-11T17:57:59.331+0000] {spark_submit.py:579} INFO - from dagster import Output  # Đảm bảo bạn đã import Output từ Dagster
[2024-10-11T17:57:59.331+0000] {spark_submit.py:579} INFO - ^^^^^^^^^^^^^^^^^^^^^^^^^^
[2024-10-11T17:57:59.332+0000] {spark_submit.py:579} INFO - ModuleNotFoundError: No module named 'dagster'
[2024-10-11T17:57:59.482+0000] {spark_submit.py:579} INFO - 24/10/11 17:57:59 INFO ShutdownHookManager: Shutdown hook called
[2024-10-11T17:57:59.484+0000] {spark_submit.py:579} INFO - 24/10/11 17:57:59 INFO ShutdownHookManager: Deleting directory /tmp/spark-fd8d36b6-6dc9-447f-bff6-bf7cf639c17c
[2024-10-11T17:57:59.535+0000] {taskinstance.py:1935} ERROR - Task failed with exception
Traceback (most recent call last):
  File "/home/airflow/.local/lib/python3.11/site-packages/airflow/providers/apache/spark/operators/spark_submit.py", line 174, in execute
    self._hook.submit(self.application)
  File "/home/airflow/.local/lib/python3.11/site-packages/airflow/providers/apache/spark/hooks/spark_submit.py", line 505, in submit
    raise AirflowException(
airflow.exceptions.AirflowException: Cannot execute: spark-submit --master spark://spark-master:7077 --conf spark.sql.extensions=io.delta.sql.DeltaSparkSessionExtension --conf spark.sql.catalog.spark_catalog=org.apache.spark.sql.delta.catalog.DeltaCatalog --jars /opt/***/jars/hadoop-aws-3.3.4.jar,/opt/***/jars/s3-2.18.41.jar,/opt/***/jars/aws-java-sdk-1.12.367.jar,/opt/***/jars/delta-core_2.12-2.4.0.jar,/opt/***/jars/delta-storage-2.2.0.jar, --packages org.apache.hadoop:hadoop-aws:3.3.4 --num-executors 2 --total-executor-cores 2 --executor-cores 2 --executor-memory 2g --driver-memory 1g --name arrow-spark --deploy-mode client /opt/***/jobs/python/test_movies.py s3a://lakehouse/bronze/movies.parquet s3a://lakehouse/silver. Error code is: 1.
[2024-10-11T17:57:59.539+0000] {taskinstance.py:1398} INFO - Marking task as UP_FOR_RETRY. dag_id=spark_processing_dag1111, task_id=silver_cleaned_movies, execution_date=20241011T175753, start_date=20241011T175754, end_date=20241011T175759
[2024-10-11T17:57:59.551+0000] {standard_task_runner.py:104} ERROR - Failed to execute job 67 for task silver_cleaned_movies (Cannot execute: spark-submit --master spark://spark-master:7077 --conf spark.sql.extensions=io.delta.sql.DeltaSparkSessionExtension --conf spark.sql.catalog.spark_catalog=org.apache.spark.sql.delta.catalog.DeltaCatalog --jars /opt/***/jars/hadoop-aws-3.3.4.jar,/opt/***/jars/s3-2.18.41.jar,/opt/***/jars/aws-java-sdk-1.12.367.jar,/opt/***/jars/delta-core_2.12-2.4.0.jar,/opt/***/jars/delta-storage-2.2.0.jar, --packages org.apache.hadoop:hadoop-aws:3.3.4 --num-executors 2 --total-executor-cores 2 --executor-cores 2 --executor-memory 2g --driver-memory 1g --name arrow-spark --deploy-mode client /opt/***/jobs/python/test_movies.py s3a://lakehouse/bronze/movies.parquet s3a://lakehouse/silver. Error code is: 1.; 22076)
[2024-10-11T17:57:59.590+0000] {local_task_job_runner.py:228} INFO - Task exited with return code 1
[2024-10-11T17:57:59.605+0000] {taskinstance.py:2776} INFO - 0 downstream tasks scheduled from follow-on schedule check
