[2024-10-05T05:54:18.015+0000] {taskinstance.py:1157} INFO - Dependencies all met for dep_context=non-requeueable deps ti=<TaskInstance: spark_processing_dag.silver_cleaned_keywords manual__2024-10-05T05:48:56.714175+00:00 [queued]>
[2024-10-05T05:54:18.028+0000] {taskinstance.py:1157} INFO - Dependencies all met for dep_context=requeueable deps ti=<TaskInstance: spark_processing_dag.silver_cleaned_keywords manual__2024-10-05T05:48:56.714175+00:00 [queued]>
[2024-10-05T05:54:18.029+0000] {taskinstance.py:1359} INFO - Starting attempt 2 of 2
[2024-10-05T05:54:18.044+0000] {taskinstance.py:1380} INFO - Executing <Task(SparkSubmitOperator): silver_cleaned_keywords> on 2024-10-05 05:48:56.714175+00:00
[2024-10-05T05:54:18.050+0000] {standard_task_runner.py:57} INFO - Started process 5349 to run task
[2024-10-05T05:54:18.053+0000] {standard_task_runner.py:84} INFO - Running: ['***', 'tasks', 'run', 'spark_processing_dag', 'silver_cleaned_keywords', 'manual__2024-10-05T05:48:56.714175+00:00', '--job-id', '133', '--raw', '--subdir', 'DAGS_FOLDER/sliver_layer.py', '--cfg-path', '/tmp/tmpj1zyo0il']
[2024-10-05T05:54:18.056+0000] {standard_task_runner.py:85} INFO - Job 133: Subtask silver_cleaned_keywords
[2024-10-05T05:54:18.101+0000] {task_command.py:415} INFO - Running <TaskInstance: spark_processing_dag.silver_cleaned_keywords manual__2024-10-05T05:48:56.714175+00:00 [running]> on host 23041969bcc7
[2024-10-05T05:54:18.169+0000] {taskinstance.py:1660} INFO - Exporting env vars: AIRFLOW_CTX_DAG_OWNER='***' AIRFLOW_CTX_DAG_ID='spark_processing_dag' AIRFLOW_CTX_TASK_ID='silver_cleaned_keywords' AIRFLOW_CTX_EXECUTION_DATE='2024-10-05T05:48:56.714175+00:00' AIRFLOW_CTX_TRY_NUMBER='2' AIRFLOW_CTX_DAG_RUN_ID='manual__2024-10-05T05:48:56.714175+00:00'
[2024-10-05T05:54:18.178+0000] {base.py:73} INFO - Using connection ID 'spark-conn' for task execution.
[2024-10-05T05:54:18.180+0000] {spark_submit.py:403} INFO - Spark-Submit cmd: spark-submit --master spark://spark-master:7077 --conf spark.sql.extensions=io.delta.sql.DeltaSparkSessionExtension --conf spark.sql.catalog.spark_catalog=org.apache.spark.sql.delta.catalog.DeltaCatalog --conf spark.delta.logStore.class=org.apache.spark.sql.delta.storage.S3SingleDriverLogStore --jars /opt/***/jars/hadoop-aws-3.3.4.jar,/opt/***/jars/s3-2.18.41.jar,/opt/***/jars/aws-java-sdk-1.12.367.jar,/opt/***/jars/delta-core_2.12-2.2.0.jar,/opt/***/jars/delta-storage-2.2.0.jar --packages org.apache.hadoop:hadoop-aws:3.3.4,io.delta:delta-core_2.12:2.2.0 --num-executors 2 --total-executor-cores 2 --executor-cores 2 --executor-memory 2g --driver-memory 1g --name arrow-spark --deploy-mode client /opt/***/jobs/python/test_Key.py s3a://lakehouse/bronze/keywords.parquet s3a://lakehouse/silver
[2024-10-05T05:54:18.256+0000] {spark_submit.py:579} INFO - /home/***/.local/lib/python3.11/site-packages/pyspark/bin/load-spark-env.sh: line 68: ps: command not found
[2024-10-05T05:54:19.841+0000] {spark_submit.py:579} INFO - :: loading settings :: url = jar:file:/home/***/.local/lib/python3.11/site-packages/pyspark/jars/ivy-2.5.1.jar!/org/apache/ivy/core/settings/ivysettings.xml
[2024-10-05T05:54:19.934+0000] {spark_submit.py:579} INFO - Ivy Default Cache set to: /home/***/.ivy2/cache
[2024-10-05T05:54:19.935+0000] {spark_submit.py:579} INFO - The jars for the packages stored in: /home/***/.ivy2/jars
[2024-10-05T05:54:19.941+0000] {spark_submit.py:579} INFO - org.apache.hadoop#hadoop-aws added as a dependency
[2024-10-05T05:54:19.942+0000] {spark_submit.py:579} INFO - io.delta#delta-core_2.12 added as a dependency
[2024-10-05T05:54:19.942+0000] {spark_submit.py:579} INFO - :: resolving dependencies :: org.apache.spark#spark-submit-parent-adf84523-c84f-4ea6-88ab-c7a0d6df4a00;1.0
[2024-10-05T05:54:19.943+0000] {spark_submit.py:579} INFO - confs: [default]
[2024-10-05T05:54:20.094+0000] {spark_submit.py:579} INFO - found org.apache.hadoop#hadoop-aws;3.3.4 in spark-list
[2024-10-05T05:54:20.116+0000] {spark_submit.py:579} INFO - found com.amazonaws#aws-java-sdk-bundle;1.12.262 in central
[2024-10-05T05:54:20.138+0000] {spark_submit.py:579} INFO - found org.wildfly.openssl#wildfly-openssl;1.0.7.Final in central
[2024-10-05T05:54:20.153+0000] {spark_submit.py:579} INFO - found io.delta#delta-core_2.12;2.2.0 in central
[2024-10-05T05:54:20.168+0000] {spark_submit.py:579} INFO - found io.delta#delta-storage;2.2.0 in central
[2024-10-05T05:54:20.185+0000] {spark_submit.py:579} INFO - found org.antlr#antlr4-runtime;4.8 in central
[2024-10-05T05:54:20.208+0000] {spark_submit.py:579} INFO - :: resolution report :: resolve 257ms :: artifacts dl 9ms
[2024-10-05T05:54:20.209+0000] {spark_submit.py:579} INFO - :: modules in use:
[2024-10-05T05:54:20.209+0000] {spark_submit.py:579} INFO - com.amazonaws#aws-java-sdk-bundle;1.12.262 from central in [default]
[2024-10-05T05:54:20.209+0000] {spark_submit.py:579} INFO - io.delta#delta-core_2.12;2.2.0 from central in [default]
[2024-10-05T05:54:20.210+0000] {spark_submit.py:579} INFO - io.delta#delta-storage;2.2.0 from central in [default]
[2024-10-05T05:54:20.210+0000] {spark_submit.py:579} INFO - org.antlr#antlr4-runtime;4.8 from central in [default]
[2024-10-05T05:54:20.210+0000] {spark_submit.py:579} INFO - org.apache.hadoop#hadoop-aws;3.3.4 from spark-list in [default]
[2024-10-05T05:54:20.211+0000] {spark_submit.py:579} INFO - org.wildfly.openssl#wildfly-openssl;1.0.7.Final from central in [default]
[2024-10-05T05:54:20.211+0000] {spark_submit.py:579} INFO - ---------------------------------------------------------------------
[2024-10-05T05:54:20.211+0000] {spark_submit.py:579} INFO - |                  |            modules            ||   artifacts   |
[2024-10-05T05:54:20.211+0000] {spark_submit.py:579} INFO - |       conf       | number| search|dwnlded|evicted|| number|dwnlded|
[2024-10-05T05:54:20.212+0000] {spark_submit.py:579} INFO - ---------------------------------------------------------------------
[2024-10-05T05:54:20.212+0000] {spark_submit.py:579} INFO - |      default     |   6   |   0   |   0   |   0   ||   6   |   0   |
[2024-10-05T05:54:20.212+0000] {spark_submit.py:579} INFO - ---------------------------------------------------------------------
[2024-10-05T05:54:20.214+0000] {spark_submit.py:579} INFO - :: retrieving :: org.apache.spark#spark-submit-parent-adf84523-c84f-4ea6-88ab-c7a0d6df4a00
[2024-10-05T05:54:20.215+0000] {spark_submit.py:579} INFO - confs: [default]
[2024-10-05T05:54:20.220+0000] {spark_submit.py:579} INFO - 0 artifacts copied, 6 already retrieved (0kB/6ms)
[2024-10-05T05:54:20.396+0000] {spark_submit.py:579} INFO - 24/10/05 05:54:20 WARN NativeCodeLoader: Unable to load native-hadoop library for your platform... using builtin-java classes where applicable
[2024-10-05T05:54:21.895+0000] {spark_submit.py:579} INFO - 24/10/05 05:54:21 INFO SparkContext: Running Spark version 3.5.1
[2024-10-05T05:54:21.896+0000] {spark_submit.py:579} INFO - 24/10/05 05:54:21 INFO SparkContext: OS info Linux, 5.15.153.1-microsoft-standard-WSL2, amd64
[2024-10-05T05:54:21.897+0000] {spark_submit.py:579} INFO - 24/10/05 05:54:21 INFO SparkContext: Java version 11.0.24
[2024-10-05T05:54:21.917+0000] {spark_submit.py:579} INFO - 24/10/05 05:54:21 INFO ResourceUtils: ==============================================================
[2024-10-05T05:54:21.917+0000] {spark_submit.py:579} INFO - 24/10/05 05:54:21 INFO ResourceUtils: No custom resources configured for spark.driver.
[2024-10-05T05:54:21.918+0000] {spark_submit.py:579} INFO - 24/10/05 05:54:21 INFO ResourceUtils: ==============================================================
[2024-10-05T05:54:21.918+0000] {spark_submit.py:579} INFO - 24/10/05 05:54:21 INFO SparkContext: Submitted application: CleanKeywords
[2024-10-05T05:54:21.941+0000] {spark_submit.py:579} INFO - 24/10/05 05:54:21 INFO ResourceProfile: Default ResourceProfile created, executor resources: Map(cores -> name: cores, amount: 2, script: , vendor: , memory -> name: memory, amount: 2048, script: , vendor: , offHeap -> name: offHeap, amount: 0, script: , vendor: ), task resources: Map(cpus -> name: cpus, amount: 1.0)
[2024-10-05T05:54:21.954+0000] {spark_submit.py:579} INFO - 24/10/05 05:54:21 INFO ResourceProfile: Limiting resource is cpus at 2 tasks per executor
[2024-10-05T05:54:21.956+0000] {spark_submit.py:579} INFO - 24/10/05 05:54:21 INFO ResourceProfileManager: Added ResourceProfile id: 0
[2024-10-05T05:54:22.006+0000] {spark_submit.py:579} INFO - 24/10/05 05:54:22 INFO SecurityManager: Changing view acls to: ***
[2024-10-05T05:54:22.007+0000] {spark_submit.py:579} INFO - 24/10/05 05:54:22 INFO SecurityManager: Changing modify acls to: ***
[2024-10-05T05:54:22.008+0000] {spark_submit.py:579} INFO - 24/10/05 05:54:22 INFO SecurityManager: Changing view acls groups to:
[2024-10-05T05:54:22.008+0000] {spark_submit.py:579} INFO - 24/10/05 05:54:22 INFO SecurityManager: Changing modify acls groups to:
[2024-10-05T05:54:22.009+0000] {spark_submit.py:579} INFO - 24/10/05 05:54:22 INFO SecurityManager: SecurityManager: authentication disabled; ui acls disabled; users with view permissions: ***; groups with view permissions: EMPTY; users with modify permissions: ***; groups with modify permissions: EMPTY
[2024-10-05T05:54:22.237+0000] {spark_submit.py:579} INFO - 24/10/05 05:54:22 INFO Utils: Successfully started service 'sparkDriver' on port 33241.
[2024-10-05T05:54:22.266+0000] {spark_submit.py:579} INFO - 24/10/05 05:54:22 INFO SparkEnv: Registering MapOutputTracker
[2024-10-05T05:54:22.304+0000] {spark_submit.py:579} INFO - 24/10/05 05:54:22 INFO SparkEnv: Registering BlockManagerMaster
[2024-10-05T05:54:22.318+0000] {spark_submit.py:579} INFO - 24/10/05 05:54:22 INFO BlockManagerMasterEndpoint: Using org.apache.spark.storage.DefaultTopologyMapper for getting topology information
[2024-10-05T05:54:22.318+0000] {spark_submit.py:579} INFO - 24/10/05 05:54:22 INFO BlockManagerMasterEndpoint: BlockManagerMasterEndpoint up
[2024-10-05T05:54:22.322+0000] {spark_submit.py:579} INFO - 24/10/05 05:54:22 INFO SparkEnv: Registering BlockManagerMasterHeartbeat
[2024-10-05T05:54:22.340+0000] {spark_submit.py:579} INFO - 24/10/05 05:54:22 INFO DiskBlockManager: Created local directory at /tmp/blockmgr-b9904cfe-464a-4fa7-acdc-81d66387c3a2
[2024-10-05T05:54:22.351+0000] {spark_submit.py:579} INFO - 24/10/05 05:54:22 INFO MemoryStore: MemoryStore started with capacity 434.4 MiB
[2024-10-05T05:54:22.368+0000] {spark_submit.py:579} INFO - 24/10/05 05:54:22 INFO SparkEnv: Registering OutputCommitCoordinator
[2024-10-05T05:54:22.521+0000] {spark_submit.py:579} INFO - 24/10/05 05:54:22 INFO JettyUtils: Start Jetty 0.0.0.0:4040 for SparkUI
[2024-10-05T05:54:22.574+0000] {spark_submit.py:579} INFO - 24/10/05 05:54:22 INFO Utils: Successfully started service 'SparkUI' on port 4040.
[2024-10-05T05:54:22.617+0000] {spark_submit.py:579} INFO - 24/10/05 05:54:22 INFO SparkContext: Added JAR file:///opt/***/jars/hadoop-aws-3.3.4.jar at spark://23041969bcc7:33241/jars/hadoop-aws-3.3.4.jar with timestamp 1728107661886
[2024-10-05T05:54:22.619+0000] {spark_submit.py:579} INFO - 24/10/05 05:54:22 INFO SparkContext: Added JAR file:///opt/***/jars/s3-2.18.41.jar at spark://23041969bcc7:33241/jars/s3-2.18.41.jar with timestamp 1728107661886
[2024-10-05T05:54:22.620+0000] {spark_submit.py:579} INFO - 24/10/05 05:54:22 INFO SparkContext: Added JAR file:///opt/***/jars/aws-java-sdk-1.12.367.jar at spark://23041969bcc7:33241/jars/aws-java-sdk-1.12.367.jar with timestamp 1728107661886
[2024-10-05T05:54:22.621+0000] {spark_submit.py:579} INFO - 24/10/05 05:54:22 INFO SparkContext: Added JAR file:///opt/***/jars/delta-core_2.12-2.2.0.jar at spark://23041969bcc7:33241/jars/delta-core_2.12-2.2.0.jar with timestamp 1728107661886
[2024-10-05T05:54:22.623+0000] {spark_submit.py:579} INFO - 24/10/05 05:54:22 INFO SparkContext: Added JAR file:///opt/***/jars/delta-storage-2.2.0.jar at spark://23041969bcc7:33241/jars/delta-storage-2.2.0.jar with timestamp 1728107661886
[2024-10-05T05:54:22.623+0000] {spark_submit.py:579} INFO - 24/10/05 05:54:22 INFO SparkContext: Added JAR file:///home/***/.ivy2/jars/org.apache.hadoop_hadoop-aws-3.3.4.jar at spark://23041969bcc7:33241/jars/org.apache.hadoop_hadoop-aws-3.3.4.jar with timestamp 1728107661886
[2024-10-05T05:54:22.624+0000] {spark_submit.py:579} INFO - 24/10/05 05:54:22 INFO SparkContext: Added JAR file:///home/***/.ivy2/jars/io.delta_delta-core_2.12-2.2.0.jar at spark://23041969bcc7:33241/jars/io.delta_delta-core_2.12-2.2.0.jar with timestamp 1728107661886
[2024-10-05T05:54:22.624+0000] {spark_submit.py:579} INFO - 24/10/05 05:54:22 INFO SparkContext: Added JAR file:///home/***/.ivy2/jars/com.amazonaws_aws-java-sdk-bundle-1.12.262.jar at spark://23041969bcc7:33241/jars/com.amazonaws_aws-java-sdk-bundle-1.12.262.jar with timestamp 1728107661886
[2024-10-05T05:54:22.625+0000] {spark_submit.py:579} INFO - 24/10/05 05:54:22 INFO SparkContext: Added JAR file:///home/***/.ivy2/jars/org.wildfly.openssl_wildfly-openssl-1.0.7.Final.jar at spark://23041969bcc7:33241/jars/org.wildfly.openssl_wildfly-openssl-1.0.7.Final.jar with timestamp 1728107661886
[2024-10-05T05:54:22.625+0000] {spark_submit.py:579} INFO - 24/10/05 05:54:22 INFO SparkContext: Added JAR file:///home/***/.ivy2/jars/io.delta_delta-storage-2.2.0.jar at spark://23041969bcc7:33241/jars/io.delta_delta-storage-2.2.0.jar with timestamp 1728107661886
[2024-10-05T05:54:22.626+0000] {spark_submit.py:579} INFO - 24/10/05 05:54:22 INFO SparkContext: Added JAR file:///home/***/.ivy2/jars/org.antlr_antlr4-runtime-4.8.jar at spark://23041969bcc7:33241/jars/org.antlr_antlr4-runtime-4.8.jar with timestamp 1728107661886
[2024-10-05T05:54:22.629+0000] {spark_submit.py:579} INFO - 24/10/05 05:54:22 INFO SparkContext: Added file file:///home/***/.ivy2/jars/org.apache.hadoop_hadoop-aws-3.3.4.jar at spark://23041969bcc7:33241/files/org.apache.hadoop_hadoop-aws-3.3.4.jar with timestamp 1728107661886
[2024-10-05T05:54:22.630+0000] {spark_submit.py:579} INFO - 24/10/05 05:54:22 INFO Utils: Copying /home/***/.ivy2/jars/org.apache.hadoop_hadoop-aws-3.3.4.jar to /tmp/spark-67a7222d-8882-450e-9950-6daba18238c6/userFiles-50bbfb8f-c7d2-48f7-93c5-57599dd11466/org.apache.hadoop_hadoop-aws-3.3.4.jar
[2024-10-05T05:54:22.640+0000] {spark_submit.py:579} INFO - 24/10/05 05:54:22 INFO SparkContext: Added file file:///home/***/.ivy2/jars/io.delta_delta-core_2.12-2.2.0.jar at spark://23041969bcc7:33241/files/io.delta_delta-core_2.12-2.2.0.jar with timestamp 1728107661886
[2024-10-05T05:54:22.641+0000] {spark_submit.py:579} INFO - 24/10/05 05:54:22 INFO Utils: Copying /home/***/.ivy2/jars/io.delta_delta-core_2.12-2.2.0.jar to /tmp/spark-67a7222d-8882-450e-9950-6daba18238c6/userFiles-50bbfb8f-c7d2-48f7-93c5-57599dd11466/io.delta_delta-core_2.12-2.2.0.jar
[2024-10-05T05:54:22.649+0000] {spark_submit.py:579} INFO - 24/10/05 05:54:22 INFO SparkContext: Added file file:///home/***/.ivy2/jars/com.amazonaws_aws-java-sdk-bundle-1.12.262.jar at spark://23041969bcc7:33241/files/com.amazonaws_aws-java-sdk-bundle-1.12.262.jar with timestamp 1728107661886
[2024-10-05T05:54:22.649+0000] {spark_submit.py:579} INFO - 24/10/05 05:54:22 INFO Utils: Copying /home/***/.ivy2/jars/com.amazonaws_aws-java-sdk-bundle-1.12.262.jar to /tmp/spark-67a7222d-8882-450e-9950-6daba18238c6/userFiles-50bbfb8f-c7d2-48f7-93c5-57599dd11466/com.amazonaws_aws-java-sdk-bundle-1.12.262.jar
[2024-10-05T05:54:22.830+0000] {spark_submit.py:579} INFO - 24/10/05 05:54:22 INFO SparkContext: Added file file:///home/***/.ivy2/jars/org.wildfly.openssl_wildfly-openssl-1.0.7.Final.jar at spark://23041969bcc7:33241/files/org.wildfly.openssl_wildfly-openssl-1.0.7.Final.jar with timestamp 1728107661886
[2024-10-05T05:54:22.831+0000] {spark_submit.py:579} INFO - 24/10/05 05:54:22 INFO Utils: Copying /home/***/.ivy2/jars/org.wildfly.openssl_wildfly-openssl-1.0.7.Final.jar to /tmp/spark-67a7222d-8882-450e-9950-6daba18238c6/userFiles-50bbfb8f-c7d2-48f7-93c5-57599dd11466/org.wildfly.openssl_wildfly-openssl-1.0.7.Final.jar
[2024-10-05T05:54:22.846+0000] {spark_submit.py:579} INFO - 24/10/05 05:54:22 INFO SparkContext: Added file file:///home/***/.ivy2/jars/io.delta_delta-storage-2.2.0.jar at spark://23041969bcc7:33241/files/io.delta_delta-storage-2.2.0.jar with timestamp 1728107661886
[2024-10-05T05:54:22.846+0000] {spark_submit.py:579} INFO - 24/10/05 05:54:22 INFO Utils: Copying /home/***/.ivy2/jars/io.delta_delta-storage-2.2.0.jar to /tmp/spark-67a7222d-8882-450e-9950-6daba18238c6/userFiles-50bbfb8f-c7d2-48f7-93c5-57599dd11466/io.delta_delta-storage-2.2.0.jar
[2024-10-05T05:54:22.851+0000] {spark_submit.py:579} INFO - 24/10/05 05:54:22 INFO SparkContext: Added file file:///home/***/.ivy2/jars/org.antlr_antlr4-runtime-4.8.jar at spark://23041969bcc7:33241/files/org.antlr_antlr4-runtime-4.8.jar with timestamp 1728107661886
[2024-10-05T05:54:22.851+0000] {spark_submit.py:579} INFO - 24/10/05 05:54:22 INFO Utils: Copying /home/***/.ivy2/jars/org.antlr_antlr4-runtime-4.8.jar to /tmp/spark-67a7222d-8882-450e-9950-6daba18238c6/userFiles-50bbfb8f-c7d2-48f7-93c5-57599dd11466/org.antlr_antlr4-runtime-4.8.jar
[2024-10-05T05:54:22.922+0000] {spark_submit.py:579} INFO - 24/10/05 05:54:22 INFO StandaloneAppClient$ClientEndpoint: Connecting to master spark://spark-master:7077...
[2024-10-05T05:54:22.961+0000] {spark_submit.py:579} INFO - 24/10/05 05:54:22 INFO TransportClientFactory: Successfully created connection to spark-master/172.20.0.7:7077 after 22 ms (0 ms spent in bootstraps)
[2024-10-05T05:54:23.037+0000] {spark_submit.py:579} INFO - 24/10/05 05:54:23 INFO StandaloneSchedulerBackend: Connected to Spark cluster with app ID app-20241005055423-0010
[2024-10-05T05:54:23.039+0000] {spark_submit.py:579} INFO - 24/10/05 05:54:23 INFO StandaloneAppClient$ClientEndpoint: Executor added: app-20241005055423-0010/0 on worker-20241005041402-172.20.0.4-33897 (172.20.0.4:33897) with 2 core(s)
[2024-10-05T05:54:23.042+0000] {spark_submit.py:579} INFO - 24/10/05 05:54:23 INFO StandaloneSchedulerBackend: Granted executor ID app-20241005055423-0010/0 on hostPort 172.20.0.4:33897 with 2 core(s), 2.0 GiB RAM
[2024-10-05T05:54:23.050+0000] {spark_submit.py:579} INFO - 24/10/05 05:54:23 INFO Utils: Successfully started service 'org.apache.spark.network.netty.NettyBlockTransferService' on port 33641.
[2024-10-05T05:54:23.050+0000] {spark_submit.py:579} INFO - 24/10/05 05:54:23 INFO NettyBlockTransferService: Server created on 23041969bcc7:33641
[2024-10-05T05:54:23.052+0000] {spark_submit.py:579} INFO - 24/10/05 05:54:23 INFO BlockManager: Using org.apache.spark.storage.RandomBlockReplicationPolicy for block replication policy
[2024-10-05T05:54:23.061+0000] {spark_submit.py:579} INFO - 24/10/05 05:54:23 INFO BlockManagerMaster: Registering BlockManager BlockManagerId(driver, 23041969bcc7, 33641, None)
[2024-10-05T05:54:23.066+0000] {spark_submit.py:579} INFO - 24/10/05 05:54:23 INFO BlockManagerMasterEndpoint: Registering block manager 23041969bcc7:33641 with 434.4 MiB RAM, BlockManagerId(driver, 23041969bcc7, 33641, None)
[2024-10-05T05:54:23.073+0000] {spark_submit.py:579} INFO - 24/10/05 05:54:23 INFO BlockManagerMaster: Registered BlockManager BlockManagerId(driver, 23041969bcc7, 33641, None)
[2024-10-05T05:54:23.078+0000] {spark_submit.py:579} INFO - 24/10/05 05:54:23 INFO BlockManager: Initialized BlockManager: BlockManagerId(driver, 23041969bcc7, 33641, None)
[2024-10-05T05:54:23.096+0000] {spark_submit.py:579} INFO - 24/10/05 05:54:23 INFO StandaloneAppClient$ClientEndpoint: Executor updated: app-20241005055423-0010/0 is now RUNNING
[2024-10-05T05:54:23.368+0000] {spark_submit.py:579} INFO - 24/10/05 05:54:23 INFO StandaloneSchedulerBackend: SchedulerBackend is ready for scheduling beginning after reached minRegisteredResourcesRatio: 0.0
[2024-10-05T05:54:23.721+0000] {spark_submit.py:579} INFO - Reading data from s3a://lakehouse/bronze/keywords.parquet
[2024-10-05T05:54:23.732+0000] {spark_submit.py:579} INFO - 24/10/05 05:54:23 INFO SharedState: Setting hive.metastore.warehouse.dir ('null') to the value of spark.sql.warehouse.dir.
[2024-10-05T05:54:24.010+0000] {spark_submit.py:579} INFO - 24/10/05 05:54:24 WARN MetricsConfig: Cannot locate configuration: tried hadoop-metrics2-s3a-file-system.properties,hadoop-metrics2.properties
[2024-10-05T05:54:24.035+0000] {spark_submit.py:579} INFO - 24/10/05 05:54:24 INFO MetricsSystemImpl: Scheduled Metric snapshot period at 10 second(s).
[2024-10-05T05:54:24.036+0000] {spark_submit.py:579} INFO - 24/10/05 05:54:24 INFO MetricsSystemImpl: s3a-file-system metrics system started
[2024-10-05T05:54:25.125+0000] {spark_submit.py:579} INFO - 24/10/05 05:54:25 INFO SharedState: Warehouse path is 's3a://lakehouse/'.
[2024-10-05T05:54:25.822+0000] {spark_submit.py:579} INFO - 24/10/05 05:54:25 INFO StandaloneSchedulerBackend$StandaloneDriverEndpoint: Registered executor NettyRpcEndpointRef(spark-client://Executor) (172.20.0.4:41626) with ID 0,  ResourceProfileId 0
[2024-10-05T05:54:25.907+0000] {spark_submit.py:579} INFO - 24/10/05 05:54:25 INFO BlockManagerMasterEndpoint: Registering block manager 172.20.0.4:39983 with 1048.8 MiB RAM, BlockManagerId(0, 172.20.0.4, 39983, None)
[2024-10-05T05:54:27.078+0000] {spark_submit.py:579} INFO - 24/10/05 05:54:27 INFO InMemoryFileIndex: It took 87 ms to list leaf files for 1 paths.
[2024-10-05T05:54:28.188+0000] {spark_submit.py:579} INFO - Cleaning data...
[2024-10-05T05:54:28.355+0000] {spark_submit.py:579} INFO - Saving cleaned data to s3a://lakehouse/silver
[2024-10-05T05:54:30.091+0000] {spark_submit.py:579} INFO - Error during cleaning process: An error occurred while calling o71.save.
[2024-10-05T05:54:30.091+0000] {spark_submit.py:579} INFO - : com.google.common.util.concurrent.ExecutionError: java.lang.NoSuchMethodError: 'java.lang.String org.apache.spark.ErrorInfo.messageFormat()'
[2024-10-05T05:54:30.092+0000] {spark_submit.py:579} INFO - at com.google.common.cache.LocalCache$Segment.get(LocalCache.java:2261)
[2024-10-05T05:54:30.092+0000] {spark_submit.py:579} INFO - at com.google.common.cache.LocalCache.get(LocalCache.java:4000)
[2024-10-05T05:54:30.093+0000] {spark_submit.py:579} INFO - at com.google.common.cache.LocalCache$LocalManualCache.get(LocalCache.java:4789)
[2024-10-05T05:54:30.093+0000] {spark_submit.py:579} INFO - at org.apache.spark.sql.delta.DeltaLog$.getDeltaLogFromCache$1(DeltaLog.scala:748)
[2024-10-05T05:54:30.094+0000] {spark_submit.py:579} INFO - at org.apache.spark.sql.delta.DeltaLog$.apply(DeltaLog.scala:755)
[2024-10-05T05:54:30.094+0000] {spark_submit.py:579} INFO - at org.apache.spark.sql.delta.DeltaLog$.forTable(DeltaLog.scala:598)
[2024-10-05T05:54:30.094+0000] {spark_submit.py:579} INFO - at org.apache.spark.sql.delta.sources.DeltaDataSource.createRelation(DeltaDataSource.scala:151)
[2024-10-05T05:54:30.095+0000] {spark_submit.py:579} INFO - at org.apache.spark.sql.execution.datasources.SaveIntoDataSourceCommand.run(SaveIntoDataSourceCommand.scala:48)
[2024-10-05T05:54:30.095+0000] {spark_submit.py:579} INFO - at org.apache.spark.sql.execution.command.ExecutedCommandExec.sideEffectResult$lzycompute(commands.scala:75)
[2024-10-05T05:54:30.095+0000] {spark_submit.py:579} INFO - at org.apache.spark.sql.execution.command.ExecutedCommandExec.sideEffectResult(commands.scala:73)
[2024-10-05T05:54:30.096+0000] {spark_submit.py:579} INFO - at org.apache.spark.sql.execution.command.ExecutedCommandExec.executeCollect(commands.scala:84)
[2024-10-05T05:54:30.096+0000] {spark_submit.py:579} INFO - at org.apache.spark.sql.execution.QueryExecution$$anonfun$eagerlyExecuteCommands$1.$anonfun$applyOrElse$1(QueryExecution.scala:107)
[2024-10-05T05:54:30.096+0000] {spark_submit.py:579} INFO - at org.apache.spark.sql.execution.SQLExecution$.$anonfun$withNewExecutionId$6(SQLExecution.scala:125)
[2024-10-05T05:54:30.097+0000] {spark_submit.py:579} INFO - at org.apache.spark.sql.execution.SQLExecution$.withSQLConfPropagated(SQLExecution.scala:201)
[2024-10-05T05:54:30.097+0000] {spark_submit.py:579} INFO - at org.apache.spark.sql.execution.SQLExecution$.$anonfun$withNewExecutionId$1(SQLExecution.scala:108)
[2024-10-05T05:54:30.097+0000] {spark_submit.py:579} INFO - at org.apache.spark.sql.SparkSession.withActive(SparkSession.scala:900)
[2024-10-05T05:54:30.098+0000] {spark_submit.py:579} INFO - at org.apache.spark.sql.execution.SQLExecution$.withNewExecutionId(SQLExecution.scala:66)
[2024-10-05T05:54:30.098+0000] {spark_submit.py:579} INFO - at org.apache.spark.sql.execution.QueryExecution$$anonfun$eagerlyExecuteCommands$1.applyOrElse(QueryExecution.scala:107)
[2024-10-05T05:54:30.098+0000] {spark_submit.py:579} INFO - at org.apache.spark.sql.execution.QueryExecution$$anonfun$eagerlyExecuteCommands$1.applyOrElse(QueryExecution.scala:98)
[2024-10-05T05:54:30.099+0000] {spark_submit.py:579} INFO - at org.apache.spark.sql.catalyst.trees.TreeNode.$anonfun$transformDownWithPruning$1(TreeNode.scala:461)
[2024-10-05T05:54:30.099+0000] {spark_submit.py:579} INFO - at org.apache.spark.sql.catalyst.trees.CurrentOrigin$.withOrigin(origin.scala:76)
[2024-10-05T05:54:30.099+0000] {spark_submit.py:579} INFO - at org.apache.spark.sql.catalyst.trees.TreeNode.transformDownWithPruning(TreeNode.scala:461)
[2024-10-05T05:54:30.100+0000] {spark_submit.py:579} INFO - at org.apache.spark.sql.catalyst.plans.logical.LogicalPlan.org$apache$spark$sql$catalyst$plans$logical$AnalysisHelper$$super$transformDownWithPruning(LogicalPlan.scala:32)
[2024-10-05T05:54:30.100+0000] {spark_submit.py:579} INFO - at org.apache.spark.sql.catalyst.plans.logical.AnalysisHelper.transformDownWithPruning(AnalysisHelper.scala:267)
[2024-10-05T05:54:30.101+0000] {spark_submit.py:579} INFO - at org.apache.spark.sql.catalyst.plans.logical.AnalysisHelper.transformDownWithPruning$(AnalysisHelper.scala:263)
[2024-10-05T05:54:30.101+0000] {spark_submit.py:579} INFO - at org.apache.spark.sql.catalyst.plans.logical.LogicalPlan.transformDownWithPruning(LogicalPlan.scala:32)
[2024-10-05T05:54:30.101+0000] {spark_submit.py:579} INFO - at org.apache.spark.sql.catalyst.plans.logical.LogicalPlan.transformDownWithPruning(LogicalPlan.scala:32)
[2024-10-05T05:54:30.102+0000] {spark_submit.py:579} INFO - at org.apache.spark.sql.catalyst.trees.TreeNode.transformDown(TreeNode.scala:437)
[2024-10-05T05:54:30.102+0000] {spark_submit.py:579} INFO - at org.apache.spark.sql.execution.QueryExecution.eagerlyExecuteCommands(QueryExecution.scala:98)
[2024-10-05T05:54:30.102+0000] {spark_submit.py:579} INFO - at org.apache.spark.sql.execution.QueryExecution.commandExecuted$lzycompute(QueryExecution.scala:85)
[2024-10-05T05:54:30.102+0000] {spark_submit.py:579} INFO - at org.apache.spark.sql.execution.QueryExecution.commandExecuted(QueryExecution.scala:83)
[2024-10-05T05:54:30.103+0000] {spark_submit.py:579} INFO - at org.apache.spark.sql.execution.QueryExecution.assertCommandExecuted(QueryExecution.scala:142)
[2024-10-05T05:54:30.103+0000] {spark_submit.py:579} INFO - at org.apache.spark.sql.DataFrameWriter.runCommand(DataFrameWriter.scala:859)
[2024-10-05T05:54:30.103+0000] {spark_submit.py:579} INFO - at org.apache.spark.sql.DataFrameWriter.saveToV1Source(DataFrameWriter.scala:388)
[2024-10-05T05:54:30.104+0000] {spark_submit.py:579} INFO - at org.apache.spark.sql.DataFrameWriter.saveInternal(DataFrameWriter.scala:304)
[2024-10-05T05:54:30.104+0000] {spark_submit.py:579} INFO - at org.apache.spark.sql.DataFrameWriter.save(DataFrameWriter.scala:240)
[2024-10-05T05:54:30.105+0000] {spark_submit.py:579} INFO - at java.base/jdk.internal.reflect.NativeMethodAccessorImpl.invoke0(Native Method)
[2024-10-05T05:54:30.105+0000] {spark_submit.py:579} INFO - at java.base/jdk.internal.reflect.NativeMethodAccessorImpl.invoke(NativeMethodAccessorImpl.java:62)
[2024-10-05T05:54:30.105+0000] {spark_submit.py:579} INFO - at java.base/jdk.internal.reflect.DelegatingMethodAccessorImpl.invoke(DelegatingMethodAccessorImpl.java:43)
[2024-10-05T05:54:30.106+0000] {spark_submit.py:579} INFO - at java.base/java.lang.reflect.Method.invoke(Method.java:566)
[2024-10-05T05:54:30.106+0000] {spark_submit.py:579} INFO - at py4j.reflection.MethodInvoker.invoke(MethodInvoker.java:244)
[2024-10-05T05:54:30.106+0000] {spark_submit.py:579} INFO - at py4j.reflection.ReflectionEngine.invoke(ReflectionEngine.java:374)
[2024-10-05T05:54:30.107+0000] {spark_submit.py:579} INFO - at py4j.Gateway.invoke(Gateway.java:282)
[2024-10-05T05:54:30.107+0000] {spark_submit.py:579} INFO - at py4j.commands.AbstractCommand.invokeMethod(AbstractCommand.java:132)
[2024-10-05T05:54:30.107+0000] {spark_submit.py:579} INFO - at py4j.commands.CallCommand.execute(CallCommand.java:79)
[2024-10-05T05:54:30.108+0000] {spark_submit.py:579} INFO - at py4j.ClientServerConnection.waitForCommands(ClientServerConnection.java:182)
[2024-10-05T05:54:30.108+0000] {spark_submit.py:579} INFO - at py4j.ClientServerConnection.run(ClientServerConnection.java:106)
[2024-10-05T05:54:30.109+0000] {spark_submit.py:579} INFO - at java.base/java.lang.Thread.run(Thread.java:829)
[2024-10-05T05:54:30.109+0000] {spark_submit.py:579} INFO - Caused by: java.lang.NoSuchMethodError: 'java.lang.String org.apache.spark.ErrorInfo.messageFormat()'
[2024-10-05T05:54:30.109+0000] {spark_submit.py:579} INFO - at org.apache.spark.sql.delta.DeltaThrowableHelper$.getMessage(DeltaThrowableHelper.scala:80)
[2024-10-05T05:54:30.110+0000] {spark_submit.py:579} INFO - at org.apache.spark.sql.delta.DeltaFileNotFoundException.<init>(DeltaErrors.scala:2673)
[2024-10-05T05:54:30.110+0000] {spark_submit.py:579} INFO - at org.apache.spark.sql.delta.DeltaErrorsBase.fileOrDirectoryNotFoundException(DeltaErrors.scala:488)
[2024-10-05T05:54:30.110+0000] {spark_submit.py:579} INFO - at org.apache.spark.sql.delta.DeltaErrorsBase.fileOrDirectoryNotFoundException$(DeltaErrors.scala:485)
[2024-10-05T05:54:30.111+0000] {spark_submit.py:579} INFO - at org.apache.spark.sql.delta.DeltaErrors$.fileOrDirectoryNotFoundException(DeltaErrors.scala:2489)
[2024-10-05T05:54:30.111+0000] {spark_submit.py:579} INFO - at org.apache.spark.sql.delta.storage.S3SingleDriverLogStore.listFromInternal(S3SingleDriverLogStore.scala:122)
[2024-10-05T05:54:30.111+0000] {spark_submit.py:579} INFO - at org.apache.spark.sql.delta.storage.S3SingleDriverLogStore.listFrom(S3SingleDriverLogStore.scala:141)
[2024-10-05T05:54:30.112+0000] {spark_submit.py:579} INFO - at org.apache.spark.sql.delta.SnapshotManagement.listFrom(SnapshotManagement.scala:70)
[2024-10-05T05:54:30.112+0000] {spark_submit.py:579} INFO - at org.apache.spark.sql.delta.SnapshotManagement.listFrom$(SnapshotManagement.scala:69)
[2024-10-05T05:54:30.112+0000] {spark_submit.py:579} INFO - at org.apache.spark.sql.delta.DeltaLog.listFrom(DeltaLog.scala:67)
[2024-10-05T05:54:30.112+0000] {spark_submit.py:579} INFO - at org.apache.spark.sql.delta.SnapshotManagement.listFromOrNone(SnapshotManagement.scala:87)
[2024-10-05T05:54:30.113+0000] {spark_submit.py:579} INFO - at org.apache.spark.sql.delta.SnapshotManagement.listFromOrNone$(SnapshotManagement.scala:83)
[2024-10-05T05:54:30.113+0000] {spark_submit.py:579} INFO - at org.apache.spark.sql.delta.DeltaLog.listFromOrNone(DeltaLog.scala:67)
[2024-10-05T05:54:30.113+0000] {spark_submit.py:579} INFO - at org.apache.spark.sql.delta.SnapshotManagement.$anonfun$listDeltaAndCheckpointFiles$1(SnapshotManagement.scala:107)
[2024-10-05T05:54:30.113+0000] {spark_submit.py:579} INFO - at org.apache.spark.sql.delta.metering.DeltaLogging.recordFrameProfile(DeltaLogging.scala:139)
[2024-10-05T05:54:30.114+0000] {spark_submit.py:579} INFO - at org.apache.spark.sql.delta.metering.DeltaLogging.recordFrameProfile$(DeltaLogging.scala:137)
[2024-10-05T05:54:30.114+0000] {spark_submit.py:579} INFO - at org.apache.spark.sql.delta.DeltaLog.recordFrameProfile(DeltaLog.scala:67)
[2024-10-05T05:54:30.114+0000] {spark_submit.py:579} INFO - at org.apache.spark.sql.delta.metering.DeltaLogging.$anonfun$recordDeltaOperationInternal$1(DeltaLogging.scala:132)
[2024-10-05T05:54:30.115+0000] {spark_submit.py:579} INFO - at com.databricks.spark.util.DatabricksLogging.recordOperation(DatabricksLogging.scala:128)
[2024-10-05T05:54:30.115+0000] {spark_submit.py:579} INFO - at com.databricks.spark.util.DatabricksLogging.recordOperation$(DatabricksLogging.scala:117)
[2024-10-05T05:54:30.115+0000] {spark_submit.py:579} INFO - at org.apache.spark.sql.delta.DeltaLog.recordOperation(DeltaLog.scala:67)
[2024-10-05T05:54:30.116+0000] {spark_submit.py:579} INFO - at org.apache.spark.sql.delta.metering.DeltaLogging.recordDeltaOperationInternal(DeltaLogging.scala:131)
[2024-10-05T05:54:30.116+0000] {spark_submit.py:579} INFO - at org.apache.spark.sql.delta.metering.DeltaLogging.recordDeltaOperation(DeltaLogging.scala:121)
[2024-10-05T05:54:30.116+0000] {spark_submit.py:579} INFO - at org.apache.spark.sql.delta.metering.DeltaLogging.recordDeltaOperation$(DeltaLogging.scala:109)
[2024-10-05T05:54:30.116+0000] {spark_submit.py:579} INFO - at org.apache.spark.sql.delta.DeltaLog.recordDeltaOperation(DeltaLog.scala:67)
[2024-10-05T05:54:30.117+0000] {spark_submit.py:579} INFO - at org.apache.spark.sql.delta.SnapshotManagement.listDeltaAndCheckpointFiles(SnapshotManagement.scala:107)
[2024-10-05T05:54:30.117+0000] {spark_submit.py:579} INFO - at org.apache.spark.sql.delta.SnapshotManagement.listDeltaAndCheckpointFiles$(SnapshotManagement.scala:103)
[2024-10-05T05:54:30.117+0000] {spark_submit.py:579} INFO - at org.apache.spark.sql.delta.DeltaLog.listDeltaAndCheckpointFiles(DeltaLog.scala:67)
[2024-10-05T05:54:30.117+0000] {spark_submit.py:579} INFO - at org.apache.spark.sql.delta.SnapshotManagement.getLogSegmentForVersion(SnapshotManagement.scala:139)
[2024-10-05T05:54:30.117+0000] {spark_submit.py:579} INFO - at org.apache.spark.sql.delta.SnapshotManagement.getLogSegmentForVersion$(SnapshotManagement.scala:134)
[2024-10-05T05:54:30.118+0000] {spark_submit.py:579} INFO - at org.apache.spark.sql.delta.DeltaLog.getLogSegmentForVersion(DeltaLog.scala:67)
[2024-10-05T05:54:30.118+0000] {spark_submit.py:579} INFO - at org.apache.spark.sql.delta.SnapshotManagement.getLogSegmentFrom(SnapshotManagement.scala:65)
[2024-10-05T05:54:30.118+0000] {spark_submit.py:579} INFO - at org.apache.spark.sql.delta.SnapshotManagement.getLogSegmentFrom$(SnapshotManagement.scala:63)
[2024-10-05T05:54:30.118+0000] {spark_submit.py:579} INFO - at org.apache.spark.sql.delta.DeltaLog.getLogSegmentFrom(DeltaLog.scala:67)
[2024-10-05T05:54:30.118+0000] {spark_submit.py:579} INFO - at org.apache.spark.sql.delta.SnapshotManagement.$anonfun$getSnapshotAtInit$1(SnapshotManagement.scala:262)
[2024-10-05T05:54:30.119+0000] {spark_submit.py:579} INFO - at org.apache.spark.sql.delta.metering.DeltaLogging.recordFrameProfile(DeltaLogging.scala:139)
[2024-10-05T05:54:30.119+0000] {spark_submit.py:579} INFO - at org.apache.spark.sql.delta.metering.DeltaLogging.recordFrameProfile$(DeltaLogging.scala:137)
[2024-10-05T05:54:30.119+0000] {spark_submit.py:579} INFO - at org.apache.spark.sql.delta.DeltaLog.recordFrameProfile(DeltaLog.scala:67)
[2024-10-05T05:54:30.119+0000] {spark_submit.py:579} INFO - at org.apache.spark.sql.delta.SnapshotManagement.getSnapshotAtInit(SnapshotManagement.scala:258)
[2024-10-05T05:54:30.120+0000] {spark_submit.py:579} INFO - at org.apache.spark.sql.delta.SnapshotManagement.getSnapshotAtInit$(SnapshotManagement.scala:257)
[2024-10-05T05:54:30.120+0000] {spark_submit.py:579} INFO - at org.apache.spark.sql.delta.DeltaLog.getSnapshotAtInit(DeltaLog.scala:67)
[2024-10-05T05:54:30.120+0000] {spark_submit.py:579} INFO - at org.apache.spark.sql.delta.SnapshotManagement.$init$(SnapshotManagement.scala:55)
[2024-10-05T05:54:30.120+0000] {spark_submit.py:579} INFO - at org.apache.spark.sql.delta.DeltaLog.<init>(DeltaLog.scala:72)
[2024-10-05T05:54:30.120+0000] {spark_submit.py:579} INFO - at org.apache.spark.sql.delta.DeltaLog$.$anonfun$apply$4(DeltaLog.scala:737)
[2024-10-05T05:54:30.121+0000] {spark_submit.py:579} INFO - at org.apache.spark.sql.catalyst.plans.logical.AnalysisHelper$.allowInvokingTransformsInAnalyzer(AnalysisHelper.scala:323)
[2024-10-05T05:54:30.121+0000] {spark_submit.py:579} INFO - at org.apache.spark.sql.delta.DeltaLog$.$anonfun$apply$3(DeltaLog.scala:733)
[2024-10-05T05:54:30.121+0000] {spark_submit.py:579} INFO - at org.apache.spark.sql.delta.metering.DeltaLogging.recordFrameProfile(DeltaLogging.scala:139)
[2024-10-05T05:54:30.121+0000] {spark_submit.py:579} INFO - at org.apache.spark.sql.delta.metering.DeltaLogging.recordFrameProfile$(DeltaLogging.scala:137)
[2024-10-05T05:54:30.122+0000] {spark_submit.py:579} INFO - at org.apache.spark.sql.delta.DeltaLog$.recordFrameProfile(DeltaLog.scala:550)
[2024-10-05T05:54:30.122+0000] {spark_submit.py:579} INFO - at org.apache.spark.sql.delta.metering.DeltaLogging.$anonfun$recordDeltaOperationInternal$1(DeltaLogging.scala:132)
[2024-10-05T05:54:30.122+0000] {spark_submit.py:579} INFO - at com.databricks.spark.util.DatabricksLogging.recordOperation(DatabricksLogging.scala:128)
[2024-10-05T05:54:30.124+0000] {spark_submit.py:579} INFO - at com.databricks.spark.util.DatabricksLogging.recordOperation$(DatabricksLogging.scala:117)
[2024-10-05T05:54:30.124+0000] {spark_submit.py:579} INFO - at org.apache.spark.sql.delta.DeltaLog$.recordOperation(DeltaLog.scala:550)
[2024-10-05T05:54:30.125+0000] {spark_submit.py:579} INFO - at org.apache.spark.sql.delta.metering.DeltaLogging.recordDeltaOperationInternal(DeltaLogging.scala:131)
[2024-10-05T05:54:30.125+0000] {spark_submit.py:579} INFO - at org.apache.spark.sql.delta.metering.DeltaLogging.recordDeltaOperation(DeltaLogging.scala:121)
[2024-10-05T05:54:30.125+0000] {spark_submit.py:579} INFO - at org.apache.spark.sql.delta.metering.DeltaLogging.recordDeltaOperation$(DeltaLogging.scala:109)
[2024-10-05T05:54:30.126+0000] {spark_submit.py:579} INFO - at org.apache.spark.sql.delta.DeltaLog$.recordDeltaOperation(DeltaLog.scala:550)
[2024-10-05T05:54:30.126+0000] {spark_submit.py:579} INFO - at org.apache.spark.sql.delta.DeltaLog$.createDeltaLog$1(DeltaLog.scala:732)
[2024-10-05T05:54:30.126+0000] {spark_submit.py:579} INFO - at org.apache.spark.sql.delta.DeltaLog$.$anonfun$apply$5(DeltaLog.scala:748)
[2024-10-05T05:54:30.126+0000] {spark_submit.py:579} INFO - at com.google.common.cache.LocalCache$LocalManualCache$1.load(LocalCache.java:4792)
[2024-10-05T05:54:30.127+0000] {spark_submit.py:579} INFO - at com.google.common.cache.LocalCache$LoadingValueReference.loadFuture(LocalCache.java:3599)
[2024-10-05T05:54:30.127+0000] {spark_submit.py:579} INFO - at com.google.common.cache.LocalCache$Segment.loadSync(LocalCache.java:2379)
[2024-10-05T05:54:30.128+0000] {spark_submit.py:579} INFO - at com.google.common.cache.LocalCache$Segment.lockedGetOrLoad(LocalCache.java:2342)
[2024-10-05T05:54:30.128+0000] {spark_submit.py:579} INFO - at com.google.common.cache.LocalCache$Segment.get(LocalCache.java:2257)
[2024-10-05T05:54:30.129+0000] {spark_submit.py:579} INFO - ... 47 more
[2024-10-05T05:54:30.129+0000] {spark_submit.py:579} INFO - 
[2024-10-05T05:54:30.130+0000] {spark_submit.py:579} INFO - 24/10/05 05:54:30 INFO SparkContext: SparkContext is stopping with exitCode 0.
[2024-10-05T05:54:30.131+0000] {spark_submit.py:579} INFO - 24/10/05 05:54:30 INFO SparkUI: Stopped Spark web UI at http://23041969bcc7:4040
[2024-10-05T05:54:30.131+0000] {spark_submit.py:579} INFO - 24/10/05 05:54:30 INFO StandaloneSchedulerBackend: Shutting down all executors
[2024-10-05T05:54:30.131+0000] {spark_submit.py:579} INFO - 24/10/05 05:54:30 INFO StandaloneSchedulerBackend$StandaloneDriverEndpoint: Asking each executor to shut down
[2024-10-05T05:54:30.144+0000] {spark_submit.py:579} INFO - 24/10/05 05:54:30 INFO MapOutputTrackerMasterEndpoint: MapOutputTrackerMasterEndpoint stopped!
[2024-10-05T05:54:30.159+0000] {spark_submit.py:579} INFO - 24/10/05 05:54:30 INFO MemoryStore: MemoryStore cleared
[2024-10-05T05:54:30.160+0000] {spark_submit.py:579} INFO - 24/10/05 05:54:30 INFO BlockManager: BlockManager stopped
[2024-10-05T05:54:30.166+0000] {spark_submit.py:579} INFO - 24/10/05 05:54:30 INFO BlockManagerMaster: BlockManagerMaster stopped
[2024-10-05T05:54:30.168+0000] {spark_submit.py:579} INFO - 24/10/05 05:54:30 INFO OutputCommitCoordinator$OutputCommitCoordinatorEndpoint: OutputCommitCoordinator stopped!
[2024-10-05T05:54:30.203+0000] {spark_submit.py:579} INFO - 24/10/05 05:54:30 INFO SparkContext: Successfully stopped SparkContext
[2024-10-05T05:54:30.489+0000] {spark_submit.py:579} INFO - 24/10/05 05:54:30 INFO ShutdownHookManager: Shutdown hook called
[2024-10-05T05:54:30.491+0000] {spark_submit.py:579} INFO - 24/10/05 05:54:30 INFO ShutdownHookManager: Deleting directory /tmp/spark-67a7222d-8882-450e-9950-6daba18238c6/pyspark-511d3650-921d-4319-8740-01873fba0c9e
[2024-10-05T05:54:30.494+0000] {spark_submit.py:579} INFO - 24/10/05 05:54:30 INFO ShutdownHookManager: Deleting directory /tmp/spark-67a7222d-8882-450e-9950-6daba18238c6
[2024-10-05T05:54:30.499+0000] {spark_submit.py:579} INFO - 24/10/05 05:54:30 INFO ShutdownHookManager: Deleting directory /tmp/spark-2a2b03f9-ae6c-4446-b815-0ce2d57611ce
[2024-10-05T05:54:30.506+0000] {spark_submit.py:579} INFO - 24/10/05 05:54:30 INFO MetricsSystemImpl: Stopping s3a-file-system metrics system...
[2024-10-05T05:54:30.507+0000] {spark_submit.py:579} INFO - 24/10/05 05:54:30 INFO MetricsSystemImpl: s3a-file-system metrics system stopped.
[2024-10-05T05:54:30.507+0000] {spark_submit.py:579} INFO - 24/10/05 05:54:30 INFO MetricsSystemImpl: s3a-file-system metrics system shutdown complete.
[2024-10-05T05:54:30.557+0000] {taskinstance.py:1935} ERROR - Task failed with exception
Traceback (most recent call last):
  File "/home/airflow/.local/lib/python3.11/site-packages/airflow/providers/apache/spark/operators/spark_submit.py", line 174, in execute
    self._hook.submit(self.application)
  File "/home/airflow/.local/lib/python3.11/site-packages/airflow/providers/apache/spark/hooks/spark_submit.py", line 505, in submit
    raise AirflowException(
airflow.exceptions.AirflowException: Cannot execute: spark-submit --master spark://spark-master:7077 --conf spark.sql.extensions=io.delta.sql.DeltaSparkSessionExtension --conf spark.sql.catalog.spark_catalog=org.apache.spark.sql.delta.catalog.DeltaCatalog --conf spark.delta.logStore.class=org.apache.spark.sql.delta.storage.S3SingleDriverLogStore --jars /opt/***/jars/hadoop-aws-3.3.4.jar,/opt/***/jars/s3-2.18.41.jar,/opt/***/jars/aws-java-sdk-1.12.367.jar,/opt/***/jars/delta-core_2.12-2.2.0.jar,/opt/***/jars/delta-storage-2.2.0.jar --packages org.apache.hadoop:hadoop-aws:3.3.4,io.delta:delta-core_2.12:2.2.0 --num-executors 2 --total-executor-cores 2 --executor-cores 2 --executor-memory 2g --driver-memory 1g --name arrow-spark --deploy-mode client /opt/***/jobs/python/test_Key.py s3a://lakehouse/bronze/keywords.parquet s3a://lakehouse/silver. Error code is: 1.
[2024-10-05T05:54:30.561+0000] {taskinstance.py:1398} INFO - Marking task as FAILED. dag_id=spark_processing_dag, task_id=silver_cleaned_keywords, execution_date=20241005T054856, start_date=20241005T055418, end_date=20241005T055430
[2024-10-05T05:54:30.562+0000] {sliver_layer.py:15} ERROR - Task spark_processing_dag__silver_cleaned_keywords__20241005 failed.
[2024-10-05T05:54:30.572+0000] {standard_task_runner.py:104} ERROR - Failed to execute job 133 for task silver_cleaned_keywords (Cannot execute: spark-submit --master spark://spark-master:7077 --conf spark.sql.extensions=io.delta.sql.DeltaSparkSessionExtension --conf spark.sql.catalog.spark_catalog=org.apache.spark.sql.delta.catalog.DeltaCatalog --conf spark.delta.logStore.class=org.apache.spark.sql.delta.storage.S3SingleDriverLogStore --jars /opt/***/jars/hadoop-aws-3.3.4.jar,/opt/***/jars/s3-2.18.41.jar,/opt/***/jars/aws-java-sdk-1.12.367.jar,/opt/***/jars/delta-core_2.12-2.2.0.jar,/opt/***/jars/delta-storage-2.2.0.jar --packages org.apache.hadoop:hadoop-aws:3.3.4,io.delta:delta-core_2.12:2.2.0 --num-executors 2 --total-executor-cores 2 --executor-cores 2 --executor-memory 2g --driver-memory 1g --name arrow-spark --deploy-mode client /opt/***/jobs/python/test_Key.py s3a://lakehouse/bronze/keywords.parquet s3a://lakehouse/silver. Error code is: 1.; 5349)
[2024-10-05T05:54:30.581+0000] {local_task_job_runner.py:228} INFO - Task exited with return code 1
[2024-10-05T05:54:30.596+0000] {taskinstance.py:2776} INFO - 0 downstream tasks scheduled from follow-on schedule check
