[2024-10-05T05:48:57.705+0000] {taskinstance.py:1157} INFO - Dependencies all met for dep_context=non-requeueable deps ti=<TaskInstance: spark_processing_dag.silver_cleaned_keywords manual__2024-10-05T05:48:56.714175+00:00 [queued]>
[2024-10-05T05:48:57.713+0000] {taskinstance.py:1157} INFO - Dependencies all met for dep_context=requeueable deps ti=<TaskInstance: spark_processing_dag.silver_cleaned_keywords manual__2024-10-05T05:48:56.714175+00:00 [queued]>
[2024-10-05T05:48:57.714+0000] {taskinstance.py:1359} INFO - Starting attempt 1 of 2
[2024-10-05T05:48:57.726+0000] {taskinstance.py:1380} INFO - Executing <Task(SparkSubmitOperator): silver_cleaned_keywords> on 2024-10-05 05:48:56.714175+00:00
[2024-10-05T05:48:57.731+0000] {standard_task_runner.py:57} INFO - Started process 4994 to run task
[2024-10-05T05:48:57.733+0000] {standard_task_runner.py:84} INFO - Running: ['***', 'tasks', 'run', 'spark_processing_dag', 'silver_cleaned_keywords', 'manual__2024-10-05T05:48:56.714175+00:00', '--job-id', '132', '--raw', '--subdir', 'DAGS_FOLDER/sliver_layer.py', '--cfg-path', '/tmp/tmpjym9gtv6']
[2024-10-05T05:48:57.736+0000] {standard_task_runner.py:85} INFO - Job 132: Subtask silver_cleaned_keywords
[2024-10-05T05:48:57.777+0000] {task_command.py:415} INFO - Running <TaskInstance: spark_processing_dag.silver_cleaned_keywords manual__2024-10-05T05:48:56.714175+00:00 [running]> on host 23041969bcc7
[2024-10-05T05:48:57.838+0000] {taskinstance.py:1660} INFO - Exporting env vars: AIRFLOW_CTX_DAG_OWNER='***' AIRFLOW_CTX_DAG_ID='spark_processing_dag' AIRFLOW_CTX_TASK_ID='silver_cleaned_keywords' AIRFLOW_CTX_EXECUTION_DATE='2024-10-05T05:48:56.714175+00:00' AIRFLOW_CTX_TRY_NUMBER='1' AIRFLOW_CTX_DAG_RUN_ID='manual__2024-10-05T05:48:56.714175+00:00'
[2024-10-05T05:48:57.846+0000] {base.py:73} INFO - Using connection ID 'spark-conn' for task execution.
[2024-10-05T05:48:57.849+0000] {spark_submit.py:403} INFO - Spark-Submit cmd: spark-submit --master spark://spark-master:7077 --conf spark.sql.extensions=io.delta.sql.DeltaSparkSessionExtension --conf spark.sql.catalog.spark_catalog=org.apache.spark.sql.delta.catalog.DeltaCatalog --conf spark.delta.logStore.class=org.apache.spark.sql.delta.storage.S3SingleDriverLogStore --jars /opt/***/jars/hadoop-aws-3.3.4.jar,/opt/***/jars/s3-2.18.41.jar,/opt/***/jars/aws-java-sdk-1.12.367.jar,/opt/***/jars/delta-core_2.12-2.2.0.jar,/opt/***/jars/delta-storage-2.2.0.jar --packages org.apache.hadoop:hadoop-aws:3.3.4,io.delta:delta-core_2.12:2.2.0 --num-executors 2 --total-executor-cores 2 --executor-cores 2 --executor-memory 2g --driver-memory 1g --name arrow-spark --deploy-mode client /opt/***/jobs/python/test_Key.py s3a://lakehouse/bronze/keywords.parquet s3a://lakehouse/silver
[2024-10-05T05:48:57.921+0000] {spark_submit.py:579} INFO - /home/***/.local/lib/python3.11/site-packages/pyspark/bin/load-spark-env.sh: line 68: ps: command not found
[2024-10-05T05:48:59.715+0000] {spark_submit.py:579} INFO - :: loading settings :: url = jar:file:/home/***/.local/lib/python3.11/site-packages/pyspark/jars/ivy-2.5.1.jar!/org/apache/ivy/core/settings/ivysettings.xml
[2024-10-05T05:48:59.813+0000] {spark_submit.py:579} INFO - Ivy Default Cache set to: /home/***/.ivy2/cache
[2024-10-05T05:48:59.813+0000] {spark_submit.py:579} INFO - The jars for the packages stored in: /home/***/.ivy2/jars
[2024-10-05T05:48:59.820+0000] {spark_submit.py:579} INFO - org.apache.hadoop#hadoop-aws added as a dependency
[2024-10-05T05:48:59.821+0000] {spark_submit.py:579} INFO - io.delta#delta-core_2.12 added as a dependency
[2024-10-05T05:48:59.821+0000] {spark_submit.py:579} INFO - :: resolving dependencies :: org.apache.spark#spark-submit-parent-3f4e1b67-c51c-471c-9272-1f6207c9a3c3;1.0
[2024-10-05T05:48:59.822+0000] {spark_submit.py:579} INFO - confs: [default]
[2024-10-05T05:48:59.971+0000] {spark_submit.py:579} INFO - found org.apache.hadoop#hadoop-aws;3.3.4 in spark-list
[2024-10-05T05:48:59.995+0000] {spark_submit.py:579} INFO - found com.amazonaws#aws-java-sdk-bundle;1.12.262 in central
[2024-10-05T05:49:00.017+0000] {spark_submit.py:579} INFO - found org.wildfly.openssl#wildfly-openssl;1.0.7.Final in central
[2024-10-05T05:49:01.450+0000] {spark_submit.py:579} INFO - found io.delta#delta-core_2.12;2.2.0 in central
[2024-10-05T05:49:01.858+0000] {spark_submit.py:579} INFO - found io.delta#delta-storage;2.2.0 in central
[2024-10-05T05:49:03.863+0000] {spark_submit.py:579} INFO - found org.antlr#antlr4-runtime;4.8 in central
[2024-10-05T05:49:04.065+0000] {spark_submit.py:579} INFO - downloading https://repo1.maven.org/maven2/io/delta/delta-core_2.12/2.2.0/delta-core_2.12-2.2.0.jar ...
[2024-10-05T05:49:05.647+0000] {spark_submit.py:579} INFO - [SUCCESSFUL ] io.delta#delta-core_2.12;2.2.0!delta-core_2.12.jar (1774ms)
[2024-10-05T05:49:05.840+0000] {spark_submit.py:579} INFO - downloading https://repo1.maven.org/maven2/io/delta/delta-storage/2.2.0/delta-storage-2.2.0.jar ...
[2024-10-05T05:49:06.044+0000] {spark_submit.py:579} INFO - [SUCCESSFUL ] io.delta#delta-storage;2.2.0!delta-storage.jar (393ms)
[2024-10-05T05:49:06.235+0000] {spark_submit.py:579} INFO - downloading https://repo1.maven.org/maven2/org/antlr/antlr4-runtime/4.8/antlr4-runtime-4.8.jar ...
[2024-10-05T05:49:06.453+0000] {spark_submit.py:579} INFO - [SUCCESSFUL ] org.antlr#antlr4-runtime;4.8!antlr4-runtime.jar (408ms)
[2024-10-05T05:49:06.454+0000] {spark_submit.py:579} INFO - :: resolution report :: resolve 4050ms :: artifacts dl 2582ms
[2024-10-05T05:49:06.454+0000] {spark_submit.py:579} INFO - :: modules in use:
[2024-10-05T05:49:06.455+0000] {spark_submit.py:579} INFO - com.amazonaws#aws-java-sdk-bundle;1.12.262 from central in [default]
[2024-10-05T05:49:06.455+0000] {spark_submit.py:579} INFO - io.delta#delta-core_2.12;2.2.0 from central in [default]
[2024-10-05T05:49:06.455+0000] {spark_submit.py:579} INFO - io.delta#delta-storage;2.2.0 from central in [default]
[2024-10-05T05:49:06.456+0000] {spark_submit.py:579} INFO - org.antlr#antlr4-runtime;4.8 from central in [default]
[2024-10-05T05:49:06.456+0000] {spark_submit.py:579} INFO - org.apache.hadoop#hadoop-aws;3.3.4 from spark-list in [default]
[2024-10-05T05:49:06.456+0000] {spark_submit.py:579} INFO - org.wildfly.openssl#wildfly-openssl;1.0.7.Final from central in [default]
[2024-10-05T05:49:06.457+0000] {spark_submit.py:579} INFO - ---------------------------------------------------------------------
[2024-10-05T05:49:06.457+0000] {spark_submit.py:579} INFO - |                  |            modules            ||   artifacts   |
[2024-10-05T05:49:06.458+0000] {spark_submit.py:579} INFO - |       conf       | number| search|dwnlded|evicted|| number|dwnlded|
[2024-10-05T05:49:06.458+0000] {spark_submit.py:579} INFO - ---------------------------------------------------------------------
[2024-10-05T05:49:06.458+0000] {spark_submit.py:579} INFO - |      default     |   6   |   3   |   3   |   0   ||   6   |   3   |
[2024-10-05T05:49:06.459+0000] {spark_submit.py:579} INFO - ---------------------------------------------------------------------
[2024-10-05T05:49:06.459+0000] {spark_submit.py:579} INFO - :: retrieving :: org.apache.spark#spark-submit-parent-3f4e1b67-c51c-471c-9272-1f6207c9a3c3
[2024-10-05T05:49:06.459+0000] {spark_submit.py:579} INFO - confs: [default]
[2024-10-05T05:49:06.467+0000] {spark_submit.py:579} INFO - 3 artifacts copied, 3 already retrieved (3728kB/8ms)
[2024-10-05T05:49:06.644+0000] {spark_submit.py:579} INFO - 24/10/05 05:49:06 WARN NativeCodeLoader: Unable to load native-hadoop library for your platform... using builtin-java classes where applicable
[2024-10-05T05:49:07.958+0000] {spark_submit.py:579} INFO - 24/10/05 05:49:07 INFO SparkContext: Running Spark version 3.5.1
[2024-10-05T05:49:07.959+0000] {spark_submit.py:579} INFO - 24/10/05 05:49:07 INFO SparkContext: OS info Linux, 5.15.153.1-microsoft-standard-WSL2, amd64
[2024-10-05T05:49:07.960+0000] {spark_submit.py:579} INFO - 24/10/05 05:49:07 INFO SparkContext: Java version 11.0.24
[2024-10-05T05:49:07.988+0000] {spark_submit.py:579} INFO - 24/10/05 05:49:07 INFO ResourceUtils: ==============================================================
[2024-10-05T05:49:07.988+0000] {spark_submit.py:579} INFO - 24/10/05 05:49:07 INFO ResourceUtils: No custom resources configured for spark.driver.
[2024-10-05T05:49:07.989+0000] {spark_submit.py:579} INFO - 24/10/05 05:49:07 INFO ResourceUtils: ==============================================================
[2024-10-05T05:49:07.989+0000] {spark_submit.py:579} INFO - 24/10/05 05:49:07 INFO SparkContext: Submitted application: CleanKeywords
[2024-10-05T05:49:08.018+0000] {spark_submit.py:579} INFO - 24/10/05 05:49:08 INFO ResourceProfile: Default ResourceProfile created, executor resources: Map(cores -> name: cores, amount: 2, script: , vendor: , memory -> name: memory, amount: 2048, script: , vendor: , offHeap -> name: offHeap, amount: 0, script: , vendor: ), task resources: Map(cpus -> name: cpus, amount: 1.0)
[2024-10-05T05:49:08.038+0000] {spark_submit.py:579} INFO - 24/10/05 05:49:08 INFO ResourceProfile: Limiting resource is cpus at 2 tasks per executor
[2024-10-05T05:49:08.041+0000] {spark_submit.py:579} INFO - 24/10/05 05:49:08 INFO ResourceProfileManager: Added ResourceProfile id: 0
[2024-10-05T05:49:08.129+0000] {spark_submit.py:579} INFO - 24/10/05 05:49:08 INFO SecurityManager: Changing view acls to: ***
[2024-10-05T05:49:08.130+0000] {spark_submit.py:579} INFO - 24/10/05 05:49:08 INFO SecurityManager: Changing modify acls to: ***
[2024-10-05T05:49:08.131+0000] {spark_submit.py:579} INFO - 24/10/05 05:49:08 INFO SecurityManager: Changing view acls groups to:
[2024-10-05T05:49:08.131+0000] {spark_submit.py:579} INFO - 24/10/05 05:49:08 INFO SecurityManager: Changing modify acls groups to:
[2024-10-05T05:49:08.132+0000] {spark_submit.py:579} INFO - 24/10/05 05:49:08 INFO SecurityManager: SecurityManager: authentication disabled; ui acls disabled; users with view permissions: ***; groups with view permissions: EMPTY; users with modify permissions: ***; groups with modify permissions: EMPTY
[2024-10-05T05:49:08.423+0000] {spark_submit.py:579} INFO - 24/10/05 05:49:08 INFO Utils: Successfully started service 'sparkDriver' on port 40851.
[2024-10-05T05:49:08.450+0000] {spark_submit.py:579} INFO - 24/10/05 05:49:08 INFO SparkEnv: Registering MapOutputTracker
[2024-10-05T05:49:08.481+0000] {spark_submit.py:579} INFO - 24/10/05 05:49:08 INFO SparkEnv: Registering BlockManagerMaster
[2024-10-05T05:49:08.498+0000] {spark_submit.py:579} INFO - 24/10/05 05:49:08 INFO BlockManagerMasterEndpoint: Using org.apache.spark.storage.DefaultTopologyMapper for getting topology information
[2024-10-05T05:49:08.499+0000] {spark_submit.py:579} INFO - 24/10/05 05:49:08 INFO BlockManagerMasterEndpoint: BlockManagerMasterEndpoint up
[2024-10-05T05:49:08.503+0000] {spark_submit.py:579} INFO - 24/10/05 05:49:08 INFO SparkEnv: Registering BlockManagerMasterHeartbeat
[2024-10-05T05:49:08.525+0000] {spark_submit.py:579} INFO - 24/10/05 05:49:08 INFO DiskBlockManager: Created local directory at /tmp/blockmgr-1354fcb0-6450-460d-89ad-640934a05ffe
[2024-10-05T05:49:08.542+0000] {spark_submit.py:579} INFO - 24/10/05 05:49:08 INFO MemoryStore: MemoryStore started with capacity 434.4 MiB
[2024-10-05T05:49:08.562+0000] {spark_submit.py:579} INFO - 24/10/05 05:49:08 INFO SparkEnv: Registering OutputCommitCoordinator
[2024-10-05T05:49:08.685+0000] {spark_submit.py:579} INFO - 24/10/05 05:49:08 INFO JettyUtils: Start Jetty 0.0.0.0:4040 for SparkUI
[2024-10-05T05:49:08.741+0000] {spark_submit.py:579} INFO - 24/10/05 05:49:08 INFO Utils: Successfully started service 'SparkUI' on port 4040.
[2024-10-05T05:49:08.783+0000] {spark_submit.py:579} INFO - 24/10/05 05:49:08 INFO SparkContext: Added JAR file:///opt/***/jars/hadoop-aws-3.3.4.jar at spark://23041969bcc7:40851/jars/hadoop-aws-3.3.4.jar with timestamp 1728107347946
[2024-10-05T05:49:08.784+0000] {spark_submit.py:579} INFO - 24/10/05 05:49:08 INFO SparkContext: Added JAR file:///opt/***/jars/s3-2.18.41.jar at spark://23041969bcc7:40851/jars/s3-2.18.41.jar with timestamp 1728107347946
[2024-10-05T05:49:08.785+0000] {spark_submit.py:579} INFO - 24/10/05 05:49:08 INFO SparkContext: Added JAR file:///opt/***/jars/aws-java-sdk-1.12.367.jar at spark://23041969bcc7:40851/jars/aws-java-sdk-1.12.367.jar with timestamp 1728107347946
[2024-10-05T05:49:08.786+0000] {spark_submit.py:579} INFO - 24/10/05 05:49:08 INFO SparkContext: Added JAR file:///opt/***/jars/delta-core_2.12-2.2.0.jar at spark://23041969bcc7:40851/jars/delta-core_2.12-2.2.0.jar with timestamp 1728107347946
[2024-10-05T05:49:08.787+0000] {spark_submit.py:579} INFO - 24/10/05 05:49:08 INFO SparkContext: Added JAR file:///opt/***/jars/delta-storage-2.2.0.jar at spark://23041969bcc7:40851/jars/delta-storage-2.2.0.jar with timestamp 1728107347946
[2024-10-05T05:49:08.788+0000] {spark_submit.py:579} INFO - 24/10/05 05:49:08 INFO SparkContext: Added JAR file:///home/***/.ivy2/jars/org.apache.hadoop_hadoop-aws-3.3.4.jar at spark://23041969bcc7:40851/jars/org.apache.hadoop_hadoop-aws-3.3.4.jar with timestamp 1728107347946
[2024-10-05T05:49:08.788+0000] {spark_submit.py:579} INFO - 24/10/05 05:49:08 INFO SparkContext: Added JAR file:///home/***/.ivy2/jars/io.delta_delta-core_2.12-2.2.0.jar at spark://23041969bcc7:40851/jars/io.delta_delta-core_2.12-2.2.0.jar with timestamp 1728107347946
[2024-10-05T05:49:08.788+0000] {spark_submit.py:579} INFO - 24/10/05 05:49:08 INFO SparkContext: Added JAR file:///home/***/.ivy2/jars/com.amazonaws_aws-java-sdk-bundle-1.12.262.jar at spark://23041969bcc7:40851/jars/com.amazonaws_aws-java-sdk-bundle-1.12.262.jar with timestamp 1728107347946
[2024-10-05T05:49:08.789+0000] {spark_submit.py:579} INFO - 24/10/05 05:49:08 INFO SparkContext: Added JAR file:///home/***/.ivy2/jars/org.wildfly.openssl_wildfly-openssl-1.0.7.Final.jar at spark://23041969bcc7:40851/jars/org.wildfly.openssl_wildfly-openssl-1.0.7.Final.jar with timestamp 1728107347946
[2024-10-05T05:49:08.789+0000] {spark_submit.py:579} INFO - 24/10/05 05:49:08 INFO SparkContext: Added JAR file:///home/***/.ivy2/jars/io.delta_delta-storage-2.2.0.jar at spark://23041969bcc7:40851/jars/io.delta_delta-storage-2.2.0.jar with timestamp 1728107347946
[2024-10-05T05:49:08.790+0000] {spark_submit.py:579} INFO - 24/10/05 05:49:08 INFO SparkContext: Added JAR file:///home/***/.ivy2/jars/org.antlr_antlr4-runtime-4.8.jar at spark://23041969bcc7:40851/jars/org.antlr_antlr4-runtime-4.8.jar with timestamp 1728107347946
[2024-10-05T05:49:08.792+0000] {spark_submit.py:579} INFO - 24/10/05 05:49:08 INFO SparkContext: Added file file:///home/***/.ivy2/jars/org.apache.hadoop_hadoop-aws-3.3.4.jar at spark://23041969bcc7:40851/files/org.apache.hadoop_hadoop-aws-3.3.4.jar with timestamp 1728107347946
[2024-10-05T05:49:08.794+0000] {spark_submit.py:579} INFO - 24/10/05 05:49:08 INFO Utils: Copying /home/***/.ivy2/jars/org.apache.hadoop_hadoop-aws-3.3.4.jar to /tmp/spark-6ede6965-53ed-41e0-93e7-babffa6a6808/userFiles-f22409ca-c6cb-4ed3-ad13-6fa70a5edf17/org.apache.hadoop_hadoop-aws-3.3.4.jar
[2024-10-05T05:49:08.805+0000] {spark_submit.py:579} INFO - 24/10/05 05:49:08 INFO SparkContext: Added file file:///home/***/.ivy2/jars/io.delta_delta-core_2.12-2.2.0.jar at spark://23041969bcc7:40851/files/io.delta_delta-core_2.12-2.2.0.jar with timestamp 1728107347946
[2024-10-05T05:49:08.806+0000] {spark_submit.py:579} INFO - 24/10/05 05:49:08 INFO Utils: Copying /home/***/.ivy2/jars/io.delta_delta-core_2.12-2.2.0.jar to /tmp/spark-6ede6965-53ed-41e0-93e7-babffa6a6808/userFiles-f22409ca-c6cb-4ed3-ad13-6fa70a5edf17/io.delta_delta-core_2.12-2.2.0.jar
[2024-10-05T05:49:08.813+0000] {spark_submit.py:579} INFO - 24/10/05 05:49:08 INFO SparkContext: Added file file:///home/***/.ivy2/jars/com.amazonaws_aws-java-sdk-bundle-1.12.262.jar at spark://23041969bcc7:40851/files/com.amazonaws_aws-java-sdk-bundle-1.12.262.jar with timestamp 1728107347946
[2024-10-05T05:49:08.814+0000] {spark_submit.py:579} INFO - 24/10/05 05:49:08 INFO Utils: Copying /home/***/.ivy2/jars/com.amazonaws_aws-java-sdk-bundle-1.12.262.jar to /tmp/spark-6ede6965-53ed-41e0-93e7-babffa6a6808/userFiles-f22409ca-c6cb-4ed3-ad13-6fa70a5edf17/com.amazonaws_aws-java-sdk-bundle-1.12.262.jar
[2024-10-05T05:49:09.054+0000] {spark_submit.py:579} INFO - 24/10/05 05:49:09 INFO SparkContext: Added file file:///home/***/.ivy2/jars/org.wildfly.openssl_wildfly-openssl-1.0.7.Final.jar at spark://23041969bcc7:40851/files/org.wildfly.openssl_wildfly-openssl-1.0.7.Final.jar with timestamp 1728107347946
[2024-10-05T05:49:09.055+0000] {spark_submit.py:579} INFO - 24/10/05 05:49:09 INFO Utils: Copying /home/***/.ivy2/jars/org.wildfly.openssl_wildfly-openssl-1.0.7.Final.jar to /tmp/spark-6ede6965-53ed-41e0-93e7-babffa6a6808/userFiles-f22409ca-c6cb-4ed3-ad13-6fa70a5edf17/org.wildfly.openssl_wildfly-openssl-1.0.7.Final.jar
[2024-10-05T05:49:09.060+0000] {spark_submit.py:579} INFO - 24/10/05 05:49:09 INFO SparkContext: Added file file:///home/***/.ivy2/jars/io.delta_delta-storage-2.2.0.jar at spark://23041969bcc7:40851/files/io.delta_delta-storage-2.2.0.jar with timestamp 1728107347946
[2024-10-05T05:49:09.061+0000] {spark_submit.py:579} INFO - 24/10/05 05:49:09 INFO Utils: Copying /home/***/.ivy2/jars/io.delta_delta-storage-2.2.0.jar to /tmp/spark-6ede6965-53ed-41e0-93e7-babffa6a6808/userFiles-f22409ca-c6cb-4ed3-ad13-6fa70a5edf17/io.delta_delta-storage-2.2.0.jar
[2024-10-05T05:49:09.066+0000] {spark_submit.py:579} INFO - 24/10/05 05:49:09 INFO SparkContext: Added file file:///home/***/.ivy2/jars/org.antlr_antlr4-runtime-4.8.jar at spark://23041969bcc7:40851/files/org.antlr_antlr4-runtime-4.8.jar with timestamp 1728107347946
[2024-10-05T05:49:09.067+0000] {spark_submit.py:579} INFO - 24/10/05 05:49:09 INFO Utils: Copying /home/***/.ivy2/jars/org.antlr_antlr4-runtime-4.8.jar to /tmp/spark-6ede6965-53ed-41e0-93e7-babffa6a6808/userFiles-f22409ca-c6cb-4ed3-ad13-6fa70a5edf17/org.antlr_antlr4-runtime-4.8.jar
[2024-10-05T05:49:09.156+0000] {spark_submit.py:579} INFO - 24/10/05 05:49:09 INFO StandaloneAppClient$ClientEndpoint: Connecting to master spark://spark-master:7077...
[2024-10-05T05:49:09.203+0000] {spark_submit.py:579} INFO - 24/10/05 05:49:09 INFO TransportClientFactory: Successfully created connection to spark-master/172.20.0.7:7077 after 30 ms (0 ms spent in bootstraps)
[2024-10-05T05:49:09.284+0000] {spark_submit.py:579} INFO - 24/10/05 05:49:09 INFO StandaloneSchedulerBackend: Connected to Spark cluster with app ID app-20241005054909-0009
[2024-10-05T05:49:09.287+0000] {spark_submit.py:579} INFO - 24/10/05 05:49:09 INFO StandaloneAppClient$ClientEndpoint: Executor added: app-20241005054909-0009/0 on worker-20241005041402-172.20.0.4-33897 (172.20.0.4:33897) with 2 core(s)
[2024-10-05T05:49:09.290+0000] {spark_submit.py:579} INFO - 24/10/05 05:49:09 INFO StandaloneSchedulerBackend: Granted executor ID app-20241005054909-0009/0 on hostPort 172.20.0.4:33897 with 2 core(s), 2.0 GiB RAM
[2024-10-05T05:49:09.297+0000] {spark_submit.py:579} INFO - 24/10/05 05:49:09 INFO Utils: Successfully started service 'org.apache.spark.network.netty.NettyBlockTransferService' on port 37849.
[2024-10-05T05:49:09.298+0000] {spark_submit.py:579} INFO - 24/10/05 05:49:09 INFO NettyBlockTransferService: Server created on 23041969bcc7:37849
[2024-10-05T05:49:09.299+0000] {spark_submit.py:579} INFO - 24/10/05 05:49:09 INFO BlockManager: Using org.apache.spark.storage.RandomBlockReplicationPolicy for block replication policy
[2024-10-05T05:49:09.311+0000] {spark_submit.py:579} INFO - 24/10/05 05:49:09 INFO BlockManagerMaster: Registering BlockManager BlockManagerId(driver, 23041969bcc7, 37849, None)
[2024-10-05T05:49:09.315+0000] {spark_submit.py:579} INFO - 24/10/05 05:49:09 INFO BlockManagerMasterEndpoint: Registering block manager 23041969bcc7:37849 with 434.4 MiB RAM, BlockManagerId(driver, 23041969bcc7, 37849, None)
[2024-10-05T05:49:09.320+0000] {spark_submit.py:579} INFO - 24/10/05 05:49:09 INFO BlockManagerMaster: Registered BlockManager BlockManagerId(driver, 23041969bcc7, 37849, None)
[2024-10-05T05:49:09.322+0000] {spark_submit.py:579} INFO - 24/10/05 05:49:09 INFO BlockManager: Initialized BlockManager: BlockManagerId(driver, 23041969bcc7, 37849, None)
[2024-10-05T05:49:09.335+0000] {spark_submit.py:579} INFO - 24/10/05 05:49:09 INFO StandaloneAppClient$ClientEndpoint: Executor updated: app-20241005054909-0009/0 is now RUNNING
[2024-10-05T05:49:09.582+0000] {spark_submit.py:579} INFO - 24/10/05 05:49:09 INFO StandaloneSchedulerBackend: SchedulerBackend is ready for scheduling beginning after reached minRegisteredResourcesRatio: 0.0
[2024-10-05T05:49:09.957+0000] {spark_submit.py:579} INFO - Reading data from s3a://lakehouse/bronze/keywords.parquet
[2024-10-05T05:49:09.961+0000] {spark_submit.py:579} INFO - 24/10/05 05:49:09 INFO SharedState: Setting hive.metastore.warehouse.dir ('null') to the value of spark.sql.warehouse.dir.
[2024-10-05T05:49:10.388+0000] {spark_submit.py:579} INFO - 24/10/05 05:49:10 WARN MetricsConfig: Cannot locate configuration: tried hadoop-metrics2-s3a-file-system.properties,hadoop-metrics2.properties
[2024-10-05T05:49:10.407+0000] {spark_submit.py:579} INFO - 24/10/05 05:49:10 INFO MetricsSystemImpl: Scheduled Metric snapshot period at 10 second(s).
[2024-10-05T05:49:10.408+0000] {spark_submit.py:579} INFO - 24/10/05 05:49:10 INFO MetricsSystemImpl: s3a-file-system metrics system started
[2024-10-05T05:49:11.554+0000] {spark_submit.py:579} INFO - 24/10/05 05:49:11 INFO SharedState: Warehouse path is 's3a://lakehouse/'.
[2024-10-05T05:49:12.094+0000] {spark_submit.py:579} INFO - 24/10/05 05:49:12 INFO StandaloneSchedulerBackend$StandaloneDriverEndpoint: Registered executor NettyRpcEndpointRef(spark-client://Executor) (172.20.0.4:49728) with ID 0,  ResourceProfileId 0
[2024-10-05T05:49:12.171+0000] {spark_submit.py:579} INFO - 24/10/05 05:49:12 INFO BlockManagerMasterEndpoint: Registering block manager 172.20.0.4:39347 with 1048.8 MiB RAM, BlockManagerId(0, 172.20.0.4, 39347, None)
[2024-10-05T05:49:13.274+0000] {spark_submit.py:579} INFO - 24/10/05 05:49:13 INFO InMemoryFileIndex: It took 71 ms to list leaf files for 1 paths.
[2024-10-05T05:49:14.123+0000] {spark_submit.py:579} INFO - Cleaning data...
[2024-10-05T05:49:14.271+0000] {spark_submit.py:579} INFO - Saving cleaned data to s3a://lakehouse/silver
[2024-10-05T05:49:15.868+0000] {spark_submit.py:579} INFO - Error during cleaning process: An error occurred while calling o71.save.
[2024-10-05T05:49:15.868+0000] {spark_submit.py:579} INFO - : com.google.common.util.concurrent.ExecutionError: java.lang.NoSuchMethodError: 'java.lang.String org.apache.spark.ErrorInfo.messageFormat()'
[2024-10-05T05:49:15.869+0000] {spark_submit.py:579} INFO - at com.google.common.cache.LocalCache$Segment.get(LocalCache.java:2261)
[2024-10-05T05:49:15.869+0000] {spark_submit.py:579} INFO - at com.google.common.cache.LocalCache.get(LocalCache.java:4000)
[2024-10-05T05:49:15.869+0000] {spark_submit.py:579} INFO - at com.google.common.cache.LocalCache$LocalManualCache.get(LocalCache.java:4789)
[2024-10-05T05:49:15.870+0000] {spark_submit.py:579} INFO - at org.apache.spark.sql.delta.DeltaLog$.getDeltaLogFromCache$1(DeltaLog.scala:748)
[2024-10-05T05:49:15.870+0000] {spark_submit.py:579} INFO - at org.apache.spark.sql.delta.DeltaLog$.apply(DeltaLog.scala:755)
[2024-10-05T05:49:15.870+0000] {spark_submit.py:579} INFO - at org.apache.spark.sql.delta.DeltaLog$.forTable(DeltaLog.scala:598)
[2024-10-05T05:49:15.871+0000] {spark_submit.py:579} INFO - at org.apache.spark.sql.delta.sources.DeltaDataSource.createRelation(DeltaDataSource.scala:151)
[2024-10-05T05:49:15.871+0000] {spark_submit.py:579} INFO - at org.apache.spark.sql.execution.datasources.SaveIntoDataSourceCommand.run(SaveIntoDataSourceCommand.scala:48)
[2024-10-05T05:49:15.871+0000] {spark_submit.py:579} INFO - at org.apache.spark.sql.execution.command.ExecutedCommandExec.sideEffectResult$lzycompute(commands.scala:75)
[2024-10-05T05:49:15.871+0000] {spark_submit.py:579} INFO - at org.apache.spark.sql.execution.command.ExecutedCommandExec.sideEffectResult(commands.scala:73)
[2024-10-05T05:49:15.872+0000] {spark_submit.py:579} INFO - at org.apache.spark.sql.execution.command.ExecutedCommandExec.executeCollect(commands.scala:84)
[2024-10-05T05:49:15.872+0000] {spark_submit.py:579} INFO - at org.apache.spark.sql.execution.QueryExecution$$anonfun$eagerlyExecuteCommands$1.$anonfun$applyOrElse$1(QueryExecution.scala:107)
[2024-10-05T05:49:15.872+0000] {spark_submit.py:579} INFO - at org.apache.spark.sql.execution.SQLExecution$.$anonfun$withNewExecutionId$6(SQLExecution.scala:125)
[2024-10-05T05:49:15.873+0000] {spark_submit.py:579} INFO - at org.apache.spark.sql.execution.SQLExecution$.withSQLConfPropagated(SQLExecution.scala:201)
[2024-10-05T05:49:15.873+0000] {spark_submit.py:579} INFO - at org.apache.spark.sql.execution.SQLExecution$.$anonfun$withNewExecutionId$1(SQLExecution.scala:108)
[2024-10-05T05:49:15.873+0000] {spark_submit.py:579} INFO - at org.apache.spark.sql.SparkSession.withActive(SparkSession.scala:900)
[2024-10-05T05:49:15.874+0000] {spark_submit.py:579} INFO - at org.apache.spark.sql.execution.SQLExecution$.withNewExecutionId(SQLExecution.scala:66)
[2024-10-05T05:49:15.874+0000] {spark_submit.py:579} INFO - at org.apache.spark.sql.execution.QueryExecution$$anonfun$eagerlyExecuteCommands$1.applyOrElse(QueryExecution.scala:107)
[2024-10-05T05:49:15.874+0000] {spark_submit.py:579} INFO - at org.apache.spark.sql.execution.QueryExecution$$anonfun$eagerlyExecuteCommands$1.applyOrElse(QueryExecution.scala:98)
[2024-10-05T05:49:15.874+0000] {spark_submit.py:579} INFO - at org.apache.spark.sql.catalyst.trees.TreeNode.$anonfun$transformDownWithPruning$1(TreeNode.scala:461)
[2024-10-05T05:49:15.875+0000] {spark_submit.py:579} INFO - at org.apache.spark.sql.catalyst.trees.CurrentOrigin$.withOrigin(origin.scala:76)
[2024-10-05T05:49:15.875+0000] {spark_submit.py:579} INFO - at org.apache.spark.sql.catalyst.trees.TreeNode.transformDownWithPruning(TreeNode.scala:461)
[2024-10-05T05:49:15.875+0000] {spark_submit.py:579} INFO - at org.apache.spark.sql.catalyst.plans.logical.LogicalPlan.org$apache$spark$sql$catalyst$plans$logical$AnalysisHelper$$super$transformDownWithPruning(LogicalPlan.scala:32)
[2024-10-05T05:49:15.875+0000] {spark_submit.py:579} INFO - at org.apache.spark.sql.catalyst.plans.logical.AnalysisHelper.transformDownWithPruning(AnalysisHelper.scala:267)
[2024-10-05T05:49:15.875+0000] {spark_submit.py:579} INFO - at org.apache.spark.sql.catalyst.plans.logical.AnalysisHelper.transformDownWithPruning$(AnalysisHelper.scala:263)
[2024-10-05T05:49:15.876+0000] {spark_submit.py:579} INFO - at org.apache.spark.sql.catalyst.plans.logical.LogicalPlan.transformDownWithPruning(LogicalPlan.scala:32)
[2024-10-05T05:49:15.876+0000] {spark_submit.py:579} INFO - at org.apache.spark.sql.catalyst.plans.logical.LogicalPlan.transformDownWithPruning(LogicalPlan.scala:32)
[2024-10-05T05:49:15.876+0000] {spark_submit.py:579} INFO - at org.apache.spark.sql.catalyst.trees.TreeNode.transformDown(TreeNode.scala:437)
[2024-10-05T05:49:15.876+0000] {spark_submit.py:579} INFO - at org.apache.spark.sql.execution.QueryExecution.eagerlyExecuteCommands(QueryExecution.scala:98)
[2024-10-05T05:49:15.876+0000] {spark_submit.py:579} INFO - at org.apache.spark.sql.execution.QueryExecution.commandExecuted$lzycompute(QueryExecution.scala:85)
[2024-10-05T05:49:15.877+0000] {spark_submit.py:579} INFO - at org.apache.spark.sql.execution.QueryExecution.commandExecuted(QueryExecution.scala:83)
[2024-10-05T05:49:15.877+0000] {spark_submit.py:579} INFO - at org.apache.spark.sql.execution.QueryExecution.assertCommandExecuted(QueryExecution.scala:142)
[2024-10-05T05:49:15.877+0000] {spark_submit.py:579} INFO - at org.apache.spark.sql.DataFrameWriter.runCommand(DataFrameWriter.scala:859)
[2024-10-05T05:49:15.877+0000] {spark_submit.py:579} INFO - at org.apache.spark.sql.DataFrameWriter.saveToV1Source(DataFrameWriter.scala:388)
[2024-10-05T05:49:15.878+0000] {spark_submit.py:579} INFO - at org.apache.spark.sql.DataFrameWriter.saveInternal(DataFrameWriter.scala:304)
[2024-10-05T05:49:15.878+0000] {spark_submit.py:579} INFO - at org.apache.spark.sql.DataFrameWriter.save(DataFrameWriter.scala:240)
[2024-10-05T05:49:15.878+0000] {spark_submit.py:579} INFO - at java.base/jdk.internal.reflect.NativeMethodAccessorImpl.invoke0(Native Method)
[2024-10-05T05:49:15.878+0000] {spark_submit.py:579} INFO - at java.base/jdk.internal.reflect.NativeMethodAccessorImpl.invoke(NativeMethodAccessorImpl.java:62)
[2024-10-05T05:49:15.879+0000] {spark_submit.py:579} INFO - at java.base/jdk.internal.reflect.DelegatingMethodAccessorImpl.invoke(DelegatingMethodAccessorImpl.java:43)
[2024-10-05T05:49:15.879+0000] {spark_submit.py:579} INFO - at java.base/java.lang.reflect.Method.invoke(Method.java:566)
[2024-10-05T05:49:15.879+0000] {spark_submit.py:579} INFO - at py4j.reflection.MethodInvoker.invoke(MethodInvoker.java:244)
[2024-10-05T05:49:15.880+0000] {spark_submit.py:579} INFO - at py4j.reflection.ReflectionEngine.invoke(ReflectionEngine.java:374)
[2024-10-05T05:49:15.880+0000] {spark_submit.py:579} INFO - at py4j.Gateway.invoke(Gateway.java:282)
[2024-10-05T05:49:15.880+0000] {spark_submit.py:579} INFO - at py4j.commands.AbstractCommand.invokeMethod(AbstractCommand.java:132)
[2024-10-05T05:49:15.880+0000] {spark_submit.py:579} INFO - at py4j.commands.CallCommand.execute(CallCommand.java:79)
[2024-10-05T05:49:15.881+0000] {spark_submit.py:579} INFO - at py4j.ClientServerConnection.waitForCommands(ClientServerConnection.java:182)
[2024-10-05T05:49:15.881+0000] {spark_submit.py:579} INFO - at py4j.ClientServerConnection.run(ClientServerConnection.java:106)
[2024-10-05T05:49:15.881+0000] {spark_submit.py:579} INFO - at java.base/java.lang.Thread.run(Thread.java:829)
[2024-10-05T05:49:15.882+0000] {spark_submit.py:579} INFO - Caused by: java.lang.NoSuchMethodError: 'java.lang.String org.apache.spark.ErrorInfo.messageFormat()'
[2024-10-05T05:49:15.882+0000] {spark_submit.py:579} INFO - at org.apache.spark.sql.delta.DeltaThrowableHelper$.getMessage(DeltaThrowableHelper.scala:80)
[2024-10-05T05:49:15.883+0000] {spark_submit.py:579} INFO - at org.apache.spark.sql.delta.DeltaFileNotFoundException.<init>(DeltaErrors.scala:2673)
[2024-10-05T05:49:15.883+0000] {spark_submit.py:579} INFO - at org.apache.spark.sql.delta.DeltaErrorsBase.fileOrDirectoryNotFoundException(DeltaErrors.scala:488)
[2024-10-05T05:49:15.883+0000] {spark_submit.py:579} INFO - at org.apache.spark.sql.delta.DeltaErrorsBase.fileOrDirectoryNotFoundException$(DeltaErrors.scala:485)
[2024-10-05T05:49:15.884+0000] {spark_submit.py:579} INFO - at org.apache.spark.sql.delta.DeltaErrors$.fileOrDirectoryNotFoundException(DeltaErrors.scala:2489)
[2024-10-05T05:49:15.884+0000] {spark_submit.py:579} INFO - at org.apache.spark.sql.delta.storage.S3SingleDriverLogStore.listFromInternal(S3SingleDriverLogStore.scala:122)
[2024-10-05T05:49:15.884+0000] {spark_submit.py:579} INFO - at org.apache.spark.sql.delta.storage.S3SingleDriverLogStore.listFrom(S3SingleDriverLogStore.scala:141)
[2024-10-05T05:49:15.885+0000] {spark_submit.py:579} INFO - at org.apache.spark.sql.delta.SnapshotManagement.listFrom(SnapshotManagement.scala:70)
[2024-10-05T05:49:15.885+0000] {spark_submit.py:579} INFO - at org.apache.spark.sql.delta.SnapshotManagement.listFrom$(SnapshotManagement.scala:69)
[2024-10-05T05:49:15.885+0000] {spark_submit.py:579} INFO - at org.apache.spark.sql.delta.DeltaLog.listFrom(DeltaLog.scala:67)
[2024-10-05T05:49:15.885+0000] {spark_submit.py:579} INFO - at org.apache.spark.sql.delta.SnapshotManagement.listFromOrNone(SnapshotManagement.scala:87)
[2024-10-05T05:49:15.885+0000] {spark_submit.py:579} INFO - at org.apache.spark.sql.delta.SnapshotManagement.listFromOrNone$(SnapshotManagement.scala:83)
[2024-10-05T05:49:15.886+0000] {spark_submit.py:579} INFO - at org.apache.spark.sql.delta.DeltaLog.listFromOrNone(DeltaLog.scala:67)
[2024-10-05T05:49:15.886+0000] {spark_submit.py:579} INFO - at org.apache.spark.sql.delta.SnapshotManagement.$anonfun$listDeltaAndCheckpointFiles$1(SnapshotManagement.scala:107)
[2024-10-05T05:49:15.887+0000] {spark_submit.py:579} INFO - at org.apache.spark.sql.delta.metering.DeltaLogging.recordFrameProfile(DeltaLogging.scala:139)
[2024-10-05T05:49:15.887+0000] {spark_submit.py:579} INFO - at org.apache.spark.sql.delta.metering.DeltaLogging.recordFrameProfile$(DeltaLogging.scala:137)
[2024-10-05T05:49:15.887+0000] {spark_submit.py:579} INFO - at org.apache.spark.sql.delta.DeltaLog.recordFrameProfile(DeltaLog.scala:67)
[2024-10-05T05:49:15.888+0000] {spark_submit.py:579} INFO - at org.apache.spark.sql.delta.metering.DeltaLogging.$anonfun$recordDeltaOperationInternal$1(DeltaLogging.scala:132)
[2024-10-05T05:49:15.888+0000] {spark_submit.py:579} INFO - at com.databricks.spark.util.DatabricksLogging.recordOperation(DatabricksLogging.scala:128)
[2024-10-05T05:49:15.889+0000] {spark_submit.py:579} INFO - at com.databricks.spark.util.DatabricksLogging.recordOperation$(DatabricksLogging.scala:117)
[2024-10-05T05:49:15.889+0000] {spark_submit.py:579} INFO - at org.apache.spark.sql.delta.DeltaLog.recordOperation(DeltaLog.scala:67)
[2024-10-05T05:49:15.889+0000] {spark_submit.py:579} INFO - at org.apache.spark.sql.delta.metering.DeltaLogging.recordDeltaOperationInternal(DeltaLogging.scala:131)
[2024-10-05T05:49:15.890+0000] {spark_submit.py:579} INFO - at org.apache.spark.sql.delta.metering.DeltaLogging.recordDeltaOperation(DeltaLogging.scala:121)
[2024-10-05T05:49:15.890+0000] {spark_submit.py:579} INFO - at org.apache.spark.sql.delta.metering.DeltaLogging.recordDeltaOperation$(DeltaLogging.scala:109)
[2024-10-05T05:49:15.890+0000] {spark_submit.py:579} INFO - at org.apache.spark.sql.delta.DeltaLog.recordDeltaOperation(DeltaLog.scala:67)
[2024-10-05T05:49:15.890+0000] {spark_submit.py:579} INFO - at org.apache.spark.sql.delta.SnapshotManagement.listDeltaAndCheckpointFiles(SnapshotManagement.scala:107)
[2024-10-05T05:49:15.891+0000] {spark_submit.py:579} INFO - at org.apache.spark.sql.delta.SnapshotManagement.listDeltaAndCheckpointFiles$(SnapshotManagement.scala:103)
[2024-10-05T05:49:15.891+0000] {spark_submit.py:579} INFO - at org.apache.spark.sql.delta.DeltaLog.listDeltaAndCheckpointFiles(DeltaLog.scala:67)
[2024-10-05T05:49:15.891+0000] {spark_submit.py:579} INFO - at org.apache.spark.sql.delta.SnapshotManagement.getLogSegmentForVersion(SnapshotManagement.scala:139)
[2024-10-05T05:49:15.892+0000] {spark_submit.py:579} INFO - at org.apache.spark.sql.delta.SnapshotManagement.getLogSegmentForVersion$(SnapshotManagement.scala:134)
[2024-10-05T05:49:15.892+0000] {spark_submit.py:579} INFO - at org.apache.spark.sql.delta.DeltaLog.getLogSegmentForVersion(DeltaLog.scala:67)
[2024-10-05T05:49:15.892+0000] {spark_submit.py:579} INFO - at org.apache.spark.sql.delta.SnapshotManagement.getLogSegmentFrom(SnapshotManagement.scala:65)
[2024-10-05T05:49:15.893+0000] {spark_submit.py:579} INFO - at org.apache.spark.sql.delta.SnapshotManagement.getLogSegmentFrom$(SnapshotManagement.scala:63)
[2024-10-05T05:49:15.893+0000] {spark_submit.py:579} INFO - at org.apache.spark.sql.delta.DeltaLog.getLogSegmentFrom(DeltaLog.scala:67)
[2024-10-05T05:49:15.893+0000] {spark_submit.py:579} INFO - at org.apache.spark.sql.delta.SnapshotManagement.$anonfun$getSnapshotAtInit$1(SnapshotManagement.scala:262)
[2024-10-05T05:49:15.894+0000] {spark_submit.py:579} INFO - at org.apache.spark.sql.delta.metering.DeltaLogging.recordFrameProfile(DeltaLogging.scala:139)
[2024-10-05T05:49:15.894+0000] {spark_submit.py:579} INFO - at org.apache.spark.sql.delta.metering.DeltaLogging.recordFrameProfile$(DeltaLogging.scala:137)
[2024-10-05T05:49:15.894+0000] {spark_submit.py:579} INFO - at org.apache.spark.sql.delta.DeltaLog.recordFrameProfile(DeltaLog.scala:67)
[2024-10-05T05:49:15.895+0000] {spark_submit.py:579} INFO - at org.apache.spark.sql.delta.SnapshotManagement.getSnapshotAtInit(SnapshotManagement.scala:258)
[2024-10-05T05:49:15.896+0000] {spark_submit.py:579} INFO - at org.apache.spark.sql.delta.SnapshotManagement.getSnapshotAtInit$(SnapshotManagement.scala:257)
[2024-10-05T05:49:15.896+0000] {spark_submit.py:579} INFO - at org.apache.spark.sql.delta.DeltaLog.getSnapshotAtInit(DeltaLog.scala:67)
[2024-10-05T05:49:15.896+0000] {spark_submit.py:579} INFO - at org.apache.spark.sql.delta.SnapshotManagement.$init$(SnapshotManagement.scala:55)
[2024-10-05T05:49:15.897+0000] {spark_submit.py:579} INFO - at org.apache.spark.sql.delta.DeltaLog.<init>(DeltaLog.scala:72)
[2024-10-05T05:49:15.898+0000] {spark_submit.py:579} INFO - at org.apache.spark.sql.delta.DeltaLog$.$anonfun$apply$4(DeltaLog.scala:737)
[2024-10-05T05:49:15.898+0000] {spark_submit.py:579} INFO - at org.apache.spark.sql.catalyst.plans.logical.AnalysisHelper$.allowInvokingTransformsInAnalyzer(AnalysisHelper.scala:323)
[2024-10-05T05:49:15.899+0000] {spark_submit.py:579} INFO - at org.apache.spark.sql.delta.DeltaLog$.$anonfun$apply$3(DeltaLog.scala:733)
[2024-10-05T05:49:15.899+0000] {spark_submit.py:579} INFO - at org.apache.spark.sql.delta.metering.DeltaLogging.recordFrameProfile(DeltaLogging.scala:139)
[2024-10-05T05:49:15.900+0000] {spark_submit.py:579} INFO - at org.apache.spark.sql.delta.metering.DeltaLogging.recordFrameProfile$(DeltaLogging.scala:137)
[2024-10-05T05:49:15.900+0000] {spark_submit.py:579} INFO - at org.apache.spark.sql.delta.DeltaLog$.recordFrameProfile(DeltaLog.scala:550)
[2024-10-05T05:49:15.901+0000] {spark_submit.py:579} INFO - at org.apache.spark.sql.delta.metering.DeltaLogging.$anonfun$recordDeltaOperationInternal$1(DeltaLogging.scala:132)
[2024-10-05T05:49:15.901+0000] {spark_submit.py:579} INFO - at com.databricks.spark.util.DatabricksLogging.recordOperation(DatabricksLogging.scala:128)
[2024-10-05T05:49:15.901+0000] {spark_submit.py:579} INFO - at com.databricks.spark.util.DatabricksLogging.recordOperation$(DatabricksLogging.scala:117)
[2024-10-05T05:49:15.902+0000] {spark_submit.py:579} INFO - at org.apache.spark.sql.delta.DeltaLog$.recordOperation(DeltaLog.scala:550)
[2024-10-05T05:49:15.902+0000] {spark_submit.py:579} INFO - at org.apache.spark.sql.delta.metering.DeltaLogging.recordDeltaOperationInternal(DeltaLogging.scala:131)
[2024-10-05T05:49:15.903+0000] {spark_submit.py:579} INFO - at org.apache.spark.sql.delta.metering.DeltaLogging.recordDeltaOperation(DeltaLogging.scala:121)
[2024-10-05T05:49:15.903+0000] {spark_submit.py:579} INFO - at org.apache.spark.sql.delta.metering.DeltaLogging.recordDeltaOperation$(DeltaLogging.scala:109)
[2024-10-05T05:49:15.904+0000] {spark_submit.py:579} INFO - at org.apache.spark.sql.delta.DeltaLog$.recordDeltaOperation(DeltaLog.scala:550)
[2024-10-05T05:49:15.905+0000] {spark_submit.py:579} INFO - at org.apache.spark.sql.delta.DeltaLog$.createDeltaLog$1(DeltaLog.scala:732)
[2024-10-05T05:49:15.905+0000] {spark_submit.py:579} INFO - at org.apache.spark.sql.delta.DeltaLog$.$anonfun$apply$5(DeltaLog.scala:748)
[2024-10-05T05:49:15.905+0000] {spark_submit.py:579} INFO - at com.google.common.cache.LocalCache$LocalManualCache$1.load(LocalCache.java:4792)
[2024-10-05T05:49:15.906+0000] {spark_submit.py:579} INFO - at com.google.common.cache.LocalCache$LoadingValueReference.loadFuture(LocalCache.java:3599)
[2024-10-05T05:49:15.906+0000] {spark_submit.py:579} INFO - at com.google.common.cache.LocalCache$Segment.loadSync(LocalCache.java:2379)
[2024-10-05T05:49:15.907+0000] {spark_submit.py:579} INFO - at com.google.common.cache.LocalCache$Segment.lockedGetOrLoad(LocalCache.java:2342)
[2024-10-05T05:49:15.907+0000] {spark_submit.py:579} INFO - at com.google.common.cache.LocalCache$Segment.get(LocalCache.java:2257)
[2024-10-05T05:49:15.908+0000] {spark_submit.py:579} INFO - ... 47 more
[2024-10-05T05:49:15.908+0000] {spark_submit.py:579} INFO - 
[2024-10-05T05:49:15.909+0000] {spark_submit.py:579} INFO - 24/10/05 05:49:15 INFO SparkContext: SparkContext is stopping with exitCode 0.
[2024-10-05T05:49:15.909+0000] {spark_submit.py:579} INFO - 24/10/05 05:49:15 INFO SparkUI: Stopped Spark web UI at http://23041969bcc7:4040
[2024-10-05T05:49:15.910+0000] {spark_submit.py:579} INFO - 24/10/05 05:49:15 INFO StandaloneSchedulerBackend: Shutting down all executors
[2024-10-05T05:49:15.911+0000] {spark_submit.py:579} INFO - 24/10/05 05:49:15 INFO StandaloneSchedulerBackend$StandaloneDriverEndpoint: Asking each executor to shut down
[2024-10-05T05:49:15.921+0000] {spark_submit.py:579} INFO - 24/10/05 05:49:15 INFO MapOutputTrackerMasterEndpoint: MapOutputTrackerMasterEndpoint stopped!
[2024-10-05T05:49:15.937+0000] {spark_submit.py:579} INFO - 24/10/05 05:49:15 WARN Dispatcher: Message RequestMessage(172.20.0.4:49728, NettyRpcEndpointRef(spark://CoarseGrainedScheduler@23041969bcc7:40851), LaunchedExecutor(0)) dropped due to sparkEnv is stopped. Could not find CoarseGrainedScheduler.
[2024-10-05T05:49:15.945+0000] {spark_submit.py:579} INFO - 24/10/05 05:49:15 INFO MemoryStore: MemoryStore cleared
[2024-10-05T05:49:15.945+0000] {spark_submit.py:579} INFO - 24/10/05 05:49:15 INFO BlockManager: BlockManager stopped
[2024-10-05T05:49:15.953+0000] {spark_submit.py:579} INFO - 24/10/05 05:49:15 INFO BlockManagerMaster: BlockManagerMaster stopped
[2024-10-05T05:49:15.956+0000] {spark_submit.py:579} INFO - 24/10/05 05:49:15 INFO OutputCommitCoordinator$OutputCommitCoordinatorEndpoint: OutputCommitCoordinator stopped!
[2024-10-05T05:49:15.990+0000] {spark_submit.py:579} INFO - 24/10/05 05:49:15 INFO SparkContext: Successfully stopped SparkContext
[2024-10-05T05:49:16.178+0000] {spark_submit.py:579} INFO - 24/10/05 05:49:16 INFO ShutdownHookManager: Shutdown hook called
[2024-10-05T05:49:16.179+0000] {spark_submit.py:579} INFO - 24/10/05 05:49:16 INFO ShutdownHookManager: Deleting directory /tmp/spark-6ede6965-53ed-41e0-93e7-babffa6a6808/pyspark-c5bc5c00-1e56-490b-a829-d568811a5dad
[2024-10-05T05:49:16.183+0000] {spark_submit.py:579} INFO - 24/10/05 05:49:16 INFO ShutdownHookManager: Deleting directory /tmp/spark-97ccff4a-652d-4afa-8410-e329cff17d03
[2024-10-05T05:49:16.187+0000] {spark_submit.py:579} INFO - 24/10/05 05:49:16 INFO ShutdownHookManager: Deleting directory /tmp/spark-6ede6965-53ed-41e0-93e7-babffa6a6808
[2024-10-05T05:49:16.195+0000] {spark_submit.py:579} INFO - 24/10/05 05:49:16 INFO MetricsSystemImpl: Stopping s3a-file-system metrics system...
[2024-10-05T05:49:16.196+0000] {spark_submit.py:579} INFO - 24/10/05 05:49:16 INFO MetricsSystemImpl: s3a-file-system metrics system stopped.
[2024-10-05T05:49:16.196+0000] {spark_submit.py:579} INFO - 24/10/05 05:49:16 INFO MetricsSystemImpl: s3a-file-system metrics system shutdown complete.
[2024-10-05T05:49:16.240+0000] {taskinstance.py:1935} ERROR - Task failed with exception
Traceback (most recent call last):
  File "/home/airflow/.local/lib/python3.11/site-packages/airflow/providers/apache/spark/operators/spark_submit.py", line 174, in execute
    self._hook.submit(self.application)
  File "/home/airflow/.local/lib/python3.11/site-packages/airflow/providers/apache/spark/hooks/spark_submit.py", line 505, in submit
    raise AirflowException(
airflow.exceptions.AirflowException: Cannot execute: spark-submit --master spark://spark-master:7077 --conf spark.sql.extensions=io.delta.sql.DeltaSparkSessionExtension --conf spark.sql.catalog.spark_catalog=org.apache.spark.sql.delta.catalog.DeltaCatalog --conf spark.delta.logStore.class=org.apache.spark.sql.delta.storage.S3SingleDriverLogStore --jars /opt/***/jars/hadoop-aws-3.3.4.jar,/opt/***/jars/s3-2.18.41.jar,/opt/***/jars/aws-java-sdk-1.12.367.jar,/opt/***/jars/delta-core_2.12-2.2.0.jar,/opt/***/jars/delta-storage-2.2.0.jar --packages org.apache.hadoop:hadoop-aws:3.3.4,io.delta:delta-core_2.12:2.2.0 --num-executors 2 --total-executor-cores 2 --executor-cores 2 --executor-memory 2g --driver-memory 1g --name arrow-spark --deploy-mode client /opt/***/jobs/python/test_Key.py s3a://lakehouse/bronze/keywords.parquet s3a://lakehouse/silver. Error code is: 1.
[2024-10-05T05:49:16.244+0000] {taskinstance.py:1398} INFO - Marking task as UP_FOR_RETRY. dag_id=spark_processing_dag, task_id=silver_cleaned_keywords, execution_date=20241005T054856, start_date=20241005T054857, end_date=20241005T054916
[2024-10-05T05:49:16.255+0000] {standard_task_runner.py:104} ERROR - Failed to execute job 132 for task silver_cleaned_keywords (Cannot execute: spark-submit --master spark://spark-master:7077 --conf spark.sql.extensions=io.delta.sql.DeltaSparkSessionExtension --conf spark.sql.catalog.spark_catalog=org.apache.spark.sql.delta.catalog.DeltaCatalog --conf spark.delta.logStore.class=org.apache.spark.sql.delta.storage.S3SingleDriverLogStore --jars /opt/***/jars/hadoop-aws-3.3.4.jar,/opt/***/jars/s3-2.18.41.jar,/opt/***/jars/aws-java-sdk-1.12.367.jar,/opt/***/jars/delta-core_2.12-2.2.0.jar,/opt/***/jars/delta-storage-2.2.0.jar --packages org.apache.hadoop:hadoop-aws:3.3.4,io.delta:delta-core_2.12:2.2.0 --num-executors 2 --total-executor-cores 2 --executor-cores 2 --executor-memory 2g --driver-memory 1g --name arrow-spark --deploy-mode client /opt/***/jobs/python/test_Key.py s3a://lakehouse/bronze/keywords.parquet s3a://lakehouse/silver. Error code is: 1.; 4994)
[2024-10-05T05:49:16.270+0000] {local_task_job_runner.py:228} INFO - Task exited with return code 1
[2024-10-05T05:49:16.284+0000] {taskinstance.py:2776} INFO - 0 downstream tasks scheduled from follow-on schedule check
