[2024-11-03T10:21:18.341+0000] {taskinstance.py:1157} INFO - Dependencies all met for dep_context=non-requeueable deps ti=<TaskInstance: task_credits_clean.credits_cleaned manual__2024-11-03T10:21:15.925588+00:00 [queued]>
[2024-11-03T10:21:18.349+0000] {taskinstance.py:1157} INFO - Dependencies all met for dep_context=requeueable deps ti=<TaskInstance: task_credits_clean.credits_cleaned manual__2024-11-03T10:21:15.925588+00:00 [queued]>
[2024-11-03T10:21:18.350+0000] {taskinstance.py:1359} INFO - Starting attempt 1 of 2
[2024-11-03T10:21:18.366+0000] {taskinstance.py:1380} INFO - Executing <Task(SparkSubmitOperator): credits_cleaned> on 2024-11-03 10:21:15.925588+00:00
[2024-11-03T10:21:18.372+0000] {standard_task_runner.py:57} INFO - Started process 6879 to run task
[2024-11-03T10:21:18.374+0000] {standard_task_runner.py:84} INFO - Running: ['***', 'tasks', 'run', 'task_credits_clean', 'credits_cleaned', 'manual__2024-11-03T10:21:15.925588+00:00', '--job-id', '161', '--raw', '--subdir', 'DAGS_FOLDER/credits_test.py', '--cfg-path', '/tmp/tmpoaqdi4xb']
[2024-11-03T10:21:18.377+0000] {standard_task_runner.py:85} INFO - Job 161: Subtask credits_cleaned
[2024-11-03T10:21:18.427+0000] {task_command.py:415} INFO - Running <TaskInstance: task_credits_clean.credits_cleaned manual__2024-11-03T10:21:15.925588+00:00 [running]> on host eb88dbfa1959
[2024-11-03T10:21:18.513+0000] {taskinstance.py:1660} INFO - Exporting env vars: AIRFLOW_CTX_DAG_OWNER='***' AIRFLOW_CTX_DAG_ID='task_credits_clean' AIRFLOW_CTX_TASK_ID='credits_cleaned' AIRFLOW_CTX_EXECUTION_DATE='2024-11-03T10:21:15.925588+00:00' AIRFLOW_CTX_TRY_NUMBER='1' AIRFLOW_CTX_DAG_RUN_ID='manual__2024-11-03T10:21:15.925588+00:00'
[2024-11-03T10:21:18.522+0000] {base.py:73} INFO - Using connection ID 'spark-conn' for task execution.
[2024-11-03T10:21:18.524+0000] {spark_submit.py:403} INFO - Spark-Submit cmd: spark-submit --master spark://spark-master:7077 --conf spark.sql.extensions=io.delta.sql.DeltaSparkSessionExtension --conf spark.sql.catalog.spark_catalog=org.apache.spark.sql.delta.catalog.DeltaCatalog --jars /opt/***/jars/hadoop-aws-3.3.4.jar,/opt/***/jars/s3-2.18.41.jar,/opt/***/jars/aws-java-sdk-1.12.367.jar,/opt/***/jars/delta-core_2.12-2.4.0.jar,/opt/***/jars/delta-storage-2.2.0.jar, --packages org.apache.hadoop:hadoop-aws:3.3.4 --num-executors 2 --total-executor-cores 2 --executor-cores 2 --executor-memory 2g --driver-memory 1g --name arrow-spark --deploy-mode client /opt/***/jobs/python/test_Credit.py s3a://lakehouse/bronze/credits.parquet s3a://lakehouse/sliver/credit
[2024-11-03T10:21:18.621+0000] {spark_submit.py:579} INFO - /home/***/.local/lib/python3.11/site-packages/pyspark/bin/load-spark-env.sh: line 68: ps: command not found
[2024-11-03T10:21:20.801+0000] {spark_submit.py:579} INFO - :: loading settings :: url = jar:file:/home/***/.local/lib/python3.11/site-packages/pyspark/jars/ivy-2.5.1.jar!/org/apache/ivy/core/settings/ivysettings.xml
[2024-11-03T10:21:21.049+0000] {spark_submit.py:579} INFO - Ivy Default Cache set to: /home/***/.ivy2/cache
[2024-11-03T10:21:21.050+0000] {spark_submit.py:579} INFO - The jars for the packages stored in: /home/***/.ivy2/jars
[2024-11-03T10:21:21.061+0000] {spark_submit.py:579} INFO - org.apache.hadoop#hadoop-aws added as a dependency
[2024-11-03T10:21:21.064+0000] {spark_submit.py:579} INFO - :: resolving dependencies :: org.apache.spark#spark-submit-parent-086a7cfa-6c9c-428e-9939-31ff71c083d2;1.0
[2024-11-03T10:21:21.064+0000] {spark_submit.py:579} INFO - confs: [default]
[2024-11-03T10:21:21.316+0000] {spark_submit.py:579} INFO - found org.apache.hadoop#hadoop-aws;3.3.4 in central
[2024-11-03T10:21:21.357+0000] {spark_submit.py:579} INFO - found com.amazonaws#aws-java-sdk-bundle;1.12.262 in central
[2024-11-03T10:21:21.393+0000] {spark_submit.py:579} INFO - found org.wildfly.openssl#wildfly-openssl;1.0.7.Final in central
[2024-11-03T10:21:21.432+0000] {spark_submit.py:579} INFO - :: resolution report :: resolve 356ms :: artifacts dl 13ms
[2024-11-03T10:21:21.433+0000] {spark_submit.py:579} INFO - :: modules in use:
[2024-11-03T10:21:21.434+0000] {spark_submit.py:579} INFO - com.amazonaws#aws-java-sdk-bundle;1.12.262 from central in [default]
[2024-11-03T10:21:21.435+0000] {spark_submit.py:579} INFO - org.apache.hadoop#hadoop-aws;3.3.4 from central in [default]
[2024-11-03T10:21:21.436+0000] {spark_submit.py:579} INFO - org.wildfly.openssl#wildfly-openssl;1.0.7.Final from central in [default]
[2024-11-03T10:21:21.437+0000] {spark_submit.py:579} INFO - ---------------------------------------------------------------------
[2024-11-03T10:21:21.438+0000] {spark_submit.py:579} INFO - |                  |            modules            ||   artifacts   |
[2024-11-03T10:21:21.439+0000] {spark_submit.py:579} INFO - |       conf       | number| search|dwnlded|evicted|| number|dwnlded|
[2024-11-03T10:21:21.440+0000] {spark_submit.py:579} INFO - ---------------------------------------------------------------------
[2024-11-03T10:21:21.441+0000] {spark_submit.py:579} INFO - |      default     |   3   |   0   |   0   |   0   ||   3   |   0   |
[2024-11-03T10:21:21.443+0000] {spark_submit.py:579} INFO - ---------------------------------------------------------------------
[2024-11-03T10:21:21.446+0000] {spark_submit.py:579} INFO - :: retrieving :: org.apache.spark#spark-submit-parent-086a7cfa-6c9c-428e-9939-31ff71c083d2
[2024-11-03T10:21:21.447+0000] {spark_submit.py:579} INFO - confs: [default]
[2024-11-03T10:21:21.459+0000] {spark_submit.py:579} INFO - 0 artifacts copied, 3 already retrieved (0kB/12ms)
[2024-11-03T10:21:21.810+0000] {spark_submit.py:579} INFO - 24/11/03 10:21:21 WARN NativeCodeLoader: Unable to load native-hadoop library for your platform... using builtin-java classes where applicable
[2024-11-03T10:21:23.379+0000] {spark_submit.py:579} INFO - 2024-11-03 10:21:23,378 INFO: Python version on driver: 3.11.5
[2024-11-03T10:21:23.380+0000] {spark_submit.py:579} INFO - 2024-11-03 10:21:23,378 INFO: Initializing Spark session...
[2024-11-03T10:21:23.564+0000] {spark_submit.py:579} INFO - 24/11/03 10:21:23 INFO SparkContext: Running Spark version 3.4.3
[2024-11-03T10:21:23.597+0000] {spark_submit.py:579} INFO - 24/11/03 10:21:23 INFO ResourceUtils: ==============================================================
[2024-11-03T10:21:23.597+0000] {spark_submit.py:579} INFO - 24/11/03 10:21:23 INFO ResourceUtils: No custom resources configured for spark.driver.
[2024-11-03T10:21:23.598+0000] {spark_submit.py:579} INFO - 24/11/03 10:21:23 INFO ResourceUtils: ==============================================================
[2024-11-03T10:21:23.599+0000] {spark_submit.py:579} INFO - 24/11/03 10:21:23 INFO SparkContext: Submitted application: CleanCredits
[2024-11-03T10:21:23.632+0000] {spark_submit.py:579} INFO - 24/11/03 10:21:23 INFO ResourceProfile: Default ResourceProfile created, executor resources: Map(cores -> name: cores, amount: 2, script: , vendor: , memory -> name: memory, amount: 2048, script: , vendor: , offHeap -> name: offHeap, amount: 0, script: , vendor: ), task resources: Map(cpus -> name: cpus, amount: 1.0)
[2024-11-03T10:21:23.650+0000] {spark_submit.py:579} INFO - 24/11/03 10:21:23 INFO ResourceProfile: Limiting resource is cpus at 2 tasks per executor
[2024-11-03T10:21:23.653+0000] {spark_submit.py:579} INFO - 24/11/03 10:21:23 INFO ResourceProfileManager: Added ResourceProfile id: 0
[2024-11-03T10:21:23.742+0000] {spark_submit.py:579} INFO - 24/11/03 10:21:23 INFO SecurityManager: Changing view acls to: ***
[2024-11-03T10:21:23.743+0000] {spark_submit.py:579} INFO - 24/11/03 10:21:23 INFO SecurityManager: Changing modify acls to: ***
[2024-11-03T10:21:23.744+0000] {spark_submit.py:579} INFO - 24/11/03 10:21:23 INFO SecurityManager: Changing view acls groups to:
[2024-11-03T10:21:23.745+0000] {spark_submit.py:579} INFO - 24/11/03 10:21:23 INFO SecurityManager: Changing modify acls groups to:
[2024-11-03T10:21:23.745+0000] {spark_submit.py:579} INFO - 24/11/03 10:21:23 INFO SecurityManager: SecurityManager: authentication disabled; ui acls disabled; users with view permissions: ***; groups with view permissions: EMPTY; users with modify permissions: ***; groups with modify permissions: EMPTY
[2024-11-03T10:21:24.012+0000] {spark_submit.py:579} INFO - 24/11/03 10:21:24 INFO Utils: Successfully started service 'sparkDriver' on port 42991.
[2024-11-03T10:21:24.044+0000] {spark_submit.py:579} INFO - 24/11/03 10:21:24 INFO SparkEnv: Registering MapOutputTracker
[2024-11-03T10:21:24.082+0000] {spark_submit.py:579} INFO - 24/11/03 10:21:24 INFO SparkEnv: Registering BlockManagerMaster
[2024-11-03T10:21:24.105+0000] {spark_submit.py:579} INFO - 24/11/03 10:21:24 INFO BlockManagerMasterEndpoint: Using org.apache.spark.storage.DefaultTopologyMapper for getting topology information
[2024-11-03T10:21:24.106+0000] {spark_submit.py:579} INFO - 24/11/03 10:21:24 INFO BlockManagerMasterEndpoint: BlockManagerMasterEndpoint up
[2024-11-03T10:21:24.110+0000] {spark_submit.py:579} INFO - 24/11/03 10:21:24 INFO SparkEnv: Registering BlockManagerMasterHeartbeat
[2024-11-03T10:21:24.135+0000] {spark_submit.py:579} INFO - 24/11/03 10:21:24 INFO DiskBlockManager: Created local directory at /tmp/blockmgr-62f3627a-d62a-4310-87ce-efd2597edb38
[2024-11-03T10:21:24.150+0000] {spark_submit.py:579} INFO - 24/11/03 10:21:24 INFO MemoryStore: MemoryStore started with capacity 434.4 MiB
[2024-11-03T10:21:24.168+0000] {spark_submit.py:579} INFO - 24/11/03 10:21:24 INFO SparkEnv: Registering OutputCommitCoordinator
[2024-11-03T10:21:24.308+0000] {spark_submit.py:579} INFO - 24/11/03 10:21:24 INFO JettyUtils: Start Jetty 0.0.0.0:4040 for SparkUI
[2024-11-03T10:21:24.376+0000] {spark_submit.py:579} INFO - 24/11/03 10:21:24 INFO Utils: Successfully started service 'SparkUI' on port 4040.
[2024-11-03T10:21:24.420+0000] {spark_submit.py:579} INFO - 24/11/03 10:21:24 INFO SparkContext: Added JAR file:///opt/***/jars/hadoop-aws-3.3.4.jar at spark://eb88dbfa1959:42991/jars/hadoop-aws-3.3.4.jar with timestamp 1730629283554
[2024-11-03T10:21:24.422+0000] {spark_submit.py:579} INFO - 24/11/03 10:21:24 INFO SparkContext: Added JAR file:///opt/***/jars/s3-2.18.41.jar at spark://eb88dbfa1959:42991/jars/s3-2.18.41.jar with timestamp 1730629283554
[2024-11-03T10:21:24.424+0000] {spark_submit.py:579} INFO - 24/11/03 10:21:24 INFO SparkContext: Added JAR file:///opt/***/jars/aws-java-sdk-1.12.367.jar at spark://eb88dbfa1959:42991/jars/aws-java-sdk-1.12.367.jar with timestamp 1730629283554
[2024-11-03T10:21:24.425+0000] {spark_submit.py:579} INFO - 24/11/03 10:21:24 INFO SparkContext: Added JAR file:///opt/***/jars/delta-core_2.12-2.4.0.jar at spark://eb88dbfa1959:42991/jars/delta-core_2.12-2.4.0.jar with timestamp 1730629283554
[2024-11-03T10:21:24.426+0000] {spark_submit.py:579} INFO - 24/11/03 10:21:24 INFO SparkContext: Added JAR file:///opt/***/jars/delta-storage-2.2.0.jar at spark://eb88dbfa1959:42991/jars/delta-storage-2.2.0.jar with timestamp 1730629283554
[2024-11-03T10:21:24.427+0000] {spark_submit.py:579} INFO - 24/11/03 10:21:24 INFO SparkContext: Added JAR file:///home/***/.ivy2/jars/org.apache.hadoop_hadoop-aws-3.3.4.jar at spark://eb88dbfa1959:42991/jars/org.apache.hadoop_hadoop-aws-3.3.4.jar with timestamp 1730629283554
[2024-11-03T10:21:24.428+0000] {spark_submit.py:579} INFO - 24/11/03 10:21:24 INFO SparkContext: Added JAR file:///home/***/.ivy2/jars/com.amazonaws_aws-java-sdk-bundle-1.12.262.jar at spark://eb88dbfa1959:42991/jars/com.amazonaws_aws-java-sdk-bundle-1.12.262.jar with timestamp 1730629283554
[2024-11-03T10:21:24.428+0000] {spark_submit.py:579} INFO - 24/11/03 10:21:24 INFO SparkContext: Added JAR file:///home/***/.ivy2/jars/org.wildfly.openssl_wildfly-openssl-1.0.7.Final.jar at spark://eb88dbfa1959:42991/jars/org.wildfly.openssl_wildfly-openssl-1.0.7.Final.jar with timestamp 1730629283554
[2024-11-03T10:21:24.430+0000] {spark_submit.py:579} INFO - 24/11/03 10:21:24 INFO SparkContext: Added file file:///home/***/.ivy2/jars/org.apache.hadoop_hadoop-aws-3.3.4.jar at spark://eb88dbfa1959:42991/files/org.apache.hadoop_hadoop-aws-3.3.4.jar with timestamp 1730629283554
[2024-11-03T10:21:24.432+0000] {spark_submit.py:579} INFO - 24/11/03 10:21:24 INFO Utils: Copying /home/***/.ivy2/jars/org.apache.hadoop_hadoop-aws-3.3.4.jar to /tmp/spark-73babfde-f709-4903-a98b-28965160d174/userFiles-67bc1cf9-4c8b-4a74-b68c-e55b2a4662ad/org.apache.hadoop_hadoop-aws-3.3.4.jar
[2024-11-03T10:21:24.448+0000] {spark_submit.py:579} INFO - 24/11/03 10:21:24 INFO SparkContext: Added file file:///home/***/.ivy2/jars/com.amazonaws_aws-java-sdk-bundle-1.12.262.jar at spark://eb88dbfa1959:42991/files/com.amazonaws_aws-java-sdk-bundle-1.12.262.jar with timestamp 1730629283554
[2024-11-03T10:21:24.449+0000] {spark_submit.py:579} INFO - 24/11/03 10:21:24 INFO Utils: Copying /home/***/.ivy2/jars/com.amazonaws_aws-java-sdk-bundle-1.12.262.jar to /tmp/spark-73babfde-f709-4903-a98b-28965160d174/userFiles-67bc1cf9-4c8b-4a74-b68c-e55b2a4662ad/com.amazonaws_aws-java-sdk-bundle-1.12.262.jar
[2024-11-03T10:21:24.837+0000] {spark_submit.py:579} INFO - 24/11/03 10:21:24 INFO SparkContext: Added file file:///home/***/.ivy2/jars/org.wildfly.openssl_wildfly-openssl-1.0.7.Final.jar at spark://eb88dbfa1959:42991/files/org.wildfly.openssl_wildfly-openssl-1.0.7.Final.jar with timestamp 1730629283554
[2024-11-03T10:21:24.838+0000] {spark_submit.py:579} INFO - 24/11/03 10:21:24 INFO Utils: Copying /home/***/.ivy2/jars/org.wildfly.openssl_wildfly-openssl-1.0.7.Final.jar to /tmp/spark-73babfde-f709-4903-a98b-28965160d174/userFiles-67bc1cf9-4c8b-4a74-b68c-e55b2a4662ad/org.wildfly.openssl_wildfly-openssl-1.0.7.Final.jar
[2024-11-03T10:21:24.942+0000] {spark_submit.py:579} INFO - 24/11/03 10:21:24 INFO StandaloneAppClient$ClientEndpoint: Connecting to master spark://spark-master:7077...
[2024-11-03T10:21:24.988+0000] {spark_submit.py:579} INFO - 24/11/03 10:21:24 INFO TransportClientFactory: Successfully created connection to spark-master/172.18.0.5:7077 after 28 ms (0 ms spent in bootstraps)
[2024-11-03T10:21:25.086+0000] {spark_submit.py:579} INFO - 24/11/03 10:21:25 INFO StandaloneSchedulerBackend: Connected to Spark cluster with app ID app-20241103102125-0011
[2024-11-03T10:21:25.089+0000] {spark_submit.py:579} INFO - 24/11/03 10:21:25 INFO StandaloneAppClient$ClientEndpoint: Executor added: app-20241103102125-0011/0 on worker-20241103094523-172.18.0.8-41531 (172.18.0.8:41531) with 2 core(s)
[2024-11-03T10:21:25.092+0000] {spark_submit.py:579} INFO - 24/11/03 10:21:25 INFO StandaloneSchedulerBackend: Granted executor ID app-20241103102125-0011/0 on hostPort 172.18.0.8:41531 with 2 core(s), 2.0 GiB RAM
[2024-11-03T10:21:25.098+0000] {spark_submit.py:579} INFO - 24/11/03 10:21:25 INFO Utils: Successfully started service 'org.apache.spark.network.netty.NettyBlockTransferService' on port 45521.
[2024-11-03T10:21:25.098+0000] {spark_submit.py:579} INFO - 24/11/03 10:21:25 INFO NettyBlockTransferService: Server created on eb88dbfa1959:45521
[2024-11-03T10:21:25.100+0000] {spark_submit.py:579} INFO - 24/11/03 10:21:25 INFO BlockManager: Using org.apache.spark.storage.RandomBlockReplicationPolicy for block replication policy
[2024-11-03T10:21:25.110+0000] {spark_submit.py:579} INFO - 24/11/03 10:21:25 INFO BlockManagerMaster: Registering BlockManager BlockManagerId(driver, eb88dbfa1959, 45521, None)
[2024-11-03T10:21:25.118+0000] {spark_submit.py:579} INFO - 24/11/03 10:21:25 INFO BlockManagerMasterEndpoint: Registering block manager eb88dbfa1959:45521 with 434.4 MiB RAM, BlockManagerId(driver, eb88dbfa1959, 45521, None)
[2024-11-03T10:21:25.121+0000] {spark_submit.py:579} INFO - 24/11/03 10:21:25 INFO BlockManagerMaster: Registered BlockManager BlockManagerId(driver, eb88dbfa1959, 45521, None)
[2024-11-03T10:21:25.124+0000] {spark_submit.py:579} INFO - 24/11/03 10:21:25 INFO BlockManager: Initialized BlockManager: BlockManagerId(driver, eb88dbfa1959, 45521, None)
[2024-11-03T10:21:25.174+0000] {spark_submit.py:579} INFO - 24/11/03 10:21:25 INFO StandaloneAppClient$ClientEndpoint: Executor updated: app-20241103102125-0011/0 is now RUNNING
[2024-11-03T10:21:25.380+0000] {spark_submit.py:579} INFO - 24/11/03 10:21:25 INFO StandaloneSchedulerBackend: SchedulerBackend is ready for scheduling beginning after reached minRegisteredResourcesRatio: 0.0
[2024-11-03T10:21:25.779+0000] {spark_submit.py:579} INFO - 2024-11-03 10:21:25,778 INFO: Spark session initialized successfully.
[2024-11-03T10:21:25.786+0000] {spark_submit.py:579} INFO - 24/11/03 10:21:25 INFO SharedState: Setting hive.metastore.warehouse.dir ('null') to the value of spark.sql.warehouse.dir.
[2024-11-03T10:21:26.082+0000] {spark_submit.py:579} INFO - 24/11/03 10:21:26 WARN MetricsConfig: Cannot locate configuration: tried hadoop-metrics2-s3a-file-system.properties,hadoop-metrics2.properties
[2024-11-03T10:21:26.105+0000] {spark_submit.py:579} INFO - 24/11/03 10:21:26 INFO MetricsSystemImpl: Scheduled Metric snapshot period at 10 second(s).
[2024-11-03T10:21:26.106+0000] {spark_submit.py:579} INFO - 24/11/03 10:21:26 INFO MetricsSystemImpl: s3a-file-system metrics system started
[2024-11-03T10:21:27.983+0000] {spark_submit.py:579} INFO - 24/11/03 10:21:27 INFO SharedState: Warehouse path is 's3a://lakehouse/'.
[2024-11-03T10:21:28.990+0000] {spark_submit.py:579} INFO - 24/11/03 10:21:28 INFO StandaloneSchedulerBackend$StandaloneDriverEndpoint: Registered executor NettyRpcEndpointRef(spark-client://Executor) (172.18.0.8:37982) with ID 0,  ResourceProfileId 0
[2024-11-03T10:21:29.118+0000] {spark_submit.py:579} INFO - 24/11/03 10:21:29 INFO BlockManagerMasterEndpoint: Registering block manager 172.18.0.8:40189 with 1048.8 MiB RAM, BlockManagerId(0, 172.18.0.8, 40189, None)
[2024-11-03T10:21:30.154+0000] {spark_submit.py:579} INFO - 24/11/03 10:21:30 INFO InMemoryFileIndex: It took 131 ms to list leaf files for 1 paths.
[2024-11-03T10:21:31.051+0000] {spark_submit.py:579} INFO - 24/11/03 10:21:31 INFO SparkContext: Starting job: load at NativeMethodAccessorImpl.java:0
[2024-11-03T10:21:31.076+0000] {spark_submit.py:579} INFO - 24/11/03 10:21:31 INFO DAGScheduler: Got job 0 (load at NativeMethodAccessorImpl.java:0) with 1 output partitions
[2024-11-03T10:21:31.077+0000] {spark_submit.py:579} INFO - 24/11/03 10:21:31 INFO DAGScheduler: Final stage: ResultStage 0 (load at NativeMethodAccessorImpl.java:0)
[2024-11-03T10:21:31.078+0000] {spark_submit.py:579} INFO - 24/11/03 10:21:31 INFO DAGScheduler: Parents of final stage: List()
[2024-11-03T10:21:31.081+0000] {spark_submit.py:579} INFO - 24/11/03 10:21:31 INFO DAGScheduler: Missing parents: List()
[2024-11-03T10:21:31.089+0000] {spark_submit.py:579} INFO - 24/11/03 10:21:31 INFO DAGScheduler: Submitting ResultStage 0 (MapPartitionsRDD[1] at load at NativeMethodAccessorImpl.java:0), which has no missing parents
[2024-11-03T10:21:31.188+0000] {spark_submit.py:579} INFO - 24/11/03 10:21:31 INFO MemoryStore: Block broadcast_0 stored as values in memory (estimated size 106.9 KiB, free 434.3 MiB)
[2024-11-03T10:21:31.257+0000] {spark_submit.py:579} INFO - 24/11/03 10:21:31 INFO MemoryStore: Block broadcast_0_piece0 stored as bytes in memory (estimated size 38.9 KiB, free 434.3 MiB)
[2024-11-03T10:21:31.263+0000] {spark_submit.py:579} INFO - 24/11/03 10:21:31 INFO BlockManagerInfo: Added broadcast_0_piece0 in memory on eb88dbfa1959:45521 (size: 38.9 KiB, free: 434.4 MiB)
[2024-11-03T10:21:31.272+0000] {spark_submit.py:579} INFO - 24/11/03 10:21:31 INFO SparkContext: Created broadcast 0 from broadcast at DAGScheduler.scala:1540
[2024-11-03T10:21:31.299+0000] {spark_submit.py:579} INFO - 24/11/03 10:21:31 INFO DAGScheduler: Submitting 1 missing tasks from ResultStage 0 (MapPartitionsRDD[1] at load at NativeMethodAccessorImpl.java:0) (first 15 tasks are for partitions Vector(0))
[2024-11-03T10:21:31.300+0000] {spark_submit.py:579} INFO - 24/11/03 10:21:31 INFO TaskSchedulerImpl: Adding task set 0.0 with 1 tasks resource profile 0
[2024-11-03T10:21:33.029+0000] {spark_submit.py:579} INFO - 24/11/03 10:21:33 INFO TaskSetManager: Starting task 0.0 in stage 0.0 (TID 0) (172.18.0.8, executor 0, partition 0, PROCESS_LOCAL, 7500 bytes)
[2024-11-03T10:21:33.564+0000] {spark_submit.py:579} INFO - 24/11/03 10:21:33 INFO BlockManagerInfo: Added broadcast_0_piece0 in memory on 172.18.0.8:40189 (size: 38.9 KiB, free: 1048.8 MiB)
[2024-11-03T10:21:35.598+0000] {spark_submit.py:579} INFO - 24/11/03 10:21:35 INFO TaskSetManager: Finished task 0.0 in stage 0.0 (TID 0) in 2602 ms on 172.18.0.8 (executor 0) (1/1)
[2024-11-03T10:21:35.601+0000] {spark_submit.py:579} INFO - 24/11/03 10:21:35 INFO TaskSchedulerImpl: Removed TaskSet 0.0, whose tasks have all completed, from pool
[2024-11-03T10:21:35.608+0000] {spark_submit.py:579} INFO - 24/11/03 10:21:35 INFO DAGScheduler: ResultStage 0 (load at NativeMethodAccessorImpl.java:0) finished in 4.488 s
[2024-11-03T10:21:35.614+0000] {spark_submit.py:579} INFO - 24/11/03 10:21:35 INFO DAGScheduler: Job 0 is finished. Cancelling potential speculative or zombie tasks for this job
[2024-11-03T10:21:35.615+0000] {spark_submit.py:579} INFO - 24/11/03 10:21:35 INFO TaskSchedulerImpl: Killing all running tasks in stage 0: Stage finished
[2024-11-03T10:21:35.617+0000] {spark_submit.py:579} INFO - 24/11/03 10:21:35 INFO DAGScheduler: Job 0 finished: load at NativeMethodAccessorImpl.java:0, took 4.565345 s
[2024-11-03T10:21:36.028+0000] {spark_submit.py:579} INFO - 24/11/03 10:21:36 INFO BlockManagerInfo: Removed broadcast_0_piece0 on eb88dbfa1959:45521 in memory (size: 38.9 KiB, free: 434.4 MiB)
[2024-11-03T10:21:36.037+0000] {spark_submit.py:579} INFO - 24/11/03 10:21:36 INFO BlockManagerInfo: Removed broadcast_0_piece0 on 172.18.0.8:40189 in memory (size: 38.9 KiB, free: 1048.8 MiB)
[2024-11-03T10:21:37.579+0000] {spark_submit.py:579} INFO - 2024-11-03 10:21:37,578 ERROR: Error during cleaning process: 'Column' object is not callable
[2024-11-03T10:21:37.581+0000] {spark_submit.py:579} INFO - 2024-11-03 10:21:37,581 ERROR: Traceback (most recent call last):
[2024-11-03T10:21:37.581+0000] {spark_submit.py:579} INFO - File "/opt/***/jobs/python/test_Credit.py", line 103, in clean_credits
[2024-11-03T10:21:37.582+0000] {spark_submit.py:579} INFO - df['cast'] = df['cast'].apply(lambda x: eval(x) if isinstance(x, str) else x)
[2024-11-03T10:21:37.583+0000] {spark_submit.py:579} INFO - ^^^^^^^^^^^^^^^^^^^^^^^^^^^^^^^^^^^^^^^^^^^^^^^^^^^^^^^^^^^^^^^^
[2024-11-03T10:21:37.583+0000] {spark_submit.py:579} INFO - TypeError: 'Column' object is not callable
[2024-11-03T10:21:37.583+0000] {spark_submit.py:579} INFO - 
[2024-11-03T10:21:37.584+0000] {spark_submit.py:579} INFO - 24/11/03 10:21:37 INFO SparkContext: SparkContext is stopping with exitCode 0.
[2024-11-03T10:21:37.597+0000] {spark_submit.py:579} INFO - 24/11/03 10:21:37 INFO SparkUI: Stopped Spark web UI at http://eb88dbfa1959:4040
[2024-11-03T10:21:37.602+0000] {spark_submit.py:579} INFO - 24/11/03 10:21:37 INFO StandaloneSchedulerBackend: Shutting down all executors
[2024-11-03T10:21:37.603+0000] {spark_submit.py:579} INFO - 24/11/03 10:21:37 INFO StandaloneSchedulerBackend$StandaloneDriverEndpoint: Asking each executor to shut down
[2024-11-03T10:21:37.630+0000] {spark_submit.py:579} INFO - 24/11/03 10:21:37 INFO MapOutputTrackerMasterEndpoint: MapOutputTrackerMasterEndpoint stopped!
[2024-11-03T10:21:37.652+0000] {spark_submit.py:579} INFO - 24/11/03 10:21:37 INFO MemoryStore: MemoryStore cleared
[2024-11-03T10:21:37.653+0000] {spark_submit.py:579} INFO - 24/11/03 10:21:37 INFO BlockManager: BlockManager stopped
[2024-11-03T10:21:37.657+0000] {spark_submit.py:579} INFO - 24/11/03 10:21:37 INFO BlockManagerMaster: BlockManagerMaster stopped
[2024-11-03T10:21:37.661+0000] {spark_submit.py:579} INFO - 24/11/03 10:21:37 INFO OutputCommitCoordinator$OutputCommitCoordinatorEndpoint: OutputCommitCoordinator stopped!
[2024-11-03T10:21:37.726+0000] {spark_submit.py:579} INFO - 24/11/03 10:21:37 INFO SparkContext: Successfully stopped SparkContext
[2024-11-03T10:21:37.939+0000] {spark_submit.py:579} INFO - 2024-11-03 10:21:37,938 INFO: Closing down clientserver connection
[2024-11-03T10:21:38.074+0000] {spark_submit.py:579} INFO - 24/11/03 10:21:38 INFO ShutdownHookManager: Shutdown hook called
[2024-11-03T10:21:38.076+0000] {spark_submit.py:579} INFO - 24/11/03 10:21:38 INFO ShutdownHookManager: Deleting directory /tmp/spark-73babfde-f709-4903-a98b-28965160d174
[2024-11-03T10:21:38.088+0000] {spark_submit.py:579} INFO - 24/11/03 10:21:38 INFO ShutdownHookManager: Deleting directory /tmp/spark-73babfde-f709-4903-a98b-28965160d174/pyspark-fbf18613-3877-4356-a64b-13d3bd30b933
[2024-11-03T10:21:38.099+0000] {spark_submit.py:579} INFO - 24/11/03 10:21:38 INFO ShutdownHookManager: Deleting directory /tmp/spark-9dc5d37d-7342-4f1c-849b-13fcd9466609
[2024-11-03T10:21:38.113+0000] {spark_submit.py:579} INFO - 24/11/03 10:21:38 INFO MetricsSystemImpl: Stopping s3a-file-system metrics system...
[2024-11-03T10:21:38.113+0000] {spark_submit.py:579} INFO - 24/11/03 10:21:38 INFO MetricsSystemImpl: s3a-file-system metrics system stopped.
[2024-11-03T10:21:38.114+0000] {spark_submit.py:579} INFO - 24/11/03 10:21:38 INFO MetricsSystemImpl: s3a-file-system metrics system shutdown complete.
[2024-11-03T10:21:38.199+0000] {taskinstance.py:1935} ERROR - Task failed with exception
Traceback (most recent call last):
  File "/home/airflow/.local/lib/python3.11/site-packages/airflow/providers/apache/spark/operators/spark_submit.py", line 174, in execute
    self._hook.submit(self.application)
  File "/home/airflow/.local/lib/python3.11/site-packages/airflow/providers/apache/spark/hooks/spark_submit.py", line 505, in submit
    raise AirflowException(
airflow.exceptions.AirflowException: Cannot execute: spark-submit --master spark://spark-master:7077 --conf spark.sql.extensions=io.delta.sql.DeltaSparkSessionExtension --conf spark.sql.catalog.spark_catalog=org.apache.spark.sql.delta.catalog.DeltaCatalog --jars /opt/***/jars/hadoop-aws-3.3.4.jar,/opt/***/jars/s3-2.18.41.jar,/opt/***/jars/aws-java-sdk-1.12.367.jar,/opt/***/jars/delta-core_2.12-2.4.0.jar,/opt/***/jars/delta-storage-2.2.0.jar, --packages org.apache.hadoop:hadoop-aws:3.3.4 --num-executors 2 --total-executor-cores 2 --executor-cores 2 --executor-memory 2g --driver-memory 1g --name arrow-spark --deploy-mode client /opt/***/jobs/python/test_Credit.py s3a://lakehouse/bronze/credits.parquet s3a://lakehouse/sliver/credit. Error code is: 1.
[2024-11-03T10:21:38.204+0000] {taskinstance.py:1398} INFO - Marking task as UP_FOR_RETRY. dag_id=task_credits_clean, task_id=credits_cleaned, execution_date=20241103T102115, start_date=20241103T102118, end_date=20241103T102138
[2024-11-03T10:21:38.223+0000] {standard_task_runner.py:104} ERROR - Failed to execute job 161 for task credits_cleaned (Cannot execute: spark-submit --master spark://spark-master:7077 --conf spark.sql.extensions=io.delta.sql.DeltaSparkSessionExtension --conf spark.sql.catalog.spark_catalog=org.apache.spark.sql.delta.catalog.DeltaCatalog --jars /opt/***/jars/hadoop-aws-3.3.4.jar,/opt/***/jars/s3-2.18.41.jar,/opt/***/jars/aws-java-sdk-1.12.367.jar,/opt/***/jars/delta-core_2.12-2.4.0.jar,/opt/***/jars/delta-storage-2.2.0.jar, --packages org.apache.hadoop:hadoop-aws:3.3.4 --num-executors 2 --total-executor-cores 2 --executor-cores 2 --executor-memory 2g --driver-memory 1g --name arrow-spark --deploy-mode client /opt/***/jobs/python/test_Credit.py s3a://lakehouse/bronze/credits.parquet s3a://lakehouse/sliver/credit. Error code is: 1.; 6879)
[2024-11-03T10:21:38.265+0000] {local_task_job_runner.py:228} INFO - Task exited with return code 1
[2024-11-03T10:21:38.287+0000] {taskinstance.py:2776} INFO - 0 downstream tasks scheduled from follow-on schedule check
