[2024-10-04T02:02:09.304+0000] {taskinstance.py:1157} INFO - Dependencies all met for dep_context=non-requeueable deps ti=<TaskInstance: sparking_flow.python_job manual__2024-10-04T02:02:06.446445+00:00 [queued]>
[2024-10-04T02:02:09.314+0000] {taskinstance.py:1157} INFO - Dependencies all met for dep_context=requeueable deps ti=<TaskInstance: sparking_flow.python_job manual__2024-10-04T02:02:06.446445+00:00 [queued]>
[2024-10-04T02:02:09.314+0000] {taskinstance.py:1359} INFO - Starting attempt 1 of 1
[2024-10-04T02:02:09.326+0000] {taskinstance.py:1380} INFO - Executing <Task(SparkSubmitOperator): python_job> on 2024-10-04 02:02:06.446445+00:00
[2024-10-04T02:02:09.331+0000] {standard_task_runner.py:57} INFO - Started process 1502 to run task
[2024-10-04T02:02:09.335+0000] {standard_task_runner.py:84} INFO - Running: ['***', 'tasks', 'run', 'sparking_flow', 'python_job', 'manual__2024-10-04T02:02:06.446445+00:00', '--job-id', '27', '--raw', '--subdir', 'DAGS_FOLDER/spark_***.py', '--cfg-path', '/tmp/tmp3wox94j3']
[2024-10-04T02:02:09.338+0000] {standard_task_runner.py:85} INFO - Job 27: Subtask python_job
[2024-10-04T02:02:09.384+0000] {task_command.py:415} INFO - Running <TaskInstance: sparking_flow.python_job manual__2024-10-04T02:02:06.446445+00:00 [running]> on host 928e276d789d
[2024-10-04T02:02:09.453+0000] {taskinstance.py:1660} INFO - Exporting env vars: AIRFLOW_CTX_DAG_OWNER='Yusuf Ganiyu' AIRFLOW_CTX_DAG_ID='sparking_flow' AIRFLOW_CTX_TASK_ID='python_job' AIRFLOW_CTX_EXECUTION_DATE='2024-10-04T02:02:06.446445+00:00' AIRFLOW_CTX_TRY_NUMBER='1' AIRFLOW_CTX_DAG_RUN_ID='manual__2024-10-04T02:02:06.446445+00:00'
[2024-10-04T02:02:09.462+0000] {base.py:73} INFO - Using connection ID 'spark-conn' for task execution.
[2024-10-04T02:02:09.463+0000] {spark_submit.py:403} INFO - Spark-Submit cmd: spark-submit --master spark://spark-master:7077 --name arrow-spark --deploy-mode client jobs/python/wordcountjob.py
[2024-10-04T02:02:09.621+0000] {spark_submit.py:579} INFO - /home/***/.local/lib/python3.11/site-packages/pyspark/bin/load-spark-env.sh: line 68: ps: command not found
[2024-10-04T02:02:13.917+0000] {spark_submit.py:579} INFO - 24/10/04 02:02:13 INFO SparkContext: Running Spark version 3.5.1
[2024-10-04T02:02:13.920+0000] {spark_submit.py:579} INFO - 24/10/04 02:02:13 INFO SparkContext: OS info Linux, 5.15.153.1-microsoft-standard-WSL2, amd64
[2024-10-04T02:02:13.921+0000] {spark_submit.py:579} INFO - 24/10/04 02:02:13 INFO SparkContext: Java version 11.0.24
[2024-10-04T02:02:14.035+0000] {spark_submit.py:579} INFO - 24/10/04 02:02:14 WARN NativeCodeLoader: Unable to load native-hadoop library for your platform... using builtin-java classes where applicable
[2024-10-04T02:02:14.190+0000] {spark_submit.py:579} INFO - 24/10/04 02:02:14 INFO ResourceUtils: ==============================================================
[2024-10-04T02:02:14.191+0000] {spark_submit.py:579} INFO - 24/10/04 02:02:14 INFO ResourceUtils: No custom resources configured for spark.driver.
[2024-10-04T02:02:14.192+0000] {spark_submit.py:579} INFO - 24/10/04 02:02:14 INFO ResourceUtils: ==============================================================
[2024-10-04T02:02:14.194+0000] {spark_submit.py:579} INFO - 24/10/04 02:02:14 INFO SparkContext: Submitted application: PythonWordCount
[2024-10-04T02:02:14.225+0000] {spark_submit.py:579} INFO - 24/10/04 02:02:14 INFO ResourceProfile: Default ResourceProfile created, executor resources: Map(memory -> name: memory, amount: 1024, script: , vendor: , offHeap -> name: offHeap, amount: 0, script: , vendor: ), task resources: Map(cpus -> name: cpus, amount: 1.0)
[2024-10-04T02:02:14.241+0000] {spark_submit.py:579} INFO - 24/10/04 02:02:14 INFO ResourceProfile: Limiting resource is cpu
[2024-10-04T02:02:14.242+0000] {spark_submit.py:579} INFO - 24/10/04 02:02:14 INFO ResourceProfileManager: Added ResourceProfile id: 0
[2024-10-04T02:02:14.344+0000] {spark_submit.py:579} INFO - 24/10/04 02:02:14 INFO SecurityManager: Changing view acls to: ***
[2024-10-04T02:02:14.347+0000] {spark_submit.py:579} INFO - 24/10/04 02:02:14 INFO SecurityManager: Changing modify acls to: ***
[2024-10-04T02:02:14.349+0000] {spark_submit.py:579} INFO - 24/10/04 02:02:14 INFO SecurityManager: Changing view acls groups to:
[2024-10-04T02:02:14.350+0000] {spark_submit.py:579} INFO - 24/10/04 02:02:14 INFO SecurityManager: Changing modify acls groups to:
[2024-10-04T02:02:14.351+0000] {spark_submit.py:579} INFO - 24/10/04 02:02:14 INFO SecurityManager: SecurityManager: authentication disabled; ui acls disabled; users with view permissions: ***; groups with view permissions: EMPTY; users with modify permissions: ***; groups with modify permissions: EMPTY
[2024-10-04T02:02:14.894+0000] {spark_submit.py:579} INFO - 24/10/04 02:02:14 INFO Utils: Successfully started service 'sparkDriver' on port 41727.
[2024-10-04T02:02:14.963+0000] {spark_submit.py:579} INFO - 24/10/04 02:02:14 INFO SparkEnv: Registering MapOutputTracker
[2024-10-04T02:02:15.027+0000] {spark_submit.py:579} INFO - 24/10/04 02:02:15 INFO SparkEnv: Registering BlockManagerMaster
[2024-10-04T02:02:15.058+0000] {spark_submit.py:579} INFO - 24/10/04 02:02:15 INFO BlockManagerMasterEndpoint: Using org.apache.spark.storage.DefaultTopologyMapper for getting topology information
[2024-10-04T02:02:15.059+0000] {spark_submit.py:579} INFO - 24/10/04 02:02:15 INFO BlockManagerMasterEndpoint: BlockManagerMasterEndpoint up
[2024-10-04T02:02:15.064+0000] {spark_submit.py:579} INFO - 24/10/04 02:02:15 INFO SparkEnv: Registering BlockManagerMasterHeartbeat
[2024-10-04T02:02:15.098+0000] {spark_submit.py:579} INFO - 24/10/04 02:02:15 INFO DiskBlockManager: Created local directory at /tmp/blockmgr-93a9ccf7-8a01-4e7a-94a2-c12ad8ad9a60
[2024-10-04T02:02:15.114+0000] {spark_submit.py:579} INFO - 24/10/04 02:02:15 INFO MemoryStore: MemoryStore started with capacity 434.4 MiB
[2024-10-04T02:02:15.133+0000] {spark_submit.py:579} INFO - 24/10/04 02:02:15 INFO SparkEnv: Registering OutputCommitCoordinator
[2024-10-04T02:02:15.342+0000] {spark_submit.py:579} INFO - 24/10/04 02:02:15 INFO JettyUtils: Start Jetty 0.0.0.0:4040 for SparkUI
[2024-10-04T02:02:15.448+0000] {spark_submit.py:579} INFO - 24/10/04 02:02:15 INFO Utils: Successfully started service 'SparkUI' on port 4040.
[2024-10-04T02:02:15.673+0000] {spark_submit.py:579} INFO - 24/10/04 02:02:15 INFO StandaloneAppClient$ClientEndpoint: Connecting to master spark://spark-master:7077...
[2024-10-04T02:02:15.752+0000] {spark_submit.py:579} INFO - 24/10/04 02:02:15 INFO TransportClientFactory: Successfully created connection to spark-master/172.18.0.3:7077 after 42 ms (0 ms spent in bootstraps)
[2024-10-04T02:02:16.719+0000] {spark_submit.py:579} INFO - 24/10/04 02:02:16 INFO StandaloneSchedulerBackend: Connected to Spark cluster with app ID app-20241004020216-0001
[2024-10-04T02:02:16.736+0000] {spark_submit.py:579} INFO - 24/10/04 02:02:16 INFO Utils: Successfully started service 'org.apache.spark.network.netty.NettyBlockTransferService' on port 34631.
[2024-10-04T02:02:16.737+0000] {spark_submit.py:579} INFO - 24/10/04 02:02:16 INFO NettyBlockTransferService: Server created on 928e276d789d:34631
[2024-10-04T02:02:16.740+0000] {spark_submit.py:579} INFO - 24/10/04 02:02:16 INFO BlockManager: Using org.apache.spark.storage.RandomBlockReplicationPolicy for block replication policy
[2024-10-04T02:02:16.752+0000] {spark_submit.py:579} INFO - 24/10/04 02:02:16 INFO BlockManagerMaster: Registering BlockManager BlockManagerId(driver, 928e276d789d, 34631, None)
[2024-10-04T02:02:16.759+0000] {spark_submit.py:579} INFO - 24/10/04 02:02:16 INFO BlockManagerMasterEndpoint: Registering block manager 928e276d789d:34631 with 434.4 MiB RAM, BlockManagerId(driver, 928e276d789d, 34631, None)
[2024-10-04T02:02:16.761+0000] {spark_submit.py:579} INFO - 24/10/04 02:02:16 INFO BlockManagerMaster: Registered BlockManager BlockManagerId(driver, 928e276d789d, 34631, None)
[2024-10-04T02:02:16.764+0000] {spark_submit.py:579} INFO - 24/10/04 02:02:16 INFO BlockManager: Initialized BlockManager: BlockManagerId(driver, 928e276d789d, 34631, None)
[2024-10-04T02:02:17.083+0000] {spark_submit.py:579} INFO - 24/10/04 02:02:17 INFO StandaloneSchedulerBackend: SchedulerBackend is ready for scheduling beginning after reached minRegisteredResourcesRatio: 0.0
[2024-10-04T02:02:17.981+0000] {spark_submit.py:579} INFO - 24/10/04 02:02:17 INFO SparkContext: Starting job: collect at /opt/***/jobs/python/wordcountjob.py:11
[2024-10-04T02:02:18.032+0000] {spark_submit.py:579} INFO - 24/10/04 02:02:18 INFO DAGScheduler: Registering RDD 2 (reduceByKey at /opt/***/jobs/python/wordcountjob.py:9) as input to shuffle 0
[2024-10-04T02:02:18.060+0000] {spark_submit.py:579} INFO - 24/10/04 02:02:18 INFO DAGScheduler: Got job 0 (collect at /opt/***/jobs/python/wordcountjob.py:11) with 2 output partitions
[2024-10-04T02:02:18.062+0000] {spark_submit.py:579} INFO - 24/10/04 02:02:18 INFO DAGScheduler: Final stage: ResultStage 1 (collect at /opt/***/jobs/python/wordcountjob.py:11)
[2024-10-04T02:02:18.063+0000] {spark_submit.py:579} INFO - 24/10/04 02:02:18 INFO DAGScheduler: Parents of final stage: List(ShuffleMapStage 0)
[2024-10-04T02:02:18.066+0000] {spark_submit.py:579} INFO - 24/10/04 02:02:18 INFO DAGScheduler: Missing parents: List(ShuffleMapStage 0)
[2024-10-04T02:02:18.100+0000] {spark_submit.py:579} INFO - 24/10/04 02:02:18 INFO DAGScheduler: Submitting ShuffleMapStage 0 (PairwiseRDD[2] at reduceByKey at /opt/***/jobs/python/wordcountjob.py:9), which has no missing parents
[2024-10-04T02:02:18.290+0000] {spark_submit.py:579} INFO - 24/10/04 02:02:18 INFO MemoryStore: Block broadcast_0 stored as values in memory (estimated size 11.3 KiB, free 434.4 MiB)
[2024-10-04T02:02:18.352+0000] {spark_submit.py:579} INFO - 24/10/04 02:02:18 INFO MemoryStore: Block broadcast_0_piece0 stored as bytes in memory (estimated size 7.1 KiB, free 434.4 MiB)
[2024-10-04T02:02:18.358+0000] {spark_submit.py:579} INFO - 24/10/04 02:02:18 INFO BlockManagerInfo: Added broadcast_0_piece0 in memory on 928e276d789d:34631 (size: 7.1 KiB, free: 434.4 MiB)
[2024-10-04T02:02:18.369+0000] {spark_submit.py:579} INFO - 24/10/04 02:02:18 INFO SparkContext: Created broadcast 0 from broadcast at DAGScheduler.scala:1585
[2024-10-04T02:02:18.400+0000] {spark_submit.py:579} INFO - 24/10/04 02:02:18 INFO DAGScheduler: Submitting 2 missing tasks from ShuffleMapStage 0 (PairwiseRDD[2] at reduceByKey at /opt/***/jobs/python/wordcountjob.py:9) (first 15 tasks are for partitions Vector(0, 1))
[2024-10-04T02:02:18.405+0000] {spark_submit.py:579} INFO - 24/10/04 02:02:18 INFO TaskSchedulerImpl: Adding task set 0.0 with 2 tasks resource profile 0
[2024-10-04T02:02:24.336+0000] {spark_submit.py:579} INFO - 24/10/04 02:02:24 INFO StandaloneAppClient$ClientEndpoint: Executor added: app-20241004020216-0001/0 on worker-20241004012248-172.18.0.6-37871 (172.18.0.6:37871) with 2 core(s)
[2024-10-04T02:02:24.341+0000] {spark_submit.py:579} INFO - 24/10/04 02:02:24 INFO StandaloneSchedulerBackend: Granted executor ID app-20241004020216-0001/0 on hostPort 172.18.0.6:37871 with 2 core(s), 1024.0 MiB RAM
[2024-10-04T02:02:24.428+0000] {spark_submit.py:579} INFO - 24/10/04 02:02:24 INFO StandaloneAppClient$ClientEndpoint: Executor updated: app-20241004020216-0001/0 is now RUNNING
[2024-10-04T02:02:26.935+0000] {spark_submit.py:579} INFO - 24/10/04 02:02:26 INFO StandaloneSchedulerBackend$StandaloneDriverEndpoint: Registered executor NettyRpcEndpointRef(spark-client://Executor) (172.18.0.6:34926) with ID 0,  ResourceProfileId 0
[2024-10-04T02:02:27.012+0000] {spark_submit.py:579} INFO - 24/10/04 02:02:27 INFO BlockManagerMasterEndpoint: Registering block manager 172.18.0.6:39733 with 434.4 MiB RAM, BlockManagerId(0, 172.18.0.6, 39733, None)
[2024-10-04T02:02:27.075+0000] {spark_submit.py:579} INFO - 24/10/04 02:02:27 INFO TaskSetManager: Starting task 0.0 in stage 0.0 (TID 0) (172.18.0.6, executor 0, partition 0, PROCESS_LOCAL, 7655 bytes)
[2024-10-04T02:02:27.078+0000] {spark_submit.py:579} INFO - 24/10/04 02:02:27 INFO TaskSetManager: Starting task 1.0 in stage 0.0 (TID 1) (172.18.0.6, executor 0, partition 1, PROCESS_LOCAL, 7688 bytes)
[2024-10-04T02:02:27.363+0000] {spark_submit.py:579} INFO - 24/10/04 02:02:27 INFO BlockManagerInfo: Added broadcast_0_piece0 in memory on 172.18.0.6:39733 (size: 7.1 KiB, free: 434.4 MiB)
[2024-10-04T02:02:28.603+0000] {spark_submit.py:579} INFO - 24/10/04 02:02:28 INFO TaskSetManager: Finished task 1.0 in stage 0.0 (TID 1) in 1524 ms on 172.18.0.6 (executor 0) (1/2)
[2024-10-04T02:02:28.605+0000] {spark_submit.py:579} INFO - 24/10/04 02:02:28 INFO TaskSetManager: Finished task 0.0 in stage 0.0 (TID 0) in 1545 ms on 172.18.0.6 (executor 0) (2/2)
[2024-10-04T02:02:28.606+0000] {spark_submit.py:579} INFO - 24/10/04 02:02:28 INFO TaskSchedulerImpl: Removed TaskSet 0.0, whose tasks have all completed, from pool
[2024-10-04T02:02:28.610+0000] {spark_submit.py:579} INFO - 24/10/04 02:02:28 INFO PythonAccumulatorV2: Connected to AccumulatorServer at host: 127.0.0.1 port: 36795
[2024-10-04T02:02:28.622+0000] {spark_submit.py:579} INFO - 24/10/04 02:02:28 INFO DAGScheduler: ShuffleMapStage 0 (reduceByKey at /opt/***/jobs/python/wordcountjob.py:9) finished in 10.485 s
[2024-10-04T02:02:28.623+0000] {spark_submit.py:579} INFO - 24/10/04 02:02:28 INFO DAGScheduler: looking for newly runnable stages
[2024-10-04T02:02:28.623+0000] {spark_submit.py:579} INFO - 24/10/04 02:02:28 INFO DAGScheduler: running: Set()
[2024-10-04T02:02:28.624+0000] {spark_submit.py:579} INFO - 24/10/04 02:02:28 INFO DAGScheduler: waiting: Set(ResultStage 1)
[2024-10-04T02:02:28.624+0000] {spark_submit.py:579} INFO - 24/10/04 02:02:28 INFO DAGScheduler: failed: Set()
[2024-10-04T02:02:28.628+0000] {spark_submit.py:579} INFO - 24/10/04 02:02:28 INFO DAGScheduler: Submitting ResultStage 1 (PythonRDD[5] at collect at /opt/***/jobs/python/wordcountjob.py:11), which has no missing parents
[2024-10-04T02:02:28.639+0000] {spark_submit.py:579} INFO - 24/10/04 02:02:28 INFO MemoryStore: Block broadcast_1 stored as values in memory (estimated size 10.1 KiB, free 434.4 MiB)
[2024-10-04T02:02:28.640+0000] {spark_submit.py:579} INFO - 24/10/04 02:02:28 INFO MemoryStore: Block broadcast_1_piece0 stored as bytes in memory (estimated size 6.1 KiB, free 434.4 MiB)
[2024-10-04T02:02:28.641+0000] {spark_submit.py:579} INFO - 24/10/04 02:02:28 INFO BlockManagerInfo: Added broadcast_1_piece0 in memory on 928e276d789d:34631 (size: 6.1 KiB, free: 434.4 MiB)
[2024-10-04T02:02:28.642+0000] {spark_submit.py:579} INFO - 24/10/04 02:02:28 INFO SparkContext: Created broadcast 1 from broadcast at DAGScheduler.scala:1585
[2024-10-04T02:02:28.644+0000] {spark_submit.py:579} INFO - 24/10/04 02:02:28 INFO DAGScheduler: Submitting 2 missing tasks from ResultStage 1 (PythonRDD[5] at collect at /opt/***/jobs/python/wordcountjob.py:11) (first 15 tasks are for partitions Vector(0, 1))
[2024-10-04T02:02:28.645+0000] {spark_submit.py:579} INFO - 24/10/04 02:02:28 INFO TaskSchedulerImpl: Adding task set 1.0 with 2 tasks resource profile 0
[2024-10-04T02:02:28.651+0000] {spark_submit.py:579} INFO - 24/10/04 02:02:28 INFO TaskSetManager: Starting task 0.0 in stage 1.0 (TID 2) (172.18.0.6, executor 0, partition 0, NODE_LOCAL, 7437 bytes)
[2024-10-04T02:02:28.652+0000] {spark_submit.py:579} INFO - 24/10/04 02:02:28 INFO TaskSetManager: Starting task 1.0 in stage 1.0 (TID 3) (172.18.0.6, executor 0, partition 1, NODE_LOCAL, 7437 bytes)
[2024-10-04T02:02:28.676+0000] {spark_submit.py:579} INFO - 24/10/04 02:02:28 INFO BlockManagerInfo: Added broadcast_1_piece0 in memory on 172.18.0.6:39733 (size: 6.1 KiB, free: 434.4 MiB)
[2024-10-04T02:02:28.755+0000] {spark_submit.py:579} INFO - 24/10/04 02:02:28 INFO MapOutputTrackerMasterEndpoint: Asked to send map output locations for shuffle 0 to 172.18.0.6:34926
[2024-10-04T02:02:28.965+0000] {spark_submit.py:579} INFO - 24/10/04 02:02:28 INFO TaskSetManager: Finished task 0.0 in stage 1.0 (TID 2) in 317 ms on 172.18.0.6 (executor 0) (1/2)
[2024-10-04T02:02:28.966+0000] {spark_submit.py:579} INFO - 24/10/04 02:02:28 INFO TaskSetManager: Finished task 1.0 in stage 1.0 (TID 3) in 315 ms on 172.18.0.6 (executor 0) (2/2)
[2024-10-04T02:02:28.967+0000] {spark_submit.py:579} INFO - 24/10/04 02:02:28 INFO TaskSchedulerImpl: Removed TaskSet 1.0, whose tasks have all completed, from pool
[2024-10-04T02:02:28.968+0000] {spark_submit.py:579} INFO - 24/10/04 02:02:28 INFO DAGScheduler: ResultStage 1 (collect at /opt/***/jobs/python/wordcountjob.py:11) finished in 0.332 s
[2024-10-04T02:02:28.971+0000] {spark_submit.py:579} INFO - 24/10/04 02:02:28 INFO DAGScheduler: Job 0 is finished. Cancelling potential speculative or zombie tasks for this job
[2024-10-04T02:02:28.972+0000] {spark_submit.py:579} INFO - 24/10/04 02:02:28 INFO TaskSchedulerImpl: Killing all running tasks in stage 1: Stage finished
[2024-10-04T02:02:28.973+0000] {spark_submit.py:579} INFO - 24/10/04 02:02:28 INFO DAGScheduler: Job 0 finished: collect at /opt/***/jobs/python/wordcountjob.py:11, took 10.991945 s
[2024-10-04T02:02:28.989+0000] {spark_submit.py:579} INFO - Python 1
[2024-10-04T02:02:28.990+0000] {spark_submit.py:579} INFO - Airflow 1
[2024-10-04T02:02:28.990+0000] {spark_submit.py:579} INFO - Docker 1
[2024-10-04T02:02:28.990+0000] {spark_submit.py:579} INFO - and 1
[2024-10-04T02:02:28.991+0000] {spark_submit.py:579} INFO - Yusuf 1
[2024-10-04T02:02:28.991+0000] {spark_submit.py:579} INFO - Hello 5
[2024-10-04T02:02:28.991+0000] {spark_submit.py:579} INFO - Spark 1
[2024-10-04T02:02:28.991+0000] {spark_submit.py:579} INFO - 24/10/04 02:02:28 INFO SparkContext: SparkContext is stopping with exitCode 0.
[2024-10-04T02:02:29.001+0000] {spark_submit.py:579} INFO - 24/10/04 02:02:29 INFO SparkUI: Stopped Spark web UI at http://928e276d789d:4040
[2024-10-04T02:02:29.005+0000] {spark_submit.py:579} INFO - 24/10/04 02:02:29 INFO StandaloneSchedulerBackend: Shutting down all executors
[2024-10-04T02:02:29.005+0000] {spark_submit.py:579} INFO - 24/10/04 02:02:29 INFO StandaloneSchedulerBackend$StandaloneDriverEndpoint: Asking each executor to shut down
[2024-10-04T02:02:29.042+0000] {spark_submit.py:579} INFO - 24/10/04 02:02:29 INFO MapOutputTrackerMasterEndpoint: MapOutputTrackerMasterEndpoint stopped!
[2024-10-04T02:02:29.059+0000] {spark_submit.py:579} INFO - 24/10/04 02:02:29 INFO MemoryStore: MemoryStore cleared
[2024-10-04T02:02:29.060+0000] {spark_submit.py:579} INFO - 24/10/04 02:02:29 INFO BlockManager: BlockManager stopped
[2024-10-04T02:02:29.065+0000] {spark_submit.py:579} INFO - 24/10/04 02:02:29 INFO BlockManagerMaster: BlockManagerMaster stopped
[2024-10-04T02:02:29.068+0000] {spark_submit.py:579} INFO - 24/10/04 02:02:29 INFO OutputCommitCoordinator$OutputCommitCoordinatorEndpoint: OutputCommitCoordinator stopped!
[2024-10-04T02:02:29.084+0000] {spark_submit.py:579} INFO - 24/10/04 02:02:29 INFO SparkContext: Successfully stopped SparkContext
[2024-10-04T02:02:30.041+0000] {spark_submit.py:579} INFO - 24/10/04 02:02:30 INFO ShutdownHookManager: Shutdown hook called
[2024-10-04T02:02:30.043+0000] {spark_submit.py:579} INFO - 24/10/04 02:02:30 INFO ShutdownHookManager: Deleting directory /tmp/spark-85d888f7-4587-4d5b-b56f-61a0ce9d14f6/pyspark-ac64ade0-3a10-4b15-b3fb-75054f08c042
[2024-10-04T02:02:30.046+0000] {spark_submit.py:579} INFO - 24/10/04 02:02:30 INFO ShutdownHookManager: Deleting directory /tmp/spark-85d888f7-4587-4d5b-b56f-61a0ce9d14f6
[2024-10-04T02:02:30.050+0000] {spark_submit.py:579} INFO - 24/10/04 02:02:30 INFO ShutdownHookManager: Deleting directory /tmp/spark-4cea67ae-6367-4d63-a130-1a9c831613ef
[2024-10-04T02:02:30.087+0000] {taskinstance.py:1398} INFO - Marking task as SUCCESS. dag_id=sparking_flow, task_id=python_job, execution_date=20241004T020206, start_date=20241004T020209, end_date=20241004T020230
[2024-10-04T02:02:30.137+0000] {local_task_job_runner.py:228} INFO - Task exited with return code 0
[2024-10-04T02:02:30.162+0000] {taskinstance.py:2776} INFO - 1 downstream tasks scheduled from follow-on schedule check
