[2024-10-25T13:04:17.834+0000] {taskinstance.py:1157} INFO - Dependencies all met for dep_context=non-requeueable deps ti=<TaskInstance: task_credits_clean.credits_cleaned manual__2024-10-25T13:04:15.960795+00:00 [queued]>
[2024-10-25T13:04:17.843+0000] {taskinstance.py:1157} INFO - Dependencies all met for dep_context=requeueable deps ti=<TaskInstance: task_credits_clean.credits_cleaned manual__2024-10-25T13:04:15.960795+00:00 [queued]>
[2024-10-25T13:04:17.844+0000] {taskinstance.py:1359} INFO - Starting attempt 1 of 2
[2024-10-25T13:04:17.857+0000] {taskinstance.py:1380} INFO - Executing <Task(SparkSubmitOperator): credits_cleaned> on 2024-10-25 13:04:15.960795+00:00
[2024-10-25T13:04:17.863+0000] {standard_task_runner.py:57} INFO - Started process 11410 to run task
[2024-10-25T13:04:17.866+0000] {standard_task_runner.py:84} INFO - Running: ['***', 'tasks', 'run', 'task_credits_clean', 'credits_cleaned', 'manual__2024-10-25T13:04:15.960795+00:00', '--job-id', '174', '--raw', '--subdir', 'DAGS_FOLDER/credits_test.py', '--cfg-path', '/tmp/tmp768l4lny']
[2024-10-25T13:04:17.869+0000] {standard_task_runner.py:85} INFO - Job 174: Subtask credits_cleaned
[2024-10-25T13:04:17.916+0000] {task_command.py:415} INFO - Running <TaskInstance: task_credits_clean.credits_cleaned manual__2024-10-25T13:04:15.960795+00:00 [running]> on host 84076e7a47fe
[2024-10-25T13:04:17.994+0000] {taskinstance.py:1660} INFO - Exporting env vars: AIRFLOW_CTX_DAG_OWNER='***' AIRFLOW_CTX_DAG_ID='task_credits_clean' AIRFLOW_CTX_TASK_ID='credits_cleaned' AIRFLOW_CTX_EXECUTION_DATE='2024-10-25T13:04:15.960795+00:00' AIRFLOW_CTX_TRY_NUMBER='1' AIRFLOW_CTX_DAG_RUN_ID='manual__2024-10-25T13:04:15.960795+00:00'
[2024-10-25T13:04:18.003+0000] {base.py:73} INFO - Using connection ID 'spark-conn' for task execution.
[2024-10-25T13:04:18.007+0000] {spark_submit.py:403} INFO - Spark-Submit cmd: spark-submit --master spark://spark-master:7077 --conf spark.sql.extensions=io.delta.sql.DeltaSparkSessionExtension --conf spark.sql.catalog.spark_catalog=org.apache.spark.sql.delta.catalog.DeltaCatalog --jars /opt/***/jars/hadoop-aws-3.3.4.jar,/opt/***/jars/s3-2.18.41.jar,/opt/***/jars/aws-java-sdk-1.12.367.jar,/opt/***/jars/delta-core_2.12-2.4.0.jar,/opt/***/jars/delta-storage-2.2.0.jar, --packages org.apache.hadoop:hadoop-aws:3.3.4 --num-executors 2 --total-executor-cores 2 --executor-cores 2 --executor-memory 2g --driver-memory 1g --name arrow-spark --deploy-mode client /opt/***/jobs/python/test_Credit.py s3a://lakehouse/bronze/credits.parquet s3a://lakehouse/sliver/credit
[2024-10-25T13:04:18.096+0000] {spark_submit.py:579} INFO - /home/***/.local/lib/python3.11/site-packages/pyspark/bin/load-spark-env.sh: line 68: ps: command not found
[2024-10-25T13:04:19.993+0000] {spark_submit.py:579} INFO - :: loading settings :: url = jar:file:/home/***/.local/lib/python3.11/site-packages/pyspark/jars/ivy-2.5.1.jar!/org/apache/ivy/core/settings/ivysettings.xml
[2024-10-25T13:04:20.203+0000] {spark_submit.py:579} INFO - Ivy Default Cache set to: /home/***/.ivy2/cache
[2024-10-25T13:04:20.204+0000] {spark_submit.py:579} INFO - The jars for the packages stored in: /home/***/.ivy2/jars
[2024-10-25T13:04:20.211+0000] {spark_submit.py:579} INFO - org.apache.hadoop#hadoop-aws added as a dependency
[2024-10-25T13:04:20.212+0000] {spark_submit.py:579} INFO - :: resolving dependencies :: org.apache.spark#spark-submit-parent-c1e7ecd5-f7a1-4423-a2d6-214d320d5167;1.0
[2024-10-25T13:04:20.213+0000] {spark_submit.py:579} INFO - confs: [default]
[2024-10-25T13:04:20.373+0000] {spark_submit.py:579} INFO - found org.apache.hadoop#hadoop-aws;3.3.4 in spark-list
[2024-10-25T13:04:20.413+0000] {spark_submit.py:579} INFO - found com.amazonaws#aws-java-sdk-bundle;1.12.262 in central
[2024-10-25T13:04:20.446+0000] {spark_submit.py:579} INFO - found org.wildfly.openssl#wildfly-openssl;1.0.7.Final in spark-list
[2024-10-25T13:04:20.477+0000] {spark_submit.py:579} INFO - :: resolution report :: resolve 255ms :: artifacts dl 10ms
[2024-10-25T13:04:20.478+0000] {spark_submit.py:579} INFO - :: modules in use:
[2024-10-25T13:04:20.479+0000] {spark_submit.py:579} INFO - com.amazonaws#aws-java-sdk-bundle;1.12.262 from central in [default]
[2024-10-25T13:04:20.480+0000] {spark_submit.py:579} INFO - org.apache.hadoop#hadoop-aws;3.3.4 from spark-list in [default]
[2024-10-25T13:04:20.481+0000] {spark_submit.py:579} INFO - org.wildfly.openssl#wildfly-openssl;1.0.7.Final from spark-list in [default]
[2024-10-25T13:04:20.482+0000] {spark_submit.py:579} INFO - ---------------------------------------------------------------------
[2024-10-25T13:04:20.483+0000] {spark_submit.py:579} INFO - |                  |            modules            ||   artifacts   |
[2024-10-25T13:04:20.484+0000] {spark_submit.py:579} INFO - |       conf       | number| search|dwnlded|evicted|| number|dwnlded|
[2024-10-25T13:04:20.485+0000] {spark_submit.py:579} INFO - ---------------------------------------------------------------------
[2024-10-25T13:04:20.485+0000] {spark_submit.py:579} INFO - |      default     |   3   |   0   |   0   |   0   ||   3   |   0   |
[2024-10-25T13:04:20.486+0000] {spark_submit.py:579} INFO - ---------------------------------------------------------------------
[2024-10-25T13:04:20.486+0000] {spark_submit.py:579} INFO - :: retrieving :: org.apache.spark#spark-submit-parent-c1e7ecd5-f7a1-4423-a2d6-214d320d5167
[2024-10-25T13:04:20.487+0000] {spark_submit.py:579} INFO - confs: [default]
[2024-10-25T13:04:20.496+0000] {spark_submit.py:579} INFO - 0 artifacts copied, 3 already retrieved (0kB/11ms)
[2024-10-25T13:04:20.743+0000] {spark_submit.py:579} INFO - 24/10/25 13:04:20 WARN NativeCodeLoader: Unable to load native-hadoop library for your platform... using builtin-java classes where applicable
[2024-10-25T13:04:22.000+0000] {spark_submit.py:579} INFO - 2024-10-25 13:04:21,999 INFO: Initializing Spark session...
[2024-10-25T13:04:22.157+0000] {spark_submit.py:579} INFO - 24/10/25 13:04:22 INFO SparkContext: Running Spark version 3.4.3
[2024-10-25T13:04:22.188+0000] {spark_submit.py:579} INFO - 24/10/25 13:04:22 INFO ResourceUtils: ==============================================================
[2024-10-25T13:04:22.189+0000] {spark_submit.py:579} INFO - 24/10/25 13:04:22 INFO ResourceUtils: No custom resources configured for spark.driver.
[2024-10-25T13:04:22.189+0000] {spark_submit.py:579} INFO - 24/10/25 13:04:22 INFO ResourceUtils: ==============================================================
[2024-10-25T13:04:22.190+0000] {spark_submit.py:579} INFO - 24/10/25 13:04:22 INFO SparkContext: Submitted application: CleanCredits
[2024-10-25T13:04:22.220+0000] {spark_submit.py:579} INFO - 24/10/25 13:04:22 INFO ResourceProfile: Default ResourceProfile created, executor resources: Map(cores -> name: cores, amount: 2, script: , vendor: , memory -> name: memory, amount: 2048, script: , vendor: , offHeap -> name: offHeap, amount: 0, script: , vendor: ), task resources: Map(cpus -> name: cpus, amount: 1.0)
[2024-10-25T13:04:22.235+0000] {spark_submit.py:579} INFO - 24/10/25 13:04:22 INFO ResourceProfile: Limiting resource is cpus at 2 tasks per executor
[2024-10-25T13:04:22.237+0000] {spark_submit.py:579} INFO - 24/10/25 13:04:22 INFO ResourceProfileManager: Added ResourceProfile id: 0
[2024-10-25T13:04:22.302+0000] {spark_submit.py:579} INFO - 24/10/25 13:04:22 INFO SecurityManager: Changing view acls to: ***
[2024-10-25T13:04:22.303+0000] {spark_submit.py:579} INFO - 24/10/25 13:04:22 INFO SecurityManager: Changing modify acls to: ***
[2024-10-25T13:04:22.304+0000] {spark_submit.py:579} INFO - 24/10/25 13:04:22 INFO SecurityManager: Changing view acls groups to:
[2024-10-25T13:04:22.305+0000] {spark_submit.py:579} INFO - 24/10/25 13:04:22 INFO SecurityManager: Changing modify acls groups to:
[2024-10-25T13:04:22.305+0000] {spark_submit.py:579} INFO - 24/10/25 13:04:22 INFO SecurityManager: SecurityManager: authentication disabled; ui acls disabled; users with view permissions: ***; groups with view permissions: EMPTY; users with modify permissions: ***; groups with modify permissions: EMPTY
[2024-10-25T13:04:22.585+0000] {spark_submit.py:579} INFO - 24/10/25 13:04:22 INFO Utils: Successfully started service 'sparkDriver' on port 35389.
[2024-10-25T13:04:22.630+0000] {spark_submit.py:579} INFO - 24/10/25 13:04:22 INFO SparkEnv: Registering MapOutputTracker
[2024-10-25T13:04:22.666+0000] {spark_submit.py:579} INFO - 24/10/25 13:04:22 INFO SparkEnv: Registering BlockManagerMaster
[2024-10-25T13:04:22.686+0000] {spark_submit.py:579} INFO - 24/10/25 13:04:22 INFO BlockManagerMasterEndpoint: Using org.apache.spark.storage.DefaultTopologyMapper for getting topology information
[2024-10-25T13:04:22.686+0000] {spark_submit.py:579} INFO - 24/10/25 13:04:22 INFO BlockManagerMasterEndpoint: BlockManagerMasterEndpoint up
[2024-10-25T13:04:22.691+0000] {spark_submit.py:579} INFO - 24/10/25 13:04:22 INFO SparkEnv: Registering BlockManagerMasterHeartbeat
[2024-10-25T13:04:22.712+0000] {spark_submit.py:579} INFO - 24/10/25 13:04:22 INFO DiskBlockManager: Created local directory at /tmp/blockmgr-afe2d958-7183-461e-b9e5-3a456cb2417a
[2024-10-25T13:04:22.728+0000] {spark_submit.py:579} INFO - 24/10/25 13:04:22 INFO MemoryStore: MemoryStore started with capacity 434.4 MiB
[2024-10-25T13:04:22.747+0000] {spark_submit.py:579} INFO - 24/10/25 13:04:22 INFO SparkEnv: Registering OutputCommitCoordinator
[2024-10-25T13:04:22.883+0000] {spark_submit.py:579} INFO - 24/10/25 13:04:22 INFO JettyUtils: Start Jetty 0.0.0.0:4040 for SparkUI
[2024-10-25T13:04:22.955+0000] {spark_submit.py:579} INFO - 24/10/25 13:04:22 INFO Utils: Successfully started service 'SparkUI' on port 4040.
[2024-10-25T13:04:23.012+0000] {spark_submit.py:579} INFO - 24/10/25 13:04:23 INFO SparkContext: Added JAR file:///opt/***/jars/hadoop-aws-3.3.4.jar at spark://84076e7a47fe:35389/jars/hadoop-aws-3.3.4.jar with timestamp 1729861462144
[2024-10-25T13:04:23.014+0000] {spark_submit.py:579} INFO - 24/10/25 13:04:23 INFO SparkContext: Added JAR file:///opt/***/jars/s3-2.18.41.jar at spark://84076e7a47fe:35389/jars/s3-2.18.41.jar with timestamp 1729861462144
[2024-10-25T13:04:23.016+0000] {spark_submit.py:579} INFO - 24/10/25 13:04:23 INFO SparkContext: Added JAR file:///opt/***/jars/aws-java-sdk-1.12.367.jar at spark://84076e7a47fe:35389/jars/aws-java-sdk-1.12.367.jar with timestamp 1729861462144
[2024-10-25T13:04:23.018+0000] {spark_submit.py:579} INFO - 24/10/25 13:04:23 INFO SparkContext: Added JAR file:///opt/***/jars/delta-core_2.12-2.4.0.jar at spark://84076e7a47fe:35389/jars/delta-core_2.12-2.4.0.jar with timestamp 1729861462144
[2024-10-25T13:04:23.019+0000] {spark_submit.py:579} INFO - 24/10/25 13:04:23 INFO SparkContext: Added JAR file:///opt/***/jars/delta-storage-2.2.0.jar at spark://84076e7a47fe:35389/jars/delta-storage-2.2.0.jar with timestamp 1729861462144
[2024-10-25T13:04:23.020+0000] {spark_submit.py:579} INFO - 24/10/25 13:04:23 INFO SparkContext: Added JAR file:///home/***/.ivy2/jars/org.apache.hadoop_hadoop-aws-3.3.4.jar at spark://84076e7a47fe:35389/jars/org.apache.hadoop_hadoop-aws-3.3.4.jar with timestamp 1729861462144
[2024-10-25T13:04:23.020+0000] {spark_submit.py:579} INFO - 24/10/25 13:04:23 INFO SparkContext: Added JAR file:///home/***/.ivy2/jars/com.amazonaws_aws-java-sdk-bundle-1.12.262.jar at spark://84076e7a47fe:35389/jars/com.amazonaws_aws-java-sdk-bundle-1.12.262.jar with timestamp 1729861462144
[2024-10-25T13:04:23.021+0000] {spark_submit.py:579} INFO - 24/10/25 13:04:23 INFO SparkContext: Added JAR file:///home/***/.ivy2/jars/org.wildfly.openssl_wildfly-openssl-1.0.7.Final.jar at spark://84076e7a47fe:35389/jars/org.wildfly.openssl_wildfly-openssl-1.0.7.Final.jar with timestamp 1729861462144
[2024-10-25T13:04:23.024+0000] {spark_submit.py:579} INFO - 24/10/25 13:04:23 INFO SparkContext: Added file file:///home/***/.ivy2/jars/org.apache.hadoop_hadoop-aws-3.3.4.jar at spark://84076e7a47fe:35389/files/org.apache.hadoop_hadoop-aws-3.3.4.jar with timestamp 1729861462144
[2024-10-25T13:04:23.027+0000] {spark_submit.py:579} INFO - 24/10/25 13:04:23 INFO Utils: Copying /home/***/.ivy2/jars/org.apache.hadoop_hadoop-aws-3.3.4.jar to /tmp/spark-80009f70-e0b5-41bd-89f9-4eeaa76d91b0/userFiles-dacadc2c-094c-4914-94f1-bb524ac5238d/org.apache.hadoop_hadoop-aws-3.3.4.jar
[2024-10-25T13:04:23.046+0000] {spark_submit.py:579} INFO - 24/10/25 13:04:23 INFO SparkContext: Added file file:///home/***/.ivy2/jars/com.amazonaws_aws-java-sdk-bundle-1.12.262.jar at spark://84076e7a47fe:35389/files/com.amazonaws_aws-java-sdk-bundle-1.12.262.jar with timestamp 1729861462144
[2024-10-25T13:04:23.047+0000] {spark_submit.py:579} INFO - 24/10/25 13:04:23 INFO Utils: Copying /home/***/.ivy2/jars/com.amazonaws_aws-java-sdk-bundle-1.12.262.jar to /tmp/spark-80009f70-e0b5-41bd-89f9-4eeaa76d91b0/userFiles-dacadc2c-094c-4914-94f1-bb524ac5238d/com.amazonaws_aws-java-sdk-bundle-1.12.262.jar
[2024-10-25T13:04:23.428+0000] {spark_submit.py:579} INFO - 24/10/25 13:04:23 INFO SparkContext: Added file file:///home/***/.ivy2/jars/org.wildfly.openssl_wildfly-openssl-1.0.7.Final.jar at spark://84076e7a47fe:35389/files/org.wildfly.openssl_wildfly-openssl-1.0.7.Final.jar with timestamp 1729861462144
[2024-10-25T13:04:23.429+0000] {spark_submit.py:579} INFO - 24/10/25 13:04:23 INFO Utils: Copying /home/***/.ivy2/jars/org.wildfly.openssl_wildfly-openssl-1.0.7.Final.jar to /tmp/spark-80009f70-e0b5-41bd-89f9-4eeaa76d91b0/userFiles-dacadc2c-094c-4914-94f1-bb524ac5238d/org.wildfly.openssl_wildfly-openssl-1.0.7.Final.jar
[2024-10-25T13:04:23.529+0000] {spark_submit.py:579} INFO - 24/10/25 13:04:23 INFO StandaloneAppClient$ClientEndpoint: Connecting to master spark://spark-master:7077...
[2024-10-25T13:04:23.581+0000] {spark_submit.py:579} INFO - 24/10/25 13:04:23 INFO TransportClientFactory: Successfully created connection to spark-master/172.18.0.4:7077 after 29 ms (0 ms spent in bootstraps)
[2024-10-25T13:04:23.688+0000] {spark_submit.py:579} INFO - 24/10/25 13:04:23 INFO StandaloneSchedulerBackend: Connected to Spark cluster with app ID app-20241025130423-0022
[2024-10-25T13:04:23.689+0000] {spark_submit.py:579} INFO - 24/10/25 13:04:23 INFO StandaloneAppClient$ClientEndpoint: Executor added: app-20241025130423-0022/0 on worker-20241025115841-172.18.0.5-46301 (172.18.0.5:46301) with 2 core(s)
[2024-10-25T13:04:23.697+0000] {spark_submit.py:579} INFO - 24/10/25 13:04:23 INFO StandaloneSchedulerBackend: Granted executor ID app-20241025130423-0022/0 on hostPort 172.18.0.5:46301 with 2 core(s), 2.0 GiB RAM
[2024-10-25T13:04:23.704+0000] {spark_submit.py:579} INFO - 24/10/25 13:04:23 INFO Utils: Successfully started service 'org.apache.spark.network.netty.NettyBlockTransferService' on port 43313.
[2024-10-25T13:04:23.705+0000] {spark_submit.py:579} INFO - 24/10/25 13:04:23 INFO NettyBlockTransferService: Server created on 84076e7a47fe:43313
[2024-10-25T13:04:23.714+0000] {spark_submit.py:579} INFO - 24/10/25 13:04:23 INFO BlockManager: Using org.apache.spark.storage.RandomBlockReplicationPolicy for block replication policy
[2024-10-25T13:04:23.724+0000] {spark_submit.py:579} INFO - 24/10/25 13:04:23 INFO BlockManagerMaster: Registering BlockManager BlockManagerId(driver, 84076e7a47fe, 43313, None)
[2024-10-25T13:04:23.729+0000] {spark_submit.py:579} INFO - 24/10/25 13:04:23 INFO BlockManagerMasterEndpoint: Registering block manager 84076e7a47fe:43313 with 434.4 MiB RAM, BlockManagerId(driver, 84076e7a47fe, 43313, None)
[2024-10-25T13:04:23.733+0000] {spark_submit.py:579} INFO - 24/10/25 13:04:23 INFO BlockManagerMaster: Registered BlockManager BlockManagerId(driver, 84076e7a47fe, 43313, None)
[2024-10-25T13:04:23.736+0000] {spark_submit.py:579} INFO - 24/10/25 13:04:23 INFO BlockManager: Initialized BlockManager: BlockManagerId(driver, 84076e7a47fe, 43313, None)
[2024-10-25T13:04:23.753+0000] {spark_submit.py:579} INFO - 24/10/25 13:04:23 INFO StandaloneAppClient$ClientEndpoint: Executor updated: app-20241025130423-0022/0 is now RUNNING
[2024-10-25T13:04:24.020+0000] {spark_submit.py:579} INFO - 24/10/25 13:04:24 INFO StandaloneSchedulerBackend: SchedulerBackend is ready for scheduling beginning after reached minRegisteredResourcesRatio: 0.0
[2024-10-25T13:04:24.371+0000] {spark_submit.py:579} INFO - 2024-10-25 13:04:24,371 INFO: Spark session initialized successfully.
[2024-10-25T13:04:24.372+0000] {spark_submit.py:579} INFO - 2024-10-25 13:04:24,371 INFO: Reading data from s3a://lakehouse/bronze/credits.parquet
[2024-10-25T13:04:24.378+0000] {spark_submit.py:579} INFO - 24/10/25 13:04:24 INFO SharedState: Setting hive.metastore.warehouse.dir ('null') to the value of spark.sql.warehouse.dir.
[2024-10-25T13:04:24.637+0000] {spark_submit.py:579} INFO - 24/10/25 13:04:24 WARN MetricsConfig: Cannot locate configuration: tried hadoop-metrics2-s3a-file-system.properties,hadoop-metrics2.properties
[2024-10-25T13:04:24.659+0000] {spark_submit.py:579} INFO - 24/10/25 13:04:24 INFO MetricsSystemImpl: Scheduled Metric snapshot period at 10 second(s).
[2024-10-25T13:04:24.660+0000] {spark_submit.py:579} INFO - 24/10/25 13:04:24 INFO MetricsSystemImpl: s3a-file-system metrics system started
[2024-10-25T13:04:25.995+0000] {spark_submit.py:579} INFO - 24/10/25 13:04:25 INFO SharedState: Warehouse path is 's3a://lakehouse/'.
[2024-10-25T13:04:26.808+0000] {spark_submit.py:579} INFO - 24/10/25 13:04:26 INFO StandaloneSchedulerBackend$StandaloneDriverEndpoint: Registered executor NettyRpcEndpointRef(spark-client://Executor) (172.18.0.5:52142) with ID 0,  ResourceProfileId 0
[2024-10-25T13:04:26.908+0000] {spark_submit.py:579} INFO - 24/10/25 13:04:26 INFO BlockManagerMasterEndpoint: Registering block manager 172.18.0.5:46299 with 1048.8 MiB RAM, BlockManagerId(0, 172.18.0.5, 46299, None)
[2024-10-25T13:04:27.694+0000] {spark_submit.py:579} INFO - 24/10/25 13:04:27 INFO InMemoryFileIndex: It took 97 ms to list leaf files for 1 paths.
[2024-10-25T13:04:30.002+0000] {spark_submit.py:579} INFO - root
[2024-10-25T13:04:30.003+0000] {spark_submit.py:579} INFO - |-- cast: string (nullable = true)
[2024-10-25T13:04:30.004+0000] {spark_submit.py:579} INFO - |-- crew: string (nullable = true)
[2024-10-25T13:04:30.004+0000] {spark_submit.py:579} INFO - |-- id: long (nullable = true)
[2024-10-25T13:04:30.005+0000] {spark_submit.py:579} INFO - 
[2024-10-25T13:04:30.006+0000] {spark_submit.py:579} INFO - 2024-10-25 13:04:30,002 INFO: None
[2024-10-25T13:04:30.007+0000] {spark_submit.py:579} INFO - 2024-10-25 13:04:30,002 INFO: Cleaning data...
[2024-10-25T13:04:30.086+0000] {spark_submit.py:579} INFO - 2024-10-25 13:04:30,085 INFO: Processing data to extract 'director' and 'cast_names'...
[2024-10-25T13:04:30.744+0000] {spark_submit.py:579} INFO - 24/10/25 13:04:30 INFO FileSourceStrategy: Pushed Filters: IsNotNull(cast)
[2024-10-25T13:04:30.747+0000] {spark_submit.py:579} INFO - 24/10/25 13:04:30 INFO FileSourceStrategy: Post-Scan Filters: isnotnull(cast#0)
[2024-10-25T13:04:31.156+0000] {spark_submit.py:579} INFO - 24/10/25 13:04:31 INFO HashAggregateExec: spark.sql.codegen.aggregate.map.twolevel.enabled is set to true, but current version of codegened fast hashmap does not support this aggregate.
[2024-10-25T13:04:31.583+0000] {spark_submit.py:579} INFO - 24/10/25 13:04:31 INFO CodeGenerator: Code generated in 330.218843 ms
[2024-10-25T13:04:31.651+0000] {spark_submit.py:579} INFO - 24/10/25 13:04:31 INFO MemoryStore: Block broadcast_0 stored as values in memory (estimated size 206.6 KiB, free 434.2 MiB)
[2024-10-25T13:04:31.723+0000] {spark_submit.py:579} INFO - 24/10/25 13:04:31 INFO MemoryStore: Block broadcast_0_piece0 stored as bytes in memory (estimated size 36.6 KiB, free 434.2 MiB)
[2024-10-25T13:04:31.729+0000] {spark_submit.py:579} INFO - 24/10/25 13:04:31 INFO BlockManagerInfo: Added broadcast_0_piece0 in memory on 84076e7a47fe:43313 (size: 36.6 KiB, free: 434.4 MiB)
[2024-10-25T13:04:31.738+0000] {spark_submit.py:579} INFO - 24/10/25 13:04:31 INFO SparkContext: Created broadcast 0 from javaToPython at NativeMethodAccessorImpl.java:0
[2024-10-25T13:04:31.780+0000] {spark_submit.py:579} INFO - 24/10/25 13:04:31 INFO FileSourceScanExec: Planning scan with bin packing, max size: 36317959 bytes, open cost is considered as scanning 4194304 bytes.
[2024-10-25T13:04:32.168+0000] {spark_submit.py:579} INFO - 24/10/25 13:04:32 INFO DAGScheduler: Registering RDD 3 (javaToPython at NativeMethodAccessorImpl.java:0) as input to shuffle 0
[2024-10-25T13:04:32.174+0000] {spark_submit.py:579} INFO - 24/10/25 13:04:32 INFO DAGScheduler: Got map stage job 0 (javaToPython at NativeMethodAccessorImpl.java:0) with 2 output partitions
[2024-10-25T13:04:32.175+0000] {spark_submit.py:579} INFO - 24/10/25 13:04:32 INFO DAGScheduler: Final stage: ShuffleMapStage 0 (javaToPython at NativeMethodAccessorImpl.java:0)
[2024-10-25T13:04:32.176+0000] {spark_submit.py:579} INFO - 24/10/25 13:04:32 INFO DAGScheduler: Parents of final stage: List()
[2024-10-25T13:04:32.179+0000] {spark_submit.py:579} INFO - 24/10/25 13:04:32 INFO DAGScheduler: Missing parents: List()
[2024-10-25T13:04:32.184+0000] {spark_submit.py:579} INFO - 24/10/25 13:04:32 INFO DAGScheduler: Submitting ShuffleMapStage 0 (MapPartitionsRDD[3] at javaToPython at NativeMethodAccessorImpl.java:0), which has no missing parents
[2024-10-25T13:04:32.238+0000] {spark_submit.py:579} INFO - 24/10/25 13:04:32 INFO MemoryStore: Block broadcast_1 stored as values in memory (estimated size 32.4 KiB, free 434.1 MiB)
[2024-10-25T13:04:32.250+0000] {spark_submit.py:579} INFO - 24/10/25 13:04:32 INFO MemoryStore: Block broadcast_1_piece0 stored as bytes in memory (estimated size 14.1 KiB, free 434.1 MiB)
[2024-10-25T13:04:32.252+0000] {spark_submit.py:579} INFO - 24/10/25 13:04:32 INFO BlockManagerInfo: Added broadcast_1_piece0 in memory on 84076e7a47fe:43313 (size: 14.1 KiB, free: 434.4 MiB)
[2024-10-25T13:04:32.253+0000] {spark_submit.py:579} INFO - 24/10/25 13:04:32 INFO SparkContext: Created broadcast 1 from broadcast at DAGScheduler.scala:1540
[2024-10-25T13:04:32.291+0000] {spark_submit.py:579} INFO - 24/10/25 13:04:32 INFO DAGScheduler: Submitting 2 missing tasks from ShuffleMapStage 0 (MapPartitionsRDD[3] at javaToPython at NativeMethodAccessorImpl.java:0) (first 15 tasks are for partitions Vector(0, 1))
[2024-10-25T13:04:32.294+0000] {spark_submit.py:579} INFO - 24/10/25 13:04:32 INFO TaskSchedulerImpl: Adding task set 0.0 with 2 tasks resource profile 0
[2024-10-25T13:04:32.369+0000] {spark_submit.py:579} INFO - 24/10/25 13:04:32 INFO TaskSetManager: Starting task 0.0 in stage 0.0 (TID 0) (172.18.0.5, executor 0, partition 0, PROCESS_LOCAL, 7911 bytes)
[2024-10-25T13:04:32.374+0000] {spark_submit.py:579} INFO - 24/10/25 13:04:32 INFO TaskSetManager: Starting task 1.0 in stage 0.0 (TID 1) (172.18.0.5, executor 0, partition 1, PROCESS_LOCAL, 7911 bytes)
[2024-10-25T13:04:32.672+0000] {spark_submit.py:579} INFO - 24/10/25 13:04:32 INFO BlockManagerInfo: Added broadcast_1_piece0 in memory on 172.18.0.5:46299 (size: 14.1 KiB, free: 1048.8 MiB)
[2024-10-25T13:04:33.774+0000] {spark_submit.py:579} INFO - 24/10/25 13:04:33 INFO BlockManagerInfo: Added broadcast_0_piece0 in memory on 172.18.0.5:46299 (size: 36.6 KiB, free: 1048.8 MiB)
[2024-10-25T13:04:35.302+0000] {spark_submit.py:579} INFO - 24/10/25 13:04:35 INFO TaskSetManager: Finished task 1.0 in stage 0.0 (TID 1) in 2928 ms on 172.18.0.5 (executor 0) (1/2)
[2024-10-25T13:04:37.245+0000] {spark_submit.py:579} INFO - 24/10/25 13:04:37 INFO TaskSetManager: Finished task 0.0 in stage 0.0 (TID 0) in 4901 ms on 172.18.0.5 (executor 0) (2/2)
[2024-10-25T13:04:37.246+0000] {spark_submit.py:579} INFO - 24/10/25 13:04:37 INFO TaskSchedulerImpl: Removed TaskSet 0.0, whose tasks have all completed, from pool
[2024-10-25T13:04:37.248+0000] {spark_submit.py:579} INFO - 24/10/25 13:04:37 INFO DAGScheduler: ShuffleMapStage 0 (javaToPython at NativeMethodAccessorImpl.java:0) finished in 5.043 s
[2024-10-25T13:04:37.250+0000] {spark_submit.py:579} INFO - 24/10/25 13:04:37 INFO DAGScheduler: looking for newly runnable stages
[2024-10-25T13:04:37.251+0000] {spark_submit.py:579} INFO - 24/10/25 13:04:37 INFO DAGScheduler: running: Set()
[2024-10-25T13:04:37.251+0000] {spark_submit.py:579} INFO - 24/10/25 13:04:37 INFO DAGScheduler: waiting: Set()
[2024-10-25T13:04:37.252+0000] {spark_submit.py:579} INFO - 24/10/25 13:04:37 INFO DAGScheduler: failed: Set()
[2024-10-25T13:04:37.280+0000] {spark_submit.py:579} INFO - 24/10/25 13:04:37 INFO ShufflePartitionsUtil: For shuffle(0), advisory target size: 67108864, actual target size 40572466, minimum partition size: 1048576
[2024-10-25T13:04:37.294+0000] {spark_submit.py:579} INFO - 24/10/25 13:04:37 INFO HashAggregateExec: spark.sql.codegen.aggregate.map.twolevel.enabled is set to true, but current version of codegened fast hashmap does not support this aggregate.
[2024-10-25T13:04:37.325+0000] {spark_submit.py:579} INFO - 24/10/25 13:04:37 INFO CodeGenerator: Code generated in 22.454794 ms
[2024-10-25T13:04:37.767+0000] {spark_submit.py:579} INFO - 24/10/25 13:04:37 INFO SparkContext: Starting job: runJob at PythonRDD.scala:179
[2024-10-25T13:04:37.772+0000] {spark_submit.py:579} INFO - 24/10/25 13:04:37 INFO DAGScheduler: Got job 1 (runJob at PythonRDD.scala:179) with 1 output partitions
[2024-10-25T13:04:37.773+0000] {spark_submit.py:579} INFO - 24/10/25 13:04:37 INFO DAGScheduler: Final stage: ResultStage 2 (runJob at PythonRDD.scala:179)
[2024-10-25T13:04:37.774+0000] {spark_submit.py:579} INFO - 24/10/25 13:04:37 INFO DAGScheduler: Parents of final stage: List(ShuffleMapStage 1)
[2024-10-25T13:04:37.777+0000] {spark_submit.py:579} INFO - 24/10/25 13:04:37 INFO DAGScheduler: Missing parents: List()
[2024-10-25T13:04:37.780+0000] {spark_submit.py:579} INFO - 24/10/25 13:04:37 INFO DAGScheduler: Submitting ResultStage 2 (PythonRDD[9] at RDD at PythonRDD.scala:53), which has no missing parents
[2024-10-25T13:04:37.806+0000] {spark_submit.py:579} INFO - 24/10/25 13:04:37 INFO MemoryStore: Block broadcast_2 stored as values in memory (estimated size 47.8 KiB, free 434.1 MiB)
[2024-10-25T13:04:37.815+0000] {spark_submit.py:579} INFO - 24/10/25 13:04:37 INFO MemoryStore: Block broadcast_2_piece0 stored as bytes in memory (estimated size 22.0 KiB, free 434.0 MiB)
[2024-10-25T13:04:37.817+0000] {spark_submit.py:579} INFO - 24/10/25 13:04:37 INFO BlockManagerInfo: Added broadcast_2_piece0 in memory on 84076e7a47fe:43313 (size: 22.0 KiB, free: 434.3 MiB)
[2024-10-25T13:04:37.818+0000] {spark_submit.py:579} INFO - 24/10/25 13:04:37 INFO SparkContext: Created broadcast 2 from broadcast at DAGScheduler.scala:1540
[2024-10-25T13:04:37.821+0000] {spark_submit.py:579} INFO - 24/10/25 13:04:37 INFO DAGScheduler: Submitting 1 missing tasks from ResultStage 2 (PythonRDD[9] at RDD at PythonRDD.scala:53) (first 15 tasks are for partitions Vector(0))
[2024-10-25T13:04:37.821+0000] {spark_submit.py:579} INFO - 24/10/25 13:04:37 INFO TaskSchedulerImpl: Adding task set 2.0 with 1 tasks resource profile 0
[2024-10-25T13:04:37.830+0000] {spark_submit.py:579} INFO - 24/10/25 13:04:37 INFO TaskSetManager: Starting task 0.0 in stage 2.0 (TID 2) (172.18.0.5, executor 0, partition 0, NODE_LOCAL, 7367 bytes)
[2024-10-25T13:04:37.861+0000] {spark_submit.py:579} INFO - 24/10/25 13:04:37 INFO BlockManagerInfo: Removed broadcast_1_piece0 on 84076e7a47fe:43313 in memory (size: 14.1 KiB, free: 434.3 MiB)
[2024-10-25T13:04:37.870+0000] {spark_submit.py:579} INFO - 24/10/25 13:04:37 INFO BlockManagerInfo: Removed broadcast_1_piece0 on 172.18.0.5:46299 in memory (size: 14.1 KiB, free: 1048.8 MiB)
[2024-10-25T13:04:37.874+0000] {spark_submit.py:579} INFO - 24/10/25 13:04:37 INFO BlockManagerInfo: Added broadcast_2_piece0 in memory on 172.18.0.5:46299 (size: 22.0 KiB, free: 1048.7 MiB)
[2024-10-25T13:04:38.071+0000] {spark_submit.py:579} INFO - 24/10/25 13:04:38 INFO MapOutputTrackerMasterEndpoint: Asked to send map output locations for shuffle 0 to 172.18.0.5:52142
[2024-10-25T13:04:38.954+0000] {spark_submit.py:579} INFO - 24/10/25 13:04:38 WARN TaskSetManager: Lost task 0.0 in stage 2.0 (TID 2) (172.18.0.5 executor 0): org.apache.spark.api.python.PythonException: Traceback (most recent call last):
[2024-10-25T13:04:38.954+0000] {spark_submit.py:579} INFO - File "/opt/bitnami/spark/python/lib/pyspark.zip/pyspark/worker.py", line 683, in main
[2024-10-25T13:04:38.955+0000] {spark_submit.py:579} INFO - raise RuntimeError(
[2024-10-25T13:04:38.956+0000] {spark_submit.py:579} INFO - RuntimeError: Python in worker has different version 3.12 than that in driver 3.11, PySpark cannot run with different minor versions. Please check environment variables PYSPARK_PYTHON and PYSPARK_DRIVER_PYTHON are correctly set.
[2024-10-25T13:04:38.957+0000] {spark_submit.py:579} INFO - 
[2024-10-25T13:04:38.958+0000] {spark_submit.py:579} INFO - at org.apache.spark.api.python.BasePythonRunner$ReaderIterator.handlePythonException(PythonRunner.scala:561)
[2024-10-25T13:04:38.958+0000] {spark_submit.py:579} INFO - at org.apache.spark.api.python.PythonRunner$$anon$3.read(PythonRunner.scala:767)
[2024-10-25T13:04:38.959+0000] {spark_submit.py:579} INFO - at org.apache.spark.api.python.PythonRunner$$anon$3.read(PythonRunner.scala:749)
[2024-10-25T13:04:38.959+0000] {spark_submit.py:579} INFO - at org.apache.spark.api.python.BasePythonRunner$ReaderIterator.hasNext(PythonRunner.scala:514)
[2024-10-25T13:04:38.960+0000] {spark_submit.py:579} INFO - at org.apache.spark.InterruptibleIterator.hasNext(InterruptibleIterator.scala:37)
[2024-10-25T13:04:38.961+0000] {spark_submit.py:579} INFO - at scala.collection.Iterator.foreach(Iterator.scala:943)
[2024-10-25T13:04:38.961+0000] {spark_submit.py:579} INFO - at scala.collection.Iterator.foreach$(Iterator.scala:943)
[2024-10-25T13:04:38.962+0000] {spark_submit.py:579} INFO - at org.apache.spark.InterruptibleIterator.foreach(InterruptibleIterator.scala:28)
[2024-10-25T13:04:38.963+0000] {spark_submit.py:579} INFO - at scala.collection.generic.Growable.$plus$plus$eq(Growable.scala:62)
[2024-10-25T13:04:38.964+0000] {spark_submit.py:579} INFO - at scala.collection.generic.Growable.$plus$plus$eq$(Growable.scala:53)
[2024-10-25T13:04:38.965+0000] {spark_submit.py:579} INFO - at scala.collection.mutable.ArrayBuffer.$plus$plus$eq(ArrayBuffer.scala:105)
[2024-10-25T13:04:38.966+0000] {spark_submit.py:579} INFO - at scala.collection.mutable.ArrayBuffer.$plus$plus$eq(ArrayBuffer.scala:49)
[2024-10-25T13:04:38.966+0000] {spark_submit.py:579} INFO - at scala.collection.TraversableOnce.to(TraversableOnce.scala:366)
[2024-10-25T13:04:38.967+0000] {spark_submit.py:579} INFO - at scala.collection.TraversableOnce.to$(TraversableOnce.scala:364)
[2024-10-25T13:04:38.968+0000] {spark_submit.py:579} INFO - at org.apache.spark.InterruptibleIterator.to(InterruptibleIterator.scala:28)
[2024-10-25T13:04:38.968+0000] {spark_submit.py:579} INFO - at scala.collection.TraversableOnce.toBuffer(TraversableOnce.scala:358)
[2024-10-25T13:04:38.969+0000] {spark_submit.py:579} INFO - at scala.collection.TraversableOnce.toBuffer$(TraversableOnce.scala:358)
[2024-10-25T13:04:38.970+0000] {spark_submit.py:579} INFO - at org.apache.spark.InterruptibleIterator.toBuffer(InterruptibleIterator.scala:28)
[2024-10-25T13:04:38.971+0000] {spark_submit.py:579} INFO - at scala.collection.TraversableOnce.toArray(TraversableOnce.scala:345)
[2024-10-25T13:04:38.971+0000] {spark_submit.py:579} INFO - at scala.collection.TraversableOnce.toArray$(TraversableOnce.scala:339)
[2024-10-25T13:04:38.972+0000] {spark_submit.py:579} INFO - at org.apache.spark.InterruptibleIterator.toArray(InterruptibleIterator.scala:28)
[2024-10-25T13:04:38.972+0000] {spark_submit.py:579} INFO - at org.apache.spark.api.python.PythonRDD$.$anonfun$runJob$1(PythonRDD.scala:179)
[2024-10-25T13:04:38.973+0000] {spark_submit.py:579} INFO - at org.apache.spark.SparkContext.$anonfun$runJob$5(SparkContext.scala:2303)
[2024-10-25T13:04:38.974+0000] {spark_submit.py:579} INFO - at org.apache.spark.scheduler.ResultTask.runTask(ResultTask.scala:92)
[2024-10-25T13:04:38.974+0000] {spark_submit.py:579} INFO - at org.apache.spark.TaskContext.runTaskWithListeners(TaskContext.scala:161)
[2024-10-25T13:04:38.975+0000] {spark_submit.py:579} INFO - at org.apache.spark.scheduler.Task.run(Task.scala:139)
[2024-10-25T13:04:38.975+0000] {spark_submit.py:579} INFO - at org.apache.spark.executor.Executor$TaskRunner.$anonfun$run$3(Executor.scala:554)
[2024-10-25T13:04:38.976+0000] {spark_submit.py:579} INFO - at org.apache.spark.util.Utils$.tryWithSafeFinally(Utils.scala:1529)
[2024-10-25T13:04:38.977+0000] {spark_submit.py:579} INFO - at org.apache.spark.executor.Executor$TaskRunner.run(Executor.scala:557)
[2024-10-25T13:04:38.978+0000] {spark_submit.py:579} INFO - at java.base/java.util.concurrent.ThreadPoolExecutor.runWorker(ThreadPoolExecutor.java:1136)
[2024-10-25T13:04:38.978+0000] {spark_submit.py:579} INFO - at java.base/java.util.concurrent.ThreadPoolExecutor$Worker.run(ThreadPoolExecutor.java:635)
[2024-10-25T13:04:38.979+0000] {spark_submit.py:579} INFO - at java.base/java.lang.Thread.run(Thread.java:840)
[2024-10-25T13:04:38.979+0000] {spark_submit.py:579} INFO - 
[2024-10-25T13:04:38.980+0000] {spark_submit.py:579} INFO - 24/10/25 13:04:38 INFO TaskSetManager: Starting task 0.1 in stage 2.0 (TID 3) (172.18.0.5, executor 0, partition 0, NODE_LOCAL, 7367 bytes)
[2024-10-25T13:04:39.000+0000] {spark_submit.py:579} INFO - 24/10/25 13:04:38 INFO TaskSetManager: Lost task 0.1 in stage 2.0 (TID 3) on 172.18.0.5, executor 0: org.apache.spark.api.python.PythonException (Traceback (most recent call last):
[2024-10-25T13:04:39.000+0000] {spark_submit.py:579} INFO - File "/opt/bitnami/spark/python/lib/pyspark.zip/pyspark/worker.py", line 683, in main
[2024-10-25T13:04:39.001+0000] {spark_submit.py:579} INFO - raise RuntimeError(
[2024-10-25T13:04:39.002+0000] {spark_submit.py:579} INFO - RuntimeError: Python in worker has different version 3.12 than that in driver 3.11, PySpark cannot run with different minor versions. Please check environment variables PYSPARK_PYTHON and PYSPARK_DRIVER_PYTHON are correctly set.
[2024-10-25T13:04:39.002+0000] {spark_submit.py:579} INFO - ) [duplicate 1]
[2024-10-25T13:04:39.003+0000] {spark_submit.py:579} INFO - 24/10/25 13:04:39 INFO TaskSetManager: Starting task 0.2 in stage 2.0 (TID 4) (172.18.0.5, executor 0, partition 0, NODE_LOCAL, 7367 bytes)
[2024-10-25T13:04:39.044+0000] {spark_submit.py:579} INFO - 24/10/25 13:04:39 INFO TaskSetManager: Lost task 0.2 in stage 2.0 (TID 4) on 172.18.0.5, executor 0: org.apache.spark.api.python.PythonException (Traceback (most recent call last):
[2024-10-25T13:04:39.045+0000] {spark_submit.py:579} INFO - File "/opt/bitnami/spark/python/lib/pyspark.zip/pyspark/worker.py", line 683, in main
[2024-10-25T13:04:39.046+0000] {spark_submit.py:579} INFO - raise RuntimeError(
[2024-10-25T13:04:39.046+0000] {spark_submit.py:579} INFO - RuntimeError: Python in worker has different version 3.12 than that in driver 3.11, PySpark cannot run with different minor versions. Please check environment variables PYSPARK_PYTHON and PYSPARK_DRIVER_PYTHON are correctly set.
[2024-10-25T13:04:39.047+0000] {spark_submit.py:579} INFO - ) [duplicate 2]
[2024-10-25T13:04:39.048+0000] {spark_submit.py:579} INFO - 24/10/25 13:04:39 INFO TaskSetManager: Starting task 0.3 in stage 2.0 (TID 5) (172.18.0.5, executor 0, partition 0, NODE_LOCAL, 7367 bytes)
[2024-10-25T13:04:39.084+0000] {spark_submit.py:579} INFO - 24/10/25 13:04:39 INFO TaskSetManager: Lost task 0.3 in stage 2.0 (TID 5) on 172.18.0.5, executor 0: org.apache.spark.api.python.PythonException (Traceback (most recent call last):
[2024-10-25T13:04:39.085+0000] {spark_submit.py:579} INFO - File "/opt/bitnami/spark/python/lib/pyspark.zip/pyspark/worker.py", line 683, in main
[2024-10-25T13:04:39.086+0000] {spark_submit.py:579} INFO - raise RuntimeError(
[2024-10-25T13:04:39.087+0000] {spark_submit.py:579} INFO - RuntimeError: Python in worker has different version 3.12 than that in driver 3.11, PySpark cannot run with different minor versions. Please check environment variables PYSPARK_PYTHON and PYSPARK_DRIVER_PYTHON are correctly set.
[2024-10-25T13:04:39.087+0000] {spark_submit.py:579} INFO - ) [duplicate 3]
[2024-10-25T13:04:39.088+0000] {spark_submit.py:579} INFO - 24/10/25 13:04:39 ERROR TaskSetManager: Task 0 in stage 2.0 failed 4 times; aborting job
[2024-10-25T13:04:39.089+0000] {spark_submit.py:579} INFO - 24/10/25 13:04:39 INFO TaskSchedulerImpl: Removed TaskSet 2.0, whose tasks have all completed, from pool
[2024-10-25T13:04:39.092+0000] {spark_submit.py:579} INFO - 24/10/25 13:04:39 INFO TaskSchedulerImpl: Cancelling stage 2
[2024-10-25T13:04:39.093+0000] {spark_submit.py:579} INFO - 24/10/25 13:04:39 INFO TaskSchedulerImpl: Killing all running tasks in stage 2: Stage cancelled
[2024-10-25T13:04:39.096+0000] {spark_submit.py:579} INFO - 24/10/25 13:04:39 INFO DAGScheduler: ResultStage 2 (runJob at PythonRDD.scala:179) failed in 1.301 s due to Job aborted due to stage failure: Task 0 in stage 2.0 failed 4 times, most recent failure: Lost task 0.3 in stage 2.0 (TID 5) (172.18.0.5 executor 0): org.apache.spark.api.python.PythonException: Traceback (most recent call last):
[2024-10-25T13:04:39.097+0000] {spark_submit.py:579} INFO - File "/opt/bitnami/spark/python/lib/pyspark.zip/pyspark/worker.py", line 683, in main
[2024-10-25T13:04:39.097+0000] {spark_submit.py:579} INFO - raise RuntimeError(
[2024-10-25T13:04:39.098+0000] {spark_submit.py:579} INFO - RuntimeError: Python in worker has different version 3.12 than that in driver 3.11, PySpark cannot run with different minor versions. Please check environment variables PYSPARK_PYTHON and PYSPARK_DRIVER_PYTHON are correctly set.
[2024-10-25T13:04:39.099+0000] {spark_submit.py:579} INFO - 
[2024-10-25T13:04:39.100+0000] {spark_submit.py:579} INFO - at org.apache.spark.api.python.BasePythonRunner$ReaderIterator.handlePythonException(PythonRunner.scala:561)
[2024-10-25T13:04:39.101+0000] {spark_submit.py:579} INFO - at org.apache.spark.api.python.PythonRunner$$anon$3.read(PythonRunner.scala:767)
[2024-10-25T13:04:39.101+0000] {spark_submit.py:579} INFO - at org.apache.spark.api.python.PythonRunner$$anon$3.read(PythonRunner.scala:749)
[2024-10-25T13:04:39.102+0000] {spark_submit.py:579} INFO - at org.apache.spark.api.python.BasePythonRunner$ReaderIterator.hasNext(PythonRunner.scala:514)
[2024-10-25T13:04:39.103+0000] {spark_submit.py:579} INFO - at org.apache.spark.InterruptibleIterator.hasNext(InterruptibleIterator.scala:37)
[2024-10-25T13:04:39.103+0000] {spark_submit.py:579} INFO - at scala.collection.Iterator.foreach(Iterator.scala:943)
[2024-10-25T13:04:39.104+0000] {spark_submit.py:579} INFO - at scala.collection.Iterator.foreach$(Iterator.scala:943)
[2024-10-25T13:04:39.104+0000] {spark_submit.py:579} INFO - at org.apache.spark.InterruptibleIterator.foreach(InterruptibleIterator.scala:28)
[2024-10-25T13:04:39.104+0000] {spark_submit.py:579} INFO - at scala.collection.generic.Growable.$plus$plus$eq(Growable.scala:62)
[2024-10-25T13:04:39.105+0000] {spark_submit.py:579} INFO - at scala.collection.generic.Growable.$plus$plus$eq$(Growable.scala:53)
[2024-10-25T13:04:39.105+0000] {spark_submit.py:579} INFO - at scala.collection.mutable.ArrayBuffer.$plus$plus$eq(ArrayBuffer.scala:105)
[2024-10-25T13:04:39.106+0000] {spark_submit.py:579} INFO - at scala.collection.mutable.ArrayBuffer.$plus$plus$eq(ArrayBuffer.scala:49)
[2024-10-25T13:04:39.106+0000] {spark_submit.py:579} INFO - at scala.collection.TraversableOnce.to(TraversableOnce.scala:366)
[2024-10-25T13:04:39.107+0000] {spark_submit.py:579} INFO - at scala.collection.TraversableOnce.to$(TraversableOnce.scala:364)
[2024-10-25T13:04:39.107+0000] {spark_submit.py:579} INFO - at org.apache.spark.InterruptibleIterator.to(InterruptibleIterator.scala:28)
[2024-10-25T13:04:39.108+0000] {spark_submit.py:579} INFO - at scala.collection.TraversableOnce.toBuffer(TraversableOnce.scala:358)
[2024-10-25T13:04:39.109+0000] {spark_submit.py:579} INFO - at scala.collection.TraversableOnce.toBuffer$(TraversableOnce.scala:358)
[2024-10-25T13:04:39.109+0000] {spark_submit.py:579} INFO - at org.apache.spark.InterruptibleIterator.toBuffer(InterruptibleIterator.scala:28)
[2024-10-25T13:04:39.110+0000] {spark_submit.py:579} INFO - at scala.collection.TraversableOnce.toArray(TraversableOnce.scala:345)
[2024-10-25T13:04:39.110+0000] {spark_submit.py:579} INFO - at scala.collection.TraversableOnce.toArray$(TraversableOnce.scala:339)
[2024-10-25T13:04:39.111+0000] {spark_submit.py:579} INFO - at org.apache.spark.InterruptibleIterator.toArray(InterruptibleIterator.scala:28)
[2024-10-25T13:04:39.111+0000] {spark_submit.py:579} INFO - at org.apache.spark.api.python.PythonRDD$.$anonfun$runJob$1(PythonRDD.scala:179)
[2024-10-25T13:04:39.112+0000] {spark_submit.py:579} INFO - at org.apache.spark.SparkContext.$anonfun$runJob$5(SparkContext.scala:2303)
[2024-10-25T13:04:39.112+0000] {spark_submit.py:579} INFO - at org.apache.spark.scheduler.ResultTask.runTask(ResultTask.scala:92)
[2024-10-25T13:04:39.113+0000] {spark_submit.py:579} INFO - at org.apache.spark.TaskContext.runTaskWithListeners(TaskContext.scala:161)
[2024-10-25T13:04:39.113+0000] {spark_submit.py:579} INFO - at org.apache.spark.scheduler.Task.run(Task.scala:139)
[2024-10-25T13:04:39.117+0000] {spark_submit.py:579} INFO - at org.apache.spark.executor.Executor$TaskRunner.$anonfun$run$3(Executor.scala:554)
[2024-10-25T13:04:39.118+0000] {spark_submit.py:579} INFO - at org.apache.spark.util.Utils$.tryWithSafeFinally(Utils.scala:1529)
[2024-10-25T13:04:39.119+0000] {spark_submit.py:579} INFO - at org.apache.spark.executor.Executor$TaskRunner.run(Executor.scala:557)
[2024-10-25T13:04:39.119+0000] {spark_submit.py:579} INFO - at java.base/java.util.concurrent.ThreadPoolExecutor.runWorker(ThreadPoolExecutor.java:1136)
[2024-10-25T13:04:39.120+0000] {spark_submit.py:579} INFO - at java.base/java.util.concurrent.ThreadPoolExecutor$Worker.run(ThreadPoolExecutor.java:635)
[2024-10-25T13:04:39.120+0000] {spark_submit.py:579} INFO - at java.base/java.lang.Thread.run(Thread.java:840)
[2024-10-25T13:04:39.121+0000] {spark_submit.py:579} INFO - 
[2024-10-25T13:04:39.121+0000] {spark_submit.py:579} INFO - Driver stacktrace:
[2024-10-25T13:04:39.122+0000] {spark_submit.py:579} INFO - 24/10/25 13:04:39 INFO DAGScheduler: Job 1 failed: runJob at PythonRDD.scala:179, took 1.331533 s
[2024-10-25T13:04:39.287+0000] {spark_submit.py:579} INFO - 2024-10-25 13:04:39,286 ERROR: Error during cleaning process: An error occurred while calling z:org.apache.spark.api.python.PythonRDD.runJob.
[2024-10-25T13:04:39.287+0000] {spark_submit.py:579} INFO - : org.apache.spark.SparkException: Job aborted due to stage failure: Task 0 in stage 2.0 failed 4 times, most recent failure: Lost task 0.3 in stage 2.0 (TID 5) (172.18.0.5 executor 0): org.apache.spark.api.python.PythonException: Traceback (most recent call last):
[2024-10-25T13:04:39.288+0000] {spark_submit.py:579} INFO - File "/opt/bitnami/spark/python/lib/pyspark.zip/pyspark/worker.py", line 683, in main
[2024-10-25T13:04:39.289+0000] {spark_submit.py:579} INFO - raise RuntimeError(
[2024-10-25T13:04:39.289+0000] {spark_submit.py:579} INFO - RuntimeError: Python in worker has different version 3.12 than that in driver 3.11, PySpark cannot run with different minor versions. Please check environment variables PYSPARK_PYTHON and PYSPARK_DRIVER_PYTHON are correctly set.
[2024-10-25T13:04:39.290+0000] {spark_submit.py:579} INFO - 
[2024-10-25T13:04:39.290+0000] {spark_submit.py:579} INFO - at org.apache.spark.api.python.BasePythonRunner$ReaderIterator.handlePythonException(PythonRunner.scala:561)
[2024-10-25T13:04:39.291+0000] {spark_submit.py:579} INFO - at org.apache.spark.api.python.PythonRunner$$anon$3.read(PythonRunner.scala:767)
[2024-10-25T13:04:39.291+0000] {spark_submit.py:579} INFO - at org.apache.spark.api.python.PythonRunner$$anon$3.read(PythonRunner.scala:749)
[2024-10-25T13:04:39.291+0000] {spark_submit.py:579} INFO - at org.apache.spark.api.python.BasePythonRunner$ReaderIterator.hasNext(PythonRunner.scala:514)
[2024-10-25T13:04:39.292+0000] {spark_submit.py:579} INFO - at org.apache.spark.InterruptibleIterator.hasNext(InterruptibleIterator.scala:37)
[2024-10-25T13:04:39.292+0000] {spark_submit.py:579} INFO - at scala.collection.Iterator.foreach(Iterator.scala:943)
[2024-10-25T13:04:39.292+0000] {spark_submit.py:579} INFO - at scala.collection.Iterator.foreach$(Iterator.scala:943)
[2024-10-25T13:04:39.293+0000] {spark_submit.py:579} INFO - at org.apache.spark.InterruptibleIterator.foreach(InterruptibleIterator.scala:28)
[2024-10-25T13:04:39.293+0000] {spark_submit.py:579} INFO - at scala.collection.generic.Growable.$plus$plus$eq(Growable.scala:62)
[2024-10-25T13:04:39.294+0000] {spark_submit.py:579} INFO - at scala.collection.generic.Growable.$plus$plus$eq$(Growable.scala:53)
[2024-10-25T13:04:39.294+0000] {spark_submit.py:579} INFO - at scala.collection.mutable.ArrayBuffer.$plus$plus$eq(ArrayBuffer.scala:105)
[2024-10-25T13:04:39.294+0000] {spark_submit.py:579} INFO - at scala.collection.mutable.ArrayBuffer.$plus$plus$eq(ArrayBuffer.scala:49)
[2024-10-25T13:04:39.295+0000] {spark_submit.py:579} INFO - at scala.collection.TraversableOnce.to(TraversableOnce.scala:366)
[2024-10-25T13:04:39.295+0000] {spark_submit.py:579} INFO - at scala.collection.TraversableOnce.to$(TraversableOnce.scala:364)
[2024-10-25T13:04:39.295+0000] {spark_submit.py:579} INFO - at org.apache.spark.InterruptibleIterator.to(InterruptibleIterator.scala:28)
[2024-10-25T13:04:39.296+0000] {spark_submit.py:579} INFO - at scala.collection.TraversableOnce.toBuffer(TraversableOnce.scala:358)
[2024-10-25T13:04:39.297+0000] {spark_submit.py:579} INFO - at scala.collection.TraversableOnce.toBuffer$(TraversableOnce.scala:358)
[2024-10-25T13:04:39.297+0000] {spark_submit.py:579} INFO - at org.apache.spark.InterruptibleIterator.toBuffer(InterruptibleIterator.scala:28)
[2024-10-25T13:04:39.297+0000] {spark_submit.py:579} INFO - at scala.collection.TraversableOnce.toArray(TraversableOnce.scala:345)
[2024-10-25T13:04:39.298+0000] {spark_submit.py:579} INFO - at scala.collection.TraversableOnce.toArray$(TraversableOnce.scala:339)
[2024-10-25T13:04:39.298+0000] {spark_submit.py:579} INFO - at org.apache.spark.InterruptibleIterator.toArray(InterruptibleIterator.scala:28)
[2024-10-25T13:04:39.298+0000] {spark_submit.py:579} INFO - at org.apache.spark.api.python.PythonRDD$.$anonfun$runJob$1(PythonRDD.scala:179)
[2024-10-25T13:04:39.299+0000] {spark_submit.py:579} INFO - at org.apache.spark.SparkContext.$anonfun$runJob$5(SparkContext.scala:2303)
[2024-10-25T13:04:39.299+0000] {spark_submit.py:579} INFO - at org.apache.spark.scheduler.ResultTask.runTask(ResultTask.scala:92)
[2024-10-25T13:04:39.299+0000] {spark_submit.py:579} INFO - at org.apache.spark.TaskContext.runTaskWithListeners(TaskContext.scala:161)
[2024-10-25T13:04:39.299+0000] {spark_submit.py:579} INFO - at org.apache.spark.scheduler.Task.run(Task.scala:139)
[2024-10-25T13:04:39.300+0000] {spark_submit.py:579} INFO - at org.apache.spark.executor.Executor$TaskRunner.$anonfun$run$3(Executor.scala:554)
[2024-10-25T13:04:39.300+0000] {spark_submit.py:579} INFO - at org.apache.spark.util.Utils$.tryWithSafeFinally(Utils.scala:1529)
[2024-10-25T13:04:39.300+0000] {spark_submit.py:579} INFO - at org.apache.spark.executor.Executor$TaskRunner.run(Executor.scala:557)
[2024-10-25T13:04:39.301+0000] {spark_submit.py:579} INFO - at java.base/java.util.concurrent.ThreadPoolExecutor.runWorker(ThreadPoolExecutor.java:1136)
[2024-10-25T13:04:39.301+0000] {spark_submit.py:579} INFO - at java.base/java.util.concurrent.ThreadPoolExecutor$Worker.run(ThreadPoolExecutor.java:635)
[2024-10-25T13:04:39.301+0000] {spark_submit.py:579} INFO - at java.base/java.lang.Thread.run(Thread.java:840)
[2024-10-25T13:04:39.302+0000] {spark_submit.py:579} INFO - 
[2024-10-25T13:04:39.302+0000] {spark_submit.py:579} INFO - Driver stacktrace:
[2024-10-25T13:04:39.303+0000] {spark_submit.py:579} INFO - at org.apache.spark.scheduler.DAGScheduler.failJobAndIndependentStages(DAGScheduler.scala:2790)
[2024-10-25T13:04:39.303+0000] {spark_submit.py:579} INFO - at org.apache.spark.scheduler.DAGScheduler.$anonfun$abortStage$2(DAGScheduler.scala:2726)
[2024-10-25T13:04:39.304+0000] {spark_submit.py:579} INFO - at org.apache.spark.scheduler.DAGScheduler.$anonfun$abortStage$2$adapted(DAGScheduler.scala:2725)
[2024-10-25T13:04:39.304+0000] {spark_submit.py:579} INFO - at scala.collection.mutable.ResizableArray.foreach(ResizableArray.scala:62)
[2024-10-25T13:04:39.305+0000] {spark_submit.py:579} INFO - at scala.collection.mutable.ResizableArray.foreach$(ResizableArray.scala:55)
[2024-10-25T13:04:39.305+0000] {spark_submit.py:579} INFO - at scala.collection.mutable.ArrayBuffer.foreach(ArrayBuffer.scala:49)
[2024-10-25T13:04:39.305+0000] {spark_submit.py:579} INFO - at org.apache.spark.scheduler.DAGScheduler.abortStage(DAGScheduler.scala:2725)
[2024-10-25T13:04:39.305+0000] {spark_submit.py:579} INFO - at org.apache.spark.scheduler.DAGScheduler.$anonfun$handleTaskSetFailed$1(DAGScheduler.scala:1211)
[2024-10-25T13:04:39.305+0000] {spark_submit.py:579} INFO - at org.apache.spark.scheduler.DAGScheduler.$anonfun$handleTaskSetFailed$1$adapted(DAGScheduler.scala:1211)
[2024-10-25T13:04:39.306+0000] {spark_submit.py:579} INFO - at scala.Option.foreach(Option.scala:407)
[2024-10-25T13:04:39.306+0000] {spark_submit.py:579} INFO - at org.apache.spark.scheduler.DAGScheduler.handleTaskSetFailed(DAGScheduler.scala:1211)
[2024-10-25T13:04:39.306+0000] {spark_submit.py:579} INFO - at org.apache.spark.scheduler.DAGSchedulerEventProcessLoop.doOnReceive(DAGScheduler.scala:2989)
[2024-10-25T13:04:39.306+0000] {spark_submit.py:579} INFO - at org.apache.spark.scheduler.DAGSchedulerEventProcessLoop.onReceive(DAGScheduler.scala:2928)
[2024-10-25T13:04:39.307+0000] {spark_submit.py:579} INFO - at org.apache.spark.scheduler.DAGSchedulerEventProcessLoop.onReceive(DAGScheduler.scala:2917)
[2024-10-25T13:04:39.307+0000] {spark_submit.py:579} INFO - at org.apache.spark.util.EventLoop$$anon$1.run(EventLoop.scala:49)
[2024-10-25T13:04:39.307+0000] {spark_submit.py:579} INFO - at org.apache.spark.scheduler.DAGScheduler.runJob(DAGScheduler.scala:976)
[2024-10-25T13:04:39.307+0000] {spark_submit.py:579} INFO - at org.apache.spark.SparkContext.runJob(SparkContext.scala:2263)
[2024-10-25T13:04:39.308+0000] {spark_submit.py:579} INFO - at org.apache.spark.SparkContext.runJob(SparkContext.scala:2284)
[2024-10-25T13:04:39.308+0000] {spark_submit.py:579} INFO - at org.apache.spark.SparkContext.runJob(SparkContext.scala:2303)
[2024-10-25T13:04:39.308+0000] {spark_submit.py:579} INFO - at org.apache.spark.api.python.PythonRDD$.runJob(PythonRDD.scala:179)
[2024-10-25T13:04:39.308+0000] {spark_submit.py:579} INFO - at org.apache.spark.api.python.PythonRDD.runJob(PythonRDD.scala)
[2024-10-25T13:04:39.308+0000] {spark_submit.py:579} INFO - at java.base/jdk.internal.reflect.NativeMethodAccessorImpl.invoke0(Native Method)
[2024-10-25T13:04:39.309+0000] {spark_submit.py:579} INFO - at java.base/jdk.internal.reflect.NativeMethodAccessorImpl.invoke(NativeMethodAccessorImpl.java:62)
[2024-10-25T13:04:39.309+0000] {spark_submit.py:579} INFO - at java.base/jdk.internal.reflect.DelegatingMethodAccessorImpl.invoke(DelegatingMethodAccessorImpl.java:43)
[2024-10-25T13:04:39.309+0000] {spark_submit.py:579} INFO - at java.base/java.lang.reflect.Method.invoke(Method.java:566)
[2024-10-25T13:04:39.310+0000] {spark_submit.py:579} INFO - at py4j.reflection.MethodInvoker.invoke(MethodInvoker.java:244)
[2024-10-25T13:04:39.311+0000] {spark_submit.py:579} INFO - at py4j.reflection.ReflectionEngine.invoke(ReflectionEngine.java:374)
[2024-10-25T13:04:39.311+0000] {spark_submit.py:579} INFO - at py4j.Gateway.invoke(Gateway.java:282)
[2024-10-25T13:04:39.311+0000] {spark_submit.py:579} INFO - at py4j.commands.AbstractCommand.invokeMethod(AbstractCommand.java:132)
[2024-10-25T13:04:39.311+0000] {spark_submit.py:579} INFO - at py4j.commands.CallCommand.execute(CallCommand.java:79)
[2024-10-25T13:04:39.311+0000] {spark_submit.py:579} INFO - at py4j.ClientServerConnection.waitForCommands(ClientServerConnection.java:182)
[2024-10-25T13:04:39.312+0000] {spark_submit.py:579} INFO - at py4j.ClientServerConnection.run(ClientServerConnection.java:106)
[2024-10-25T13:04:39.312+0000] {spark_submit.py:579} INFO - at java.base/java.lang.Thread.run(Thread.java:829)
[2024-10-25T13:04:39.312+0000] {spark_submit.py:579} INFO - Caused by: org.apache.spark.api.python.PythonException: Traceback (most recent call last):
[2024-10-25T13:04:39.312+0000] {spark_submit.py:579} INFO - File "/opt/bitnami/spark/python/lib/pyspark.zip/pyspark/worker.py", line 683, in main
[2024-10-25T13:04:39.313+0000] {spark_submit.py:579} INFO - raise RuntimeError(
[2024-10-25T13:04:39.313+0000] {spark_submit.py:579} INFO - RuntimeError: Python in worker has different version 3.12 than that in driver 3.11, PySpark cannot run with different minor versions. Please check environment variables PYSPARK_PYTHON and PYSPARK_DRIVER_PYTHON are correctly set.
[2024-10-25T13:04:39.313+0000] {spark_submit.py:579} INFO - 
[2024-10-25T13:04:39.313+0000] {spark_submit.py:579} INFO - at org.apache.spark.api.python.BasePythonRunner$ReaderIterator.handlePythonException(PythonRunner.scala:561)
[2024-10-25T13:04:39.314+0000] {spark_submit.py:579} INFO - at org.apache.spark.api.python.PythonRunner$$anon$3.read(PythonRunner.scala:767)
[2024-10-25T13:04:39.314+0000] {spark_submit.py:579} INFO - at org.apache.spark.api.python.PythonRunner$$anon$3.read(PythonRunner.scala:749)
[2024-10-25T13:04:39.314+0000] {spark_submit.py:579} INFO - at org.apache.spark.api.python.BasePythonRunner$ReaderIterator.hasNext(PythonRunner.scala:514)
[2024-10-25T13:04:39.314+0000] {spark_submit.py:579} INFO - at org.apache.spark.InterruptibleIterator.hasNext(InterruptibleIterator.scala:37)
[2024-10-25T13:04:39.314+0000] {spark_submit.py:579} INFO - at scala.collection.Iterator.foreach(Iterator.scala:943)
[2024-10-25T13:04:39.315+0000] {spark_submit.py:579} INFO - at scala.collection.Iterator.foreach$(Iterator.scala:943)
[2024-10-25T13:04:39.315+0000] {spark_submit.py:579} INFO - at org.apache.spark.InterruptibleIterator.foreach(InterruptibleIterator.scala:28)
[2024-10-25T13:04:39.315+0000] {spark_submit.py:579} INFO - at scala.collection.generic.Growable.$plus$plus$eq(Growable.scala:62)
[2024-10-25T13:04:39.316+0000] {spark_submit.py:579} INFO - at scala.collection.generic.Growable.$plus$plus$eq$(Growable.scala:53)
[2024-10-25T13:04:39.316+0000] {spark_submit.py:579} INFO - at scala.collection.mutable.ArrayBuffer.$plus$plus$eq(ArrayBuffer.scala:105)
[2024-10-25T13:04:39.316+0000] {spark_submit.py:579} INFO - at scala.collection.mutable.ArrayBuffer.$plus$plus$eq(ArrayBuffer.scala:49)
[2024-10-25T13:04:39.317+0000] {spark_submit.py:579} INFO - at scala.collection.TraversableOnce.to(TraversableOnce.scala:366)
[2024-10-25T13:04:39.318+0000] {spark_submit.py:579} INFO - at scala.collection.TraversableOnce.to$(TraversableOnce.scala:364)
[2024-10-25T13:04:39.318+0000] {spark_submit.py:579} INFO - at org.apache.spark.InterruptibleIterator.to(InterruptibleIterator.scala:28)
[2024-10-25T13:04:39.318+0000] {spark_submit.py:579} INFO - at scala.collection.TraversableOnce.toBuffer(TraversableOnce.scala:358)
[2024-10-25T13:04:39.319+0000] {spark_submit.py:579} INFO - at scala.collection.TraversableOnce.toBuffer$(TraversableOnce.scala:358)
[2024-10-25T13:04:39.319+0000] {spark_submit.py:579} INFO - at org.apache.spark.InterruptibleIterator.toBuffer(InterruptibleIterator.scala:28)
[2024-10-25T13:04:39.319+0000] {spark_submit.py:579} INFO - at scala.collection.TraversableOnce.toArray(TraversableOnce.scala:345)
[2024-10-25T13:04:39.319+0000] {spark_submit.py:579} INFO - at scala.collection.TraversableOnce.toArray$(TraversableOnce.scala:339)
[2024-10-25T13:04:39.320+0000] {spark_submit.py:579} INFO - at org.apache.spark.InterruptibleIterator.toArray(InterruptibleIterator.scala:28)
[2024-10-25T13:04:39.320+0000] {spark_submit.py:579} INFO - at org.apache.spark.api.python.PythonRDD$.$anonfun$runJob$1(PythonRDD.scala:179)
[2024-10-25T13:04:39.320+0000] {spark_submit.py:579} INFO - at org.apache.spark.SparkContext.$anonfun$runJob$5(SparkContext.scala:2303)
[2024-10-25T13:04:39.320+0000] {spark_submit.py:579} INFO - at org.apache.spark.scheduler.ResultTask.runTask(ResultTask.scala:92)
[2024-10-25T13:04:39.321+0000] {spark_submit.py:579} INFO - at org.apache.spark.TaskContext.runTaskWithListeners(TaskContext.scala:161)
[2024-10-25T13:04:39.321+0000] {spark_submit.py:579} INFO - at org.apache.spark.scheduler.Task.run(Task.scala:139)
[2024-10-25T13:04:39.321+0000] {spark_submit.py:579} INFO - at org.apache.spark.executor.Executor$TaskRunner.$anonfun$run$3(Executor.scala:554)
[2024-10-25T13:04:39.321+0000] {spark_submit.py:579} INFO - at org.apache.spark.util.Utils$.tryWithSafeFinally(Utils.scala:1529)
[2024-10-25T13:04:39.322+0000] {spark_submit.py:579} INFO - at org.apache.spark.executor.Executor$TaskRunner.run(Executor.scala:557)
[2024-10-25T13:04:39.322+0000] {spark_submit.py:579} INFO - at java.base/java.util.concurrent.ThreadPoolExecutor.runWorker(ThreadPoolExecutor.java:1136)
[2024-10-25T13:04:39.322+0000] {spark_submit.py:579} INFO - at java.base/java.util.concurrent.ThreadPoolExecutor$Worker.run(ThreadPoolExecutor.java:635)
[2024-10-25T13:04:39.322+0000] {spark_submit.py:579} INFO - at java.base/java.lang.Thread.run(Thread.java:840)
[2024-10-25T13:04:39.323+0000] {spark_submit.py:579} INFO - 
[2024-10-25T13:04:39.337+0000] {spark_submit.py:579} INFO - 2024-10-25 13:04:39,337 ERROR: Traceback (most recent call last):
[2024-10-25T13:04:39.338+0000] {spark_submit.py:579} INFO - File "/opt/***/jobs/python/test_Credit.py", line 187, in clean_credits
[2024-10-25T13:04:39.339+0000] {spark_submit.py:579} INFO - .toDF()
[2024-10-25T13:04:39.339+0000] {spark_submit.py:579} INFO - ^^^^^^
[2024-10-25T13:04:39.340+0000] {spark_submit.py:579} INFO - File "/home/***/.local/lib/python3.11/site-packages/pyspark/python/lib/pyspark.zip/pyspark/sql/session.py", line 115, in toDF
[2024-10-25T13:04:39.341+0000] {spark_submit.py:579} INFO - return sparkSession.createDataFrame(self, schema, sampleRatio)
[2024-10-25T13:04:39.341+0000] {spark_submit.py:579} INFO - ^^^^^^^^^^^^^^^^^^^^^^^^^^^^^^^^^^^^^^^^^^^^^^^^^^^^^^^
[2024-10-25T13:04:39.342+0000] {spark_submit.py:579} INFO - File "/home/***/.local/lib/python3.11/site-packages/pyspark/python/lib/pyspark.zip/pyspark/sql/session.py", line 1276, in createDataFrame
[2024-10-25T13:04:39.342+0000] {spark_submit.py:579} INFO - return self._create_dataframe(
[2024-10-25T13:04:39.343+0000] {spark_submit.py:579} INFO - ^^^^^^^^^^^^^^^^^^^^^^^
[2024-10-25T13:04:39.344+0000] {spark_submit.py:579} INFO - File "/home/***/.local/lib/python3.11/site-packages/pyspark/python/lib/pyspark.zip/pyspark/sql/session.py", line 1316, in _create_dataframe
[2024-10-25T13:04:39.344+0000] {spark_submit.py:579} INFO - rdd, struct = self._createFromRDD(data.map(prepare), schema, samplingRatio)
[2024-10-25T13:04:39.345+0000] {spark_submit.py:579} INFO - ^^^^^^^^^^^^^^^^^^^^^^^^^^^^^^^^^^^^^^^^^^^^^^^^^^^^^^^^^^^^^
[2024-10-25T13:04:39.346+0000] {spark_submit.py:579} INFO - File "/home/***/.local/lib/python3.11/site-packages/pyspark/python/lib/pyspark.zip/pyspark/sql/session.py", line 931, in _createFromRDD
[2024-10-25T13:04:39.346+0000] {spark_submit.py:579} INFO - struct = self._inferSchema(rdd, samplingRatio, names=schema)
[2024-10-25T13:04:39.347+0000] {spark_submit.py:579} INFO - ^^^^^^^^^^^^^^^^^^^^^^^^^^^^^^^^^^^^^^^^^^^^^^^^^^^
[2024-10-25T13:04:39.347+0000] {spark_submit.py:579} INFO - File "/home/***/.local/lib/python3.11/site-packages/pyspark/python/lib/pyspark.zip/pyspark/sql/session.py", line 874, in _inferSchema
[2024-10-25T13:04:39.348+0000] {spark_submit.py:579} INFO - first = rdd.first()
[2024-10-25T13:04:39.348+0000] {spark_submit.py:579} INFO - ^^^^^^^^^^^
[2024-10-25T13:04:39.349+0000] {spark_submit.py:579} INFO - File "/home/***/.local/lib/python3.11/site-packages/pyspark/python/lib/pyspark.zip/pyspark/rdd.py", line 2869, in first
[2024-10-25T13:04:39.350+0000] {spark_submit.py:579} INFO - rs = self.take(1)
[2024-10-25T13:04:39.350+0000] {spark_submit.py:579} INFO - ^^^^^^^^^^^^
[2024-10-25T13:04:39.351+0000] {spark_submit.py:579} INFO - File "/home/***/.local/lib/python3.11/site-packages/pyspark/python/lib/pyspark.zip/pyspark/rdd.py", line 2836, in take
[2024-10-25T13:04:39.352+0000] {spark_submit.py:579} INFO - res = self.context.runJob(self, takeUpToNumLeft, p)
[2024-10-25T13:04:39.353+0000] {spark_submit.py:579} INFO - ^^^^^^^^^^^^^^^^^^^^^^^^^^^^^^^^^^^^^^^^^^^^^
[2024-10-25T13:04:39.354+0000] {spark_submit.py:579} INFO - File "/home/***/.local/lib/python3.11/site-packages/pyspark/python/lib/pyspark.zip/pyspark/context.py", line 2319, in runJob
[2024-10-25T13:04:39.354+0000] {spark_submit.py:579} INFO - sock_info = self._jvm.PythonRDD.runJob(self._jsc.sc(), mappedRDD._jrdd, partitions)
[2024-10-25T13:04:39.355+0000] {spark_submit.py:579} INFO - ^^^^^^^^^^^^^^^^^^^^^^^^^^^^^^^^^^^^^^^^^^^^^^^^^^^^^^^^^^^^^^^^^^^^^^^
[2024-10-25T13:04:39.355+0000] {spark_submit.py:579} INFO - File "/home/***/.local/lib/python3.11/site-packages/pyspark/python/lib/py4j-0.10.9.7-src.zip/py4j/java_gateway.py", line 1322, in __call__
[2024-10-25T13:04:39.356+0000] {spark_submit.py:579} INFO - return_value = get_return_value(
[2024-10-25T13:04:39.357+0000] {spark_submit.py:579} INFO - ^^^^^^^^^^^^^^^^^
[2024-10-25T13:04:39.358+0000] {spark_submit.py:579} INFO - File "/home/***/.local/lib/python3.11/site-packages/pyspark/python/lib/pyspark.zip/pyspark/errors/exceptions/captured.py", line 169, in deco
[2024-10-25T13:04:39.359+0000] {spark_submit.py:579} INFO - return f(*a, **kw)
[2024-10-25T13:04:39.360+0000] {spark_submit.py:579} INFO - ^^^^^^^^^^^
[2024-10-25T13:04:39.360+0000] {spark_submit.py:579} INFO - File "/home/***/.local/lib/python3.11/site-packages/pyspark/python/lib/py4j-0.10.9.7-src.zip/py4j/protocol.py", line 326, in get_return_value
[2024-10-25T13:04:39.361+0000] {spark_submit.py:579} INFO - raise Py4JJavaError(
[2024-10-25T13:04:39.362+0000] {spark_submit.py:579} INFO - py4j.protocol.Py4JJavaError: An error occurred while calling z:org.apache.spark.api.python.PythonRDD.runJob.
[2024-10-25T13:04:39.362+0000] {spark_submit.py:579} INFO - : org.apache.spark.SparkException: Job aborted due to stage failure: Task 0 in stage 2.0 failed 4 times, most recent failure: Lost task 0.3 in stage 2.0 (TID 5) (172.18.0.5 executor 0): org.apache.spark.api.python.PythonException: Traceback (most recent call last):
[2024-10-25T13:04:39.363+0000] {spark_submit.py:579} INFO - File "/opt/bitnami/spark/python/lib/pyspark.zip/pyspark/worker.py", line 683, in main
[2024-10-25T13:04:39.363+0000] {spark_submit.py:579} INFO - raise RuntimeError(
[2024-10-25T13:04:39.364+0000] {spark_submit.py:579} INFO - RuntimeError: Python in worker has different version 3.12 than that in driver 3.11, PySpark cannot run with different minor versions. Please check environment variables PYSPARK_PYTHON and PYSPARK_DRIVER_PYTHON are correctly set.
[2024-10-25T13:04:39.364+0000] {spark_submit.py:579} INFO - 
[2024-10-25T13:04:39.365+0000] {spark_submit.py:579} INFO - at org.apache.spark.api.python.BasePythonRunner$ReaderIterator.handlePythonException(PythonRunner.scala:561)
[2024-10-25T13:04:39.366+0000] {spark_submit.py:579} INFO - at org.apache.spark.api.python.PythonRunner$$anon$3.read(PythonRunner.scala:767)
[2024-10-25T13:04:39.366+0000] {spark_submit.py:579} INFO - at org.apache.spark.api.python.PythonRunner$$anon$3.read(PythonRunner.scala:749)
[2024-10-25T13:04:39.367+0000] {spark_submit.py:579} INFO - at org.apache.spark.api.python.BasePythonRunner$ReaderIterator.hasNext(PythonRunner.scala:514)
[2024-10-25T13:04:39.368+0000] {spark_submit.py:579} INFO - at org.apache.spark.InterruptibleIterator.hasNext(InterruptibleIterator.scala:37)
[2024-10-25T13:04:39.368+0000] {spark_submit.py:579} INFO - at scala.collection.Iterator.foreach(Iterator.scala:943)
[2024-10-25T13:04:39.369+0000] {spark_submit.py:579} INFO - at scala.collection.Iterator.foreach$(Iterator.scala:943)
[2024-10-25T13:04:39.369+0000] {spark_submit.py:579} INFO - at org.apache.spark.InterruptibleIterator.foreach(InterruptibleIterator.scala:28)
[2024-10-25T13:04:39.370+0000] {spark_submit.py:579} INFO - at scala.collection.generic.Growable.$plus$plus$eq(Growable.scala:62)
[2024-10-25T13:04:39.370+0000] {spark_submit.py:579} INFO - at scala.collection.generic.Growable.$plus$plus$eq$(Growable.scala:53)
[2024-10-25T13:04:39.371+0000] {spark_submit.py:579} INFO - at scala.collection.mutable.ArrayBuffer.$plus$plus$eq(ArrayBuffer.scala:105)
[2024-10-25T13:04:39.371+0000] {spark_submit.py:579} INFO - at scala.collection.mutable.ArrayBuffer.$plus$plus$eq(ArrayBuffer.scala:49)
[2024-10-25T13:04:39.372+0000] {spark_submit.py:579} INFO - at scala.collection.TraversableOnce.to(TraversableOnce.scala:366)
[2024-10-25T13:04:39.373+0000] {spark_submit.py:579} INFO - at scala.collection.TraversableOnce.to$(TraversableOnce.scala:364)
[2024-10-25T13:04:39.374+0000] {spark_submit.py:579} INFO - at org.apache.spark.InterruptibleIterator.to(InterruptibleIterator.scala:28)
[2024-10-25T13:04:39.374+0000] {spark_submit.py:579} INFO - at scala.collection.TraversableOnce.toBuffer(TraversableOnce.scala:358)
[2024-10-25T13:04:39.375+0000] {spark_submit.py:579} INFO - at scala.collection.TraversableOnce.toBuffer$(TraversableOnce.scala:358)
[2024-10-25T13:04:39.376+0000] {spark_submit.py:579} INFO - at org.apache.spark.InterruptibleIterator.toBuffer(InterruptibleIterator.scala:28)
[2024-10-25T13:04:39.377+0000] {spark_submit.py:579} INFO - at scala.collection.TraversableOnce.toArray(TraversableOnce.scala:345)
[2024-10-25T13:04:39.377+0000] {spark_submit.py:579} INFO - at scala.collection.TraversableOnce.toArray$(TraversableOnce.scala:339)
[2024-10-25T13:04:39.378+0000] {spark_submit.py:579} INFO - at org.apache.spark.InterruptibleIterator.toArray(InterruptibleIterator.scala:28)
[2024-10-25T13:04:39.380+0000] {spark_submit.py:579} INFO - at org.apache.spark.api.python.PythonRDD$.$anonfun$runJob$1(PythonRDD.scala:179)
[2024-10-25T13:04:39.381+0000] {spark_submit.py:579} INFO - at org.apache.spark.SparkContext.$anonfun$runJob$5(SparkContext.scala:2303)
[2024-10-25T13:04:39.381+0000] {spark_submit.py:579} INFO - at org.apache.spark.scheduler.ResultTask.runTask(ResultTask.scala:92)
[2024-10-25T13:04:39.382+0000] {spark_submit.py:579} INFO - at org.apache.spark.TaskContext.runTaskWithListeners(TaskContext.scala:161)
[2024-10-25T13:04:39.383+0000] {spark_submit.py:579} INFO - at org.apache.spark.scheduler.Task.run(Task.scala:139)
[2024-10-25T13:04:39.384+0000] {spark_submit.py:579} INFO - at org.apache.spark.executor.Executor$TaskRunner.$anonfun$run$3(Executor.scala:554)
[2024-10-25T13:04:39.385+0000] {spark_submit.py:579} INFO - at org.apache.spark.util.Utils$.tryWithSafeFinally(Utils.scala:1529)
[2024-10-25T13:04:39.386+0000] {spark_submit.py:579} INFO - at org.apache.spark.executor.Executor$TaskRunner.run(Executor.scala:557)
[2024-10-25T13:04:39.387+0000] {spark_submit.py:579} INFO - at java.base/java.util.concurrent.ThreadPoolExecutor.runWorker(ThreadPoolExecutor.java:1136)
[2024-10-25T13:04:39.388+0000] {spark_submit.py:579} INFO - at java.base/java.util.concurrent.ThreadPoolExecutor$Worker.run(ThreadPoolExecutor.java:635)
[2024-10-25T13:04:39.389+0000] {spark_submit.py:579} INFO - at java.base/java.lang.Thread.run(Thread.java:840)
[2024-10-25T13:04:39.390+0000] {spark_submit.py:579} INFO - 
[2024-10-25T13:04:39.391+0000] {spark_submit.py:579} INFO - Driver stacktrace:
[2024-10-25T13:04:39.392+0000] {spark_submit.py:579} INFO - at org.apache.spark.scheduler.DAGScheduler.failJobAndIndependentStages(DAGScheduler.scala:2790)
[2024-10-25T13:04:39.392+0000] {spark_submit.py:579} INFO - at org.apache.spark.scheduler.DAGScheduler.$anonfun$abortStage$2(DAGScheduler.scala:2726)
[2024-10-25T13:04:39.393+0000] {spark_submit.py:579} INFO - at org.apache.spark.scheduler.DAGScheduler.$anonfun$abortStage$2$adapted(DAGScheduler.scala:2725)
[2024-10-25T13:04:39.394+0000] {spark_submit.py:579} INFO - at scala.collection.mutable.ResizableArray.foreach(ResizableArray.scala:62)
[2024-10-25T13:04:39.395+0000] {spark_submit.py:579} INFO - at scala.collection.mutable.ResizableArray.foreach$(ResizableArray.scala:55)
[2024-10-25T13:04:39.395+0000] {spark_submit.py:579} INFO - at scala.collection.mutable.ArrayBuffer.foreach(ArrayBuffer.scala:49)
[2024-10-25T13:04:39.396+0000] {spark_submit.py:579} INFO - at org.apache.spark.scheduler.DAGScheduler.abortStage(DAGScheduler.scala:2725)
[2024-10-25T13:04:39.397+0000] {spark_submit.py:579} INFO - at org.apache.spark.scheduler.DAGScheduler.$anonfun$handleTaskSetFailed$1(DAGScheduler.scala:1211)
[2024-10-25T13:04:39.398+0000] {spark_submit.py:579} INFO - at org.apache.spark.scheduler.DAGScheduler.$anonfun$handleTaskSetFailed$1$adapted(DAGScheduler.scala:1211)
[2024-10-25T13:04:39.398+0000] {spark_submit.py:579} INFO - at scala.Option.foreach(Option.scala:407)
[2024-10-25T13:04:39.399+0000] {spark_submit.py:579} INFO - at org.apache.spark.scheduler.DAGScheduler.handleTaskSetFailed(DAGScheduler.scala:1211)
[2024-10-25T13:04:39.400+0000] {spark_submit.py:579} INFO - at org.apache.spark.scheduler.DAGSchedulerEventProcessLoop.doOnReceive(DAGScheduler.scala:2989)
[2024-10-25T13:04:39.401+0000] {spark_submit.py:579} INFO - at org.apache.spark.scheduler.DAGSchedulerEventProcessLoop.onReceive(DAGScheduler.scala:2928)
[2024-10-25T13:04:39.402+0000] {spark_submit.py:579} INFO - at org.apache.spark.scheduler.DAGSchedulerEventProcessLoop.onReceive(DAGScheduler.scala:2917)
[2024-10-25T13:04:39.403+0000] {spark_submit.py:579} INFO - at org.apache.spark.util.EventLoop$$anon$1.run(EventLoop.scala:49)
[2024-10-25T13:04:39.403+0000] {spark_submit.py:579} INFO - at org.apache.spark.scheduler.DAGScheduler.runJob(DAGScheduler.scala:976)
[2024-10-25T13:04:39.404+0000] {spark_submit.py:579} INFO - at org.apache.spark.SparkContext.runJob(SparkContext.scala:2263)
[2024-10-25T13:04:39.405+0000] {spark_submit.py:579} INFO - at org.apache.spark.SparkContext.runJob(SparkContext.scala:2284)
[2024-10-25T13:04:39.405+0000] {spark_submit.py:579} INFO - at org.apache.spark.SparkContext.runJob(SparkContext.scala:2303)
[2024-10-25T13:04:39.406+0000] {spark_submit.py:579} INFO - at org.apache.spark.api.python.PythonRDD$.runJob(PythonRDD.scala:179)
[2024-10-25T13:04:39.407+0000] {spark_submit.py:579} INFO - at org.apache.spark.api.python.PythonRDD.runJob(PythonRDD.scala)
[2024-10-25T13:04:39.408+0000] {spark_submit.py:579} INFO - at java.base/jdk.internal.reflect.NativeMethodAccessorImpl.invoke0(Native Method)
[2024-10-25T13:04:39.409+0000] {spark_submit.py:579} INFO - at java.base/jdk.internal.reflect.NativeMethodAccessorImpl.invoke(NativeMethodAccessorImpl.java:62)
[2024-10-25T13:04:39.410+0000] {spark_submit.py:579} INFO - at java.base/jdk.internal.reflect.DelegatingMethodAccessorImpl.invoke(DelegatingMethodAccessorImpl.java:43)
[2024-10-25T13:04:39.411+0000] {spark_submit.py:579} INFO - at java.base/java.lang.reflect.Method.invoke(Method.java:566)
[2024-10-25T13:04:39.411+0000] {spark_submit.py:579} INFO - at py4j.reflection.MethodInvoker.invoke(MethodInvoker.java:244)
[2024-10-25T13:04:39.412+0000] {spark_submit.py:579} INFO - at py4j.reflection.ReflectionEngine.invoke(ReflectionEngine.java:374)
[2024-10-25T13:04:39.413+0000] {spark_submit.py:579} INFO - at py4j.Gateway.invoke(Gateway.java:282)
[2024-10-25T13:04:39.413+0000] {spark_submit.py:579} INFO - at py4j.commands.AbstractCommand.invokeMethod(AbstractCommand.java:132)
[2024-10-25T13:04:39.414+0000] {spark_submit.py:579} INFO - at py4j.commands.CallCommand.execute(CallCommand.java:79)
[2024-10-25T13:04:39.415+0000] {spark_submit.py:579} INFO - at py4j.ClientServerConnection.waitForCommands(ClientServerConnection.java:182)
[2024-10-25T13:04:39.416+0000] {spark_submit.py:579} INFO - at py4j.ClientServerConnection.run(ClientServerConnection.java:106)
[2024-10-25T13:04:39.416+0000] {spark_submit.py:579} INFO - at java.base/java.lang.Thread.run(Thread.java:829)
[2024-10-25T13:04:39.417+0000] {spark_submit.py:579} INFO - Caused by: org.apache.spark.api.python.PythonException: Traceback (most recent call last):
[2024-10-25T13:04:39.417+0000] {spark_submit.py:579} INFO - File "/opt/bitnami/spark/python/lib/pyspark.zip/pyspark/worker.py", line 683, in main
[2024-10-25T13:04:39.418+0000] {spark_submit.py:579} INFO - raise RuntimeError(
[2024-10-25T13:04:39.418+0000] {spark_submit.py:579} INFO - RuntimeError: Python in worker has different version 3.12 than that in driver 3.11, PySpark cannot run with different minor versions. Please check environment variables PYSPARK_PYTHON and PYSPARK_DRIVER_PYTHON are correctly set.
[2024-10-25T13:04:39.419+0000] {spark_submit.py:579} INFO - 
[2024-10-25T13:04:39.419+0000] {spark_submit.py:579} INFO - at org.apache.spark.api.python.BasePythonRunner$ReaderIterator.handlePythonException(PythonRunner.scala:561)
[2024-10-25T13:04:39.420+0000] {spark_submit.py:579} INFO - at org.apache.spark.api.python.PythonRunner$$anon$3.read(PythonRunner.scala:767)
[2024-10-25T13:04:39.421+0000] {spark_submit.py:579} INFO - at org.apache.spark.api.python.PythonRunner$$anon$3.read(PythonRunner.scala:749)
[2024-10-25T13:04:39.422+0000] {spark_submit.py:579} INFO - at org.apache.spark.api.python.BasePythonRunner$ReaderIterator.hasNext(PythonRunner.scala:514)
[2024-10-25T13:04:39.422+0000] {spark_submit.py:579} INFO - at org.apache.spark.InterruptibleIterator.hasNext(InterruptibleIterator.scala:37)
[2024-10-25T13:04:39.423+0000] {spark_submit.py:579} INFO - at scala.collection.Iterator.foreach(Iterator.scala:943)
[2024-10-25T13:04:39.424+0000] {spark_submit.py:579} INFO - at scala.collection.Iterator.foreach$(Iterator.scala:943)
[2024-10-25T13:04:39.424+0000] {spark_submit.py:579} INFO - at org.apache.spark.InterruptibleIterator.foreach(InterruptibleIterator.scala:28)
[2024-10-25T13:04:39.425+0000] {spark_submit.py:579} INFO - at scala.collection.generic.Growable.$plus$plus$eq(Growable.scala:62)
[2024-10-25T13:04:39.426+0000] {spark_submit.py:579} INFO - at scala.collection.generic.Growable.$plus$plus$eq$(Growable.scala:53)
[2024-10-25T13:04:39.426+0000] {spark_submit.py:579} INFO - at scala.collection.mutable.ArrayBuffer.$plus$plus$eq(ArrayBuffer.scala:105)
[2024-10-25T13:04:39.427+0000] {spark_submit.py:579} INFO - at scala.collection.mutable.ArrayBuffer.$plus$plus$eq(ArrayBuffer.scala:49)
[2024-10-25T13:04:39.427+0000] {spark_submit.py:579} INFO - at scala.collection.TraversableOnce.to(TraversableOnce.scala:366)
[2024-10-25T13:04:39.428+0000] {spark_submit.py:579} INFO - at scala.collection.TraversableOnce.to$(TraversableOnce.scala:364)
[2024-10-25T13:04:39.429+0000] {spark_submit.py:579} INFO - at org.apache.spark.InterruptibleIterator.to(InterruptibleIterator.scala:28)
[2024-10-25T13:04:39.429+0000] {spark_submit.py:579} INFO - at scala.collection.TraversableOnce.toBuffer(TraversableOnce.scala:358)
[2024-10-25T13:04:39.430+0000] {spark_submit.py:579} INFO - at scala.collection.TraversableOnce.toBuffer$(TraversableOnce.scala:358)
[2024-10-25T13:04:39.431+0000] {spark_submit.py:579} INFO - at org.apache.spark.InterruptibleIterator.toBuffer(InterruptibleIterator.scala:28)
[2024-10-25T13:04:39.431+0000] {spark_submit.py:579} INFO - at scala.collection.TraversableOnce.toArray(TraversableOnce.scala:345)
[2024-10-25T13:04:39.432+0000] {spark_submit.py:579} INFO - at scala.collection.TraversableOnce.toArray$(TraversableOnce.scala:339)
[2024-10-25T13:04:39.433+0000] {spark_submit.py:579} INFO - at org.apache.spark.InterruptibleIterator.toArray(InterruptibleIterator.scala:28)
[2024-10-25T13:04:39.433+0000] {spark_submit.py:579} INFO - at org.apache.spark.api.python.PythonRDD$.$anonfun$runJob$1(PythonRDD.scala:179)
[2024-10-25T13:04:39.434+0000] {spark_submit.py:579} INFO - at org.apache.spark.SparkContext.$anonfun$runJob$5(SparkContext.scala:2303)
[2024-10-25T13:04:39.435+0000] {spark_submit.py:579} INFO - at org.apache.spark.scheduler.ResultTask.runTask(ResultTask.scala:92)
[2024-10-25T13:04:39.436+0000] {spark_submit.py:579} INFO - at org.apache.spark.TaskContext.runTaskWithListeners(TaskContext.scala:161)
[2024-10-25T13:04:39.436+0000] {spark_submit.py:579} INFO - at org.apache.spark.scheduler.Task.run(Task.scala:139)
[2024-10-25T13:04:39.437+0000] {spark_submit.py:579} INFO - at org.apache.spark.executor.Executor$TaskRunner.$anonfun$run$3(Executor.scala:554)
[2024-10-25T13:04:39.438+0000] {spark_submit.py:579} INFO - at org.apache.spark.util.Utils$.tryWithSafeFinally(Utils.scala:1529)
[2024-10-25T13:04:39.439+0000] {spark_submit.py:579} INFO - at org.apache.spark.executor.Executor$TaskRunner.run(Executor.scala:557)
[2024-10-25T13:04:39.440+0000] {spark_submit.py:579} INFO - at java.base/java.util.concurrent.ThreadPoolExecutor.runWorker(ThreadPoolExecutor.java:1136)
[2024-10-25T13:04:39.440+0000] {spark_submit.py:579} INFO - at java.base/java.util.concurrent.ThreadPoolExecutor$Worker.run(ThreadPoolExecutor.java:635)
[2024-10-25T13:04:39.441+0000] {spark_submit.py:579} INFO - at java.base/java.lang.Thread.run(Thread.java:840)
[2024-10-25T13:04:39.442+0000] {spark_submit.py:579} INFO - 
[2024-10-25T13:04:39.443+0000] {spark_submit.py:579} INFO - 
[2024-10-25T13:04:39.444+0000] {spark_submit.py:579} INFO - 24/10/25 13:04:39 INFO SparkContext: SparkContext is stopping with exitCode 0.
[2024-10-25T13:04:39.444+0000] {spark_submit.py:579} INFO - 24/10/25 13:04:39 INFO SparkUI: Stopped Spark web UI at http://84076e7a47fe:4040
[2024-10-25T13:04:39.445+0000] {spark_submit.py:579} INFO - 24/10/25 13:04:39 INFO StandaloneSchedulerBackend: Shutting down all executors
[2024-10-25T13:04:39.446+0000] {spark_submit.py:579} INFO - 24/10/25 13:04:39 INFO StandaloneSchedulerBackend$StandaloneDriverEndpoint: Asking each executor to shut down
[2024-10-25T13:04:39.446+0000] {spark_submit.py:579} INFO - 24/10/25 13:04:39 INFO MapOutputTrackerMasterEndpoint: MapOutputTrackerMasterEndpoint stopped!
[2024-10-25T13:04:39.447+0000] {spark_submit.py:579} INFO - 24/10/25 13:04:39 INFO MemoryStore: MemoryStore cleared
[2024-10-25T13:04:39.448+0000] {spark_submit.py:579} INFO - 24/10/25 13:04:39 INFO BlockManager: BlockManager stopped
[2024-10-25T13:04:39.448+0000] {spark_submit.py:579} INFO - 24/10/25 13:04:39 INFO BlockManagerMaster: BlockManagerMaster stopped
[2024-10-25T13:04:39.449+0000] {spark_submit.py:579} INFO - 24/10/25 13:04:39 INFO OutputCommitCoordinator$OutputCommitCoordinatorEndpoint: OutputCommitCoordinator stopped!
[2024-10-25T13:04:39.493+0000] {spark_submit.py:579} INFO - 24/10/25 13:04:39 INFO SparkContext: Successfully stopped SparkContext
[2024-10-25T13:04:39.585+0000] {spark_submit.py:579} INFO - 2024-10-25 13:04:39,585 INFO: Closing down clientserver connection
[2024-10-25T13:04:39.700+0000] {spark_submit.py:579} INFO - 24/10/25 13:04:39 INFO ShutdownHookManager: Shutdown hook called
[2024-10-25T13:04:39.701+0000] {spark_submit.py:579} INFO - 24/10/25 13:04:39 INFO ShutdownHookManager: Deleting directory /tmp/spark-80009f70-e0b5-41bd-89f9-4eeaa76d91b0
[2024-10-25T13:04:39.706+0000] {spark_submit.py:579} INFO - 24/10/25 13:04:39 INFO ShutdownHookManager: Deleting directory /tmp/spark-80009f70-e0b5-41bd-89f9-4eeaa76d91b0/pyspark-12d9145c-9e23-4a90-b2e6-47b12b9e452c
[2024-10-25T13:04:39.710+0000] {spark_submit.py:579} INFO - 24/10/25 13:04:39 INFO ShutdownHookManager: Deleting directory /tmp/spark-71610b60-06be-4821-957e-74a0d03aaccd
[2024-10-25T13:04:39.718+0000] {spark_submit.py:579} INFO - 24/10/25 13:04:39 INFO MetricsSystemImpl: Stopping s3a-file-system metrics system...
[2024-10-25T13:04:39.719+0000] {spark_submit.py:579} INFO - 24/10/25 13:04:39 INFO MetricsSystemImpl: s3a-file-system metrics system stopped.
[2024-10-25T13:04:39.720+0000] {spark_submit.py:579} INFO - 24/10/25 13:04:39 INFO MetricsSystemImpl: s3a-file-system metrics system shutdown complete.
[2024-10-25T13:04:39.789+0000] {taskinstance.py:1935} ERROR - Task failed with exception
Traceback (most recent call last):
  File "/home/airflow/.local/lib/python3.11/site-packages/airflow/providers/apache/spark/operators/spark_submit.py", line 174, in execute
    self._hook.submit(self.application)
  File "/home/airflow/.local/lib/python3.11/site-packages/airflow/providers/apache/spark/hooks/spark_submit.py", line 505, in submit
    raise AirflowException(
airflow.exceptions.AirflowException: Cannot execute: spark-submit --master spark://spark-master:7077 --conf spark.sql.extensions=io.delta.sql.DeltaSparkSessionExtension --conf spark.sql.catalog.spark_catalog=org.apache.spark.sql.delta.catalog.DeltaCatalog --jars /opt/***/jars/hadoop-aws-3.3.4.jar,/opt/***/jars/s3-2.18.41.jar,/opt/***/jars/aws-java-sdk-1.12.367.jar,/opt/***/jars/delta-core_2.12-2.4.0.jar,/opt/***/jars/delta-storage-2.2.0.jar, --packages org.apache.hadoop:hadoop-aws:3.3.4 --num-executors 2 --total-executor-cores 2 --executor-cores 2 --executor-memory 2g --driver-memory 1g --name arrow-spark --deploy-mode client /opt/***/jobs/python/test_Credit.py s3a://lakehouse/bronze/credits.parquet s3a://lakehouse/sliver/credit. Error code is: 1.
[2024-10-25T13:04:39.793+0000] {taskinstance.py:1398} INFO - Marking task as UP_FOR_RETRY. dag_id=task_credits_clean, task_id=credits_cleaned, execution_date=20241025T130415, start_date=20241025T130417, end_date=20241025T130439
[2024-10-25T13:04:39.804+0000] {standard_task_runner.py:104} ERROR - Failed to execute job 174 for task credits_cleaned (Cannot execute: spark-submit --master spark://spark-master:7077 --conf spark.sql.extensions=io.delta.sql.DeltaSparkSessionExtension --conf spark.sql.catalog.spark_catalog=org.apache.spark.sql.delta.catalog.DeltaCatalog --jars /opt/***/jars/hadoop-aws-3.3.4.jar,/opt/***/jars/s3-2.18.41.jar,/opt/***/jars/aws-java-sdk-1.12.367.jar,/opt/***/jars/delta-core_2.12-2.4.0.jar,/opt/***/jars/delta-storage-2.2.0.jar, --packages org.apache.hadoop:hadoop-aws:3.3.4 --num-executors 2 --total-executor-cores 2 --executor-cores 2 --executor-memory 2g --driver-memory 1g --name arrow-spark --deploy-mode client /opt/***/jobs/python/test_Credit.py s3a://lakehouse/bronze/credits.parquet s3a://lakehouse/sliver/credit. Error code is: 1.; 11410)
[2024-10-25T13:04:39.836+0000] {local_task_job_runner.py:228} INFO - Task exited with return code 1
[2024-10-25T13:04:39.850+0000] {taskinstance.py:2776} INFO - 0 downstream tasks scheduled from follow-on schedule check
