[2024-11-02T08:45:41.009+0000] {taskinstance.py:1157} INFO - Dependencies all met for dep_context=non-requeueable deps ti=<TaskInstance: task_credits_clean.credits_cleaned manual__2024-11-02T08:45:39.330784+00:00 [queued]>
[2024-11-02T08:45:41.019+0000] {taskinstance.py:1157} INFO - Dependencies all met for dep_context=requeueable deps ti=<TaskInstance: task_credits_clean.credits_cleaned manual__2024-11-02T08:45:39.330784+00:00 [queued]>
[2024-11-02T08:45:41.020+0000] {taskinstance.py:1359} INFO - Starting attempt 1 of 2
[2024-11-02T08:45:41.031+0000] {taskinstance.py:1380} INFO - Executing <Task(SparkSubmitOperator): credits_cleaned> on 2024-11-02 08:45:39.330784+00:00
[2024-11-02T08:45:41.037+0000] {standard_task_runner.py:57} INFO - Started process 11005 to run task
[2024-11-02T08:45:41.040+0000] {standard_task_runner.py:84} INFO - Running: ['***', 'tasks', 'run', 'task_credits_clean', 'credits_cleaned', 'manual__2024-11-02T08:45:39.330784+00:00', '--job-id', '87', '--raw', '--subdir', 'DAGS_FOLDER/credits_test.py', '--cfg-path', '/tmp/tmpe84gol11']
[2024-11-02T08:45:41.043+0000] {standard_task_runner.py:85} INFO - Job 87: Subtask credits_cleaned
[2024-11-02T08:45:41.088+0000] {task_command.py:415} INFO - Running <TaskInstance: task_credits_clean.credits_cleaned manual__2024-11-02T08:45:39.330784+00:00 [running]> on host ee9b80364a9a
[2024-11-02T08:45:41.166+0000] {taskinstance.py:1660} INFO - Exporting env vars: AIRFLOW_CTX_DAG_OWNER='***' AIRFLOW_CTX_DAG_ID='task_credits_clean' AIRFLOW_CTX_TASK_ID='credits_cleaned' AIRFLOW_CTX_EXECUTION_DATE='2024-11-02T08:45:39.330784+00:00' AIRFLOW_CTX_TRY_NUMBER='1' AIRFLOW_CTX_DAG_RUN_ID='manual__2024-11-02T08:45:39.330784+00:00'
[2024-11-02T08:45:41.177+0000] {base.py:73} INFO - Using connection ID 'spark-conn' for task execution.
[2024-11-02T08:45:41.179+0000] {spark_submit.py:403} INFO - Spark-Submit cmd: spark-submit --master spark://master:7077 --conf spark.sql.extensions=io.delta.sql.DeltaSparkSessionExtension --conf spark.sql.catalog.spark_catalog=org.apache.spark.sql.delta.catalog.DeltaCatalog --jars /opt/***/jars/hadoop-aws-3.3.4.jar,/opt/***/jars/s3-2.18.41.jar,/opt/***/jars/aws-java-sdk-1.12.367.jar,/opt/***/jars/delta-core_2.12-2.4.0.jar,/opt/***/jars/delta-storage-2.2.0.jar, --packages org.apache.hadoop:hadoop-aws:3.3.4 --num-executors 2 --total-executor-cores 2 --executor-cores 2 --executor-memory 2g --driver-memory 1g --name arrow-spark --deploy-mode client /opt/***/jobs/python/test_Credit.py s3a://lakehouse/bronze/credits.parquet s3a://lakehouse/sliver/credit
[2024-11-02T08:45:41.301+0000] {spark_submit.py:579} INFO - /home/***/.local/lib/python3.11/site-packages/pyspark/bin/load-spark-env.sh: line 68: ps: command not found
[2024-11-02T08:45:42.900+0000] {spark_submit.py:579} INFO - :: loading settings :: url = jar:file:/home/***/.local/lib/python3.11/site-packages/pyspark/jars/ivy-2.5.1.jar!/org/apache/ivy/core/settings/ivysettings.xml
[2024-11-02T08:45:43.019+0000] {spark_submit.py:579} INFO - Ivy Default Cache set to: /home/***/.ivy2/cache
[2024-11-02T08:45:43.020+0000] {spark_submit.py:579} INFO - The jars for the packages stored in: /home/***/.ivy2/jars
[2024-11-02T08:45:43.024+0000] {spark_submit.py:579} INFO - org.apache.hadoop#hadoop-aws added as a dependency
[2024-11-02T08:45:43.025+0000] {spark_submit.py:579} INFO - :: resolving dependencies :: org.apache.spark#spark-submit-parent-a83816ef-a697-481e-a4f7-5ddb6a6fc696;1.0
[2024-11-02T08:45:43.026+0000] {spark_submit.py:579} INFO - confs: [default]
[2024-11-02T08:45:43.143+0000] {spark_submit.py:579} INFO - found org.apache.hadoop#hadoop-aws;3.3.4 in spark-list
[2024-11-02T08:45:43.168+0000] {spark_submit.py:579} INFO - found com.amazonaws#aws-java-sdk-bundle;1.12.262 in central
[2024-11-02T08:45:43.190+0000] {spark_submit.py:579} INFO - found org.wildfly.openssl#wildfly-openssl;1.0.7.Final in spark-list
[2024-11-02T08:45:43.225+0000] {spark_submit.py:579} INFO - :: resolution report :: resolve 187ms :: artifacts dl 13ms
[2024-11-02T08:45:43.226+0000] {spark_submit.py:579} INFO - :: modules in use:
[2024-11-02T08:45:43.227+0000] {spark_submit.py:579} INFO - com.amazonaws#aws-java-sdk-bundle;1.12.262 from central in [default]
[2024-11-02T08:45:43.228+0000] {spark_submit.py:579} INFO - org.apache.hadoop#hadoop-aws;3.3.4 from spark-list in [default]
[2024-11-02T08:45:43.228+0000] {spark_submit.py:579} INFO - org.wildfly.openssl#wildfly-openssl;1.0.7.Final from spark-list in [default]
[2024-11-02T08:45:43.229+0000] {spark_submit.py:579} INFO - ---------------------------------------------------------------------
[2024-11-02T08:45:43.229+0000] {spark_submit.py:579} INFO - |                  |            modules            ||   artifacts   |
[2024-11-02T08:45:43.230+0000] {spark_submit.py:579} INFO - |       conf       | number| search|dwnlded|evicted|| number|dwnlded|
[2024-11-02T08:45:43.231+0000] {spark_submit.py:579} INFO - ---------------------------------------------------------------------
[2024-11-02T08:45:43.232+0000] {spark_submit.py:579} INFO - |      default     |   3   |   0   |   0   |   0   ||   3   |   0   |
[2024-11-02T08:45:43.232+0000] {spark_submit.py:579} INFO - ---------------------------------------------------------------------
[2024-11-02T08:45:43.233+0000] {spark_submit.py:579} INFO - :: retrieving :: org.apache.spark#spark-submit-parent-a83816ef-a697-481e-a4f7-5ddb6a6fc696
[2024-11-02T08:45:43.233+0000] {spark_submit.py:579} INFO - confs: [default]
[2024-11-02T08:45:43.239+0000] {spark_submit.py:579} INFO - 0 artifacts copied, 3 already retrieved (0kB/6ms)
[2024-11-02T08:45:43.438+0000] {spark_submit.py:579} INFO - 24/11/02 08:45:43 WARN NativeCodeLoader: Unable to load native-hadoop library for your platform... using builtin-java classes where applicable
[2024-11-02T08:45:44.588+0000] {spark_submit.py:579} INFO - 2024-11-02 08:45:44,588 INFO: Python version on driver: 3.11.5
[2024-11-02T08:45:44.589+0000] {spark_submit.py:579} INFO - 2024-11-02 08:45:44,588 INFO: Initializing Spark session...
[2024-11-02T08:45:44.745+0000] {spark_submit.py:579} INFO - 24/11/02 08:45:44 INFO SparkContext: Running Spark version 3.4.3
[2024-11-02T08:45:44.776+0000] {spark_submit.py:579} INFO - 24/11/02 08:45:44 INFO ResourceUtils: ==============================================================
[2024-11-02T08:45:44.776+0000] {spark_submit.py:579} INFO - 24/11/02 08:45:44 INFO ResourceUtils: No custom resources configured for spark.driver.
[2024-11-02T08:45:44.777+0000] {spark_submit.py:579} INFO - 24/11/02 08:45:44 INFO ResourceUtils: ==============================================================
[2024-11-02T08:45:44.777+0000] {spark_submit.py:579} INFO - 24/11/02 08:45:44 INFO SparkContext: Submitted application: CleanCredits
[2024-11-02T08:45:44.805+0000] {spark_submit.py:579} INFO - 24/11/02 08:45:44 INFO ResourceProfile: Default ResourceProfile created, executor resources: Map(cores -> name: cores, amount: 2, script: , vendor: , memory -> name: memory, amount: 2048, script: , vendor: , offHeap -> name: offHeap, amount: 0, script: , vendor: ), task resources: Map(cpus -> name: cpus, amount: 1.0)
[2024-11-02T08:45:44.820+0000] {spark_submit.py:579} INFO - 24/11/02 08:45:44 INFO ResourceProfile: Limiting resource is cpus at 2 tasks per executor
[2024-11-02T08:45:44.822+0000] {spark_submit.py:579} INFO - 24/11/02 08:45:44 INFO ResourceProfileManager: Added ResourceProfile id: 0
[2024-11-02T08:45:44.881+0000] {spark_submit.py:579} INFO - 24/11/02 08:45:44 INFO SecurityManager: Changing view acls to: ***
[2024-11-02T08:45:44.882+0000] {spark_submit.py:579} INFO - 24/11/02 08:45:44 INFO SecurityManager: Changing modify acls to: ***
[2024-11-02T08:45:44.883+0000] {spark_submit.py:579} INFO - 24/11/02 08:45:44 INFO SecurityManager: Changing view acls groups to:
[2024-11-02T08:45:44.884+0000] {spark_submit.py:579} INFO - 24/11/02 08:45:44 INFO SecurityManager: Changing modify acls groups to:
[2024-11-02T08:45:44.884+0000] {spark_submit.py:579} INFO - 24/11/02 08:45:44 INFO SecurityManager: SecurityManager: authentication disabled; ui acls disabled; users with view permissions: ***; groups with view permissions: EMPTY; users with modify permissions: ***; groups with modify permissions: EMPTY
[2024-11-02T08:45:45.139+0000] {spark_submit.py:579} INFO - 24/11/02 08:45:45 INFO Utils: Successfully started service 'sparkDriver' on port 34667.
[2024-11-02T08:45:45.170+0000] {spark_submit.py:579} INFO - 24/11/02 08:45:45 INFO SparkEnv: Registering MapOutputTracker
[2024-11-02T08:45:45.201+0000] {spark_submit.py:579} INFO - 24/11/02 08:45:45 INFO SparkEnv: Registering BlockManagerMaster
[2024-11-02T08:45:45.217+0000] {spark_submit.py:579} INFO - 24/11/02 08:45:45 INFO BlockManagerMasterEndpoint: Using org.apache.spark.storage.DefaultTopologyMapper for getting topology information
[2024-11-02T08:45:45.218+0000] {spark_submit.py:579} INFO - 24/11/02 08:45:45 INFO BlockManagerMasterEndpoint: BlockManagerMasterEndpoint up
[2024-11-02T08:45:45.223+0000] {spark_submit.py:579} INFO - 24/11/02 08:45:45 INFO SparkEnv: Registering BlockManagerMasterHeartbeat
[2024-11-02T08:45:45.242+0000] {spark_submit.py:579} INFO - 24/11/02 08:45:45 INFO DiskBlockManager: Created local directory at /tmp/blockmgr-55e0af6d-9cae-483c-93cc-dc698de79a14
[2024-11-02T08:45:45.257+0000] {spark_submit.py:579} INFO - 24/11/02 08:45:45 INFO MemoryStore: MemoryStore started with capacity 434.4 MiB
[2024-11-02T08:45:45.275+0000] {spark_submit.py:579} INFO - 24/11/02 08:45:45 INFO SparkEnv: Registering OutputCommitCoordinator
[2024-11-02T08:45:45.402+0000] {spark_submit.py:579} INFO - 24/11/02 08:45:45 INFO JettyUtils: Start Jetty 0.0.0.0:4040 for SparkUI
[2024-11-02T08:45:45.464+0000] {spark_submit.py:579} INFO - 24/11/02 08:45:45 INFO Utils: Successfully started service 'SparkUI' on port 4040.
[2024-11-02T08:45:45.501+0000] {spark_submit.py:579} INFO - 24/11/02 08:45:45 INFO SparkContext: Added JAR file:///opt/***/jars/hadoop-aws-3.3.4.jar at spark://ee9b80364a9a:34667/jars/hadoop-aws-3.3.4.jar with timestamp 1730537144737
[2024-11-02T08:45:45.503+0000] {spark_submit.py:579} INFO - 24/11/02 08:45:45 INFO SparkContext: Added JAR file:///opt/***/jars/s3-2.18.41.jar at spark://ee9b80364a9a:34667/jars/s3-2.18.41.jar with timestamp 1730537144737
[2024-11-02T08:45:45.504+0000] {spark_submit.py:579} INFO - 24/11/02 08:45:45 INFO SparkContext: Added JAR file:///opt/***/jars/aws-java-sdk-1.12.367.jar at spark://ee9b80364a9a:34667/jars/aws-java-sdk-1.12.367.jar with timestamp 1730537144737
[2024-11-02T08:45:45.506+0000] {spark_submit.py:579} INFO - 24/11/02 08:45:45 INFO SparkContext: Added JAR file:///opt/***/jars/delta-core_2.12-2.4.0.jar at spark://ee9b80364a9a:34667/jars/delta-core_2.12-2.4.0.jar with timestamp 1730537144737
[2024-11-02T08:45:45.507+0000] {spark_submit.py:579} INFO - 24/11/02 08:45:45 INFO SparkContext: Added JAR file:///opt/***/jars/delta-storage-2.2.0.jar at spark://ee9b80364a9a:34667/jars/delta-storage-2.2.0.jar with timestamp 1730537144737
[2024-11-02T08:45:45.508+0000] {spark_submit.py:579} INFO - 24/11/02 08:45:45 INFO SparkContext: Added JAR file:///home/***/.ivy2/jars/org.apache.hadoop_hadoop-aws-3.3.4.jar at spark://ee9b80364a9a:34667/jars/org.apache.hadoop_hadoop-aws-3.3.4.jar with timestamp 1730537144737
[2024-11-02T08:45:45.508+0000] {spark_submit.py:579} INFO - 24/11/02 08:45:45 INFO SparkContext: Added JAR file:///home/***/.ivy2/jars/com.amazonaws_aws-java-sdk-bundle-1.12.262.jar at spark://ee9b80364a9a:34667/jars/com.amazonaws_aws-java-sdk-bundle-1.12.262.jar with timestamp 1730537144737
[2024-11-02T08:45:45.509+0000] {spark_submit.py:579} INFO - 24/11/02 08:45:45 INFO SparkContext: Added JAR file:///home/***/.ivy2/jars/org.wildfly.openssl_wildfly-openssl-1.0.7.Final.jar at spark://ee9b80364a9a:34667/jars/org.wildfly.openssl_wildfly-openssl-1.0.7.Final.jar with timestamp 1730537144737
[2024-11-02T08:45:45.511+0000] {spark_submit.py:579} INFO - 24/11/02 08:45:45 INFO SparkContext: Added file file:///home/***/.ivy2/jars/org.apache.hadoop_hadoop-aws-3.3.4.jar at spark://ee9b80364a9a:34667/files/org.apache.hadoop_hadoop-aws-3.3.4.jar with timestamp 1730537144737
[2024-11-02T08:45:45.512+0000] {spark_submit.py:579} INFO - 24/11/02 08:45:45 INFO Utils: Copying /home/***/.ivy2/jars/org.apache.hadoop_hadoop-aws-3.3.4.jar to /tmp/spark-8e83f53e-c44e-44ab-968d-566745100efe/userFiles-39cb16fa-0c4b-42a7-8cb5-199c78c19c5b/org.apache.hadoop_hadoop-aws-3.3.4.jar
[2024-11-02T08:45:45.525+0000] {spark_submit.py:579} INFO - 24/11/02 08:45:45 INFO SparkContext: Added file file:///home/***/.ivy2/jars/com.amazonaws_aws-java-sdk-bundle-1.12.262.jar at spark://ee9b80364a9a:34667/files/com.amazonaws_aws-java-sdk-bundle-1.12.262.jar with timestamp 1730537144737
[2024-11-02T08:45:45.526+0000] {spark_submit.py:579} INFO - 24/11/02 08:45:45 INFO Utils: Copying /home/***/.ivy2/jars/com.amazonaws_aws-java-sdk-bundle-1.12.262.jar to /tmp/spark-8e83f53e-c44e-44ab-968d-566745100efe/userFiles-39cb16fa-0c4b-42a7-8cb5-199c78c19c5b/com.amazonaws_aws-java-sdk-bundle-1.12.262.jar
[2024-11-02T08:45:45.915+0000] {spark_submit.py:579} INFO - 24/11/02 08:45:45 INFO SparkContext: Added file file:///home/***/.ivy2/jars/org.wildfly.openssl_wildfly-openssl-1.0.7.Final.jar at spark://ee9b80364a9a:34667/files/org.wildfly.openssl_wildfly-openssl-1.0.7.Final.jar with timestamp 1730537144737
[2024-11-02T08:45:45.916+0000] {spark_submit.py:579} INFO - 24/11/02 08:45:45 INFO Utils: Copying /home/***/.ivy2/jars/org.wildfly.openssl_wildfly-openssl-1.0.7.Final.jar to /tmp/spark-8e83f53e-c44e-44ab-968d-566745100efe/userFiles-39cb16fa-0c4b-42a7-8cb5-199c78c19c5b/org.wildfly.openssl_wildfly-openssl-1.0.7.Final.jar
[2024-11-02T08:45:46.025+0000] {spark_submit.py:579} INFO - 24/11/02 08:45:46 INFO StandaloneAppClient$ClientEndpoint: Connecting to master spark://spark-master:7077...
[2024-11-02T08:45:46.091+0000] {spark_submit.py:579} INFO - 24/11/02 08:45:46 INFO TransportClientFactory: Successfully created connection to spark-master/172.19.0.3:7077 after 44 ms (0 ms spent in bootstraps)
[2024-11-02T08:45:46.198+0000] {spark_submit.py:579} INFO - 24/11/02 08:45:46 INFO StandaloneSchedulerBackend: Connected to Spark cluster with app ID app-20241102084546-0011
[2024-11-02T08:45:46.202+0000] {spark_submit.py:579} INFO - 24/11/02 08:45:46 INFO StandaloneAppClient$ClientEndpoint: Executor added: app-20241102084546-0011/0 on worker-20241102073252-172.19.0.5-33911 (172.19.0.5:33911) with 2 core(s)
[2024-11-02T08:45:46.205+0000] {spark_submit.py:579} INFO - 24/11/02 08:45:46 INFO StandaloneSchedulerBackend: Granted executor ID app-20241102084546-0011/0 on hostPort 172.19.0.5:33911 with 2 core(s), 2.0 GiB RAM
[2024-11-02T08:45:46.211+0000] {spark_submit.py:579} INFO - 24/11/02 08:45:46 INFO Utils: Successfully started service 'org.apache.spark.network.netty.NettyBlockTransferService' on port 37151.
[2024-11-02T08:45:46.211+0000] {spark_submit.py:579} INFO - 24/11/02 08:45:46 INFO NettyBlockTransferService: Server created on ee9b80364a9a:37151
[2024-11-02T08:45:46.213+0000] {spark_submit.py:579} INFO - 24/11/02 08:45:46 INFO BlockManager: Using org.apache.spark.storage.RandomBlockReplicationPolicy for block replication policy
[2024-11-02T08:45:46.221+0000] {spark_submit.py:579} INFO - 24/11/02 08:45:46 INFO BlockManagerMaster: Registering BlockManager BlockManagerId(driver, ee9b80364a9a, 37151, None)
[2024-11-02T08:45:46.226+0000] {spark_submit.py:579} INFO - 24/11/02 08:45:46 INFO BlockManagerMasterEndpoint: Registering block manager ee9b80364a9a:37151 with 434.4 MiB RAM, BlockManagerId(driver, ee9b80364a9a, 37151, None)
[2024-11-02T08:45:46.229+0000] {spark_submit.py:579} INFO - 24/11/02 08:45:46 INFO BlockManagerMaster: Registered BlockManager BlockManagerId(driver, ee9b80364a9a, 37151, None)
[2024-11-02T08:45:46.231+0000] {spark_submit.py:579} INFO - 24/11/02 08:45:46 INFO BlockManager: Initialized BlockManager: BlockManagerId(driver, ee9b80364a9a, 37151, None)
[2024-11-02T08:45:46.267+0000] {spark_submit.py:579} INFO - 24/11/02 08:45:46 INFO StandaloneAppClient$ClientEndpoint: Executor updated: app-20241102084546-0011/0 is now RUNNING
[2024-11-02T08:45:46.494+0000] {spark_submit.py:579} INFO - 24/11/02 08:45:46 INFO StandaloneSchedulerBackend: SchedulerBackend is ready for scheduling beginning after reached minRegisteredResourcesRatio: 0.0
[2024-11-02T08:45:46.949+0000] {spark_submit.py:579} INFO - 2024-11-02 08:45:46,948 INFO: Spark session initialized successfully.
[2024-11-02T08:45:46.949+0000] {spark_submit.py:579} INFO - 2024-11-02 08:45:46,948 INFO: Reading data from s3a://lakehouse/bronze/credits.parquet
[2024-11-02T08:45:46.960+0000] {spark_submit.py:579} INFO - 24/11/02 08:45:46 INFO SharedState: Setting hive.metastore.warehouse.dir ('null') to the value of spark.sql.warehouse.dir.
[2024-11-02T08:45:47.327+0000] {spark_submit.py:579} INFO - 24/11/02 08:45:47 WARN MetricsConfig: Cannot locate configuration: tried hadoop-metrics2-s3a-file-system.properties,hadoop-metrics2.properties
[2024-11-02T08:45:47.351+0000] {spark_submit.py:579} INFO - 24/11/02 08:45:47 INFO MetricsSystemImpl: Scheduled Metric snapshot period at 10 second(s).
[2024-11-02T08:45:47.352+0000] {spark_submit.py:579} INFO - 24/11/02 08:45:47 INFO MetricsSystemImpl: s3a-file-system metrics system started
[2024-11-02T08:45:48.719+0000] {spark_submit.py:579} INFO - 24/11/02 08:45:48 INFO SharedState: Warehouse path is 's3a://lakehouse/'.
[2024-11-02T08:45:49.284+0000] {spark_submit.py:579} INFO - 24/11/02 08:45:49 INFO StandaloneSchedulerBackend$StandaloneDriverEndpoint: Registered executor NettyRpcEndpointRef(spark-client://Executor) (172.19.0.5:37178) with ID 0,  ResourceProfileId 0
[2024-11-02T08:45:49.360+0000] {spark_submit.py:579} INFO - 24/11/02 08:45:49 INFO BlockManagerMasterEndpoint: Registering block manager 172.19.0.5:44239 with 1048.8 MiB RAM, BlockManagerId(0, 172.19.0.5, 44239, None)
[2024-11-02T08:45:50.247+0000] {spark_submit.py:579} INFO - 24/11/02 08:45:50 INFO InMemoryFileIndex: It took 111 ms to list leaf files for 1 paths.
[2024-11-02T08:45:50.710+0000] {spark_submit.py:579} INFO - 24/11/02 08:45:50 INFO SparkContext: Starting job: load at NativeMethodAccessorImpl.java:0
[2024-11-02T08:45:50.729+0000] {spark_submit.py:579} INFO - 24/11/02 08:45:50 INFO DAGScheduler: Got job 0 (load at NativeMethodAccessorImpl.java:0) with 1 output partitions
[2024-11-02T08:45:50.730+0000] {spark_submit.py:579} INFO - 24/11/02 08:45:50 INFO DAGScheduler: Final stage: ResultStage 0 (load at NativeMethodAccessorImpl.java:0)
[2024-11-02T08:45:50.731+0000] {spark_submit.py:579} INFO - 24/11/02 08:45:50 INFO DAGScheduler: Parents of final stage: List()
[2024-11-02T08:45:50.733+0000] {spark_submit.py:579} INFO - 24/11/02 08:45:50 INFO DAGScheduler: Missing parents: List()
[2024-11-02T08:45:50.739+0000] {spark_submit.py:579} INFO - 24/11/02 08:45:50 INFO DAGScheduler: Submitting ResultStage 0 (MapPartitionsRDD[1] at load at NativeMethodAccessorImpl.java:0), which has no missing parents
[2024-11-02T08:45:50.808+0000] {spark_submit.py:579} INFO - 24/11/02 08:45:50 INFO MemoryStore: Block broadcast_0 stored as values in memory (estimated size 106.9 KiB, free 434.3 MiB)
[2024-11-02T08:45:50.886+0000] {spark_submit.py:579} INFO - 24/11/02 08:45:50 INFO MemoryStore: Block broadcast_0_piece0 stored as bytes in memory (estimated size 38.9 KiB, free 434.3 MiB)
[2024-11-02T08:45:50.892+0000] {spark_submit.py:579} INFO - 24/11/02 08:45:50 INFO BlockManagerInfo: Added broadcast_0_piece0 in memory on ee9b80364a9a:37151 (size: 38.9 KiB, free: 434.4 MiB)
[2024-11-02T08:45:50.897+0000] {spark_submit.py:579} INFO - 24/11/02 08:45:50 INFO SparkContext: Created broadcast 0 from broadcast at DAGScheduler.scala:1540
[2024-11-02T08:45:50.924+0000] {spark_submit.py:579} INFO - 24/11/02 08:45:50 INFO DAGScheduler: Submitting 1 missing tasks from ResultStage 0 (MapPartitionsRDD[1] at load at NativeMethodAccessorImpl.java:0) (first 15 tasks are for partitions Vector(0))
[2024-11-02T08:45:50.926+0000] {spark_submit.py:579} INFO - 24/11/02 08:45:50 INFO TaskSchedulerImpl: Adding task set 0.0 with 1 tasks resource profile 0
[2024-11-02T08:45:52.018+0000] {spark_submit.py:579} INFO - 24/11/02 08:45:52 INFO TaskSetManager: Starting task 0.0 in stage 0.0 (TID 0) (172.19.0.5, executor 0, partition 0, PROCESS_LOCAL, 7500 bytes)
[2024-11-02T08:45:52.247+0000] {spark_submit.py:579} INFO - 24/11/02 08:45:52 INFO BlockManagerInfo: Added broadcast_0_piece0 in memory on 172.19.0.5:44239 (size: 38.9 KiB, free: 1048.8 MiB)
[2024-11-02T08:45:53.683+0000] {spark_submit.py:579} INFO - 24/11/02 08:45:53 INFO TaskSetManager: Finished task 0.0 in stage 0.0 (TID 0) in 1678 ms on 172.19.0.5 (executor 0) (1/1)
[2024-11-02T08:45:53.685+0000] {spark_submit.py:579} INFO - 24/11/02 08:45:53 INFO TaskSchedulerImpl: Removed TaskSet 0.0, whose tasks have all completed, from pool
[2024-11-02T08:45:53.694+0000] {spark_submit.py:579} INFO - 24/11/02 08:45:53 INFO DAGScheduler: ResultStage 0 (load at NativeMethodAccessorImpl.java:0) finished in 2.939 s
[2024-11-02T08:45:53.700+0000] {spark_submit.py:579} INFO - 24/11/02 08:45:53 INFO DAGScheduler: Job 0 is finished. Cancelling potential speculative or zombie tasks for this job
[2024-11-02T08:45:53.701+0000] {spark_submit.py:579} INFO - 24/11/02 08:45:53 INFO TaskSchedulerImpl: Killing all running tasks in stage 0: Stage finished
[2024-11-02T08:45:53.703+0000] {spark_submit.py:579} INFO - 24/11/02 08:45:53 INFO DAGScheduler: Job 0 finished: load at NativeMethodAccessorImpl.java:0, took 2.992749 s
[2024-11-02T08:45:54.151+0000] {spark_submit.py:579} INFO - 24/11/02 08:45:54 INFO BlockManagerInfo: Removed broadcast_0_piece0 on ee9b80364a9a:37151 in memory (size: 38.9 KiB, free: 434.4 MiB)
[2024-11-02T08:45:54.162+0000] {spark_submit.py:579} INFO - 24/11/02 08:45:54 INFO BlockManagerInfo: Removed broadcast_0_piece0 on 172.19.0.5:44239 in memory (size: 38.9 KiB, free: 1048.8 MiB)
[2024-11-02T08:45:55.685+0000] {spark_submit.py:579} INFO - 2024-11-02 08:45:55,685 ERROR: Error during cleaning process: [UNRESOLVED_COLUMN.WITH_SUGGESTION] A column or function parameter with name `crew_json` cannot be resolved. Did you mean one of the following? [`crew`, `cast`, `id`].; line 1 pos 7;
[2024-11-02T08:45:55.686+0000] {spark_submit.py:579} INFO - 'Project [cast#0, crew#1, id#2L, 'filter('crew_json, lambdafunction((lambda 'x.job = Director), lambda 'x, false))[0][name] AS director#6]
[2024-11-02T08:45:55.687+0000] {spark_submit.py:579} INFO - +- Relation [cast#0,crew#1,id#2L] parquet
[2024-11-02T08:45:55.687+0000] {spark_submit.py:579} INFO - 
[2024-11-02T08:45:55.695+0000] {spark_submit.py:579} INFO - 2024-11-02 08:45:55,694 ERROR: Traceback (most recent call last):
[2024-11-02T08:45:55.696+0000] {spark_submit.py:579} INFO - File "/opt/***/jobs/python/test_Credit.py", line 177, in clean_credits
[2024-11-02T08:45:55.696+0000] {spark_submit.py:579} INFO - df_cleaned = df.withColumn("director",
[2024-11-02T08:45:55.697+0000] {spark_submit.py:579} INFO - ^^^^^^^^^^^^^^^^^^^^^^^^^^
[2024-11-02T08:45:55.698+0000] {spark_submit.py:579} INFO - File "/home/***/.local/lib/python3.11/site-packages/pyspark/python/lib/pyspark.zip/pyspark/sql/dataframe.py", line 4791, in withColumn
[2024-11-02T08:45:55.698+0000] {spark_submit.py:579} INFO - return DataFrame(self._jdf.withColumn(colName, col._jc), self.sparkSession)
[2024-11-02T08:45:55.699+0000] {spark_submit.py:579} INFO - ^^^^^^^^^^^^^^^^^^^^^^^^^^^^^^^^^^^^^^
[2024-11-02T08:45:55.699+0000] {spark_submit.py:579} INFO - File "/home/***/.local/lib/python3.11/site-packages/pyspark/python/lib/py4j-0.10.9.7-src.zip/py4j/java_gateway.py", line 1322, in __call__
[2024-11-02T08:45:55.700+0000] {spark_submit.py:579} INFO - return_value = get_return_value(
[2024-11-02T08:45:55.700+0000] {spark_submit.py:579} INFO - ^^^^^^^^^^^^^^^^^
[2024-11-02T08:45:55.701+0000] {spark_submit.py:579} INFO - File "/home/***/.local/lib/python3.11/site-packages/pyspark/python/lib/pyspark.zip/pyspark/errors/exceptions/captured.py", line 175, in deco
[2024-11-02T08:45:55.701+0000] {spark_submit.py:579} INFO - raise converted from None
[2024-11-02T08:45:55.702+0000] {spark_submit.py:579} INFO - pyspark.errors.exceptions.captured.AnalysisException: [UNRESOLVED_COLUMN.WITH_SUGGESTION] A column or function parameter with name `crew_json` cannot be resolved. Did you mean one of the following? [`crew`, `cast`, `id`].; line 1 pos 7;
[2024-11-02T08:45:55.702+0000] {spark_submit.py:579} INFO - 'Project [cast#0, crew#1, id#2L, 'filter('crew_json, lambdafunction((lambda 'x.job = Director), lambda 'x, false))[0][name] AS director#6]
[2024-11-02T08:45:55.702+0000] {spark_submit.py:579} INFO - +- Relation [cast#0,crew#1,id#2L] parquet
[2024-11-02T08:45:55.703+0000] {spark_submit.py:579} INFO - 
[2024-11-02T08:45:55.703+0000] {spark_submit.py:579} INFO - 
[2024-11-02T08:45:55.704+0000] {spark_submit.py:579} INFO - 24/11/02 08:45:55 INFO SparkContext: SparkContext is stopping with exitCode 0.
[2024-11-02T08:45:55.710+0000] {spark_submit.py:579} INFO - 24/11/02 08:45:55 INFO SparkUI: Stopped Spark web UI at http://ee9b80364a9a:4040
[2024-11-02T08:45:55.716+0000] {spark_submit.py:579} INFO - 24/11/02 08:45:55 INFO StandaloneSchedulerBackend: Shutting down all executors
[2024-11-02T08:45:55.717+0000] {spark_submit.py:579} INFO - 24/11/02 08:45:55 INFO StandaloneSchedulerBackend$StandaloneDriverEndpoint: Asking each executor to shut down
[2024-11-02T08:45:55.745+0000] {spark_submit.py:579} INFO - 24/11/02 08:45:55 INFO MapOutputTrackerMasterEndpoint: MapOutputTrackerMasterEndpoint stopped!
[2024-11-02T08:45:55.760+0000] {spark_submit.py:579} INFO - 24/11/02 08:45:55 INFO MemoryStore: MemoryStore cleared
[2024-11-02T08:45:55.761+0000] {spark_submit.py:579} INFO - 24/11/02 08:45:55 INFO BlockManager: BlockManager stopped
[2024-11-02T08:45:55.765+0000] {spark_submit.py:579} INFO - 24/11/02 08:45:55 INFO BlockManagerMaster: BlockManagerMaster stopped
[2024-11-02T08:45:55.769+0000] {spark_submit.py:579} INFO - 24/11/02 08:45:55 INFO OutputCommitCoordinator$OutputCommitCoordinatorEndpoint: OutputCommitCoordinator stopped!
[2024-11-02T08:45:55.827+0000] {spark_submit.py:579} INFO - 24/11/02 08:45:55 INFO SparkContext: Successfully stopped SparkContext
[2024-11-02T08:45:56.050+0000] {spark_submit.py:579} INFO - 2024-11-02 08:45:56,049 INFO: Closing down clientserver connection
[2024-11-02T08:45:56.106+0000] {spark_submit.py:579} INFO - 24/11/02 08:45:56 INFO ShutdownHookManager: Shutdown hook called
[2024-11-02T08:45:56.107+0000] {spark_submit.py:579} INFO - 24/11/02 08:45:56 INFO ShutdownHookManager: Deleting directory /tmp/spark-8e83f53e-c44e-44ab-968d-566745100efe
[2024-11-02T08:45:56.113+0000] {spark_submit.py:579} INFO - 24/11/02 08:45:56 INFO ShutdownHookManager: Deleting directory /tmp/spark-3d20cc9b-6539-4be8-8ec7-b5a2a4bcd394
[2024-11-02T08:45:56.118+0000] {spark_submit.py:579} INFO - 24/11/02 08:45:56 INFO ShutdownHookManager: Deleting directory /tmp/spark-8e83f53e-c44e-44ab-968d-566745100efe/pyspark-6d3add9b-3cf5-4921-b9da-3b09408f2775
[2024-11-02T08:45:56.126+0000] {spark_submit.py:579} INFO - 24/11/02 08:45:56 INFO MetricsSystemImpl: Stopping s3a-file-system metrics system...
[2024-11-02T08:45:56.126+0000] {spark_submit.py:579} INFO - 24/11/02 08:45:56 INFO MetricsSystemImpl: s3a-file-system metrics system stopped.
[2024-11-02T08:45:56.127+0000] {spark_submit.py:579} INFO - 24/11/02 08:45:56 INFO MetricsSystemImpl: s3a-file-system metrics system shutdown complete.
[2024-11-02T08:45:56.193+0000] {taskinstance.py:1935} ERROR - Task failed with exception
Traceback (most recent call last):
  File "/home/airflow/.local/lib/python3.11/site-packages/airflow/providers/apache/spark/operators/spark_submit.py", line 174, in execute
    self._hook.submit(self.application)
  File "/home/airflow/.local/lib/python3.11/site-packages/airflow/providers/apache/spark/hooks/spark_submit.py", line 505, in submit
    raise AirflowException(
airflow.exceptions.AirflowException: Cannot execute: spark-submit --master spark://master:7077 --conf spark.sql.extensions=io.delta.sql.DeltaSparkSessionExtension --conf spark.sql.catalog.spark_catalog=org.apache.spark.sql.delta.catalog.DeltaCatalog --jars /opt/***/jars/hadoop-aws-3.3.4.jar,/opt/***/jars/s3-2.18.41.jar,/opt/***/jars/aws-java-sdk-1.12.367.jar,/opt/***/jars/delta-core_2.12-2.4.0.jar,/opt/***/jars/delta-storage-2.2.0.jar, --packages org.apache.hadoop:hadoop-aws:3.3.4 --num-executors 2 --total-executor-cores 2 --executor-cores 2 --executor-memory 2g --driver-memory 1g --name arrow-spark --deploy-mode client /opt/***/jobs/python/test_Credit.py s3a://lakehouse/bronze/credits.parquet s3a://lakehouse/sliver/credit. Error code is: 1.
[2024-11-02T08:45:56.197+0000] {taskinstance.py:1398} INFO - Marking task as UP_FOR_RETRY. dag_id=task_credits_clean, task_id=credits_cleaned, execution_date=20241102T084539, start_date=20241102T084541, end_date=20241102T084556
[2024-11-02T08:45:56.209+0000] {standard_task_runner.py:104} ERROR - Failed to execute job 87 for task credits_cleaned (Cannot execute: spark-submit --master spark://master:7077 --conf spark.sql.extensions=io.delta.sql.DeltaSparkSessionExtension --conf spark.sql.catalog.spark_catalog=org.apache.spark.sql.delta.catalog.DeltaCatalog --jars /opt/***/jars/hadoop-aws-3.3.4.jar,/opt/***/jars/s3-2.18.41.jar,/opt/***/jars/aws-java-sdk-1.12.367.jar,/opt/***/jars/delta-core_2.12-2.4.0.jar,/opt/***/jars/delta-storage-2.2.0.jar, --packages org.apache.hadoop:hadoop-aws:3.3.4 --num-executors 2 --total-executor-cores 2 --executor-cores 2 --executor-memory 2g --driver-memory 1g --name arrow-spark --deploy-mode client /opt/***/jobs/python/test_Credit.py s3a://lakehouse/bronze/credits.parquet s3a://lakehouse/sliver/credit. Error code is: 1.; 11005)
[2024-11-02T08:45:56.224+0000] {local_task_job_runner.py:228} INFO - Task exited with return code 1
[2024-11-02T08:45:56.238+0000] {taskinstance.py:2776} INFO - 0 downstream tasks scheduled from follow-on schedule check
