[2024-10-25T16:53:37.974+0000] {taskinstance.py:1157} INFO - Dependencies all met for dep_context=non-requeueable deps ti=<TaskInstance: clean_task_movies.clean_movies scheduled__2024-10-24T00:00:00+00:00 [queued]>
[2024-10-25T16:53:37.982+0000] {taskinstance.py:1157} INFO - Dependencies all met for dep_context=requeueable deps ti=<TaskInstance: clean_task_movies.clean_movies scheduled__2024-10-24T00:00:00+00:00 [queued]>
[2024-10-25T16:53:37.983+0000] {taskinstance.py:1359} INFO - Starting attempt 1 of 2
[2024-10-25T16:53:37.995+0000] {taskinstance.py:1380} INFO - Executing <Task(SparkSubmitOperator): clean_movies> on 2024-10-24 00:00:00+00:00
[2024-10-25T16:53:38.000+0000] {standard_task_runner.py:57} INFO - Started process 11243 to run task
[2024-10-25T16:53:38.002+0000] {standard_task_runner.py:84} INFO - Running: ['***', 'tasks', 'run', 'clean_task_movies', 'clean_movies', 'scheduled__2024-10-24T00:00:00+00:00', '--job-id', '190', '--raw', '--subdir', 'DAGS_FOLDER/movie.py', '--cfg-path', '/tmp/tmp8l97mo51']
[2024-10-25T16:53:38.006+0000] {standard_task_runner.py:85} INFO - Job 190: Subtask clean_movies
[2024-10-25T16:53:38.053+0000] {task_command.py:415} INFO - Running <TaskInstance: clean_task_movies.clean_movies scheduled__2024-10-24T00:00:00+00:00 [running]> on host 84076e7a47fe
[2024-10-25T16:53:38.130+0000] {taskinstance.py:1660} INFO - Exporting env vars: AIRFLOW_CTX_DAG_OWNER='***' AIRFLOW_CTX_DAG_ID='clean_task_movies' AIRFLOW_CTX_TASK_ID='clean_movies' AIRFLOW_CTX_EXECUTION_DATE='2024-10-24T00:00:00+00:00' AIRFLOW_CTX_TRY_NUMBER='1' AIRFLOW_CTX_DAG_RUN_ID='scheduled__2024-10-24T00:00:00+00:00'
[2024-10-25T16:53:38.140+0000] {base.py:73} INFO - Using connection ID 'spark-conn' for task execution.
[2024-10-25T16:53:38.142+0000] {spark_submit.py:403} INFO - Spark-Submit cmd: spark-submit --master spark://spark-master:7077 --conf spark.sql.extensions=io.delta.sql.DeltaSparkSessionExtension --conf spark.sql.catalog.spark_catalog=org.apache.spark.sql.delta.catalog.DeltaCatalog --jars /opt/***/jars/hadoop-aws-3.3.4.jar,/opt/***/jars/s3-2.18.41.jar,/opt/***/jars/aws-java-sdk-1.12.367.jar,/opt/***/jars/delta-core_2.12-2.4.0.jar,/opt/***/jars/delta-storage-2.2.0.jar, --packages org.apache.hadoop:hadoop-aws:3.3.4 --num-executors 2 --total-executor-cores 2 --executor-cores 2 --executor-memory 2g --driver-memory 1g --name arrow-spark --deploy-mode client /opt/***/jobs/python/test_movies.py s3a://lakehouse/bronze/movies.parquet s3a://lakehouse/sliver/movies
[2024-10-25T16:53:38.296+0000] {spark_submit.py:579} INFO - /home/***/.local/lib/python3.11/site-packages/pyspark/bin/load-spark-env.sh: line 68: ps: command not found
[2024-10-25T16:53:41.113+0000] {spark_submit.py:579} INFO - :: loading settings :: url = jar:file:/home/***/.local/lib/python3.11/site-packages/pyspark/jars/ivy-2.5.1.jar!/org/apache/ivy/core/settings/ivysettings.xml
[2024-10-25T16:53:41.336+0000] {spark_submit.py:579} INFO - Ivy Default Cache set to: /home/***/.ivy2/cache
[2024-10-25T16:53:41.337+0000] {spark_submit.py:579} INFO - The jars for the packages stored in: /home/***/.ivy2/jars
[2024-10-25T16:53:41.344+0000] {spark_submit.py:579} INFO - org.apache.hadoop#hadoop-aws added as a dependency
[2024-10-25T16:53:41.345+0000] {spark_submit.py:579} INFO - :: resolving dependencies :: org.apache.spark#spark-submit-parent-266126a1-07d5-44e4-ac54-1a57373510e9;1.0
[2024-10-25T16:53:41.346+0000] {spark_submit.py:579} INFO - confs: [default]
[2024-10-25T16:53:41.546+0000] {spark_submit.py:579} INFO - found org.apache.hadoop#hadoop-aws;3.3.4 in spark-list
[2024-10-25T16:53:41.588+0000] {spark_submit.py:579} INFO - found com.amazonaws#aws-java-sdk-bundle;1.12.262 in central
[2024-10-25T16:53:41.634+0000] {spark_submit.py:579} INFO - found org.wildfly.openssl#wildfly-openssl;1.0.7.Final in spark-list
[2024-10-25T16:53:41.671+0000] {spark_submit.py:579} INFO - :: resolution report :: resolve 313ms :: artifacts dl 12ms
[2024-10-25T16:53:41.672+0000] {spark_submit.py:579} INFO - :: modules in use:
[2024-10-25T16:53:41.673+0000] {spark_submit.py:579} INFO - com.amazonaws#aws-java-sdk-bundle;1.12.262 from central in [default]
[2024-10-25T16:53:41.674+0000] {spark_submit.py:579} INFO - org.apache.hadoop#hadoop-aws;3.3.4 from spark-list in [default]
[2024-10-25T16:53:41.675+0000] {spark_submit.py:579} INFO - org.wildfly.openssl#wildfly-openssl;1.0.7.Final from spark-list in [default]
[2024-10-25T16:53:41.676+0000] {spark_submit.py:579} INFO - ---------------------------------------------------------------------
[2024-10-25T16:53:41.676+0000] {spark_submit.py:579} INFO - |                  |            modules            ||   artifacts   |
[2024-10-25T16:53:41.677+0000] {spark_submit.py:579} INFO - |       conf       | number| search|dwnlded|evicted|| number|dwnlded|
[2024-10-25T16:53:41.678+0000] {spark_submit.py:579} INFO - ---------------------------------------------------------------------
[2024-10-25T16:53:41.679+0000] {spark_submit.py:579} INFO - |      default     |   3   |   0   |   0   |   0   ||   3   |   0   |
[2024-10-25T16:53:41.681+0000] {spark_submit.py:579} INFO - ---------------------------------------------------------------------
[2024-10-25T16:53:41.681+0000] {spark_submit.py:579} INFO - :: retrieving :: org.apache.spark#spark-submit-parent-266126a1-07d5-44e4-ac54-1a57373510e9
[2024-10-25T16:53:41.682+0000] {spark_submit.py:579} INFO - confs: [default]
[2024-10-25T16:53:41.693+0000] {spark_submit.py:579} INFO - 0 artifacts copied, 3 already retrieved (0kB/11ms)
[2024-10-25T16:53:42.041+0000] {spark_submit.py:579} INFO - 24/10/25 16:53:42 WARN NativeCodeLoader: Unable to load native-hadoop library for your platform... using builtin-java classes where applicable
[2024-10-25T16:53:44.062+0000] {spark_submit.py:579} INFO - 2024-10-25 16:53:44,062 INFO: Initializing Spark session...
[2024-10-25T16:53:44.487+0000] {spark_submit.py:579} INFO - 24/10/25 16:53:44 INFO SparkContext: Running Spark version 3.4.3
[2024-10-25T16:53:44.540+0000] {spark_submit.py:579} INFO - 24/10/25 16:53:44 INFO ResourceUtils: ==============================================================
[2024-10-25T16:53:44.542+0000] {spark_submit.py:579} INFO - 24/10/25 16:53:44 INFO ResourceUtils: No custom resources configured for spark.driver.
[2024-10-25T16:53:44.544+0000] {spark_submit.py:579} INFO - 24/10/25 16:53:44 INFO ResourceUtils: ==============================================================
[2024-10-25T16:53:44.545+0000] {spark_submit.py:579} INFO - 24/10/25 16:53:44 INFO SparkContext: Submitted application: CleanMovies
[2024-10-25T16:53:44.606+0000] {spark_submit.py:579} INFO - 24/10/25 16:53:44 INFO ResourceProfile: Default ResourceProfile created, executor resources: Map(cores -> name: cores, amount: 2, script: , vendor: , memory -> name: memory, amount: 2048, script: , vendor: , offHeap -> name: offHeap, amount: 0, script: , vendor: ), task resources: Map(cpus -> name: cpus, amount: 1.0)
[2024-10-25T16:53:44.626+0000] {spark_submit.py:579} INFO - 24/10/25 16:53:44 INFO ResourceProfile: Limiting resource is cpus at 2 tasks per executor
[2024-10-25T16:53:44.630+0000] {spark_submit.py:579} INFO - 24/10/25 16:53:44 INFO ResourceProfileManager: Added ResourceProfile id: 0
[2024-10-25T16:53:44.724+0000] {spark_submit.py:579} INFO - 24/10/25 16:53:44 INFO SecurityManager: Changing view acls to: ***
[2024-10-25T16:53:44.725+0000] {spark_submit.py:579} INFO - 24/10/25 16:53:44 INFO SecurityManager: Changing modify acls to: ***
[2024-10-25T16:53:44.726+0000] {spark_submit.py:579} INFO - 24/10/25 16:53:44 INFO SecurityManager: Changing view acls groups to:
[2024-10-25T16:53:44.727+0000] {spark_submit.py:579} INFO - 24/10/25 16:53:44 INFO SecurityManager: Changing modify acls groups to:
[2024-10-25T16:53:44.728+0000] {spark_submit.py:579} INFO - 24/10/25 16:53:44 INFO SecurityManager: SecurityManager: authentication disabled; ui acls disabled; users with view permissions: ***; groups with view permissions: EMPTY; users with modify permissions: ***; groups with modify permissions: EMPTY
[2024-10-25T16:53:45.202+0000] {spark_submit.py:579} INFO - 24/10/25 16:53:45 INFO Utils: Successfully started service 'sparkDriver' on port 40043.
[2024-10-25T16:53:45.315+0000] {spark_submit.py:579} INFO - 24/10/25 16:53:45 INFO SparkEnv: Registering MapOutputTracker
[2024-10-25T16:53:45.382+0000] {spark_submit.py:579} INFO - 24/10/25 16:53:45 INFO SparkEnv: Registering BlockManagerMaster
[2024-10-25T16:53:45.422+0000] {spark_submit.py:579} INFO - 24/10/25 16:53:45 INFO BlockManagerMasterEndpoint: Using org.apache.spark.storage.DefaultTopologyMapper for getting topology information
[2024-10-25T16:53:45.423+0000] {spark_submit.py:579} INFO - 24/10/25 16:53:45 INFO BlockManagerMasterEndpoint: BlockManagerMasterEndpoint up
[2024-10-25T16:53:45.430+0000] {spark_submit.py:579} INFO - 24/10/25 16:53:45 INFO SparkEnv: Registering BlockManagerMasterHeartbeat
[2024-10-25T16:53:45.481+0000] {spark_submit.py:579} INFO - 24/10/25 16:53:45 INFO DiskBlockManager: Created local directory at /tmp/blockmgr-1685ed09-ca8e-4a15-9bb6-1fcfc8d4cdbd
[2024-10-25T16:53:45.511+0000] {spark_submit.py:579} INFO - 24/10/25 16:53:45 INFO MemoryStore: MemoryStore started with capacity 434.4 MiB
[2024-10-25T16:53:45.540+0000] {spark_submit.py:579} INFO - 24/10/25 16:53:45 INFO SparkEnv: Registering OutputCommitCoordinator
[2024-10-25T16:53:45.870+0000] {spark_submit.py:579} INFO - 24/10/25 16:53:45 INFO JettyUtils: Start Jetty 0.0.0.0:4040 for SparkUI
[2024-10-25T16:53:46.010+0000] {spark_submit.py:579} INFO - 24/10/25 16:53:46 INFO Utils: Successfully started service 'SparkUI' on port 4040.
[2024-10-25T16:53:46.071+0000] {spark_submit.py:579} INFO - 24/10/25 16:53:46 INFO SparkContext: Added JAR file:///opt/***/jars/hadoop-aws-3.3.4.jar at spark://84076e7a47fe:40043/jars/hadoop-aws-3.3.4.jar with timestamp 1729875224469
[2024-10-25T16:53:46.073+0000] {spark_submit.py:579} INFO - 24/10/25 16:53:46 INFO SparkContext: Added JAR file:///opt/***/jars/s3-2.18.41.jar at spark://84076e7a47fe:40043/jars/s3-2.18.41.jar with timestamp 1729875224469
[2024-10-25T16:53:46.075+0000] {spark_submit.py:579} INFO - 24/10/25 16:53:46 INFO SparkContext: Added JAR file:///opt/***/jars/aws-java-sdk-1.12.367.jar at spark://84076e7a47fe:40043/jars/aws-java-sdk-1.12.367.jar with timestamp 1729875224469
[2024-10-25T16:53:46.076+0000] {spark_submit.py:579} INFO - 24/10/25 16:53:46 INFO SparkContext: Added JAR file:///opt/***/jars/delta-core_2.12-2.4.0.jar at spark://84076e7a47fe:40043/jars/delta-core_2.12-2.4.0.jar with timestamp 1729875224469
[2024-10-25T16:53:46.078+0000] {spark_submit.py:579} INFO - 24/10/25 16:53:46 INFO SparkContext: Added JAR file:///opt/***/jars/delta-storage-2.2.0.jar at spark://84076e7a47fe:40043/jars/delta-storage-2.2.0.jar with timestamp 1729875224469
[2024-10-25T16:53:46.079+0000] {spark_submit.py:579} INFO - 24/10/25 16:53:46 INFO SparkContext: Added JAR file:///home/***/.ivy2/jars/org.apache.hadoop_hadoop-aws-3.3.4.jar at spark://84076e7a47fe:40043/jars/org.apache.hadoop_hadoop-aws-3.3.4.jar with timestamp 1729875224469
[2024-10-25T16:53:46.080+0000] {spark_submit.py:579} INFO - 24/10/25 16:53:46 INFO SparkContext: Added JAR file:///home/***/.ivy2/jars/com.amazonaws_aws-java-sdk-bundle-1.12.262.jar at spark://84076e7a47fe:40043/jars/com.amazonaws_aws-java-sdk-bundle-1.12.262.jar with timestamp 1729875224469
[2024-10-25T16:53:46.080+0000] {spark_submit.py:579} INFO - 24/10/25 16:53:46 INFO SparkContext: Added JAR file:///home/***/.ivy2/jars/org.wildfly.openssl_wildfly-openssl-1.0.7.Final.jar at spark://84076e7a47fe:40043/jars/org.wildfly.openssl_wildfly-openssl-1.0.7.Final.jar with timestamp 1729875224469
[2024-10-25T16:53:46.084+0000] {spark_submit.py:579} INFO - 24/10/25 16:53:46 INFO SparkContext: Added file file:///home/***/.ivy2/jars/org.apache.hadoop_hadoop-aws-3.3.4.jar at spark://84076e7a47fe:40043/files/org.apache.hadoop_hadoop-aws-3.3.4.jar with timestamp 1729875224469
[2024-10-25T16:53:46.086+0000] {spark_submit.py:579} INFO - 24/10/25 16:53:46 INFO Utils: Copying /home/***/.ivy2/jars/org.apache.hadoop_hadoop-aws-3.3.4.jar to /tmp/spark-6e91cd5c-c364-452f-80bf-a100ab1b05b9/userFiles-ed1059ac-a63c-4e0e-937c-862db5df1044/org.apache.hadoop_hadoop-aws-3.3.4.jar
[2024-10-25T16:53:46.108+0000] {spark_submit.py:579} INFO - 24/10/25 16:53:46 INFO SparkContext: Added file file:///home/***/.ivy2/jars/com.amazonaws_aws-java-sdk-bundle-1.12.262.jar at spark://84076e7a47fe:40043/files/com.amazonaws_aws-java-sdk-bundle-1.12.262.jar with timestamp 1729875224469
[2024-10-25T16:53:46.109+0000] {spark_submit.py:579} INFO - 24/10/25 16:53:46 INFO Utils: Copying /home/***/.ivy2/jars/com.amazonaws_aws-java-sdk-bundle-1.12.262.jar to /tmp/spark-6e91cd5c-c364-452f-80bf-a100ab1b05b9/userFiles-ed1059ac-a63c-4e0e-937c-862db5df1044/com.amazonaws_aws-java-sdk-bundle-1.12.262.jar
[2024-10-25T16:53:48.213+0000] {spark_submit.py:579} INFO - 24/10/25 16:53:48 INFO SparkContext: Added file file:///home/***/.ivy2/jars/org.wildfly.openssl_wildfly-openssl-1.0.7.Final.jar at spark://84076e7a47fe:40043/files/org.wildfly.openssl_wildfly-openssl-1.0.7.Final.jar with timestamp 1729875224469
[2024-10-25T16:53:48.214+0000] {spark_submit.py:579} INFO - 24/10/25 16:53:48 INFO Utils: Copying /home/***/.ivy2/jars/org.wildfly.openssl_wildfly-openssl-1.0.7.Final.jar to /tmp/spark-6e91cd5c-c364-452f-80bf-a100ab1b05b9/userFiles-ed1059ac-a63c-4e0e-937c-862db5df1044/org.wildfly.openssl_wildfly-openssl-1.0.7.Final.jar
[2024-10-25T16:53:48.406+0000] {spark_submit.py:579} INFO - 24/10/25 16:53:48 INFO StandaloneAppClient$ClientEndpoint: Connecting to master spark://spark-master:7077...
[2024-10-25T16:53:48.484+0000] {spark_submit.py:579} INFO - 24/10/25 16:53:48 INFO TransportClientFactory: Successfully created connection to spark-master/172.18.0.7:7077 after 41 ms (0 ms spent in bootstraps)
[2024-10-25T16:53:48.645+0000] {spark_submit.py:579} INFO - 24/10/25 16:53:48 INFO StandaloneSchedulerBackend: Connected to Spark cluster with app ID app-20241025165348-0006
[2024-10-25T16:53:48.657+0000] {spark_submit.py:579} INFO - 24/10/25 16:53:48 INFO Utils: Successfully started service 'org.apache.spark.network.netty.NettyBlockTransferService' on port 39557.
[2024-10-25T16:53:48.658+0000] {spark_submit.py:579} INFO - 24/10/25 16:53:48 INFO NettyBlockTransferService: Server created on 84076e7a47fe:39557
[2024-10-25T16:53:48.659+0000] {spark_submit.py:579} INFO - 24/10/25 16:53:48 INFO StandaloneAppClient$ClientEndpoint: Executor added: app-20241025165348-0006/0 on worker-20241025145345-172.18.0.4-43211 (172.18.0.4:43211) with 2 core(s)
[2024-10-25T16:53:48.661+0000] {spark_submit.py:579} INFO - 24/10/25 16:53:48 INFO BlockManager: Using org.apache.spark.storage.RandomBlockReplicationPolicy for block replication policy
[2024-10-25T16:53:48.662+0000] {spark_submit.py:579} INFO - 24/10/25 16:53:48 INFO StandaloneSchedulerBackend: Granted executor ID app-20241025165348-0006/0 on hostPort 172.18.0.4:43211 with 2 core(s), 2.0 GiB RAM
[2024-10-25T16:53:48.674+0000] {spark_submit.py:579} INFO - 24/10/25 16:53:48 INFO BlockManagerMaster: Registering BlockManager BlockManagerId(driver, 84076e7a47fe, 39557, None)
[2024-10-25T16:53:48.679+0000] {spark_submit.py:579} INFO - 24/10/25 16:53:48 INFO BlockManagerMasterEndpoint: Registering block manager 84076e7a47fe:39557 with 434.4 MiB RAM, BlockManagerId(driver, 84076e7a47fe, 39557, None)
[2024-10-25T16:53:48.683+0000] {spark_submit.py:579} INFO - 24/10/25 16:53:48 INFO BlockManagerMaster: Registered BlockManager BlockManagerId(driver, 84076e7a47fe, 39557, None)
[2024-10-25T16:53:48.685+0000] {spark_submit.py:579} INFO - 24/10/25 16:53:48 INFO BlockManager: Initialized BlockManager: BlockManagerId(driver, 84076e7a47fe, 39557, None)
[2024-10-25T16:53:48.895+0000] {spark_submit.py:579} INFO - 24/10/25 16:53:48 INFO StandaloneAppClient$ClientEndpoint: Executor updated: app-20241025165348-0006/0 is now RUNNING
[2024-10-25T16:53:49.070+0000] {spark_submit.py:579} INFO - 24/10/25 16:53:49 INFO StandaloneSchedulerBackend: SchedulerBackend is ready for scheduling beginning after reached minRegisteredResourcesRatio: 0.0
[2024-10-25T16:53:49.552+0000] {spark_submit.py:579} INFO - 2024-10-25 16:53:49,551 INFO: Spark session initialized successfully.
[2024-10-25T16:53:49.552+0000] {spark_submit.py:579} INFO - 2024-10-25 16:53:49,551 INFO: Reading data from s3a://lakehouse/bronze/movies.parquet
[2024-10-25T16:53:49.564+0000] {spark_submit.py:579} INFO - 24/10/25 16:53:49 INFO SharedState: Setting hive.metastore.warehouse.dir ('null') to the value of spark.sql.warehouse.dir.
[2024-10-25T16:53:49.905+0000] {spark_submit.py:579} INFO - 24/10/25 16:53:49 WARN MetricsConfig: Cannot locate configuration: tried hadoop-metrics2-s3a-file-system.properties,hadoop-metrics2.properties
[2024-10-25T16:53:49.931+0000] {spark_submit.py:579} INFO - 24/10/25 16:53:49 INFO MetricsSystemImpl: Scheduled Metric snapshot period at 10 second(s).
[2024-10-25T16:53:49.932+0000] {spark_submit.py:579} INFO - 24/10/25 16:53:49 INFO MetricsSystemImpl: s3a-file-system metrics system started
[2024-10-25T16:53:51.418+0000] {spark_submit.py:579} INFO - 24/10/25 16:53:51 INFO SharedState: Warehouse path is 's3a://lakehouse/'.
[2024-10-25T16:53:53.337+0000] {spark_submit.py:579} INFO - 24/10/25 16:53:53 INFO InMemoryFileIndex: It took 117 ms to list leaf files for 1 paths.
[2024-10-25T16:53:53.747+0000] {spark_submit.py:579} INFO - 24/10/25 16:53:53 INFO StandaloneSchedulerBackend$StandaloneDriverEndpoint: Registered executor NettyRpcEndpointRef(spark-client://Executor) (172.18.0.4:45780) with ID 0,  ResourceProfileId 0
[2024-10-25T16:53:53.866+0000] {spark_submit.py:579} INFO - 24/10/25 16:53:53 INFO BlockManagerMasterEndpoint: Registering block manager 172.18.0.4:43303 with 1048.8 MiB RAM, BlockManagerId(0, 172.18.0.4, 43303, None)
[2024-10-25T16:53:53.957+0000] {spark_submit.py:579} INFO - 24/10/25 16:53:53 INFO SparkContext: Starting job: load at NativeMethodAccessorImpl.java:0
[2024-10-25T16:53:54.003+0000] {spark_submit.py:579} INFO - 24/10/25 16:53:54 INFO DAGScheduler: Got job 0 (load at NativeMethodAccessorImpl.java:0) with 1 output partitions
[2024-10-25T16:53:54.004+0000] {spark_submit.py:579} INFO - 24/10/25 16:53:54 INFO DAGScheduler: Final stage: ResultStage 0 (load at NativeMethodAccessorImpl.java:0)
[2024-10-25T16:53:54.005+0000] {spark_submit.py:579} INFO - 24/10/25 16:53:54 INFO DAGScheduler: Parents of final stage: List()
[2024-10-25T16:53:54.009+0000] {spark_submit.py:579} INFO - 24/10/25 16:53:54 INFO DAGScheduler: Missing parents: List()
[2024-10-25T16:53:54.019+0000] {spark_submit.py:579} INFO - 24/10/25 16:53:54 INFO DAGScheduler: Submitting ResultStage 0 (MapPartitionsRDD[1] at load at NativeMethodAccessorImpl.java:0), which has no missing parents
[2024-10-25T16:53:54.139+0000] {spark_submit.py:579} INFO - 24/10/25 16:53:54 INFO MemoryStore: Block broadcast_0 stored as values in memory (estimated size 106.9 KiB, free 434.3 MiB)
[2024-10-25T16:53:54.223+0000] {spark_submit.py:579} INFO - 24/10/25 16:53:54 INFO MemoryStore: Block broadcast_0_piece0 stored as bytes in memory (estimated size 38.9 KiB, free 434.3 MiB)
[2024-10-25T16:53:54.229+0000] {spark_submit.py:579} INFO - 24/10/25 16:53:54 INFO BlockManagerInfo: Added broadcast_0_piece0 in memory on 84076e7a47fe:39557 (size: 38.9 KiB, free: 434.4 MiB)
[2024-10-25T16:53:54.237+0000] {spark_submit.py:579} INFO - 24/10/25 16:53:54 INFO SparkContext: Created broadcast 0 from broadcast at DAGScheduler.scala:1540
[2024-10-25T16:53:54.268+0000] {spark_submit.py:579} INFO - 24/10/25 16:53:54 INFO DAGScheduler: Submitting 1 missing tasks from ResultStage 0 (MapPartitionsRDD[1] at load at NativeMethodAccessorImpl.java:0) (first 15 tasks are for partitions Vector(0))
[2024-10-25T16:53:54.271+0000] {spark_submit.py:579} INFO - 24/10/25 16:53:54 INFO TaskSchedulerImpl: Adding task set 0.0 with 1 tasks resource profile 0
[2024-10-25T16:54:33.806+0000] {spark_submit.py:579} INFO - 24/10/25 16:54:33 INFO TaskSetManager: Starting task 0.0 in stage 0.0 (TID 0) (172.18.0.4, executor 0, partition 0, PROCESS_LOCAL, 7499 bytes)
[2024-10-25T16:54:34.115+0000] {spark_submit.py:579} INFO - 24/10/25 16:54:34 INFO BlockManagerInfo: Added broadcast_0_piece0 in memory on 172.18.0.4:43303 (size: 38.9 KiB, free: 1048.8 MiB)
[2024-10-25T16:54:36.351+0000] {spark_submit.py:579} INFO - 24/10/25 16:54:36 INFO TaskSetManager: Finished task 0.0 in stage 0.0 (TID 0) in 2559 ms on 172.18.0.4 (executor 0) (1/1)
[2024-10-25T16:54:36.354+0000] {spark_submit.py:579} INFO - 24/10/25 16:54:36 INFO TaskSchedulerImpl: Removed TaskSet 0.0, whose tasks have all completed, from pool
[2024-10-25T16:54:36.361+0000] {spark_submit.py:579} INFO - 24/10/25 16:54:36 INFO DAGScheduler: ResultStage 0 (load at NativeMethodAccessorImpl.java:0) finished in 42.303 s
[2024-10-25T16:54:36.365+0000] {spark_submit.py:579} INFO - 24/10/25 16:54:36 INFO DAGScheduler: Job 0 is finished. Cancelling potential speculative or zombie tasks for this job
[2024-10-25T16:54:36.366+0000] {spark_submit.py:579} INFO - 24/10/25 16:54:36 INFO TaskSchedulerImpl: Killing all running tasks in stage 0: Stage finished
[2024-10-25T16:54:36.368+0000] {spark_submit.py:579} INFO - 24/10/25 16:54:36 INFO DAGScheduler: Job 0 finished: load at NativeMethodAccessorImpl.java:0, took 42.413719 s
[2024-10-25T16:54:36.495+0000] {spark_submit.py:579} INFO - 24/10/25 16:54:36 INFO BlockManagerInfo: Removed broadcast_0_piece0 on 84076e7a47fe:39557 in memory (size: 38.9 KiB, free: 434.4 MiB)
[2024-10-25T16:54:36.505+0000] {spark_submit.py:579} INFO - 24/10/25 16:54:36 INFO BlockManagerInfo: Removed broadcast_0_piece0 on 172.18.0.4:43303 in memory (size: 38.9 KiB, free: 1048.8 MiB)
[2024-10-25T16:54:38.182+0000] {spark_submit.py:579} INFO - root
[2024-10-25T16:54:38.182+0000] {spark_submit.py:579} INFO - |-- adult: string (nullable = true)
[2024-10-25T16:54:38.183+0000] {spark_submit.py:579} INFO - |-- belongs_to_collection: string (nullable = true)
[2024-10-25T16:54:38.183+0000] {spark_submit.py:579} INFO - |-- budget: string (nullable = true)
[2024-10-25T16:54:38.183+0000] {spark_submit.py:579} INFO - |-- genres: string (nullable = true)
[2024-10-25T16:54:38.184+0000] {spark_submit.py:579} INFO - |-- homepage: string (nullable = true)
[2024-10-25T16:54:38.184+0000] {spark_submit.py:579} INFO - |-- id: string (nullable = true)
[2024-10-25T16:54:38.185+0000] {spark_submit.py:579} INFO - |-- imdb_id: string (nullable = true)
[2024-10-25T16:54:38.185+0000] {spark_submit.py:579} INFO - |-- original_language: string (nullable = true)
[2024-10-25T16:54:38.186+0000] {spark_submit.py:579} INFO - |-- original_title: string (nullable = true)
[2024-10-25T16:54:38.186+0000] {spark_submit.py:579} INFO - |-- overview: string (nullable = true)
[2024-10-25T16:54:38.187+0000] {spark_submit.py:579} INFO - |-- popularity: string (nullable = true)
[2024-10-25T16:54:38.188+0000] {spark_submit.py:579} INFO - |-- poster_path: string (nullable = true)
[2024-10-25T16:54:38.188+0000] {spark_submit.py:579} INFO - |-- production_companies: string (nullable = true)
[2024-10-25T16:54:38.189+0000] {spark_submit.py:579} INFO - |-- production_countries: string (nullable = true)
[2024-10-25T16:54:38.189+0000] {spark_submit.py:579} INFO - |-- release_date: string (nullable = true)
[2024-10-25T16:54:38.190+0000] {spark_submit.py:579} INFO - |-- revenue: double (nullable = true)
[2024-10-25T16:54:38.190+0000] {spark_submit.py:579} INFO - |-- runtime: double (nullable = true)
[2024-10-25T16:54:38.191+0000] {spark_submit.py:579} INFO - |-- spoken_languages: string (nullable = true)
[2024-10-25T16:54:38.192+0000] {spark_submit.py:579} INFO - |-- status: string (nullable = true)
[2024-10-25T16:54:38.192+0000] {spark_submit.py:579} INFO - |-- tagline: string (nullable = true)
[2024-10-25T16:54:38.193+0000] {spark_submit.py:579} INFO - |-- title: string (nullable = true)
[2024-10-25T16:54:38.193+0000] {spark_submit.py:579} INFO - |-- video: boolean (nullable = true)
[2024-10-25T16:54:38.194+0000] {spark_submit.py:579} INFO - |-- vote_average: double (nullable = true)
[2024-10-25T16:54:38.194+0000] {spark_submit.py:579} INFO - |-- vote_count: double (nullable = true)
[2024-10-25T16:54:38.194+0000] {spark_submit.py:579} INFO - 
[2024-10-25T16:54:38.195+0000] {spark_submit.py:579} INFO - 2024-10-25 16:54:38,182 INFO: None
[2024-10-25T16:54:38.822+0000] {spark_submit.py:579} INFO - 2024-10-25 16:54:38,822 INFO: Saving cleaned data to s3a://lakehouse/sliver/movies
[2024-10-25T16:54:39.792+0000] {spark_submit.py:579} INFO - 24/10/25 16:54:39 INFO DeltaLog: Creating initial snapshot without metadata, because the directory is empty
[2024-10-25T16:54:39.931+0000] {spark_submit.py:579} INFO - 24/10/25 16:54:39 INFO InitialSnapshot: [tableId=530b234d-8648-481f-8351-bdcb3eeabe02] Created snapshot InitialSnapshot(path=s3a://lakehouse/sliver/movies/_delta_log, version=-1, metadata=Metadata(7219591f-8a6f-40fd-aec9-9811014d13a1,null,null,Format(parquet,Map()),null,List(),Map(),Some(1729875279912)), logSegment=LogSegment(s3a://lakehouse/sliver/movies/_delta_log,-1,List(),None,-1), checksumOpt=None)
[2024-10-25T16:54:40.074+0000] {spark_submit.py:579} INFO - 24/10/25 16:54:40 INFO DeltaLog: No delta log found for the Delta table at s3a://lakehouse/sliver/movies/_delta_log
[2024-10-25T16:54:40.076+0000] {spark_submit.py:579} INFO - 24/10/25 16:54:40 INFO InitialSnapshot: [tableId=7219591f-8a6f-40fd-aec9-9811014d13a1] Created snapshot InitialSnapshot(path=s3a://lakehouse/sliver/movies/_delta_log, version=-1, metadata=Metadata(ca40b48b-cf77-4554-aae9-084e2a52e9b1,null,null,Format(parquet,Map()),null,List(),Map(),Some(1729875280075)), logSegment=LogSegment(s3a://lakehouse/sliver/movies/_delta_log,-1,List(),None,-1), checksumOpt=None)
[2024-10-25T16:54:40.182+0000] {spark_submit.py:579} INFO - 24/10/25 16:54:40 INFO OptimisticTransaction: [tableId=ca40b48b,txnId=8fa6085d] Updated metadata from - to Metadata(17a2648f-2d55-4196-90e2-0c77c85505c4,null,null,Format(parquet,Map()),{"type":"struct","fields":[{"name":"adult","type":"boolean","nullable":true,"metadata":{}},{"name":"belongs_to_collection","type":"string","nullable":true,"metadata":{}},{"name":"budget","type":"integer","nullable":true,"metadata":{}},{"name":"genres","type":"string","nullable":true,"metadata":{}},{"name":"homepage","type":"string","nullable":true,"metadata":{}},{"name":"id","type":"string","nullable":true,"metadata":{}},{"name":"imdb_id","type":"string","nullable":true,"metadata":{}},{"name":"original_language","type":"string","nullable":true,"metadata":{}},{"name":"original_title","type":"string","nullable":true,"metadata":{}},{"name":"overview","type":"string","nullable":true,"metadata":{}},{"name":"popularity","type":"float","nullable":true,"metadata":{}},{"name":"poster_path","type":"string","nullable":true,"metadata":{}},{"name":"production_companies","type":"string","nullable":true,"metadata":{}},{"name":"production_countries","type":"string","nullable":true,"metadata":{}},{"name":"release_date","type":"date","nullable":true,"metadata":{}},{"name":"revenue","type":"integer","nullable":true,"metadata":{}},{"name":"runtime","type":"integer","nullable":true,"metadata":{}},{"name":"spoken_languages","type":"string","nullable":true,"metadata":{}},{"name":"status","type":"string","nullable":true,"metadata":{}},{"name":"tagline","type":"string","nullable":true,"metadata":{}},{"name":"title","type":"string","nullable":true,"metadata":{}},{"name":"video","type":"boolean","nullable":true,"metadata":{}},{"name":"vote_average","type":"float","nullable":true,"metadata":{}},{"name":"vote_count","type":"integer","nullable":true,"metadata":{}}]},List(),Map(),Some(1729875280160))
[2024-10-25T16:54:40.975+0000] {spark_submit.py:579} INFO - 24/10/25 16:54:40 INFO FileSourceStrategy: Pushed Filters: Not(In(poster_path, [/ff9qCepilowshEtG2GYWwzt2bs4.jpg,/zV8bHuSL6WXoD6FWogP9j4x80bL.jpg,/zaSf5OG7V8X8gqFvly88zDdRm46.jpg]))
[2024-10-25T16:54:40.975+0000] {spark_submit.py:579} INFO - 24/10/25 16:54:40 INFO FileSourceStrategy: Post-Scan Filters: NOT poster_path#11 IN (/zV8bHuSL6WXoD6FWogP9j4x80bL.jpg,/ff9qCepilowshEtG2GYWwzt2bs4.jpg,/zaSf5OG7V8X8gqFvly88zDdRm46.jpg)
[2024-10-25T16:54:41.115+0000] {spark_submit.py:579} INFO - 24/10/25 16:54:41 INFO ParquetUtils: Using default output committer for Parquet: org.apache.parquet.hadoop.ParquetOutputCommitter
[2024-10-25T16:54:41.200+0000] {spark_submit.py:579} INFO - 24/10/25 16:54:41 INFO HashAggregateExec: spark.sql.codegen.aggregate.map.twolevel.enabled is set to true, but current version of codegened fast hashmap does not support this aggregate.
[2024-10-25T16:54:41.821+0000] {spark_submit.py:579} INFO - 24/10/25 16:54:41 INFO CodeGenerator: Code generated in 486.501058 ms
[2024-10-25T16:54:41.851+0000] {spark_submit.py:579} INFO - 24/10/25 16:54:41 INFO MemoryStore: Block broadcast_1 stored as values in memory (estimated size 209.5 KiB, free 434.2 MiB)
[2024-10-25T16:54:41.869+0000] {spark_submit.py:579} INFO - 24/10/25 16:54:41 INFO MemoryStore: Block broadcast_1_piece0 stored as bytes in memory (estimated size 37.2 KiB, free 434.2 MiB)
[2024-10-25T16:54:41.871+0000] {spark_submit.py:579} INFO - 24/10/25 16:54:41 INFO BlockManagerInfo: Added broadcast_1_piece0 in memory on 84076e7a47fe:39557 (size: 37.2 KiB, free: 434.4 MiB)
[2024-10-25T16:54:41.873+0000] {spark_submit.py:579} INFO - 24/10/25 16:54:41 INFO SparkContext: Created broadcast 1 from save at NativeMethodAccessorImpl.java:0
[2024-10-25T16:54:41.898+0000] {spark_submit.py:579} INFO - 24/10/25 16:54:41 INFO FileSourceScanExec: Planning scan with bin packing, max size: 10691623 bytes, open cost is considered as scanning 4194304 bytes.
[2024-10-25T16:54:42.078+0000] {spark_submit.py:579} INFO - 24/10/25 16:54:42 INFO DAGScheduler: Registering RDD 5 (save at NativeMethodAccessorImpl.java:0) as input to shuffle 0
[2024-10-25T16:54:42.082+0000] {spark_submit.py:579} INFO - 24/10/25 16:54:42 INFO DAGScheduler: Got map stage job 1 (save at NativeMethodAccessorImpl.java:0) with 2 output partitions
[2024-10-25T16:54:42.083+0000] {spark_submit.py:579} INFO - 24/10/25 16:54:42 INFO DAGScheduler: Final stage: ShuffleMapStage 1 (save at NativeMethodAccessorImpl.java:0)
[2024-10-25T16:54:42.084+0000] {spark_submit.py:579} INFO - 24/10/25 16:54:42 INFO DAGScheduler: Parents of final stage: List()
[2024-10-25T16:54:42.086+0000] {spark_submit.py:579} INFO - 24/10/25 16:54:42 INFO DAGScheduler: Missing parents: List()
[2024-10-25T16:54:42.089+0000] {spark_submit.py:579} INFO - 24/10/25 16:54:42 INFO DAGScheduler: Submitting ShuffleMapStage 1 (MapPartitionsRDD[5] at save at NativeMethodAccessorImpl.java:0), which has no missing parents
[2024-10-25T16:54:42.121+0000] {spark_submit.py:579} INFO - 24/10/25 16:54:42 INFO MemoryStore: Block broadcast_2 stored as values in memory (estimated size 79.3 KiB, free 434.1 MiB)
[2024-10-25T16:54:42.132+0000] {spark_submit.py:579} INFO - 24/10/25 16:54:42 INFO MemoryStore: Block broadcast_2_piece0 stored as bytes in memory (estimated size 27.4 KiB, free 434.1 MiB)
[2024-10-25T16:54:42.134+0000] {spark_submit.py:579} INFO - 24/10/25 16:54:42 INFO BlockManagerInfo: Added broadcast_2_piece0 in memory on 84076e7a47fe:39557 (size: 27.4 KiB, free: 434.3 MiB)
[2024-10-25T16:54:42.136+0000] {spark_submit.py:579} INFO - 24/10/25 16:54:42 INFO SparkContext: Created broadcast 2 from broadcast at DAGScheduler.scala:1540
[2024-10-25T16:54:42.139+0000] {spark_submit.py:579} INFO - 24/10/25 16:54:42 INFO DAGScheduler: Submitting 2 missing tasks from ShuffleMapStage 1 (MapPartitionsRDD[5] at save at NativeMethodAccessorImpl.java:0) (first 15 tasks are for partitions Vector(0, 1))
[2024-10-25T16:54:42.140+0000] {spark_submit.py:579} INFO - 24/10/25 16:54:42 INFO TaskSchedulerImpl: Adding task set 1.0 with 2 tasks resource profile 0
[2024-10-25T16:54:42.146+0000] {spark_submit.py:579} INFO - 24/10/25 16:54:42 INFO TaskSetManager: Starting task 0.0 in stage 1.0 (TID 1) (172.18.0.4, executor 0, partition 0, PROCESS_LOCAL, 7910 bytes)
[2024-10-25T16:54:42.147+0000] {spark_submit.py:579} INFO - 24/10/25 16:54:42 INFO TaskSetManager: Starting task 1.0 in stage 1.0 (TID 2) (172.18.0.4, executor 0, partition 1, PROCESS_LOCAL, 7910 bytes)
[2024-10-25T16:54:42.215+0000] {spark_submit.py:579} INFO - 24/10/25 16:54:42 INFO BlockManagerInfo: Added broadcast_2_piece0 in memory on 172.18.0.4:43303 (size: 27.4 KiB, free: 1048.8 MiB)
[2024-10-25T16:54:43.489+0000] {spark_submit.py:579} INFO - 24/10/25 16:54:43 INFO BlockManagerInfo: Added broadcast_1_piece0 in memory on 172.18.0.4:43303 (size: 37.2 KiB, free: 1048.7 MiB)
[2024-10-25T16:54:44.053+0000] {spark_submit.py:579} INFO - 24/10/25 16:54:44 INFO TaskSetManager: Finished task 1.0 in stage 1.0 (TID 2) in 1906 ms on 172.18.0.4 (executor 0) (1/2)
[2024-10-25T16:54:45.684+0000] {spark_submit.py:579} INFO - 24/10/25 16:54:45 INFO TaskSetManager: Finished task 0.0 in stage 1.0 (TID 1) in 3543 ms on 172.18.0.4 (executor 0) (2/2)
[2024-10-25T16:54:45.685+0000] {spark_submit.py:579} INFO - 24/10/25 16:54:45 INFO TaskSchedulerImpl: Removed TaskSet 1.0, whose tasks have all completed, from pool
[2024-10-25T16:54:45.686+0000] {spark_submit.py:579} INFO - 24/10/25 16:54:45 INFO DAGScheduler: ShuffleMapStage 1 (save at NativeMethodAccessorImpl.java:0) finished in 3.590 s
[2024-10-25T16:54:45.687+0000] {spark_submit.py:579} INFO - 24/10/25 16:54:45 INFO DAGScheduler: looking for newly runnable stages
[2024-10-25T16:54:45.688+0000] {spark_submit.py:579} INFO - 24/10/25 16:54:45 INFO DAGScheduler: running: Set()
[2024-10-25T16:54:45.689+0000] {spark_submit.py:579} INFO - 24/10/25 16:54:45 INFO DAGScheduler: waiting: Set()
[2024-10-25T16:54:45.690+0000] {spark_submit.py:579} INFO - 24/10/25 16:54:45 INFO DAGScheduler: failed: Set()
[2024-10-25T16:54:45.721+0000] {spark_submit.py:579} INFO - 24/10/25 16:54:45 INFO ShufflePartitionsUtil: For shuffle(0), advisory target size: 67108864, actual target size 12881108, minimum partition size: 1048576
[2024-10-25T16:54:45.759+0000] {spark_submit.py:579} INFO - 24/10/25 16:54:45 INFO HashAggregateExec: spark.sql.codegen.aggregate.map.twolevel.enabled is set to true, but current version of codegened fast hashmap does not support this aggregate.
[2024-10-25T16:54:45.802+0000] {spark_submit.py:579} INFO - 24/10/25 16:54:45 INFO CodeGenerator: Code generated in 30.682335 ms
[2024-10-25T16:54:45.854+0000] {spark_submit.py:579} INFO - 24/10/25 16:54:45 INFO BlockManagerInfo: Removed broadcast_2_piece0 on 84076e7a47fe:39557 in memory (size: 27.4 KiB, free: 434.4 MiB)
[2024-10-25T16:54:45.857+0000] {spark_submit.py:579} INFO - 24/10/25 16:54:45 INFO BlockManagerInfo: Removed broadcast_2_piece0 on 172.18.0.4:43303 in memory (size: 27.4 KiB, free: 1048.8 MiB)
[2024-10-25T16:54:45.928+0000] {spark_submit.py:579} INFO - 24/10/25 16:54:45 INFO SparkContext: Starting job: save at NativeMethodAccessorImpl.java:0
[2024-10-25T16:54:45.930+0000] {spark_submit.py:579} INFO - 24/10/25 16:54:45 INFO DAGScheduler: Got job 2 (save at NativeMethodAccessorImpl.java:0) with 2 output partitions
[2024-10-25T16:54:45.931+0000] {spark_submit.py:579} INFO - 24/10/25 16:54:45 INFO DAGScheduler: Final stage: ResultStage 3 (save at NativeMethodAccessorImpl.java:0)
[2024-10-25T16:54:45.931+0000] {spark_submit.py:579} INFO - 24/10/25 16:54:45 INFO DAGScheduler: Parents of final stage: List(ShuffleMapStage 2)
[2024-10-25T16:54:45.932+0000] {spark_submit.py:579} INFO - 24/10/25 16:54:45 INFO DAGScheduler: Missing parents: List()
[2024-10-25T16:54:45.932+0000] {spark_submit.py:579} INFO - 24/10/25 16:54:45 INFO DAGScheduler: Submitting ResultStage 3 (MapPartitionsRDD[7] at save at NativeMethodAccessorImpl.java:0), which has no missing parents
[2024-10-25T16:54:45.969+0000] {spark_submit.py:579} INFO - 24/10/25 16:54:45 INFO MemoryStore: Block broadcast_3 stored as values in memory (estimated size 422.0 KiB, free 433.7 MiB)
[2024-10-25T16:54:45.973+0000] {spark_submit.py:579} INFO - 24/10/25 16:54:45 INFO MemoryStore: Block broadcast_3_piece0 stored as bytes in memory (estimated size 146.2 KiB, free 433.6 MiB)
[2024-10-25T16:54:45.974+0000] {spark_submit.py:579} INFO - 24/10/25 16:54:45 INFO BlockManagerInfo: Added broadcast_3_piece0 in memory on 84076e7a47fe:39557 (size: 146.2 KiB, free: 434.2 MiB)
[2024-10-25T16:54:45.975+0000] {spark_submit.py:579} INFO - 24/10/25 16:54:45 INFO SparkContext: Created broadcast 3 from broadcast at DAGScheduler.scala:1540
[2024-10-25T16:54:45.976+0000] {spark_submit.py:579} INFO - 24/10/25 16:54:45 INFO DAGScheduler: Submitting 2 missing tasks from ResultStage 3 (MapPartitionsRDD[7] at save at NativeMethodAccessorImpl.java:0) (first 15 tasks are for partitions Vector(0, 1))
[2024-10-25T16:54:45.977+0000] {spark_submit.py:579} INFO - 24/10/25 16:54:45 INFO TaskSchedulerImpl: Adding task set 3.0 with 2 tasks resource profile 0
[2024-10-25T16:54:45.983+0000] {spark_submit.py:579} INFO - 24/10/25 16:54:45 INFO TaskSetManager: Starting task 0.0 in stage 3.0 (TID 3) (172.18.0.4, executor 0, partition 0, NODE_LOCAL, 7367 bytes)
[2024-10-25T16:54:45.983+0000] {spark_submit.py:579} INFO - 24/10/25 16:54:45 INFO TaskSetManager: Starting task 1.0 in stage 3.0 (TID 4) (172.18.0.4, executor 0, partition 1, NODE_LOCAL, 7367 bytes)
[2024-10-25T16:54:46.018+0000] {spark_submit.py:579} INFO - 24/10/25 16:54:46 INFO BlockManagerInfo: Added broadcast_3_piece0 in memory on 172.18.0.4:43303 (size: 146.2 KiB, free: 1048.6 MiB)
[2024-10-25T16:54:46.261+0000] {spark_submit.py:579} INFO - 24/10/25 16:54:46 INFO MapOutputTrackerMasterEndpoint: Asked to send map output locations for shuffle 0 to 172.18.0.4:45780
[2024-10-25T16:54:51.438+0000] {spark_submit.py:579} INFO - 24/10/25 16:54:51 INFO TaskSetManager: Finished task 0.0 in stage 3.0 (TID 3) in 5458 ms on 172.18.0.4 (executor 0) (1/2)
[2024-10-25T16:54:51.439+0000] {spark_submit.py:579} INFO - 24/10/25 16:54:51 INFO TaskSetManager: Finished task 1.0 in stage 3.0 (TID 4) in 5455 ms on 172.18.0.4 (executor 0) (2/2)
[2024-10-25T16:54:51.439+0000] {spark_submit.py:579} INFO - 24/10/25 16:54:51 INFO TaskSchedulerImpl: Removed TaskSet 3.0, whose tasks have all completed, from pool
[2024-10-25T16:54:51.442+0000] {spark_submit.py:579} INFO - 24/10/25 16:54:51 INFO DAGScheduler: ResultStage 3 (save at NativeMethodAccessorImpl.java:0) finished in 5.496 s
[2024-10-25T16:54:51.442+0000] {spark_submit.py:579} INFO - 24/10/25 16:54:51 INFO DAGScheduler: Job 2 is finished. Cancelling potential speculative or zombie tasks for this job
[2024-10-25T16:54:51.443+0000] {spark_submit.py:579} INFO - 24/10/25 16:54:51 INFO TaskSchedulerImpl: Killing all running tasks in stage 3: Stage finished
[2024-10-25T16:54:51.444+0000] {spark_submit.py:579} INFO - 24/10/25 16:54:51 INFO DAGScheduler: Job 2 finished: save at NativeMethodAccessorImpl.java:0, took 5.514137 s
[2024-10-25T16:54:51.445+0000] {spark_submit.py:579} INFO - 24/10/25 16:54:51 INFO FileFormatWriter: Start to commit write Job e2422a0c-f0f2-4c17-ac93-01ba4ebb924a.
[2024-10-25T16:54:51.447+0000] {spark_submit.py:579} INFO - 24/10/25 16:54:51 INFO FileFormatWriter: Write Job e2422a0c-f0f2-4c17-ac93-01ba4ebb924a committed. Elapsed time: 0 ms.
[2024-10-25T16:54:51.450+0000] {spark_submit.py:579} INFO - 24/10/25 16:54:51 INFO FileFormatWriter: Finished processing stats for write job e2422a0c-f0f2-4c17-ac93-01ba4ebb924a.
[2024-10-25T16:54:51.559+0000] {spark_submit.py:579} INFO - 24/10/25 16:54:51 INFO BlockManagerInfo: Removed broadcast_3_piece0 on 84076e7a47fe:39557 in memory (size: 146.2 KiB, free: 434.4 MiB)
[2024-10-25T16:54:51.564+0000] {spark_submit.py:579} INFO - 24/10/25 16:54:51 INFO BlockManagerInfo: Removed broadcast_3_piece0 on 172.18.0.4:43303 in memory (size: 146.2 KiB, free: 1048.8 MiB)
[2024-10-25T16:54:52.736+0000] {spark_submit.py:579} INFO - 24/10/25 16:54:52 INFO CodeGenerator: Code generated in 185.085856 ms
[2024-10-25T16:54:52.798+0000] {spark_submit.py:579} INFO - 24/10/25 16:54:52 INFO SparkContext: Starting job: $anonfun$recordDeltaOperationInternal$1 at DatabricksLogging.scala:128
[2024-10-25T16:54:52.799+0000] {spark_submit.py:579} INFO - 24/10/25 16:54:52 INFO DAGScheduler: Job 3 finished: $anonfun$recordDeltaOperationInternal$1 at DatabricksLogging.scala:128, took 0.000442 s
[2024-10-25T16:54:52.892+0000] {spark_submit.py:579} INFO - 24/10/25 16:54:52 INFO OptimisticTransaction: [tableId=ca40b48b,txnId=8fa6085d] Attempting to commit version 0 with 5 actions with Serializable isolation level
[2024-10-25T16:54:53.221+0000] {spark_submit.py:579} INFO - 24/10/25 16:54:53 INFO DeltaLog: Creating a new snapshot v0 for commit version 0
[2024-10-25T16:54:53.222+0000] {spark_submit.py:579} INFO - 24/10/25 16:54:53 INFO DeltaLog: Loading version 0.
[2024-10-25T16:54:53.242+0000] {spark_submit.py:579} INFO - 24/10/25 16:54:53 INFO DeltaLogFileIndex: Created DeltaLogFileIndex(JSON, numFilesInSegment: 1, totalFileSize: 6652)
[2024-10-25T16:54:53.378+0000] {spark_submit.py:579} INFO - 24/10/25 16:54:53 INFO FileSourceStrategy: Pushed Filters:
[2024-10-25T16:54:53.379+0000] {spark_submit.py:579} INFO - 24/10/25 16:54:53 INFO FileSourceStrategy: Post-Scan Filters:
[2024-10-25T16:54:53.455+0000] {spark_submit.py:579} INFO - 24/10/25 16:54:53 INFO CodeGenerator: Code generated in 57.466456 ms
[2024-10-25T16:54:53.459+0000] {spark_submit.py:579} INFO - 24/10/25 16:54:53 INFO MemoryStore: Block broadcast_4 stored as values in memory (estimated size 205.1 KiB, free 434.0 MiB)
[2024-10-25T16:54:53.482+0000] {spark_submit.py:579} INFO - 24/10/25 16:54:53 INFO MemoryStore: Block broadcast_4_piece0 stored as bytes in memory (estimated size 36.1 KiB, free 433.9 MiB)
[2024-10-25T16:54:53.484+0000] {spark_submit.py:579} INFO - 24/10/25 16:54:53 INFO BlockManagerInfo: Added broadcast_4_piece0 in memory on 84076e7a47fe:39557 (size: 36.1 KiB, free: 434.3 MiB)
[2024-10-25T16:54:53.485+0000] {spark_submit.py:579} INFO - 24/10/25 16:54:53 INFO SparkContext: Created broadcast 4 from toString at String.java:2951
[2024-10-25T16:54:53.527+0000] {spark_submit.py:579} INFO - 24/10/25 16:54:53 INFO FileSourceScanExec: Planning scan with bin packing, max size: 4194304 bytes, open cost is considered as scanning 4194304 bytes.
[2024-10-25T16:54:53.568+0000] {spark_submit.py:579} INFO - 24/10/25 16:54:53 INFO SparkContext: Starting job: toString at String.java:2951
[2024-10-25T16:54:53.569+0000] {spark_submit.py:579} INFO - 24/10/25 16:54:53 INFO DAGScheduler: Got job 4 (toString at String.java:2951) with 1 output partitions
[2024-10-25T16:54:53.570+0000] {spark_submit.py:579} INFO - 24/10/25 16:54:53 INFO DAGScheduler: Final stage: ResultStage 4 (toString at String.java:2951)
[2024-10-25T16:54:53.570+0000] {spark_submit.py:579} INFO - 24/10/25 16:54:53 INFO DAGScheduler: Parents of final stage: List()
[2024-10-25T16:54:53.571+0000] {spark_submit.py:579} INFO - 24/10/25 16:54:53 INFO DAGScheduler: Missing parents: List()
[2024-10-25T16:54:53.572+0000] {spark_submit.py:579} INFO - 24/10/25 16:54:53 INFO DAGScheduler: Submitting ResultStage 4 (MapPartitionsRDD[15] at toString at String.java:2951), which has no missing parents
[2024-10-25T16:54:53.574+0000] {spark_submit.py:579} INFO - 24/10/25 16:54:53 INFO MemoryStore: Block broadcast_5 stored as values in memory (estimated size 50.4 KiB, free 433.9 MiB)
[2024-10-25T16:54:53.576+0000] {spark_submit.py:579} INFO - 24/10/25 16:54:53 INFO MemoryStore: Block broadcast_5_piece0 stored as bytes in memory (estimated size 15.5 KiB, free 433.9 MiB)
[2024-10-25T16:54:53.578+0000] {spark_submit.py:579} INFO - 24/10/25 16:54:53 INFO BlockManagerInfo: Added broadcast_5_piece0 in memory on 84076e7a47fe:39557 (size: 15.5 KiB, free: 434.3 MiB)
[2024-10-25T16:54:53.579+0000] {spark_submit.py:579} INFO - 24/10/25 16:54:53 INFO SparkContext: Created broadcast 5 from broadcast at DAGScheduler.scala:1540
[2024-10-25T16:54:53.579+0000] {spark_submit.py:579} INFO - 24/10/25 16:54:53 INFO DAGScheduler: Submitting 1 missing tasks from ResultStage 4 (MapPartitionsRDD[15] at toString at String.java:2951) (first 15 tasks are for partitions Vector(0))
[2024-10-25T16:54:53.580+0000] {spark_submit.py:579} INFO - 24/10/25 16:54:53 INFO TaskSchedulerImpl: Adding task set 4.0 with 1 tasks resource profile 0
[2024-10-25T16:54:53.581+0000] {spark_submit.py:579} INFO - 24/10/25 16:54:53 INFO TaskSetManager: Starting task 0.0 in stage 4.0 (TID 5) (172.18.0.4, executor 0, partition 0, PROCESS_LOCAL, 7950 bytes)
[2024-10-25T16:54:53.599+0000] {spark_submit.py:579} INFO - 24/10/25 16:54:53 INFO BlockManagerInfo: Added broadcast_5_piece0 in memory on 172.18.0.4:43303 (size: 15.5 KiB, free: 1048.7 MiB)
[2024-10-25T16:54:53.799+0000] {spark_submit.py:579} INFO - 24/10/25 16:54:53 INFO BlockManagerInfo: Added broadcast_4_piece0 in memory on 172.18.0.4:43303 (size: 36.1 KiB, free: 1048.7 MiB)
[2024-10-25T16:54:53.886+0000] {spark_submit.py:579} INFO - 24/10/25 16:54:53 INFO TaskSetManager: Finished task 0.0 in stage 4.0 (TID 5) in 304 ms on 172.18.0.4 (executor 0) (1/1)
[2024-10-25T16:54:53.886+0000] {spark_submit.py:579} INFO - 24/10/25 16:54:53 INFO TaskSchedulerImpl: Removed TaskSet 4.0, whose tasks have all completed, from pool
[2024-10-25T16:54:53.887+0000] {spark_submit.py:579} INFO - 24/10/25 16:54:53 INFO DAGScheduler: ResultStage 4 (toString at String.java:2951) finished in 0.314 s
[2024-10-25T16:54:53.888+0000] {spark_submit.py:579} INFO - 24/10/25 16:54:53 INFO DAGScheduler: Job 4 is finished. Cancelling potential speculative or zombie tasks for this job
[2024-10-25T16:54:53.889+0000] {spark_submit.py:579} INFO - 24/10/25 16:54:53 INFO TaskSchedulerImpl: Killing all running tasks in stage 4: Stage finished
[2024-10-25T16:54:53.889+0000] {spark_submit.py:579} INFO - 24/10/25 16:54:53 INFO DAGScheduler: Job 4 finished: toString at String.java:2951, took 0.318962 s
[2024-10-25T16:54:53.939+0000] {spark_submit.py:579} INFO - 24/10/25 16:54:53 INFO CodeGenerator: Code generated in 28.66185 ms
[2024-10-25T16:54:53.947+0000] {spark_submit.py:579} INFO - 24/10/25 16:54:53 INFO Snapshot: [tableId=ca40b48b-cf77-4554-aae9-084e2a52e9b1] Created snapshot Snapshot(path=s3a://lakehouse/sliver/movies/_delta_log, version=0, metadata=Metadata(17a2648f-2d55-4196-90e2-0c77c85505c4,null,null,Format(parquet,Map()),{"type":"struct","fields":[{"name":"adult","type":"boolean","nullable":true,"metadata":{}},{"name":"belongs_to_collection","type":"string","nullable":true,"metadata":{}},{"name":"budget","type":"integer","nullable":true,"metadata":{}},{"name":"genres","type":"string","nullable":true,"metadata":{}},{"name":"homepage","type":"string","nullable":true,"metadata":{}},{"name":"id","type":"string","nullable":true,"metadata":{}},{"name":"imdb_id","type":"string","nullable":true,"metadata":{}},{"name":"original_language","type":"string","nullable":true,"metadata":{}},{"name":"original_title","type":"string","nullable":true,"metadata":{}},{"name":"overview","type":"string","nullable":true,"metadata":{}},{"name":"popularity","type":"float","nullable":true,"metadata":{}},{"name":"poster_path","type":"string","nullable":true,"metadata":{}},{"name":"production_companies","type":"string","nullable":true,"metadata":{}},{"name":"production_countries","type":"string","nullable":true,"metadata":{}},{"name":"release_date","type":"date","nullable":true,"metadata":{}},{"name":"revenue","type":"integer","nullable":true,"metadata":{}},{"name":"runtime","type":"integer","nullable":true,"metadata":{}},{"name":"spoken_languages","type":"string","nullable":true,"metadata":{}},{"name":"status","type":"string","nullable":true,"metadata":{}},{"name":"tagline","type":"string","nullable":true,"metadata":{}},{"name":"title","type":"string","nullable":true,"metadata":{}},{"name":"video","type":"boolean","nullable":true,"metadata":{}},{"name":"vote_average","type":"float","nullable":true,"metadata":{}},{"name":"vote_count","type":"integer","nullable":true,"metadata":{}}]},List(),Map(),Some(1729875280160)), logSegment=LogSegment(s3a://lakehouse/sliver/movies/_delta_log,0,WrappedArray(S3AFileStatus{path=s3a://lakehouse/sliver/movies/_delta_log/00000000000000000000.json; isDirectory=false; length=6652; replication=1; blocksize=33554432; modification_time=1729875293154; access_time=0; owner=***; group=***; permission=rw-rw-rw-; isSymlink=false; hasAcl=false; isEncrypted=true; isErasureCoded=false} isEmptyDirectory=FALSE eTag=e71f448bc2bc767666ef0dbf4bbe1135 versionId=null),None,1729875293154), checksumOpt=None)
[2024-10-25T16:54:53.949+0000] {spark_submit.py:579} INFO - 24/10/25 16:54:53 INFO DeltaLog: Updated snapshot to Snapshot(path=s3a://lakehouse/sliver/movies/_delta_log, version=0, metadata=Metadata(17a2648f-2d55-4196-90e2-0c77c85505c4,null,null,Format(parquet,Map()),{"type":"struct","fields":[{"name":"adult","type":"boolean","nullable":true,"metadata":{}},{"name":"belongs_to_collection","type":"string","nullable":true,"metadata":{}},{"name":"budget","type":"integer","nullable":true,"metadata":{}},{"name":"genres","type":"string","nullable":true,"metadata":{}},{"name":"homepage","type":"string","nullable":true,"metadata":{}},{"name":"id","type":"string","nullable":true,"metadata":{}},{"name":"imdb_id","type":"string","nullable":true,"metadata":{}},{"name":"original_language","type":"string","nullable":true,"metadata":{}},{"name":"original_title","type":"string","nullable":true,"metadata":{}},{"name":"overview","type":"string","nullable":true,"metadata":{}},{"name":"popularity","type":"float","nullable":true,"metadata":{}},{"name":"poster_path","type":"string","nullable":true,"metadata":{}},{"name":"production_companies","type":"string","nullable":true,"metadata":{}},{"name":"production_countries","type":"string","nullable":true,"metadata":{}},{"name":"release_date","type":"date","nullable":true,"metadata":{}},{"name":"revenue","type":"integer","nullable":true,"metadata":{}},{"name":"runtime","type":"integer","nullable":true,"metadata":{}},{"name":"spoken_languages","type":"string","nullable":true,"metadata":{}},{"name":"status","type":"string","nullable":true,"metadata":{}},{"name":"tagline","type":"string","nullable":true,"metadata":{}},{"name":"title","type":"string","nullable":true,"metadata":{}},{"name":"video","type":"boolean","nullable":true,"metadata":{}},{"name":"vote_average","type":"float","nullable":true,"metadata":{}},{"name":"vote_count","type":"integer","nullable":true,"metadata":{}}]},List(),Map(),Some(1729875280160)), logSegment=LogSegment(s3a://lakehouse/sliver/movies/_delta_log,0,WrappedArray(S3AFileStatus{path=s3a://lakehouse/sliver/movies/_delta_log/00000000000000000000.json; isDirectory=false; length=6652; replication=1; blocksize=33554432; modification_time=1729875293154; access_time=0; owner=***; group=***; permission=rw-rw-rw-; isSymlink=false; hasAcl=false; isEncrypted=true; isErasureCoded=false} isEmptyDirectory=FALSE eTag=e71f448bc2bc767666ef0dbf4bbe1135 versionId=null),None,1729875293154), checksumOpt=None)
[2024-10-25T16:54:53.952+0000] {spark_submit.py:579} INFO - 24/10/25 16:54:53 INFO Snapshot: [tableId=17a2648f-2d55-4196-90e2-0c77c85505c4] DELTA: Compute snapshot for version: 0
[2024-10-25T16:54:53.973+0000] {spark_submit.py:579} INFO - 24/10/25 16:54:53 INFO MemoryStore: Block broadcast_6 stored as values in memory (estimated size 204.8 KiB, free 433.7 MiB)
[2024-10-25T16:54:53.980+0000] {spark_submit.py:579} INFO - 24/10/25 16:54:53 INFO MemoryStore: Block broadcast_6_piece0 stored as bytes in memory (estimated size 36.1 KiB, free 433.6 MiB)
[2024-10-25T16:54:53.982+0000] {spark_submit.py:579} INFO - 24/10/25 16:54:53 INFO BlockManagerInfo: Added broadcast_6_piece0 in memory on 84076e7a47fe:39557 (size: 36.1 KiB, free: 434.3 MiB)
[2024-10-25T16:54:53.983+0000] {spark_submit.py:579} INFO - 24/10/25 16:54:53 INFO SparkContext: Created broadcast 6 from $anonfun$recordDeltaOperationInternal$1 at DatabricksLogging.scala:128
[2024-10-25T16:54:54.042+0000] {spark_submit.py:579} INFO - 24/10/25 16:54:54 INFO BlockManagerInfo: Removed broadcast_5_piece0 on 84076e7a47fe:39557 in memory (size: 15.5 KiB, free: 434.3 MiB)
[2024-10-25T16:54:54.046+0000] {spark_submit.py:579} INFO - 24/10/25 16:54:54 INFO BlockManagerInfo: Removed broadcast_5_piece0 on 172.18.0.4:43303 in memory (size: 15.5 KiB, free: 1048.7 MiB)
[2024-10-25T16:54:54.055+0000] {spark_submit.py:579} INFO - 24/10/25 16:54:54 INFO BlockManagerInfo: Removed broadcast_4_piece0 on 84076e7a47fe:39557 in memory (size: 36.1 KiB, free: 434.3 MiB)
[2024-10-25T16:54:54.058+0000] {spark_submit.py:579} INFO - 24/10/25 16:54:54 INFO BlockManagerInfo: Removed broadcast_4_piece0 on 172.18.0.4:43303 in memory (size: 36.1 KiB, free: 1048.8 MiB)
[2024-10-25T16:54:54.298+0000] {spark_submit.py:579} INFO - 24/10/25 16:54:54 INFO FileSourceStrategy: Pushed Filters:
[2024-10-25T16:54:54.299+0000] {spark_submit.py:579} INFO - 24/10/25 16:54:54 INFO FileSourceStrategy: Post-Scan Filters:
[2024-10-25T16:54:54.314+0000] {spark_submit.py:579} INFO - 24/10/25 16:54:54 WARN package: Truncated the string representation of a plan since it was too large. This behavior can be adjusted by setting 'spark.sql.debug.maxToStringFields'.
[2024-10-25T16:54:54.478+0000] {spark_submit.py:579} INFO - 24/10/25 16:54:54 INFO CodeGenerator: Code generated in 104.9065 ms
[2024-10-25T16:54:54.481+0000] {spark_submit.py:579} INFO - 24/10/25 16:54:54 INFO MemoryStore: Block broadcast_7 stored as values in memory (estimated size 205.1 KiB, free 433.7 MiB)
[2024-10-25T16:54:54.490+0000] {spark_submit.py:579} INFO - 24/10/25 16:54:54 INFO MemoryStore: Block broadcast_7_piece0 stored as bytes in memory (estimated size 36.1 KiB, free 433.7 MiB)
[2024-10-25T16:54:54.491+0000] {spark_submit.py:579} INFO - 24/10/25 16:54:54 INFO BlockManagerInfo: Added broadcast_7_piece0 in memory on 84076e7a47fe:39557 (size: 36.1 KiB, free: 434.3 MiB)
[2024-10-25T16:54:54.492+0000] {spark_submit.py:579} INFO - 24/10/25 16:54:54 INFO SparkContext: Created broadcast 7 from $anonfun$recordDeltaOperationInternal$1 at DatabricksLogging.scala:128
[2024-10-25T16:54:54.493+0000] {spark_submit.py:579} INFO - 24/10/25 16:54:54 INFO FileSourceScanExec: Planning scan with bin packing, max size: 4194304 bytes, open cost is considered as scanning 4194304 bytes.
[2024-10-25T16:54:54.514+0000] {spark_submit.py:579} INFO - 24/10/25 16:54:54 INFO DAGScheduler: Registering RDD 19 ($anonfun$recordDeltaOperationInternal$1 at DatabricksLogging.scala:128) as input to shuffle 1
[2024-10-25T16:54:54.515+0000] {spark_submit.py:579} INFO - 24/10/25 16:54:54 INFO DAGScheduler: Got map stage job 5 ($anonfun$recordDeltaOperationInternal$1 at DatabricksLogging.scala:128) with 1 output partitions
[2024-10-25T16:54:54.515+0000] {spark_submit.py:579} INFO - 24/10/25 16:54:54 INFO DAGScheduler: Final stage: ShuffleMapStage 5 ($anonfun$recordDeltaOperationInternal$1 at DatabricksLogging.scala:128)
[2024-10-25T16:54:54.516+0000] {spark_submit.py:579} INFO - 24/10/25 16:54:54 INFO DAGScheduler: Parents of final stage: List()
[2024-10-25T16:54:54.517+0000] {spark_submit.py:579} INFO - 24/10/25 16:54:54 INFO DAGScheduler: Missing parents: List()
[2024-10-25T16:54:54.519+0000] {spark_submit.py:579} INFO - 24/10/25 16:54:54 INFO DAGScheduler: Submitting ShuffleMapStage 5 (MapPartitionsRDD[19] at $anonfun$recordDeltaOperationInternal$1 at DatabricksLogging.scala:128), which has no missing parents
[2024-10-25T16:54:54.528+0000] {spark_submit.py:579} INFO - 24/10/25 16:54:54 INFO MemoryStore: Block broadcast_8 stored as values in memory (estimated size 138.3 KiB, free 433.6 MiB)
[2024-10-25T16:54:54.531+0000] {spark_submit.py:579} INFO - 24/10/25 16:54:54 INFO MemoryStore: Block broadcast_8_piece0 stored as bytes in memory (estimated size 39.0 KiB, free 433.5 MiB)
[2024-10-25T16:54:54.539+0000] {spark_submit.py:579} INFO - 24/10/25 16:54:54 INFO BlockManagerInfo: Added broadcast_8_piece0 in memory on 84076e7a47fe:39557 (size: 39.0 KiB, free: 434.3 MiB)
[2024-10-25T16:54:54.540+0000] {spark_submit.py:579} INFO - 24/10/25 16:54:54 INFO SparkContext: Created broadcast 8 from broadcast at DAGScheduler.scala:1540
[2024-10-25T16:54:54.541+0000] {spark_submit.py:579} INFO - 24/10/25 16:54:54 INFO DAGScheduler: Submitting 1 missing tasks from ShuffleMapStage 5 (MapPartitionsRDD[19] at $anonfun$recordDeltaOperationInternal$1 at DatabricksLogging.scala:128) (first 15 tasks are for partitions Vector(0))
[2024-10-25T16:54:54.542+0000] {spark_submit.py:579} INFO - 24/10/25 16:54:54 INFO TaskSchedulerImpl: Adding task set 5.0 with 1 tasks resource profile 0
[2024-10-25T16:54:54.543+0000] {spark_submit.py:579} INFO - 24/10/25 16:54:54 INFO TaskSetManager: Starting task 0.0 in stage 5.0 (TID 6) (172.18.0.4, executor 0, partition 0, PROCESS_LOCAL, 7939 bytes)
[2024-10-25T16:54:54.560+0000] {spark_submit.py:579} INFO - 24/10/25 16:54:54 INFO BlockManagerInfo: Added broadcast_8_piece0 in memory on 172.18.0.4:43303 (size: 39.0 KiB, free: 1048.7 MiB)
[2024-10-25T16:54:54.857+0000] {spark_submit.py:579} INFO - 24/10/25 16:54:54 INFO BlockManagerInfo: Added broadcast_7_piece0 in memory on 172.18.0.4:43303 (size: 36.1 KiB, free: 1048.7 MiB)
[2024-10-25T16:54:54.902+0000] {spark_submit.py:579} INFO - 24/10/25 16:54:54 INFO TaskSetManager: Finished task 0.0 in stage 5.0 (TID 6) in 359 ms on 172.18.0.4 (executor 0) (1/1)
[2024-10-25T16:54:54.903+0000] {spark_submit.py:579} INFO - 24/10/25 16:54:54 INFO TaskSchedulerImpl: Removed TaskSet 5.0, whose tasks have all completed, from pool
[2024-10-25T16:54:54.903+0000] {spark_submit.py:579} INFO - 24/10/25 16:54:54 INFO DAGScheduler: ShuffleMapStage 5 ($anonfun$recordDeltaOperationInternal$1 at DatabricksLogging.scala:128) finished in 0.383 s
[2024-10-25T16:54:54.904+0000] {spark_submit.py:579} INFO - 24/10/25 16:54:54 INFO DAGScheduler: looking for newly runnable stages
[2024-10-25T16:54:54.905+0000] {spark_submit.py:579} INFO - 24/10/25 16:54:54 INFO DAGScheduler: running: Set()
[2024-10-25T16:54:54.905+0000] {spark_submit.py:579} INFO - 24/10/25 16:54:54 INFO DAGScheduler: waiting: Set()
[2024-10-25T16:54:54.906+0000] {spark_submit.py:579} INFO - 24/10/25 16:54:54 INFO DAGScheduler: failed: Set()
[2024-10-25T16:54:54.956+0000] {spark_submit.py:579} INFO - 24/10/25 16:54:54 INFO BlockManagerInfo: Removed broadcast_8_piece0 on 84076e7a47fe:39557 in memory (size: 39.0 KiB, free: 434.3 MiB)
[2024-10-25T16:54:54.958+0000] {spark_submit.py:579} INFO - 24/10/25 16:54:54 INFO BlockManagerInfo: Removed broadcast_8_piece0 on 172.18.0.4:43303 in memory (size: 39.0 KiB, free: 1048.7 MiB)
[2024-10-25T16:54:55.168+0000] {spark_submit.py:579} INFO - 24/10/25 16:54:55 INFO CodeGenerator: Generated method too long to be JIT compiled: org.apache.spark.sql.catalyst.expressions.GeneratedClass$GeneratedIteratorForCodegenStage3.serializefromobject_doConsume_0$ is 19938 bytes
[2024-10-25T16:54:55.169+0000] {spark_submit.py:579} INFO - 24/10/25 16:54:55 INFO CodeGenerator: Code generated in 160.322952 ms
[2024-10-25T16:54:55.235+0000] {spark_submit.py:579} INFO - 24/10/25 16:54:55 INFO CodeGenerator: Code generated in 50.112624 ms
[2024-10-25T16:54:55.499+0000] {spark_submit.py:579} INFO - 24/10/25 16:54:55 INFO CodeGenerator: Code generated in 49.785692 ms
[2024-10-25T16:54:55.506+0000] {spark_submit.py:579} INFO - 24/10/25 16:54:55 INFO DAGScheduler: Registering RDD 29 ($anonfun$recordDeltaOperationInternal$1 at DatabricksLogging.scala:128) as input to shuffle 2
[2024-10-25T16:54:55.507+0000] {spark_submit.py:579} INFO - 24/10/25 16:54:55 INFO DAGScheduler: Got map stage job 6 ($anonfun$recordDeltaOperationInternal$1 at DatabricksLogging.scala:128) with 50 output partitions
[2024-10-25T16:54:55.507+0000] {spark_submit.py:579} INFO - 24/10/25 16:54:55 INFO DAGScheduler: Final stage: ShuffleMapStage 7 ($anonfun$recordDeltaOperationInternal$1 at DatabricksLogging.scala:128)
[2024-10-25T16:54:55.508+0000] {spark_submit.py:579} INFO - 24/10/25 16:54:55 INFO DAGScheduler: Parents of final stage: List(ShuffleMapStage 6)
[2024-10-25T16:54:55.513+0000] {spark_submit.py:579} INFO - 24/10/25 16:54:55 INFO DAGScheduler: Missing parents: List()
[2024-10-25T16:54:55.514+0000] {spark_submit.py:579} INFO - 24/10/25 16:54:55 INFO DAGScheduler: Submitting ShuffleMapStage 7 (MapPartitionsRDD[29] at $anonfun$recordDeltaOperationInternal$1 at DatabricksLogging.scala:128), which has no missing parents
[2024-10-25T16:54:55.630+0000] {spark_submit.py:579} INFO - 24/10/25 16:54:55 INFO MemoryStore: Block broadcast_9 stored as values in memory (estimated size 517.0 KiB, free 433.2 MiB)
[2024-10-25T16:54:55.633+0000] {spark_submit.py:579} INFO - 24/10/25 16:54:55 INFO MemoryStore: Block broadcast_9_piece0 stored as bytes in memory (estimated size 123.3 KiB, free 433.1 MiB)
[2024-10-25T16:54:55.635+0000] {spark_submit.py:579} INFO - 24/10/25 16:54:55 INFO BlockManagerInfo: Added broadcast_9_piece0 in memory on 84076e7a47fe:39557 (size: 123.3 KiB, free: 434.2 MiB)
[2024-10-25T16:54:55.636+0000] {spark_submit.py:579} INFO - 24/10/25 16:54:55 INFO SparkContext: Created broadcast 9 from broadcast at DAGScheduler.scala:1540
[2024-10-25T16:54:55.637+0000] {spark_submit.py:579} INFO - 24/10/25 16:54:55 INFO DAGScheduler: Submitting 50 missing tasks from ShuffleMapStage 7 (MapPartitionsRDD[29] at $anonfun$recordDeltaOperationInternal$1 at DatabricksLogging.scala:128) (first 15 tasks are for partitions Vector(0, 1, 2, 3, 4, 5, 6, 7, 8, 9, 10, 11, 12, 13, 14))
[2024-10-25T16:54:55.638+0000] {spark_submit.py:579} INFO - 24/10/25 16:54:55 INFO TaskSchedulerImpl: Adding task set 7.0 with 50 tasks resource profile 0
[2024-10-25T16:54:55.641+0000] {spark_submit.py:579} INFO - 24/10/25 16:54:55 INFO TaskSetManager: Starting task 5.0 in stage 7.0 (TID 7) (172.18.0.4, executor 0, partition 5, NODE_LOCAL, 7356 bytes)
[2024-10-25T16:54:55.642+0000] {spark_submit.py:579} INFO - 24/10/25 16:54:55 INFO TaskSetManager: Starting task 28.0 in stage 7.0 (TID 8) (172.18.0.4, executor 0, partition 28, NODE_LOCAL, 7356 bytes)
[2024-10-25T16:54:55.662+0000] {spark_submit.py:579} INFO - 24/10/25 16:54:55 INFO BlockManagerInfo: Added broadcast_9_piece0 in memory on 172.18.0.4:43303 (size: 123.3 KiB, free: 1048.6 MiB)
[2024-10-25T16:54:55.790+0000] {spark_submit.py:579} INFO - 24/10/25 16:54:55 INFO MapOutputTrackerMasterEndpoint: Asked to send map output locations for shuffle 1 to 172.18.0.4:45780
[2024-10-25T16:54:56.256+0000] {spark_submit.py:579} INFO - 24/10/25 16:54:56 INFO BlockManagerInfo: Added rdd_26_5 in memory on 172.18.0.4:43303 (size: 1355.0 B, free: 1048.6 MiB)
[2024-10-25T16:54:56.259+0000] {spark_submit.py:579} INFO - 24/10/25 16:54:56 INFO BlockManagerInfo: Added rdd_26_28 in memory on 172.18.0.4:43303 (size: 1300.0 B, free: 1048.6 MiB)
[2024-10-25T16:54:56.411+0000] {spark_submit.py:579} INFO - 24/10/25 16:54:56 INFO TaskSetManager: Starting task 42.0 in stage 7.0 (TID 9) (172.18.0.4, executor 0, partition 42, NODE_LOCAL, 7356 bytes)
[2024-10-25T16:54:56.412+0000] {spark_submit.py:579} INFO - 24/10/25 16:54:56 INFO TaskSetManager: Finished task 5.0 in stage 7.0 (TID 7) in 772 ms on 172.18.0.4 (executor 0) (1/50)
[2024-10-25T16:54:56.414+0000] {spark_submit.py:579} INFO - 24/10/25 16:54:56 INFO TaskSetManager: Starting task 0.0 in stage 7.0 (TID 10) (172.18.0.4, executor 0, partition 0, PROCESS_LOCAL, 7356 bytes)
[2024-10-25T16:54:56.415+0000] {spark_submit.py:579} INFO - 24/10/25 16:54:56 INFO TaskSetManager: Finished task 28.0 in stage 7.0 (TID 8) in 774 ms on 172.18.0.4 (executor 0) (2/50)
[2024-10-25T16:54:56.469+0000] {spark_submit.py:579} INFO - 24/10/25 16:54:56 INFO BlockManagerInfo: Added rdd_26_0 in memory on 172.18.0.4:43303 (size: 46.0 B, free: 1048.6 MiB)
[2024-10-25T16:54:56.475+0000] {spark_submit.py:579} INFO - 24/10/25 16:54:56 INFO BlockManagerInfo: Added rdd_26_42 in memory on 172.18.0.4:43303 (size: 781.0 B, free: 1048.6 MiB)
[2024-10-25T16:54:56.497+0000] {spark_submit.py:579} INFO - 24/10/25 16:54:56 INFO TaskSetManager: Starting task 1.0 in stage 7.0 (TID 11) (172.18.0.4, executor 0, partition 1, PROCESS_LOCAL, 7356 bytes)
[2024-10-25T16:54:56.498+0000] {spark_submit.py:579} INFO - 24/10/25 16:54:56 INFO TaskSetManager: Finished task 0.0 in stage 7.0 (TID 10) in 83 ms on 172.18.0.4 (executor 0) (3/50)
[2024-10-25T16:54:56.504+0000] {spark_submit.py:579} INFO - 24/10/25 16:54:56 INFO TaskSetManager: Starting task 2.0 in stage 7.0 (TID 12) (172.18.0.4, executor 0, partition 2, PROCESS_LOCAL, 7356 bytes)
[2024-10-25T16:54:56.504+0000] {spark_submit.py:579} INFO - 24/10/25 16:54:56 INFO TaskSetManager: Finished task 42.0 in stage 7.0 (TID 9) in 94 ms on 172.18.0.4 (executor 0) (4/50)
[2024-10-25T16:54:56.552+0000] {spark_submit.py:579} INFO - 24/10/25 16:54:56 INFO BlockManagerInfo: Added rdd_26_1 in memory on 172.18.0.4:43303 (size: 46.0 B, free: 1048.6 MiB)
[2024-10-25T16:54:56.553+0000] {spark_submit.py:579} INFO - 24/10/25 16:54:56 INFO BlockManagerInfo: Added rdd_26_2 in memory on 172.18.0.4:43303 (size: 46.0 B, free: 1048.6 MiB)
[2024-10-25T16:54:56.579+0000] {spark_submit.py:579} INFO - 24/10/25 16:54:56 INFO TaskSetManager: Starting task 3.0 in stage 7.0 (TID 13) (172.18.0.4, executor 0, partition 3, PROCESS_LOCAL, 7356 bytes)
[2024-10-25T16:54:56.580+0000] {spark_submit.py:579} INFO - 24/10/25 16:54:56 INFO TaskSetManager: Finished task 2.0 in stage 7.0 (TID 12) in 76 ms on 172.18.0.4 (executor 0) (5/50)
[2024-10-25T16:54:56.581+0000] {spark_submit.py:579} INFO - 24/10/25 16:54:56 INFO TaskSetManager: Starting task 4.0 in stage 7.0 (TID 14) (172.18.0.4, executor 0, partition 4, PROCESS_LOCAL, 7356 bytes)
[2024-10-25T16:54:56.582+0000] {spark_submit.py:579} INFO - 24/10/25 16:54:56 INFO TaskSetManager: Finished task 1.0 in stage 7.0 (TID 11) in 85 ms on 172.18.0.4 (executor 0) (6/50)
[2024-10-25T16:54:56.649+0000] {spark_submit.py:579} INFO - 24/10/25 16:54:56 INFO BlockManagerInfo: Added rdd_26_4 in memory on 172.18.0.4:43303 (size: 46.0 B, free: 1048.6 MiB)
[2024-10-25T16:54:56.650+0000] {spark_submit.py:579} INFO - 24/10/25 16:54:56 INFO BlockManagerInfo: Added rdd_26_3 in memory on 172.18.0.4:43303 (size: 46.0 B, free: 1048.6 MiB)
[2024-10-25T16:54:56.682+0000] {spark_submit.py:579} INFO - 24/10/25 16:54:56 INFO TaskSetManager: Starting task 6.0 in stage 7.0 (TID 15) (172.18.0.4, executor 0, partition 6, PROCESS_LOCAL, 7356 bytes)
[2024-10-25T16:54:56.683+0000] {spark_submit.py:579} INFO - 24/10/25 16:54:56 INFO TaskSetManager: Finished task 3.0 in stage 7.0 (TID 13) in 105 ms on 172.18.0.4 (executor 0) (7/50)
[2024-10-25T16:54:56.684+0000] {spark_submit.py:579} INFO - 24/10/25 16:54:56 INFO TaskSetManager: Starting task 7.0 in stage 7.0 (TID 16) (172.18.0.4, executor 0, partition 7, PROCESS_LOCAL, 7356 bytes)
[2024-10-25T16:54:56.685+0000] {spark_submit.py:579} INFO - 24/10/25 16:54:56 INFO TaskSetManager: Finished task 4.0 in stage 7.0 (TID 14) in 105 ms on 172.18.0.4 (executor 0) (8/50)
[2024-10-25T16:54:56.738+0000] {spark_submit.py:579} INFO - 24/10/25 16:54:56 INFO BlockManagerInfo: Added rdd_26_7 in memory on 172.18.0.4:43303 (size: 46.0 B, free: 1048.6 MiB)
[2024-10-25T16:54:56.747+0000] {spark_submit.py:579} INFO - 24/10/25 16:54:56 INFO BlockManagerInfo: Added rdd_26_6 in memory on 172.18.0.4:43303 (size: 46.0 B, free: 1048.6 MiB)
[2024-10-25T16:54:56.766+0000] {spark_submit.py:579} INFO - 24/10/25 16:54:56 INFO TaskSetManager: Starting task 8.0 in stage 7.0 (TID 17) (172.18.0.4, executor 0, partition 8, PROCESS_LOCAL, 7356 bytes)
[2024-10-25T16:54:56.767+0000] {spark_submit.py:579} INFO - 24/10/25 16:54:56 INFO TaskSetManager: Finished task 7.0 in stage 7.0 (TID 16) in 83 ms on 172.18.0.4 (executor 0) (9/50)
[2024-10-25T16:54:56.773+0000] {spark_submit.py:579} INFO - 24/10/25 16:54:56 INFO TaskSetManager: Starting task 9.0 in stage 7.0 (TID 18) (172.18.0.4, executor 0, partition 9, PROCESS_LOCAL, 7356 bytes)
[2024-10-25T16:54:56.774+0000] {spark_submit.py:579} INFO - 24/10/25 16:54:56 INFO TaskSetManager: Finished task 6.0 in stage 7.0 (TID 15) in 91 ms on 172.18.0.4 (executor 0) (10/50)
[2024-10-25T16:54:56.816+0000] {spark_submit.py:579} INFO - 24/10/25 16:54:56 INFO BlockManagerInfo: Added rdd_26_8 in memory on 172.18.0.4:43303 (size: 46.0 B, free: 1048.6 MiB)
[2024-10-25T16:54:56.821+0000] {spark_submit.py:579} INFO - 24/10/25 16:54:56 INFO BlockManagerInfo: Added rdd_26_9 in memory on 172.18.0.4:43303 (size: 46.0 B, free: 1048.6 MiB)
[2024-10-25T16:54:56.847+0000] {spark_submit.py:579} INFO - 24/10/25 16:54:56 INFO TaskSetManager: Starting task 10.0 in stage 7.0 (TID 19) (172.18.0.4, executor 0, partition 10, PROCESS_LOCAL, 7356 bytes)
[2024-10-25T16:54:56.848+0000] {spark_submit.py:579} INFO - 24/10/25 16:54:56 INFO TaskSetManager: Finished task 8.0 in stage 7.0 (TID 17) in 81 ms on 172.18.0.4 (executor 0) (11/50)
[2024-10-25T16:54:56.849+0000] {spark_submit.py:579} INFO - 24/10/25 16:54:56 INFO TaskSetManager: Starting task 11.0 in stage 7.0 (TID 20) (172.18.0.4, executor 0, partition 11, PROCESS_LOCAL, 7356 bytes)
[2024-10-25T16:54:56.850+0000] {spark_submit.py:579} INFO - 24/10/25 16:54:56 INFO TaskSetManager: Finished task 9.0 in stage 7.0 (TID 18) in 77 ms on 172.18.0.4 (executor 0) (12/50)
[2024-10-25T16:54:56.892+0000] {spark_submit.py:579} INFO - 24/10/25 16:54:56 INFO BlockManagerInfo: Added rdd_26_11 in memory on 172.18.0.4:43303 (size: 46.0 B, free: 1048.6 MiB)
[2024-10-25T16:54:56.893+0000] {spark_submit.py:579} INFO - 24/10/25 16:54:56 INFO BlockManagerInfo: Added rdd_26_10 in memory on 172.18.0.4:43303 (size: 46.0 B, free: 1048.6 MiB)
[2024-10-25T16:54:56.920+0000] {spark_submit.py:579} INFO - 24/10/25 16:54:56 INFO TaskSetManager: Starting task 12.0 in stage 7.0 (TID 21) (172.18.0.4, executor 0, partition 12, PROCESS_LOCAL, 7356 bytes)
[2024-10-25T16:54:56.921+0000] {spark_submit.py:579} INFO - 24/10/25 16:54:56 INFO TaskSetManager: Starting task 13.0 in stage 7.0 (TID 22) (172.18.0.4, executor 0, partition 13, PROCESS_LOCAL, 7356 bytes)
[2024-10-25T16:54:56.922+0000] {spark_submit.py:579} INFO - 24/10/25 16:54:56 INFO TaskSetManager: Finished task 10.0 in stage 7.0 (TID 19) in 76 ms on 172.18.0.4 (executor 0) (13/50)
[2024-10-25T16:54:56.923+0000] {spark_submit.py:579} INFO - 24/10/25 16:54:56 INFO TaskSetManager: Finished task 11.0 in stage 7.0 (TID 20) in 74 ms on 172.18.0.4 (executor 0) (14/50)
[2024-10-25T16:54:56.965+0000] {spark_submit.py:579} INFO - 24/10/25 16:54:56 INFO BlockManagerInfo: Added rdd_26_12 in memory on 172.18.0.4:43303 (size: 46.0 B, free: 1048.6 MiB)
[2024-10-25T16:54:56.967+0000] {spark_submit.py:579} INFO - 24/10/25 16:54:56 INFO BlockManagerInfo: Added rdd_26_13 in memory on 172.18.0.4:43303 (size: 46.0 B, free: 1048.6 MiB)
[2024-10-25T16:54:56.993+0000] {spark_submit.py:579} INFO - 24/10/25 16:54:56 INFO TaskSetManager: Starting task 14.0 in stage 7.0 (TID 23) (172.18.0.4, executor 0, partition 14, PROCESS_LOCAL, 7356 bytes)
[2024-10-25T16:54:56.993+0000] {spark_submit.py:579} INFO - 24/10/25 16:54:56 INFO TaskSetManager: Finished task 12.0 in stage 7.0 (TID 21) in 74 ms on 172.18.0.4 (executor 0) (15/50)
[2024-10-25T16:54:56.995+0000] {spark_submit.py:579} INFO - 24/10/25 16:54:56 INFO TaskSetManager: Starting task 15.0 in stage 7.0 (TID 24) (172.18.0.4, executor 0, partition 15, PROCESS_LOCAL, 7356 bytes)
[2024-10-25T16:54:56.996+0000] {spark_submit.py:579} INFO - 24/10/25 16:54:56 INFO TaskSetManager: Finished task 13.0 in stage 7.0 (TID 22) in 74 ms on 172.18.0.4 (executor 0) (16/50)
[2024-10-25T16:54:57.044+0000] {spark_submit.py:579} INFO - 24/10/25 16:54:57 INFO BlockManagerInfo: Added rdd_26_15 in memory on 172.18.0.4:43303 (size: 46.0 B, free: 1048.6 MiB)
[2024-10-25T16:54:57.045+0000] {spark_submit.py:579} INFO - 24/10/25 16:54:57 INFO BlockManagerInfo: Added rdd_26_14 in memory on 172.18.0.4:43303 (size: 46.0 B, free: 1048.6 MiB)
[2024-10-25T16:54:57.070+0000] {spark_submit.py:579} INFO - 24/10/25 16:54:57 INFO TaskSetManager: Starting task 16.0 in stage 7.0 (TID 25) (172.18.0.4, executor 0, partition 16, PROCESS_LOCAL, 7356 bytes)
[2024-10-25T16:54:57.071+0000] {spark_submit.py:579} INFO - 24/10/25 16:54:57 INFO TaskSetManager: Finished task 15.0 in stage 7.0 (TID 24) in 76 ms on 172.18.0.4 (executor 0) (17/50)
[2024-10-25T16:54:57.080+0000] {spark_submit.py:579} INFO - 24/10/25 16:54:57 INFO TaskSetManager: Starting task 17.0 in stage 7.0 (TID 26) (172.18.0.4, executor 0, partition 17, PROCESS_LOCAL, 7356 bytes)
[2024-10-25T16:54:57.081+0000] {spark_submit.py:579} INFO - 24/10/25 16:54:57 INFO TaskSetManager: Finished task 14.0 in stage 7.0 (TID 23) in 89 ms on 172.18.0.4 (executor 0) (18/50)
[2024-10-25T16:54:57.127+0000] {spark_submit.py:579} INFO - 24/10/25 16:54:57 INFO BlockManagerInfo: Added rdd_26_16 in memory on 172.18.0.4:43303 (size: 46.0 B, free: 1048.6 MiB)
[2024-10-25T16:54:57.142+0000] {spark_submit.py:579} INFO - 24/10/25 16:54:57 INFO BlockManagerInfo: Added rdd_26_17 in memory on 172.18.0.4:43303 (size: 46.0 B, free: 1048.6 MiB)
[2024-10-25T16:54:57.158+0000] {spark_submit.py:579} INFO - 24/10/25 16:54:57 INFO TaskSetManager: Starting task 18.0 in stage 7.0 (TID 27) (172.18.0.4, executor 0, partition 18, PROCESS_LOCAL, 7356 bytes)
[2024-10-25T16:54:57.160+0000] {spark_submit.py:579} INFO - 24/10/25 16:54:57 INFO TaskSetManager: Finished task 16.0 in stage 7.0 (TID 25) in 90 ms on 172.18.0.4 (executor 0) (19/50)
[2024-10-25T16:54:57.175+0000] {spark_submit.py:579} INFO - 24/10/25 16:54:57 INFO TaskSetManager: Starting task 19.0 in stage 7.0 (TID 28) (172.18.0.4, executor 0, partition 19, PROCESS_LOCAL, 7356 bytes)
[2024-10-25T16:54:57.176+0000] {spark_submit.py:579} INFO - 24/10/25 16:54:57 INFO TaskSetManager: Finished task 17.0 in stage 7.0 (TID 26) in 96 ms on 172.18.0.4 (executor 0) (20/50)
[2024-10-25T16:54:57.221+0000] {spark_submit.py:579} INFO - 24/10/25 16:54:57 INFO BlockManagerInfo: Added rdd_26_18 in memory on 172.18.0.4:43303 (size: 46.0 B, free: 1048.6 MiB)
[2024-10-25T16:54:57.222+0000] {spark_submit.py:579} INFO - 24/10/25 16:54:57 INFO BlockManagerInfo: Added rdd_26_19 in memory on 172.18.0.4:43303 (size: 46.0 B, free: 1048.6 MiB)
[2024-10-25T16:54:57.244+0000] {spark_submit.py:579} INFO - 24/10/25 16:54:57 INFO TaskSetManager: Starting task 20.0 in stage 7.0 (TID 29) (172.18.0.4, executor 0, partition 20, PROCESS_LOCAL, 7356 bytes)
[2024-10-25T16:54:57.245+0000] {spark_submit.py:579} INFO - 24/10/25 16:54:57 INFO TaskSetManager: Finished task 19.0 in stage 7.0 (TID 28) in 70 ms on 172.18.0.4 (executor 0) (21/50)
[2024-10-25T16:54:57.254+0000] {spark_submit.py:579} INFO - 24/10/25 16:54:57 INFO TaskSetManager: Starting task 21.0 in stage 7.0 (TID 30) (172.18.0.4, executor 0, partition 21, PROCESS_LOCAL, 7356 bytes)
[2024-10-25T16:54:57.255+0000] {spark_submit.py:579} INFO - 24/10/25 16:54:57 INFO TaskSetManager: Finished task 18.0 in stage 7.0 (TID 27) in 97 ms on 172.18.0.4 (executor 0) (22/50)
[2024-10-25T16:54:57.287+0000] {spark_submit.py:579} INFO - 24/10/25 16:54:57 INFO BlockManagerInfo: Added rdd_26_20 in memory on 172.18.0.4:43303 (size: 46.0 B, free: 1048.6 MiB)
[2024-10-25T16:54:57.297+0000] {spark_submit.py:579} INFO - 24/10/25 16:54:57 INFO BlockManagerInfo: Added rdd_26_21 in memory on 172.18.0.4:43303 (size: 46.0 B, free: 1048.6 MiB)
[2024-10-25T16:54:57.309+0000] {spark_submit.py:579} INFO - 24/10/25 16:54:57 INFO TaskSetManager: Starting task 22.0 in stage 7.0 (TID 31) (172.18.0.4, executor 0, partition 22, PROCESS_LOCAL, 7356 bytes)
[2024-10-25T16:54:57.310+0000] {spark_submit.py:579} INFO - 24/10/25 16:54:57 INFO TaskSetManager: Finished task 20.0 in stage 7.0 (TID 29) in 66 ms on 172.18.0.4 (executor 0) (23/50)
[2024-10-25T16:54:57.324+0000] {spark_submit.py:579} INFO - 24/10/25 16:54:57 INFO TaskSetManager: Starting task 23.0 in stage 7.0 (TID 32) (172.18.0.4, executor 0, partition 23, PROCESS_LOCAL, 7356 bytes)
[2024-10-25T16:54:57.325+0000] {spark_submit.py:579} INFO - 24/10/25 16:54:57 INFO TaskSetManager: Finished task 21.0 in stage 7.0 (TID 30) in 70 ms on 172.18.0.4 (executor 0) (24/50)
[2024-10-25T16:54:57.359+0000] {spark_submit.py:579} INFO - 24/10/25 16:54:57 INFO BlockManagerInfo: Added rdd_26_22 in memory on 172.18.0.4:43303 (size: 46.0 B, free: 1048.6 MiB)
[2024-10-25T16:54:57.374+0000] {spark_submit.py:579} INFO - 24/10/25 16:54:57 INFO BlockManagerInfo: Added rdd_26_23 in memory on 172.18.0.4:43303 (size: 46.0 B, free: 1048.6 MiB)
[2024-10-25T16:54:57.386+0000] {spark_submit.py:579} INFO - 24/10/25 16:54:57 INFO TaskSetManager: Starting task 24.0 in stage 7.0 (TID 33) (172.18.0.4, executor 0, partition 24, PROCESS_LOCAL, 7356 bytes)
[2024-10-25T16:54:57.387+0000] {spark_submit.py:579} INFO - 24/10/25 16:54:57 INFO TaskSetManager: Finished task 22.0 in stage 7.0 (TID 31) in 77 ms on 172.18.0.4 (executor 0) (25/50)
[2024-10-25T16:54:57.397+0000] {spark_submit.py:579} INFO - 24/10/25 16:54:57 INFO TaskSetManager: Starting task 25.0 in stage 7.0 (TID 34) (172.18.0.4, executor 0, partition 25, PROCESS_LOCAL, 7356 bytes)
[2024-10-25T16:54:57.397+0000] {spark_submit.py:579} INFO - 24/10/25 16:54:57 INFO TaskSetManager: Finished task 23.0 in stage 7.0 (TID 32) in 74 ms on 172.18.0.4 (executor 0) (26/50)
[2024-10-25T16:54:57.438+0000] {spark_submit.py:579} INFO - 24/10/25 16:54:57 INFO BlockManagerInfo: Added rdd_26_24 in memory on 172.18.0.4:43303 (size: 46.0 B, free: 1048.6 MiB)
[2024-10-25T16:54:57.449+0000] {spark_submit.py:579} INFO - 24/10/25 16:54:57 INFO BlockManagerInfo: Added rdd_26_25 in memory on 172.18.0.4:43303 (size: 46.0 B, free: 1048.6 MiB)
[2024-10-25T16:54:57.463+0000] {spark_submit.py:579} INFO - 24/10/25 16:54:57 INFO TaskSetManager: Starting task 26.0 in stage 7.0 (TID 35) (172.18.0.4, executor 0, partition 26, PROCESS_LOCAL, 7356 bytes)
[2024-10-25T16:54:57.464+0000] {spark_submit.py:579} INFO - 24/10/25 16:54:57 INFO TaskSetManager: Finished task 24.0 in stage 7.0 (TID 33) in 79 ms on 172.18.0.4 (executor 0) (27/50)
[2024-10-25T16:54:57.477+0000] {spark_submit.py:579} INFO - 24/10/25 16:54:57 INFO TaskSetManager: Starting task 27.0 in stage 7.0 (TID 36) (172.18.0.4, executor 0, partition 27, PROCESS_LOCAL, 7356 bytes)
[2024-10-25T16:54:57.479+0000] {spark_submit.py:579} INFO - 24/10/25 16:54:57 INFO TaskSetManager: Finished task 25.0 in stage 7.0 (TID 34) in 82 ms on 172.18.0.4 (executor 0) (28/50)
[2024-10-25T16:54:57.513+0000] {spark_submit.py:579} INFO - 24/10/25 16:54:57 INFO BlockManagerInfo: Added rdd_26_26 in memory on 172.18.0.4:43303 (size: 46.0 B, free: 1048.6 MiB)
[2024-10-25T16:54:57.524+0000] {spark_submit.py:579} INFO - 24/10/25 16:54:57 INFO BlockManagerInfo: Added rdd_26_27 in memory on 172.18.0.4:43303 (size: 46.0 B, free: 1048.6 MiB)
[2024-10-25T16:54:57.541+0000] {spark_submit.py:579} INFO - 24/10/25 16:54:57 INFO TaskSetManager: Starting task 29.0 in stage 7.0 (TID 37) (172.18.0.4, executor 0, partition 29, PROCESS_LOCAL, 7356 bytes)
[2024-10-25T16:54:57.542+0000] {spark_submit.py:579} INFO - 24/10/25 16:54:57 INFO TaskSetManager: Finished task 26.0 in stage 7.0 (TID 35) in 80 ms on 172.18.0.4 (executor 0) (29/50)
[2024-10-25T16:54:57.549+0000] {spark_submit.py:579} INFO - 24/10/25 16:54:57 INFO TaskSetManager: Starting task 30.0 in stage 7.0 (TID 38) (172.18.0.4, executor 0, partition 30, PROCESS_LOCAL, 7356 bytes)
[2024-10-25T16:54:57.551+0000] {spark_submit.py:579} INFO - 24/10/25 16:54:57 INFO TaskSetManager: Finished task 27.0 in stage 7.0 (TID 36) in 73 ms on 172.18.0.4 (executor 0) (30/50)
[2024-10-25T16:54:57.594+0000] {spark_submit.py:579} INFO - 24/10/25 16:54:57 INFO BlockManagerInfo: Added rdd_26_29 in memory on 172.18.0.4:43303 (size: 46.0 B, free: 1048.6 MiB)
[2024-10-25T16:54:57.599+0000] {spark_submit.py:579} INFO - 24/10/25 16:54:57 INFO BlockManagerInfo: Added rdd_26_30 in memory on 172.18.0.4:43303 (size: 46.0 B, free: 1048.6 MiB)
[2024-10-25T16:54:57.616+0000] {spark_submit.py:579} INFO - 24/10/25 16:54:57 INFO TaskSetManager: Starting task 31.0 in stage 7.0 (TID 39) (172.18.0.4, executor 0, partition 31, PROCESS_LOCAL, 7356 bytes)
[2024-10-25T16:54:57.616+0000] {spark_submit.py:579} INFO - 24/10/25 16:54:57 INFO TaskSetManager: Finished task 29.0 in stage 7.0 (TID 37) in 76 ms on 172.18.0.4 (executor 0) (31/50)
[2024-10-25T16:54:57.624+0000] {spark_submit.py:579} INFO - 24/10/25 16:54:57 INFO TaskSetManager: Starting task 32.0 in stage 7.0 (TID 40) (172.18.0.4, executor 0, partition 32, PROCESS_LOCAL, 7356 bytes)
[2024-10-25T16:54:57.625+0000] {spark_submit.py:579} INFO - 24/10/25 16:54:57 INFO TaskSetManager: Finished task 30.0 in stage 7.0 (TID 38) in 77 ms on 172.18.0.4 (executor 0) (32/50)
[2024-10-25T16:54:57.657+0000] {spark_submit.py:579} INFO - 24/10/25 16:54:57 INFO BlockManagerInfo: Added rdd_26_31 in memory on 172.18.0.4:43303 (size: 46.0 B, free: 1048.6 MiB)
[2024-10-25T16:54:57.667+0000] {spark_submit.py:579} INFO - 24/10/25 16:54:57 INFO BlockManagerInfo: Added rdd_26_32 in memory on 172.18.0.4:43303 (size: 46.0 B, free: 1048.6 MiB)
[2024-10-25T16:54:57.678+0000] {spark_submit.py:579} INFO - 24/10/25 16:54:57 INFO TaskSetManager: Starting task 33.0 in stage 7.0 (TID 41) (172.18.0.4, executor 0, partition 33, PROCESS_LOCAL, 7356 bytes)
[2024-10-25T16:54:57.679+0000] {spark_submit.py:579} INFO - 24/10/25 16:54:57 INFO TaskSetManager: Finished task 31.0 in stage 7.0 (TID 39) in 64 ms on 172.18.0.4 (executor 0) (33/50)
[2024-10-25T16:54:57.691+0000] {spark_submit.py:579} INFO - 24/10/25 16:54:57 INFO TaskSetManager: Starting task 34.0 in stage 7.0 (TID 42) (172.18.0.4, executor 0, partition 34, PROCESS_LOCAL, 7356 bytes)
[2024-10-25T16:54:57.692+0000] {spark_submit.py:579} INFO - 24/10/25 16:54:57 INFO TaskSetManager: Finished task 32.0 in stage 7.0 (TID 40) in 67 ms on 172.18.0.4 (executor 0) (34/50)
[2024-10-25T16:54:57.717+0000] {spark_submit.py:579} INFO - 24/10/25 16:54:57 INFO BlockManagerInfo: Added rdd_26_33 in memory on 172.18.0.4:43303 (size: 46.0 B, free: 1048.6 MiB)
[2024-10-25T16:54:57.735+0000] {spark_submit.py:579} INFO - 24/10/25 16:54:57 INFO BlockManagerInfo: Added rdd_26_34 in memory on 172.18.0.4:43303 (size: 46.0 B, free: 1048.6 MiB)
[2024-10-25T16:54:57.741+0000] {spark_submit.py:579} INFO - 24/10/25 16:54:57 INFO TaskSetManager: Starting task 35.0 in stage 7.0 (TID 43) (172.18.0.4, executor 0, partition 35, PROCESS_LOCAL, 7356 bytes)
[2024-10-25T16:54:57.741+0000] {spark_submit.py:579} INFO - 24/10/25 16:54:57 INFO TaskSetManager: Finished task 33.0 in stage 7.0 (TID 41) in 63 ms on 172.18.0.4 (executor 0) (35/50)
[2024-10-25T16:54:57.763+0000] {spark_submit.py:579} INFO - 24/10/25 16:54:57 INFO TaskSetManager: Starting task 36.0 in stage 7.0 (TID 44) (172.18.0.4, executor 0, partition 36, PROCESS_LOCAL, 7356 bytes)
[2024-10-25T16:54:57.764+0000] {spark_submit.py:579} INFO - 24/10/25 16:54:57 INFO TaskSetManager: Finished task 34.0 in stage 7.0 (TID 42) in 74 ms on 172.18.0.4 (executor 0) (36/50)
[2024-10-25T16:54:57.784+0000] {spark_submit.py:579} INFO - 24/10/25 16:54:57 INFO BlockManagerInfo: Added rdd_26_35 in memory on 172.18.0.4:43303 (size: 46.0 B, free: 1048.6 MiB)
[2024-10-25T16:54:57.805+0000] {spark_submit.py:579} INFO - 24/10/25 16:54:57 INFO TaskSetManager: Starting task 37.0 in stage 7.0 (TID 45) (172.18.0.4, executor 0, partition 37, PROCESS_LOCAL, 7356 bytes)
[2024-10-25T16:54:57.806+0000] {spark_submit.py:579} INFO - 24/10/25 16:54:57 INFO TaskSetManager: Finished task 35.0 in stage 7.0 (TID 43) in 66 ms on 172.18.0.4 (executor 0) (37/50)
[2024-10-25T16:54:57.809+0000] {spark_submit.py:579} INFO - 24/10/25 16:54:57 INFO BlockManagerInfo: Added rdd_26_36 in memory on 172.18.0.4:43303 (size: 46.0 B, free: 1048.6 MiB)
[2024-10-25T16:54:57.832+0000] {spark_submit.py:579} INFO - 24/10/25 16:54:57 INFO TaskSetManager: Starting task 38.0 in stage 7.0 (TID 46) (172.18.0.4, executor 0, partition 38, PROCESS_LOCAL, 7356 bytes)
[2024-10-25T16:54:57.833+0000] {spark_submit.py:579} INFO - 24/10/25 16:54:57 INFO TaskSetManager: Finished task 36.0 in stage 7.0 (TID 44) in 70 ms on 172.18.0.4 (executor 0) (38/50)
[2024-10-25T16:54:57.848+0000] {spark_submit.py:579} INFO - 24/10/25 16:54:57 INFO BlockManagerInfo: Added rdd_26_37 in memory on 172.18.0.4:43303 (size: 46.0 B, free: 1048.6 MiB)
[2024-10-25T16:54:57.872+0000] {spark_submit.py:579} INFO - 24/10/25 16:54:57 INFO TaskSetManager: Starting task 39.0 in stage 7.0 (TID 47) (172.18.0.4, executor 0, partition 39, PROCESS_LOCAL, 7356 bytes)
[2024-10-25T16:54:57.873+0000] {spark_submit.py:579} INFO - 24/10/25 16:54:57 INFO BlockManagerInfo: Added rdd_26_38 in memory on 172.18.0.4:43303 (size: 46.0 B, free: 1048.6 MiB)
[2024-10-25T16:54:57.873+0000] {spark_submit.py:579} INFO - 24/10/25 16:54:57 INFO TaskSetManager: Finished task 37.0 in stage 7.0 (TID 45) in 67 ms on 172.18.0.4 (executor 0) (39/50)
[2024-10-25T16:54:57.896+0000] {spark_submit.py:579} INFO - 24/10/25 16:54:57 INFO TaskSetManager: Starting task 40.0 in stage 7.0 (TID 48) (172.18.0.4, executor 0, partition 40, PROCESS_LOCAL, 7356 bytes)
[2024-10-25T16:54:57.901+0000] {spark_submit.py:579} INFO - 24/10/25 16:54:57 INFO TaskSetManager: Finished task 38.0 in stage 7.0 (TID 46) in 69 ms on 172.18.0.4 (executor 0) (40/50)
[2024-10-25T16:54:57.917+0000] {spark_submit.py:579} INFO - 24/10/25 16:54:57 INFO BlockManagerInfo: Added rdd_26_39 in memory on 172.18.0.4:43303 (size: 46.0 B, free: 1048.6 MiB)
[2024-10-25T16:54:57.938+0000] {spark_submit.py:579} INFO - 24/10/25 16:54:57 INFO TaskSetManager: Starting task 41.0 in stage 7.0 (TID 49) (172.18.0.4, executor 0, partition 41, PROCESS_LOCAL, 7356 bytes)
[2024-10-25T16:54:57.939+0000] {spark_submit.py:579} INFO - 24/10/25 16:54:57 INFO TaskSetManager: Finished task 39.0 in stage 7.0 (TID 47) in 67 ms on 172.18.0.4 (executor 0) (41/50)
[2024-10-25T16:54:57.944+0000] {spark_submit.py:579} INFO - 24/10/25 16:54:57 INFO BlockManagerInfo: Added rdd_26_40 in memory on 172.18.0.4:43303 (size: 46.0 B, free: 1048.6 MiB)
[2024-10-25T16:54:57.965+0000] {spark_submit.py:579} INFO - 24/10/25 16:54:57 INFO TaskSetManager: Starting task 43.0 in stage 7.0 (TID 50) (172.18.0.4, executor 0, partition 43, PROCESS_LOCAL, 7356 bytes)
[2024-10-25T16:54:57.966+0000] {spark_submit.py:579} INFO - 24/10/25 16:54:57 INFO TaskSetManager: Finished task 40.0 in stage 7.0 (TID 48) in 69 ms on 172.18.0.4 (executor 0) (42/50)
[2024-10-25T16:54:57.979+0000] {spark_submit.py:579} INFO - 24/10/25 16:54:57 INFO BlockManagerInfo: Added rdd_26_41 in memory on 172.18.0.4:43303 (size: 46.0 B, free: 1048.6 MiB)
[2024-10-25T16:54:58.003+0000] {spark_submit.py:579} INFO - 24/10/25 16:54:58 INFO TaskSetManager: Starting task 44.0 in stage 7.0 (TID 51) (172.18.0.4, executor 0, partition 44, PROCESS_LOCAL, 7356 bytes)
[2024-10-25T16:54:58.004+0000] {spark_submit.py:579} INFO - 24/10/25 16:54:58 INFO TaskSetManager: Finished task 41.0 in stage 7.0 (TID 49) in 66 ms on 172.18.0.4 (executor 0) (43/50)
[2024-10-25T16:54:58.013+0000] {spark_submit.py:579} INFO - 24/10/25 16:54:58 INFO BlockManagerInfo: Added rdd_26_43 in memory on 172.18.0.4:43303 (size: 46.0 B, free: 1048.6 MiB)
[2024-10-25T16:54:58.043+0000] {spark_submit.py:579} INFO - 24/10/25 16:54:58 INFO TaskSetManager: Starting task 45.0 in stage 7.0 (TID 52) (172.18.0.4, executor 0, partition 45, PROCESS_LOCAL, 7356 bytes)
[2024-10-25T16:54:58.043+0000] {spark_submit.py:579} INFO - 24/10/25 16:54:58 INFO TaskSetManager: Finished task 43.0 in stage 7.0 (TID 50) in 79 ms on 172.18.0.4 (executor 0) (44/50)
[2024-10-25T16:54:58.049+0000] {spark_submit.py:579} INFO - 24/10/25 16:54:58 INFO BlockManagerInfo: Added rdd_26_44 in memory on 172.18.0.4:43303 (size: 46.0 B, free: 1048.6 MiB)
[2024-10-25T16:54:58.071+0000] {spark_submit.py:579} INFO - 24/10/25 16:54:58 INFO TaskSetManager: Starting task 46.0 in stage 7.0 (TID 53) (172.18.0.4, executor 0, partition 46, PROCESS_LOCAL, 7356 bytes)
[2024-10-25T16:54:58.072+0000] {spark_submit.py:579} INFO - 24/10/25 16:54:58 INFO TaskSetManager: Finished task 44.0 in stage 7.0 (TID 51) in 70 ms on 172.18.0.4 (executor 0) (45/50)
[2024-10-25T16:54:58.086+0000] {spark_submit.py:579} INFO - 24/10/25 16:54:58 INFO BlockManagerInfo: Added rdd_26_45 in memory on 172.18.0.4:43303 (size: 46.0 B, free: 1048.6 MiB)
[2024-10-25T16:54:58.109+0000] {spark_submit.py:579} INFO - 24/10/25 16:54:58 INFO TaskSetManager: Starting task 47.0 in stage 7.0 (TID 54) (172.18.0.4, executor 0, partition 47, PROCESS_LOCAL, 7356 bytes)
[2024-10-25T16:54:58.110+0000] {spark_submit.py:579} INFO - 24/10/25 16:54:58 INFO TaskSetManager: Finished task 45.0 in stage 7.0 (TID 52) in 68 ms on 172.18.0.4 (executor 0) (46/50)
[2024-10-25T16:54:58.122+0000] {spark_submit.py:579} INFO - 24/10/25 16:54:58 INFO BlockManagerInfo: Added rdd_26_46 in memory on 172.18.0.4:43303 (size: 46.0 B, free: 1048.6 MiB)
[2024-10-25T16:54:58.153+0000] {spark_submit.py:579} INFO - 24/10/25 16:54:58 INFO TaskSetManager: Starting task 48.0 in stage 7.0 (TID 55) (172.18.0.4, executor 0, partition 48, PROCESS_LOCAL, 7356 bytes)
[2024-10-25T16:54:58.154+0000] {spark_submit.py:579} INFO - 24/10/25 16:54:58 INFO TaskSetManager: Finished task 46.0 in stage 7.0 (TID 53) in 83 ms on 172.18.0.4 (executor 0) (47/50)
[2024-10-25T16:54:58.164+0000] {spark_submit.py:579} INFO - 24/10/25 16:54:58 INFO BlockManagerInfo: Added rdd_26_47 in memory on 172.18.0.4:43303 (size: 46.0 B, free: 1048.6 MiB)
[2024-10-25T16:54:58.185+0000] {spark_submit.py:579} INFO - 24/10/25 16:54:58 INFO TaskSetManager: Starting task 49.0 in stage 7.0 (TID 56) (172.18.0.4, executor 0, partition 49, PROCESS_LOCAL, 7356 bytes)
[2024-10-25T16:54:58.186+0000] {spark_submit.py:579} INFO - 24/10/25 16:54:58 INFO TaskSetManager: Finished task 47.0 in stage 7.0 (TID 54) in 76 ms on 172.18.0.4 (executor 0) (48/50)
[2024-10-25T16:54:58.193+0000] {spark_submit.py:579} INFO - 24/10/25 16:54:58 INFO BlockManagerInfo: Added rdd_26_48 in memory on 172.18.0.4:43303 (size: 46.0 B, free: 1048.6 MiB)
[2024-10-25T16:54:58.214+0000] {spark_submit.py:579} INFO - 24/10/25 16:54:58 INFO TaskSetManager: Finished task 48.0 in stage 7.0 (TID 55) in 60 ms on 172.18.0.4 (executor 0) (49/50)
[2024-10-25T16:54:58.224+0000] {spark_submit.py:579} INFO - 24/10/25 16:54:58 INFO BlockManagerInfo: Added rdd_26_49 in memory on 172.18.0.4:43303 (size: 46.0 B, free: 1048.6 MiB)
[2024-10-25T16:54:58.245+0000] {spark_submit.py:579} INFO - 24/10/25 16:54:58 INFO TaskSetManager: Finished task 49.0 in stage 7.0 (TID 56) in 61 ms on 172.18.0.4 (executor 0) (50/50)
[2024-10-25T16:54:58.246+0000] {spark_submit.py:579} INFO - 24/10/25 16:54:58 INFO TaskSchedulerImpl: Removed TaskSet 7.0, whose tasks have all completed, from pool
[2024-10-25T16:54:58.246+0000] {spark_submit.py:579} INFO - 24/10/25 16:54:58 INFO DAGScheduler: ShuffleMapStage 7 ($anonfun$recordDeltaOperationInternal$1 at DatabricksLogging.scala:128) finished in 2.727 s
[2024-10-25T16:54:58.247+0000] {spark_submit.py:579} INFO - 24/10/25 16:54:58 INFO DAGScheduler: looking for newly runnable stages
[2024-10-25T16:54:58.248+0000] {spark_submit.py:579} INFO - 24/10/25 16:54:58 INFO DAGScheduler: running: Set()
[2024-10-25T16:54:58.248+0000] {spark_submit.py:579} INFO - 24/10/25 16:54:58 INFO DAGScheduler: waiting: Set()
[2024-10-25T16:54:58.249+0000] {spark_submit.py:579} INFO - 24/10/25 16:54:58 INFO DAGScheduler: failed: Set()
[2024-10-25T16:54:58.280+0000] {spark_submit.py:579} INFO - 24/10/25 16:54:58 INFO SparkContext: Starting job: $anonfun$recordDeltaOperationInternal$1 at DatabricksLogging.scala:128
[2024-10-25T16:54:58.281+0000] {spark_submit.py:579} INFO - 24/10/25 16:54:58 INFO DAGScheduler: Got job 7 ($anonfun$recordDeltaOperationInternal$1 at DatabricksLogging.scala:128) with 1 output partitions
[2024-10-25T16:54:58.282+0000] {spark_submit.py:579} INFO - 24/10/25 16:54:58 INFO DAGScheduler: Final stage: ResultStage 10 ($anonfun$recordDeltaOperationInternal$1 at DatabricksLogging.scala:128)
[2024-10-25T16:54:58.282+0000] {spark_submit.py:579} INFO - 24/10/25 16:54:58 INFO DAGScheduler: Parents of final stage: List(ShuffleMapStage 9)
[2024-10-25T16:54:58.283+0000] {spark_submit.py:579} INFO - 24/10/25 16:54:58 INFO DAGScheduler: Missing parents: List()
[2024-10-25T16:54:58.284+0000] {spark_submit.py:579} INFO - 24/10/25 16:54:58 INFO DAGScheduler: Submitting ResultStage 10 (MapPartitionsRDD[32] at $anonfun$recordDeltaOperationInternal$1 at DatabricksLogging.scala:128), which has no missing parents
[2024-10-25T16:54:58.288+0000] {spark_submit.py:579} INFO - 24/10/25 16:54:58 INFO MemoryStore: Block broadcast_10 stored as values in memory (estimated size 452.2 KiB, free 432.6 MiB)
[2024-10-25T16:54:58.291+0000] {spark_submit.py:579} INFO - 24/10/25 16:54:58 INFO MemoryStore: Block broadcast_10_piece0 stored as bytes in memory (estimated size 108.1 KiB, free 432.5 MiB)
[2024-10-25T16:54:58.292+0000] {spark_submit.py:579} INFO - 24/10/25 16:54:58 INFO BlockManagerInfo: Added broadcast_10_piece0 in memory on 84076e7a47fe:39557 (size: 108.1 KiB, free: 434.1 MiB)
[2024-10-25T16:54:58.293+0000] {spark_submit.py:579} INFO - 24/10/25 16:54:58 INFO SparkContext: Created broadcast 10 from broadcast at DAGScheduler.scala:1540
[2024-10-25T16:54:58.294+0000] {spark_submit.py:579} INFO - 24/10/25 16:54:58 INFO DAGScheduler: Submitting 1 missing tasks from ResultStage 10 (MapPartitionsRDD[32] at $anonfun$recordDeltaOperationInternal$1 at DatabricksLogging.scala:128) (first 15 tasks are for partitions Vector(0))
[2024-10-25T16:54:58.294+0000] {spark_submit.py:579} INFO - 24/10/25 16:54:58 INFO TaskSchedulerImpl: Adding task set 10.0 with 1 tasks resource profile 0
[2024-10-25T16:54:58.295+0000] {spark_submit.py:579} INFO - 24/10/25 16:54:58 INFO TaskSetManager: Starting task 0.0 in stage 10.0 (TID 57) (172.18.0.4, executor 0, partition 0, NODE_LOCAL, 7367 bytes)
[2024-10-25T16:54:58.306+0000] {spark_submit.py:579} INFO - 24/10/25 16:54:58 INFO BlockManagerInfo: Added broadcast_10_piece0 in memory on 172.18.0.4:43303 (size: 108.1 KiB, free: 1048.5 MiB)
[2024-10-25T16:54:58.318+0000] {spark_submit.py:579} INFO - 24/10/25 16:54:58 INFO MapOutputTrackerMasterEndpoint: Asked to send map output locations for shuffle 2 to 172.18.0.4:45780
[2024-10-25T16:54:58.371+0000] {spark_submit.py:579} INFO - 24/10/25 16:54:58 INFO TaskSetManager: Finished task 0.0 in stage 10.0 (TID 57) in 76 ms on 172.18.0.4 (executor 0) (1/1)
[2024-10-25T16:54:58.372+0000] {spark_submit.py:579} INFO - 24/10/25 16:54:58 INFO TaskSchedulerImpl: Removed TaskSet 10.0, whose tasks have all completed, from pool
[2024-10-25T16:54:58.373+0000] {spark_submit.py:579} INFO - 24/10/25 16:54:58 INFO DAGScheduler: ResultStage 10 ($anonfun$recordDeltaOperationInternal$1 at DatabricksLogging.scala:128) finished in 0.089 s
[2024-10-25T16:54:58.373+0000] {spark_submit.py:579} INFO - 24/10/25 16:54:58 INFO DAGScheduler: Job 7 is finished. Cancelling potential speculative or zombie tasks for this job
[2024-10-25T16:54:58.374+0000] {spark_submit.py:579} INFO - 24/10/25 16:54:58 INFO TaskSchedulerImpl: Killing all running tasks in stage 10: Stage finished
[2024-10-25T16:54:58.374+0000] {spark_submit.py:579} INFO - 24/10/25 16:54:58 INFO DAGScheduler: Job 7 finished: $anonfun$recordDeltaOperationInternal$1 at DatabricksLogging.scala:128, took 0.093507 s
[2024-10-25T16:54:58.434+0000] {spark_submit.py:579} INFO - 24/10/25 16:54:58 INFO CodeGenerator: Code generated in 39.064999 ms
[2024-10-25T16:54:58.437+0000] {spark_submit.py:579} INFO - 24/10/25 16:54:58 INFO Snapshot: [tableId=17a2648f-2d55-4196-90e2-0c77c85505c4] DELTA: Done
[2024-10-25T16:54:58.461+0000] {spark_submit.py:579} INFO - 24/10/25 16:54:58 INFO OptimisticTransaction: [tableId=ca40b48b,txnId=8fa6085d] Committed delta #0 to s3a://lakehouse/sliver/movies/_delta_log
[2024-10-25T16:54:58.467+0000] {spark_submit.py:579} INFO - 2024-10-25 16:54:58,467 INFO: Data cleaning and saving process completed successfully.
[2024-10-25T16:54:58.468+0000] {spark_submit.py:579} INFO - 24/10/25 16:54:58 INFO SparkContext: SparkContext is stopping with exitCode 0.
[2024-10-25T16:54:58.485+0000] {spark_submit.py:579} INFO - 24/10/25 16:54:58 INFO SparkUI: Stopped Spark web UI at http://84076e7a47fe:4040
[2024-10-25T16:54:58.490+0000] {spark_submit.py:579} INFO - 24/10/25 16:54:58 INFO StandaloneSchedulerBackend: Shutting down all executors
[2024-10-25T16:54:58.491+0000] {spark_submit.py:579} INFO - 24/10/25 16:54:58 INFO StandaloneSchedulerBackend$StandaloneDriverEndpoint: Asking each executor to shut down
[2024-10-25T16:54:58.517+0000] {spark_submit.py:579} INFO - 24/10/25 16:54:58 INFO MapOutputTrackerMasterEndpoint: MapOutputTrackerMasterEndpoint stopped!
[2024-10-25T16:54:58.550+0000] {spark_submit.py:579} INFO - 24/10/25 16:54:58 INFO MemoryStore: MemoryStore cleared
[2024-10-25T16:54:58.551+0000] {spark_submit.py:579} INFO - 24/10/25 16:54:58 INFO BlockManager: BlockManager stopped
[2024-10-25T16:54:58.557+0000] {spark_submit.py:579} INFO - 24/10/25 16:54:58 INFO BlockManagerMaster: BlockManagerMaster stopped
[2024-10-25T16:54:58.565+0000] {spark_submit.py:579} INFO - 24/10/25 16:54:58 INFO OutputCommitCoordinator$OutputCommitCoordinatorEndpoint: OutputCommitCoordinator stopped!
[2024-10-25T16:54:58.621+0000] {spark_submit.py:579} INFO - 24/10/25 16:54:58 INFO SparkContext: Successfully stopped SparkContext
[2024-10-25T16:54:58.872+0000] {spark_submit.py:579} INFO - 2024-10-25 16:54:58,872 INFO: Closing down clientserver connection
[2024-10-25T16:54:58.987+0000] {spark_submit.py:579} INFO - 24/10/25 16:54:58 INFO ShutdownHookManager: Shutdown hook called
[2024-10-25T16:54:58.988+0000] {spark_submit.py:579} INFO - 24/10/25 16:54:58 INFO ShutdownHookManager: Deleting directory /tmp/spark-6e91cd5c-c364-452f-80bf-a100ab1b05b9
[2024-10-25T16:54:58.996+0000] {spark_submit.py:579} INFO - 24/10/25 16:54:58 INFO ShutdownHookManager: Deleting directory /tmp/spark-d6e9db31-cac0-499b-b62c-ac0b3a7c7dc8
[2024-10-25T16:54:59.007+0000] {spark_submit.py:579} INFO - 24/10/25 16:54:59 INFO ShutdownHookManager: Deleting directory /tmp/spark-6e91cd5c-c364-452f-80bf-a100ab1b05b9/pyspark-59ce04f2-c08f-4b4b-9b12-6f8013bae60a
[2024-10-25T16:54:59.018+0000] {spark_submit.py:579} INFO - 24/10/25 16:54:59 INFO MetricsSystemImpl: Stopping s3a-file-system metrics system...
[2024-10-25T16:54:59.018+0000] {spark_submit.py:579} INFO - 24/10/25 16:54:59 INFO MetricsSystemImpl: s3a-file-system metrics system stopped.
[2024-10-25T16:54:59.019+0000] {spark_submit.py:579} INFO - 24/10/25 16:54:59 INFO MetricsSystemImpl: s3a-file-system metrics system shutdown complete.
[2024-10-25T16:54:59.096+0000] {taskinstance.py:1398} INFO - Marking task as SUCCESS. dag_id=clean_task_movies, task_id=clean_movies, execution_date=20241024T000000, start_date=20241025T165337, end_date=20241025T165459
[2024-10-25T16:54:59.120+0000] {local_task_job_runner.py:228} INFO - Task exited with return code 0
[2024-10-25T16:54:59.134+0000] {taskinstance.py:2776} INFO - 0 downstream tasks scheduled from follow-on schedule check
