[2024-12-16T13:42:21.563+0000] {taskinstance.py:1159} INFO - Dependencies all met for dep_context=non-requeueable deps ti=<TaskInstance: All_Layer-2.clean_rating manual__2024-12-16T13:41:48.640875+00:00 [queued]>
[2024-12-16T13:42:21.582+0000] {taskinstance.py:1159} INFO - Dependencies all met for dep_context=requeueable deps ti=<TaskInstance: All_Layer-2.clean_rating manual__2024-12-16T13:41:48.640875+00:00 [queued]>
[2024-12-16T13:42:21.583+0000] {taskinstance.py:1361} INFO - Starting attempt 1 of 2
[2024-12-16T13:42:21.603+0000] {taskinstance.py:1382} INFO - Executing <Task(SparkSubmitOperator): clean_rating> on 2024-12-16 13:41:48.640875+00:00
[2024-12-16T13:42:21.611+0000] {standard_task_runner.py:57} INFO - Started process 398 to run task
[2024-12-16T13:42:21.615+0000] {standard_task_runner.py:84} INFO - Running: ['***', 'tasks', 'run', 'All_Layer-2', 'clean_rating', 'manual__2024-12-16T13:41:48.640875+00:00', '--job-id', '136', '--raw', '--subdir', 'DAGS_FOLDER/All_2.py', '--cfg-path', '/tmp/tmpbt_89rjj']
[2024-12-16T13:42:21.620+0000] {standard_task_runner.py:85} INFO - Job 136: Subtask clean_rating
[2024-12-16T13:42:21.702+0000] {task_command.py:416} INFO - Running <TaskInstance: All_Layer-2.clean_rating manual__2024-12-16T13:41:48.640875+00:00 [running]> on host a2b73f6a4b3a
[2024-12-16T13:42:21.832+0000] {taskinstance.py:1662} INFO - Exporting env vars: AIRFLOW_CTX_DAG_OWNER='***' AIRFLOW_CTX_DAG_ID='All_Layer-2' AIRFLOW_CTX_TASK_ID='clean_rating' AIRFLOW_CTX_EXECUTION_DATE='2024-12-16T13:41:48.640875+00:00' AIRFLOW_CTX_TRY_NUMBER='1' AIRFLOW_CTX_DAG_RUN_ID='manual__2024-12-16T13:41:48.640875+00:00'
[2024-12-16T13:42:21.853+0000] {base.py:73} INFO - Using connection ID 'spark-conn' for task execution.
[2024-12-16T13:42:21.857+0000] {spark_submit.py:403} INFO - Spark-Submit cmd: spark-submit --master spark://spark-master:7077 --conf spark.sql.extensions=io.delta.sql.DeltaSparkSessionExtension --conf spark.sql.catalog.spark_catalog=org.apache.spark.sql.delta.catalog.DeltaCatalog --jars /opt/***/jars/hadoop-aws-3.3.4.jar,/opt/***/jars/s3-2.18.41.jar,/opt/***/jars/aws-java-sdk-1.12.367.jar,/opt/***/jars/delta-core_2.12-2.2.0.jar,/opt/***/jars/delta-storage-2.2.0.jar, --packages org.apache.hadoop:hadoop-aws:3.3.4 --num-executors 2 --total-executor-cores 2 --executor-cores 2 --executor-memory 1g --driver-memory 1g --name arrow-spark --deploy-mode client /opt/***/jobs/python/processing_rating.py s3a://lakehouse/bronze/ratings.parquet s3a://lakehouse/sliver/ratings
[2024-12-16T13:42:22.233+0000] {spark_submit.py:579} INFO - /home/***/.local/lib/python3.9/site-packages/pyspark/bin/load-spark-env.sh: line 68: ps: command not found
[2024-12-16T13:42:27.166+0000] {spark_submit.py:579} INFO - :: loading settings :: url = jar:file:/home/***/.local/lib/python3.9/site-packages/pyspark/jars/ivy-2.5.1.jar!/org/apache/ivy/core/settings/ivysettings.xml
[2024-12-16T13:42:27.382+0000] {spark_submit.py:579} INFO - Ivy Default Cache set to: /home/***/.ivy2/cache
[2024-12-16T13:42:27.383+0000] {spark_submit.py:579} INFO - The jars for the packages stored in: /home/***/.ivy2/jars
[2024-12-16T13:42:27.415+0000] {spark_submit.py:579} INFO - org.apache.hadoop#hadoop-aws added as a dependency
[2024-12-16T13:42:27.418+0000] {spark_submit.py:579} INFO - :: resolving dependencies :: org.apache.spark#spark-submit-parent-ff35450d-0084-458b-a575-512c495253d5;1.0
[2024-12-16T13:42:27.418+0000] {spark_submit.py:579} INFO - confs: [default]
[2024-12-16T13:42:27.960+0000] {spark_submit.py:579} INFO - found org.apache.hadoop#hadoop-aws;3.3.4 in spark-list
[2024-12-16T13:42:28.149+0000] {spark_submit.py:579} INFO - found com.amazonaws#aws-java-sdk-bundle;1.12.262 in central
[2024-12-16T13:42:28.263+0000] {spark_submit.py:579} INFO - found org.wildfly.openssl#wildfly-openssl;1.0.7.Final in central
[2024-12-16T13:42:28.350+0000] {spark_submit.py:579} INFO - :: resolution report :: resolve 913ms :: artifacts dl 20ms
[2024-12-16T13:42:28.351+0000] {spark_submit.py:579} INFO - :: modules in use:
[2024-12-16T13:42:28.351+0000] {spark_submit.py:579} INFO - com.amazonaws#aws-java-sdk-bundle;1.12.262 from central in [default]
[2024-12-16T13:42:28.355+0000] {spark_submit.py:579} INFO - org.apache.hadoop#hadoop-aws;3.3.4 from spark-list in [default]
[2024-12-16T13:42:28.358+0000] {spark_submit.py:579} INFO - org.wildfly.openssl#wildfly-openssl;1.0.7.Final from central in [default]
[2024-12-16T13:42:28.359+0000] {spark_submit.py:579} INFO - ---------------------------------------------------------------------
[2024-12-16T13:42:28.359+0000] {spark_submit.py:579} INFO - |                  |            modules            ||   artifacts   |
[2024-12-16T13:42:28.360+0000] {spark_submit.py:579} INFO - |       conf       | number| search|dwnlded|evicted|| number|dwnlded|
[2024-12-16T13:42:28.360+0000] {spark_submit.py:579} INFO - ---------------------------------------------------------------------
[2024-12-16T13:42:28.360+0000] {spark_submit.py:579} INFO - |      default     |   3   |   0   |   0   |   0   ||   3   |   0   |
[2024-12-16T13:42:28.361+0000] {spark_submit.py:579} INFO - ---------------------------------------------------------------------
[2024-12-16T13:42:28.366+0000] {spark_submit.py:579} INFO - 
[2024-12-16T13:42:28.373+0000] {spark_submit.py:579} INFO - :: problems summary ::
[2024-12-16T13:42:28.377+0000] {spark_submit.py:579} INFO - :::: ERRORS
[2024-12-16T13:42:28.378+0000] {spark_submit.py:579} INFO - unknown resolver null
[2024-12-16T13:42:28.378+0000] {spark_submit.py:579} INFO - 
[2024-12-16T13:42:28.381+0000] {spark_submit.py:579} INFO - unknown resolver null
[2024-12-16T13:42:28.384+0000] {spark_submit.py:579} INFO - 
[2024-12-16T13:42:28.384+0000] {spark_submit.py:579} INFO - 
[2024-12-16T13:42:28.392+0000] {spark_submit.py:579} INFO - :: USE VERBOSE OR DEBUG MESSAGE LEVEL FOR MORE DETAILS
[2024-12-16T13:42:28.392+0000] {spark_submit.py:579} INFO - :: retrieving :: org.apache.spark#spark-submit-parent-ff35450d-0084-458b-a575-512c495253d5
[2024-12-16T13:42:28.393+0000] {spark_submit.py:579} INFO - confs: [default]
[2024-12-16T13:42:28.412+0000] {spark_submit.py:579} INFO - 0 artifacts copied, 3 already retrieved (0kB/43ms)
[2024-12-16T13:42:29.124+0000] {spark_submit.py:579} INFO - 24/12/16 13:42:29 WARN NativeCodeLoader: Unable to load native-hadoop library for your platform... using builtin-java classes where applicable
[2024-12-16T13:42:31.257+0000] {spark_submit.py:579} INFO - 2024-12-16 13:42:31,256 INFO: Initializing Spark session...
[2024-12-16T13:42:31.544+0000] {spark_submit.py:579} INFO - 24/12/16 13:42:31 INFO SparkContext: Running Spark version 3.3.2
[2024-12-16T13:42:31.602+0000] {spark_submit.py:579} INFO - 24/12/16 13:42:31 INFO ResourceUtils: ==============================================================
[2024-12-16T13:42:31.603+0000] {spark_submit.py:579} INFO - 24/12/16 13:42:31 INFO ResourceUtils: No custom resources configured for spark.driver.
[2024-12-16T13:42:31.606+0000] {spark_submit.py:579} INFO - 24/12/16 13:42:31 INFO ResourceUtils: ==============================================================
[2024-12-16T13:42:31.606+0000] {spark_submit.py:579} INFO - 24/12/16 13:42:31 INFO SparkContext: Submitted application: CleanRatings
[2024-12-16T13:42:31.682+0000] {spark_submit.py:579} INFO - 24/12/16 13:42:31 INFO ResourceProfile: Default ResourceProfile created, executor resources: Map(cores -> name: cores, amount: 2, script: , vendor: , memory -> name: memory, amount: 1024, script: , vendor: , offHeap -> name: offHeap, amount: 0, script: , vendor: ), task resources: Map(cpus -> name: cpus, amount: 1.0)
[2024-12-16T13:42:31.728+0000] {spark_submit.py:579} INFO - 24/12/16 13:42:31 INFO ResourceProfile: Limiting resource is cpus at 2 tasks per executor
[2024-12-16T13:42:31.734+0000] {spark_submit.py:579} INFO - 24/12/16 13:42:31 INFO ResourceProfileManager: Added ResourceProfile id: 0
[2024-12-16T13:42:31.901+0000] {spark_submit.py:579} INFO - 24/12/16 13:42:31 INFO SecurityManager: Changing view acls to: ***
[2024-12-16T13:42:31.902+0000] {spark_submit.py:579} INFO - 24/12/16 13:42:31 INFO SecurityManager: Changing modify acls to: ***
[2024-12-16T13:42:31.904+0000] {spark_submit.py:579} INFO - 24/12/16 13:42:31 INFO SecurityManager: Changing view acls groups to:
[2024-12-16T13:42:31.905+0000] {spark_submit.py:579} INFO - 24/12/16 13:42:31 INFO SecurityManager: Changing modify acls groups to:
[2024-12-16T13:42:31.914+0000] {spark_submit.py:579} INFO - 24/12/16 13:42:31 INFO SecurityManager: SecurityManager: authentication disabled; ui acls disabled; users  with view permissions: Set(***); groups with view permissions: Set(); users  with modify permissions: Set(***); groups with modify permissions: Set()
[2024-12-16T13:42:32.850+0000] {spark_submit.py:579} INFO - 24/12/16 13:42:32 INFO Utils: Successfully started service 'sparkDriver' on port 36107.
[2024-12-16T13:42:32.920+0000] {spark_submit.py:579} INFO - 24/12/16 13:42:32 INFO SparkEnv: Registering MapOutputTracker
[2024-12-16T13:42:32.970+0000] {spark_submit.py:579} INFO - 24/12/16 13:42:32 INFO SparkEnv: Registering BlockManagerMaster
[2024-12-16T13:42:32.997+0000] {spark_submit.py:579} INFO - 24/12/16 13:42:32 INFO BlockManagerMasterEndpoint: Using org.apache.spark.storage.DefaultTopologyMapper for getting topology information
[2024-12-16T13:42:32.999+0000] {spark_submit.py:579} INFO - 24/12/16 13:42:32 INFO BlockManagerMasterEndpoint: BlockManagerMasterEndpoint up
[2024-12-16T13:42:33.005+0000] {spark_submit.py:579} INFO - 24/12/16 13:42:33 INFO SparkEnv: Registering BlockManagerMasterHeartbeat
[2024-12-16T13:42:33.045+0000] {spark_submit.py:579} INFO - 24/12/16 13:42:33 INFO DiskBlockManager: Created local directory at /tmp/blockmgr-3ce5924e-b866-4b69-8d4a-90c43088f411
[2024-12-16T13:42:33.067+0000] {spark_submit.py:579} INFO - 24/12/16 13:42:33 INFO MemoryStore: MemoryStore started with capacity 434.4 MiB
[2024-12-16T13:42:33.100+0000] {spark_submit.py:579} INFO - 24/12/16 13:42:33 INFO SparkEnv: Registering OutputCommitCoordinator
[2024-12-16T13:42:33.446+0000] {spark_submit.py:579} INFO - 24/12/16 13:42:33 WARN Utils: Service 'SparkUI' could not bind on port 4040. Attempting port 4041.
[2024-12-16T13:42:33.460+0000] {spark_submit.py:579} INFO - 24/12/16 13:42:33 INFO Utils: Successfully started service 'SparkUI' on port 4041.
[2024-12-16T13:42:33.544+0000] {spark_submit.py:579} INFO - 24/12/16 13:42:33 INFO SparkContext: Added JAR file:///opt/***/jars/hadoop-aws-3.3.4.jar at spark://a2b73f6a4b3a:36107/jars/hadoop-aws-3.3.4.jar with timestamp 1734356551525
[2024-12-16T13:42:33.555+0000] {spark_submit.py:579} INFO - 24/12/16 13:42:33 INFO SparkContext: Added JAR file:///opt/***/jars/s3-2.18.41.jar at spark://a2b73f6a4b3a:36107/jars/s3-2.18.41.jar with timestamp 1734356551525
[2024-12-16T13:42:33.559+0000] {spark_submit.py:579} INFO - 24/12/16 13:42:33 INFO SparkContext: Added JAR file:///opt/***/jars/aws-java-sdk-1.12.367.jar at spark://a2b73f6a4b3a:36107/jars/aws-java-sdk-1.12.367.jar with timestamp 1734356551525
[2024-12-16T13:42:33.561+0000] {spark_submit.py:579} INFO - 24/12/16 13:42:33 INFO SparkContext: Added JAR file:///opt/***/jars/delta-core_2.12-2.2.0.jar at spark://a2b73f6a4b3a:36107/jars/delta-core_2.12-2.2.0.jar with timestamp 1734356551525
[2024-12-16T13:42:33.566+0000] {spark_submit.py:579} INFO - 24/12/16 13:42:33 INFO SparkContext: Added JAR file:///opt/***/jars/delta-storage-2.2.0.jar at spark://a2b73f6a4b3a:36107/jars/delta-storage-2.2.0.jar with timestamp 1734356551525
[2024-12-16T13:42:33.567+0000] {spark_submit.py:579} INFO - 24/12/16 13:42:33 INFO SparkContext: Added JAR file:///home/***/.ivy2/jars/org.apache.hadoop_hadoop-aws-3.3.4.jar at spark://a2b73f6a4b3a:36107/jars/org.apache.hadoop_hadoop-aws-3.3.4.jar with timestamp 1734356551525
[2024-12-16T13:42:33.568+0000] {spark_submit.py:579} INFO - 24/12/16 13:42:33 INFO SparkContext: Added JAR file:///home/***/.ivy2/jars/com.amazonaws_aws-java-sdk-bundle-1.12.262.jar at spark://a2b73f6a4b3a:36107/jars/com.amazonaws_aws-java-sdk-bundle-1.12.262.jar with timestamp 1734356551525
[2024-12-16T13:42:33.568+0000] {spark_submit.py:579} INFO - 24/12/16 13:42:33 INFO SparkContext: Added JAR file:///home/***/.ivy2/jars/org.wildfly.openssl_wildfly-openssl-1.0.7.Final.jar at spark://a2b73f6a4b3a:36107/jars/org.wildfly.openssl_wildfly-openssl-1.0.7.Final.jar with timestamp 1734356551525
[2024-12-16T13:42:33.568+0000] {spark_submit.py:579} INFO - 24/12/16 13:42:33 INFO SparkContext: Added file file:///home/***/.ivy2/jars/org.apache.hadoop_hadoop-aws-3.3.4.jar at spark://a2b73f6a4b3a:36107/files/org.apache.hadoop_hadoop-aws-3.3.4.jar with timestamp 1734356551525
[2024-12-16T13:42:33.570+0000] {spark_submit.py:579} INFO - 24/12/16 13:42:33 INFO Utils: Copying /home/***/.ivy2/jars/org.apache.hadoop_hadoop-aws-3.3.4.jar to /tmp/spark-ce9b0db5-be20-4deb-8c60-c3db32426fbe/userFiles-e6014655-f4f8-4382-94a9-4c075fd61bd3/org.apache.hadoop_hadoop-aws-3.3.4.jar
[2024-12-16T13:42:33.671+0000] {spark_submit.py:579} INFO - 24/12/16 13:42:33 INFO SparkContext: Added file file:///home/***/.ivy2/jars/com.amazonaws_aws-java-sdk-bundle-1.12.262.jar at spark://a2b73f6a4b3a:36107/files/com.amazonaws_aws-java-sdk-bundle-1.12.262.jar with timestamp 1734356551525
[2024-12-16T13:42:33.672+0000] {spark_submit.py:579} INFO - 24/12/16 13:42:33 INFO Utils: Copying /home/***/.ivy2/jars/com.amazonaws_aws-java-sdk-bundle-1.12.262.jar to /tmp/spark-ce9b0db5-be20-4deb-8c60-c3db32426fbe/userFiles-e6014655-f4f8-4382-94a9-4c075fd61bd3/com.amazonaws_aws-java-sdk-bundle-1.12.262.jar
[2024-12-16T13:42:35.868+0000] {spark_submit.py:579} INFO - 24/12/16 13:42:35 INFO SparkContext: Added file file:///home/***/.ivy2/jars/org.wildfly.openssl_wildfly-openssl-1.0.7.Final.jar at spark://a2b73f6a4b3a:36107/files/org.wildfly.openssl_wildfly-openssl-1.0.7.Final.jar with timestamp 1734356551525
[2024-12-16T13:42:35.869+0000] {spark_submit.py:579} INFO - 24/12/16 13:42:35 INFO Utils: Copying /home/***/.ivy2/jars/org.wildfly.openssl_wildfly-openssl-1.0.7.Final.jar to /tmp/spark-ce9b0db5-be20-4deb-8c60-c3db32426fbe/userFiles-e6014655-f4f8-4382-94a9-4c075fd61bd3/org.wildfly.openssl_wildfly-openssl-1.0.7.Final.jar
[2024-12-16T13:42:36.048+0000] {spark_submit.py:579} INFO - 24/12/16 13:42:36 INFO StandaloneAppClient$ClientEndpoint: Connecting to master spark://spark-master:7077...
[2024-12-16T13:42:36.160+0000] {spark_submit.py:579} INFO - 24/12/16 13:42:36 INFO TransportClientFactory: Successfully created connection to spark-master/172.18.0.5:7077 after 70 ms (0 ms spent in bootstraps)
[2024-12-16T13:42:37.081+0000] {spark_submit.py:579} INFO - 24/12/16 13:42:37 INFO StandaloneSchedulerBackend: Connected to Spark cluster with app ID app-20241216134237-0001
[2024-12-16T13:42:37.104+0000] {spark_submit.py:579} INFO - 24/12/16 13:42:37 INFO Utils: Successfully started service 'org.apache.spark.network.netty.NettyBlockTransferService' on port 42069.
[2024-12-16T13:42:37.107+0000] {spark_submit.py:579} INFO - 24/12/16 13:42:37 INFO NettyBlockTransferService: Server created on a2b73f6a4b3a:42069
[2024-12-16T13:42:37.108+0000] {spark_submit.py:579} INFO - 24/12/16 13:42:37 INFO BlockManager: Using org.apache.spark.storage.RandomBlockReplicationPolicy for block replication policy
[2024-12-16T13:42:37.109+0000] {spark_submit.py:579} INFO - 24/12/16 13:42:37 INFO BlockManagerMaster: Registering BlockManager BlockManagerId(driver, a2b73f6a4b3a, 42069, None)
[2024-12-16T13:42:37.114+0000] {spark_submit.py:579} INFO - 24/12/16 13:42:37 INFO BlockManagerMasterEndpoint: Registering block manager a2b73f6a4b3a:42069 with 434.4 MiB RAM, BlockManagerId(driver, a2b73f6a4b3a, 42069, None)
[2024-12-16T13:42:37.121+0000] {spark_submit.py:579} INFO - 24/12/16 13:42:37 INFO BlockManagerMaster: Registered BlockManager BlockManagerId(driver, a2b73f6a4b3a, 42069, None)
[2024-12-16T13:42:37.123+0000] {spark_submit.py:579} INFO - 24/12/16 13:42:37 INFO BlockManager: Initialized BlockManager: BlockManagerId(driver, a2b73f6a4b3a, 42069, None)
[2024-12-16T13:42:37.593+0000] {spark_submit.py:579} INFO - 24/12/16 13:42:37 INFO StandaloneSchedulerBackend: SchedulerBackend is ready for scheduling beginning after reached minRegisteredResourcesRatio: 0.0
[2024-12-16T13:42:37.998+0000] {spark_submit.py:579} INFO - 2024-12-16 13:42:37,997 INFO: Spark session initialized successfully.
[2024-12-16T13:42:37.998+0000] {spark_submit.py:579} INFO - 2024-12-16 13:42:37,997 INFO: Start cleaning ratings table
[2024-12-16T13:42:37.999+0000] {spark_submit.py:579} INFO - 2024-12-16 13:42:37,997 INFO: Reading data from s3a://lakehouse/bronze/ratings.parquet
[2024-12-16T13:42:38.008+0000] {spark_submit.py:579} INFO - 24/12/16 13:42:38 INFO SharedState: Setting hive.metastore.warehouse.dir ('null') to the value of spark.sql.warehouse.dir.
[2024-12-16T13:42:38.324+0000] {spark_submit.py:579} INFO - 24/12/16 13:42:38 WARN MetricsConfig: Cannot locate configuration: tried hadoop-metrics2-s3a-file-system.properties,hadoop-metrics2.properties
[2024-12-16T13:42:38.392+0000] {spark_submit.py:579} INFO - 24/12/16 13:42:38 INFO MetricsSystemImpl: Scheduled Metric snapshot period at 10 second(s).
[2024-12-16T13:42:38.393+0000] {spark_submit.py:579} INFO - 24/12/16 13:42:38 INFO MetricsSystemImpl: s3a-file-system metrics system started
[2024-12-16T13:42:40.967+0000] {spark_submit.py:579} INFO - 24/12/16 13:42:40 INFO SharedState: Warehouse path is 's3a://lakehouse/'.
[2024-12-16T13:42:44.226+0000] {spark_submit.py:579} INFO - 24/12/16 13:42:44 INFO InMemoryFileIndex: It took 168 ms to list leaf files for 1 paths.
[2024-12-16T13:42:45.529+0000] {spark_submit.py:579} INFO - 24/12/16 13:42:45 INFO SparkContext: Starting job: load at NativeMethodAccessorImpl.java:0
[2024-12-16T13:42:45.574+0000] {spark_submit.py:579} INFO - 24/12/16 13:42:45 INFO DAGScheduler: Got job 0 (load at NativeMethodAccessorImpl.java:0) with 1 output partitions
[2024-12-16T13:42:45.575+0000] {spark_submit.py:579} INFO - 24/12/16 13:42:45 INFO DAGScheduler: Final stage: ResultStage 0 (load at NativeMethodAccessorImpl.java:0)
[2024-12-16T13:42:45.576+0000] {spark_submit.py:579} INFO - 24/12/16 13:42:45 INFO DAGScheduler: Parents of final stage: List()
[2024-12-16T13:42:45.577+0000] {spark_submit.py:579} INFO - 24/12/16 13:42:45 INFO DAGScheduler: Missing parents: List()
[2024-12-16T13:42:45.595+0000] {spark_submit.py:579} INFO - 24/12/16 13:42:45 INFO DAGScheduler: Submitting ResultStage 0 (MapPartitionsRDD[1] at load at NativeMethodAccessorImpl.java:0), which has no missing parents
[2024-12-16T13:42:45.779+0000] {spark_submit.py:579} INFO - 24/12/16 13:42:45 INFO MemoryStore: Block broadcast_0 stored as values in memory (estimated size 106.2 KiB, free 434.3 MiB)
[2024-12-16T13:42:45.862+0000] {spark_submit.py:579} INFO - 24/12/16 13:42:45 INFO MemoryStore: Block broadcast_0_piece0 stored as bytes in memory (estimated size 38.3 KiB, free 434.3 MiB)
[2024-12-16T13:42:45.871+0000] {spark_submit.py:579} INFO - 24/12/16 13:42:45 INFO BlockManagerInfo: Added broadcast_0_piece0 in memory on a2b73f6a4b3a:42069 (size: 38.3 KiB, free: 434.4 MiB)
[2024-12-16T13:42:45.878+0000] {spark_submit.py:579} INFO - 24/12/16 13:42:45 INFO SparkContext: Created broadcast 0 from broadcast at DAGScheduler.scala:1513
[2024-12-16T13:42:45.928+0000] {spark_submit.py:579} INFO - 24/12/16 13:42:45 INFO DAGScheduler: Submitting 1 missing tasks from ResultStage 0 (MapPartitionsRDD[1] at load at NativeMethodAccessorImpl.java:0) (first 15 tasks are for partitions Vector(0))
[2024-12-16T13:42:45.930+0000] {spark_submit.py:579} INFO - 24/12/16 13:42:45 INFO TaskSchedulerImpl: Adding task set 0.0 with 1 tasks resource profile 0
[2024-12-16T13:43:01.064+0000] {spark_submit.py:579} INFO - 24/12/16 13:43:01 WARN TaskSchedulerImpl: Initial job has not accepted any resources; check your cluster UI to ensure that workers are registered and have sufficient resources
[2024-12-16T13:43:10.890+0000] {spark_submit.py:579} INFO - 24/12/16 13:43:10 INFO StandaloneAppClient$ClientEndpoint: Executor added: app-20241216134237-0001/0 on worker-20241216133913-172.18.0.9-43437 (172.18.0.9:43437) with 2 core(s)
[2024-12-16T13:43:10.894+0000] {spark_submit.py:579} INFO - 24/12/16 13:43:10 INFO StandaloneSchedulerBackend: Granted executor ID app-20241216134237-0001/0 on hostPort 172.18.0.9:43437 with 2 core(s), 1024.0 MiB RAM
[2024-12-16T13:43:10.993+0000] {spark_submit.py:579} INFO - 24/12/16 13:43:10 INFO StandaloneAppClient$ClientEndpoint: Executor updated: app-20241216134237-0001/0 is now RUNNING
[2024-12-16T13:43:13.736+0000] {spark_submit.py:579} INFO - 24/12/16 13:43:13 INFO CoarseGrainedSchedulerBackend$DriverEndpoint: Registered executor NettyRpcEndpointRef(spark-client://Executor) (172.18.0.9:60040) with ID 0,  ResourceProfileId 0
[2024-12-16T13:43:13.818+0000] {spark_submit.py:579} INFO - 24/12/16 13:43:13 INFO BlockManagerMasterEndpoint: Registering block manager 172.18.0.9:33281 with 434.4 MiB RAM, BlockManagerId(0, 172.18.0.9, 33281, None)
[2024-12-16T13:43:16.308+0000] {spark_submit.py:579} INFO - 24/12/16 13:43:16 INFO TaskSetManager: Starting task 0.0 in stage 0.0 (TID 0) (172.18.0.9, executor 0, partition 0, PROCESS_LOCAL, 4590 bytes) taskResourceAssignments Map()
[2024-12-16T13:43:16.540+0000] {spark_submit.py:579} INFO - 24/12/16 13:43:16 INFO BlockManagerInfo: Added broadcast_0_piece0 in memory on 172.18.0.9:33281 (size: 38.3 KiB, free: 434.4 MiB)
[2024-12-16T13:43:17.966+0000] {spark_submit.py:579} INFO - 24/12/16 13:43:17 INFO TaskSetManager: Finished task 0.0 in stage 0.0 (TID 0) in 1675 ms on 172.18.0.9 (executor 0) (1/1)
[2024-12-16T13:43:17.967+0000] {spark_submit.py:579} INFO - 24/12/16 13:43:17 INFO TaskSchedulerImpl: Removed TaskSet 0.0, whose tasks have all completed, from pool
[2024-12-16T13:43:17.972+0000] {spark_submit.py:579} INFO - 24/12/16 13:43:17 INFO DAGScheduler: ResultStage 0 (load at NativeMethodAccessorImpl.java:0) finished in 32.355 s
[2024-12-16T13:43:17.976+0000] {spark_submit.py:579} INFO - 24/12/16 13:43:17 INFO DAGScheduler: Job 0 is finished. Cancelling potential speculative or zombie tasks for this job
[2024-12-16T13:43:17.977+0000] {spark_submit.py:579} INFO - 24/12/16 13:43:17 INFO TaskSchedulerImpl: Killing all running tasks in stage 0: Stage finished
[2024-12-16T13:43:17.979+0000] {spark_submit.py:579} INFO - 24/12/16 13:43:17 INFO DAGScheduler: Job 0 finished: load at NativeMethodAccessorImpl.java:0, took 32.448001 s
[2024-12-16T13:43:18.608+0000] {spark_submit.py:579} INFO - 24/12/16 13:43:18 INFO BlockManagerInfo: Removed broadcast_0_piece0 on a2b73f6a4b3a:42069 in memory (size: 38.3 KiB, free: 434.4 MiB)
[2024-12-16T13:43:18.615+0000] {spark_submit.py:579} INFO - 24/12/16 13:43:18 INFO BlockManagerInfo: Removed broadcast_0_piece0 on 172.18.0.9:33281 in memory (size: 38.3 KiB, free: 434.4 MiB)
[2024-12-16T13:43:19.985+0000] {spark_submit.py:579} INFO - 24/12/16 13:43:19 INFO FileSourceStrategy: Pushed Filters:
[2024-12-16T13:43:19.986+0000] {spark_submit.py:579} INFO - 24/12/16 13:43:19 INFO FileSourceStrategy: Post-Scan Filters:
[2024-12-16T13:43:19.990+0000] {spark_submit.py:579} INFO - 24/12/16 13:43:19 INFO FileSourceStrategy: Output Data Schema: struct<userId: bigint, movieId: bigint, rating: double, timestamp: bigint ... 2 more fields>
[2024-12-16T13:43:20.233+0000] {spark_submit.py:579} INFO - 24/12/16 13:43:20 INFO CodeGenerator: Code generated in 135.385601 ms
[2024-12-16T13:43:20.272+0000] {spark_submit.py:579} INFO - 24/12/16 13:43:20 INFO MemoryStore: Block broadcast_1 stored as values in memory (estimated size 206.4 KiB, free 434.2 MiB)
[2024-12-16T13:43:20.283+0000] {spark_submit.py:579} INFO - 24/12/16 13:43:20 INFO MemoryStore: Block broadcast_1_piece0 stored as bytes in memory (estimated size 36.3 KiB, free 434.2 MiB)
[2024-12-16T13:43:20.285+0000] {spark_submit.py:579} INFO - 24/12/16 13:43:20 INFO BlockManagerInfo: Added broadcast_1_piece0 in memory on a2b73f6a4b3a:42069 (size: 36.3 KiB, free: 434.4 MiB)
[2024-12-16T13:43:20.286+0000] {spark_submit.py:579} INFO - 24/12/16 13:43:20 INFO SparkContext: Created broadcast 1 from javaToPython at NativeMethodAccessorImpl.java:0
[2024-12-16T13:43:20.300+0000] {spark_submit.py:579} INFO - 24/12/16 13:43:20 INFO FileSourceScanExec: Planning scan with bin packing, max size: 88280838 bytes, open cost is considered as scanning 4194304 bytes.
[2024-12-16T13:43:20.835+0000] {spark_submit.py:579} INFO - 2024-12-16 13:43:20,835 INFO: Dropping rows with null values
[2024-12-16T13:43:21.125+0000] {spark_submit.py:579} INFO - 24/12/16 13:43:21 INFO CodeGenerator: Code generated in 14.189052 ms
[2024-12-16T13:43:21.152+0000] {spark_submit.py:579} INFO - 24/12/16 13:43:21 INFO DAGScheduler: Registering RDD 13 (count at NativeMethodAccessorImpl.java:0) as input to shuffle 0
[2024-12-16T13:43:21.156+0000] {spark_submit.py:579} INFO - 24/12/16 13:43:21 INFO DAGScheduler: Got map stage job 1 (count at NativeMethodAccessorImpl.java:0) with 2 output partitions
[2024-12-16T13:43:21.156+0000] {spark_submit.py:579} INFO - 24/12/16 13:43:21 INFO DAGScheduler: Final stage: ShuffleMapStage 1 (count at NativeMethodAccessorImpl.java:0)
[2024-12-16T13:43:21.157+0000] {spark_submit.py:579} INFO - 24/12/16 13:43:21 INFO DAGScheduler: Parents of final stage: List()
[2024-12-16T13:43:21.157+0000] {spark_submit.py:579} INFO - 24/12/16 13:43:21 INFO DAGScheduler: Missing parents: List()
[2024-12-16T13:43:21.160+0000] {spark_submit.py:579} INFO - 24/12/16 13:43:21 INFO DAGScheduler: Submitting ShuffleMapStage 1 (MapPartitionsRDD[13] at count at NativeMethodAccessorImpl.java:0), which has no missing parents
[2024-12-16T13:43:21.211+0000] {spark_submit.py:579} INFO - 24/12/16 13:43:21 INFO MemoryStore: Block broadcast_2 stored as values in memory (estimated size 38.5 KiB, free 434.1 MiB)
[2024-12-16T13:43:21.212+0000] {spark_submit.py:579} INFO - 24/12/16 13:43:21 INFO MemoryStore: Block broadcast_2_piece0 stored as bytes in memory (estimated size 16.6 KiB, free 434.1 MiB)
[2024-12-16T13:43:21.213+0000] {spark_submit.py:579} INFO - 24/12/16 13:43:21 INFO BlockManagerInfo: Added broadcast_2_piece0 in memory on a2b73f6a4b3a:42069 (size: 16.6 KiB, free: 434.3 MiB)
[2024-12-16T13:43:21.214+0000] {spark_submit.py:579} INFO - 24/12/16 13:43:21 INFO SparkContext: Created broadcast 2 from broadcast at DAGScheduler.scala:1513
[2024-12-16T13:43:21.216+0000] {spark_submit.py:579} INFO - 24/12/16 13:43:21 INFO DAGScheduler: Submitting 2 missing tasks from ShuffleMapStage 1 (MapPartitionsRDD[13] at count at NativeMethodAccessorImpl.java:0) (first 15 tasks are for partitions Vector(0, 1))
[2024-12-16T13:43:21.216+0000] {spark_submit.py:579} INFO - 24/12/16 13:43:21 INFO TaskSchedulerImpl: Adding task set 1.0 with 2 tasks resource profile 0
[2024-12-16T13:43:21.232+0000] {spark_submit.py:579} INFO - 24/12/16 13:43:21 INFO TaskSetManager: Starting task 0.0 in stage 1.0 (TID 1) (172.18.0.9, executor 0, partition 0, PROCESS_LOCAL, 4902 bytes) taskResourceAssignments Map()
[2024-12-16T13:43:21.233+0000] {spark_submit.py:579} INFO - 24/12/16 13:43:21 INFO TaskSetManager: Starting task 1.0 in stage 1.0 (TID 2) (172.18.0.9, executor 0, partition 1, PROCESS_LOCAL, 4902 bytes) taskResourceAssignments Map()
[2024-12-16T13:43:21.286+0000] {spark_submit.py:579} INFO - 24/12/16 13:43:21 INFO BlockManagerInfo: Added broadcast_2_piece0 in memory on 172.18.0.9:33281 (size: 16.6 KiB, free: 434.4 MiB)
[2024-12-16T13:43:22.367+0000] {spark_submit.py:579} INFO - 24/12/16 13:43:22 INFO BlockManagerInfo: Added broadcast_1_piece0 in memory on 172.18.0.9:33281 (size: 36.3 KiB, free: 434.3 MiB)
[2024-12-16T13:43:22.638+0000] {spark_submit.py:579} INFO - 24/12/16 13:43:22 INFO TaskSetManager: Finished task 1.0 in stage 1.0 (TID 2) in 1405 ms on 172.18.0.9 (executor 0) (1/2)
[2024-12-16T13:43:22.640+0000] {spark_submit.py:579} INFO - 24/12/16 13:43:22 INFO PythonAccumulatorV2: Connected to AccumulatorServer at host: 127.0.0.1 port: 37307
[2024-12-16T13:46:41.106+0000] {spark_submit.py:579} INFO - 24/12/16 13:46:41 INFO TaskSetManager: Finished task 0.0 in stage 1.0 (TID 1) in 199889 ms on 172.18.0.9 (executor 0) (2/2)
[2024-12-16T13:46:41.108+0000] {spark_submit.py:579} INFO - 24/12/16 13:46:41 INFO TaskSchedulerImpl: Removed TaskSet 1.0, whose tasks have all completed, from pool
[2024-12-16T13:46:41.109+0000] {spark_submit.py:579} INFO - 24/12/16 13:46:41 INFO DAGScheduler: ShuffleMapStage 1 (count at NativeMethodAccessorImpl.java:0) finished in 199.942 s
[2024-12-16T13:46:41.111+0000] {spark_submit.py:579} INFO - 24/12/16 13:46:41 INFO DAGScheduler: looking for newly runnable stages
[2024-12-16T13:46:41.112+0000] {spark_submit.py:579} INFO - 24/12/16 13:46:41 INFO DAGScheduler: running: Set()
[2024-12-16T13:46:41.112+0000] {spark_submit.py:579} INFO - 24/12/16 13:46:41 INFO DAGScheduler: waiting: Set()
[2024-12-16T13:46:41.113+0000] {spark_submit.py:579} INFO - 24/12/16 13:46:41 INFO DAGScheduler: failed: Set()
[2024-12-16T13:46:41.174+0000] {spark_submit.py:579} INFO - 24/12/16 13:46:41 INFO CodeGenerator: Code generated in 12.183261 ms
[2024-12-16T13:46:41.208+0000] {spark_submit.py:579} INFO - 24/12/16 13:46:41 INFO SparkContext: Starting job: count at NativeMethodAccessorImpl.java:0
[2024-12-16T13:46:41.210+0000] {spark_submit.py:579} INFO - 24/12/16 13:46:41 INFO DAGScheduler: Got job 2 (count at NativeMethodAccessorImpl.java:0) with 1 output partitions
[2024-12-16T13:46:41.211+0000] {spark_submit.py:579} INFO - 24/12/16 13:46:41 INFO DAGScheduler: Final stage: ResultStage 3 (count at NativeMethodAccessorImpl.java:0)
[2024-12-16T13:46:41.212+0000] {spark_submit.py:579} INFO - 24/12/16 13:46:41 INFO DAGScheduler: Parents of final stage: List(ShuffleMapStage 2)
[2024-12-16T13:46:41.212+0000] {spark_submit.py:579} INFO - 24/12/16 13:46:41 INFO DAGScheduler: Missing parents: List()
[2024-12-16T13:46:41.213+0000] {spark_submit.py:579} INFO - 24/12/16 13:46:41 INFO DAGScheduler: Submitting ResultStage 3 (MapPartitionsRDD[16] at count at NativeMethodAccessorImpl.java:0), which has no missing parents
[2024-12-16T13:46:41.225+0000] {spark_submit.py:579} INFO - 24/12/16 13:46:41 INFO MemoryStore: Block broadcast_3 stored as values in memory (estimated size 11.1 KiB, free 434.1 MiB)
[2024-12-16T13:46:41.228+0000] {spark_submit.py:579} INFO - 24/12/16 13:46:41 INFO MemoryStore: Block broadcast_3_piece0 stored as bytes in memory (estimated size 5.5 KiB, free 434.1 MiB)
[2024-12-16T13:46:41.228+0000] {spark_submit.py:579} INFO - 24/12/16 13:46:41 INFO BlockManagerInfo: Added broadcast_3_piece0 in memory on a2b73f6a4b3a:42069 (size: 5.5 KiB, free: 434.3 MiB)
[2024-12-16T13:46:41.229+0000] {spark_submit.py:579} INFO - 24/12/16 13:46:41 INFO SparkContext: Created broadcast 3 from broadcast at DAGScheduler.scala:1513
[2024-12-16T13:46:41.230+0000] {spark_submit.py:579} INFO - 24/12/16 13:46:41 INFO DAGScheduler: Submitting 1 missing tasks from ResultStage 3 (MapPartitionsRDD[16] at count at NativeMethodAccessorImpl.java:0) (first 15 tasks are for partitions Vector(0))
[2024-12-16T13:46:41.231+0000] {spark_submit.py:579} INFO - 24/12/16 13:46:41 INFO TaskSchedulerImpl: Adding task set 3.0 with 1 tasks resource profile 0
[2024-12-16T13:46:41.237+0000] {spark_submit.py:579} INFO - 24/12/16 13:46:41 INFO TaskSetManager: Starting task 0.0 in stage 3.0 (TID 3) (172.18.0.9, executor 0, partition 0, NODE_LOCAL, 4457 bytes) taskResourceAssignments Map()
[2024-12-16T13:46:41.259+0000] {spark_submit.py:579} INFO - 24/12/16 13:46:41 INFO BlockManagerInfo: Added broadcast_3_piece0 in memory on 172.18.0.9:33281 (size: 5.5 KiB, free: 434.3 MiB)
[2024-12-16T13:46:41.290+0000] {spark_submit.py:579} INFO - 24/12/16 13:46:41 INFO MapOutputTrackerMasterEndpoint: Asked to send map output locations for shuffle 0 to 172.18.0.9:60040
[2024-12-16T13:46:41.399+0000] {spark_submit.py:579} INFO - 24/12/16 13:46:41 INFO TaskSetManager: Finished task 0.0 in stage 3.0 (TID 3) in 164 ms on 172.18.0.9 (executor 0) (1/1)
[2024-12-16T13:46:41.400+0000] {spark_submit.py:579} INFO - 24/12/16 13:46:41 INFO TaskSchedulerImpl: Removed TaskSet 3.0, whose tasks have all completed, from pool
[2024-12-16T13:46:41.401+0000] {spark_submit.py:579} INFO - 24/12/16 13:46:41 INFO DAGScheduler: ResultStage 3 (count at NativeMethodAccessorImpl.java:0) finished in 0.178 s
[2024-12-16T13:46:41.401+0000] {spark_submit.py:579} INFO - 24/12/16 13:46:41 INFO DAGScheduler: Job 2 is finished. Cancelling potential speculative or zombie tasks for this job
[2024-12-16T13:46:41.402+0000] {spark_submit.py:579} INFO - 24/12/16 13:46:41 INFO TaskSchedulerImpl: Killing all running tasks in stage 3: Stage finished
[2024-12-16T13:46:41.402+0000] {spark_submit.py:579} INFO - 24/12/16 13:46:41 INFO DAGScheduler: Job 2 finished: count at NativeMethodAccessorImpl.java:0, took 0.193219 s
[2024-12-16T13:46:41.412+0000] {spark_submit.py:579} INFO - 2024-12-16 13:46:41,411 INFO: Row count after cleaning: 26024289
[2024-12-16T13:46:41.413+0000] {spark_submit.py:579} INFO - 2024-12-16 13:46:41,412 INFO: Saving cleaned data to s3a://lakehouse/sliver/ratings
[2024-12-16T13:46:41.835+0000] {spark_submit.py:579} INFO - 24/12/16 13:46:41 INFO DeltaLog: Creating initial snapshot without metadata, because the directory is empty
[2024-12-16T13:46:42.060+0000] {spark_submit.py:579} INFO - 24/12/16 13:46:42 INFO InitialSnapshot: [tableId=bca2515c-f898-4ab6-90fc-297bd9695281] Created snapshot InitialSnapshot(path=s3a://lakehouse/sliver/ratings/_delta_log, version=-1, metadata=Metadata(d2a3531a-ea40-40c3-8b2d-da23da1ff194,null,null,Format(parquet,Map()),null,List(),Map(),Some(1734356802050)), logSegment=LogSegment(s3a://lakehouse/sliver/ratings/_delta_log,-1,List(),List(),None,-1), checksumOpt=None)
[2024-12-16T13:46:42.161+0000] {spark_submit.py:579} INFO - 24/12/16 13:46:42 INFO DeltaLog: No delta log found for the Delta table at s3a://lakehouse/sliver/ratings/_delta_log
[2024-12-16T13:46:42.161+0000] {spark_submit.py:579} INFO - 24/12/16 13:46:42 INFO InitialSnapshot: [tableId=d2a3531a-ea40-40c3-8b2d-da23da1ff194] Created snapshot InitialSnapshot(path=s3a://lakehouse/sliver/ratings/_delta_log, version=-1, metadata=Metadata(39792f89-15a4-4785-b5ce-6ad35bb95458,null,null,Format(parquet,Map()),null,List(),Map(),Some(1734356802161)), logSegment=LogSegment(s3a://lakehouse/sliver/ratings/_delta_log,-1,List(),List(),None,-1), checksumOpt=None)
[2024-12-16T13:46:42.192+0000] {spark_submit.py:579} INFO - 24/12/16 13:46:42 INFO OptimisticTransaction: [tableId=39792f89,txnId=14d4d7b4] Updated metadata from - to Metadata(acc365ed-de42-4be4-86d4-05b07fc5033b,null,null,Format(parquet,Map()),{"type":"struct","fields":[{"name":"userId","type":"integer","nullable":true,"metadata":{}},{"name":"movieId","type":"integer","nullable":true,"metadata":{}},{"name":"rating","type":"float","nullable":true,"metadata":{}},{"name":"timestamp","type":"integer","nullable":true,"metadata":{}}]},List(),Map(),Some(1734356802182))
[2024-12-16T13:46:42.373+0000] {spark_submit.py:579} INFO - 24/12/16 13:46:42 INFO BlockManagerInfo: Removed broadcast_3_piece0 on a2b73f6a4b3a:42069 in memory (size: 5.5 KiB, free: 434.3 MiB)
[2024-12-16T13:46:42.378+0000] {spark_submit.py:579} INFO - 24/12/16 13:46:42 INFO BlockManagerInfo: Removed broadcast_3_piece0 on 172.18.0.9:33281 in memory (size: 5.5 KiB, free: 434.3 MiB)
[2024-12-16T13:46:42.389+0000] {spark_submit.py:579} INFO - 24/12/16 13:46:42 INFO BlockManagerInfo: Removed broadcast_2_piece0 on a2b73f6a4b3a:42069 in memory (size: 16.6 KiB, free: 434.4 MiB)
[2024-12-16T13:46:42.399+0000] {spark_submit.py:579} INFO - 24/12/16 13:46:42 INFO BlockManagerInfo: Removed broadcast_2_piece0 on 172.18.0.9:33281 in memory (size: 16.6 KiB, free: 434.4 MiB)
[2024-12-16T13:46:42.561+0000] {spark_submit.py:579} INFO - 24/12/16 13:46:42 INFO DeltaParquetFileFormat: Using default output committer for Parquet: org.apache.parquet.hadoop.ParquetOutputCommitter
[2024-12-16T13:46:42.589+0000] {spark_submit.py:579} INFO - 24/12/16 13:46:42 INFO CodeGenerator: Code generated in 9.112025 ms
[2024-12-16T13:46:42.645+0000] {spark_submit.py:579} INFO - 24/12/16 13:46:42 INFO SparkContext: Starting job: save at NativeMethodAccessorImpl.java:0
[2024-12-16T13:46:42.646+0000] {spark_submit.py:579} INFO - 24/12/16 13:46:42 INFO DAGScheduler: Got job 3 (save at NativeMethodAccessorImpl.java:0) with 2 output partitions
[2024-12-16T13:46:42.647+0000] {spark_submit.py:579} INFO - 24/12/16 13:46:42 INFO DAGScheduler: Final stage: ResultStage 4 (save at NativeMethodAccessorImpl.java:0)
[2024-12-16T13:46:42.647+0000] {spark_submit.py:579} INFO - 24/12/16 13:46:42 INFO DAGScheduler: Parents of final stage: List()
[2024-12-16T13:46:42.647+0000] {spark_submit.py:579} INFO - 24/12/16 13:46:42 INFO DAGScheduler: Missing parents: List()
[2024-12-16T13:46:42.648+0000] {spark_submit.py:579} INFO - 24/12/16 13:46:42 INFO DAGScheduler: Submitting ResultStage 4 (MapPartitionsRDD[17] at save at NativeMethodAccessorImpl.java:0), which has no missing parents
[2024-12-16T13:46:42.665+0000] {spark_submit.py:579} INFO - 24/12/16 13:46:42 INFO MemoryStore: Block broadcast_4 stored as values in memory (estimated size 357.3 KiB, free 433.8 MiB)
[2024-12-16T13:46:42.668+0000] {spark_submit.py:579} INFO - 24/12/16 13:46:42 INFO MemoryStore: Block broadcast_4_piece0 stored as bytes in memory (estimated size 128.8 KiB, free 433.7 MiB)
[2024-12-16T13:46:42.669+0000] {spark_submit.py:579} INFO - 24/12/16 13:46:42 INFO BlockManagerInfo: Added broadcast_4_piece0 in memory on a2b73f6a4b3a:42069 (size: 128.8 KiB, free: 434.2 MiB)
[2024-12-16T13:46:42.669+0000] {spark_submit.py:579} INFO - 24/12/16 13:46:42 INFO SparkContext: Created broadcast 4 from broadcast at DAGScheduler.scala:1513
[2024-12-16T13:46:42.670+0000] {spark_submit.py:579} INFO - 24/12/16 13:46:42 INFO DAGScheduler: Submitting 2 missing tasks from ResultStage 4 (MapPartitionsRDD[17] at save at NativeMethodAccessorImpl.java:0) (first 15 tasks are for partitions Vector(0, 1))
[2024-12-16T13:46:42.670+0000] {spark_submit.py:579} INFO - 24/12/16 13:46:42 INFO TaskSchedulerImpl: Adding task set 4.0 with 2 tasks resource profile 0
[2024-12-16T13:46:42.672+0000] {spark_submit.py:579} INFO - 24/12/16 13:46:42 INFO TaskSetManager: Starting task 0.0 in stage 4.0 (TID 4) (172.18.0.9, executor 0, partition 0, PROCESS_LOCAL, 4913 bytes) taskResourceAssignments Map()
[2024-12-16T13:46:42.673+0000] {spark_submit.py:579} INFO - 24/12/16 13:46:42 INFO TaskSetManager: Starting task 1.0 in stage 4.0 (TID 5) (172.18.0.9, executor 0, partition 1, PROCESS_LOCAL, 4913 bytes) taskResourceAssignments Map()
[2024-12-16T13:46:42.687+0000] {spark_submit.py:579} INFO - 24/12/16 13:46:42 INFO BlockManagerInfo: Added broadcast_4_piece0 in memory on 172.18.0.9:33281 (size: 128.8 KiB, free: 434.2 MiB)
[2024-12-16T13:46:43.187+0000] {spark_submit.py:579} INFO - 24/12/16 13:46:43 INFO TaskSetManager: Finished task 1.0 in stage 4.0 (TID 5) in 515 ms on 172.18.0.9 (executor 0) (1/2)
[2024-12-16T13:47:35.063+0000] {local_task_job_runner.py:294} WARNING - State of this instance has been externally set to success. Terminating instance.
[2024-12-16T13:47:35.111+0000] {process_utils.py:131} INFO - Sending 15 to group 398. PIDs of all processes in the group: [403, 694, 398]
[2024-12-16T13:47:35.116+0000] {process_utils.py:86} INFO - Sending the signal 15 to group 398
[2024-12-16T13:47:35.120+0000] {taskinstance.py:1632} ERROR - Received SIGTERM. Terminating subprocesses.
[2024-12-16T13:47:35.123+0000] {spark_submit.py:705} INFO - Sending kill signal to spark-submit
[2024-12-16T13:47:35.253+0000] {process_utils.py:79} INFO - Process psutil.Process(pid=403, status='terminated', started='13:42:21') (403) terminated with exit code None
[2024-12-16T13:47:35.256+0000] {process_utils.py:79} INFO - Process psutil.Process(pid=398, status='terminated', exitcode=0, started='13:42:21') (398) terminated with exit code 0
[2024-12-16T13:47:35.258+0000] {process_utils.py:79} INFO - Process psutil.Process(pid=694, status='terminated', started='13:42:29') (694) terminated with exit code None
