[2024-10-25T10:51:41.098+0000] {taskinstance.py:1157} INFO - Dependencies all met for dep_context=non-requeueable deps ti=<TaskInstance: task_credits_clean.credits_cleaned manual__2024-10-25T10:51:39.429614+00:00 [queued]>
[2024-10-25T10:51:41.107+0000] {taskinstance.py:1157} INFO - Dependencies all met for dep_context=requeueable deps ti=<TaskInstance: task_credits_clean.credits_cleaned manual__2024-10-25T10:51:39.429614+00:00 [queued]>
[2024-10-25T10:51:41.108+0000] {taskinstance.py:1359} INFO - Starting attempt 1 of 2
[2024-10-25T10:51:41.121+0000] {taskinstance.py:1380} INFO - Executing <Task(SparkSubmitOperator): credits_cleaned> on 2024-10-25 10:51:39.429614+00:00
[2024-10-25T10:51:41.127+0000] {standard_task_runner.py:57} INFO - Started process 20790 to run task
[2024-10-25T10:51:41.131+0000] {standard_task_runner.py:84} INFO - Running: ['***', 'tasks', 'run', 'task_credits_clean', 'credits_cleaned', 'manual__2024-10-25T10:51:39.429614+00:00', '--job-id', '130', '--raw', '--subdir', 'DAGS_FOLDER/credits_test.py', '--cfg-path', '/tmp/tmp0crddpgw']
[2024-10-25T10:51:41.134+0000] {standard_task_runner.py:85} INFO - Job 130: Subtask credits_cleaned
[2024-10-25T10:51:41.189+0000] {task_command.py:415} INFO - Running <TaskInstance: task_credits_clean.credits_cleaned manual__2024-10-25T10:51:39.429614+00:00 [running]> on host 84076e7a47fe
[2024-10-25T10:51:41.270+0000] {taskinstance.py:1660} INFO - Exporting env vars: AIRFLOW_CTX_DAG_OWNER='***' AIRFLOW_CTX_DAG_ID='task_credits_clean' AIRFLOW_CTX_TASK_ID='credits_cleaned' AIRFLOW_CTX_EXECUTION_DATE='2024-10-25T10:51:39.429614+00:00' AIRFLOW_CTX_TRY_NUMBER='1' AIRFLOW_CTX_DAG_RUN_ID='manual__2024-10-25T10:51:39.429614+00:00'
[2024-10-25T10:51:41.279+0000] {base.py:73} INFO - Using connection ID 'spark-conn' for task execution.
[2024-10-25T10:51:41.281+0000] {spark_submit.py:403} INFO - Spark-Submit cmd: spark-submit --master spark://spark-master:7077 --conf spark.sql.extensions=io.delta.sql.DeltaSparkSessionExtension --conf spark.sql.catalog.spark_catalog=org.apache.spark.sql.delta.catalog.DeltaCatalog --jars /opt/***/jars/hadoop-aws-3.3.4.jar,/opt/***/jars/s3-2.18.41.jar,/opt/***/jars/aws-java-sdk-1.12.367.jar,/opt/***/jars/delta-core_2.12-2.4.0.jar,/opt/***/jars/delta-storage-2.2.0.jar, --packages org.apache.hadoop:hadoop-aws:3.3.4 --num-executors 2 --total-executor-cores 2 --executor-cores 2 --executor-memory 2g --driver-memory 1g --name arrow-spark --deploy-mode client /opt/***/jobs/python/test_Credit.py s3a://lakehouse/bronze/credits.parquet s3a://lakehouse/sliver/credit
[2024-10-25T10:51:41.444+0000] {spark_submit.py:579} INFO - /home/***/.local/lib/python3.11/site-packages/pyspark/bin/load-spark-env.sh: line 68: ps: command not found
[2024-10-25T10:51:44.343+0000] {spark_submit.py:579} INFO - :: loading settings :: url = jar:file:/home/***/.local/lib/python3.11/site-packages/pyspark/jars/ivy-2.5.1.jar!/org/apache/ivy/core/settings/ivysettings.xml
[2024-10-25T10:51:44.566+0000] {spark_submit.py:579} INFO - Ivy Default Cache set to: /home/***/.ivy2/cache
[2024-10-25T10:51:44.567+0000] {spark_submit.py:579} INFO - The jars for the packages stored in: /home/***/.ivy2/jars
[2024-10-25T10:51:44.575+0000] {spark_submit.py:579} INFO - org.apache.hadoop#hadoop-aws added as a dependency
[2024-10-25T10:51:44.577+0000] {spark_submit.py:579} INFO - :: resolving dependencies :: org.apache.spark#spark-submit-parent-a3e63869-8f93-4c08-a7c3-1ca84b04599e;1.0
[2024-10-25T10:51:44.578+0000] {spark_submit.py:579} INFO - confs: [default]
[2024-10-25T10:51:44.799+0000] {spark_submit.py:579} INFO - found org.apache.hadoop#hadoop-aws;3.3.4 in spark-list
[2024-10-25T10:51:44.852+0000] {spark_submit.py:579} INFO - found com.amazonaws#aws-java-sdk-bundle;1.12.262 in central
[2024-10-25T10:51:44.893+0000] {spark_submit.py:579} INFO - found org.wildfly.openssl#wildfly-openssl;1.0.7.Final in spark-list
[2024-10-25T10:51:44.925+0000] {spark_submit.py:579} INFO - :: resolution report :: resolve 336ms :: artifacts dl 12ms
[2024-10-25T10:51:44.926+0000] {spark_submit.py:579} INFO - :: modules in use:
[2024-10-25T10:51:44.927+0000] {spark_submit.py:579} INFO - com.amazonaws#aws-java-sdk-bundle;1.12.262 from central in [default]
[2024-10-25T10:51:44.927+0000] {spark_submit.py:579} INFO - org.apache.hadoop#hadoop-aws;3.3.4 from spark-list in [default]
[2024-10-25T10:51:44.928+0000] {spark_submit.py:579} INFO - org.wildfly.openssl#wildfly-openssl;1.0.7.Final from spark-list in [default]
[2024-10-25T10:51:44.929+0000] {spark_submit.py:579} INFO - ---------------------------------------------------------------------
[2024-10-25T10:51:44.930+0000] {spark_submit.py:579} INFO - |                  |            modules            ||   artifacts   |
[2024-10-25T10:51:44.931+0000] {spark_submit.py:579} INFO - |       conf       | number| search|dwnlded|evicted|| number|dwnlded|
[2024-10-25T10:51:44.932+0000] {spark_submit.py:579} INFO - ---------------------------------------------------------------------
[2024-10-25T10:51:44.933+0000] {spark_submit.py:579} INFO - |      default     |   3   |   0   |   0   |   0   ||   3   |   0   |
[2024-10-25T10:51:44.933+0000] {spark_submit.py:579} INFO - ---------------------------------------------------------------------
[2024-10-25T10:51:44.934+0000] {spark_submit.py:579} INFO - :: retrieving :: org.apache.spark#spark-submit-parent-a3e63869-8f93-4c08-a7c3-1ca84b04599e
[2024-10-25T10:51:44.935+0000] {spark_submit.py:579} INFO - confs: [default]
[2024-10-25T10:51:44.946+0000] {spark_submit.py:579} INFO - 0 artifacts copied, 3 already retrieved (0kB/11ms)
[2024-10-25T10:51:45.442+0000] {spark_submit.py:579} INFO - 24/10/25 10:51:45 WARN NativeCodeLoader: Unable to load native-hadoop library for your platform... using builtin-java classes where applicable
[2024-10-25T10:51:47.014+0000] {spark_submit.py:579} INFO - 2024-10-25 10:51:47,014 INFO: Initializing Spark session...
[2024-10-25T10:51:47.214+0000] {spark_submit.py:579} INFO - 24/10/25 10:51:47 INFO SparkContext: Running Spark version 3.4.3
[2024-10-25T10:51:47.243+0000] {spark_submit.py:579} INFO - 24/10/25 10:51:47 INFO ResourceUtils: ==============================================================
[2024-10-25T10:51:47.244+0000] {spark_submit.py:579} INFO - 24/10/25 10:51:47 INFO ResourceUtils: No custom resources configured for spark.driver.
[2024-10-25T10:51:47.244+0000] {spark_submit.py:579} INFO - 24/10/25 10:51:47 INFO ResourceUtils: ==============================================================
[2024-10-25T10:51:47.245+0000] {spark_submit.py:579} INFO - 24/10/25 10:51:47 INFO SparkContext: Submitted application: CleanCredits
[2024-10-25T10:51:47.270+0000] {spark_submit.py:579} INFO - 24/10/25 10:51:47 INFO ResourceProfile: Default ResourceProfile created, executor resources: Map(cores -> name: cores, amount: 2, script: , vendor: , memory -> name: memory, amount: 2048, script: , vendor: , offHeap -> name: offHeap, amount: 0, script: , vendor: ), task resources: Map(cpus -> name: cpus, amount: 1.0)
[2024-10-25T10:51:47.283+0000] {spark_submit.py:579} INFO - 24/10/25 10:51:47 INFO ResourceProfile: Limiting resource is cpus at 2 tasks per executor
[2024-10-25T10:51:47.285+0000] {spark_submit.py:579} INFO - 24/10/25 10:51:47 INFO ResourceProfileManager: Added ResourceProfile id: 0
[2024-10-25T10:51:47.370+0000] {spark_submit.py:579} INFO - 24/10/25 10:51:47 INFO SecurityManager: Changing view acls to: ***
[2024-10-25T10:51:47.371+0000] {spark_submit.py:579} INFO - 24/10/25 10:51:47 INFO SecurityManager: Changing modify acls to: ***
[2024-10-25T10:51:47.371+0000] {spark_submit.py:579} INFO - 24/10/25 10:51:47 INFO SecurityManager: Changing view acls groups to:
[2024-10-25T10:51:47.372+0000] {spark_submit.py:579} INFO - 24/10/25 10:51:47 INFO SecurityManager: Changing modify acls groups to:
[2024-10-25T10:51:47.373+0000] {spark_submit.py:579} INFO - 24/10/25 10:51:47 INFO SecurityManager: SecurityManager: authentication disabled; ui acls disabled; users with view permissions: ***; groups with view permissions: EMPTY; users with modify permissions: ***; groups with modify permissions: EMPTY
[2024-10-25T10:51:47.737+0000] {spark_submit.py:579} INFO - 24/10/25 10:51:47 INFO Utils: Successfully started service 'sparkDriver' on port 43123.
[2024-10-25T10:51:47.794+0000] {spark_submit.py:579} INFO - 24/10/25 10:51:47 INFO SparkEnv: Registering MapOutputTracker
[2024-10-25T10:51:47.841+0000] {spark_submit.py:579} INFO - 24/10/25 10:51:47 INFO SparkEnv: Registering BlockManagerMaster
[2024-10-25T10:51:47.875+0000] {spark_submit.py:579} INFO - 24/10/25 10:51:47 INFO BlockManagerMasterEndpoint: Using org.apache.spark.storage.DefaultTopologyMapper for getting topology information
[2024-10-25T10:51:47.876+0000] {spark_submit.py:579} INFO - 24/10/25 10:51:47 INFO BlockManagerMasterEndpoint: BlockManagerMasterEndpoint up
[2024-10-25T10:51:47.882+0000] {spark_submit.py:579} INFO - 24/10/25 10:51:47 INFO SparkEnv: Registering BlockManagerMasterHeartbeat
[2024-10-25T10:51:47.921+0000] {spark_submit.py:579} INFO - 24/10/25 10:51:47 INFO DiskBlockManager: Created local directory at /tmp/blockmgr-8e013f4a-a23f-4575-9784-0b9470a41744
[2024-10-25T10:51:47.945+0000] {spark_submit.py:579} INFO - 24/10/25 10:51:47 INFO MemoryStore: MemoryStore started with capacity 434.4 MiB
[2024-10-25T10:51:47.969+0000] {spark_submit.py:579} INFO - 24/10/25 10:51:47 INFO SparkEnv: Registering OutputCommitCoordinator
[2024-10-25T10:51:48.186+0000] {spark_submit.py:579} INFO - 24/10/25 10:51:48 INFO JettyUtils: Start Jetty 0.0.0.0:4040 for SparkUI
[2024-10-25T10:51:48.278+0000] {spark_submit.py:579} INFO - 24/10/25 10:51:48 INFO Utils: Successfully started service 'SparkUI' on port 4040.
[2024-10-25T10:51:48.334+0000] {spark_submit.py:579} INFO - 24/10/25 10:51:48 INFO SparkContext: Added JAR file:///opt/***/jars/hadoop-aws-3.3.4.jar at spark://84076e7a47fe:43123/jars/hadoop-aws-3.3.4.jar with timestamp 1729853507202
[2024-10-25T10:51:48.336+0000] {spark_submit.py:579} INFO - 24/10/25 10:51:48 INFO SparkContext: Added JAR file:///opt/***/jars/s3-2.18.41.jar at spark://84076e7a47fe:43123/jars/s3-2.18.41.jar with timestamp 1729853507202
[2024-10-25T10:51:48.339+0000] {spark_submit.py:579} INFO - 24/10/25 10:51:48 INFO SparkContext: Added JAR file:///opt/***/jars/aws-java-sdk-1.12.367.jar at spark://84076e7a47fe:43123/jars/aws-java-sdk-1.12.367.jar with timestamp 1729853507202
[2024-10-25T10:51:48.341+0000] {spark_submit.py:579} INFO - 24/10/25 10:51:48 INFO SparkContext: Added JAR file:///opt/***/jars/delta-core_2.12-2.4.0.jar at spark://84076e7a47fe:43123/jars/delta-core_2.12-2.4.0.jar with timestamp 1729853507202
[2024-10-25T10:51:48.342+0000] {spark_submit.py:579} INFO - 24/10/25 10:51:48 INFO SparkContext: Added JAR file:///opt/***/jars/delta-storage-2.2.0.jar at spark://84076e7a47fe:43123/jars/delta-storage-2.2.0.jar with timestamp 1729853507202
[2024-10-25T10:51:48.343+0000] {spark_submit.py:579} INFO - 24/10/25 10:51:48 INFO SparkContext: Added JAR file:///home/***/.ivy2/jars/org.apache.hadoop_hadoop-aws-3.3.4.jar at spark://84076e7a47fe:43123/jars/org.apache.hadoop_hadoop-aws-3.3.4.jar with timestamp 1729853507202
[2024-10-25T10:51:48.344+0000] {spark_submit.py:579} INFO - 24/10/25 10:51:48 INFO SparkContext: Added JAR file:///home/***/.ivy2/jars/com.amazonaws_aws-java-sdk-bundle-1.12.262.jar at spark://84076e7a47fe:43123/jars/com.amazonaws_aws-java-sdk-bundle-1.12.262.jar with timestamp 1729853507202
[2024-10-25T10:51:48.344+0000] {spark_submit.py:579} INFO - 24/10/25 10:51:48 INFO SparkContext: Added JAR file:///home/***/.ivy2/jars/org.wildfly.openssl_wildfly-openssl-1.0.7.Final.jar at spark://84076e7a47fe:43123/jars/org.wildfly.openssl_wildfly-openssl-1.0.7.Final.jar with timestamp 1729853507202
[2024-10-25T10:51:48.348+0000] {spark_submit.py:579} INFO - 24/10/25 10:51:48 INFO SparkContext: Added file file:///home/***/.ivy2/jars/org.apache.hadoop_hadoop-aws-3.3.4.jar at spark://84076e7a47fe:43123/files/org.apache.hadoop_hadoop-aws-3.3.4.jar with timestamp 1729853507202
[2024-10-25T10:51:48.350+0000] {spark_submit.py:579} INFO - 24/10/25 10:51:48 INFO Utils: Copying /home/***/.ivy2/jars/org.apache.hadoop_hadoop-aws-3.3.4.jar to /tmp/spark-21e32e31-57cb-4b40-b736-dee5ccf2c0cd/userFiles-943b6800-18fe-40f8-86f2-72178eeb624b/org.apache.hadoop_hadoop-aws-3.3.4.jar
[2024-10-25T10:51:48.372+0000] {spark_submit.py:579} INFO - 24/10/25 10:51:48 INFO SparkContext: Added file file:///home/***/.ivy2/jars/com.amazonaws_aws-java-sdk-bundle-1.12.262.jar at spark://84076e7a47fe:43123/files/com.amazonaws_aws-java-sdk-bundle-1.12.262.jar with timestamp 1729853507202
[2024-10-25T10:51:48.373+0000] {spark_submit.py:579} INFO - 24/10/25 10:51:48 INFO Utils: Copying /home/***/.ivy2/jars/com.amazonaws_aws-java-sdk-bundle-1.12.262.jar to /tmp/spark-21e32e31-57cb-4b40-b736-dee5ccf2c0cd/userFiles-943b6800-18fe-40f8-86f2-72178eeb624b/com.amazonaws_aws-java-sdk-bundle-1.12.262.jar
[2024-10-25T10:51:49.272+0000] {spark_submit.py:579} INFO - 24/10/25 10:51:49 INFO SparkContext: Added file file:///home/***/.ivy2/jars/org.wildfly.openssl_wildfly-openssl-1.0.7.Final.jar at spark://84076e7a47fe:43123/files/org.wildfly.openssl_wildfly-openssl-1.0.7.Final.jar with timestamp 1729853507202
[2024-10-25T10:51:49.273+0000] {spark_submit.py:579} INFO - 24/10/25 10:51:49 INFO Utils: Copying /home/***/.ivy2/jars/org.wildfly.openssl_wildfly-openssl-1.0.7.Final.jar to /tmp/spark-21e32e31-57cb-4b40-b736-dee5ccf2c0cd/userFiles-943b6800-18fe-40f8-86f2-72178eeb624b/org.wildfly.openssl_wildfly-openssl-1.0.7.Final.jar
[2024-10-25T10:51:49.394+0000] {spark_submit.py:579} INFO - 24/10/25 10:51:49 INFO StandaloneAppClient$ClientEndpoint: Connecting to master spark://spark-master:7077...
[2024-10-25T10:51:49.453+0000] {spark_submit.py:579} INFO - 24/10/25 10:51:49 INFO TransportClientFactory: Successfully created connection to spark-master/172.18.0.7:7077 after 35 ms (0 ms spent in bootstraps)
[2024-10-25T10:51:49.558+0000] {spark_submit.py:579} INFO - 24/10/25 10:51:49 INFO StandaloneSchedulerBackend: Connected to Spark cluster with app ID app-20241025105149-0012
[2024-10-25T10:51:49.562+0000] {spark_submit.py:579} INFO - 24/10/25 10:51:49 INFO StandaloneAppClient$ClientEndpoint: Executor added: app-20241025105149-0012/0 on worker-20241025071036-172.18.0.4-35391 (172.18.0.4:35391) with 2 core(s)
[2024-10-25T10:51:49.565+0000] {spark_submit.py:579} INFO - 24/10/25 10:51:49 INFO StandaloneSchedulerBackend: Granted executor ID app-20241025105149-0012/0 on hostPort 172.18.0.4:35391 with 2 core(s), 2.0 GiB RAM
[2024-10-25T10:51:49.572+0000] {spark_submit.py:579} INFO - 24/10/25 10:51:49 INFO Utils: Successfully started service 'org.apache.spark.network.netty.NettyBlockTransferService' on port 46571.
[2024-10-25T10:51:49.573+0000] {spark_submit.py:579} INFO - 24/10/25 10:51:49 INFO NettyBlockTransferService: Server created on 84076e7a47fe:46571
[2024-10-25T10:51:49.576+0000] {spark_submit.py:579} INFO - 24/10/25 10:51:49 INFO BlockManager: Using org.apache.spark.storage.RandomBlockReplicationPolicy for block replication policy
[2024-10-25T10:51:49.586+0000] {spark_submit.py:579} INFO - 24/10/25 10:51:49 INFO BlockManagerMaster: Registering BlockManager BlockManagerId(driver, 84076e7a47fe, 46571, None)
[2024-10-25T10:51:49.592+0000] {spark_submit.py:579} INFO - 24/10/25 10:51:49 INFO BlockManagerMasterEndpoint: Registering block manager 84076e7a47fe:46571 with 434.4 MiB RAM, BlockManagerId(driver, 84076e7a47fe, 46571, None)
[2024-10-25T10:51:49.596+0000] {spark_submit.py:579} INFO - 24/10/25 10:51:49 INFO BlockManagerMaster: Registered BlockManager BlockManagerId(driver, 84076e7a47fe, 46571, None)
[2024-10-25T10:51:49.597+0000] {spark_submit.py:579} INFO - 24/10/25 10:51:49 INFO BlockManager: Initialized BlockManager: BlockManagerId(driver, 84076e7a47fe, 46571, None)
[2024-10-25T10:51:49.623+0000] {spark_submit.py:579} INFO - 24/10/25 10:51:49 INFO StandaloneAppClient$ClientEndpoint: Executor updated: app-20241025105149-0012/0 is now RUNNING
[2024-10-25T10:51:49.913+0000] {spark_submit.py:579} INFO - 24/10/25 10:51:49 INFO StandaloneSchedulerBackend: SchedulerBackend is ready for scheduling beginning after reached minRegisteredResourcesRatio: 0.0
[2024-10-25T10:51:50.322+0000] {spark_submit.py:579} INFO - 2024-10-25 10:51:50,321 INFO: Spark session initialized successfully.
[2024-10-25T10:51:50.323+0000] {spark_submit.py:579} INFO - 2024-10-25 10:51:50,322 INFO: Reading data from s3a://lakehouse/bronze/credits.parquet
[2024-10-25T10:51:50.333+0000] {spark_submit.py:579} INFO - 24/10/25 10:51:50 INFO SharedState: Setting hive.metastore.warehouse.dir ('null') to the value of spark.sql.warehouse.dir.
[2024-10-25T10:51:50.599+0000] {spark_submit.py:579} INFO - 24/10/25 10:51:50 WARN MetricsConfig: Cannot locate configuration: tried hadoop-metrics2-s3a-file-system.properties,hadoop-metrics2.properties
[2024-10-25T10:51:50.619+0000] {spark_submit.py:579} INFO - 24/10/25 10:51:50 INFO MetricsSystemImpl: Scheduled Metric snapshot period at 10 second(s).
[2024-10-25T10:51:50.620+0000] {spark_submit.py:579} INFO - 24/10/25 10:51:50 INFO MetricsSystemImpl: s3a-file-system metrics system started
[2024-10-25T10:51:52.105+0000] {spark_submit.py:579} INFO - 24/10/25 10:51:52 INFO SharedState: Warehouse path is 's3a://lakehouse/'.
[2024-10-25T10:51:54.047+0000] {spark_submit.py:579} INFO - 24/10/25 10:51:54 INFO InMemoryFileIndex: It took 110 ms to list leaf files for 1 paths.
[2024-10-25T10:51:54.084+0000] {spark_submit.py:579} INFO - 24/10/25 10:51:54 INFO StandaloneSchedulerBackend$StandaloneDriverEndpoint: Registered executor NettyRpcEndpointRef(spark-client://Executor) (172.18.0.4:39898) with ID 0,  ResourceProfileId 0
[2024-10-25T10:51:54.180+0000] {spark_submit.py:579} INFO - 24/10/25 10:51:54 INFO BlockManagerMasterEndpoint: Registering block manager 172.18.0.4:44023 with 1048.8 MiB RAM, BlockManagerId(0, 172.18.0.4, 44023, None)
[2024-10-25T10:51:56.776+0000] {spark_submit.py:579} INFO - 2024-10-25 10:51:56,775 INFO: Cleaning data...
[2024-10-25T10:51:56.888+0000] {spark_submit.py:579} INFO - 2024-10-25 10:51:56,887 INFO: Saving cleaned data to s3a://lakehouse/sliver/credit
[2024-10-25T10:51:57.879+0000] {spark_submit.py:579} INFO - 24/10/25 10:51:57 INFO DeltaLog: Loading version 0.
[2024-10-25T10:51:59.011+0000] {spark_submit.py:579} INFO - 24/10/25 10:51:59 INFO DeltaLogFileIndex: Created DeltaLogFileIndex(JSON, numFilesInSegment: 1, totalFileSize: 1961)
[2024-10-25T10:51:59.534+0000] {spark_submit.py:579} INFO - 24/10/25 10:51:59 INFO FileSourceStrategy: Pushed Filters:
[2024-10-25T10:51:59.535+0000] {spark_submit.py:579} INFO - 24/10/25 10:51:59 INFO FileSourceStrategy: Post-Scan Filters:
[2024-10-25T10:52:00.341+0000] {spark_submit.py:579} INFO - 24/10/25 10:52:00 INFO CodeGenerator: Code generated in 515.897503 ms
[2024-10-25T10:52:00.405+0000] {spark_submit.py:579} INFO - 24/10/25 10:52:00 INFO MemoryStore: Block broadcast_0 stored as values in memory (estimated size 205.0 KiB, free 434.2 MiB)
[2024-10-25T10:52:00.478+0000] {spark_submit.py:579} INFO - 24/10/25 10:52:00 INFO MemoryStore: Block broadcast_0_piece0 stored as bytes in memory (estimated size 36.1 KiB, free 434.2 MiB)
[2024-10-25T10:52:00.492+0000] {spark_submit.py:579} INFO - 24/10/25 10:52:00 INFO BlockManagerInfo: Added broadcast_0_piece0 in memory on 84076e7a47fe:46571 (size: 36.1 KiB, free: 434.4 MiB)
[2024-10-25T10:52:00.499+0000] {spark_submit.py:579} INFO - 24/10/25 10:52:00 INFO SparkContext: Created broadcast 0 from toString at String.java:2951
[2024-10-25T10:52:00.530+0000] {spark_submit.py:579} INFO - 24/10/25 10:52:00 INFO FileSourceScanExec: Planning scan with bin packing, max size: 4194304 bytes, open cost is considered as scanning 4194304 bytes.
[2024-10-25T10:52:00.749+0000] {spark_submit.py:579} INFO - 24/10/25 10:52:00 INFO SparkContext: Starting job: toString at String.java:2951
[2024-10-25T10:52:00.770+0000] {spark_submit.py:579} INFO - 24/10/25 10:52:00 INFO DAGScheduler: Got job 0 (toString at String.java:2951) with 1 output partitions
[2024-10-25T10:52:00.771+0000] {spark_submit.py:579} INFO - 24/10/25 10:52:00 INFO DAGScheduler: Final stage: ResultStage 0 (toString at String.java:2951)
[2024-10-25T10:52:00.772+0000] {spark_submit.py:579} INFO - 24/10/25 10:52:00 INFO DAGScheduler: Parents of final stage: List()
[2024-10-25T10:52:00.774+0000] {spark_submit.py:579} INFO - 24/10/25 10:52:00 INFO DAGScheduler: Missing parents: List()
[2024-10-25T10:52:00.781+0000] {spark_submit.py:579} INFO - 24/10/25 10:52:00 INFO DAGScheduler: Submitting ResultStage 0 (MapPartitionsRDD[3] at toString at String.java:2951), which has no missing parents
[2024-10-25T10:52:00.812+0000] {spark_submit.py:579} INFO - 24/10/25 10:52:00 INFO MemoryStore: Block broadcast_1 stored as values in memory (estimated size 50.4 KiB, free 434.1 MiB)
[2024-10-25T10:52:00.826+0000] {spark_submit.py:579} INFO - 24/10/25 10:52:00 INFO MemoryStore: Block broadcast_1_piece0 stored as bytes in memory (estimated size 15.5 KiB, free 434.1 MiB)
[2024-10-25T10:52:00.828+0000] {spark_submit.py:579} INFO - 24/10/25 10:52:00 INFO BlockManagerInfo: Added broadcast_1_piece0 in memory on 84076e7a47fe:46571 (size: 15.5 KiB, free: 434.3 MiB)
[2024-10-25T10:52:00.829+0000] {spark_submit.py:579} INFO - 24/10/25 10:52:00 INFO SparkContext: Created broadcast 1 from broadcast at DAGScheduler.scala:1540
[2024-10-25T10:52:00.867+0000] {spark_submit.py:579} INFO - 24/10/25 10:52:00 INFO DAGScheduler: Submitting 1 missing tasks from ResultStage 0 (MapPartitionsRDD[3] at toString at String.java:2951) (first 15 tasks are for partitions Vector(0))
[2024-10-25T10:52:00.870+0000] {spark_submit.py:579} INFO - 24/10/25 10:52:00 INFO TaskSchedulerImpl: Adding task set 0.0 with 1 tasks resource profile 0
[2024-10-25T10:52:00.926+0000] {spark_submit.py:579} INFO - 24/10/25 10:52:00 INFO TaskSetManager: Starting task 0.0 in stage 0.0 (TID 0) (172.18.0.4, executor 0, partition 0, PROCESS_LOCAL, 7950 bytes)
[2024-10-25T10:52:01.226+0000] {spark_submit.py:579} INFO - 24/10/25 10:52:01 INFO BlockManagerInfo: Added broadcast_1_piece0 in memory on 172.18.0.4:44023 (size: 15.5 KiB, free: 1048.8 MiB)
[2024-10-25T10:52:02.436+0000] {spark_submit.py:579} INFO - 24/10/25 10:52:02 INFO BlockManagerInfo: Added broadcast_0_piece0 in memory on 172.18.0.4:44023 (size: 36.1 KiB, free: 1048.7 MiB)
[2024-10-25T10:52:03.992+0000] {spark_submit.py:579} INFO - 24/10/25 10:52:03 INFO TaskSetManager: Finished task 0.0 in stage 0.0 (TID 0) in 3082 ms on 172.18.0.4 (executor 0) (1/1)
[2024-10-25T10:52:03.995+0000] {spark_submit.py:579} INFO - 24/10/25 10:52:03 INFO TaskSchedulerImpl: Removed TaskSet 0.0, whose tasks have all completed, from pool
[2024-10-25T10:52:04.005+0000] {spark_submit.py:579} INFO - 24/10/25 10:52:04 INFO DAGScheduler: ResultStage 0 (toString at String.java:2951) finished in 3.201 s
[2024-10-25T10:52:04.009+0000] {spark_submit.py:579} INFO - 24/10/25 10:52:04 INFO DAGScheduler: Job 0 is finished. Cancelling potential speculative or zombie tasks for this job
[2024-10-25T10:52:04.010+0000] {spark_submit.py:579} INFO - 24/10/25 10:52:04 INFO TaskSchedulerImpl: Killing all running tasks in stage 0: Stage finished
[2024-10-25T10:52:04.014+0000] {spark_submit.py:579} INFO - 24/10/25 10:52:04 INFO DAGScheduler: Job 0 finished: toString at String.java:2951, took 3.264144 s
[2024-10-25T10:52:04.109+0000] {spark_submit.py:579} INFO - 24/10/25 10:52:04 INFO BlockManagerInfo: Removed broadcast_1_piece0 on 84076e7a47fe:46571 in memory (size: 15.5 KiB, free: 434.4 MiB)
[2024-10-25T10:52:04.112+0000] {spark_submit.py:579} INFO - 24/10/25 10:52:04 INFO BlockManagerInfo: Removed broadcast_1_piece0 on 172.18.0.4:44023 in memory (size: 15.5 KiB, free: 1048.8 MiB)
[2024-10-25T10:52:04.126+0000] {spark_submit.py:579} INFO - 24/10/25 10:52:04 INFO CodeGenerator: Code generated in 72.279411 ms
[2024-10-25T10:52:04.134+0000] {spark_submit.py:579} INFO - 24/10/25 10:52:04 INFO Snapshot: [tableId=289e171d-0047-4d00-957f-0ba8c5ee71a9] Created snapshot Snapshot(path=s3a://lakehouse/sliver/credit/_delta_log, version=0, metadata=Metadata(fe06bad8-014a-46ae-a002-2019266701a9,null,null,Format(parquet,Map()),{"type":"struct","fields":[{"name":"id","type":"string","nullable":true,"metadata":{}},{"name":"cast","type":"string","nullable":true,"metadata":{}},{"name":"crew","type":"string","nullable":true,"metadata":{}}]},List(),Map(),Some(1729852725824)), logSegment=LogSegment(s3a://lakehouse/sliver/credit/_delta_log,0,WrappedArray(S3AFileStatus{path=s3a://lakehouse/sliver/credit/_delta_log/00000000000000000000.json; isDirectory=false; length=1961; replication=1; blocksize=33554432; modification_time=1729852742131; access_time=0; owner=***; group=***; permission=rw-rw-rw-; isSymlink=false; hasAcl=false; isEncrypted=true; isErasureCoded=false} isEmptyDirectory=FALSE eTag=c58f473ffa11f70726eebfbb7af7dd86 versionId=null),None,1729852742131), checksumOpt=None)
[2024-10-25T10:52:04.415+0000] {spark_submit.py:579} INFO - 24/10/25 10:52:04 INFO OptimisticTransaction: [tableId=fe06bad8,txnId=06a07fab] Updated metadata from - to Metadata(fe06bad8-014a-46ae-a002-2019266701a9,null,null,Format(parquet,Map()),{"type":"struct","fields":[{"name":"cast","type":"string","nullable":true,"metadata":{}},{"name":"crew","type":"string","nullable":true,"metadata":{}},{"name":"id","type":"string","nullable":true,"metadata":{}}]},List(),Map(),Some(1729852725824))
[2024-10-25T10:52:04.667+0000] {spark_submit.py:579} INFO - 24/10/25 10:52:04 INFO FileSourceStrategy: Pushed Filters: IsNotNull(cast)
[2024-10-25T10:52:04.668+0000] {spark_submit.py:579} INFO - 24/10/25 10:52:04 INFO FileSourceStrategy: Post-Scan Filters: isnotnull(cast#0)
[2024-10-25T10:52:04.789+0000] {spark_submit.py:579} INFO - 24/10/25 10:52:04 INFO ParquetUtils: Using default output committer for Parquet: org.apache.parquet.hadoop.ParquetOutputCommitter
[2024-10-25T10:52:04.853+0000] {spark_submit.py:579} INFO - 24/10/25 10:52:04 INFO HashAggregateExec: spark.sql.codegen.aggregate.map.twolevel.enabled is set to true, but current version of codegened fast hashmap does not support this aggregate.
[2024-10-25T10:52:04.876+0000] {spark_submit.py:579} INFO - 24/10/25 10:52:04 INFO BlockManagerInfo: Removed broadcast_0_piece0 on 84076e7a47fe:46571 in memory (size: 36.1 KiB, free: 434.4 MiB)
[2024-10-25T10:52:04.879+0000] {spark_submit.py:579} INFO - 24/10/25 10:52:04 INFO BlockManagerInfo: Removed broadcast_0_piece0 on 172.18.0.4:44023 in memory (size: 36.1 KiB, free: 1048.8 MiB)
[2024-10-25T10:52:04.915+0000] {spark_submit.py:579} INFO - 24/10/25 10:52:04 INFO CodeGenerator: Code generated in 28.463489 ms
[2024-10-25T10:52:04.923+0000] {spark_submit.py:579} INFO - 24/10/25 10:52:04 INFO MemoryStore: Block broadcast_2 stored as values in memory (estimated size 206.8 KiB, free 434.2 MiB)
[2024-10-25T10:52:04.938+0000] {spark_submit.py:579} INFO - 24/10/25 10:52:04 INFO MemoryStore: Block broadcast_2_piece0 stored as bytes in memory (estimated size 36.7 KiB, free 434.2 MiB)
[2024-10-25T10:52:04.939+0000] {spark_submit.py:579} INFO - 24/10/25 10:52:04 INFO BlockManagerInfo: Added broadcast_2_piece0 in memory on 84076e7a47fe:46571 (size: 36.7 KiB, free: 434.4 MiB)
[2024-10-25T10:52:04.941+0000] {spark_submit.py:579} INFO - 24/10/25 10:52:04 INFO SparkContext: Created broadcast 2 from save at NativeMethodAccessorImpl.java:0
[2024-10-25T10:52:04.948+0000] {spark_submit.py:579} INFO - 24/10/25 10:52:04 INFO FileSourceScanExec: Planning scan with bin packing, max size: 97055981 bytes, open cost is considered as scanning 4194304 bytes.
[2024-10-25T10:52:05.033+0000] {spark_submit.py:579} INFO - 24/10/25 10:52:05 INFO DAGScheduler: Registering RDD 7 (save at NativeMethodAccessorImpl.java:0) as input to shuffle 0
[2024-10-25T10:52:05.037+0000] {spark_submit.py:579} INFO - 24/10/25 10:52:05 INFO DAGScheduler: Got map stage job 1 (save at NativeMethodAccessorImpl.java:0) with 2 output partitions
[2024-10-25T10:52:05.037+0000] {spark_submit.py:579} INFO - 24/10/25 10:52:05 INFO DAGScheduler: Final stage: ShuffleMapStage 1 (save at NativeMethodAccessorImpl.java:0)
[2024-10-25T10:52:05.038+0000] {spark_submit.py:579} INFO - 24/10/25 10:52:05 INFO DAGScheduler: Parents of final stage: List()
[2024-10-25T10:52:05.039+0000] {spark_submit.py:579} INFO - 24/10/25 10:52:05 INFO DAGScheduler: Missing parents: List()
[2024-10-25T10:52:05.042+0000] {spark_submit.py:579} INFO - 24/10/25 10:52:05 INFO DAGScheduler: Submitting ShuffleMapStage 1 (MapPartitionsRDD[7] at save at NativeMethodAccessorImpl.java:0), which has no missing parents
[2024-10-25T10:52:05.057+0000] {spark_submit.py:579} INFO - 24/10/25 10:52:05 INFO MemoryStore: Block broadcast_3 stored as values in memory (estimated size 32.6 KiB, free 434.1 MiB)
[2024-10-25T10:52:05.064+0000] {spark_submit.py:579} INFO - 24/10/25 10:52:05 INFO MemoryStore: Block broadcast_3_piece0 stored as bytes in memory (estimated size 14.3 KiB, free 434.1 MiB)
[2024-10-25T10:52:05.065+0000] {spark_submit.py:579} INFO - 24/10/25 10:52:05 INFO BlockManagerInfo: Added broadcast_3_piece0 in memory on 84076e7a47fe:46571 (size: 14.3 KiB, free: 434.4 MiB)
[2024-10-25T10:52:05.066+0000] {spark_submit.py:579} INFO - 24/10/25 10:52:05 INFO SparkContext: Created broadcast 3 from broadcast at DAGScheduler.scala:1540
[2024-10-25T10:52:05.069+0000] {spark_submit.py:579} INFO - 24/10/25 10:52:05 INFO DAGScheduler: Submitting 2 missing tasks from ShuffleMapStage 1 (MapPartitionsRDD[7] at save at NativeMethodAccessorImpl.java:0) (first 15 tasks are for partitions Vector(0, 1))
[2024-10-25T10:52:05.069+0000] {spark_submit.py:579} INFO - 24/10/25 10:52:05 INFO TaskSchedulerImpl: Adding task set 1.0 with 2 tasks resource profile 0
[2024-10-25T10:52:05.072+0000] {spark_submit.py:579} INFO - 24/10/25 10:52:05 INFO TaskSetManager: Starting task 0.0 in stage 1.0 (TID 1) (172.18.0.4, executor 0, partition 0, PROCESS_LOCAL, 7911 bytes)
[2024-10-25T10:52:05.072+0000] {spark_submit.py:579} INFO - 24/10/25 10:52:05 INFO TaskSetManager: Starting task 1.0 in stage 1.0 (TID 2) (172.18.0.4, executor 0, partition 1, PROCESS_LOCAL, 7911 bytes)
[2024-10-25T10:52:05.115+0000] {spark_submit.py:579} INFO - 24/10/25 10:52:05 INFO BlockManagerInfo: Added broadcast_3_piece0 in memory on 172.18.0.4:44023 (size: 14.3 KiB, free: 1048.8 MiB)
[2024-10-25T10:52:05.424+0000] {spark_submit.py:579} INFO - 24/10/25 10:52:05 INFO BlockManagerInfo: Added broadcast_2_piece0 in memory on 172.18.0.4:44023 (size: 36.7 KiB, free: 1048.8 MiB)
[2024-10-25T10:52:05.557+0000] {spark_submit.py:579} INFO - 24/10/25 10:52:05 WARN TaskSetManager: Lost task 0.0 in stage 1.0 (TID 1) (172.18.0.4 executor 0): java.lang.RuntimeException: s3a://lakehouse/bronze/credits.parquet is not a Parquet file. Expected magic number at tail, but found [50, 53, 55, 10]
[2024-10-25T10:52:05.558+0000] {spark_submit.py:579} INFO - at org.apache.parquet.hadoop.ParquetFileReader.readFooter(ParquetFileReader.java:557)
[2024-10-25T10:52:05.558+0000] {spark_submit.py:579} INFO - at org.apache.parquet.hadoop.ParquetFileReader.<init>(ParquetFileReader.java:777)
[2024-10-25T10:52:05.559+0000] {spark_submit.py:579} INFO - at org.apache.parquet.hadoop.ParquetFileReader.open(ParquetFileReader.java:658)
[2024-10-25T10:52:05.560+0000] {spark_submit.py:579} INFO - at org.apache.spark.sql.execution.datasources.parquet.ParquetFooterReader.readFooter(ParquetFooterReader.java:53)
[2024-10-25T10:52:05.560+0000] {spark_submit.py:579} INFO - at org.apache.spark.sql.execution.datasources.parquet.ParquetFooterReader.readFooter(ParquetFooterReader.java:39)
[2024-10-25T10:52:05.561+0000] {spark_submit.py:579} INFO - at org.apache.spark.sql.execution.datasources.parquet.ParquetFileFormat.footerFileMetaData$lzycompute$1(ParquetFileFormat.scala:211)
[2024-10-25T10:52:05.562+0000] {spark_submit.py:579} INFO - at org.apache.spark.sql.execution.datasources.parquet.ParquetFileFormat.footerFileMetaData$1(ParquetFileFormat.scala:210)
[2024-10-25T10:52:05.562+0000] {spark_submit.py:579} INFO - at org.apache.spark.sql.execution.datasources.parquet.ParquetFileFormat.$anonfun$buildReaderWithPartitionValues$2(ParquetFileFormat.scala:213)
[2024-10-25T10:52:05.563+0000] {spark_submit.py:579} INFO - at org.apache.spark.sql.execution.datasources.FileScanRDD$$anon$1.org$apache$spark$sql$execution$datasources$FileScanRDD$$anon$$readCurrentFile(FileScanRDD.scala:231)
[2024-10-25T10:52:05.563+0000] {spark_submit.py:579} INFO - at org.apache.spark.sql.execution.datasources.FileScanRDD$$anon$1.nextIterator(FileScanRDD.scala:293)
[2024-10-25T10:52:05.564+0000] {spark_submit.py:579} INFO - at org.apache.spark.sql.execution.datasources.FileScanRDD$$anon$1.hasNext(FileScanRDD.scala:125)
[2024-10-25T10:52:05.564+0000] {spark_submit.py:579} INFO - at org.apache.spark.sql.execution.FileSourceScanExec$$anon$1.hasNext(DataSourceScanExec.scala:594)
[2024-10-25T10:52:05.565+0000] {spark_submit.py:579} INFO - at org.apache.spark.sql.catalyst.expressions.GeneratedClass$GeneratedIteratorForCodegenStage1.columnartorow_nextBatch_0$(Unknown Source)
[2024-10-25T10:52:05.565+0000] {spark_submit.py:579} INFO - at org.apache.spark.sql.catalyst.expressions.GeneratedClass$GeneratedIteratorForCodegenStage1.hashAgg_doAggregateWithKeys_0$(Unknown Source)
[2024-10-25T10:52:05.566+0000] {spark_submit.py:579} INFO - at org.apache.spark.sql.catalyst.expressions.GeneratedClass$GeneratedIteratorForCodegenStage1.processNext(Unknown Source)
[2024-10-25T10:52:05.566+0000] {spark_submit.py:579} INFO - at org.apache.spark.sql.execution.BufferedRowIterator.hasNext(BufferedRowIterator.java:43)
[2024-10-25T10:52:05.567+0000] {spark_submit.py:579} INFO - at org.apache.spark.sql.execution.WholeStageCodegenExec$$anon$1.hasNext(WholeStageCodegenExec.scala:760)
[2024-10-25T10:52:05.568+0000] {spark_submit.py:579} INFO - at scala.collection.Iterator$$anon$10.hasNext(Iterator.scala:460)
[2024-10-25T10:52:05.569+0000] {spark_submit.py:579} INFO - at org.apache.spark.shuffle.sort.BypassMergeSortShuffleWriter.write(BypassMergeSortShuffleWriter.java:140)
[2024-10-25T10:52:05.569+0000] {spark_submit.py:579} INFO - at org.apache.spark.shuffle.ShuffleWriteProcessor.write(ShuffleWriteProcessor.scala:59)
[2024-10-25T10:52:05.570+0000] {spark_submit.py:579} INFO - at org.apache.spark.scheduler.ShuffleMapTask.runTask(ShuffleMapTask.scala:101)
[2024-10-25T10:52:05.571+0000] {spark_submit.py:579} INFO - at org.apache.spark.scheduler.ShuffleMapTask.runTask(ShuffleMapTask.scala:53)
[2024-10-25T10:52:05.572+0000] {spark_submit.py:579} INFO - at org.apache.spark.TaskContext.runTaskWithListeners(TaskContext.scala:161)
[2024-10-25T10:52:05.572+0000] {spark_submit.py:579} INFO - at org.apache.spark.scheduler.Task.run(Task.scala:139)
[2024-10-25T10:52:05.573+0000] {spark_submit.py:579} INFO - at org.apache.spark.executor.Executor$TaskRunner.$anonfun$run$3(Executor.scala:554)
[2024-10-25T10:52:05.573+0000] {spark_submit.py:579} INFO - at org.apache.spark.util.Utils$.tryWithSafeFinally(Utils.scala:1529)
[2024-10-25T10:52:05.574+0000] {spark_submit.py:579} INFO - at org.apache.spark.executor.Executor$TaskRunner.run(Executor.scala:557)
[2024-10-25T10:52:05.575+0000] {spark_submit.py:579} INFO - at java.base/java.util.concurrent.ThreadPoolExecutor.runWorker(ThreadPoolExecutor.java:1136)
[2024-10-25T10:52:05.575+0000] {spark_submit.py:579} INFO - at java.base/java.util.concurrent.ThreadPoolExecutor$Worker.run(ThreadPoolExecutor.java:635)
[2024-10-25T10:52:05.575+0000] {spark_submit.py:579} INFO - at java.base/java.lang.Thread.run(Thread.java:840)
[2024-10-25T10:52:05.576+0000] {spark_submit.py:579} INFO - 
[2024-10-25T10:52:05.576+0000] {spark_submit.py:579} INFO - 24/10/25 10:52:05 INFO TaskSetManager: Lost task 1.0 in stage 1.0 (TID 2) on 172.18.0.4, executor 0: java.lang.RuntimeException (s3a://lakehouse/bronze/credits.parquet is not a Parquet file. Expected magic number at tail, but found [50, 53, 55, 10]) [duplicate 1]
[2024-10-25T10:52:05.577+0000] {spark_submit.py:579} INFO - 24/10/25 10:52:05 INFO TaskSetManager: Starting task 1.1 in stage 1.0 (TID 3) (172.18.0.4, executor 0, partition 1, PROCESS_LOCAL, 7911 bytes)
[2024-10-25T10:52:05.577+0000] {spark_submit.py:579} INFO - 24/10/25 10:52:05 INFO TaskSetManager: Starting task 0.1 in stage 1.0 (TID 4) (172.18.0.4, executor 0, partition 0, PROCESS_LOCAL, 7911 bytes)
[2024-10-25T10:52:05.610+0000] {spark_submit.py:579} INFO - 24/10/25 10:52:05 INFO TaskSetManager: Lost task 1.1 in stage 1.0 (TID 3) on 172.18.0.4, executor 0: java.lang.RuntimeException (s3a://lakehouse/bronze/credits.parquet is not a Parquet file. Expected magic number at tail, but found [50, 53, 55, 10]) [duplicate 2]
[2024-10-25T10:52:05.611+0000] {spark_submit.py:579} INFO - 24/10/25 10:52:05 INFO TaskSetManager: Starting task 1.2 in stage 1.0 (TID 5) (172.18.0.4, executor 0, partition 1, PROCESS_LOCAL, 7911 bytes)
[2024-10-25T10:52:05.618+0000] {spark_submit.py:579} INFO - 24/10/25 10:52:05 INFO TaskSetManager: Lost task 0.1 in stage 1.0 (TID 4) on 172.18.0.4, executor 0: java.lang.RuntimeException (s3a://lakehouse/bronze/credits.parquet is not a Parquet file. Expected magic number at tail, but found [50, 53, 55, 10]) [duplicate 3]
[2024-10-25T10:52:05.620+0000] {spark_submit.py:579} INFO - 24/10/25 10:52:05 INFO TaskSetManager: Starting task 0.2 in stage 1.0 (TID 6) (172.18.0.4, executor 0, partition 0, PROCESS_LOCAL, 7911 bytes)
[2024-10-25T10:52:05.658+0000] {spark_submit.py:579} INFO - 24/10/25 10:52:05 INFO TaskSetManager: Lost task 1.2 in stage 1.0 (TID 5) on 172.18.0.4, executor 0: java.lang.RuntimeException (s3a://lakehouse/bronze/credits.parquet is not a Parquet file. Expected magic number at tail, but found [50, 53, 55, 10]) [duplicate 4]
[2024-10-25T10:52:05.660+0000] {spark_submit.py:579} INFO - 24/10/25 10:52:05 INFO TaskSetManager: Starting task 1.3 in stage 1.0 (TID 7) (172.18.0.4, executor 0, partition 1, PROCESS_LOCAL, 7911 bytes)
[2024-10-25T10:52:05.663+0000] {spark_submit.py:579} INFO - 24/10/25 10:52:05 INFO TaskSetManager: Lost task 0.2 in stage 1.0 (TID 6) on 172.18.0.4, executor 0: java.lang.RuntimeException (s3a://lakehouse/bronze/credits.parquet is not a Parquet file. Expected magic number at tail, but found [50, 53, 55, 10]) [duplicate 5]
[2024-10-25T10:52:05.665+0000] {spark_submit.py:579} INFO - 24/10/25 10:52:05 INFO TaskSetManager: Starting task 0.3 in stage 1.0 (TID 8) (172.18.0.4, executor 0, partition 0, PROCESS_LOCAL, 7911 bytes)
[2024-10-25T10:52:05.706+0000] {spark_submit.py:579} INFO - 24/10/25 10:52:05 INFO TaskSetManager: Lost task 1.3 in stage 1.0 (TID 7) on 172.18.0.4, executor 0: java.lang.RuntimeException (s3a://lakehouse/bronze/credits.parquet is not a Parquet file. Expected magic number at tail, but found [50, 53, 55, 10]) [duplicate 6]
[2024-10-25T10:52:05.708+0000] {spark_submit.py:579} INFO - 24/10/25 10:52:05 ERROR TaskSetManager: Task 1 in stage 1.0 failed 4 times; aborting job
[2024-10-25T10:52:05.711+0000] {spark_submit.py:579} INFO - 24/10/25 10:52:05 INFO TaskSchedulerImpl: Cancelling stage 1
[2024-10-25T10:52:05.712+0000] {spark_submit.py:579} INFO - 24/10/25 10:52:05 INFO TaskSchedulerImpl: Killing all running tasks in stage 1: Stage cancelled
[2024-10-25T10:52:05.715+0000] {spark_submit.py:579} INFO - 24/10/25 10:52:05 INFO TaskSchedulerImpl: Stage 1 was cancelled
[2024-10-25T10:52:05.716+0000] {spark_submit.py:579} INFO - 24/10/25 10:52:05 INFO DAGScheduler: ShuffleMapStage 1 (save at NativeMethodAccessorImpl.java:0) failed in 0.670 s due to Job aborted due to stage failure: Task 1 in stage 1.0 failed 4 times, most recent failure: Lost task 1.3 in stage 1.0 (TID 7) (172.18.0.4 executor 0): java.lang.RuntimeException: s3a://lakehouse/bronze/credits.parquet is not a Parquet file. Expected magic number at tail, but found [50, 53, 55, 10]
[2024-10-25T10:52:05.716+0000] {spark_submit.py:579} INFO - at org.apache.parquet.hadoop.ParquetFileReader.readFooter(ParquetFileReader.java:557)
[2024-10-25T10:52:05.717+0000] {spark_submit.py:579} INFO - at org.apache.parquet.hadoop.ParquetFileReader.<init>(ParquetFileReader.java:777)
[2024-10-25T10:52:05.718+0000] {spark_submit.py:579} INFO - at org.apache.parquet.hadoop.ParquetFileReader.open(ParquetFileReader.java:658)
[2024-10-25T10:52:05.718+0000] {spark_submit.py:579} INFO - at org.apache.spark.sql.execution.datasources.parquet.ParquetFooterReader.readFooter(ParquetFooterReader.java:53)
[2024-10-25T10:52:05.719+0000] {spark_submit.py:579} INFO - at org.apache.spark.sql.execution.datasources.parquet.ParquetFooterReader.readFooter(ParquetFooterReader.java:39)
[2024-10-25T10:52:05.719+0000] {spark_submit.py:579} INFO - at org.apache.spark.sql.execution.datasources.parquet.ParquetFileFormat.footerFileMetaData$lzycompute$1(ParquetFileFormat.scala:211)
[2024-10-25T10:52:05.720+0000] {spark_submit.py:579} INFO - at org.apache.spark.sql.execution.datasources.parquet.ParquetFileFormat.footerFileMetaData$1(ParquetFileFormat.scala:210)
[2024-10-25T10:52:05.721+0000] {spark_submit.py:579} INFO - at org.apache.spark.sql.execution.datasources.parquet.ParquetFileFormat.$anonfun$buildReaderWithPartitionValues$2(ParquetFileFormat.scala:213)
[2024-10-25T10:52:05.722+0000] {spark_submit.py:579} INFO - at org.apache.spark.sql.execution.datasources.FileScanRDD$$anon$1.org$apache$spark$sql$execution$datasources$FileScanRDD$$anon$$readCurrentFile(FileScanRDD.scala:231)
[2024-10-25T10:52:05.722+0000] {spark_submit.py:579} INFO - at org.apache.spark.sql.execution.datasources.FileScanRDD$$anon$1.nextIterator(FileScanRDD.scala:293)
[2024-10-25T10:52:05.722+0000] {spark_submit.py:579} INFO - at org.apache.spark.sql.execution.datasources.FileScanRDD$$anon$1.hasNext(FileScanRDD.scala:125)
[2024-10-25T10:52:05.723+0000] {spark_submit.py:579} INFO - at org.apache.spark.sql.execution.FileSourceScanExec$$anon$1.hasNext(DataSourceScanExec.scala:594)
[2024-10-25T10:52:05.723+0000] {spark_submit.py:579} INFO - at org.apache.spark.sql.catalyst.expressions.GeneratedClass$GeneratedIteratorForCodegenStage1.columnartorow_nextBatch_0$(Unknown Source)
[2024-10-25T10:52:05.723+0000] {spark_submit.py:579} INFO - at org.apache.spark.sql.catalyst.expressions.GeneratedClass$GeneratedIteratorForCodegenStage1.hashAgg_doAggregateWithKeys_0$(Unknown Source)
[2024-10-25T10:52:05.724+0000] {spark_submit.py:579} INFO - at org.apache.spark.sql.catalyst.expressions.GeneratedClass$GeneratedIteratorForCodegenStage1.processNext(Unknown Source)
[2024-10-25T10:52:05.724+0000] {spark_submit.py:579} INFO - at org.apache.spark.sql.execution.BufferedRowIterator.hasNext(BufferedRowIterator.java:43)
[2024-10-25T10:52:05.724+0000] {spark_submit.py:579} INFO - at org.apache.spark.sql.execution.WholeStageCodegenExec$$anon$1.hasNext(WholeStageCodegenExec.scala:760)
[2024-10-25T10:52:05.725+0000] {spark_submit.py:579} INFO - at scala.collection.Iterator$$anon$10.hasNext(Iterator.scala:460)
[2024-10-25T10:52:05.725+0000] {spark_submit.py:579} INFO - at org.apache.spark.shuffle.sort.BypassMergeSortShuffleWriter.write(BypassMergeSortShuffleWriter.java:140)
[2024-10-25T10:52:05.725+0000] {spark_submit.py:579} INFO - at org.apache.spark.shuffle.ShuffleWriteProcessor.write(ShuffleWriteProcessor.scala:59)
[2024-10-25T10:52:05.726+0000] {spark_submit.py:579} INFO - at org.apache.spark.scheduler.ShuffleMapTask.runTask(ShuffleMapTask.scala:101)
[2024-10-25T10:52:05.726+0000] {spark_submit.py:579} INFO - at org.apache.spark.scheduler.ShuffleMapTask.runTask(ShuffleMapTask.scala:53)
[2024-10-25T10:52:05.727+0000] {spark_submit.py:579} INFO - at org.apache.spark.TaskContext.runTaskWithListeners(TaskContext.scala:161)
[2024-10-25T10:52:05.727+0000] {spark_submit.py:579} INFO - at org.apache.spark.scheduler.Task.run(Task.scala:139)
[2024-10-25T10:52:05.727+0000] {spark_submit.py:579} INFO - at org.apache.spark.executor.Executor$TaskRunner.$anonfun$run$3(Executor.scala:554)
[2024-10-25T10:52:05.728+0000] {spark_submit.py:579} INFO - at org.apache.spark.util.Utils$.tryWithSafeFinally(Utils.scala:1529)
[2024-10-25T10:52:05.728+0000] {spark_submit.py:579} INFO - at org.apache.spark.executor.Executor$TaskRunner.run(Executor.scala:557)
[2024-10-25T10:52:05.728+0000] {spark_submit.py:579} INFO - at java.base/java.util.concurrent.ThreadPoolExecutor.runWorker(ThreadPoolExecutor.java:1136)
[2024-10-25T10:52:05.728+0000] {spark_submit.py:579} INFO - at java.base/java.util.concurrent.ThreadPoolExecutor$Worker.run(ThreadPoolExecutor.java:635)
[2024-10-25T10:52:05.729+0000] {spark_submit.py:579} INFO - at java.base/java.lang.Thread.run(Thread.java:840)
[2024-10-25T10:52:05.729+0000] {spark_submit.py:579} INFO - 
[2024-10-25T10:52:05.729+0000] {spark_submit.py:579} INFO - Driver stacktrace:
[2024-10-25T10:52:05.729+0000] {spark_submit.py:579} INFO - 24/10/25 10:52:05 INFO TaskSetManager: Lost task 0.3 in stage 1.0 (TID 8) on 172.18.0.4, executor 0: java.lang.RuntimeException (s3a://lakehouse/bronze/credits.parquet is not a Parquet file. Expected magic number at tail, but found [50, 53, 55, 10]) [duplicate 7]
[2024-10-25T10:52:05.730+0000] {spark_submit.py:579} INFO - 24/10/25 10:52:05 INFO TaskSchedulerImpl: Removed TaskSet 1.0, whose tasks have all completed, from pool
[2024-10-25T10:52:05.845+0000] {spark_submit.py:579} INFO - 24/10/25 10:52:05 INFO BlockManagerInfo: Removed broadcast_3_piece0 on 84076e7a47fe:46571 in memory (size: 14.3 KiB, free: 434.4 MiB)
[2024-10-25T10:52:05.848+0000] {spark_submit.py:579} INFO - 24/10/25 10:52:05 INFO BlockManagerInfo: Removed broadcast_3_piece0 on 172.18.0.4:44023 in memory (size: 14.3 KiB, free: 1048.8 MiB)
[2024-10-25T10:52:05.885+0000] {spark_submit.py:579} INFO - 2024-10-25 10:52:05,885 ERROR: Error during cleaning process: An error occurred while calling o68.save.
[2024-10-25T10:52:05.886+0000] {spark_submit.py:579} INFO - : org.apache.spark.SparkException: Job aborted due to stage failure: Task 1 in stage 1.0 failed 4 times, most recent failure: Lost task 1.3 in stage 1.0 (TID 7) (172.18.0.4 executor 0): java.lang.RuntimeException: s3a://lakehouse/bronze/credits.parquet is not a Parquet file. Expected magic number at tail, but found [50, 53, 55, 10]
[2024-10-25T10:52:05.886+0000] {spark_submit.py:579} INFO - at org.apache.parquet.hadoop.ParquetFileReader.readFooter(ParquetFileReader.java:557)
[2024-10-25T10:52:05.887+0000] {spark_submit.py:579} INFO - at org.apache.parquet.hadoop.ParquetFileReader.<init>(ParquetFileReader.java:777)
[2024-10-25T10:52:05.887+0000] {spark_submit.py:579} INFO - at org.apache.parquet.hadoop.ParquetFileReader.open(ParquetFileReader.java:658)
[2024-10-25T10:52:05.887+0000] {spark_submit.py:579} INFO - at org.apache.spark.sql.execution.datasources.parquet.ParquetFooterReader.readFooter(ParquetFooterReader.java:53)
[2024-10-25T10:52:05.887+0000] {spark_submit.py:579} INFO - at org.apache.spark.sql.execution.datasources.parquet.ParquetFooterReader.readFooter(ParquetFooterReader.java:39)
[2024-10-25T10:52:05.888+0000] {spark_submit.py:579} INFO - at org.apache.spark.sql.execution.datasources.parquet.ParquetFileFormat.footerFileMetaData$lzycompute$1(ParquetFileFormat.scala:211)
[2024-10-25T10:52:05.888+0000] {spark_submit.py:579} INFO - at org.apache.spark.sql.execution.datasources.parquet.ParquetFileFormat.footerFileMetaData$1(ParquetFileFormat.scala:210)
[2024-10-25T10:52:05.888+0000] {spark_submit.py:579} INFO - at org.apache.spark.sql.execution.datasources.parquet.ParquetFileFormat.$anonfun$buildReaderWithPartitionValues$2(ParquetFileFormat.scala:213)
[2024-10-25T10:52:05.889+0000] {spark_submit.py:579} INFO - at org.apache.spark.sql.execution.datasources.FileScanRDD$$anon$1.org$apache$spark$sql$execution$datasources$FileScanRDD$$anon$$readCurrentFile(FileScanRDD.scala:231)
[2024-10-25T10:52:05.889+0000] {spark_submit.py:579} INFO - at org.apache.spark.sql.execution.datasources.FileScanRDD$$anon$1.nextIterator(FileScanRDD.scala:293)
[2024-10-25T10:52:05.889+0000] {spark_submit.py:579} INFO - at org.apache.spark.sql.execution.datasources.FileScanRDD$$anon$1.hasNext(FileScanRDD.scala:125)
[2024-10-25T10:52:05.889+0000] {spark_submit.py:579} INFO - at org.apache.spark.sql.execution.FileSourceScanExec$$anon$1.hasNext(DataSourceScanExec.scala:594)
[2024-10-25T10:52:05.890+0000] {spark_submit.py:579} INFO - at org.apache.spark.sql.catalyst.expressions.GeneratedClass$GeneratedIteratorForCodegenStage1.columnartorow_nextBatch_0$(Unknown Source)
[2024-10-25T10:52:05.890+0000] {spark_submit.py:579} INFO - at org.apache.spark.sql.catalyst.expressions.GeneratedClass$GeneratedIteratorForCodegenStage1.hashAgg_doAggregateWithKeys_0$(Unknown Source)
[2024-10-25T10:52:05.891+0000] {spark_submit.py:579} INFO - at org.apache.spark.sql.catalyst.expressions.GeneratedClass$GeneratedIteratorForCodegenStage1.processNext(Unknown Source)
[2024-10-25T10:52:05.891+0000] {spark_submit.py:579} INFO - at org.apache.spark.sql.execution.BufferedRowIterator.hasNext(BufferedRowIterator.java:43)
[2024-10-25T10:52:05.891+0000] {spark_submit.py:579} INFO - at org.apache.spark.sql.execution.WholeStageCodegenExec$$anon$1.hasNext(WholeStageCodegenExec.scala:760)
[2024-10-25T10:52:05.891+0000] {spark_submit.py:579} INFO - at scala.collection.Iterator$$anon$10.hasNext(Iterator.scala:460)
[2024-10-25T10:52:05.892+0000] {spark_submit.py:579} INFO - at org.apache.spark.shuffle.sort.BypassMergeSortShuffleWriter.write(BypassMergeSortShuffleWriter.java:140)
[2024-10-25T10:52:05.892+0000] {spark_submit.py:579} INFO - at org.apache.spark.shuffle.ShuffleWriteProcessor.write(ShuffleWriteProcessor.scala:59)
[2024-10-25T10:52:05.892+0000] {spark_submit.py:579} INFO - at org.apache.spark.scheduler.ShuffleMapTask.runTask(ShuffleMapTask.scala:101)
[2024-10-25T10:52:05.892+0000] {spark_submit.py:579} INFO - at org.apache.spark.scheduler.ShuffleMapTask.runTask(ShuffleMapTask.scala:53)
[2024-10-25T10:52:05.893+0000] {spark_submit.py:579} INFO - at org.apache.spark.TaskContext.runTaskWithListeners(TaskContext.scala:161)
[2024-10-25T10:52:05.893+0000] {spark_submit.py:579} INFO - at org.apache.spark.scheduler.Task.run(Task.scala:139)
[2024-10-25T10:52:05.893+0000] {spark_submit.py:579} INFO - at org.apache.spark.executor.Executor$TaskRunner.$anonfun$run$3(Executor.scala:554)
[2024-10-25T10:52:05.894+0000] {spark_submit.py:579} INFO - at org.apache.spark.util.Utils$.tryWithSafeFinally(Utils.scala:1529)
[2024-10-25T10:52:05.894+0000] {spark_submit.py:579} INFO - at org.apache.spark.executor.Executor$TaskRunner.run(Executor.scala:557)
[2024-10-25T10:52:05.894+0000] {spark_submit.py:579} INFO - at java.base/java.util.concurrent.ThreadPoolExecutor.runWorker(ThreadPoolExecutor.java:1136)
[2024-10-25T10:52:05.895+0000] {spark_submit.py:579} INFO - at java.base/java.util.concurrent.ThreadPoolExecutor$Worker.run(ThreadPoolExecutor.java:635)
[2024-10-25T10:52:05.895+0000] {spark_submit.py:579} INFO - at java.base/java.lang.Thread.run(Thread.java:840)
[2024-10-25T10:52:05.895+0000] {spark_submit.py:579} INFO - 
[2024-10-25T10:52:05.895+0000] {spark_submit.py:579} INFO - Driver stacktrace:
[2024-10-25T10:52:05.896+0000] {spark_submit.py:579} INFO - at org.apache.spark.scheduler.DAGScheduler.failJobAndIndependentStages(DAGScheduler.scala:2790)
[2024-10-25T10:52:05.896+0000] {spark_submit.py:579} INFO - at org.apache.spark.scheduler.DAGScheduler.$anonfun$abortStage$2(DAGScheduler.scala:2726)
[2024-10-25T10:52:05.896+0000] {spark_submit.py:579} INFO - at org.apache.spark.scheduler.DAGScheduler.$anonfun$abortStage$2$adapted(DAGScheduler.scala:2725)
[2024-10-25T10:52:05.896+0000] {spark_submit.py:579} INFO - at scala.collection.mutable.ResizableArray.foreach(ResizableArray.scala:62)
[2024-10-25T10:52:05.897+0000] {spark_submit.py:579} INFO - at scala.collection.mutable.ResizableArray.foreach$(ResizableArray.scala:55)
[2024-10-25T10:52:05.897+0000] {spark_submit.py:579} INFO - at scala.collection.mutable.ArrayBuffer.foreach(ArrayBuffer.scala:49)
[2024-10-25T10:52:05.897+0000] {spark_submit.py:579} INFO - at org.apache.spark.scheduler.DAGScheduler.abortStage(DAGScheduler.scala:2725)
[2024-10-25T10:52:05.897+0000] {spark_submit.py:579} INFO - at org.apache.spark.scheduler.DAGScheduler.$anonfun$handleTaskSetFailed$1(DAGScheduler.scala:1211)
[2024-10-25T10:52:05.898+0000] {spark_submit.py:579} INFO - at org.apache.spark.scheduler.DAGScheduler.$anonfun$handleTaskSetFailed$1$adapted(DAGScheduler.scala:1211)
[2024-10-25T10:52:05.898+0000] {spark_submit.py:579} INFO - at scala.Option.foreach(Option.scala:407)
[2024-10-25T10:52:05.898+0000] {spark_submit.py:579} INFO - at org.apache.spark.scheduler.DAGScheduler.handleTaskSetFailed(DAGScheduler.scala:1211)
[2024-10-25T10:52:05.898+0000] {spark_submit.py:579} INFO - at org.apache.spark.scheduler.DAGSchedulerEventProcessLoop.doOnReceive(DAGScheduler.scala:2989)
[2024-10-25T10:52:05.899+0000] {spark_submit.py:579} INFO - at org.apache.spark.scheduler.DAGSchedulerEventProcessLoop.onReceive(DAGScheduler.scala:2928)
[2024-10-25T10:52:05.899+0000] {spark_submit.py:579} INFO - at org.apache.spark.scheduler.DAGSchedulerEventProcessLoop.onReceive(DAGScheduler.scala:2917)
[2024-10-25T10:52:05.899+0000] {spark_submit.py:579} INFO - at org.apache.spark.util.EventLoop$$anon$1.run(EventLoop.scala:49)
[2024-10-25T10:52:05.899+0000] {spark_submit.py:579} INFO - Caused by: java.lang.RuntimeException: s3a://lakehouse/bronze/credits.parquet is not a Parquet file. Expected magic number at tail, but found [50, 53, 55, 10]
[2024-10-25T10:52:05.899+0000] {spark_submit.py:579} INFO - at org.apache.parquet.hadoop.ParquetFileReader.readFooter(ParquetFileReader.java:557)
[2024-10-25T10:52:05.900+0000] {spark_submit.py:579} INFO - at org.apache.parquet.hadoop.ParquetFileReader.<init>(ParquetFileReader.java:777)
[2024-10-25T10:52:05.900+0000] {spark_submit.py:579} INFO - at org.apache.parquet.hadoop.ParquetFileReader.open(ParquetFileReader.java:658)
[2024-10-25T10:52:05.900+0000] {spark_submit.py:579} INFO - at org.apache.spark.sql.execution.datasources.parquet.ParquetFooterReader.readFooter(ParquetFooterReader.java:53)
[2024-10-25T10:52:05.901+0000] {spark_submit.py:579} INFO - at org.apache.spark.sql.execution.datasources.parquet.ParquetFooterReader.readFooter(ParquetFooterReader.java:39)
[2024-10-25T10:52:05.901+0000] {spark_submit.py:579} INFO - at org.apache.spark.sql.execution.datasources.parquet.ParquetFileFormat.footerFileMetaData$lzycompute$1(ParquetFileFormat.scala:211)
[2024-10-25T10:52:05.902+0000] {spark_submit.py:579} INFO - at org.apache.spark.sql.execution.datasources.parquet.ParquetFileFormat.footerFileMetaData$1(ParquetFileFormat.scala:210)
[2024-10-25T10:52:05.902+0000] {spark_submit.py:579} INFO - at org.apache.spark.sql.execution.datasources.parquet.ParquetFileFormat.$anonfun$buildReaderWithPartitionValues$2(ParquetFileFormat.scala:213)
[2024-10-25T10:52:05.902+0000] {spark_submit.py:579} INFO - at org.apache.spark.sql.execution.datasources.FileScanRDD$$anon$1.org$apache$spark$sql$execution$datasources$FileScanRDD$$anon$$readCurrentFile(FileScanRDD.scala:231)
[2024-10-25T10:52:05.902+0000] {spark_submit.py:579} INFO - at org.apache.spark.sql.execution.datasources.FileScanRDD$$anon$1.nextIterator(FileScanRDD.scala:293)
[2024-10-25T10:52:05.903+0000] {spark_submit.py:579} INFO - at org.apache.spark.sql.execution.datasources.FileScanRDD$$anon$1.hasNext(FileScanRDD.scala:125)
[2024-10-25T10:52:05.903+0000] {spark_submit.py:579} INFO - at org.apache.spark.sql.execution.FileSourceScanExec$$anon$1.hasNext(DataSourceScanExec.scala:594)
[2024-10-25T10:52:05.904+0000] {spark_submit.py:579} INFO - at org.apache.spark.sql.catalyst.expressions.GeneratedClass$GeneratedIteratorForCodegenStage1.columnartorow_nextBatch_0$(Unknown Source)
[2024-10-25T10:52:05.904+0000] {spark_submit.py:579} INFO - at org.apache.spark.sql.catalyst.expressions.GeneratedClass$GeneratedIteratorForCodegenStage1.hashAgg_doAggregateWithKeys_0$(Unknown Source)
[2024-10-25T10:52:05.904+0000] {spark_submit.py:579} INFO - at org.apache.spark.sql.catalyst.expressions.GeneratedClass$GeneratedIteratorForCodegenStage1.processNext(Unknown Source)
[2024-10-25T10:52:05.905+0000] {spark_submit.py:579} INFO - at org.apache.spark.sql.execution.BufferedRowIterator.hasNext(BufferedRowIterator.java:43)
[2024-10-25T10:52:05.905+0000] {spark_submit.py:579} INFO - at org.apache.spark.sql.execution.WholeStageCodegenExec$$anon$1.hasNext(WholeStageCodegenExec.scala:760)
[2024-10-25T10:52:05.905+0000] {spark_submit.py:579} INFO - at scala.collection.Iterator$$anon$10.hasNext(Iterator.scala:460)
[2024-10-25T10:52:05.905+0000] {spark_submit.py:579} INFO - at org.apache.spark.shuffle.sort.BypassMergeSortShuffleWriter.write(BypassMergeSortShuffleWriter.java:140)
[2024-10-25T10:52:05.906+0000] {spark_submit.py:579} INFO - at org.apache.spark.shuffle.ShuffleWriteProcessor.write(ShuffleWriteProcessor.scala:59)
[2024-10-25T10:52:05.906+0000] {spark_submit.py:579} INFO - at org.apache.spark.scheduler.ShuffleMapTask.runTask(ShuffleMapTask.scala:101)
[2024-10-25T10:52:05.906+0000] {spark_submit.py:579} INFO - at org.apache.spark.scheduler.ShuffleMapTask.runTask(ShuffleMapTask.scala:53)
[2024-10-25T10:52:05.906+0000] {spark_submit.py:579} INFO - at org.apache.spark.TaskContext.runTaskWithListeners(TaskContext.scala:161)
[2024-10-25T10:52:05.906+0000] {spark_submit.py:579} INFO - at org.apache.spark.scheduler.Task.run(Task.scala:139)
[2024-10-25T10:52:05.907+0000] {spark_submit.py:579} INFO - at org.apache.spark.executor.Executor$TaskRunner.$anonfun$run$3(Executor.scala:554)
[2024-10-25T10:52:05.907+0000] {spark_submit.py:579} INFO - at org.apache.spark.util.Utils$.tryWithSafeFinally(Utils.scala:1529)
[2024-10-25T10:52:05.907+0000] {spark_submit.py:579} INFO - at org.apache.spark.executor.Executor$TaskRunner.run(Executor.scala:557)
[2024-10-25T10:52:05.908+0000] {spark_submit.py:579} INFO - at java.base/java.util.concurrent.ThreadPoolExecutor.runWorker(ThreadPoolExecutor.java:1136)
[2024-10-25T10:52:05.908+0000] {spark_submit.py:579} INFO - at java.base/java.util.concurrent.ThreadPoolExecutor$Worker.run(ThreadPoolExecutor.java:635)
[2024-10-25T10:52:05.908+0000] {spark_submit.py:579} INFO - at java.base/java.lang.Thread.run(Thread.java:840)
[2024-10-25T10:52:05.909+0000] {spark_submit.py:579} INFO - 
[2024-10-25T10:52:05.909+0000] {spark_submit.py:579} INFO - 2024-10-25 10:52:05,889 ERROR: Traceback (most recent call last):
[2024-10-25T10:52:05.909+0000] {spark_submit.py:579} INFO - File "/opt/***/jobs/python/test_Credit.py", line 143, in clean_credits
[2024-10-25T10:52:05.909+0000] {spark_submit.py:579} INFO - df_cleaned.write.format("delta").mode("overwrite").option('overwriteSchema', 'true').save(output_path)
[2024-10-25T10:52:05.910+0000] {spark_submit.py:579} INFO - File "/home/***/.local/lib/python3.11/site-packages/pyspark/python/lib/pyspark.zip/pyspark/sql/readwriter.py", line 1398, in save
[2024-10-25T10:52:05.910+0000] {spark_submit.py:579} INFO - self._jwrite.save(path)
[2024-10-25T10:52:05.910+0000] {spark_submit.py:579} INFO - File "/home/***/.local/lib/python3.11/site-packages/pyspark/python/lib/py4j-0.10.9.7-src.zip/py4j/java_gateway.py", line 1322, in __call__
[2024-10-25T10:52:05.911+0000] {spark_submit.py:579} INFO - return_value = get_return_value(
[2024-10-25T10:52:05.911+0000] {spark_submit.py:579} INFO - ^^^^^^^^^^^^^^^^^
[2024-10-25T10:52:05.912+0000] {spark_submit.py:579} INFO - File "/home/***/.local/lib/python3.11/site-packages/pyspark/python/lib/pyspark.zip/pyspark/errors/exceptions/captured.py", line 169, in deco
[2024-10-25T10:52:05.912+0000] {spark_submit.py:579} INFO - return f(*a, **kw)
[2024-10-25T10:52:05.912+0000] {spark_submit.py:579} INFO - ^^^^^^^^^^^
[2024-10-25T10:52:05.913+0000] {spark_submit.py:579} INFO - File "/home/***/.local/lib/python3.11/site-packages/pyspark/python/lib/py4j-0.10.9.7-src.zip/py4j/protocol.py", line 326, in get_return_value
[2024-10-25T10:52:05.913+0000] {spark_submit.py:579} INFO - raise Py4JJavaError(
[2024-10-25T10:52:05.914+0000] {spark_submit.py:579} INFO - py4j.protocol.Py4JJavaError: An error occurred while calling o68.save.
[2024-10-25T10:52:05.914+0000] {spark_submit.py:579} INFO - : org.apache.spark.SparkException: Job aborted due to stage failure: Task 1 in stage 1.0 failed 4 times, most recent failure: Lost task 1.3 in stage 1.0 (TID 7) (172.18.0.4 executor 0): java.lang.RuntimeException: s3a://lakehouse/bronze/credits.parquet is not a Parquet file. Expected magic number at tail, but found [50, 53, 55, 10]
[2024-10-25T10:52:05.915+0000] {spark_submit.py:579} INFO - at org.apache.parquet.hadoop.ParquetFileReader.readFooter(ParquetFileReader.java:557)
[2024-10-25T10:52:05.915+0000] {spark_submit.py:579} INFO - at org.apache.parquet.hadoop.ParquetFileReader.<init>(ParquetFileReader.java:777)
[2024-10-25T10:52:05.916+0000] {spark_submit.py:579} INFO - at org.apache.parquet.hadoop.ParquetFileReader.open(ParquetFileReader.java:658)
[2024-10-25T10:52:05.916+0000] {spark_submit.py:579} INFO - at org.apache.spark.sql.execution.datasources.parquet.ParquetFooterReader.readFooter(ParquetFooterReader.java:53)
[2024-10-25T10:52:05.916+0000] {spark_submit.py:579} INFO - at org.apache.spark.sql.execution.datasources.parquet.ParquetFooterReader.readFooter(ParquetFooterReader.java:39)
[2024-10-25T10:52:05.917+0000] {spark_submit.py:579} INFO - at org.apache.spark.sql.execution.datasources.parquet.ParquetFileFormat.footerFileMetaData$lzycompute$1(ParquetFileFormat.scala:211)
[2024-10-25T10:52:05.917+0000] {spark_submit.py:579} INFO - at org.apache.spark.sql.execution.datasources.parquet.ParquetFileFormat.footerFileMetaData$1(ParquetFileFormat.scala:210)
[2024-10-25T10:52:05.918+0000] {spark_submit.py:579} INFO - at org.apache.spark.sql.execution.datasources.parquet.ParquetFileFormat.$anonfun$buildReaderWithPartitionValues$2(ParquetFileFormat.scala:213)
[2024-10-25T10:52:05.918+0000] {spark_submit.py:579} INFO - at org.apache.spark.sql.execution.datasources.FileScanRDD$$anon$1.org$apache$spark$sql$execution$datasources$FileScanRDD$$anon$$readCurrentFile(FileScanRDD.scala:231)
[2024-10-25T10:52:05.919+0000] {spark_submit.py:579} INFO - at org.apache.spark.sql.execution.datasources.FileScanRDD$$anon$1.nextIterator(FileScanRDD.scala:293)
[2024-10-25T10:52:05.919+0000] {spark_submit.py:579} INFO - at org.apache.spark.sql.execution.datasources.FileScanRDD$$anon$1.hasNext(FileScanRDD.scala:125)
[2024-10-25T10:52:05.920+0000] {spark_submit.py:579} INFO - at org.apache.spark.sql.execution.FileSourceScanExec$$anon$1.hasNext(DataSourceScanExec.scala:594)
[2024-10-25T10:52:05.921+0000] {spark_submit.py:579} INFO - at org.apache.spark.sql.catalyst.expressions.GeneratedClass$GeneratedIteratorForCodegenStage1.columnartorow_nextBatch_0$(Unknown Source)
[2024-10-25T10:52:05.921+0000] {spark_submit.py:579} INFO - at org.apache.spark.sql.catalyst.expressions.GeneratedClass$GeneratedIteratorForCodegenStage1.hashAgg_doAggregateWithKeys_0$(Unknown Source)
[2024-10-25T10:52:05.922+0000] {spark_submit.py:579} INFO - at org.apache.spark.sql.catalyst.expressions.GeneratedClass$GeneratedIteratorForCodegenStage1.processNext(Unknown Source)
[2024-10-25T10:52:05.923+0000] {spark_submit.py:579} INFO - at org.apache.spark.sql.execution.BufferedRowIterator.hasNext(BufferedRowIterator.java:43)
[2024-10-25T10:52:05.924+0000] {spark_submit.py:579} INFO - at org.apache.spark.sql.execution.WholeStageCodegenExec$$anon$1.hasNext(WholeStageCodegenExec.scala:760)
[2024-10-25T10:52:05.924+0000] {spark_submit.py:579} INFO - at scala.collection.Iterator$$anon$10.hasNext(Iterator.scala:460)
[2024-10-25T10:52:05.925+0000] {spark_submit.py:579} INFO - at org.apache.spark.shuffle.sort.BypassMergeSortShuffleWriter.write(BypassMergeSortShuffleWriter.java:140)
[2024-10-25T10:52:05.926+0000] {spark_submit.py:579} INFO - at org.apache.spark.shuffle.ShuffleWriteProcessor.write(ShuffleWriteProcessor.scala:59)
[2024-10-25T10:52:05.927+0000] {spark_submit.py:579} INFO - at org.apache.spark.scheduler.ShuffleMapTask.runTask(ShuffleMapTask.scala:101)
[2024-10-25T10:52:05.928+0000] {spark_submit.py:579} INFO - at org.apache.spark.scheduler.ShuffleMapTask.runTask(ShuffleMapTask.scala:53)
[2024-10-25T10:52:05.929+0000] {spark_submit.py:579} INFO - at org.apache.spark.TaskContext.runTaskWithListeners(TaskContext.scala:161)
[2024-10-25T10:52:05.929+0000] {spark_submit.py:579} INFO - at org.apache.spark.scheduler.Task.run(Task.scala:139)
[2024-10-25T10:52:05.930+0000] {spark_submit.py:579} INFO - at org.apache.spark.executor.Executor$TaskRunner.$anonfun$run$3(Executor.scala:554)
[2024-10-25T10:52:05.931+0000] {spark_submit.py:579} INFO - at org.apache.spark.util.Utils$.tryWithSafeFinally(Utils.scala:1529)
[2024-10-25T10:52:05.932+0000] {spark_submit.py:579} INFO - at org.apache.spark.executor.Executor$TaskRunner.run(Executor.scala:557)
[2024-10-25T10:52:05.932+0000] {spark_submit.py:579} INFO - at java.base/java.util.concurrent.ThreadPoolExecutor.runWorker(ThreadPoolExecutor.java:1136)
[2024-10-25T10:52:05.933+0000] {spark_submit.py:579} INFO - at java.base/java.util.concurrent.ThreadPoolExecutor$Worker.run(ThreadPoolExecutor.java:635)
[2024-10-25T10:52:05.933+0000] {spark_submit.py:579} INFO - at java.base/java.lang.Thread.run(Thread.java:840)
[2024-10-25T10:52:05.934+0000] {spark_submit.py:579} INFO - 
[2024-10-25T10:52:05.935+0000] {spark_submit.py:579} INFO - Driver stacktrace:
[2024-10-25T10:52:05.935+0000] {spark_submit.py:579} INFO - at org.apache.spark.scheduler.DAGScheduler.failJobAndIndependentStages(DAGScheduler.scala:2790)
[2024-10-25T10:52:05.936+0000] {spark_submit.py:579} INFO - at org.apache.spark.scheduler.DAGScheduler.$anonfun$abortStage$2(DAGScheduler.scala:2726)
[2024-10-25T10:52:05.937+0000] {spark_submit.py:579} INFO - at org.apache.spark.scheduler.DAGScheduler.$anonfun$abortStage$2$adapted(DAGScheduler.scala:2725)
[2024-10-25T10:52:05.938+0000] {spark_submit.py:579} INFO - at scala.collection.mutable.ResizableArray.foreach(ResizableArray.scala:62)
[2024-10-25T10:52:05.938+0000] {spark_submit.py:579} INFO - at scala.collection.mutable.ResizableArray.foreach$(ResizableArray.scala:55)
[2024-10-25T10:52:05.938+0000] {spark_submit.py:579} INFO - at scala.collection.mutable.ArrayBuffer.foreach(ArrayBuffer.scala:49)
[2024-10-25T10:52:05.939+0000] {spark_submit.py:579} INFO - at org.apache.spark.scheduler.DAGScheduler.abortStage(DAGScheduler.scala:2725)
[2024-10-25T10:52:05.939+0000] {spark_submit.py:579} INFO - at org.apache.spark.scheduler.DAGScheduler.$anonfun$handleTaskSetFailed$1(DAGScheduler.scala:1211)
[2024-10-25T10:52:05.939+0000] {spark_submit.py:579} INFO - at org.apache.spark.scheduler.DAGScheduler.$anonfun$handleTaskSetFailed$1$adapted(DAGScheduler.scala:1211)
[2024-10-25T10:52:05.940+0000] {spark_submit.py:579} INFO - at scala.Option.foreach(Option.scala:407)
[2024-10-25T10:52:05.941+0000] {spark_submit.py:579} INFO - at org.apache.spark.scheduler.DAGScheduler.handleTaskSetFailed(DAGScheduler.scala:1211)
[2024-10-25T10:52:05.941+0000] {spark_submit.py:579} INFO - at org.apache.spark.scheduler.DAGSchedulerEventProcessLoop.doOnReceive(DAGScheduler.scala:2989)
[2024-10-25T10:52:05.942+0000] {spark_submit.py:579} INFO - at org.apache.spark.scheduler.DAGSchedulerEventProcessLoop.onReceive(DAGScheduler.scala:2928)
[2024-10-25T10:52:05.943+0000] {spark_submit.py:579} INFO - at org.apache.spark.scheduler.DAGSchedulerEventProcessLoop.onReceive(DAGScheduler.scala:2917)
[2024-10-25T10:52:05.943+0000] {spark_submit.py:579} INFO - at org.apache.spark.util.EventLoop$$anon$1.run(EventLoop.scala:49)
[2024-10-25T10:52:05.944+0000] {spark_submit.py:579} INFO - Caused by: java.lang.RuntimeException: s3a://lakehouse/bronze/credits.parquet is not a Parquet file. Expected magic number at tail, but found [50, 53, 55, 10]
[2024-10-25T10:52:05.944+0000] {spark_submit.py:579} INFO - at org.apache.parquet.hadoop.ParquetFileReader.readFooter(ParquetFileReader.java:557)
[2024-10-25T10:52:05.945+0000] {spark_submit.py:579} INFO - at org.apache.parquet.hadoop.ParquetFileReader.<init>(ParquetFileReader.java:777)
[2024-10-25T10:52:05.945+0000] {spark_submit.py:579} INFO - at org.apache.parquet.hadoop.ParquetFileReader.open(ParquetFileReader.java:658)
[2024-10-25T10:52:05.946+0000] {spark_submit.py:579} INFO - at org.apache.spark.sql.execution.datasources.parquet.ParquetFooterReader.readFooter(ParquetFooterReader.java:53)
[2024-10-25T10:52:05.946+0000] {spark_submit.py:579} INFO - at org.apache.spark.sql.execution.datasources.parquet.ParquetFooterReader.readFooter(ParquetFooterReader.java:39)
[2024-10-25T10:52:05.947+0000] {spark_submit.py:579} INFO - at org.apache.spark.sql.execution.datasources.parquet.ParquetFileFormat.footerFileMetaData$lzycompute$1(ParquetFileFormat.scala:211)
[2024-10-25T10:52:05.947+0000] {spark_submit.py:579} INFO - at org.apache.spark.sql.execution.datasources.parquet.ParquetFileFormat.footerFileMetaData$1(ParquetFileFormat.scala:210)
[2024-10-25T10:52:05.948+0000] {spark_submit.py:579} INFO - at org.apache.spark.sql.execution.datasources.parquet.ParquetFileFormat.$anonfun$buildReaderWithPartitionValues$2(ParquetFileFormat.scala:213)
[2024-10-25T10:52:05.948+0000] {spark_submit.py:579} INFO - at org.apache.spark.sql.execution.datasources.FileScanRDD$$anon$1.org$apache$spark$sql$execution$datasources$FileScanRDD$$anon$$readCurrentFile(FileScanRDD.scala:231)
[2024-10-25T10:52:05.949+0000] {spark_submit.py:579} INFO - at org.apache.spark.sql.execution.datasources.FileScanRDD$$anon$1.nextIterator(FileScanRDD.scala:293)
[2024-10-25T10:52:05.949+0000] {spark_submit.py:579} INFO - at org.apache.spark.sql.execution.datasources.FileScanRDD$$anon$1.hasNext(FileScanRDD.scala:125)
[2024-10-25T10:52:05.951+0000] {spark_submit.py:579} INFO - at org.apache.spark.sql.execution.FileSourceScanExec$$anon$1.hasNext(DataSourceScanExec.scala:594)
[2024-10-25T10:52:05.952+0000] {spark_submit.py:579} INFO - at org.apache.spark.sql.catalyst.expressions.GeneratedClass$GeneratedIteratorForCodegenStage1.columnartorow_nextBatch_0$(Unknown Source)
[2024-10-25T10:52:05.954+0000] {spark_submit.py:579} INFO - at org.apache.spark.sql.catalyst.expressions.GeneratedClass$GeneratedIteratorForCodegenStage1.hashAgg_doAggregateWithKeys_0$(Unknown Source)
[2024-10-25T10:52:05.954+0000] {spark_submit.py:579} INFO - at org.apache.spark.sql.catalyst.expressions.GeneratedClass$GeneratedIteratorForCodegenStage1.processNext(Unknown Source)
[2024-10-25T10:52:05.954+0000] {spark_submit.py:579} INFO - at org.apache.spark.sql.execution.BufferedRowIterator.hasNext(BufferedRowIterator.java:43)
[2024-10-25T10:52:05.955+0000] {spark_submit.py:579} INFO - at org.apache.spark.sql.execution.WholeStageCodegenExec$$anon$1.hasNext(WholeStageCodegenExec.scala:760)
[2024-10-25T10:52:05.955+0000] {spark_submit.py:579} INFO - at scala.collection.Iterator$$anon$10.hasNext(Iterator.scala:460)
[2024-10-25T10:52:05.955+0000] {spark_submit.py:579} INFO - at org.apache.spark.shuffle.sort.BypassMergeSortShuffleWriter.write(BypassMergeSortShuffleWriter.java:140)
[2024-10-25T10:52:05.955+0000] {spark_submit.py:579} INFO - at org.apache.spark.shuffle.ShuffleWriteProcessor.write(ShuffleWriteProcessor.scala:59)
[2024-10-25T10:52:05.956+0000] {spark_submit.py:579} INFO - at org.apache.spark.scheduler.ShuffleMapTask.runTask(ShuffleMapTask.scala:101)
[2024-10-25T10:52:05.956+0000] {spark_submit.py:579} INFO - at org.apache.spark.scheduler.ShuffleMapTask.runTask(ShuffleMapTask.scala:53)
[2024-10-25T10:52:05.956+0000] {spark_submit.py:579} INFO - at org.apache.spark.TaskContext.runTaskWithListeners(TaskContext.scala:161)
[2024-10-25T10:52:05.957+0000] {spark_submit.py:579} INFO - at org.apache.spark.scheduler.Task.run(Task.scala:139)
[2024-10-25T10:52:05.957+0000] {spark_submit.py:579} INFO - at org.apache.spark.executor.Executor$TaskRunner.$anonfun$run$3(Executor.scala:554)
[2024-10-25T10:52:05.958+0000] {spark_submit.py:579} INFO - at org.apache.spark.util.Utils$.tryWithSafeFinally(Utils.scala:1529)
[2024-10-25T10:52:05.958+0000] {spark_submit.py:579} INFO - at org.apache.spark.executor.Executor$TaskRunner.run(Executor.scala:557)
[2024-10-25T10:52:05.959+0000] {spark_submit.py:579} INFO - at java.base/java.util.concurrent.ThreadPoolExecutor.runWorker(ThreadPoolExecutor.java:1136)
[2024-10-25T10:52:05.959+0000] {spark_submit.py:579} INFO - at java.base/java.util.concurrent.ThreadPoolExecutor$Worker.run(ThreadPoolExecutor.java:635)
[2024-10-25T10:52:05.960+0000] {spark_submit.py:579} INFO - at java.base/java.lang.Thread.run(Thread.java:840)
[2024-10-25T10:52:05.960+0000] {spark_submit.py:579} INFO - 
[2024-10-25T10:52:05.961+0000] {spark_submit.py:579} INFO - 
[2024-10-25T10:52:05.961+0000] {spark_submit.py:579} INFO - 24/10/25 10:52:05 INFO SparkContext: SparkContext is stopping with exitCode 0.
[2024-10-25T10:52:05.961+0000] {spark_submit.py:579} INFO - 24/10/25 10:52:05 INFO SparkUI: Stopped Spark web UI at http://84076e7a47fe:4040
[2024-10-25T10:52:05.962+0000] {spark_submit.py:579} INFO - 24/10/25 10:52:05 INFO StandaloneSchedulerBackend: Shutting down all executors
[2024-10-25T10:52:05.963+0000] {spark_submit.py:579} INFO - 24/10/25 10:52:05 INFO StandaloneSchedulerBackend$StandaloneDriverEndpoint: Asking each executor to shut down
[2024-10-25T10:52:05.963+0000] {spark_submit.py:579} INFO - 24/10/25 10:52:05 INFO MapOutputTrackerMasterEndpoint: MapOutputTrackerMasterEndpoint stopped!
[2024-10-25T10:52:05.964+0000] {spark_submit.py:579} INFO - 24/10/25 10:52:05 INFO MemoryStore: MemoryStore cleared
[2024-10-25T10:52:05.965+0000] {spark_submit.py:579} INFO - 24/10/25 10:52:05 INFO BlockManager: BlockManager stopped
[2024-10-25T10:52:05.966+0000] {spark_submit.py:579} INFO - 24/10/25 10:52:05 INFO BlockManagerMaster: BlockManagerMaster stopped
[2024-10-25T10:52:05.971+0000] {spark_submit.py:579} INFO - 24/10/25 10:52:05 INFO OutputCommitCoordinator$OutputCommitCoordinatorEndpoint: OutputCommitCoordinator stopped!
[2024-10-25T10:52:06.029+0000] {spark_submit.py:579} INFO - 24/10/25 10:52:06 INFO SparkContext: Successfully stopped SparkContext
[2024-10-25T10:52:06.484+0000] {spark_submit.py:579} INFO - 2024-10-25 10:52:06,483 INFO: Closing down clientserver connection
[2024-10-25T10:52:06.568+0000] {spark_submit.py:579} INFO - 24/10/25 10:52:06 INFO ShutdownHookManager: Shutdown hook called
[2024-10-25T10:52:06.569+0000] {spark_submit.py:579} INFO - 24/10/25 10:52:06 INFO ShutdownHookManager: Deleting directory /tmp/spark-30d883da-787e-49e7-aef1-d321cef3e19d
[2024-10-25T10:52:06.574+0000] {spark_submit.py:579} INFO - 24/10/25 10:52:06 INFO ShutdownHookManager: Deleting directory /tmp/spark-21e32e31-57cb-4b40-b736-dee5ccf2c0cd
[2024-10-25T10:52:06.579+0000] {spark_submit.py:579} INFO - 24/10/25 10:52:06 INFO ShutdownHookManager: Deleting directory /tmp/spark-21e32e31-57cb-4b40-b736-dee5ccf2c0cd/pyspark-4a5dc41c-4a5a-4663-a6f1-13b855dd9361
[2024-10-25T10:52:06.588+0000] {spark_submit.py:579} INFO - 24/10/25 10:52:06 INFO MetricsSystemImpl: Stopping s3a-file-system metrics system...
[2024-10-25T10:52:06.589+0000] {spark_submit.py:579} INFO - 24/10/25 10:52:06 INFO MetricsSystemImpl: s3a-file-system metrics system stopped.
[2024-10-25T10:52:06.589+0000] {spark_submit.py:579} INFO - 24/10/25 10:52:06 INFO MetricsSystemImpl: s3a-file-system metrics system shutdown complete.
[2024-10-25T10:52:06.681+0000] {taskinstance.py:1935} ERROR - Task failed with exception
Traceback (most recent call last):
  File "/home/airflow/.local/lib/python3.11/site-packages/airflow/providers/apache/spark/operators/spark_submit.py", line 174, in execute
    self._hook.submit(self.application)
  File "/home/airflow/.local/lib/python3.11/site-packages/airflow/providers/apache/spark/hooks/spark_submit.py", line 505, in submit
    raise AirflowException(
airflow.exceptions.AirflowException: Cannot execute: spark-submit --master spark://spark-master:7077 --conf spark.sql.extensions=io.delta.sql.DeltaSparkSessionExtension --conf spark.sql.catalog.spark_catalog=org.apache.spark.sql.delta.catalog.DeltaCatalog --jars /opt/***/jars/hadoop-aws-3.3.4.jar,/opt/***/jars/s3-2.18.41.jar,/opt/***/jars/aws-java-sdk-1.12.367.jar,/opt/***/jars/delta-core_2.12-2.4.0.jar,/opt/***/jars/delta-storage-2.2.0.jar, --packages org.apache.hadoop:hadoop-aws:3.3.4 --num-executors 2 --total-executor-cores 2 --executor-cores 2 --executor-memory 2g --driver-memory 1g --name arrow-spark --deploy-mode client /opt/***/jobs/python/test_Credit.py s3a://lakehouse/bronze/credits.parquet s3a://lakehouse/sliver/credit. Error code is: 1.
[2024-10-25T10:52:06.686+0000] {taskinstance.py:1398} INFO - Marking task as UP_FOR_RETRY. dag_id=task_credits_clean, task_id=credits_cleaned, execution_date=20241025T105139, start_date=20241025T105141, end_date=20241025T105206
[2024-10-25T10:52:06.700+0000] {standard_task_runner.py:104} ERROR - Failed to execute job 130 for task credits_cleaned (Cannot execute: spark-submit --master spark://spark-master:7077 --conf spark.sql.extensions=io.delta.sql.DeltaSparkSessionExtension --conf spark.sql.catalog.spark_catalog=org.apache.spark.sql.delta.catalog.DeltaCatalog --jars /opt/***/jars/hadoop-aws-3.3.4.jar,/opt/***/jars/s3-2.18.41.jar,/opt/***/jars/aws-java-sdk-1.12.367.jar,/opt/***/jars/delta-core_2.12-2.4.0.jar,/opt/***/jars/delta-storage-2.2.0.jar, --packages org.apache.hadoop:hadoop-aws:3.3.4 --num-executors 2 --total-executor-cores 2 --executor-cores 2 --executor-memory 2g --driver-memory 1g --name arrow-spark --deploy-mode client /opt/***/jobs/python/test_Credit.py s3a://lakehouse/bronze/credits.parquet s3a://lakehouse/sliver/credit. Error code is: 1.; 20790)
[2024-10-25T10:52:06.747+0000] {local_task_job_runner.py:228} INFO - Task exited with return code 1
[2024-10-25T10:52:06.763+0000] {taskinstance.py:2776} INFO - 0 downstream tasks scheduled from follow-on schedule check
