[2024-11-02T11:48:54.821+0000] {taskinstance.py:1157} INFO - Dependencies all met for dep_context=non-requeueable deps ti=<TaskInstance: task_credits_clean.credits_cleaned manual__2024-11-02T11:43:33.762860+00:00 [queued]>
[2024-11-02T11:48:54.828+0000] {taskinstance.py:1157} INFO - Dependencies all met for dep_context=requeueable deps ti=<TaskInstance: task_credits_clean.credits_cleaned manual__2024-11-02T11:43:33.762860+00:00 [queued]>
[2024-11-02T11:48:54.828+0000] {taskinstance.py:1359} INFO - Starting attempt 2 of 2
[2024-11-02T11:48:54.840+0000] {taskinstance.py:1380} INFO - Executing <Task(SparkSubmitOperator): credits_cleaned> on 2024-11-02 11:43:33.762860+00:00
[2024-11-02T11:48:54.845+0000] {standard_task_runner.py:57} INFO - Started process 1997 to run task
[2024-11-02T11:48:54.848+0000] {standard_task_runner.py:84} INFO - Running: ['***', 'tasks', 'run', 'task_credits_clean', 'credits_cleaned', 'manual__2024-11-02T11:43:33.762860+00:00', '--job-id', '109', '--raw', '--subdir', 'DAGS_FOLDER/credits_test.py', '--cfg-path', '/tmp/tmp0i8ox8_f']
[2024-11-02T11:48:54.852+0000] {standard_task_runner.py:85} INFO - Job 109: Subtask credits_cleaned
[2024-11-02T11:48:54.894+0000] {task_command.py:415} INFO - Running <TaskInstance: task_credits_clean.credits_cleaned manual__2024-11-02T11:43:33.762860+00:00 [running]> on host ca8eb5e6736b
[2024-11-02T11:48:54.964+0000] {taskinstance.py:1660} INFO - Exporting env vars: AIRFLOW_CTX_DAG_OWNER='***' AIRFLOW_CTX_DAG_ID='task_credits_clean' AIRFLOW_CTX_TASK_ID='credits_cleaned' AIRFLOW_CTX_EXECUTION_DATE='2024-11-02T11:43:33.762860+00:00' AIRFLOW_CTX_TRY_NUMBER='2' AIRFLOW_CTX_DAG_RUN_ID='manual__2024-11-02T11:43:33.762860+00:00'
[2024-11-02T11:48:54.972+0000] {base.py:73} INFO - Using connection ID 'spark-conn' for task execution.
[2024-11-02T11:48:54.974+0000] {spark_submit.py:403} INFO - Spark-Submit cmd: spark-submit --master spark://master:7077 --conf spark.sql.extensions=io.delta.sql.DeltaSparkSessionExtension --conf spark.sql.catalog.spark_catalog=org.apache.spark.sql.delta.catalog.DeltaCatalog --jars /opt/***/jars/hadoop-aws-3.3.4.jar,/opt/***/jars/s3-2.18.41.jar,/opt/***/jars/aws-java-sdk-1.12.367.jar,/opt/***/jars/delta-core_2.12-2.4.0.jar,/opt/***/jars/delta-storage-2.2.0.jar, --packages org.apache.hadoop:hadoop-aws:3.3.4 --num-executors 2 --total-executor-cores 2 --executor-cores 2 --executor-memory 2g --driver-memory 1g --name arrow-spark --deploy-mode client /opt/***/jobs/python/test_Credit.py s3a://lakehouse/bronze/credits.parquet s3a://lakehouse/sliver/credit
[2024-11-02T11:48:55.061+0000] {spark_submit.py:579} INFO - /home/***/.local/lib/python3.11/site-packages/pyspark/bin/load-spark-env.sh: line 68: ps: command not found
[2024-11-02T11:48:56.464+0000] {spark_submit.py:579} INFO - :: loading settings :: url = jar:file:/home/***/.local/lib/python3.11/site-packages/pyspark/jars/ivy-2.5.1.jar!/org/apache/ivy/core/settings/ivysettings.xml
[2024-11-02T11:48:56.652+0000] {spark_submit.py:579} INFO - Ivy Default Cache set to: /home/***/.ivy2/cache
[2024-11-02T11:48:56.653+0000] {spark_submit.py:579} INFO - The jars for the packages stored in: /home/***/.ivy2/jars
[2024-11-02T11:48:56.657+0000] {spark_submit.py:579} INFO - org.apache.hadoop#hadoop-aws added as a dependency
[2024-11-02T11:48:56.659+0000] {spark_submit.py:579} INFO - :: resolving dependencies :: org.apache.spark#spark-submit-parent-11de6790-cc04-432d-b63f-641aa8c03787;1.0
[2024-11-02T11:48:56.659+0000] {spark_submit.py:579} INFO - confs: [default]
[2024-11-02T11:48:56.795+0000] {spark_submit.py:579} INFO - found org.apache.hadoop#hadoop-aws;3.3.4 in central
[2024-11-02T11:48:56.820+0000] {spark_submit.py:579} INFO - found com.amazonaws#aws-java-sdk-bundle;1.12.262 in central
[2024-11-02T11:48:56.843+0000] {spark_submit.py:579} INFO - found org.wildfly.openssl#wildfly-openssl;1.0.7.Final in central
[2024-11-02T11:48:56.865+0000] {spark_submit.py:579} INFO - :: resolution report :: resolve 198ms :: artifacts dl 9ms
[2024-11-02T11:48:56.865+0000] {spark_submit.py:579} INFO - :: modules in use:
[2024-11-02T11:48:56.866+0000] {spark_submit.py:579} INFO - com.amazonaws#aws-java-sdk-bundle;1.12.262 from central in [default]
[2024-11-02T11:48:56.866+0000] {spark_submit.py:579} INFO - org.apache.hadoop#hadoop-aws;3.3.4 from central in [default]
[2024-11-02T11:48:56.867+0000] {spark_submit.py:579} INFO - org.wildfly.openssl#wildfly-openssl;1.0.7.Final from central in [default]
[2024-11-02T11:48:56.868+0000] {spark_submit.py:579} INFO - ---------------------------------------------------------------------
[2024-11-02T11:48:56.868+0000] {spark_submit.py:579} INFO - |                  |            modules            ||   artifacts   |
[2024-11-02T11:48:56.869+0000] {spark_submit.py:579} INFO - |       conf       | number| search|dwnlded|evicted|| number|dwnlded|
[2024-11-02T11:48:56.869+0000] {spark_submit.py:579} INFO - ---------------------------------------------------------------------
[2024-11-02T11:48:56.870+0000] {spark_submit.py:579} INFO - |      default     |   3   |   0   |   0   |   0   ||   3   |   0   |
[2024-11-02T11:48:56.870+0000] {spark_submit.py:579} INFO - ---------------------------------------------------------------------
[2024-11-02T11:48:56.871+0000] {spark_submit.py:579} INFO - :: retrieving :: org.apache.spark#spark-submit-parent-11de6790-cc04-432d-b63f-641aa8c03787
[2024-11-02T11:48:56.871+0000] {spark_submit.py:579} INFO - confs: [default]
[2024-11-02T11:48:56.876+0000] {spark_submit.py:579} INFO - 0 artifacts copied, 3 already retrieved (0kB/5ms)
[2024-11-02T11:48:57.062+0000] {spark_submit.py:579} INFO - 24/11/02 11:48:57 WARN NativeCodeLoader: Unable to load native-hadoop library for your platform... using builtin-java classes where applicable
[2024-11-02T11:48:58.162+0000] {spark_submit.py:579} INFO - 2024-11-02 11:48:58,161 INFO: Python version on driver: 3.11.5
[2024-11-02T11:48:58.162+0000] {spark_submit.py:579} INFO - 2024-11-02 11:48:58,161 INFO: Initializing Spark session...
[2024-11-02T11:48:58.298+0000] {spark_submit.py:579} INFO - 24/11/02 11:48:58 INFO SparkContext: Running Spark version 3.4.3
[2024-11-02T11:48:58.325+0000] {spark_submit.py:579} INFO - 24/11/02 11:48:58 INFO ResourceUtils: ==============================================================
[2024-11-02T11:48:58.326+0000] {spark_submit.py:579} INFO - 24/11/02 11:48:58 INFO ResourceUtils: No custom resources configured for spark.driver.
[2024-11-02T11:48:58.326+0000] {spark_submit.py:579} INFO - 24/11/02 11:48:58 INFO ResourceUtils: ==============================================================
[2024-11-02T11:48:58.327+0000] {spark_submit.py:579} INFO - 24/11/02 11:48:58 INFO SparkContext: Submitted application: CleanCredits
[2024-11-02T11:48:58.353+0000] {spark_submit.py:579} INFO - 24/11/02 11:48:58 INFO ResourceProfile: Default ResourceProfile created, executor resources: Map(cores -> name: cores, amount: 2, script: , vendor: , memory -> name: memory, amount: 2048, script: , vendor: , offHeap -> name: offHeap, amount: 0, script: , vendor: ), task resources: Map(cpus -> name: cpus, amount: 1.0)
[2024-11-02T11:48:58.368+0000] {spark_submit.py:579} INFO - 24/11/02 11:48:58 INFO ResourceProfile: Limiting resource is cpus at 2 tasks per executor
[2024-11-02T11:48:58.370+0000] {spark_submit.py:579} INFO - 24/11/02 11:48:58 INFO ResourceProfileManager: Added ResourceProfile id: 0
[2024-11-02T11:48:58.431+0000] {spark_submit.py:579} INFO - 24/11/02 11:48:58 INFO SecurityManager: Changing view acls to: ***
[2024-11-02T11:48:58.432+0000] {spark_submit.py:579} INFO - 24/11/02 11:48:58 INFO SecurityManager: Changing modify acls to: ***
[2024-11-02T11:48:58.433+0000] {spark_submit.py:579} INFO - 24/11/02 11:48:58 INFO SecurityManager: Changing view acls groups to:
[2024-11-02T11:48:58.434+0000] {spark_submit.py:579} INFO - 24/11/02 11:48:58 INFO SecurityManager: Changing modify acls groups to:
[2024-11-02T11:48:58.434+0000] {spark_submit.py:579} INFO - 24/11/02 11:48:58 INFO SecurityManager: SecurityManager: authentication disabled; ui acls disabled; users with view permissions: ***; groups with view permissions: EMPTY; users with modify permissions: ***; groups with modify permissions: EMPTY
[2024-11-02T11:48:58.657+0000] {spark_submit.py:579} INFO - 24/11/02 11:48:58 INFO Utils: Successfully started service 'sparkDriver' on port 34753.
[2024-11-02T11:48:58.684+0000] {spark_submit.py:579} INFO - 24/11/02 11:48:58 INFO SparkEnv: Registering MapOutputTracker
[2024-11-02T11:48:58.714+0000] {spark_submit.py:579} INFO - 24/11/02 11:48:58 INFO SparkEnv: Registering BlockManagerMaster
[2024-11-02T11:48:58.728+0000] {spark_submit.py:579} INFO - 24/11/02 11:48:58 INFO BlockManagerMasterEndpoint: Using org.apache.spark.storage.DefaultTopologyMapper for getting topology information
[2024-11-02T11:48:58.728+0000] {spark_submit.py:579} INFO - 24/11/02 11:48:58 INFO BlockManagerMasterEndpoint: BlockManagerMasterEndpoint up
[2024-11-02T11:48:58.732+0000] {spark_submit.py:579} INFO - 24/11/02 11:48:58 INFO SparkEnv: Registering BlockManagerMasterHeartbeat
[2024-11-02T11:48:58.752+0000] {spark_submit.py:579} INFO - 24/11/02 11:48:58 INFO DiskBlockManager: Created local directory at /tmp/blockmgr-c67e9932-078f-41d3-aa82-1061fc65a1ab
[2024-11-02T11:48:58.766+0000] {spark_submit.py:579} INFO - 24/11/02 11:48:58 INFO MemoryStore: MemoryStore started with capacity 434.4 MiB
[2024-11-02T11:48:58.782+0000] {spark_submit.py:579} INFO - 24/11/02 11:48:58 INFO SparkEnv: Registering OutputCommitCoordinator
[2024-11-02T11:48:58.896+0000] {spark_submit.py:579} INFO - 24/11/02 11:48:58 INFO JettyUtils: Start Jetty 0.0.0.0:4040 for SparkUI
[2024-11-02T11:48:58.953+0000] {spark_submit.py:579} INFO - 24/11/02 11:48:58 INFO Utils: Successfully started service 'SparkUI' on port 4040.
[2024-11-02T11:48:58.988+0000] {spark_submit.py:579} INFO - 24/11/02 11:48:58 INFO SparkContext: Added JAR file:///opt/***/jars/hadoop-aws-3.3.4.jar at spark://ca8eb5e6736b:34753/jars/hadoop-aws-3.3.4.jar with timestamp 1730548138288
[2024-11-02T11:48:58.990+0000] {spark_submit.py:579} INFO - 24/11/02 11:48:58 INFO SparkContext: Added JAR file:///opt/***/jars/s3-2.18.41.jar at spark://ca8eb5e6736b:34753/jars/s3-2.18.41.jar with timestamp 1730548138288
[2024-11-02T11:48:58.991+0000] {spark_submit.py:579} INFO - 24/11/02 11:48:58 INFO SparkContext: Added JAR file:///opt/***/jars/aws-java-sdk-1.12.367.jar at spark://ca8eb5e6736b:34753/jars/aws-java-sdk-1.12.367.jar with timestamp 1730548138288
[2024-11-02T11:48:58.993+0000] {spark_submit.py:579} INFO - 24/11/02 11:48:58 INFO SparkContext: Added JAR file:///opt/***/jars/delta-core_2.12-2.4.0.jar at spark://ca8eb5e6736b:34753/jars/delta-core_2.12-2.4.0.jar with timestamp 1730548138288
[2024-11-02T11:48:58.994+0000] {spark_submit.py:579} INFO - 24/11/02 11:48:58 INFO SparkContext: Added JAR file:///opt/***/jars/delta-storage-2.2.0.jar at spark://ca8eb5e6736b:34753/jars/delta-storage-2.2.0.jar with timestamp 1730548138288
[2024-11-02T11:48:58.995+0000] {spark_submit.py:579} INFO - 24/11/02 11:48:58 INFO SparkContext: Added JAR file:///home/***/.ivy2/jars/org.apache.hadoop_hadoop-aws-3.3.4.jar at spark://ca8eb5e6736b:34753/jars/org.apache.hadoop_hadoop-aws-3.3.4.jar with timestamp 1730548138288
[2024-11-02T11:48:58.996+0000] {spark_submit.py:579} INFO - 24/11/02 11:48:58 INFO SparkContext: Added JAR file:///home/***/.ivy2/jars/com.amazonaws_aws-java-sdk-bundle-1.12.262.jar at spark://ca8eb5e6736b:34753/jars/com.amazonaws_aws-java-sdk-bundle-1.12.262.jar with timestamp 1730548138288
[2024-11-02T11:48:58.996+0000] {spark_submit.py:579} INFO - 24/11/02 11:48:58 INFO SparkContext: Added JAR file:///home/***/.ivy2/jars/org.wildfly.openssl_wildfly-openssl-1.0.7.Final.jar at spark://ca8eb5e6736b:34753/jars/org.wildfly.openssl_wildfly-openssl-1.0.7.Final.jar with timestamp 1730548138288
[2024-11-02T11:48:58.998+0000] {spark_submit.py:579} INFO - 24/11/02 11:48:58 INFO SparkContext: Added file file:///home/***/.ivy2/jars/org.apache.hadoop_hadoop-aws-3.3.4.jar at spark://ca8eb5e6736b:34753/files/org.apache.hadoop_hadoop-aws-3.3.4.jar with timestamp 1730548138288
[2024-11-02T11:48:59.000+0000] {spark_submit.py:579} INFO - 24/11/02 11:48:59 INFO Utils: Copying /home/***/.ivy2/jars/org.apache.hadoop_hadoop-aws-3.3.4.jar to /tmp/spark-ebb553e3-9973-4b78-886a-7b241839bda7/userFiles-5e587d16-a416-47bc-a3ba-27bbdada2e11/org.apache.hadoop_hadoop-aws-3.3.4.jar
[2024-11-02T11:48:59.013+0000] {spark_submit.py:579} INFO - 24/11/02 11:48:59 INFO SparkContext: Added file file:///home/***/.ivy2/jars/com.amazonaws_aws-java-sdk-bundle-1.12.262.jar at spark://ca8eb5e6736b:34753/files/com.amazonaws_aws-java-sdk-bundle-1.12.262.jar with timestamp 1730548138288
[2024-11-02T11:48:59.013+0000] {spark_submit.py:579} INFO - 24/11/02 11:48:59 INFO Utils: Copying /home/***/.ivy2/jars/com.amazonaws_aws-java-sdk-bundle-1.12.262.jar to /tmp/spark-ebb553e3-9973-4b78-886a-7b241839bda7/userFiles-5e587d16-a416-47bc-a3ba-27bbdada2e11/com.amazonaws_aws-java-sdk-bundle-1.12.262.jar
[2024-11-02T11:48:59.365+0000] {spark_submit.py:579} INFO - 24/11/02 11:48:59 INFO SparkContext: Added file file:///home/***/.ivy2/jars/org.wildfly.openssl_wildfly-openssl-1.0.7.Final.jar at spark://ca8eb5e6736b:34753/files/org.wildfly.openssl_wildfly-openssl-1.0.7.Final.jar with timestamp 1730548138288
[2024-11-02T11:48:59.365+0000] {spark_submit.py:579} INFO - 24/11/02 11:48:59 INFO Utils: Copying /home/***/.ivy2/jars/org.wildfly.openssl_wildfly-openssl-1.0.7.Final.jar to /tmp/spark-ebb553e3-9973-4b78-886a-7b241839bda7/userFiles-5e587d16-a416-47bc-a3ba-27bbdada2e11/org.wildfly.openssl_wildfly-openssl-1.0.7.Final.jar
[2024-11-02T11:48:59.452+0000] {spark_submit.py:579} INFO - 24/11/02 11:48:59 INFO StandaloneAppClient$ClientEndpoint: Connecting to master spark://spark-master:7077...
[2024-11-02T11:48:59.493+0000] {spark_submit.py:579} INFO - 24/11/02 11:48:59 INFO TransportClientFactory: Successfully created connection to spark-master/172.19.0.4:7077 after 24 ms (0 ms spent in bootstraps)
[2024-11-02T11:48:59.577+0000] {spark_submit.py:579} INFO - 24/11/02 11:48:59 INFO StandaloneSchedulerBackend: Connected to Spark cluster with app ID app-20241102114859-0003
[2024-11-02T11:48:59.579+0000] {spark_submit.py:579} INFO - 24/11/02 11:48:59 INFO StandaloneAppClient$ClientEndpoint: Executor added: app-20241102114859-0003/0 on worker-20241102113808-172.19.0.5-42233 (172.19.0.5:42233) with 2 core(s)
[2024-11-02T11:48:59.582+0000] {spark_submit.py:579} INFO - 24/11/02 11:48:59 INFO StandaloneSchedulerBackend: Granted executor ID app-20241102114859-0003/0 on hostPort 172.19.0.5:42233 with 2 core(s), 2.0 GiB RAM
[2024-11-02T11:48:59.586+0000] {spark_submit.py:579} INFO - 24/11/02 11:48:59 INFO Utils: Successfully started service 'org.apache.spark.network.netty.NettyBlockTransferService' on port 32947.
[2024-11-02T11:48:59.587+0000] {spark_submit.py:579} INFO - 24/11/02 11:48:59 INFO NettyBlockTransferService: Server created on ca8eb5e6736b:32947
[2024-11-02T11:48:59.588+0000] {spark_submit.py:579} INFO - 24/11/02 11:48:59 INFO BlockManager: Using org.apache.spark.storage.RandomBlockReplicationPolicy for block replication policy
[2024-11-02T11:48:59.594+0000] {spark_submit.py:579} INFO - 24/11/02 11:48:59 INFO BlockManagerMaster: Registering BlockManager BlockManagerId(driver, ca8eb5e6736b, 32947, None)
[2024-11-02T11:48:59.598+0000] {spark_submit.py:579} INFO - 24/11/02 11:48:59 INFO BlockManagerMasterEndpoint: Registering block manager ca8eb5e6736b:32947 with 434.4 MiB RAM, BlockManagerId(driver, ca8eb5e6736b, 32947, None)
[2024-11-02T11:48:59.601+0000] {spark_submit.py:579} INFO - 24/11/02 11:48:59 INFO BlockManagerMaster: Registered BlockManager BlockManagerId(driver, ca8eb5e6736b, 32947, None)
[2024-11-02T11:48:59.603+0000] {spark_submit.py:579} INFO - 24/11/02 11:48:59 INFO BlockManager: Initialized BlockManager: BlockManagerId(driver, ca8eb5e6736b, 32947, None)
[2024-11-02T11:48:59.623+0000] {spark_submit.py:579} INFO - 24/11/02 11:48:59 INFO StandaloneAppClient$ClientEndpoint: Executor updated: app-20241102114859-0003/0 is now RUNNING
[2024-11-02T11:48:59.789+0000] {spark_submit.py:579} INFO - 24/11/02 11:48:59 INFO StandaloneSchedulerBackend: SchedulerBackend is ready for scheduling beginning after reached minRegisteredResourcesRatio: 0.0
[2024-11-02T11:49:00.063+0000] {spark_submit.py:579} INFO - 2024-11-02 11:49:00,063 INFO: Spark session initialized successfully.
[2024-11-02T11:49:00.064+0000] {spark_submit.py:579} INFO - 2024-11-02 11:49:00,063 INFO: Reading data from s3a://lakehouse/bronze/credits.parquet
[2024-11-02T11:49:00.069+0000] {spark_submit.py:579} INFO - 24/11/02 11:49:00 INFO SharedState: Setting hive.metastore.warehouse.dir ('null') to the value of spark.sql.warehouse.dir.
[2024-11-02T11:49:00.277+0000] {spark_submit.py:579} INFO - 24/11/02 11:49:00 WARN MetricsConfig: Cannot locate configuration: tried hadoop-metrics2-s3a-file-system.properties,hadoop-metrics2.properties
[2024-11-02T11:49:00.292+0000] {spark_submit.py:579} INFO - 24/11/02 11:49:00 INFO MetricsSystemImpl: Scheduled Metric snapshot period at 10 second(s).
[2024-11-02T11:49:00.293+0000] {spark_submit.py:579} INFO - 24/11/02 11:49:00 INFO MetricsSystemImpl: s3a-file-system metrics system started
[2024-11-02T11:49:01.420+0000] {spark_submit.py:579} INFO - 24/11/02 11:49:01 INFO SharedState: Warehouse path is 's3a://lakehouse/'.
[2024-11-02T11:49:02.075+0000] {spark_submit.py:579} INFO - 24/11/02 11:49:02 INFO StandaloneSchedulerBackend$StandaloneDriverEndpoint: Registered executor NettyRpcEndpointRef(spark-client://Executor) (172.19.0.5:51090) with ID 0,  ResourceProfileId 0
[2024-11-02T11:49:02.149+0000] {spark_submit.py:579} INFO - 24/11/02 11:49:02 INFO BlockManagerMasterEndpoint: Registering block manager 172.19.0.5:44369 with 1048.8 MiB RAM, BlockManagerId(0, 172.19.0.5, 44369, None)
[2024-11-02T11:49:02.960+0000] {spark_submit.py:579} INFO - 24/11/02 11:49:02 INFO InMemoryFileIndex: It took 99 ms to list leaf files for 1 paths.
[2024-11-02T11:49:03.441+0000] {spark_submit.py:579} INFO - 24/11/02 11:49:03 INFO SparkContext: Starting job: load at NativeMethodAccessorImpl.java:0
[2024-11-02T11:49:03.459+0000] {spark_submit.py:579} INFO - 24/11/02 11:49:03 INFO DAGScheduler: Got job 0 (load at NativeMethodAccessorImpl.java:0) with 1 output partitions
[2024-11-02T11:49:03.460+0000] {spark_submit.py:579} INFO - 24/11/02 11:49:03 INFO DAGScheduler: Final stage: ResultStage 0 (load at NativeMethodAccessorImpl.java:0)
[2024-11-02T11:49:03.461+0000] {spark_submit.py:579} INFO - 24/11/02 11:49:03 INFO DAGScheduler: Parents of final stage: List()
[2024-11-02T11:49:03.463+0000] {spark_submit.py:579} INFO - 24/11/02 11:49:03 INFO DAGScheduler: Missing parents: List()
[2024-11-02T11:49:03.471+0000] {spark_submit.py:579} INFO - 24/11/02 11:49:03 INFO DAGScheduler: Submitting ResultStage 0 (MapPartitionsRDD[1] at load at NativeMethodAccessorImpl.java:0), which has no missing parents
[2024-11-02T11:49:03.534+0000] {spark_submit.py:579} INFO - 24/11/02 11:49:03 INFO MemoryStore: Block broadcast_0 stored as values in memory (estimated size 106.9 KiB, free 434.3 MiB)
[2024-11-02T11:49:03.605+0000] {spark_submit.py:579} INFO - 24/11/02 11:49:03 INFO MemoryStore: Block broadcast_0_piece0 stored as bytes in memory (estimated size 38.9 KiB, free 434.3 MiB)
[2024-11-02T11:49:03.609+0000] {spark_submit.py:579} INFO - 24/11/02 11:49:03 INFO BlockManagerInfo: Added broadcast_0_piece0 in memory on ca8eb5e6736b:32947 (size: 38.9 KiB, free: 434.4 MiB)
[2024-11-02T11:49:03.613+0000] {spark_submit.py:579} INFO - 24/11/02 11:49:03 INFO SparkContext: Created broadcast 0 from broadcast at DAGScheduler.scala:1540
[2024-11-02T11:49:03.632+0000] {spark_submit.py:579} INFO - 24/11/02 11:49:03 INFO DAGScheduler: Submitting 1 missing tasks from ResultStage 0 (MapPartitionsRDD[1] at load at NativeMethodAccessorImpl.java:0) (first 15 tasks are for partitions Vector(0))
[2024-11-02T11:49:03.634+0000] {spark_submit.py:579} INFO - 24/11/02 11:49:03 INFO TaskSchedulerImpl: Adding task set 0.0 with 1 tasks resource profile 0
[2024-11-02T11:49:05.686+0000] {spark_submit.py:579} INFO - 24/11/02 11:49:05 INFO TaskSetManager: Starting task 0.0 in stage 0.0 (TID 0) (172.19.0.5, executor 0, partition 0, PROCESS_LOCAL, 7500 bytes)
[2024-11-02T11:49:05.916+0000] {spark_submit.py:579} INFO - 24/11/02 11:49:05 INFO BlockManagerInfo: Added broadcast_0_piece0 in memory on 172.19.0.5:44369 (size: 38.9 KiB, free: 1048.8 MiB)
[2024-11-02T11:49:06.069+0000] {spark_submit.py:579} INFO - 24/11/02 11:49:06 WARN TaskSetManager: Lost task 0.0 in stage 0.0 (TID 0) (172.19.0.5 executor 0): java.io.InvalidClassException: org.apache.spark.rdd.RDD; local class incompatible: stream classdesc serialVersionUID = -857609805308345919, local class serialVersionUID = -1432615955171021378
[2024-11-02T11:49:06.070+0000] {spark_submit.py:579} INFO - at java.base/java.io.ObjectStreamClass.initNonProxy(ObjectStreamClass.java:597)
[2024-11-02T11:49:06.070+0000] {spark_submit.py:579} INFO - at java.base/java.io.ObjectInputStream.readNonProxyDesc(ObjectInputStream.java:2051)
[2024-11-02T11:49:06.071+0000] {spark_submit.py:579} INFO - at java.base/java.io.ObjectInputStream.readClassDesc(ObjectInputStream.java:1898)
[2024-11-02T11:49:06.071+0000] {spark_submit.py:579} INFO - at java.base/java.io.ObjectInputStream.readNonProxyDesc(ObjectInputStream.java:2051)
[2024-11-02T11:49:06.072+0000] {spark_submit.py:579} INFO - at java.base/java.io.ObjectInputStream.readClassDesc(ObjectInputStream.java:1898)
[2024-11-02T11:49:06.072+0000] {spark_submit.py:579} INFO - at java.base/java.io.ObjectInputStream.readOrdinaryObject(ObjectInputStream.java:2224)
[2024-11-02T11:49:06.073+0000] {spark_submit.py:579} INFO - at java.base/java.io.ObjectInputStream.readObject0(ObjectInputStream.java:1733)
[2024-11-02T11:49:06.074+0000] {spark_submit.py:579} INFO - at java.base/java.io.ObjectInputStream$FieldValues.<init>(ObjectInputStream.java:2606)
[2024-11-02T11:49:06.075+0000] {spark_submit.py:579} INFO - at java.base/java.io.ObjectInputStream.readSerialData(ObjectInputStream.java:2457)
[2024-11-02T11:49:06.076+0000] {spark_submit.py:579} INFO - at java.base/java.io.ObjectInputStream.readOrdinaryObject(ObjectInputStream.java:2257)
[2024-11-02T11:49:06.076+0000] {spark_submit.py:579} INFO - at java.base/java.io.ObjectInputStream.readObject0(ObjectInputStream.java:1733)
[2024-11-02T11:49:06.077+0000] {spark_submit.py:579} INFO - at java.base/java.io.ObjectInputStream.readObject(ObjectInputStream.java:509)
[2024-11-02T11:49:06.078+0000] {spark_submit.py:579} INFO - at java.base/java.io.ObjectInputStream.readObject(ObjectInputStream.java:467)
[2024-11-02T11:49:06.079+0000] {spark_submit.py:579} INFO - at org.apache.spark.serializer.JavaDeserializationStream.readObject(JavaSerializer.scala:87)
[2024-11-02T11:49:06.080+0000] {spark_submit.py:579} INFO - at org.apache.spark.serializer.JavaSerializerInstance.deserialize(JavaSerializer.scala:129)
[2024-11-02T11:49:06.080+0000] {spark_submit.py:579} INFO - at org.apache.spark.scheduler.ResultTask.runTask(ResultTask.scala:85)
[2024-11-02T11:49:06.081+0000] {spark_submit.py:579} INFO - at org.apache.spark.TaskContext.runTaskWithListeners(TaskContext.scala:161)
[2024-11-02T11:49:06.082+0000] {spark_submit.py:579} INFO - at org.apache.spark.scheduler.Task.run(Task.scala:139)
[2024-11-02T11:49:06.082+0000] {spark_submit.py:579} INFO - at org.apache.spark.executor.Executor$TaskRunner.$anonfun$run$3(Executor.scala:554)
[2024-11-02T11:49:06.083+0000] {spark_submit.py:579} INFO - at org.apache.spark.util.Utils$.tryWithSafeFinally(Utils.scala:1529)
[2024-11-02T11:49:06.084+0000] {spark_submit.py:579} INFO - at org.apache.spark.executor.Executor$TaskRunner.run(Executor.scala:557)
[2024-11-02T11:49:06.085+0000] {spark_submit.py:579} INFO - at java.base/java.util.concurrent.ThreadPoolExecutor.runWorker(ThreadPoolExecutor.java:1136)
[2024-11-02T11:49:06.086+0000] {spark_submit.py:579} INFO - at java.base/java.util.concurrent.ThreadPoolExecutor$Worker.run(ThreadPoolExecutor.java:635)
[2024-11-02T11:49:06.087+0000] {spark_submit.py:579} INFO - at java.base/java.lang.Thread.run(Thread.java:840)
[2024-11-02T11:49:06.087+0000] {spark_submit.py:579} INFO - 
[2024-11-02T11:49:06.088+0000] {spark_submit.py:579} INFO - 24/11/02 11:49:06 INFO TaskSetManager: Starting task 0.1 in stage 0.0 (TID 1) (172.19.0.5, executor 0, partition 0, PROCESS_LOCAL, 7500 bytes)
[2024-11-02T11:49:06.098+0000] {spark_submit.py:579} INFO - 24/11/02 11:49:06 INFO TaskSetManager: Lost task 0.1 in stage 0.0 (TID 1) on 172.19.0.5, executor 0: java.io.InvalidClassException (org.apache.spark.rdd.RDD; local class incompatible: stream classdesc serialVersionUID = -857609805308345919, local class serialVersionUID = -1432615955171021378) [duplicate 1]
[2024-11-02T11:49:06.100+0000] {spark_submit.py:579} INFO - 24/11/02 11:49:06 INFO TaskSetManager: Starting task 0.2 in stage 0.0 (TID 2) (172.19.0.5, executor 0, partition 0, PROCESS_LOCAL, 7500 bytes)
[2024-11-02T11:49:06.115+0000] {spark_submit.py:579} INFO - 24/11/02 11:49:06 INFO TaskSetManager: Lost task 0.2 in stage 0.0 (TID 2) on 172.19.0.5, executor 0: java.io.InvalidClassException (org.apache.spark.rdd.RDD; local class incompatible: stream classdesc serialVersionUID = -857609805308345919, local class serialVersionUID = -1432615955171021378) [duplicate 2]
[2024-11-02T11:49:06.117+0000] {spark_submit.py:579} INFO - 24/11/02 11:49:06 INFO TaskSetManager: Starting task 0.3 in stage 0.0 (TID 3) (172.19.0.5, executor 0, partition 0, PROCESS_LOCAL, 7500 bytes)
[2024-11-02T11:49:06.134+0000] {spark_submit.py:579} INFO - 24/11/02 11:49:06 INFO TaskSetManager: Lost task 0.3 in stage 0.0 (TID 3) on 172.19.0.5, executor 0: java.io.InvalidClassException (org.apache.spark.rdd.RDD; local class incompatible: stream classdesc serialVersionUID = -857609805308345919, local class serialVersionUID = -1432615955171021378) [duplicate 3]
[2024-11-02T11:49:06.136+0000] {spark_submit.py:579} INFO - 24/11/02 11:49:06 ERROR TaskSetManager: Task 0 in stage 0.0 failed 4 times; aborting job
[2024-11-02T11:49:06.137+0000] {spark_submit.py:579} INFO - 24/11/02 11:49:06 INFO TaskSchedulerImpl: Removed TaskSet 0.0, whose tasks have all completed, from pool
[2024-11-02T11:49:06.139+0000] {spark_submit.py:579} INFO - 24/11/02 11:49:06 INFO TaskSchedulerImpl: Cancelling stage 0
[2024-11-02T11:49:06.140+0000] {spark_submit.py:579} INFO - 24/11/02 11:49:06 INFO TaskSchedulerImpl: Killing all running tasks in stage 0: Stage cancelled
[2024-11-02T11:49:06.142+0000] {spark_submit.py:579} INFO - 24/11/02 11:49:06 INFO DAGScheduler: ResultStage 0 (load at NativeMethodAccessorImpl.java:0) failed in 2.655 s due to Job aborted due to stage failure: Task 0 in stage 0.0 failed 4 times, most recent failure: Lost task 0.3 in stage 0.0 (TID 3) (172.19.0.5 executor 0): java.io.InvalidClassException: org.apache.spark.rdd.RDD; local class incompatible: stream classdesc serialVersionUID = -857609805308345919, local class serialVersionUID = -1432615955171021378
[2024-11-02T11:49:06.143+0000] {spark_submit.py:579} INFO - at java.base/java.io.ObjectStreamClass.initNonProxy(ObjectStreamClass.java:597)
[2024-11-02T11:49:06.143+0000] {spark_submit.py:579} INFO - at java.base/java.io.ObjectInputStream.readNonProxyDesc(ObjectInputStream.java:2051)
[2024-11-02T11:49:06.144+0000] {spark_submit.py:579} INFO - at java.base/java.io.ObjectInputStream.readClassDesc(ObjectInputStream.java:1898)
[2024-11-02T11:49:06.144+0000] {spark_submit.py:579} INFO - at java.base/java.io.ObjectInputStream.readNonProxyDesc(ObjectInputStream.java:2051)
[2024-11-02T11:49:06.145+0000] {spark_submit.py:579} INFO - at java.base/java.io.ObjectInputStream.readClassDesc(ObjectInputStream.java:1898)
[2024-11-02T11:49:06.146+0000] {spark_submit.py:579} INFO - at java.base/java.io.ObjectInputStream.readOrdinaryObject(ObjectInputStream.java:2224)
[2024-11-02T11:49:06.146+0000] {spark_submit.py:579} INFO - at java.base/java.io.ObjectInputStream.readObject0(ObjectInputStream.java:1733)
[2024-11-02T11:49:06.147+0000] {spark_submit.py:579} INFO - at java.base/java.io.ObjectInputStream$FieldValues.<init>(ObjectInputStream.java:2606)
[2024-11-02T11:49:06.147+0000] {spark_submit.py:579} INFO - at java.base/java.io.ObjectInputStream.readSerialData(ObjectInputStream.java:2457)
[2024-11-02T11:49:06.148+0000] {spark_submit.py:579} INFO - at java.base/java.io.ObjectInputStream.readOrdinaryObject(ObjectInputStream.java:2257)
[2024-11-02T11:49:06.148+0000] {spark_submit.py:579} INFO - at java.base/java.io.ObjectInputStream.readObject0(ObjectInputStream.java:1733)
[2024-11-02T11:49:06.149+0000] {spark_submit.py:579} INFO - at java.base/java.io.ObjectInputStream.readObject(ObjectInputStream.java:509)
[2024-11-02T11:49:06.149+0000] {spark_submit.py:579} INFO - at java.base/java.io.ObjectInputStream.readObject(ObjectInputStream.java:467)
[2024-11-02T11:49:06.150+0000] {spark_submit.py:579} INFO - at org.apache.spark.serializer.JavaDeserializationStream.readObject(JavaSerializer.scala:87)
[2024-11-02T11:49:06.150+0000] {spark_submit.py:579} INFO - at org.apache.spark.serializer.JavaSerializerInstance.deserialize(JavaSerializer.scala:129)
[2024-11-02T11:49:06.151+0000] {spark_submit.py:579} INFO - at org.apache.spark.scheduler.ResultTask.runTask(ResultTask.scala:85)
[2024-11-02T11:49:06.151+0000] {spark_submit.py:579} INFO - at org.apache.spark.TaskContext.runTaskWithListeners(TaskContext.scala:161)
[2024-11-02T11:49:06.152+0000] {spark_submit.py:579} INFO - at org.apache.spark.scheduler.Task.run(Task.scala:139)
[2024-11-02T11:49:06.152+0000] {spark_submit.py:579} INFO - at org.apache.spark.executor.Executor$TaskRunner.$anonfun$run$3(Executor.scala:554)
[2024-11-02T11:49:06.152+0000] {spark_submit.py:579} INFO - at org.apache.spark.util.Utils$.tryWithSafeFinally(Utils.scala:1529)
[2024-11-02T11:49:06.153+0000] {spark_submit.py:579} INFO - at org.apache.spark.executor.Executor$TaskRunner.run(Executor.scala:557)
[2024-11-02T11:49:06.153+0000] {spark_submit.py:579} INFO - at java.base/java.util.concurrent.ThreadPoolExecutor.runWorker(ThreadPoolExecutor.java:1136)
[2024-11-02T11:49:06.154+0000] {spark_submit.py:579} INFO - at java.base/java.util.concurrent.ThreadPoolExecutor$Worker.run(ThreadPoolExecutor.java:635)
[2024-11-02T11:49:06.154+0000] {spark_submit.py:579} INFO - at java.base/java.lang.Thread.run(Thread.java:840)
[2024-11-02T11:49:06.154+0000] {spark_submit.py:579} INFO - 
[2024-11-02T11:49:06.154+0000] {spark_submit.py:579} INFO - Driver stacktrace:
[2024-11-02T11:49:06.155+0000] {spark_submit.py:579} INFO - 24/11/02 11:49:06 INFO DAGScheduler: Job 0 failed: load at NativeMethodAccessorImpl.java:0, took 2.706000 s
[2024-11-02T11:49:06.301+0000] {spark_submit.py:579} INFO - 2024-11-02 11:49:06,300 ERROR: Error during cleaning process: An error occurred while calling o51.load.
[2024-11-02T11:49:06.301+0000] {spark_submit.py:579} INFO - : org.apache.spark.SparkException: Job aborted due to stage failure: Task 0 in stage 0.0 failed 4 times, most recent failure: Lost task 0.3 in stage 0.0 (TID 3) (172.19.0.5 executor 0): java.io.InvalidClassException: org.apache.spark.rdd.RDD; local class incompatible: stream classdesc serialVersionUID = -857609805308345919, local class serialVersionUID = -1432615955171021378
[2024-11-02T11:49:06.302+0000] {spark_submit.py:579} INFO - at java.base/java.io.ObjectStreamClass.initNonProxy(ObjectStreamClass.java:597)
[2024-11-02T11:49:06.302+0000] {spark_submit.py:579} INFO - at java.base/java.io.ObjectInputStream.readNonProxyDesc(ObjectInputStream.java:2051)
[2024-11-02T11:49:06.302+0000] {spark_submit.py:579} INFO - at java.base/java.io.ObjectInputStream.readClassDesc(ObjectInputStream.java:1898)
[2024-11-02T11:49:06.302+0000] {spark_submit.py:579} INFO - at java.base/java.io.ObjectInputStream.readNonProxyDesc(ObjectInputStream.java:2051)
[2024-11-02T11:49:06.303+0000] {spark_submit.py:579} INFO - at java.base/java.io.ObjectInputStream.readClassDesc(ObjectInputStream.java:1898)
[2024-11-02T11:49:06.303+0000] {spark_submit.py:579} INFO - at java.base/java.io.ObjectInputStream.readOrdinaryObject(ObjectInputStream.java:2224)
[2024-11-02T11:49:06.303+0000] {spark_submit.py:579} INFO - at java.base/java.io.ObjectInputStream.readObject0(ObjectInputStream.java:1733)
[2024-11-02T11:49:06.304+0000] {spark_submit.py:579} INFO - at java.base/java.io.ObjectInputStream$FieldValues.<init>(ObjectInputStream.java:2606)
[2024-11-02T11:49:06.304+0000] {spark_submit.py:579} INFO - at java.base/java.io.ObjectInputStream.readSerialData(ObjectInputStream.java:2457)
[2024-11-02T11:49:06.304+0000] {spark_submit.py:579} INFO - at java.base/java.io.ObjectInputStream.readOrdinaryObject(ObjectInputStream.java:2257)
[2024-11-02T11:49:06.304+0000] {spark_submit.py:579} INFO - at java.base/java.io.ObjectInputStream.readObject0(ObjectInputStream.java:1733)
[2024-11-02T11:49:06.305+0000] {spark_submit.py:579} INFO - at java.base/java.io.ObjectInputStream.readObject(ObjectInputStream.java:509)
[2024-11-02T11:49:06.305+0000] {spark_submit.py:579} INFO - at java.base/java.io.ObjectInputStream.readObject(ObjectInputStream.java:467)
[2024-11-02T11:49:06.305+0000] {spark_submit.py:579} INFO - at org.apache.spark.serializer.JavaDeserializationStream.readObject(JavaSerializer.scala:87)
[2024-11-02T11:49:06.305+0000] {spark_submit.py:579} INFO - at org.apache.spark.serializer.JavaSerializerInstance.deserialize(JavaSerializer.scala:129)
[2024-11-02T11:49:06.305+0000] {spark_submit.py:579} INFO - at org.apache.spark.scheduler.ResultTask.runTask(ResultTask.scala:85)
[2024-11-02T11:49:06.306+0000] {spark_submit.py:579} INFO - at org.apache.spark.TaskContext.runTaskWithListeners(TaskContext.scala:161)
[2024-11-02T11:49:06.306+0000] {spark_submit.py:579} INFO - at org.apache.spark.scheduler.Task.run(Task.scala:139)
[2024-11-02T11:49:06.306+0000] {spark_submit.py:579} INFO - at org.apache.spark.executor.Executor$TaskRunner.$anonfun$run$3(Executor.scala:554)
[2024-11-02T11:49:06.306+0000] {spark_submit.py:579} INFO - at org.apache.spark.util.Utils$.tryWithSafeFinally(Utils.scala:1529)
[2024-11-02T11:49:06.307+0000] {spark_submit.py:579} INFO - at org.apache.spark.executor.Executor$TaskRunner.run(Executor.scala:557)
[2024-11-02T11:49:06.307+0000] {spark_submit.py:579} INFO - at java.base/java.util.concurrent.ThreadPoolExecutor.runWorker(ThreadPoolExecutor.java:1136)
[2024-11-02T11:49:06.307+0000] {spark_submit.py:579} INFO - at java.base/java.util.concurrent.ThreadPoolExecutor$Worker.run(ThreadPoolExecutor.java:635)
[2024-11-02T11:49:06.307+0000] {spark_submit.py:579} INFO - at java.base/java.lang.Thread.run(Thread.java:840)
[2024-11-02T11:49:06.308+0000] {spark_submit.py:579} INFO - 
[2024-11-02T11:49:06.308+0000] {spark_submit.py:579} INFO - Driver stacktrace:
[2024-11-02T11:49:06.308+0000] {spark_submit.py:579} INFO - at org.apache.spark.scheduler.DAGScheduler.failJobAndIndependentStages(DAGScheduler.scala:2790)
[2024-11-02T11:49:06.308+0000] {spark_submit.py:579} INFO - at org.apache.spark.scheduler.DAGScheduler.$anonfun$abortStage$2(DAGScheduler.scala:2726)
[2024-11-02T11:49:06.309+0000] {spark_submit.py:579} INFO - at org.apache.spark.scheduler.DAGScheduler.$anonfun$abortStage$2$adapted(DAGScheduler.scala:2725)
[2024-11-02T11:49:06.309+0000] {spark_submit.py:579} INFO - at scala.collection.mutable.ResizableArray.foreach(ResizableArray.scala:62)
[2024-11-02T11:49:06.309+0000] {spark_submit.py:579} INFO - at scala.collection.mutable.ResizableArray.foreach$(ResizableArray.scala:55)
[2024-11-02T11:49:06.309+0000] {spark_submit.py:579} INFO - at scala.collection.mutable.ArrayBuffer.foreach(ArrayBuffer.scala:49)
[2024-11-02T11:49:06.309+0000] {spark_submit.py:579} INFO - at org.apache.spark.scheduler.DAGScheduler.abortStage(DAGScheduler.scala:2725)
[2024-11-02T11:49:06.310+0000] {spark_submit.py:579} INFO - at org.apache.spark.scheduler.DAGScheduler.$anonfun$handleTaskSetFailed$1(DAGScheduler.scala:1211)
[2024-11-02T11:49:06.310+0000] {spark_submit.py:579} INFO - at org.apache.spark.scheduler.DAGScheduler.$anonfun$handleTaskSetFailed$1$adapted(DAGScheduler.scala:1211)
[2024-11-02T11:49:06.310+0000] {spark_submit.py:579} INFO - at scala.Option.foreach(Option.scala:407)
[2024-11-02T11:49:06.310+0000] {spark_submit.py:579} INFO - at org.apache.spark.scheduler.DAGScheduler.handleTaskSetFailed(DAGScheduler.scala:1211)
[2024-11-02T11:49:06.310+0000] {spark_submit.py:579} INFO - at org.apache.spark.scheduler.DAGSchedulerEventProcessLoop.doOnReceive(DAGScheduler.scala:2989)
[2024-11-02T11:49:06.311+0000] {spark_submit.py:579} INFO - at org.apache.spark.scheduler.DAGSchedulerEventProcessLoop.onReceive(DAGScheduler.scala:2928)
[2024-11-02T11:49:06.311+0000] {spark_submit.py:579} INFO - at org.apache.spark.scheduler.DAGSchedulerEventProcessLoop.onReceive(DAGScheduler.scala:2917)
[2024-11-02T11:49:06.311+0000] {spark_submit.py:579} INFO - at org.apache.spark.util.EventLoop$$anon$1.run(EventLoop.scala:49)
[2024-11-02T11:49:06.311+0000] {spark_submit.py:579} INFO - at org.apache.spark.scheduler.DAGScheduler.runJob(DAGScheduler.scala:976)
[2024-11-02T11:49:06.312+0000] {spark_submit.py:579} INFO - at org.apache.spark.SparkContext.runJob(SparkContext.scala:2263)
[2024-11-02T11:49:06.312+0000] {spark_submit.py:579} INFO - at org.apache.spark.SparkContext.runJob(SparkContext.scala:2284)
[2024-11-02T11:49:06.312+0000] {spark_submit.py:579} INFO - at org.apache.spark.SparkContext.runJob(SparkContext.scala:2303)
[2024-11-02T11:49:06.312+0000] {spark_submit.py:579} INFO - at org.apache.spark.SparkContext.runJob(SparkContext.scala:2328)
[2024-11-02T11:49:06.312+0000] {spark_submit.py:579} INFO - at org.apache.spark.rdd.RDD.$anonfun$collect$1(RDD.scala:1022)
[2024-11-02T11:49:06.313+0000] {spark_submit.py:579} INFO - at org.apache.spark.rdd.RDDOperationScope$.withScope(RDDOperationScope.scala:151)
[2024-11-02T11:49:06.313+0000] {spark_submit.py:579} INFO - at org.apache.spark.rdd.RDDOperationScope$.withScope(RDDOperationScope.scala:112)
[2024-11-02T11:49:06.313+0000] {spark_submit.py:579} INFO - at org.apache.spark.rdd.RDD.withScope(RDD.scala:408)
[2024-11-02T11:49:06.313+0000] {spark_submit.py:579} INFO - at org.apache.spark.rdd.RDD.collect(RDD.scala:1021)
[2024-11-02T11:49:06.313+0000] {spark_submit.py:579} INFO - at org.apache.spark.sql.execution.datasources.SchemaMergeUtils$.mergeSchemasInParallel(SchemaMergeUtils.scala:73)
[2024-11-02T11:49:06.314+0000] {spark_submit.py:579} INFO - at org.apache.spark.sql.execution.datasources.parquet.ParquetFileFormat$.mergeSchemasInParallel(ParquetFileFormat.scala:476)
[2024-11-02T11:49:06.314+0000] {spark_submit.py:579} INFO - at org.apache.spark.sql.execution.datasources.parquet.ParquetUtils$.inferSchema(ParquetUtils.scala:132)
[2024-11-02T11:49:06.314+0000] {spark_submit.py:579} INFO - at org.apache.spark.sql.execution.datasources.parquet.ParquetFileFormat.inferSchema(ParquetFileFormat.scala:78)
[2024-11-02T11:49:06.314+0000] {spark_submit.py:579} INFO - at org.apache.spark.sql.execution.datasources.DataSource.$anonfun$getOrInferFileFormatSchema$11(DataSource.scala:208)
[2024-11-02T11:49:06.315+0000] {spark_submit.py:579} INFO - at scala.Option.orElse(Option.scala:447)
[2024-11-02T11:49:06.315+0000] {spark_submit.py:579} INFO - at org.apache.spark.sql.execution.datasources.DataSource.getOrInferFileFormatSchema(DataSource.scala:205)
[2024-11-02T11:49:06.315+0000] {spark_submit.py:579} INFO - at org.apache.spark.sql.execution.datasources.DataSource.resolveRelation(DataSource.scala:407)
[2024-11-02T11:49:06.315+0000] {spark_submit.py:579} INFO - at org.apache.spark.sql.DataFrameReader.loadV1Source(DataFrameReader.scala:229)
[2024-11-02T11:49:06.315+0000] {spark_submit.py:579} INFO - at org.apache.spark.sql.DataFrameReader.$anonfun$load$2(DataFrameReader.scala:211)
[2024-11-02T11:49:06.316+0000] {spark_submit.py:579} INFO - at scala.Option.getOrElse(Option.scala:189)
[2024-11-02T11:49:06.316+0000] {spark_submit.py:579} INFO - at org.apache.spark.sql.DataFrameReader.load(DataFrameReader.scala:211)
[2024-11-02T11:49:06.316+0000] {spark_submit.py:579} INFO - at org.apache.spark.sql.DataFrameReader.load(DataFrameReader.scala:186)
[2024-11-02T11:49:06.317+0000] {spark_submit.py:579} INFO - at java.base/jdk.internal.reflect.NativeMethodAccessorImpl.invoke0(Native Method)
[2024-11-02T11:49:06.317+0000] {spark_submit.py:579} INFO - at java.base/jdk.internal.reflect.NativeMethodAccessorImpl.invoke(NativeMethodAccessorImpl.java:62)
[2024-11-02T11:49:06.317+0000] {spark_submit.py:579} INFO - at java.base/jdk.internal.reflect.DelegatingMethodAccessorImpl.invoke(DelegatingMethodAccessorImpl.java:43)
[2024-11-02T11:49:06.317+0000] {spark_submit.py:579} INFO - at java.base/java.lang.reflect.Method.invoke(Method.java:566)
[2024-11-02T11:49:06.317+0000] {spark_submit.py:579} INFO - at py4j.reflection.MethodInvoker.invoke(MethodInvoker.java:244)
[2024-11-02T11:49:06.318+0000] {spark_submit.py:579} INFO - at py4j.reflection.ReflectionEngine.invoke(ReflectionEngine.java:374)
[2024-11-02T11:49:06.318+0000] {spark_submit.py:579} INFO - at py4j.Gateway.invoke(Gateway.java:282)
[2024-11-02T11:49:06.318+0000] {spark_submit.py:579} INFO - at py4j.commands.AbstractCommand.invokeMethod(AbstractCommand.java:132)
[2024-11-02T11:49:06.318+0000] {spark_submit.py:579} INFO - at py4j.commands.CallCommand.execute(CallCommand.java:79)
[2024-11-02T11:49:06.319+0000] {spark_submit.py:579} INFO - at py4j.ClientServerConnection.waitForCommands(ClientServerConnection.java:182)
[2024-11-02T11:49:06.319+0000] {spark_submit.py:579} INFO - at py4j.ClientServerConnection.run(ClientServerConnection.java:106)
[2024-11-02T11:49:06.319+0000] {spark_submit.py:579} INFO - at java.base/java.lang.Thread.run(Thread.java:829)
[2024-11-02T11:49:06.319+0000] {spark_submit.py:579} INFO - Caused by: java.io.InvalidClassException: org.apache.spark.rdd.RDD; local class incompatible: stream classdesc serialVersionUID = -857609805308345919, local class serialVersionUID = -1432615955171021378
[2024-11-02T11:49:06.320+0000] {spark_submit.py:579} INFO - at java.base/java.io.ObjectStreamClass.initNonProxy(ObjectStreamClass.java:597)
[2024-11-02T11:49:06.320+0000] {spark_submit.py:579} INFO - at java.base/java.io.ObjectInputStream.readNonProxyDesc(ObjectInputStream.java:2051)
[2024-11-02T11:49:06.320+0000] {spark_submit.py:579} INFO - at java.base/java.io.ObjectInputStream.readClassDesc(ObjectInputStream.java:1898)
[2024-11-02T11:49:06.320+0000] {spark_submit.py:579} INFO - at java.base/java.io.ObjectInputStream.readNonProxyDesc(ObjectInputStream.java:2051)
[2024-11-02T11:49:06.321+0000] {spark_submit.py:579} INFO - at java.base/java.io.ObjectInputStream.readClassDesc(ObjectInputStream.java:1898)
[2024-11-02T11:49:06.321+0000] {spark_submit.py:579} INFO - at java.base/java.io.ObjectInputStream.readOrdinaryObject(ObjectInputStream.java:2224)
[2024-11-02T11:49:06.321+0000] {spark_submit.py:579} INFO - at java.base/java.io.ObjectInputStream.readObject0(ObjectInputStream.java:1733)
[2024-11-02T11:49:06.322+0000] {spark_submit.py:579} INFO - at java.base/java.io.ObjectInputStream$FieldValues.<init>(ObjectInputStream.java:2606)
[2024-11-02T11:49:06.322+0000] {spark_submit.py:579} INFO - at java.base/java.io.ObjectInputStream.readSerialData(ObjectInputStream.java:2457)
[2024-11-02T11:49:06.322+0000] {spark_submit.py:579} INFO - at java.base/java.io.ObjectInputStream.readOrdinaryObject(ObjectInputStream.java:2257)
[2024-11-02T11:49:06.322+0000] {spark_submit.py:579} INFO - at java.base/java.io.ObjectInputStream.readObject0(ObjectInputStream.java:1733)
[2024-11-02T11:49:06.323+0000] {spark_submit.py:579} INFO - at java.base/java.io.ObjectInputStream.readObject(ObjectInputStream.java:509)
[2024-11-02T11:49:06.323+0000] {spark_submit.py:579} INFO - at java.base/java.io.ObjectInputStream.readObject(ObjectInputStream.java:467)
[2024-11-02T11:49:06.323+0000] {spark_submit.py:579} INFO - at org.apache.spark.serializer.JavaDeserializationStream.readObject(JavaSerializer.scala:87)
[2024-11-02T11:49:06.323+0000] {spark_submit.py:579} INFO - at org.apache.spark.serializer.JavaSerializerInstance.deserialize(JavaSerializer.scala:129)
[2024-11-02T11:49:06.324+0000] {spark_submit.py:579} INFO - at org.apache.spark.scheduler.ResultTask.runTask(ResultTask.scala:85)
[2024-11-02T11:49:06.324+0000] {spark_submit.py:579} INFO - at org.apache.spark.TaskContext.runTaskWithListeners(TaskContext.scala:161)
[2024-11-02T11:49:06.324+0000] {spark_submit.py:579} INFO - at org.apache.spark.scheduler.Task.run(Task.scala:139)
[2024-11-02T11:49:06.324+0000] {spark_submit.py:579} INFO - at org.apache.spark.executor.Executor$TaskRunner.$anonfun$run$3(Executor.scala:554)
[2024-11-02T11:49:06.325+0000] {spark_submit.py:579} INFO - at org.apache.spark.util.Utils$.tryWithSafeFinally(Utils.scala:1529)
[2024-11-02T11:49:06.325+0000] {spark_submit.py:579} INFO - at org.apache.spark.executor.Executor$TaskRunner.run(Executor.scala:557)
[2024-11-02T11:49:06.325+0000] {spark_submit.py:579} INFO - at java.base/java.util.concurrent.ThreadPoolExecutor.runWorker(ThreadPoolExecutor.java:1136)
[2024-11-02T11:49:06.325+0000] {spark_submit.py:579} INFO - at java.base/java.util.concurrent.ThreadPoolExecutor$Worker.run(ThreadPoolExecutor.java:635)
[2024-11-02T11:49:06.326+0000] {spark_submit.py:579} INFO - at java.base/java.lang.Thread.run(Thread.java:840)
[2024-11-02T11:49:06.326+0000] {spark_submit.py:579} INFO - 
[2024-11-02T11:49:06.351+0000] {spark_submit.py:579} INFO - 2024-11-02 11:49:06,350 ERROR: Traceback (most recent call last):
[2024-11-02T11:49:06.351+0000] {spark_submit.py:579} INFO - File "/opt/***/jobs/python/test_Credit.py", line 51, in clean_credits
[2024-11-02T11:49:06.352+0000] {spark_submit.py:579} INFO - df = spark.read.format("parquet").load(input_path)
[2024-11-02T11:49:06.353+0000] {spark_submit.py:579} INFO - ^^^^^^^^^^^^^^^^^^^^^^^^^^^^^^^^^^^^^^^^^^^^^
[2024-11-02T11:49:06.353+0000] {spark_submit.py:579} INFO - File "/home/***/.local/lib/python3.11/site-packages/pyspark/python/lib/pyspark.zip/pyspark/sql/readwriter.py", line 300, in load
[2024-11-02T11:49:06.354+0000] {spark_submit.py:579} INFO - return self._df(self._jreader.load(path))
[2024-11-02T11:49:06.354+0000] {spark_submit.py:579} INFO - ^^^^^^^^^^^^^^^^^^^^^^^^
[2024-11-02T11:49:06.354+0000] {spark_submit.py:579} INFO - File "/home/***/.local/lib/python3.11/site-packages/pyspark/python/lib/py4j-0.10.9.7-src.zip/py4j/java_gateway.py", line 1322, in __call__
[2024-11-02T11:49:06.354+0000] {spark_submit.py:579} INFO - return_value = get_return_value(
[2024-11-02T11:49:06.355+0000] {spark_submit.py:579} INFO - ^^^^^^^^^^^^^^^^^
[2024-11-02T11:49:06.355+0000] {spark_submit.py:579} INFO - File "/home/***/.local/lib/python3.11/site-packages/pyspark/python/lib/pyspark.zip/pyspark/errors/exceptions/captured.py", line 169, in deco
[2024-11-02T11:49:06.355+0000] {spark_submit.py:579} INFO - return f(*a, **kw)
[2024-11-02T11:49:06.356+0000] {spark_submit.py:579} INFO - ^^^^^^^^^^^
[2024-11-02T11:49:06.356+0000] {spark_submit.py:579} INFO - File "/home/***/.local/lib/python3.11/site-packages/pyspark/python/lib/py4j-0.10.9.7-src.zip/py4j/protocol.py", line 326, in get_return_value
[2024-11-02T11:49:06.357+0000] {spark_submit.py:579} INFO - raise Py4JJavaError(
[2024-11-02T11:49:06.357+0000] {spark_submit.py:579} INFO - py4j.protocol.Py4JJavaError: An error occurred while calling o51.load.
[2024-11-02T11:49:06.357+0000] {spark_submit.py:579} INFO - : org.apache.spark.SparkException: Job aborted due to stage failure: Task 0 in stage 0.0 failed 4 times, most recent failure: Lost task 0.3 in stage 0.0 (TID 3) (172.19.0.5 executor 0): java.io.InvalidClassException: org.apache.spark.rdd.RDD; local class incompatible: stream classdesc serialVersionUID = -857609805308345919, local class serialVersionUID = -1432615955171021378
[2024-11-02T11:49:06.357+0000] {spark_submit.py:579} INFO - at java.base/java.io.ObjectStreamClass.initNonProxy(ObjectStreamClass.java:597)
[2024-11-02T11:49:06.358+0000] {spark_submit.py:579} INFO - at java.base/java.io.ObjectInputStream.readNonProxyDesc(ObjectInputStream.java:2051)
[2024-11-02T11:49:06.358+0000] {spark_submit.py:579} INFO - at java.base/java.io.ObjectInputStream.readClassDesc(ObjectInputStream.java:1898)
[2024-11-02T11:49:06.358+0000] {spark_submit.py:579} INFO - at java.base/java.io.ObjectInputStream.readNonProxyDesc(ObjectInputStream.java:2051)
[2024-11-02T11:49:06.359+0000] {spark_submit.py:579} INFO - at java.base/java.io.ObjectInputStream.readClassDesc(ObjectInputStream.java:1898)
[2024-11-02T11:49:06.359+0000] {spark_submit.py:579} INFO - at java.base/java.io.ObjectInputStream.readOrdinaryObject(ObjectInputStream.java:2224)
[2024-11-02T11:49:06.359+0000] {spark_submit.py:579} INFO - at java.base/java.io.ObjectInputStream.readObject0(ObjectInputStream.java:1733)
[2024-11-02T11:49:06.360+0000] {spark_submit.py:579} INFO - at java.base/java.io.ObjectInputStream$FieldValues.<init>(ObjectInputStream.java:2606)
[2024-11-02T11:49:06.360+0000] {spark_submit.py:579} INFO - at java.base/java.io.ObjectInputStream.readSerialData(ObjectInputStream.java:2457)
[2024-11-02T11:49:06.360+0000] {spark_submit.py:579} INFO - at java.base/java.io.ObjectInputStream.readOrdinaryObject(ObjectInputStream.java:2257)
[2024-11-02T11:49:06.361+0000] {spark_submit.py:579} INFO - at java.base/java.io.ObjectInputStream.readObject0(ObjectInputStream.java:1733)
[2024-11-02T11:49:06.361+0000] {spark_submit.py:579} INFO - at java.base/java.io.ObjectInputStream.readObject(ObjectInputStream.java:509)
[2024-11-02T11:49:06.361+0000] {spark_submit.py:579} INFO - at java.base/java.io.ObjectInputStream.readObject(ObjectInputStream.java:467)
[2024-11-02T11:49:06.362+0000] {spark_submit.py:579} INFO - at org.apache.spark.serializer.JavaDeserializationStream.readObject(JavaSerializer.scala:87)
[2024-11-02T11:49:06.362+0000] {spark_submit.py:579} INFO - at org.apache.spark.serializer.JavaSerializerInstance.deserialize(JavaSerializer.scala:129)
[2024-11-02T11:49:06.362+0000] {spark_submit.py:579} INFO - at org.apache.spark.scheduler.ResultTask.runTask(ResultTask.scala:85)
[2024-11-02T11:49:06.363+0000] {spark_submit.py:579} INFO - at org.apache.spark.TaskContext.runTaskWithListeners(TaskContext.scala:161)
[2024-11-02T11:49:06.363+0000] {spark_submit.py:579} INFO - at org.apache.spark.scheduler.Task.run(Task.scala:139)
[2024-11-02T11:49:06.363+0000] {spark_submit.py:579} INFO - at org.apache.spark.executor.Executor$TaskRunner.$anonfun$run$3(Executor.scala:554)
[2024-11-02T11:49:06.364+0000] {spark_submit.py:579} INFO - at org.apache.spark.util.Utils$.tryWithSafeFinally(Utils.scala:1529)
[2024-11-02T11:49:06.364+0000] {spark_submit.py:579} INFO - at org.apache.spark.executor.Executor$TaskRunner.run(Executor.scala:557)
[2024-11-02T11:49:06.364+0000] {spark_submit.py:579} INFO - at java.base/java.util.concurrent.ThreadPoolExecutor.runWorker(ThreadPoolExecutor.java:1136)
[2024-11-02T11:49:06.365+0000] {spark_submit.py:579} INFO - at java.base/java.util.concurrent.ThreadPoolExecutor$Worker.run(ThreadPoolExecutor.java:635)
[2024-11-02T11:49:06.365+0000] {spark_submit.py:579} INFO - at java.base/java.lang.Thread.run(Thread.java:840)
[2024-11-02T11:49:06.366+0000] {spark_submit.py:579} INFO - 
[2024-11-02T11:49:06.366+0000] {spark_submit.py:579} INFO - Driver stacktrace:
[2024-11-02T11:49:06.366+0000] {spark_submit.py:579} INFO - at org.apache.spark.scheduler.DAGScheduler.failJobAndIndependentStages(DAGScheduler.scala:2790)
[2024-11-02T11:49:06.367+0000] {spark_submit.py:579} INFO - at org.apache.spark.scheduler.DAGScheduler.$anonfun$abortStage$2(DAGScheduler.scala:2726)
[2024-11-02T11:49:06.367+0000] {spark_submit.py:579} INFO - at org.apache.spark.scheduler.DAGScheduler.$anonfun$abortStage$2$adapted(DAGScheduler.scala:2725)
[2024-11-02T11:49:06.367+0000] {spark_submit.py:579} INFO - at scala.collection.mutable.ResizableArray.foreach(ResizableArray.scala:62)
[2024-11-02T11:49:06.368+0000] {spark_submit.py:579} INFO - at scala.collection.mutable.ResizableArray.foreach$(ResizableArray.scala:55)
[2024-11-02T11:49:06.368+0000] {spark_submit.py:579} INFO - at scala.collection.mutable.ArrayBuffer.foreach(ArrayBuffer.scala:49)
[2024-11-02T11:49:06.368+0000] {spark_submit.py:579} INFO - at org.apache.spark.scheduler.DAGScheduler.abortStage(DAGScheduler.scala:2725)
[2024-11-02T11:49:06.369+0000] {spark_submit.py:579} INFO - at org.apache.spark.scheduler.DAGScheduler.$anonfun$handleTaskSetFailed$1(DAGScheduler.scala:1211)
[2024-11-02T11:49:06.369+0000] {spark_submit.py:579} INFO - at org.apache.spark.scheduler.DAGScheduler.$anonfun$handleTaskSetFailed$1$adapted(DAGScheduler.scala:1211)
[2024-11-02T11:49:06.369+0000] {spark_submit.py:579} INFO - at scala.Option.foreach(Option.scala:407)
[2024-11-02T11:49:06.369+0000] {spark_submit.py:579} INFO - at org.apache.spark.scheduler.DAGScheduler.handleTaskSetFailed(DAGScheduler.scala:1211)
[2024-11-02T11:49:06.370+0000] {spark_submit.py:579} INFO - at org.apache.spark.scheduler.DAGSchedulerEventProcessLoop.doOnReceive(DAGScheduler.scala:2989)
[2024-11-02T11:49:06.370+0000] {spark_submit.py:579} INFO - at org.apache.spark.scheduler.DAGSchedulerEventProcessLoop.onReceive(DAGScheduler.scala:2928)
[2024-11-02T11:49:06.370+0000] {spark_submit.py:579} INFO - at org.apache.spark.scheduler.DAGSchedulerEventProcessLoop.onReceive(DAGScheduler.scala:2917)
[2024-11-02T11:49:06.370+0000] {spark_submit.py:579} INFO - at org.apache.spark.util.EventLoop$$anon$1.run(EventLoop.scala:49)
[2024-11-02T11:49:06.371+0000] {spark_submit.py:579} INFO - at org.apache.spark.scheduler.DAGScheduler.runJob(DAGScheduler.scala:976)
[2024-11-02T11:49:06.371+0000] {spark_submit.py:579} INFO - at org.apache.spark.SparkContext.runJob(SparkContext.scala:2263)
[2024-11-02T11:49:06.371+0000] {spark_submit.py:579} INFO - at org.apache.spark.SparkContext.runJob(SparkContext.scala:2284)
[2024-11-02T11:49:06.372+0000] {spark_submit.py:579} INFO - at org.apache.spark.SparkContext.runJob(SparkContext.scala:2303)
[2024-11-02T11:49:06.372+0000] {spark_submit.py:579} INFO - at org.apache.spark.SparkContext.runJob(SparkContext.scala:2328)
[2024-11-02T11:49:06.372+0000] {spark_submit.py:579} INFO - at org.apache.spark.rdd.RDD.$anonfun$collect$1(RDD.scala:1022)
[2024-11-02T11:49:06.372+0000] {spark_submit.py:579} INFO - at org.apache.spark.rdd.RDDOperationScope$.withScope(RDDOperationScope.scala:151)
[2024-11-02T11:49:06.373+0000] {spark_submit.py:579} INFO - at org.apache.spark.rdd.RDDOperationScope$.withScope(RDDOperationScope.scala:112)
[2024-11-02T11:49:06.373+0000] {spark_submit.py:579} INFO - at org.apache.spark.rdd.RDD.withScope(RDD.scala:408)
[2024-11-02T11:49:06.373+0000] {spark_submit.py:579} INFO - at org.apache.spark.rdd.RDD.collect(RDD.scala:1021)
[2024-11-02T11:49:06.373+0000] {spark_submit.py:579} INFO - at org.apache.spark.sql.execution.datasources.SchemaMergeUtils$.mergeSchemasInParallel(SchemaMergeUtils.scala:73)
[2024-11-02T11:49:06.374+0000] {spark_submit.py:579} INFO - at org.apache.spark.sql.execution.datasources.parquet.ParquetFileFormat$.mergeSchemasInParallel(ParquetFileFormat.scala:476)
[2024-11-02T11:49:06.374+0000] {spark_submit.py:579} INFO - at org.apache.spark.sql.execution.datasources.parquet.ParquetUtils$.inferSchema(ParquetUtils.scala:132)
[2024-11-02T11:49:06.374+0000] {spark_submit.py:579} INFO - at org.apache.spark.sql.execution.datasources.parquet.ParquetFileFormat.inferSchema(ParquetFileFormat.scala:78)
[2024-11-02T11:49:06.374+0000] {spark_submit.py:579} INFO - at org.apache.spark.sql.execution.datasources.DataSource.$anonfun$getOrInferFileFormatSchema$11(DataSource.scala:208)
[2024-11-02T11:49:06.375+0000] {spark_submit.py:579} INFO - at scala.Option.orElse(Option.scala:447)
[2024-11-02T11:49:06.375+0000] {spark_submit.py:579} INFO - at org.apache.spark.sql.execution.datasources.DataSource.getOrInferFileFormatSchema(DataSource.scala:205)
[2024-11-02T11:49:06.375+0000] {spark_submit.py:579} INFO - at org.apache.spark.sql.execution.datasources.DataSource.resolveRelation(DataSource.scala:407)
[2024-11-02T11:49:06.376+0000] {spark_submit.py:579} INFO - at org.apache.spark.sql.DataFrameReader.loadV1Source(DataFrameReader.scala:229)
[2024-11-02T11:49:06.376+0000] {spark_submit.py:579} INFO - at org.apache.spark.sql.DataFrameReader.$anonfun$load$2(DataFrameReader.scala:211)
[2024-11-02T11:49:06.376+0000] {spark_submit.py:579} INFO - at scala.Option.getOrElse(Option.scala:189)
[2024-11-02T11:49:06.377+0000] {spark_submit.py:579} INFO - at org.apache.spark.sql.DataFrameReader.load(DataFrameReader.scala:211)
[2024-11-02T11:49:06.377+0000] {spark_submit.py:579} INFO - at org.apache.spark.sql.DataFrameReader.load(DataFrameReader.scala:186)
[2024-11-02T11:49:06.377+0000] {spark_submit.py:579} INFO - at java.base/jdk.internal.reflect.NativeMethodAccessorImpl.invoke0(Native Method)
[2024-11-02T11:49:06.377+0000] {spark_submit.py:579} INFO - at java.base/jdk.internal.reflect.NativeMethodAccessorImpl.invoke(NativeMethodAccessorImpl.java:62)
[2024-11-02T11:49:06.378+0000] {spark_submit.py:579} INFO - at java.base/jdk.internal.reflect.DelegatingMethodAccessorImpl.invoke(DelegatingMethodAccessorImpl.java:43)
[2024-11-02T11:49:06.378+0000] {spark_submit.py:579} INFO - at java.base/java.lang.reflect.Method.invoke(Method.java:566)
[2024-11-02T11:49:06.378+0000] {spark_submit.py:579} INFO - at py4j.reflection.MethodInvoker.invoke(MethodInvoker.java:244)
[2024-11-02T11:49:06.379+0000] {spark_submit.py:579} INFO - at py4j.reflection.ReflectionEngine.invoke(ReflectionEngine.java:374)
[2024-11-02T11:49:06.379+0000] {spark_submit.py:579} INFO - at py4j.Gateway.invoke(Gateway.java:282)
[2024-11-02T11:49:06.380+0000] {spark_submit.py:579} INFO - at py4j.commands.AbstractCommand.invokeMethod(AbstractCommand.java:132)
[2024-11-02T11:49:06.380+0000] {spark_submit.py:579} INFO - at py4j.commands.CallCommand.execute(CallCommand.java:79)
[2024-11-02T11:49:06.380+0000] {spark_submit.py:579} INFO - at py4j.ClientServerConnection.waitForCommands(ClientServerConnection.java:182)
[2024-11-02T11:49:06.381+0000] {spark_submit.py:579} INFO - at py4j.ClientServerConnection.run(ClientServerConnection.java:106)
[2024-11-02T11:49:06.381+0000] {spark_submit.py:579} INFO - at java.base/java.lang.Thread.run(Thread.java:829)
[2024-11-02T11:49:06.382+0000] {spark_submit.py:579} INFO - Caused by: java.io.InvalidClassException: org.apache.spark.rdd.RDD; local class incompatible: stream classdesc serialVersionUID = -857609805308345919, local class serialVersionUID = -1432615955171021378
[2024-11-02T11:49:06.383+0000] {spark_submit.py:579} INFO - at java.base/java.io.ObjectStreamClass.initNonProxy(ObjectStreamClass.java:597)
[2024-11-02T11:49:06.383+0000] {spark_submit.py:579} INFO - at java.base/java.io.ObjectInputStream.readNonProxyDesc(ObjectInputStream.java:2051)
[2024-11-02T11:49:06.384+0000] {spark_submit.py:579} INFO - at java.base/java.io.ObjectInputStream.readClassDesc(ObjectInputStream.java:1898)
[2024-11-02T11:49:06.385+0000] {spark_submit.py:579} INFO - at java.base/java.io.ObjectInputStream.readNonProxyDesc(ObjectInputStream.java:2051)
[2024-11-02T11:49:06.386+0000] {spark_submit.py:579} INFO - at java.base/java.io.ObjectInputStream.readClassDesc(ObjectInputStream.java:1898)
[2024-11-02T11:49:06.386+0000] {spark_submit.py:579} INFO - at java.base/java.io.ObjectInputStream.readOrdinaryObject(ObjectInputStream.java:2224)
[2024-11-02T11:49:06.387+0000] {spark_submit.py:579} INFO - at java.base/java.io.ObjectInputStream.readObject0(ObjectInputStream.java:1733)
[2024-11-02T11:49:06.388+0000] {spark_submit.py:579} INFO - at java.base/java.io.ObjectInputStream$FieldValues.<init>(ObjectInputStream.java:2606)
[2024-11-02T11:49:06.389+0000] {spark_submit.py:579} INFO - at java.base/java.io.ObjectInputStream.readSerialData(ObjectInputStream.java:2457)
[2024-11-02T11:49:06.389+0000] {spark_submit.py:579} INFO - at java.base/java.io.ObjectInputStream.readOrdinaryObject(ObjectInputStream.java:2257)
[2024-11-02T11:49:06.390+0000] {spark_submit.py:579} INFO - at java.base/java.io.ObjectInputStream.readObject0(ObjectInputStream.java:1733)
[2024-11-02T11:49:06.391+0000] {spark_submit.py:579} INFO - at java.base/java.io.ObjectInputStream.readObject(ObjectInputStream.java:509)
[2024-11-02T11:49:06.391+0000] {spark_submit.py:579} INFO - at java.base/java.io.ObjectInputStream.readObject(ObjectInputStream.java:467)
[2024-11-02T11:49:06.392+0000] {spark_submit.py:579} INFO - at org.apache.spark.serializer.JavaDeserializationStream.readObject(JavaSerializer.scala:87)
[2024-11-02T11:49:06.392+0000] {spark_submit.py:579} INFO - at org.apache.spark.serializer.JavaSerializerInstance.deserialize(JavaSerializer.scala:129)
[2024-11-02T11:49:06.393+0000] {spark_submit.py:579} INFO - at org.apache.spark.scheduler.ResultTask.runTask(ResultTask.scala:85)
[2024-11-02T11:49:06.394+0000] {spark_submit.py:579} INFO - at org.apache.spark.TaskContext.runTaskWithListeners(TaskContext.scala:161)
[2024-11-02T11:49:06.394+0000] {spark_submit.py:579} INFO - at org.apache.spark.scheduler.Task.run(Task.scala:139)
[2024-11-02T11:49:06.395+0000] {spark_submit.py:579} INFO - at org.apache.spark.executor.Executor$TaskRunner.$anonfun$run$3(Executor.scala:554)
[2024-11-02T11:49:06.396+0000] {spark_submit.py:579} INFO - at org.apache.spark.util.Utils$.tryWithSafeFinally(Utils.scala:1529)
[2024-11-02T11:49:06.396+0000] {spark_submit.py:579} INFO - at org.apache.spark.executor.Executor$TaskRunner.run(Executor.scala:557)
[2024-11-02T11:49:06.397+0000] {spark_submit.py:579} INFO - at java.base/java.util.concurrent.ThreadPoolExecutor.runWorker(ThreadPoolExecutor.java:1136)
[2024-11-02T11:49:06.398+0000] {spark_submit.py:579} INFO - at java.base/java.util.concurrent.ThreadPoolExecutor$Worker.run(ThreadPoolExecutor.java:635)
[2024-11-02T11:49:06.398+0000] {spark_submit.py:579} INFO - at java.base/java.lang.Thread.run(Thread.java:840)
[2024-11-02T11:49:06.399+0000] {spark_submit.py:579} INFO - 
[2024-11-02T11:49:06.400+0000] {spark_submit.py:579} INFO - 
[2024-11-02T11:49:06.400+0000] {spark_submit.py:579} INFO - 24/11/02 11:49:06 INFO SparkContext: SparkContext is stopping with exitCode 0.
[2024-11-02T11:49:06.401+0000] {spark_submit.py:579} INFO - 24/11/02 11:49:06 INFO SparkUI: Stopped Spark web UI at http://ca8eb5e6736b:4040
[2024-11-02T11:49:06.401+0000] {spark_submit.py:579} INFO - 24/11/02 11:49:06 INFO StandaloneSchedulerBackend: Shutting down all executors
[2024-11-02T11:49:06.402+0000] {spark_submit.py:579} INFO - 24/11/02 11:49:06 INFO StandaloneSchedulerBackend$StandaloneDriverEndpoint: Asking each executor to shut down
[2024-11-02T11:49:06.404+0000] {spark_submit.py:579} INFO - 24/11/02 11:49:06 INFO MapOutputTrackerMasterEndpoint: MapOutputTrackerMasterEndpoint stopped!
[2024-11-02T11:49:06.417+0000] {spark_submit.py:579} INFO - 24/11/02 11:49:06 INFO MemoryStore: MemoryStore cleared
[2024-11-02T11:49:06.418+0000] {spark_submit.py:579} INFO - 24/11/02 11:49:06 INFO BlockManager: BlockManager stopped
[2024-11-02T11:49:06.425+0000] {spark_submit.py:579} INFO - 24/11/02 11:49:06 INFO BlockManagerMaster: BlockManagerMaster stopped
[2024-11-02T11:49:06.428+0000] {spark_submit.py:579} INFO - 24/11/02 11:49:06 INFO OutputCommitCoordinator$OutputCommitCoordinatorEndpoint: OutputCommitCoordinator stopped!
[2024-11-02T11:49:06.480+0000] {spark_submit.py:579} INFO - 24/11/02 11:49:06 INFO SparkContext: Successfully stopped SparkContext
[2024-11-02T11:49:06.828+0000] {spark_submit.py:579} INFO - 2024-11-02 11:49:06,828 INFO: Closing down clientserver connection
[2024-11-02T11:49:06.882+0000] {spark_submit.py:579} INFO - 24/11/02 11:49:06 INFO ShutdownHookManager: Shutdown hook called
[2024-11-02T11:49:06.882+0000] {spark_submit.py:579} INFO - 24/11/02 11:49:06 INFO ShutdownHookManager: Deleting directory /tmp/spark-ebb553e3-9973-4b78-886a-7b241839bda7/pyspark-38128a9f-bbe2-421e-9489-f46360f3743d
[2024-11-02T11:49:06.887+0000] {spark_submit.py:579} INFO - 24/11/02 11:49:06 INFO ShutdownHookManager: Deleting directory /tmp/spark-ebb553e3-9973-4b78-886a-7b241839bda7
[2024-11-02T11:49:06.897+0000] {spark_submit.py:579} INFO - 24/11/02 11:49:06 INFO ShutdownHookManager: Deleting directory /tmp/spark-fdcfb83e-623e-4aa3-989b-3287b8cc48f0
[2024-11-02T11:49:06.905+0000] {spark_submit.py:579} INFO - 24/11/02 11:49:06 INFO MetricsSystemImpl: Stopping s3a-file-system metrics system...
[2024-11-02T11:49:06.906+0000] {spark_submit.py:579} INFO - 24/11/02 11:49:06 INFO MetricsSystemImpl: s3a-file-system metrics system stopped.
[2024-11-02T11:49:06.906+0000] {spark_submit.py:579} INFO - 24/11/02 11:49:06 INFO MetricsSystemImpl: s3a-file-system metrics system shutdown complete.
[2024-11-02T11:49:06.966+0000] {taskinstance.py:1935} ERROR - Task failed with exception
Traceback (most recent call last):
  File "/home/airflow/.local/lib/python3.11/site-packages/airflow/providers/apache/spark/operators/spark_submit.py", line 174, in execute
    self._hook.submit(self.application)
  File "/home/airflow/.local/lib/python3.11/site-packages/airflow/providers/apache/spark/hooks/spark_submit.py", line 505, in submit
    raise AirflowException(
airflow.exceptions.AirflowException: Cannot execute: spark-submit --master spark://master:7077 --conf spark.sql.extensions=io.delta.sql.DeltaSparkSessionExtension --conf spark.sql.catalog.spark_catalog=org.apache.spark.sql.delta.catalog.DeltaCatalog --jars /opt/***/jars/hadoop-aws-3.3.4.jar,/opt/***/jars/s3-2.18.41.jar,/opt/***/jars/aws-java-sdk-1.12.367.jar,/opt/***/jars/delta-core_2.12-2.4.0.jar,/opt/***/jars/delta-storage-2.2.0.jar, --packages org.apache.hadoop:hadoop-aws:3.3.4 --num-executors 2 --total-executor-cores 2 --executor-cores 2 --executor-memory 2g --driver-memory 1g --name arrow-spark --deploy-mode client /opt/***/jobs/python/test_Credit.py s3a://lakehouse/bronze/credits.parquet s3a://lakehouse/sliver/credit. Error code is: 1.
[2024-11-02T11:49:06.969+0000] {taskinstance.py:1398} INFO - Marking task as FAILED. dag_id=task_credits_clean, task_id=credits_cleaned, execution_date=20241102T114333, start_date=20241102T114854, end_date=20241102T114906
[2024-11-02T11:49:06.970+0000] {credits_test.py:15} ERROR - Task task_credits_clean__credits_cleaned__20241102 failed.
[2024-11-02T11:49:06.983+0000] {standard_task_runner.py:104} ERROR - Failed to execute job 109 for task credits_cleaned (Cannot execute: spark-submit --master spark://master:7077 --conf spark.sql.extensions=io.delta.sql.DeltaSparkSessionExtension --conf spark.sql.catalog.spark_catalog=org.apache.spark.sql.delta.catalog.DeltaCatalog --jars /opt/***/jars/hadoop-aws-3.3.4.jar,/opt/***/jars/s3-2.18.41.jar,/opt/***/jars/aws-java-sdk-1.12.367.jar,/opt/***/jars/delta-core_2.12-2.4.0.jar,/opt/***/jars/delta-storage-2.2.0.jar, --packages org.apache.hadoop:hadoop-aws:3.3.4 --num-executors 2 --total-executor-cores 2 --executor-cores 2 --executor-memory 2g --driver-memory 1g --name arrow-spark --deploy-mode client /opt/***/jobs/python/test_Credit.py s3a://lakehouse/bronze/credits.parquet s3a://lakehouse/sliver/credit. Error code is: 1.; 1997)
[2024-11-02T11:49:07.025+0000] {local_task_job_runner.py:228} INFO - Task exited with return code 1
[2024-11-02T11:49:07.037+0000] {taskinstance.py:2776} INFO - 0 downstream tasks scheduled from follow-on schedule check
