[2024-11-03T11:17:50.547+0000] {taskinstance.py:1157} INFO - Dependencies all met for dep_context=non-requeueable deps ti=<TaskInstance: task_credits_clean.credits_cleaned manual__2024-11-03T11:17:48.564959+00:00 [queued]>
[2024-11-03T11:17:50.556+0000] {taskinstance.py:1157} INFO - Dependencies all met for dep_context=requeueable deps ti=<TaskInstance: task_credits_clean.credits_cleaned manual__2024-11-03T11:17:48.564959+00:00 [queued]>
[2024-11-03T11:17:50.557+0000] {taskinstance.py:1359} INFO - Starting attempt 1 of 2
[2024-11-03T11:17:50.571+0000] {taskinstance.py:1380} INFO - Executing <Task(SparkSubmitOperator): credits_cleaned> on 2024-11-03 11:17:48.564959+00:00
[2024-11-03T11:17:50.579+0000] {standard_task_runner.py:57} INFO - Started process 16595 to run task
[2024-11-03T11:17:50.582+0000] {standard_task_runner.py:84} INFO - Running: ['***', 'tasks', 'run', 'task_credits_clean', 'credits_cleaned', 'manual__2024-11-03T11:17:48.564959+00:00', '--job-id', '175', '--raw', '--subdir', 'DAGS_FOLDER/credits_test.py', '--cfg-path', '/tmp/tmpmjn2k7l1']
[2024-11-03T11:17:50.585+0000] {standard_task_runner.py:85} INFO - Job 175: Subtask credits_cleaned
[2024-11-03T11:17:50.634+0000] {task_command.py:415} INFO - Running <TaskInstance: task_credits_clean.credits_cleaned manual__2024-11-03T11:17:48.564959+00:00 [running]> on host eb88dbfa1959
[2024-11-03T11:17:50.722+0000] {taskinstance.py:1660} INFO - Exporting env vars: AIRFLOW_CTX_DAG_OWNER='***' AIRFLOW_CTX_DAG_ID='task_credits_clean' AIRFLOW_CTX_TASK_ID='credits_cleaned' AIRFLOW_CTX_EXECUTION_DATE='2024-11-03T11:17:48.564959+00:00' AIRFLOW_CTX_TRY_NUMBER='1' AIRFLOW_CTX_DAG_RUN_ID='manual__2024-11-03T11:17:48.564959+00:00'
[2024-11-03T11:17:50.731+0000] {base.py:73} INFO - Using connection ID 'spark-conn' for task execution.
[2024-11-03T11:17:50.734+0000] {spark_submit.py:403} INFO - Spark-Submit cmd: spark-submit --master spark://spark-master:7077 --conf spark.sql.extensions=io.delta.sql.DeltaSparkSessionExtension --conf spark.sql.catalog.spark_catalog=org.apache.spark.sql.delta.catalog.DeltaCatalog --jars /opt/***/jars/hadoop-aws-3.3.4.jar,/opt/***/jars/s3-2.18.41.jar,/opt/***/jars/aws-java-sdk-1.12.367.jar,/opt/***/jars/delta-core_2.12-2.4.0.jar,/opt/***/jars/delta-storage-2.2.0.jar, --packages org.apache.hadoop:hadoop-aws:3.3.4 --num-executors 2 --total-executor-cores 2 --executor-cores 2 --executor-memory 2g --driver-memory 1g --name arrow-spark --deploy-mode client /opt/***/jobs/python/test_Credit.py s3a://lakehouse/bronze/credits.parquet s3a://lakehouse/sliver/credit
[2024-11-03T11:17:50.841+0000] {spark_submit.py:579} INFO - /home/***/.local/lib/python3.11/site-packages/pyspark/bin/load-spark-env.sh: line 68: ps: command not found
[2024-11-03T11:17:52.970+0000] {spark_submit.py:579} INFO - :: loading settings :: url = jar:file:/home/***/.local/lib/python3.11/site-packages/pyspark/jars/ivy-2.5.1.jar!/org/apache/ivy/core/settings/ivysettings.xml
[2024-11-03T11:17:53.107+0000] {spark_submit.py:579} INFO - Ivy Default Cache set to: /home/***/.ivy2/cache
[2024-11-03T11:17:53.108+0000] {spark_submit.py:579} INFO - The jars for the packages stored in: /home/***/.ivy2/jars
[2024-11-03T11:17:53.116+0000] {spark_submit.py:579} INFO - org.apache.hadoop#hadoop-aws added as a dependency
[2024-11-03T11:17:53.117+0000] {spark_submit.py:579} INFO - :: resolving dependencies :: org.apache.spark#spark-submit-parent-c2f979bc-b275-4a24-a466-5984ef82dcfc;1.0
[2024-11-03T11:17:53.118+0000] {spark_submit.py:579} INFO - confs: [default]
[2024-11-03T11:17:53.260+0000] {spark_submit.py:579} INFO - found org.apache.hadoop#hadoop-aws;3.3.4 in central
[2024-11-03T11:17:53.290+0000] {spark_submit.py:579} INFO - found com.amazonaws#aws-java-sdk-bundle;1.12.262 in central
[2024-11-03T11:17:53.320+0000] {spark_submit.py:579} INFO - found org.wildfly.openssl#wildfly-openssl;1.0.7.Final in central
[2024-11-03T11:17:53.346+0000] {spark_submit.py:579} INFO - :: resolution report :: resolve 217ms :: artifacts dl 12ms
[2024-11-03T11:17:53.347+0000] {spark_submit.py:579} INFO - :: modules in use:
[2024-11-03T11:17:53.348+0000] {spark_submit.py:579} INFO - com.amazonaws#aws-java-sdk-bundle;1.12.262 from central in [default]
[2024-11-03T11:17:53.349+0000] {spark_submit.py:579} INFO - org.apache.hadoop#hadoop-aws;3.3.4 from central in [default]
[2024-11-03T11:17:53.350+0000] {spark_submit.py:579} INFO - org.wildfly.openssl#wildfly-openssl;1.0.7.Final from central in [default]
[2024-11-03T11:17:53.351+0000] {spark_submit.py:579} INFO - ---------------------------------------------------------------------
[2024-11-03T11:17:53.352+0000] {spark_submit.py:579} INFO - |                  |            modules            ||   artifacts   |
[2024-11-03T11:17:53.352+0000] {spark_submit.py:579} INFO - |       conf       | number| search|dwnlded|evicted|| number|dwnlded|
[2024-11-03T11:17:53.354+0000] {spark_submit.py:579} INFO - ---------------------------------------------------------------------
[2024-11-03T11:17:53.355+0000] {spark_submit.py:579} INFO - |      default     |   3   |   0   |   0   |   0   ||   3   |   0   |
[2024-11-03T11:17:53.355+0000] {spark_submit.py:579} INFO - ---------------------------------------------------------------------
[2024-11-03T11:17:53.357+0000] {spark_submit.py:579} INFO - :: retrieving :: org.apache.spark#spark-submit-parent-c2f979bc-b275-4a24-a466-5984ef82dcfc
[2024-11-03T11:17:53.358+0000] {spark_submit.py:579} INFO - confs: [default]
[2024-11-03T11:17:53.365+0000] {spark_submit.py:579} INFO - 0 artifacts copied, 3 already retrieved (0kB/8ms)
[2024-11-03T11:17:53.607+0000] {spark_submit.py:579} INFO - 24/11/03 11:17:53 WARN NativeCodeLoader: Unable to load native-hadoop library for your platform... using builtin-java classes where applicable
[2024-11-03T11:17:55.025+0000] {spark_submit.py:579} INFO - 2024-11-03 11:17:55,024 INFO: Python version on driver: 3.11.5
[2024-11-03T11:17:55.025+0000] {spark_submit.py:579} INFO - 2024-11-03 11:17:55,024 INFO: Initializing Spark session...
[2024-11-03T11:17:55.223+0000] {spark_submit.py:579} INFO - 24/11/03 11:17:55 INFO SparkContext: Running Spark version 3.4.3
[2024-11-03T11:17:55.258+0000] {spark_submit.py:579} INFO - 24/11/03 11:17:55 INFO ResourceUtils: ==============================================================
[2024-11-03T11:17:55.258+0000] {spark_submit.py:579} INFO - 24/11/03 11:17:55 INFO ResourceUtils: No custom resources configured for spark.driver.
[2024-11-03T11:17:55.259+0000] {spark_submit.py:579} INFO - 24/11/03 11:17:55 INFO ResourceUtils: ==============================================================
[2024-11-03T11:17:55.260+0000] {spark_submit.py:579} INFO - 24/11/03 11:17:55 INFO SparkContext: Submitted application: CleanCredits
[2024-11-03T11:17:55.291+0000] {spark_submit.py:579} INFO - 24/11/03 11:17:55 INFO ResourceProfile: Default ResourceProfile created, executor resources: Map(cores -> name: cores, amount: 2, script: , vendor: , memory -> name: memory, amount: 2048, script: , vendor: , offHeap -> name: offHeap, amount: 0, script: , vendor: ), task resources: Map(cpus -> name: cpus, amount: 1.0)
[2024-11-03T11:17:55.308+0000] {spark_submit.py:579} INFO - 24/11/03 11:17:55 INFO ResourceProfile: Limiting resource is cpus at 2 tasks per executor
[2024-11-03T11:17:55.310+0000] {spark_submit.py:579} INFO - 24/11/03 11:17:55 INFO ResourceProfileManager: Added ResourceProfile id: 0
[2024-11-03T11:17:55.379+0000] {spark_submit.py:579} INFO - 24/11/03 11:17:55 INFO SecurityManager: Changing view acls to: ***
[2024-11-03T11:17:55.380+0000] {spark_submit.py:579} INFO - 24/11/03 11:17:55 INFO SecurityManager: Changing modify acls to: ***
[2024-11-03T11:17:55.380+0000] {spark_submit.py:579} INFO - 24/11/03 11:17:55 INFO SecurityManager: Changing view acls groups to:
[2024-11-03T11:17:55.381+0000] {spark_submit.py:579} INFO - 24/11/03 11:17:55 INFO SecurityManager: Changing modify acls groups to:
[2024-11-03T11:17:55.382+0000] {spark_submit.py:579} INFO - 24/11/03 11:17:55 INFO SecurityManager: SecurityManager: authentication disabled; ui acls disabled; users with view permissions: ***; groups with view permissions: EMPTY; users with modify permissions: ***; groups with modify permissions: EMPTY
[2024-11-03T11:17:55.647+0000] {spark_submit.py:579} INFO - 24/11/03 11:17:55 INFO Utils: Successfully started service 'sparkDriver' on port 45741.
[2024-11-03T11:17:55.681+0000] {spark_submit.py:579} INFO - 24/11/03 11:17:55 INFO SparkEnv: Registering MapOutputTracker
[2024-11-03T11:17:55.720+0000] {spark_submit.py:579} INFO - 24/11/03 11:17:55 INFO SparkEnv: Registering BlockManagerMaster
[2024-11-03T11:17:55.735+0000] {spark_submit.py:579} INFO - 24/11/03 11:17:55 INFO BlockManagerMasterEndpoint: Using org.apache.spark.storage.DefaultTopologyMapper for getting topology information
[2024-11-03T11:17:55.735+0000] {spark_submit.py:579} INFO - 24/11/03 11:17:55 INFO BlockManagerMasterEndpoint: BlockManagerMasterEndpoint up
[2024-11-03T11:17:55.740+0000] {spark_submit.py:579} INFO - 24/11/03 11:17:55 INFO SparkEnv: Registering BlockManagerMasterHeartbeat
[2024-11-03T11:17:55.764+0000] {spark_submit.py:579} INFO - 24/11/03 11:17:55 INFO DiskBlockManager: Created local directory at /tmp/blockmgr-a68b7dd1-2370-4532-9488-f4912bde6173
[2024-11-03T11:17:55.779+0000] {spark_submit.py:579} INFO - 24/11/03 11:17:55 INFO MemoryStore: MemoryStore started with capacity 434.4 MiB
[2024-11-03T11:17:55.799+0000] {spark_submit.py:579} INFO - 24/11/03 11:17:55 INFO SparkEnv: Registering OutputCommitCoordinator
[2024-11-03T11:17:55.946+0000] {spark_submit.py:579} INFO - 24/11/03 11:17:55 INFO JettyUtils: Start Jetty 0.0.0.0:4040 for SparkUI
[2024-11-03T11:17:56.020+0000] {spark_submit.py:579} INFO - 24/11/03 11:17:56 INFO Utils: Successfully started service 'SparkUI' on port 4040.
[2024-11-03T11:17:56.074+0000] {spark_submit.py:579} INFO - 24/11/03 11:17:56 INFO SparkContext: Added JAR file:///opt/***/jars/hadoop-aws-3.3.4.jar at spark://eb88dbfa1959:45741/jars/hadoop-aws-3.3.4.jar with timestamp 1730632675213
[2024-11-03T11:17:56.075+0000] {spark_submit.py:579} INFO - 24/11/03 11:17:56 INFO SparkContext: Added JAR file:///opt/***/jars/s3-2.18.41.jar at spark://eb88dbfa1959:45741/jars/s3-2.18.41.jar with timestamp 1730632675213
[2024-11-03T11:17:56.076+0000] {spark_submit.py:579} INFO - 24/11/03 11:17:56 INFO SparkContext: Added JAR file:///opt/***/jars/aws-java-sdk-1.12.367.jar at spark://eb88dbfa1959:45741/jars/aws-java-sdk-1.12.367.jar with timestamp 1730632675213
[2024-11-03T11:17:56.078+0000] {spark_submit.py:579} INFO - 24/11/03 11:17:56 INFO SparkContext: Added JAR file:///opt/***/jars/delta-core_2.12-2.4.0.jar at spark://eb88dbfa1959:45741/jars/delta-core_2.12-2.4.0.jar with timestamp 1730632675213
[2024-11-03T11:17:56.080+0000] {spark_submit.py:579} INFO - 24/11/03 11:17:56 INFO SparkContext: Added JAR file:///opt/***/jars/delta-storage-2.2.0.jar at spark://eb88dbfa1959:45741/jars/delta-storage-2.2.0.jar with timestamp 1730632675213
[2024-11-03T11:17:56.080+0000] {spark_submit.py:579} INFO - 24/11/03 11:17:56 INFO SparkContext: Added JAR file:///home/***/.ivy2/jars/org.apache.hadoop_hadoop-aws-3.3.4.jar at spark://eb88dbfa1959:45741/jars/org.apache.hadoop_hadoop-aws-3.3.4.jar with timestamp 1730632675213
[2024-11-03T11:17:56.081+0000] {spark_submit.py:579} INFO - 24/11/03 11:17:56 INFO SparkContext: Added JAR file:///home/***/.ivy2/jars/com.amazonaws_aws-java-sdk-bundle-1.12.262.jar at spark://eb88dbfa1959:45741/jars/com.amazonaws_aws-java-sdk-bundle-1.12.262.jar with timestamp 1730632675213
[2024-11-03T11:17:56.081+0000] {spark_submit.py:579} INFO - 24/11/03 11:17:56 INFO SparkContext: Added JAR file:///home/***/.ivy2/jars/org.wildfly.openssl_wildfly-openssl-1.0.7.Final.jar at spark://eb88dbfa1959:45741/jars/org.wildfly.openssl_wildfly-openssl-1.0.7.Final.jar with timestamp 1730632675213
[2024-11-03T11:17:56.083+0000] {spark_submit.py:579} INFO - 24/11/03 11:17:56 INFO SparkContext: Added file file:///home/***/.ivy2/jars/org.apache.hadoop_hadoop-aws-3.3.4.jar at spark://eb88dbfa1959:45741/files/org.apache.hadoop_hadoop-aws-3.3.4.jar with timestamp 1730632675213
[2024-11-03T11:17:56.085+0000] {spark_submit.py:579} INFO - 24/11/03 11:17:56 INFO Utils: Copying /home/***/.ivy2/jars/org.apache.hadoop_hadoop-aws-3.3.4.jar to /tmp/spark-23bf1ee6-92ef-48f4-9e3a-b1d9275871a8/userFiles-4cfcac4a-3848-4787-a3cd-e18e2b522dee/org.apache.hadoop_hadoop-aws-3.3.4.jar
[2024-11-03T11:17:56.100+0000] {spark_submit.py:579} INFO - 24/11/03 11:17:56 INFO SparkContext: Added file file:///home/***/.ivy2/jars/com.amazonaws_aws-java-sdk-bundle-1.12.262.jar at spark://eb88dbfa1959:45741/files/com.amazonaws_aws-java-sdk-bundle-1.12.262.jar with timestamp 1730632675213
[2024-11-03T11:17:56.101+0000] {spark_submit.py:579} INFO - 24/11/03 11:17:56 INFO Utils: Copying /home/***/.ivy2/jars/com.amazonaws_aws-java-sdk-bundle-1.12.262.jar to /tmp/spark-23bf1ee6-92ef-48f4-9e3a-b1d9275871a8/userFiles-4cfcac4a-3848-4787-a3cd-e18e2b522dee/com.amazonaws_aws-java-sdk-bundle-1.12.262.jar
[2024-11-03T11:17:56.517+0000] {spark_submit.py:579} INFO - 24/11/03 11:17:56 INFO SparkContext: Added file file:///home/***/.ivy2/jars/org.wildfly.openssl_wildfly-openssl-1.0.7.Final.jar at spark://eb88dbfa1959:45741/files/org.wildfly.openssl_wildfly-openssl-1.0.7.Final.jar with timestamp 1730632675213
[2024-11-03T11:17:56.517+0000] {spark_submit.py:579} INFO - 24/11/03 11:17:56 INFO Utils: Copying /home/***/.ivy2/jars/org.wildfly.openssl_wildfly-openssl-1.0.7.Final.jar to /tmp/spark-23bf1ee6-92ef-48f4-9e3a-b1d9275871a8/userFiles-4cfcac4a-3848-4787-a3cd-e18e2b522dee/org.wildfly.openssl_wildfly-openssl-1.0.7.Final.jar
[2024-11-03T11:17:56.618+0000] {spark_submit.py:579} INFO - 24/11/03 11:17:56 INFO StandaloneAppClient$ClientEndpoint: Connecting to master spark://spark-master:7077...
[2024-11-03T11:17:56.664+0000] {spark_submit.py:579} INFO - 24/11/03 11:17:56 INFO TransportClientFactory: Successfully created connection to spark-master/172.18.0.5:7077 after 27 ms (0 ms spent in bootstraps)
[2024-11-03T11:17:56.774+0000] {spark_submit.py:579} INFO - 24/11/03 11:17:56 INFO StandaloneSchedulerBackend: Connected to Spark cluster with app ID app-20241103111756-0025
[2024-11-03T11:17:56.776+0000] {spark_submit.py:579} INFO - 24/11/03 11:17:56 INFO StandaloneAppClient$ClientEndpoint: Executor added: app-20241103111756-0025/0 on worker-20241103094523-172.18.0.8-41531 (172.18.0.8:41531) with 2 core(s)
[2024-11-03T11:17:56.781+0000] {spark_submit.py:579} INFO - 24/11/03 11:17:56 INFO StandaloneSchedulerBackend: Granted executor ID app-20241103111756-0025/0 on hostPort 172.18.0.8:41531 with 2 core(s), 2.0 GiB RAM
[2024-11-03T11:17:56.786+0000] {spark_submit.py:579} INFO - 24/11/03 11:17:56 INFO Utils: Successfully started service 'org.apache.spark.network.netty.NettyBlockTransferService' on port 40611.
[2024-11-03T11:17:56.787+0000] {spark_submit.py:579} INFO - 24/11/03 11:17:56 INFO NettyBlockTransferService: Server created on eb88dbfa1959:40611
[2024-11-03T11:17:56.789+0000] {spark_submit.py:579} INFO - 24/11/03 11:17:56 INFO BlockManager: Using org.apache.spark.storage.RandomBlockReplicationPolicy for block replication policy
[2024-11-03T11:17:56.796+0000] {spark_submit.py:579} INFO - 24/11/03 11:17:56 INFO BlockManagerMaster: Registering BlockManager BlockManagerId(driver, eb88dbfa1959, 40611, None)
[2024-11-03T11:17:56.800+0000] {spark_submit.py:579} INFO - 24/11/03 11:17:56 INFO BlockManagerMasterEndpoint: Registering block manager eb88dbfa1959:40611 with 434.4 MiB RAM, BlockManagerId(driver, eb88dbfa1959, 40611, None)
[2024-11-03T11:17:56.803+0000] {spark_submit.py:579} INFO - 24/11/03 11:17:56 INFO BlockManagerMaster: Registered BlockManager BlockManagerId(driver, eb88dbfa1959, 40611, None)
[2024-11-03T11:17:56.804+0000] {spark_submit.py:579} INFO - 24/11/03 11:17:56 INFO BlockManager: Initialized BlockManager: BlockManagerId(driver, eb88dbfa1959, 40611, None)
[2024-11-03T11:17:56.850+0000] {spark_submit.py:579} INFO - 24/11/03 11:17:56 INFO StandaloneAppClient$ClientEndpoint: Executor updated: app-20241103111756-0025/0 is now RUNNING
[2024-11-03T11:17:57.077+0000] {spark_submit.py:579} INFO - 24/11/03 11:17:57 INFO StandaloneSchedulerBackend: SchedulerBackend is ready for scheduling beginning after reached minRegisteredResourcesRatio: 0.0
[2024-11-03T11:17:57.424+0000] {spark_submit.py:579} INFO - 2024-11-03 11:17:57,424 INFO: Spark session initialized successfully.
[2024-11-03T11:17:57.435+0000] {spark_submit.py:579} INFO - 24/11/03 11:17:57 INFO SharedState: Setting hive.metastore.warehouse.dir ('null') to the value of spark.sql.warehouse.dir.
[2024-11-03T11:17:57.808+0000] {spark_submit.py:579} INFO - 24/11/03 11:17:57 WARN MetricsConfig: Cannot locate configuration: tried hadoop-metrics2-s3a-file-system.properties,hadoop-metrics2.properties
[2024-11-03T11:17:57.840+0000] {spark_submit.py:579} INFO - 24/11/03 11:17:57 INFO MetricsSystemImpl: Scheduled Metric snapshot period at 10 second(s).
[2024-11-03T11:17:57.841+0000] {spark_submit.py:579} INFO - 24/11/03 11:17:57 INFO MetricsSystemImpl: s3a-file-system metrics system started
[2024-11-03T11:17:59.704+0000] {spark_submit.py:579} INFO - 24/11/03 11:17:59 INFO SharedState: Warehouse path is 's3a://lakehouse/'.
[2024-11-03T11:18:00.505+0000] {spark_submit.py:579} INFO - 24/11/03 11:18:00 INFO StandaloneSchedulerBackend$StandaloneDriverEndpoint: Registered executor NettyRpcEndpointRef(spark-client://Executor) (172.18.0.8:39322) with ID 0,  ResourceProfileId 0
[2024-11-03T11:18:00.608+0000] {spark_submit.py:579} INFO - 24/11/03 11:18:00 INFO BlockManagerMasterEndpoint: Registering block manager 172.18.0.8:44709 with 1048.8 MiB RAM, BlockManagerId(0, 172.18.0.8, 44709, None)
[2024-11-03T11:18:01.532+0000] {spark_submit.py:579} INFO - 24/11/03 11:18:01 INFO InMemoryFileIndex: It took 121 ms to list leaf files for 1 paths.
[2024-11-03T11:18:02.132+0000] {spark_submit.py:579} INFO - 24/11/03 11:18:02 INFO SparkContext: Starting job: load at NativeMethodAccessorImpl.java:0
[2024-11-03T11:18:02.154+0000] {spark_submit.py:579} INFO - 24/11/03 11:18:02 INFO DAGScheduler: Got job 0 (load at NativeMethodAccessorImpl.java:0) with 1 output partitions
[2024-11-03T11:18:02.155+0000] {spark_submit.py:579} INFO - 24/11/03 11:18:02 INFO DAGScheduler: Final stage: ResultStage 0 (load at NativeMethodAccessorImpl.java:0)
[2024-11-03T11:18:02.156+0000] {spark_submit.py:579} INFO - 24/11/03 11:18:02 INFO DAGScheduler: Parents of final stage: List()
[2024-11-03T11:18:02.158+0000] {spark_submit.py:579} INFO - 24/11/03 11:18:02 INFO DAGScheduler: Missing parents: List()
[2024-11-03T11:18:02.169+0000] {spark_submit.py:579} INFO - 24/11/03 11:18:02 INFO DAGScheduler: Submitting ResultStage 0 (MapPartitionsRDD[1] at load at NativeMethodAccessorImpl.java:0), which has no missing parents
[2024-11-03T11:18:02.249+0000] {spark_submit.py:579} INFO - 24/11/03 11:18:02 INFO MemoryStore: Block broadcast_0 stored as values in memory (estimated size 106.9 KiB, free 434.3 MiB)
[2024-11-03T11:18:02.362+0000] {spark_submit.py:579} INFO - 24/11/03 11:18:02 INFO MemoryStore: Block broadcast_0_piece0 stored as bytes in memory (estimated size 38.9 KiB, free 434.3 MiB)
[2024-11-03T11:18:02.370+0000] {spark_submit.py:579} INFO - 24/11/03 11:18:02 INFO BlockManagerInfo: Added broadcast_0_piece0 in memory on eb88dbfa1959:40611 (size: 38.9 KiB, free: 434.4 MiB)
[2024-11-03T11:18:02.379+0000] {spark_submit.py:579} INFO - 24/11/03 11:18:02 INFO SparkContext: Created broadcast 0 from broadcast at DAGScheduler.scala:1540
[2024-11-03T11:18:02.413+0000] {spark_submit.py:579} INFO - 24/11/03 11:18:02 INFO DAGScheduler: Submitting 1 missing tasks from ResultStage 0 (MapPartitionsRDD[1] at load at NativeMethodAccessorImpl.java:0) (first 15 tasks are for partitions Vector(0))
[2024-11-03T11:18:02.415+0000] {spark_submit.py:579} INFO - 24/11/03 11:18:02 INFO TaskSchedulerImpl: Adding task set 0.0 with 1 tasks resource profile 0
[2024-11-03T11:18:03.918+0000] {spark_submit.py:579} INFO - 24/11/03 11:18:03 INFO TaskSetManager: Starting task 0.0 in stage 0.0 (TID 0) (172.18.0.8, executor 0, partition 0, PROCESS_LOCAL, 7500 bytes)
[2024-11-03T11:18:04.221+0000] {spark_submit.py:579} INFO - 24/11/03 11:18:04 INFO BlockManagerInfo: Added broadcast_0_piece0 in memory on 172.18.0.8:44709 (size: 38.9 KiB, free: 1048.8 MiB)
[2024-11-03T11:18:05.980+0000] {spark_submit.py:579} INFO - 24/11/03 11:18:05 INFO TaskSetManager: Finished task 0.0 in stage 0.0 (TID 0) in 2077 ms on 172.18.0.8 (executor 0) (1/1)
[2024-11-03T11:18:05.983+0000] {spark_submit.py:579} INFO - 24/11/03 11:18:05 INFO TaskSchedulerImpl: Removed TaskSet 0.0, whose tasks have all completed, from pool
[2024-11-03T11:18:05.992+0000] {spark_submit.py:579} INFO - 24/11/03 11:18:05 INFO DAGScheduler: ResultStage 0 (load at NativeMethodAccessorImpl.java:0) finished in 3.800 s
[2024-11-03T11:18:05.998+0000] {spark_submit.py:579} INFO - 24/11/03 11:18:05 INFO DAGScheduler: Job 0 is finished. Cancelling potential speculative or zombie tasks for this job
[2024-11-03T11:18:05.999+0000] {spark_submit.py:579} INFO - 24/11/03 11:18:05 INFO TaskSchedulerImpl: Killing all running tasks in stage 0: Stage finished
[2024-11-03T11:18:06.002+0000] {spark_submit.py:579} INFO - 24/11/03 11:18:06 INFO DAGScheduler: Job 0 finished: load at NativeMethodAccessorImpl.java:0, took 3.869362 s
[2024-11-03T11:18:06.241+0000] {spark_submit.py:579} INFO - 24/11/03 11:18:06 INFO BlockManagerInfo: Removed broadcast_0_piece0 on eb88dbfa1959:40611 in memory (size: 38.9 KiB, free: 434.4 MiB)
[2024-11-03T11:18:06.255+0000] {spark_submit.py:579} INFO - 24/11/03 11:18:06 INFO BlockManagerInfo: Removed broadcast_0_piece0 on 172.18.0.8:44709 in memory (size: 38.9 KiB, free: 1048.8 MiB)
[2024-11-03T11:18:09.705+0000] {spark_submit.py:579} INFO - 24/11/03 11:18:09 INFO FileSourceStrategy: Pushed Filters:
[2024-11-03T11:18:09.709+0000] {spark_submit.py:579} INFO - 24/11/03 11:18:09 INFO FileSourceStrategy: Post-Scan Filters:
[2024-11-03T11:18:10.319+0000] {spark_submit.py:579} INFO - 24/11/03 11:18:10 INFO CodeGenerator: Code generated in 361.967298 ms
[2024-11-03T11:18:10.351+0000] {spark_submit.py:579} INFO - 24/11/03 11:18:10 INFO MemoryStore: Block broadcast_1 stored as values in memory (estimated size 206.5 KiB, free 434.2 MiB)
[2024-11-03T11:18:10.413+0000] {spark_submit.py:579} INFO - 24/11/03 11:18:10 INFO MemoryStore: Block broadcast_1_piece0 stored as bytes in memory (estimated size 36.6 KiB, free 434.2 MiB)
[2024-11-03T11:18:10.415+0000] {spark_submit.py:579} INFO - 24/11/03 11:18:10 INFO BlockManagerInfo: Added broadcast_1_piece0 in memory on eb88dbfa1959:40611 (size: 36.6 KiB, free: 434.4 MiB)
[2024-11-03T11:18:10.417+0000] {spark_submit.py:579} INFO - 24/11/03 11:18:10 INFO SparkContext: Created broadcast 1 from showString at NativeMethodAccessorImpl.java:0
[2024-11-03T11:18:10.449+0000] {spark_submit.py:579} INFO - 24/11/03 11:18:10 INFO FileSourceScanExec: Planning scan with bin packing, max size: 36317959 bytes, open cost is considered as scanning 4194304 bytes.
[2024-11-03T11:18:10.514+0000] {spark_submit.py:579} INFO - 24/11/03 11:18:10 INFO SparkContext: Starting job: showString at NativeMethodAccessorImpl.java:0
[2024-11-03T11:18:10.516+0000] {spark_submit.py:579} INFO - 24/11/03 11:18:10 INFO DAGScheduler: Got job 1 (showString at NativeMethodAccessorImpl.java:0) with 1 output partitions
[2024-11-03T11:18:10.517+0000] {spark_submit.py:579} INFO - 24/11/03 11:18:10 INFO DAGScheduler: Final stage: ResultStage 1 (showString at NativeMethodAccessorImpl.java:0)
[2024-11-03T11:18:10.517+0000] {spark_submit.py:579} INFO - 24/11/03 11:18:10 INFO DAGScheduler: Parents of final stage: List()
[2024-11-03T11:18:10.521+0000] {spark_submit.py:579} INFO - 24/11/03 11:18:10 INFO DAGScheduler: Missing parents: List()
[2024-11-03T11:18:10.523+0000] {spark_submit.py:579} INFO - 24/11/03 11:18:10 INFO DAGScheduler: Submitting ResultStage 1 (MapPartitionsRDD[6] at showString at NativeMethodAccessorImpl.java:0), which has no missing parents
[2024-11-03T11:18:10.610+0000] {spark_submit.py:579} INFO - 24/11/03 11:18:10 INFO MemoryStore: Block broadcast_2 stored as values in memory (estimated size 26.4 KiB, free 434.1 MiB)
[2024-11-03T11:18:10.625+0000] {spark_submit.py:579} INFO - 24/11/03 11:18:10 INFO MemoryStore: Block broadcast_2_piece0 stored as bytes in memory (estimated size 12.2 KiB, free 434.1 MiB)
[2024-11-03T11:18:10.629+0000] {spark_submit.py:579} INFO - 24/11/03 11:18:10 INFO BlockManagerInfo: Added broadcast_2_piece0 in memory on eb88dbfa1959:40611 (size: 12.2 KiB, free: 434.4 MiB)
[2024-11-03T11:18:10.630+0000] {spark_submit.py:579} INFO - 24/11/03 11:18:10 INFO SparkContext: Created broadcast 2 from broadcast at DAGScheduler.scala:1540
[2024-11-03T11:18:10.631+0000] {spark_submit.py:579} INFO - 24/11/03 11:18:10 INFO DAGScheduler: Submitting 1 missing tasks from ResultStage 1 (MapPartitionsRDD[6] at showString at NativeMethodAccessorImpl.java:0) (first 15 tasks are for partitions Vector(0))
[2024-11-03T11:18:10.631+0000] {spark_submit.py:579} INFO - 24/11/03 11:18:10 INFO TaskSchedulerImpl: Adding task set 1.0 with 1 tasks resource profile 0
[2024-11-03T11:18:10.638+0000] {spark_submit.py:579} INFO - 24/11/03 11:18:10 INFO TaskSetManager: Starting task 0.0 in stage 1.0 (TID 1) (172.18.0.8, executor 0, partition 0, PROCESS_LOCAL, 7922 bytes)
[2024-11-03T11:18:10.696+0000] {spark_submit.py:579} INFO - 24/11/03 11:18:10 INFO BlockManagerInfo: Added broadcast_2_piece0 in memory on 172.18.0.8:44709 (size: 12.2 KiB, free: 1048.8 MiB)
[2024-11-03T11:18:11.483+0000] {spark_submit.py:579} INFO - 24/11/03 11:18:11 INFO BlockManagerInfo: Added broadcast_1_piece0 in memory on 172.18.0.8:44709 (size: 36.6 KiB, free: 1048.8 MiB)
[2024-11-03T11:18:12.437+0000] {spark_submit.py:579} INFO - 24/11/03 11:18:12 INFO TaskSetManager: Finished task 0.0 in stage 1.0 (TID 1) in 1804 ms on 172.18.0.8 (executor 0) (1/1)
[2024-11-03T11:18:12.438+0000] {spark_submit.py:579} INFO - 24/11/03 11:18:12 INFO TaskSchedulerImpl: Removed TaskSet 1.0, whose tasks have all completed, from pool
[2024-11-03T11:18:12.440+0000] {spark_submit.py:579} INFO - 24/11/03 11:18:12 INFO DAGScheduler: ResultStage 1 (showString at NativeMethodAccessorImpl.java:0) finished in 1.912 s
[2024-11-03T11:18:12.441+0000] {spark_submit.py:579} INFO - 24/11/03 11:18:12 INFO DAGScheduler: Job 1 is finished. Cancelling potential speculative or zombie tasks for this job
[2024-11-03T11:18:12.442+0000] {spark_submit.py:579} INFO - 24/11/03 11:18:12 INFO TaskSchedulerImpl: Killing all running tasks in stage 1: Stage finished
[2024-11-03T11:18:12.443+0000] {spark_submit.py:579} INFO - 24/11/03 11:18:12 INFO DAGScheduler: Job 1 finished: showString at NativeMethodAccessorImpl.java:0, took 1.927170 s
[2024-11-03T11:18:12.497+0000] {spark_submit.py:579} INFO - 24/11/03 11:18:12 INFO CodeGenerator: Code generated in 24.19324 ms
[2024-11-03T11:18:12.552+0000] {spark_submit.py:579} INFO - +-----+------------------------------------------------------------------------------------------------------------------------------------------------------------------------------------------------------------------------------------------------------------------------------------------------------------------------------------------------------------------------------------------------------------------------------------------------------------------------------------------------------------------+
[2024-11-03T11:18:12.553+0000] {spark_submit.py:579} INFO - |id   |cast_name                                                                                                                                                                                                                                                                                                                                                                                                                                                                                                         |
[2024-11-03T11:18:12.553+0000] {spark_submit.py:579} INFO - +-----+------------------------------------------------------------------------------------------------------------------------------------------------------------------------------------------------------------------------------------------------------------------------------------------------------------------------------------------------------------------------------------------------------------------------------------------------------------------------------------------------------------------+
[2024-11-03T11:18:12.554+0000] {spark_submit.py:579} INFO - |862  |null                                                                                                                                                                                                                                                                                                                                                                                                                                                                                                              |
[2024-11-03T11:18:12.554+0000] {spark_submit.py:579} INFO - |8844 |null                                                                                                                                                                                                                                                                                                                                                                                                                                                                                                              |
[2024-11-03T11:18:12.554+0000] {spark_submit.py:579} INFO - |15602|[Walter Matthau, Jack Lemmon, Ann-Margret, Sophia Loren, Daryl Hannah, Burgess Meredith, Kevin Pollak]                                                                                                                                                                                                                                                                                                                                                                                                            |
[2024-11-03T11:18:12.555+0000] {spark_submit.py:579} INFO - |31357|[Whitney Houston, Angela Bassett, Loretta Devine, Lela Rochon, Gregory Hines, Dennis Haysbert, Michael Beach, Mykelti Williamson, Lamont Johnson, Wesley Snipes]                                                                                                                                                                                                                                                                                                                                                  |
[2024-11-03T11:18:12.555+0000] {spark_submit.py:579} INFO - |11862|[Steve Martin, Diane Keaton, Martin Short, Kimberly Williams-Paisley, George Newbern, Kieran Culkin, BD Wong, Peter Michael Goetz, Kate McGregor-Stewart, Jane Adams, Eugene Levy, Lori Alan]                                                                                                                                                                                                                                                                                                                     |
[2024-11-03T11:18:12.556+0000] {spark_submit.py:579} INFO - |949  |null                                                                                                                                                                                                                                                                                                                                                                                                                                                                                                              |
[2024-11-03T11:18:12.556+0000] {spark_submit.py:579} INFO - |11860|null                                                                                                                                                                                                                                                                                                                                                                                                                                                                                                              |
[2024-11-03T11:18:12.557+0000] {spark_submit.py:579} INFO - |45325|[Jonathan Taylor Thomas, Brad Renfro, Rachael Leigh Cook, Michael McShane, Amy Wright, Eric Schweig, Tamara Mello]                                                                                                                                                                                                                                                                                                                                                                                                |
[2024-11-03T11:18:12.557+0000] {spark_submit.py:579} INFO - |9091 |null                                                                                                                                                                                                                                                                                                                                                                                                                                                                                                              |
[2024-11-03T11:18:12.558+0000] {spark_submit.py:579} INFO - |710  |null                                                                                                                                                                                                                                                                                                                                                                                                                                                                                                              |
[2024-11-03T11:18:12.559+0000] {spark_submit.py:579} INFO - |9087 |[Michael Douglas, Annette Bening, Michael J. Fox, Martin Sheen, Anna Deavere Smith, Shawna Waldron, Samantha Mathis, David Paymer, Richard Dreyfuss, Nina Siemaszko, Wendie Malick, Beau Billingslea, Gail Strickland, Joshua Malina, Clement von Franckenstein, John Mahoney, John Mahon, Gabriel Jarret]                                                                                                                                                                                                        |
[2024-11-03T11:18:12.559+0000] {spark_submit.py:579} INFO - |12110|[Leslie Nielsen, Mel Brooks, Amy Yasbeck, Peter MacNicol, Lysette Anthony, Harvey Korman, Steven Weber, Mark Blankfield, Megan Cavanagh, Gregg Binkley, Anne Bancroft]                                                                                                                                                                                                                                                                                                                                            |
[2024-11-03T11:18:12.560+0000] {spark_submit.py:579} INFO - |21032|null                                                                                                                                                                                                                                                                                                                                                                                                                                                                                                              |
[2024-11-03T11:18:12.560+0000] {spark_submit.py:579} INFO - |10858|[Anthony Hopkins, Joan Allen, Powers Boothe, Ed Harris, Bob Hoskins, E.G. Marshall, David Paymer, David Hyde Pierce, Paul Sorvino, Mary Steenburgen, J.T. Walsh, James Woods, Brian Bedford, Kevin Dunn, Fyvush Finkel, Annabeth Gish, Larry Hagman, Madeline Kahn, Dan Hedaya, Bridgette Wilson, Tom Bower, Tony Goldwyn, Edward Herrmann, Tony Lo Bianco, Saul Rubinek, Robert Beltran, John Cunningham, John Diehl, John C. McGinley, Michael Chiklis, Ric Young, Boris Sichkin, Sam Waterston, Marley Shelton]|
[2024-11-03T11:18:12.561+0000] {spark_submit.py:579} INFO - |1408 |null                                                                                                                                                                                                                                                                                                                                                                                                                                                                                                              |
[2024-11-03T11:18:12.561+0000] {spark_submit.py:579} INFO - |524  |null                                                                                                                                                                                                                                                                                                                                                                                                                                                                                                              |
[2024-11-03T11:18:12.561+0000] {spark_submit.py:579} INFO - |4584 |null                                                                                                                                                                                                                                                                                                                                                                                                                                                                                                              |
[2024-11-03T11:18:12.562+0000] {spark_submit.py:579} INFO - |5    |null                                                                                                                                                                                                                                                                                                                                                                                                                                                                                                              |
[2024-11-03T11:18:12.562+0000] {spark_submit.py:579} INFO - |9273 |null                                                                                                                                                                                                                                                                                                                                                                                                                                                                                                              |
[2024-11-03T11:18:12.562+0000] {spark_submit.py:579} INFO - |11517|null                                                                                                                                                                                                                                                                                                                                                                                                                                                                                                              |
[2024-11-03T11:18:12.562+0000] {spark_submit.py:579} INFO - +-----+------------------------------------------------------------------------------------------------------------------------------------------------------------------------------------------------------------------------------------------------------------------------------------------------------------------------------------------------------------------------------------------------------------------------------------------------------------------------------------------------------------------+
[2024-11-03T11:18:12.563+0000] {spark_submit.py:579} INFO - only showing top 20 rows
[2024-11-03T11:18:12.563+0000] {spark_submit.py:579} INFO - 
[2024-11-03T11:18:12.563+0000] {spark_submit.py:579} INFO - 2024-11-03 11:18:12,552 INFO: Saving cleaned data to s3a://lakehouse/sliver/credit
[2024-11-03T11:18:12.563+0000] {spark_submit.py:579} INFO - 2024-11-03 11:18:12,552 ERROR: Error during cleaning process: 'NoneType' object has no attribute 'write'
[2024-11-03T11:18:12.564+0000] {spark_submit.py:579} INFO - 2024-11-03 11:18:12,555 ERROR: Traceback (most recent call last):
[2024-11-03T11:18:12.564+0000] {spark_submit.py:579} INFO - File "/opt/***/jobs/python/test_Credit.py", line 122, in clean_credits
[2024-11-03T11:18:12.565+0000] {spark_submit.py:579} INFO - df.write.format("delta").mode("overwrite").option('overwriteSchema', 'true').save(output_path)
[2024-11-03T11:18:12.566+0000] {spark_submit.py:579} INFO - ^^^^^^^^
[2024-11-03T11:18:12.566+0000] {spark_submit.py:579} INFO - AttributeError: 'NoneType' object has no attribute 'write'
[2024-11-03T11:18:12.567+0000] {spark_submit.py:579} INFO - 
[2024-11-03T11:18:12.567+0000] {spark_submit.py:579} INFO - 24/11/03 11:18:12 INFO SparkContext: SparkContext is stopping with exitCode 0.
[2024-11-03T11:18:12.572+0000] {spark_submit.py:579} INFO - 24/11/03 11:18:12 INFO SparkUI: Stopped Spark web UI at http://eb88dbfa1959:4040
[2024-11-03T11:18:12.578+0000] {spark_submit.py:579} INFO - 24/11/03 11:18:12 INFO StandaloneSchedulerBackend: Shutting down all executors
[2024-11-03T11:18:12.579+0000] {spark_submit.py:579} INFO - 24/11/03 11:18:12 INFO StandaloneSchedulerBackend$StandaloneDriverEndpoint: Asking each executor to shut down
[2024-11-03T11:18:12.609+0000] {spark_submit.py:579} INFO - 24/11/03 11:18:12 INFO MapOutputTrackerMasterEndpoint: MapOutputTrackerMasterEndpoint stopped!
[2024-11-03T11:18:12.629+0000] {spark_submit.py:579} INFO - 24/11/03 11:18:12 INFO MemoryStore: MemoryStore cleared
[2024-11-03T11:18:12.629+0000] {spark_submit.py:579} INFO - 24/11/03 11:18:12 INFO BlockManager: BlockManager stopped
[2024-11-03T11:18:12.633+0000] {spark_submit.py:579} INFO - 24/11/03 11:18:12 INFO BlockManagerMaster: BlockManagerMaster stopped
[2024-11-03T11:18:12.638+0000] {spark_submit.py:579} INFO - 24/11/03 11:18:12 INFO OutputCommitCoordinator$OutputCommitCoordinatorEndpoint: OutputCommitCoordinator stopped!
[2024-11-03T11:18:12.698+0000] {spark_submit.py:579} INFO - 24/11/03 11:18:12 INFO SparkContext: Successfully stopped SparkContext
[2024-11-03T11:18:13.133+0000] {spark_submit.py:579} INFO - 2024-11-03 11:18:13,132 INFO: Closing down clientserver connection
[2024-11-03T11:18:13.192+0000] {spark_submit.py:579} INFO - 24/11/03 11:18:13 INFO ShutdownHookManager: Shutdown hook called
[2024-11-03T11:18:13.193+0000] {spark_submit.py:579} INFO - 24/11/03 11:18:13 INFO ShutdownHookManager: Deleting directory /tmp/spark-23bf1ee6-92ef-48f4-9e3a-b1d9275871a8
[2024-11-03T11:18:13.198+0000] {spark_submit.py:579} INFO - 24/11/03 11:18:13 INFO ShutdownHookManager: Deleting directory /tmp/spark-23bf1ee6-92ef-48f4-9e3a-b1d9275871a8/pyspark-8ecd92fe-3e74-4900-989c-feac3d81011d
[2024-11-03T11:18:13.202+0000] {spark_submit.py:579} INFO - 24/11/03 11:18:13 INFO ShutdownHookManager: Deleting directory /tmp/spark-3938cca1-76be-477b-a902-52f858947880
[2024-11-03T11:18:13.210+0000] {spark_submit.py:579} INFO - 24/11/03 11:18:13 INFO MetricsSystemImpl: Stopping s3a-file-system metrics system...
[2024-11-03T11:18:13.211+0000] {spark_submit.py:579} INFO - 24/11/03 11:18:13 INFO MetricsSystemImpl: s3a-file-system metrics system stopped.
[2024-11-03T11:18:13.212+0000] {spark_submit.py:579} INFO - 24/11/03 11:18:13 INFO MetricsSystemImpl: s3a-file-system metrics system shutdown complete.
[2024-11-03T11:18:13.284+0000] {taskinstance.py:1935} ERROR - Task failed with exception
Traceback (most recent call last):
  File "/home/airflow/.local/lib/python3.11/site-packages/airflow/providers/apache/spark/operators/spark_submit.py", line 174, in execute
    self._hook.submit(self.application)
  File "/home/airflow/.local/lib/python3.11/site-packages/airflow/providers/apache/spark/hooks/spark_submit.py", line 505, in submit
    raise AirflowException(
airflow.exceptions.AirflowException: Cannot execute: spark-submit --master spark://spark-master:7077 --conf spark.sql.extensions=io.delta.sql.DeltaSparkSessionExtension --conf spark.sql.catalog.spark_catalog=org.apache.spark.sql.delta.catalog.DeltaCatalog --jars /opt/***/jars/hadoop-aws-3.3.4.jar,/opt/***/jars/s3-2.18.41.jar,/opt/***/jars/aws-java-sdk-1.12.367.jar,/opt/***/jars/delta-core_2.12-2.4.0.jar,/opt/***/jars/delta-storage-2.2.0.jar, --packages org.apache.hadoop:hadoop-aws:3.3.4 --num-executors 2 --total-executor-cores 2 --executor-cores 2 --executor-memory 2g --driver-memory 1g --name arrow-spark --deploy-mode client /opt/***/jobs/python/test_Credit.py s3a://lakehouse/bronze/credits.parquet s3a://lakehouse/sliver/credit. Error code is: 1.
[2024-11-03T11:18:13.297+0000] {taskinstance.py:1398} INFO - Marking task as UP_FOR_RETRY. dag_id=task_credits_clean, task_id=credits_cleaned, execution_date=20241103T111748, start_date=20241103T111750, end_date=20241103T111813
[2024-11-03T11:18:13.311+0000] {standard_task_runner.py:104} ERROR - Failed to execute job 175 for task credits_cleaned (Cannot execute: spark-submit --master spark://spark-master:7077 --conf spark.sql.extensions=io.delta.sql.DeltaSparkSessionExtension --conf spark.sql.catalog.spark_catalog=org.apache.spark.sql.delta.catalog.DeltaCatalog --jars /opt/***/jars/hadoop-aws-3.3.4.jar,/opt/***/jars/s3-2.18.41.jar,/opt/***/jars/aws-java-sdk-1.12.367.jar,/opt/***/jars/delta-core_2.12-2.4.0.jar,/opt/***/jars/delta-storage-2.2.0.jar, --packages org.apache.hadoop:hadoop-aws:3.3.4 --num-executors 2 --total-executor-cores 2 --executor-cores 2 --executor-memory 2g --driver-memory 1g --name arrow-spark --deploy-mode client /opt/***/jobs/python/test_Credit.py s3a://lakehouse/bronze/credits.parquet s3a://lakehouse/sliver/credit. Error code is: 1.; 16595)
[2024-11-03T11:18:13.344+0000] {local_task_job_runner.py:228} INFO - Task exited with return code 1
[2024-11-03T11:18:13.358+0000] {taskinstance.py:2776} INFO - 0 downstream tasks scheduled from follow-on schedule check
