[2024-10-04T00:59:29.181+0000] {taskinstance.py:1157} INFO - Dependencies all met for dep_context=non-requeueable deps ti=<TaskInstance: bronze_layer_processing.bronze_movies scheduled__2024-10-03T00:00:00+00:00 [queued]>
[2024-10-04T00:59:29.191+0000] {taskinstance.py:1157} INFO - Dependencies all met for dep_context=requeueable deps ti=<TaskInstance: bronze_layer_processing.bronze_movies scheduled__2024-10-03T00:00:00+00:00 [queued]>
[2024-10-04T00:59:29.192+0000] {taskinstance.py:1359} INFO - Starting attempt 1 of 2
[2024-10-04T00:59:29.207+0000] {taskinstance.py:1380} INFO - Executing <Task(PythonOperator): bronze_movies> on 2024-10-03 00:00:00+00:00
[2024-10-04T00:59:29.215+0000] {standard_task_runner.py:57} INFO - Started process 554 to run task
[2024-10-04T00:59:29.218+0000] {standard_task_runner.py:84} INFO - Running: ['***', 'tasks', 'run', 'bronze_layer_processing', 'bronze_movies', 'scheduled__2024-10-03T00:00:00+00:00', '--job-id', '15', '--raw', '--subdir', 'DAGS_FOLDER/bronze_layer.py', '--cfg-path', '/tmp/tmpciqhbtd1']
[2024-10-04T00:59:29.221+0000] {standard_task_runner.py:85} INFO - Job 15: Subtask bronze_movies
[2024-10-04T00:59:29.271+0000] {task_command.py:415} INFO - Running <TaskInstance: bronze_layer_processing.bronze_movies scheduled__2024-10-03T00:00:00+00:00 [running]> on host b17a734dfca2
[2024-10-04T00:59:29.346+0000] {taskinstance.py:1660} INFO - Exporting env vars: AIRFLOW_CTX_DAG_OWNER='***' AIRFLOW_CTX_DAG_ID='bronze_layer_processing' AIRFLOW_CTX_TASK_ID='bronze_movies' AIRFLOW_CTX_EXECUTION_DATE='2024-10-03T00:00:00+00:00' AIRFLOW_CTX_TRY_NUMBER='1' AIRFLOW_CTX_DAG_RUN_ID='scheduled__2024-10-03T00:00:00+00:00'
[2024-10-04T00:59:30.285+0000] {logging_mixin.py:151} INFO - Table extracted with shape: (45466, 24)
[2024-10-04T00:59:31.650+0000] {python.py:194} INFO - Done. Returned value was: None
[2024-10-04T00:59:31.662+0000] {taskinstance.py:1398} INFO - Marking task as SUCCESS. dag_id=bronze_layer_processing, task_id=bronze_movies, execution_date=20241003T000000, start_date=20241004T005929, end_date=20241004T005931
[2024-10-04T00:59:31.720+0000] {local_task_job_runner.py:228} INFO - Task exited with return code 0
[2024-10-04T00:59:31.746+0000] {taskinstance.py:2776} INFO - 1 downstream tasks scheduled from follow-on schedule check
[2024-10-04T01:53:54.906+0000] {logging_mixin.py:151} INFO - Changing /opt/***/logs/dag_id=bronze_layer_processing/run_id=scheduled__2024-10-03T00:00:00+00:00/task_id=bronze_movies permission to 509
[2024-10-04T01:53:54.907+0000] {logging_mixin.py:151} INFO - Failed to change /opt/***/logs/dag_id=bronze_layer_processing/run_id=scheduled__2024-10-03T00:00:00+00:00/task_id=bronze_movies permission to 509: [Errno 1] Operation not permitted: '/opt/***/logs/dag_id=bronze_layer_processing/run_id=scheduled__2024-10-03T00:00:00+00:00/task_id=bronze_movies'
[2024-10-04T01:53:54.930+0000] {logging_mixin.py:151} INFO - Changing /opt/***/logs/dag_id=bronze_layer_processing/run_id=scheduled__2024-10-03T00:00:00+00:00/task_id=bronze_movies permission to 509
[2024-10-04T01:53:54.930+0000] {logging_mixin.py:151} INFO - Failed to change /opt/***/logs/dag_id=bronze_layer_processing/run_id=scheduled__2024-10-03T00:00:00+00:00/task_id=bronze_movies permission to 509: [Errno 1] Operation not permitted: '/opt/***/logs/dag_id=bronze_layer_processing/run_id=scheduled__2024-10-03T00:00:00+00:00/task_id=bronze_movies'
[2024-10-04T01:53:54.961+0000] {taskinstance.py:1157} INFO - Dependencies all met for dep_context=non-requeueable deps ti=<TaskInstance: bronze_layer_processing.bronze_movies scheduled__2024-10-03T00:00:00+00:00 [queued]>
[2024-10-04T01:53:54.971+0000] {taskinstance.py:1157} INFO - Dependencies all met for dep_context=requeueable deps ti=<TaskInstance: bronze_layer_processing.bronze_movies scheduled__2024-10-03T00:00:00+00:00 [queued]>
[2024-10-04T01:53:54.972+0000] {taskinstance.py:1359} INFO - Starting attempt 1 of 2
[2024-10-04T01:53:54.986+0000] {taskinstance.py:1380} INFO - Executing <Task(PythonOperator): bronze_movies> on 2024-10-03 00:00:00+00:00
[2024-10-04T01:53:54.992+0000] {standard_task_runner.py:57} INFO - Started process 1208 to run task
[2024-10-04T01:53:54.994+0000] {standard_task_runner.py:84} INFO - Running: ['***', 'tasks', 'run', 'bronze_layer_processing', 'bronze_movies', 'scheduled__2024-10-03T00:00:00+00:00', '--job-id', '13', '--raw', '--subdir', 'DAGS_FOLDER/bronze_layer.py', '--cfg-path', '/tmp/tmpi74qxi5t']
[2024-10-04T01:53:54.997+0000] {standard_task_runner.py:85} INFO - Job 13: Subtask bronze_movies
[2024-10-04T01:53:55.043+0000] {logging_mixin.py:151} INFO - Changing /opt/***/logs/dag_id=bronze_layer_processing/run_id=scheduled__2024-10-03T00:00:00+00:00/task_id=bronze_movies permission to 509
[2024-10-04T01:53:55.044+0000] {logging_mixin.py:151} INFO - Failed to change /opt/***/logs/dag_id=bronze_layer_processing/run_id=scheduled__2024-10-03T00:00:00+00:00/task_id=bronze_movies permission to 509: [Errno 1] Operation not permitted: '/opt/***/logs/dag_id=bronze_layer_processing/run_id=scheduled__2024-10-03T00:00:00+00:00/task_id=bronze_movies'
[2024-10-04T01:53:55.046+0000] {task_command.py:415} INFO - Running <TaskInstance: bronze_layer_processing.bronze_movies scheduled__2024-10-03T00:00:00+00:00 [running]> on host 928e276d789d
[2024-10-04T01:53:55.120+0000] {taskinstance.py:1660} INFO - Exporting env vars: AIRFLOW_CTX_DAG_OWNER='***' AIRFLOW_CTX_DAG_ID='bronze_layer_processing' AIRFLOW_CTX_TASK_ID='bronze_movies' AIRFLOW_CTX_EXECUTION_DATE='2024-10-03T00:00:00+00:00' AIRFLOW_CTX_TRY_NUMBER='1' AIRFLOW_CTX_DAG_RUN_ID='scheduled__2024-10-03T00:00:00+00:00'
[2024-10-04T01:53:55.924+0000] {logging_mixin.py:151} INFO - Table extracted with shape: (45466, 24)
[2024-10-04T01:53:57.343+0000] {python.py:194} INFO - Done. Returned value was: None
[2024-10-04T01:53:57.353+0000] {taskinstance.py:1398} INFO - Marking task as SUCCESS. dag_id=bronze_layer_processing, task_id=bronze_movies, execution_date=20241003T000000, start_date=20241004T015354, end_date=20241004T015357
[2024-10-04T01:53:57.417+0000] {local_task_job_runner.py:228} INFO - Task exited with return code 0
[2024-10-04T01:53:57.458+0000] {taskinstance.py:2776} INFO - 1 downstream tasks scheduled from follow-on schedule check
