[2024-10-04T14:09:54.442+0000] {taskinstance.py:1157} INFO - Dependencies all met for dep_context=non-requeueable deps ti=<TaskInstance: spark_processing_dag.silver_cleaned_keywords manual__2024-10-04T14:04:48.605380+00:00 [queued]>
[2024-10-04T14:09:54.448+0000] {taskinstance.py:1157} INFO - Dependencies all met for dep_context=requeueable deps ti=<TaskInstance: spark_processing_dag.silver_cleaned_keywords manual__2024-10-04T14:04:48.605380+00:00 [queued]>
[2024-10-04T14:09:54.448+0000] {taskinstance.py:1359} INFO - Starting attempt 2 of 2
[2024-10-04T14:09:54.459+0000] {taskinstance.py:1380} INFO - Executing <Task(SparkSubmitOperator): silver_cleaned_keywords> on 2024-10-04 14:04:48.605380+00:00
[2024-10-04T14:09:54.463+0000] {standard_task_runner.py:57} INFO - Started process 3192 to run task
[2024-10-04T14:09:54.465+0000] {standard_task_runner.py:84} INFO - Running: ['***', 'tasks', 'run', 'spark_processing_dag', 'silver_cleaned_keywords', 'manual__2024-10-04T14:04:48.605380+00:00', '--job-id', '65', '--raw', '--subdir', 'DAGS_FOLDER/sliver_layer.py', '--cfg-path', '/tmp/tmpafue5zlf']
[2024-10-04T14:09:54.468+0000] {standard_task_runner.py:85} INFO - Job 65: Subtask silver_cleaned_keywords
[2024-10-04T14:09:54.512+0000] {task_command.py:415} INFO - Running <TaskInstance: spark_processing_dag.silver_cleaned_keywords manual__2024-10-04T14:04:48.605380+00:00 [running]> on host 5d3c8cf16fd2
[2024-10-04T14:09:54.574+0000] {taskinstance.py:1660} INFO - Exporting env vars: AIRFLOW_CTX_DAG_OWNER='***' AIRFLOW_CTX_DAG_ID='spark_processing_dag' AIRFLOW_CTX_TASK_ID='silver_cleaned_keywords' AIRFLOW_CTX_EXECUTION_DATE='2024-10-04T14:04:48.605380+00:00' AIRFLOW_CTX_TRY_NUMBER='2' AIRFLOW_CTX_DAG_RUN_ID='manual__2024-10-04T14:04:48.605380+00:00'
[2024-10-04T14:09:54.583+0000] {base.py:73} INFO - Using connection ID 'spark-conn' for task execution.
[2024-10-04T14:09:54.585+0000] {spark_submit.py:403} INFO - Spark-Submit cmd: spark-submit --master spark://spark-master:7077 --conf spark.sql.extensions=io.delta.sql.DeltaSparkSessionExtension --conf spark.sql.catalog.spark_catalog=org.apache.spark.sql.delta.catalog.DeltaCatalog --jars /opt/***/jars/hadoop-aws-3.3.4.jar,/opt/***/jars/s3-2.18.41.jar,/opt/***/jars/aws-java-sdk-1.12.367.jar,/opt/***/jars/delta-core_2.12-2.2.0.jar,/opt/***/jars/delta-storage-2.2.0.jar,/opt/***/jars/mysql-connector-java-8.0.19.jar --packages org.apache.hadoop:hadoop-aws:3.3.4 --num-executors 2 --total-executor-cores 2 --executor-cores 2 --executor-memory 2g --driver-memory 1g --name arrow-spark --deploy-mode client /opt/***/jobs/python/test_Key.py
[2024-10-04T14:09:54.665+0000] {spark_submit.py:579} INFO - /home/***/.local/lib/python3.11/site-packages/pyspark/bin/load-spark-env.sh: line 68: ps: command not found
[2024-10-04T14:09:56.118+0000] {spark_submit.py:579} INFO - :: loading settings :: url = jar:file:/home/***/.local/lib/python3.11/site-packages/pyspark/jars/ivy-2.5.1.jar!/org/apache/ivy/core/settings/ivysettings.xml
[2024-10-04T14:09:56.194+0000] {spark_submit.py:579} INFO - Ivy Default Cache set to: /home/***/.ivy2/cache
[2024-10-04T14:09:56.195+0000] {spark_submit.py:579} INFO - The jars for the packages stored in: /home/***/.ivy2/jars
[2024-10-04T14:09:56.199+0000] {spark_submit.py:579} INFO - org.apache.hadoop#hadoop-aws added as a dependency
[2024-10-04T14:09:56.200+0000] {spark_submit.py:579} INFO - :: resolving dependencies :: org.apache.spark#spark-submit-parent-ec47b56b-b2fd-47e9-a7ea-b115ce92d6a4;1.0
[2024-10-04T14:09:56.200+0000] {spark_submit.py:579} INFO - confs: [default]
[2024-10-04T14:09:56.313+0000] {spark_submit.py:579} INFO - found org.apache.hadoop#hadoop-aws;3.3.4 in central
[2024-10-04T14:09:56.337+0000] {spark_submit.py:579} INFO - found com.amazonaws#aws-java-sdk-bundle;1.12.262 in central
[2024-10-04T14:09:56.353+0000] {spark_submit.py:579} INFO - found org.wildfly.openssl#wildfly-openssl;1.0.7.Final in central
[2024-10-04T14:09:56.370+0000] {spark_submit.py:579} INFO - :: resolution report :: resolve 164ms :: artifacts dl 7ms
[2024-10-04T14:09:56.371+0000] {spark_submit.py:579} INFO - :: modules in use:
[2024-10-04T14:09:56.372+0000] {spark_submit.py:579} INFO - com.amazonaws#aws-java-sdk-bundle;1.12.262 from central in [default]
[2024-10-04T14:09:56.372+0000] {spark_submit.py:579} INFO - org.apache.hadoop#hadoop-aws;3.3.4 from central in [default]
[2024-10-04T14:09:56.372+0000] {spark_submit.py:579} INFO - org.wildfly.openssl#wildfly-openssl;1.0.7.Final from central in [default]
[2024-10-04T14:09:56.373+0000] {spark_submit.py:579} INFO - ---------------------------------------------------------------------
[2024-10-04T14:09:56.373+0000] {spark_submit.py:579} INFO - |                  |            modules            ||   artifacts   |
[2024-10-04T14:09:56.373+0000] {spark_submit.py:579} INFO - |       conf       | number| search|dwnlded|evicted|| number|dwnlded|
[2024-10-04T14:09:56.374+0000] {spark_submit.py:579} INFO - ---------------------------------------------------------------------
[2024-10-04T14:09:56.374+0000] {spark_submit.py:579} INFO - |      default     |   3   |   0   |   0   |   0   ||   3   |   0   |
[2024-10-04T14:09:56.374+0000] {spark_submit.py:579} INFO - ---------------------------------------------------------------------
[2024-10-04T14:09:56.376+0000] {spark_submit.py:579} INFO - :: retrieving :: org.apache.spark#spark-submit-parent-ec47b56b-b2fd-47e9-a7ea-b115ce92d6a4
[2024-10-04T14:09:56.376+0000] {spark_submit.py:579} INFO - confs: [default]
[2024-10-04T14:09:56.381+0000] {spark_submit.py:579} INFO - 0 artifacts copied, 3 already retrieved (0kB/5ms)
[2024-10-04T14:09:56.555+0000] {spark_submit.py:579} INFO - 24/10/04 14:09:56 WARN NativeCodeLoader: Unable to load native-hadoop library for your platform... using builtin-java classes where applicable
[2024-10-04T14:09:57.771+0000] {spark_submit.py:579} INFO - Usage: spark-submit clean_keywords.py <input_path> <output_path>
[2024-10-04T14:09:57.816+0000] {spark_submit.py:579} INFO - 24/10/04 14:09:57 INFO ShutdownHookManager: Shutdown hook called
[2024-10-04T14:09:57.817+0000] {spark_submit.py:579} INFO - 24/10/04 14:09:57 INFO ShutdownHookManager: Deleting directory /tmp/spark-da9d5026-2dd8-49af-8f4e-e5d4d9e38a30
[2024-10-04T14:09:57.859+0000] {taskinstance.py:1935} ERROR - Task failed with exception
Traceback (most recent call last):
  File "/home/airflow/.local/lib/python3.11/site-packages/airflow/providers/apache/spark/operators/spark_submit.py", line 174, in execute
    self._hook.submit(self.application)
  File "/home/airflow/.local/lib/python3.11/site-packages/airflow/providers/apache/spark/hooks/spark_submit.py", line 505, in submit
    raise AirflowException(
airflow.exceptions.AirflowException: Cannot execute: spark-submit --master spark://spark-master:7077 --conf spark.sql.extensions=io.delta.sql.DeltaSparkSessionExtension --conf spark.sql.catalog.spark_catalog=org.apache.spark.sql.delta.catalog.DeltaCatalog --jars /opt/***/jars/hadoop-aws-3.3.4.jar,/opt/***/jars/s3-2.18.41.jar,/opt/***/jars/aws-java-sdk-1.12.367.jar,/opt/***/jars/delta-core_2.12-2.2.0.jar,/opt/***/jars/delta-storage-2.2.0.jar,/opt/***/jars/mysql-connector-java-8.0.19.jar --packages org.apache.hadoop:hadoop-aws:3.3.4 --num-executors 2 --total-executor-cores 2 --executor-cores 2 --executor-memory 2g --driver-memory 1g --name arrow-spark --deploy-mode client /opt/***/jobs/python/test_Key.py. Error code is: 1.
[2024-10-04T14:09:57.862+0000] {taskinstance.py:1398} INFO - Marking task as FAILED. dag_id=spark_processing_dag, task_id=silver_cleaned_keywords, execution_date=20241004T140448, start_date=20241004T140954, end_date=20241004T140957
[2024-10-04T14:09:57.863+0000] {sliver_layer.py:15} ERROR - Task spark_processing_dag__silver_cleaned_keywords__20241004 failed.
[2024-10-04T14:09:57.883+0000] {standard_task_runner.py:104} ERROR - Failed to execute job 65 for task silver_cleaned_keywords (Cannot execute: spark-submit --master spark://spark-master:7077 --conf spark.sql.extensions=io.delta.sql.DeltaSparkSessionExtension --conf spark.sql.catalog.spark_catalog=org.apache.spark.sql.delta.catalog.DeltaCatalog --jars /opt/***/jars/hadoop-aws-3.3.4.jar,/opt/***/jars/s3-2.18.41.jar,/opt/***/jars/aws-java-sdk-1.12.367.jar,/opt/***/jars/delta-core_2.12-2.2.0.jar,/opt/***/jars/delta-storage-2.2.0.jar,/opt/***/jars/mysql-connector-java-8.0.19.jar --packages org.apache.hadoop:hadoop-aws:3.3.4 --num-executors 2 --total-executor-cores 2 --executor-cores 2 --executor-memory 2g --driver-memory 1g --name arrow-spark --deploy-mode client /opt/***/jobs/python/test_Key.py. Error code is: 1.; 3192)
[2024-10-04T14:09:57.892+0000] {local_task_job_runner.py:228} INFO - Task exited with return code 1
[2024-10-04T14:09:57.905+0000] {taskinstance.py:2776} INFO - 0 downstream tasks scheduled from follow-on schedule check
