[2024-12-08T15:12:37.219+0000] {taskinstance.py:1159} INFO - Dependencies all met for dep_context=non-requeueable deps ti=<TaskInstance: Sliver_Layer.clean_keyword manual__2024-12-08T15:12:36.271910+00:00 [queued]>
[2024-12-08T15:12:37.232+0000] {taskinstance.py:1159} INFO - Dependencies all met for dep_context=requeueable deps ti=<TaskInstance: Sliver_Layer.clean_keyword manual__2024-12-08T15:12:36.271910+00:00 [queued]>
[2024-12-08T15:12:37.233+0000] {taskinstance.py:1361} INFO - Starting attempt 1 of 2
[2024-12-08T15:12:37.252+0000] {taskinstance.py:1382} INFO - Executing <Task(SparkSubmitOperator): clean_keyword> on 2024-12-08 15:12:36.271910+00:00
[2024-12-08T15:12:37.258+0000] {standard_task_runner.py:57} INFO - Started process 2373 to run task
[2024-12-08T15:12:37.261+0000] {standard_task_runner.py:84} INFO - Running: ['***', 'tasks', 'run', 'Sliver_Layer', 'clean_keyword', 'manual__2024-12-08T15:12:36.271910+00:00', '--job-id', '323', '--raw', '--subdir', 'DAGS_FOLDER/sliver_layer.py', '--cfg-path', '/tmp/tmph7p00o66']
[2024-12-08T15:12:37.272+0000] {standard_task_runner.py:85} INFO - Job 323: Subtask clean_keyword
[2024-12-08T15:12:37.329+0000] {task_command.py:416} INFO - Running <TaskInstance: Sliver_Layer.clean_keyword manual__2024-12-08T15:12:36.271910+00:00 [running]> on host 7ea45ba85247
[2024-12-08T15:12:37.425+0000] {taskinstance.py:1662} INFO - Exporting env vars: AIRFLOW_CTX_DAG_OWNER='***' AIRFLOW_CTX_DAG_ID='Sliver_Layer' AIRFLOW_CTX_TASK_ID='clean_keyword' AIRFLOW_CTX_EXECUTION_DATE='2024-12-08T15:12:36.271910+00:00' AIRFLOW_CTX_TRY_NUMBER='1' AIRFLOW_CTX_DAG_RUN_ID='manual__2024-12-08T15:12:36.271910+00:00'
[2024-12-08T15:12:37.435+0000] {base.py:73} INFO - Using connection ID 'spark-conn' for task execution.
[2024-12-08T15:12:37.438+0000] {spark_submit.py:403} INFO - Spark-Submit cmd: spark-submit --master spark://spark-master:7077 --conf spark.sql.extensions=io.delta.sql.DeltaSparkSessionExtension --conf spark.sql.catalog.spark_catalog=org.apache.spark.sql.delta.catalog.DeltaCatalog --jars /opt/***/jars/hadoop-aws-3.3.4.jar,/opt/***/jars/s3-2.18.41.jar,/opt/***/jars/aws-java-sdk-1.12.367.jar,/opt/***/jars/delta-core_2.12-2.2.0.jar,/opt/***/jars/delta-storage-2.2.0.jar, --packages org.apache.hadoop:hadoop-aws:3.3.4 --num-executors 2 --total-executor-cores 2 --executor-cores 2 --executor-memory 2g --driver-memory 1g --name arrow-spark --deploy-mode client /opt/***/jobs/python/processing_keyword.py s3a://lakehouse/bronze/keywords.parquet s3a://lakehouse/sliver/keywords
[2024-12-08T15:12:37.775+0000] {spark_submit.py:579} INFO - /home/***/.local/lib/python3.9/site-packages/pyspark/bin/load-spark-env.sh: line 68: ps: command not found
[2024-12-08T15:12:43.953+0000] {spark_submit.py:579} INFO - :: loading settings :: url = jar:file:/home/***/.local/lib/python3.9/site-packages/pyspark/jars/ivy-2.5.1.jar!/org/apache/ivy/core/settings/ivysettings.xml
[2024-12-08T15:12:44.190+0000] {spark_submit.py:579} INFO - Ivy Default Cache set to: /home/***/.ivy2/cache
[2024-12-08T15:12:44.191+0000] {spark_submit.py:579} INFO - The jars for the packages stored in: /home/***/.ivy2/jars
[2024-12-08T15:12:44.201+0000] {spark_submit.py:579} INFO - org.apache.hadoop#hadoop-aws added as a dependency
[2024-12-08T15:12:44.202+0000] {spark_submit.py:579} INFO - :: resolving dependencies :: org.apache.spark#spark-submit-parent-89002188-7894-4175-a143-2a321db8564a;1.0
[2024-12-08T15:12:44.203+0000] {spark_submit.py:579} INFO - confs: [default]
[2024-12-08T15:12:44.469+0000] {spark_submit.py:579} INFO - found org.apache.hadoop#hadoop-aws;3.3.4 in spark-list
[2024-12-08T15:12:44.510+0000] {spark_submit.py:579} INFO - found com.amazonaws#aws-java-sdk-bundle;1.12.262 in central
[2024-12-08T15:12:44.555+0000] {spark_submit.py:579} INFO - found org.wildfly.openssl#wildfly-openssl;1.0.7.Final in central
[2024-12-08T15:12:44.599+0000] {spark_submit.py:579} INFO - :: resolution report :: resolve 379ms :: artifacts dl 18ms
[2024-12-08T15:12:44.600+0000] {spark_submit.py:579} INFO - :: modules in use:
[2024-12-08T15:12:44.601+0000] {spark_submit.py:579} INFO - com.amazonaws#aws-java-sdk-bundle;1.12.262 from central in [default]
[2024-12-08T15:12:44.604+0000] {spark_submit.py:579} INFO - org.apache.hadoop#hadoop-aws;3.3.4 from spark-list in [default]
[2024-12-08T15:12:44.605+0000] {spark_submit.py:579} INFO - org.wildfly.openssl#wildfly-openssl;1.0.7.Final from central in [default]
[2024-12-08T15:12:44.606+0000] {spark_submit.py:579} INFO - ---------------------------------------------------------------------
[2024-12-08T15:12:44.607+0000] {spark_submit.py:579} INFO - |                  |            modules            ||   artifacts   |
[2024-12-08T15:12:44.608+0000] {spark_submit.py:579} INFO - |       conf       | number| search|dwnlded|evicted|| number|dwnlded|
[2024-12-08T15:12:44.609+0000] {spark_submit.py:579} INFO - ---------------------------------------------------------------------
[2024-12-08T15:12:44.610+0000] {spark_submit.py:579} INFO - |      default     |   3   |   0   |   0   |   0   ||   3   |   0   |
[2024-12-08T15:12:44.611+0000] {spark_submit.py:579} INFO - ---------------------------------------------------------------------
[2024-12-08T15:12:44.612+0000] {spark_submit.py:579} INFO - :: retrieving :: org.apache.spark#spark-submit-parent-89002188-7894-4175-a143-2a321db8564a
[2024-12-08T15:12:44.613+0000] {spark_submit.py:579} INFO - confs: [default]
[2024-12-08T15:12:44.622+0000] {spark_submit.py:579} INFO - 0 artifacts copied, 3 already retrieved (0kB/10ms)
[2024-12-08T15:12:45.097+0000] {spark_submit.py:579} INFO - 24/12/08 15:12:45 WARN NativeCodeLoader: Unable to load native-hadoop library for your platform... using builtin-java classes where applicable
[2024-12-08T15:12:47.849+0000] {spark_submit.py:579} INFO - 2024-12-08 15:12:47,849 INFO: Initializing Spark session...
[2024-12-08T15:12:48.547+0000] {spark_submit.py:579} INFO - 24/12/08 15:12:48 INFO SparkContext: Running Spark version 3.3.2
[2024-12-08T15:12:48.583+0000] {spark_submit.py:579} INFO - 24/12/08 15:12:48 INFO ResourceUtils: ==============================================================
[2024-12-08T15:12:48.584+0000] {spark_submit.py:579} INFO - 24/12/08 15:12:48 INFO ResourceUtils: No custom resources configured for spark.driver.
[2024-12-08T15:12:48.585+0000] {spark_submit.py:579} INFO - 24/12/08 15:12:48 INFO ResourceUtils: ==============================================================
[2024-12-08T15:12:48.587+0000] {spark_submit.py:579} INFO - 24/12/08 15:12:48 INFO SparkContext: Submitted application: CleanKeywords
[2024-12-08T15:12:48.624+0000] {spark_submit.py:579} INFO - 24/12/08 15:12:48 INFO ResourceProfile: Default ResourceProfile created, executor resources: Map(cores -> name: cores, amount: 2, script: , vendor: , memory -> name: memory, amount: 2048, script: , vendor: , offHeap -> name: offHeap, amount: 0, script: , vendor: ), task resources: Map(cpus -> name: cpus, amount: 1.0)
[2024-12-08T15:12:48.639+0000] {spark_submit.py:579} INFO - 24/12/08 15:12:48 INFO ResourceProfile: Limiting resource is cpus at 2 tasks per executor
[2024-12-08T15:12:48.642+0000] {spark_submit.py:579} INFO - 24/12/08 15:12:48 INFO ResourceProfileManager: Added ResourceProfile id: 0
[2024-12-08T15:12:48.733+0000] {spark_submit.py:579} INFO - 24/12/08 15:12:48 INFO SecurityManager: Changing view acls to: ***
[2024-12-08T15:12:48.734+0000] {spark_submit.py:579} INFO - 24/12/08 15:12:48 INFO SecurityManager: Changing modify acls to: ***
[2024-12-08T15:12:48.735+0000] {spark_submit.py:579} INFO - 24/12/08 15:12:48 INFO SecurityManager: Changing view acls groups to:
[2024-12-08T15:12:48.736+0000] {spark_submit.py:579} INFO - 24/12/08 15:12:48 INFO SecurityManager: Changing modify acls groups to:
[2024-12-08T15:12:48.736+0000] {spark_submit.py:579} INFO - 24/12/08 15:12:48 INFO SecurityManager: SecurityManager: authentication disabled; ui acls disabled; users  with view permissions: Set(***); groups with view permissions: Set(); users  with modify permissions: Set(***); groups with modify permissions: Set()
[2024-12-08T15:12:49.137+0000] {spark_submit.py:579} INFO - 24/12/08 15:12:49 INFO Utils: Successfully started service 'sparkDriver' on port 37963.
[2024-12-08T15:12:49.184+0000] {spark_submit.py:579} INFO - 24/12/08 15:12:49 INFO SparkEnv: Registering MapOutputTracker
[2024-12-08T15:12:49.236+0000] {spark_submit.py:579} INFO - 24/12/08 15:12:49 INFO SparkEnv: Registering BlockManagerMaster
[2024-12-08T15:12:49.262+0000] {spark_submit.py:579} INFO - 24/12/08 15:12:49 INFO BlockManagerMasterEndpoint: Using org.apache.spark.storage.DefaultTopologyMapper for getting topology information
[2024-12-08T15:12:49.263+0000] {spark_submit.py:579} INFO - 24/12/08 15:12:49 INFO BlockManagerMasterEndpoint: BlockManagerMasterEndpoint up
[2024-12-08T15:12:49.269+0000] {spark_submit.py:579} INFO - 24/12/08 15:12:49 INFO SparkEnv: Registering BlockManagerMasterHeartbeat
[2024-12-08T15:12:49.352+0000] {spark_submit.py:579} INFO - 24/12/08 15:12:49 INFO DiskBlockManager: Created local directory at /tmp/blockmgr-72d03034-880a-47dc-9154-94107de95c0b
[2024-12-08T15:12:49.414+0000] {spark_submit.py:579} INFO - 24/12/08 15:12:49 INFO MemoryStore: MemoryStore started with capacity 434.4 MiB
[2024-12-08T15:12:49.458+0000] {spark_submit.py:579} INFO - 24/12/08 15:12:49 INFO SparkEnv: Registering OutputCommitCoordinator
[2024-12-08T15:12:49.807+0000] {spark_submit.py:579} INFO - 24/12/08 15:12:49 INFO Utils: Successfully started service 'SparkUI' on port 4040.
[2024-12-08T15:12:49.857+0000] {spark_submit.py:579} INFO - 24/12/08 15:12:49 INFO SparkContext: Added JAR file:///opt/***/jars/hadoop-aws-3.3.4.jar at spark://7ea45ba85247:37963/jars/hadoop-aws-3.3.4.jar with timestamp 1733670768532
[2024-12-08T15:12:49.859+0000] {spark_submit.py:579} INFO - 24/12/08 15:12:49 INFO SparkContext: Added JAR file:///opt/***/jars/s3-2.18.41.jar at spark://7ea45ba85247:37963/jars/s3-2.18.41.jar with timestamp 1733670768532
[2024-12-08T15:12:49.861+0000] {spark_submit.py:579} INFO - 24/12/08 15:12:49 INFO SparkContext: Added JAR file:///opt/***/jars/aws-java-sdk-1.12.367.jar at spark://7ea45ba85247:37963/jars/aws-java-sdk-1.12.367.jar with timestamp 1733670768532
[2024-12-08T15:12:49.862+0000] {spark_submit.py:579} INFO - 24/12/08 15:12:49 INFO SparkContext: Added JAR file:///opt/***/jars/delta-core_2.12-2.2.0.jar at spark://7ea45ba85247:37963/jars/delta-core_2.12-2.2.0.jar with timestamp 1733670768532
[2024-12-08T15:12:49.864+0000] {spark_submit.py:579} INFO - 24/12/08 15:12:49 INFO SparkContext: Added JAR file:///opt/***/jars/delta-storage-2.2.0.jar at spark://7ea45ba85247:37963/jars/delta-storage-2.2.0.jar with timestamp 1733670768532
[2024-12-08T15:12:49.865+0000] {spark_submit.py:579} INFO - 24/12/08 15:12:49 INFO SparkContext: Added JAR file:///home/***/.ivy2/jars/org.apache.hadoop_hadoop-aws-3.3.4.jar at spark://7ea45ba85247:37963/jars/org.apache.hadoop_hadoop-aws-3.3.4.jar with timestamp 1733670768532
[2024-12-08T15:12:49.866+0000] {spark_submit.py:579} INFO - 24/12/08 15:12:49 INFO SparkContext: Added JAR file:///home/***/.ivy2/jars/com.amazonaws_aws-java-sdk-bundle-1.12.262.jar at spark://7ea45ba85247:37963/jars/com.amazonaws_aws-java-sdk-bundle-1.12.262.jar with timestamp 1733670768532
[2024-12-08T15:12:49.867+0000] {spark_submit.py:579} INFO - 24/12/08 15:12:49 INFO SparkContext: Added JAR file:///home/***/.ivy2/jars/org.wildfly.openssl_wildfly-openssl-1.0.7.Final.jar at spark://7ea45ba85247:37963/jars/org.wildfly.openssl_wildfly-openssl-1.0.7.Final.jar with timestamp 1733670768532
[2024-12-08T15:12:49.870+0000] {spark_submit.py:579} INFO - 24/12/08 15:12:49 INFO SparkContext: Added file file:///home/***/.ivy2/jars/org.apache.hadoop_hadoop-aws-3.3.4.jar at spark://7ea45ba85247:37963/files/org.apache.hadoop_hadoop-aws-3.3.4.jar with timestamp 1733670768532
[2024-12-08T15:12:49.872+0000] {spark_submit.py:579} INFO - 24/12/08 15:12:49 INFO Utils: Copying /home/***/.ivy2/jars/org.apache.hadoop_hadoop-aws-3.3.4.jar to /tmp/spark-0a262742-973a-4c1c-a094-5728f73eaffb/userFiles-f9787a25-200d-4d6a-8d96-ee58f9eb7541/org.apache.hadoop_hadoop-aws-3.3.4.jar
[2024-12-08T15:12:49.891+0000] {spark_submit.py:579} INFO - 24/12/08 15:12:49 INFO SparkContext: Added file file:///home/***/.ivy2/jars/com.amazonaws_aws-java-sdk-bundle-1.12.262.jar at spark://7ea45ba85247:37963/files/com.amazonaws_aws-java-sdk-bundle-1.12.262.jar with timestamp 1733670768532
[2024-12-08T15:12:49.892+0000] {spark_submit.py:579} INFO - 24/12/08 15:12:49 INFO Utils: Copying /home/***/.ivy2/jars/com.amazonaws_aws-java-sdk-bundle-1.12.262.jar to /tmp/spark-0a262742-973a-4c1c-a094-5728f73eaffb/userFiles-f9787a25-200d-4d6a-8d96-ee58f9eb7541/com.amazonaws_aws-java-sdk-bundle-1.12.262.jar
[2024-12-08T15:12:53.446+0000] {spark_submit.py:579} INFO - 24/12/08 15:12:53 INFO SparkContext: Added file file:///home/***/.ivy2/jars/org.wildfly.openssl_wildfly-openssl-1.0.7.Final.jar at spark://7ea45ba85247:37963/files/org.wildfly.openssl_wildfly-openssl-1.0.7.Final.jar with timestamp 1733670768532
[2024-12-08T15:12:53.447+0000] {spark_submit.py:579} INFO - 24/12/08 15:12:53 INFO Utils: Copying /home/***/.ivy2/jars/org.wildfly.openssl_wildfly-openssl-1.0.7.Final.jar to /tmp/spark-0a262742-973a-4c1c-a094-5728f73eaffb/userFiles-f9787a25-200d-4d6a-8d96-ee58f9eb7541/org.wildfly.openssl_wildfly-openssl-1.0.7.Final.jar
[2024-12-08T15:12:53.750+0000] {spark_submit.py:579} INFO - 24/12/08 15:12:53 INFO StandaloneAppClient$ClientEndpoint: Connecting to master spark://spark-master:7077...
[2024-12-08T15:12:53.852+0000] {spark_submit.py:579} INFO - 24/12/08 15:12:53 INFO TransportClientFactory: Successfully created connection to spark-master/172.21.0.3:7077 after 63 ms (0 ms spent in bootstraps)
[2024-12-08T15:12:54.337+0000] {spark_submit.py:579} INFO - 24/12/08 15:12:54 INFO StandaloneSchedulerBackend: Connected to Spark cluster with app ID app-20241208151254-0000
[2024-12-08T15:12:54.350+0000] {spark_submit.py:579} INFO - 24/12/08 15:12:54 INFO Utils: Successfully started service 'org.apache.spark.network.netty.NettyBlockTransferService' on port 39819.
[2024-12-08T15:12:54.351+0000] {spark_submit.py:579} INFO - 24/12/08 15:12:54 INFO NettyBlockTransferService: Server created on 7ea45ba85247:39819
[2024-12-08T15:12:54.354+0000] {spark_submit.py:579} INFO - 24/12/08 15:12:54 INFO BlockManager: Using org.apache.spark.storage.RandomBlockReplicationPolicy for block replication policy
[2024-12-08T15:12:54.371+0000] {spark_submit.py:579} INFO - 24/12/08 15:12:54 INFO BlockManagerMaster: Registering BlockManager BlockManagerId(driver, 7ea45ba85247, 39819, None)
[2024-12-08T15:12:54.381+0000] {spark_submit.py:579} INFO - 24/12/08 15:12:54 INFO BlockManagerMasterEndpoint: Registering block manager 7ea45ba85247:39819 with 434.4 MiB RAM, BlockManagerId(driver, 7ea45ba85247, 39819, None)
[2024-12-08T15:12:54.387+0000] {spark_submit.py:579} INFO - 24/12/08 15:12:54 INFO BlockManagerMaster: Registered BlockManager BlockManagerId(driver, 7ea45ba85247, 39819, None)
[2024-12-08T15:12:54.390+0000] {spark_submit.py:579} INFO - 24/12/08 15:12:54 INFO BlockManager: Initialized BlockManager: BlockManagerId(driver, 7ea45ba85247, 39819, None)
[2024-12-08T15:12:54.422+0000] {spark_submit.py:579} INFO - 24/12/08 15:12:54 INFO StandaloneAppClient$ClientEndpoint: Executor added: app-20241208151254-0000/0 on worker-20241208144058-172.21.0.9-36971 (172.21.0.9:36971) with 2 core(s)
[2024-12-08T15:12:54.426+0000] {spark_submit.py:579} INFO - 24/12/08 15:12:54 INFO StandaloneSchedulerBackend: Granted executor ID app-20241208151254-0000/0 on hostPort 172.21.0.9:36971 with 2 core(s), 2.0 GiB RAM
[2024-12-08T15:12:54.738+0000] {spark_submit.py:579} INFO - 24/12/08 15:12:54 INFO StandaloneSchedulerBackend: SchedulerBackend is ready for scheduling beginning after reached minRegisteredResourcesRatio: 0.0
[2024-12-08T15:12:54.980+0000] {spark_submit.py:579} INFO - 24/12/08 15:12:54 INFO StandaloneAppClient$ClientEndpoint: Executor updated: app-20241208151254-0000/0 is now RUNNING
[2024-12-08T15:12:55.157+0000] {spark_submit.py:579} INFO - 2024-12-08 15:12:55,157 INFO: Spark session initialized successfully.
[2024-12-08T15:12:55.158+0000] {spark_submit.py:579} INFO - 2024-12-08 15:12:55,157 INFO: Reading data from s3a://lakehouse/bronze/keywords.parquet
[2024-12-08T15:12:55.167+0000] {spark_submit.py:579} INFO - 24/12/08 15:12:55 INFO SharedState: Setting hive.metastore.warehouse.dir ('null') to the value of spark.sql.warehouse.dir.
[2024-12-08T15:12:55.473+0000] {spark_submit.py:579} INFO - 24/12/08 15:12:55 WARN MetricsConfig: Cannot locate configuration: tried hadoop-metrics2-s3a-file-system.properties,hadoop-metrics2.properties
[2024-12-08T15:12:55.496+0000] {spark_submit.py:579} INFO - 24/12/08 15:12:55 INFO MetricsSystemImpl: Scheduled Metric snapshot period at 10 second(s).
[2024-12-08T15:12:55.497+0000] {spark_submit.py:579} INFO - 24/12/08 15:12:55 INFO MetricsSystemImpl: s3a-file-system metrics system started
[2024-12-08T15:12:56.998+0000] {spark_submit.py:579} INFO - 24/12/08 15:12:56 INFO SharedState: Warehouse path is 's3a://lakehouse/'.
[2024-12-08T15:12:59.373+0000] {spark_submit.py:579} INFO - 24/12/08 15:12:59 INFO InMemoryFileIndex: It took 117 ms to list leaf files for 1 paths.
[2024-12-08T15:13:00.233+0000] {spark_submit.py:579} INFO - 24/12/08 15:13:00 INFO SparkContext: Starting job: load at NativeMethodAccessorImpl.java:0
[2024-12-08T15:13:00.264+0000] {spark_submit.py:579} INFO - 24/12/08 15:13:00 INFO DAGScheduler: Got job 0 (load at NativeMethodAccessorImpl.java:0) with 1 output partitions
[2024-12-08T15:13:00.265+0000] {spark_submit.py:579} INFO - 24/12/08 15:13:00 INFO DAGScheduler: Final stage: ResultStage 0 (load at NativeMethodAccessorImpl.java:0)
[2024-12-08T15:13:00.267+0000] {spark_submit.py:579} INFO - 24/12/08 15:13:00 INFO DAGScheduler: Parents of final stage: List()
[2024-12-08T15:13:00.270+0000] {spark_submit.py:579} INFO - 24/12/08 15:13:00 INFO DAGScheduler: Missing parents: List()
[2024-12-08T15:13:00.279+0000] {spark_submit.py:579} INFO - 24/12/08 15:13:00 INFO DAGScheduler: Submitting ResultStage 0 (MapPartitionsRDD[1] at load at NativeMethodAccessorImpl.java:0), which has no missing parents
[2024-12-08T15:13:00.408+0000] {spark_submit.py:579} INFO - 24/12/08 15:13:00 INFO MemoryStore: Block broadcast_0 stored as values in memory (estimated size 106.2 KiB, free 434.3 MiB)
[2024-12-08T15:13:00.463+0000] {spark_submit.py:579} INFO - 24/12/08 15:13:00 INFO CoarseGrainedSchedulerBackend$DriverEndpoint: Registered executor NettyRpcEndpointRef(spark-client://Executor) (172.21.0.9:52140) with ID 0,  ResourceProfileId 0
[2024-12-08T15:13:00.515+0000] {spark_submit.py:579} INFO - 24/12/08 15:13:00 INFO MemoryStore: Block broadcast_0_piece0 stored as bytes in memory (estimated size 38.4 KiB, free 434.3 MiB)
[2024-12-08T15:13:00.521+0000] {spark_submit.py:579} INFO - 24/12/08 15:13:00 INFO BlockManagerInfo: Added broadcast_0_piece0 in memory on 7ea45ba85247:39819 (size: 38.4 KiB, free: 434.4 MiB)
[2024-12-08T15:13:00.530+0000] {spark_submit.py:579} INFO - 24/12/08 15:13:00 INFO SparkContext: Created broadcast 0 from broadcast at DAGScheduler.scala:1513
[2024-12-08T15:13:00.566+0000] {spark_submit.py:579} INFO - 24/12/08 15:13:00 INFO DAGScheduler: Submitting 1 missing tasks from ResultStage 0 (MapPartitionsRDD[1] at load at NativeMethodAccessorImpl.java:0) (first 15 tasks are for partitions Vector(0))
[2024-12-08T15:13:00.569+0000] {spark_submit.py:579} INFO - 24/12/08 15:13:00 INFO TaskSchedulerImpl: Adding task set 0.0 with 1 tasks resource profile 0
[2024-12-08T15:13:00.647+0000] {spark_submit.py:579} INFO - 24/12/08 15:13:00 INFO BlockManagerMasterEndpoint: Registering block manager 172.21.0.9:41461 with 1048.8 MiB RAM, BlockManagerId(0, 172.21.0.9, 41461, None)
[2024-12-08T15:13:10.755+0000] {spark_submit.py:579} INFO - 24/12/08 15:13:10 INFO TaskSetManager: Starting task 0.0 in stage 0.0 (TID 0) (172.21.0.9, executor 0, partition 0, PROCESS_LOCAL, 4591 bytes) taskResourceAssignments Map()
[2024-12-08T15:13:11.695+0000] {spark_submit.py:579} INFO - 24/12/08 15:13:11 INFO BlockManagerInfo: Added broadcast_0_piece0 in memory on 172.21.0.9:41461 (size: 38.4 KiB, free: 1048.8 MiB)
[2024-12-08T15:13:14.339+0000] {spark_submit.py:579} INFO - 24/12/08 15:13:14 INFO TaskSetManager: Finished task 0.0 in stage 0.0 (TID 0) in 3607 ms on 172.21.0.9 (executor 0) (1/1)
[2024-12-08T15:13:14.342+0000] {spark_submit.py:579} INFO - 24/12/08 15:13:14 INFO TaskSchedulerImpl: Removed TaskSet 0.0, whose tasks have all completed, from pool
[2024-12-08T15:13:14.354+0000] {spark_submit.py:579} INFO - 24/12/08 15:13:14 INFO DAGScheduler: ResultStage 0 (load at NativeMethodAccessorImpl.java:0) finished in 14.043 s
[2024-12-08T15:13:14.360+0000] {spark_submit.py:579} INFO - 24/12/08 15:13:14 INFO DAGScheduler: Job 0 is finished. Cancelling potential speculative or zombie tasks for this job
[2024-12-08T15:13:14.361+0000] {spark_submit.py:579} INFO - 24/12/08 15:13:14 INFO TaskSchedulerImpl: Killing all running tasks in stage 0: Stage finished
[2024-12-08T15:13:14.363+0000] {spark_submit.py:579} INFO - 24/12/08 15:13:14 INFO DAGScheduler: Job 0 finished: load at NativeMethodAccessorImpl.java:0, took 14.129603 s
[2024-12-08T15:13:14.698+0000] {spark_submit.py:579} INFO - 24/12/08 15:13:14 INFO BlockManagerInfo: Removed broadcast_0_piece0 on 7ea45ba85247:39819 in memory (size: 38.4 KiB, free: 434.4 MiB)
[2024-12-08T15:13:14.705+0000] {spark_submit.py:579} INFO - 24/12/08 15:13:14 INFO BlockManagerInfo: Removed broadcast_0_piece0 on 172.21.0.9:41461 in memory (size: 38.4 KiB, free: 1048.8 MiB)
[2024-12-08T15:13:16.817+0000] {spark_submit.py:579} INFO - 2024-12-08 15:13:16,817 INFO: Cleaning data...
[2024-12-08T15:13:17.027+0000] {spark_submit.py:579} INFO - 2024-12-08 15:13:17,027 INFO: Data cleaned and transformed.
[2024-12-08T15:13:17.028+0000] {spark_submit.py:579} INFO - 2024-12-08 15:13:17,027 INFO: Saving cleaned data to s3a://lakehouse/sliver/keywords
[2024-12-08T15:13:18.150+0000] {spark_submit.py:579} INFO - 24/12/08 15:13:18 INFO DeltaLog: Creating initial snapshot without metadata, because the directory is empty
[2024-12-08T15:13:18.421+0000] {spark_submit.py:579} INFO - 24/12/08 15:13:18 INFO InitialSnapshot: [tableId=4f1919a2-c9fc-4fa8-ad5d-72da662169fa] Created snapshot InitialSnapshot(path=s3a://lakehouse/sliver/keywords/_delta_log, version=-1, metadata=Metadata(1984db13-9cec-41d5-bf42-d8d884d7726b,null,null,Format(parquet,Map()),null,List(),Map(),Some(1733670798410)), logSegment=LogSegment(s3a://lakehouse/sliver/keywords/_delta_log,-1,List(),List(),None,-1), checksumOpt=None)
[2024-12-08T15:13:18.541+0000] {spark_submit.py:579} INFO - 24/12/08 15:13:18 INFO DeltaLog: No delta log found for the Delta table at s3a://lakehouse/sliver/keywords/_delta_log
[2024-12-08T15:13:18.542+0000] {spark_submit.py:579} INFO - 24/12/08 15:13:18 INFO InitialSnapshot: [tableId=1984db13-9cec-41d5-bf42-d8d884d7726b] Created snapshot InitialSnapshot(path=s3a://lakehouse/sliver/keywords/_delta_log, version=-1, metadata=Metadata(0116c904-6a74-4ac7-99e1-0154a990e7f8,null,null,Format(parquet,Map()),null,List(),Map(),Some(1733670798541)), logSegment=LogSegment(s3a://lakehouse/sliver/keywords/_delta_log,-1,List(),List(),None,-1), checksumOpt=None)
[2024-12-08T15:13:18.580+0000] {spark_submit.py:579} INFO - 24/12/08 15:13:18 INFO OptimisticTransaction: [tableId=0116c904,txnId=b94bae92] Updated metadata from - to Metadata(86ec88e4-dad3-4848-9b65-e5ed38356a4f,null,null,Format(parquet,Map()),{"type":"struct","fields":[{"name":"id","type":"long","nullable":true,"metadata":{}},{"name":"keywords","type":"string","nullable":true,"metadata":{}},{"name":"keyword_convert","type":"string","nullable":true,"metadata":{}}]},List(),Map(),Some(1733670798567))
[2024-12-08T15:13:19.330+0000] {spark_submit.py:579} INFO - 24/12/08 15:13:19 INFO FileSourceStrategy: Pushed Filters: IsNotNull(keywords)
[2024-12-08T15:13:19.331+0000] {spark_submit.py:579} INFO - 24/12/08 15:13:19 INFO FileSourceStrategy: Post-Scan Filters: isnotnull(keywords#1)
[2024-12-08T15:13:19.333+0000] {spark_submit.py:579} INFO - 24/12/08 15:13:19 INFO FileSourceStrategy: Output Data Schema: struct<id: bigint, keywords: string>
[2024-12-08T15:13:19.468+0000] {spark_submit.py:579} INFO - 24/12/08 15:13:19 INFO DeltaParquetFileFormat: Using default output committer for Parquet: org.apache.parquet.hadoop.ParquetOutputCommitter
[2024-12-08T15:13:19.547+0000] {spark_submit.py:579} INFO - 24/12/08 15:13:19 INFO HashAggregateExec: spark.sql.codegen.aggregate.map.twolevel.enabled is set to true, but current version of codegened fast hashmap does not support this aggregate.
[2024-12-08T15:13:19.823+0000] {spark_submit.py:579} INFO - 24/12/08 15:13:19 INFO CodeGenerator: Code generated in 182.084198 ms
[2024-12-08T15:13:19.844+0000] {spark_submit.py:579} INFO - 24/12/08 15:13:19 INFO MemoryStore: Block broadcast_1 stored as values in memory (estimated size 206.2 KiB, free 434.2 MiB)
[2024-12-08T15:13:19.859+0000] {spark_submit.py:579} INFO - 24/12/08 15:13:19 INFO MemoryStore: Block broadcast_1_piece0 stored as bytes in memory (estimated size 36.2 KiB, free 434.2 MiB)
[2024-12-08T15:13:19.861+0000] {spark_submit.py:579} INFO - 24/12/08 15:13:19 INFO BlockManagerInfo: Added broadcast_1_piece0 in memory on 7ea45ba85247:39819 (size: 36.2 KiB, free: 434.4 MiB)
[2024-12-08T15:13:19.862+0000] {spark_submit.py:579} INFO - 24/12/08 15:13:19 INFO SparkContext: Created broadcast 1 from save at NativeMethodAccessorImpl.java:0
[2024-12-08T15:13:19.888+0000] {spark_submit.py:579} INFO - 24/12/08 15:13:19 INFO FileSourceScanExec: Planning scan with bin packing, max size: 4194304 bytes, open cost is considered as scanning 4194304 bytes.
[2024-12-08T15:13:20.026+0000] {spark_submit.py:579} INFO - 24/12/08 15:13:20 INFO DAGScheduler: Registering RDD 5 (save at NativeMethodAccessorImpl.java:0) as input to shuffle 0
[2024-12-08T15:13:20.031+0000] {spark_submit.py:579} INFO - 24/12/08 15:13:20 INFO DAGScheduler: Got map stage job 1 (save at NativeMethodAccessorImpl.java:0) with 1 output partitions
[2024-12-08T15:13:20.032+0000] {spark_submit.py:579} INFO - 24/12/08 15:13:20 INFO DAGScheduler: Final stage: ShuffleMapStage 1 (save at NativeMethodAccessorImpl.java:0)
[2024-12-08T15:13:20.032+0000] {spark_submit.py:579} INFO - 24/12/08 15:13:20 INFO DAGScheduler: Parents of final stage: List()
[2024-12-08T15:13:20.033+0000] {spark_submit.py:579} INFO - 24/12/08 15:13:20 INFO DAGScheduler: Missing parents: List()
[2024-12-08T15:13:20.037+0000] {spark_submit.py:579} INFO - 24/12/08 15:13:20 INFO DAGScheduler: Submitting ShuffleMapStage 1 (MapPartitionsRDD[5] at save at NativeMethodAccessorImpl.java:0), which has no missing parents
[2024-12-08T15:13:20.062+0000] {spark_submit.py:579} INFO - 24/12/08 15:13:20 INFO MemoryStore: Block broadcast_2 stored as values in memory (estimated size 31.5 KiB, free 434.1 MiB)
[2024-12-08T15:13:20.071+0000] {spark_submit.py:579} INFO - 24/12/08 15:13:20 INFO MemoryStore: Block broadcast_2_piece0 stored as bytes in memory (estimated size 13.9 KiB, free 434.1 MiB)
[2024-12-08T15:13:20.073+0000] {spark_submit.py:579} INFO - 24/12/08 15:13:20 INFO BlockManagerInfo: Added broadcast_2_piece0 in memory on 7ea45ba85247:39819 (size: 13.9 KiB, free: 434.4 MiB)
[2024-12-08T15:13:20.074+0000] {spark_submit.py:579} INFO - 24/12/08 15:13:20 INFO SparkContext: Created broadcast 2 from broadcast at DAGScheduler.scala:1513
[2024-12-08T15:13:20.076+0000] {spark_submit.py:579} INFO - 24/12/08 15:13:20 INFO DAGScheduler: Submitting 1 missing tasks from ShuffleMapStage 1 (MapPartitionsRDD[5] at save at NativeMethodAccessorImpl.java:0) (first 15 tasks are for partitions Vector(0))
[2024-12-08T15:13:20.076+0000] {spark_submit.py:579} INFO - 24/12/08 15:13:20 INFO TaskSchedulerImpl: Adding task set 1.0 with 1 tasks resource profile 0
[2024-12-08T15:13:20.082+0000] {spark_submit.py:579} INFO - 24/12/08 15:13:20 INFO TaskSetManager: Starting task 0.0 in stage 1.0 (TID 1) (172.21.0.9, executor 0, partition 0, PROCESS_LOCAL, 4903 bytes) taskResourceAssignments Map()
[2024-12-08T15:13:20.133+0000] {spark_submit.py:579} INFO - 24/12/08 15:13:20 INFO BlockManagerInfo: Added broadcast_2_piece0 in memory on 172.21.0.9:41461 (size: 13.9 KiB, free: 1048.8 MiB)
[2024-12-08T15:13:21.038+0000] {spark_submit.py:579} INFO - 24/12/08 15:13:21 INFO BlockManagerInfo: Added broadcast_1_piece0 in memory on 172.21.0.9:41461 (size: 36.2 KiB, free: 1048.8 MiB)
[2024-12-08T15:13:22.309+0000] {spark_submit.py:579} INFO - 24/12/08 15:13:22 INFO TaskSetManager: Finished task 0.0 in stage 1.0 (TID 1) in 2231 ms on 172.21.0.9 (executor 0) (1/1)
[2024-12-08T15:13:22.309+0000] {spark_submit.py:579} INFO - 24/12/08 15:13:22 INFO TaskSchedulerImpl: Removed TaskSet 1.0, whose tasks have all completed, from pool
[2024-12-08T15:13:22.312+0000] {spark_submit.py:579} INFO - 24/12/08 15:13:22 INFO DAGScheduler: ShuffleMapStage 1 (save at NativeMethodAccessorImpl.java:0) finished in 2.270 s
[2024-12-08T15:13:22.313+0000] {spark_submit.py:579} INFO - 24/12/08 15:13:22 INFO DAGScheduler: looking for newly runnable stages
[2024-12-08T15:13:22.314+0000] {spark_submit.py:579} INFO - 24/12/08 15:13:22 INFO DAGScheduler: running: Set()
[2024-12-08T15:13:22.315+0000] {spark_submit.py:579} INFO - 24/12/08 15:13:22 INFO DAGScheduler: waiting: Set()
[2024-12-08T15:13:22.317+0000] {spark_submit.py:579} INFO - 24/12/08 15:13:22 INFO DAGScheduler: failed: Set()
[2024-12-08T15:13:22.353+0000] {spark_submit.py:579} INFO - 24/12/08 15:13:22 INFO ShufflePartitionsUtil: For shuffle(0), advisory target size: 67108864, actual target size 1480508, minimum partition size: 1048576
[2024-12-08T15:13:22.404+0000] {spark_submit.py:579} INFO - 24/12/08 15:13:22 INFO CodeGenerator: Code generated in 11.740452 ms
[2024-12-08T15:13:22.406+0000] {spark_submit.py:579} INFO - 24/12/08 15:13:22 INFO HashAggregateExec: spark.sql.codegen.aggregate.map.twolevel.enabled is set to true, but current version of codegened fast hashmap does not support this aggregate.
[2024-12-08T15:13:22.431+0000] {spark_submit.py:579} INFO - 24/12/08 15:13:22 INFO CodeGenerator: Code generated in 19.9474 ms
[2024-12-08T15:13:22.555+0000] {spark_submit.py:579} INFO - 24/12/08 15:13:22 INFO BlockManagerInfo: Removed broadcast_2_piece0 on 7ea45ba85247:39819 in memory (size: 13.9 KiB, free: 434.4 MiB)
[2024-12-08T15:13:22.557+0000] {spark_submit.py:579} INFO - 24/12/08 15:13:22 INFO BlockManagerInfo: Removed broadcast_2_piece0 on 172.21.0.9:41461 in memory (size: 13.9 KiB, free: 1048.8 MiB)
[2024-12-08T15:13:22.566+0000] {spark_submit.py:579} INFO - 24/12/08 15:13:22 INFO SparkContext: Starting job: save at NativeMethodAccessorImpl.java:0
[2024-12-08T15:13:22.568+0000] {spark_submit.py:579} INFO - 24/12/08 15:13:22 INFO DAGScheduler: Got job 2 (save at NativeMethodAccessorImpl.java:0) with 2 output partitions
[2024-12-08T15:13:22.569+0000] {spark_submit.py:579} INFO - 24/12/08 15:13:22 INFO DAGScheduler: Final stage: ResultStage 3 (save at NativeMethodAccessorImpl.java:0)
[2024-12-08T15:13:22.570+0000] {spark_submit.py:579} INFO - 24/12/08 15:13:22 INFO DAGScheduler: Parents of final stage: List(ShuffleMapStage 2)
[2024-12-08T15:13:22.570+0000] {spark_submit.py:579} INFO - 24/12/08 15:13:22 INFO DAGScheduler: Missing parents: List()
[2024-12-08T15:13:22.571+0000] {spark_submit.py:579} INFO - 24/12/08 15:13:22 INFO DAGScheduler: Submitting ResultStage 3 (MapPartitionsRDD[10] at save at NativeMethodAccessorImpl.java:0), which has no missing parents
[2024-12-08T15:13:22.614+0000] {spark_submit.py:579} INFO - 24/12/08 15:13:22 INFO MemoryStore: Block broadcast_3 stored as values in memory (estimated size 360.1 KiB, free 433.8 MiB)
[2024-12-08T15:13:22.618+0000] {spark_submit.py:579} INFO - 24/12/08 15:13:22 INFO MemoryStore: Block broadcast_3_piece0 stored as bytes in memory (estimated size 131.9 KiB, free 433.7 MiB)
[2024-12-08T15:13:22.619+0000] {spark_submit.py:579} INFO - 24/12/08 15:13:22 INFO BlockManagerInfo: Added broadcast_3_piece0 in memory on 7ea45ba85247:39819 (size: 131.9 KiB, free: 434.2 MiB)
[2024-12-08T15:13:22.620+0000] {spark_submit.py:579} INFO - 24/12/08 15:13:22 INFO SparkContext: Created broadcast 3 from broadcast at DAGScheduler.scala:1513
[2024-12-08T15:13:22.622+0000] {spark_submit.py:579} INFO - 24/12/08 15:13:22 INFO DAGScheduler: Submitting 2 missing tasks from ResultStage 3 (MapPartitionsRDD[10] at save at NativeMethodAccessorImpl.java:0) (first 15 tasks are for partitions Vector(0, 1))
[2024-12-08T15:13:22.623+0000] {spark_submit.py:579} INFO - 24/12/08 15:13:22 INFO TaskSchedulerImpl: Adding task set 3.0 with 2 tasks resource profile 0
[2024-12-08T15:13:22.631+0000] {spark_submit.py:579} INFO - 24/12/08 15:13:22 INFO TaskSetManager: Starting task 0.0 in stage 3.0 (TID 2) (172.21.0.9, executor 0, partition 0, NODE_LOCAL, 4457 bytes) taskResourceAssignments Map()
[2024-12-08T15:13:22.641+0000] {spark_submit.py:579} INFO - 24/12/08 15:13:22 INFO TaskSetManager: Starting task 1.0 in stage 3.0 (TID 3) (172.21.0.9, executor 0, partition 1, NODE_LOCAL, 4457 bytes) taskResourceAssignments Map()
[2024-12-08T15:13:22.675+0000] {spark_submit.py:579} INFO - 24/12/08 15:13:22 INFO BlockManagerInfo: Added broadcast_3_piece0 in memory on 172.21.0.9:41461 (size: 131.9 KiB, free: 1048.6 MiB)
[2024-12-08T15:13:23.057+0000] {spark_submit.py:579} INFO - 24/12/08 15:13:23 INFO MapOutputTrackerMasterEndpoint: Asked to send map output locations for shuffle 0 to 172.21.0.9:52140
[2024-12-08T15:13:28.166+0000] {spark_submit.py:579} INFO - 24/12/08 15:13:28 INFO TaskSetManager: Finished task 0.0 in stage 3.0 (TID 2) in 5537 ms on 172.21.0.9 (executor 0) (1/2)
[2024-12-08T15:13:28.167+0000] {spark_submit.py:579} INFO - 24/12/08 15:13:28 INFO TaskSetManager: Finished task 1.0 in stage 3.0 (TID 3) in 5534 ms on 172.21.0.9 (executor 0) (2/2)
[2024-12-08T15:13:28.167+0000] {spark_submit.py:579} INFO - 24/12/08 15:13:28 INFO TaskSchedulerImpl: Removed TaskSet 3.0, whose tasks have all completed, from pool
[2024-12-08T15:13:28.169+0000] {spark_submit.py:579} INFO - 24/12/08 15:13:28 INFO PythonAccumulatorV2: Connected to AccumulatorServer at host: 127.0.0.1 port: 49099
[2024-12-08T15:13:28.173+0000] {spark_submit.py:579} INFO - 24/12/08 15:13:28 INFO DAGScheduler: ResultStage 3 (save at NativeMethodAccessorImpl.java:0) finished in 5.584 s
[2024-12-08T15:13:28.175+0000] {spark_submit.py:579} INFO - 24/12/08 15:13:28 INFO DAGScheduler: Job 2 is finished. Cancelling potential speculative or zombie tasks for this job
[2024-12-08T15:13:28.176+0000] {spark_submit.py:579} INFO - 24/12/08 15:13:28 INFO TaskSchedulerImpl: Killing all running tasks in stage 3: Stage finished
[2024-12-08T15:13:28.176+0000] {spark_submit.py:579} INFO - 24/12/08 15:13:28 INFO DAGScheduler: Job 2 finished: save at NativeMethodAccessorImpl.java:0, took 5.610497 s
[2024-12-08T15:13:28.178+0000] {spark_submit.py:579} INFO - 24/12/08 15:13:28 INFO FileFormatWriter: Start to commit write Job f25c5122-1c88-42cd-a09b-de3848edc70f.
[2024-12-08T15:13:28.180+0000] {spark_submit.py:579} INFO - 24/12/08 15:13:28 INFO FileFormatWriter: Write Job f25c5122-1c88-42cd-a09b-de3848edc70f committed. Elapsed time: 1 ms.
[2024-12-08T15:13:28.186+0000] {spark_submit.py:579} INFO - 24/12/08 15:13:28 INFO FileFormatWriter: Finished processing stats for write job f25c5122-1c88-42cd-a09b-de3848edc70f.
[2024-12-08T15:13:28.444+0000] {spark_submit.py:579} INFO - 24/12/08 15:13:28 INFO BlockManagerInfo: Removed broadcast_3_piece0 on 7ea45ba85247:39819 in memory (size: 131.9 KiB, free: 434.4 MiB)
[2024-12-08T15:13:28.446+0000] {spark_submit.py:579} INFO - 24/12/08 15:13:28 INFO BlockManagerInfo: Removed broadcast_3_piece0 on 172.21.0.9:41461 in memory (size: 131.9 KiB, free: 1048.8 MiB)
[2024-12-08T15:13:29.884+0000] {spark_submit.py:579} INFO - 24/12/08 15:13:29 INFO CodeGenerator: Code generated in 175.722075 ms
[2024-12-08T15:13:29.959+0000] {spark_submit.py:579} INFO - 24/12/08 15:13:29 INFO SparkContext: Starting job: $anonfun$recordDeltaOperationInternal$1 at DatabricksLogging.scala:128
[2024-12-08T15:13:29.960+0000] {spark_submit.py:579} INFO - 24/12/08 15:13:29 INFO DAGScheduler: Job 3 finished: $anonfun$recordDeltaOperationInternal$1 at DatabricksLogging.scala:128, took 0.000390 s
[2024-12-08T15:13:30.023+0000] {spark_submit.py:579} INFO - 24/12/08 15:13:30 INFO OptimisticTransaction: [tableId=0116c904,txnId=b94bae92] Attempting to commit version 0 with 5 actions with Serializable isolation level
[2024-12-08T15:13:30.366+0000] {spark_submit.py:579} INFO - 24/12/08 15:13:30 INFO DeltaLog: Creating a new snapshot v0 for commit version 0
[2024-12-08T15:13:30.367+0000] {spark_submit.py:579} INFO - 24/12/08 15:13:30 INFO DeltaLog: Loading version 0.
[2024-12-08T15:13:30.386+0000] {spark_submit.py:579} INFO - 24/12/08 15:13:30 INFO Snapshot: [tableId=0116c904-6a74-4ac7-99e1-0154a990e7f8] DELTA: Compute snapshot for version: 0
[2024-12-08T15:13:30.436+0000] {spark_submit.py:579} INFO - 24/12/08 15:13:30 INFO MemoryStore: Block broadcast_4 stored as values in memory (estimated size 204.6 KiB, free 434.0 MiB)
[2024-12-08T15:13:30.458+0000] {spark_submit.py:579} INFO - 24/12/08 15:13:30 INFO MemoryStore: Block broadcast_4_piece0 stored as bytes in memory (estimated size 35.6 KiB, free 433.9 MiB)
[2024-12-08T15:13:30.460+0000] {spark_submit.py:579} INFO - 24/12/08 15:13:30 INFO BlockManagerInfo: Added broadcast_4_piece0 in memory on 7ea45ba85247:39819 (size: 35.6 KiB, free: 434.3 MiB)
[2024-12-08T15:13:30.462+0000] {spark_submit.py:579} INFO - 24/12/08 15:13:30 INFO SparkContext: Created broadcast 4 from toString at String.java:2951
[2024-12-08T15:13:30.473+0000] {spark_submit.py:579} INFO - 24/12/08 15:13:30 INFO DeltaLogFileIndex: Created DeltaLogFileIndex(JSON, numFilesInSegment: 1, totalFileSize: 1803)
[2024-12-08T15:13:30.844+0000] {spark_submit.py:579} INFO - 24/12/08 15:13:30 INFO FileSourceStrategy: Pushed Filters:
[2024-12-08T15:13:30.845+0000] {spark_submit.py:579} INFO - 24/12/08 15:13:30 INFO FileSourceStrategy: Post-Scan Filters:
[2024-12-08T15:13:30.846+0000] {spark_submit.py:579} INFO - 24/12/08 15:13:30 INFO FileSourceStrategy: Output Data Schema: struct<txn: struct<appId: string, version: bigint, lastUpdated: bigint ... 1 more fields>, add: struct<path: string, partitionValues: map<string,string>, size: bigint, modificationTime: bigint, dataChange: boolean ... 5 more fields>, remove: struct<path: string, deletionTimestamp: bigint, dataChange: boolean, extendedFileMetadata: boolean, partitionValues: map<string,string> ... 5 more fields>, metaData: struct<id: string, name: string, description: string, format: struct<provider: string, options: map<string,string>>, schemaString: string ... 6 more fields>, protocol: struct<minReaderVersion: int, minWriterVersion: int> ... 5 more fields>
[2024-12-08T15:13:30.864+0000] {spark_submit.py:579} INFO - 24/12/08 15:13:30 WARN package: Truncated the string representation of a plan since it was too large. This behavior can be adjusted by setting 'spark.sql.debug.maxToStringFields'.
[2024-12-08T15:13:31.035+0000] {spark_submit.py:579} INFO - 24/12/08 15:13:31 INFO CodeGenerator: Code generated in 91.668854 ms
[2024-12-08T15:13:31.038+0000] {spark_submit.py:579} INFO - 24/12/08 15:13:31 INFO MemoryStore: Block broadcast_5 stored as values in memory (estimated size 204.9 KiB, free 433.7 MiB)
[2024-12-08T15:13:31.050+0000] {spark_submit.py:579} INFO - 24/12/08 15:13:31 INFO MemoryStore: Block broadcast_5_piece0 stored as bytes in memory (estimated size 35.7 KiB, free 433.7 MiB)
[2024-12-08T15:13:31.052+0000] {spark_submit.py:579} INFO - 24/12/08 15:13:31 INFO BlockManagerInfo: Added broadcast_5_piece0 in memory on 7ea45ba85247:39819 (size: 35.7 KiB, free: 434.3 MiB)
[2024-12-08T15:13:31.054+0000] {spark_submit.py:579} INFO - 24/12/08 15:13:31 INFO SparkContext: Created broadcast 5 from toString at String.java:2951
[2024-12-08T15:13:31.083+0000] {spark_submit.py:579} INFO - 24/12/08 15:13:31 INFO FileSourceScanExec: Planning scan with bin packing, max size: 4194304 bytes, open cost is considered as scanning 4194304 bytes.
[2024-12-08T15:13:31.123+0000] {spark_submit.py:579} INFO - 24/12/08 15:13:31 INFO DAGScheduler: Registering RDD 18 (toString at String.java:2951) as input to shuffle 1
[2024-12-08T15:13:31.124+0000] {spark_submit.py:579} INFO - 24/12/08 15:13:31 INFO DAGScheduler: Got map stage job 4 (toString at String.java:2951) with 1 output partitions
[2024-12-08T15:13:31.124+0000] {spark_submit.py:579} INFO - 24/12/08 15:13:31 INFO DAGScheduler: Final stage: ShuffleMapStage 4 (toString at String.java:2951)
[2024-12-08T15:13:31.125+0000] {spark_submit.py:579} INFO - 24/12/08 15:13:31 INFO DAGScheduler: Parents of final stage: List()
[2024-12-08T15:13:31.126+0000] {spark_submit.py:579} INFO - 24/12/08 15:13:31 INFO DAGScheduler: Missing parents: List()
[2024-12-08T15:13:31.126+0000] {spark_submit.py:579} INFO - 24/12/08 15:13:31 INFO DAGScheduler: Submitting ShuffleMapStage 4 (MapPartitionsRDD[18] at toString at String.java:2951), which has no missing parents
[2024-12-08T15:13:31.144+0000] {spark_submit.py:579} INFO - 24/12/08 15:13:31 INFO MemoryStore: Block broadcast_6 stored as values in memory (estimated size 124.3 KiB, free 433.6 MiB)
[2024-12-08T15:13:31.152+0000] {spark_submit.py:579} INFO - 24/12/08 15:13:31 INFO MemoryStore: Block broadcast_6_piece0 stored as bytes in memory (estimated size 35.2 KiB, free 433.5 MiB)
[2024-12-08T15:13:31.153+0000] {spark_submit.py:579} INFO - 24/12/08 15:13:31 INFO BlockManagerInfo: Added broadcast_6_piece0 in memory on 7ea45ba85247:39819 (size: 35.2 KiB, free: 434.3 MiB)
[2024-12-08T15:13:31.154+0000] {spark_submit.py:579} INFO - 24/12/08 15:13:31 INFO SparkContext: Created broadcast 6 from broadcast at DAGScheduler.scala:1513
[2024-12-08T15:13:31.155+0000] {spark_submit.py:579} INFO - 24/12/08 15:13:31 INFO DAGScheduler: Submitting 1 missing tasks from ShuffleMapStage 4 (MapPartitionsRDD[18] at toString at String.java:2951) (first 15 tasks are for partitions Vector(0))
[2024-12-08T15:13:31.156+0000] {spark_submit.py:579} INFO - 24/12/08 15:13:31 INFO TaskSchedulerImpl: Adding task set 4.0 with 1 tasks resource profile 0
[2024-12-08T15:13:31.158+0000] {spark_submit.py:579} INFO - 24/12/08 15:13:31 INFO TaskSetManager: Starting task 0.0 in stage 4.0 (TID 4) (172.21.0.9, executor 0, partition 0, PROCESS_LOCAL, 4932 bytes) taskResourceAssignments Map()
[2024-12-08T15:13:31.189+0000] {spark_submit.py:579} INFO - 24/12/08 15:13:31 INFO BlockManagerInfo: Added broadcast_6_piece0 in memory on 172.21.0.9:41461 (size: 35.2 KiB, free: 1048.7 MiB)
[2024-12-08T15:13:31.819+0000] {spark_submit.py:579} INFO - 24/12/08 15:13:31 INFO BlockManagerInfo: Added broadcast_5_piece0 in memory on 172.21.0.9:41461 (size: 35.7 KiB, free: 1048.7 MiB)
[2024-12-08T15:13:31.926+0000] {spark_submit.py:579} INFO - 24/12/08 15:13:31 INFO TaskSetManager: Finished task 0.0 in stage 4.0 (TID 4) in 769 ms on 172.21.0.9 (executor 0) (1/1)
[2024-12-08T15:13:31.927+0000] {spark_submit.py:579} INFO - 24/12/08 15:13:31 INFO TaskSchedulerImpl: Removed TaskSet 4.0, whose tasks have all completed, from pool
[2024-12-08T15:13:31.928+0000] {spark_submit.py:579} INFO - 24/12/08 15:13:31 INFO DAGScheduler: ShuffleMapStage 4 (toString at String.java:2951) finished in 0.801 s
[2024-12-08T15:13:31.928+0000] {spark_submit.py:579} INFO - 24/12/08 15:13:31 INFO DAGScheduler: looking for newly runnable stages
[2024-12-08T15:13:31.929+0000] {spark_submit.py:579} INFO - 24/12/08 15:13:31 INFO DAGScheduler: running: Set()
[2024-12-08T15:13:31.930+0000] {spark_submit.py:579} INFO - 24/12/08 15:13:31 INFO DAGScheduler: waiting: Set()
[2024-12-08T15:13:31.930+0000] {spark_submit.py:579} INFO - 24/12/08 15:13:31 INFO DAGScheduler: failed: Set()
[2024-12-08T15:13:31.989+0000] {spark_submit.py:579} INFO - 24/12/08 15:13:31 INFO BlockManagerInfo: Removed broadcast_6_piece0 on 7ea45ba85247:39819 in memory (size: 35.2 KiB, free: 434.3 MiB)
[2024-12-08T15:13:31.992+0000] {spark_submit.py:579} INFO - 24/12/08 15:13:31 INFO BlockManagerInfo: Removed broadcast_6_piece0 on 172.21.0.9:41461 in memory (size: 35.2 KiB, free: 1048.7 MiB)
[2024-12-08T15:13:32.319+0000] {spark_submit.py:579} INFO - 24/12/08 15:13:32 INFO CodeGenerator: Generated method too long to be JIT compiled: org.apache.spark.sql.catalyst.expressions.GeneratedClass$GeneratedIteratorForCodegenStage3.serializefromobject_doConsume_0$ is 14899 bytes
[2024-12-08T15:13:32.320+0000] {spark_submit.py:579} INFO - 24/12/08 15:13:32 INFO CodeGenerator: Code generated in 179.129803 ms
[2024-12-08T15:13:32.383+0000] {spark_submit.py:579} INFO - 24/12/08 15:13:32 INFO CodeGenerator: Code generated in 44.5349 ms
[2024-12-08T15:13:32.692+0000] {spark_submit.py:579} INFO - 24/12/08 15:13:32 INFO CodeGenerator: Code generated in 42.185655 ms
[2024-12-08T15:13:32.701+0000] {spark_submit.py:579} INFO - 24/12/08 15:13:32 INFO DAGScheduler: Registering RDD 28 (toString at String.java:2951) as input to shuffle 2
[2024-12-08T15:13:32.701+0000] {spark_submit.py:579} INFO - 24/12/08 15:13:32 INFO DAGScheduler: Got map stage job 5 (toString at String.java:2951) with 50 output partitions
[2024-12-08T15:13:32.702+0000] {spark_submit.py:579} INFO - 24/12/08 15:13:32 INFO DAGScheduler: Final stage: ShuffleMapStage 6 (toString at String.java:2951)
[2024-12-08T15:13:32.702+0000] {spark_submit.py:579} INFO - 24/12/08 15:13:32 INFO DAGScheduler: Parents of final stage: List(ShuffleMapStage 5)
[2024-12-08T15:13:32.705+0000] {spark_submit.py:579} INFO - 24/12/08 15:13:32 INFO DAGScheduler: Missing parents: List()
[2024-12-08T15:13:32.706+0000] {spark_submit.py:579} INFO - 24/12/08 15:13:32 INFO DAGScheduler: Submitting ShuffleMapStage 6 (MapPartitionsRDD[28] at toString at String.java:2951), which has no missing parents
[2024-12-08T15:13:32.825+0000] {spark_submit.py:579} INFO - 24/12/08 15:13:32 INFO MemoryStore: Block broadcast_7 stored as values in memory (estimated size 426.2 KiB, free 433.3 MiB)
[2024-12-08T15:13:32.835+0000] {spark_submit.py:579} INFO - 24/12/08 15:13:32 INFO MemoryStore: Block broadcast_7_piece0 stored as bytes in memory (estimated size 102.6 KiB, free 433.2 MiB)
[2024-12-08T15:13:32.836+0000] {spark_submit.py:579} INFO - 24/12/08 15:13:32 INFO BlockManagerInfo: Added broadcast_7_piece0 in memory on 7ea45ba85247:39819 (size: 102.6 KiB, free: 434.2 MiB)
[2024-12-08T15:13:32.848+0000] {spark_submit.py:579} INFO - 24/12/08 15:13:32 INFO SparkContext: Created broadcast 7 from broadcast at DAGScheduler.scala:1513
[2024-12-08T15:13:32.850+0000] {spark_submit.py:579} INFO - 24/12/08 15:13:32 INFO DAGScheduler: Submitting 50 missing tasks from ShuffleMapStage 6 (MapPartitionsRDD[28] at toString at String.java:2951) (first 15 tasks are for partitions Vector(0, 1, 2, 3, 4, 5, 6, 7, 8, 9, 10, 11, 12, 13, 14))
[2024-12-08T15:13:32.850+0000] {spark_submit.py:579} INFO - 24/12/08 15:13:32 INFO TaskSchedulerImpl: Adding task set 6.0 with 50 tasks resource profile 0
[2024-12-08T15:13:32.853+0000] {spark_submit.py:579} INFO - 24/12/08 15:13:32 INFO TaskSetManager: Starting task 10.0 in stage 6.0 (TID 5) (172.21.0.9, executor 0, partition 10, NODE_LOCAL, 4446 bytes) taskResourceAssignments Map()
[2024-12-08T15:13:32.854+0000] {spark_submit.py:579} INFO - 24/12/08 15:13:32 INFO TaskSetManager: Starting task 14.0 in stage 6.0 (TID 6) (172.21.0.9, executor 0, partition 14, NODE_LOCAL, 4446 bytes) taskResourceAssignments Map()
[2024-12-08T15:13:32.873+0000] {spark_submit.py:579} INFO - 24/12/08 15:13:32 INFO BlockManagerInfo: Added broadcast_7_piece0 in memory on 172.21.0.9:41461 (size: 102.6 KiB, free: 1048.6 MiB)
[2024-12-08T15:13:33.096+0000] {spark_submit.py:579} INFO - 24/12/08 15:13:33 INFO MapOutputTrackerMasterEndpoint: Asked to send map output locations for shuffle 1 to 172.21.0.9:52140
[2024-12-08T15:13:33.720+0000] {spark_submit.py:579} INFO - 24/12/08 15:13:33 INFO BlockManagerInfo: Added rdd_25_14 in memory on 172.21.0.9:41461 (size: 479.0 B, free: 1048.6 MiB)
[2024-12-08T15:13:33.721+0000] {spark_submit.py:579} INFO - 24/12/08 15:13:33 INFO BlockManagerInfo: Added rdd_25_10 in memory on 172.21.0.9:41461 (size: 473.0 B, free: 1048.6 MiB)
[2024-12-08T15:13:33.900+0000] {spark_submit.py:579} INFO - 24/12/08 15:13:33 INFO TaskSetManager: Starting task 42.0 in stage 6.0 (TID 7) (172.21.0.9, executor 0, partition 42, NODE_LOCAL, 4446 bytes) taskResourceAssignments Map()
[2024-12-08T15:13:33.901+0000] {spark_submit.py:579} INFO - 24/12/08 15:13:33 INFO TaskSetManager: Finished task 10.0 in stage 6.0 (TID 5) in 1049 ms on 172.21.0.9 (executor 0) (1/50)
[2024-12-08T15:13:33.903+0000] {spark_submit.py:579} INFO - 24/12/08 15:13:33 INFO TaskSetManager: Starting task 0.0 in stage 6.0 (TID 8) (172.21.0.9, executor 0, partition 0, PROCESS_LOCAL, 4446 bytes) taskResourceAssignments Map()
[2024-12-08T15:13:33.905+0000] {spark_submit.py:579} INFO - 24/12/08 15:13:33 INFO TaskSetManager: Finished task 14.0 in stage 6.0 (TID 6) in 1051 ms on 172.21.0.9 (executor 0) (2/50)
[2024-12-08T15:13:33.977+0000] {spark_submit.py:579} INFO - 24/12/08 15:13:33 INFO BlockManagerInfo: Added rdd_25_0 in memory on 172.21.0.9:41461 (size: 46.0 B, free: 1048.6 MiB)
[2024-12-08T15:13:34.028+0000] {spark_submit.py:579} INFO - 24/12/08 15:13:34 INFO TaskSetManager: Starting task 1.0 in stage 6.0 (TID 9) (172.21.0.9, executor 0, partition 1, PROCESS_LOCAL, 4446 bytes) taskResourceAssignments Map()
[2024-12-08T15:13:34.029+0000] {spark_submit.py:579} INFO - 24/12/08 15:13:34 INFO TaskSetManager: Finished task 0.0 in stage 6.0 (TID 8) in 125 ms on 172.21.0.9 (executor 0) (3/50)
[2024-12-08T15:13:34.094+0000] {spark_submit.py:579} INFO - 24/12/08 15:13:34 INFO BlockManagerInfo: Added rdd_25_1 in memory on 172.21.0.9:41461 (size: 46.0 B, free: 1048.6 MiB)
[2024-12-08T15:13:34.154+0000] {spark_submit.py:579} INFO - 24/12/08 15:13:34 INFO TaskSetManager: Starting task 2.0 in stage 6.0 (TID 10) (172.21.0.9, executor 0, partition 2, PROCESS_LOCAL, 4446 bytes) taskResourceAssignments Map()
[2024-12-08T15:13:34.155+0000] {spark_submit.py:579} INFO - 24/12/08 15:13:34 INFO TaskSetManager: Finished task 1.0 in stage 6.0 (TID 9) in 128 ms on 172.21.0.9 (executor 0) (4/50)
[2024-12-08T15:13:34.210+0000] {spark_submit.py:579} INFO - 24/12/08 15:13:34 INFO BlockManagerInfo: Added rdd_25_2 in memory on 172.21.0.9:41461 (size: 46.0 B, free: 1048.6 MiB)
[2024-12-08T15:13:34.247+0000] {spark_submit.py:579} INFO - 24/12/08 15:13:34 INFO TaskSetManager: Starting task 3.0 in stage 6.0 (TID 11) (172.21.0.9, executor 0, partition 3, PROCESS_LOCAL, 4446 bytes) taskResourceAssignments Map()
[2024-12-08T15:13:34.248+0000] {spark_submit.py:579} INFO - 24/12/08 15:13:34 INFO TaskSetManager: Finished task 2.0 in stage 6.0 (TID 10) in 95 ms on 172.21.0.9 (executor 0) (5/50)
[2024-12-08T15:13:34.313+0000] {spark_submit.py:579} INFO - 24/12/08 15:13:34 INFO BlockManagerInfo: Added rdd_25_3 in memory on 172.21.0.9:41461 (size: 46.0 B, free: 1048.6 MiB)
[2024-12-08T15:13:34.366+0000] {spark_submit.py:579} INFO - 24/12/08 15:13:34 INFO TaskSetManager: Starting task 4.0 in stage 6.0 (TID 12) (172.21.0.9, executor 0, partition 4, PROCESS_LOCAL, 4446 bytes) taskResourceAssignments Map()
[2024-12-08T15:13:34.367+0000] {spark_submit.py:579} INFO - 24/12/08 15:13:34 INFO TaskSetManager: Finished task 3.0 in stage 6.0 (TID 11) in 120 ms on 172.21.0.9 (executor 0) (6/50)
[2024-12-08T15:13:34.391+0000] {spark_submit.py:579} INFO - 24/12/08 15:13:34 INFO BlockManagerInfo: Added rdd_25_42 in memory on 172.21.0.9:41461 (size: 468.0 B, free: 1048.6 MiB)
[2024-12-08T15:13:34.435+0000] {spark_submit.py:579} INFO - 24/12/08 15:13:34 INFO TaskSetManager: Starting task 5.0 in stage 6.0 (TID 13) (172.21.0.9, executor 0, partition 5, PROCESS_LOCAL, 4446 bytes) taskResourceAssignments Map()
[2024-12-08T15:13:34.436+0000] {spark_submit.py:579} INFO - 24/12/08 15:13:34 INFO TaskSetManager: Finished task 42.0 in stage 6.0 (TID 7) in 536 ms on 172.21.0.9 (executor 0) (7/50)
[2024-12-08T15:13:34.437+0000] {spark_submit.py:579} INFO - 24/12/08 15:13:34 INFO BlockManagerInfo: Added rdd_25_4 in memory on 172.21.0.9:41461 (size: 46.0 B, free: 1048.6 MiB)
[2024-12-08T15:13:34.468+0000] {spark_submit.py:579} INFO - 24/12/08 15:13:34 INFO TaskSetManager: Starting task 6.0 in stage 6.0 (TID 14) (172.21.0.9, executor 0, partition 6, PROCESS_LOCAL, 4446 bytes) taskResourceAssignments Map()
[2024-12-08T15:13:34.469+0000] {spark_submit.py:579} INFO - 24/12/08 15:13:34 INFO TaskSetManager: Finished task 4.0 in stage 6.0 (TID 12) in 103 ms on 172.21.0.9 (executor 0) (8/50)
[2024-12-08T15:13:34.489+0000] {spark_submit.py:579} INFO - 24/12/08 15:13:34 INFO BlockManagerInfo: Added rdd_25_5 in memory on 172.21.0.9:41461 (size: 46.0 B, free: 1048.6 MiB)
[2024-12-08T15:13:34.525+0000] {spark_submit.py:579} INFO - 24/12/08 15:13:34 INFO TaskSetManager: Starting task 7.0 in stage 6.0 (TID 15) (172.21.0.9, executor 0, partition 7, PROCESS_LOCAL, 4446 bytes) taskResourceAssignments Map()
[2024-12-08T15:13:34.527+0000] {spark_submit.py:579} INFO - 24/12/08 15:13:34 INFO TaskSetManager: Finished task 5.0 in stage 6.0 (TID 13) in 91 ms on 172.21.0.9 (executor 0) (9/50)
[2024-12-08T15:13:34.536+0000] {spark_submit.py:579} INFO - 24/12/08 15:13:34 INFO BlockManagerInfo: Added rdd_25_6 in memory on 172.21.0.9:41461 (size: 46.0 B, free: 1048.6 MiB)
[2024-12-08T15:13:34.573+0000] {spark_submit.py:579} INFO - 24/12/08 15:13:34 INFO TaskSetManager: Starting task 8.0 in stage 6.0 (TID 16) (172.21.0.9, executor 0, partition 8, PROCESS_LOCAL, 4446 bytes) taskResourceAssignments Map()
[2024-12-08T15:13:34.574+0000] {spark_submit.py:579} INFO - 24/12/08 15:13:34 INFO TaskSetManager: Finished task 6.0 in stage 6.0 (TID 14) in 107 ms on 172.21.0.9 (executor 0) (10/50)
[2024-12-08T15:13:34.586+0000] {spark_submit.py:579} INFO - 24/12/08 15:13:34 INFO BlockManagerInfo: Added rdd_25_7 in memory on 172.21.0.9:41461 (size: 46.0 B, free: 1048.6 MiB)
[2024-12-08T15:13:34.628+0000] {spark_submit.py:579} INFO - 24/12/08 15:13:34 INFO TaskSetManager: Starting task 9.0 in stage 6.0 (TID 17) (172.21.0.9, executor 0, partition 9, PROCESS_LOCAL, 4446 bytes) taskResourceAssignments Map()
[2024-12-08T15:13:34.629+0000] {spark_submit.py:579} INFO - 24/12/08 15:13:34 INFO TaskSetManager: Finished task 7.0 in stage 6.0 (TID 15) in 103 ms on 172.21.0.9 (executor 0) (11/50)
[2024-12-08T15:13:34.641+0000] {spark_submit.py:579} INFO - 24/12/08 15:13:34 INFO BlockManagerInfo: Added rdd_25_8 in memory on 172.21.0.9:41461 (size: 46.0 B, free: 1048.6 MiB)
[2024-12-08T15:13:34.674+0000] {spark_submit.py:579} INFO - 24/12/08 15:13:34 INFO TaskSetManager: Starting task 11.0 in stage 6.0 (TID 18) (172.21.0.9, executor 0, partition 11, PROCESS_LOCAL, 4446 bytes) taskResourceAssignments Map()
[2024-12-08T15:13:34.675+0000] {spark_submit.py:579} INFO - 24/12/08 15:13:34 INFO TaskSetManager: Finished task 8.0 in stage 6.0 (TID 16) in 101 ms on 172.21.0.9 (executor 0) (12/50)
[2024-12-08T15:13:34.689+0000] {spark_submit.py:579} INFO - 24/12/08 15:13:34 INFO BlockManagerInfo: Added rdd_25_9 in memory on 172.21.0.9:41461 (size: 46.0 B, free: 1048.6 MiB)
[2024-12-08T15:13:34.719+0000] {spark_submit.py:579} INFO - 24/12/08 15:13:34 INFO TaskSetManager: Starting task 12.0 in stage 6.0 (TID 19) (172.21.0.9, executor 0, partition 12, PROCESS_LOCAL, 4446 bytes) taskResourceAssignments Map()
[2024-12-08T15:13:34.720+0000] {spark_submit.py:579} INFO - 24/12/08 15:13:34 INFO TaskSetManager: Finished task 9.0 in stage 6.0 (TID 17) in 93 ms on 172.21.0.9 (executor 0) (13/50)
[2024-12-08T15:13:34.728+0000] {spark_submit.py:579} INFO - 24/12/08 15:13:34 INFO BlockManagerInfo: Added rdd_25_11 in memory on 172.21.0.9:41461 (size: 46.0 B, free: 1048.6 MiB)
[2024-12-08T15:13:34.759+0000] {spark_submit.py:579} INFO - 24/12/08 15:13:34 INFO TaskSetManager: Starting task 13.0 in stage 6.0 (TID 20) (172.21.0.9, executor 0, partition 13, PROCESS_LOCAL, 4446 bytes) taskResourceAssignments Map()
[2024-12-08T15:13:34.760+0000] {spark_submit.py:579} INFO - 24/12/08 15:13:34 INFO TaskSetManager: Finished task 11.0 in stage 6.0 (TID 18) in 87 ms on 172.21.0.9 (executor 0) (14/50)
[2024-12-08T15:13:34.774+0000] {spark_submit.py:579} INFO - 24/12/08 15:13:34 INFO BlockManagerInfo: Added rdd_25_12 in memory on 172.21.0.9:41461 (size: 46.0 B, free: 1048.6 MiB)
[2024-12-08T15:13:34.807+0000] {spark_submit.py:579} INFO - 24/12/08 15:13:34 INFO TaskSetManager: Starting task 15.0 in stage 6.0 (TID 21) (172.21.0.9, executor 0, partition 15, PROCESS_LOCAL, 4446 bytes) taskResourceAssignments Map()
[2024-12-08T15:13:34.808+0000] {spark_submit.py:579} INFO - 24/12/08 15:13:34 INFO TaskSetManager: Finished task 12.0 in stage 6.0 (TID 19) in 89 ms on 172.21.0.9 (executor 0) (15/50)
[2024-12-08T15:13:34.816+0000] {spark_submit.py:579} INFO - 24/12/08 15:13:34 INFO BlockManagerInfo: Added rdd_25_13 in memory on 172.21.0.9:41461 (size: 46.0 B, free: 1048.6 MiB)
[2024-12-08T15:13:34.845+0000] {spark_submit.py:579} INFO - 24/12/08 15:13:34 INFO TaskSetManager: Starting task 16.0 in stage 6.0 (TID 22) (172.21.0.9, executor 0, partition 16, PROCESS_LOCAL, 4446 bytes) taskResourceAssignments Map()
[2024-12-08T15:13:34.846+0000] {spark_submit.py:579} INFO - 24/12/08 15:13:34 INFO TaskSetManager: Finished task 13.0 in stage 6.0 (TID 20) in 87 ms on 172.21.0.9 (executor 0) (16/50)
[2024-12-08T15:13:34.864+0000] {spark_submit.py:579} INFO - 24/12/08 15:13:34 INFO BlockManagerInfo: Added rdd_25_15 in memory on 172.21.0.9:41461 (size: 46.0 B, free: 1048.6 MiB)
[2024-12-08T15:13:34.894+0000] {spark_submit.py:579} INFO - 24/12/08 15:13:34 INFO TaskSetManager: Starting task 17.0 in stage 6.0 (TID 23) (172.21.0.9, executor 0, partition 17, PROCESS_LOCAL, 4446 bytes) taskResourceAssignments Map()
[2024-12-08T15:13:34.895+0000] {spark_submit.py:579} INFO - 24/12/08 15:13:34 INFO TaskSetManager: Finished task 15.0 in stage 6.0 (TID 21) in 87 ms on 172.21.0.9 (executor 0) (17/50)
[2024-12-08T15:13:34.896+0000] {spark_submit.py:579} INFO - 24/12/08 15:13:34 INFO BlockManagerInfo: Added rdd_25_16 in memory on 172.21.0.9:41461 (size: 46.0 B, free: 1048.6 MiB)
[2024-12-08T15:13:34.927+0000] {spark_submit.py:579} INFO - 24/12/08 15:13:34 INFO TaskSetManager: Starting task 18.0 in stage 6.0 (TID 24) (172.21.0.9, executor 0, partition 18, PROCESS_LOCAL, 4446 bytes) taskResourceAssignments Map()
[2024-12-08T15:13:34.928+0000] {spark_submit.py:579} INFO - 24/12/08 15:13:34 INFO TaskSetManager: Finished task 16.0 in stage 6.0 (TID 22) in 82 ms on 172.21.0.9 (executor 0) (18/50)
[2024-12-08T15:13:34.955+0000] {spark_submit.py:579} INFO - 24/12/08 15:13:34 INFO BlockManagerInfo: Added rdd_25_17 in memory on 172.21.0.9:41461 (size: 46.0 B, free: 1048.6 MiB)
[2024-12-08T15:13:34.990+0000] {spark_submit.py:579} INFO - 24/12/08 15:13:34 INFO BlockManagerInfo: Added rdd_25_18 in memory on 172.21.0.9:41461 (size: 46.0 B, free: 1048.6 MiB)
[2024-12-08T15:13:34.992+0000] {spark_submit.py:579} INFO - 24/12/08 15:13:34 INFO TaskSetManager: Starting task 19.0 in stage 6.0 (TID 25) (172.21.0.9, executor 0, partition 19, PROCESS_LOCAL, 4446 bytes) taskResourceAssignments Map()
[2024-12-08T15:13:34.993+0000] {spark_submit.py:579} INFO - 24/12/08 15:13:34 INFO TaskSetManager: Finished task 17.0 in stage 6.0 (TID 23) in 99 ms on 172.21.0.9 (executor 0) (19/50)
[2024-12-08T15:13:35.026+0000] {spark_submit.py:579} INFO - 24/12/08 15:13:35 INFO TaskSetManager: Starting task 20.0 in stage 6.0 (TID 26) (172.21.0.9, executor 0, partition 20, PROCESS_LOCAL, 4446 bytes) taskResourceAssignments Map()
[2024-12-08T15:13:35.027+0000] {spark_submit.py:579} INFO - 24/12/08 15:13:35 INFO TaskSetManager: Finished task 18.0 in stage 6.0 (TID 24) in 101 ms on 172.21.0.9 (executor 0) (20/50)
[2024-12-08T15:13:35.054+0000] {spark_submit.py:579} INFO - 24/12/08 15:13:35 INFO BlockManagerInfo: Added rdd_25_19 in memory on 172.21.0.9:41461 (size: 46.0 B, free: 1048.6 MiB)
[2024-12-08T15:13:35.075+0000] {spark_submit.py:579} INFO - 24/12/08 15:13:35 INFO BlockManagerInfo: Added rdd_25_20 in memory on 172.21.0.9:41461 (size: 46.0 B, free: 1048.6 MiB)
[2024-12-08T15:13:35.089+0000] {spark_submit.py:579} INFO - 24/12/08 15:13:35 INFO TaskSetManager: Starting task 21.0 in stage 6.0 (TID 27) (172.21.0.9, executor 0, partition 21, PROCESS_LOCAL, 4446 bytes) taskResourceAssignments Map()
[2024-12-08T15:13:35.090+0000] {spark_submit.py:579} INFO - 24/12/08 15:13:35 INFO TaskSetManager: Finished task 19.0 in stage 6.0 (TID 25) in 99 ms on 172.21.0.9 (executor 0) (21/50)
[2024-12-08T15:13:35.103+0000] {spark_submit.py:579} INFO - 24/12/08 15:13:35 INFO TaskSetManager: Starting task 22.0 in stage 6.0 (TID 28) (172.21.0.9, executor 0, partition 22, PROCESS_LOCAL, 4446 bytes) taskResourceAssignments Map()
[2024-12-08T15:13:35.104+0000] {spark_submit.py:579} INFO - 24/12/08 15:13:35 INFO TaskSetManager: Finished task 20.0 in stage 6.0 (TID 26) in 79 ms on 172.21.0.9 (executor 0) (22/50)
[2024-12-08T15:13:35.140+0000] {spark_submit.py:579} INFO - 24/12/08 15:13:35 INFO BlockManagerInfo: Added rdd_25_21 in memory on 172.21.0.9:41461 (size: 46.0 B, free: 1048.6 MiB)
[2024-12-08T15:13:35.160+0000] {spark_submit.py:579} INFO - 24/12/08 15:13:35 INFO BlockManagerInfo: Added rdd_25_22 in memory on 172.21.0.9:41461 (size: 46.0 B, free: 1048.6 MiB)
[2024-12-08T15:13:35.172+0000] {spark_submit.py:579} INFO - 24/12/08 15:13:35 INFO TaskSetManager: Starting task 23.0 in stage 6.0 (TID 29) (172.21.0.9, executor 0, partition 23, PROCESS_LOCAL, 4446 bytes) taskResourceAssignments Map()
[2024-12-08T15:13:35.173+0000] {spark_submit.py:579} INFO - 24/12/08 15:13:35 INFO TaskSetManager: Finished task 21.0 in stage 6.0 (TID 27) in 83 ms on 172.21.0.9 (executor 0) (23/50)
[2024-12-08T15:13:35.190+0000] {spark_submit.py:579} INFO - 24/12/08 15:13:35 INFO TaskSetManager: Starting task 24.0 in stage 6.0 (TID 30) (172.21.0.9, executor 0, partition 24, PROCESS_LOCAL, 4446 bytes) taskResourceAssignments Map()
[2024-12-08T15:13:35.191+0000] {spark_submit.py:579} INFO - 24/12/08 15:13:35 INFO TaskSetManager: Finished task 22.0 in stage 6.0 (TID 28) in 87 ms on 172.21.0.9 (executor 0) (24/50)
[2024-12-08T15:13:35.223+0000] {spark_submit.py:579} INFO - 24/12/08 15:13:35 INFO BlockManagerInfo: Added rdd_25_23 in memory on 172.21.0.9:41461 (size: 46.0 B, free: 1048.6 MiB)
[2024-12-08T15:13:35.243+0000] {spark_submit.py:579} INFO - 24/12/08 15:13:35 INFO BlockManagerInfo: Added rdd_25_24 in memory on 172.21.0.9:41461 (size: 46.0 B, free: 1048.6 MiB)
[2024-12-08T15:13:35.253+0000] {spark_submit.py:579} INFO - 24/12/08 15:13:35 INFO TaskSetManager: Starting task 25.0 in stage 6.0 (TID 31) (172.21.0.9, executor 0, partition 25, PROCESS_LOCAL, 4446 bytes) taskResourceAssignments Map()
[2024-12-08T15:13:35.254+0000] {spark_submit.py:579} INFO - 24/12/08 15:13:35 INFO TaskSetManager: Finished task 23.0 in stage 6.0 (TID 29) in 83 ms on 172.21.0.9 (executor 0) (25/50)
[2024-12-08T15:13:35.270+0000] {spark_submit.py:579} INFO - 24/12/08 15:13:35 INFO TaskSetManager: Starting task 26.0 in stage 6.0 (TID 32) (172.21.0.9, executor 0, partition 26, PROCESS_LOCAL, 4446 bytes) taskResourceAssignments Map()
[2024-12-08T15:13:35.270+0000] {spark_submit.py:579} INFO - 24/12/08 15:13:35 INFO TaskSetManager: Finished task 24.0 in stage 6.0 (TID 30) in 81 ms on 172.21.0.9 (executor 0) (26/50)
[2024-12-08T15:13:35.310+0000] {spark_submit.py:579} INFO - 24/12/08 15:13:35 INFO BlockManagerInfo: Added rdd_25_25 in memory on 172.21.0.9:41461 (size: 46.0 B, free: 1048.6 MiB)
[2024-12-08T15:13:35.334+0000] {spark_submit.py:579} INFO - 24/12/08 15:13:35 INFO BlockManagerInfo: Added rdd_25_26 in memory on 172.21.0.9:41461 (size: 46.0 B, free: 1048.6 MiB)
[2024-12-08T15:13:35.341+0000] {spark_submit.py:579} INFO - 24/12/08 15:13:35 INFO TaskSetManager: Starting task 27.0 in stage 6.0 (TID 33) (172.21.0.9, executor 0, partition 27, PROCESS_LOCAL, 4446 bytes) taskResourceAssignments Map()
[2024-12-08T15:13:35.342+0000] {spark_submit.py:579} INFO - 24/12/08 15:13:35 INFO TaskSetManager: Finished task 25.0 in stage 6.0 (TID 31) in 89 ms on 172.21.0.9 (executor 0) (27/50)
[2024-12-08T15:13:35.366+0000] {spark_submit.py:579} INFO - 24/12/08 15:13:35 INFO TaskSetManager: Starting task 28.0 in stage 6.0 (TID 34) (172.21.0.9, executor 0, partition 28, PROCESS_LOCAL, 4446 bytes) taskResourceAssignments Map()
[2024-12-08T15:13:35.368+0000] {spark_submit.py:579} INFO - 24/12/08 15:13:35 INFO TaskSetManager: Finished task 26.0 in stage 6.0 (TID 32) in 98 ms on 172.21.0.9 (executor 0) (28/50)
[2024-12-08T15:13:35.404+0000] {spark_submit.py:579} INFO - 24/12/08 15:13:35 INFO BlockManagerInfo: Added rdd_25_27 in memory on 172.21.0.9:41461 (size: 46.0 B, free: 1048.6 MiB)
[2024-12-08T15:13:35.428+0000] {spark_submit.py:579} INFO - 24/12/08 15:13:35 INFO BlockManagerInfo: Added rdd_25_28 in memory on 172.21.0.9:41461 (size: 46.0 B, free: 1048.6 MiB)
[2024-12-08T15:13:35.441+0000] {spark_submit.py:579} INFO - 24/12/08 15:13:35 INFO TaskSetManager: Starting task 29.0 in stage 6.0 (TID 35) (172.21.0.9, executor 0, partition 29, PROCESS_LOCAL, 4446 bytes) taskResourceAssignments Map()
[2024-12-08T15:13:35.442+0000] {spark_submit.py:579} INFO - 24/12/08 15:13:35 INFO TaskSetManager: Finished task 27.0 in stage 6.0 (TID 33) in 101 ms on 172.21.0.9 (executor 0) (29/50)
[2024-12-08T15:13:35.465+0000] {spark_submit.py:579} INFO - 24/12/08 15:13:35 INFO TaskSetManager: Starting task 30.0 in stage 6.0 (TID 36) (172.21.0.9, executor 0, partition 30, PROCESS_LOCAL, 4446 bytes) taskResourceAssignments Map()
[2024-12-08T15:13:35.466+0000] {spark_submit.py:579} INFO - 24/12/08 15:13:35 INFO TaskSetManager: Finished task 28.0 in stage 6.0 (TID 34) in 100 ms on 172.21.0.9 (executor 0) (30/50)
[2024-12-08T15:13:35.508+0000] {spark_submit.py:579} INFO - 24/12/08 15:13:35 INFO BlockManagerInfo: Added rdd_25_29 in memory on 172.21.0.9:41461 (size: 46.0 B, free: 1048.6 MiB)
[2024-12-08T15:13:35.528+0000] {spark_submit.py:579} INFO - 24/12/08 15:13:35 INFO BlockManagerInfo: Added rdd_25_30 in memory on 172.21.0.9:41461 (size: 46.0 B, free: 1048.6 MiB)
[2024-12-08T15:13:35.538+0000] {spark_submit.py:579} INFO - 24/12/08 15:13:35 INFO TaskSetManager: Starting task 31.0 in stage 6.0 (TID 37) (172.21.0.9, executor 0, partition 31, PROCESS_LOCAL, 4446 bytes) taskResourceAssignments Map()
[2024-12-08T15:13:35.539+0000] {spark_submit.py:579} INFO - 24/12/08 15:13:35 INFO TaskSetManager: Finished task 29.0 in stage 6.0 (TID 35) in 99 ms on 172.21.0.9 (executor 0) (31/50)
[2024-12-08T15:13:35.569+0000] {spark_submit.py:579} INFO - 24/12/08 15:13:35 INFO TaskSetManager: Starting task 32.0 in stage 6.0 (TID 38) (172.21.0.9, executor 0, partition 32, PROCESS_LOCAL, 4446 bytes) taskResourceAssignments Map()
[2024-12-08T15:13:35.571+0000] {spark_submit.py:579} INFO - 24/12/08 15:13:35 INFO TaskSetManager: Finished task 30.0 in stage 6.0 (TID 36) in 106 ms on 172.21.0.9 (executor 0) (32/50)
[2024-12-08T15:13:35.645+0000] {spark_submit.py:579} INFO - 24/12/08 15:13:35 INFO BlockManagerInfo: Added rdd_25_31 in memory on 172.21.0.9:41461 (size: 46.0 B, free: 1048.6 MiB)
[2024-12-08T15:13:35.680+0000] {spark_submit.py:579} INFO - 24/12/08 15:13:35 INFO BlockManagerInfo: Added rdd_25_32 in memory on 172.21.0.9:41461 (size: 46.0 B, free: 1048.6 MiB)
[2024-12-08T15:13:35.715+0000] {spark_submit.py:579} INFO - 24/12/08 15:13:35 INFO TaskSetManager: Starting task 33.0 in stage 6.0 (TID 39) (172.21.0.9, executor 0, partition 33, PROCESS_LOCAL, 4446 bytes) taskResourceAssignments Map()
[2024-12-08T15:13:35.716+0000] {spark_submit.py:579} INFO - 24/12/08 15:13:35 INFO TaskSetManager: Finished task 31.0 in stage 6.0 (TID 37) in 177 ms on 172.21.0.9 (executor 0) (33/50)
[2024-12-08T15:13:35.730+0000] {spark_submit.py:579} INFO - 24/12/08 15:13:35 INFO TaskSetManager: Starting task 34.0 in stage 6.0 (TID 40) (172.21.0.9, executor 0, partition 34, PROCESS_LOCAL, 4446 bytes) taskResourceAssignments Map()
[2024-12-08T15:13:35.731+0000] {spark_submit.py:579} INFO - 24/12/08 15:13:35 INFO TaskSetManager: Finished task 32.0 in stage 6.0 (TID 38) in 161 ms on 172.21.0.9 (executor 0) (34/50)
[2024-12-08T15:13:35.773+0000] {spark_submit.py:579} INFO - 24/12/08 15:13:35 INFO BlockManagerInfo: Added rdd_25_33 in memory on 172.21.0.9:41461 (size: 46.0 B, free: 1048.6 MiB)
[2024-12-08T15:13:35.792+0000] {spark_submit.py:579} INFO - 24/12/08 15:13:35 INFO BlockManagerInfo: Added rdd_25_34 in memory on 172.21.0.9:41461 (size: 46.0 B, free: 1048.6 MiB)
[2024-12-08T15:13:35.808+0000] {spark_submit.py:579} INFO - 24/12/08 15:13:35 INFO TaskSetManager: Starting task 35.0 in stage 6.0 (TID 41) (172.21.0.9, executor 0, partition 35, PROCESS_LOCAL, 4446 bytes) taskResourceAssignments Map()
[2024-12-08T15:13:35.809+0000] {spark_submit.py:579} INFO - 24/12/08 15:13:35 INFO TaskSetManager: Finished task 33.0 in stage 6.0 (TID 39) in 95 ms on 172.21.0.9 (executor 0) (35/50)
[2024-12-08T15:13:35.825+0000] {spark_submit.py:579} INFO - 24/12/08 15:13:35 INFO TaskSetManager: Starting task 36.0 in stage 6.0 (TID 42) (172.21.0.9, executor 0, partition 36, PROCESS_LOCAL, 4446 bytes) taskResourceAssignments Map()
[2024-12-08T15:13:35.826+0000] {spark_submit.py:579} INFO - 24/12/08 15:13:35 INFO TaskSetManager: Finished task 34.0 in stage 6.0 (TID 40) in 97 ms on 172.21.0.9 (executor 0) (36/50)
[2024-12-08T15:13:35.864+0000] {spark_submit.py:579} INFO - 24/12/08 15:13:35 INFO BlockManagerInfo: Added rdd_25_35 in memory on 172.21.0.9:41461 (size: 46.0 B, free: 1048.6 MiB)
[2024-12-08T15:13:35.877+0000] {spark_submit.py:579} INFO - 24/12/08 15:13:35 INFO BlockManagerInfo: Added rdd_25_36 in memory on 172.21.0.9:41461 (size: 46.0 B, free: 1048.6 MiB)
[2024-12-08T15:13:35.894+0000] {spark_submit.py:579} INFO - 24/12/08 15:13:35 INFO TaskSetManager: Starting task 37.0 in stage 6.0 (TID 43) (172.21.0.9, executor 0, partition 37, PROCESS_LOCAL, 4446 bytes) taskResourceAssignments Map()
[2024-12-08T15:13:35.895+0000] {spark_submit.py:579} INFO - 24/12/08 15:13:35 INFO TaskSetManager: Finished task 35.0 in stage 6.0 (TID 41) in 88 ms on 172.21.0.9 (executor 0) (37/50)
[2024-12-08T15:13:35.910+0000] {spark_submit.py:579} INFO - 24/12/08 15:13:35 INFO TaskSetManager: Starting task 38.0 in stage 6.0 (TID 44) (172.21.0.9, executor 0, partition 38, PROCESS_LOCAL, 4446 bytes) taskResourceAssignments Map()
[2024-12-08T15:13:35.911+0000] {spark_submit.py:579} INFO - 24/12/08 15:13:35 INFO TaskSetManager: Finished task 36.0 in stage 6.0 (TID 42) in 87 ms on 172.21.0.9 (executor 0) (38/50)
[2024-12-08T15:13:35.958+0000] {spark_submit.py:579} INFO - 24/12/08 15:13:35 INFO BlockManagerInfo: Added rdd_25_37 in memory on 172.21.0.9:41461 (size: 46.0 B, free: 1048.6 MiB)
[2024-12-08T15:13:35.969+0000] {spark_submit.py:579} INFO - 24/12/08 15:13:35 INFO BlockManagerInfo: Added rdd_25_38 in memory on 172.21.0.9:41461 (size: 46.0 B, free: 1048.6 MiB)
[2024-12-08T15:13:35.995+0000] {spark_submit.py:579} INFO - 24/12/08 15:13:35 INFO TaskSetManager: Starting task 39.0 in stage 6.0 (TID 45) (172.21.0.9, executor 0, partition 39, PROCESS_LOCAL, 4446 bytes) taskResourceAssignments Map()
[2024-12-08T15:13:35.996+0000] {spark_submit.py:579} INFO - 24/12/08 15:13:35 INFO TaskSetManager: Finished task 37.0 in stage 6.0 (TID 43) in 102 ms on 172.21.0.9 (executor 0) (39/50)
[2024-12-08T15:13:36.007+0000] {spark_submit.py:579} INFO - 24/12/08 15:13:36 INFO TaskSetManager: Starting task 40.0 in stage 6.0 (TID 46) (172.21.0.9, executor 0, partition 40, PROCESS_LOCAL, 4446 bytes) taskResourceAssignments Map()
[2024-12-08T15:13:36.008+0000] {spark_submit.py:579} INFO - 24/12/08 15:13:36 INFO TaskSetManager: Finished task 38.0 in stage 6.0 (TID 44) in 97 ms on 172.21.0.9 (executor 0) (40/50)
[2024-12-08T15:13:36.063+0000] {spark_submit.py:579} INFO - 24/12/08 15:13:36 INFO BlockManagerInfo: Added rdd_25_39 in memory on 172.21.0.9:41461 (size: 46.0 B, free: 1048.6 MiB)
[2024-12-08T15:13:36.064+0000] {spark_submit.py:579} INFO - 24/12/08 15:13:36 INFO BlockManagerInfo: Added rdd_25_40 in memory on 172.21.0.9:41461 (size: 46.0 B, free: 1048.6 MiB)
[2024-12-08T15:13:36.095+0000] {spark_submit.py:579} INFO - 24/12/08 15:13:36 INFO TaskSetManager: Starting task 41.0 in stage 6.0 (TID 47) (172.21.0.9, executor 0, partition 41, PROCESS_LOCAL, 4446 bytes) taskResourceAssignments Map()
[2024-12-08T15:13:36.095+0000] {spark_submit.py:579} INFO - 24/12/08 15:13:36 INFO TaskSetManager: Finished task 40.0 in stage 6.0 (TID 46) in 89 ms on 172.21.0.9 (executor 0) (41/50)
[2024-12-08T15:13:36.097+0000] {spark_submit.py:579} INFO - 24/12/08 15:13:36 INFO TaskSetManager: Starting task 43.0 in stage 6.0 (TID 48) (172.21.0.9, executor 0, partition 43, PROCESS_LOCAL, 4446 bytes) taskResourceAssignments Map()
[2024-12-08T15:13:36.098+0000] {spark_submit.py:579} INFO - 24/12/08 15:13:36 INFO TaskSetManager: Finished task 39.0 in stage 6.0 (TID 45) in 103 ms on 172.21.0.9 (executor 0) (42/50)
[2024-12-08T15:13:36.166+0000] {spark_submit.py:579} INFO - 24/12/08 15:13:36 INFO BlockManagerInfo: Added rdd_25_41 in memory on 172.21.0.9:41461 (size: 46.0 B, free: 1048.6 MiB)
[2024-12-08T15:13:36.168+0000] {spark_submit.py:579} INFO - 24/12/08 15:13:36 INFO BlockManagerInfo: Added rdd_25_43 in memory on 172.21.0.9:41461 (size: 46.0 B, free: 1048.6 MiB)
[2024-12-08T15:13:36.209+0000] {spark_submit.py:579} INFO - 24/12/08 15:13:36 INFO TaskSetManager: Starting task 44.0 in stage 6.0 (TID 49) (172.21.0.9, executor 0, partition 44, PROCESS_LOCAL, 4446 bytes) taskResourceAssignments Map()
[2024-12-08T15:13:36.210+0000] {spark_submit.py:579} INFO - 24/12/08 15:13:36 INFO TaskSetManager: Finished task 41.0 in stage 6.0 (TID 47) in 115 ms on 172.21.0.9 (executor 0) (43/50)
[2024-12-08T15:13:36.212+0000] {spark_submit.py:579} INFO - 24/12/08 15:13:36 INFO TaskSetManager: Starting task 45.0 in stage 6.0 (TID 50) (172.21.0.9, executor 0, partition 45, PROCESS_LOCAL, 4446 bytes) taskResourceAssignments Map()
[2024-12-08T15:13:36.214+0000] {spark_submit.py:579} INFO - 24/12/08 15:13:36 INFO TaskSetManager: Finished task 43.0 in stage 6.0 (TID 48) in 117 ms on 172.21.0.9 (executor 0) (44/50)
[2024-12-08T15:13:36.283+0000] {spark_submit.py:579} INFO - 24/12/08 15:13:36 INFO BlockManagerInfo: Added rdd_25_44 in memory on 172.21.0.9:41461 (size: 46.0 B, free: 1048.6 MiB)
[2024-12-08T15:13:36.287+0000] {spark_submit.py:579} INFO - 24/12/08 15:13:36 INFO BlockManagerInfo: Added rdd_25_45 in memory on 172.21.0.9:41461 (size: 46.0 B, free: 1048.6 MiB)
[2024-12-08T15:13:36.317+0000] {spark_submit.py:579} INFO - 24/12/08 15:13:36 INFO TaskSetManager: Starting task 46.0 in stage 6.0 (TID 51) (172.21.0.9, executor 0, partition 46, PROCESS_LOCAL, 4446 bytes) taskResourceAssignments Map()
[2024-12-08T15:13:36.318+0000] {spark_submit.py:579} INFO - 24/12/08 15:13:36 INFO TaskSetManager: Finished task 45.0 in stage 6.0 (TID 50) in 106 ms on 172.21.0.9 (executor 0) (45/50)
[2024-12-08T15:13:36.319+0000] {spark_submit.py:579} INFO - 24/12/08 15:13:36 INFO TaskSetManager: Starting task 47.0 in stage 6.0 (TID 52) (172.21.0.9, executor 0, partition 47, PROCESS_LOCAL, 4446 bytes) taskResourceAssignments Map()
[2024-12-08T15:13:36.320+0000] {spark_submit.py:579} INFO - 24/12/08 15:13:36 INFO TaskSetManager: Finished task 44.0 in stage 6.0 (TID 49) in 112 ms on 172.21.0.9 (executor 0) (46/50)
[2024-12-08T15:13:36.387+0000] {spark_submit.py:579} INFO - 24/12/08 15:13:36 INFO BlockManagerInfo: Added rdd_25_47 in memory on 172.21.0.9:41461 (size: 46.0 B, free: 1048.6 MiB)
[2024-12-08T15:13:36.389+0000] {spark_submit.py:579} INFO - 24/12/08 15:13:36 INFO BlockManagerInfo: Added rdd_25_46 in memory on 172.21.0.9:41461 (size: 46.0 B, free: 1048.6 MiB)
[2024-12-08T15:13:36.420+0000] {spark_submit.py:579} INFO - 24/12/08 15:13:36 INFO TaskSetManager: Starting task 48.0 in stage 6.0 (TID 53) (172.21.0.9, executor 0, partition 48, PROCESS_LOCAL, 4446 bytes) taskResourceAssignments Map()
[2024-12-08T15:13:36.422+0000] {spark_submit.py:579} INFO - 24/12/08 15:13:36 INFO TaskSetManager: Finished task 46.0 in stage 6.0 (TID 51) in 105 ms on 172.21.0.9 (executor 0) (47/50)
[2024-12-08T15:13:36.424+0000] {spark_submit.py:579} INFO - 24/12/08 15:13:36 INFO TaskSetManager: Starting task 49.0 in stage 6.0 (TID 54) (172.21.0.9, executor 0, partition 49, PROCESS_LOCAL, 4446 bytes) taskResourceAssignments Map()
[2024-12-08T15:13:36.425+0000] {spark_submit.py:579} INFO - 24/12/08 15:13:36 INFO TaskSetManager: Finished task 47.0 in stage 6.0 (TID 52) in 105 ms on 172.21.0.9 (executor 0) (48/50)
[2024-12-08T15:13:36.482+0000] {spark_submit.py:579} INFO - 24/12/08 15:13:36 INFO BlockManagerInfo: Added rdd_25_49 in memory on 172.21.0.9:41461 (size: 46.0 B, free: 1048.6 MiB)
[2024-12-08T15:13:36.496+0000] {spark_submit.py:579} INFO - 24/12/08 15:13:36 INFO BlockManagerInfo: Added rdd_25_48 in memory on 172.21.0.9:41461 (size: 46.0 B, free: 1048.6 MiB)
[2024-12-08T15:13:36.522+0000] {spark_submit.py:579} INFO - 24/12/08 15:13:36 INFO TaskSetManager: Finished task 49.0 in stage 6.0 (TID 54) in 99 ms on 172.21.0.9 (executor 0) (49/50)
[2024-12-08T15:13:36.537+0000] {spark_submit.py:579} INFO - 24/12/08 15:13:36 INFO TaskSetManager: Finished task 48.0 in stage 6.0 (TID 53) in 118 ms on 172.21.0.9 (executor 0) (50/50)
[2024-12-08T15:13:36.538+0000] {spark_submit.py:579} INFO - 24/12/08 15:13:36 INFO TaskSchedulerImpl: Removed TaskSet 6.0, whose tasks have all completed, from pool
[2024-12-08T15:13:36.539+0000] {spark_submit.py:579} INFO - 24/12/08 15:13:36 INFO DAGScheduler: ShuffleMapStage 6 (toString at String.java:2951) finished in 3.826 s
[2024-12-08T15:13:36.540+0000] {spark_submit.py:579} INFO - 24/12/08 15:13:36 INFO DAGScheduler: looking for newly runnable stages
[2024-12-08T15:13:36.541+0000] {spark_submit.py:579} INFO - 24/12/08 15:13:36 INFO DAGScheduler: running: Set()
[2024-12-08T15:13:36.541+0000] {spark_submit.py:579} INFO - 24/12/08 15:13:36 INFO DAGScheduler: waiting: Set()
[2024-12-08T15:13:36.542+0000] {spark_submit.py:579} INFO - 24/12/08 15:13:36 INFO DAGScheduler: failed: Set()
[2024-12-08T15:13:36.601+0000] {spark_submit.py:579} INFO - 24/12/08 15:13:36 INFO BlockManagerInfo: Removed broadcast_7_piece0 on 7ea45ba85247:39819 in memory (size: 102.6 KiB, free: 434.3 MiB)
[2024-12-08T15:13:36.603+0000] {spark_submit.py:579} INFO - 24/12/08 15:13:36 INFO BlockManagerInfo: Removed broadcast_7_piece0 on 172.21.0.9:41461 in memory (size: 102.6 KiB, free: 1048.7 MiB)
[2024-12-08T15:13:36.610+0000] {spark_submit.py:579} INFO - 24/12/08 15:13:36 INFO SparkContext: Starting job: toString at String.java:2951
[2024-12-08T15:13:36.612+0000] {spark_submit.py:579} INFO - 24/12/08 15:13:36 INFO DAGScheduler: Got job 6 (toString at String.java:2951) with 1 output partitions
[2024-12-08T15:13:36.613+0000] {spark_submit.py:579} INFO - 24/12/08 15:13:36 INFO DAGScheduler: Final stage: ResultStage 9 (toString at String.java:2951)
[2024-12-08T15:13:36.615+0000] {spark_submit.py:579} INFO - 24/12/08 15:13:36 INFO DAGScheduler: Parents of final stage: List(ShuffleMapStage 8)
[2024-12-08T15:13:36.616+0000] {spark_submit.py:579} INFO - 24/12/08 15:13:36 INFO DAGScheduler: Missing parents: List()
[2024-12-08T15:13:36.617+0000] {spark_submit.py:579} INFO - 24/12/08 15:13:36 INFO DAGScheduler: Submitting ResultStage 9 (MapPartitionsRDD[31] at toString at String.java:2951), which has no missing parents
[2024-12-08T15:13:36.624+0000] {spark_submit.py:579} INFO - 24/12/08 15:13:36 INFO MemoryStore: Block broadcast_8 stored as values in memory (estimated size 372.3 KiB, free 433.3 MiB)
[2024-12-08T15:13:36.629+0000] {spark_submit.py:579} INFO - 24/12/08 15:13:36 INFO MemoryStore: Block broadcast_8_piece0 stored as bytes in memory (estimated size 91.6 KiB, free 433.2 MiB)
[2024-12-08T15:13:36.632+0000] {spark_submit.py:579} INFO - 24/12/08 15:13:36 INFO BlockManagerInfo: Added broadcast_8_piece0 in memory on 7ea45ba85247:39819 (size: 91.6 KiB, free: 434.2 MiB)
[2024-12-08T15:13:36.633+0000] {spark_submit.py:579} INFO - 24/12/08 15:13:36 INFO SparkContext: Created broadcast 8 from broadcast at DAGScheduler.scala:1513
[2024-12-08T15:13:36.647+0000] {spark_submit.py:579} INFO - 24/12/08 15:13:36 INFO DAGScheduler: Submitting 1 missing tasks from ResultStage 9 (MapPartitionsRDD[31] at toString at String.java:2951) (first 15 tasks are for partitions Vector(0))
[2024-12-08T15:13:36.648+0000] {spark_submit.py:579} INFO - 24/12/08 15:13:36 INFO TaskSchedulerImpl: Adding task set 9.0 with 1 tasks resource profile 0
[2024-12-08T15:13:36.650+0000] {spark_submit.py:579} INFO - 24/12/08 15:13:36 INFO TaskSetManager: Starting task 0.0 in stage 9.0 (TID 55) (172.21.0.9, executor 0, partition 0, NODE_LOCAL, 4457 bytes) taskResourceAssignments Map()
[2024-12-08T15:13:36.667+0000] {spark_submit.py:579} INFO - 24/12/08 15:13:36 INFO BlockManagerInfo: Added broadcast_8_piece0 in memory on 172.21.0.9:41461 (size: 91.6 KiB, free: 1048.6 MiB)
[2024-12-08T15:13:36.688+0000] {spark_submit.py:579} INFO - 24/12/08 15:13:36 INFO MapOutputTrackerMasterEndpoint: Asked to send map output locations for shuffle 2 to 172.21.0.9:52140
[2024-12-08T15:13:36.820+0000] {spark_submit.py:579} INFO - 24/12/08 15:13:36 INFO TaskSetManager: Finished task 0.0 in stage 9.0 (TID 55) in 170 ms on 172.21.0.9 (executor 0) (1/1)
[2024-12-08T15:13:36.820+0000] {spark_submit.py:579} INFO - 24/12/08 15:13:36 INFO TaskSchedulerImpl: Removed TaskSet 9.0, whose tasks have all completed, from pool
[2024-12-08T15:13:36.821+0000] {spark_submit.py:579} INFO - 24/12/08 15:13:36 INFO DAGScheduler: ResultStage 9 (toString at String.java:2951) finished in 0.203 s
[2024-12-08T15:13:36.822+0000] {spark_submit.py:579} INFO - 24/12/08 15:13:36 INFO DAGScheduler: Job 6 is finished. Cancelling potential speculative or zombie tasks for this job
[2024-12-08T15:13:36.822+0000] {spark_submit.py:579} INFO - 24/12/08 15:13:36 INFO TaskSchedulerImpl: Killing all running tasks in stage 9: Stage finished
[2024-12-08T15:13:36.823+0000] {spark_submit.py:579} INFO - 24/12/08 15:13:36 INFO DAGScheduler: Job 6 finished: toString at String.java:2951, took 0.211421 s
[2024-12-08T15:13:36.939+0000] {spark_submit.py:579} INFO - 24/12/08 15:13:36 INFO CodeGenerator: Code generated in 37.061847 ms
[2024-12-08T15:13:36.955+0000] {spark_submit.py:579} INFO - 24/12/08 15:13:36 INFO Snapshot: [tableId=0116c904-6a74-4ac7-99e1-0154a990e7f8] DELTA: Done
[2024-12-08T15:13:36.956+0000] {spark_submit.py:579} INFO - 24/12/08 15:13:36 INFO Snapshot: [tableId=0116c904-6a74-4ac7-99e1-0154a990e7f8] Created snapshot Snapshot(path=s3a://lakehouse/sliver/keywords/_delta_log, version=0, metadata=Metadata(86ec88e4-dad3-4848-9b65-e5ed38356a4f,null,null,Format(parquet,Map()),{"type":"struct","fields":[{"name":"id","type":"long","nullable":true,"metadata":{}},{"name":"keywords","type":"string","nullable":true,"metadata":{}},{"name":"keyword_convert","type":"string","nullable":true,"metadata":{}}]},List(),Map(),Some(1733670798567)), logSegment=LogSegment(s3a://lakehouse/sliver/keywords/_delta_log,0,WrappedArray(S3AFileStatus{path=s3a://lakehouse/sliver/keywords/_delta_log/00000000000000000000.json; isDirectory=false; length=1803; replication=1; blocksize=33554432; modification_time=1733670810284; access_time=0; owner=***; group=***; permission=rw-rw-rw-; isSymlink=false; hasAcl=false; isEncrypted=true; isErasureCoded=false} isEmptyDirectory=FALSE eTag=08c659e8ae6097f70d57b38d01f147ed versionId=null),List(),None,1733670810284), checksumOpt=None)
[2024-12-08T15:13:36.958+0000] {spark_submit.py:579} INFO - 24/12/08 15:13:36 INFO DeltaLog: Updated snapshot to Snapshot(path=s3a://lakehouse/sliver/keywords/_delta_log, version=0, metadata=Metadata(86ec88e4-dad3-4848-9b65-e5ed38356a4f,null,null,Format(parquet,Map()),{"type":"struct","fields":[{"name":"id","type":"long","nullable":true,"metadata":{}},{"name":"keywords","type":"string","nullable":true,"metadata":{}},{"name":"keyword_convert","type":"string","nullable":true,"metadata":{}}]},List(),Map(),Some(1733670798567)), logSegment=LogSegment(s3a://lakehouse/sliver/keywords/_delta_log,0,WrappedArray(S3AFileStatus{path=s3a://lakehouse/sliver/keywords/_delta_log/00000000000000000000.json; isDirectory=false; length=1803; replication=1; blocksize=33554432; modification_time=1733670810284; access_time=0; owner=***; group=***; permission=rw-rw-rw-; isSymlink=false; hasAcl=false; isEncrypted=true; isErasureCoded=false} isEmptyDirectory=FALSE eTag=08c659e8ae6097f70d57b38d01f147ed versionId=null),List(),None,1733670810284), checksumOpt=None)
[2024-12-08T15:13:37.007+0000] {spark_submit.py:579} INFO - 24/12/08 15:13:37 INFO OptimisticTransaction: [tableId=0116c904,txnId=b94bae92] Committed delta #0 to s3a://lakehouse/sliver/keywords/_delta_log
[2024-12-08T15:13:37.020+0000] {spark_submit.py:579} INFO - 2024-12-08 15:13:37,019 INFO: Data cleaning and saving process completed successfully.
[2024-12-08T15:13:37.057+0000] {spark_submit.py:579} INFO - 24/12/08 15:13:37 INFO SparkUI: Stopped Spark web UI at http://7ea45ba85247:4040
[2024-12-08T15:13:37.064+0000] {spark_submit.py:579} INFO - 24/12/08 15:13:37 INFO StandaloneSchedulerBackend: Shutting down all executors
[2024-12-08T15:13:37.065+0000] {spark_submit.py:579} INFO - 24/12/08 15:13:37 INFO CoarseGrainedSchedulerBackend$DriverEndpoint: Asking each executor to shut down
[2024-12-08T15:13:37.120+0000] {spark_submit.py:579} INFO - 24/12/08 15:13:37 INFO MapOutputTrackerMasterEndpoint: MapOutputTrackerMasterEndpoint stopped!
[2024-12-08T15:13:37.160+0000] {spark_submit.py:579} INFO - 24/12/08 15:13:37 INFO MemoryStore: MemoryStore cleared
[2024-12-08T15:13:37.161+0000] {spark_submit.py:579} INFO - 24/12/08 15:13:37 INFO BlockManager: BlockManager stopped
[2024-12-08T15:13:37.167+0000] {spark_submit.py:579} INFO - 24/12/08 15:13:37 INFO BlockManagerMaster: BlockManagerMaster stopped
[2024-12-08T15:13:37.175+0000] {spark_submit.py:579} INFO - 24/12/08 15:13:37 INFO OutputCommitCoordinator$OutputCommitCoordinatorEndpoint: OutputCommitCoordinator stopped!
[2024-12-08T15:13:37.201+0000] {spark_submit.py:579} INFO - 24/12/08 15:13:37 INFO SparkContext: Successfully stopped SparkContext
[2024-12-08T15:13:38.188+0000] {spark_submit.py:579} INFO - 2024-12-08 15:13:38,187 INFO: Closing down clientserver connection
[2024-12-08T15:13:38.261+0000] {spark_submit.py:579} INFO - 24/12/08 15:13:38 INFO ShutdownHookManager: Shutdown hook called
[2024-12-08T15:13:38.262+0000] {spark_submit.py:579} INFO - 24/12/08 15:13:38 INFO ShutdownHookManager: Deleting directory /tmp/spark-0a262742-973a-4c1c-a094-5728f73eaffb
[2024-12-08T15:13:38.267+0000] {spark_submit.py:579} INFO - 24/12/08 15:13:38 INFO ShutdownHookManager: Deleting directory /tmp/spark-0a262742-973a-4c1c-a094-5728f73eaffb/pyspark-1c9e45bb-7f9a-4467-a57b-910b6ee818be
[2024-12-08T15:13:38.271+0000] {spark_submit.py:579} INFO - 24/12/08 15:13:38 INFO ShutdownHookManager: Deleting directory /tmp/spark-9c46a933-0ae8-47f2-88a1-03a8400af386
[2024-12-08T15:13:38.279+0000] {spark_submit.py:579} INFO - 24/12/08 15:13:38 INFO MetricsSystemImpl: Stopping s3a-file-system metrics system...
[2024-12-08T15:13:38.280+0000] {spark_submit.py:579} INFO - 24/12/08 15:13:38 INFO MetricsSystemImpl: s3a-file-system metrics system stopped.
[2024-12-08T15:13:38.281+0000] {spark_submit.py:579} INFO - 24/12/08 15:13:38 INFO MetricsSystemImpl: s3a-file-system metrics system shutdown complete.
[2024-12-08T15:13:38.384+0000] {taskinstance.py:1400} INFO - Marking task as SUCCESS. dag_id=Sliver_Layer, task_id=clean_keyword, execution_date=20241208T151236, start_date=20241208T151237, end_date=20241208T151338
[2024-12-08T15:13:38.439+0000] {local_task_job_runner.py:228} INFO - Task exited with return code 0
[2024-12-08T15:13:38.474+0000] {taskinstance.py:2778} INFO - 1 downstream tasks scheduled from follow-on schedule check
