[2024-10-09T12:57:45.287+0000] {taskinstance.py:1157} INFO - Dependencies all met for dep_context=non-requeueable deps ti=<TaskInstance: spark_processing_dag.silver_cleaned_keywords scheduled__2024-10-08T00:00:00+00:00 [queued]>
[2024-10-09T12:57:45.295+0000] {taskinstance.py:1157} INFO - Dependencies all met for dep_context=requeueable deps ti=<TaskInstance: spark_processing_dag.silver_cleaned_keywords scheduled__2024-10-08T00:00:00+00:00 [queued]>
[2024-10-09T12:57:45.296+0000] {taskinstance.py:1359} INFO - Starting attempt 4 of 4
[2024-10-09T12:57:45.308+0000] {taskinstance.py:1380} INFO - Executing <Task(SparkSubmitOperator): silver_cleaned_keywords> on 2024-10-08 00:00:00+00:00
[2024-10-09T12:57:45.312+0000] {standard_task_runner.py:57} INFO - Started process 3578 to run task
[2024-10-09T12:57:45.315+0000] {standard_task_runner.py:84} INFO - Running: ['***', 'tasks', 'run', 'spark_processing_dag', 'silver_cleaned_keywords', 'scheduled__2024-10-08T00:00:00+00:00', '--job-id', '35', '--raw', '--subdir', 'DAGS_FOLDER/sliver_layer.py', '--cfg-path', '/tmp/tmpld0jd4ov']
[2024-10-09T12:57:45.318+0000] {standard_task_runner.py:85} INFO - Job 35: Subtask silver_cleaned_keywords
[2024-10-09T12:57:45.362+0000] {task_command.py:415} INFO - Running <TaskInstance: spark_processing_dag.silver_cleaned_keywords scheduled__2024-10-08T00:00:00+00:00 [running]> on host 96e0caa4001c
[2024-10-09T12:57:45.425+0000] {taskinstance.py:1660} INFO - Exporting env vars: AIRFLOW_CTX_DAG_OWNER='***' AIRFLOW_CTX_DAG_ID='spark_processing_dag' AIRFLOW_CTX_TASK_ID='silver_cleaned_keywords' AIRFLOW_CTX_EXECUTION_DATE='2024-10-08T00:00:00+00:00' AIRFLOW_CTX_TRY_NUMBER='4' AIRFLOW_CTX_DAG_RUN_ID='scheduled__2024-10-08T00:00:00+00:00'
[2024-10-09T12:57:45.434+0000] {base.py:73} INFO - Using connection ID 'spark-conn' for task execution.
[2024-10-09T12:57:45.436+0000] {spark_submit.py:403} INFO - Spark-Submit cmd: spark-submit --master spark://spark-master:7077 --conf spark.sql.extensions=io.delta.sql.DeltaSparkSessionExtension --conf spark.sql.catalog.spark_catalog=org.apache.spark.sql.delta.catalog.DeltaCatalog --jars /opt/***/jars/hadoop-aws-3.3.4.jar,/opt/***/jars/s3-2.18.41.jar,/opt/***/jars/aws-java-sdk-1.12.367.jar,/opt/***/jars/delta-core_2.12-2.4.0.jar,/opt/***/jars/delta-storage-2.2.0.jar, --packages org.apache.hadoop:hadoop-aws:3.3.4 --num-executors 2 --total-executor-cores 2 --executor-cores 2 --executor-memory 2g --driver-memory 1g --name arrow-spark --deploy-mode client /opt/***/jobs/python/test_Key.py s3a://lakehouse/bronze/keywords.parquet s3a://lakehouse/silver
[2024-10-09T12:57:45.535+0000] {spark_submit.py:579} INFO - /home/***/.local/lib/python3.11/site-packages/pyspark/bin/load-spark-env.sh: line 68: ps: command not found
[2024-10-09T12:57:47.177+0000] {spark_submit.py:579} INFO - :: loading settings :: url = jar:file:/home/***/.local/lib/python3.11/site-packages/pyspark/jars/ivy-2.5.1.jar!/org/apache/ivy/core/settings/ivysettings.xml
[2024-10-09T12:57:47.258+0000] {spark_submit.py:579} INFO - Ivy Default Cache set to: /home/***/.ivy2/cache
[2024-10-09T12:57:47.259+0000] {spark_submit.py:579} INFO - The jars for the packages stored in: /home/***/.ivy2/jars
[2024-10-09T12:57:47.264+0000] {spark_submit.py:579} INFO - org.apache.hadoop#hadoop-aws added as a dependency
[2024-10-09T12:57:47.265+0000] {spark_submit.py:579} INFO - :: resolving dependencies :: org.apache.spark#spark-submit-parent-50035733-e6a5-4468-888e-40e220f62a21;1.0
[2024-10-09T12:57:47.265+0000] {spark_submit.py:579} INFO - confs: [default]
[2024-10-09T12:57:47.409+0000] {spark_submit.py:579} INFO - found org.apache.hadoop#hadoop-aws;3.3.4 in spark-list
[2024-10-09T12:57:47.438+0000] {spark_submit.py:579} INFO - found com.amazonaws#aws-java-sdk-bundle;1.12.262 in central
[2024-10-09T12:57:47.468+0000] {spark_submit.py:579} INFO - found org.wildfly.openssl#wildfly-openssl;1.0.7.Final in central
[2024-10-09T12:57:47.492+0000] {spark_submit.py:579} INFO - :: resolution report :: resolve 217ms :: artifacts dl 10ms
[2024-10-09T12:57:47.493+0000] {spark_submit.py:579} INFO - :: modules in use:
[2024-10-09T12:57:47.493+0000] {spark_submit.py:579} INFO - com.amazonaws#aws-java-sdk-bundle;1.12.262 from central in [default]
[2024-10-09T12:57:47.494+0000] {spark_submit.py:579} INFO - org.apache.hadoop#hadoop-aws;3.3.4 from spark-list in [default]
[2024-10-09T12:57:47.494+0000] {spark_submit.py:579} INFO - org.wildfly.openssl#wildfly-openssl;1.0.7.Final from central in [default]
[2024-10-09T12:57:47.495+0000] {spark_submit.py:579} INFO - ---------------------------------------------------------------------
[2024-10-09T12:57:47.495+0000] {spark_submit.py:579} INFO - |                  |            modules            ||   artifacts   |
[2024-10-09T12:57:47.495+0000] {spark_submit.py:579} INFO - |       conf       | number| search|dwnlded|evicted|| number|dwnlded|
[2024-10-09T12:57:47.496+0000] {spark_submit.py:579} INFO - ---------------------------------------------------------------------
[2024-10-09T12:57:47.496+0000] {spark_submit.py:579} INFO - |      default     |   3   |   0   |   0   |   0   ||   3   |   0   |
[2024-10-09T12:57:47.496+0000] {spark_submit.py:579} INFO - ---------------------------------------------------------------------
[2024-10-09T12:57:47.501+0000] {spark_submit.py:579} INFO - :: retrieving :: org.apache.spark#spark-submit-parent-50035733-e6a5-4468-888e-40e220f62a21
[2024-10-09T12:57:47.502+0000] {spark_submit.py:579} INFO - confs: [default]
[2024-10-09T12:57:47.508+0000] {spark_submit.py:579} INFO - 0 artifacts copied, 3 already retrieved (0kB/7ms)
[2024-10-09T12:57:47.717+0000] {spark_submit.py:579} INFO - 24/10/09 12:57:47 WARN NativeCodeLoader: Unable to load native-hadoop library for your platform... using builtin-java classes where applicable
[2024-10-09T12:57:48.928+0000] {spark_submit.py:579} INFO - 2024-10-09 12:57:48,927 INFO: Initializing Spark session...
[2024-10-09T12:57:49.079+0000] {spark_submit.py:579} INFO - 24/10/09 12:57:49 INFO SparkContext: Running Spark version 3.5.1
[2024-10-09T12:57:49.080+0000] {spark_submit.py:579} INFO - 24/10/09 12:57:49 INFO SparkContext: OS info Linux, 5.15.153.1-microsoft-standard-WSL2, amd64
[2024-10-09T12:57:49.080+0000] {spark_submit.py:579} INFO - 24/10/09 12:57:49 INFO SparkContext: Java version 11.0.24
[2024-10-09T12:57:49.107+0000] {spark_submit.py:579} INFO - 24/10/09 12:57:49 INFO ResourceUtils: ==============================================================
[2024-10-09T12:57:49.108+0000] {spark_submit.py:579} INFO - 24/10/09 12:57:49 INFO ResourceUtils: No custom resources configured for spark.driver.
[2024-10-09T12:57:49.108+0000] {spark_submit.py:579} INFO - 24/10/09 12:57:49 INFO ResourceUtils: ==============================================================
[2024-10-09T12:57:49.110+0000] {spark_submit.py:579} INFO - 24/10/09 12:57:49 INFO SparkContext: Submitted application: CleanKeywords
[2024-10-09T12:57:49.136+0000] {spark_submit.py:579} INFO - 24/10/09 12:57:49 INFO ResourceProfile: Default ResourceProfile created, executor resources: Map(cores -> name: cores, amount: 2, script: , vendor: , memory -> name: memory, amount: 2048, script: , vendor: , offHeap -> name: offHeap, amount: 0, script: , vendor: ), task resources: Map(cpus -> name: cpus, amount: 1.0)
[2024-10-09T12:57:49.152+0000] {spark_submit.py:579} INFO - 24/10/09 12:57:49 INFO ResourceProfile: Limiting resource is cpus at 2 tasks per executor
[2024-10-09T12:57:49.154+0000] {spark_submit.py:579} INFO - 24/10/09 12:57:49 INFO ResourceProfileManager: Added ResourceProfile id: 0
[2024-10-09T12:57:49.205+0000] {spark_submit.py:579} INFO - 24/10/09 12:57:49 INFO SecurityManager: Changing view acls to: ***
[2024-10-09T12:57:49.206+0000] {spark_submit.py:579} INFO - 24/10/09 12:57:49 INFO SecurityManager: Changing modify acls to: ***
[2024-10-09T12:57:49.207+0000] {spark_submit.py:579} INFO - 24/10/09 12:57:49 INFO SecurityManager: Changing view acls groups to:
[2024-10-09T12:57:49.208+0000] {spark_submit.py:579} INFO - 24/10/09 12:57:49 INFO SecurityManager: Changing modify acls groups to:
[2024-10-09T12:57:49.208+0000] {spark_submit.py:579} INFO - 24/10/09 12:57:49 INFO SecurityManager: SecurityManager: authentication disabled; ui acls disabled; users with view permissions: ***; groups with view permissions: EMPTY; users with modify permissions: ***; groups with modify permissions: EMPTY
[2024-10-09T12:57:49.461+0000] {spark_submit.py:579} INFO - 24/10/09 12:57:49 INFO Utils: Successfully started service 'sparkDriver' on port 39581.
[2024-10-09T12:57:49.495+0000] {spark_submit.py:579} INFO - 24/10/09 12:57:49 INFO SparkEnv: Registering MapOutputTracker
[2024-10-09T12:57:49.531+0000] {spark_submit.py:579} INFO - 24/10/09 12:57:49 INFO SparkEnv: Registering BlockManagerMaster
[2024-10-09T12:57:49.548+0000] {spark_submit.py:579} INFO - 24/10/09 12:57:49 INFO BlockManagerMasterEndpoint: Using org.apache.spark.storage.DefaultTopologyMapper for getting topology information
[2024-10-09T12:57:49.549+0000] {spark_submit.py:579} INFO - 24/10/09 12:57:49 INFO BlockManagerMasterEndpoint: BlockManagerMasterEndpoint up
[2024-10-09T12:57:49.553+0000] {spark_submit.py:579} INFO - 24/10/09 12:57:49 INFO SparkEnv: Registering BlockManagerMasterHeartbeat
[2024-10-09T12:57:49.572+0000] {spark_submit.py:579} INFO - 24/10/09 12:57:49 INFO DiskBlockManager: Created local directory at /tmp/blockmgr-afa37c3a-2856-49d2-889b-383582778d68
[2024-10-09T12:57:49.587+0000] {spark_submit.py:579} INFO - 24/10/09 12:57:49 INFO MemoryStore: MemoryStore started with capacity 434.4 MiB
[2024-10-09T12:57:49.603+0000] {spark_submit.py:579} INFO - 24/10/09 12:57:49 INFO SparkEnv: Registering OutputCommitCoordinator
[2024-10-09T12:57:49.727+0000] {spark_submit.py:579} INFO - 24/10/09 12:57:49 INFO JettyUtils: Start Jetty 0.0.0.0:4040 for SparkUI
[2024-10-09T12:57:49.770+0000] {spark_submit.py:579} INFO - 24/10/09 12:57:49 INFO Utils: Successfully started service 'SparkUI' on port 4040.
[2024-10-09T12:57:49.806+0000] {spark_submit.py:579} INFO - 24/10/09 12:57:49 INFO SparkContext: Added JAR file:///opt/***/jars/hadoop-aws-3.3.4.jar at spark://96e0caa4001c:39581/jars/hadoop-aws-3.3.4.jar with timestamp 1728478669069
[2024-10-09T12:57:49.807+0000] {spark_submit.py:579} INFO - 24/10/09 12:57:49 INFO SparkContext: Added JAR file:///opt/***/jars/s3-2.18.41.jar at spark://96e0caa4001c:39581/jars/s3-2.18.41.jar with timestamp 1728478669069
[2024-10-09T12:57:49.809+0000] {spark_submit.py:579} INFO - 24/10/09 12:57:49 INFO SparkContext: Added JAR file:///opt/***/jars/aws-java-sdk-1.12.367.jar at spark://96e0caa4001c:39581/jars/aws-java-sdk-1.12.367.jar with timestamp 1728478669069
[2024-10-09T12:57:49.811+0000] {spark_submit.py:579} INFO - 24/10/09 12:57:49 INFO SparkContext: Added JAR file:///opt/***/jars/delta-core_2.12-2.4.0.jar at spark://96e0caa4001c:39581/jars/delta-core_2.12-2.4.0.jar with timestamp 1728478669069
[2024-10-09T12:57:49.812+0000] {spark_submit.py:579} INFO - 24/10/09 12:57:49 INFO SparkContext: Added JAR file:///opt/***/jars/delta-storage-2.2.0.jar at spark://96e0caa4001c:39581/jars/delta-storage-2.2.0.jar with timestamp 1728478669069
[2024-10-09T12:57:49.813+0000] {spark_submit.py:579} INFO - 24/10/09 12:57:49 INFO SparkContext: Added JAR file:///home/***/.ivy2/jars/org.apache.hadoop_hadoop-aws-3.3.4.jar at spark://96e0caa4001c:39581/jars/org.apache.hadoop_hadoop-aws-3.3.4.jar with timestamp 1728478669069
[2024-10-09T12:57:49.813+0000] {spark_submit.py:579} INFO - 24/10/09 12:57:49 INFO SparkContext: Added JAR file:///home/***/.ivy2/jars/com.amazonaws_aws-java-sdk-bundle-1.12.262.jar at spark://96e0caa4001c:39581/jars/com.amazonaws_aws-java-sdk-bundle-1.12.262.jar with timestamp 1728478669069
[2024-10-09T12:57:49.814+0000] {spark_submit.py:579} INFO - 24/10/09 12:57:49 INFO SparkContext: Added JAR file:///home/***/.ivy2/jars/org.wildfly.openssl_wildfly-openssl-1.0.7.Final.jar at spark://96e0caa4001c:39581/jars/org.wildfly.openssl_wildfly-openssl-1.0.7.Final.jar with timestamp 1728478669069
[2024-10-09T12:57:49.818+0000] {spark_submit.py:579} INFO - 24/10/09 12:57:49 INFO SparkContext: Added file file:///home/***/.ivy2/jars/org.apache.hadoop_hadoop-aws-3.3.4.jar at spark://96e0caa4001c:39581/files/org.apache.hadoop_hadoop-aws-3.3.4.jar with timestamp 1728478669069
[2024-10-09T12:57:49.820+0000] {spark_submit.py:579} INFO - 24/10/09 12:57:49 INFO Utils: Copying /home/***/.ivy2/jars/org.apache.hadoop_hadoop-aws-3.3.4.jar to /tmp/spark-80a0fae7-9295-46b5-b01c-50b5fdbba318/userFiles-8822fc1f-5822-4b6c-86ba-9a251df35fd9/org.apache.hadoop_hadoop-aws-3.3.4.jar
[2024-10-09T12:57:49.836+0000] {spark_submit.py:579} INFO - 24/10/09 12:57:49 INFO SparkContext: Added file file:///home/***/.ivy2/jars/com.amazonaws_aws-java-sdk-bundle-1.12.262.jar at spark://96e0caa4001c:39581/files/com.amazonaws_aws-java-sdk-bundle-1.12.262.jar with timestamp 1728478669069
[2024-10-09T12:57:49.837+0000] {spark_submit.py:579} INFO - 24/10/09 12:57:49 INFO Utils: Copying /home/***/.ivy2/jars/com.amazonaws_aws-java-sdk-bundle-1.12.262.jar to /tmp/spark-80a0fae7-9295-46b5-b01c-50b5fdbba318/userFiles-8822fc1f-5822-4b6c-86ba-9a251df35fd9/com.amazonaws_aws-java-sdk-bundle-1.12.262.jar
[2024-10-09T12:57:50.057+0000] {spark_submit.py:579} INFO - 24/10/09 12:57:50 INFO SparkContext: Added file file:///home/***/.ivy2/jars/org.wildfly.openssl_wildfly-openssl-1.0.7.Final.jar at spark://96e0caa4001c:39581/files/org.wildfly.openssl_wildfly-openssl-1.0.7.Final.jar with timestamp 1728478669069
[2024-10-09T12:57:50.058+0000] {spark_submit.py:579} INFO - 24/10/09 12:57:50 INFO Utils: Copying /home/***/.ivy2/jars/org.wildfly.openssl_wildfly-openssl-1.0.7.Final.jar to /tmp/spark-80a0fae7-9295-46b5-b01c-50b5fdbba318/userFiles-8822fc1f-5822-4b6c-86ba-9a251df35fd9/org.wildfly.openssl_wildfly-openssl-1.0.7.Final.jar
[2024-10-09T12:57:50.134+0000] {spark_submit.py:579} INFO - 24/10/09 12:57:50 INFO StandaloneAppClient$ClientEndpoint: Connecting to master spark://spark-master:7077...
[2024-10-09T12:57:50.175+0000] {spark_submit.py:579} INFO - 24/10/09 12:57:50 INFO TransportClientFactory: Successfully created connection to spark-master/172.20.0.6:7077 after 26 ms (0 ms spent in bootstraps)
[2024-10-09T12:57:50.268+0000] {spark_submit.py:579} INFO - 24/10/09 12:57:50 INFO StandaloneSchedulerBackend: Connected to Spark cluster with app ID app-20241009125750-0009
[2024-10-09T12:57:50.270+0000] {spark_submit.py:579} INFO - 24/10/09 12:57:50 INFO StandaloneAppClient$ClientEndpoint: Executor added: app-20241009125750-0009/0 on worker-20241009120233-172.20.0.3-38727 (172.20.0.3:38727) with 2 core(s)
[2024-10-09T12:57:50.273+0000] {spark_submit.py:579} INFO - 24/10/09 12:57:50 INFO StandaloneSchedulerBackend: Granted executor ID app-20241009125750-0009/0 on hostPort 172.20.0.3:38727 with 2 core(s), 2.0 GiB RAM
[2024-10-09T12:57:50.282+0000] {spark_submit.py:579} INFO - 24/10/09 12:57:50 INFO Utils: Successfully started service 'org.apache.spark.network.netty.NettyBlockTransferService' on port 45859.
[2024-10-09T12:57:50.283+0000] {spark_submit.py:579} INFO - 24/10/09 12:57:50 INFO NettyBlockTransferService: Server created on 96e0caa4001c:45859
[2024-10-09T12:57:50.284+0000] {spark_submit.py:579} INFO - 24/10/09 12:57:50 INFO BlockManager: Using org.apache.spark.storage.RandomBlockReplicationPolicy for block replication policy
[2024-10-09T12:57:50.290+0000] {spark_submit.py:579} INFO - 24/10/09 12:57:50 INFO BlockManagerMaster: Registering BlockManager BlockManagerId(driver, 96e0caa4001c, 45859, None)
[2024-10-09T12:57:50.294+0000] {spark_submit.py:579} INFO - 24/10/09 12:57:50 INFO BlockManagerMasterEndpoint: Registering block manager 96e0caa4001c:45859 with 434.4 MiB RAM, BlockManagerId(driver, 96e0caa4001c, 45859, None)
[2024-10-09T12:57:50.297+0000] {spark_submit.py:579} INFO - 24/10/09 12:57:50 INFO BlockManagerMaster: Registered BlockManager BlockManagerId(driver, 96e0caa4001c, 45859, None)
[2024-10-09T12:57:50.299+0000] {spark_submit.py:579} INFO - 24/10/09 12:57:50 INFO BlockManager: Initialized BlockManager: BlockManagerId(driver, 96e0caa4001c, 45859, None)
[2024-10-09T12:57:50.327+0000] {spark_submit.py:579} INFO - 24/10/09 12:57:50 INFO StandaloneAppClient$ClientEndpoint: Executor updated: app-20241009125750-0009/0 is now RUNNING
[2024-10-09T12:57:50.632+0000] {spark_submit.py:579} INFO - 24/10/09 12:57:50 INFO StandaloneSchedulerBackend: SchedulerBackend is ready for scheduling beginning after reached minRegisteredResourcesRatio: 0.0
[2024-10-09T12:57:50.996+0000] {spark_submit.py:579} INFO - 2024-10-09 12:57:50,995 INFO: Spark session initialized successfully.
[2024-10-09T12:57:50.996+0000] {spark_submit.py:579} INFO - 2024-10-09 12:57:50,996 INFO: Reading data from s3a://lakehouse/bronze/keywords.parquet
[2024-10-09T12:57:51.006+0000] {spark_submit.py:579} INFO - 24/10/09 12:57:51 INFO SharedState: Setting hive.metastore.warehouse.dir ('null') to the value of spark.sql.warehouse.dir.
[2024-10-09T12:57:51.253+0000] {spark_submit.py:579} INFO - 24/10/09 12:57:51 WARN MetricsConfig: Cannot locate configuration: tried hadoop-metrics2-s3a-file-system.properties,hadoop-metrics2.properties
[2024-10-09T12:57:51.269+0000] {spark_submit.py:579} INFO - 24/10/09 12:57:51 INFO MetricsSystemImpl: Scheduled Metric snapshot period at 10 second(s).
[2024-10-09T12:57:51.270+0000] {spark_submit.py:579} INFO - 24/10/09 12:57:51 INFO MetricsSystemImpl: s3a-file-system metrics system started
[2024-10-09T12:57:52.974+0000] {spark_submit.py:579} INFO - 24/10/09 12:57:52 INFO SharedState: Warehouse path is 's3a://lakehouse/'.
[2024-10-09T12:57:53.641+0000] {spark_submit.py:579} INFO - 24/10/09 12:57:53 INFO StandaloneSchedulerBackend$StandaloneDriverEndpoint: Registered executor NettyRpcEndpointRef(spark-client://Executor) (172.20.0.3:41202) with ID 0,  ResourceProfileId 0
[2024-10-09T12:57:53.731+0000] {spark_submit.py:579} INFO - 24/10/09 12:57:53 INFO BlockManagerMasterEndpoint: Registering block manager 172.20.0.3:44841 with 1048.8 MiB RAM, BlockManagerId(0, 172.20.0.3, 44841, None)
[2024-10-09T12:57:55.072+0000] {spark_submit.py:579} INFO - 24/10/09 12:57:55 INFO InMemoryFileIndex: It took 85 ms to list leaf files for 1 paths.
[2024-10-09T12:57:56.076+0000] {spark_submit.py:579} INFO - 2024-10-09 12:57:56,076 INFO: Cleaning data...
[2024-10-09T12:57:56.218+0000] {spark_submit.py:579} INFO - 2024-10-09 12:57:56,218 INFO: Saving cleaned data to s3a://lakehouse/silver
[2024-10-09T12:57:57.055+0000] {spark_submit.py:579} INFO - 24/10/09 12:57:57 INFO DeltaLog: Creating initial snapshot without metadata, because the directory is empty
[2024-10-09T12:57:58.040+0000] {spark_submit.py:579} INFO - 24/10/09 12:57:58 INFO InitialSnapshot: [tableId=2096b6d1-607b-49f1-b1ec-3bff1583c0f5] Created snapshot InitialSnapshot(path=s3a://lakehouse/silver/_delta_log, version=-1, metadata=Metadata(3777f7ee-e0db-403f-9b6f-f8cbfc521028,null,null,Format(parquet,Map()),null,List(),Map(),Some(1728478678030)), logSegment=LogSegment(s3a://lakehouse/silver/_delta_log,-1,List(),None,-1), checksumOpt=None)
[2024-10-09T12:57:58.188+0000] {spark_submit.py:579} INFO - 24/10/09 12:57:58 INFO DeltaLog: No delta log found for the Delta table at s3a://lakehouse/silver/_delta_log
[2024-10-09T12:57:58.189+0000] {spark_submit.py:579} INFO - 24/10/09 12:57:58 INFO InitialSnapshot: [tableId=3777f7ee-e0db-403f-9b6f-f8cbfc521028] Created snapshot InitialSnapshot(path=s3a://lakehouse/silver/_delta_log, version=-1, metadata=Metadata(4bb38831-5a1b-49d4-8c61-2b1a4d4ff41b,null,null,Format(parquet,Map()),null,List(),Map(),Some(1728478678188)), logSegment=LogSegment(s3a://lakehouse/silver/_delta_log,-1,List(),None,-1), checksumOpt=None)
[2024-10-09T12:57:58.412+0000] {spark_submit.py:579} INFO - 24/10/09 12:57:58 INFO OptimisticTransaction: [tableId=4bb38831,txnId=bf49d740] Updated metadata from - to Metadata(53f73ca7-c7c3-40a8-971c-631e9db1250d,null,null,Format(parquet,Map()),{"type":"struct","fields":[{"name":"id","type":"string","nullable":true,"metadata":{}},{"name":"keywords","type":"string","nullable":true,"metadata":{}}]},List(),Map(),Some(1728478678401))
[2024-10-09T12:57:58.466+0000] {spark_submit.py:579} INFO - 2024-10-09 12:57:58,466 ERROR: Error during cleaning process: An error occurred while calling o68.save.
[2024-10-09T12:57:58.466+0000] {spark_submit.py:579} INFO - : java.lang.NoSuchMethodError: 'scala.collection.Seq org.apache.spark.sql.types.StructType.toAttributes()'
[2024-10-09T12:57:58.467+0000] {spark_submit.py:579} INFO - at org.apache.spark.sql.delta.files.TransactionalWrite.getStatsSchema(TransactionalWrite.scala:262)
[2024-10-09T12:57:58.467+0000] {spark_submit.py:579} INFO - at org.apache.spark.sql.delta.files.TransactionalWrite.getStatsSchema$(TransactionalWrite.scala:252)
[2024-10-09T12:57:58.467+0000] {spark_submit.py:579} INFO - at org.apache.spark.sql.delta.OptimisticTransaction.getStatsSchema(OptimisticTransaction.scala:137)
[2024-10-09T12:57:58.468+0000] {spark_submit.py:579} INFO - at org.apache.spark.sql.delta.files.TransactionalWrite.getOptionalStatsTrackerAndStatsCollection(TransactionalWrite.scala:294)
[2024-10-09T12:57:58.468+0000] {spark_submit.py:579} INFO - at org.apache.spark.sql.delta.files.TransactionalWrite.getOptionalStatsTrackerAndStatsCollection$(TransactionalWrite.scala:286)
[2024-10-09T12:57:58.468+0000] {spark_submit.py:579} INFO - at org.apache.spark.sql.delta.OptimisticTransaction.getOptionalStatsTrackerAndStatsCollection(OptimisticTransaction.scala:137)
[2024-10-09T12:57:58.468+0000] {spark_submit.py:579} INFO - at org.apache.spark.sql.delta.files.TransactionalWrite.writeFiles(TransactionalWrite.scala:352)
[2024-10-09T12:57:58.469+0000] {spark_submit.py:579} INFO - at org.apache.spark.sql.delta.files.TransactionalWrite.writeFiles$(TransactionalWrite.scala:332)
[2024-10-09T12:57:58.469+0000] {spark_submit.py:579} INFO - at org.apache.spark.sql.delta.OptimisticTransaction.writeFiles(OptimisticTransaction.scala:137)
[2024-10-09T12:57:58.469+0000] {spark_submit.py:579} INFO - at org.apache.spark.sql.delta.files.TransactionalWrite.writeFiles(TransactionalWrite.scala:214)
[2024-10-09T12:57:58.469+0000] {spark_submit.py:579} INFO - at org.apache.spark.sql.delta.files.TransactionalWrite.writeFiles$(TransactionalWrite.scala:211)
[2024-10-09T12:57:58.469+0000] {spark_submit.py:579} INFO - at org.apache.spark.sql.delta.OptimisticTransaction.writeFiles(OptimisticTransaction.scala:137)
[2024-10-09T12:57:58.470+0000] {spark_submit.py:579} INFO - at org.apache.spark.sql.delta.commands.WriteIntoDelta.write(WriteIntoDelta.scala:335)
[2024-10-09T12:57:58.470+0000] {spark_submit.py:579} INFO - at org.apache.spark.sql.delta.commands.WriteIntoDelta.$anonfun$run$1(WriteIntoDelta.scala:98)
[2024-10-09T12:57:58.470+0000] {spark_submit.py:579} INFO - at org.apache.spark.sql.delta.commands.WriteIntoDelta.$anonfun$run$1$adapted(WriteIntoDelta.scala:93)
[2024-10-09T12:57:58.471+0000] {spark_submit.py:579} INFO - at org.apache.spark.sql.delta.DeltaLog.withNewTransaction(DeltaLog.scala:229)
[2024-10-09T12:57:58.471+0000] {spark_submit.py:579} INFO - at org.apache.spark.sql.delta.commands.WriteIntoDelta.run(WriteIntoDelta.scala:93)
[2024-10-09T12:57:58.471+0000] {spark_submit.py:579} INFO - at org.apache.spark.sql.delta.sources.DeltaDataSource.createRelation(DeltaDataSource.scala:180)
[2024-10-09T12:57:58.471+0000] {spark_submit.py:579} INFO - at org.apache.spark.sql.execution.datasources.SaveIntoDataSourceCommand.run(SaveIntoDataSourceCommand.scala:48)
[2024-10-09T12:57:58.471+0000] {spark_submit.py:579} INFO - at org.apache.spark.sql.execution.command.ExecutedCommandExec.sideEffectResult$lzycompute(commands.scala:75)
[2024-10-09T12:57:58.472+0000] {spark_submit.py:579} INFO - at org.apache.spark.sql.execution.command.ExecutedCommandExec.sideEffectResult(commands.scala:73)
[2024-10-09T12:57:58.472+0000] {spark_submit.py:579} INFO - at org.apache.spark.sql.execution.command.ExecutedCommandExec.executeCollect(commands.scala:84)
[2024-10-09T12:57:58.472+0000] {spark_submit.py:579} INFO - at org.apache.spark.sql.execution.QueryExecution$$anonfun$eagerlyExecuteCommands$1.$anonfun$applyOrElse$1(QueryExecution.scala:107)
[2024-10-09T12:57:58.472+0000] {spark_submit.py:579} INFO - at org.apache.spark.sql.execution.SQLExecution$.$anonfun$withNewExecutionId$6(SQLExecution.scala:125)
[2024-10-09T12:57:58.473+0000] {spark_submit.py:579} INFO - at org.apache.spark.sql.execution.SQLExecution$.withSQLConfPropagated(SQLExecution.scala:201)
[2024-10-09T12:57:58.473+0000] {spark_submit.py:579} INFO - at org.apache.spark.sql.execution.SQLExecution$.$anonfun$withNewExecutionId$1(SQLExecution.scala:108)
[2024-10-09T12:57:58.473+0000] {spark_submit.py:579} INFO - at org.apache.spark.sql.SparkSession.withActive(SparkSession.scala:900)
[2024-10-09T12:57:58.473+0000] {spark_submit.py:579} INFO - at org.apache.spark.sql.execution.SQLExecution$.withNewExecutionId(SQLExecution.scala:66)
[2024-10-09T12:57:58.473+0000] {spark_submit.py:579} INFO - at org.apache.spark.sql.execution.QueryExecution$$anonfun$eagerlyExecuteCommands$1.applyOrElse(QueryExecution.scala:107)
[2024-10-09T12:57:58.474+0000] {spark_submit.py:579} INFO - at org.apache.spark.sql.execution.QueryExecution$$anonfun$eagerlyExecuteCommands$1.applyOrElse(QueryExecution.scala:98)
[2024-10-09T12:57:58.474+0000] {spark_submit.py:579} INFO - at org.apache.spark.sql.catalyst.trees.TreeNode.$anonfun$transformDownWithPruning$1(TreeNode.scala:461)
[2024-10-09T12:57:58.474+0000] {spark_submit.py:579} INFO - at org.apache.spark.sql.catalyst.trees.CurrentOrigin$.withOrigin(origin.scala:76)
[2024-10-09T12:57:58.474+0000] {spark_submit.py:579} INFO - at org.apache.spark.sql.catalyst.trees.TreeNode.transformDownWithPruning(TreeNode.scala:461)
[2024-10-09T12:57:58.474+0000] {spark_submit.py:579} INFO - at org.apache.spark.sql.catalyst.plans.logical.LogicalPlan.org$apache$spark$sql$catalyst$plans$logical$AnalysisHelper$$super$transformDownWithPruning(LogicalPlan.scala:32)
[2024-10-09T12:57:58.475+0000] {spark_submit.py:579} INFO - at org.apache.spark.sql.catalyst.plans.logical.AnalysisHelper.transformDownWithPruning(AnalysisHelper.scala:267)
[2024-10-09T12:57:58.475+0000] {spark_submit.py:579} INFO - at org.apache.spark.sql.catalyst.plans.logical.AnalysisHelper.transformDownWithPruning$(AnalysisHelper.scala:263)
[2024-10-09T12:57:58.475+0000] {spark_submit.py:579} INFO - at org.apache.spark.sql.catalyst.plans.logical.LogicalPlan.transformDownWithPruning(LogicalPlan.scala:32)
[2024-10-09T12:57:58.475+0000] {spark_submit.py:579} INFO - at org.apache.spark.sql.catalyst.plans.logical.LogicalPlan.transformDownWithPruning(LogicalPlan.scala:32)
[2024-10-09T12:57:58.475+0000] {spark_submit.py:579} INFO - at org.apache.spark.sql.catalyst.trees.TreeNode.transformDown(TreeNode.scala:437)
[2024-10-09T12:57:58.475+0000] {spark_submit.py:579} INFO - at org.apache.spark.sql.execution.QueryExecution.eagerlyExecuteCommands(QueryExecution.scala:98)
[2024-10-09T12:57:58.476+0000] {spark_submit.py:579} INFO - at org.apache.spark.sql.execution.QueryExecution.commandExecuted$lzycompute(QueryExecution.scala:85)
[2024-10-09T12:57:58.476+0000] {spark_submit.py:579} INFO - at org.apache.spark.sql.execution.QueryExecution.commandExecuted(QueryExecution.scala:83)
[2024-10-09T12:57:58.476+0000] {spark_submit.py:579} INFO - at org.apache.spark.sql.execution.QueryExecution.assertCommandExecuted(QueryExecution.scala:142)
[2024-10-09T12:57:58.476+0000] {spark_submit.py:579} INFO - at org.apache.spark.sql.DataFrameWriter.runCommand(DataFrameWriter.scala:859)
[2024-10-09T12:57:58.477+0000] {spark_submit.py:579} INFO - at org.apache.spark.sql.DataFrameWriter.saveToV1Source(DataFrameWriter.scala:388)
[2024-10-09T12:57:58.477+0000] {spark_submit.py:579} INFO - at org.apache.spark.sql.DataFrameWriter.saveInternal(DataFrameWriter.scala:304)
[2024-10-09T12:57:58.477+0000] {spark_submit.py:579} INFO - at org.apache.spark.sql.DataFrameWriter.save(DataFrameWriter.scala:240)
[2024-10-09T12:57:58.477+0000] {spark_submit.py:579} INFO - at java.base/jdk.internal.reflect.NativeMethodAccessorImpl.invoke0(Native Method)
[2024-10-09T12:57:58.478+0000] {spark_submit.py:579} INFO - at java.base/jdk.internal.reflect.NativeMethodAccessorImpl.invoke(NativeMethodAccessorImpl.java:62)
[2024-10-09T12:57:58.478+0000] {spark_submit.py:579} INFO - at java.base/jdk.internal.reflect.DelegatingMethodAccessorImpl.invoke(DelegatingMethodAccessorImpl.java:43)
[2024-10-09T12:57:58.478+0000] {spark_submit.py:579} INFO - at java.base/java.lang.reflect.Method.invoke(Method.java:566)
[2024-10-09T12:57:58.478+0000] {spark_submit.py:579} INFO - at py4j.reflection.MethodInvoker.invoke(MethodInvoker.java:244)
[2024-10-09T12:57:58.478+0000] {spark_submit.py:579} INFO - at py4j.reflection.ReflectionEngine.invoke(ReflectionEngine.java:374)
[2024-10-09T12:57:58.478+0000] {spark_submit.py:579} INFO - at py4j.Gateway.invoke(Gateway.java:282)
[2024-10-09T12:57:58.479+0000] {spark_submit.py:579} INFO - at py4j.commands.AbstractCommand.invokeMethod(AbstractCommand.java:132)
[2024-10-09T12:57:58.479+0000] {spark_submit.py:579} INFO - at py4j.commands.CallCommand.execute(CallCommand.java:79)
[2024-10-09T12:57:58.479+0000] {spark_submit.py:579} INFO - at py4j.ClientServerConnection.waitForCommands(ClientServerConnection.java:182)
[2024-10-09T12:57:58.479+0000] {spark_submit.py:579} INFO - at py4j.ClientServerConnection.run(ClientServerConnection.java:106)
[2024-10-09T12:57:58.480+0000] {spark_submit.py:579} INFO - at java.base/java.lang.Thread.run(Thread.java:829)
[2024-10-09T12:57:58.480+0000] {spark_submit.py:579} INFO - 
[2024-10-09T12:57:58.480+0000] {spark_submit.py:579} INFO - 2024-10-09 12:57:58,470 ERROR: Traceback (most recent call last):
[2024-10-09T12:57:58.480+0000] {spark_submit.py:579} INFO - File "/opt/***/jobs/python/test_Key.py", line 126, in clean_keywords
[2024-10-09T12:57:58.481+0000] {spark_submit.py:579} INFO - df_cleaned.write.format("delta").mode("overwrite").option('overwriteSchema', 'true').save(output_path)
[2024-10-09T12:57:58.481+0000] {spark_submit.py:579} INFO - File "/home/***/.local/lib/python3.11/site-packages/pyspark/python/lib/pyspark.zip/pyspark/sql/readwriter.py", line 1463, in save
[2024-10-09T12:57:58.481+0000] {spark_submit.py:579} INFO - self._jwrite.save(path)
[2024-10-09T12:57:58.481+0000] {spark_submit.py:579} INFO - File "/home/***/.local/lib/python3.11/site-packages/pyspark/python/lib/py4j-0.10.9.7-src.zip/py4j/java_gateway.py", line 1322, in __call__
[2024-10-09T12:57:58.482+0000] {spark_submit.py:579} INFO - return_value = get_return_value(
[2024-10-09T12:57:58.482+0000] {spark_submit.py:579} INFO - ^^^^^^^^^^^^^^^^^
[2024-10-09T12:57:58.482+0000] {spark_submit.py:579} INFO - File "/home/***/.local/lib/python3.11/site-packages/pyspark/python/lib/pyspark.zip/pyspark/errors/exceptions/captured.py", line 179, in deco
[2024-10-09T12:57:58.482+0000] {spark_submit.py:579} INFO - return f(*a, **kw)
[2024-10-09T12:57:58.483+0000] {spark_submit.py:579} INFO - ^^^^^^^^^^^
[2024-10-09T12:57:58.483+0000] {spark_submit.py:579} INFO - File "/home/***/.local/lib/python3.11/site-packages/pyspark/python/lib/py4j-0.10.9.7-src.zip/py4j/protocol.py", line 326, in get_return_value
[2024-10-09T12:57:58.483+0000] {spark_submit.py:579} INFO - raise Py4JJavaError(
[2024-10-09T12:57:58.484+0000] {spark_submit.py:579} INFO - py4j.protocol.Py4JJavaError: An error occurred while calling o68.save.
[2024-10-09T12:57:58.484+0000] {spark_submit.py:579} INFO - : java.lang.NoSuchMethodError: 'scala.collection.Seq org.apache.spark.sql.types.StructType.toAttributes()'
[2024-10-09T12:57:58.484+0000] {spark_submit.py:579} INFO - at org.apache.spark.sql.delta.files.TransactionalWrite.getStatsSchema(TransactionalWrite.scala:262)
[2024-10-09T12:57:58.484+0000] {spark_submit.py:579} INFO - at org.apache.spark.sql.delta.files.TransactionalWrite.getStatsSchema$(TransactionalWrite.scala:252)
[2024-10-09T12:57:58.485+0000] {spark_submit.py:579} INFO - at org.apache.spark.sql.delta.OptimisticTransaction.getStatsSchema(OptimisticTransaction.scala:137)
[2024-10-09T12:57:58.485+0000] {spark_submit.py:579} INFO - at org.apache.spark.sql.delta.files.TransactionalWrite.getOptionalStatsTrackerAndStatsCollection(TransactionalWrite.scala:294)
[2024-10-09T12:57:58.485+0000] {spark_submit.py:579} INFO - at org.apache.spark.sql.delta.files.TransactionalWrite.getOptionalStatsTrackerAndStatsCollection$(TransactionalWrite.scala:286)
[2024-10-09T12:57:58.486+0000] {spark_submit.py:579} INFO - at org.apache.spark.sql.delta.OptimisticTransaction.getOptionalStatsTrackerAndStatsCollection(OptimisticTransaction.scala:137)
[2024-10-09T12:57:58.486+0000] {spark_submit.py:579} INFO - at org.apache.spark.sql.delta.files.TransactionalWrite.writeFiles(TransactionalWrite.scala:352)
[2024-10-09T12:57:58.486+0000] {spark_submit.py:579} INFO - at org.apache.spark.sql.delta.files.TransactionalWrite.writeFiles$(TransactionalWrite.scala:332)
[2024-10-09T12:57:58.487+0000] {spark_submit.py:579} INFO - at org.apache.spark.sql.delta.OptimisticTransaction.writeFiles(OptimisticTransaction.scala:137)
[2024-10-09T12:57:58.487+0000] {spark_submit.py:579} INFO - at org.apache.spark.sql.delta.files.TransactionalWrite.writeFiles(TransactionalWrite.scala:214)
[2024-10-09T12:57:58.487+0000] {spark_submit.py:579} INFO - at org.apache.spark.sql.delta.files.TransactionalWrite.writeFiles$(TransactionalWrite.scala:211)
[2024-10-09T12:57:58.487+0000] {spark_submit.py:579} INFO - at org.apache.spark.sql.delta.OptimisticTransaction.writeFiles(OptimisticTransaction.scala:137)
[2024-10-09T12:57:58.487+0000] {spark_submit.py:579} INFO - at org.apache.spark.sql.delta.commands.WriteIntoDelta.write(WriteIntoDelta.scala:335)
[2024-10-09T12:57:58.488+0000] {spark_submit.py:579} INFO - at org.apache.spark.sql.delta.commands.WriteIntoDelta.$anonfun$run$1(WriteIntoDelta.scala:98)
[2024-10-09T12:57:58.488+0000] {spark_submit.py:579} INFO - at org.apache.spark.sql.delta.commands.WriteIntoDelta.$anonfun$run$1$adapted(WriteIntoDelta.scala:93)
[2024-10-09T12:57:58.488+0000] {spark_submit.py:579} INFO - at org.apache.spark.sql.delta.DeltaLog.withNewTransaction(DeltaLog.scala:229)
[2024-10-09T12:57:58.488+0000] {spark_submit.py:579} INFO - at org.apache.spark.sql.delta.commands.WriteIntoDelta.run(WriteIntoDelta.scala:93)
[2024-10-09T12:57:58.488+0000] {spark_submit.py:579} INFO - at org.apache.spark.sql.delta.sources.DeltaDataSource.createRelation(DeltaDataSource.scala:180)
[2024-10-09T12:57:58.488+0000] {spark_submit.py:579} INFO - at org.apache.spark.sql.execution.datasources.SaveIntoDataSourceCommand.run(SaveIntoDataSourceCommand.scala:48)
[2024-10-09T12:57:58.489+0000] {spark_submit.py:579} INFO - at org.apache.spark.sql.execution.command.ExecutedCommandExec.sideEffectResult$lzycompute(commands.scala:75)
[2024-10-09T12:57:58.489+0000] {spark_submit.py:579} INFO - at org.apache.spark.sql.execution.command.ExecutedCommandExec.sideEffectResult(commands.scala:73)
[2024-10-09T12:57:58.489+0000] {spark_submit.py:579} INFO - at org.apache.spark.sql.execution.command.ExecutedCommandExec.executeCollect(commands.scala:84)
[2024-10-09T12:57:58.489+0000] {spark_submit.py:579} INFO - at org.apache.spark.sql.execution.QueryExecution$$anonfun$eagerlyExecuteCommands$1.$anonfun$applyOrElse$1(QueryExecution.scala:107)
[2024-10-09T12:57:58.489+0000] {spark_submit.py:579} INFO - at org.apache.spark.sql.execution.SQLExecution$.$anonfun$withNewExecutionId$6(SQLExecution.scala:125)
[2024-10-09T12:57:58.490+0000] {spark_submit.py:579} INFO - at org.apache.spark.sql.execution.SQLExecution$.withSQLConfPropagated(SQLExecution.scala:201)
[2024-10-09T12:57:58.490+0000] {spark_submit.py:579} INFO - at org.apache.spark.sql.execution.SQLExecution$.$anonfun$withNewExecutionId$1(SQLExecution.scala:108)
[2024-10-09T12:57:58.490+0000] {spark_submit.py:579} INFO - at org.apache.spark.sql.SparkSession.withActive(SparkSession.scala:900)
[2024-10-09T12:57:58.491+0000] {spark_submit.py:579} INFO - at org.apache.spark.sql.execution.SQLExecution$.withNewExecutionId(SQLExecution.scala:66)
[2024-10-09T12:57:58.491+0000] {spark_submit.py:579} INFO - at org.apache.spark.sql.execution.QueryExecution$$anonfun$eagerlyExecuteCommands$1.applyOrElse(QueryExecution.scala:107)
[2024-10-09T12:57:58.491+0000] {spark_submit.py:579} INFO - at org.apache.spark.sql.execution.QueryExecution$$anonfun$eagerlyExecuteCommands$1.applyOrElse(QueryExecution.scala:98)
[2024-10-09T12:57:58.492+0000] {spark_submit.py:579} INFO - at org.apache.spark.sql.catalyst.trees.TreeNode.$anonfun$transformDownWithPruning$1(TreeNode.scala:461)
[2024-10-09T12:57:58.492+0000] {spark_submit.py:579} INFO - at org.apache.spark.sql.catalyst.trees.CurrentOrigin$.withOrigin(origin.scala:76)
[2024-10-09T12:57:58.492+0000] {spark_submit.py:579} INFO - at org.apache.spark.sql.catalyst.trees.TreeNode.transformDownWithPruning(TreeNode.scala:461)
[2024-10-09T12:57:58.493+0000] {spark_submit.py:579} INFO - at org.apache.spark.sql.catalyst.plans.logical.LogicalPlan.org$apache$spark$sql$catalyst$plans$logical$AnalysisHelper$$super$transformDownWithPruning(LogicalPlan.scala:32)
[2024-10-09T12:57:58.493+0000] {spark_submit.py:579} INFO - at org.apache.spark.sql.catalyst.plans.logical.AnalysisHelper.transformDownWithPruning(AnalysisHelper.scala:267)
[2024-10-09T12:57:58.493+0000] {spark_submit.py:579} INFO - at org.apache.spark.sql.catalyst.plans.logical.AnalysisHelper.transformDownWithPruning$(AnalysisHelper.scala:263)
[2024-10-09T12:57:58.494+0000] {spark_submit.py:579} INFO - at org.apache.spark.sql.catalyst.plans.logical.LogicalPlan.transformDownWithPruning(LogicalPlan.scala:32)
[2024-10-09T12:57:58.494+0000] {spark_submit.py:579} INFO - at org.apache.spark.sql.catalyst.plans.logical.LogicalPlan.transformDownWithPruning(LogicalPlan.scala:32)
[2024-10-09T12:57:58.494+0000] {spark_submit.py:579} INFO - at org.apache.spark.sql.catalyst.trees.TreeNode.transformDown(TreeNode.scala:437)
[2024-10-09T12:57:58.494+0000] {spark_submit.py:579} INFO - at org.apache.spark.sql.execution.QueryExecution.eagerlyExecuteCommands(QueryExecution.scala:98)
[2024-10-09T12:57:58.495+0000] {spark_submit.py:579} INFO - at org.apache.spark.sql.execution.QueryExecution.commandExecuted$lzycompute(QueryExecution.scala:85)
[2024-10-09T12:57:58.495+0000] {spark_submit.py:579} INFO - at org.apache.spark.sql.execution.QueryExecution.commandExecuted(QueryExecution.scala:83)
[2024-10-09T12:57:58.495+0000] {spark_submit.py:579} INFO - at org.apache.spark.sql.execution.QueryExecution.assertCommandExecuted(QueryExecution.scala:142)
[2024-10-09T12:57:58.496+0000] {spark_submit.py:579} INFO - at org.apache.spark.sql.DataFrameWriter.runCommand(DataFrameWriter.scala:859)
[2024-10-09T12:57:58.497+0000] {spark_submit.py:579} INFO - at org.apache.spark.sql.DataFrameWriter.saveToV1Source(DataFrameWriter.scala:388)
[2024-10-09T12:57:58.497+0000] {spark_submit.py:579} INFO - at org.apache.spark.sql.DataFrameWriter.saveInternal(DataFrameWriter.scala:304)
[2024-10-09T12:57:58.499+0000] {spark_submit.py:579} INFO - at org.apache.spark.sql.DataFrameWriter.save(DataFrameWriter.scala:240)
[2024-10-09T12:57:58.500+0000] {spark_submit.py:579} INFO - at java.base/jdk.internal.reflect.NativeMethodAccessorImpl.invoke0(Native Method)
[2024-10-09T12:57:58.501+0000] {spark_submit.py:579} INFO - at java.base/jdk.internal.reflect.NativeMethodAccessorImpl.invoke(NativeMethodAccessorImpl.java:62)
[2024-10-09T12:57:58.501+0000] {spark_submit.py:579} INFO - at java.base/jdk.internal.reflect.DelegatingMethodAccessorImpl.invoke(DelegatingMethodAccessorImpl.java:43)
[2024-10-09T12:57:58.502+0000] {spark_submit.py:579} INFO - at java.base/java.lang.reflect.Method.invoke(Method.java:566)
[2024-10-09T12:57:58.502+0000] {spark_submit.py:579} INFO - at py4j.reflection.MethodInvoker.invoke(MethodInvoker.java:244)
[2024-10-09T12:57:58.502+0000] {spark_submit.py:579} INFO - at py4j.reflection.ReflectionEngine.invoke(ReflectionEngine.java:374)
[2024-10-09T12:57:58.503+0000] {spark_submit.py:579} INFO - at py4j.Gateway.invoke(Gateway.java:282)
[2024-10-09T12:57:58.503+0000] {spark_submit.py:579} INFO - at py4j.commands.AbstractCommand.invokeMethod(AbstractCommand.java:132)
[2024-10-09T12:57:58.504+0000] {spark_submit.py:579} INFO - at py4j.commands.CallCommand.execute(CallCommand.java:79)
[2024-10-09T12:57:58.506+0000] {spark_submit.py:579} INFO - at py4j.ClientServerConnection.waitForCommands(ClientServerConnection.java:182)
[2024-10-09T12:57:58.506+0000] {spark_submit.py:579} INFO - at py4j.ClientServerConnection.run(ClientServerConnection.java:106)
[2024-10-09T12:57:58.507+0000] {spark_submit.py:579} INFO - at java.base/java.lang.Thread.run(Thread.java:829)
[2024-10-09T12:57:58.507+0000] {spark_submit.py:579} INFO - 
[2024-10-09T12:57:58.507+0000] {spark_submit.py:579} INFO - 
[2024-10-09T12:57:58.507+0000] {spark_submit.py:579} INFO - 24/10/09 12:57:58 INFO SparkContext: SparkContext is stopping with exitCode 0.
[2024-10-09T12:57:58.508+0000] {spark_submit.py:579} INFO - 24/10/09 12:57:58 INFO SparkUI: Stopped Spark web UI at http://96e0caa4001c:4040
[2024-10-09T12:57:58.508+0000] {spark_submit.py:579} INFO - 24/10/09 12:57:58 INFO StandaloneSchedulerBackend: Shutting down all executors
[2024-10-09T12:57:58.508+0000] {spark_submit.py:579} INFO - 24/10/09 12:57:58 INFO StandaloneSchedulerBackend$StandaloneDriverEndpoint: Asking each executor to shut down
[2024-10-09T12:57:58.512+0000] {spark_submit.py:579} INFO - 24/10/09 12:57:58 INFO MapOutputTrackerMasterEndpoint: MapOutputTrackerMasterEndpoint stopped!
[2024-10-09T12:57:58.527+0000] {spark_submit.py:579} INFO - 24/10/09 12:57:58 INFO MemoryStore: MemoryStore cleared
[2024-10-09T12:57:58.527+0000] {spark_submit.py:579} INFO - 24/10/09 12:57:58 INFO BlockManager: BlockManager stopped
[2024-10-09T12:57:58.536+0000] {spark_submit.py:579} INFO - 24/10/09 12:57:58 INFO BlockManagerMaster: BlockManagerMaster stopped
[2024-10-09T12:57:58.539+0000] {spark_submit.py:579} INFO - 24/10/09 12:57:58 INFO OutputCommitCoordinator$OutputCommitCoordinatorEndpoint: OutputCommitCoordinator stopped!
[2024-10-09T12:57:58.583+0000] {spark_submit.py:579} INFO - 24/10/09 12:57:58 INFO SparkContext: Successfully stopped SparkContext
[2024-10-09T12:57:58.695+0000] {spark_submit.py:579} INFO - 2024-10-09 12:57:58,694 INFO: Closing down clientserver connection
[2024-10-09T12:57:58.777+0000] {spark_submit.py:579} INFO - 24/10/09 12:57:58 INFO ShutdownHookManager: Shutdown hook called
[2024-10-09T12:57:58.780+0000] {spark_submit.py:579} INFO - 24/10/09 12:57:58 INFO ShutdownHookManager: Deleting directory /tmp/spark-80a0fae7-9295-46b5-b01c-50b5fdbba318
[2024-10-09T12:57:58.784+0000] {spark_submit.py:579} INFO - 24/10/09 12:57:58 INFO ShutdownHookManager: Deleting directory /tmp/spark-5957e935-8b85-43da-9f24-6efdcb1278c2
[2024-10-09T12:57:58.788+0000] {spark_submit.py:579} INFO - 24/10/09 12:57:58 INFO ShutdownHookManager: Deleting directory /tmp/spark-80a0fae7-9295-46b5-b01c-50b5fdbba318/pyspark-1957129b-fbb2-44b9-a323-867149e81679
[2024-10-09T12:57:58.794+0000] {spark_submit.py:579} INFO - 24/10/09 12:57:58 INFO MetricsSystemImpl: Stopping s3a-file-system metrics system...
[2024-10-09T12:57:58.795+0000] {spark_submit.py:579} INFO - 24/10/09 12:57:58 INFO MetricsSystemImpl: s3a-file-system metrics system stopped.
[2024-10-09T12:57:58.795+0000] {spark_submit.py:579} INFO - 24/10/09 12:57:58 INFO MetricsSystemImpl: s3a-file-system metrics system shutdown complete.
[2024-10-09T12:57:58.833+0000] {taskinstance.py:1935} ERROR - Task failed with exception
Traceback (most recent call last):
  File "/home/airflow/.local/lib/python3.11/site-packages/airflow/providers/apache/spark/operators/spark_submit.py", line 174, in execute
    self._hook.submit(self.application)
  File "/home/airflow/.local/lib/python3.11/site-packages/airflow/providers/apache/spark/hooks/spark_submit.py", line 505, in submit
    raise AirflowException(
airflow.exceptions.AirflowException: Cannot execute: spark-submit --master spark://spark-master:7077 --conf spark.sql.extensions=io.delta.sql.DeltaSparkSessionExtension --conf spark.sql.catalog.spark_catalog=org.apache.spark.sql.delta.catalog.DeltaCatalog --jars /opt/***/jars/hadoop-aws-3.3.4.jar,/opt/***/jars/s3-2.18.41.jar,/opt/***/jars/aws-java-sdk-1.12.367.jar,/opt/***/jars/delta-core_2.12-2.4.0.jar,/opt/***/jars/delta-storage-2.2.0.jar, --packages org.apache.hadoop:hadoop-aws:3.3.4 --num-executors 2 --total-executor-cores 2 --executor-cores 2 --executor-memory 2g --driver-memory 1g --name arrow-spark --deploy-mode client /opt/***/jobs/python/test_Key.py s3a://lakehouse/bronze/keywords.parquet s3a://lakehouse/silver. Error code is: 1.
[2024-10-09T12:57:58.837+0000] {taskinstance.py:1398} INFO - Marking task as FAILED. dag_id=spark_processing_dag, task_id=silver_cleaned_keywords, execution_date=20241008T000000, start_date=20241009T125745, end_date=20241009T125758
[2024-10-09T12:57:58.838+0000] {sliver_layer.py:15} ERROR - Task spark_processing_dag__silver_cleaned_keywords__20241008 failed.
[2024-10-09T12:57:58.848+0000] {standard_task_runner.py:104} ERROR - Failed to execute job 35 for task silver_cleaned_keywords (Cannot execute: spark-submit --master spark://spark-master:7077 --conf spark.sql.extensions=io.delta.sql.DeltaSparkSessionExtension --conf spark.sql.catalog.spark_catalog=org.apache.spark.sql.delta.catalog.DeltaCatalog --jars /opt/***/jars/hadoop-aws-3.3.4.jar,/opt/***/jars/s3-2.18.41.jar,/opt/***/jars/aws-java-sdk-1.12.367.jar,/opt/***/jars/delta-core_2.12-2.4.0.jar,/opt/***/jars/delta-storage-2.2.0.jar, --packages org.apache.hadoop:hadoop-aws:3.3.4 --num-executors 2 --total-executor-cores 2 --executor-cores 2 --executor-memory 2g --driver-memory 1g --name arrow-spark --deploy-mode client /opt/***/jobs/python/test_Key.py s3a://lakehouse/bronze/keywords.parquet s3a://lakehouse/silver. Error code is: 1.; 3578)
[2024-10-09T12:57:58.871+0000] {local_task_job_runner.py:228} INFO - Task exited with return code 1
[2024-10-09T12:57:58.896+0000] {taskinstance.py:2776} INFO - 0 downstream tasks scheduled from follow-on schedule check
