[2024-10-25T12:31:15.108+0000] {taskinstance.py:1157} INFO - Dependencies all met for dep_context=non-requeueable deps ti=<TaskInstance: task_credits_clean.credits_cleaned manual__2024-10-25T12:25:52.308391+00:00 [queued]>
[2024-10-25T12:31:15.116+0000] {taskinstance.py:1157} INFO - Dependencies all met for dep_context=requeueable deps ti=<TaskInstance: task_credits_clean.credits_cleaned manual__2024-10-25T12:25:52.308391+00:00 [queued]>
[2024-10-25T12:31:15.117+0000] {taskinstance.py:1359} INFO - Starting attempt 2 of 2
[2024-10-25T12:31:15.127+0000] {taskinstance.py:1380} INFO - Executing <Task(SparkSubmitOperator): credits_cleaned> on 2024-10-25 12:25:52.308391+00:00
[2024-10-25T12:31:15.132+0000] {standard_task_runner.py:57} INFO - Started process 5513 to run task
[2024-10-25T12:31:15.135+0000] {standard_task_runner.py:84} INFO - Running: ['***', 'tasks', 'run', 'task_credits_clean', 'credits_cleaned', 'manual__2024-10-25T12:25:52.308391+00:00', '--job-id', '160', '--raw', '--subdir', 'DAGS_FOLDER/credits_test.py', '--cfg-path', '/tmp/tmpvsjlcs8i']
[2024-10-25T12:31:15.137+0000] {standard_task_runner.py:85} INFO - Job 160: Subtask credits_cleaned
[2024-10-25T12:31:15.182+0000] {task_command.py:415} INFO - Running <TaskInstance: task_credits_clean.credits_cleaned manual__2024-10-25T12:25:52.308391+00:00 [running]> on host 84076e7a47fe
[2024-10-25T12:31:15.255+0000] {taskinstance.py:1660} INFO - Exporting env vars: AIRFLOW_CTX_DAG_OWNER='***' AIRFLOW_CTX_DAG_ID='task_credits_clean' AIRFLOW_CTX_TASK_ID='credits_cleaned' AIRFLOW_CTX_EXECUTION_DATE='2024-10-25T12:25:52.308391+00:00' AIRFLOW_CTX_TRY_NUMBER='2' AIRFLOW_CTX_DAG_RUN_ID='manual__2024-10-25T12:25:52.308391+00:00'
[2024-10-25T12:31:15.264+0000] {base.py:73} INFO - Using connection ID 'spark-conn' for task execution.
[2024-10-25T12:31:15.266+0000] {spark_submit.py:403} INFO - Spark-Submit cmd: spark-submit --master spark://spark-master:7077 --conf spark.sql.extensions=io.delta.sql.DeltaSparkSessionExtension --conf spark.sql.catalog.spark_catalog=org.apache.spark.sql.delta.catalog.DeltaCatalog --jars /opt/***/jars/hadoop-aws-3.3.4.jar,/opt/***/jars/s3-2.18.41.jar,/opt/***/jars/aws-java-sdk-1.12.367.jar,/opt/***/jars/delta-core_2.12-2.4.0.jar,/opt/***/jars/delta-storage-2.2.0.jar, --packages org.apache.hadoop:hadoop-aws:3.3.4 --num-executors 2 --total-executor-cores 2 --executor-cores 2 --executor-memory 2g --driver-memory 1g --name arrow-spark --deploy-mode client /opt/***/jobs/python/test_Credit.py s3a://lakehouse/bronze/credits.parquet s3a://lakehouse/sliver/credit
[2024-10-25T12:31:15.351+0000] {spark_submit.py:579} INFO - /home/***/.local/lib/python3.11/site-packages/pyspark/bin/load-spark-env.sh: line 68: ps: command not found
[2024-10-25T12:31:17.431+0000] {spark_submit.py:579} INFO - :: loading settings :: url = jar:file:/home/***/.local/lib/python3.11/site-packages/pyspark/jars/ivy-2.5.1.jar!/org/apache/ivy/core/settings/ivysettings.xml
[2024-10-25T12:31:17.623+0000] {spark_submit.py:579} INFO - Ivy Default Cache set to: /home/***/.ivy2/cache
[2024-10-25T12:31:17.624+0000] {spark_submit.py:579} INFO - The jars for the packages stored in: /home/***/.ivy2/jars
[2024-10-25T12:31:17.633+0000] {spark_submit.py:579} INFO - org.apache.hadoop#hadoop-aws added as a dependency
[2024-10-25T12:31:17.634+0000] {spark_submit.py:579} INFO - :: resolving dependencies :: org.apache.spark#spark-submit-parent-d0bd59fb-ff3d-46dd-8e83-231b4b45f358;1.0
[2024-10-25T12:31:17.635+0000] {spark_submit.py:579} INFO - confs: [default]
[2024-10-25T12:31:17.800+0000] {spark_submit.py:579} INFO - found org.apache.hadoop#hadoop-aws;3.3.4 in spark-list
[2024-10-25T12:31:17.833+0000] {spark_submit.py:579} INFO - found com.amazonaws#aws-java-sdk-bundle;1.12.262 in central
[2024-10-25T12:31:17.865+0000] {spark_submit.py:579} INFO - found org.wildfly.openssl#wildfly-openssl;1.0.7.Final in spark-list
[2024-10-25T12:31:17.901+0000] {spark_submit.py:579} INFO - :: resolution report :: resolve 253ms :: artifacts dl 14ms
[2024-10-25T12:31:17.902+0000] {spark_submit.py:579} INFO - :: modules in use:
[2024-10-25T12:31:17.903+0000] {spark_submit.py:579} INFO - com.amazonaws#aws-java-sdk-bundle;1.12.262 from central in [default]
[2024-10-25T12:31:17.903+0000] {spark_submit.py:579} INFO - org.apache.hadoop#hadoop-aws;3.3.4 from spark-list in [default]
[2024-10-25T12:31:17.904+0000] {spark_submit.py:579} INFO - org.wildfly.openssl#wildfly-openssl;1.0.7.Final from spark-list in [default]
[2024-10-25T12:31:17.905+0000] {spark_submit.py:579} INFO - ---------------------------------------------------------------------
[2024-10-25T12:31:17.906+0000] {spark_submit.py:579} INFO - |                  |            modules            ||   artifacts   |
[2024-10-25T12:31:17.907+0000] {spark_submit.py:579} INFO - |       conf       | number| search|dwnlded|evicted|| number|dwnlded|
[2024-10-25T12:31:17.908+0000] {spark_submit.py:579} INFO - ---------------------------------------------------------------------
[2024-10-25T12:31:17.908+0000] {spark_submit.py:579} INFO - |      default     |   3   |   0   |   0   |   0   ||   3   |   0   |
[2024-10-25T12:31:17.909+0000] {spark_submit.py:579} INFO - ---------------------------------------------------------------------
[2024-10-25T12:31:17.910+0000] {spark_submit.py:579} INFO - :: retrieving :: org.apache.spark#spark-submit-parent-d0bd59fb-ff3d-46dd-8e83-231b4b45f358
[2024-10-25T12:31:17.911+0000] {spark_submit.py:579} INFO - confs: [default]
[2024-10-25T12:31:17.920+0000] {spark_submit.py:579} INFO - 0 artifacts copied, 3 already retrieved (0kB/10ms)
[2024-10-25T12:31:18.187+0000] {spark_submit.py:579} INFO - 24/10/25 12:31:18 WARN NativeCodeLoader: Unable to load native-hadoop library for your platform... using builtin-java classes where applicable
[2024-10-25T12:31:19.614+0000] {spark_submit.py:579} INFO - 2024-10-25 12:31:19,613 INFO: Initializing Spark session...
[2024-10-25T12:31:19.784+0000] {spark_submit.py:579} INFO - 24/10/25 12:31:19 INFO SparkContext: Running Spark version 3.4.3
[2024-10-25T12:31:19.815+0000] {spark_submit.py:579} INFO - 24/10/25 12:31:19 INFO ResourceUtils: ==============================================================
[2024-10-25T12:31:19.816+0000] {spark_submit.py:579} INFO - 24/10/25 12:31:19 INFO ResourceUtils: No custom resources configured for spark.driver.
[2024-10-25T12:31:19.817+0000] {spark_submit.py:579} INFO - 24/10/25 12:31:19 INFO ResourceUtils: ==============================================================
[2024-10-25T12:31:19.818+0000] {spark_submit.py:579} INFO - 24/10/25 12:31:19 INFO SparkContext: Submitted application: CleanCredits
[2024-10-25T12:31:19.850+0000] {spark_submit.py:579} INFO - 24/10/25 12:31:19 INFO ResourceProfile: Default ResourceProfile created, executor resources: Map(cores -> name: cores, amount: 2, script: , vendor: , memory -> name: memory, amount: 2048, script: , vendor: , offHeap -> name: offHeap, amount: 0, script: , vendor: ), task resources: Map(cpus -> name: cpus, amount: 1.0)
[2024-10-25T12:31:19.866+0000] {spark_submit.py:579} INFO - 24/10/25 12:31:19 INFO ResourceProfile: Limiting resource is cpus at 2 tasks per executor
[2024-10-25T12:31:19.869+0000] {spark_submit.py:579} INFO - 24/10/25 12:31:19 INFO ResourceProfileManager: Added ResourceProfile id: 0
[2024-10-25T12:31:19.934+0000] {spark_submit.py:579} INFO - 24/10/25 12:31:19 INFO SecurityManager: Changing view acls to: ***
[2024-10-25T12:31:19.935+0000] {spark_submit.py:579} INFO - 24/10/25 12:31:19 INFO SecurityManager: Changing modify acls to: ***
[2024-10-25T12:31:19.936+0000] {spark_submit.py:579} INFO - 24/10/25 12:31:19 INFO SecurityManager: Changing view acls groups to:
[2024-10-25T12:31:19.936+0000] {spark_submit.py:579} INFO - 24/10/25 12:31:19 INFO SecurityManager: Changing modify acls groups to:
[2024-10-25T12:31:19.937+0000] {spark_submit.py:579} INFO - 24/10/25 12:31:19 INFO SecurityManager: SecurityManager: authentication disabled; ui acls disabled; users with view permissions: ***; groups with view permissions: EMPTY; users with modify permissions: ***; groups with modify permissions: EMPTY
[2024-10-25T12:31:20.286+0000] {spark_submit.py:579} INFO - 24/10/25 12:31:20 INFO Utils: Successfully started service 'sparkDriver' on port 39973.
[2024-10-25T12:31:20.328+0000] {spark_submit.py:579} INFO - 24/10/25 12:31:20 INFO SparkEnv: Registering MapOutputTracker
[2024-10-25T12:31:20.369+0000] {spark_submit.py:579} INFO - 24/10/25 12:31:20 INFO SparkEnv: Registering BlockManagerMaster
[2024-10-25T12:31:20.392+0000] {spark_submit.py:579} INFO - 24/10/25 12:31:20 INFO BlockManagerMasterEndpoint: Using org.apache.spark.storage.DefaultTopologyMapper for getting topology information
[2024-10-25T12:31:20.393+0000] {spark_submit.py:579} INFO - 24/10/25 12:31:20 INFO BlockManagerMasterEndpoint: BlockManagerMasterEndpoint up
[2024-10-25T12:31:20.399+0000] {spark_submit.py:579} INFO - 24/10/25 12:31:20 INFO SparkEnv: Registering BlockManagerMasterHeartbeat
[2024-10-25T12:31:20.424+0000] {spark_submit.py:579} INFO - 24/10/25 12:31:20 INFO DiskBlockManager: Created local directory at /tmp/blockmgr-3bf78a6d-957b-4cbe-b199-bd7cec1275a8
[2024-10-25T12:31:20.452+0000] {spark_submit.py:579} INFO - 24/10/25 12:31:20 INFO MemoryStore: MemoryStore started with capacity 434.4 MiB
[2024-10-25T12:31:20.478+0000] {spark_submit.py:579} INFO - 24/10/25 12:31:20 INFO SparkEnv: Registering OutputCommitCoordinator
[2024-10-25T12:31:20.720+0000] {spark_submit.py:579} INFO - 24/10/25 12:31:20 INFO JettyUtils: Start Jetty 0.0.0.0:4040 for SparkUI
[2024-10-25T12:31:20.828+0000] {spark_submit.py:579} INFO - 24/10/25 12:31:20 INFO Utils: Successfully started service 'SparkUI' on port 4040.
[2024-10-25T12:31:20.884+0000] {spark_submit.py:579} INFO - 24/10/25 12:31:20 INFO SparkContext: Added JAR file:///opt/***/jars/hadoop-aws-3.3.4.jar at spark://84076e7a47fe:39973/jars/hadoop-aws-3.3.4.jar with timestamp 1729859479773
[2024-10-25T12:31:20.886+0000] {spark_submit.py:579} INFO - 24/10/25 12:31:20 INFO SparkContext: Added JAR file:///opt/***/jars/s3-2.18.41.jar at spark://84076e7a47fe:39973/jars/s3-2.18.41.jar with timestamp 1729859479773
[2024-10-25T12:31:20.888+0000] {spark_submit.py:579} INFO - 24/10/25 12:31:20 INFO SparkContext: Added JAR file:///opt/***/jars/aws-java-sdk-1.12.367.jar at spark://84076e7a47fe:39973/jars/aws-java-sdk-1.12.367.jar with timestamp 1729859479773
[2024-10-25T12:31:20.889+0000] {spark_submit.py:579} INFO - 24/10/25 12:31:20 INFO SparkContext: Added JAR file:///opt/***/jars/delta-core_2.12-2.4.0.jar at spark://84076e7a47fe:39973/jars/delta-core_2.12-2.4.0.jar with timestamp 1729859479773
[2024-10-25T12:31:20.891+0000] {spark_submit.py:579} INFO - 24/10/25 12:31:20 INFO SparkContext: Added JAR file:///opt/***/jars/delta-storage-2.2.0.jar at spark://84076e7a47fe:39973/jars/delta-storage-2.2.0.jar with timestamp 1729859479773
[2024-10-25T12:31:20.892+0000] {spark_submit.py:579} INFO - 24/10/25 12:31:20 INFO SparkContext: Added JAR file:///home/***/.ivy2/jars/org.apache.hadoop_hadoop-aws-3.3.4.jar at spark://84076e7a47fe:39973/jars/org.apache.hadoop_hadoop-aws-3.3.4.jar with timestamp 1729859479773
[2024-10-25T12:31:20.893+0000] {spark_submit.py:579} INFO - 24/10/25 12:31:20 INFO SparkContext: Added JAR file:///home/***/.ivy2/jars/com.amazonaws_aws-java-sdk-bundle-1.12.262.jar at spark://84076e7a47fe:39973/jars/com.amazonaws_aws-java-sdk-bundle-1.12.262.jar with timestamp 1729859479773
[2024-10-25T12:31:20.894+0000] {spark_submit.py:579} INFO - 24/10/25 12:31:20 INFO SparkContext: Added JAR file:///home/***/.ivy2/jars/org.wildfly.openssl_wildfly-openssl-1.0.7.Final.jar at spark://84076e7a47fe:39973/jars/org.wildfly.openssl_wildfly-openssl-1.0.7.Final.jar with timestamp 1729859479773
[2024-10-25T12:31:20.896+0000] {spark_submit.py:579} INFO - 24/10/25 12:31:20 INFO SparkContext: Added file file:///home/***/.ivy2/jars/org.apache.hadoop_hadoop-aws-3.3.4.jar at spark://84076e7a47fe:39973/files/org.apache.hadoop_hadoop-aws-3.3.4.jar with timestamp 1729859479773
[2024-10-25T12:31:20.899+0000] {spark_submit.py:579} INFO - 24/10/25 12:31:20 INFO Utils: Copying /home/***/.ivy2/jars/org.apache.hadoop_hadoop-aws-3.3.4.jar to /tmp/spark-ac0506c1-d9af-4e1b-8c96-4f18383a5390/userFiles-255a0d8e-b2cf-43f7-85d8-810360f92c31/org.apache.hadoop_hadoop-aws-3.3.4.jar
[2024-10-25T12:31:20.913+0000] {spark_submit.py:579} INFO - 24/10/25 12:31:20 INFO SparkContext: Added file file:///home/***/.ivy2/jars/com.amazonaws_aws-java-sdk-bundle-1.12.262.jar at spark://84076e7a47fe:39973/files/com.amazonaws_aws-java-sdk-bundle-1.12.262.jar with timestamp 1729859479773
[2024-10-25T12:31:20.914+0000] {spark_submit.py:579} INFO - 24/10/25 12:31:20 INFO Utils: Copying /home/***/.ivy2/jars/com.amazonaws_aws-java-sdk-bundle-1.12.262.jar to /tmp/spark-ac0506c1-d9af-4e1b-8c96-4f18383a5390/userFiles-255a0d8e-b2cf-43f7-85d8-810360f92c31/com.amazonaws_aws-java-sdk-bundle-1.12.262.jar
[2024-10-25T12:31:21.257+0000] {spark_submit.py:579} INFO - 24/10/25 12:31:21 INFO SparkContext: Added file file:///home/***/.ivy2/jars/org.wildfly.openssl_wildfly-openssl-1.0.7.Final.jar at spark://84076e7a47fe:39973/files/org.wildfly.openssl_wildfly-openssl-1.0.7.Final.jar with timestamp 1729859479773
[2024-10-25T12:31:21.257+0000] {spark_submit.py:579} INFO - 24/10/25 12:31:21 INFO Utils: Copying /home/***/.ivy2/jars/org.wildfly.openssl_wildfly-openssl-1.0.7.Final.jar to /tmp/spark-ac0506c1-d9af-4e1b-8c96-4f18383a5390/userFiles-255a0d8e-b2cf-43f7-85d8-810360f92c31/org.wildfly.openssl_wildfly-openssl-1.0.7.Final.jar
[2024-10-25T12:31:21.372+0000] {spark_submit.py:579} INFO - 24/10/25 12:31:21 INFO StandaloneAppClient$ClientEndpoint: Connecting to master spark://spark-master:7077...
[2024-10-25T12:31:21.424+0000] {spark_submit.py:579} INFO - 24/10/25 12:31:21 INFO TransportClientFactory: Successfully created connection to spark-master/172.18.0.4:7077 after 32 ms (0 ms spent in bootstraps)
[2024-10-25T12:31:21.525+0000] {spark_submit.py:579} INFO - 24/10/25 12:31:21 INFO StandaloneSchedulerBackend: Connected to Spark cluster with app ID app-20241025123121-0010
[2024-10-25T12:31:21.528+0000] {spark_submit.py:579} INFO - 24/10/25 12:31:21 INFO StandaloneAppClient$ClientEndpoint: Executor added: app-20241025123121-0010/0 on worker-20241025115841-172.18.0.5-46301 (172.18.0.5:46301) with 2 core(s)
[2024-10-25T12:31:21.531+0000] {spark_submit.py:579} INFO - 24/10/25 12:31:21 INFO StandaloneSchedulerBackend: Granted executor ID app-20241025123121-0010/0 on hostPort 172.18.0.5:46301 with 2 core(s), 2.0 GiB RAM
[2024-10-25T12:31:21.537+0000] {spark_submit.py:579} INFO - 24/10/25 12:31:21 INFO Utils: Successfully started service 'org.apache.spark.network.netty.NettyBlockTransferService' on port 32817.
[2024-10-25T12:31:21.538+0000] {spark_submit.py:579} INFO - 24/10/25 12:31:21 INFO NettyBlockTransferService: Server created on 84076e7a47fe:32817
[2024-10-25T12:31:21.539+0000] {spark_submit.py:579} INFO - 24/10/25 12:31:21 INFO BlockManager: Using org.apache.spark.storage.RandomBlockReplicationPolicy for block replication policy
[2024-10-25T12:31:21.549+0000] {spark_submit.py:579} INFO - 24/10/25 12:31:21 INFO BlockManagerMaster: Registering BlockManager BlockManagerId(driver, 84076e7a47fe, 32817, None)
[2024-10-25T12:31:21.553+0000] {spark_submit.py:579} INFO - 24/10/25 12:31:21 INFO BlockManagerMasterEndpoint: Registering block manager 84076e7a47fe:32817 with 434.4 MiB RAM, BlockManagerId(driver, 84076e7a47fe, 32817, None)
[2024-10-25T12:31:21.556+0000] {spark_submit.py:579} INFO - 24/10/25 12:31:21 INFO BlockManagerMaster: Registered BlockManager BlockManagerId(driver, 84076e7a47fe, 32817, None)
[2024-10-25T12:31:21.559+0000] {spark_submit.py:579} INFO - 24/10/25 12:31:21 INFO BlockManager: Initialized BlockManager: BlockManagerId(driver, 84076e7a47fe, 32817, None)
[2024-10-25T12:31:21.595+0000] {spark_submit.py:579} INFO - 24/10/25 12:31:21 INFO StandaloneAppClient$ClientEndpoint: Executor updated: app-20241025123121-0010/0 is now RUNNING
[2024-10-25T12:31:21.919+0000] {spark_submit.py:579} INFO - 24/10/25 12:31:21 INFO StandaloneSchedulerBackend: SchedulerBackend is ready for scheduling beginning after reached minRegisteredResourcesRatio: 0.0
[2024-10-25T12:31:22.284+0000] {spark_submit.py:579} INFO - 2024-10-25 12:31:22,283 INFO: Spark session initialized successfully.
[2024-10-25T12:31:22.285+0000] {spark_submit.py:579} INFO - 2024-10-25 12:31:22,284 INFO: Reading data from s3a://lakehouse/bronze/credits.parquet
[2024-10-25T12:31:22.295+0000] {spark_submit.py:579} INFO - 24/10/25 12:31:22 INFO SharedState: Setting hive.metastore.warehouse.dir ('null') to the value of spark.sql.warehouse.dir.
[2024-10-25T12:31:22.636+0000] {spark_submit.py:579} INFO - 24/10/25 12:31:22 WARN MetricsConfig: Cannot locate configuration: tried hadoop-metrics2-s3a-file-system.properties,hadoop-metrics2.properties
[2024-10-25T12:31:22.667+0000] {spark_submit.py:579} INFO - 24/10/25 12:31:22 INFO MetricsSystemImpl: Scheduled Metric snapshot period at 10 second(s).
[2024-10-25T12:31:22.667+0000] {spark_submit.py:579} INFO - 24/10/25 12:31:22 INFO MetricsSystemImpl: s3a-file-system metrics system started
[2024-10-25T12:31:24.300+0000] {spark_submit.py:579} INFO - 24/10/25 12:31:24 INFO SharedState: Warehouse path is 's3a://lakehouse/'.
[2024-10-25T12:31:25.262+0000] {spark_submit.py:579} INFO - 24/10/25 12:31:25 INFO StandaloneSchedulerBackend$StandaloneDriverEndpoint: Registered executor NettyRpcEndpointRef(spark-client://Executor) (172.18.0.5:43470) with ID 0,  ResourceProfileId 0
[2024-10-25T12:31:25.373+0000] {spark_submit.py:579} INFO - 24/10/25 12:31:25 INFO BlockManagerMasterEndpoint: Registering block manager 172.18.0.5:33347 with 1048.8 MiB RAM, BlockManagerId(0, 172.18.0.5, 33347, None)
[2024-10-25T12:31:26.337+0000] {spark_submit.py:579} INFO - 24/10/25 12:31:26 INFO InMemoryFileIndex: It took 124 ms to list leaf files for 1 paths.
[2024-10-25T12:31:29.043+0000] {spark_submit.py:579} INFO - root
[2024-10-25T12:31:29.044+0000] {spark_submit.py:579} INFO - |-- cast: string (nullable = true)
[2024-10-25T12:31:29.044+0000] {spark_submit.py:579} INFO - |-- crew: string (nullable = true)
[2024-10-25T12:31:29.045+0000] {spark_submit.py:579} INFO - |-- id: integer (nullable = true)
[2024-10-25T12:31:29.045+0000] {spark_submit.py:579} INFO - 
[2024-10-25T12:31:29.046+0000] {spark_submit.py:579} INFO - 2024-10-25 12:31:29,043 INFO: None
[2024-10-25T12:31:29.046+0000] {spark_submit.py:579} INFO - 2024-10-25 12:31:29,043 INFO: Cleaning data...
[2024-10-25T12:31:29.127+0000] {spark_submit.py:579} INFO - 2024-10-25 12:31:29,127 INFO: Saving cleaned data to s3a://lakehouse/sliver/credit
[2024-10-25T12:31:30.072+0000] {spark_submit.py:579} INFO - 24/10/25 12:31:30 INFO DeltaLog: Creating initial snapshot without metadata, because the directory is empty
[2024-10-25T12:31:30.291+0000] {spark_submit.py:579} INFO - 24/10/25 12:31:30 INFO InitialSnapshot: [tableId=b3fed6fc-3e17-4f41-8db1-1dc2879f3838] Created snapshot InitialSnapshot(path=s3a://lakehouse/sliver/credit/_delta_log, version=-1, metadata=Metadata(17cb8035-31d3-4a07-bb03-5637a73351dc,null,null,Format(parquet,Map()),null,List(),Map(),Some(1729859490275)), logSegment=LogSegment(s3a://lakehouse/sliver/credit/_delta_log,-1,List(),None,-1), checksumOpt=None)
[2024-10-25T12:31:30.455+0000] {spark_submit.py:579} INFO - 24/10/25 12:31:30 INFO DeltaLog: No delta log found for the Delta table at s3a://lakehouse/sliver/credit/_delta_log
[2024-10-25T12:31:30.457+0000] {spark_submit.py:579} INFO - 24/10/25 12:31:30 INFO InitialSnapshot: [tableId=17cb8035-31d3-4a07-bb03-5637a73351dc] Created snapshot InitialSnapshot(path=s3a://lakehouse/sliver/credit/_delta_log, version=-1, metadata=Metadata(9d4cc3e2-e58e-440e-80f9-0e900ae55448,null,null,Format(parquet,Map()),null,List(),Map(),Some(1729859490456)), logSegment=LogSegment(s3a://lakehouse/sliver/credit/_delta_log,-1,List(),None,-1), checksumOpt=None)
[2024-10-25T12:31:30.659+0000] {spark_submit.py:579} INFO - 24/10/25 12:31:30 INFO OptimisticTransaction: [tableId=9d4cc3e2,txnId=00303d5b] Updated metadata from - to Metadata(56ada338-4c67-4d1d-b2ef-b4b5eb6706c9,null,null,Format(parquet,Map()),{"type":"struct","fields":[{"name":"cast","type":"string","nullable":true,"metadata":{}},{"name":"crew","type":"string","nullable":true,"metadata":{}},{"name":"id","type":"integer","nullable":true,"metadata":{}}]},List(),Map(),Some(1729859490639))
[2024-10-25T12:31:31.167+0000] {spark_submit.py:579} INFO - 24/10/25 12:31:31 INFO FileSourceStrategy: Pushed Filters: IsNotNull(cast)
[2024-10-25T12:31:31.169+0000] {spark_submit.py:579} INFO - 24/10/25 12:31:31 INFO FileSourceStrategy: Post-Scan Filters: isnotnull(cast#0)
[2024-10-25T12:31:31.363+0000] {spark_submit.py:579} INFO - 24/10/25 12:31:31 INFO ParquetUtils: Using default output committer for Parquet: org.apache.parquet.hadoop.ParquetOutputCommitter
[2024-10-25T12:31:31.633+0000] {spark_submit.py:579} INFO - 24/10/25 12:31:31 INFO HashAggregateExec: spark.sql.codegen.aggregate.map.twolevel.enabled is set to true, but current version of codegened fast hashmap does not support this aggregate.
[2024-10-25T12:31:32.039+0000] {spark_submit.py:579} INFO - 24/10/25 12:31:32 INFO CodeGenerator: Code generated in 326.203796 ms
[2024-10-25T12:31:32.101+0000] {spark_submit.py:579} INFO - 24/10/25 12:31:32 INFO MemoryStore: Block broadcast_0 stored as values in memory (estimated size 206.6 KiB, free 434.2 MiB)
[2024-10-25T12:31:32.162+0000] {spark_submit.py:579} INFO - 24/10/25 12:31:32 INFO MemoryStore: Block broadcast_0_piece0 stored as bytes in memory (estimated size 36.7 KiB, free 434.2 MiB)
[2024-10-25T12:31:32.176+0000] {spark_submit.py:579} INFO - 24/10/25 12:31:32 INFO BlockManagerInfo: Added broadcast_0_piece0 in memory on 84076e7a47fe:32817 (size: 36.7 KiB, free: 434.4 MiB)
[2024-10-25T12:31:32.184+0000] {spark_submit.py:579} INFO - 24/10/25 12:31:32 INFO SparkContext: Created broadcast 0 from save at NativeMethodAccessorImpl.java:0
[2024-10-25T12:31:32.205+0000] {spark_submit.py:579} INFO - 24/10/25 12:31:32 INFO FileSourceScanExec: Planning scan with bin packing, max size: 36317959 bytes, open cost is considered as scanning 4194304 bytes.
[2024-10-25T12:31:32.432+0000] {spark_submit.py:579} INFO - 24/10/25 12:31:32 INFO DAGScheduler: Registering RDD 3 (save at NativeMethodAccessorImpl.java:0) as input to shuffle 0
[2024-10-25T12:31:32.440+0000] {spark_submit.py:579} INFO - 24/10/25 12:31:32 INFO DAGScheduler: Got map stage job 0 (save at NativeMethodAccessorImpl.java:0) with 2 output partitions
[2024-10-25T12:31:32.441+0000] {spark_submit.py:579} INFO - 24/10/25 12:31:32 INFO DAGScheduler: Final stage: ShuffleMapStage 0 (save at NativeMethodAccessorImpl.java:0)
[2024-10-25T12:31:32.442+0000] {spark_submit.py:579} INFO - 24/10/25 12:31:32 INFO DAGScheduler: Parents of final stage: List()
[2024-10-25T12:31:32.445+0000] {spark_submit.py:579} INFO - 24/10/25 12:31:32 INFO DAGScheduler: Missing parents: List()
[2024-10-25T12:31:32.450+0000] {spark_submit.py:579} INFO - 24/10/25 12:31:32 INFO DAGScheduler: Submitting ShuffleMapStage 0 (MapPartitionsRDD[3] at save at NativeMethodAccessorImpl.java:0), which has no missing parents
[2024-10-25T12:31:32.492+0000] {spark_submit.py:579} INFO - 24/10/25 12:31:32 INFO MemoryStore: Block broadcast_1 stored as values in memory (estimated size 32.7 KiB, free 434.1 MiB)
[2024-10-25T12:31:32.506+0000] {spark_submit.py:579} INFO - 24/10/25 12:31:32 INFO MemoryStore: Block broadcast_1_piece0 stored as bytes in memory (estimated size 14.4 KiB, free 434.1 MiB)
[2024-10-25T12:31:32.507+0000] {spark_submit.py:579} INFO - 24/10/25 12:31:32 INFO BlockManagerInfo: Added broadcast_1_piece0 in memory on 84076e7a47fe:32817 (size: 14.4 KiB, free: 434.4 MiB)
[2024-10-25T12:31:32.508+0000] {spark_submit.py:579} INFO - 24/10/25 12:31:32 INFO SparkContext: Created broadcast 1 from broadcast at DAGScheduler.scala:1540
[2024-10-25T12:31:32.547+0000] {spark_submit.py:579} INFO - 24/10/25 12:31:32 INFO DAGScheduler: Submitting 2 missing tasks from ShuffleMapStage 0 (MapPartitionsRDD[3] at save at NativeMethodAccessorImpl.java:0) (first 15 tasks are for partitions Vector(0, 1))
[2024-10-25T12:31:32.549+0000] {spark_submit.py:579} INFO - 24/10/25 12:31:32 INFO TaskSchedulerImpl: Adding task set 0.0 with 2 tasks resource profile 0
[2024-10-25T12:31:32.604+0000] {spark_submit.py:579} INFO - 24/10/25 12:31:32 INFO TaskSetManager: Starting task 0.0 in stage 0.0 (TID 0) (172.18.0.5, executor 0, partition 0, PROCESS_LOCAL, 7911 bytes)
[2024-10-25T12:31:32.610+0000] {spark_submit.py:579} INFO - 24/10/25 12:31:32 INFO TaskSetManager: Starting task 1.0 in stage 0.0 (TID 1) (172.18.0.5, executor 0, partition 1, PROCESS_LOCAL, 7911 bytes)
[2024-10-25T12:31:32.929+0000] {spark_submit.py:579} INFO - 24/10/25 12:31:32 INFO BlockManagerInfo: Added broadcast_1_piece0 in memory on 172.18.0.5:33347 (size: 14.4 KiB, free: 1048.8 MiB)
[2024-10-25T12:31:34.418+0000] {spark_submit.py:579} INFO - 24/10/25 12:31:34 INFO BlockManagerInfo: Added broadcast_0_piece0 in memory on 172.18.0.5:33347 (size: 36.7 KiB, free: 1048.8 MiB)
[2024-10-25T12:31:36.183+0000] {spark_submit.py:579} INFO - 24/10/25 12:31:36 INFO TaskSetManager: Finished task 1.0 in stage 0.0 (TID 1) in 3574 ms on 172.18.0.5 (executor 0) (1/2)
[2024-10-25T12:31:36.969+0000] {spark_submit.py:579} INFO - 24/10/25 12:31:36 WARN TaskSetManager: Lost task 0.0 in stage 0.0 (TID 0) (172.18.0.5 executor 0): org.apache.spark.SparkException: Parquet column cannot be converted in file s3a://lakehouse/bronze/credits.parquet. Column: [id], Expected: int, Found: INT64.
[2024-10-25T12:31:36.969+0000] {spark_submit.py:579} INFO - at org.apache.spark.sql.errors.QueryExecutionErrors$.unsupportedSchemaColumnConvertError(QueryExecutionErrors.scala:868)
[2024-10-25T12:31:36.970+0000] {spark_submit.py:579} INFO - at org.apache.spark.sql.execution.datasources.FileScanRDD$$anon$1.nextIterator(FileScanRDD.scala:301)
[2024-10-25T12:31:36.970+0000] {spark_submit.py:579} INFO - at org.apache.spark.sql.execution.datasources.FileScanRDD$$anon$1.hasNext(FileScanRDD.scala:125)
[2024-10-25T12:31:36.971+0000] {spark_submit.py:579} INFO - at org.apache.spark.sql.execution.FileSourceScanExec$$anon$1.hasNext(DataSourceScanExec.scala:594)
[2024-10-25T12:31:36.972+0000] {spark_submit.py:579} INFO - at org.apache.spark.sql.catalyst.expressions.GeneratedClass$GeneratedIteratorForCodegenStage1.columnartorow_nextBatch_0$(Unknown Source)
[2024-10-25T12:31:36.972+0000] {spark_submit.py:579} INFO - at org.apache.spark.sql.catalyst.expressions.GeneratedClass$GeneratedIteratorForCodegenStage1.hashAgg_doAggregateWithKeys_0$(Unknown Source)
[2024-10-25T12:31:36.973+0000] {spark_submit.py:579} INFO - at org.apache.spark.sql.catalyst.expressions.GeneratedClass$GeneratedIteratorForCodegenStage1.processNext(Unknown Source)
[2024-10-25T12:31:36.974+0000] {spark_submit.py:579} INFO - at org.apache.spark.sql.execution.BufferedRowIterator.hasNext(BufferedRowIterator.java:43)
[2024-10-25T12:31:36.975+0000] {spark_submit.py:579} INFO - at org.apache.spark.sql.execution.WholeStageCodegenExec$$anon$1.hasNext(WholeStageCodegenExec.scala:760)
[2024-10-25T12:31:36.975+0000] {spark_submit.py:579} INFO - at scala.collection.Iterator$$anon$10.hasNext(Iterator.scala:460)
[2024-10-25T12:31:36.976+0000] {spark_submit.py:579} INFO - at org.apache.spark.shuffle.sort.BypassMergeSortShuffleWriter.write(BypassMergeSortShuffleWriter.java:140)
[2024-10-25T12:31:36.976+0000] {spark_submit.py:579} INFO - at org.apache.spark.shuffle.ShuffleWriteProcessor.write(ShuffleWriteProcessor.scala:59)
[2024-10-25T12:31:36.977+0000] {spark_submit.py:579} INFO - at org.apache.spark.scheduler.ShuffleMapTask.runTask(ShuffleMapTask.scala:101)
[2024-10-25T12:31:36.978+0000] {spark_submit.py:579} INFO - at org.apache.spark.scheduler.ShuffleMapTask.runTask(ShuffleMapTask.scala:53)
[2024-10-25T12:31:36.978+0000] {spark_submit.py:579} INFO - at org.apache.spark.TaskContext.runTaskWithListeners(TaskContext.scala:161)
[2024-10-25T12:31:36.979+0000] {spark_submit.py:579} INFO - at org.apache.spark.scheduler.Task.run(Task.scala:139)
[2024-10-25T12:31:36.980+0000] {spark_submit.py:579} INFO - at org.apache.spark.executor.Executor$TaskRunner.$anonfun$run$3(Executor.scala:554)
[2024-10-25T12:31:36.980+0000] {spark_submit.py:579} INFO - at org.apache.spark.util.Utils$.tryWithSafeFinally(Utils.scala:1529)
[2024-10-25T12:31:36.980+0000] {spark_submit.py:579} INFO - at org.apache.spark.executor.Executor$TaskRunner.run(Executor.scala:557)
[2024-10-25T12:31:36.981+0000] {spark_submit.py:579} INFO - at java.base/java.util.concurrent.ThreadPoolExecutor.runWorker(ThreadPoolExecutor.java:1136)
[2024-10-25T12:31:36.981+0000] {spark_submit.py:579} INFO - at java.base/java.util.concurrent.ThreadPoolExecutor$Worker.run(ThreadPoolExecutor.java:635)
[2024-10-25T12:31:36.982+0000] {spark_submit.py:579} INFO - at java.base/java.lang.Thread.run(Thread.java:840)
[2024-10-25T12:31:36.983+0000] {spark_submit.py:579} INFO - Caused by: org.apache.spark.sql.execution.datasources.SchemaColumnConvertNotSupportedException: column: [id], physicalType: INT64, logicalType: int
[2024-10-25T12:31:36.983+0000] {spark_submit.py:579} INFO - at org.apache.spark.sql.execution.datasources.parquet.ParquetVectorUpdaterFactory.constructConvertNotSupportedException(ParquetVectorUpdaterFactory.java:1136)
[2024-10-25T12:31:36.984+0000] {spark_submit.py:579} INFO - at org.apache.spark.sql.execution.datasources.parquet.ParquetVectorUpdaterFactory.getUpdater(ParquetVectorUpdaterFactory.java:199)
[2024-10-25T12:31:36.984+0000] {spark_submit.py:579} INFO - at org.apache.spark.sql.execution.datasources.parquet.VectorizedColumnReader.readBatch(VectorizedColumnReader.java:175)
[2024-10-25T12:31:36.984+0000] {spark_submit.py:579} INFO - at org.apache.spark.sql.execution.datasources.parquet.VectorizedParquetRecordReader.nextBatch(VectorizedParquetRecordReader.java:328)
[2024-10-25T12:31:36.985+0000] {spark_submit.py:579} INFO - at org.apache.spark.sql.execution.datasources.parquet.VectorizedParquetRecordReader.nextKeyValue(VectorizedParquetRecordReader.java:219)
[2024-10-25T12:31:36.986+0000] {spark_submit.py:579} INFO - at org.apache.spark.sql.execution.datasources.RecordReaderIterator.hasNext(RecordReaderIterator.scala:39)
[2024-10-25T12:31:36.986+0000] {spark_submit.py:579} INFO - at org.apache.spark.sql.execution.datasources.FileScanRDD$$anon$1.hasNext(FileScanRDD.scala:125)
[2024-10-25T12:31:36.987+0000] {spark_submit.py:579} INFO - at org.apache.spark.sql.execution.datasources.FileScanRDD$$anon$1.nextIterator(FileScanRDD.scala:297)
[2024-10-25T12:31:36.987+0000] {spark_submit.py:579} INFO - ... 20 more
[2024-10-25T12:31:36.987+0000] {spark_submit.py:579} INFO - 
[2024-10-25T12:31:36.988+0000] {spark_submit.py:579} INFO - 24/10/25 12:31:36 INFO TaskSetManager: Starting task 0.1 in stage 0.0 (TID 2) (172.18.0.5, executor 0, partition 0, PROCESS_LOCAL, 7911 bytes)
[2024-10-25T12:31:37.323+0000] {spark_submit.py:579} INFO - 24/10/25 12:31:37 INFO TaskSetManager: Lost task 0.1 in stage 0.0 (TID 2) on 172.18.0.5, executor 0: org.apache.spark.SparkException (Parquet column cannot be converted in file s3a://lakehouse/bronze/credits.parquet. Column: [id], Expected: int, Found: INT64.) [duplicate 1]
[2024-10-25T12:31:37.325+0000] {spark_submit.py:579} INFO - 24/10/25 12:31:37 INFO TaskSetManager: Starting task 0.2 in stage 0.0 (TID 3) (172.18.0.5, executor 0, partition 0, PROCESS_LOCAL, 7911 bytes)
[2024-10-25T12:31:37.628+0000] {spark_submit.py:579} INFO - 24/10/25 12:31:37 INFO TaskSetManager: Lost task 0.2 in stage 0.0 (TID 3) on 172.18.0.5, executor 0: org.apache.spark.SparkException (Parquet column cannot be converted in file s3a://lakehouse/bronze/credits.parquet. Column: [id], Expected: int, Found: INT64.) [duplicate 2]
[2024-10-25T12:31:37.629+0000] {spark_submit.py:579} INFO - 24/10/25 12:31:37 INFO TaskSetManager: Starting task 0.3 in stage 0.0 (TID 4) (172.18.0.5, executor 0, partition 0, PROCESS_LOCAL, 7911 bytes)
[2024-10-25T12:31:37.890+0000] {spark_submit.py:579} INFO - 24/10/25 12:31:37 INFO TaskSetManager: Lost task 0.3 in stage 0.0 (TID 4) on 172.18.0.5, executor 0: org.apache.spark.SparkException (Parquet column cannot be converted in file s3a://lakehouse/bronze/credits.parquet. Column: [id], Expected: int, Found: INT64.) [duplicate 3]
[2024-10-25T12:31:37.891+0000] {spark_submit.py:579} INFO - 24/10/25 12:31:37 ERROR TaskSetManager: Task 0 in stage 0.0 failed 4 times; aborting job
[2024-10-25T12:31:37.894+0000] {spark_submit.py:579} INFO - 24/10/25 12:31:37 INFO TaskSchedulerImpl: Removed TaskSet 0.0, whose tasks have all completed, from pool
[2024-10-25T12:31:37.896+0000] {spark_submit.py:579} INFO - 24/10/25 12:31:37 INFO TaskSchedulerImpl: Cancelling stage 0
[2024-10-25T12:31:37.897+0000] {spark_submit.py:579} INFO - 24/10/25 12:31:37 INFO TaskSchedulerImpl: Killing all running tasks in stage 0: Stage cancelled
[2024-10-25T12:31:37.900+0000] {spark_submit.py:579} INFO - 24/10/25 12:31:37 INFO DAGScheduler: ShuffleMapStage 0 (save at NativeMethodAccessorImpl.java:0) failed in 5.432 s due to Job aborted due to stage failure: Task 0 in stage 0.0 failed 4 times, most recent failure: Lost task 0.3 in stage 0.0 (TID 4) (172.18.0.5 executor 0): org.apache.spark.SparkException: Parquet column cannot be converted in file s3a://lakehouse/bronze/credits.parquet. Column: [id], Expected: int, Found: INT64.
[2024-10-25T12:31:37.901+0000] {spark_submit.py:579} INFO - at org.apache.spark.sql.errors.QueryExecutionErrors$.unsupportedSchemaColumnConvertError(QueryExecutionErrors.scala:868)
[2024-10-25T12:31:37.901+0000] {spark_submit.py:579} INFO - at org.apache.spark.sql.execution.datasources.FileScanRDD$$anon$1.nextIterator(FileScanRDD.scala:301)
[2024-10-25T12:31:37.902+0000] {spark_submit.py:579} INFO - at org.apache.spark.sql.execution.datasources.FileScanRDD$$anon$1.hasNext(FileScanRDD.scala:125)
[2024-10-25T12:31:37.903+0000] {spark_submit.py:579} INFO - at org.apache.spark.sql.execution.FileSourceScanExec$$anon$1.hasNext(DataSourceScanExec.scala:594)
[2024-10-25T12:31:37.903+0000] {spark_submit.py:579} INFO - at org.apache.spark.sql.catalyst.expressions.GeneratedClass$GeneratedIteratorForCodegenStage1.columnartorow_nextBatch_0$(Unknown Source)
[2024-10-25T12:31:37.904+0000] {spark_submit.py:579} INFO - at org.apache.spark.sql.catalyst.expressions.GeneratedClass$GeneratedIteratorForCodegenStage1.hashAgg_doAggregateWithKeys_0$(Unknown Source)
[2024-10-25T12:31:37.904+0000] {spark_submit.py:579} INFO - at org.apache.spark.sql.catalyst.expressions.GeneratedClass$GeneratedIteratorForCodegenStage1.processNext(Unknown Source)
[2024-10-25T12:31:37.905+0000] {spark_submit.py:579} INFO - at org.apache.spark.sql.execution.BufferedRowIterator.hasNext(BufferedRowIterator.java:43)
[2024-10-25T12:31:37.906+0000] {spark_submit.py:579} INFO - at org.apache.spark.sql.execution.WholeStageCodegenExec$$anon$1.hasNext(WholeStageCodegenExec.scala:760)
[2024-10-25T12:31:37.906+0000] {spark_submit.py:579} INFO - at scala.collection.Iterator$$anon$10.hasNext(Iterator.scala:460)
[2024-10-25T12:31:37.907+0000] {spark_submit.py:579} INFO - at org.apache.spark.shuffle.sort.BypassMergeSortShuffleWriter.write(BypassMergeSortShuffleWriter.java:140)
[2024-10-25T12:31:37.907+0000] {spark_submit.py:579} INFO - at org.apache.spark.shuffle.ShuffleWriteProcessor.write(ShuffleWriteProcessor.scala:59)
[2024-10-25T12:31:37.907+0000] {spark_submit.py:579} INFO - at org.apache.spark.scheduler.ShuffleMapTask.runTask(ShuffleMapTask.scala:101)
[2024-10-25T12:31:37.908+0000] {spark_submit.py:579} INFO - at org.apache.spark.scheduler.ShuffleMapTask.runTask(ShuffleMapTask.scala:53)
[2024-10-25T12:31:37.908+0000] {spark_submit.py:579} INFO - at org.apache.spark.TaskContext.runTaskWithListeners(TaskContext.scala:161)
[2024-10-25T12:31:37.908+0000] {spark_submit.py:579} INFO - at org.apache.spark.scheduler.Task.run(Task.scala:139)
[2024-10-25T12:31:37.909+0000] {spark_submit.py:579} INFO - at org.apache.spark.executor.Executor$TaskRunner.$anonfun$run$3(Executor.scala:554)
[2024-10-25T12:31:37.909+0000] {spark_submit.py:579} INFO - at org.apache.spark.util.Utils$.tryWithSafeFinally(Utils.scala:1529)
[2024-10-25T12:31:37.910+0000] {spark_submit.py:579} INFO - at org.apache.spark.executor.Executor$TaskRunner.run(Executor.scala:557)
[2024-10-25T12:31:37.910+0000] {spark_submit.py:579} INFO - at java.base/java.util.concurrent.ThreadPoolExecutor.runWorker(ThreadPoolExecutor.java:1136)
[2024-10-25T12:31:37.910+0000] {spark_submit.py:579} INFO - at java.base/java.util.concurrent.ThreadPoolExecutor$Worker.run(ThreadPoolExecutor.java:635)
[2024-10-25T12:31:37.910+0000] {spark_submit.py:579} INFO - at java.base/java.lang.Thread.run(Thread.java:840)
[2024-10-25T12:31:37.911+0000] {spark_submit.py:579} INFO - Caused by: org.apache.spark.sql.execution.datasources.SchemaColumnConvertNotSupportedException: column: [id], physicalType: INT64, logicalType: int
[2024-10-25T12:31:37.911+0000] {spark_submit.py:579} INFO - at org.apache.spark.sql.execution.datasources.parquet.ParquetVectorUpdaterFactory.constructConvertNotSupportedException(ParquetVectorUpdaterFactory.java:1136)
[2024-10-25T12:31:37.911+0000] {spark_submit.py:579} INFO - at org.apache.spark.sql.execution.datasources.parquet.ParquetVectorUpdaterFactory.getUpdater(ParquetVectorUpdaterFactory.java:199)
[2024-10-25T12:31:37.912+0000] {spark_submit.py:579} INFO - at org.apache.spark.sql.execution.datasources.parquet.VectorizedColumnReader.readBatch(VectorizedColumnReader.java:175)
[2024-10-25T12:31:37.913+0000] {spark_submit.py:579} INFO - at org.apache.spark.sql.execution.datasources.parquet.VectorizedParquetRecordReader.nextBatch(VectorizedParquetRecordReader.java:328)
[2024-10-25T12:31:37.913+0000] {spark_submit.py:579} INFO - at org.apache.spark.sql.execution.datasources.parquet.VectorizedParquetRecordReader.nextKeyValue(VectorizedParquetRecordReader.java:219)
[2024-10-25T12:31:37.914+0000] {spark_submit.py:579} INFO - at org.apache.spark.sql.execution.datasources.RecordReaderIterator.hasNext(RecordReaderIterator.scala:39)
[2024-10-25T12:31:37.914+0000] {spark_submit.py:579} INFO - at org.apache.spark.sql.execution.datasources.FileScanRDD$$anon$1.hasNext(FileScanRDD.scala:125)
[2024-10-25T12:31:37.914+0000] {spark_submit.py:579} INFO - at org.apache.spark.sql.execution.datasources.FileScanRDD$$anon$1.nextIterator(FileScanRDD.scala:297)
[2024-10-25T12:31:37.914+0000] {spark_submit.py:579} INFO - ... 20 more
[2024-10-25T12:31:37.915+0000] {spark_submit.py:579} INFO - 
[2024-10-25T12:31:37.915+0000] {spark_submit.py:579} INFO - Driver stacktrace:
[2024-10-25T12:31:38.193+0000] {spark_submit.py:579} INFO - 24/10/25 12:31:38 INFO BlockManagerInfo: Removed broadcast_1_piece0 on 84076e7a47fe:32817 in memory (size: 14.4 KiB, free: 434.4 MiB)
[2024-10-25T12:31:38.196+0000] {spark_submit.py:579} INFO - 24/10/25 12:31:38 INFO BlockManagerInfo: Removed broadcast_1_piece0 on 172.18.0.5:33347 in memory (size: 14.4 KiB, free: 1048.8 MiB)
[2024-10-25T12:31:38.214+0000] {spark_submit.py:579} INFO - 2024-10-25 12:31:38,214 ERROR: Error during cleaning process: An error occurred while calling o68.save.
[2024-10-25T12:31:38.215+0000] {spark_submit.py:579} INFO - : org.apache.spark.SparkException: Job aborted due to stage failure: Task 0 in stage 0.0 failed 4 times, most recent failure: Lost task 0.3 in stage 0.0 (TID 4) (172.18.0.5 executor 0): org.apache.spark.SparkException: Parquet column cannot be converted in file s3a://lakehouse/bronze/credits.parquet. Column: [id], Expected: int, Found: INT64.
[2024-10-25T12:31:38.215+0000] {spark_submit.py:579} INFO - at org.apache.spark.sql.errors.QueryExecutionErrors$.unsupportedSchemaColumnConvertError(QueryExecutionErrors.scala:868)
[2024-10-25T12:31:38.216+0000] {spark_submit.py:579} INFO - at org.apache.spark.sql.execution.datasources.FileScanRDD$$anon$1.nextIterator(FileScanRDD.scala:301)
[2024-10-25T12:31:38.216+0000] {spark_submit.py:579} INFO - at org.apache.spark.sql.execution.datasources.FileScanRDD$$anon$1.hasNext(FileScanRDD.scala:125)
[2024-10-25T12:31:38.216+0000] {spark_submit.py:579} INFO - at org.apache.spark.sql.execution.FileSourceScanExec$$anon$1.hasNext(DataSourceScanExec.scala:594)
[2024-10-25T12:31:38.217+0000] {spark_submit.py:579} INFO - at org.apache.spark.sql.catalyst.expressions.GeneratedClass$GeneratedIteratorForCodegenStage1.columnartorow_nextBatch_0$(Unknown Source)
[2024-10-25T12:31:38.217+0000] {spark_submit.py:579} INFO - at org.apache.spark.sql.catalyst.expressions.GeneratedClass$GeneratedIteratorForCodegenStage1.hashAgg_doAggregateWithKeys_0$(Unknown Source)
[2024-10-25T12:31:38.217+0000] {spark_submit.py:579} INFO - at org.apache.spark.sql.catalyst.expressions.GeneratedClass$GeneratedIteratorForCodegenStage1.processNext(Unknown Source)
[2024-10-25T12:31:38.218+0000] {spark_submit.py:579} INFO - at org.apache.spark.sql.execution.BufferedRowIterator.hasNext(BufferedRowIterator.java:43)
[2024-10-25T12:31:38.218+0000] {spark_submit.py:579} INFO - at org.apache.spark.sql.execution.WholeStageCodegenExec$$anon$1.hasNext(WholeStageCodegenExec.scala:760)
[2024-10-25T12:31:38.219+0000] {spark_submit.py:579} INFO - at scala.collection.Iterator$$anon$10.hasNext(Iterator.scala:460)
[2024-10-25T12:31:38.219+0000] {spark_submit.py:579} INFO - at org.apache.spark.shuffle.sort.BypassMergeSortShuffleWriter.write(BypassMergeSortShuffleWriter.java:140)
[2024-10-25T12:31:38.219+0000] {spark_submit.py:579} INFO - at org.apache.spark.shuffle.ShuffleWriteProcessor.write(ShuffleWriteProcessor.scala:59)
[2024-10-25T12:31:38.220+0000] {spark_submit.py:579} INFO - at org.apache.spark.scheduler.ShuffleMapTask.runTask(ShuffleMapTask.scala:101)
[2024-10-25T12:31:38.220+0000] {spark_submit.py:579} INFO - at org.apache.spark.scheduler.ShuffleMapTask.runTask(ShuffleMapTask.scala:53)
[2024-10-25T12:31:38.220+0000] {spark_submit.py:579} INFO - at org.apache.spark.TaskContext.runTaskWithListeners(TaskContext.scala:161)
[2024-10-25T12:31:38.220+0000] {spark_submit.py:579} INFO - at org.apache.spark.scheduler.Task.run(Task.scala:139)
[2024-10-25T12:31:38.221+0000] {spark_submit.py:579} INFO - at org.apache.spark.executor.Executor$TaskRunner.$anonfun$run$3(Executor.scala:554)
[2024-10-25T12:31:38.221+0000] {spark_submit.py:579} INFO - at org.apache.spark.util.Utils$.tryWithSafeFinally(Utils.scala:1529)
[2024-10-25T12:31:38.221+0000] {spark_submit.py:579} INFO - at org.apache.spark.executor.Executor$TaskRunner.run(Executor.scala:557)
[2024-10-25T12:31:38.221+0000] {spark_submit.py:579} INFO - at java.base/java.util.concurrent.ThreadPoolExecutor.runWorker(ThreadPoolExecutor.java:1136)
[2024-10-25T12:31:38.222+0000] {spark_submit.py:579} INFO - at java.base/java.util.concurrent.ThreadPoolExecutor$Worker.run(ThreadPoolExecutor.java:635)
[2024-10-25T12:31:38.222+0000] {spark_submit.py:579} INFO - at java.base/java.lang.Thread.run(Thread.java:840)
[2024-10-25T12:31:38.222+0000] {spark_submit.py:579} INFO - Caused by: org.apache.spark.sql.execution.datasources.SchemaColumnConvertNotSupportedException: column: [id], physicalType: INT64, logicalType: int
[2024-10-25T12:31:38.222+0000] {spark_submit.py:579} INFO - at org.apache.spark.sql.execution.datasources.parquet.ParquetVectorUpdaterFactory.constructConvertNotSupportedException(ParquetVectorUpdaterFactory.java:1136)
[2024-10-25T12:31:38.223+0000] {spark_submit.py:579} INFO - at org.apache.spark.sql.execution.datasources.parquet.ParquetVectorUpdaterFactory.getUpdater(ParquetVectorUpdaterFactory.java:199)
[2024-10-25T12:31:38.223+0000] {spark_submit.py:579} INFO - at org.apache.spark.sql.execution.datasources.parquet.VectorizedColumnReader.readBatch(VectorizedColumnReader.java:175)
[2024-10-25T12:31:38.223+0000] {spark_submit.py:579} INFO - at org.apache.spark.sql.execution.datasources.parquet.VectorizedParquetRecordReader.nextBatch(VectorizedParquetRecordReader.java:328)
[2024-10-25T12:31:38.223+0000] {spark_submit.py:579} INFO - at org.apache.spark.sql.execution.datasources.parquet.VectorizedParquetRecordReader.nextKeyValue(VectorizedParquetRecordReader.java:219)
[2024-10-25T12:31:38.223+0000] {spark_submit.py:579} INFO - at org.apache.spark.sql.execution.datasources.RecordReaderIterator.hasNext(RecordReaderIterator.scala:39)
[2024-10-25T12:31:38.224+0000] {spark_submit.py:579} INFO - at org.apache.spark.sql.execution.datasources.FileScanRDD$$anon$1.hasNext(FileScanRDD.scala:125)
[2024-10-25T12:31:38.224+0000] {spark_submit.py:579} INFO - at org.apache.spark.sql.execution.datasources.FileScanRDD$$anon$1.nextIterator(FileScanRDD.scala:297)
[2024-10-25T12:31:38.224+0000] {spark_submit.py:579} INFO - ... 20 more
[2024-10-25T12:31:38.225+0000] {spark_submit.py:579} INFO - 
[2024-10-25T12:31:38.225+0000] {spark_submit.py:579} INFO - Driver stacktrace:
[2024-10-25T12:31:38.225+0000] {spark_submit.py:579} INFO - at org.apache.spark.scheduler.DAGScheduler.failJobAndIndependentStages(DAGScheduler.scala:2790)
[2024-10-25T12:31:38.226+0000] {spark_submit.py:579} INFO - at org.apache.spark.scheduler.DAGScheduler.$anonfun$abortStage$2(DAGScheduler.scala:2726)
[2024-10-25T12:31:38.226+0000] {spark_submit.py:579} INFO - at org.apache.spark.scheduler.DAGScheduler.$anonfun$abortStage$2$adapted(DAGScheduler.scala:2725)
[2024-10-25T12:31:38.226+0000] {spark_submit.py:579} INFO - at scala.collection.mutable.ResizableArray.foreach(ResizableArray.scala:62)
[2024-10-25T12:31:38.226+0000] {spark_submit.py:579} INFO - at scala.collection.mutable.ResizableArray.foreach$(ResizableArray.scala:55)
[2024-10-25T12:31:38.227+0000] {spark_submit.py:579} INFO - at scala.collection.mutable.ArrayBuffer.foreach(ArrayBuffer.scala:49)
[2024-10-25T12:31:38.227+0000] {spark_submit.py:579} INFO - at org.apache.spark.scheduler.DAGScheduler.abortStage(DAGScheduler.scala:2725)
[2024-10-25T12:31:38.227+0000] {spark_submit.py:579} INFO - at org.apache.spark.scheduler.DAGScheduler.$anonfun$handleTaskSetFailed$1(DAGScheduler.scala:1211)
[2024-10-25T12:31:38.227+0000] {spark_submit.py:579} INFO - at org.apache.spark.scheduler.DAGScheduler.$anonfun$handleTaskSetFailed$1$adapted(DAGScheduler.scala:1211)
[2024-10-25T12:31:38.227+0000] {spark_submit.py:579} INFO - at scala.Option.foreach(Option.scala:407)
[2024-10-25T12:31:38.228+0000] {spark_submit.py:579} INFO - at org.apache.spark.scheduler.DAGScheduler.handleTaskSetFailed(DAGScheduler.scala:1211)
[2024-10-25T12:31:38.228+0000] {spark_submit.py:579} INFO - at org.apache.spark.scheduler.DAGSchedulerEventProcessLoop.doOnReceive(DAGScheduler.scala:2989)
[2024-10-25T12:31:38.228+0000] {spark_submit.py:579} INFO - at org.apache.spark.scheduler.DAGSchedulerEventProcessLoop.onReceive(DAGScheduler.scala:2928)
[2024-10-25T12:31:38.228+0000] {spark_submit.py:579} INFO - at org.apache.spark.scheduler.DAGSchedulerEventProcessLoop.onReceive(DAGScheduler.scala:2917)
[2024-10-25T12:31:38.228+0000] {spark_submit.py:579} INFO - at org.apache.spark.util.EventLoop$$anon$1.run(EventLoop.scala:49)
[2024-10-25T12:31:38.229+0000] {spark_submit.py:579} INFO - Caused by: org.apache.spark.SparkException: Parquet column cannot be converted in file s3a://lakehouse/bronze/credits.parquet. Column: [id], Expected: int, Found: INT64.
[2024-10-25T12:31:38.229+0000] {spark_submit.py:579} INFO - at org.apache.spark.sql.errors.QueryExecutionErrors$.unsupportedSchemaColumnConvertError(QueryExecutionErrors.scala:868)
[2024-10-25T12:31:38.229+0000] {spark_submit.py:579} INFO - at org.apache.spark.sql.execution.datasources.FileScanRDD$$anon$1.nextIterator(FileScanRDD.scala:301)
[2024-10-25T12:31:38.229+0000] {spark_submit.py:579} INFO - at org.apache.spark.sql.execution.datasources.FileScanRDD$$anon$1.hasNext(FileScanRDD.scala:125)
[2024-10-25T12:31:38.229+0000] {spark_submit.py:579} INFO - at org.apache.spark.sql.execution.FileSourceScanExec$$anon$1.hasNext(DataSourceScanExec.scala:594)
[2024-10-25T12:31:38.230+0000] {spark_submit.py:579} INFO - at org.apache.spark.sql.catalyst.expressions.GeneratedClass$GeneratedIteratorForCodegenStage1.columnartorow_nextBatch_0$(Unknown Source)
[2024-10-25T12:31:38.230+0000] {spark_submit.py:579} INFO - at org.apache.spark.sql.catalyst.expressions.GeneratedClass$GeneratedIteratorForCodegenStage1.hashAgg_doAggregateWithKeys_0$(Unknown Source)
[2024-10-25T12:31:38.230+0000] {spark_submit.py:579} INFO - at org.apache.spark.sql.catalyst.expressions.GeneratedClass$GeneratedIteratorForCodegenStage1.processNext(Unknown Source)
[2024-10-25T12:31:38.230+0000] {spark_submit.py:579} INFO - at org.apache.spark.sql.execution.BufferedRowIterator.hasNext(BufferedRowIterator.java:43)
[2024-10-25T12:31:38.231+0000] {spark_submit.py:579} INFO - at org.apache.spark.sql.execution.WholeStageCodegenExec$$anon$1.hasNext(WholeStageCodegenExec.scala:760)
[2024-10-25T12:31:38.231+0000] {spark_submit.py:579} INFO - at scala.collection.Iterator$$anon$10.hasNext(Iterator.scala:460)
[2024-10-25T12:31:38.231+0000] {spark_submit.py:579} INFO - at org.apache.spark.shuffle.sort.BypassMergeSortShuffleWriter.write(BypassMergeSortShuffleWriter.java:140)
[2024-10-25T12:31:38.231+0000] {spark_submit.py:579} INFO - at org.apache.spark.shuffle.ShuffleWriteProcessor.write(ShuffleWriteProcessor.scala:59)
[2024-10-25T12:31:38.232+0000] {spark_submit.py:579} INFO - at org.apache.spark.scheduler.ShuffleMapTask.runTask(ShuffleMapTask.scala:101)
[2024-10-25T12:31:38.232+0000] {spark_submit.py:579} INFO - at org.apache.spark.scheduler.ShuffleMapTask.runTask(ShuffleMapTask.scala:53)
[2024-10-25T12:31:38.232+0000] {spark_submit.py:579} INFO - at org.apache.spark.TaskContext.runTaskWithListeners(TaskContext.scala:161)
[2024-10-25T12:31:38.233+0000] {spark_submit.py:579} INFO - at org.apache.spark.scheduler.Task.run(Task.scala:139)
[2024-10-25T12:31:38.233+0000] {spark_submit.py:579} INFO - at org.apache.spark.executor.Executor$TaskRunner.$anonfun$run$3(Executor.scala:554)
[2024-10-25T12:31:38.233+0000] {spark_submit.py:579} INFO - at org.apache.spark.util.Utils$.tryWithSafeFinally(Utils.scala:1529)
[2024-10-25T12:31:38.233+0000] {spark_submit.py:579} INFO - at org.apache.spark.executor.Executor$TaskRunner.run(Executor.scala:557)
[2024-10-25T12:31:38.233+0000] {spark_submit.py:579} INFO - at java.base/java.util.concurrent.ThreadPoolExecutor.runWorker(ThreadPoolExecutor.java:1136)
[2024-10-25T12:31:38.234+0000] {spark_submit.py:579} INFO - at java.base/java.util.concurrent.ThreadPoolExecutor$Worker.run(ThreadPoolExecutor.java:635)
[2024-10-25T12:31:38.234+0000] {spark_submit.py:579} INFO - at java.base/java.lang.Thread.run(Thread.java:840)
[2024-10-25T12:31:38.234+0000] {spark_submit.py:579} INFO - Caused by: org.apache.spark.sql.execution.datasources.SchemaColumnConvertNotSupportedException: column: [id], physicalType: INT64, logicalType: int
[2024-10-25T12:31:38.234+0000] {spark_submit.py:579} INFO - at org.apache.spark.sql.execution.datasources.parquet.ParquetVectorUpdaterFactory.constructConvertNotSupportedException(ParquetVectorUpdaterFactory.java:1136)
[2024-10-25T12:31:38.235+0000] {spark_submit.py:579} INFO - at org.apache.spark.sql.execution.datasources.parquet.ParquetVectorUpdaterFactory.getUpdater(ParquetVectorUpdaterFactory.java:199)
[2024-10-25T12:31:38.235+0000] {spark_submit.py:579} INFO - at org.apache.spark.sql.execution.datasources.parquet.VectorizedColumnReader.readBatch(VectorizedColumnReader.java:175)
[2024-10-25T12:31:38.235+0000] {spark_submit.py:579} INFO - at org.apache.spark.sql.execution.datasources.parquet.VectorizedParquetRecordReader.nextBatch(VectorizedParquetRecordReader.java:328)
[2024-10-25T12:31:38.235+0000] {spark_submit.py:579} INFO - at org.apache.spark.sql.execution.datasources.parquet.VectorizedParquetRecordReader.nextKeyValue(VectorizedParquetRecordReader.java:219)
[2024-10-25T12:31:38.235+0000] {spark_submit.py:579} INFO - at org.apache.spark.sql.execution.datasources.RecordReaderIterator.hasNext(RecordReaderIterator.scala:39)
[2024-10-25T12:31:38.236+0000] {spark_submit.py:579} INFO - at org.apache.spark.sql.execution.datasources.FileScanRDD$$anon$1.hasNext(FileScanRDD.scala:125)
[2024-10-25T12:31:38.236+0000] {spark_submit.py:579} INFO - at org.apache.spark.sql.execution.datasources.FileScanRDD$$anon$1.nextIterator(FileScanRDD.scala:297)
[2024-10-25T12:31:38.236+0000] {spark_submit.py:579} INFO - ... 20 more
[2024-10-25T12:31:38.236+0000] {spark_submit.py:579} INFO - 
[2024-10-25T12:31:38.265+0000] {spark_submit.py:579} INFO - 2024-10-25 12:31:38,264 ERROR: Traceback (most recent call last):
[2024-10-25T12:31:38.265+0000] {spark_submit.py:579} INFO - File "/opt/***/jobs/python/test_Credit.py", line 144, in clean_credits
[2024-10-25T12:31:38.266+0000] {spark_submit.py:579} INFO - df_cleaned.write.format("delta").mode("overwrite").option('overwriteSchema', 'true').save(output_path)
[2024-10-25T12:31:38.267+0000] {spark_submit.py:579} INFO - File "/home/***/.local/lib/python3.11/site-packages/pyspark/python/lib/pyspark.zip/pyspark/sql/readwriter.py", line 1398, in save
[2024-10-25T12:31:38.267+0000] {spark_submit.py:579} INFO - self._jwrite.save(path)
[2024-10-25T12:31:38.268+0000] {spark_submit.py:579} INFO - File "/home/***/.local/lib/python3.11/site-packages/pyspark/python/lib/py4j-0.10.9.7-src.zip/py4j/java_gateway.py", line 1322, in __call__
[2024-10-25T12:31:38.268+0000] {spark_submit.py:579} INFO - return_value = get_return_value(
[2024-10-25T12:31:38.269+0000] {spark_submit.py:579} INFO - ^^^^^^^^^^^^^^^^^
[2024-10-25T12:31:38.269+0000] {spark_submit.py:579} INFO - File "/home/***/.local/lib/python3.11/site-packages/pyspark/python/lib/pyspark.zip/pyspark/errors/exceptions/captured.py", line 169, in deco
[2024-10-25T12:31:38.269+0000] {spark_submit.py:579} INFO - return f(*a, **kw)
[2024-10-25T12:31:38.270+0000] {spark_submit.py:579} INFO - ^^^^^^^^^^^
[2024-10-25T12:31:38.270+0000] {spark_submit.py:579} INFO - File "/home/***/.local/lib/python3.11/site-packages/pyspark/python/lib/py4j-0.10.9.7-src.zip/py4j/protocol.py", line 326, in get_return_value
[2024-10-25T12:31:38.270+0000] {spark_submit.py:579} INFO - raise Py4JJavaError(
[2024-10-25T12:31:38.271+0000] {spark_submit.py:579} INFO - py4j.protocol.Py4JJavaError: An error occurred while calling o68.save.
[2024-10-25T12:31:38.271+0000] {spark_submit.py:579} INFO - : org.apache.spark.SparkException: Job aborted due to stage failure: Task 0 in stage 0.0 failed 4 times, most recent failure: Lost task 0.3 in stage 0.0 (TID 4) (172.18.0.5 executor 0): org.apache.spark.SparkException: Parquet column cannot be converted in file s3a://lakehouse/bronze/credits.parquet. Column: [id], Expected: int, Found: INT64.
[2024-10-25T12:31:38.271+0000] {spark_submit.py:579} INFO - at org.apache.spark.sql.errors.QueryExecutionErrors$.unsupportedSchemaColumnConvertError(QueryExecutionErrors.scala:868)
[2024-10-25T12:31:38.272+0000] {spark_submit.py:579} INFO - at org.apache.spark.sql.execution.datasources.FileScanRDD$$anon$1.nextIterator(FileScanRDD.scala:301)
[2024-10-25T12:31:38.272+0000] {spark_submit.py:579} INFO - at org.apache.spark.sql.execution.datasources.FileScanRDD$$anon$1.hasNext(FileScanRDD.scala:125)
[2024-10-25T12:31:38.272+0000] {spark_submit.py:579} INFO - at org.apache.spark.sql.execution.FileSourceScanExec$$anon$1.hasNext(DataSourceScanExec.scala:594)
[2024-10-25T12:31:38.273+0000] {spark_submit.py:579} INFO - at org.apache.spark.sql.catalyst.expressions.GeneratedClass$GeneratedIteratorForCodegenStage1.columnartorow_nextBatch_0$(Unknown Source)
[2024-10-25T12:31:38.273+0000] {spark_submit.py:579} INFO - at org.apache.spark.sql.catalyst.expressions.GeneratedClass$GeneratedIteratorForCodegenStage1.hashAgg_doAggregateWithKeys_0$(Unknown Source)
[2024-10-25T12:31:38.274+0000] {spark_submit.py:579} INFO - at org.apache.spark.sql.catalyst.expressions.GeneratedClass$GeneratedIteratorForCodegenStage1.processNext(Unknown Source)
[2024-10-25T12:31:38.274+0000] {spark_submit.py:579} INFO - at org.apache.spark.sql.execution.BufferedRowIterator.hasNext(BufferedRowIterator.java:43)
[2024-10-25T12:31:38.275+0000] {spark_submit.py:579} INFO - at org.apache.spark.sql.execution.WholeStageCodegenExec$$anon$1.hasNext(WholeStageCodegenExec.scala:760)
[2024-10-25T12:31:38.275+0000] {spark_submit.py:579} INFO - at scala.collection.Iterator$$anon$10.hasNext(Iterator.scala:460)
[2024-10-25T12:31:38.275+0000] {spark_submit.py:579} INFO - at org.apache.spark.shuffle.sort.BypassMergeSortShuffleWriter.write(BypassMergeSortShuffleWriter.java:140)
[2024-10-25T12:31:38.275+0000] {spark_submit.py:579} INFO - at org.apache.spark.shuffle.ShuffleWriteProcessor.write(ShuffleWriteProcessor.scala:59)
[2024-10-25T12:31:38.276+0000] {spark_submit.py:579} INFO - at org.apache.spark.scheduler.ShuffleMapTask.runTask(ShuffleMapTask.scala:101)
[2024-10-25T12:31:38.276+0000] {spark_submit.py:579} INFO - at org.apache.spark.scheduler.ShuffleMapTask.runTask(ShuffleMapTask.scala:53)
[2024-10-25T12:31:38.276+0000] {spark_submit.py:579} INFO - at org.apache.spark.TaskContext.runTaskWithListeners(TaskContext.scala:161)
[2024-10-25T12:31:38.277+0000] {spark_submit.py:579} INFO - at org.apache.spark.scheduler.Task.run(Task.scala:139)
[2024-10-25T12:31:38.277+0000] {spark_submit.py:579} INFO - at org.apache.spark.executor.Executor$TaskRunner.$anonfun$run$3(Executor.scala:554)
[2024-10-25T12:31:38.277+0000] {spark_submit.py:579} INFO - at org.apache.spark.util.Utils$.tryWithSafeFinally(Utils.scala:1529)
[2024-10-25T12:31:38.277+0000] {spark_submit.py:579} INFO - at org.apache.spark.executor.Executor$TaskRunner.run(Executor.scala:557)
[2024-10-25T12:31:38.277+0000] {spark_submit.py:579} INFO - at java.base/java.util.concurrent.ThreadPoolExecutor.runWorker(ThreadPoolExecutor.java:1136)
[2024-10-25T12:31:38.278+0000] {spark_submit.py:579} INFO - at java.base/java.util.concurrent.ThreadPoolExecutor$Worker.run(ThreadPoolExecutor.java:635)
[2024-10-25T12:31:38.278+0000] {spark_submit.py:579} INFO - at java.base/java.lang.Thread.run(Thread.java:840)
[2024-10-25T12:31:38.279+0000] {spark_submit.py:579} INFO - Caused by: org.apache.spark.sql.execution.datasources.SchemaColumnConvertNotSupportedException: column: [id], physicalType: INT64, logicalType: int
[2024-10-25T12:31:38.279+0000] {spark_submit.py:579} INFO - at org.apache.spark.sql.execution.datasources.parquet.ParquetVectorUpdaterFactory.constructConvertNotSupportedException(ParquetVectorUpdaterFactory.java:1136)
[2024-10-25T12:31:38.280+0000] {spark_submit.py:579} INFO - at org.apache.spark.sql.execution.datasources.parquet.ParquetVectorUpdaterFactory.getUpdater(ParquetVectorUpdaterFactory.java:199)
[2024-10-25T12:31:38.280+0000] {spark_submit.py:579} INFO - at org.apache.spark.sql.execution.datasources.parquet.VectorizedColumnReader.readBatch(VectorizedColumnReader.java:175)
[2024-10-25T12:31:38.281+0000] {spark_submit.py:579} INFO - at org.apache.spark.sql.execution.datasources.parquet.VectorizedParquetRecordReader.nextBatch(VectorizedParquetRecordReader.java:328)
[2024-10-25T12:31:38.281+0000] {spark_submit.py:579} INFO - at org.apache.spark.sql.execution.datasources.parquet.VectorizedParquetRecordReader.nextKeyValue(VectorizedParquetRecordReader.java:219)
[2024-10-25T12:31:38.282+0000] {spark_submit.py:579} INFO - at org.apache.spark.sql.execution.datasources.RecordReaderIterator.hasNext(RecordReaderIterator.scala:39)
[2024-10-25T12:31:38.282+0000] {spark_submit.py:579} INFO - at org.apache.spark.sql.execution.datasources.FileScanRDD$$anon$1.hasNext(FileScanRDD.scala:125)
[2024-10-25T12:31:38.282+0000] {spark_submit.py:579} INFO - at org.apache.spark.sql.execution.datasources.FileScanRDD$$anon$1.nextIterator(FileScanRDD.scala:297)
[2024-10-25T12:31:38.283+0000] {spark_submit.py:579} INFO - ... 20 more
[2024-10-25T12:31:38.283+0000] {spark_submit.py:579} INFO - 
[2024-10-25T12:31:38.283+0000] {spark_submit.py:579} INFO - Driver stacktrace:
[2024-10-25T12:31:38.284+0000] {spark_submit.py:579} INFO - at org.apache.spark.scheduler.DAGScheduler.failJobAndIndependentStages(DAGScheduler.scala:2790)
[2024-10-25T12:31:38.284+0000] {spark_submit.py:579} INFO - at org.apache.spark.scheduler.DAGScheduler.$anonfun$abortStage$2(DAGScheduler.scala:2726)
[2024-10-25T12:31:38.285+0000] {spark_submit.py:579} INFO - at org.apache.spark.scheduler.DAGScheduler.$anonfun$abortStage$2$adapted(DAGScheduler.scala:2725)
[2024-10-25T12:31:38.285+0000] {spark_submit.py:579} INFO - at scala.collection.mutable.ResizableArray.foreach(ResizableArray.scala:62)
[2024-10-25T12:31:38.285+0000] {spark_submit.py:579} INFO - at scala.collection.mutable.ResizableArray.foreach$(ResizableArray.scala:55)
[2024-10-25T12:31:38.286+0000] {spark_submit.py:579} INFO - at scala.collection.mutable.ArrayBuffer.foreach(ArrayBuffer.scala:49)
[2024-10-25T12:31:38.286+0000] {spark_submit.py:579} INFO - at org.apache.spark.scheduler.DAGScheduler.abortStage(DAGScheduler.scala:2725)
[2024-10-25T12:31:38.286+0000] {spark_submit.py:579} INFO - at org.apache.spark.scheduler.DAGScheduler.$anonfun$handleTaskSetFailed$1(DAGScheduler.scala:1211)
[2024-10-25T12:31:38.286+0000] {spark_submit.py:579} INFO - at org.apache.spark.scheduler.DAGScheduler.$anonfun$handleTaskSetFailed$1$adapted(DAGScheduler.scala:1211)
[2024-10-25T12:31:38.287+0000] {spark_submit.py:579} INFO - at scala.Option.foreach(Option.scala:407)
[2024-10-25T12:31:38.288+0000] {spark_submit.py:579} INFO - at org.apache.spark.scheduler.DAGScheduler.handleTaskSetFailed(DAGScheduler.scala:1211)
[2024-10-25T12:31:38.288+0000] {spark_submit.py:579} INFO - at org.apache.spark.scheduler.DAGSchedulerEventProcessLoop.doOnReceive(DAGScheduler.scala:2989)
[2024-10-25T12:31:38.288+0000] {spark_submit.py:579} INFO - at org.apache.spark.scheduler.DAGSchedulerEventProcessLoop.onReceive(DAGScheduler.scala:2928)
[2024-10-25T12:31:38.288+0000] {spark_submit.py:579} INFO - at org.apache.spark.scheduler.DAGSchedulerEventProcessLoop.onReceive(DAGScheduler.scala:2917)
[2024-10-25T12:31:38.289+0000] {spark_submit.py:579} INFO - at org.apache.spark.util.EventLoop$$anon$1.run(EventLoop.scala:49)
[2024-10-25T12:31:38.289+0000] {spark_submit.py:579} INFO - Caused by: org.apache.spark.SparkException: Parquet column cannot be converted in file s3a://lakehouse/bronze/credits.parquet. Column: [id], Expected: int, Found: INT64.
[2024-10-25T12:31:38.289+0000] {spark_submit.py:579} INFO - at org.apache.spark.sql.errors.QueryExecutionErrors$.unsupportedSchemaColumnConvertError(QueryExecutionErrors.scala:868)
[2024-10-25T12:31:38.290+0000] {spark_submit.py:579} INFO - at org.apache.spark.sql.execution.datasources.FileScanRDD$$anon$1.nextIterator(FileScanRDD.scala:301)
[2024-10-25T12:31:38.290+0000] {spark_submit.py:579} INFO - at org.apache.spark.sql.execution.datasources.FileScanRDD$$anon$1.hasNext(FileScanRDD.scala:125)
[2024-10-25T12:31:38.291+0000] {spark_submit.py:579} INFO - at org.apache.spark.sql.execution.FileSourceScanExec$$anon$1.hasNext(DataSourceScanExec.scala:594)
[2024-10-25T12:31:38.291+0000] {spark_submit.py:579} INFO - at org.apache.spark.sql.catalyst.expressions.GeneratedClass$GeneratedIteratorForCodegenStage1.columnartorow_nextBatch_0$(Unknown Source)
[2024-10-25T12:31:38.292+0000] {spark_submit.py:579} INFO - at org.apache.spark.sql.catalyst.expressions.GeneratedClass$GeneratedIteratorForCodegenStage1.hashAgg_doAggregateWithKeys_0$(Unknown Source)
[2024-10-25T12:31:38.292+0000] {spark_submit.py:579} INFO - at org.apache.spark.sql.catalyst.expressions.GeneratedClass$GeneratedIteratorForCodegenStage1.processNext(Unknown Source)
[2024-10-25T12:31:38.293+0000] {spark_submit.py:579} INFO - at org.apache.spark.sql.execution.BufferedRowIterator.hasNext(BufferedRowIterator.java:43)
[2024-10-25T12:31:38.293+0000] {spark_submit.py:579} INFO - at org.apache.spark.sql.execution.WholeStageCodegenExec$$anon$1.hasNext(WholeStageCodegenExec.scala:760)
[2024-10-25T12:31:38.294+0000] {spark_submit.py:579} INFO - at scala.collection.Iterator$$anon$10.hasNext(Iterator.scala:460)
[2024-10-25T12:31:38.295+0000] {spark_submit.py:579} INFO - at org.apache.spark.shuffle.sort.BypassMergeSortShuffleWriter.write(BypassMergeSortShuffleWriter.java:140)
[2024-10-25T12:31:38.295+0000] {spark_submit.py:579} INFO - at org.apache.spark.shuffle.ShuffleWriteProcessor.write(ShuffleWriteProcessor.scala:59)
[2024-10-25T12:31:38.296+0000] {spark_submit.py:579} INFO - at org.apache.spark.scheduler.ShuffleMapTask.runTask(ShuffleMapTask.scala:101)
[2024-10-25T12:31:38.296+0000] {spark_submit.py:579} INFO - at org.apache.spark.scheduler.ShuffleMapTask.runTask(ShuffleMapTask.scala:53)
[2024-10-25T12:31:38.297+0000] {spark_submit.py:579} INFO - at org.apache.spark.TaskContext.runTaskWithListeners(TaskContext.scala:161)
[2024-10-25T12:31:38.297+0000] {spark_submit.py:579} INFO - at org.apache.spark.scheduler.Task.run(Task.scala:139)
[2024-10-25T12:31:38.298+0000] {spark_submit.py:579} INFO - at org.apache.spark.executor.Executor$TaskRunner.$anonfun$run$3(Executor.scala:554)
[2024-10-25T12:31:38.299+0000] {spark_submit.py:579} INFO - at org.apache.spark.util.Utils$.tryWithSafeFinally(Utils.scala:1529)
[2024-10-25T12:31:38.299+0000] {spark_submit.py:579} INFO - at org.apache.spark.executor.Executor$TaskRunner.run(Executor.scala:557)
[2024-10-25T12:31:38.300+0000] {spark_submit.py:579} INFO - at java.base/java.util.concurrent.ThreadPoolExecutor.runWorker(ThreadPoolExecutor.java:1136)
[2024-10-25T12:31:38.301+0000] {spark_submit.py:579} INFO - at java.base/java.util.concurrent.ThreadPoolExecutor$Worker.run(ThreadPoolExecutor.java:635)
[2024-10-25T12:31:38.301+0000] {spark_submit.py:579} INFO - at java.base/java.lang.Thread.run(Thread.java:840)
[2024-10-25T12:31:38.302+0000] {spark_submit.py:579} INFO - Caused by: org.apache.spark.sql.execution.datasources.SchemaColumnConvertNotSupportedException: column: [id], physicalType: INT64, logicalType: int
[2024-10-25T12:31:38.303+0000] {spark_submit.py:579} INFO - at org.apache.spark.sql.execution.datasources.parquet.ParquetVectorUpdaterFactory.constructConvertNotSupportedException(ParquetVectorUpdaterFactory.java:1136)
[2024-10-25T12:31:38.304+0000] {spark_submit.py:579} INFO - at org.apache.spark.sql.execution.datasources.parquet.ParquetVectorUpdaterFactory.getUpdater(ParquetVectorUpdaterFactory.java:199)
[2024-10-25T12:31:38.304+0000] {spark_submit.py:579} INFO - at org.apache.spark.sql.execution.datasources.parquet.VectorizedColumnReader.readBatch(VectorizedColumnReader.java:175)
[2024-10-25T12:31:38.305+0000] {spark_submit.py:579} INFO - at org.apache.spark.sql.execution.datasources.parquet.VectorizedParquetRecordReader.nextBatch(VectorizedParquetRecordReader.java:328)
[2024-10-25T12:31:38.306+0000] {spark_submit.py:579} INFO - at org.apache.spark.sql.execution.datasources.parquet.VectorizedParquetRecordReader.nextKeyValue(VectorizedParquetRecordReader.java:219)
[2024-10-25T12:31:38.307+0000] {spark_submit.py:579} INFO - at org.apache.spark.sql.execution.datasources.RecordReaderIterator.hasNext(RecordReaderIterator.scala:39)
[2024-10-25T12:31:38.308+0000] {spark_submit.py:579} INFO - at org.apache.spark.sql.execution.datasources.FileScanRDD$$anon$1.hasNext(FileScanRDD.scala:125)
[2024-10-25T12:31:38.309+0000] {spark_submit.py:579} INFO - at org.apache.spark.sql.execution.datasources.FileScanRDD$$anon$1.nextIterator(FileScanRDD.scala:297)
[2024-10-25T12:31:38.310+0000] {spark_submit.py:579} INFO - ... 20 more
[2024-10-25T12:31:38.311+0000] {spark_submit.py:579} INFO - 
[2024-10-25T12:31:38.312+0000] {spark_submit.py:579} INFO - 
[2024-10-25T12:31:38.312+0000] {spark_submit.py:579} INFO - 24/10/25 12:31:38 INFO SparkContext: SparkContext is stopping with exitCode 0.
[2024-10-25T12:31:38.313+0000] {spark_submit.py:579} INFO - 24/10/25 12:31:38 INFO SparkUI: Stopped Spark web UI at http://84076e7a47fe:4040
[2024-10-25T12:31:38.314+0000] {spark_submit.py:579} INFO - 24/10/25 12:31:38 INFO StandaloneSchedulerBackend: Shutting down all executors
[2024-10-25T12:31:38.314+0000] {spark_submit.py:579} INFO - 24/10/25 12:31:38 INFO StandaloneSchedulerBackend$StandaloneDriverEndpoint: Asking each executor to shut down
[2024-10-25T12:31:38.321+0000] {spark_submit.py:579} INFO - 24/10/25 12:31:38 INFO MapOutputTrackerMasterEndpoint: MapOutputTrackerMasterEndpoint stopped!
[2024-10-25T12:31:38.339+0000] {spark_submit.py:579} INFO - 24/10/25 12:31:38 INFO MemoryStore: MemoryStore cleared
[2024-10-25T12:31:38.340+0000] {spark_submit.py:579} INFO - 24/10/25 12:31:38 INFO BlockManager: BlockManager stopped
[2024-10-25T12:31:38.346+0000] {spark_submit.py:579} INFO - 24/10/25 12:31:38 INFO BlockManagerMaster: BlockManagerMaster stopped
[2024-10-25T12:31:38.353+0000] {spark_submit.py:579} INFO - 24/10/25 12:31:38 INFO OutputCommitCoordinator$OutputCommitCoordinatorEndpoint: OutputCommitCoordinator stopped!
[2024-10-25T12:31:38.403+0000] {spark_submit.py:579} INFO - 24/10/25 12:31:38 INFO SparkContext: Successfully stopped SparkContext
[2024-10-25T12:31:38.488+0000] {spark_submit.py:579} INFO - 2024-10-25 12:31:38,488 INFO: Closing down clientserver connection
[2024-10-25T12:31:38.575+0000] {spark_submit.py:579} INFO - 24/10/25 12:31:38 INFO ShutdownHookManager: Shutdown hook called
[2024-10-25T12:31:38.576+0000] {spark_submit.py:579} INFO - 24/10/25 12:31:38 INFO ShutdownHookManager: Deleting directory /tmp/spark-976f5e9c-fcdd-44f0-929d-f276551ac1f1
[2024-10-25T12:31:38.583+0000] {spark_submit.py:579} INFO - 24/10/25 12:31:38 INFO ShutdownHookManager: Deleting directory /tmp/spark-ac0506c1-d9af-4e1b-8c96-4f18383a5390
[2024-10-25T12:31:38.589+0000] {spark_submit.py:579} INFO - 24/10/25 12:31:38 INFO ShutdownHookManager: Deleting directory /tmp/spark-ac0506c1-d9af-4e1b-8c96-4f18383a5390/pyspark-52d06b39-16f4-4d9b-ac8f-290cc593a3f5
[2024-10-25T12:31:38.597+0000] {spark_submit.py:579} INFO - 24/10/25 12:31:38 INFO MetricsSystemImpl: Stopping s3a-file-system metrics system...
[2024-10-25T12:31:38.598+0000] {spark_submit.py:579} INFO - 24/10/25 12:31:38 INFO MetricsSystemImpl: s3a-file-system metrics system stopped.
[2024-10-25T12:31:38.598+0000] {spark_submit.py:579} INFO - 24/10/25 12:31:38 INFO MetricsSystemImpl: s3a-file-system metrics system shutdown complete.
[2024-10-25T12:31:38.672+0000] {taskinstance.py:1935} ERROR - Task failed with exception
Traceback (most recent call last):
  File "/home/airflow/.local/lib/python3.11/site-packages/airflow/providers/apache/spark/operators/spark_submit.py", line 174, in execute
    self._hook.submit(self.application)
  File "/home/airflow/.local/lib/python3.11/site-packages/airflow/providers/apache/spark/hooks/spark_submit.py", line 505, in submit
    raise AirflowException(
airflow.exceptions.AirflowException: Cannot execute: spark-submit --master spark://spark-master:7077 --conf spark.sql.extensions=io.delta.sql.DeltaSparkSessionExtension --conf spark.sql.catalog.spark_catalog=org.apache.spark.sql.delta.catalog.DeltaCatalog --jars /opt/***/jars/hadoop-aws-3.3.4.jar,/opt/***/jars/s3-2.18.41.jar,/opt/***/jars/aws-java-sdk-1.12.367.jar,/opt/***/jars/delta-core_2.12-2.4.0.jar,/opt/***/jars/delta-storage-2.2.0.jar, --packages org.apache.hadoop:hadoop-aws:3.3.4 --num-executors 2 --total-executor-cores 2 --executor-cores 2 --executor-memory 2g --driver-memory 1g --name arrow-spark --deploy-mode client /opt/***/jobs/python/test_Credit.py s3a://lakehouse/bronze/credits.parquet s3a://lakehouse/sliver/credit. Error code is: 1.
[2024-10-25T12:31:38.676+0000] {taskinstance.py:1398} INFO - Marking task as FAILED. dag_id=task_credits_clean, task_id=credits_cleaned, execution_date=20241025T122552, start_date=20241025T123115, end_date=20241025T123138
[2024-10-25T12:31:38.678+0000] {credits_test.py:15} ERROR - Task task_credits_clean__credits_cleaned__20241025 failed.
[2024-10-25T12:31:38.696+0000] {standard_task_runner.py:104} ERROR - Failed to execute job 160 for task credits_cleaned (Cannot execute: spark-submit --master spark://spark-master:7077 --conf spark.sql.extensions=io.delta.sql.DeltaSparkSessionExtension --conf spark.sql.catalog.spark_catalog=org.apache.spark.sql.delta.catalog.DeltaCatalog --jars /opt/***/jars/hadoop-aws-3.3.4.jar,/opt/***/jars/s3-2.18.41.jar,/opt/***/jars/aws-java-sdk-1.12.367.jar,/opt/***/jars/delta-core_2.12-2.4.0.jar,/opt/***/jars/delta-storage-2.2.0.jar, --packages org.apache.hadoop:hadoop-aws:3.3.4 --num-executors 2 --total-executor-cores 2 --executor-cores 2 --executor-memory 2g --driver-memory 1g --name arrow-spark --deploy-mode client /opt/***/jobs/python/test_Credit.py s3a://lakehouse/bronze/credits.parquet s3a://lakehouse/sliver/credit. Error code is: 1.; 5513)
[2024-10-25T12:31:38.743+0000] {local_task_job_runner.py:228} INFO - Task exited with return code 1
[2024-10-25T12:31:38.762+0000] {taskinstance.py:2776} INFO - 0 downstream tasks scheduled from follow-on schedule check
